"pcp-dstat 5.3.6 CSV Output"
"Author:","PCP team <pcp@groups.io> and Dag Wieers <dag@wieers.com>",,,,"URL:","https://pcp.io/ and http://dag.wieers.com/home-made/dstat/"
"Host:","jammy-provider-cloud-0000007324",,,,"User:","ubuntu"
"Cmdline:","dstat -tcmndrylpg --tcp --output /tmp/devstack_logs/dstat-csv.log",,,,"Date:","10 Jul 2024 13:42:57 UTC"
"system","total usage",,,,,"memory usage",,,,"net/total",,"dsk/total",,"io/total",,"system",,"load avg",,,"procs",,,"paging",,"tcp sockets",,,,
"time","total usage:usr","total usage:sys","total usage:idl","total usage:wai","total usage:stl","used","free","buf","cach","net/total:recv","net/total:send","dsk/total:read","dsk/total:writ","read","writ","int","csw","1m","5m","15m","run","blk","new","in","out","lis","act","syn","tim","clo"
10-07 13:42:57,,1043368,1951820,160912,4664228,,,,,,,1.310,0.890,0.480,3,0,,,,9,8,0,17,0
10-07 13:42:58,43.753,20.001,34.752,0.750,0,1042464,1948956,161040,4667416,998014.877,22098.370,0,4132.256,0,125.008,4513,7472,1.310,0.890,0.480,3,0,665.041,0,0,9,6,0,17,0
10-07 13:42:59,41.672,19.713,37.680,0.998,0,1003972,1968280,161192,4685744,4866766.147,51781.169,0,7418.128,0,121.772,6262,10768,1.370,0.910,0.490,2,0,327.388,0,0,9,5,0,17,1
10-07 13:43:00,22.228,14.985,60.939,0.749,0,1162540,1797280,161200,4822708,4892.142,1750.262,11764.318,103.897,132.868,18.981,3823,6595,1.370,0.910,0.490,2,0,113.887,0,0,10,4,0,17,2
10-07 13:43:01,30.084,18.301,50.892,0,0,1164780,1794820,161200,4822820,4909.747,1624.549,80.225,176.494,1.003,31.087,2614,3708,1.370,0.910,0.490,2,0,307.862,0,0,10,6,0,17,2
10-07 13:43:02,41.250,8.250,49.750,1.000,0,1193752,1744744,161672,4841020,5071.949,1713.983,1163.988,5847.942,14.000,93.999,1891,2857,1.370,0.910,0.490,2,0,75.999,0,0,10,6,0,19,2
10-07 13:43:03,41.500,5.500,48.500,3.500,0,1261236,1650528,162944,4863616,5260.968,1713.990,0,9971.940,0,535.997,3005,6035,1.370,0.910,0.490,1,1,10.000,0,0,10,8,0,19,2
10-07 13:43:04,34.948,7.489,44.434,13.979,0,1255376,1617048,164900,4897620,9445.040,2737.953,0,62307.909,0,4249.719,14355,33154,1.420,0.930,0.500,3,1,61.908,0,0,10,9,0,19,2
10-07 13:43:05,39.527,8.005,51.535,0.751,0,1160724,1726604,165004,4882892,6806.669,3329.284,0,8970.154,0,514.353,2649,4686,1.420,0.930,0.500,3,0,81.056,0,0,10,4,0,19,0
10-07 13:43:06,45.737,6.748,46.736,0,0,1207384,1679060,165004,4883760,5857.284,1619.525,0,83.975,0,1.000,9194,18080,1.420,0.930,0.500,3,0,12.996,0,0,10,4,0,19,0
10-07 13:43:07,45.293,7.217,45.542,0.249,0,1153364,1732988,165016,4883808,4724.409,1451.367,0,8855.530,0,209.045,9478,19100,1.420,0.930,0.500,3,0,22.895,0,0,10,4,0,19,0
10-07 13:43:08,45.756,5.782,49.024,0,0,1106128,1780148,165016,4883820,5447.451,1629.107,0,229.282,0,11.062,1417,1581,1.420,0.930,0.500,2,0,51.287,0,0,10,4,0,19,0
10-07 13:43:09,14.242,19.240,64.965,0,0,1087004,1799256,165016,4883836,41721.596,1755.058,0,35.981,0,8.995,3434,5634,1.390,0.930,0.500,1,0,543.708,0,0,10,4,0,19,0
10-07 13:43:10,16.442,15.695,66.515,0,0,1088012,1797772,165016,4884304,4454.268,1614.298,0,35.873,0,6.975,5262,9160,1.390,0.930,0.500,4,0,254.103,0,0,10,4,0,19,0
10-07 13:43:11,46.495,7.749,45.245,0,0,1217456,1668284,165016,4884744,5694.379,1619.823,0,3075.665,0,218.976,2125,2815,1.390,0.930,0.500,3,0,129.986,0,0,10,5,0,19,0
10-07 13:43:12,47.496,3.000,48.996,0,0,1268484,1616400,165016,4885596,10149.239,1619.879,0,727.945,0,75.994,1334,1397,1.390,0.930,0.500,4,0,0,0,0,10,5,0,19,0
10-07 13:43:13,19.289,7.265,72.395,0,0,1286676,1596176,165028,4887368,8618.306,1665.344,0,416.837,0,52.105,1725,6021,1.390,0.930,0.500,1,0,118.237,0,0,10,4,0,19,0
10-07 13:43:14,0.249,0.748,97.758,0,0,1286676,1596176,165028,4887368,7917.436,1508.273,0,1073.348,0,10.973,704,1224,1.280,0.910,0.500,1,0,1.995,0,0,10,4,0,19,0
10-07 13:43:15,13.747,2.999,82.981,0.250,0,1318908,1563936,165040,4887368,5506.722,1565.637,0,795.815,0,28.993,1248,1564,1.280,0.910,0.500,2,0,22.995,0,0,10,4,0,19,0
10-07 13:43:16,23.561,3.008,73.941,0,0,1373212,1509504,165040,4887556,9983.738,1624.187,0,0,0,0,916,1071,1.280,0.910,0.500,1,0,0,0,0,10,4,0,15,0
10-07 13:43:17,21.960,5.490,70.373,1.497,0,1282408,1600156,165092,4887588,6259.676,1710.905,0,14825.181,0,365.339,3258,5930,1.280,0.910,0.500,2,0,42.922,0,0,10,4,0,17,0
10-07 13:43:18,22.547,3.257,73.653,0,0,1334844,1547400,165092,4887836,6242.935,1623.364,0,921.910,0,7.015,1072,1887,1.280,0.910,0.500,1,0,1.002,0,0,10,16,0,16,0
10-07 13:43:19,21.045,5.261,72.904,0.752,0,1324216,1557664,165092,4888088,7895.715,1623.437,232.492,1402.970,58.123,15.032,1567,2431,1.250,0.910,0.500,2,0,45.095,0,0,10,28,0,17,0
10-07 13:43:20,21.476,7.991,69.171,0,0,1310000,1571880,165092,4888088,6242.896,1618.159,0,11.986,0,2.997,1869,2928,1.250,0.910,0.500,3,0,155.823,0,0,10,28,0,17,0
10-07 13:43:21,46.965,4.247,48.963,0,0,1417032,1464808,165092,4888124,5356.982,1618.786,0,87.934,0,5.996,2220,3756,1.250,0.910,0.500,3,0,0,0,0,10,29,0,18,0
10-07 13:43:22,58.861,18.285,22.543,0,0,1445724,1435512,165092,4888532,4932.312,1460.758,0,24478.215,0,123.233,4755,10434,1.250,0.910,0.500,7,0,426.806,0,0,10,28,0,21,0
10-07 13:43:23,82.752,14.500,2.250,0.250,0.250,1625696,1255456,165100,4888796,9027.271,1620.049,0,14280.428,0,54.002,5052,11618,1.250,0.910,0.500,6,0,152.005,0,0,10,32,0,21,0
10-07 13:43:24,62.380,10.480,26.948,0,0,1437380,1443576,165124,4888964,4284.769,1616.894,0,327.371,0,38.925,3720,8218,1.390,0.950,0.520,3,0,201.613,0,0,10,29,0,20,0
10-07 13:43:25,30.146,7.225,62.036,0,0,1355668,1525288,165128,4888884,5012.686,1614.424,0,99.656,0,11.959,2368,5064,1.390,0.950,0.520,2,0,143.504,0,0,10,28,0,21,0
10-07 13:43:26,20.070,6.272,72.504,0.251,0,1332032,1548748,165140,4889120,4452.589,1625.692,0,236.829,0,20.070,2298,3957,1.390,0.950,0.520,3,0,68.239,0,0,10,28,0,21,0
10-07 13:43:27,22.788,3.756,73.872,0,0,1377392,1503388,165140,4889120,7482.376,1622.684,0,248.411,0,29.048,1677,3113,1.390,0.950,0.520,4,0,0,0,0,10,28,0,22,0
10-07 13:43:28,10.994,19.490,68.464,0.750,0,1318016,1562920,165144,4889132,6987.367,1619.158,0,16951.185,0,583.696,3290,5063,1.390,0.950,0.520,2,0,500.740,0,0,10,28,0,22,0
10-07 13:43:29,68.300,20.765,10.508,0,0,1514816,1366116,165144,4889156,6664.892,1513.111,0,2393.757,0,30.022,2636,4333,1.760,1.030,0.550,5,0,537.394,0,0,10,28,0,22,0
10-07 13:43:30,82.242,10.749,7.249,0,0,1565132,1315144,165152,4889788,8690.131,1619.838,0,267.973,0,33.997,4389,14872,1.760,1.030,0.550,4,0,23.998,0,0,10,31,0,23,0
10-07 13:43:31,85.508,11.251,2.750,0,0.250,1510812,1369272,165164,4889964,6166.555,1566.141,0,468.042,0,46.004,3430,6956,1.760,1.030,0.550,5,0,154.014,0,0,10,28,0,23,0
10-07 13:43:32,83.929,11.240,3.747,0,0,1578068,1301696,165164,4890280,7233.858,1712.546,0,199.830,0,12.989,4025,13485,1.760,1.030,0.550,7,0,135.885,0,0,10,30,0,23,0
10-07 13:43:33,64.006,13.501,21.502,0,0,1388284,1491164,165168,4890560,5404.476,1714.151,0,28566.514,0,94.008,5865,13336,1.760,1.030,0.550,3,0,226.020,0,0,10,29,0,24,0
10-07 13:43:34,45.857,5.732,48.349,0,0,1429864,1449512,165172,4890596,7194.560,1840.260,0,1028.791,0,45.857,2533,4013,1.780,1.050,0.550,3,0,69.782,0,0,10,28,1,23,0
10-07 13:43:35,55.453,15.055,29.106,0,0,1408784,1470456,165172,4890732,4719.235,1700.209,0,313.144,0,28.103,4696,9923,1.780,1.050,0.550,5,0,379.386,0,0,10,28,1,23,0
10-07 13:43:36,61.695,7.244,30.223,0,0,1500596,1377792,165172,4891580,3741.670,1510.656,0,263.765,0,18.983,4690,9307,1.780,1.050,0.550,5,0,0,0,0,10,30,1,26,0
10-07 13:43:37,79.589,14.266,5.006,0.250,0,1534940,1343440,165180,4891580,4678.207,1695.888,0,396.441,0,37.041,2878,4943,1.780,1.050,0.550,4,0,258.287,0,0,10,28,1,26,0
10-07 13:43:38,66.998,14.249,18.999,0.250,0,1468508,1409368,165200,4891996,6256.775,1619.942,0,41482.507,0,302.989,8902,17728,1.780,1.050,0.550,5,0,197.993,0,0,10,29,1,30,0
10-07 13:43:39,70.356,10.479,18.213,0,0,1507236,1370608,165200,4892024,41242.659,1774.371,0,327.331,0,15.967,2329,4034,1.880,1.080,0.570,3,0,125.743,0,0,10,31,1,31,0
10-07 13:43:40,68.140,13.027,18.037,0.251,0,1424596,1453052,165200,4892220,6457.231,1623.326,0,753.544,0,54.111,4829,11226,1.880,1.080,0.570,3,0,299.614,0,0,10,28,1,33,0
10-07 13:43:41,63.002,9.750,26.751,0,0,1450148,1427252,165200,4892456,5186.150,1694.049,0,412.012,0,29.001,5672,11551,1.880,1.080,0.570,7,0,172.005,0,0,10,29,1,38,0
10-07 13:43:42,69.616,10.691,19.144,0,0,1506264,1371104,165204,4892480,5257.960,1611.102,0,5772.121,0,90.500,2419,4185,1.880,1.080,0.570,5,0,114.368,0,0,10,29,1,38,0
10-07 13:43:43,62.274,10.044,28.877,0.251,0,1425564,1451596,165212,4892676,7061.012,1518.670,0,731.211,0,45.199,4142,9193,1.880,1.080,0.570,5,0,112.494,0,0,10,28,1,39,0
10-07 13:43:44,64.236,8.748,26.494,0,0,1451440,1425540,165220,4892832,7496.418,1619.658,0,511.892,0,38.992,5512,10157,1.970,1.110,0.580,5,0,67.986,0,0,10,28,1,41,0
10-07 13:43:45,76.350,19.776,3.254,0,0,1542924,1333980,165228,4892900,7748.189,1622.133,0,384.506,0,28.037,2309,4017,1.970,1.110,0.580,7,0,372.490,0,0,10,28,1,41,0
10-07 13:43:46,79.250,17.750,2.250,0,0,1499508,1376944,165236,4893292,12510.925,1565.991,0,2223.987,0,59.000,4997,9853,1.970,1.110,0.580,8,0,263.998,0,0,10,28,1,41,0
10-07 13:43:47,84.248,13.250,2.250,0,0,1556716,1319496,165240,4893512,4706.892,1619.963,0,719.983,0,84.998,3229,5733,1.970,1.110,0.580,8,0,204.995,0,0,10,30,1,41,0
10-07 13:43:48,77.994,17.999,4.250,0,0,1476212,1399764,165252,4893720,7392.468,1619.883,0,799.942,0,26.998,5626,12500,1.970,1.110,0.580,8,0,335.976,0,0,10,29,1,42,0
10-07 13:43:49,59.254,20.751,18.501,0,0,1452896,1422660,165252,4894136,5813.360,1694.105,0,312.019,0,16.001,7319,15436,1.970,1.130,0.590,5,0,662.041,0,0,10,29,1,39,0
10-07 13:43:50,14.647,24.825,59.083,0.248,0,1317056,1558460,165252,4894168,7155.447,1501.393,0,234.344,0,11.916,3039,4819,1.970,1.130,0.590,2,0,496.492,0,0,10,28,1,39,0
10-07 13:43:51,17.605,24.899,55.582,0,0,1351452,1524048,165252,4894184,5986.783,1629.741,0,253.515,0,19.114,3171,5130,1.970,1.130,0.590,6,0,634.794,0,0,10,28,1,39,0
10-07 13:43:52,79.516,17.003,3.001,0,0,1544376,1331048,165260,4894252,9614.904,1620.321,0,1072.212,0,71.014,2519,6308,1.970,1.130,0.590,5,0,424.084,0,0,10,30,1,39,0
10-07 13:43:53,73.486,15.497,10.498,0,0,1415548,1459824,165272,4894288,6597.779,1661.693,0,1455.731,0,110.979,5281,12080,1.970,1.130,0.590,5,0,267.950,0,0,10,28,1,41,0
10-07 13:43:54,78.250,9.750,11.750,0,0,1562064,1312740,165272,4894832,4566.973,1565.991,0,123.999,0,8.000,4834,10268,2.130,1.180,0.610,4,0,2.000,0,0,10,31,1,42,0
10-07 13:43:55,52.802,7.758,38.037,0,0,1508124,1366028,165276,4895452,6586.455,1621.589,0,220.216,0,18.018,7981,19148,2.130,1.180,0.610,4,0,30.029,0,0,10,31,1,46,0
10-07 13:43:56,86.427,10.241,2.997,0,0,1522264,1351536,165280,4895796,4578.127,1660.595,0,411.652,0,42.964,3843,7344,2.130,1.180,0.610,5,0,89.924,0,0,10,28,1,47,0
10-07 13:43:57,62.664,7.490,28.960,0,0,1568144,1305196,165280,4896240,6789.685,1509.928,0,3.995,0,0.999,8104,17295,2.130,1.180,0.610,5,0,0,0,0,10,32,1,53,0
10-07 13:43:58,61.581,10.263,27.036,0,0,1421308,1450752,165280,4897512,5234.879,1622.131,0,1590.089,0,56.074,8750,18861,2.130,1.180,0.610,6,0,200.263,0,0,10,28,1,58,0
10-07 13:43:59,84.237,11.248,4.999,0,0,1562036,1309776,165280,4897748,5114.207,1619.749,0,0,0,0,3625,5997,2.280,1.220,0.630,6,0,66.990,0,0,10,30,1,59,0
10-07 13:44:00,68.819,11.512,19.520,0,0,1399896,1471524,165284,4898136,4903.904,1621.622,0,140.140,0,12.012,6095,13642,2.280,1.220,0.630,6,0,132.132,0,0,10,28,1,63,0
10-07 13:44:01,83.994,10.749,5.250,0,0,1513700,1357576,165284,4898288,5048.647,1619.887,0,387.973,0,42.997,3582,6766,2.280,1.220,0.630,6,0,44.997,0,0,10,29,1,63,0
10-07 13:44:02,79.434,14.987,4.996,0,0,1489000,1380588,165284,4899976,6327.710,1618.647,0,235.803,0,14.987,5912,13773,2.280,1.220,0.630,5,0,201.831,0,0,10,29,1,63,0
10-07 13:44:03,80.001,13.250,6.500,0,0,1422552,1446772,165284,4900228,6486.052,1640.013,0,192.002,0,12.000,4144,12794,2.280,1.220,0.630,5,0,128.001,0,0,10,28,2,62,0
10-07 13:44:04,82.231,10.748,6.748,0,0,1545976,1322908,165288,4900644,5063.856,1693.617,0,655.852,0,22.995,3568,7122,2.420,1.270,0.640,5,0,36.992,0,0,10,30,2,62,0
10-07 13:44:05,70.245,14.499,14.499,0,0,1400976,1467676,165288,4900868,4920.641,1585.884,0,647.953,0,65.995,4722,11704,2.420,1.270,0.640,4,0,260.981,0,0,10,28,2,62,0
10-07 13:44:06,65.515,9.752,25.506,0,0,1468792,1399644,165288,4901072,5317.207,1694.385,0,256.058,0,17.004,3421,7601,2.420,1.270,0.640,4,0,34.008,0,0,10,29,2,62,0
10-07 13:44:07,62.489,11.498,25.745,0,0,1468460,1399916,165288,4901128,5450.003,1619.704,0,231.958,0,13.997,3227,7108,2.420,1.270,0.640,3,0,146.973,0,0,10,29,2,62,0
10-07 13:44:08,66.071,8.009,26.028,0.250,0,1448280,1419876,165292,4901340,5538.993,1663.800,0,460.498,0,46.050,3470,8890,2.420,1.270,0.640,4,0,65.070,0,0,10,28,2,64,0
10-07 13:44:09,60.843,11.470,26.681,0,0,1461700,1406292,165292,4901500,41741.516,1615.839,0,227.414,0,12.967,3678,7058,2.470,1.300,0.660,4,0,109.717,0,0,10,28,2,64,0
10-07 13:44:10,67.643,8.017,24.803,0,0,1443756,1424160,165300,4901564,6458.679,1697.596,0,292.620,0,26.055,3915,7857,2.470,1.300,0.660,5,0,39.083,0,0,10,29,2,64,0
10-07 13:44:11,65.782,8.254,24.762,0,0,1433324,1434248,165312,4901888,6124.019,1566.772,0,468.231,0,45.022,3767,8175,2.470,1.300,0.660,6,0,77.038,0,0,10,28,2,67,0
10-07 13:44:12,61.435,12.986,25.723,0,0,1449556,1417884,165312,4902016,6788.831,1618.291,0,251.734,0,17.981,2688,5192,2.470,1.300,0.660,5,0,65.930,0,0,10,29,2,67,0
10-07 13:44:13,56.045,19.516,24.270,0,0,1424620,1442688,165316,4902136,6578.309,1555.255,0,8987.253,0,235.190,4573,10258,2.470,1.300,0.660,4,0,417.337,0,0,10,28,2,68,0
10-07 13:44:14,60.771,8.503,31.261,0.250,0,1458608,1408348,165324,4902476,7478.535,1620.549,0,432.146,0,23.008,4181,7737,2.510,1.330,0.670,5,0,88.030,0,0,10,30,2,68,0
10-07 13:44:15,29.436,11.725,56.877,0.249,0,1369352,1497180,165328,4902884,6649.590,1616.497,0,431.066,0,28.937,2885,5891,2.510,1.330,0.670,2,0,322.302,0,0,10,28,2,69,0
10-07 13:44:16,22.800,4.009,72.658,0,0,1393208,1473268,165332,4902936,10783.486,1623.536,0,2377.177,0,13.028,1806,5116,2.510,1.330,0.670,3,0,0,0,0,10,29,2,69,0
10-07 13:44:17,12.967,17.455,67.577,0.249,0,1330888,1535404,165332,4903116,6295.920,1615.873,0,311.205,0,22.941,2505,3512,2.510,1.330,0.670,2,0,282.279,0,0,10,28,2,68,0
10-07 13:44:18,25.030,16.520,57.068,0,0,1399048,1467052,165368,4903264,6345.577,1696.025,0,392.469,0,28.033,2555,3788,2.510,1.330,0.670,2,0,312.373,0,0,10,28,2,70,0
10-07 13:44:19,42.960,6.744,47.706,1.998,0,1507416,1356016,165680,4905380,5775.640,1564.548,0,4775.568,0,353.672,2587,4853,2.470,1.340,0.680,1,1,22.979,0,0,10,32,2,68,0
10-07 13:44:20,40.760,5.501,42.510,10.503,0,1432328,1424820,166568,4910372,5345.283,1554.373,0,35204.449,0,2892.694,9980,23316,2.470,1.340,0.680,2,1,109.026,0,0,10,32,2,68,0
10-07 13:44:21,40.492,8.248,43.242,6.999,0,1447516,1408292,167040,4911148,5688.925,1619.694,0,26970.902,0,2173.589,8432,18109,2.470,1.340,0.680,2,0,21.996,0,0,10,28,2,68,0
10-07 13:44:22,44.796,4.755,48.800,0.751,0,1441352,1414360,167076,4911200,6184.283,1621.648,0,1773.802,0,216.220,2136,3456,2.470,1.340,0.680,3,0,2.002,0,0,10,30,2,68,0
10-07 13:44:23,39.503,8.251,44.754,8.251,0,1510712,1344304,167408,4911560,5496.456,1620.134,0,21345.772,0,2617.217,12180,27266,2.470,1.340,0.680,3,0,2.000,0,0,10,28,2,64,0
10-07 13:44:24,24.972,8.241,66.176,0.499,0,1381416,1473452,167432,4911672,8973.949,1618.188,0,3312.290,0,189.787,1686,2552,2.350,1.330,0.680,2,0,100.887,0,0,10,28,2,64,0
10-07 13:44:25,27.249,5.250,67.749,0,0,1443280,1411580,167440,4911732,8979.811,1619.966,0,575.988,0,32.999,1724,3913,2.350,1.330,0.680,1,0,35.999,0,0,10,28,2,64,0
10-07 13:44:26,24.752,2.750,72.006,1.000,0,1374860,1479960,167468,4911684,11256.979,1620.141,0,5688.495,0,305.027,1492,2501,2.350,1.330,0.680,2,0,1.000,0,0,10,30,2,64,0
10-07 13:44:27,22.497,2.500,73.241,0,0,1444632,1410188,167468,4911684,6627.205,1511.819,0,47.994,0,6.999,959,1232,2.350,1.330,0.680,3,0,2.000,0,0,10,32,2,62,0
10-07 13:44:28,23.170,1.993,73.994,0,0,1398728,1456072,167468,4911704,8036.203,1560.602,0,0,0,0,929,1110,2.350,1.330,0.680,2,0,0.997,0,0,10,32,2,62,0
10-07 13:44:29,23.257,2.251,74.023,0,0,1447616,1407184,167468,4911704,8489.674,1620.510,0,20.006,0,3.001,973,1186,2.240,1.330,0.680,2,0,2.001,0,0,10,32,2,62,0
10-07 13:44:30,23.569,2.006,73.966,0,0,1413608,1441180,167468,4911716,7273.231,1624.743,0,0,0,0,960,1195,2.240,1.330,0.680,1,0,1.003,0,0,10,32,2,62,0
10-07 13:44:31,22.688,1.995,73.550,0,0,1358116,1496612,167472,4911764,7342.008,1615.601,0,0,0,0,942,1143,2.240,1.330,0.680,2,0,2.992,0,0,10,32,2,62,0
10-07 13:44:32,23.024,3.253,74.077,0,0,1430184,1424540,167472,4911768,5635.890,1715.793,0,156.163,0,2.002,903,1131,2.240,1.330,0.680,2,0,2.002,0,0,10,32,2,61,0
10-07 13:44:33,22.722,3.246,73.159,0,0,1367860,1486756,167492,4911852,5853.730,1617.990,0,431.464,0,35.955,1149,1581,2.240,1.330,0.680,2,0,0.999,0,0,10,32,2,61,0
10-07 13:44:34,22.493,3.249,73.727,0,0,1383540,1471024,167492,4911904,5527.298,1693.478,0,1879.421,0,197.939,964,1166,2.140,1.320,0.680,2,0,2.999,0,0,10,32,2,59,0
10-07 13:44:35,22.468,3.245,73.644,0,0,1448052,1406512,167492,4911904,7768.828,1455.906,0,0,0,0,923,1163,2.140,1.320,0.680,2,0,1.997,0,0,10,32,2,59,0
10-07 13:44:36,23.030,3.004,73.095,0,0,1403200,1451360,167496,4911920,5033.523,1622.102,0,0,0,0,871,1089,2.140,1.320,0.680,2,0,1.001,0,0,10,32,2,59,0
10-07 13:44:37,23.062,2.507,73.949,0,0,1415344,1439180,167496,4911956,5205.033,1624.379,0,0,0,0,849,1078,2.140,1.320,0.680,1,0,1.003,0,0,10,32,2,59,0
10-07 13:44:38,22.291,3.506,73.636,0,0,1349656,1504812,167496,4911972,5184.581,1697.136,0,112.207,0,3.006,1026,1312,2.140,1.320,0.680,1,0,27.050,0,0,10,32,2,56,0
10-07 13:44:39,10.752,18.503,69.510,0,0,1352672,1501700,167504,4912060,41152.214,1620.245,0,760.115,0,9.001,3088,4619,1.970,1.300,0.680,1,0,460.069,0,0,10,32,2,56,0
10-07 13:44:40,9.507,19.765,70.304,0,0,1349536,1504712,167508,4912124,5371.157,1663.287,0,472.366,0,8.006,2924,4572,1.970,1.300,0.680,2,0,427.331,0,0,10,32,2,49,0
10-07 13:44:41,9.500,19.001,70.752,0,0,1356904,1497268,167508,4912192,4893.142,1458.042,0,92.003,0,1.000,2952,4648,1.970,1.300,0.680,1,0,427.012,0,0,10,32,2,49,0
10-07 13:44:42,22.255,3.751,73.518,0.500,0,1438908,1415276,167508,4912176,8047.988,1620.400,0,2432.601,0,227.056,1071,1266,1.970,1.300,0.680,2,0,4.001,0,0,10,32,2,44,0
10-07 13:44:43,22.745,3.249,73.234,0,0,1379960,1474200,167516,4912192,6189.669,1619.652,0,403.913,0,37.992,1087,1587,1.970,1.300,0.680,3,0,1.000,0,0,10,32,2,44,0
10-07 13:44:44,22.836,3.227,73.226,0,0,1452128,1402052,167516,4912172,6316.766,1608.482,0,297.867,0,21.844,1041,1232,1.890,1.290,0.680,2,0,3.972,0,0,10,32,2,43,0
10-07 13:44:45,23.376,2.514,73.646,0,0,1399592,1454568,167516,4912192,8289.573,1628.758,0,24.130,0,2.011,908,1126,1.890,1.290,0.680,4,0,1.005,0,0,10,32,2,43,0
10-07 13:44:46,23.356,2.236,73.796,0,0,1457568,1396608,167516,4912176,9389.219,1610.091,0,15.902,0,0.994,948,1202,1.890,1.290,0.680,2,0,1.988,0,0,10,32,2,41,0
10-07 13:44:47,23.502,2.250,73.755,0,0,1423508,1430652,167516,4912192,4953.337,1620.110,0,16.001,0,1.000,918,1130,1.890,1.290,0.680,2,0,1.000,0,0,10,32,2,41,0
10-07 13:44:48,22.689,2.269,73.864,0,0,1364800,1489360,167520,4912188,7400.550,1470.228,0,80.671,0,3.025,939,1102,1.890,1.290,0.680,2,0,3.025,0,0,10,32,2,39,0
10-07 13:44:49,21.699,3.741,74.325,0,0,1435124,1419052,167520,4912172,5217.723,1616.197,0,0,0,0,793,1113,1.820,1.290,0.680,4,0,1.995,0,0,10,32,2,39,0
10-07 13:44:50,23.495,2.250,73.734,0,0,1374088,1480068,167520,4912192,6735.505,1619.640,0,1203.733,0,3.999,858,1084,1.820,1.290,0.680,3,0,1.000,0,0,10,32,2,39,0
10-07 13:44:51,23.373,1.989,73.599,0,0,1445656,1408500,167520,4912192,5410.550,1611.230,0,3.978,0,0.995,905,1169,1.820,1.290,0.680,3,0,1.989,0,0,10,32,2,39,0
10-07 13:44:52,22.933,2.016,73.840,0,0,1406124,1448056,167520,4912168,5268.081,1633.045,0,16.129,0,2.016,879,1052,1.820,1.290,0.680,3,0,1.008,0,0,10,32,2,39,0
10-07 13:44:53,23.219,2.497,73.401,0,0,1453684,1400428,167524,4912232,5398.739,1659.768,0,463.377,0,32.956,1141,1582,1.820,1.290,0.680,2,0,1.997,0,0,10,32,2,39,0
10-07 13:44:54,23.725,2.248,73.672,0,0,1403272,1450804,167524,4912268,4415.342,1618.293,0,0,0,0,955,1175,1.760,1.280,0.680,2,0,2.997,0,0,10,32,2,37,0
10-07 13:44:55,24.257,1.750,74.020,0,0,1341276,1512796,167524,4912268,8083.191,1458.395,0,552.150,0,2.001,963,1134,1.760,1.280,0.680,1,0,3.001,0,0,10,32,2,37,0
10-07 13:44:56,23.487,1.749,73.958,0,0,1359252,1494820,167524,4912268,5126.088,1661.057,0,11.993,0,0.999,826,1110,1.760,1.280,0.680,2,0,0.999,0,0,10,32,2,28,0
10-07 13:44:57,23.352,2.484,73.286,0,0,1433612,1420480,167524,4912248,5009.261,1609.800,0,3.975,0,0.994,928,1213,1.760,1.280,0.680,1,0,1.987,0,0,10,32,2,28,0
10-07 13:44:58,23.262,2.751,74.039,0,0,1384696,1469392,167524,4912252,5579.924,1620.849,0,20.010,0,1.001,960,1160,1.760,1.280,0.680,1,1,1.001,0,0,10,32,2,17,0
10-07 13:44:59,23.063,2.256,73.952,0,0,1399444,1454636,167524,4912260,6381.415,1624.433,0,104.285,0,3.008,893,1110,1.700,1.280,0.690,1,0,1.003,0,0,10,32,2,17,0
10-07 13:45:00,23.330,2.258,73.502,0,0,1456132,1397936,167524,4912272,5374.391,1625.563,0,12.041,0,1.003,903,1104,1.700,1.280,0.690,1,0,2.007,0,0,10,32,2,12,0
10-07 13:45:01,11.912,17.124,69.984,0,0,1347120,1506944,167532,4912268,6760.164,1608.145,0,95.297,0,7.941,2724,4100,1.700,1.280,0.690,3,0,389.131,0,0,10,32,2,12,0
10-07 13:45:02,22.107,3.517,74.110,0,0,1425492,1428348,167532,4912492,6464.378,1465.112,0,0,0,0,846,1183,1.700,1.280,0.690,2,0,0,0,0,10,32,2,12,0
10-07 13:45:03,22.502,3.250,73.255,0.500,0,1389536,1464284,167532,4912508,7324.549,1694.127,0,556.042,0,33.002,1170,1728,1.700,1.280,0.690,2,0,9.001,0,0,10,32,2,12,0
10-07 13:45:04,23.506,3.251,72.767,0,0,1343920,1509840,167540,4912556,5918.409,1920.457,0,544.130,0,47.011,1124,1446,1.640,1.270,0.690,2,0,13.003,0,0,10,32,3,11,0
10-07 13:45:05,10.233,20.716,68.888,0,0,1351192,1502568,167540,4912556,4151.246,1691.248,0,151.753,0,5.990,3231,5166,1.640,1.270,0.690,2,0,517.159,0,0,10,32,3,11,0
10-07 13:45:06,9.789,20.834,69.027,0,0,1349820,1503820,167540,4912656,7831.475,1700.836,0,261.049,0,6.024,3275,5280,1.640,1.270,0.690,4,0,538.163,0,0,10,32,3,11,0
10-07 13:45:07,9.512,19.024,69.339,0,0,1347008,1506580,167540,4912688,6593.466,1696.178,0,1025.317,0,14.018,2997,4806,1.640,1.270,0.690,3,0,483.621,0,0,10,32,3,11,0
10-07 13:45:08,9.972,19.943,68.805,0,0,1348632,1504888,167540,4912716,5805.530,1657.298,0,1288.345,0,14.958,3163,5124,1.640,1.270,0.690,3,0,522.518,0,0,10,32,3,9,0
10-07 13:45:09,9.778,19.557,69.952,0,0,1348736,1504756,167540,4912744,43554.961,1546.472,0,1135.283,0,14.041,3172,4844,1.510,1.250,0.680,1,0,481.392,0,0,10,32,3,9,0
10-07 13:45:10,9.470,18.940,70.029,0,0,1350680,1502764,167540,4912792,5280.341,1688.672,0,761.597,0,82.739,2999,4602,1.510,1.250,0.680,2,0,427.651,0,0,10,32,3,9,0
10-07 13:45:11,9.769,20.039,69.384,0,0,1350024,1503404,167540,4912808,5795.179,1697.274,0,288.557,0,8.015,2901,4400,1.510,1.250,0.680,2,0,430.831,0,0,10,32,3,9,0
10-07 13:45:12,42.786,25.772,30.776,0,0,1474544,1378704,167596,4912900,6901.770,1621.355,0,1104.924,0,67.056,4015,7004,1.510,1.250,0.680,4,0,719.602,0,0,10,32,3,15,0
10-07 13:45:13,63.861,8.515,23.791,4.007,0,1631136,1217492,167976,4916860,6346.055,1664.900,400.698,9139.922,4.007,735.281,4095,7832,1.510,1.250,0.680,3,0,40.070,0,0,10,34,3,12,0
10-07 13:45:14,43.231,9.996,33.485,13.494,0,1621480,1213908,169084,4928028,5912.428,1619.296,0,61113.416,0,4657.974,15747,35693,1.550,1.270,0.690,2,1,162.929,0,0,10,36,3,13,0
10-07 13:45:15,42.750,7.000,32.750,13.500,0,1652224,1170380,169760,4939704,6036.976,1457.994,0,96919.612,0,7079.972,20499,48172,1.550,1.270,0.690,5,1,78.000,0,0,10,36,3,13,0
10-07 13:45:16,48.751,11.000,28.751,12.000,0,1553568,1258628,170292,4949144,10509.284,1620.044,0,65657.773,0,5162.139,14871,35060,1.550,1.270,0.690,3,0,157.004,0,0,10,34,3,13,0
10-07 13:45:17,42.009,18.004,30.257,8.502,0,1571328,1232652,170564,4956652,10735.319,1620.350,364.079,64293.887,7.002,4683.012,17374,42767,1.550,1.270,0.690,4,0,294.064,0,0,10,35,3,13,0
10-07 13:45:18,40.716,15.737,34.971,7.494,0,1566100,1232260,171036,4961664,5587.346,1692.590,1610.658,49172.040,22.981,3775.855,14500,31613,1.550,1.270,0.690,3,0,228.809,0,0,10,34,3,13,0
10-07 13:45:19,35.787,8.509,43.045,11.512,0,1576032,1220788,171452,4962608,4680.877,1695.767,0,51081.227,0,4133.307,15297,36670,1.820,1.330,0.720,2,1,18.019,0,0,10,35,3,12,0
10-07 13:45:20,35.756,7.751,41.507,13.252,0,1550904,1243244,171652,4965032,7075.217,1620.279,0,44763.699,0,4208.724,13975,31704,1.820,1.330,0.720,4,1,113.019,0,0,10,34,3,12,0
10-07 13:45:21,38.495,6.999,42.994,9.499,0,1572452,1220172,171792,4966360,5467.240,1619.775,0,44513.813,0,4173.420,15567,37256,1.820,1.330,0.720,2,0,23.997,0,0,10,35,3,14,0
10-07 13:45:22,39.238,7.998,43.237,8.248,0,1549280,1239964,171992,4969460,5165.481,1661.512,0,36421.292,0,3337.019,13110,28717,1.820,1.330,0.720,6,0,68.980,0,0,10,34,3,15,0
10-07 13:45:23,36.744,6.999,44.492,11.248,0,1569200,1215800,172216,4973376,5266.099,1511.741,0,56478.342,0,4638.207,16191,37456,1.820,1.330,0.720,2,1,47.992,0,0,10,35,3,18,0
10-07 13:45:24,36.217,6.494,46.708,9.741,0,1540188,1240652,172420,4977212,6209.424,1564.595,0,52988.416,0,4543.920,15918,37188,1.760,1.320,0.720,2,1,137.876,0,0,10,36,3,23,0
10-07 13:45:25,41.028,8.756,37.526,10.507,0,1509048,1268168,172668,4980588,4504.117,1621.122,0,48085.275,0,3988.760,13903,34605,1.760,1.320,0.720,3,0,83.057,0,0,10,36,3,25,0
10-07 13:45:26,36.256,8.251,42.258,10.752,0,1572712,1208964,172816,4975848,6224.114,1620.290,0,45520.148,0,4571.818,15719,34999,1.760,1.320,0.720,2,0,48.009,0,0,10,36,3,25,0
10-07 13:45:27,35.684,11.229,49.408,3.244,0,1435656,1346036,172844,4975788,6290.281,1616.988,0,14516.955,0,1020.100,4585,9705,1.760,1.320,0.720,3,0,277.483,0,0,10,32,3,26,0
10-07 13:45:28,20.996,4.999,71.986,0.500,0,1391668,1389984,172848,4975816,5317.942,1619.678,0,4827.039,0,250.950,2631,5857,1.760,1.320,0.720,2,0,42.991,0,0,10,32,3,26,0
10-07 13:45:29,22.491,3.249,73.222,0,0,1450988,1330644,172848,4975820,8283.786,1619.372,0,607.764,0,30.988,1055,1722,1.700,1.320,0.720,1,0,0,0,0,10,33,3,26,0
10-07 13:45:30,15.529,14.527,69.629,0,0,1389180,1392424,172852,4975844,7422.717,1622.999,0,2825.221,0,236.437,3643,6251,1.700,1.320,0.720,1,0,351.650,0,0,10,32,3,26,0
10-07 13:45:31,37.491,17.246,45.239,0.500,0,1467188,1314216,172872,4976024,5751.637,1511.642,0,899.787,0,62.985,3370,5318,1.700,1.320,0.720,4,0,446.894,0,0,10,32,3,32,0
10-07 13:45:32,67.305,7.756,24.770,0,0,1680672,1099048,172936,4977464,5164.240,1661.364,0,568.467,0,19.016,1479,1567,1.700,1.320,0.720,3,0,2.002,0,0,10,32,3,32,0
10-07 13:45:33,59.977,8.996,27.739,2.499,0,1782088,991308,173156,4983088,6737.372,1619.368,0,20508.002,0,1368.466,5605,10527,1.700,1.320,0.720,3,1,47.981,0,0,10,38,3,32,0
10-07 13:45:34,37.283,8.758,39.786,14.513,0,1787828,969384,173356,4998652,5563.996,1621.456,0,113265.713,0,8412.554,24136,55110,1.960,1.380,0.740,4,0,275.247,0,0,10,38,3,32,0
10-07 13:45:35,33.926,8.482,40.412,14.968,0,1666536,1077952,173512,5010820,7369.024,1764.175,0,73568.503,0,5885.241,19231,42747,1.960,1.380,0.740,3,1,251.455,0,0,10,36,3,32,0
10-07 13:45:36,43.051,8.009,31.037,15.268,0,1729732,1003388,173708,5021592,4739.616,1621.922,0,98692.951,0,7258.601,19478,45769,1.960,1.380,0.740,6,2,193.229,0,0,10,36,3,32,0
10-07 13:45:37,47.110,7.976,29.412,14.208,0,1783444,933584,173836,5037100,7398.988,1615.195,0,93477.903,0,6444.827,17050,41993,1.960,1.380,0.740,3,1,8.973,0,0,10,38,3,32,0
10-07 13:45:38,38.668,5.488,42.160,10.977,0,1667708,1042924,173888,5043116,8998.824,1616.555,0,66761.731,0,5149.027,14784,36514,1.960,1.380,0.740,3,0,116.751,0,0,10,36,3,32,0
10-07 13:45:39,21.500,11.500,65.001,1.250,0,1425536,1285036,173892,5043136,40645.610,1512.023,0,10372.156,0,644.010,2722,5346,1.880,1.370,0.740,5,0,249.004,0,0,10,32,3,32,0
10-07 13:45:40,23.263,3.002,72.791,0.250,0,1489636,1220908,173892,5043160,5204.941,1608.909,0,972.549,0,65.037,1112,1628,1.880,1.370,0.740,2,0,1.001,0,0,10,32,3,32,0
10-07 13:45:41,24.216,2.247,71.898,0.250,0,1524908,1185628,173900,5043160,6567.694,1617.708,0,4297.910,0,253.641,1480,2583,1.880,1.370,0.740,2,0,0,0,0,10,34,3,32,0
10-07 13:45:42,21.028,4.256,73.099,0.250,0,1461340,1249180,173900,5043176,5019.802,1622.198,0,132.179,0,13.018,1122,1640,1.880,1.370,0.740,2,0,28.038,0,0,10,32,3,32,0
10-07 13:45:43,25.002,1.750,72.755,0.750,0,1519272,1191248,173900,5043176,6520.424,1694.110,0,4548.296,0,253.016,1330,2406,1.880,1.370,0.740,3,0,0,0,0,10,34,3,32,0
10-07 13:45:44,16.318,24.603,58.495,0,0,1403720,1306788,173904,5043184,6424.940,1701.133,0,4948.750,0,264.107,4253,7803,1.810,1.360,0.750,3,0,827.470,0,0,10,32,3,32,0
10-07 13:45:45,10.994,25.236,63.466,0,0,1408036,1302388,173904,5043232,5350.132,1619.132,0,239.871,0,21.988,3830,6046,1.810,1.360,0.750,2,0,734.606,0,0,10,32,3,32,0
10-07 13:45:46,7.749,20.748,70.243,0,0,1406592,1303744,173904,5043312,9308.060,1585.840,0,4407.555,0,147.985,3111,4608,1.810,1.360,0.750,1,0,426.957,0,0,10,32,3,32,0
10-07 13:45:47,12.242,18.487,68.953,0,0,1407316,1302960,173904,5043344,4409.966,1618.886,0,35.975,0,8.994,2861,4553,1.810,1.360,0.750,2,0,398.726,0,0,10,32,3,32,0
10-07 13:45:48,20.270,14.764,64.312,0,0,1421928,1288208,173912,5043728,6004.801,1567.514,0,16.015,0,4.004,4343,9405,1.810,1.360,0.750,5,0,212.205,0,0,10,32,3,32,0
10-07 13:45:49,46.075,7.721,45.328,0,0,1533980,1176112,173916,5043880,6243.282,1613.869,0,27.894,0,0.996,1442,2059,1.830,1.380,0.750,4,0,93.644,0,0,10,33,3,32,0
10-07 13:45:50,47.271,6.286,46.266,0.251,0,1611036,1097012,173916,5045788,5284.327,1703.778,0,289.662,0,12.069,2256,8205,1.830,1.380,0.750,3,0,4.023,0,0,10,47,3,32,0
10-07 13:45:51,38.390,7.229,53.348,0,0,1662404,1044140,173980,5046924,6779.644,1615.388,0,965.244,0,112.678,1738,2466,1.830,1.380,0.750,2,0,71.795,0,0,10,48,3,33,0
10-07 13:45:52,14.494,9.996,75.219,0,0,1684800,1021696,173980,5046952,9593.067,1714.297,0,4714.067,0,243.900,2032,2949,1.830,1.380,0.750,0,0,187.923,0,0,10,48,3,33,0
10-07 13:45:53,0.250,0.250,97.503,0,0,1685036,1021444,173980,5046968,23979.695,2417.070,0,208.006,0,18.001,790,1256,1.830,1.380,0.750,1,0,0,0,0,10,49,3,33,0
10-07 13:45:54,1.246,0.498,97.682,0,0,1685660,1020720,173980,5047068,105103.204,4551.199,0,402.690,0,23.922,905,1420,1.680,1.350,0.750,1,0,1.994,0,0,10,49,3,33,0
10-07 13:45:55,7.993,3.997,86.929,0.500,0,1697300,1008884,174000,5047244,66535.374,2937.588,0,839.311,0,46.961,1071,1604,1.680,1.350,0.750,3,0,23.980,0,0,10,48,3,34,0
10-07 13:45:56,15.565,10.293,71.049,2.260,0,1708696,946916,174080,5096112,4966.896,1614.793,4.017,8483.691,1.004,396.669,2580,4238,1.680,1.350,0.750,1,0,67.283,0,0,10,48,3,34,0
10-07 13:45:57,15.975,10.234,73.136,0,0,1724596,930512,174080,5096112,5262.785,1659.410,0,3.994,0,0.998,1749,2054,1.680,1.350,0.750,2,0,58.908,0,0,10,48,3,34,0
10-07 13:45:58,20.529,5.257,73.604,0,0,1730760,924256,174080,5096120,5292.505,1664.360,0,0,0,0,1313,1547,1.680,1.350,0.750,3,0,41.058,0,0,10,48,3,34,0
10-07 13:45:59,19.281,6.260,73.367,0,0,1670140,1032996,174080,5048476,4174.650,1696.703,0,4.006,0,1.002,1515,1908,1.630,1.350,0.750,4,0,81.129,0,0,10,48,3,34,0
10-07 13:46:00,15.476,13.230,69.893,0,0,1678864,1024092,174236,5048808,6464.110,1509.690,159.756,15.976,9.985,1.997,2866,5656,1.630,1.350,0.750,2,0,252.614,0,0,10,48,3,34,0
10-07 13:46:01,8.999,5.499,84.238,0,0,1676480,1026380,174236,5048472,4545.355,1619.770,0,319.955,0,3.999,2178,4789,1.630,1.350,0.750,1,0,60.991,0,0,10,48,3,34,0
10-07 13:46:02,0.750,0.500,98.013,0,0,1676420,1026440,174236,5048472,4542.600,1620.214,0,0,0,0,567,927,1.630,1.350,0.750,1,0,3.000,0,0,10,48,3,34,0
10-07 13:46:03,0.750,0.500,98.223,0,0.250,1676420,1026440,174236,5048472,4982.640,1693.538,0,75.979,0,6.998,759,1196,1.630,1.350,0.750,0,0,2.999,0,0,10,48,3,34,0
10-07 13:46:04,0.250,0.250,97.252,0.750,0,1676416,1026440,174236,5048476,4308.103,1640.039,0,324.008,0,26.001,836,1503,1.500,1.320,0.750,0,0,3.000,0,0,10,48,3,34,0
10-07 13:46:05,5.009,4.758,89.159,0,0,1613616,1089292,174236,5048632,4471.987,1622.898,0,0,0,0,1510,2483,1.500,1.320,0.750,3,0,131.234,0,0,10,48,3,34,0
10-07 13:46:06,15.762,14.511,68.304,0,0,1612496,1090284,174236,5048540,5758.526,1587.248,0,1629.281,0,6.005,3588,8596,1.500,1.320,0.750,2,0,247.194,0,0,10,48,3,34,0
10-07 13:46:07,13.990,17.737,66.451,0,0,1674832,1027664,174236,5048752,4907.383,1728.726,0,0,0,0,4001,6881,1.500,1.320,0.750,2,0,300.778,0,0,11,48,3,34,0
10-07 13:46:08,11.197,9.704,78.378,0,0,1671268,1031232,174236,5048716,5937.831,1686.002,0,334.414,0,12.939,3772,6353,1.500,1.320,0.750,1,0,182.136,0,0,11,48,3,34,0
10-07 13:46:09,8.027,11.539,78.769,0,0,1678000,1024480,174236,5049084,40874.628,1625.553,0,537.837,0,2.007,2867,5811,1.700,1.370,0.760,2,0,177.607,0,0,13,50,3,34,0
10-07 13:46:10,11.459,16.691,70.749,0,0,1673876,1028548,174236,5048760,8918.393,1688.018,0,23.915,0,4.982,4730,9031,1.700,1.370,0.760,3,0,264.064,0,0,13,50,3,35,0
10-07 13:46:11,9.553,19.609,70.391,0,0,1673892,1028548,174236,5048772,5898.797,1629.058,0,382.125,0,16.089,2798,4632,1.700,1.370,0.760,1,0,395.197,0,0,13,50,3,35,0
10-07 13:46:12,23.003,17.002,58.258,0,0,1690256,1012040,174240,5049004,5929.771,1652.215,0,44.006,0,5.001,4780,9823,1.700,1.370,0.760,2,0,323.042,0,0,13,50,3,33,0
10-07 13:46:13,35.014,12.913,50.410,0,0,1758824,943260,174248,5049144,6049.234,1650.875,0,329.778,0,15.893,5142,12330,1.700,1.370,0.760,4,0,162.902,0,0,13,50,3,33,0
10-07 13:46:14,24.357,6.278,68.552,0,0,1832304,868540,174336,5050196,5098.489,1518.699,32.142,357.577,2.009,22.097,1673,3331,1.640,1.360,0.760,1,0,12.053,0,0,13,58,3,32,0
10-07 13:46:15,22.795,4.008,73.145,0,0,1880924,819876,174336,5050240,5586.111,1697.376,0,545.084,0,12.024,1089,1415,1.640,1.360,0.760,2,0,6.012,0,0,13,58,3,32,0
10-07 13:46:16,8.979,1.497,88.545,0,0,1898764,801480,174336,5050784,12084.062,1616.263,0,47.889,0,0.998,1179,2786,1.640,1.360,0.760,0,0,1.995,0,0,13,58,3,31,0
10-07 13:46:17,2.753,3.754,93.343,0,0,1850568,849648,174336,5050816,9749.672,1859.845,0,2554.534,0,210.209,1361,1804,1.640,1.360,0.760,1,0,46.046,0,0,13,58,3,31,0
10-07 13:46:18,16.955,13.215,67.321,0,0,1860956,839092,174336,5050824,7031.276,1689.501,0,35.904,0,7.979,5191,9452,1.640,1.360,0.760,4,0,239.363,0,0,13,56,3,29,0
10-07 13:46:19,17.297,14.038,67.933,0,0,1910748,789280,174336,5051000,5681.294,1624.373,0,56.151,0,2.005,4074,8866,1.590,1.360,0.770,3,0,224.605,0,0,13,56,3,29,0
10-07 13:46:20,20.266,18.514,60.047,0,0,1923476,776544,174336,5051200,6661.182,1501.168,0,180.140,0,6.005,5853,13127,1.590,1.360,0.770,3,0,428.333,0,0,13,48,3,28,0
10-07 13:46:21,14.686,5.725,78.908,0,0,1927140,772808,174336,5050924,5016.260,1654.828,0,7.965,0,1.991,2108,7355,1.590,1.360,0.770,1,0,40.823,0,0,13,58,3,28,0
10-07 13:46:22,24.118,14.069,61.552,0,0,1711260,988652,174336,5050932,4506.098,1627.984,0,3621.761,0,185.912,2494,4227,1.590,1.360,0.770,3,0,346.700,0,0,13,50,3,29,0
10-07 13:46:23,32.429,21.702,45.650,0.249,0,1764012,935728,174336,5051452,4871.283,1616.444,0,271.403,0,19.956,4456,7855,1.590,1.360,0.770,3,0,552.784,0,0,13,50,3,29,0
10-07 13:46:24,46.358,17.040,35.081,0,0,1871880,827500,174340,5051484,5302.301,1623.767,0,817.898,0,25.058,4530,10482,1.620,1.370,0.770,3,0,246.572,0,0,13,58,3,25,0
10-07 13:46:25,47.745,5.499,46.745,0,0,1985372,713864,174344,5052232,7931.183,1619.833,0,27.997,0,5.999,1450,2773,1.620,1.370,0.770,4,0,38.996,0,0,13,58,3,25,0
10-07 13:46:26,29.243,4.499,64.984,0.250,0.250,2022048,674396,174676,5053900,6405.463,1619.611,139.966,7.998,34.992,2.000,2760,7544,1.620,1.370,0.770,2,0,6.998,0,0,13,60,3,24,0
10-07 13:46:27,22.983,4.746,56.707,13.989,0,2030028,653256,174728,5066856,6630.967,1618.771,0,71729.557,0,1962.510,8976,20213,1.620,1.370,0.770,3,0,3.997,0,0,13,60,3,24,0
10-07 13:46:28,29.806,8.767,50.596,9.017,0,2153796,520520,174864,5075312,6442.189,1550.934,0,19637.153,0,1764.338,8367,24214,1.620,1.370,0.770,6,0,12.023,0,0,14,74,3,29,0
10-07 13:46:29,21.686,15.703,61.567,0.249,0,2221188,452216,174872,5076168,7488.788,1615.209,0,1280.203,0,77.769,4150,12964,1.570,1.360,0.770,2,0,254.246,0,0,14,85,3,33,0
10-07 13:46:30,10.520,18.786,68.631,0,0,2219276,453940,174872,5076320,7625.611,1623.110,0,3274.274,0,58.111,3174,5405,1.570,1.360,0.770,1,0,412.791,0,0,14,85,3,33,0
10-07 13:46:31,22.012,16.759,61.033,0.250,0,2238424,434496,174872,5076980,9289.989,1620.870,0,672.361,0,35.019,5501,9576,1.570,1.360,0.770,5,0,255.137,0,0,14,85,3,33,0
10-07 13:46:32,46.705,7.204,46.456,0,0,2354140,318604,174872,5077136,6291.252,1703.239,0,2933.466,0,149.058,1650,2394,1.570,1.360,0.770,3,0,64.592,0,0,14,86,3,27,0
10-07 13:46:33,18.854,14.329,64.607,0.251,0,2388256,283888,174892,5077648,8056.464,1628.990,0,2839.672,0,220.215,3008,4936,1.570,1.360,0.770,1,0,259.432,0,0,14,89,3,28,0
10-07 13:46:34,8.463,18.668,71.186,0.498,0,2389792,282040,174892,5077936,5619.186,1911.559,0,1334.109,0,72.679,2893,4541,1.530,1.350,0.780,2,0,333.527,0,0,14,89,4,28,0
10-07 13:46:35,10.000,17.500,71.248,0,0,2388992,282808,174892,5077936,5567.855,1693.956,0,119.997,0,13.000,2788,4215,1.530,1.350,0.780,3,0,361.991,0,0,14,89,4,28,0
10-07 13:46:36,21.738,4.747,73.209,0,0,2450776,220988,174892,5077972,7862.644,1511.163,0,0,0,0,1249,1787,1.530,1.350,0.780,2,0,38.978,0,0,14,89,4,28,0
10-07 13:46:37,21.747,5.249,71.989,0,0,2431724,240008,174892,5078004,4519.300,1639.746,0,3.999,0,1.000,1897,2996,1.530,1.350,0.780,5,0,62.990,0,0,14,91,4,29,0
10-07 13:46:38,27.911,2.012,68.646,0.754,0,2479552,191976,174912,5078148,5585.244,1719.929,0,828.785,0,104.604,2546,4700,1.530,1.350,0.780,1,0,2.012,0,0,14,97,4,29,0
10-07 13:46:39,31.914,6.981,58.841,0.499,0,2478636,192524,174912,5078580,41460.642,1699.395,0,1320.422,0,140.619,3219,5763,1.480,1.350,0.780,2,0,116.684,0,0,14,106,4,31,0
10-07 13:46:40,23.425,2.990,72.519,0.748,0,2538308,132828,174920,5078596,6986.754,1614.858,0,3827.812,0,227.276,1702,3055,1.480,1.350,0.780,2,0,0,0,0,14,110,4,31,0
10-07 13:46:41,30.849,8.527,58.939,1.254,0,2534136,165424,173792,5052084,5251.843,1699.450,445.428,11854.016,19.061,774.484,3460,5891,1.480,1.350,0.780,3,0,99.319,0,0,14,111,4,33,0
10-07 13:46:42,41.940,8.238,50.179,0,0,2626508,129916,172196,4997160,7714.038,1617.701,1362.065,750.933,36.947,81.884,1489,1969,1.480,1.350,0.780,2,0,3.994,0,0,14,113,4,33,0
10-07 13:46:43,21.867,5.467,72.309,0.497,0,2631316,124860,172228,4997376,6562.959,1610.176,266.375,473.114,13.915,32.800,1389,1997,1.480,1.350,0.780,4,0,56.654,0,0,14,115,4,34,0
10-07 13:46:44,20.398,5.540,72.780,0,0,2613120,158876,172084,4982020,7297.094,1523.082,108.792,971.065,8.059,149.085,1497,2177,1.440,1.340,0.780,2,0,53.388,0,0,14,115,4,35,0
10-07 13:46:45,22.255,5.001,71.517,0.500,0,2598564,173376,172096,4982064,5939.396,1566.368,12.003,1548.364,3.001,123.029,2001,3372,1.440,1.340,0.780,1,0,20.005,0,0,14,115,4,36,0
10-07 13:46:46,20.803,4.511,73.185,0.251,0,2646904,130340,171940,4976920,9705.584,1666.221,192.488,934.367,2.005,142.361,1488,2043,1.440,1.340,0.780,2,0,62.157,0,0,14,115,4,36,0
10-07 13:46:47,22.499,4.750,72.996,0,0,2633324,143744,171944,4977092,5987.635,1619.901,299.982,259.984,5.000,10.999,1325,1836,1.440,1.340,0.780,2,0,54.997,0,0,14,115,4,37,0
10-07 13:46:48,24.961,4.243,68.144,1.248,0,2587776,204420,171804,4962284,7133.907,1707.345,0,2747.727,0,393.388,3278,6363,1.440,1.340,0.780,2,0,4.992,0,0,14,115,4,38,0
10-07 13:46:49,22.517,4.253,72.055,0.250,0,2652996,138600,171804,4962884,4709.608,1769.355,588.451,684.524,9.007,53.041,1530,2372,1.410,1.340,0.780,2,0,49.038,0,0,14,117,4,38,0
10-07 13:46:50,30.484,1.999,65.466,0.500,0,2669848,121532,171804,4963100,7466.155,1619.166,0,967.502,0,106.945,3098,6020,1.410,1.340,0.780,4,0,0,0,0,14,117,4,39,0
10-07 13:46:51,28.258,4.751,66.268,0.250,0,2666072,125284,171804,4963124,5752.588,1512.417,0,1056.292,0,79.022,2081,3756,1.410,1.340,0.780,2,0,69.019,0,0,14,117,4,39,0
10-07 13:46:52,21.250,7.250,69.749,0.500,0,2626040,180580,171640,4948024,6824.925,1619.982,4.000,2467.973,1.000,323.996,2908,5440,1.410,1.340,0.780,2,0,146.998,0,0,14,117,4,41,0
10-07 13:46:53,21.959,3.493,73.363,0,0,2670260,136480,171640,4948028,5075.524,1605.003,0,890.338,0,50.905,1237,1985,1.410,1.340,0.780,2,0,0,0,0,14,119,4,40,0
10-07 13:46:54,32.726,6.495,57.708,1.249,0,2628084,175896,171644,4950784,5204.222,1618.825,2698.041,1534.886,161.882,163.881,3951,8769,1.460,1.350,0.790,3,0,71.948,0,0,14,117,4,41,0
10-07 13:46:55,26.317,8.772,62.910,1.003,0,2677572,129312,171508,4948004,5140.056,1890.803,918.333,8285.044,14.036,671.706,3878,7585,1.460,1.350,0.790,4,0,219.558,0,0,14,117,4,41,0
10-07 13:46:56,22.749,11.000,65.248,0.250,0,2641296,177040,171504,4936696,5888.829,1821.947,67.998,607.982,7.000,43.999,2877,5206,1.460,1.350,0.790,1,0,202.994,0,0,14,117,4,43,0
10-07 13:46:57,9.511,19.522,70.078,0,0,2648428,169480,171504,4937124,5719.360,1711.904,360.401,272.303,8.009,18.020,2913,4665,1.460,1.350,0.790,1,0,375.417,0,0,14,117,4,42,0
10-07 13:46:58,23.001,16.750,59.752,0.250,0,2664388,153052,171504,4937600,5861.158,1622.044,352.010,412.011,15.000,25.001,5004,8927,1.460,1.350,0.790,4,0,258.007,0,0,14,117,4,42,0
10-07 13:46:59,31.969,20.480,45.455,0.250,0,2713404,131124,171368,4910824,5643.447,1618.407,159.843,3456.599,8.991,388.618,3949,7187,1.500,1.360,0.790,3,0,564.445,0,0,14,117,4,42,0
10-07 13:47:00,46.971,19.488,31.980,0.500,0,2838960,119444,170812,4799812,8457.722,1688.946,1626.985,4513.184,108.932,385.759,8123,20167,1.500,1.360,0.790,6,0,260.837,0,0,16,129,4,42,0
10-07 13:47:01,55.846,21.787,21.537,0,0,2938032,123544,170824,4698628,6316.821,1568.687,492.844,609.043,88.151,43.074,3933,8115,1.500,1.360,0.790,5,0,666.141,0,0,16,129,4,42,0
10-07 13:47:02,64.740,17.747,15.748,0.250,0,3039440,137992,170772,4585356,6780.969,1619.754,4867.260,7926.795,261.960,619.906,5307,18127,1.500,1.360,0.790,4,0,266.959,0,0,16,145,4,42,0
10-07 13:47:03,36.994,21.747,40.993,0.250,0,3103704,124284,170776,4536092,11566.149,1779.715,987.842,715.885,108.983,85.986,4067,6379,1.500,1.360,0.790,3,0,625.900,0,0,16,145,4,42,0
10-07 13:47:04,26.497,16.498,54.743,0.500,0,3137912,119340,170908,4507420,5339.327,1693.787,1359.829,1015.872,54.993,50.994,5761,9538,1.460,1.350,0.790,2,0,317.960,0,0,17,149,4,42,0
10-07 13:47:05,31.726,20.734,45.965,0.250,0,3191532,129704,170912,4444636,5559.713,1692.695,51.960,383.704,1.998,26.979,4250,7853,1.460,1.350,0.790,2,0,553.573,0,0,17,151,4,42,0
10-07 13:47:06,43.693,18.476,36.203,0.250,0,3297196,134704,170928,4336640,6736.243,1583.941,11.984,591.231,1.997,31.958,6408,16464,1.460,1.350,0.790,9,0,301.608,0,0,17,161,4,42,0
10-07 13:47:07,34.821,26.554,38.078,0.251,0,3375860,131336,170932,4262620,4116.443,1623.329,220.452,392.806,15.031,27.055,5423,12466,1.460,1.350,0.790,4,0,764.568,0,0,17,163,4,42,0
10-07 13:47:08,29.507,22.006,47.262,0,0,3444632,135216,170932,4191528,7849.962,1620.405,0,6905.726,0,550.138,6682,14360,1.460,1.350,0.790,1,0,580.145,0,0,17,169,4,42,0
10-07 13:47:09,23.932,13.711,59.831,0,0,3477452,123912,170932,4170236,41851.727,1741.080,35.899,203.425,2.992,10.969,5714,9806,1.420,1.350,0.800,5,0,235.335,0,0,17,169,4,42,0
10-07 13:47:10,45.997,7.749,45.997,0.250,0,3602284,125864,170932,4045996,6274.555,1693.880,131.991,3787.731,11.999,364.974,1900,2467,1.420,1.350,0.800,4,0,4.000,0,0,17,175,4,42,0
10-07 13:47:11,46.372,5.515,47.124,0.251,0,3698896,129104,170932,3948576,5976.761,1666.394,1636.315,140.370,39.103,9.024,1615,2196,1.420,1.350,0.800,3,0,5.013,0,0,17,177,4,41,0
10-07 13:47:12,33.007,19.754,47.511,0.250,0,3662820,166944,170944,3946768,5332.194,1620.363,84.019,456.102,10.002,33.007,4192,7312,1.420,1.350,0.800,3,0,580.130,0,0,17,179,4,41,0
10-07 13:47:13,42.500,21.000,35.250,0,0,3657196,171052,170948,3948576,5423.016,1628.005,4.000,588.002,1.000,46.000,6947,17540,1.420,1.350,0.800,3,0,425.001,0,0,17,191,4,41,0
10-07 13:47:14,71.845,15.855,11.148,0.248,0,3793332,125812,170972,3860076,6346.104,1678.685,2659.735,7012.029,51.530,478.633,4399,7365,1.550,1.370,0.810,6,0,174.409,0,0,17,202,4,41,0
10-07 13:47:15,82.233,14.083,3.018,0,0,3883512,120872,171020,3776800,8462.718,1629.574,470.766,977.744,6.035,43.254,2776,5830,1.550,1.370,0.810,4,0,68.402,0,0,17,213,4,37,0
10-07 13:47:16,68.218,18.810,11.537,0.251,0,3914608,122844,171084,3743948,10857.679,1699.428,112.359,1898.062,8.026,116.372,4645,12703,1.550,1.370,0.810,3,0,223.715,0,0,17,217,4,44,0
10-07 13:47:17,44.472,24.984,28.482,0,0,3884388,181380,171088,3716072,5002.853,1565.016,0,687.568,0,44.972,5410,11146,1.550,1.370,0.810,2,0,498.686,0,0,17,217,4,44,0
10-07 13:47:18,55.961,22.734,20.236,0,0,3895944,188936,171088,3696528,6028.852,1692.835,7.994,651.552,1.999,41.971,9972,22521,1.550,1.370,0.810,4,0,386.734,0,0,17,219,4,44,0
10-07 13:47:19,58.570,20.024,20.024,0,0,4007720,132264,171088,3642796,10173.238,1732.084,16.019,448.540,4.005,30.036,5393,12253,1.750,1.420,0.830,4,0,362.436,0,0,17,219,4,44,0
10-07 13:47:20,61.714,22.737,14.492,0.750,0,4052432,137180,171164,3593168,5671.710,1511.124,207.879,28603.410,23.986,725.579,5431,16617,1.750,1.420,0.830,3,0,540.686,0,0,17,223,4,47,0
10-07 13:47:21,63.792,16.761,18.512,0,0.250,4096900,146120,171172,3540884,5666.729,1737.143,68.045,480.316,4.003,29.019,7298,18577,1.750,1.420,0.830,7,0,199.131,0,0,17,225,4,50,0
10-07 13:47:22,69.253,11.250,19.001,0,0,4187212,171872,171176,3427572,6047.230,1620.062,44.002,8560.325,3.000,692.026,3848,8550,1.750,1.420,0.830,5,0,147.006,0,0,17,235,4,51,0
10-07 13:47:23,66.583,8.978,23.691,0.499,0,4321776,132084,171188,3334344,4493.748,1615.954,1113.213,809.972,28.928,65.835,2965,6176,1.750,1.420,0.830,6,0,5.985,0,0,17,245,4,53,0
10-07 13:47:24,51.125,24.309,23.056,0.251,0,4284160,186212,171188,3318372,4699.486,1623.969,781.911,741.813,23.056,72.176,5673,13493,1.850,1.440,0.840,4,0,544.330,0,0,17,249,4,56,0
10-07 13:47:25,52.728,19.742,26.489,0.250,0,4294788,174204,171200,3320116,7183.947,1619.312,1711.273,5228.778,63.973,366.844,6138,16629,1.850,1.440,0.840,3,0,358.847,0,0,17,250,4,57,0
10-07 13:47:26,76.778,18.006,5.252,0.250,0,4355388,170004,171276,3264892,5850.100,1566.562,3809.368,592.213,76.027,35.013,3702,9574,1.850,1.440,0.840,5,0,211.076,0,0,18,253,4,56,0
10-07 13:47:27,81.998,13.000,4.250,0,0,4496324,139168,171292,3155924,8364.816,1619.964,815.982,851.981,15.000,39.999,2587,3910,1.850,1.440,0.840,5,0,13.000,0,0,18,253,4,56,0
10-07 13:47:28,43.727,12.743,41.228,0.250,0,4469380,165024,171312,3157032,6342.619,2617.605,887.527,1215.352,14.992,70.962,4915,12820,1.850,1.440,0.840,1,0,258.862,0,0,18,255,4,57,0
10-07 13:47:29,19.189,4.735,73.767,0,0,4470572,163832,171312,3157032,19589.079,3651.458,765.580,307.029,5.981,19.937,1790,2548,1.780,1.440,0.840,1,0,7.975,0,0,18,256,4,57,0
10-07 13:47:30,19.430,6.975,72.239,0,0,4492936,141280,171312,3157220,14170.829,3866.040,557.985,482.259,6.975,38.860,2143,3304,1.780,1.440,0.840,2,0,9.964,0,0,18,260,4,46,0
10-07 13:47:31,22.421,13.100,62.476,0.756,0,4492412,127580,171312,3171448,16678090.764,144011.947,3010.956,2011.334,36.277,96.738,8889,7798,1.780,1.440,0.840,5,0,215.644,0,0,18,261,4,46,0
10-07 13:47:32,40.598,8.219,49.315,0.498,0,4533804,137176,171312,3120768,6535.531,1613.957,1147.703,8850.862,21.918,811.960,2391,3303,1.780,1.440,0.840,2,0,64.758,0,0,18,265,4,46,0
10-07 13:47:33,28.093,6.020,65.217,0.251,0,4542244,131124,171316,3118376,7146.777,1804.002,1312.366,549.829,32.107,73.244,4249,9384,1.780,1.440,0.840,1,0,5.017,0,0,18,279,4,49,0
10-07 13:47:34,17.498,11.999,68.494,0.500,0,4493972,177572,171320,3120264,7368.322,1639.849,175.984,427.961,6.999,39.996,3549,6019,1.640,1.410,0.830,1,0,217.980,0,0,18,277,4,50,0
10-07 13:47:35,19.684,8.222,70.763,0,0,4536868,134420,171320,3120488,7121.130,1506.949,15.947,498.330,1.993,31.893,2559,4495,1.640,1.410,0.830,2,0,249.165,0,0,18,277,4,50,0
10-07 13:47:36,15.026,11.770,71.373,0,0,4497428,173860,171320,3120488,10368.928,1622.806,0,236.409,0,11.019,2567,4068,1.640,1.410,0.830,2,0,224.388,0,0,18,277,4,50,0
10-07 13:47:37,8.758,20.268,70.061,0.500,0,4492956,178288,171320,3120532,7876.892,1621.419,8.007,17271.112,1.001,92.081,3470,5708,1.640,1.410,0.830,1,0,390.342,0,0,18,277,4,50,0
10-07 13:47:38,2.742,1.994,94.215,0,0,4492828,178368,171320,3120580,10914.960,1688.888,11.964,87.734,1.994,7.976,1361,2246,1.640,1.410,0.830,0,0,46.858,0,0,18,277,4,49,0
10-07 13:47:39,21.263,3.252,73.296,0,0,4546504,124692,171320,3120580,41753.054,1621.012,0,15965.963,0,19.012,1596,2269,1.580,1.410,0.830,2,0,9.006,0,0,18,277,4,49,0
10-07 13:47:40,15.546,13.039,70.711,0.501,0,4492620,177904,171324,3121248,5460.321,1624.857,316.947,232.696,11.033,21.063,2850,4700,1.580,1.410,0.830,3,0,202.606,0,0,18,283,4,47,0
10-07 13:47:41,12.472,16.463,70.093,0,0,4497016,173504,171324,3121252,5653.297,1616.368,27.937,43.901,3.991,2.993,3141,5288,1.580,1.410,0.830,2,0,251.435,0,0,18,283,4,47,0
10-07 13:47:42,20.988,6.246,71.458,0,0,4539064,130704,171324,3122004,4107.597,1457.148,579.661,119.930,26.984,1.999,1919,2996,1.580,1.410,0.830,1,0,88.948,0,0,18,283,4,45,0
10-07 13:47:43,23.985,4.247,70.455,0.250,0,4596060,129224,171324,3066764,6612.821,1618.977,267.831,347.780,24.984,47.970,1873,3011,1.580,1.410,0.830,1,0,2.998,0,0,18,289,4,45,0
10-07 13:47:44,24.502,3.500,70.506,0.250,0,4509904,225504,171324,3056640,5665.453,1620.130,108.009,404.032,8.001,46.004,2053,3234,1.540,1.400,0.840,4,0,10.001,0,0,18,291,4,43,0
10-07 13:47:45,24.762,2.251,71.286,0.500,0,4571896,163512,171324,3056640,6606.297,1694.846,60.030,220.110,14.007,12.006,1461,2074,1.540,1.400,0.840,2,0,0,0,0,18,291,4,43,0
10-07 13:47:46,24.980,3.747,71.443,0,0,4603152,132040,171324,3056856,10078.008,1618.716,0,151.880,0,8.993,1785,2703,1.540,1.400,0.840,1,0,1.998,0,0,18,293,4,42,0
10-07 13:47:47,24.247,3.000,71.242,0.250,0,4559536,175640,171324,3056888,5897.357,1619.823,27.997,407.956,1.000,24.997,1539,2265,1.540,1.400,0.840,1,0,14.998,0,0,18,291,4,42,0
10-07 13:47:48,17.547,8.774,72.194,0,0,4510888,222988,171332,3058164,6563.643,1624.366,1500.032,324.873,20.054,13.035,2334,3694,1.540,1.400,0.840,2,0,190.512,0,0,18,291,4,41,0
10-07 13:47:49,12.006,15.758,70.535,0,0,4512932,220864,171332,3058244,5774.841,1458.718,24.012,0,6.003,0,3056,4943,1.490,1.390,0.840,2,0,376.185,0,0,18,291,4,41,0
10-07 13:47:50,22.180,3.738,72.024,0.249,0,4546928,186292,171352,3058800,6681.008,1614.926,522.359,7.975,30.903,1.994,1560,2273,1.490,1.390,0.840,1,0,20.934,0,0,18,291,4,40,0
10-07 13:47:51,21.745,3.749,72.983,0,0,4542504,190580,171356,3058932,9292.853,2871.337,155.964,87.980,6.998,2.000,8868,17924,1.490,1.390,0.840,0,0,11.997,0,0,18,292,4,40,0
10-07 13:47:52,21.079,3.262,74.029,0.251,0,4558636,172252,171524,3060664,11352.789,4144.621,0,947.571,0,31.117,1597,2476,1.490,1.390,0.840,1,0,1.004,0,0,18,292,4,37,0
10-07 13:47:53,24.167,4.485,69.013,0.249,0,4553292,177572,171524,3060688,5090.519,1614.456,15.945,3480.050,0.997,403.614,9320,18836,1.490,1.390,0.840,4,0,11.959,0,0,18,292,4,37,0
10-07 13:47:54,16.261,12.509,70.299,0,0,4531956,199180,171524,3060416,5644.901,1869.292,0,564.390,0,36.025,2754,4738,1.450,1.380,0.840,2,0,266.184,0,0,18,291,4,36,0
10-07 13:47:55,22.964,3.495,72.137,0,0,4508684,222236,171524,3060632,5643.163,1691.351,15.975,83.869,0.998,3.994,1885,3053,1.450,1.380,0.840,4,0,36.942,0,0,18,291,4,38,0
10-07 13:47:56,21.776,5.507,70.836,0,0,4560016,170840,171524,3060664,5177.285,1459.772,8.010,56.068,1.001,4.005,1781,2693,1.450,1.380,0.840,1,0,75.091,0,0,18,291,4,36,0
10-07 13:47:57,23.495,5.499,71.736,0,0,4535268,195576,171524,3060676,4998.020,1735.660,0,0,0,0,1894,2928,1.450,1.380,0.840,2,0,69.986,0,0,18,291,4,36,0
10-07 13:47:58,22.898,5.973,70.685,0,0,4521420,209404,171524,3060696,5251.573,1612.805,0,187.165,0,20.907,2010,3274,1.450,1.380,0.840,2,0,55.751,0,0,18,291,4,36,0
10-07 13:47:59,24.861,2.762,71.820,0,0,4566660,164148,171524,3060712,4718.009,1627.246,0,104.465,0,8.036,1552,2336,1.420,1.380,0.840,2,0,0,0,0,18,291,4,39,0
10-07 13:48:00,22.990,4.248,70.718,0,0,4562040,168756,171524,3060724,6602.003,1619.265,0,131.940,0,8.996,1693,2607,1.420,1.380,0.840,2,0,27.987,0,0,18,291,4,40,0
10-07 13:48:01,22.523,5.506,71.323,0.250,0,4541680,188960,171524,3060880,5087.189,1621.654,0,260.265,0,35.036,2001,3237,1.420,1.380,0.840,2,0,47.048,0,0,18,291,4,40,0
10-07 13:48:02,23.476,3.996,70.928,0,0,4527988,202636,171524,3060892,6027.876,1692.281,0,211.785,0,15.984,1883,2886,1.420,1.380,0.840,2,0,27.972,0,0,18,291,4,42,0
10-07 13:48:03,22.791,5.760,70.377,0.250,0,4506968,223620,171524,3060928,5375.692,1534.767,16.029,1142.059,1.002,154.278,2420,4095,1.420,1.380,0.840,3,0,75.135,0,0,18,291,4,42,0
10-07 13:48:04,23.015,4.253,70.795,0.500,0,4556204,174284,171524,3061028,6415.099,1963.255,80.051,576.368,5.003,26.017,1893,3136,1.460,1.390,0.850,2,0,15.010,0,0,18,291,5,42,0
10-07 13:48:05,23.079,4.219,71.470,0,0,4530776,199700,171524,3061040,5384.109,1751.027,0,178.676,0,10.919,1681,2645,1.460,1.390,0.850,3,0,46.654,0,0,18,291,5,44,0
10-07 13:48:06,23.637,3.269,72.168,0.251,0,4514956,215392,171524,3061168,4872.225,1703.871,120.699,209.212,12.070,10.058,1746,2745,1.460,1.390,0.850,1,0,14.082,0,0,18,291,5,46,0
10-07 13:48:07,27.292,4.006,67.354,0.751,0,4545732,183696,171528,3062084,5304.211,1696.626,548.850,1113.724,42.065,153.237,3009,6115,1.460,1.390,0.850,1,0,0,0,0,18,293,5,46,0
10-07 13:48:08,23.212,2.746,70.635,0.499,0,4540432,188776,171528,3062304,7256.143,1617.357,35.941,3913.605,1.997,240.607,2130,3772,1.460,1.390,0.850,2,0,4.992,0,0,18,291,5,47,0
10-07 13:48:09,25.312,6.516,67.665,0.501,0,4483184,245984,171528,3062344,42436.205,1545.759,48.117,986.399,3.007,125.305,3580,6856,1.430,1.380,0.850,2,0,76.185,0,0,18,291,5,48,0
10-07 13:48:10,10.751,21.751,67.504,0.750,0,4498612,230344,171532,3062552,5555.317,1768.101,0,3384.193,0,206.012,4505,8005,1.430,1.380,0.850,2,0,667.038,0,0,18,291,5,48,0
10-07 13:48:11,9.482,20.961,67.872,0,0,4505164,223764,171532,3062580,7776.349,1690.815,0,223.579,0,23.955,4030,6841,1.430,1.380,0.850,2,0,610.849,0,0,18,291,5,48,0
10-07 13:48:12,12.018,19.530,67.101,0,0,4504092,224792,171532,3062624,5516.335,1622.452,0,148.224,0,20.030,4138,7122,1.430,1.380,0.850,5,0,654.990,0,0,18,291,5,48,0
10-07 13:48:13,11.985,20.975,66.170,0,0,4508016,220824,171532,3062668,6999.517,1618.039,0,3455.812,0,388.529,5221,9388,1.430,1.380,0.850,2,0,673.184,0,0,18,291,5,48,0
10-07 13:48:14,12.494,19.241,66.470,0.250,0,4504384,224304,171532,3062820,5678.473,1619.279,0,571.746,0,41.981,4180,7459,1.470,1.390,0.850,1,0,585.739,0,0,18,291,5,48,0
10-07 13:48:15,10.232,19.215,69.126,0,0,4508452,220176,171532,3062880,6497.318,1617.092,3.993,187.663,0.998,14.973,3723,6322,1.470,1.390,0.850,2,0,533.042,0,0,18,291,5,48,0
10-07 13:48:16,20.262,7.254,70.792,0,0,4535968,266772,172160,2995716,9969.912,1662.986,120.071,168.100,13.008,9.005,8804,17593,1.470,1.390,0.850,2,0,50.030,0,0,18,291,5,48,0
10-07 13:48:17,13.759,2.752,81.301,0.500,0,4556988,242620,172368,2998332,7789.923,2518.592,0,3314.095,0,33.021,1522,2603,1.470,1.390,0.850,1,0,3.002,0,0,18,292,5,41,0
10-07 13:48:18,11.494,1.000,85.458,0,0,4558476,240856,172400,2998576,18738.762,6551.770,75.963,515.746,9.995,15.992,1263,1921,1.470,1.390,0.850,1,0,0,0,0,18,293,5,41,0
10-07 13:48:19,18.264,1.501,77.809,1.001,0,4566688,232048,172460,2999028,19942.096,12516.475,352.267,1397.058,34.026,80.061,1991,3293,1.350,1.370,0.850,1,0,0,0,0,18,293,5,41,0
10-07 13:48:20,4.498,0.750,94.201,0.250,0,4567072,231544,172472,2999136,9412.068,3990.909,111.941,563.705,11.994,26.986,1190,2000,1.350,1.370,0.850,0,0,0,0,0,18,293,5,41,0
10-07 13:48:21,18.759,1.251,79.040,0.500,0,4583164,214408,172524,3000076,20124.082,11381.702,712.357,1064.533,45.023,40.020,1555,2416,1.350,1.370,0.850,1,0,0,0,0,18,293,5,38,0
10-07 13:48:22,15.677,0.995,80.876,0.995,0,4587452,209620,172584,3000476,21940.503,12957.061,334.453,1325.867,33.843,47.779,1688,2685,1.350,1.370,0.850,2,0,0,0,0,18,293,5,38,0
10-07 13:48:23,19.591,2.009,76.354,1.256,0.251,4587068,188200,172636,3022228,16494.369,8527.482,8185.901,2234.345,208.968,41.191,1848,2840,1.350,1.370,0.850,2,0,0,0,0,18,292,5,34,1
10-07 13:48:24,22.749,5.000,70.998,1.000,0,4611216,133624,173648,3049632,4018.891,1511.959,0,3255.912,0,145.996,1802,3131,1.330,1.360,0.850,2,0,2.000,0,0,18,292,5,34,1
10-07 13:48:25,22.249,4.000,71.747,1.500,0,4601924,124352,174828,3064984,4736.801,1619.932,0,3263.863,0,154.993,1691,2957,1.330,1.360,0.850,1,0,0,0,0,18,292,5,24,1
10-07 13:48:26,26.620,5.473,66.426,0.498,0,4534516,212156,175316,3043276,7743.182,1870.863,413.978,1413.098,7.961,49.757,2019,5445,1.330,1.360,0.850,2,0,36.820,0,0,18,291,5,25,0
10-07 13:48:27,23.627,4.776,70.127,0,0,4568028,176768,175436,3045016,5041.131,1628.766,0,0,0,0,9323,18765,1.330,1.360,0.850,1,0,15.081,0,0,18,291,5,21,0
10-07 13:48:28,24.226,5.744,68.932,0.250,0.250,4576400,168248,175444,3045156,8196.861,1618.393,0,1886.127,0,23.976,9007,17949,1.330,1.360,0.850,2,0,12.987,0,0,18,291,5,21,0
10-07 13:48:29,23.765,4.503,70.544,0,0,4519976,224648,175444,3045180,5163.201,1621.005,32.020,436.270,1.001,22.014,2148,3240,1.300,1.360,0.850,2,0,51.032,0,0,18,291,5,20,0
10-07 13:48:30,23.520,6.756,69.309,0,0,4554188,190412,175444,3045204,8332.091,1621.380,0,204.174,0,9.008,9474,18740,1.300,1.360,0.850,1,0,15.013,0,0,18,291,5,20,0
10-07 13:48:31,22.513,7.504,67.790,0,0,4562312,182148,175444,3045312,7600.538,1512.903,0,268.160,0,10.006,16449,34095,1.300,1.360,0.850,2,0,15.009,0,0,18,291,5,20,0
10-07 13:48:32,23.969,3.246,71.907,0,0,4511180,233372,175448,3045212,5192.286,1617.908,0,575.256,0,29.961,1551,2303,1.300,1.360,0.850,2,0,12.983,0,0,18,291,5,20,0
10-07 13:48:33,23.257,5.001,70.771,0,0,4499444,245108,175448,3045212,5591.622,1714.497,0,352.102,0,19.006,1901,2928,1.300,1.360,0.850,2,0,57.017,0,0,18,291,5,17,0
10-07 13:48:34,23.744,5.249,69.482,0.500,0,4526472,203128,175980,3058036,5981.415,1565.585,3.999,7873.913,1.000,239.936,10841,21194,1.280,1.350,0.850,2,0,48.987,0,0,18,291,5,17,0
10-07 13:48:35,6.995,1.249,90.190,0,0,4532232,195888,176076,3059188,9219.896,3726.533,0,0,0,0,1127,1866,1.280,1.350,0.850,1,0,2.998,0,0,18,292,5,15,0
10-07 13:48:36,17.903,1.243,79.570,0.249,0,4543652,184296,176120,3059316,20575.911,8037.605,0,1106.029,0,21.882,1335,2041,1.280,1.350,0.850,2,0,0,0,0,18,293,5,15,0
10-07 13:48:37,16.589,1.257,79.426,0.503,0,4544632,182812,176212,3059636,57854.272,17359.097,0,1568.411,0,56.302,1735,2546,1.280,1.350,0.850,0,0,0,0,0,18,294,5,15,0
10-07 13:48:38,17.760,1.751,79.294,0.750,0,4556988,170212,176356,3059700,122135.274,14669.200,0,1672.935,0,78.044,1599,2455,1.280,1.350,0.850,1,0,0,0,0,18,294,5,15,0
10-07 13:48:39,34.495,4.749,59.492,0.250,0,4602536,124180,176428,3060024,78987.021,16456.713,511.929,1623.774,3.999,62.991,2141,2920,1.330,1.360,0.860,2,0,7.999,0,0,18,294,5,15,0
10-07 13:48:40,20.741,4.998,71.469,1.000,0,4584912,154060,176836,3047124,306414.710,26041.672,535.767,3810.343,7.997,181.921,2276,3262,1.330,1.360,0.860,0,0,3.998,0,0,18,294,5,15,0
10-07 13:48:41,16.775,1.502,79.117,1.001,0,4583296,138376,176940,3064212,4572927.224,43865.096,76.113,5704.465,6.009,57.085,2784,2910,1.330,1.360,0.860,0,0,3.004,0,0,18,293,5,15,1
10-07 13:48:42,14.728,3.744,78.632,0.749,0,4576464,129036,177092,3080000,13135046.970,70033.230,167.749,14178.789,7.988,84.873,4794,3322,1.330,1.360,0.860,1,0,9.985,0,0,18,293,5,15,1
10-07 13:48:43,22.838,3.764,71.273,1.255,0,4579884,135844,180344,3063176,7503.785,1700.523,0,5717.934,0,150.578,1949,3324,1.330,1.360,0.860,2,0,0,0,0,18,293,5,15,1
10-07 13:48:44,23.160,4.233,71.222,0.747,0,4605772,135864,180892,3035804,7761.729,1613.707,0,3621.875,0,317.761,1761,2772,1.330,1.360,0.860,3,0,1.992,0,0,18,293,5,15,1
10-07 13:48:45,22.549,4.259,71.405,0.752,0,4598700,136292,181900,3039028,10083.943,1697.694,0,2301.007,0,90.196,1713,2728,1.310,1.350,0.860,2,0,0,0,0,18,293,5,15,1
10-07 13:48:46,22.960,2.496,72.125,0.499,0,4585496,128288,183464,3056376,10987.892,1509.375,0,1157.986,0,49.913,1497,2280,1.310,1.350,0.860,2,0,0,0,0,18,293,5,15,1
10-07 13:48:47,20.742,3.499,73.970,1.249,0,4580896,136308,184580,3049836,9239.258,2944.807,0,3962.395,0,103.958,1636,2660,1.310,1.350,0.860,2,0,0,0,0,18,294,5,15,1
10-07 13:48:48,22.544,2.254,73.643,0,0,4540700,207812,184608,3018564,7098.793,3042.912,20.039,468.911,3.006,8.016,1415,1964,1.310,1.350,0.860,2,0,6.012,0,0,18,291,5,15,0
10-07 13:48:49,23.500,5.500,69.501,0,0,4563484,183116,184692,3020256,10666.149,1620.023,4.000,15320.214,1.000,46.001,9796,19179,1.310,1.350,0.860,2,0,12.000,0,0,18,291,5,15,0
10-07 13:48:50,23.342,4.718,69.033,0.248,0,4562596,183856,184692,3020400,8125.979,1555.468,0,2650.056,0,34.765,8596,17650,1.360,1.370,0.860,2,0,12.913,0,0,18,291,5,15,0
10-07 13:48:51,23.265,4.003,72.047,0,0,4522208,224164,184692,3020480,6016.899,1695.098,0,96.062,0,3.002,1431,2010,1.360,1.370,0.860,2,0,6.004,0,0,18,291,5,15,0
10-07 13:48:52,24.402,4.780,70.940,0.503,0.252,4548828,193728,185056,3023280,4844.077,1630.121,813.048,1867.596,20.125,44.275,2751,5196,1.360,1.370,0.860,2,0,0,0,0,18,292,5,19,0
10-07 13:48:53,26.527,5.005,66.066,1.502,0,4505492,235956,185056,3024384,5512.535,1513.520,752.756,2382.392,40.040,286.287,4837,9798,1.360,1.370,0.860,2,0,77.077,0,0,18,295,5,21,0
10-07 13:48:54,13.434,15.425,68.416,1.244,0,4500908,236484,185056,3028532,6411.692,1612.128,4020.369,19691.845,119.417,302.523,3915,6698,1.360,1.370,0.860,1,1,372.183,0,0,18,295,5,23,0
10-07 13:48:55,6.491,4.244,73.146,14.230,0,4490000,211788,185056,3064136,6356.979,1617.704,35537.572,1853.370,2337.683,242.656,3755,6617,1.330,1.360,0.870,1,1,0,0,0,18,295,5,23,0
10-07 13:48:56,6.770,2.758,81.741,6.018,0,4496580,200000,185056,3069320,9601.285,3256.594,5139.140,2728.037,975.875,87.257,2486,4426,1.330,1.360,0.870,1,0,6.018,0,0,18,296,5,21,0
10-07 13:48:57,2.501,0.750,95.528,0,0,4497340,199244,185056,3069316,41598.396,4302.282,0,76.023,0,7.002,1111,1795,1.330,1.360,0.870,0,0,0,0,0,18,296,5,21,0
10-07 13:48:58,4.998,2.749,90.213,0.250,0,4472144,221532,185252,3071952,79151.943,128407.995,2646.928,935.621,55.977,19.992,1559,2462,1.330,1.360,0.870,0,0,26.989,0,0,18,295,5,21,0
10-07 13:48:59,2.735,1.741,93.750,0.249,0,4474888,218844,185252,3072000,5041.116,1685.014,0,48525.215,0,118.369,1436,2280,1.330,1.360,0.870,1,0,0,0,0,18,295,5,21,0
10-07 13:49:00,3.771,0.503,95.544,0,0,4475180,218592,185252,3072000,9973.801,1595.084,0,784.468,0,4.023,1141,1888,1.230,1.340,0.860,0,0,0,0,0,18,295,5,18,0
10-07 13:49:01,2.251,0.750,96.529,0,0,4475180,218592,185252,3072000,5651.724,1620.494,0,8.002,0,2.001,994,1751,1.230,1.340,0.860,0,0,0,0,0,18,295,5,18,0
10-07 13:49:02,2.000,0.500,96.238,0,0,4475180,218592,185252,3072000,4277.452,1565.800,0,0,0,0,1003,1686,1.230,1.340,0.860,0,0,0,0,0,18,295,5,16,0
10-07 13:49:03,3.251,1.500,93.027,0.750,0,4475036,218592,185256,3072136,17343.047,1714.499,20.006,584.170,2.001,84.024,1890,3326,1.230,1.340,0.860,1,0,0,0,0,18,295,4,16,0
10-07 13:49:04,1.749,1.499,95.669,0.250,0,4476400,217164,185256,3072168,5429.407,1712.551,0,25790.182,0,404.658,1400,2151,1.230,1.340,0.860,1,0,1.998,0,0,18,295,4,15,0
10-07 13:49:05,2.740,1.245,95.143,0.249,0,4476608,217164,185256,3072168,5222.395,1613.941,0,107.596,0,13.948,1166,2042,1.130,1.310,0.860,1,0,0,0,0,18,295,4,15,0
10-07 13:49:06,2.762,0.251,96.159,0,0,4476608,217164,185256,3072168,5479.331,1612.868,0,686.925,0,115.492,1063,1813,1.130,1.310,0.860,0,0,0,0,0,18,295,4,11,0
10-07 13:49:07,2.499,0.750,95.473,0,0,4476608,217164,185256,3072168,6447.201,1619.548,0,35.990,0,4.999,1080,1795,1.130,1.310,0.860,0,0,0,0,0,18,295,4,11,0
10-07 13:49:08,2.250,0.750,96.253,0,0,4476608,217164,185256,3072168,5864.211,1780.064,0,84.003,0,10.000,1126,1880,1.130,1.310,0.860,0,0,0,0,0,18,295,4,10,0
10-07 13:49:09,2.501,0.250,96.026,0,0,4476596,217164,185256,3072172,42216.441,1620.439,0,2532.686,0,6.002,1185,1870,1.130,1.310,0.860,0,0,0,0,0,18,295,4,10,0
10-07 13:49:10,1.493,0.747,96.306,0,0,4476592,217164,185256,3072176,8747.691,1652.386,0,111.486,0,2.986,1073,1786,1.040,1.290,0.850,2,0,0,0,0,18,295,4,9,0
10-07 13:49:11,1.997,0.999,96.119,0,0,4476592,217164,185256,3072176,5747.172,1617.797,0,7.989,0,0.999,1019,1719,1.040,1.290,0.850,1,0,0,0,0,18,295,4,9,0
10-07 13:49:12,2.515,0,95.811,0.503,0,4476592,217164,185256,3072176,6699.251,1629.548,0,100.589,0,12.071,1223,2090,1.040,1.290,0.850,0,0,0,0,0,18,295,4,9,0
10-07 13:49:13,2.989,1.993,94.401,0,0,4476584,217164,185256,3072184,5974.923,1506.434,0,326.793,0,34.871,1377,2467,1.040,1.290,0.850,1,0,0,0,0,18,295,4,9,0
10-07 13:49:14,2.517,1.007,95.157,0,0,4476944,216688,185256,3072192,6131.306,1701.742,0,25334.810,0,60.417,1219,1941,1.040,1.290,0.850,1,0,2.014,0,0,18,295,4,9,0
10-07 13:49:15,4.484,1.246,92.925,0.249,0,4477024,216688,185256,3072200,8534.173,1688.100,0,17933.323,0,50.822,1512,2366,1.030,1.290,0.850,1,0,0,0,0,18,295,4,9,0
10-07 13:49:16,4.977,1.991,92.328,0,0,4476980,216688,185256,3072244,11619.828,1612.621,0,330.488,0,21.900,2067,3711,1.030,1.290,0.850,1,0,0,0,0,18,295,4,9,0
10-07 13:49:17,5.275,1.758,92.690,0,0,4476844,216688,185256,3072372,5639.795,1573.476,0,156.745,0,13.062,1463,2489,1.030,1.290,0.850,1,0,0,0,0,18,295,4,11,0
10-07 13:49:18,2.000,0.750,96.012,0,0,4476844,216688,185256,3072372,6597.805,1714.209,0,0,0,0,1063,1782,1.030,1.290,0.850,0,0,0,0,0,18,295,4,11,0
10-07 13:49:19,2.000,0.250,96.022,0,0,4476840,216688,185256,3072376,5601.300,1620.376,0,4.001,0,1.000,1054,1765,1.030,1.290,0.850,0,0,0,0,0,18,295,4,11,0
10-07 13:49:20,1.000,2.250,93.995,0.500,0,4479212,214420,185256,3072376,5157.706,1511.914,0,94974.586,0,354.980,1838,2872,0.950,1.270,0.850,0,0,0,0,0,18,295,4,11,0
10-07 13:49:21,2.251,0.250,96.038,0,0,4479124,214420,185256,3072376,6008.397,1620.647,0,0,0,0,1034,1690,0.950,1.270,0.850,1,0,0,0,0,18,295,4,11,0
10-07 13:49:22,2.001,1.251,95.792,0,0,4479348,214196,185256,3072376,4838.109,1620.707,0,868.379,0,152.066,1176,2021,0.950,1.270,0.850,1,0,0,0,0,18,295,4,11,0
10-07 13:49:23,1.997,0.999,95.360,0,0,4479340,214196,185256,3072384,6502.454,1659.564,0,215.683,0,23.965,1389,2418,0.950,1.270,0.850,0,0,0,0,0,18,295,4,11,0
10-07 13:49:24,1.750,1.500,95.004,0.500,0,4479588,213948,185256,3072384,3948.170,1694.073,0,436.019,0,33.001,1209,1946,0.950,1.270,0.850,0,0,2.000,0,0,18,295,4,11,0
10-07 13:49:25,2.252,1.001,96.070,0,0,4479564,213948,185256,3072388,5659.137,1641.200,0,2185.598,0,11.008,1044,1750,0.870,1.240,0.840,0,0,0,0,0,18,295,4,11,0
10-07 13:49:26,6.748,3.249,88.226,0,0,4455100,238412,185256,3072388,5208.599,1661.553,0,0,0,0,1778,7869,0.870,1.240,0.840,1,0,33.991,0,0,18,295,4,11,0
10-07 13:49:27,2.502,0.751,96.094,0,0,4454928,238572,185256,3072396,8607.461,1587.561,0,284.279,0,9.009,1097,1786,0.870,1.240,0.840,0,0,0,0,0,18,295,4,11,0
10-07 13:49:28,1.989,0.497,95.697,0,0,4454928,238572,185256,3072396,7928.199,1008.176,0,103.403,0,12.925,1172,2134,0.870,1.240,0.840,1,0,0,0,0,18,295,4,11,0
10-07 13:49:29,8.289,2.010,87.919,0.251,0,4467264,225940,185276,3072672,226690.500,4191.962,136.651,172.823,5.024,11.053,1471,2171,0.870,1.240,0.840,1,0,8.038,0,0,18,295,4,11,0
10-07 13:49:30,10.752,3.751,84.265,0,0,4482048,211012,185304,3072748,350449.782,10331.880,208.038,444.081,8.001,13.002,1928,2538,0.880,1.240,0.840,1,0,38.007,0,0,18,295,4,11,0
