"pcp-dstat 6.2.0 CSV Output"
"Author:","PCP team <pcp@groups.io> and Dag Wieers <dag@wieers.com>",,,,"URL:","https://pcp.io/ and http://dag.wieers.com/home-made/dstat/"
"Host:","ubuntu",,,,"User:","ubuntu"
"Cmdline:","dstat -tcmndrylpg --tcp --output /tmp/devstack_logs/dstat-csv.log",,,,"Date:","21 Apr 2026 07:49:42 UTC"
"system","total usage",,,,,"memory usage",,,,"net/total",,"dsk/total",,"io/total",,"system",,"load avg",,,"procs",,,"paging",,"tcp sockets",,,,
"time","total usage:usr","total usage:sys","total usage:idl","total usage:wai","total usage:stl","used","free","buf","cach","net/total:recv","net/total:send","dsk/total:read","dsk/total:writ","read","writ","int","csw","1m","5m","15m","run","blk","new","in","out","lis","act","syn","tim","clo"
21-04 07:49:42,,1019644,1383972,166960,5238864,,,,,,,1.210,0.680,0.420,1,0,,,,10,4,0,17,0
21-04 07:49:43,7.976,20.189,69.291,0.249,0,1029636,1373940,166964,5238900,4624.073,1453.622,0,1164.493,0,50.847,5322,3997,1.210,0.680,0.420,1,0,275.171,0,0,10,4,0,17,0
21-04 07:49:44,7.497,20.993,68.976,0,0,1028312,1375232,166964,5238932,4576.381,1457.484,0,155.945,0,12.995,4983,3274,1.210,0.680,0.420,2,0,286.898,0,0,10,4,0,17,0
21-04 07:49:45,11.754,21.507,65.271,0,0,1019900,1383480,166964,5239508,4565.476,1446.467,0,24.008,0,6.002,6145,5471,1.190,0.690,0.430,2,0,295.095,0,0,10,4,0,17,0
21-04 07:49:46,25.205,15.223,58.645,0,0,1011304,1391728,167004,5239676,22543.693,5612.964,0,475.150,0,14.973,5275,5087,1.190,0.690,0.430,5,0,259.536,0,0,10,4,0,17,1
21-04 07:49:47,18.005,8.002,72.019,0.500,0,1129684,1272732,167112,5364484,23966.233,9053.355,0,972.253,0,31.008,3575,5098,1.190,0.690,0.430,1,0,44.011,0,0,11,5,0,17,1
21-04 07:49:48,20.075,8.030,71.015,0.502,0,1123948,1277816,167284,5364912,34639.208,14688.791,0,3842.332,0,241.902,3017,2189,1.190,0.690,0.430,1,0,85.318,0,0,11,7,0,17,1
21-04 07:49:49,30.752,12.001,55.754,0.500,0,1133412,1267804,167424,5365156,22453.717,12329.943,0,5160.395,0,72.006,4272,2938,1.190,0.690,0.430,2,0,165.013,0,0,11,9,0,18,1
21-04 07:49:50,34.177,7.235,57.128,0.748,0,1195560,1204564,167616,5365836,39364.776,12787.640,31.932,2929.732,1.996,69.851,3159,2268,1.170,0.690,0.430,1,0,29.936,0,0,11,7,0,19,1
21-04 07:49:51,37.245,4.249,55.742,0.500,0,1228108,1150824,168044,5385252,181466.806,14047.050,0,3203.555,0,66.991,3074,2012,1.170,0.690,0.430,3,0,2.000,0,0,11,6,0,19,2
21-04 07:49:52,34.544,6.508,46.059,10.513,0,1269292,1086464,169836,5403960,3998.125,756.970,0,28180.122,0,1943.491,9439,17400,1.170,0.690,0.430,3,1,40.051,0,0,11,8,0,19,2
21-04 07:49:53,38.036,6.006,45.793,9.008,0,1207128,1127188,170596,5422596,4850.534,1567.465,0,33126.962,0,2557.390,10452,18108,1.170,0.690,0.430,3,0,52.049,0,0,11,6,0,19,2
21-04 07:49:54,39.711,10.490,45.455,3.996,0,1273584,1034860,171660,5444960,4407.645,1510.508,0,28328.011,0,1654.365,6114,8908,1.170,0.690,0.430,1,1,64.936,0,0,11,6,0,19,2
21-04 07:49:55,43.354,4.983,48.337,1.246,0.249,1314676,963408,172688,5471368,4622.430,1453.105,0,3448.385,0,246.171,3305,2362,1.320,0.730,0.440,3,0,0,0,0,11,6,0,19,2
21-04 07:49:56,40.841,5.262,51.114,1.754,0,1332424,954568,173264,5460880,10778.010,4260.491,0,9208.514,0,546.217,3777,3748,1.320,0.730,0.440,3,0,10.022,0,0,11,4,0,19,0
21-04 07:49:57,44.257,6.751,47.758,0.500,0,1328904,958156,173300,5460828,4863.770,1566.248,0,7477.183,0,418.066,3456,2624,1.320,0.730,0.440,3,0,19.003,0,0,11,4,0,19,0
21-04 07:49:58,33.341,14.791,50.388,0.501,0,1289008,991832,173412,5466460,10137.820,3872.627,0,3958.864,0,211.581,5139,4025,1.320,0.730,0.440,2,0,315.867,0,0,11,4,0,19,0
21-04 07:49:59,25.495,23.496,49.491,0,0,1275564,1003564,173428,5467952,11471.867,4506.162,0,14361.330,0,152.972,5989,4597,1.320,0.730,0.440,3,0,415.923,0,0,11,5,0,19,0
21-04 07:50:00,44.441,21.222,33.206,0.499,0,1258224,1014808,173860,5472636,4931.438,1777.635,0,1625.837,0,114.847,13039,21427,1.700,0.820,0.470,5,0,267.644,0,0,11,4,0,19,0
21-04 07:50:01,64.451,13.490,20.235,0,0,1332824,939816,173952,5472940,5082.118,1648.740,0,127.902,0,1.998,11265,17863,1.700,0.820,0.470,3,0,41.968,0,0,11,5,0,19,0
21-04 07:50:02,64.884,10.772,24.300,0.251,0,1268420,1016384,173968,5462160,5159.626,1515.120,0,3030.241,0,208.429,4014,1944,1.700,0.820,0.470,4,0,16.033,0,0,11,5,0,19,0
21-04 07:50:03,48.239,11.497,39.241,0.250,0,1264824,1017632,173976,5464480,5698.751,1619.645,0,2695.409,0,169.963,4931,5066,1.700,0.820,0.470,2,0,134.970,0,0,11,4,0,19,0
21-04 07:50:04,7.731,6.734,83.797,0.249,0,1266028,1016404,173976,5464480,4848.235,1616.078,0,454.896,0,21.947,2178,2004,1.700,0.820,0.470,1,0,66.838,0,0,11,4,0,19,0
21-04 07:50:05,22.004,4.751,72.512,0,0,1329776,952676,173976,5464484,5220.900,1620.279,0,16454.835,0,216.037,2052,1544,1.640,0.820,0.480,2,0,0,0,0,11,4,0,13,0
21-04 07:50:06,24.248,1.750,73.495,0,0.250,1352772,929492,173976,5464672,5325.612,1565.886,0,7.999,0,2.000,1754,1161,1.640,0.820,0.480,1,0,0,0,0,11,4,0,13,0
21-04 07:50:07,21.275,4.255,71.835,1.001,0,1320060,962000,174064,5464852,4766.609,1405.654,0,1509.776,0,199.234,3816,4864,1.640,0.820,0.480,1,0,20.024,0,0,11,4,0,15,0
21-04 07:50:08,20.974,4.994,72.411,0.749,0,1320000,962000,174256,5464720,3509.674,593.269,143.823,2588.809,6.991,150.814,2199,1946,1.640,0.820,0.480,1,0,22.972,0,0,11,4,0,15,0
21-04 07:50:09,19.741,2.499,76.715,0,0,1339724,941880,174260,5465056,8383.186,5763.378,0,3670.330,0,140.936,2534,2460,1.640,0.820,0.480,1,0,1.000,0,0,11,17,0,15,0
21-04 07:50:10,19.551,4.762,74.195,0.501,0,1323220,958040,174300,5465304,8948.475,5952.616,268.705,29369.044,66.174,211.555,2744,2576,1.590,0.830,0.480,1,0,39.103,0,0,11,28,0,16,0
21-04 07:50:11,22.189,3.989,73.298,0,0,1340608,940652,174300,5465304,4280.196,1507.842,0,2253.785,0,13.961,1920,1312,1.590,0.830,0.480,1,0,6.981,0,0,11,28,0,16,0
21-04 07:50:12,16.528,3.256,79.135,0,0,1335076,946168,174300,5465320,11620.793,8631.702,0,12.020,0,2.003,2328,1866,1.590,0.830,0.480,1,0,25.043,0,0,11,28,0,17,0
21-04 07:50:13,38.916,14.968,43.905,0,0,1435240,845992,174300,5465300,4610.068,1616.517,0,11.974,0,2.994,4404,11435,1.590,0.830,0.480,2,0,166.641,0,0,11,28,0,16,0
21-04 07:50:14,32.963,4.745,60.432,0,0,1475100,806108,174300,5465356,14228.997,12597.832,0,902.984,0,3.996,3734,3565,1.590,0.830,0.480,0,0,0,0,0,11,30,0,16,0
21-04 07:50:15,39.693,19.847,39.442,0,0,1436252,844764,174300,5465548,14168.966,9613.794,0,2206.741,0,52.254,7064,8243,1.540,0.830,0.480,5,0,418.035,0,0,11,28,0,17,0
21-04 07:50:16,78.357,18.965,0.250,0,0,1603632,677336,174300,5465592,4689.438,1455.343,0,11.978,0,2.995,4970,3156,1.540,0.830,0.480,6,0,161.705,0,0,11,28,0,17,0
21-04 07:50:17,79.597,12.265,5.757,0,0,1739100,541672,174300,5465676,29121.377,25724.250,0,0,0,0,6244,6486,1.540,0.830,0.480,5,0,0,0,0,11,33,0,16,0
21-04 07:50:18,75.671,11.738,11.488,0.250,0,1578812,701720,174324,5465900,26077.859,22148.948,0,779.189,0,74.922,7597,11435,1.540,0.830,0.480,3,0,192.799,0,0,11,29,0,21,0
21-04 07:50:19,18.219,9.733,70.628,0,0,1558464,722044,174324,5465924,6641.555,2757.249,0,291.498,0,22.960,3196,2913,1.540,0.830,0.480,1,0,116.799,0,0,11,28,0,22,0
21-04 07:50:20,18.760,2.751,77.791,0,0,1550364,730132,174332,5465928,9061.806,5598.969,0,1084.575,0,16.008,1935,1612,1.500,0.830,0.490,1,0,0,0,0,11,29,0,22,0
21-04 07:50:21,16.757,5.502,75.781,0,0,1472268,808176,174364,5465948,8023.304,4795.975,0,852.351,0,63.026,3515,3541,1.500,0.830,0.490,1,0,59.024,0,0,11,28,0,23,0
21-04 07:50:22,21.736,4.497,73.704,0,0,1497272,783172,174364,5465948,5533.527,1660.957,0,0,0,0,1899,1289,1.500,0.830,0.490,1,0,9.994,0,0,11,28,0,23,0
21-04 07:50:23,15.492,1.999,81.707,0,0,1493084,787344,174368,5465960,12363.444,8646.415,0,139.926,0,18.990,2667,3173,1.500,0.830,0.490,2,0,0,0,0,11,28,0,24,0
21-04 07:50:24,10.774,19.293,68.903,0.251,0,1433916,846496,174376,5465972,4870.797,1623.599,0,881.955,0,49.109,5532,4367,1.500,0.830,0.490,1,0,465.031,0,0,11,28,0,24,0
21-04 07:50:25,55.077,28.790,15.772,0,0,1495796,784572,174376,5466016,4838.741,1514.109,0,75088.607,0,344.480,6509,5474,1.540,0.850,0.490,5,0,574.801,0,0,11,28,0,24,0
21-04 07:50:26,82.496,9.720,7.228,0,0,1680636,599708,174380,5466036,17499.046,15415.471,0,1607.045,0,14.954,5103,2780,1.540,0.850,0.490,2,0,0,0,0,11,33,0,24,0
21-04 07:50:27,72.801,9.006,17.512,0.250,0,1695884,584236,174388,5466252,41049.914,36098.426,0,428.302,0,38.027,9816,15273,1.540,0.850,0.490,6,0,30.021,0,0,11,30,0,25,0
21-04 07:50:28,78.001,22.000,0.250,0,0,1590764,689108,174388,5466500,7312.111,2900.044,0,380.006,0,37.001,5725,5169,1.540,0.850,0.490,7,0,280.004,0,0,11,28,0,25,0
21-04 07:50:29,87.664,11.988,0.250,0,0,1750888,528964,174396,5466508,16305.915,13127.051,0,175.827,0,7.992,5230,3347,1.540,0.850,0.490,5,0,0,0,0,11,32,0,25,0
21-04 07:50:30,75.883,10.268,12.522,0,0,1764072,515400,174400,5466880,46648.988,43243.001,0,3081.416,0,148.261,9765,14861,1.740,0.900,0.510,3,0,50.088,0,0,11,32,0,27,0
21-04 07:50:31,53.520,15.506,30.262,0,0,1483736,795664,174408,5466944,16236.190,11590.419,0,11636.437,0,102.039,6801,8194,1.740,0.900,0.510,3,0,249.095,0,0,11,28,0,30,0
21-04 07:50:32,36.758,4.251,58.012,0.250,0,1491996,787388,174408,5466960,10934.339,9213.971,0,144.031,0,8.002,2795,2013,1.740,0.900,0.510,1,0,0,0,0,11,30,0,30,0
21-04 07:50:33,35.516,7.753,55.274,0,0,1456976,822372,174412,5466992,17103.568,12530.545,0,260.115,0,27.012,5401,6133,1.740,0.900,0.510,3,0,89.039,0,0,11,28,0,32,0
21-04 07:50:34,53.243,21.747,24.247,0,0,1517800,761512,174416,5467024,4291.437,1511.802,0,243.968,0,14.998,4604,2919,1.740,0.900,0.510,3,0,288.962,0,0,11,28,0,27,0
21-04 07:50:35,50.457,6.245,42.714,0.250,0,1568844,710288,174416,5467188,23215.375,20363.786,0,1418.801,0,133.887,4603,5035,1.760,0.920,0.520,2,0,0,0,0,11,31,0,27,0
21-04 07:50:36,58.074,18.273,23.030,0.501,0,1468192,810972,174428,5467228,15652.070,11131.273,0,5719.334,0,376.483,6932,7922,1.760,0.920,0.520,4,0,258.331,0,0,11,28,0,28,0
21-04 07:50:37,74.322,8.978,16.211,0,0,1608292,670820,174440,5467268,16004.658,12210.747,0,291.302,0,18.955,4636,2619,1.760,0.920,0.520,3,0,0,0,0,11,32,0,28,0
21-04 07:50:38,65.833,7.760,25.532,0,0,1602800,676096,174448,5467476,39483.802,31623.888,0,400.505,0,35.044,9409,13384,1.760,0.920,0.520,4,0,50.063,0,0,11,28,0,28,0
21-04 07:50:39,57.936,19.728,21.476,0,0,1539260,739604,174452,5467504,7198.096,1726.105,0,223.754,0,12.986,4499,2771,1.760,0.920,0.520,3,0,273.699,0,0,11,28,0,28,0
21-04 07:50:40,51.745,5.749,41.746,0,0,1584776,694060,174456,5467528,21683.751,17129.223,0,175.982,0,8.999,4748,4375,1.860,0.960,0.540,2,0,0,0,0,11,31,0,28,0
21-04 07:50:41,52.882,18.296,28.321,0.251,0,1472624,805960,174468,5467720,20623.592,15262.180,0,1343.361,0,75.188,7741,9478,1.860,0.960,0.540,3,0,306.767,0,0,11,28,0,30,0
21-04 07:50:42,54.982,6.998,37.737,0,0,1540564,738000,174468,5467740,13487.511,10066.649,0,179.940,0,8.997,3807,2251,1.860,0.960,0.540,4,0,0,0,0,11,31,0,30,0
21-04 07:50:43,52.507,8.751,37.505,0,0,1500680,777544,174476,5468072,24924.246,21365.783,0,128.017,0,15.002,8099,9856,1.860,0.960,0.540,6,0,94.012,0,0,11,28,0,33,0
21-04 07:50:44,60.977,16.994,21.492,0,0,1560640,717556,174484,5468096,3712.597,1133.572,0,187.929,0,10.996,3889,2157,1.860,0.960,0.540,3,0,192.927,0,0,11,28,0,33,0
21-04 07:50:45,47.503,5.500,46.253,0.250,0,1596796,681196,174492,5468276,26483.574,23610.403,0,240.014,0,23.001,6069,7659,1.870,0.970,0.540,5,0,0,0,0,11,30,0,33,0
21-04 07:50:46,59.633,14.222,25.450,0.250,0,1534900,743044,174512,5468304,7978.358,4848.494,0,1161.722,0,76.849,5086,3871,1.870,0.970,0.540,3,0,111.781,0,0,11,28,0,35,0
21-04 07:50:47,52.700,6.244,39.962,0,0,1596280,681640,174512,5468328,19730.202,16483.296,0,0,0,0,4687,4194,1.870,0.970,0.540,3,0,0,0,0,11,31,0,35,0
21-04 07:50:48,52.429,21.072,25.838,0,0,1497664,780048,174536,5468512,15246.144,12021.114,0,401.373,0,45.154,7671,8950,1.870,0.970,0.540,6,0,429.469,0,0,11,28,0,37,0
21-04 07:50:49,78.748,21.499,0,0,0,1641512,636104,174580,5468564,4249.873,1349.960,0,2063.938,0,116.997,5617,4727,1.870,0.970,0.540,7,0,358.989,0,0,11,28,0,37,0
21-04 07:50:50,79.344,19.462,1.248,0,0,1764332,513208,174588,5468636,29967.984,26982.862,0,2586.906,0,107.788,6803,6829,2.200,1.060,0.570,6,0,363.285,0,0,11,32,0,35,0
21-04 07:50:51,74.597,22.279,2.253,0,0,1703124,574164,174604,5468872,38929.648,34851.342,0,893.162,0,59.077,8746,11906,2.200,1.060,0.570,6,0,472.615,0,0,11,29,0,36,0
21-04 07:50:52,81.290,18.509,0.250,0,0,1664264,612960,174608,5468944,10269.112,6798.384,0,292.145,0,21.010,5794,4554,2.200,1.060,0.570,5,0,232.116,0,0,11,28,0,36,0
21-04 07:50:53,75.944,10.742,13.490,0,0,1732620,544552,174620,5468984,27616.549,25427.171,0,123.908,0,7.994,6769,6711,2.200,1.060,0.570,3,0,0,0,0,11,33,0,36,0
21-04 07:50:54,66.312,15.014,17.767,0,0,1623412,653516,174620,5469232,38909.424,32997.890,0,20.019,0,5.005,9465,14376,2.200,1.060,0.570,4,0,279.261,0,0,11,29,0,40,0
21-04 07:50:55,14.998,26.246,57.242,0,0,1484048,792864,174620,5469248,5838.138,2808.585,0,19.997,0,4.999,6230,5035,2.180,1.070,0.580,3,0,518.923,0,0,11,28,0,41,0
21-04 07:50:56,51.658,35.187,12.977,0,0,1516648,760228,174620,5469284,5136.808,1563.203,0,718.714,0,10.980,6015,5267,2.180,1.070,0.580,4,0,802.564,0,0,11,28,0,41,0
21-04 07:50:57,71.809,8.757,18.515,0,0,1610808,665888,174628,5469456,21907.082,19125.786,0,252.208,0,14.012,4875,4249,2.180,1.070,0.580,2,0,0,0,0,11,32,0,41,0
21-04 07:50:58,60.930,14.733,24.222,0.250,0,1556300,720300,174680,5469500,22675.900,17320.065,0,607.301,0,72.916,8649,10929,2.180,1.070,0.580,4,0,200.769,0,0,11,28,0,45,0
21-04 07:50:59,78.030,13.255,9.003,0,0,1594044,682500,174688,5469548,11201.342,7884.056,0,236.092,0,12.005,4665,2427,2.180,1.070,0.580,5,0,67.026,0,0,11,30,0,45,0
21-04 07:51:00,62.066,8.008,29.281,0,0,1614440,661876,174688,5469776,38340.555,34601.600,0,180.191,0,8.008,8260,13158,2.250,1.110,0.590,2,0,0,0,0,11,32,0,45,0
21-04 07:51:01,58.265,8.252,32.008,0,0,1542624,733440,174712,5470004,36681.367,30712.843,0,556.142,0,35.009,11729,16679,2.250,1.110,0.590,6,0,54.014,0,0,11,30,0,45,0
21-04 07:51:02,75.041,14.958,9.224,0,0,1540212,735796,174720,5470052,13145.393,9124.590,0,406.867,0,37.894,5833,5815,2.250,1.110,0.590,3,0,66.814,0,0,11,29,0,45,0
21-04 07:51:03,66.681,8.241,24.724,0,0,1624864,650960,174720,5470236,28586.385,24088.045,0,179.814,0,10.989,5811,7365,2.250,1.110,0.590,3,0,0,0,0,11,32,0,45,0
21-04 07:51:04,58.730,8.533,31.875,0.251,0.251,1572396,703156,174720,5470508,46012.199,41373.030,0,180.708,0,10.039,11719,18762,2.250,1.110,0.590,3,0,71.279,0,0,11,30,0,47,0
21-04 07:51:05,72.521,18.005,9.003,0,0,1505208,770288,174728,5470556,19323.684,13915.093,0,3040.894,0,115.034,5934,7420,2.550,1.190,0.620,5,0,189.056,0,0,11,28,0,49,0
21-04 07:51:06,68.481,10.997,19.494,0,0,1630968,644508,174728,5470540,19180.544,16072.428,0,403.885,0,48.986,5259,4810,2.550,1.190,0.620,3,0,1.999,0,0,11,31,1,49,0
21-04 07:51:07,60.349,8.479,29.426,0,0,1632544,642672,174736,5470796,40238.330,35173.002,0,299.251,0,22.943,10450,15677,2.550,1.190,0.620,5,0,33.915,0,0,11,29,0,51,0
21-04 07:51:08,79.981,16.799,4.012,0,0,1587732,687320,174744,5470952,8787.391,4900.159,0,244.707,0,22.064,5476,3951,2.550,1.190,0.620,4,0,94.272,0,0,11,28,0,51,0
21-04 07:51:09,64.871,7.705,26.097,0,0,1633176,641832,174748,5470992,26414.575,23173.523,0,334.047,0,34.797,5371,5338,2.550,1.190,0.620,6,0,0.994,0,0,11,33,0,52,0
21-04 07:51:10,69.504,14.501,15.751,0,0,1640896,633880,174760,5471212,28642.646,24142.388,0,308.018,0,29.002,8437,12410,2.590,1.220,0.640,4,0,121.007,0,0,11,33,0,54,0
21-04 07:51:11,69.403,15.088,14.836,0,0,1638984,635748,174760,5471256,21229.319,17868.798,0,160.935,0,11.064,5940,5864,2.590,1.220,0.640,3,0,142.830,0,0,11,34,0,52,0
21-04 07:51:12,69.191,11.740,18.984,0,0,1606860,667820,174760,5471304,24121.437,19689.215,0,203.826,0,13.988,5768,7067,2.590,1.220,0.640,4,0,85.927,0,0,11,34,0,54,0
21-04 07:51:13,77.792,13.421,8.202,0,0,1607192,667332,174760,5474328,16677.727,12718.060,0,0,0,0,5807,10857,2.590,1.220,0.640,6,0,103.391,0,0,11,33,0,56,0
21-04 07:51:14,68.455,10.570,20.637,0,0,1608840,665624,174760,5471520,26214.331,22243.927,0,0,0,0,5976,11095,2.590,1.220,0.640,4,0,0,0,0,11,35,0,57,0
21-04 07:51:15,56.590,14.708,27.423,0.499,0,1539840,734572,174776,5471568,16968.073,12826.770,0,666.119,0,63.820,5719,6020,2.620,1.250,0.650,4,0,197.442,0,0,11,32,0,59,0
21-04 07:51:16,56.920,11.535,30.592,0,0,1547160,727116,174776,5471704,11021.971,8119.288,0,180.540,0,10.030,3920,2251,2.620,1.250,0.650,2,0,60.180,0,0,11,34,0,59,0
21-04 07:51:17,47.921,8.486,42.930,0,0,1548472,725560,174780,5471944,26821.061,22684.837,0,1401.704,0,20.966,6893,9639,2.620,1.250,0.650,2,0,62.897,0,0,11,34,0,60,0
21-04 07:51:18,58.834,14.270,26.538,0,0,1535848,738128,174796,5471980,9608.651,5345.594,0,216.307,0,12.017,5037,3881,2.620,1.250,0.650,3,0,119.169,0,0,11,32,0,62,0
21-04 07:51:19,50.487,5.998,42.739,0,0,1597160,676740,174804,5472048,22698.003,19371.882,0,243.936,0,14.996,4679,5054,2.620,1.250,0.650,3,0,0,0,0,11,35,0,55,0
21-04 07:51:20,38.239,9.747,50.736,0.250,0,1479252,794448,174820,5472228,19960.509,15953.611,0,415.886,0,35.990,6043,8233,2.650,1.280,0.660,2,0,152.958,0,0,11,32,0,58,0
21-04 07:51:21,39.503,11.501,48.504,0.250,0,1521904,751792,174820,5472232,4578.355,1458.113,0,152.012,0,9.001,3352,1925,2.650,1.280,0.660,2,0,69.005,0,0,11,32,0,58,0
21-04 07:51:22,31.191,4.492,63.132,0,0,1533272,740396,174824,5472256,20306.910,15650.644,0,199.626,0,10.979,3848,4481,2.650,1.280,0.660,2,0,0,0,0,11,33,0,59,0
21-04 07:51:23,37.322,12.274,49.595,0.250,0,1477012,796444,174840,5472448,9489.209,4872.350,0,885.700,0,55.106,4945,4599,2.650,1.280,0.660,2,0,138.265,0,0,11,32,0,59,0
21-04 07:51:24,34.157,4.737,59.836,0,0,1500692,772760,174840,5472452,11994.173,9121.036,0,3.989,0,0.997,2773,1745,2.650,1.280,0.660,0,0,0,0,0,11,34,0,59,0
21-04 07:51:25,35.256,8.251,55.259,0.500,0,1499068,774328,174852,5472492,15514.651,11082.894,0,432.074,0,40.007,5003,5772,2.600,1.290,0.670,2,0,60.010,0,0,11,32,0,61,0
21-04 07:51:26,39.492,5.749,53.489,0,0,1490496,782892,174852,5472500,9845.977,6493.666,0,3387.304,0,184.962,3041,1906,2.600,1.290,0.670,2,0,4.999,0,0,11,33,0,61,0
21-04 07:51:27,37.094,4.511,57.897,0,0,1487196,786152,174860,5472532,18832.698,15021.044,0,232.589,0,9.023,4937,5798,2.600,1.290,0.670,2,0,0,0,0,11,33,0,61,0
21-04 07:51:28,38.763,7.753,52.518,0,0,1463796,809500,174884,5472560,9183.172,5599.934,0,248.086,0,25.009,3825,3407,2.600,1.290,0.670,2,0,48.017,0,0,11,32,0,62,0
21-04 07:51:29,35.170,4.490,59.864,0,0,1506924,766228,174884,5472704,17924.289,14370.361,0,151.656,0,9.977,3770,3667,2.600,1.290,0.670,2,0,0,0,0,11,34,0,62,0
21-04 07:51:30,30.538,10.263,57.571,0.250,0,1470720,802384,174896,5472736,15332.839,11277.857,0,348.428,0,35.043,5925,6625,2.470,1.280,0.670,2,0,161.198,0,0,11,32,0,64,0
21-04 07:51:31,23.214,8.487,67.896,0,0,1448024,825000,174904,5472808,5110.145,1455.762,0,179.724,0,8.986,2698,2016,2.470,1.280,0.670,1,0,121.813,0,0,11,32,0,58,0
21-04 07:51:32,15.746,2.249,79.729,0,0,1454960,818048,174904,5472824,13595.470,9956.415,0,147.962,0,7.998,2710,2929,2.470,1.280,0.670,1,0,0,0,0,11,33,0,58,0
21-04 07:51:33,13.258,11.507,74.294,0.500,0,1417040,855948,174908,5472840,7450.437,4082.431,0,1124.670,0,58.035,4128,3712,2.470,1.280,0.670,1,0,144.086,0,0,11,32,0,59,0
21-04 07:51:34,14.994,12.495,71.219,0,0,1442024,830960,174908,5472844,4378.104,1619.299,0,163.929,0,11.995,3232,2137,2.470,1.280,0.670,1,0,139.939,0,0,11,32,0,59,0
21-04 07:51:35,18.249,3.250,77.994,0,0,1466948,806028,174908,5472852,9794.253,6555.500,0,0,0,0,1975,1566,2.350,1.280,0.670,1,0,0,0,0,11,33,0,57,0
21-04 07:51:36,18.760,4.252,75.290,0,0,1416132,856812,174912,5472876,11143.966,7435.981,0,216.116,0,10.005,3838,3991,2.350,1.280,0.670,1,0,46.025,0,0,11,32,0,58,0
21-04 07:51:37,20.238,3.248,75.454,0,0,1477356,795588,174912,5472876,6913.829,3463.910,0,215.870,0,36.978,1768,1184,2.350,1.280,0.670,0,0,0,0,0,11,33,0,58,0
21-04 07:51:38,19.001,3.000,77.003,0,0,1469556,803224,174920,5473028,15286.596,10500.410,0,168.007,0,17.001,3990,4947,2.350,1.280,0.670,1,0,0,0,0,11,33,0,58,0
21-04 07:51:39,15.537,11.527,71.169,0.501,0,1406192,866452,174952,5473128,8919.222,4232.070,0,1856.417,0,114.272,4881,4753,2.350,1.280,0.670,2,0,178.425,0,0,11,32,0,54,0
21-04 07:51:40,13.217,23.690,61.345,0,0,1402588,869940,174956,5473232,5073.211,1562.062,0,347.125,0,24.937,6000,4728,2.320,1.290,0.680,3,0,446.873,0,0,11,32,0,56,0
21-04 07:51:41,43.784,7.756,47.037,0,0,1484624,787564,174956,5473520,4741.699,1513.181,0,204.159,0,8.006,2930,1511,2.320,1.290,0.680,2,0,7.005,0,0,11,32,0,56,0
21-04 07:51:42,38.084,7.517,45.600,7.767,0,1528972,737672,175428,5478092,4959.906,1569.451,0,15081.160,0,1390.056,9146,14201,2.320,1.290,0.680,2,0,68.150,0,0,11,36,0,56,0
21-04 07:51:43,34.736,8.747,40.234,12.495,0,1527032,734972,176048,5481912,4944.065,1619.366,0,54098.822,0,4544.221,18673,35108,2.320,1.290,0.680,2,0,96.962,0,0,11,36,0,51,0
21-04 07:51:44,41.091,7.720,46.072,3.487,0,1528324,733988,176184,5481452,4687.895,1655.606,0,15444.352,0,1281.052,7252,11475,2.320,1.290,0.680,3,0,12.950,0,0,11,32,0,51,0
21-04 07:51:45,43.193,7.534,47.211,2.009,0,1548520,713576,176288,5481564,4853.705,1518.792,0,7457.348,0,777.477,6198,8290,2.380,1.320,0.690,2,0,2.009,0,0,11,34,0,51,0
21-04 07:51:46,37.127,8.970,43.606,7.974,0,1500540,760656,176756,5481980,4844.017,1614.672,0,23474.547,0,2672.183,13850,24873,2.380,1.320,0.690,4,0,17.941,0,0,11,32,0,51,0
21-04 07:51:47,24.009,6.503,67.776,0.250,0,1517936,743220,176776,5482000,4998.930,1620.626,0,5322.055,0,327.126,3033,2681,2.380,1.320,0.690,1,0,83.032,0,0,11,32,0,49,0
21-04 07:51:48,21.746,4.249,73.486,0.250,0,1554308,706840,176780,5482000,4245.196,1565.703,0,643.878,0,37.993,1877,1379,2.380,1.320,0.690,4,0,2.000,0,0,11,32,0,49,0
21-04 07:51:49,23.737,3.248,71.710,0.750,0,1509344,751740,176820,5482020,4349.559,1511.152,0,6440.386,0,332.813,2291,2616,2.380,1.320,0.690,2,0,0.999,0,0,11,32,0,49,0
21-04 07:51:50,21.759,3.752,73.281,0,0,1515644,745440,176820,5482020,4047.700,1026.431,0,0,0,0,1831,1243,2.270,1.320,0.700,2,0,2.001,0,0,11,32,0,49,0
21-04 07:51:51,22.755,3.501,73.516,0,0,1482856,778216,176820,5482032,4240.941,1080.240,0,0,0,0,1805,1243,2.270,1.320,0.700,3,0,2.000,0,0,11,32,0,49,0
21-04 07:51:52,21.973,3.745,73.159,0,0,1487820,773252,176820,5482032,5262.471,1510.126,0,0,0,0,1831,1223,2.270,1.320,0.700,2,0,1.998,0,0,11,32,0,46,0
21-04 07:51:53,23.284,3.004,73.108,0,0,1457864,803124,176820,5482108,5163.593,1568.306,0,192.283,0,3.004,1775,1164,2.270,1.320,0.700,2,0,1.001,0,0,11,32,0,46,0
21-04 07:51:54,21.744,4.249,73.980,0,0,1511672,749316,176820,5482108,4580.738,1241.658,0,3.999,0,1.000,1814,1270,2.270,1.320,0.700,2,0,1.999,0,0,11,32,0,46,0
21-04 07:51:55,22.753,2.750,73.259,0,0,1410268,850620,176820,5482200,4956.595,1296.156,0,208.025,0,2.000,1697,1041,2.170,1.310,0.700,1,0,1.000,0,0,11,32,0,46,0
21-04 07:51:56,21.503,4.251,73.511,0.250,0,1421248,839612,176820,5482224,4832.695,1512.217,0,432.062,0,31.004,2053,1846,2.170,1.310,0.700,1,0,1.000,0,0,11,32,0,41,0
21-04 07:51:57,21.744,4.249,73.481,0,0,1488352,772504,176820,5482228,5101.671,1565.592,0,0,0,0,1815,1297,2.170,1.310,0.700,1,0,0,0,0,11,32,0,41,0
21-04 07:51:58,22.506,3.001,73.520,0,0,1488152,772704,176820,5482228,5043.393,1512.418,0,20.006,0,3.001,1766,1137,2.170,1.310,0.700,1,0,3.001,0,0,11,32,0,41,0
21-04 07:51:59,22.247,3.750,73.241,0,0,1479160,781632,176824,5482256,5561.341,1565.814,0,0,0,0,1832,1308,2.170,1.310,0.700,1,0,0,0,0,11,32,0,41,0
21-04 07:52:00,21.556,4.011,73.693,0,0,1485936,774832,176824,5482280,5057.246,1718.501,0,4.011,0,1.003,1856,1292,2.070,1.300,0.700,1,0,1.003,0,0,11,32,0,37,0
21-04 07:52:01,22.189,3.490,73.298,0,0,1525616,735152,176824,5482280,5237.594,1507.853,0,111.693,0,1.995,1855,1237,2.070,1.300,0.700,2,0,2.992,0,0,11,32,0,37,0
21-04 07:52:02,14.038,13.787,71.190,0,0,1462808,797804,176824,5482432,5251.041,1624.343,0,264.708,0,3.008,4283,3035,2.070,1.300,0.700,1,0,257.689,0,0,11,32,0,37,0
21-04 07:52:03,8.243,21.732,68.194,0,0,1468092,792496,176824,5482452,4975.891,1618.663,0,959.208,0,62.948,5647,3985,2.070,1.300,0.700,1,0,372.692,0,0,11,32,0,37,0
21-04 07:52:04,7.978,21.192,69.063,0,0,1410596,849916,176824,5482492,4224.533,1292.492,0,191.480,0,4.986,5218,3565,2.070,1.300,0.700,1,0,287.220,0,0,11,32,0,37,0
21-04 07:52:05,8.512,20.530,69.352,0,0,1395148,865340,176824,5482516,4694.893,1189.747,0,92.135,0,1.001,5217,3545,1.990,1.300,0.700,2,0,301.443,0,0,11,32,0,37,0
21-04 07:52:06,15.207,12.215,70.799,0,0,1407876,852580,176832,5482536,4780.444,1130.793,0,610.269,0,40.884,3668,2883,1.990,1.300,0.700,1,0,149.576,0,0,11,32,0,37,0
21-04 07:52:07,21.807,4.010,73.691,0,0,1450880,809592,176832,5482520,4851.605,1245.235,0,0,0,0,1830,1202,1.990,1.300,0.700,1,0,2.005,0,0,11,32,0,37,0
21-04 07:52:08,22.502,3.250,73.756,0,0,1431800,828656,176832,5482536,3866.320,1026.085,0,1848.153,0,196.016,1869,1222,1.990,1.300,0.700,1,0,1.000,0,0,11,32,0,31,0
21-04 07:52:09,22.000,4.000,73.750,0,0,1450716,809756,176832,5482520,3922.008,1242.002,0,12.000,0,2.000,1835,1150,1.990,1.300,0.700,1,0,2.000,0,0,11,32,0,31,0
21-04 07:52:10,22.248,3.250,72.994,0,0,1409348,851104,176832,5482540,4577.602,1457.873,0,19.998,0,1.000,1807,1169,1.910,1.290,0.700,2,0,1.000,0,0,11,32,0,31,0
21-04 07:52:11,21.495,4.249,73.733,0.250,0,1467256,793220,176832,5482528,3911.087,971.773,0,63.985,0,2.999,1796,1193,1.910,1.290,0.700,2,0,2.999,0,0,11,32,0,31,0
21-04 07:52:12,22.574,3.010,73.743,0,0,1458172,802288,176832,5482544,3436.334,650.144,0,20.066,0,3.010,1665,1123,1.910,1.290,0.700,1,0,1.003,0,0,11,32,0,26,0
21-04 07:52:13,21.682,3.987,74.018,0,0.249,1468316,792164,176832,5482524,4503.881,1453.444,0,2061.537,0,14.953,1769,1138,1.910,1.290,0.700,1,0,1.994,0,0,11,32,0,26,0
21-04 07:52:14,28.005,6.751,64.261,0,0,1401516,858944,176832,5482544,4560.790,1620.281,0,20.003,0,1.000,3253,10514,1.910,1.290,0.700,2,0,37.006,0,0,11,32,0,27,0
21-04 07:52:15,22.749,3.250,73.747,0,0,1470072,790400,176832,5482532,5099.801,1619.937,0,8.000,0,1.000,1847,1279,1.830,1.290,0.700,2,0,2.000,0,0,11,32,0,27,0
21-04 07:52:16,21.999,4.000,72.997,0,0,1466060,794396,176840,5482544,4757.808,1457.941,0,523.979,0,32.999,1971,1631,1.830,1.290,0.700,3,0,1.000,0,0,11,32,0,19,0
21-04 07:52:17,21.999,4.750,72.998,0,0,1524648,735800,176840,5482552,5176.826,1619.946,0,0,0,0,1802,1262,1.830,1.290,0.700,1,0,2.000,0,0,11,32,0,19,0
21-04 07:52:18,22.752,3.500,73.755,0,0,1490636,769784,176840,5482580,5160.362,1620.114,0,32.002,0,2.000,1766,1157,1.830,1.290,0.700,1,0,1.000,0,0,11,32,0,19,0
21-04 07:52:19,22.493,3.749,73.478,0,0,1514612,745892,176840,5482492,4858.567,1619.522,0,0,0,0,1778,1170,1.830,1.290,0.700,1,0,1.999,0,0,11,32,0,19,0
21-04 07:52:20,23.503,2.250,73.510,0.250,0,1481296,779108,176848,5482580,4800.645,1620.218,0,672.090,0,109.015,1863,1214,1.770,1.280,0.710,1,0,3.000,0,0,11,32,0,14,0
21-04 07:52:21,21.982,3.747,73.690,0,0,1478456,781956,176848,5482572,5035.926,1618.690,0,35.971,0,3.997,1800,1366,1.770,1.280,0.710,1,0,0.999,0,0,11,32,0,14,0
21-04 07:52:22,21.520,4.254,73.319,0,0,1465716,794704,176848,5482564,4759.450,918.859,0,36.034,0,1.001,1867,1361,1.770,1.280,0.710,1,0,1.001,0,0,11,32,0,14,0
21-04 07:52:23,22.249,3.250,73.996,0,0,1486872,773548,176848,5482564,5019.703,1121.934,0,135.992,0,3.000,1783,1125,1.770,1.280,0.710,2,0,2.000,0,0,11,32,0,14,0
21-04 07:52:24,22.249,3.500,73.748,0,0,1471944,788480,176848,5482560,4305.889,1565.960,0,4.000,0,1.000,1820,1266,1.770,1.280,0.710,1,0,1.000,0,0,11,32,0,11,0
21-04 07:52:25,22.006,3.251,73.519,0,0,1468004,792396,176848,5482584,4419.154,1296.338,0,24.006,0,1.000,1800,1213,1.710,1.280,0.710,1,0,1.000,0,0,11,32,0,11,0
21-04 07:52:26,21.745,4.999,73.232,0.250,0,1493956,766444,176852,5482580,3861.040,1241.691,0,515.872,0,37.991,1980,1564,1.710,1.280,0.710,1,0,2.000,0,0,11,32,0,11,0
21-04 07:52:27,16.038,12.279,70.416,0,0,1448896,811456,176852,5482628,4086.642,1082.554,0,108.255,0,5.012,3515,2285,1.710,1.280,0.710,2,0,178.421,0,0,11,32,0,11,0
21-04 07:52:28,8.981,19.957,69.100,0,0,1440568,819772,176852,5482640,4222.840,1508.727,0,211.541,0,7.983,4797,3334,1.710,1.280,0.710,2,0,281.390,0,0,11,32,0,7,0
21-04 07:52:29,21.752,4.250,73.258,0,0,1502644,757680,176852,5482656,4028.451,1188.133,0,0,0,0,1801,1328,1.710,1.280,0.710,1,0,0,0,0,11,32,0,7,0
21-04 07:52:30,22.997,3.000,73.490,0,0,1480772,779292,176852,5482904,4549.388,1349.819,0,3.999,0,1.000,1872,1154,1.650,1.270,0.710,2,0,8.999,0,0,11,32,0,7,0
21-04 07:52:31,21.490,3.998,73.465,0,0,1519996,740068,176852,5482904,4409.879,1511.273,0,139.933,0,1.999,1836,1358,1.650,1.270,0.710,1,0,1.000,0,0,11,32,0,7,0
21-04 07:52:32,17.274,12.267,69.847,0,0,1477120,782804,176852,5483040,4513.280,1351.881,40.056,64.089,2.003,3.004,4033,3094,1.650,1.270,0.710,2,0,283.394,0,0,11,32,0,7,0
21-04 07:52:33,7.759,21.776,68.581,0,0,1474408,785488,176852,5483068,4481.319,1297.540,0,140.166,0,5.006,5682,4281,1.650,1.270,0.710,1,0,406.482,0,0,11,32,0,5,0
21-04 07:52:34,7.996,22.489,67.718,0,0,1454076,805800,176852,5483088,4917.662,1619.230,0,391.814,0,39.981,5139,3520,1.650,1.270,0.710,2,0,312.851,0,0,11,32,0,5,0
21-04 07:52:35,7.737,22.961,67.885,0,0.250,1444072,815784,176852,5483108,4763.949,1509.449,0,3.993,0,0.998,5440,3760,1.600,1.270,0.710,1,0,337.430,0,0,11,32,0,5,0
21-04 07:52:36,8.505,21.762,67.286,0,0,1439232,820580,176860,5483136,4922.669,1620.879,0,1400.759,0,42.023,5629,4153,1.600,1.270,0.710,1,0,358.194,0,0,11,32,0,5,0
21-04 07:52:37,6.990,22.467,68.649,0,0,1424096,835696,176860,5483152,5528.866,1659.558,0,830.778,0,9.985,5404,3596,1.600,1.270,0.710,1,0,327.518,0,0,11,32,0,3,0
21-04 07:52:38,8.533,22.087,67.515,0,0,1420412,839360,176860,5483168,6200.298,1572.161,0,738.896,0,8.031,5305,3491,1.600,1.270,0.710,1,0,323.267,0,0,11,32,0,3,0
21-04 07:52:39,8.223,21.181,68.776,0,0,1403316,856436,176860,5483188,4802.366,1184.145,0,649.884,0,8.971,5263,3581,1.600,1.270,0.710,1,0,312.981,0,0,11,32,0,3,0
21-04 07:52:40,7.749,21.247,69.239,0,0,1400104,859624,176860,5483212,5509.160,1349.794,0,139.979,0,4.999,5295,3674,1.550,1.260,0.710,2,0,327.950,0,0,11,32,0,3,0
21-04 07:52:41,7.769,21.553,68.668,0,0,1391480,868224,176860,5483236,4482.982,1515.713,0,236.580,0,8.020,5503,3981,1.550,1.260,0.710,3,0,360.884,0,0,11,32,0,1,0
21-04 07:52:42,8.466,22.411,67.731,0,0,1370508,889164,176860,5483260,5023.019,1559.795,0,219.128,0,10.956,5605,4034,1.550,1.260,0.710,2,0,384.471,0,0,11,32,0,1,0
21-04 07:52:43,8.030,21.831,67.499,0,0.251,1372432,887224,176860,5483276,4803.739,1571.804,0,40.148,0,10.037,5312,3600,1.550,1.260,0.710,1,0,326.205,0,0,11,32,0,1,0
21-04 07:52:44,9.506,22.765,66.293,0,0,1315668,943952,176860,5483304,4516.899,1404.902,0,764.491,0,126.081,5449,3959,1.550,1.260,0.710,4,0,364.234,0,0,11,34,0,1,0
21-04 07:52:45,32.691,32.192,32.941,0.250,0,1383420,876168,176876,5483324,4292.279,1078.061,0,934.319,0,49.910,6691,5833,1.580,1.280,0.720,5,0,618.887,0,0,11,34,0,6,0
21-04 07:52:46,63.147,13.532,23.805,0.251,0,1576632,682120,176956,5484044,3828.921,1124.620,0,284.663,0,21.049,4092,2196,1.580,1.280,0.720,3,0,33.077,0,0,11,32,0,7,0
21-04 07:52:47,47.313,9.961,32.372,9.214,0,1619276,627964,177620,5493756,4485.289,1559.841,370.537,26431.630,2.988,1990.142,11408,19774,1.580,1.280,0.720,3,1,86.658,0,0,11,38,0,8,0
21-04 07:52:48,36.379,14.301,33.620,12.796,0,1628596,607392,178248,5503920,4427.751,1517.398,0,98811.515,0,6706.859,22171,45423,1.580,1.280,0.720,4,1,147.525,0,0,11,36,0,8,0
21-04 07:52:49,39.704,9.239,34.460,13.984,0,1646952,577916,178436,5514512,9865.690,6656.369,0,66703.528,0,5391.819,18782,36738,1.580,1.280,0.720,4,0,57.934,0,0,11,37,0,8,0
21-04 07:52:50,43.801,8.760,32.788,11.513,0,1629840,587156,179012,5521532,9841.356,6058.991,0,77901.889,0,5395.225,19310,37940,2.100,1.390,0.760,2,1,43.050,0,0,11,36,0,9,0
21-04 07:52:51,38.138,25.176,26.671,7.976,0,1555260,654204,179392,5528788,5085.009,1615.238,295.130,51823.218,3.988,3499.682,16669,29976,2.100,1.390,0.760,2,1,389.851,0,0,11,34,0,9,0
21-04 07:52:52,43.854,20.048,25.310,8.270,0,1592048,613144,179608,5532252,12338.240,8545.251,1603.801,48768.576,27.064,3746.880,16922,33271,2.100,1.390,0.760,5,0,217.515,0,0,11,35,0,9,0
21-04 07:52:53,28.005,10.252,48.258,11.002,0,1590312,611380,179728,5535536,17762.056,13919.395,0,43963.564,0,3794.653,18412,35431,2.100,1.390,0.760,6,0,127.022,0,0,11,35,0,9,0
21-04 07:52:54,37.654,8.478,39.899,11.471,0,1581004,620840,179984,5535096,5676.587,2199.416,0,49234.991,0,4086.624,15838,30984,2.100,1.390,0.760,1,1,53.863,0,0,11,34,0,9,0
21-04 07:52:55,32.087,7.019,45.373,12.785,0,1605180,595816,180232,5535656,10450.230,7244.570,0,51434.944,0,4491.132,16623,32144,2.250,1.430,0.780,3,0,42.114,0,0,11,35,0,9,0
21-04 07:52:56,33.002,6.750,46.753,11.001,0,1594108,604660,180392,5537672,17869.157,13512.875,0,46419.005,0,3766.244,17786,33554,2.250,1.430,0.780,3,0,33.002,0,0,11,35,0,9,0
21-04 07:52:57,36.014,9.504,40.265,11.754,0,1604720,591960,180440,5539656,7865.992,4361.659,0,34661.182,0,3327.265,15531,28794,2.250,1.430,0.780,1,1,116.044,0,0,11,36,0,10,0
21-04 07:52:58,31.759,7.002,45.013,13.504,0,1637064,556588,180508,5542544,6967.950,3918.096,0,53374.934,0,4624.294,17160,32833,2.250,1.430,0.780,2,0,51.014,0,0,11,37,0,10,0
21-04 07:52:59,27.478,8.243,47.212,13.489,0,1621788,568768,180656,5545416,16021.947,12695.657,0,62652.958,0,4716.158,20113,38488,2.250,1.430,0.780,1,0,50.958,0,0,11,37,0,10,0
21-04 07:53:00,30.274,9.257,44.536,13.761,0,1587736,599272,180784,5548744,12581.097,7874.320,0,59131.458,0,4524.631,19584,37356,2.310,1.460,0.790,1,1,123.099,0,0,11,36,0,10,0
21-04 07:53:01,35.744,8.499,39.993,12.998,0,1640716,543700,180844,5551208,5711.004,1349.765,0,51838.960,0,4222.264,16883,32691,2.310,1.460,0.790,3,0,51.991,0,0,11,36,0,10,0
21-04 07:53:02,29.251,7.000,47.502,13.000,0,1637668,551976,180876,5545944,14419.466,10619.343,0,64774.092,0,5054.163,19649,39640,2.310,1.460,0.790,8,0,18.001,0,0,11,37,0,10,0
21-04 07:53:03,36.645,4.238,50.604,6.232,0,1625028,564196,180928,5546312,16881.456,12236.812,0,34831.838,0,2526.734,13035,22798,2.310,1.460,0.790,2,0,23.931,0,0,11,34,0,12,0
21-04 07:53:04,25.013,13.007,61.531,0.250,0,1472412,716768,180928,5546352,4862.470,1620.823,0,1424.724,0,68.035,3849,3193,2.310,1.460,0.790,1,0,267.136,0,0,11,32,0,12,0
21-04 07:53:05,17.023,2.253,79.106,0.250,0,1470708,718460,180928,5546360,12623.847,8485.324,0,2042.726,0,175.234,2582,2673,2.210,1.450,0.790,1,0,0,0,0,11,33,0,12,0
21-04 07:53:06,19.716,4.991,73.872,0,0,1417512,771396,180932,5546616,7513.028,3603.778,0,746.711,0,39.931,2827,2659,2.210,1.450,0.790,1,0,33.941,0,0,11,32,0,13,0
21-04 07:53:07,19.001,2.500,77.753,0.250,0,1451720,737172,180936,5546628,10434.439,6664.280,0,532.022,0,28.001,2029,1719,2.210,1.450,0.790,1,0,0,0,0,11,33,0,13,0
21-04 07:53:08,16.749,6.500,74.747,0.500,0,1407992,780792,180952,5546720,6879.717,3363.862,0,4171.829,0,256.989,3204,3429,2.210,1.450,0.790,1,0,59.998,0,0,11,32,0,14,0
21-04 07:53:09,17.480,3.246,77.659,0,0,1421556,767228,180952,5546720,7083.724,3858.492,0,39.953,0,4.994,1680,1141,2.210,1.450,0.790,1,0,0,0,0,11,33,0,14,0
21-04 07:53:10,19.772,2.002,76.584,0,0.250,1418864,769764,180952,5546876,13242.547,9818.786,0,0,0,0,3493,4070,2.110,1.440,0.790,1,0,0,0,0,11,32,0,15,0
21-04 07:53:11,20.251,6.500,72.754,0,0,1405848,782776,180952,5546880,5406.323,1686.101,0,108.006,0,12.001,2313,1708,2.110,1.440,0.790,1,0,44.003,0,0,11,32,0,15,0
21-04 07:53:12,17.996,2.499,78.734,0,0,1426768,761848,180952,5546888,12254.540,8641.265,0,115.977,0,8.998,2427,2426,2.110,1.440,0.790,3,0,0,0,0,11,33,0,15,0
21-04 07:53:13,15.041,8.022,75.454,0.752,0,1401172,787256,180952,5547076,8931.095,5459.729,0,196.530,0,21.057,4148,4155,2.110,1.440,0.790,1,0,138.373,0,0,11,32,0,16,0
21-04 07:53:14,16.974,27.458,55.414,0.250,0,1399588,788696,180952,5547220,4552.961,1617.499,0,662.975,0,56.912,7130,14251,2.110,1.440,0.790,3,0,665.970,0,0,11,32,0,19,0
21-04 07:53:15,61.707,12.741,24.483,0,0,1514964,672960,180964,5547568,4936.539,1349.054,0,955.330,0,61.957,4368,2679,2.180,1.470,0.810,3,0,30.978,0,0,11,32,0,23,0
21-04 07:53:16,64.951,10.492,23.982,0,0,1676300,508400,181080,5550436,4504.572,1187.097,3.997,3089.649,0.999,125.904,4056,1900,2.180,1.470,0.810,4,0,0,0,0,11,32,0,23,0
21-04 07:53:17,59.658,8.523,27.573,2.757,0.251,1783368,395532,181224,5555576,4787.697,1461.877,0,12232.440,0,722.917,6592,7052,2.180,1.470,0.810,2,1,42.112,0,0,11,38,0,23,0
21-04 07:53:18,26.963,8.738,45.687,15.479,0,1777036,390504,181352,5566416,4793.381,1617.766,0,90023.684,0,6287.318,24197,47803,2.180,1.470,0.810,1,2,218.698,0,0,11,38,0,22,0
21-04 07:53:19,27.776,8.758,45.793,14.513,0,1776108,380676,181412,5576760,4221.927,1459.357,0,91116.748,0,6906.424,25208,50720,2.180,1.470,0.810,0,1,201.187,0,0,11,38,0,22,0
21-04 07:53:20,34.288,8.009,40.045,13.765,0,1778856,370624,181536,5583680,4523.039,1459.626,0,82275.664,0,5573.209,20412,40007,2.330,1.510,0.820,3,1,153.171,0,0,11,38,0,22,0
21-04 07:53:21,36.450,12.733,33.205,14.231,0,1683772,456080,181612,5592908,5093.040,1617.789,0,75157.296,0,5321.728,20380,38766,2.330,1.510,0.820,6,0,211.711,0,0,11,36,0,22,0
21-04 07:53:22,43.666,9.482,33.685,11.228,0,1753512,375452,181636,5603372,4705.937,1455.198,0,64950.916,0,4578.183,16576,31358,2.330,1.510,0.820,1,2,0,0,0,11,36,0,22,0
21-04 07:53:23,37.876,10.033,34.615,14.047,0,1775900,346976,181684,5609136,5265.487,1462.858,0,90408.251,0,6266.812,22871,42873,2.330,1.510,0.820,4,1,59.197,0,0,11,38,0,22,0
21-04 07:53:24,35.493,9.998,42.241,10.498,0,1715388,402876,181700,5613576,4259.139,1619.673,0,71149.625,0,5242.941,19126,37451,2.330,1.510,0.820,2,0,161.967,0,0,11,36,0,22,0
21-04 07:53:25,26.220,11.986,60.181,1.249,0,1445572,672664,181700,5613604,4734.554,1618.139,0,9708.831,0,537.382,5197,5195,2.300,1.520,0.830,1,0,248.714,0,0,11,32,0,22,0
21-04 07:53:26,21.466,3.494,73.134,0,0,1506388,611844,181700,5613604,4534.816,1509.609,0,1457.691,0,81.870,1984,1761,2.300,1.520,0.830,1,0,0.998,0,0,11,32,0,22,0
21-04 07:53:27,22.995,3.499,72.485,0.500,0,1541104,577128,181700,5613604,4622.054,1565.680,0,5290.917,0,266.945,2315,2296,2.300,1.520,0.830,1,0,2.000,0,0,11,34,0,22,0
21-04 07:53:28,22.005,3.751,72.767,0,0,1494896,623328,181700,5613612,4218.982,1500.349,0,136.032,0,12.003,2493,1922,2.300,1.520,0.830,1,0,27.006,0,0,11,32,0,22,0
21-04 07:53:29,22.750,3.250,73.500,0,0,1527168,591052,181700,5613616,4218.010,1500.003,0,36.000,0,4.000,1789,1195,2.300,1.520,0.830,1,0,1.000,0,0,11,32,0,22,0
21-04 07:53:30,22.747,3.000,73.490,0,0,1577300,540916,181700,5613620,4397.401,1457.801,0,91.987,0,13.998,1864,1403,2.200,1.510,0.830,2,0,2.000,0,0,11,34,0,22,0
21-04 07:53:31,18.294,17.041,63.403,0.251,0,1507072,611120,181700,5613640,4348.477,1461.521,0,665.604,0,42.101,4591,4118,2.200,1.510,0.830,2,0,458.104,0,0,11,32,0,22,0
21-04 07:53:32,11.729,38.431,49.162,0.250,0,1482584,635552,181700,5613696,4407.080,1497.309,0,291.476,0,23.957,7170,6192,2.200,1.510,0.830,2,0,830.508,0,0,11,32,0,22,0
21-04 07:53:33,8.017,22.047,67.894,0,0,1467608,650464,181700,5613760,4407.351,1461.100,0,112.238,0,14.030,6051,4518,2.200,1.510,0.830,1,0,499.059,0,0,11,32,0,22,0
21-04 07:53:34,8.499,19.998,70.243,0,0,1459104,658940,181700,5613788,4407.532,1457.845,0,0,0,0,5159,3534,2.200,1.510,0.830,1,0,284.970,0,0,11,32,0,22,0
21-04 07:53:35,9.501,20.752,68.757,0,0,1436936,681068,181700,5613820,4398.447,1458.148,0,488.050,0,13.001,5799,4409,2.100,1.500,0.830,1,0,389.040,0,0,11,32,0,22,0
21-04 07:53:36,19.952,15.962,63.099,0,0,1439012,678964,181704,5614176,4806.475,1454.512,0,35.914,0,4.988,6080,7920,2.100,1.500,0.830,3,0,213.488,0,0,11,32,0,22,0
21-04 07:53:37,44.491,10.748,43.491,0,0,1527428,590428,181708,5614404,5193.897,1457.690,0,1387.705,0,190.959,3648,2154,2.100,1.500,0.830,2,0,104.978,0,0,11,33,0,22,0
21-04 07:53:38,44.080,7.013,48.588,0,0,1613528,504284,181712,5614440,5728.365,1502.719,0,332.602,0,12.022,3485,2693,2.100,1.500,0.830,3,0,17.031,0,0,11,49,0,22,0
21-04 07:53:39,46.240,5.499,47.490,0,0,1658472,456936,181780,5616412,5468.793,1619.643,0,1831.596,0,154.966,3844,3526,2.100,1.500,0.830,3,0,2.000,0,0,11,49,0,22,0
21-04 07:53:40,13.008,19.763,65.042,0,0,1653552,459712,181784,5618508,6484.219,1621.055,0,384.250,0,25.016,7132,8989,2.010,1.490,0.830,2,0,299.195,0,0,11,48,0,22,0
21-04 07:53:41,17.955,13.965,66.582,0.748,0,1667260,445912,181784,5618524,4446.806,1454.339,0,371.066,0,25.935,5585,7349,2.010,1.490,0.830,0,0,192.515,0,0,11,48,0,22,0
21-04 07:53:42,0.750,1.749,96.706,0,0,1667256,445912,181784,5618524,5114.698,1619.271,0,43.980,0,4.998,928,1085,2.010,1.490,0.830,0,0,8.996,0,0,11,48,0,22,0
21-04 07:53:43,0.250,0.500,98.300,0,0,1667256,445912,181784,5618524,4922.492,1690.856,0,0,0,0,691,950,2.010,1.490,0.830,0,0,1.001,0,0,11,48,0,22,0
21-04 07:53:44,0.750,0.500,98.751,0,0,1667256,445912,181784,5618524,4680.034,1620.012,0,0,0,0,730,957,2.010,1.490,0.830,0,0,3.000,0,0,11,48,0,22,0
21-04 07:53:45,0.500,0.750,97.999,0,0,1667264,445912,181784,5618520,5249.923,1619.976,0,791.988,0,73.999,795,1005,1.850,1.470,0.830,0,0,1.000,0,0,11,48,0,22,0
21-04 07:53:46,15.495,17.744,64.728,0,0,1680812,432228,181784,5619100,4396.539,1457.516,0,0,0,0,6529,8697,1.850,1.470,0.830,1,0,275.908,0,0,11,48,0,16,0
21-04 07:53:47,13.499,14.749,70.245,0.250,0,1677284,435752,181784,5618672,4834.678,1457.903,0,4519.699,0,353.976,4676,4450,1.850,1.470,0.830,1,0,261.983,0,0,12,48,0,16,0
21-04 07:53:48,14.291,19.556,64.436,0,0,1684136,428692,181784,5619208,4689.541,1863.381,0,232.672,0,27.078,6530,6797,1.850,1.470,0.830,2,0,269.779,0,0,12,64,0,16,0
21-04 07:53:49,15.215,14.466,68.091,0,0,1669624,443224,181784,5618844,4507.496,1454.610,0,275.358,0,16.960,5513,6692,1.850,1.470,0.830,1,0,247.423,0,0,12,64,0,16,0
21-04 07:53:50,4.251,9.002,85.522,0.250,0,1672564,440276,181784,5618852,4519.187,1458.383,0,1888.496,0,26.007,2594,2245,1.700,1.440,0.820,3,0,103.027,0,0,14,64,0,14,0
21-04 07:53:51,18.240,13.742,66.214,0,0,1676908,435916,181784,5618868,3831.898,1133.378,0,379.792,0,27.985,6019,8360,1.700,1.440,0.820,0,0,190.895,0,0,14,64,0,14,0
21-04 07:53:52,8.257,20.768,69.810,0,0,1678800,433936,181784,5618908,3095.673,486.420,0,56.048,0,5.004,5511,4046,1.700,1.440,0.820,1,0,350.303,0,0,14,66,0,14,0
21-04 07:53:53,10.014,20.779,68.096,0,0,1655452,457244,181784,5618948,4704.626,1586.234,0,40.056,0,10.014,5496,3926,1.700,1.440,0.820,1,0,324.457,0,0,14,66,0,14,0
21-04 07:53:54,19.008,16.257,63.527,0,0,1672908,439760,181784,5618964,4741.988,1620.679,0,8.003,0,2.001,5646,7999,1.700,1.440,0.820,4,0,180.075,0,0,14,66,0,14,0
21-04 07:53:55,28.082,26.094,44.485,0,0,1770656,341952,181796,5619004,4133.335,1449.351,0,143.146,0,9.941,6009,4455,1.730,1.450,0.830,3,0,404.586,0,0,14,66,0,14,0
21-04 07:53:56,28.427,25.157,44.276,0,0,1820280,290760,181864,5620428,4546.329,1467.142,0,277.731,0,3.019,6428,7432,1.730,1.450,0.830,2,0,445.778,0,0,14,66,0,15,0
21-04 07:53:57,27.226,24.978,44.461,0.250,0,1910944,199948,181880,5620484,4752.877,1660.560,0,955.171,0,15.986,5960,4562,1.730,1.450,0.830,2,0,392.659,0,0,14,70,0,16,0
21-04 07:53:58,30.215,25.221,42.701,0,0,1963656,147064,181880,5621076,5014.260,1708.045,0,31.963,0,7.991,6092,5933,1.730,1.450,0.830,11,0,355.593,0,0,14,70,0,16,0
21-04 07:53:59,33.247,16.748,49.495,0,0,1958860,151644,181884,5621296,4619.520,1619.832,0,0,0,0,5024,5392,1.730,1.450,0.830,3,0,189.980,0,0,14,70,0,15,0
21-04 07:54:00,51.201,28.972,18.982,0.250,0,2044940,209736,172552,5489760,4859.350,1712.361,239.771,791.243,12.988,10.989,6705,7089,1.830,1.480,0.840,9,0,509.512,0,0,14,70,0,15,0
21-04 07:54:01,65.171,19.976,14.732,0,0,2125400,185928,171880,5434448,4914.040,1618.038,175.787,0,26.967,0,5292,6745,1.830,1.480,0.840,4,0,230.720,0,0,14,70,0,15,0
21-04 07:54:02,68.133,28.305,2.254,1.252,0,2261056,134800,173292,5350560,4784.362,1460.859,3150.164,1611.153,171.335,53.104,6406,7785,1.830,1.480,0.840,4,0,500.980,0,0,14,74,0,15,0
21-04 07:54:03,70.643,22.045,4.008,2.004,0,2408172,145088,172764,5196712,4837.817,1460.964,84.171,11583.505,11.022,935.899,9858,14590,1.830,1.480,0.840,9,0,226.460,0,0,14,74,0,15,0
21-04 07:54:04,60.465,26.984,7.995,2.499,0,2523948,143112,172024,5086008,5276.948,1619.064,1195.309,27675.994,50.971,1890.906,13541,24068,1.830,1.480,0.840,3,1,392.773,0,0,14,76,0,15,0
21-04 07:54:05,67.383,21.962,9.733,0.499,0,2587864,151672,172136,5015128,5408.633,1497.407,890.458,2220.155,32.943,119.793,9146,15637,2.240,1.570,0.870,6,0,247.571,0,0,14,82,0,20,0
21-04 07:54:06,61.094,26.541,12.018,0,0,2716304,169012,172136,4872528,5546.501,1460.238,568.872,1822.794,48.074,84.129,7424,10122,2.240,1.570,0.870,3,0,488.749,0,0,14,93,0,25,0
21-04 07:54:07,37.508,28.256,33.257,0.250,0,2801560,150712,172140,4806924,4956.054,1458.310,4.001,14719.129,1.000,574.122,8959,10148,2.240,1.570,0.870,2,0,412.088,0,0,14,93,0,22,0
21-04 07:54:08,44.717,17.987,36.473,0.250,0,2889336,131744,172156,4740020,4694.512,1546.851,2002.512,967.281,23.982,48.964,5774,7626,2.240,1.570,0.870,4,0,219.837,0,0,14,95,0,22,0
21-04 07:54:09,55.032,11.704,31.625,0.996,0.249,3013984,143012,172172,4607304,4440.413,1452.248,1215.187,4793.017,32.870,243.037,5036,7779,2.240,1.570,0.870,2,0,51.795,0,0,14,98,0,25,0
21-04 07:54:10,18.823,16.564,62.493,0.251,0,3048240,175324,172188,4542064,4778.584,1463.692,0,1188.623,0,74.289,5097,4509,2.300,1.600,0.890,1,0,199.777,0,0,14,101,0,25,0
21-04 07:54:11,7.984,19.710,70.608,0,0,3063576,159968,172188,4542084,4748.439,1455.070,0,123.751,0,13.972,5076,3565,2.300,1.600,0.890,1,0,248.500,0,0,14,101,0,23,0
21-04 07:54:12,7.266,20.294,70.151,0,0,3070772,152740,172188,4542116,4244.146,1461.149,0,56.121,0,6.013,4847,3283,2.300,1.600,0.890,1,0,248.536,0,0,14,101,0,23,0
21-04 07:54:13,7.485,19.961,70.362,0,0,3072332,151144,172188,4542136,4790.573,1616.818,0,0,0,0,4809,3164,2.300,1.600,0.890,1,0,242.523,0,0,14,101,0,23,0
21-04 07:54:14,23.949,11.476,63.615,0,0,3115812,174768,172188,4476372,4859.710,1616.577,31.932,431.087,2.994,1.996,3449,7722,2.300,1.600,0.890,1,0,88.812,0,0,14,101,0,24,0
21-04 07:54:15,18.298,2.757,77.953,0,0,3133404,157128,172192,4476416,11997.316,8082.096,24.063,180.471,3.008,15.039,2354,2210,2.200,1.580,0.890,1,0,1.003,0,0,14,107,0,16,0
21-04 07:54:16,19.645,7.211,71.616,0.497,0,3088996,201512,172196,4476436,21396.196,17646.317,3.979,294.420,0.995,25.861,3186,2678,2.200,1.580,0.890,1,0,64.653,0,0,14,109,0,17,0
21-04 07:54:17,20.599,3.266,75.865,0,0,3128968,161484,172196,4476492,7858.860,4034.436,12.058,204.988,3.015,26.126,2177,1867,2.200,1.580,0.890,1,0,2.010,0,0,14,114,0,17,0
21-04 07:54:18,19.255,3.251,76.022,0.500,0,3132216,157956,172208,4476764,8765.485,4848.375,32.009,556.158,2.001,41.012,2523,2620,2.200,1.580,0.890,1,0,0,0,0,14,116,0,17,0
21-04 07:54:19,34.474,8.743,53.959,1.499,0,3218968,138176,172212,4411768,4518.538,1330.980,399.694,5455.820,24.981,443.660,6179,8471,2.200,1.580,0.890,2,0,5.995,0,0,14,121,0,17,0
21-04 07:54:20,29.372,8.786,59.748,0.753,0.251,3179044,177804,172212,4412064,6112.364,2840.788,88.367,1827.584,7.029,159.663,5002,5770,2.260,1.610,0.900,1,0,115.479,0,0,14,126,0,19,0
21-04 07:54:21,18.688,3.239,76.995,0.249,0,3223820,132988,172212,4412168,10732.502,7211.149,0,2722.994,0,312.965,2294,2144,2.260,1.610,0.900,3,0,1.993,0,0,14,127,0,19,0
21-04 07:54:22,19.498,3.250,76.242,0.250,0,3229824,126940,172212,4412212,8944.014,4287.527,0,691.924,0,68.992,2760,3138,2.260,1.610,0.900,2,0,0,0,0,14,127,0,19,0
21-04 07:54:23,33.605,9.279,55.423,0.502,0,3237888,185228,172216,4347752,7407.176,2810.795,8.025,890.787,2.006,85.267,5055,5684,2.260,1.610,0.900,2,0,94.295,0,0,14,126,0,20,0
21-04 07:54:24,39.118,7.724,52.074,0,0,3347076,140640,172216,4284788,6604.635,3744.321,0,458.448,0,25.912,2896,1595,2.260,1.610,0.900,2,0,4.983,0,0,14,127,0,20,0
21-04 07:54:25,23.006,5.752,70.770,0.500,0,3285332,202376,172216,4284796,25841.260,21997.180,0,1888.531,0,105.030,2862,2379,2.160,1.600,0.900,1,0,55.015,0,0,14,126,0,21,0
21-04 07:54:26,18.499,2.750,77.496,0,0,3336464,151220,172216,4284820,10051.451,7224.605,8.000,111.994,2.000,12.999,1863,1498,2.160,1.600,0.900,1,0,0,0,0,14,127,0,21,0
21-04 07:54:27,20.572,4.767,74.259,0,0,3360736,126924,172216,4284844,21079.528,17654.581,0,1437.012,0,4.014,2440,1728,2.160,1.600,0.900,1,0,51.179,0,0,14,126,0,22,0
21-04 07:54:28,17.442,3.239,78.739,0,0,3390768,160796,172312,4222388,10380.616,7098.487,95.683,59.802,6.977,3.987,1715,1243,2.160,1.600,0.900,1,0,0,0,0,14,127,0,22,0
21-04 07:54:29,24.002,8.751,64.756,0.750,0,3342476,208776,172312,4222700,7002.640,3600.329,60.005,1996.182,6.001,165.015,8110,13378,2.160,1.600,0.900,1,0,110.010,0,0,14,134,0,23,0
21-04 07:54:30,20.993,3.249,74.975,0.250,0,3392592,158644,172312,4222716,6612.799,3584.807,0,279.907,0,22.992,2070,1763,2.070,1.590,0.900,0,0,0,0,0,14,135,0,23,0
21-04 07:54:31,16.501,6.250,75.503,0,0,3359708,191508,172312,4222736,25579.112,22234.966,0,188.008,0,10.000,2534,2031,2.070,1.590,0.900,1,0,56.002,0,0,14,134,0,24,0
21-04 07:54:32,18.993,2.749,77.721,0,0,3386244,164968,172312,4222740,6609.568,3863.578,0,147.946,0,9.996,1619,1228,2.070,1.590,0.900,0,0,0,0,0,14,135,0,24,0
21-04 07:54:33,20.251,4.250,72.252,1.750,0.250,3387204,163640,172312,4223108,10262.344,6069.203,128.004,9080.304,8.000,876.029,5495,8470,2.070,1.590,0.900,1,0,2.000,0,0,14,138,0,24,0
21-04 07:54:34,22.246,6.499,68.987,0.500,0,3365596,185096,172316,4223240,6062.851,2925.446,83.984,1703.677,6.999,163.969,4913,6439,2.070,1.590,0.900,1,0,52.990,0,0,14,137,0,26,0
21-04 07:54:35,19.754,3.751,74.517,1.000,0,3387120,163548,172320,4223260,6410.426,3864.860,0,7193.600,0,312.069,2673,3141,1.980,1.580,0.900,0,0,1.000,0,0,14,138,0,26,0
21-04 07:54:36,17.752,3.500,77.009,0.750,0,3388604,161948,172320,4223376,13387.543,9313.073,48.006,1036.119,3.000,63.007,3234,3929,1.980,1.580,0.900,2,0,1.000,0,0,14,138,0,26,0
21-04 07:54:37,29.077,5.264,63.418,0.752,0,3390216,160168,172324,4223540,5431.394,1624.305,80.213,1483.933,5.013,151.401,6235,9409,1.980,1.580,0.900,2,0,1.003,0,0,14,140,0,26,0
21-04 07:54:38,24.678,8.226,66.058,0.249,0,3360224,189996,172324,4223704,6369.472,2317.259,0,638.144,0,46.864,3818,3781,1.980,1.580,0.900,1,0,76.777,0,0,14,139,0,27,0
21-04 07:54:39,19.258,3.001,76.783,0,0,3392088,158128,172324,4223708,12021.098,7780.300,0,436.185,0,28.012,1914,1507,1.980,1.580,0.900,1,0,1.000,0,0,14,142,0,27,0
21-04 07:54:40,15.750,7.500,73.998,1.250,0,3353912,196252,172324,4223760,10250.742,5492.862,0,4151.895,0,301.992,4752,5735,1.820,1.550,0.900,1,0,146.996,0,0,14,141,0,28,0
21-04 07:54:41,19.998,3.250,75.741,0,0,3390912,159248,172324,4223764,6648.228,3711.569,0,111.987,0,12.998,1956,1535,1.820,1.550,0.900,0,0,1.000,0,0,14,142,0,28,0
21-04 07:54:42,17.494,3.249,78.224,0,0,3392664,157484,172328,4223772,14954.075,11042.363,0,139.954,0,12.996,2822,2846,1.820,1.550,0.900,2,0,5.998,0,0,14,142,0,28,0
21-04 07:54:43,25.483,7.245,64.456,0.749,0,3395600,154488,172332,4223828,4806.735,1618.900,0,1295.120,0,149.898,6841,9718,1.820,1.550,0.900,1,0,0,0,0,14,142,0,28,0
21-04 07:54:44,41.919,14.308,41.919,0.753,0,3328988,220348,172352,4224512,6154.777,3058.312,425.714,1449.837,70.283,147.594,12692,19627,1.820,1.550,0.900,6,0,178.719,0,0,14,143,0,29,0
21-04 07:54:45,27.422,9.224,62.074,0.499,0,3387844,161428,172352,4224544,4934.045,2010.314,0,578.364,0,39.887,4098,4524,2,1.590,0.910,1,0,112.681,0,0,14,143,0,29,0
21-04 07:54:46,19.283,3.005,77.132,0,0,3397048,152216,172352,4224552,12138.766,8990.380,0,392.672,0,24.041,2241,1796,2,1.590,0.910,1,0,9.015,0,0,14,143,0,30,0
21-04 07:54:47,8.490,19.975,69.414,0,0,3401120,148112,172352,4224584,4934.899,1665.941,0,399.506,0,19.975,5265,3900,2,1.590,0.910,1,0,294.636,0,0,14,143,0,30,0
21-04 07:54:48,8.015,21.790,67.375,0,0,3317104,232096,172356,4224612,4969.229,1568.914,0,496.923,0,34.063,5482,3985,2,1.590,0.910,1,0,290.540,0,0,14,143,0,30,0
21-04 07:54:49,20.019,16.516,62.309,0.500,0,3343748,205444,172360,4224624,4530.267,1621.527,0,1425.343,0,86.081,6674,8673,2,1.590,0.910,2,0,216.204,0,0,14,143,0,30,0
21-04 07:54:50,30.161,24.178,44.369,0,0,3417160,131980,172360,4224676,4726.012,1615.219,0,414.772,0,27.917,6549,5557,2.080,1.620,0.930,3,0,452.660,0,0,14,143,0,30,2
21-04 07:54:51,27.235,21.488,49.972,0.250,0,3466680,134308,172376,4173808,4797.346,1731.042,23.987,927.487,2.998,50.972,6756,7487,2.080,1.620,0.930,1,0,324.820,0,0,14,149,0,30,2
21-04 07:54:52,38.555,22.532,39.056,0,0,3553008,123044,172384,4099604,3373.829,324.464,16.023,416.596,2.003,56.080,7545,11595,2.080,1.620,0.930,6,0,299.429,0,0,16,153,0,30,2
21-04 07:54:53,49.601,30.061,18.788,0.501,0.251,3663604,166348,172392,3947864,4262.651,1136.306,96.195,12180.721,7.014,977.985,7743,8011,2.080,1.620,0.930,4,0,578.173,0,0,16,155,0,30,2
21-04 07:54:54,57.748,20.999,21.499,0,0,3745232,139156,172392,3894464,5099.828,1661.944,27.999,367.988,3.000,29.999,9667,14531,2.080,1.620,0.930,3,0,247.992,0,0,16,171,0,30,2
21-04 07:54:55,34.171,23.945,40.657,0,0,3802188,179776,172392,3798164,4866.818,1628.259,0,542.753,0,8.979,6505,4689,2.070,1.620,0.930,3,0,431.010,0,0,16,171,0,30,2
21-04 07:54:56,20.495,23.495,54.737,0.250,0,3839164,142848,172396,3798136,4918.860,1619.625,0,299.931,0,17.996,6025,4536,2.070,1.620,0.930,1,0,396.908,0,0,17,171,0,30,2
21-04 07:54:57,13.165,19.127,65.578,0,0,3837596,144260,172396,3798288,4982.937,1448.678,3.974,218.593,0.994,18.879,5850,5813,2.070,1.620,0.930,6,0,236.478,0,0,17,171,0,30,2
21-04 07:54:58,24.961,20.927,52.948,0,0,3881888,155300,172396,3744304,4891.418,1633.834,0,2533.452,0,26.222,6146,6019,2.070,1.620,0.930,3,0,298.528,0,0,17,171,0,30,2
21-04 07:54:59,28.701,24.957,44.424,0,0,3948660,134468,172396,3699604,4630.114,1525.402,0,95.837,0,7.986,5970,4826,2.070,1.620,0.930,3,0,381.350,0,0,17,173,0,30,0
21-04 07:55:00,26.703,17.469,55.153,0.250,0,3986652,133572,172400,3663200,5182.881,1710.990,0,251.557,0,16.970,6654,8403,3.590,1.940,1.040,3,0,230.594,0,0,17,181,0,28,0
21-04 07:55:01,36.863,28.588,33.101,0.251,0,4094744,147364,172404,3544324,4832.800,1462.479,44.135,706.162,5.015,57.175,7906,13719,3.590,1.940,1.040,5,0,484.484,0,0,17,193,0,28,0
21-04 07:55:02,29.422,26.679,42.637,0,0,4174620,132308,172408,3480848,4923.983,1615.729,31.916,502.671,4.987,34.908,9113,13000,3.590,1.940,1.040,1,0,521.621,0,0,17,199,0,28,0
21-04 07:55:03,7.758,21.021,68.318,0,0,4177620,160804,172408,3450216,4994.958,1621.610,36.036,504.501,2.002,26.026,5417,4045,3.590,1.940,1.040,2,0,284.282,0,0,17,199,0,28,0
21-04 07:55:04,13.731,20.222,64.161,0.499,0,4192700,145672,172412,3450704,5033.033,1617.761,3.994,12998.008,0.999,928.714,6895,7121,3.590,1.940,1.040,1,0,328.545,0,0,17,215,0,28,0
21-04 07:55:05,29.746,23.996,45.243,0.250,0,4242400,132940,172424,3413544,5279.225,1709.749,551.919,735.892,17.997,38.994,7015,8415,3.700,2,1.060,2,0,521.923,0,0,17,215,0,28,0
21-04 07:55:06,44.746,9.249,44.746,0,0,4368748,127460,172424,3295196,5657.466,1457.862,683.935,311.971,11.999,34.997,3519,2321,3.700,2,1.060,2,0,2.000,0,0,17,215,0,28,0
21-04 07:55:07,37.514,9.003,52.520,0.250,0,4457012,148580,172424,3188580,5839.230,1620.619,124.047,384.147,11.004,26.010,3347,2519,3.700,2,1.060,2,0,10.004,0,0,17,220,0,28,0
21-04 07:55:08,28.587,14.795,55.419,0,0,4396840,208680,172436,3188640,4826.750,974.979,20.061,445.361,2.006,34.104,4580,3689,3.700,2,1.060,4,0,248.760,0,0,17,223,0,18,0
21-04 07:55:09,33.246,29.497,35.746,0.500,0,4449980,152948,172456,3191228,5121.422,2809.683,1807.796,267.970,30.996,20.998,6903,6780,3.700,2,1.060,1,0,546.938,0,0,17,224,0,18,0
21-04 07:55:10,39.919,21.456,37.673,0.249,0,4470996,130424,172460,3193184,12320.919,8449.799,15.967,950.066,0.998,21.955,7639,9683,3.560,2,1.070,4,0,335.317,0,0,17,231,0,19,0
21-04 07:55:11,66.063,20.691,12.714,0,0,4521908,158376,172476,3116520,4652.798,1561.569,131.627,347.015,11.966,12.963,5294,4809,3.560,2,1.070,4,0,238.324,0,0,17,232,0,19,0
21-04 07:55:12,63.276,13.308,21.343,1.255,0,4625228,178812,172500,2996616,14324.527,11661.905,4383.132,1345.875,205.899,23.101,5147,4683,3.560,2,1.070,3,0,29.127,0,0,17,239,0,16,0
21-04 07:55:13,56.813,16.018,24.027,2.503,0,4640352,172664,172564,2987976,5531.135,1878.083,3423.798,1665.848,291.323,131.145,6808,8529,3.560,2,1.070,3,0,146.162,0,0,17,239,0,21,0
21-04 07:55:14,36.172,27.940,33.927,0,0,4663948,223524,172572,2915880,9653.283,6928.131,171.632,12034.173,8.981,44.904,7282,13100,3.560,2,1.070,3,0,470.989,0,0,17,240,0,22,0
21-04 07:55:15,37.048,19.275,42.805,0.250,0,4614284,271892,172572,2917176,9802.587,6480.321,212.273,1185.522,12.015,85.109,7360,10564,3.680,2.050,1.090,6,0,231.297,0,0,17,239,0,23,0
21-04 07:55:16,56.560,28.280,13.765,0.501,0,4743444,140596,172572,2919316,5719.065,1825.936,12.013,568.603,3.003,47.050,6763,7228,3.680,2.050,1.090,6,0,524.556,0,0,17,243,1,21,0
21-04 07:55:17,50.198,20.978,26.972,0.499,0,4779764,196400,172592,2828932,16107.248,12470.031,1114.841,887.077,51.946,60.937,6566,9598,3.680,2.050,1.090,5,0,273.715,0,0,17,245,0,24,0
21-04 07:55:18,58.542,29.271,12.259,0,0,4847692,125012,172592,2832404,5223.738,1621.160,220.158,480.344,9.006,30.021,7235,9789,3.680,2.050,1.090,4,0,443.317,0,0,17,247,0,24,0
21-04 07:55:19,51.500,25.500,21.750,0.250,0,4907764,131048,172600,2768376,12942.094,9789.071,580.004,828.006,32.000,49.000,9740,16529,3.680,2.050,1.090,13,0,372.003,0,0,17,258,0,26,0
21-04 07:55:20,54.432,19.975,24.220,0.250,0,4919332,156208,172600,2732332,7975.966,4340.539,11.985,711.105,1.997,55.930,6079,6504,3.550,2.050,1.090,3,0,202.745,0,0,17,257,0,25,0
21-04 07:55:21,61.743,13.249,24.997,0,0,5047920,138732,172604,2624168,16316.174,13056.539,979.890,1211.864,14.998,33.996,6941,12701,3.550,2.050,1.090,3,0,7.999,0,0,17,259,0,25,0
21-04 07:55:22,53.586,11.963,33.148,0.997,0.249,5061844,146996,172612,2602576,12097.956,8581.723,1168.422,977.008,85.737,79.756,6139,7476,3.550,2.050,1.090,2,0,20.936,0,0,17,264,0,31,0
21-04 07:55:23,54.419,15.298,28.589,0,0,5067136,210628,172612,2535520,9313.953,4748.762,1259.917,778.420,19.059,54.168,5505,4468,3.550,2.050,1.090,3,0,177.552,0,0,17,268,0,32,0
21-04 07:55:24,47.187,30.459,21.471,0.250,0,5061188,212512,172740,2539348,13205.388,10165.442,4390.145,2555.592,65.912,213.715,7968,9427,3.550,2.050,1.090,5,0,462.383,0,0,17,267,0,33,0
21-04 07:55:25,51.630,24.812,23.309,0,0,5147164,126508,172740,2539860,10323.994,7243.237,769.939,433.090,6.015,23.058,7299,8844,3.500,2.060,1.100,3,0,330.833,0,0,17,268,0,32,0
21-04 07:55:26,69.140,19.219,10.983,0,0,5146452,185000,172748,2484648,9749.468,6680.358,567.097,970.454,10.983,40.935,5659,4660,3.500,2.060,1.100,6,0,172.725,0,0,18,274,0,33,0
21-04 07:55:27,83.166,14.529,1.253,1.002,0,5271968,137528,172764,2409264,4959.921,2117.235,3442.887,1150.301,171.343,86.172,6164,6047,3.500,2.060,1.100,5,0,12.024,0,0,18,276,0,33,0
21-04 07:55:28,64.472,16.493,17.493,0.750,0,5303524,153240,172792,2363548,15655.316,11899.920,1387.408,7512.793,44.981,650.722,9087,12492,3.500,2.060,1.100,4,0,151.935,0,0,18,279,0,35,0
21-04 07:55:29,43.166,12.476,43.415,0.250,0,5330228,126228,172816,2363864,8800.844,2755.628,814.412,383.253,17.965,23.953,4176,3317,3.500,2.060,1.100,2,0,90.823,0,0,18,286,0,33,0
21-04 07:55:30,30.387,8.469,59.031,0.249,0,5351728,141356,172816,2328508,24359.425,13702.052,765.155,3132.353,5.978,39.852,3481,2759,3.300,2.040,1.100,1,0,6.974,0,0,18,288,1,33,1
21-04 07:55:31,46.771,18.105,34.449,0.503,0,5339368,140396,172816,2342224,17190613.361,261757.832,2800.216,1025.941,29.169,39.227,22620,11000,3.300,2.040,1.100,6,0,161.938,0,0,18,288,0,34,0
21-04 07:55:32,48.989,14.497,35.742,0,0,5376368,137624,172816,2308864,11512.381,9428.855,527.880,399.909,4.999,34.992,4638,3459,3.300,2.040,1.100,1,0,115.974,0,0,18,293,0,34,0
21-04 07:55:33,30.609,4.728,62.213,0.249,0,5350272,185004,172816,2288540,16991.658,13640.111,0,525.577,0,54.748,3508,3469,3.300,2.040,1.100,2,0,6.968,0,0,18,295,0,34,0
21-04 07:55:34,32.174,5.487,60.856,0.499,0,5397380,137368,172816,2289068,188734.010,7518822.564,478.868,16289.507,27.934,1174.225,5828,6361,3.300,2.040,1.100,3,0,1.995,0,0,18,299,0,36,0
21-04 07:55:35,20.067,5.017,72.992,0.251,0,5319972,214812,172820,2289092,9651495.782,8989511.132,0,9210.549,0,77.256,12583,6339,3.040,2.010,1.100,1,0,38.126,0,0,18,303,0,37,0
21-04 07:55:36,21.330,7.026,68.005,0.753,0,5236056,282620,172828,2305160,7697288.913,158657.835,48.180,915.426,3.011,87.327,14365,11264,3.040,2.010,1.100,1,0,37.139,0,0,18,300,0,40,0
21-04 07:55:37,9.214,20.918,66.490,0,0.249,5253584,264840,172828,2305412,4742.483,1398.539,31.876,557.822,2.988,37.852,6136,5237,3.040,2.010,1.100,1,0,428.328,0,0,18,300,0,38,0
21-04 07:55:38,22.984,3.248,72.699,0.500,0,5323628,194796,172828,2305412,5400.184,1403.009,0,1754.760,0,109.922,2316,2158,3.040,2.010,1.100,1,0,0,0,0,18,300,0,38,0
21-04 07:55:39,10.286,17.561,70.493,0,0,5329036,189352,172828,2305448,6038.844,1463.050,4.014,180.623,1.003,18.062,4846,3825,3.040,2.010,1.100,2,0,244.845,0,0,18,302,0,38,0
21-04 07:55:40,7.738,20.219,69.393,0,0,5318624,199732,172828,2305480,5681.255,1347.925,0,1026.420,0,4.992,5337,3850,2.870,1.990,1.100,1,0,281.567,0,0,18,302,0,38,0
21-04 07:55:41,4.990,9.232,84.084,0,0,5314060,204280,172828,2305496,3812.457,1077.867,0,16020.303,0,29.941,3023,2629,2.870,1.990,1.100,0,0,145.712,0,0,18,304,0,36,0
21-04 07:55:42,13.236,4.246,81.916,0,0,5346032,172288,172828,2305500,4508.373,1564.395,0,91.906,0,9.990,2023,1876,2.870,1.990,1.100,1,0,14.985,0,0,18,304,0,36,0
21-04 07:55:43,19.842,2.512,77.107,0,0.251,5377708,140600,172828,2305512,10345.892,7324.907,0,4934.844,0,74.344,1975,1547,2.870,1.990,1.100,1,0,0,0,0,18,305,0,36,0
21-04 07:55:44,14.466,11.473,72.328,0.249,0,5329912,188292,172832,2305612,8245.433,4775.667,71.830,0,5.986,0,4136,3195,2.870,1.990,1.100,1,0,129.692,0,0,18,308,0,37,0
21-04 07:55:45,11.032,17.300,70.706,0,0,5320812,197180,172832,2305792,3446.056,758.213,0,200.585,0,18.053,5070,3790,2.720,1.980,1.090,1,0,186.544,0,0,18,308,0,36,0
21-04 07:55:46,12.010,16.765,69.060,0.250,0,5308788,208952,172832,2306028,4429.846,1297.126,16.014,660.574,1.001,56.049,5417,4296,2.720,1.980,1.090,1,0,183.159,0,0,18,312,0,36,0
21-04 07:55:47,18.147,9.944,69.356,0.249,0,5311328,206260,172832,2306164,4775.884,1557.159,99.435,190.916,5.966,20.881,3663,3179,2.720,1.980,1.090,2,0,103.413,0,0,18,312,0,36,0
21-04 07:55:48,22.776,4.005,71.832,0,0,5378832,138756,172832,2306164,4324.953,1663.905,104.119,12077.831,1.001,31.036,2159,1760,2.720,1.980,1.090,2,0,1.001,0,0,18,312,0,36,0
21-04 07:55:49,25.260,2.501,71.277,0.500,0,5377324,161812,172832,2285320,4473.692,1512.572,284.107,320.121,11.004,30.011,2515,2297,2.720,1.980,1.090,2,0,4.002,0,0,18,314,0,35,0
21-04 07:55:50,22.228,4.995,71.928,0,0,5390752,148344,172832,2285360,4701.289,1618.378,23.976,251.748,3.996,20.979,2345,2149,2.580,1.960,1.090,2,0,5.994,0,0,18,312,0,35,0
21-04 07:55:51,23.001,4.000,71.503,0.250,0,5430688,127680,172832,2266268,4636.204,1350.059,0,204.009,0,21.001,2281,2076,2.580,1.960,1.090,3,0,5.000,0,0,18,314,0,35,0
21-04 07:55:52,13.005,1.751,84.031,0,0,5423648,134724,172832,2266304,22947.341,20364.403,0,152.055,0,10.004,2432,2496,2.580,1.960,1.090,1,0,1.000,0,0,18,318,0,37,0
21-04 07:55:53,22.754,4.751,71.512,0,0,5348824,209540,172832,2266312,5278.891,1582.267,0,0,0,0,2226,1640,2.580,1.960,1.090,3,0,15.003,0,0,18,312,0,37,0
21-04 07:55:54,24.497,3.000,71.991,0,0,5367164,191064,172832,2266448,4485.449,1565.808,4.000,183.977,1.000,18.998,2032,1538,2.580,1.960,1.090,2,0,0,0,0,18,312,0,37,0
21-04 07:55:55,9.754,19.008,69.781,0.250,0,5351364,206824,172836,2266484,5000.186,1500.656,392.171,984.430,5.002,78.034,5004,3698,2.460,1.940,1.090,4,0,250.109,0,0,18,312,0,37,0
21-04 07:55:56,9.512,19.274,68.585,0,0,5349316,208708,172836,2266652,4805.951,1706.113,56.069,440.545,5.006,28.035,5303,4203,2.460,1.940,1.090,1,0,283.351,0,0,18,312,0,37,0
21-04 07:55:57,21.313,7.021,70.457,0.251,0,5381820,176164,172856,2266672,4728.870,1462.289,0,353.036,0,29.085,3189,2869,2.460,1.940,1.090,2,0,69.203,0,0,18,312,0,37,0
21-04 07:55:58,18.165,3.484,76.890,0,0,5344204,208340,173324,2271548,10421.165,3790.238,3.981,871.914,0.995,22.893,2129,1815,2.460,1.940,1.090,1,0,16.921,0,0,18,312,0,37,0
21-04 07:55:59,19.506,3.001,76.024,0.250,0,5356876,194728,173372,2272408,10824.467,3724.193,4.001,368.118,1.000,7.002,2090,1670,2.460,1.940,1.090,1,0,18.006,0,0,18,313,0,37,0
21-04 07:56:00,23.002,5.501,69.507,0.250,0,5348108,197596,173892,2277652,6239.656,2564.269,0,4148.436,0,475.050,10925,19979,2.340,1.930,1.090,2,0,8.001,0,0,18,312,0,37,0
21-04 07:56:01,18.256,4.001,76.025,0.250,0,5341632,203480,173952,2278164,12028.978,4628.531,28.009,496.164,5.002,13.004,2334,2109,2.340,1.930,1.090,3,0,12.004,0,0,18,313,0,37,0
21-04 07:56:02,22.321,7.273,69.220,0,0,5336708,208264,173996,2278260,4892.543,1625.163,0,581.848,0,14.045,11048,19826,2.340,1.930,1.090,1,0,15.048,0,0,18,313,0,37,0
21-04 07:56:03,13.992,12.743,71.711,0.500,0,5278776,276072,174084,2268340,5293.104,1685.078,3.998,527.711,0.999,20.989,4278,3455,2.340,1.930,1.090,1,0,215.882,0,0,18,312,0,37,0
21-04 07:56:04,22.184,4.985,71.536,0,0,5338180,216656,174084,2268352,4592.258,1561.328,0,0,0,0,2366,2097,2.340,1.930,1.090,1,0,52.842,0,0,18,312,0,37,0
21-04 07:56:05,18.249,3.000,77.247,0,0,5353592,201044,174084,2268548,13739.545,10350.657,0,627.979,0,19.999,2342,2222,2.230,1.910,1.090,2,0,1.000,0,0,18,315,0,38,0
21-04 07:56:06,19.073,10.791,68.763,0,0,5335568,218940,174084,2268676,7016.858,3204.265,112.430,337.291,4.015,37.142,3702,3340,2.230,1.910,1.090,1,0,117.450,0,0,18,312,0,40,0
21-04 07:56:07,20.911,3.734,73.438,0.996,0,5365260,189244,174084,2268680,11346.755,7260.131,0,2449.585,0,172.268,2899,3396,2.230,1.910,1.090,1,0,0.996,0,0,18,319,0,40,0
21-04 07:56:08,20.335,6.276,72.552,0,0,5335704,218784,174084,2268696,6909.791,3585.942,0,598.494,0,33.138,2937,2455,2.230,1.910,1.090,1,0,70.293,0,0,18,318,0,41,0
21-04 07:56:09,17.435,3.487,77.213,0,0,5337956,216528,174084,2268700,10319.657,7198.255,0,35.867,0,3.985,2031,1662,2.230,1.910,1.090,1,0,0,0,0,18,319,0,41,0
21-04 07:56:10,19.987,5.247,73.451,0,0,5300868,253600,174084,2268716,12426.733,8939.053,0,3.997,0,0.999,2797,2235,2.130,1.900,1.090,1,0,55.963,0,0,18,318,0,42,0
21-04 07:56:11,19.012,3.502,76.798,0,0,5345460,208996,174084,2268728,10424.511,7295.557,0,0,0,0,2023,1665,2.130,1.900,1.090,1,0,1.001,0,0,18,319,0,42,0
21-04 07:56:12,21.335,5.020,72.789,0,0,5379500,174936,174084,2268748,8998.705,6164.459,0,8.032,0,2.008,2857,2364,2.130,1.900,1.090,1,0,33.131,0,0,18,318,0,45,0
21-04 07:56:13,22.154,4.481,73.184,0,0,5401372,152872,174084,2268940,10313.440,7259.635,15.931,0,0.996,0,2904,3854,2.130,1.900,1.090,1,0,2.987,0,0,18,319,0,45,0
21-04 07:56:14,19.076,4.267,75.552,0.251,0,5374304,179828,174084,2269224,9937.692,6843.333,16.064,389.556,1.004,35.140,3256,3304,2.130,1.900,1.090,2,0,63.253,0,0,18,318,0,40,0
21-04 07:56:15,25.406,5.729,66.504,0,0,5391248,162872,174084,2269064,6411.292,3092.564,0,314.836,0,28.893,3213,10172,2.040,1.880,1.090,1,0,22.915,0,0,18,319,0,41,0
21-04 07:56:16,18.070,4.517,76.796,0.251,0,5327684,226384,174084,2269116,13695.704,10342.801,32.124,289.113,1.004,24.093,2834,2657,2.040,1.880,1.090,1,0,32.124,0,0,18,318,0,44,0
21-04 07:56:17,22.644,3.733,71.914,0,0,5378020,176012,174084,2269152,6993.323,3569.322,0,266.754,0,23.888,2390,2118,2.040,1.880,1.090,1,0,0.995,0,0,18,321,0,44,0
21-04 07:56:18,14.504,2.251,82.521,0.250,0,5376800,177216,174084,2269168,14546.641,10501.628,0,908.227,0,65.016,2471,2739,2.040,1.880,1.090,1,0,0,0,0,18,320,0,40,0
21-04 07:56:19,7.002,8.752,81.021,1.750,0,5357148,195648,174624,2269848,9568.521,4029.061,1124.296,1564.412,251.066,102.027,3696,3584,2.040,1.880,1.090,0,0,180.047,0,0,18,322,0,40,0
21-04 07:56:20,4.759,6.012,88.423,0,0,5334076,218672,174624,2269896,14735.914,3183.246,0,356.700,0,32.063,2578,2657,1.880,1.850,1.080,1,0,81.159,0,0,18,320,0,41,0
21-04 07:56:21,4.004,4.004,90.832,0.500,0,5326964,225776,174624,2269904,11173.061,4977.482,0,2394.156,0,382.344,2208,2336,1.880,1.850,1.080,1,0,58.052,0,0,18,320,0,42,1
21-04 07:56:22,14.711,12.218,71.064,0.499,0,5332764,216856,174628,2273020,4906.134,1023.316,446.828,255.330,50.867,12.966,4303,3563,1.880,1.850,1.080,1,0,201.472,0,0,18,320,0,38,0
21-04 07:56:23,22.494,2.999,72.729,0,0,5359416,181888,174628,2281240,5970.299,1518.567,7.998,1159.670,1.000,11.997,2160,1901,1.880,1.850,1.080,1,0,16.995,0,0,18,321,0,38,0
21-04 07:56:24,15.493,2.749,80.965,0.250,0,5332916,205164,174632,2284444,16011.163,5579.617,0,1003.571,0,38.983,2034,1942,1.880,1.850,1.080,1,0,2.999,0,0,18,320,0,38,0
21-04 07:56:25,11.790,14.800,70.738,1.003,0,5298804,235960,174764,2287580,5223.565,1571.284,1452.886,3170.662,25.084,103.348,5597,5217,1.810,1.840,1.080,1,0,302.016,0,0,18,320,0,38,0
21-04 07:56:26,20.186,3.738,74.512,0,0,5352308,182444,174764,2287592,5936.060,3466.938,0,558.219,0,31.898,2306,2086,1.810,1.840,1.080,1,0,0,0,0,18,321,0,31,0
21-04 07:56:27,21.258,4.752,73.028,0,0,5344872,189860,174764,2287612,25380.838,21834.464,0,120.047,0,12.005,3075,2790,1.810,1.840,1.080,1,0,47.018,0,0,18,320,0,33,0
21-04 07:56:28,19.983,2.998,76.187,0.250,0,5393012,141708,174764,2287624,6898.267,3989.684,0,267.777,0,29.975,2072,1822,1.810,1.840,1.080,2,0,0,0,0,18,321,0,33,0
21-04 07:56:29,20.601,4.271,74.113,0.251,0,5382560,152024,174764,2287760,10665.175,7815.233,128.629,281.377,8.039,11.054,2589,2145,1.810,1.840,1.080,1,0,14.069,0,0,18,320,0,35,0
21-04 07:56:30,19.923,3.487,74.960,0,0,5373372,177912,174764,2271128,10156.730,7035.797,0,3.985,0,0.996,2125,1664,1.740,1.820,1.080,1,0,0,0,0,18,321,0,32,0
21-04 07:56:31,22.744,3.749,70.482,1.750,0,5369616,179412,174764,2273368,6521.336,3600.081,2031.482,2491.364,82.979,243.938,5749,8532,1.740,1.820,1.080,1,0,2.999,0,0,18,322,0,33,0
21-04 07:56:32,22.259,4.502,72.029,0,0,5363972,185048,174768,2273372,4878.983,1620.659,0,484.197,0,30.012,2293,1919,1.740,1.820,1.080,1,0,5.002,0,0,18,322,0,33,0
21-04 07:56:33,15.246,1.999,81.977,0.500,0,5366168,182808,174768,2273416,14525.994,11281.889,0,431.881,0,34.990,2294,2252,1.740,1.820,1.080,1,1,0,0,0,18,323,0,33,0
21-04 07:56:34,18.500,10.250,67.748,0.750,0,5342496,206292,174768,2273604,6115.837,2845.924,159.996,2763.927,7.000,130.997,5617,6963,1.740,1.820,1.080,1,0,104.997,0,0,18,322,0,29,0
21-04 07:56:35,9.259,23.522,66.062,0,0,5332576,216200,174768,2273616,5224.864,1663.549,0,576.537,0,40.037,5747,4434,1.840,1.840,1.090,1,0,348.324,0,0,18,322,0,29,0
21-04 07:56:36,8.769,22.800,66.146,0,0,5322940,225804,174768,2273648,4870.736,1623.579,0,569.255,0,46.102,5976,4773,1.840,1.840,1.090,2,0,379.837,0,0,18,322,0,29,0
21-04 07:56:37,9.258,22.518,66.054,0.250,0,5323420,225292,174772,2273676,5093.152,1513.234,0,2534.066,0,390.318,6670,5369,1.840,1.840,1.090,1,0,470.383,0,0,18,322,0,29,0
21-04 07:56:38,8.753,23.009,67.026,0.250,0,5311772,236912,174772,2273704,7498.959,1566.618,0,2040.805,0,125.049,7025,6337,1.840,1.840,1.090,1,0,598.236,0,0,18,322,0,25,0
21-04 07:56:39,7.748,23.245,67.485,0.250,0,5312596,236052,174772,2273740,7138.425,1619.643,0,423.906,0,28.994,7161,6422,1.840,1.840,1.090,2,0,663.854,0,0,18,322,0,25,0
21-04 07:56:40,8.742,21.731,68.189,0,0,5316584,232032,174772,2273772,5427.178,1510.658,0,115.897,0,16.985,6720,5728,1.700,1.810,1.090,1,0,581.483,0,0,18,322,0,25,0
21-04 07:56:41,8.233,22.454,67.363,0,0,5297640,250940,174772,2273808,6632.469,1562.812,0,99.796,0,11.976,6904,6105,1.700,1.810,1.090,2,0,614.746,0,0,18,322,0,25,0
21-04 07:56:42,16.992,10.495,71.465,0,0,5298488,349064,174976,2185224,4694.698,1619.206,19.990,19.990,1.999,2.999,3420,2959,1.700,1.810,1.090,1,0,120.941,0,0,18,322,0,25,0
21-04 07:56:43,23.744,2.999,72.483,0.500,0,5314556,328916,175028,2189252,4516.929,1457.654,15.996,2575.389,2.999,8.998,2287,1842,1.700,1.810,1.090,1,0,16.996,0,0,18,322,0,25,0
21-04 07:56:44,12.998,1.750,82.988,0.750,0,5327220,315056,175028,2190444,20038.152,9777.611,739.895,1627.769,47.993,61.991,1939,2184,1.700,1.810,1.090,0,1,0,0,0,18,323,0,25,0
21-04 07:56:45,12.786,1.755,83.984,1.003,0,5335320,305984,175028,2191404,26075.740,15709.824,493.376,1965.483,52.145,72.201,1845,1951,1.560,1.780,1.080,0,0,0,0,0,18,323,0,25,0
21-04 07:56:46,16.263,1.501,80.565,0.751,0,5365156,274848,175028,2192700,20742.722,10839.738,1200.968,1377.110,50.040,51.041,1890,1747,1.560,1.780,1.080,1,0,0,0,0,18,323,0,24,0
21-04 07:56:47,16.239,1.749,80.195,0.500,0,5383780,254968,175028,2193952,20749.871,11544.139,831.434,1427.028,37.974,56.961,2014,2014,1.560,1.780,1.080,3,0,0,0,0,18,323,0,24,0
21-04 07:56:48,19.437,2.990,74.757,1.744,0,5388948,217180,175028,2226572,10493.876,5217.035,11749.792,4421.622,127.585,193.371,2601,2733,1.560,1.780,1.080,1,0,0.997,0,0,18,323,0,24,0
21-04 07:56:49,23.489,3.248,72.217,0.250,0,5396096,189220,175328,2246708,4565.884,1229.430,0,1667.227,0,45.979,2334,2027,1.560,1.780,1.080,1,0,0,0,0,18,323,0,24,0
21-04 07:56:50,24.010,3.001,71.281,1.000,0,5401268,164536,175328,2266100,4728.035,1566.674,0,7299.141,0,322.139,2681,2605,1.520,1.770,1.080,1,0,1.000,0,0,18,323,0,24,0
21-04 07:56:51,21.763,3.752,71.542,1.251,0,5408144,143896,175760,2279144,4442.621,1620.956,0,2937.733,0,137.081,2828,3009,1.520,1.770,1.080,1,0,2.001,0,0,18,323,0,24,0
21-04 07:56:52,26.979,4.496,65.198,0.500,0.250,5412964,125148,175956,2292652,4453.462,1618.714,0,2410.085,0,82.934,2648,2245,1.520,1.770,1.080,2,1,1.998,0,0,18,323,0,24,0
21-04 07:56:53,41.355,9.524,49.125,0.251,0,5383640,180832,176156,2266236,4974.636,1798.569,773.966,1800.574,7.018,219.558,3501,2153,1.520,1.770,1.080,3,0,11.028,0,0,18,322,0,24,0
21-04 07:56:54,24.961,5.242,68.643,0.250,0,5399764,160016,176212,2270824,10353.929,3856.015,271.578,1577.551,2.995,37.941,2797,2474,1.520,1.770,1.080,1,0,33.947,0,0,18,322,0,24,0
21-04 07:56:55,21.240,4.248,73.466,0,0,5390500,168040,176252,2271992,8802.979,2944.655,0,14645.310,0,72.967,2335,1825,1.470,1.750,1.080,0,0,18.991,0,0,18,323,0,22,0
21-04 07:56:56,21.077,4.517,72.766,0.251,0,5405024,147764,176784,2277068,7379.988,3343.226,0,971.553,0,18.066,9709,18219,1.470,1.750,1.080,1,0,9.033,0,0,18,322,0,22,0
21-04 07:56:57,22.924,6.229,69.021,0.249,0,5387336,164680,176852,2277764,4462.210,1130.254,3.987,1526.939,0.997,13.954,10857,19161,1.470,1.750,1.080,1,0,19.934,0,0,18,322,0,22,0
21-04 07:56:58,20.991,5.747,71.219,0.500,0,5332704,230652,176860,2266492,4128.176,863.618,0,1507.334,0,48.978,2615,2485,1.470,1.750,1.080,1,0,10.995,0,0,18,322,0,22,0
21-04 07:56:59,23.252,6.001,70.006,0,0,5331796,231532,176860,2266520,4906.420,1566.134,0,140.012,0,5.000,10391,19134,1.470,1.750,1.080,1,0,53.005,0,0,18,322,0,22,0
21-04 07:57:00,19.237,3.498,75.451,0,0,5372976,190332,176860,2266540,10317.265,3791.525,0,491.679,0,18.988,2325,1880,1.440,1.740,1.080,1,0,33.978,0,0,18,323,0,22,0
21-04 07:57:01,23.013,4.002,73.043,0,0,5353972,203628,176860,2272248,5247.059,1686.984,0,912.532,0,13.008,2329,1858,1.440,1.740,1.080,1,0,4.002,0,0,18,322,0,22,0
21-04 07:57:02,17.745,3.749,76.980,0.250,0,5358400,194100,176860,2277300,11829.940,4679.789,0,1039.731,0,17.995,2224,1838,1.440,1.740,1.080,1,0,21.994,0,0,18,322,0,22,0
21-04 07:57:03,24.048,6.513,67.135,0,0,5357192,194784,176876,2277792,4947.951,1531.079,0,84.169,0,1.002,17502,34958,1.440,1.740,1.080,2,0,14.028,0,0,18,322,0,22,0
21-04 07:57:04,20.713,5.989,71.621,0.250,0,5345948,217316,176884,2266548,4883.171,1509.271,15.971,1094.022,0.998,40.926,2647,2415,1.440,1.740,1.080,1,0,14.973,0,0,18,322,0,22,0
21-04 07:57:05,23.269,3.753,71.809,0,0,5313208,250032,176884,2266572,5270.302,1567.279,0,600.490,0,17.014,2638,2227,1.400,1.730,1.080,1,0,31.025,0,0,18,322,0,22,0
21-04 07:57:06,21.237,6.746,69.956,0.250,0,5329992,225728,176884,2274088,4976.839,1618.972,0,815.482,0,39.975,3652,3502,1.400,1.730,1.080,2,0,88.944,0,0,18,322,0,22,0
21-04 07:57:07,21.988,2.749,73.961,0.500,0.250,5340908,211460,176884,2277388,9498.963,2848.490,0,1083.425,0,26.986,2436,2231,1.400,1.730,1.080,0,0,15.992,0,0,18,323,0,19,0
21-04 07:57:08,14.504,1.751,82.025,0.500,0,5353020,199008,176884,2277720,26337.048,15842.841,0,3212.982,0,293.090,1944,2003,1.400,1.730,1.080,0,0,0,0,0,18,323,0,19,0
21-04 07:57:09,8.749,1.500,87.486,0.750,0,5356252,195364,176904,2278084,165180.727,15660.414,0,1715.717,0,69.988,1772,1884,1.400,1.730,1.080,1,0,0,0,0,18,324,0,19,0
21-04 07:57:10,18.250,1.500,78.498,0.500,0,5378700,172344,176952,2278580,19872.532,12393.708,263.994,1239.971,10.000,38.999,2002,1774,1.370,1.720,1.080,0,0,1.000,0,0,18,324,0,19,0
21-04 07:57:11,17.504,3.501,78.266,0.250,0,5394748,155808,177040,2278976,40191.238,11240.304,0,1060.217,0,33.007,3095,3790,1.370,1.720,1.080,3,0,4.001,0,0,18,324,0,17,0
21-04 07:57:12,10.750,2.500,83.497,1.000,0,5396424,153372,177304,2279468,335995.586,24587.092,27.999,2483.908,4.000,97.996,2900,2937,1.370,1.720,1.080,0,0,1.000,0,0,18,324,0,17,0
21-04 07:57:13,13.752,3.250,81.012,1.000,0,5396168,153004,177524,2279844,69215.277,15402.287,104.015,2052.305,6.001,91.014,2304,2437,1.370,1.720,1.080,1,0,1.000,0,0,18,324,0,17,0
21-04 07:57:14,5.746,1.749,89.942,0.250,0,5395524,142012,177588,2291356,1577757.593,45205.079,31.980,2142.629,0.999,37.976,3003,3172,1.370,1.720,1.080,0,1,0.999,0,0,18,324,0,17,0
21-04 07:57:15,10.252,6.251,79.514,0.500,0,5388224,156740,177644,2284036,5846069.744,92309.976,0,15922.756,0,113.020,7735,8850,1.500,1.740,1.090,0,0,39.007,0,0,18,324,0,13,0
21-04 07:57:16,7.248,3.999,83.982,0.500,0,5392216,125996,177704,2310640,10747453.703,154862.445,163.966,12413.390,3.999,68.985,10338,5000,1.500,1.740,1.090,1,0,1.000,0,0,18,324,0,13,0
21-04 07:57:17,20.783,3.506,73.616,1.502,0.250,5392268,132812,179104,2302552,521856.717,10682.801,0,3858.068,0,117.184,2982,2625,1.500,1.740,1.090,2,0,1.002,0,0,18,324,0,13,0
21-04 07:57:18,21.979,3.996,71.682,0.500,0,5396320,125672,181272,2303412,4933.316,1456.617,0,3408.764,0,66.936,2464,2293,1.500,1.740,1.090,1,1,0,0,0,18,324,0,13,0
21-04 07:57:19,23.748,3.500,71.495,0.250,0,5404440,126992,181688,2293784,4757.645,1457.891,0,1035.923,0,35.997,2400,2131,1.500,1.740,1.090,2,0,0,0,0,18,324,0,9,0
21-04 07:57:20,21.988,6.746,69.463,1.249,0,5412604,136504,182616,2275900,5055.289,1457.219,0,54942.537,0,617.669,3198,3123,1.460,1.720,1.090,1,0,0.999,0,0,18,324,0,9,0
21-04 07:57:21,22.986,4.497,70.456,0.500,0,5405984,129940,183464,2288024,4916.930,1618.989,0,3293.943,0,274.828,2893,2778,1.460,1.720,1.090,1,0,3.998,0,0,18,324,0,9,0
21-04 07:57:22,24.278,3.504,71.332,0.250,0,5407700,124344,184768,2290728,5275.093,1513.748,0,1970.276,0,34.039,2465,2175,1.460,1.720,1.090,1,0,0,0,0,18,324,0,9,0
21-04 07:57:23,22.766,5.754,70.049,0.751,0,5402220,200424,184736,2221868,5509.819,1567.086,0,86347.852,0,585.406,2976,3362,1.460,1.720,1.090,1,0,0,0,0,18,324,0,7,0
21-04 07:57:24,19.229,2.497,76.416,0.999,0,5399708,224732,185432,2199020,11007.841,4276.277,0,2429.317,0,97.892,2268,2320,1.460,1.720,1.090,1,0,0,0,0,18,322,0,7,0
21-04 07:57:25,23.016,3.753,72.301,0,0,5327216,297364,185432,2198932,4863.435,1621.145,32.023,300.212,4.003,5.004,2212,1571,1.420,1.710,1.090,2,0,19.013,0,0,18,322,0,7,0
21-04 07:57:26,19.206,3.741,76.822,0.249,0,5349820,270148,185492,2203472,10613.434,3960.832,0,1265.072,0,8.979,2101,1622,1.420,1.710,1.090,1,0,16.961,0,0,18,322,0,7,0
21-04 07:57:27,20.552,3.760,73.688,0.251,0,5349444,269268,185528,2204656,8888.619,2941.485,0,421.072,0,12.031,2488,2283,1.420,1.710,1.090,0,0,18.046,0,0,18,323,0,5,0
21-04 07:57:28,21.811,6.518,69.696,0,0,5342472,269968,185960,2210000,6926.511,3340.410,0,44970.678,0,263.743,9962,18194,1.420,1.710,1.090,2,0,11.031,0,0,18,322,0,5,0
21-04 07:57:29,21.773,8.009,69.074,0,0,5347680,264456,186012,2210212,4610.949,1609.728,0,108252.192,0,1556.671,10669,17887,1.420,1.710,1.090,1,0,8.009,0,0,18,322,0,5,0
21-04 07:57:30,20.661,6.721,70.448,0.249,0,5353496,258436,186020,2210376,4116.365,1129.162,0,3190.332,0,20.910,4123,5632,1.390,1.700,1.090,3,0,14.936,0,0,18,322,0,5,0
21-04 07:57:31,22.997,4.999,70.741,0,0,5312316,311300,186024,2199112,4337.455,1457.817,79.990,1107.861,3.000,41.995,2615,2286,1.390,1.700,1.090,2,0,6.999,0,0,18,322,0,5,0
21-04 07:57:32,23.513,4.502,71.039,0.500,0,5341088,279324,186108,2202232,4865.662,1566.857,756.414,2101.149,26.014,30.016,2795,2786,1.390,1.700,1.090,1,0,0,0,0,18,323,0,2,0
21-04 07:57:33,25.301,5.010,66.134,2.004,0,5337860,281400,186108,2203384,5142.452,1515.079,785.597,6004.203,47.096,466.949,7545,11604,1.390,1.700,1.090,2,0,1.002,0,0,18,325,0,5,0
21-04 07:57:34,13.726,16.970,65.885,0.749,0,5281220,337656,186108,2203768,4717.772,1563.273,303.471,2503.633,13.976,180.685,6304,6587,1.390,1.700,1.090,2,0,272.525,0,0,18,324,0,5,0
21-04 07:57:35,12.741,14.240,69.450,1.999,0,5288476,327836,186124,2206316,5068.331,1510.906,2522.174,2194.412,235.829,338.755,4971,4190,1.360,1.690,1.090,0,1,177.871,0,0,18,324,0,7,0
21-04 07:57:36,6.499,4.000,71.992,15.998,0,5272464,304960,186124,2245204,4605.505,1565.832,38887.822,1095.882,2910.687,20.998,4943,7816,1.360,1.690,1.090,0,1,1.000,0,0,18,324,0,6,0
21-04 07:57:37,6.999,3.000,86.490,1.750,0,5277012,296896,186124,2248720,5362.390,2148.756,3527.599,1167.867,407.954,30.996,2195,2926,1.360,1.690,1.090,0,0,5.999,0,0,18,325,0,6,0
21-04 07:57:38,1.500,0.750,95.492,0.500,0,5277260,296644,186124,2248720,48144.913,5272.552,0,1455.876,0,78.993,1309,1907,1.360,1.690,1.090,0,0,0,0,0,18,325,0,6,0
21-04 07:57:39,2.749,1.250,94.727,0,0,5277616,296140,186124,2248868,60173.329,5982.541,91.978,103.975,1.000,14.996,1357,1790,1.360,1.690,1.090,0,0,2.000,0,0,18,325,0,6,0
21-04 07:57:40,5.000,1.750,91.995,0,0,5260888,312116,186180,2249564,117054.535,127458.961,135.992,467.974,15.999,1.000,1625,1605,1.250,1.660,1.080,0,0,9.999,0,0,18,324,0,6,0
21-04 07:57:41,1.751,1.000,96.786,0.250,0,5260220,312780,186180,2249568,4741.764,1620.603,0,820.305,0,18.007,1036,1480,1.250,1.660,1.080,0,0,1.000,0,0,18,324,0,6,0
21-04 07:57:42,1.750,1.500,94.748,0,0,5251060,321932,186180,2249576,5282.914,1565.975,0,211.997,0,23.000,1453,1970,1.250,1.660,1.080,0,0,6.000,0,0,18,326,0,6,0
21-04 07:57:43,1.500,0.750,97.487,0.500,0,5251056,321932,186180,2249580,4979.353,1619.790,0,91.988,0,12.998,937,1394,1.250,1.660,1.080,0,0,0,0,0,18,326,0,6,0
21-04 07:57:44,1.500,0.750,95.517,0.250,0,5251048,321932,186180,2249588,5252.943,1512.272,0,496.089,0,50.009,1339,1999,1.250,1.660,1.080,1,0,0,0,0,18,326,0,6,0
21-04 07:57:45,1.250,1.250,96.995,0,0,5230744,342232,186180,2249592,4485.767,1565.918,0,103.995,0,12.999,975,1410,1.150,1.630,1.080,0,0,0,0,0,18,326,0,6,0
21-04 07:57:46,1.250,3.749,93.731,0,0,5240560,332416,186180,2249592,4531.080,1511.693,0,0,0,0,1052,1310,1.150,1.630,1.080,0,0,0,0,0,18,326,0,6,0
21-04 07:57:47,1.750,1.000,96.247,0,0,5239576,333400,186180,2249592,4446.845,1349.953,0,91.997,0,12.000,1238,1779,1.150,1.630,1.080,0,0,0,0,0,18,326,0,6,0
21-04 07:57:48,0.750,0.250,96.740,0.250,0,5238992,333984,186180,2249592,3695.635,755.925,0,179.982,0,11.999,992,1485,1.150,1.630,1.080,0,0,0,0,0,18,326,0,6,0
21-04 07:57:49,1.750,1.000,96.507,0,0.250,5238984,333984,186180,2249600,4338.333,1458.112,0,84.006,0,13.001,1123,1516,1.150,1.630,1.080,0,0,0,0,0,18,326,0,6,0
21-04 07:57:50,1.750,1.000,96.761,0.500,0,5238984,333984,186180,2249600,3260.363,540.060,0,1156.129,0,212.024,1299,1871,1.060,1.610,1.070,0,0,1.000,0,0,18,326,0,6,0
21-04 07:57:51,1.250,1.000,96.010,0,0,5239456,333512,186180,2249600,4846.509,1566.165,0,88.009,0,12.001,1263,1831,1.060,1.610,1.070,0,0,2.000,0,0,18,326,0,6,0
21-04 07:57:52,6.496,2.498,89.688,0,0,5261840,311128,186180,2249600,4965.586,1510.961,23.984,0,4.997,0,1473,1616,1.060,1.610,1.070,1,0,1.999,0,0,18,326,0,6,0
21-04 07:57:53,18.770,7.258,73.077,0,0,5313960,258708,186180,2249900,5243.554,1459.546,1037.099,180.191,14.015,11.012,2459,1860,1.060,1.610,1.070,1,0,9.010,0,0,18,326,0,6,0
21-04 07:57:54,7.247,2.249,88.710,0.500,0,5311524,261104,186180,2249940,4497.985,1619.275,287.871,395.823,2.999,29.987,1655,1974,1.060,1.610,1.070,1,0,1.000,0,0,18,326,0,6,0
21-04 07:57:55,1.500,1.500,96.010,0,0,5289404,283224,186180,2249940,5568.602,1566.169,0,16053.736,0,89.010,1163,1535,0.970,1.580,1.060,1,0,0,0,0,18,326,0,6,0
21-04 07:57:56,1.250,0.750,97.000,0,0,5283884,288740,186180,2249944,4951.976,1511.993,0,371.998,0,4.000,917,1355,0.970,1.580,1.060,1,0,2.000,0,0,18,326,0,6,0
21-04 07:57:57,2.249,1.000,95.712,0,0,5277400,295216,186180,2249952,5294.876,1619.350,0,131.947,0,14.994,1254,1804,0.970,1.580,1.060,0,0,0,0,0,18,326,0,6,0
21-04 07:57:58,1.250,0.500,97.027,0,0,5272652,299964,186180,2249952,4901.371,1620.453,0,196.055,0,14.004,1070,1589,0.970,1.580,1.060,0,0,0,0,0,18,326,0,6,0
21-04 07:57:59,1.250,0.750,97.245,0.250,0,5267888,304728,186180,2249952,5219.741,1619.920,0,31.998,0,4.000,934,1327,0.970,1.580,1.060,0,0,0,0,0,18,326,0,6,0
21-04 07:58:00,1.250,0.750,97.289,0,0,5263716,308900,186180,2249952,4921.951,1620.643,0,160.063,0,9.004,928,1341,0.890,1.550,1.060,0,0,0,0,0,18,326,0,6,0
21-04 07:58:01,1.000,0.750,97.248,0,0,5260976,311640,186180,2249952,5339.894,1619.968,0,47.999,0,6.000,1012,1450,0.890,1.550,1.060,0,0,1.000,0,0,18,326,0,6,0
21-04 07:58:02,1.500,0.500,97.264,0,0,5259524,313092,186180,2249952,4997.717,1620.232,0,0,0,0,1003,1386,0.890,1.550,1.060,0,0,0,0,0,18,326,0,6,0
21-04 07:58:03,1.000,0,97.213,0,0,5258356,314260,186180,2249952,4996.108,1457.448,0,0,0,0,917,1331,0.890,1.550,1.060,0,0,0,0,0,18,326,0,6,0
21-04 07:58:04,1.750,1.000,96.269,0.250,0,5258228,314380,186180,2249960,5377.083,1620.326,0,396.080,0,31.006,1308,1958,0.890,1.550,1.060,0,0,0,0,0,18,326,0,6,0
21-04 07:58:05,1.749,1.499,95.462,0,0,5257780,314900,186184,2249972,4782.100,1457.421,3.998,9452.245,1.000,411.836,1440,1877,0.820,1.530,1.050,1,0,1.000,0,0,18,326,0,6,0
21-04 07:58:06,2.240,0.996,93.851,1.245,0,5257780,314900,186184,2249972,5403.013,1613.137,0,3055.003,0,184.216,1712,2657,0.820,1.530,1.050,0,0,0.996,0,0,18,326,0,6,0
21-04 07:58:07,2.511,0.753,95.655,0,0,5257776,314900,186188,2249972,5036.312,1506.374,0,257.088,0,23.098,1435,2052,0.820,1.530,1.050,0,0,0,0,0,18,326,0,6,0
21-04 07:58:08,1.000,1.000,97.008,0.250,0,5257772,314900,186188,2249976,5350.443,1662.137,0,692.057,0,33.003,1037,1533,0.820,1.530,1.050,0,0,0,0,0,18,326,0,6,0
21-04 07:58:09,1.751,0.750,96.781,0,0,5257772,314900,186188,2249976,4639.467,1458.461,0,36.011,0,5.002,1040,1422,0.820,1.530,1.050,0,0,0,0,0,18,326,0,6,0
21-04 07:58:10,1.000,0.500,97.210,0,0,5257772,314900,186188,2249976,3850.419,971.601,0,703.711,0,9.996,943,1343,0.750,1.500,1.050,0,0,0,0,0,18,326,0,6,0
21-04 07:58:11,5.743,2.247,90.646,0,0,5262524,310140,186188,2249984,269355.741,5833.324,7.991,11.986,1.998,1.998,1607,1666,0.750,1.500,1.050,0,0,7.991,0,0,18,326,0,6,0
21-04 07:58:12,10.267,4.758,83.887,0,0,5265400,307156,186188,2250092,145232.362,7660.520,124.203,4.007,5.008,1.002,2296,2040,0.750,1.500,1.050,1,0,23.038,0,0,18,326,0,6,0
21-04 07:58:13,12.006,4.252,81.792,0,0,5265560,306600,186196,2250480,291410.632,8374.329,176.091,4.002,5.003,1.001,2583,2145,0.750,1.500,1.050,2,0,26.013,0,0,18,326,0,6,0
