"pcp-dstat 5.3.6 CSV Output"
"Author:","PCP team <pcp@groups.io> and Dag Wieers <dag@wieers.com>",,,,"URL:","https://pcp.io/ and http://dag.wieers.com/home-made/dstat/"
"Host:","jammy-provider-cloud-0000007809",,,,"User:","ubuntu"
"Cmdline:","dstat -tcmndrylpg --tcp --output /tmp/devstack_logs/dstat-csv.log",,,,"Date:","12 Dec 2024 07:25:35 UTC"
"system","total usage",,,,,"memory usage",,,,"net/total",,"dsk/total",,"io/total",,"system",,"load avg",,,"procs",,,"paging",,"tcp sockets",,,,
"time","total usage:usr","total usage:sys","total usage:idl","total usage:wai","total usage:stl","used","free","buf","cach","net/total:recv","net/total:send","dsk/total:read","dsk/total:writ","read","writ","int","csw","1m","5m","15m","run","blk","new","in","out","lis","act","syn","tim","clo"
12-12 07:25:35,,992380,1993624,162888,4669000,,,,,,,1.550,0.960,0.500,3,0,,,,9,6,3,17,0
12-12 07:25:36,17.976,21.721,58.173,0.499,0,1008200,1977396,162936,4669292,50249.771,13755.870,0,2672.478,0,117.845,3901,7084,1.550,0.960,0.500,3,0,600.209,0,0,9,5,3,17,1
12-12 07:25:37,24.674,17.945,54.332,0.748,0,1020656,1945748,162976,4688200,5214347.879,63499.849,0,7847.758,0,93.711,7784,11074,1.550,0.960,0.500,3,0,386.805,0,0,9,4,3,16,2
12-12 07:25:38,31.235,7.996,58.722,1.000,0,1157492,1782656,163272,4835748,7557.335,1661.194,0,3186.455,0,113.945,4181,9078,1.510,0.960,0.500,2,0,47.977,0,0,10,4,3,16,2
12-12 07:25:39,36.883,12.294,49.679,1.505,0,1161812,1739116,164576,4870052,10864.176,1625.863,80.290,3990.389,1.004,171.619,2402,3636,1.510,0.960,0.500,5,0,169.612,0,0,10,6,3,16,2
12-12 07:25:40,38.671,7.734,52.393,0.499,0,1125704,1780348,165260,4862684,16762.704,4350.100,0,3528.780,0,81.833,2067,3105,1.510,0.960,0.500,3,0,118.757,0,0,10,4,3,18,0
12-12 07:25:41,43.850,5.763,48.361,1.002,0,1225328,1677636,165436,4865476,7205.464,1515.463,0,5680.981,0,369.845,8459,16490,1.510,0.960,0.500,3,1,19.044,0,0,10,6,3,18,0
12-12 07:25:42,34.509,10.002,44.011,11.253,0,1233860,1658968,166408,4874332,6551.631,1620.403,0,37229.270,0,3184.793,21999,47760,1.510,0.960,0.500,7,0,73.018,0,0,10,6,3,18,0
12-12 07:25:43,43.222,8.494,46.469,1.999,0,1127632,1764716,166572,4874548,9039.061,1618.936,0,23268.712,0,1149.245,4910,9643,1.550,0.980,0.510,2,0,94.938,0,0,10,4,3,18,0
12-12 07:25:44,45.405,3.992,50.145,0.249,0,1168408,1723940,166572,4874548,11233.410,1562.718,0,818.282,0,29.937,1490,1647,1.550,0.980,0.510,2,0,52.889,0,0,10,4,3,18,0
12-12 07:25:45,22.492,3.999,72.725,0.500,0,1139712,1752572,166624,4874560,6674.684,1661.423,0,6325.805,0,317.890,1761,2914,1.550,0.980,0.510,2,0,11.996,0,0,10,4,3,18,0
12-12 07:25:46,23.008,3.251,72.776,0.250,0,1079556,1812724,166640,4874548,6294.241,1620.577,0,2412.859,0,114.041,1393,1968,1.550,0.980,0.510,2,0,70.025,0,0,10,4,3,18,0
12-12 07:25:47,10.274,19.044,70.162,0,0,1081524,1810708,166640,4874596,41637.182,1697.922,0,28.065,0,7.016,2893,4439,1.550,0.980,0.510,2,0,384.889,0,0,10,4,3,18,0
12-12 07:25:48,14.989,16.487,67.199,0,0,1083948,1807820,166644,4875128,6391.104,1806.616,0,6778.807,0,320.754,4751,8232,1.670,1.010,0.520,2,0,301.769,0,0,10,4,3,18,0
12-12 07:25:49,38.537,12.011,48.796,0,0,1189140,1702444,166664,4875364,6404.090,1701.618,0,1977.881,0,95.090,3285,6494,1.670,1.010,0.520,4,0,163.155,0,0,10,5,3,18,0
12-12 07:25:50,48.251,2.500,49.251,0,0,1248764,1642272,166696,4875992,13518.243,1620.029,0,396.007,0,39.001,1145,1138,1.670,1.010,0.520,3,0,0,0,0,10,5,3,18,0
12-12 07:25:51,25.445,7.983,65.607,0,0,1272364,1616152,166812,4878072,8001.573,1710.275,0,714.444,0,91.800,2701,6215,1.670,1.010,0.520,1,0,117.744,0,0,10,4,3,18,0
12-12 07:25:52,5.750,3.250,90.754,0,0,1287780,1600736,166836,4878048,8607.370,1566.067,0,2220.095,0,160.007,1178,1502,1.670,1.010,0.520,5,0,21.001,0,0,10,4,3,18,0
12-12 07:25:53,23.982,2.498,73.445,0,0,1356584,1531672,166836,4878208,6934.847,1786.673,0,12390.794,0,53.960,1106,1444,1.610,1.010,0.520,2,0,1.999,0,0,10,4,3,18,0
12-12 07:25:54,24.062,3.008,72.437,1.253,0,1373684,1514312,166888,4878404,7111.390,1624.200,0,2077.372,0,215.557,2455,4494,1.610,1.010,0.520,5,0,1.003,0,0,10,4,3,19,2
12-12 07:25:55,22.192,4.239,73.557,0,0,1318992,1568784,166888,4878624,6522.910,1601.803,0,0,0,0,1135,1556,1.610,1.010,0.520,3,0,43.885,0,0,10,4,3,20,0
12-12 07:25:56,22.254,4.001,72.512,0.250,0,1291880,1595148,166896,4879236,7077.161,1620.266,232.038,1048.172,58.010,12.002,2023,3228,1.610,1.010,0.520,2,0,47.008,0,0,10,28,3,21,0
12-12 07:25:57,22.753,3.250,74.011,0,0,1272644,1614372,166896,4879248,7371.076,1620.237,0,0,0,0,1392,2032,1.610,1.010,0.520,2,0,23.003,0,0,10,28,3,21,0
12-12 07:25:58,40.342,9.522,49.362,0,0,1397244,1489712,166896,4879276,7615.332,1623.696,0,38459.534,0,111.253,2221,2965,1.640,1.030,0.530,2,0,139.317,0,0,10,28,3,21,0
12-12 07:25:59,51.567,14.269,33.794,0.501,0,1375256,1511428,166904,4879472,8478.089,1568.051,0,2295.002,0,32.042,4439,10622,1.640,1.030,0.530,6,0,464.608,0,0,10,28,3,17,0
12-12 07:26:00,82.971,12.995,2.999,0,0,1580472,1306108,166904,4879524,5904.933,1619.433,0,7.997,0,1.999,4108,7045,1.640,1.030,0.530,6,0,123.957,0,0,10,30,3,17,0
12-12 07:26:01,69.746,11.209,18.184,0,0,1422412,1463720,166924,4879888,6171.536,1614.125,0,386.593,0,37.862,4627,10015,1.640,1.030,0.530,3,0,201.267,0,0,10,30,3,18,0
12-12 07:26:02,25.482,6.745,67.202,0,0,1351604,1534464,166928,4879940,6207.537,1618.836,0,4157.011,0,138.900,2688,4493,1.640,1.030,0.530,2,0,111.920,0,0,10,28,3,17,0
12-12 07:26:03,23.325,4.013,72.484,0,0,1335256,1550796,166936,4879948,5840.848,1516.895,0,13158.462,0,577.865,2596,4253,1.590,1.030,0.540,2,0,70.227,0,0,10,28,3,20,0
12-12 07:26:04,24.471,2.247,72.914,0.250,0,1306260,1579960,166960,4879972,6760.010,1711.976,0,707.164,0,37.955,2076,3451,1.590,1.030,0.540,2,0,3.995,0,0,10,28,3,20,0
12-12 07:26:05,10.513,20.526,67.836,0,0,1306768,1579436,166964,4879984,7775.868,1622.058,0,356.452,0,21.027,3278,5041,1.590,1.030,0.540,3,0,587.746,0,0,10,28,3,20,0
12-12 07:26:06,76.528,17.506,5.502,0,0.250,1531224,1354944,166964,4880020,7974.927,1620.595,0,332.122,0,20.007,2506,4480,1.590,1.030,0.540,5,0,458.168,0,0,10,28,3,20,0
12-12 07:26:07,78.431,10.241,9.492,0.250,0,1512156,1373636,166992,4880364,7379.477,1618.569,0,4547.980,0,180.840,6651,15333,1.590,1.030,0.540,8,0,61.945,0,0,10,29,3,20,0
12-12 07:26:08,83.064,13.510,3.002,0,0,1515164,1370568,167004,4880404,7586.887,1567.216,0,13646.590,0,57.044,3684,7917,1.860,1.100,0.560,6,0,220.171,0,0,10,29,3,19,0
12-12 07:26:09,85.507,10.001,5.000,0,0,1510808,1374552,167008,4880800,8479.695,1598.131,0,156.013,0,7.001,6341,13713,1.860,1.100,0.560,8,0,128.010,0,0,10,29,3,19,0
12-12 07:26:10,51.462,10.992,35.974,0,0,1327628,1557276,167032,4881196,6749.060,1618.815,0,423.690,0,33.975,5948,11398,1.860,1.100,0.560,3,0,209.846,0,0,10,28,3,19,0
12-12 07:26:11,44.149,5.737,48.888,0,0,1423056,1461796,167044,4881236,6424.231,1616.284,0,187.569,0,16.961,2228,3826,1.860,1.100,0.560,3,0,3.991,0,0,10,29,3,19,0
12-12 07:26:12,58.230,14.495,26.241,0,0,1443204,1441620,167048,4881252,7292.521,1661.435,0,247.916,0,17.994,3667,6863,1.860,1.100,0.560,5,0,383.869,0,0,10,28,3,19,0
12-12 07:26:13,61.205,13.294,25.836,0.251,0,1343404,1541312,167048,4881360,7885.353,1625.432,0,53703.477,0,160.537,4906,12452,2.040,1.140,0.580,6,0,258.865,0,0,10,28,3,22,0
12-12 07:26:14,83.481,9.998,5.749,0,0,1546220,1338256,167048,4881588,7777.227,1619.631,0,191.956,0,9.998,2659,4863,2.040,1.140,0.580,5,0,7.998,0,0,10,31,3,23,0
12-12 07:26:15,63.582,13.963,22.441,0,0,1404528,1479756,167052,4881768,7165.084,1615.734,0,454.799,0,38.897,4016,10220,2.040,1.140,0.580,8,0,329.131,0,0,10,28,3,26,0
12-12 07:26:16,62.540,6.004,30.019,0.250,0,1431432,1452768,167060,4881840,7461.805,1458.940,0,308.198,0,29.019,3759,8622,2.040,1.140,0.580,6,0,5.003,0,0,10,29,3,31,0
12-12 07:26:17,64.383,14.029,21.294,0.251,0,1484208,1399732,167064,4882096,42891.872,1623.364,0,336.698,0,26.054,2517,4329,2.040,1.140,0.580,3,0,301.625,0,0,10,29,3,31,0
12-12 07:26:18,57.342,12.964,28.671,0,0,1378752,1504996,167068,4882284,7128.397,1783.096,0,347.046,0,27.923,4968,11091,2.190,1.190,0.600,4,0,292.196,0,0,10,28,3,34,0
12-12 07:26:19,62.623,7.264,29.558,0,0,1485744,1397452,167068,4882832,6444.657,1791.519,0,312.614,0,22.043,3926,8341,2.190,1.190,0.600,5,0,0,0,0,10,30,3,37,0
12-12 07:26:20,66.292,8.756,24.766,0.250,0,1478428,1404712,167072,4882884,11902.594,1883.201,0,336.215,0,27.017,2682,4011,2.190,1.190,0.600,3,0,118.075,0,0,10,28,3,39,0
12-12 07:26:21,65.768,15.754,17.255,0,0,1407756,1475068,167072,4883196,6630.777,1788.479,0,552.148,0,51.014,5445,12443,2.190,1.190,0.600,5,0,421.113,0,0,10,28,3,42,0
12-12 07:26:22,86.721,10.996,2.499,0,0,1597420,1285344,167076,4883248,9880.710,1619.461,0,4150.618,0,154.948,3970,6938,2.190,1.190,0.600,11,0,170.943,0,0,10,29,3,42,0
12-12 07:26:23,82.276,15.505,1.751,0,0,1467412,1415080,167084,4883504,6577.059,1500.470,0,1824.571,0,40.013,4136,7747,2.660,1.310,0.640,6,0,323.101,0,0,10,28,3,42,0
12-12 07:26:24,82.248,12.250,5.000,0,0,1565372,1316920,167088,4883680,7932.810,1661.960,0,403.990,0,21.999,4016,8652,2.660,1.310,0.640,8,0,175.996,0,0,10,28,3,42,0
12-12 07:26:25,66.242,19.748,13.748,0,0,1372496,1509528,167088,4883948,7491.146,1787.796,0,563.936,0,15.998,5703,14746,2.660,1.310,0.640,3,0,657.925,0,0,10,28,3,43,0
12-12 07:26:26,20.231,23.478,54.950,0,0,1313100,1568732,167088,4884136,7656.986,1618.517,0,203.813,0,9.991,5107,9537,2.660,1.310,0.640,2,0,796.271,0,0,10,28,3,40,0
12-12 07:26:27,50.306,28.031,21.023,0,0,1453808,1427976,167088,4884168,7749.656,1621.812,0,240.268,0,21.023,3308,6819,2.660,1.310,0.640,5,0,929.038,0,0,10,28,3,40,0
12-12 07:26:28,77.497,12.000,9.500,0,0,1444708,1436848,167096,4884388,5920.781,1619.940,0,1319.951,0,88.997,4641,14105,2.770,1.350,0.650,4,0,159.994,0,0,10,28,3,40,0
12-12 07:26:29,80.217,13.245,5.998,0,0,1510476,1371012,167104,4884448,6610.263,1619.330,0,919.619,0,30.987,3294,6712,2.770,1.350,0.650,5,0,166.931,0,0,10,30,3,40,0
12-12 07:26:30,61.256,8.251,31.503,0.250,0,1541072,1340044,167104,4884816,7116.754,1458.155,0,140.015,0,7.001,5292,18229,2.770,1.350,0.650,2,0,0,0,0,10,32,3,46,0
12-12 07:26:31,71.243,9.499,19.498,0,0,1447424,1433468,167116,4885016,8175.142,1619.830,0,2279.761,0,162.983,5865,17050,2.770,1.350,0.650,4,0,91.990,0,0,10,28,3,48,0
12-12 07:26:32,80.028,10.754,9.003,0,0,1542768,1337852,167116,4885284,6614.308,1620.566,0,148.052,0,9.003,5489,9733,2.770,1.350,0.650,6,0,36.013,0,0,10,32,3,47,0
12-12 07:26:33,60.761,7.251,30.755,0,0,1523652,1356816,167116,4885424,7096.242,1788.313,0,116.020,0,7.001,8765,20795,2.790,1.380,0.670,5,0,73.013,0,0,10,31,3,55,0
12-12 07:26:34,79.738,11.498,7.249,0,0,1480728,1399388,167116,4885776,6353.072,1619.764,0,155.977,0,7.999,5672,11713,2.790,1.380,0.670,7,0,209.969,0,0,10,29,3,56,0
12-12 07:26:35,78.240,7.999,13.248,0,0,1337668,1542296,167120,4885920,7322.033,1661.781,0,215.971,0,20.997,5352,12715,2.790,1.380,0.670,6,0,84.989,0,0,10,28,3,60,0
12-12 07:26:36,83.973,9.747,5.998,0,0.250,1543832,1335896,167120,4886148,5598.214,1619.483,0,127.959,0,6.998,3486,6061,2.790,1.380,0.670,4,0,55.982,0,0,10,30,3,61,0
12-12 07:26:37,78.272,12.504,8.752,0,0,1447336,1432204,167124,4886332,5411.542,1458.416,0,412.117,0,44.013,4497,10654,2.790,1.380,0.670,6,0,245.070,0,0,10,28,3,63,0
12-12 07:26:38,82.264,7.501,11.002,0,0,1444724,1434620,167124,4886520,5048.843,1620.271,0,152.025,0,10.002,2312,11010,2.880,1.420,0.690,6,0,60.010,0,0,10,28,3,63,0
12-12 07:26:39,83.046,11.006,4.753,0,0,1524416,1354884,167128,4886580,5195.863,1620.893,0,1800.992,0,51.028,2650,5300,2.880,1.420,0.690,6,0,113.062,0,0,10,29,3,63,0
12-12 07:26:40,69.952,14.990,14.990,0.250,0,1398884,1480212,167136,4886772,5627.112,1618.881,0,667.539,0,67.953,5803,12067,2.880,1.420,0.690,4,0,269.814,0,0,10,28,3,61,0
12-12 07:26:41,64.757,8.001,27.003,0,0,1378260,1500448,167144,4887148,7550.808,1620.173,0,308.033,0,23.002,4587,8934,2.880,1.420,0.690,6,0,88.009,0,0,10,29,3,62,0
12-12 07:26:42,63.253,10.750,25.001,0,0,1471984,1406580,167148,4887252,7094.326,1620.075,0,244.011,0,12.001,2916,4963,2.880,1.420,0.690,4,0,163.007,0,0,10,29,3,62,0
12-12 07:26:43,53.761,10.252,36.507,0,0,1359936,1518228,167152,4887620,5679.113,1458.286,0,492.096,0,41.008,5134,11283,2.810,1.430,0.690,5,0,160.031,0,0,10,28,3,64,0
12-12 07:26:44,45.739,4.499,48.488,0,0,1373640,1504500,167152,4887644,10190.503,1619.603,0,435.893,0,28.993,3230,5625,2.810,1.430,0.690,8,0,6.998,0,0,10,29,3,65,0
12-12 07:26:45,44.732,6.247,48.480,0.250,0,1417620,1460480,167152,4887680,6504.372,1619.346,0,219.911,0,13.994,2595,3951,2.810,1.430,0.690,8,0,37.985,0,0,10,29,3,65,0
12-12 07:26:46,43.767,7.753,48.269,0.250,0,1387328,1490616,167160,4887828,12867.134,1940.774,0,600.239,0,44.018,3405,6069,2.810,1.430,0.690,4,0,70.028,0,0,10,28,4,65,0
12-12 07:26:47,42.742,9.498,47.741,0.250,0,1377796,1500092,167160,4887880,32516.082,1787.675,0,343.937,0,28.995,3586,8604,2.810,1.430,0.690,4,0,220.960,0,0,10,28,4,66,0
12-12 07:26:48,44.240,6.249,48.739,0,0,1435392,1442476,167160,4887900,6973.494,1619.650,0,227.951,0,11.997,1931,2837,2.750,1.440,0.700,3,0,109.976,0,0,10,29,4,67,0
12-12 07:26:49,38.320,12.193,49.517,0,0,1353032,1524524,167160,4888204,5641.507,2114.072,0,362.299,0,23.888,3932,8694,2.750,1.440,0.700,2,0,323.481,0,0,10,28,5,68,0
12-12 07:26:50,23.275,2.503,72.577,0.250,0,1375180,1502376,167164,4888200,14414.279,1587.683,0,180.191,0,10.011,2773,5523,2.750,1.440,0.700,2,0,0,0,0,10,29,5,69,0
12-12 07:26:51,12.547,17.566,70.014,0,0,1321468,1555912,167168,4888372,5793.837,1698.401,0,277.044,0,22.083,3126,5002,2.750,1.440,0.700,3,0,437.650,0,0,10,28,5,70,0
12-12 07:26:52,39.814,9.705,49.269,0.249,0,1445640,1431340,167252,4888680,7410.305,1686.106,0,581.278,0,25.879,2111,3116,2.750,1.440,0.700,3,0,193.096,0,0,10,28,5,72,0
12-12 07:26:53,38.412,6.528,46.195,7.532,0,1422504,1447376,167996,4894480,5740.212,1795.574,0,35710.627,0,2569.840,9234,20414,2.690,1.450,0.710,2,0,98.415,0,0,10,32,5,72,0
12-12 07:26:54,38.992,6.749,44.991,8.248,0,1480904,1385840,168632,4896768,8330.242,1619.658,0,37660.054,0,3223.320,11177,25145,2.690,1.450,0.710,2,0,50.989,0,0,10,32,5,72,0
12-12 07:26:55,46.274,4.727,48.015,0.249,0,1408948,1457660,168732,4896800,7654.562,1612.115,0,10651.902,0,613.997,2410,4134,2.690,1.450,0.710,2,0,9.951,0,0,10,28,5,70,0
12-12 07:26:56,39.719,7.290,44.747,8.547,0,1497020,1368704,169152,4897256,5713.562,1703.410,0,16672.097,0,2453.553,13027,27240,2.690,1.450,0.710,2,0,6.033,0,0,10,30,5,70,0
12-12 07:26:57,28.992,6.248,63.732,0.750,0,1378948,1486672,169192,4897300,5540.393,1511.562,0,2687.221,0,220.936,2331,3749,2.690,1.450,0.710,1,0,100.971,0,0,10,28,5,69,0
12-12 07:26:58,23.176,2.741,73.266,0.249,0,1436884,1428712,169208,4897308,5435.611,1561.006,0,861.245,0,51.834,1102,1501,2.550,1.440,0.710,2,0,1.994,0,0,10,28,5,69,0
12-12 07:26:59,24.005,2.250,72.264,0.750,0,1402816,1462768,169220,4897308,8046.537,1706.326,0,6725.285,0,335.064,1657,2789,2.550,1.440,0.710,2,0,3.001,0,0,10,28,4,69,0
12-12 07:27:00,23.574,2.006,73.982,0,0,1351312,1514240,169220,4897340,6478.297,1625.091,0,0,0,0,901,1101,2.550,1.440,0.710,2,0,4.013,0,0,10,28,4,69,0
12-12 07:27:01,24.322,2.730,72.967,0.248,0,1430156,1435392,169224,4897340,5802.589,1681.708,0,146.926,0,17.869,1057,1413,2.550,1.440,0.710,1,0,2.978,0,0,10,32,4,69,0
12-12 07:27:02,22.996,3.000,73.239,0,0,1386972,1478520,169224,4897392,6125.051,1713.734,0,0,0,0,946,1153,2.550,1.440,0.710,1,0,3.000,0,0,10,32,4,69,0
12-12 07:27:03,24.321,1.504,73.464,0,0,1328836,1536656,169224,4897392,5902.187,1624.731,0,0,0,0,898,1107,2.430,1.430,0.710,2,0,3.009,0,0,10,32,4,65,0
12-12 07:27:04,22.279,3.004,73.846,0,0,1406792,1458644,169224,4897444,6450.379,1588.063,0,0,0,0,892,1125,2.430,1.430,0.710,2,0,2.003,0,0,10,32,4,65,0
12-12 07:27:05,22.750,3.000,73.749,0,0,1351732,1513612,169232,4897524,5170.902,1565.970,0,4.000,0,1.000,866,1038,2.430,1.430,0.710,2,0,3.000,0,0,10,32,4,64,0
12-12 07:27:06,22.760,3.251,73.282,0,0,1363576,1501716,169244,4897560,5576.470,1620.718,0,576.255,0,35.016,1191,1722,2.430,1.430,0.710,4,0,6.003,0,0,10,32,4,64,0
12-12 07:27:07,23.490,2.499,73.718,0,0,1432360,1432920,169244,4897572,5051.833,1619.305,0,51.978,0,2.999,885,1112,2.430,1.430,0.710,3,0,1.999,0,0,10,32,4,64,0
12-12 07:27:08,23.501,2.250,74.002,0,0,1357928,1507328,169252,4897584,5718.132,1620.037,0,0,0,0,951,1131,2.310,1.430,0.710,3,0,3.000,0,0,10,32,4,64,0
12-12 07:27:09,23.511,2.251,73.533,0,0,1409380,1455832,169252,4897624,5700.582,1620.734,0,0,0,0,992,1213,2.310,1.430,0.710,3,0,5.002,0,0,10,32,4,64,0
12-12 07:27:10,16.013,10.259,72.560,0,0,1332644,1532460,169260,4897724,6030.017,1621.349,0,1757.462,0,185.154,1766,2468,2.310,1.430,0.710,3,0,160.133,0,0,10,32,4,64,0
12-12 07:27:11,10.271,20.542,69.393,0,0,1338192,1526896,169268,4897728,5313.952,1515.123,0,978.016,0,13.027,3198,5349,2.310,1.430,0.710,3,0,523.078,0,0,10,32,4,63,0
12-12 07:27:12,8.992,20.232,69.938,0.250,0,1338376,1526532,169268,4897896,6054.654,1606.581,0,427.622,0,7.993,3012,4797,2.310,1.430,0.710,4,0,444.607,0,0,10,32,4,63,0
12-12 07:27:13,13.734,13.234,72.164,0,0,1367556,1497296,169268,4897940,5847.054,1618.078,0,0,0,0,2216,3322,2.210,1.420,0.720,2,0,249.703,0,0,10,32,4,60,0
12-12 07:27:14,22.006,3.251,74.021,0,0,1440904,1423964,169268,4897924,5471.538,1620.455,0,16.004,0,1.000,995,1213,2.210,1.420,0.720,3,0,2.001,0,0,10,32,4,60,0
12-12 07:27:15,23.494,2.249,73.481,0,0,1394736,1470116,169268,4897940,5477.581,1619.581,0,191.950,0,1.000,976,1182,2.210,1.420,0.720,1,0,2.999,0,0,10,32,4,56,0
12-12 07:27:16,23.261,3.001,73.536,0.250,0,1347992,1516880,169268,4897920,7047.446,1620.793,0,832.407,0,47.023,1262,1823,2.210,1.420,0.720,2,0,4.002,0,0,10,32,4,56,0
12-12 07:27:17,22.712,2.745,73.377,0,0,1424900,1439968,169268,4897924,41257.605,1691.155,0,3.993,0,0.998,1062,1228,2.210,1.420,0.720,2,0,3.993,0,0,10,32,4,51,0
12-12 07:27:18,22.777,3.254,73.589,0,0,1379736,1485116,169268,4897940,6296.594,1607.939,0,16.019,0,1.001,994,1168,2.110,1.410,0.720,1,0,3.004,0,0,10,32,4,51,0
12-12 07:27:19,23.499,2.000,73.997,0,0,1441488,1423376,169268,4897928,5804.733,1619.925,0,11.999,0,1.000,968,1142,2.110,1.410,0.720,2,0,2.000,0,0,10,32,4,46,0
12-12 07:27:20,22.784,3.004,73.859,0,0,1410036,1454688,169268,4898068,9618.187,1568.313,0,128.189,0,1.001,983,1182,2.110,1.410,0.720,2,0,3.004,0,0,10,32,4,46,0
12-12 07:27:21,22.952,2.495,73.348,0,0,1356576,1508148,169268,4898068,5486.610,1690.491,0,19.959,0,0.998,938,1152,2.110,1.410,0.720,2,0,4.990,0,0,10,32,4,40,0
12-12 07:27:22,22.239,3.998,73.962,0,0,1435964,1428768,169268,4898060,5334.280,1661.153,0,59.969,0,1.999,902,1148,2.110,1.410,0.720,2,0,1.999,0,0,10,32,4,40,0
12-12 07:27:23,22.848,3.013,74.067,0,0,1395088,1469632,169268,4898072,6779.007,1837.864,0,16.069,0,2.009,908,1096,2.020,1.410,0.720,2,0,3.013,0,0,10,32,4,40,0
12-12 07:27:24,22.696,2.993,73.576,0,0,1337732,1527012,169268,4898048,5671.570,1508.428,0,722.290,0,126.700,945,1138,2.020,1.410,0.720,2,0,1.995,0,0,10,32,4,40,0
12-12 07:27:25,21.963,3.244,73.375,0,0,1417708,1447100,169268,4897984,7328.534,1784.964,0,1808.923,0,3.993,981,1274,2.020,1.410,0.720,2,0,2.995,0,0,10,32,4,38,0
12-12 07:27:26,23.530,4.255,72.592,0.501,0.250,1344232,1520464,169288,4898072,5500.937,1790.258,0,973.227,0,78.098,1206,2216,2.020,1.410,0.720,1,1,6.008,0,0,10,32,4,38,0
12-12 07:27:27,22.720,2.746,73.654,0,0,1354084,1510612,169288,4898072,7664.014,1563.962,0,47.938,0,3.995,1045,1263,2.020,1.410,0.720,1,0,4.993,0,0,10,32,4,38,0
12-12 07:27:28,27.235,3.748,68.212,0,0,1431016,1433696,169288,4898036,6304.514,1619.105,0,0,0,0,1336,2977,1.940,1.400,0.720,1,0,35.980,0,0,10,32,4,39,0
12-12 07:27:29,22.514,3.002,73.544,0,0,1393664,1471028,169288,4898056,7204.330,1789.075,0,24.014,0,2.001,953,1109,1.940,1.400,0.720,2,0,3.002,0,0,10,32,4,39,0
12-12 07:27:30,22.501,3.000,73.754,0,0,1402040,1462652,169288,4898072,7716.401,1620.084,0,20.001,0,1.000,996,1172,1.940,1.400,0.720,2,0,3.000,0,0,10,32,4,38,0
12-12 07:27:31,21.044,6.012,72.901,0,0,1332324,1532380,169288,4898060,8370.335,1515.138,0,36.075,0,3.006,1413,1892,1.940,1.400,0.720,4,0,104.216,0,0,10,32,4,38,0
12-12 07:27:32,15.474,13.227,71.129,0,0,1380484,1484172,169292,4898104,7393.409,1617.246,0,147.748,0,7.986,2235,3479,1.940,1.400,0.720,2,0,291.504,0,0,10,32,4,30,0
12-12 07:27:33,23.246,3.000,73.988,0,0,1349100,1515264,169296,4898352,6100.987,1787.703,0,0,0,0,921,1154,1.860,1.390,0.720,2,0,8.999,0,0,10,32,4,30,0
12-12 07:27:34,23.002,2.750,73.756,0,0,1424340,1440020,169296,4898356,7997.656,1620.133,0,0,0,0,833,1163,1.860,1.390,0.720,2,0,2.000,0,0,10,32,4,20,0
12-12 07:27:35,12.772,18.281,69.119,0,0,1339340,1525020,169296,4898356,6438.067,1568.697,0,120.207,0,6.010,2893,4700,1.860,1.390,0.720,3,0,459.790,0,0,10,32,4,20,0
12-12 07:27:36,9.250,20.751,69.252,0,0.250,1340972,1523264,169304,4898456,6536.196,1620.049,0,864.026,0,40.001,3449,5845,1.860,1.390,0.720,2,0,525.016,0,0,10,32,4,15,0
12-12 07:27:37,10.009,19.267,69.561,0,0,1339140,1525024,169304,4898508,7420.478,1663.452,0,716.626,0,11.010,3069,4764,1.860,1.390,0.720,2,0,473.413,0,0,10,32,4,15,0
12-12 07:27:38,9.491,21.230,68.686,0,0,1336568,1527568,169304,4898528,5621.744,1510.588,0,1318.767,0,14.986,3250,5290,1.710,1.370,0.720,3,0,542.493,0,0,10,32,4,12,0
12-12 07:27:39,8.750,21.501,69.253,0,0,1339000,1525088,169304,4898556,6270.282,1620.073,0,1144.051,0,13.001,3132,4956,1.710,1.370,0.720,2,0,496.022,0,0,10,32,4,12,0
12-12 07:27:40,9.508,19.517,70.310,0,0,1338568,1525484,169304,4898588,5722.876,1621.381,0,144.123,0,6.005,2871,4500,1.710,1.370,0.720,2,0,408.348,0,0,10,32,4,12,0
12-12 07:27:41,9.750,18.749,70.498,0,0,1334748,1529280,169304,4898612,5700.823,1787.945,0,415.987,0,12.000,2875,4502,1.710,1.370,0.720,2,0,412.987,0,0,10,32,4,12,0
12-12 07:27:42,33.770,27.766,38.772,0.250,0,1430760,1433200,169356,4898624,6211.603,1620.940,0,1140.662,0,73.042,4288,8038,1.710,1.370,0.720,4,0,817.474,0,0,10,32,4,17,0
12-12 07:27:43,65.750,8.750,24.250,1.500,0,1615832,1244776,169636,4901544,9482.038,1566.006,400.002,4880.020,4.000,367.001,2724,4712,1.820,1.400,0.730,5,0,24.000,0,0,10,34,4,17,0
12-12 07:27:44,41.496,12.499,33.497,11.999,0,1589492,1255696,170700,4914764,6759.412,1619.859,0,79005.127,0,6127.467,18639,44115,1.820,1.400,0.730,3,1,178.984,0,0,10,36,4,17,0
12-12 07:27:45,43.751,10.500,29.000,15.500,0,1637484,1192748,171684,4928132,9164.147,1512.024,0,112453.799,0,8565.137,22542,54312,1.820,1.400,0.730,3,0,95.002,0,0,10,36,4,18,0
12-12 07:27:46,46.987,14.246,28.742,9.247,0,1528928,1291792,172120,4936984,6980.018,1619.540,0,67800.745,0,5099.552,16647,37474,1.820,1.400,0.730,3,0,243.931,0,0,10,34,4,17,0
12-12 07:27:47,42.763,17.505,30.259,8.252,0,1555756,1256032,172540,4945040,41276.218,1620.480,364.108,51035.106,7.002,4001.184,17679,39801,1.820,1.400,0.730,9,0,221.065,0,0,10,35,4,18,0
12-12 07:27:48,37.747,13.499,37.997,7.499,0,1504000,1301796,172884,4950296,5324.585,1619.874,1611.874,42261.704,22.998,3418.733,14830,34350,1.830,1.410,0.740,3,1,213.983,0,0,10,34,4,18,0
12-12 07:27:49,39.498,6.750,43.248,10.499,0,1553364,1252236,173184,4950152,5788.705,1693.914,0,43549.779,0,4204.786,14113,32270,1.830,1.410,0.740,4,0,25.999,0,0,10,35,4,18,0
12-12 07:27:50,36.250,7.250,43.500,10.500,0,1496024,1307528,173476,4951876,10958.022,1956.004,0,58244.116,0,5331.011,19096,43893,1.830,1.410,0.740,5,0,104.000,0,0,10,34,4,19,0
12-12 07:27:51,41.046,8.259,43.048,7.008,0,1551572,1249064,173684,4954524,7575.492,1621.818,0,45022.470,0,3781.239,12473,28615,1.830,1.410,0.740,4,0,47.053,0,0,10,34,4,19,0
12-12 07:27:52,39.452,6.242,43.447,10.737,0,1551196,1245032,173864,4958644,6908.530,1530.124,0,53853.975,0,4592.370,15609,39218,1.830,1.410,0.740,4,0,50.938,0,0,10,34,4,17,0
12-12 07:27:53,37.509,9.002,42.510,11.253,0,1547600,1243872,174096,4963036,6353.525,1620.389,0,59838.361,0,5122.229,15670,35323,2.170,1.480,0.770,6,0,119.029,0,0,10,34,4,17,0
12-12 07:27:54,38.019,10.255,46.023,7.754,0,1552052,1236060,174312,4966096,6863.500,1662.848,0,53627.350,0,4582.337,17167,39936,2.170,1.480,0.770,4,2,51.026,0,0,10,37,4,19,0
12-12 07:27:55,32.715,8.741,46.200,9.989,0,1547704,1245012,174440,4961336,5993.569,1704.171,0,47780.731,0,4303.382,14283,33519,2.170,1.480,0.770,2,2,68.926,0,0,10,36,4,19,0
12-12 07:27:56,36.000,10.250,51.500,1.500,0,1398912,1393840,174476,4961252,5730.960,1693.988,0,19827.861,0,1348.991,6557,13048,2.170,1.480,0.770,4,1,254.998,0,0,10,32,4,22,0
12-12 07:27:57,22.211,3.993,73.372,0,0,1376112,1416464,174476,4961428,7051.744,1784.898,0,1956.599,0,120.790,2054,3343,2.170,1.480,0.770,2,0,29.948,0,0,10,32,4,22,0
12-12 07:27:58,21.223,4.744,73.656,0,0,1434676,1357892,174476,4961436,6572.574,1617.926,0,691.114,0,40.948,1500,2185,2.070,1.470,0.770,2,0,31.959,0,0,10,32,4,22,0
12-12 07:27:59,22.259,4.502,72.030,0.250,0,1411156,1381388,174480,4961456,6171.555,1458.604,0,688.285,0,46.019,2522,4232,2.070,1.470,0.770,2,0,45.019,0,0,10,32,4,22,0
12-12 07:28:00,21.792,5.761,72.391,0,0,1375380,1417156,174480,4961464,6065.804,1623.159,0,709.380,0,47.092,2211,4017,2.070,1.470,0.770,2,0,71.138,0,0,10,32,4,23,0
12-12 07:28:01,10.762,21.525,67.577,0,0,1378932,1413484,174480,4961584,5122.835,1621.847,0,576.657,0,38.043,3316,5278,2.070,1.470,0.770,2,0,561.640,0,0,10,32,4,24,0
12-12 07:28:02,65.172,9.489,25.719,0.250,0,1560424,1231324,174524,4962192,6208.587,1618.068,0,3579.726,0,224.732,2766,4088,2.070,1.470,0.770,3,1,173.792,0,0,10,32,4,29,0
12-12 07:28:03,67.045,8.005,24.516,0,0,1768684,1019780,174692,4965136,5608.769,1621.089,0,3862.596,0,170.114,1749,1911,2.150,1.500,0.780,3,0,0,0,0,10,32,4,29,0
12-12 07:28:04,42.022,7.254,40.021,10.255,0,1771028,1004496,174896,4977240,6311.294,1620.846,0,61103.896,0,4824.518,16937,36465,2.150,1.500,0.780,3,1,216.113,0,0,10,38,4,29,0
12-12 07:28:05,37.908,8.729,39.155,13.966,0,1772364,989908,175076,4989800,5388.878,1689.885,0,117956.775,0,8798.575,27186,60951,2.150,1.500,0.780,5,0,218.468,0,0,10,38,4,29,0
12-12 07:28:06,42.850,7.518,31.824,15.536,0,1673444,1076984,175316,5001148,5609.125,1461.420,0,73900.928,0,5898.803,18496,40676,2.150,1.500,0.780,6,2,272.638,0,0,10,36,4,29,0
12-12 07:28:07,44.245,9.499,32.246,13.499,0,1745836,992352,175428,5012776,8182.092,1619.820,0,90905.909,0,6446.284,18313,42638,2.150,1.500,0.780,6,0,70.992,0,0,10,36,4,29,0
12-12 07:28:08,38.003,11.001,35.753,16.501,0,1655040,1071452,175500,5023848,6945.611,1620.143,0,90247.942,0,6409.564,18412,44944,2.220,1.520,0.790,3,1,93.008,0,0,10,36,4,29,0
12-12 07:28:09,34.727,8.744,48.717,7.495,0,1380868,1341276,175520,5028060,6764.441,1618.909,0,40072.991,0,3091.916,10155,22707,2.220,1.520,0.790,3,0,143.903,0,0,10,32,4,29,0
12-12 07:28:10,19.453,6.734,70.828,1.247,0,1435336,1286768,175520,5028096,5483.680,1616.075,0,11200.793,0,694.314,2843,5124,2.220,1.520,0.790,2,0,143.651,0,0,10,32,4,29,0
12-12 07:28:11,23.236,2.748,72.956,0.250,0,1499340,1222760,175520,5028096,5611.644,1619.032,0,1271.240,0,80.952,1125,1617,2.220,1.520,0.790,2,0,0,0,0,10,34,4,29,0
12-12 07:28:12,23.261,3.502,73.284,0.500,0,1411352,1310736,175524,5028104,6292.901,1662.767,0,4065.874,0,249.115,1750,2900,2.220,1.520,0.790,2,0,27.012,0,0,10,32,4,29,0
12-12 07:28:13,22.495,3.249,73.482,0,0,1484904,1237180,175524,5028104,5690.623,1457.647,0,103.975,0,9.998,864,1220,2.120,1.520,0.790,2,0,2.999,0,0,10,32,4,29,0
12-12 07:28:14,19.071,13.049,67.501,0,0,1389784,1332300,175524,5028104,6080.650,1626.057,0,156.583,0,28.105,2536,4251,2.120,1.520,0.790,2,0,376.402,0,0,10,32,4,29,0
12-12 07:28:15,14.480,28.711,56.922,0,0,1392540,1329488,175524,5028160,6220.497,1617.788,0,766.952,0,54.925,4851,8342,2.120,1.520,0.790,2,0,1062.547,0,0,10,32,4,29,0
12-12 07:28:16,7.991,20.728,69.675,0.250,0,1391468,1330500,175524,5028204,6575.964,1937.926,0,4303.395,0,88.905,3457,5666,2.120,1.520,0.790,2,0,511.453,0,0,10,32,5,29,0
12-12 07:28:17,10.525,20.047,69.413,0,0,1395492,1326348,175524,5028284,43280.449,1792.201,0,36.085,0,9.021,2943,4551,2.120,1.520,0.790,3,0,403.947,0,0,10,32,5,29,0
12-12 07:28:18,16.707,16.458,65.832,0,0,1401620,1319916,175524,5028820,9480.777,1615.871,0,15.959,0,3.990,4923,8044,2.030,1.510,0.800,5,0,210.462,0,0,10,32,5,29,0
12-12 07:28:19,46.711,8.243,44.213,0,0,1529232,1192264,175536,5028952,8680.786,1786.515,0,31.973,0,1.998,1688,2318,2.030,1.510,0.800,4,0,124.896,0,0,10,33,5,29,0
12-12 07:28:20,47.729,6.497,45.230,0,0,1612568,1104904,175548,5032964,14518.713,1457.369,0,535.768,0,16.993,1617,8943,2.030,1.510,0.800,5,0,4.998,0,0,10,49,5,29,0
12-12 07:28:21,39.536,7.507,53.799,0,0,1661164,1054868,175604,5034064,8777.935,1821.647,0,6573.943,0,426.385,2078,2454,2.030,1.510,0.800,2,0,83.075,0,0,10,48,5,29,0
12-12 07:28:22,15.000,9.750,74.501,0,0,1682508,1033240,175604,5034172,7598.114,2314.035,0,288.004,0,7.000,1854,2739,2.030,1.510,0.800,1,0,176.003,0,0,10,49,5,29,0
12-12 07:28:23,0.749,0.250,97.675,0.250,0,1682760,1032988,175604,5034172,75448.131,4084.867,0,167.871,0,11.991,761,1157,1.870,1.480,0.790,1,0,0,0,0,10,49,5,29,0
12-12 07:28:24,2.499,1.499,95.218,0.250,0,1697416,1018148,175604,5034348,114081.555,4682.422,0,235.920,0,10.996,927,1357,1.870,1.480,0.790,2,0,0,0,0,10,48,5,30,0
12-12 07:28:25,16.003,9.752,71.013,2.000,0,1697060,1016696,175708,5035716,5134.976,1620.308,4.001,7197.367,1.000,401.076,2615,4179,1.870,1.480,0.790,3,1,70.013,0,0,10,48,5,30,0
12-12 07:28:26,14.264,12.012,72.821,0.751,0,1713508,947580,175716,5086232,5583.422,1621.575,0,2282.216,0,58.056,1731,2395,1.870,1.480,0.790,2,0,50.049,0,0,10,48,5,30,0
12-12 07:28:27,16.471,9.983,72.873,0,0,1719996,941072,175716,5086236,5362.631,1509.363,0,0,0,0,1550,1780,1.870,1.480,0.790,2,0,66.883,0,0,10,48,5,30,0
12-12 07:28:28,27.785,4.255,67.083,0,0,1735440,925600,175716,5086236,4752.903,1567.947,0,0,0,0,1650,4299,2.120,1.540,0.810,2,0,45.056,0,0,10,48,5,31,0
12-12 07:28:29,21.016,4.754,73.806,0,0,1741080,919976,175716,5086240,5513.168,1621.226,0,8.006,0,2.002,1285,1379,2.120,1.540,0.810,2,0,25.019,0,0,10,48,4,30,0
12-12 07:28:30,15.488,10.742,73.195,0,0,1669080,1043652,175864,5035684,5503.878,1688.735,159.880,19.985,9.993,2.998,1604,2092,2.120,1.540,0.810,2,0,103.922,0,0,10,48,4,30,0
12-12 07:28:31,13.045,16.808,67.484,0,0,1672152,1040564,175868,5035880,8901.890,1868.484,0,244.850,0,2.007,4094,8713,2.120,1.540,0.810,1,0,224.780,0,0,10,48,4,30,0
12-12 07:28:32,5.474,5.722,87.826,0,0,1674192,1038436,175868,5035700,6962.413,1705.771,0,7.962,0,0.995,1386,2466,2.120,1.540,0.810,1,0,55.731,0,0,10,48,4,30,0
12-12 07:28:33,0.500,0.250,98.040,0,0,1674192,1038436,175868,5035700,7687.167,1620.668,0,0,0,0,685,970,1.950,1.510,0.810,1,0,3.001,0,0,10,48,4,30,0
12-12 07:28:34,1.000,1.251,97.297,0.250,0,1674192,1038436,175868,5035700,7087.416,1512.729,0,192.093,0,24.012,917,1495,1.950,1.510,0.810,1,0,3.001,0,0,10,48,4,30,0
12-12 07:28:35,0.999,0.999,97.140,0.749,0,1674056,1038436,175868,5035836,6059.129,1564.226,0,6612.501,0,341.613,1186,2241,1.950,1.510,0.810,2,0,0.999,0,0,10,48,4,30,0
12-12 07:28:36,7.278,7.278,84.326,0,0,1618928,1093560,175868,5036172,6329.470,1668.450,0,236.916,0,12.047,2705,5052,1.950,1.510,0.810,2,0,143.555,0,0,10,48,4,30,0
12-12 07:28:37,15.974,15.475,67.141,0,0,1623760,1088688,175868,5035828,6045.183,1617.373,0,2396.109,0,21.964,4417,8759,1.950,1.510,0.810,5,0,207.663,0,0,10,48,4,30,0
12-12 07:28:38,11.010,21.520,67.814,0,0,1672572,1039872,175868,5035868,6820.404,1731.626,0,4.004,0,1.001,2749,4296,1.790,1.490,0.810,2,0,288.271,0,0,11,48,4,30,0
12-12 07:28:39,17.462,11.475,68.601,0,0,1678596,1033624,175868,5035992,6035.872,1616.484,0,0,0,0,4884,8409,1.790,1.490,0.810,1,0,161.648,0,0,11,48,4,30,0
12-12 07:28:40,5.012,8.271,85.713,0,0,1681304,1030900,175868,5036020,9017.453,1624.044,0,272.679,0,11.027,1550,2339,1.790,1.490,0.810,2,0,148.369,0,0,11,48,4,30,0
12-12 07:28:41,17.708,13.967,67.341,0,0,1685128,1027052,175868,5036044,6300.163,1508.448,0,23.944,0,4.988,5226,8645,1.790,1.490,0.810,1,0,161.619,0,0,13,48,4,30,0
12-12 07:28:42,10.286,19.568,70.243,0,0,1685456,1026640,175868,5036048,6287.718,1571.428,0,32.111,0,8.028,2877,4626,1.790,1.490,0.810,1,0,387.338,0,0,13,50,4,30,0
12-12 07:28:43,14.437,17.175,65.466,0,0,1693704,1018192,175868,5036600,6232.955,1613.001,0,31.862,0,7.965,4840,7588,1.810,1.500,0.810,2,0,282.773,0,0,13,50,4,24,0
12-12 07:28:44,34.283,19.269,47.296,0,0,1759632,952228,175884,5036264,6678.518,1621.583,0,296.289,0,19.019,4188,8411,1.810,1.500,0.810,6,0,382.373,0,0,13,50,4,24,0
12-12 07:28:45,29.263,9.504,60.278,0,0,1801300,909060,175964,5037532,5476.519,1620.746,32.015,808.372,2.001,29.013,3695,7371,1.810,1.500,0.810,2,0,63.029,0,0,13,54,4,24,0
12-12 07:28:46,23.013,7.004,70.291,0,0,1870796,839504,175964,5037580,14691.506,1620.939,0,436.253,0,15.009,1284,1749,1.810,1.500,0.810,1,0,13.008,0,0,13,58,4,26,0
12-12 07:28:47,16.731,3.246,80.409,0.250,0,1912196,797528,175968,5038144,41089.364,1692.079,0,1758.005,0,205.766,1302,2394,1.810,1.500,0.810,1,0,4.994,0,0,13,58,4,24,0
12-12 07:28:48,0.750,0,98.016,0,0,1912420,797304,175968,5038144,8895.423,1844.295,0,0,0,0,694,982,1.660,1.470,0.810,1,0,2.000,0,0,13,58,4,24,0
12-12 07:28:49,5.771,7.025,86.558,0,0,1852332,857396,175968,5038132,6427.909,1645.866,0,1083.863,0,10.036,1597,2426,1.660,1.470,0.810,3,0,110.393,0,0,13,56,4,23,0
12-12 07:28:50,16.712,15.963,65.600,0,0,1862264,847244,175968,5038276,13185.752,1783.908,0,3.991,0,0.998,4822,9842,1.660,1.470,0.810,2,0,227.478,0,0,12,56,4,23,0
12-12 07:28:51,17.785,18.036,62.623,0,0,1915156,794136,175968,5038424,9816.338,1623.198,0,3506.909,0,197.389,5012,8480,1.660,1.470,0.810,3,0,220.434,0,0,13,56,4,20,0
12-12 07:28:52,19.717,17.471,62.396,0,0,1915720,793672,175968,5038416,5627.579,1691.169,0,339.432,0,11.980,4465,9798,1.660,1.470,0.810,3,0,290.514,0,0,13,50,4,20,0
12-12 07:28:53,18.467,12.477,67.128,0,0,1924328,785040,175968,5038456,6905.494,1744.840,0,7.986,0,1.996,4606,7271,1.610,1.460,0.810,2,0,128.767,0,0,13,58,4,20,0
12-12 07:28:54,15.060,8.032,76.805,0.251,0,1797724,911644,175968,5038456,9294.863,1668.618,0,449.784,0,14.056,1371,2395,1.610,1.460,0.810,3,0,93.370,0,0,13,50,4,22,0
12-12 07:28:55,31.711,21.973,46.443,0,0,1776376,932976,175968,5038484,7996.173,1510.144,0,870.930,0,31.961,2899,4886,1.610,1.460,0.810,3,0,421.482,0,0,13,50,4,22,0
12-12 07:28:56,35.043,21.526,43.303,0,0,1862324,846472,175968,5039028,9314.401,1864.282,0,32.039,0,8.010,3366,6709,1.610,1.460,0.810,3,0,387.474,0,0,13,58,4,24,0
12-12 07:28:57,42.478,17.241,38.230,0,0,1930648,777964,175976,5039188,7447.090,1733.090,0,50037.730,0,61.967,5072,9726,1.610,1.460,0.810,3,0,250.868,0,0,13,58,4,24,0
12-12 07:28:58,27.693,5.988,66.362,0,0,2011560,696472,175988,5039748,6602.307,1616.647,0,7.983,0,1.996,1960,5455,1.560,1.460,0.810,2,0,5.988,0,0,13,58,4,21,0
12-12 07:28:59,23.730,2.248,72.939,0.250,0,2056188,649432,176312,5041580,7398.852,1876.441,139.884,3.997,34.971,0.999,1107,2065,1.560,1.460,0.810,2,0,4.996,0,0,13,60,4,21,0
12-12 07:29:00,23.842,5.521,60.985,8.031,0,2063340,627440,176348,5055872,6041.271,1626.264,0,27104.406,0,2170.360,10148,21417,1.560,1.460,0.810,4,0,4.015,0,0,13,60,4,21,0
12-12 07:29:01,28.979,10.492,50.713,6.995,0,2152340,530848,176472,5063032,7050.839,1510.894,0,19034.067,0,1729.734,9880,23560,1.560,1.460,0.810,7,0,11.991,0,0,14,76,4,25,0
12-12 07:29:02,23.158,22.660,51.794,0.249,0,2231476,450280,176476,5064208,8142.617,1613.583,0,5884.597,0,259.966,5016,11972,1.560,1.460,0.810,2,0,336.661,0,0,14,85,4,25,0
12-12 07:29:03,11.770,18.031,67.865,0,0,2234532,447056,176476,5064312,8462.335,1791.034,0,661.120,0,32.054,2493,3550,1.520,1.450,0.810,3,0,260.441,0,0,14,85,4,25,0
12-12 07:29:04,14.216,17.208,67.337,0.249,0,2240668,440844,176476,5064700,6813.552,1562.229,0,602.545,0,30.925,3649,5780,1.520,1.450,0.810,2,0,221.465,0,0,14,85,4,25,0
12-12 07:29:05,36.257,13.002,50.009,0.500,0,2310992,370332,176480,5064828,6385.162,1694.308,0,2364.430,0,128.023,4522,8345,1.520,1.450,0.810,3,0,161.029,0,0,14,86,4,25,0
12-12 07:29:06,34.846,10.780,55.153,0,0,2397312,283476,176500,5065452,7260.089,1624.495,0,830.297,0,56.155,2604,3973,1.520,1.450,0.810,3,0,95.264,0,0,14,89,4,25,0
12-12 07:29:07,7.742,19.230,70.676,0.250,0,2407356,273048,176500,5065760,8452.201,1618.315,0,2317.587,0,59.938,2508,3605,1.520,1.450,0.810,2,0,243.746,0,0,14,89,4,25,0
12-12 07:29:08,8.742,19.483,71.686,0,0,2403528,276860,176500,5065776,6693.030,1510.652,0,103.907,0,9.991,2446,3405,1.390,1.420,0.810,2,0,249.777,0,0,14,89,4,25,0
12-12 07:29:09,9.768,17.532,71.379,0,0,2405800,274572,176500,5065792,8261.962,1713.102,0,4.007,0,1.002,2398,3256,1.390,1.420,0.810,2,0,243.441,0,0,14,89,4,25,0
12-12 07:29:10,13.973,14.223,70.863,0,0,2439124,241204,176500,5065820,6855.762,1616.878,0,0,0,0,2334,3424,1.390,1.420,0.810,2,0,166.678,0,0,14,89,4,25,0
12-12 07:29:11,23.747,3.250,71.991,0,0,2475848,204468,176500,5065832,6444.214,1787.782,0,179.978,0,18.998,1918,3495,1.390,1.420,0.810,2,0,1.000,0,0,14,93,4,26,0
12-12 07:29:12,24.491,7.497,66.724,0.250,0,2482220,198060,176500,5065864,8327.810,1607.384,0,627.760,0,63.975,1995,3061,1.390,1.420,0.810,2,0,71.972,0,0,14,107,4,26,0
12-12 07:29:13,25.484,2.998,68.456,1.249,0,2515028,164848,176512,5066256,6767.655,1618.961,0,1347.135,0,212.863,3599,6838,1.440,1.430,0.810,3,0,0.999,0,0,14,110,4,26,0
12-12 07:29:14,18.264,9.507,70.302,0.500,0,2488256,191380,176512,5066448,6111.529,1621.201,0,1084.804,0,107.079,2588,4374,1.440,1.430,0.810,2,0,113.084,0,0,14,108,4,28,0
12-12 07:29:15,24.501,2.750,72.752,0,0,2531044,148568,176512,5066468,8347.275,1512.050,0,1084.036,0,94.003,1869,3333,1.440,1.430,0.810,2,0,0,0,0,14,110,4,28,0
12-12 07:29:16,37.089,9.773,52.125,0.752,0,2522108,161536,176524,5062408,6999.771,1623.891,0,3448.262,0,258.620,2882,5226,1.440,1.430,0.810,3,0,102.245,0,0,14,112,4,29,0
12-12 07:29:17,43.397,7.482,48.634,0,0,2550284,169072,175176,5028916,42117.760,1616.154,355.155,10670.604,17.957,749.217,2013,2483,1.440,1.430,0.810,2,0,56.865,0,0,14,112,4,30,0
12-12 07:29:18,23.493,3.749,71.980,0,0,2594716,134576,175096,5019280,7248.949,1619.542,171.951,683.806,3.999,35.990,1231,1873,1.410,1.430,0.820,2,0,1.999,0,0,14,112,4,31,0
12-12 07:29:19,20.831,6.024,73.035,0.251,0,2605972,123244,175096,5019356,6102.825,1662.490,68.267,212.831,2.008,13.051,1191,1684,1.410,1.430,0.820,2,0,53.208,0,0,14,112,4,31,0
12-12 07:29:20,20.467,7.987,70.387,0.250,0,2572952,181380,174952,4994384,11038.284,1827.068,690.891,1693.282,19.968,253.593,2335,3964,1.410,1.430,0.820,2,0,56.909,0,0,14,114,4,32,0
12-12 07:29:21,20.963,5.241,72.621,0.499,0,2629264,124708,174952,4994744,5757.763,1690.993,43.922,1505.324,3.993,94.831,1267,2085,1.410,1.430,0.820,2,0,26.952,0,0,14,114,4,32,0
12-12 07:29:22,21.240,5.747,72.464,0.250,0,2605232,148720,174952,4994764,6276.905,1511.255,0,199.901,0,20.990,1502,2149,1.410,1.430,0.820,2,0,57.971,0,0,14,116,4,33,0
12-12 07:29:23,27.245,3.249,67.488,1.250,0,2623188,130532,174956,4994992,7798.573,1619.704,0,1583.710,0,257.953,3439,7039,1.370,1.420,0.820,3,0,0,0,0,14,116,4,34,0
12-12 07:29:24,21.265,5.754,72.553,0.250,0,2620308,133176,174960,4995224,9283.749,1663.209,192.140,3842.794,2.001,241.175,1776,2996,1.370,1.420,0.820,2,0,55.040,0,0,14,116,4,35,0
12-12 07:29:25,24.757,4.501,68.520,0.250,0,2633580,135212,174956,4979976,6684.952,1620.473,0,2368.692,0,316.092,3174,5690,1.370,1.420,0.820,4,0,2.001,0,0,14,119,4,35,0
12-12 07:29:26,27.585,7.272,63.696,0.251,0,2619668,148948,174956,4980152,6837.031,1624.998,164.506,726.234,14.043,70.216,2830,5070,1.370,1.420,0.820,2,0,73.225,0,0,14,119,4,35,0
12-12 07:29:27,24.400,2.241,71.706,0.498,0,2645672,122800,174956,4980296,6507.275,1726.908,19.918,852.499,1.992,103.575,1825,3304,1.370,1.420,0.820,2,0,0,0,0,14,119,4,36,0
12-12 07:29:28,19.095,12.060,69.094,0.502,0,2650740,125500,174956,4973388,5549.604,1519.558,393.960,426.120,15.075,26.130,1958,3670,1.420,1.430,0.820,5,0,181.905,0,0,14,119,4,36,0
12-12 07:29:29,27.976,3.497,66.943,0.250,0,2662980,128272,174956,4957772,6184.755,1728.534,7.993,771.346,1.998,79.932,2701,5478,1.420,1.430,0.820,3,0,1.998,0,0,14,121,4,38,0
12-12 07:29:30,32.014,4.752,61.528,0.250,0,2622732,167216,174964,4959068,7685.466,1620.731,1372.619,3881.751,34.015,274.124,3233,6129,1.420,1.430,0.820,3,0,37.017,0,0,14,121,4,38,0
12-12 07:29:31,31.990,10.747,55.483,1.000,0,2665696,120360,174972,4962952,11494.448,1799.444,3534.908,1075.668,201.938,101.968,4404,8176,1.420,1.430,0.820,3,0,254.921,0,0,14,121,4,38,0
12-12 07:29:32,24.739,9.246,65.222,0.250,0,2638704,179212,174972,4931732,11874.858,1651.285,175.924,6021.393,6.997,544.764,2754,4537,1.420,1.430,0.820,3,0,62.973,0,0,14,121,4,40,0
12-12 07:29:33,9.970,17.696,70.785,0,0,2643132,174580,174972,4931920,7416.447,1864.331,35.891,350.933,0.997,16.948,2681,3949,1.390,1.420,0.830,2,0,266.191,0,0,14,121,4,40,0
12-12 07:29:34,8.748,19.996,68.236,0.250,0,2645636,171688,174972,4932308,8495.224,1619.661,235.951,375.921,7.998,20.996,2413,3426,1.390,1.420,0.830,2,0,249.948,0,0,14,121,4,40,0
12-12 07:29:35,19.547,18.294,61.649,0.251,0,2654336,162592,174976,4932712,6719.234,1623.923,264.639,1631.943,14.034,84.203,5498,9283,1.390,1.420,0.830,3,0,178.431,0,0,14,121,4,40,0
12-12 07:29:36,30.193,23.206,46.163,0,0,2704508,134412,174936,4910760,7573.655,1551.062,23.955,191.637,1.996,13.974,2968,4854,1.390,1.420,0.830,2,0,394.253,0,0,14,121,4,40,0
12-12 07:29:37,35.722,21.234,41.967,0.500,0.250,2787236,129864,174240,4834768,9491.625,1856.557,787.388,647.497,59.953,45.964,5060,12254,1.390,1.420,0.830,2,0,329.744,0,0,14,133,4,40,0
12-12 07:29:38,36.566,21.789,41.575,0.250,0,2857912,125996,172592,4770792,10814.444,1791.221,1374.471,6074.923,74.133,451.812,4829,10014,1.520,1.450,0.840,4,0,309.557,0,0,16,135,4,40,0
12-12 07:29:39,52.887,24.313,21.806,0,0,2983172,127920,170428,4648644,10286.560,1570.054,2502.461,946.444,111.287,166.430,3177,5213,1.520,1.450,0.840,4,0,456.178,0,0,16,135,4,40,0
12-12 07:29:40,44.589,19.679,34.127,0.498,0,3031640,131600,168620,4599376,7544.801,1891.182,3758.451,7576.686,156.436,765.241,7619,16137,1.520,1.450,0.840,3,0,224.192,0,0,16,151,4,40,0
12-12 07:29:41,35.833,21.800,40.845,0.251,0,3094632,127616,168108,4542288,7420.170,1623.757,12.028,1110.570,2.005,128.297,3573,5578,1.520,1.450,0.840,3,0,456.055,0,0,16,151,4,40,0
12-12 07:29:42,17.733,21.230,59.445,0.500,0,3120388,123988,168116,4520752,7229.255,1704.410,3.996,687.359,0.999,71.933,3341,5546,1.520,1.450,0.840,2,0,355.668,0,0,17,151,4,40,0
12-12 07:29:43,16.237,16.487,66.196,0,0,3118452,129080,167988,4517736,6880.399,1510.770,27.977,323.736,0.999,19.984,3642,6047,1.480,1.440,0.840,2,0,222.819,0,0,17,151,4,40,0
12-12 07:29:44,28.006,19.754,52.511,0.250,0,3156244,136580,167732,4473836,7188.474,1788.367,64.013,1428.293,1.000,253.052,4209,10153,1.480,1.440,0.840,3,0,340.070,0,0,17,151,4,40,0
12-12 07:29:45,32.776,21.767,44.535,0,0,3231060,120624,167740,4416268,14434.447,1691.341,0,32.025,0,8.006,4026,6189,1.480,1.440,0.840,5,0,373.296,0,0,17,157,4,40,0
12-12 07:29:46,35.571,22.545,41.082,0,0,3316804,129516,167236,4323972,13229.393,1943.878,533.063,5202.379,11.022,370.740,7636,14175,1.480,1.440,0.840,4,0,329.658,0,0,17,163,5,40,0
12-12 07:29:47,32.250,23.000,43.500,0.250,0,3378792,131172,167228,4261488,47294.905,1775.996,68.000,871.998,5.000,82.000,4057,6781,1.480,1.440,0.840,6,0,550.999,0,0,17,171,5,36,0
12-12 07:29:48,16.981,21.976,59.435,0,0,3436032,126876,167248,4209560,14399.276,1618.233,63.930,5126.402,9.989,494.460,6000,10484,1.440,1.430,0.840,3,0,366.600,0,0,17,175,5,36,0
12-12 07:29:49,9.976,19.703,67.589,0,0,3440652,122172,167248,4209780,21513.819,1791.737,0,303.279,0,20.950,3203,4756,1.440,1.430,0.840,2,0,325.226,0,0,17,177,5,36,0
12-12 07:29:50,23.981,17.236,58.204,0,0,3468020,124296,167248,4181012,11854.611,1896.498,635.497,1786.585,5.995,265.789,5629,10208,1.440,1.430,0.840,6,0,189.850,0,0,17,177,5,36,0
12-12 07:29:51,46.724,7.246,44.975,0.250,0,3602824,131440,167248,4041828,7904.652,1703.063,23.987,767.578,5.997,148.918,1733,2317,1.440,1.430,0.840,6,0,4.997,0,0,17,177,5,36,0
12-12 07:29:52,42.940,4.494,50.679,0.250,0,3681924,135772,167252,3960248,26077.544,1859.401,1350.113,607.151,36.948,67.905,2136,2654,1.440,1.430,0.840,3,0,6.990,0,0,17,186,5,36,0
12-12 07:29:53,29.684,21.382,47.544,0,0,3636508,180988,167260,3960440,10175.959,1799.131,28.174,269.668,6.037,19.118,4142,7060,1.480,1.440,0.850,5,0,439.721,0,0,17,185,5,36,0
12-12 07:29:54,40.693,25.215,33.952,0.499,0,3624652,189000,167276,3964236,6728.533,1617.724,1509.876,503.292,29.958,38.945,5964,12606,1.480,1.440,0.850,4,0,491.309,0,0,17,197,5,36,0
12-12 07:29:55,56.480,20.243,22.242,0,0,3720940,125684,167284,3932316,13521.173,1565.441,303.892,10272.333,9.996,545.805,5721,12118,1.480,1.440,0.850,10,0,227.919,0,0,17,210,5,33,0
12-12 07:29:56,80.601,16.020,2.503,0.501,0,3841352,123680,167312,3816824,13153.481,1587.990,492.617,2687.367,9.011,107.134,2893,5882,1.480,1.440,0.850,8,0,74.093,0,0,17,219,5,33,0
12-12 07:29:57,76.485,12.998,9.248,0,0,3879336,122908,167404,3780528,15251.072,1619.689,47.991,4735.091,2.000,217.958,5176,15961,1.480,1.440,0.850,9,0,62.988,0,0,17,217,5,37,0
12-12 07:29:58,44.744,29.496,25.247,0,0,3855092,179544,167412,3748336,13698.123,1619.778,0,10814.518,0,381.948,6268,15416,1.930,1.540,0.880,7,0,565.922,0,0,17,219,5,37,0
12-12 07:29:59,48.559,21.276,29.035,0,0,3860788,176256,167412,3746024,7709.344,1621.966,0,648.786,0,36.044,8887,40267,1.930,1.540,0.880,6,0,258.313,0,0,17,219,5,37,0
12-12 07:30:00,56.325,21.932,21.184,0.249,0,3965468,133836,167412,3684296,15784.988,1614.985,3.988,12245.976,0.997,472.533,4889,9135,1.930,1.540,0.880,6,0,547.301,0,0,17,220,5,37,0
12-12 07:30:01,64.098,20.782,13.521,0.250,0,4016660,125744,167428,3641440,17188.281,1977.023,152.233,6529.984,10.015,650.995,7367,18889,1.930,1.540,0.880,4,0,374.573,0,0,17,227,5,41,0
12-12 07:30:02,57.528,23.011,18.259,0,0,4074852,124948,167440,3585188,8185.937,1714.825,104.050,2397.153,10.005,353.170,7686,19083,1.930,1.540,0.880,8,0,375.180,0,0,17,229,5,43,0
12-12 07:30:03,63.768,14.504,21.006,0.250,0,4150636,141856,167440,3493968,7672.133,1458.405,48.013,6405.781,2.001,606.169,4776,13457,2.010,1.560,0.890,4,0,183.051,0,0,17,235,5,33,0
12-12 07:30:04,67.680,10.202,21.896,0.249,0,4215136,182684,167456,3390780,11415.007,1686.025,171.190,2993.839,11.944,406.079,3606,7051,2.010,1.560,0.890,5,0,10.948,0,0,17,247,5,36,0
12-12 07:30:05,59.698,18.562,21.070,0.251,0,4259148,137368,167460,3392204,14637.597,1625.396,1075.571,4795.922,43.143,393.306,6903,12904,2.010,1.560,0.890,4,0,372.236,0,0,17,251,5,40,0
12-12 07:30:06,46.552,23.898,28.628,0.747,0,4258848,150852,167552,3379396,14938.482,1613.141,4337.557,7064.960,82.649,741.846,6327,11239,2.010,1.560,0.890,19,0,498.879,0,0,17,252,5,41,0
12-12 07:30:07,65.785,18.832,13.308,0,0,4314832,118932,167556,3356024,7419.155,1627.052,799.465,707.064,8.035,42.183,4928,9120,2.010,1.560,0.890,3,0,212.923,0,0,18,255,5,42,0
12-12 07:30:08,80.421,13.943,5.229,0,0,4451784,121412,167556,3219576,7259.346,1780.726,780.810,2716.901,9.959,370.487,2816,3769,2.170,1.600,0.910,8,0,13.943,0,0,18,255,5,44,0
12-12 07:30:09,56.180,13.042,30.347,0,0,4450604,120368,167592,3221840,15836.614,1462.675,818.616,1107.540,9.029,78.250,4198,9984,2.170,1.600,0.910,4,0,146.468,0,0,18,256,5,45,0
12-12 07:30:10,20.486,9.993,67.452,0.250,0,4448148,129864,167596,3214844,18758.775,2932.932,575.594,4728.666,8.994,374.736,2409,3429,2.170,1.600,0.910,2,0,124.912,0,0,18,257,5,45,0
12-12 07:30:11,20.800,7.017,71.173,0.251,0,4443736,134236,167596,3214884,21254.521,5612.605,801.944,569.380,8.019,43.104,2185,3316,2.170,1.600,0.910,2,0,10.024,0,0,18,262,5,45,0
12-12 07:30:12,16.889,8.693,72.771,0,0,4447828,144916,167596,3200368,7043.632,1651.131,762.977,1907.443,5.961,211.607,2607,4575,2.170,1.600,0.910,3,0,9.935,0,0,18,265,5,45,0
12-12 07:30:13,25.290,10.517,63.350,0.751,0,4451772,131208,167600,3210128,16586256.941,129468.042,2972.685,4815.589,34.054,136.215,7669,5586,2.080,1.590,0.910,3,0,111.175,0,0,18,265,5,44,0
12-12 07:30:14,18.283,10.769,69.123,0,0,4481184,128644,167600,3183384,15169.046,1622.894,280.500,9088.204,11.020,128.229,2569,3971,2.080,1.590,0.910,2,0,158.282,0,0,18,269,5,44,0
12-12 07:30:15,23.773,5.255,68.817,0.500,0,4501188,131028,167596,3161300,6756.581,1663.620,416.406,4564.446,23.022,133.130,3215,6790,2.080,1.590,0.910,2,0,2.002,0,0,18,278,5,45,0
12-12 07:30:16,22.954,7.236,67.366,1.248,0,4456092,174136,167596,3163272,14569.037,1455.107,299.405,2019.984,12.974,132.736,3656,8434,2.080,1.590,0.910,2,0,36.927,0,0,18,279,5,47,0
12-12 07:30:17,9.509,19.769,68.816,0,0,4466576,163596,167596,3163424,50001.101,1621.560,76.073,180.173,4.004,9.009,3231,4921,2.080,1.590,0.910,3,0,360.347,0,0,18,279,5,46,0
12-12 07:30:18,24.327,4.765,70.723,0,0,4518852,133300,167596,3141624,7021.095,1793.645,168.530,0,3.009,0,1711,2678,1.990,1.580,0.910,2,0,73.230,0,0,18,279,5,45,0
12-12 07:30:19,11.413,16.128,71.210,0,0,4470132,181988,167600,3141652,6225.796,1649.494,7.940,706.642,1.985,42.676,2677,4086,1.990,1.580,0.910,2,1,229.262,0,0,18,279,5,45,0
12-12 07:30:20,12.551,18.073,69.280,0,0,4466564,185504,167600,3141688,12109.973,1626.578,8.032,148.601,1.004,13.053,2965,4425,1.990,1.580,0.910,2,0,276.117,0,0,18,279,5,44,0
12-12 07:30:21,5.980,9.469,82.476,0,0,4466208,185804,167600,3141744,7018.677,1688.389,31.894,16014.783,2.990,29.901,2071,3278,1.990,1.580,0.910,2,0,155.483,0,0,18,281,5,44,0
12-12 07:30:22,13.746,2.499,83.225,0,0,4501712,150300,167600,3141744,14582.625,1619.514,0,51.984,0,2.999,1483,1996,1.990,1.580,0.910,4,0,10.997,0,0,18,281,5,43,0
12-12 07:30:23,23.835,5.520,70.753,0.251,0,4471152,180836,167600,3141768,13689.983,1463.235,80.287,297.063,5.018,42.151,2293,3577,1.830,1.550,0.900,2,0,53.190,0,0,18,285,5,44,0
12-12 07:30:24,11.721,15.960,69.326,0.249,0,4474164,177572,167604,3142000,7286.732,1615.949,7.980,339.150,1.995,28.927,3038,4716,1.830,1.550,0.900,2,0,217.455,0,0,18,289,5,42,0
12-12 07:30:25,12.578,16.603,70.187,0,0,4476340,175276,167604,3142120,7052.904,1630.148,0,88.551,0,7.044,2905,4531,1.830,1.550,0.900,2,0,224.397,0,0,18,289,5,42,0
12-12 07:30:26,23.095,4.718,70.528,0.497,0,4531228,119596,167604,3142912,7088.549,1776.111,826.468,234.431,39.734,26.820,2181,3474,1.830,1.550,0.900,2,0,54.634,0,0,18,293,5,41,0
12-12 07:30:27,22.005,4.501,71.015,0.500,0,4576772,133800,167604,3083452,14266.081,1788.386,348.075,424.092,26.006,30.006,1716,2383,1.830,1.550,0.900,2,0,2.000,0,0,18,297,5,41,0
12-12 07:30:28,24.413,2.517,72.234,0,0,4493216,217352,167604,3083456,15850.148,1630.922,20.135,334.238,4.027,35.236,1681,2461,1.760,1.540,0.910,2,0,5.034,0,0,18,293,5,39,0
12-12 07:30:29,26.507,5.752,67.519,0,0,4559460,150828,167604,3083736,7428.072,1680.469,252.070,180.050,28.008,9.003,2323,5258,1.760,1.540,0.910,2,0,37.010,0,0,18,293,5,40,0
12-12 07:30:30,25.337,2.732,70.795,0.497,0,4468896,241384,167604,3083744,6053.073,1555.993,7.949,107.310,1.987,7.949,1831,2863,1.760,1.540,0.910,4,0,15.898,0,0,18,293,5,38,0
12-12 07:30:31,24.725,2.997,71.178,0,0,4511432,198808,167604,3083768,14407.391,1704.272,0,211.785,0,17.982,1662,2271,1.760,1.540,0.910,6,0,1.998,0,0,18,293,5,38,0
12-12 07:30:32,14.106,15.870,70.532,0,0,4472140,236636,167612,3085224,15670.121,1632.304,1507.362,322.430,20.152,11.084,3341,5297,1.760,1.540,0.910,2,0,393.970,0,0,18,293,5,37,0
12-12 07:30:33,20.615,6.706,70.786,0,0,4504400,203980,167616,3085616,7209.690,1776.344,496.740,373.549,24.837,29.804,2609,4275,1.700,1.540,0.910,2,0,193.729,0,0,18,293,5,37,0
12-12 07:30:34,24.631,4.273,70.124,0.503,0,4527584,180600,167640,3085756,6660.541,1699.066,164.880,168.901,9.048,8.043,9027,18040,1.700,1.540,0.910,4,0,10.054,0,0,18,293,5,35,0
12-12 07:30:35,20.149,2.487,76.117,0.249,0,4511660,196028,167664,3086228,15090.082,5354.064,43.780,3382.980,9.950,360.188,1817,2321,1.700,1.540,0.910,2,0,2.985,0,0,18,294,5,35,0
12-12 07:30:36,25.006,4.751,69.267,0.500,0,4537456,168348,167820,3087684,14576.659,1620.407,12.003,792.199,3.001,39.010,9382,18916,1.700,1.540,0.910,2,0,7.002,0,0,18,294,5,35,0
12-12 07:30:37,17.100,9.053,72.173,0.251,0,4472364,233580,167824,3087540,14775.674,1641.630,0,555.257,0,33.195,2560,4156,1.700,1.540,0.910,2,0,212.245,0,0,18,293,5,35,0
12-12 07:30:38,24.122,3.979,71.371,0,0,4531656,174200,167824,3087628,7024.734,1611.451,0,155.177,0,3.979,1836,2764,1.650,1.530,0.910,4,0,61.673,0,0,18,293,5,35,0
12-12 07:30:39,20.481,6.993,71.933,0,0,4502768,203040,167824,3087676,14243.639,1618.482,23.978,3.996,1.998,0.999,2177,3328,1.650,1.530,0.910,2,0,113.893,0,0,18,293,5,37,0
12-12 07:30:40,21.741,5.248,72.220,0,0,4497196,208604,167824,3087684,10424.715,1619.334,0,0,0,0,1877,2903,1.650,1.530,0.910,2,0,71.970,0,0,18,293,5,37,0
12-12 07:30:41,24.414,5.034,70.724,0,0,4468168,237604,167824,3087712,11711.479,1800.062,8.054,201.349,2.013,15.101,1993,3053,1.650,1.530,0.910,2,0,51.344,0,0,18,293,5,38,0
12-12 07:30:42,23.578,3.475,71.480,0,0,4526864,178888,167824,3087732,10429.087,1816.776,0,59.566,0,2.978,1742,2501,1.650,1.530,0.910,3,0,6.949,0,0,18,297,5,40,0
12-12 07:30:43,23.802,4.760,71.657,0,0,4524072,181656,167824,3087756,15268.423,1623.554,0,196.430,0,24.053,1791,2651,1.590,1.520,0.910,2,0,34.075,0,0,18,293,5,41,0
12-12 07:30:44,23.742,4.249,70.726,0.250,0,4508816,196768,167824,3087900,11781.947,1511.480,35.988,343.882,2.999,41.986,2144,3491,1.590,1.520,0.910,3,0,48.983,0,0,18,293,5,41,0
12-12 07:30:45,22.492,5.498,71.223,0.250,0.250,4495892,209620,167824,3087972,14455.550,1565.410,19.992,2271.144,1.999,184.930,2029,3024,1.590,1.520,0.910,4,0,33.987,0,0,18,293,5,44,0
12-12 07:30:46,24.113,3.516,71.335,0,0,4465100,240340,167824,3088044,14311.148,1627.637,32.151,920.318,1.005,67.316,2150,3574,1.590,1.520,0.910,3,0,32.151,0,0,18,293,5,44,0
12-12 07:30:47,24.108,3.977,71.826,0.249,0,4517852,187576,167824,3088056,43599.371,1610.484,0,242.567,0,12.924,1877,2689,1.590,1.520,0.910,3,0,58.653,0,0,18,293,5,44,0
12-12 07:30:48,22.891,4.780,71.693,0,0,4509252,196164,167824,3088068,6675.219,1630.066,0,0,0,0,1755,2635,1.550,1.510,0.910,2,0,49.304,0,0,18,293,5,46,0
12-12 07:30:49,22.825,3.721,71.700,0,0,4503552,201700,167824,3088232,6670.868,1681.114,138.935,7.939,13.894,0.992,1738,2562,1.550,1.510,0.910,5,0,15.878,0,0,18,293,5,48,0
12-12 07:30:50,27.648,4.022,66.607,1.257,0,4530860,173980,167824,3088644,10873.346,1966.553,406.180,2260.128,30.162,222.192,3485,6864,1.550,1.510,0.910,5,0,0,0,0,18,293,5,50,0
12-12 07:30:51,23.673,2.492,72.514,0.249,0,4529100,175484,167824,3088900,8031.840,1507.091,0,3699.949,0,372.786,1880,2522,1.550,1.510,0.910,4,0,6.977,0,0,18,293,5,50,0
12-12 07:30:52,23.098,8.285,67.537,0.502,0,4482760,221632,167824,3089092,12178.809,1701.237,16.068,1036.409,2.009,126.538,4026,7398,1.550,1.510,0.910,2,0,155.662,0,0,18,293,5,51,0
12-12 07:30:53,11.252,22.254,65.761,0.250,0,4484320,220048,167824,3089116,6929.164,1566.263,0,848.142,0,66.011,4923,9509,1.500,1.500,0.910,2,0,691.116,0,0,18,293,5,51,0
12-12 07:30:54,12.024,19.539,66.633,0,0,4490828,213396,167824,3089260,7154.251,1623.233,0,569.134,0,45.090,4210,7561,1.500,1.500,0.910,2,0,655.305,0,0,18,293,5,51,0
12-12 07:30:55,10.494,20.988,67.961,0.250,0,4493508,210680,167828,3089292,6455.262,1619.063,0,611.646,0,46.973,4098,7085,1.500,1.500,0.910,2,0,647.625,0,0,18,293,5,51,0
12-12 07:30:56,9.253,21.756,68.020,0,0,4491656,212492,167828,3089332,6772.951,1694.488,0,488.141,0,37.011,4098,7142,1.500,1.500,0.910,2,0,626.180,0,0,18,293,5,50,0
12-12 07:30:57,11.002,21.004,68.264,0.250,0,4485620,218488,167832,3089368,7157.439,1788.359,0,2432.489,0,145.029,4185,7393,1.500,1.500,0.910,5,0,597.120,0,0,18,293,5,50,0
12-12 07:30:58,13.509,14.510,70.547,0.250,0,4489324,229984,167832,3074528,6700.442,1513.003,52.034,256.170,5.003,20.013,3102,5118,1.460,1.490,0.910,2,0,357.237,0,0,18,293,5,42,0
12-12 07:30:59,21.123,7.704,69.832,0.249,0,4513412,263780,168092,3023868,6551.762,1610.356,7.952,1172.975,0.994,7.952,14264,28300,1.460,1.490,0.910,3,0,7.952,0,0,18,293,5,42,0
12-12 07:31:00,9.487,1.498,87.127,0.250,0,4526072,250036,168096,3024816,10703.875,3658.830,31.955,2320.721,0.999,39.944,1555,2644,1.460,1.490,0.910,1,0,2.996,0,0,18,294,5,42,0
12-12 07:31:01,16.522,2.003,79.856,0.501,0,4536296,239452,168128,3025112,20873.637,7921.488,108.143,1061.405,14.019,59.078,1682,2631,1.460,1.490,0.910,2,0,0,0,0,18,295,5,42,0
12-12 07:31:02,17.745,2.249,76.728,1.000,0,4538016,236736,168184,3026016,33866.348,17747.942,663.811,2047.416,60.983,85.975,2214,3482,1.460,1.490,0.910,2,0,0,0,0,18,295,5,42,0
12-12 07:31:03,20.972,1.248,75.649,0.999,0,4553012,220888,168200,3026784,25940.421,12190.750,711.052,1322.237,40.945,64.913,1871,2877,1.420,1.480,0.910,2,0,0.999,0,0,18,295,5,36,0
12-12 07:31:04,20.491,2.249,76.217,1.000,0,4560308,212572,168228,3027744,24550.443,13912.018,747.678,1611.307,41.982,64.972,1668,2514,1.420,1.480,0.910,2,0,0,0,0,18,295,5,36,0
12-12 07:31:05,20.768,4.254,72.061,1.501,0,4561856,174824,168640,3061744,6867.838,1737.477,7410.299,2313.967,102.087,88.075,1872,2982,1.420,1.480,0.910,3,0,0,0,0,18,295,5,32,0
12-12 07:31:06,21.886,3.270,71.947,1.258,0,4579280,131212,168704,3086192,6411.817,1762.948,0,6210.568,0,387.406,1999,3099,1.420,1.480,0.910,2,0,1.006,0,0,18,294,5,32,1
12-12 07:31:07,23.600,3.478,72.042,0.994,0,4577808,146784,168960,3070088,6854.386,2015.177,0,2758.448,0,98.374,1597,2755,1.420,1.480,0.910,3,0,0,0,0,18,293,5,27,0
12-12 07:31:08,23.499,3.500,71.746,0,0,4527868,194980,169044,3071736,7103.602,1787.900,403.977,23.999,7.000,3.000,1428,2047,1.390,1.470,0.910,2,0,7.000,0,0,18,293,5,27,0
12-12 07:31:09,23.387,6.035,70.160,0,0,4530056,192740,169052,3071748,6167.077,1575.215,0,88.518,0,2.012,9521,18775,1.390,1.470,0.910,3,0,16.094,0,0,18,293,5,24,0
12-12 07:31:10,23.478,5.495,69.184,0.250,0,4509040,213492,169052,3072012,8290.091,1786.296,31.970,1742.338,0.999,20.980,8318,17013,1.390,1.470,0.910,2,0,12.988,0,0,18,293,5,24,0
12-12 07:31:11,24.482,5.246,68.700,0,0,4503200,219372,169052,3071924,7191.800,1618.830,0,491.645,0,20.985,9387,19021,1.390,1.470,0.910,3,0,52.962,0,0,18,293,5,23,0
12-12 07:31:12,24.567,4.763,69.439,0,0,4542500,180060,169052,3071932,9760.558,1516.125,0,100.273,0,8.022,8921,17940,1.390,1.470,0.910,4,0,16.044,0,0,18,293,5,23,0
12-12 07:31:13,23.627,5.969,68.144,0,0.249,4542872,179560,169052,3072048,7190.451,1611.584,0,557.091,0,42.777,9325,18809,1.440,1.480,0.920,3,0,12.932,0,0,18,295,5,23,0
12-12 07:31:14,24.210,3.245,71.383,0.250,0,4522708,199832,169052,3071940,7258.133,1785.081,0,355.419,0,14.976,1501,2050,1.440,1.480,0.920,4,0,8.985,0,0,18,295,5,23,0
12-12 07:31:15,23.496,3.999,71.736,0,0,4497100,225416,169052,3071964,6462.766,1619.691,0,155.970,0,6.999,2018,3175,1.440,1.480,0.920,4,0,93.982,0,0,18,295,5,23,0
12-12 07:31:16,24.487,4.498,69.712,0,0,4508588,195300,169808,3087536,7446.949,1938.945,3.998,7387.981,0.999,264.856,14732,29404,1.440,1.480,0.920,4,0,7.996,0,0,18,295,6,23,0
12-12 07:31:17,5.004,1.501,92.316,0,0,4520900,182700,169824,3087768,46650.542,3907.810,0,640.460,0,3.002,1171,1794,1.440,1.480,0.920,2,0,3.002,0,0,18,296,6,18,0
12-12 07:31:18,20.077,1.757,78.048,0.251,0,4527756,175672,169876,3087888,20411.871,9353.684,0,807.079,0,24.092,1455,2156,1.320,1.460,0.910,2,0,0,0,0,18,297,6,18,0
12-12 07:31:19,13.714,0.997,83.782,0.499,0,4527296,175672,169936,3088232,50891.377,15598.351,0,1627.758,0,60.841,1509,2312,1.320,1.460,0.910,1,0,0,0,0,18,298,6,18,0
12-12 07:31:20,6.251,0.750,90.518,0.750,0,4527516,175196,169948,3088388,129480.378,11188.193,32.006,1132.222,1.000,57.011,1571,2462,1.320,1.460,0.910,1,0,0,0,0,18,298,6,18,0
12-12 07:31:21,20.859,1.759,76.649,0.251,0,4542016,160592,169952,3088488,24604.237,11565.278,0,1841.598,0,68.356,1689,2566,1.320,1.460,0.910,1,0,0,0,0,18,298,6,18,0
12-12 07:31:22,19.626,1.242,78.254,0.497,0,4549504,152612,169968,3088876,224964.724,15491.782,3.975,1446.827,0.994,45.710,1684,2295,1.320,1.460,0.910,2,0,0,0,0,18,297,6,18,1
12-12 07:31:23,12.005,3.001,83.032,1.501,0,4550296,150916,170252,3089248,169627.476,24997.649,24.009,3645.407,4.002,181.070,2075,3447,1.220,1.430,0.910,1,0,0,0,0,18,297,6,17,1
12-12 07:31:24,14.731,1.748,82.395,0.499,0,4553864,135188,170360,3101156,5173233.474,51422.539,95.878,5964.407,5.992,64.917,3130,3009,1.220,1.430,0.910,1,0,2.996,0,0,18,297,6,17,1
12-12 07:31:25,13.514,4.004,80.080,1.251,0,4571144,129248,170440,3089848,12707901.733,104520.939,164.165,14362.420,4.004,93.093,5730,4179,1.220,1.430,0.910,2,0,3.003,0,0,18,297,6,17,1
12-12 07:31:26,20.334,5.021,72.046,1.004,0,4562208,130304,173404,3090476,6575.023,1518.240,0,5623.111,0,132.545,1826,3059,1.220,1.430,0.910,2,0,1.004,0,0,18,297,6,17,1
12-12 07:31:27,22.433,3.490,72.285,0.748,0,4578508,126832,173984,3075960,7212.557,1615.198,0,9029.156,0,195.419,1730,2715,1.220,1.430,0.910,3,0,0,0,0,18,297,6,17,1
12-12 07:31:28,21.718,5.492,71.895,0.749,0,4579112,135564,174968,3063876,7079.664,1617.638,0,2324.606,0,83.878,1596,2513,1.280,1.440,0.910,2,0,0,0,0,18,297,6,17,1
12-12 07:31:29,27.527,5.255,66.065,0.250,0,4590108,135188,176624,3049420,6934.866,1621.605,0,2590.565,0,57.056,2006,4938,1.280,1.440,0.910,5,0,34.034,0,0,18,297,6,17,1
12-12 07:31:30,21.497,2.750,73.241,1.000,0,4589340,136452,177796,3045560,10848.622,2871.635,3.999,3139.601,1.000,107.986,1657,2761,1.280,1.440,0.910,1,0,0,0,0,18,298,6,17,1
12-12 07:31:31,22.877,3.017,73.407,0.251,0,4518480,238884,177796,3014020,9340.757,3301.292,20.111,828.591,3.017,28.156,1621,2374,1.280,1.440,0.910,3,0,5.028,0,0,18,295,6,17,0
12-12 07:31:32,22.827,8.684,66.000,0.248,0,4553124,202992,177812,3015368,7169.682,1593.924,0,123722.677,0,562.737,9208,18370,1.280,1.440,0.910,3,0,12.902,0,0,18,295,6,17,0
12-12 07:31:33,25.696,5.038,67.767,0.504,0,4562340,193668,177812,3015524,8058.519,1578.047,0,4369.356,0,31.238,8306,16920,1.260,1.440,0.910,5,0,6.046,0,0,18,295,6,17,0
12-12 07:31:34,23.869,3.481,71.606,0.249,0,4517432,238492,177816,3015600,6304.351,1611.145,0,3655.907,0,165.093,1667,2658,1.260,1.440,0.910,2,0,7.956,0,0,18,295,6,17,0
12-12 07:31:35,23.059,4.010,70.932,0.251,0,4537996,214132,177960,3018580,7660.696,1624.176,749.928,1872.815,18.046,42.108,2038,3856,1.260,1.440,0.910,2,0,7.018,0,0,18,295,6,18,0
12-12 07:31:36,26.679,3.241,66.823,1.745,0,4538556,212632,177960,3019520,7265.717,1615.712,662.242,2281.944,42.886,270.283,5475,10396,1.260,1.440,0.910,3,0,0.997,0,0,18,299,6,22,0
12-12 07:31:37,14.786,15.789,67.165,0.752,0,4485560,265300,177964,3019844,6660.411,1624.002,244.603,2217.464,5.012,195.482,3572,6165,1.260,1.440,0.910,4,0,233.576,0,0,18,297,6,24,0
12-12 07:31:38,13.217,15.960,69.576,0.499,0,4492648,256948,177964,3021108,7899.276,1783.546,1256.862,1975.068,41.895,253.367,2777,4031,1.240,1.430,0.910,2,0,205.487,0,0,18,297,6,26,0
12-12 07:31:39,7.022,5.015,71.470,15.297,0,4477092,235564,177964,3058048,7484.073,1516.676,37066.275,2399.397,2513.750,130.402,4062,7510,1.240,1.430,0.910,1,1,10.031,0,0,18,297,6,24,0
12-12 07:31:40,6.476,2.989,82.942,5.729,0,4479336,228256,177964,3063112,7366.633,2575.432,5105.035,1279.248,954.454,19.926,2320,4065,1.240,1.430,0.910,1,0,5.978,0,0,18,298,6,24,0
12-12 07:31:41,2.748,1.249,94.437,0.250,0,4479244,228256,177964,3063204,48411.564,4963.674,0,263.823,0,6.995,1214,1950,1.240,1.430,0.910,1,0,0,0,0,18,298,6,23,0
12-12 07:31:42,6.252,3.251,89.027,0,0,4460004,245696,178352,3064400,166488.113,130541.293,392.118,756.228,9.003,13.004,1702,2568,1.240,1.430,0.910,1,0,12.004,0,0,18,297,6,23,1
12-12 07:31:43,2.249,1.000,95.207,0,0,4459848,245744,178352,3064476,7702.488,1739.207,0,691.685,0,26.988,1294,2129,1.140,1.400,0.910,3,0,0,0,0,18,297,6,23,0
12-12 07:31:44,1.751,0.750,96.548,0.250,0,4459848,245744,178352,3064476,6936.440,1620.804,0,108.054,0,8.004,1014,1730,1.140,1.400,0.910,1,0,0,0,0,18,297,6,20,0
12-12 07:31:45,2.251,0.500,96.313,0,0,4459848,245744,178352,3064476,8544.597,1663.089,0,112.073,0,9.006,1062,1769,1.140,1.400,0.910,1,0,0,0,0,18,297,6,20,0
12-12 07:31:46,19.095,6.532,73.364,0,0,4465024,240548,178356,3064480,6167.616,1519.543,514.554,566.814,4.020,43.215,1926,2820,1.140,1.400,0.910,2,0,9.045,0,0,18,297,6,17,0
12-12 07:31:47,11.203,3.236,84.397,0.498,0,4440408,265140,178356,3064504,45498.770,1559.480,509.868,557.668,3.983,61.742,1788,2744,1.140,1.400,0.910,1,0,3.983,0,0,18,297,6,17,0
12-12 07:31:48,1.248,0.499,95.633,0,0,4440404,265140,178356,3064508,8309.820,1953.607,0,75.907,0,5.993,1152,1897,1.140,1.400,0.910,2,0,0,0,0,18,297,6,16,0
12-12 07:31:49,1.998,0.749,95.926,0,0,4440404,265140,178356,3064508,7832.922,1880.541,0,31.975,0,3.997,1053,1772,1.050,1.380,0.900,1,0,0,0,0,18,297,5,16,0
12-12 07:31:50,1.252,0.501,96.651,0,0,4440404,265140,178356,3064508,11114.405,1716.688,0,0,0,0,1107,1794,1.050,1.380,0.900,1,0,0,0,0,18,297,5,13,0
12-12 07:31:51,2.500,0.750,95.254,0,0,4440656,264888,178356,3064508,7490.315,1788.075,0,96.004,0,15.001,1271,2134,1.050,1.380,0.900,1,0,0,0,0,18,297,5,13,0
12-12 07:31:52,2.250,1.250,95.496,0.250,0,4440656,264888,178356,3064508,7404.689,1713.928,0,243.990,0,19.999,1239,2048,1.050,1.380,0.900,1,0,0,0,0,18,297,5,11,0
12-12 07:31:53,2.249,1.000,95.207,0.250,0,4440656,264888,178356,3064508,10513.227,1619.265,0,163.926,0,24.989,1383,2302,1.050,1.380,0.900,1,0,0,0,0,18,297,5,11,0
12-12 07:31:54,1.500,0,96.219,0,0,4440656,264888,178356,3064508,6162.991,1457.525,0,179.941,0,11.996,1059,1801,0.960,1.360,0.900,1,0,0,0,0,18,297,5,10,0
12-12 07:31:55,3.498,1.249,94.205,0,0,4440652,264888,178356,3064512,6251.999,1787.142,0,31.985,0,3.998,1242,2008,0.960,1.360,0.900,1,0,0,0,0,18,297,5,10,0
12-12 07:31:56,4.530,1.258,92.610,0,0,4440828,264636,178356,3064588,6950.806,1894.485,0,76.504,0,6.040,2034,3776,0.960,1.360,0.900,2,0,1.007,0,0,18,297,5,10,0
12-12 07:31:57,4.223,0.497,93.146,0.248,0,4440992,264412,178356,3064648,8824.754,1776.476,0,170.891,0,18.878,1644,2732,0.960,1.360,0.900,1,0,0,0,0,18,297,5,12,0
12-12 07:31:58,1.750,1.250,95.254,0.250,0,4442328,263040,178356,3064648,8794.405,1620.075,0,19888.915,0,242.011,1227,1848,0.960,1.360,0.900,1,0,0,0,0,18,297,5,12,0
12-12 07:31:59,1.250,1.000,96.237,0,0,4442328,263040,178356,3064648,7099.077,1787.768,0,0,0,0,1014,1751,0.890,1.340,0.890,1,0,0,0,0,18,297,5,12,0
12-12 07:32:00,1.502,0.751,96.379,0,0,4442452,262788,178356,3064776,6005.017,1514.021,0,600.802,0,16.021,1013,1772,0.890,1.340,0.890,1,0,0,0,0,18,297,5,12,0
12-12 07:32:01,2.748,0.500,95.425,0.250,0,4442448,262788,178356,3064780,6339.985,1564.762,0,203.839,0,27.978,1231,2157,0.890,1.340,0.890,1,0,0,0,0,18,297,5,12,0
12-12 07:32:02,3.498,1.499,94.453,0,0,4442696,262536,178356,3064784,7279.368,1619.192,0,315.842,0,18.991,1303,2082,0.890,1.340,0.890,1,0,0,0,0,18,297,5,12,0
12-12 07:32:03,3.252,2.252,93.070,0.250,0,4446252,258644,178356,3064840,6560.927,1957.470,0,97581.284,0,584.439,2476,3848,0.890,1.340,0.890,1,0,0,0,0,18,297,5,12,0
12-12 07:32:04,1.249,0.999,96.448,0,0,4446372,258644,178356,3064840,6495.531,1619.135,0,1499.199,0,11.994,995,1760,0.810,1.310,0.890,1,0,0,0,0,18,297,5,12,0
12-12 07:32:05,2.253,0.250,96.118,0,0,4446392,258644,178356,3064840,7237.910,1716.113,0,32.039,0,4.005,1132,1923,0.810,1.310,0.890,2,0,0,0,0,18,297,5,12,0
12-12 07:32:06,1.500,1.000,95.983,0,0,4446392,258644,178356,3064840,9383.330,1619.712,0,31.994,0,2.999,1066,1864,0.810,1.310,0.890,3,0,1.000,0,0,18,297,5,12,0
12-12 07:32:07,2.747,0.749,95.654,0.250,0,4446392,258644,178356,3064840,6958.985,1510.477,0,295.702,0,24.975,1232,2165,0.810,1.310,0.890,1,0,0,0,0,18,297,5,12,0
12-12 07:32:08,1.750,0.750,96.018,0,0,4446840,258196,178356,3064840,9927.857,1706.319,0,2172.406,0,5.001,1039,1712,0.810,1.310,0.890,1,0,0,0,0,18,297,5,12,0
12-12 07:32:09,1.750,0.500,97.002,0,0,4446912,258196,178356,3064840,7203.122,1566.027,0,4.000,0,1.000,986,1724,0.750,1.290,0.880,1,0,0,0,0,18,297,5,12,0
12-12 07:32:10,2.249,1.000,96.477,0,0,4446912,258196,178356,3064840,6780.413,1619.621,0,375.912,0,10.997,1011,1752,0.750,1.290,0.880,1,0,0,0,0,18,297,5,12,0
12-12 07:32:11,2.748,0.250,94.178,0,0,4446912,258196,178356,3064840,6545.006,1786.637,0,163.875,0,21.983,1393,2376,0.750,1.290,0.880,1,0,0,0,0,18,297,5,12,0
12-12 07:32:12,2.752,1.251,95.582,0,0,4446904,258196,178356,3064848,6232.366,1831.577,0,220.190,0,20.017,1295,2148,0.750,1.290,0.880,1,0,0,0,0,18,297,5,12,0
12-12 07:32:13,2.003,0.751,94.897,0.250,0,4446904,258196,178356,3064848,4819.461,96.149,0,1394.158,0,22.034,1345,2390,0.750,1.290,0.880,1,0,0,0,0,18,297,5,12,0
12-12 07:32:14,15.759,4.503,78.796,1.001,0,4462248,242536,178412,3065100,338840.544,10398.062,332.194,2017.176,17.010,117.068,2238,3139,0.690,1.270,0.880,1,0,33.019,0,0,18,295,5,12,0
12-12 07:32:15,15.070,4.521,79.869,0,0,4465984,233396,178412,3070496,234882.749,4669.545,108.501,357.650,5.023,16.074,1690,2398,0.690,1.270,0.880,2,0,36.167,0,0,18,295,5,12,0
