"pcp-dstat 5.3.6 CSV Output"
"Author:","PCP team <pcp@groups.io> and Dag Wieers <dag@wieers.com>",,,,"URL:","https://pcp.io/ and http://dag.wieers.com/home-made/dstat/"
"Host:","jammy-provider-cloud-0000007509",,,,"User:","ubuntu"
"Cmdline:","dstat -tcmndrylpg --tcp --output /tmp/devstack_logs/dstat-csv.log",,,,"Date:","21 Aug 2024 09:14:50 UTC"
"system","total usage",,,,,"memory usage",,,,"net/total",,"dsk/total",,"io/total",,"system",,"load avg",,,"procs",,,"paging",,"tcp sockets",,,,
"time","total usage:usr","total usage:sys","total usage:idl","total usage:wai","total usage:stl","used","free","buf","cach","net/total:recv","net/total:send","dsk/total:read","dsk/total:writ","read","writ","int","csw","1m","5m","15m","run","blk","new","in","out","lis","act","syn","tim","clo"
21-08 09:14:50,,915200,1938676,165764,4788032,,,,,,,1.240,0.860,0.490,4,0,,,,9,2,5,11,0
21-08 09:14:51,10.486,17.226,71.402,0.250,0,921744,1932048,165764,4788068,6017.726,1691.674,0,127.824,0,9.986,3011,4786,1.220,0.870,0.490,1,0,446.386,0,0,9,2,5,11,0
21-08 09:14:52,11.729,18.218,68.129,0,0,926308,1927396,165764,4788312,5637.998,1617.131,0,39.929,0,8.984,3359,6193,1.220,0.870,0.490,1,0,337.401,0,0,9,2,5,11,0
21-08 09:14:53,19.748,17.998,61.495,0,0,917820,1935908,165764,4788348,14300.784,1619.862,0,15.999,0,4.000,6060,10459,1.220,0.870,0.490,1,0,272.977,0,0,9,2,5,12,0
21-08 09:14:54,8.013,8.764,82.881,0,0,1046100,1807468,165764,4913172,7247.473,1622.569,0,4.006,0,1.002,2648,3849,1.220,0.870,0.490,1,0,94.149,0,0,10,4,5,10,0
21-08 09:14:55,15.973,11.480,71.378,0,0,1064128,1789452,165780,4913276,10615.889,1691.115,79.864,37360.263,0.998,108.814,2642,3688,1.220,0.870,0.490,1,0,204.651,0,0,10,4,5,12,0
21-08 09:14:56,21.999,3.750,73.496,0,0,1132392,1720148,165788,4914268,9458.461,1565.911,0,1679.904,0,8.999,1008,1252,1.200,0.870,0.490,1,0,0,0,0,10,4,5,12,0
21-08 09:14:57,19.515,3.753,71.805,5.504,0,1159024,1689524,166108,4917780,5221.995,1513.158,0,17965.744,0,1386.060,5573,11922,1.200,0.870,0.490,1,1,10.008,0,0,10,6,5,12,0
21-08 09:14:58,12.767,5.507,67.589,12.767,0,1165832,1675916,166780,4923892,5535.307,1622.141,0,34970.161,0,3172.187,11384,26739,1.200,0.870,0.490,1,1,60.079,0,0,10,6,5,12,0
21-08 09:14:59,19.484,7.494,70.942,1.499,0,1105748,1735660,166900,4924108,4897.009,1692.621,0,17837.462,0,1119.088,3264,7590,1.200,0.870,0.490,1,0,74.939,0,0,10,4,5,12,0
21-08 09:15:00,24.520,2.002,73.311,0.250,0,1159764,1681816,166900,4924108,6691.541,1621.342,0,21449.760,0,558.462,1108,1209,1.200,0.870,0.490,1,0,0,0,0,10,4,5,12,0
21-08 09:15:01,21.991,3.499,73.469,0.250,0,1128948,1712596,166920,4924120,8030.651,1619.325,0,3930.361,0,214.910,1273,1990,1.190,0.870,0.490,1,0,9.996,0,0,10,4,5,12,0
21-08 09:15:02,24.709,1.248,73.128,0,0,1124308,1717236,166928,4924112,9998.253,1617.291,0,127.786,0,10.982,1075,1383,1.190,0.870,0.490,1,0,1.997,0,0,10,4,5,12,0
21-08 09:15:03,9.506,18.513,70.798,0,0,1079440,1762064,166928,4924152,5638.846,1621.106,0,12.008,0,3.002,2746,4196,1.190,0.870,0.490,2,0,373.255,0,0,10,4,5,12,0
21-08 09:15:04,12.244,18.991,67.717,0,0,1083992,1757160,166928,4924644,8641.826,1619.218,0,35.983,0,8.996,3316,6278,1.190,0.870,0.490,1,0,379.817,0,0,10,4,5,12,0
21-08 09:15:05,34.749,13.250,49.999,0,0,1159276,1681872,166928,4924928,8543.769,1457.961,0,8051.783,0,11.000,3002,5883,1.190,0.870,0.490,4,0,164.996,0,0,10,5,4,11,0
21-08 09:15:06,47.738,2.999,49.238,0,0,1227612,1613076,166928,4925388,5660.574,1619.592,0,427.892,0,45.988,1183,1204,1.250,0.890,0.500,2,0,0,0,0,10,5,4,11,0
21-08 09:15:07,36.254,10.001,55.006,0,0,1261964,1575668,166960,4928088,7550.838,1620.180,0,432.048,0,52.006,2981,8213,1.250,0.890,0.500,1,0,118.013,0,0,10,4,4,10,0
21-08 09:15:08,0,0.500,98.218,0.250,0,1261936,1575668,166960,4928092,5410.263,1619.480,0,931.701,0,2.999,567,898,1.250,0.890,0.500,0,0,0,0,0,10,4,4,10,0
21-08 09:15:09,19.432,3.239,76.482,0,0,1320792,1516728,167004,4928100,44286.907,1708.019,0,542.102,0,39.860,1558,2046,1.250,0.890,0.500,1,0,21.923,0,0,10,4,4,10,0
21-08 09:15:10,23.585,3.011,71.508,0,0,1363016,1474504,167004,4928272,6712.218,1625.866,0,59615.091,0,118.427,1054,1371,1.250,0.890,0.500,1,0,0,0,0,10,6,4,10,0
21-08 09:15:11,21.791,4.759,72.135,1.252,0,1297464,1539764,167136,4928352,9372.489,1460.726,0,7590.163,0,399.746,2991,5573,1.230,0.890,0.510,1,0,43.080,0,0,10,4,4,12,0
21-08 09:15:12,22.236,3.748,72.954,0.250,0,1336396,1500228,167136,4928900,11587.734,1618.985,179.887,1786.880,44.972,17.989,1459,2336,1.230,0.890,0.510,0,1,2.998,0,0,10,16,4,12,0
21-08 09:15:13,21.477,4.995,72.921,0.250,0,1329028,1507404,167136,4928984,6051.483,1692.178,51.944,0,12.986,0,1375,2001,1.230,0.890,0.510,1,0,44.952,0,0,10,28,4,12,0
21-08 09:15:14,23.760,9.504,66.029,0,0,1331364,1505044,167136,4929008,5559.402,1694.732,0,20.009,0,5.002,1833,2898,1.230,0.890,0.510,3,0,156.067,0,0,10,28,4,12,0
21-08 09:15:15,45.079,7.012,48.836,0,0,1422320,1414084,167136,4929012,7269.780,1696.983,0,524.923,0,4.007,2314,5017,1.230,0.890,0.510,3,0,0,0,0,10,30,4,12,0
21-08 09:15:16,61.005,17.251,21.002,0,0,1451360,1384760,167148,4929232,7164.552,1694.130,0,452.035,0,26.002,3518,7074,1.610,0.980,0.540,8,0,432.033,0,0,10,28,4,13,0
21-08 09:15:17,84.384,12.982,2.247,0,0,1619112,1216764,167152,4929468,6721.751,1617.774,0,123.830,0,8.988,3928,9716,1.610,0.980,0.540,9,0,145.799,0,0,10,30,4,13,0
21-08 09:15:18,65.090,10.515,23.533,0.250,0,1376068,1459588,167164,4929640,6450.967,1664.313,0,2795.886,0,73.102,3841,8586,1.610,0.980,0.540,3,0,209.291,0,0,10,28,4,13,0
21-08 09:15:19,21.714,6.489,71.631,0,0,1368100,1467544,167164,4929648,8558.792,1455.584,0,1002.336,0,147.755,1655,2275,1.610,0.980,0.540,6,0,100.833,0,0,10,28,4,13,0
21-08 09:15:20,20.261,6.253,72.538,0.250,0,1339488,1496136,167168,4929664,5437.844,1694.886,0,1012.530,0,25.013,1901,3622,1.610,0.980,0.540,3,0,68.036,0,0,10,28,4,14,0
21-08 09:15:21,21.997,3.750,72.741,0,0,1375944,1459680,167168,4929664,5069.356,1619.794,0,259.967,0,32.996,1912,3234,1.570,0.980,0.540,1,0,0,0,0,10,28,4,11,0
21-08 09:15:22,13.006,22.760,63.527,0.250,0,1320748,1514840,167168,4929700,5428.307,1620.689,0,280.119,0,19.008,3709,6187,1.570,0.980,0.540,3,0,756.321,0,0,10,28,4,11,0
21-08 09:15:23,83.313,15.011,1.251,0,0,1564092,1271452,167172,4929740,6609.036,1621.235,0,212.162,0,17.013,1911,2983,1.570,0.980,0.540,5,0,284.217,0,0,10,28,4,10,0
21-08 09:15:24,71.773,8.753,18.756,0,0,1509112,1326228,167188,4929924,7753.497,1620.522,0,1264.407,0,96.031,7054,15987,1.570,0.980,0.540,7,0,108.035,0,0,10,30,4,14,0
21-08 09:15:25,83.730,14.247,0.750,0,0,1526716,1308396,167188,4930148,8111.086,1619.618,0,395.907,0,33.992,3883,6068,1.570,0.980,0.540,7,0,201.952,0,0,10,28,4,14,0
21-08 09:15:26,84.248,11.000,3.500,0,0,1614420,1220408,167196,4930420,5132.856,1511.958,0,391.989,0,24.999,4780,9833,1.570,0.980,0.540,7,0,18.999,0,0,10,29,4,14,0
21-08 09:15:27,75.743,12.499,11.999,0,0,1549288,1285156,167200,4930792,7012.376,1565.861,0,279.975,0,21.998,6150,19103,2,1.080,0.570,6,0,121.989,0,0,10,28,4,17,0
21-08 09:15:28,43.755,16.252,39.505,0.250,0,1372616,1461648,167200,4930968,6275.759,1694.205,0,384.046,0,28.003,2896,5551,2,1.080,0.570,5,0,315.038,0,0,10,29,4,17,0
21-08 09:15:29,74.847,14.720,9.980,0,0.249,1484820,1349380,167200,4931032,7500.654,1732.455,0,203.583,0,13.971,3403,7428,2,1.080,0.570,3,0,219.551,0,0,10,28,4,17,0
21-08 09:15:30,60.857,15.026,23.040,0,0,1389180,1444760,167208,4931284,6041.597,1622.846,0,512.900,0,49.086,6154,13431,2,1.080,0.570,5,0,258.453,0,0,10,28,4,23,0
21-08 09:15:31,82.275,9.253,8.002,0,0,1557572,1276256,167208,4931476,5243.610,1620.497,0,4785.469,0,382.117,3429,7073,2,1.080,0.570,2,0,0,0,0,10,32,4,26,0
21-08 09:15:32,66.850,15.715,17.710,0,0,1413816,1419900,167208,4931556,6671.010,1616.368,0,498.879,0,40.908,5251,13457,2.080,1.110,0.590,3,0,325.269,0,0,10,28,4,29,0
21-08 09:15:33,63.632,10.271,27.808,0.251,0,1439128,1394340,167212,4931796,4850.044,1515.138,0,364.755,0,30.062,4545,9731,2.080,1.110,0.590,3,0,55.114,0,0,10,29,4,34,0
21-08 09:15:34,66.056,15.763,17.765,0,0,1499160,1334056,167216,4932024,5961.061,1621.377,0,244.207,0,16.014,2455,4458,2.080,1.110,0.590,4,0,244.207,0,0,10,29,4,34,0
21-08 09:15:35,60.457,16.239,24.483,0,0,1385676,1447304,167228,4932240,7370.789,1618.855,0,327.768,0,26.981,4141,10589,2.080,1.110,0.590,4,0,286.797,0,0,10,28,4,35,0
21-08 09:15:36,63.518,8.753,27.758,0,0,1496976,1335444,167236,4932792,6227.806,1566.454,0,392.114,0,39.011,2551,6930,2.080,1.110,0.590,3,1,0,0,0,10,30,4,37,0
21-08 09:15:37,64.214,10.494,23.987,0.250,0,1475776,1356456,167248,4932964,6045.657,1619.105,0,2542.594,0,157.913,2463,3967,2.230,1.160,0.600,4,0,111.938,0,0,10,29,4,37,0
21-08 09:15:38,55.509,14.252,28.754,0,0,1362160,1470012,167248,4933020,5334.827,1620.251,0,652.101,0,52.008,4907,11321,2.230,1.160,0.600,4,0,325.050,0,0,10,28,4,39,0
21-08 09:15:39,85.000,14.500,1.000,0,0,1585476,1246516,167252,4933196,43327.827,1619.994,0,359.999,0,22.000,2498,4446,2.230,1.160,0.600,5,0,213.999,0,0,10,31,4,39,0
21-08 09:15:40,80.254,17.501,2.250,0,0,1492428,1339288,167256,4933456,6730.323,1662.080,0,692.033,0,55.003,4472,8774,2.230,1.160,0.600,6,0,300.014,0,0,10,28,4,39,0
21-08 09:15:41,83.997,13.999,1.750,0,0,1522920,1308572,167272,4933664,6668.733,1511.940,0,827.967,0,35.999,4509,9153,2.230,1.160,0.600,6,0,210.992,0,0,10,30,4,39,0
21-08 09:15:42,71.996,19.499,7.500,0,0,1493748,1337516,167272,4933888,9024.540,1619.917,0,5015.744,0,105.995,5236,13990,2.540,1.240,0.630,5,0,372.981,0,0,10,30,4,40,0
21-08 09:15:43,42.501,24.501,31.251,0.250,0,1314384,1516668,167276,4934088,5522.193,1694.059,0,1520.053,0,14.000,6338,12883,2.540,1.240,0.630,2,0,739.026,0,0,10,28,4,40,0
21-08 09:15:44,8.477,22.939,67.819,0,0,1312420,1518600,167280,4934116,5922.158,1709.427,0,207.445,0,11.968,2546,3436,2.540,1.240,0.630,3,0,355.050,0,0,10,28,4,40,0
21-08 09:15:45,32.590,31.838,35.097,0,0,1403344,1427648,167292,4934132,5793.058,1624.503,0,722.001,0,51.142,3046,5932,2.540,1.240,0.630,7,0,781.165,0,0,10,28,4,37,0
21-08 09:15:46,73.747,17.499,8.500,0.250,0,1494320,1336596,167312,4934184,5737.753,1693.927,0,1359.942,0,61.997,4370,8964,2.540,1.240,0.630,4,0,231.990,0,0,10,29,4,37,0
21-08 09:15:47,79.001,15.000,4.750,0,0,1478552,1352124,167320,4934412,8711.070,1620.013,0,484.004,0,42.000,3027,7242,2.650,1.280,0.650,4,0,201.002,0,0,10,28,4,37,0
21-08 09:15:48,68.911,8.239,22.221,0,0,1555432,1275012,167320,4934636,6108.078,1510.041,0,143.813,0,7.990,8255,16368,2.650,1.280,0.650,3,0,0,0,0,10,31,4,43,0
21-08 09:15:49,72.335,10.262,16.770,0,0,1463616,1366584,167332,4934860,8589.144,1663.965,0,520.615,0,55.065,7669,16682,2.650,1.280,0.650,4,0,90.106,0,0,10,28,4,48,0
21-08 09:15:50,79.508,10.501,9.251,0,0,1556964,1273012,167336,4935072,6810.695,1620.165,0,152.016,0,11.001,4811,10389,2.650,1.280,0.650,5,0,30.003,0,0,10,31,4,51,0
21-08 09:15:51,53.242,9.249,37.244,0,0,1502800,1326964,167340,4935276,5350.171,1693.737,0,171.973,0,8.999,6096,19647,2.650,1.280,0.650,6,0,70.989,0,0,10,31,4,58,0
21-08 09:15:52,82.012,13.752,3.500,0.250,0,1488820,1340540,167344,4935668,6530.921,1608.227,0,440.062,0,21.003,3677,9317,2.840,1.350,0.680,4,0,198.028,0,0,10,28,4,59,0
21-08 09:15:53,77.226,10.497,11.496,0,0,1467420,1361716,167344,4936408,6923.840,1619.495,0,199.938,0,17.994,5559,16640,2.840,1.350,0.680,8,0,69.978,0,0,10,29,4,62,0
21-08 09:15:54,82.529,14.755,3.001,0,0,1539704,1289408,167344,4935912,7523.671,1694.602,0,124.044,0,8.003,2193,5778,2.840,1.350,0.680,4,0,96.034,0,0,10,29,4,62,0
21-08 09:15:55,76.000,15.000,8.500,0,0,1468320,1360596,167352,4936096,8830.965,1585.994,0,487.998,0,55.000,5318,12226,2.840,1.350,0.680,5,0,183.999,0,0,10,29,4,63,0
21-08 09:15:56,81.133,12.232,5.991,0,0,1495816,1332892,167352,4936304,10104.460,1617.672,0,175.747,0,9.986,5389,9765,2.840,1.350,0.680,5,0,105.848,0,0,10,30,4,61,0
21-08 09:15:57,78.108,12.768,8.261,0,0,1462980,1365528,167352,4936504,6138.465,1696.339,0,192.265,0,13.018,4448,8384,3.010,1.410,0.700,5,0,120.166,0,0,10,28,4,62,0
21-08 09:15:58,78.000,13.000,9.000,0,0,1468308,1359976,167360,4936720,6512.013,1620.003,0,548.001,0,53.000,5046,11121,3.010,1.410,0.700,5,0,115.000,0,0,10,28,4,63,0
21-08 09:15:59,70.003,10.750,20.001,0,0,1478828,1349140,167368,4937028,8507.349,1694.069,0,376.015,0,29.001,3408,6688,3.010,1.410,0.700,3,0,146.006,0,0,10,28,4,63,0
21-08 09:16:00,61.747,11.999,25.499,0,0,1406456,1421476,167368,4937064,5141.733,1565.919,0,223.988,0,12.999,3545,7290,3.010,1.410,0.700,4,0,168.991,0,0,10,28,4,63,0
21-08 09:16:01,64.471,9.746,25.488,0,0,1413432,1414304,167368,4937252,10424.267,1693.231,0,327.851,0,30.986,3441,6324,3.010,1.410,0.700,3,0,76.965,0,0,10,28,4,65,0
21-08 09:16:02,63.029,9.504,27.513,0,0,1463612,1364108,167368,4937296,7798.580,1512.694,0,608.279,0,63.029,4578,7858,3.010,1.430,0.710,3,0,69.032,0,0,10,30,4,66,0
21-08 09:16:03,65.249,9.250,25.250,0,0,1463792,1363864,167376,4937348,5661.909,1619.974,0,307.995,0,27.000,4047,7823,3.010,1.430,0.710,4,0,47.999,0,0,10,29,4,69,0
21-08 09:16:04,64.502,9.500,26.001,0,0,1392280,1434992,167388,4937716,6695.221,1620.053,0,332.011,0,32.001,3961,7638,3.010,1.430,0.710,3,0,69.002,0,0,10,28,4,70,0
21-08 09:16:05,64.735,9.498,25.494,0.250,0,1462880,1364356,167392,4937744,5823.631,1619.619,0,303.929,0,22.995,3552,6186,3.010,1.430,0.710,3,0,101.976,0,0,10,30,4,70,0
21-08 09:16:06,57.988,14.747,25.245,0,0,1439440,1387624,167396,4937968,5131.968,1619.674,0,503.899,0,32.993,5133,9598,3.010,1.430,0.710,3,0,379.924,0,0,10,29,4,71,0
21-08 09:16:07,65.740,9.249,25.246,0,0,1486288,1340712,167400,4938028,6141.097,1619.762,0,275.959,0,17.997,3544,7309,3.090,1.480,0.730,3,0,42.994,0,0,10,28,4,73,0
21-08 09:16:08,45.252,11.750,42.752,0,0,1382304,1444392,167400,4938324,4774.191,1566.063,0,348.014,0,27.001,3064,5857,3.090,1.480,0.730,2,0,187.007,0,0,10,29,4,73,0
21-08 09:16:09,23.981,15.988,60.204,0.250,0,1324096,1502472,167404,4938440,35367.696,1786.621,0,339.738,0,25.980,3264,7007,3.090,1.480,0.730,1,0,310.760,0,0,10,28,4,73,0
21-08 09:16:10,9.498,20.996,68.487,0,0,1322868,1503584,167404,4938556,11949.694,1511.708,0,203.961,0,10.998,2487,3430,3.090,1.480,0.730,1,0,321.938,0,0,10,28,4,73,0
21-08 09:16:11,37.973,11.242,49.465,0.250,0,1444416,1381748,167440,4938808,6138.672,1618.859,0,1187.163,0,60.957,2031,3079,3.090,1.480,0.730,2,0,183.870,0,0,10,28,4,75,0
21-08 09:16:12,39.010,8.002,50.013,2.251,0,1519824,1301216,168076,4942768,5665.484,1620.425,0,29139.635,0,2081.545,7463,15491,3,1.490,0.740,1,1,64.017,0,0,10,32,4,73,0
21-08 09:16:13,38.584,7.266,42.342,9.771,0,1468592,1347136,168808,4947172,13018.406,1623.543,0,37706.275,0,3825.347,12094,28499,3,1.490,0.740,2,0,82.179,0,0,10,32,4,73,0
21-08 09:16:14,44.726,5.747,46.975,2.249,0,1488060,1328108,169040,4946480,12203.435,1619.129,0,10230.496,0,830.553,3901,7648,3,1.490,0.740,2,0,9.995,0,0,10,28,4,73,0
21-08 09:16:15,41.992,6.749,48.491,2.500,0,1470544,1345012,169360,4946756,4838.090,1693.682,0,12525.645,0,1453.727,7160,15506,3,1.490,0.740,3,0,2.000,0,0,10,30,4,73,0
21-08 09:16:16,38.013,10.003,47.016,4.251,0,1447572,1367472,169660,4946956,11597.862,1566.522,0,8278.757,0,1439.479,8715,17954,3,1.490,0.740,1,0,100.033,0,0,10,28,4,72,0
21-08 09:16:17,22.450,2.993,73.835,0,0,1412160,1402768,169660,4947064,10229.168,1508.633,0,937.907,0,45.898,1034,1308,2.920,1.490,0.740,1,0,2.993,0,0,10,28,4,72,0
21-08 09:16:18,23.000,3.250,72.499,0.750,0,1356432,1458484,169712,4947024,6575.888,1693.971,0,6775.885,0,333.994,1610,2761,2.920,1.490,0.740,1,0,1.000,0,0,10,28,4,72,0
21-08 09:16:19,23.496,3.499,72.237,0,0,1437244,1377620,169712,4947076,14774.282,1619.702,0,147.973,0,21.996,1133,1400,2.920,1.490,0.740,1,0,2.000,0,0,10,32,4,72,0
21-08 09:16:20,23.059,3.008,73.439,0,0,1384816,1430028,169728,4947080,9044.217,1624.169,0,922.368,0,79.203,1104,1391,2.920,1.490,0.740,3,0,3.008,0,0,10,32,4,71,0
21-08 09:16:21,23.949,1.497,73.842,0,0,1445276,1369548,169728,4947100,4669.032,1842.067,0,0,0,0,892,1136,2.920,1.490,0.740,1,0,1.996,0,0,10,32,5,71,0
21-08 09:16:22,23.753,2.750,73.260,0,0,1396132,1418680,169728,4947112,12520.778,1694.241,0,0,0,0,1016,1143,2.770,1.490,0.750,1,0,3.000,0,0,10,32,5,71,0
21-08 09:16:23,22.995,2.999,73.734,0,0,1448768,1366040,169732,4947112,10495.722,1619.649,0,0,0,0,921,1136,2.770,1.490,0.750,1,0,2.000,0,0,10,32,5,71,0
21-08 09:16:24,22.245,3.499,73.982,0,0,1399332,1415424,169732,4947164,4451.936,1531.634,0,0,0,0,882,1130,2.770,1.490,0.750,1,0,1.000,0,0,10,32,5,67,0
21-08 09:16:25,23.761,2.501,72.283,0.500,0,1453008,1361748,169752,4947144,11788.328,1736.785,0,5918.675,0,312.141,1624,2545,2.770,1.490,0.750,2,0,2.001,0,0,10,32,5,67,0
21-08 09:16:26,23.249,3.000,73.247,0,0,1400092,1414444,169764,4947308,5750.735,1661.924,0,35.998,0,6.000,921,1157,2.770,1.490,0.750,1,0,1.000,0,0,10,32,5,67,0
21-08 09:16:27,22.494,2.999,73.980,0,0,1422592,1391944,169764,4947308,5291.571,1619.563,0,0,0,0,916,1137,2.710,1.490,0.750,1,0,2.999,0,0,10,32,5,67,0
21-08 09:16:28,23.744,2.749,73.730,0,0,1364844,1449672,169768,4947324,12960.565,1693.551,0,0,0,0,917,1045,2.710,1.490,0.750,4,0,1.000,0,0,10,32,5,64,0
21-08 09:16:29,23.251,3.250,73.504,0,0,1373260,1441220,169768,4947360,9527.553,1662.096,0,0,0,0,865,1060,2.710,1.490,0.750,1,0,1.000,0,0,10,32,5,64,0
21-08 09:16:30,22.999,2.500,73.247,0,0,1443568,1370912,169768,4947360,8753.632,1511.936,0,0,0,0,826,1108,2.710,1.490,0.750,3,0,2.000,0,0,10,32,5,64,0
21-08 09:16:31,16.758,9.255,72.787,0,0,1343040,1471428,169776,4947364,14715.431,1566.791,0,112.057,0,2.001,1484,1967,2.710,1.490,0.750,1,0,112.057,0,0,10,32,5,58,0
21-08 09:16:32,9.253,20.757,69.525,0,0,1341160,1473156,169776,4947516,9264.317,1620.580,0,2480.888,0,210.075,2504,3638,2.570,1.490,0.750,1,0,312.112,0,0,10,32,5,58,0
21-08 09:16:33,9.007,20.266,69.555,0,0,1340524,1473644,169780,4947656,5304.206,1663.319,0,464.368,0,6.005,2345,3353,2.570,1.490,0.750,1,0,273.217,0,0,10,32,5,52,0
21-08 09:16:34,8.239,21.222,69.159,0,0,1342360,1471592,169780,4947852,11254.145,1617.864,0,191.747,0,3.995,2415,3306,2.570,1.490,0.750,3,0,257.660,0,0,10,32,5,52,0
21-08 09:16:35,9.752,20.253,69.012,0,0,1342956,1470972,169784,4947872,11512.980,1620.279,0,560.096,0,32.006,2652,3683,2.570,1.490,0.750,1,0,267.046,0,0,10,32,4,47,0
21-08 09:16:36,16.000,11.500,72.002,0.250,0,1384644,1429260,169788,4947892,8008.184,1694.039,0,36.001,0,4.000,1838,2504,2.570,1.490,0.750,1,0,155.004,0,0,10,32,4,47,0
21-08 09:16:37,22.007,3.751,73.272,0,0,1447128,1366792,169788,4947876,15232.676,1620.497,0,0,0,0,978,1148,2.520,1.500,0.760,1,0,2.001,0,0,10,32,4,44,0
21-08 09:16:38,23.247,3.000,74.241,0,0,1399228,1414696,169788,4947872,10512.791,1457.832,0,19.998,0,2.000,964,1097,2.520,1.500,0.760,1,0,1.000,0,0,10,32,4,44,0
21-08 09:16:39,22.742,2.999,73.473,0,0,1446856,1367068,169788,4947872,42665.299,1619.404,0,19.993,0,1.000,986,1108,2.520,1.500,0.760,1,0,1.999,0,0,10,32,4,42,0
21-08 09:16:40,23.750,2.500,73.750,0,0,1402224,1411696,169788,4947876,6543,1620,0,0,0,0,915,1084,2.520,1.500,0.760,1,0,1,0,0,10,32,4,42,0
21-08 09:16:41,22.498,3.250,73.742,0,0,1446572,1367344,169788,4947880,7048.260,1619.830,0,87.991,0,3.000,964,1116,2.520,1.500,0.760,1,0,2.000,0,0,10,32,4,42,0
21-08 09:16:42,22.003,4.251,73.509,0,0,1414036,1399876,169788,4947884,13252.710,1620.209,0,0,0,0,1061,1205,2.400,1.490,0.760,1,0,3.000,0,0,10,32,4,42,0
21-08 09:16:43,23.050,2.255,74.161,0,0,1331972,1481920,169788,4947896,9467.602,1717.738,0,2192.771,0,107.233,1024,1167,2.400,1.490,0.760,1,0,3.007,0,0,10,32,3,41,0
21-08 09:16:44,22.200,3.243,73.584,0,0,1411236,1402676,169788,4947876,5442.732,1710.145,0,23.946,0,2.993,943,1173,2.400,1.490,0.760,1,0,1.996,0,0,10,32,3,41,0
21-08 09:16:45,22.992,3.499,73.474,0,0,1349728,1464156,169796,4947896,7652.283,1511.463,0,519.815,0,31.989,1123,1600,2.400,1.490,0.760,1,0,1.000,0,0,10,32,3,41,0
21-08 09:16:46,22.340,3.972,72.481,0.248,0,1423316,1390572,169796,4947892,11959.418,1701.822,0,27.801,0,3.972,1056,1198,2.400,1.490,0.760,1,0,1.986,0,0,10,32,3,41,0
21-08 09:16:47,22.592,3.263,73.549,0,0,1355748,1458128,169796,4947904,12402.416,1572.392,0,12.049,0,1.004,908,1003,2.290,1.480,0.760,2,0,1.004,0,0,10,32,3,41,0
21-08 09:16:48,24.096,1.506,74.046,0,0,1431876,1382024,169796,4947880,13376.533,1712.855,0,64.257,0,2.008,1005,1179,2.290,1.480,0.760,1,0,2.008,0,0,10,32,3,41,0
21-08 09:16:49,22.232,3.247,73.440,0,0,1371376,1442496,169796,4947904,11615.499,1660.642,0,23.980,0,0.999,878,1064,2.290,1.480,0.760,1,0,0.999,0,0,10,32,3,30,0
21-08 09:16:50,23.002,3.250,73.507,0,0,1435224,1378740,169796,4947812,6089.542,1756.156,0,4.000,0,1.000,913,1121,2.290,1.480,0.760,3,0,2.000,0,0,10,32,3,30,0
21-08 09:16:51,23.779,2.503,72.590,0,0,1364816,1449048,169804,4947904,6084.508,1622.002,0,500.618,0,16.020,999,1266,2.290,1.480,0.760,1,0,1.001,0,0,10,32,3,26,0
21-08 09:16:52,21.940,4.488,73.550,0,0,1380324,1433536,169804,4947908,12145.963,1581.698,0,11.967,0,0.997,977,1162,2.190,1.470,0.770,1,0,2.992,0,0,10,32,3,26,0
21-08 09:16:53,23.285,2.504,73.360,0,0,1437796,1376084,169804,4947888,11239.804,1622.426,0,0,0,0,971,1102,2.190,1.470,0.770,1,0,2.003,0,0,10,32,3,18,0
21-08 09:16:54,28.507,4.501,66.017,0,0,1389376,1424484,169804,4947908,12218.177,1566.407,0,172.045,0,31.008,1784,4206,2.190,1.470,0.770,1,0,35.009,0,0,10,32,3,19,0
21-08 09:16:55,23.498,3.250,72.995,0.500,0,1392804,1421068,169808,4947892,14357.009,1619.888,0,407.972,0,30.998,1168,1479,2.190,1.470,0.770,1,0,1.000,0,0,10,32,3,15,0
21-08 09:16:56,23.000,2.750,73.251,0,0,1438916,1374952,169808,4947896,6959.063,1620.015,0,48.000,0,7.000,979,1124,2.190,1.470,0.770,1,0,2.000,0,0,10,32,3,15,0
21-08 09:16:57,12.211,18.690,69.277,0,0,1340400,1473440,169808,4947924,6682.489,1614.802,0,71.769,0,5.981,2239,2987,2.090,1.460,0.770,5,0,253.185,0,0,10,32,3,14,0
21-08 09:16:58,16.057,12.545,71.002,0,0,1372868,1440936,169812,4947956,12555.572,1625.771,0,56.200,0,3.011,1776,2300,2.090,1.460,0.770,1,0,138.492,0,0,10,32,3,14,0
21-08 09:16:59,22.263,3.252,73.544,0,0,1335328,1478292,169812,4948136,10499.310,1681.010,0,116.070,0,23.014,1021,1220,2.090,1.460,0.770,1,0,9.005,0,0,10,32,3,13,0
21-08 09:17:00,23.486,2.499,73.707,0,0,1414624,1398940,169812,4948184,5679.689,1619.056,0,0,0,0,927,1134,2.090,1.460,0.770,1,0,0,0,0,10,32,3,13,0
21-08 09:17:01,15.766,15.266,68.321,0,0,1341076,1472432,169816,4948204,10869.282,1567.627,8.008,212.220,2.002,6.006,2004,2815,2.090,1.460,0.770,1,0,230.239,0,0,10,32,3,11,0
21-08 09:17:02,8.247,20.492,69.222,0,0,1341292,1472080,169816,4948288,8803.391,1619.336,0,99.959,0,4.998,2421,3387,2,1.450,0.770,1,0,276.886,0,0,10,32,3,11,0
21-08 09:17:03,8.749,21.499,68.996,0,0,1342884,1470476,169816,4948300,5167.664,1619.895,0,259.983,0,6.000,2406,3303,2,1.450,0.770,1,0,281.982,0,0,10,32,3,7,0
21-08 09:17:04,8.003,22.008,68.776,0,0,1341980,1471356,169816,4948316,11697.340,1620.601,0,132.049,0,3.001,2514,3377,2,1.450,0.770,1,0,291.108,0,0,10,32,3,7,0
21-08 09:17:05,7.991,21.227,69.424,0,0,1339476,1473832,169816,4948340,12068.821,1618.233,0,563.385,0,8.990,2430,3291,2,1.450,0.770,2,0,282.691,0,0,10,32,3,6,0
21-08 09:17:06,10.003,20.757,68.273,0,0,1341080,1472212,169816,4948352,11431.784,1512.501,0,1048.347,0,50.017,2460,3292,2,1.450,0.770,2,0,286.095,0,0,10,32,3,6,0
21-08 09:17:07,11.004,18.757,69.024,0,0,1340368,1472912,169816,4948364,8858.127,1620.572,0,644.227,0,7.002,2366,3219,2.080,1.480,0.780,2,0,280.099,0,0,10,32,3,4,0
21-08 09:17:08,8.758,21.769,68.560,0,0,1343392,1469864,169816,4948384,5746.062,1621.428,0,1060.935,0,66.058,2447,3333,2.080,1.480,0.780,1,0,292.257,0,0,10,32,3,4,0
21-08 09:17:09,10.486,19.725,68.412,0,0,1343160,1470088,169816,4948392,48908.859,1657.860,0,643.170,0,6.991,2525,3329,2.080,1.480,0.780,1,0,284.633,0,0,10,32,3,3,0
21-08 09:17:10,10.014,18.275,70.847,0,0,1342084,1471136,169816,4948420,5395.386,1622.221,0,72.099,0,3.004,2322,3223,2.080,1.480,0.780,2,0,268.367,0,0,10,32,3,3,0
21-08 09:17:11,9.498,18.995,69.733,0,0,1336684,1476524,169816,4948432,5216.701,1619.597,0,199.950,0,6.998,2369,3297,2.080,1.480,0.780,2,0,279.930,0,0,10,32,3,1,0
21-08 09:17:12,8.468,20.424,69.491,0,0,1341196,1471992,169816,4948452,12505.380,1613.983,0,255.049,0,4.981,2445,3301,2.080,1.490,0.790,1,0,270.990,0,0,10,32,3,1,0
21-08 09:17:13,23.357,25.868,50.732,0.251,0,1383708,1429440,169832,4948476,8585.226,1518.940,0,675.084,0,38.174,3448,5604,2.080,1.490,0.790,4,0,553.529,0,0,10,32,3,3,0
21-08 09:17:14,61.634,15.221,21.959,0,0,1553648,1259132,169932,4948740,6633.569,1616.970,0,894.324,0,47.910,2565,4075,2.080,1.490,0.790,3,0,261.510,0,0,10,32,3,7,0
21-08 09:17:15,51.833,10.517,28.546,8.013,0,1639076,1163800,170432,4957136,12618.227,1716.752,400.642,35400.747,4.006,2675.288,10441,22996,2.080,1.490,0.790,3,1,82.132,0,0,10,38,3,9,0
21-08 09:17:16,41.508,11.252,33.757,12.252,0,1607856,1180280,171104,4970684,9736.947,1620.324,0,88269.654,0,6727.345,20174,46344,2.080,1.490,0.790,4,0,177.035,0,0,10,36,3,9,0
21-08 09:17:17,47.528,12.507,29.518,11.507,0,1580692,1196024,171752,4981096,6764.025,1566.932,0,83489.676,0,6251.720,18090,43055,2.310,1.550,0.810,2,1,90.054,0,0,10,36,3,11,0
21-08 09:17:18,42.974,17.489,28.732,8.994,0,1553452,1215200,172136,4988604,6980.728,1619.009,0,39975.535,0,3542.832,11629,27163,2.310,1.550,0.810,3,0,261.840,0,0,10,35,3,11,0
21-08 09:17:19,38.749,20.499,31.499,7.000,0,1567004,1195240,172572,4994008,8025.767,1619.953,619.982,69457.986,9.000,4901.858,19235,44120,2.310,1.550,0.810,3,1,162.995,0,0,10,35,3,14,0
21-08 09:17:20,41.749,13.000,33.499,8.750,0,1530284,1226488,172764,4999100,5027.844,1511.953,1355.958,42731.675,20.999,3573.889,13502,30241,2.310,1.550,0.810,2,0,194.994,0,0,10,34,3,14,0
21-08 09:17:21,36.994,8.999,43.493,8.999,0,1556748,1199776,172952,4999104,5212.161,1619.739,0,43245.038,0,3954.363,14810,34070,2.310,1.550,0.810,2,0,17.997,0,0,10,35,3,16,0
21-08 09:17:22,34.253,12.501,44.254,9.001,0,1510608,1244768,173184,4999992,6734.559,1620.134,0,51168.247,0,4391.364,16935,37672,2.450,1.590,0.830,3,0,106.009,0,0,10,34,3,19,0
21-08 09:17:23,41.491,8.748,41.491,7.998,0,1558436,1194452,173380,5002228,5329.849,1619.650,0,35008.438,0,3124.325,11126,25445,2.450,1.590,0.830,4,1,29.994,0,0,10,35,3,20,0
21-08 09:17:24,38.262,9.003,43.264,8.503,0,1557832,1191736,173564,5005308,5432.733,1694.541,0,41377.199,0,3843.226,15970,35801,2.450,1.590,0.830,2,1,45.014,0,0,10,34,3,22,0
21-08 09:17:25,35.743,6.999,44.491,10.498,0,1553208,1192144,173760,5009164,5622.859,1639.667,0,54001.038,0,4407.105,13964,32564,2.450,1.590,0.830,3,0,74.985,0,0,10,37,3,22,0
21-08 09:17:26,36.769,7.754,43.023,10.506,0,1553868,1187608,174024,5012684,5904.100,1694.890,0,51122.839,0,4504.365,17968,39737,2.450,1.590,0.830,7,0,87.046,0,0,10,37,3,25,0
21-08 09:17:27,36.993,8.748,41.742,10.248,0,1538272,1200600,174120,5015116,6305.770,1693.670,0,43119.592,0,3828.253,13641,31168,2.570,1.630,0.840,3,1,87.983,0,0,10,36,3,26,0
21-08 09:17:28,38.485,9.746,42.483,9.246,0,1505504,1238624,174252,5009696,6280.488,1511.395,0,50855.658,0,4519.192,13683,36496,2.570,1.630,0.840,2,1,42.983,0,0,10,36,3,26,0
21-08 09:17:29,37.009,13.003,48.261,0.750,0,1445532,1298332,174268,5009944,6139.449,1704.402,0,7173.693,0,686.162,4410,8423,2.570,1.630,0.840,2,0,218.051,0,0,10,32,3,28,0
21-08 09:17:30,20.950,6.734,71.830,0.499,0,1419092,1324732,174268,5009984,6579.453,1616.181,0,7542.178,0,519.772,2153,3907,2.570,1.630,0.840,1,0,62.851,0,0,10,32,3,28,0
21-08 09:17:31,23.532,2.503,72.849,0.250,0,1378036,1365640,174268,5010132,5570.559,1696.302,0,1093.484,0,68.092,2175,4332,2.570,1.630,0.840,1,0,4.005,0,0,10,32,3,28,0
21-08 09:17:32,20.732,6.494,72.439,0.500,0,1441468,1302200,174268,5010140,6753.273,1618.627,0,4024.587,0,237.798,1486,2324,2.360,1.600,0.840,1,0,40.965,0,0,10,33,3,28,0
21-08 09:17:33,18.502,8.251,71.506,0,0,1383000,1360648,174268,5010160,5549.494,1566.139,0,120.011,0,13.001,2606,4390,2.360,1.600,0.840,1,0,95.008,0,0,10,32,3,28,0
21-08 09:17:34,9.508,21.267,67.804,0,0,1382580,1360992,174268,5010292,5427.320,1621.291,0,520.414,0,12.010,2394,3141,2.360,1.600,0.840,1,0,284.226,0,0,10,32,3,28,0
21-08 09:17:35,16.015,25.775,56.054,0,0,1407040,1336468,174288,5010336,6076.822,1513.450,0,864.829,0,64.061,3250,5233,2.360,1.600,0.840,3,0,418.401,0,0,10,32,3,34,0
21-08 09:17:36,65.119,10.229,24.201,0,0,1599704,1142960,174304,5011164,5681.586,1616.752,0,343.310,0,17.964,1516,1619,2.360,1.600,0.840,3,0,2.994,0,0,10,32,3,34,0
21-08 09:17:37,67.749,8.000,24.500,0.250,0,1774168,965140,174424,5014160,7315.868,1619.971,0,3823.931,0,179.997,1804,2079,2.420,1.620,0.850,3,0,0,0,0,10,32,3,34,0
21-08 09:17:38,38.861,10.279,41.117,11.533,0,1773584,950024,174672,5028908,5349.229,1624.625,0,76898.931,0,6101.371,19907,44164,2.420,1.620,0.850,2,3,237.677,0,0,10,38,3,34,0
21-08 09:17:39,39.924,7.985,34.684,11.478,0,1776472,933644,174912,5041748,43777.043,1690.796,0,93794.260,0,7671.463,25580,57995,2.420,1.620,0.850,4,0,206.608,0,0,10,38,3,34,0
21-08 09:17:40,42.056,12.767,31.542,12.016,0,1695072,1003708,175056,5052528,7977.626,1622.161,0,85053.291,0,6660.872,19403,43932,2.420,1.620,0.850,7,0,262.349,0,0,10,36,3,34,0
21-08 09:17:41,51.982,8.247,28.740,9.996,0,1758444,930656,175184,5061748,7399.381,1619.427,0,88316.736,0,6694.630,17657,41265,2.420,1.620,0.850,2,1,68.976,0,0,10,36,3,34,0
21-08 09:17:42,37.755,11.751,35.505,13.002,0,1653004,1022348,175300,5074932,5486.697,1458.185,0,96964.314,0,7132.906,20478,47515,2.460,1.650,0.860,2,1,95.012,0,0,10,36,3,34,0
21-08 09:17:43,32.228,10.993,51.216,3.747,0,1382024,1291340,175320,5076824,6165.863,1712.851,0,20794.047,0,1681.871,6288,13288,2.460,1.650,0.860,1,0,169.886,0,0,10,32,3,34,0
21-08 09:17:44,16.975,10.734,71.643,0,0,1425584,1247744,175320,5076852,5656.538,1711.440,0,1393.915,0,81.878,1579,2016,2.460,1.650,0.860,1,0,103.845,0,0,10,32,3,34,0
21-08 09:17:45,21.986,4.247,72.955,0.500,0,1482508,1190820,175320,5076852,5546.572,1618.999,0,4433.260,0,279.827,1353,2353,2.460,1.650,0.860,1,0,0,0,0,10,32,3,34,0
21-08 09:17:46,24.264,1.251,73.042,0,0,1510732,1162596,175320,5076852,5311.027,1714.978,0,324.185,0,17.010,1209,1684,2.460,1.650,0.860,1,0,0,0,0,10,34,3,34,0
21-08 09:17:47,21.221,5.492,73.399,0,0,1448244,1225076,175320,5076860,5808.020,1617.777,0,0,0,0,1099,1336,2.350,1.640,0.860,1,0,27.962,0,0,10,32,3,34,0
21-08 09:17:48,24.268,1.751,73.553,0,0,1508192,1165128,175320,5076860,8902.463,1621.177,0,40.029,0,4.003,998,1226,2.350,1.640,0.860,1,0,0,0,0,10,32,3,34,0
21-08 09:17:49,18.812,12.291,67.222,0.502,0,1394020,1279280,175324,5076876,8259.280,1591.256,0,10141.497,0,382.263,2494,4120,2.350,1.640,0.860,3,0,196.650,0,0,10,32,3,34,0
21-08 09:17:50,14.483,38.954,46.195,0,0,1394540,1278704,175324,5076928,7021.665,1618.079,0,2453.088,0,136.838,4636,8026,2.350,1.640,0.860,1,0,987.827,0,0,10,32,3,34,0
21-08 09:17:51,7.994,20.983,68.445,0.250,0,1397124,1276096,175324,5076952,6602.672,1938.436,0,1250.990,0,68.944,2439,3426,2.350,1.640,0.860,1,0,307.752,0,0,10,32,4,34,0
21-08 09:17:52,10.754,19.758,68.777,0,0,1396680,1276480,175324,5077012,7023.774,1694.669,0,224.089,0,16.006,2454,3391,2.320,1.640,0.870,1,0,273.108,0,0,10,32,4,34,0
21-08 09:17:53,7.999,18.997,71.488,0,0,1397936,1275180,175324,5077040,6692.849,1619.721,0,75.987,0,3.999,2372,3293,2.320,1.640,0.870,2,0,252.956,0,0,10,32,4,34,0
21-08 09:17:54,16.494,19.993,63.477,0,0,1391428,1281640,175324,5077072,5798.860,1735.360,0,43.984,0,7.997,2915,5496,2.320,1.640,0.870,1,0,323.880,0,0,10,32,4,34,0
21-08 09:17:55,12.999,18.998,66.744,0,0,1399232,1272992,175324,5078160,7373.300,1735.835,0,19.998,0,5.000,3054,4749,2.320,1.640,0.870,2,0,216.979,0,0,10,32,4,34,0
21-08 09:17:56,34.736,14.744,50.729,0,0,1464524,1207356,175332,5078548,5483.730,1661.312,0,3.998,0,1.000,3931,6489,2.320,1.640,0.870,2,0,164.932,0,0,10,33,4,34,0
21-08 09:17:57,46.021,5.753,49.272,0,0,1577856,1093956,175332,5078616,6173.772,1458.655,0,32.014,0,2.001,1152,1219,2.290,1.650,0.880,2,0,0,0,0,10,33,4,34,0
21-08 09:17:58,49.734,6.498,44.736,0.250,0,1636388,1031024,175400,5082676,5547.269,1693.472,0,643.799,0,28.991,2912,9814,2.290,1.650,0.880,2,0,6.998,0,0,10,49,4,34,0
21-08 09:17:59,22.017,12.760,63.299,0,0,1663572,1003592,175404,5082768,5130.951,1715.321,0,724.558,0,28.022,2144,3092,2.290,1.650,0.880,2,0,186.143,0,0,10,48,4,35,0
21-08 09:18:00,11.487,7.491,80.906,0,0,1679352,987756,175404,5082776,6244.750,2311.317,0,203.763,0,41.951,1217,1640,2.290,1.650,0.880,0,0,70.918,0,0,10,49,4,35,0
21-08 09:18:01,0.750,0.500,97.947,0,0,1679968,987084,175404,5082824,51644.061,3046.352,0,1331.280,0,9.995,704,1034,2.290,1.650,0.880,0,0,0,0,0,10,49,4,35,0
21-08 09:18:02,3.986,1.993,93.181,0.249,0.249,1681344,985588,175404,5082948,135387.164,4837.427,0,976.654,0,19.932,976,1452,2.110,1.620,0.870,1,0,3.986,0,0,10,48,4,36,0
21-08 09:18:03,16.295,9.276,70.696,2.256,0,1692820,972360,175508,5084312,4282.881,1624.506,4.011,7893.898,1.003,425.179,2751,4327,2.110,1.620,0.870,2,0,70.195,0,0,10,48,4,36,0
21-08 09:18:04,14.792,11.282,73.207,0,0,1712828,901448,175508,5133312,6148.388,1462.135,0,1464.141,0,17.048,1671,2093,2.110,1.620,0.870,1,0,46.130,0,0,10,48,4,36,0
21-08 09:18:05,14.004,12.254,73.023,0,0,1702236,912012,175508,5133320,7730.435,1620.510,0,0,0,0,1644,1790,2.110,1.620,0.870,1,0,68.021,0,0,10,48,3,36,0
21-08 09:18:06,22.711,2.496,73.125,0,0,1727220,886984,175508,5133324,5524.564,1691.112,0,0,0,0,1058,1207,2.110,1.620,0.870,2,0,9.983,0,0,10,48,3,36,0
21-08 09:18:07,17.753,8.501,73.510,0,0,1668388,995656,175508,5084304,4972.701,1620.228,0,4.001,0,1.000,1555,1991,2.020,1.610,0.870,1,0,93.013,0,0,10,48,3,36,0
21-08 09:18:08,14.508,13.257,71.289,0,0,1667512,996476,175660,5084296,7227.932,1620.882,160.087,28.015,10.005,5.003,2092,2869,2.020,1.610,0.870,1,0,210.114,0,0,10,48,3,36,0
21-08 09:18:09,14.232,9.238,74.655,0.250,0,1672004,991852,175660,5084312,41377.409,1711.824,0,691.122,0,31.959,4504,7804,2.020,1.610,0.870,0,0,90.884,0,0,10,48,3,36,0
21-08 09:18:10,0.250,0.500,97.544,0,0,1672160,991552,175660,5084440,7794.515,1620.731,0,1744.787,0,6.003,658,1015,2.020,1.610,0.870,0,0,3.001,0,0,10,48,3,36,0
21-08 09:18:11,0.500,0.500,98.226,0,0,1672056,991656,175660,5084440,5523.647,1457.643,0,0,0,0,676,1035,2.020,1.610,0.870,0,0,2.999,0,0,10,48,3,36,0
21-08 09:18:12,0.500,0.250,98.503,0,0,1671908,991804,175660,5084440,6455.226,1620.057,0,0,0,0,665,1062,1.860,1.580,0.870,0,0,3.000,0,0,10,48,3,36,0
21-08 09:18:13,2.250,3.750,93.506,0,0,1620644,1043160,175660,5084436,5635.332,1620.096,0,0,0,0,1147,1764,1.860,1.580,0.870,0,0,47.003,0,0,10,48,3,35,0
21-08 09:18:14,18.493,12.995,66.973,0,0,1622940,1040828,175660,5084448,5383.830,1619.347,0,7.997,0,1.999,5046,11647,1.860,1.580,0.870,1,0,254.897,0,0,10,48,3,35,0
21-08 09:18:15,13.748,15.998,68.490,0,0.250,1679212,984480,175660,5084848,5741.122,1823.721,0,1607.754,0,172.974,3958,7930,1.860,1.580,0.870,1,0,376.942,0,0,11,48,3,30,0
21-08 09:18:16,11.508,11.758,76.304,0,0,1677748,985808,175660,5084596,4425.124,1621.145,0,4807.394,0,243.172,3055,8293,1.860,1.580,0.870,0,0,183.129,0,0,11,48,3,30,0
21-08 09:18:17,8.517,11.022,79.656,0,0,1682552,980912,175660,5085016,4970.753,1623.185,0,0,0,0,2476,4032,1.710,1.560,0.860,1,0,177.348,0,0,13,50,3,27,0
21-08 09:18:18,13.745,14.994,69.724,0,0,1685496,978020,175660,5084648,4609.295,1511.441,0,15.994,0,2.999,3882,6385,1.710,1.560,0.860,1,0,261.903,0,0,13,50,3,28,0
21-08 09:18:19,9.751,19.002,69.256,0.250,0,1683072,980312,175660,5084700,8848.743,1566.132,0,540.045,0,45.004,3125,5113,1.710,1.560,0.860,1,0,389.033,0,0,13,50,3,25,0
21-08 09:18:20,24.004,17.253,58.259,0,0,1709888,953312,175668,5084848,5849.860,1620.238,0,144.021,0,10.001,5527,11886,1.710,1.560,0.860,4,0,313.046,0,0,13,50,3,25,0
21-08 09:18:21,34.966,14.736,49.202,0,0,1778420,884544,175680,5085080,5788.397,1618.433,0,583.435,0,20.980,4291,8775,1.710,1.560,0.860,2,0,217.789,0,0,13,50,3,23,0
21-08 09:18:22,25.526,5.506,69.320,0,0,1847684,814012,175764,5086184,5523.595,1695.718,32.032,0,2.002,0,1488,3074,1.650,1.550,0.860,2,0,12.012,0,0,13,58,3,27,0
21-08 09:18:23,22.710,3.993,72.871,0,0,1889784,771908,175764,5086188,4887.315,1617.126,0,0,0,0,1061,1308,1.650,1.550,0.860,2,0,5.989,0,0,13,58,3,23,0
21-08 09:18:24,6.999,2.750,89.989,0,0,1907608,753512,175768,5086748,4310.470,1619.801,0,0,0,0,795,2439,1.650,1.550,0.860,1,0,2.000,0,0,13,58,3,23,0
21-08 09:18:25,1.749,2.749,95.216,0,0,1856132,804988,175768,5086748,6361.748,1749.381,0,1003.645,0,2.999,956,1386,1.650,1.550,0.860,0,0,24.991,0,0,13,58,3,20,0
21-08 09:18:26,18.255,13.754,66.767,0,0,1860864,799944,175768,5086884,5098.320,1620.420,0,496.128,0,10.003,5416,11134,1.650,1.550,0.860,0,0,254.066,0,0,13,56,3,20,0
21-08 09:18:27,15.768,13.265,69.581,0,0,1930272,730528,175768,5087252,6181.195,1567.825,0,4.005,0,1.001,4521,10152,1.840,1.590,0.880,1,0,226.263,0,0,13,56,3,16,0
21-08 09:18:28,19.503,14.752,65.760,0,0.250,1922700,737992,175768,5086980,6695.038,1620.251,0,24.004,0,6.001,4493,11844,1.840,1.590,0.880,0,0,223.035,0,0,11,48,3,16,0
21-08 09:18:29,17.988,15.490,65.707,0,0,1926304,734324,175768,5087052,6701.577,1692.883,0,3.997,0,0.999,3157,11184,1.840,1.590,0.880,0,0,249.835,0,0,13,56,3,14,0
21-08 09:18:30,26.272,15.263,58.049,0,0,1725876,934752,175768,5087056,6126.140,1621.360,0,288.242,0,4.003,2129,3574,1.840,1.590,0.880,2,0,273.229,0,0,13,50,3,18,0
21-08 09:18:31,28.778,24.274,47.046,0,0,1791448,869152,175768,5087100,5103.987,1695.657,0,248.243,0,7.007,2835,4400,1.840,1.590,0.880,3,0,420.411,0,0,13,50,3,18,0
21-08 09:18:32,38.876,20.933,39.126,0,0,1858172,801728,175772,5087656,4988.148,1580.976,0,31.899,0,7.975,4868,11146,1.930,1.610,0.890,4,0,280.110,0,0,13,58,3,22,0
21-08 09:18:33,44.037,12.010,43.786,0,0,1990992,668520,175780,5088188,5755.772,1621.344,0,8.007,0,2.002,3266,5091,1.930,1.610,0.890,2,0,176.146,0,0,13,58,3,22,0
21-08 09:18:34,25.007,2.751,71.520,0,0,2034344,624448,175820,5088856,7199.037,1682.476,0,660.187,0,9.003,1530,2431,1.930,1.610,0.890,2,0,4.001,0,0,13,58,3,22,0
21-08 09:18:35,23.547,3.256,68.637,3.256,0,2063696,591504,176116,5091800,6011.982,1713.415,140.280,55530.673,35.070,726.448,4044,7756,1.930,1.610,0.890,1,1,5.010,0,0,13,60,3,17,0
21-08 09:18:36,24.949,6.986,53.641,13.223,0,2061320,575264,176192,5110040,4765.307,1616.712,0,45830.780,0,3930.006,13830,30776,1.930,1.610,0.890,1,0,3.992,0,0,13,60,3,17,0
21-08 09:18:37,33.029,22.520,43.288,0,0,2240980,392312,176264,5112792,5336.744,1621.441,0,1709.520,0,107.095,6591,20209,2.020,1.640,0.900,3,0,301.268,0,0,14,85,3,27,0
21-08 09:18:38,10.238,19.977,68.672,0.250,0,2247020,386188,176264,5112856,4541.836,1618.160,0,2828.784,0,25.970,2581,3902,2.020,1.640,0.900,2,0,282.679,0,0,14,85,3,27,0
21-08 09:18:39,13.025,19.036,66.125,0,0,2249400,383612,176264,5113380,34867.656,1588.992,0,541.019,0,30.057,3400,6012,2.020,1.640,0.900,1,0,249.470,0,0,14,85,3,27,0
21-08 09:18:40,36.422,14.469,48.896,0,0,2324140,308688,176264,5113492,16244.335,1616.550,0,2187.332,0,107.770,3232,11522,2.020,1.640,0.900,2,0,161.655,0,0,14,86,3,27,0
21-08 09:18:41,40.499,7.500,51.749,0.250,0,2409028,223120,176284,5114116,6028.891,1619.971,0,955.983,0,62.999,2088,3423,2.020,1.640,0.900,4,0,53.999,0,0,14,89,3,27,0
21-08 09:18:42,7.760,19.023,70.837,0,0,2420468,211488,176284,5114288,7391.076,1567.925,0,752.925,0,48.059,2497,3616,2.020,1.640,0.910,1,0,261.321,0,0,14,89,3,27,0
21-08 09:18:43,8.958,18.663,71.168,0.249,0,2420344,211584,176288,5114312,5496.392,1706.052,0,115.462,0,11.944,2510,3638,2.020,1.640,0.910,2,0,260.785,0,0,14,89,3,27,0
21-08 09:18:44,10.052,17.088,71.118,0,0,2422008,209884,176288,5114344,5048.114,1765.131,0,828.285,0,8.042,2357,3212,2.020,1.640,0.910,1,0,251.300,0,0,14,89,3,27,0
21-08 09:18:45,13.731,12.982,71.651,0,0,2453520,178356,176288,5114360,6053.646,1617.767,0,3.994,0,0.999,1990,2784,2.020,1.640,0.910,1,0,166.770,0,0,14,89,3,27,0
21-08 09:18:46,24.748,4.000,70.993,0.250,0,2495792,136076,176288,5114368,4932.536,1695.841,0,191.982,0,18.998,2380,3930,2.020,1.640,0.910,2,0,1.000,0,0,14,95,3,27,0
21-08 09:18:47,26.799,6.762,66.622,0,0,2486076,145620,176292,5114536,6680.278,1697.119,0,472.869,0,56.103,1996,3152,1.930,1.630,0.910,1,0,70.129,0,0,14,107,3,28,0
21-08 09:18:48,25.229,3.997,68.943,0.999,0,2507912,128048,176304,5110224,11319.639,1618.661,3.997,995.177,0.999,131.891,2739,5436,1.930,1.630,0.910,2,0,1.998,0,0,14,114,3,28,0
21-08 09:18:49,20.480,9.740,68.182,0.749,0,2480848,174348,176304,5092012,9651.339,1692.306,59.940,3348.648,5.994,257.742,3082,5578,1.930,1.630,0.910,1,0,110.889,0,0,14,112,3,30,0
21-08 09:18:50,21.750,3.750,72.749,0.250,0,2530424,124704,176304,5092080,5645.910,1619.974,20.000,291.995,3.000,20.000,1350,2043,1.930,1.630,0.910,1,0,0,0,0,14,114,3,30,0
21-08 09:18:51,28.022,6.255,62.800,1.001,0.250,2522496,180520,174444,5046108,6033.809,1715.367,1657.321,11789.396,48.038,933.744,3704,6401,1.930,1.630,0.910,3,0,18.014,0,0,14,119,3,32,0
21-08 09:18:52,42.781,9.257,47.784,0.250,0,2619752,125792,173664,5004856,5341.830,1621.162,576.413,1260.904,25.018,186.133,1853,2571,1.940,1.640,0.920,2,0,86.062,0,0,14,120,3,32,0
21-08 09:18:53,22.706,6.986,69.614,0,0,2609384,144148,173552,4997036,7900.531,1509.045,822.390,191.625,21.957,9.980,1469,1958,1.940,1.640,0.920,1,0,54.893,0,0,14,119,3,34,0
21-08 09:18:54,26.057,8.268,65.394,0.251,0,2576968,192184,173404,4981700,6360.017,1623.578,24.053,144.318,5.011,10.022,2206,5183,1.940,1.640,0.920,1,0,85.188,0,0,14,119,3,38,0
21-08 09:18:55,22.968,3.246,73.399,0.250,0,2620552,148596,173408,4981700,9701.689,1617.780,3.995,155.786,0.999,9.986,1165,1563,1.940,1.640,0.920,1,0,0,0,0,14,122,3,38,0
21-08 09:18:56,21.737,6.246,70.956,0.250,0,2608092,161004,173408,4981752,5030.891,1782.898,0,1403.133,0,117.927,2306,3781,1.940,1.640,0.920,1,0,81.949,0,0,14,119,3,38,0
21-08 09:18:57,23.001,4.500,71.752,0,0,2593784,175172,173408,4981892,5660.125,1566.034,0,240.005,0,28.001,1641,2445,1.860,1.630,0.920,1,0,56.001,0,0,14,121,3,40,0
21-08 09:18:58,22.996,3.249,73.238,0,0,2650392,133904,173236,4967072,6101.987,1619.731,0,7.999,0,2.000,1058,1479,1.860,1.630,0.920,1,0,0,0,0,14,121,3,40,0
21-08 09:18:59,24.995,5.999,66.238,1.750,0,2616812,167196,173240,4967356,5174.032,1713.680,51.990,5275.014,7.999,466.913,3958,7739,1.860,1.630,0.920,2,0,52.990,0,0,14,121,3,41,0
21-08 09:19:00,24.570,1.755,73.710,0,0,2650120,133808,173240,4967436,6363.141,1516.323,16.046,44.126,2.006,2.006,1176,1791,1.860,1.630,0.920,2,0,0,0,0,14,123,3,40,0
21-08 09:19:01,30.966,2.497,63.681,0.749,0,2654324,129524,173244,4967512,4915.652,1660.194,0,2325.470,0,195.787,3545,6714,1.860,1.630,0.920,3,0,0.999,0,0,14,123,3,41,0
21-08 09:19:02,23.022,5.505,71.069,0,0,2655508,128304,173244,4967548,6014.852,1621.578,0,276.269,0,26.025,1690,2579,1.800,1.620,0.920,2,0,71.069,0,0,14,123,3,41,0
21-08 09:19:03,19.750,7.750,71.002,0.500,0,2619780,163832,173248,4967744,5907.136,1694.039,0,1328.031,0,131.003,2764,5153,1.800,1.620,0.920,2,0,147.003,0,0,14,123,3,42,0
21-08 09:19:04,24.501,3.000,72.502,0.250,0,2663548,120040,173248,4967768,5699.125,1620.036,0,360.008,0,26.001,1275,1862,1.800,1.620,0.920,2,0,0,0,0,14,125,3,41,0
21-08 09:19:05,29.695,5.240,62.385,1.248,0,2673572,122408,173088,4955664,9835.902,1563.124,1896.510,8200.910,141.739,683.742,4075,7821,1.800,1.620,0.920,3,0,3.993,0,0,14,123,3,42,0
21-08 09:19:06,31.236,13.244,54.475,0.500,0,2670140,124092,173088,4957412,7709.500,1801.182,1679.238,1343.390,42.980,123.944,4216,7886,1.800,1.620,0.920,2,0,285.870,0,0,14,123,3,42,0
21-08 09:19:07,28.513,6.003,64.529,0.250,0,2626648,189288,172936,4935952,7755.544,1706.780,0,1904.871,0,273.125,2480,4038,1.730,1.610,0.920,3,0,65.030,0,0,14,123,3,43,0
21-08 09:19:08,11.242,17.738,70.201,0,0,2641588,174292,172944,4936000,6309.564,1868.686,47.966,7.994,3.997,1.999,2818,4178,1.730,1.610,0.920,1,0,357.749,0,0,14,123,3,43,0
21-08 09:19:09,15.742,16.741,66.216,0,0,2652432,162408,172944,4937496,33981.364,1713.111,955.504,23.988,17.991,5.997,3566,10022,1.730,1.610,0.920,3,0,275.857,0,0,14,123,3,43,0
21-08 09:19:10,28.330,23.065,48.638,0.251,0,2687820,127792,172952,4936348,15905.139,1624.611,481.366,2218.296,20.057,124.353,3541,6789,1.730,1.610,0.920,2,0,491.395,0,0,14,123,3,43,0
21-08 09:19:11,37.757,19.504,42.258,0.500,0,2727008,137732,172724,4888524,7030.272,1620.293,12.002,2812.509,2.000,346.063,6177,10290,1.730,1.610,0.920,3,0,324.059,0,0,14,125,3,43,0
21-08 09:19:12,55.996,25.998,16.249,0.250,0,2857496,133720,172380,4764756,7922.438,1689.880,1215.914,7383.476,72.995,840.940,6692,13535,2.070,1.680,0.950,4,0,591.958,0,0,16,135,3,43,0
21-08 09:19:13,59.437,19.729,21.228,0.250,0,2971036,127360,172328,4659816,6113.550,1564.350,4938.790,23.975,223.764,5.994,5708,11733,2.070,1.680,0.950,5,0,295.688,0,0,16,135,3,43,0
21-08 09:19:14,54.306,22.523,22.273,0,0,3043028,128864,172332,4588060,4830.947,1513.550,1541.579,5817.958,155.159,433.444,5659,13088,2.070,1.680,0.950,3,0,640.656,0,0,16,151,3,43,0
21-08 09:19:15,31.931,19.707,47.647,0.249,0,3100204,122328,172336,4539176,7716.240,1710.285,694.492,1939.787,100.781,214.534,4717,7732,2.070,1.680,0.950,1,0,459.003,0,0,17,151,3,43,0
21-08 09:19:16,26.806,19.040,53.111,0.251,0,3131072,133872,172336,4497380,5078.584,1733.613,4.008,1859.876,1.002,257.537,4728,8884,2.070,1.680,0.950,4,0,426.890,0,0,17,151,3,43,0
21-08 09:19:17,38.231,20.240,41.230,0,0,3202544,136948,172348,4424640,7758.245,1619.216,3.998,943.543,1.000,88.957,5755,10449,2.150,1.700,0.960,3,0,317.846,0,0,17,152,3,43,0
21-08 09:19:18,42.018,23.760,34.515,0,0,3310108,124460,172356,4331296,6739.871,1620.690,68.029,548.234,7.003,33.014,5891,16035,2.150,1.700,0.960,2,0,642.274,0,0,17,163,3,42,0
21-08 09:19:19,33.484,23.067,42.165,0,0,3401756,135896,172356,4230028,10613.622,1607.223,0,373.034,0,28.771,4912,10121,2.150,1.700,0.960,5,0,684.558,0,0,17,168,3,42,0
21-08 09:19:20,21.609,15.830,61.811,0,0,3423788,127784,172356,4216736,7396.188,1698.540,0,546.749,0,30.152,4871,14350,2.150,1.700,0.960,2,0,277.395,0,0,17,169,3,42,0
21-08 09:19:21,40.602,12.030,47.118,0.251,0,3530000,125400,172364,4114920,4370.976,1688.239,24.060,7538.930,6.015,553.390,2723,3997,2.150,1.700,0.960,2,0,117.295,0,0,17,169,4,42,0
21-08 09:19:22,45.284,9.007,44.783,0.250,0,3625004,133576,172368,4013712,6827.086,1695.263,1244.927,728.543,31.023,89.066,1924,2601,2.140,1.710,0.960,3,0,3.002,0,0,17,175,4,42,0
21-08 09:19:23,32.986,14.994,50.728,0.250,0,3592048,203124,172384,3978060,5630.562,1619.299,111.952,363.842,8.996,25.989,3038,5668,2.140,1.710,0.960,3,0,312.865,0,0,17,179,4,38,0
21-08 09:19:24,40.728,20.489,39.479,0.250,0,3643380,150500,172388,3979348,4582.562,1693.099,0,575.694,0,36.980,4459,10970,2.140,1.710,0.960,2,0,565.699,0,0,17,189,4,38,0
21-08 09:19:25,52.286,21.515,24.517,0.250,0,3695280,122824,172400,3955996,6738.690,1663.158,1517.056,340.237,35.024,24.017,5783,12780,2.140,1.710,0.960,5,0,227.158,0,0,17,191,4,38,0
21-08 09:19:26,79.497,14.999,4.500,0.250,0,3779204,139040,172420,3858308,5264.768,1813.920,779.966,9391.587,14.999,486.979,2972,5631,2.140,1.710,0.960,6,0,119.995,0,0,17,202,4,38,0
21-08 09:19:27,80.465,14.494,4.998,0,0,3836064,194792,172516,3747164,7694.668,1619.299,107.953,2107.088,5.997,120.948,3515,9898,2.450,1.780,0.990,6,0,60.974,0,0,17,212,4,41,0
21-08 09:19:28,54.516,24.007,20.756,0,0,3892300,133824,172528,3752024,6573.887,1586.455,12.003,544.156,3.001,30.009,5041,12393,2.450,1.780,0.990,3,0,506.145,0,0,17,215,4,44,0
21-08 09:19:29,53.836,24.425,21.185,0.249,0,3874148,147480,172532,3756492,7422.354,1561.237,0,17550.454,0,505.458,9965,42467,2.450,1.780,0.990,7,0,283.136,0,0,17,217,4,44,0
21-08 09:19:30,56.428,22.320,19.562,0,0,3926848,124616,172532,3726680,7170.566,1625.114,92.290,609.919,4.013,43.136,4047,11403,2.450,1.780,0.990,4,0,560.765,0,0,17,217,4,45,0
21-08 09:19:31,63.234,19.995,15.996,0.250,0,3942692,189416,172608,3646828,5437.641,1619.595,127.968,11589.103,19.995,512.872,8756,19515,2.450,1.780,0.990,7,0,231.942,0,0,17,219,4,45,0
21-08 09:19:32,54.261,25.255,21.004,0,0,4056128,127048,172608,3596412,8025.629,1706.346,48.010,464.094,3.001,43.009,4165,7952,2.490,1.800,1,3,0,487.099,0,0,17,221,4,45,0
21-08 09:19:33,64.955,20.236,14.240,0.250,0,4097892,134464,172616,3548452,4494.899,1618.883,91.937,9097.723,6.995,738.490,6085,22004,2.490,1.800,1,3,0,253.825,0,0,17,231,4,43,0
21-08 09:19:34,67.826,8.977,22.442,0,0,4191064,141676,172616,3450348,5661.473,1657.746,0,558.567,0,44.885,2279,3449,2.490,1.800,1,9,0,5.985,0,0,17,231,4,43,0
21-08 09:19:35,68.525,10.754,21.258,0.500,0,4233068,187596,172628,3364012,5759.125,1620.598,424.157,3713.370,25.009,491.181,4005,9522,2.490,1.800,1,13,0,6.002,0,0,17,246,3,50,0
21-08 09:19:36,50.383,26.069,22.560,0.251,0,4260544,159092,172628,3365080,4460.803,1660.393,914.420,4431.726,29.077,331.878,5148,11440,2.490,1.800,1,4,0,538.425,0,0,17,246,3,50,0
21-08 09:19:37,45.502,26.001,27.501,0.250,0,4261568,153744,172716,3369652,7752.302,1640.064,4444.173,1619.063,85.003,99.004,6774,16205,2.450,1.800,1.010,3,0,369.014,0,0,17,246,3,44,0
21-08 09:19:38,70.904,19.224,8.988,0.250,0,4306168,177304,172716,3303024,5219.937,1617.811,551.254,4985.255,5.992,486.342,3396,5410,2.450,1.800,1.010,5,0,174.764,0,0,18,249,3,45,0
21-08 09:19:39,77.617,16.274,6.009,0,0,4452792,134204,172728,3200640,43307.004,1622.435,825.239,1858.790,15.023,245.368,2286,3199,2.450,1.800,1.010,4,0,12.018,0,0,18,251,3,40,0
21-08 09:19:40,54.405,17.220,26.953,0.250,0,4423300,183100,172752,3181548,9472.508,2652.382,882.464,1185.935,14.974,81.857,4905,12346,2.450,1.800,1.010,1,0,261.545,0,0,18,251,3,42,0
21-08 09:19:41,18.745,6.248,74.229,0,0,4421288,185108,172752,3181552,15451.658,3587.992,767.784,291.918,5.998,14.996,1609,2391,2.450,1.800,1.010,1,0,8.997,0,0,18,252,3,42,0
21-08 09:19:42,22.217,5.741,71.892,0,0,4445260,161056,172752,3181616,17397.851,3874.177,543.184,407.388,5.991,32.950,2117,3220,2.410,1.810,1.010,1,0,8.986,0,0,18,256,3,42,0
21-08 09:19:43,21.564,7.522,69.708,0.251,0,4438620,157344,172752,3191968,10648817.070,73104.143,770.299,365.089,6.018,23.069,5042,4345,2.410,1.810,1.010,1,0,12.036,0,0,18,260,3,42,0
21-08 09:19:44,27.014,18.009,54.528,0.500,0,4448968,139472,172752,3199476,5932345.835,42127.274,2957.494,1156.584,34.017,64.032,4388,4981,2.410,1.810,1.010,2,0,266.134,0,0,18,259,3,42,0
21-08 09:19:45,29.470,5.245,63.934,0.749,0,4494716,122980,172752,3170476,6916.910,1564.396,435.554,10009.740,9.990,505.482,2667,4315,2.410,1.810,1.010,1,0,4.995,0,0,18,273,3,43,0
21-08 09:19:46,25.026,5.005,67.321,0.250,0,4509512,139980,172752,3139024,9271.772,1715.808,488.515,5882.200,25.026,271.286,4423,9466,2.410,1.810,1.010,3,0,5.005,0,0,18,283,3,45,0
21-08 09:19:47,19.718,10.982,68.389,0.499,0,4456288,186952,172756,3145300,6105.049,1617.364,207.662,483.212,7.987,49.919,3188,5717,2.300,1.790,1.010,3,0,214.650,0,0,18,279,3,45,0
21-08 09:19:48,18.214,10.230,71.110,0,0,4507408,134912,172756,3146204,8830.630,1616.820,1033.966,247.513,15.969,10.978,2504,4117,2.300,1.790,1.010,1,0,249.509,0,0,18,279,3,45,0
21-08 09:19:49,14.289,13.286,71.195,0,0,4451608,197468,172756,3139472,16095.117,1624.453,8.022,1099.012,2.005,64.176,2409,3560,2.300,1.790,1.010,1,0,157.432,0,0,18,279,3,43,0
21-08 09:19:50,8.254,19.760,70.534,0,0,4455000,194048,172756,3139500,7262.544,1662.811,16.008,144.070,3.001,13.006,3292,5250,2.300,1.790,1.010,1,0,353.172,0,0,18,279,3,43,0
21-08 09:19:51,5.475,5.973,86.609,0.498,0,4458124,190864,172756,3139560,5928.210,1598.775,11.946,8382.121,1.991,72.672,2076,3510,2.300,1.790,1.010,1,0,150.321,0,0,18,279,3,42,0
21-08 09:19:52,17.077,3.014,79.105,0,0,4502948,146040,172756,3139560,6967.290,1647.398,36.162,16112.361,2.009,24.108,1383,2137,2.120,1.760,1.010,1,0,10.045,0,0,18,281,3,42,0
21-08 09:19:53,18.745,8.248,71.230,0,0,4469444,179356,172756,3139748,8261.670,1619.543,11.997,167.953,1.999,14.996,2235,3572,2.120,1.760,1.010,1,0,111.968,0,0,18,285,3,39,0
21-08 09:19:54,16.991,16.991,65.214,0,0,4453068,198516,172760,3136944,6449.401,1619.097,259.855,0,28.984,0,3531,7500,2.120,1.760,1.010,2,0,291.837,0,0,18,285,3,40,0
21-08 09:19:55,18.020,11.012,70.328,0.501,0,4482008,169408,172760,3137132,9006.015,1621.803,76.085,524.583,2.002,50.056,2664,4359,2.120,1.760,1.010,2,0,176.196,0,0,18,289,3,36,0
21-08 09:19:56,21.717,5.492,71.142,0.250,0,4537860,126908,172760,3123780,7487.611,1617.540,698.937,2747.821,42.935,329.499,1592,2219,2.120,1.760,1.010,3,0,0.998,0,0,18,291,3,36,0
21-08 09:19:57,24.241,3.999,69.475,0.750,0,4572408,135120,172760,3081304,6509.702,1619.428,175.938,1075.620,12.995,125.956,2227,3610,2.030,1.750,1.010,2,0,2.999,0,0,18,297,3,33,0
21-08 09:19:58,23.986,3.498,71.959,0,0,4508096,199420,172760,3081316,5768.729,1619.082,19.989,147.916,3.998,7.995,1401,1926,2.030,1.750,1.010,3,0,4.997,0,0,18,293,3,33,0
21-08 09:19:59,25.483,3.248,71.203,0,0,4564232,143224,172760,3081376,6203.887,1604.936,43.971,107.928,10.993,7.995,1425,1928,2.030,1.750,1.010,4,0,0.999,0,0,18,295,3,32,0
21-08 09:20:00,25.761,2.751,70.781,0,0,4483792,223620,172760,3081420,4882.129,1566.683,20.009,0,2.001,0,1863,2776,2.030,1.750,1.010,1,0,16.007,0,0,18,293,3,32,0
21-08 09:20:01,25.743,1.500,71.730,0.250,0,4519696,187584,172760,3081552,4728.709,1735.526,0,91.975,0,5.998,1380,1993,2.030,1.750,1.010,6,0,0,0,0,18,295,3,31,0
21-08 09:20:02,11.160,17.857,68.946,0.248,0,4469712,236348,172764,3082792,6224.988,1680.499,1480.109,376.971,18.849,14.880,2827,4349,1.940,1.740,1.010,3,0,243.047,0,0,18,295,3,31,0
21-08 09:20:03,13.645,16.172,68.227,0,0,4464352,241588,172764,3082912,4995.249,1637.455,32.345,72.776,5.054,7.075,2759,4294,1.940,1.740,1.010,1,0,263.812,0,0,18,295,3,31,0
21-08 09:20:04,20.221,6.990,71.150,0,0,4501236,204300,172776,3083304,4475.689,1617.719,527.257,0,31.955,0,1710,2651,1.940,1.740,1.010,2,0,81.885,0,0,18,295,3,30,0
21-08 09:20:05,24.237,6.247,67.214,0,0,4522336,182880,172792,3083608,5622.958,1693.084,159.913,447.758,7.996,31.983,8650,17561,1.940,1.740,1.010,3,0,12.993,0,0,18,295,3,30,0
21-08 09:20:06,9.978,2.245,86.314,0.249,0,4506792,198280,172808,3083736,15970.552,5249.676,0,395.148,0,13.970,1405,2119,1.940,1.740,1.010,3,0,0,0,0,18,296,3,29,0
21-08 09:20:07,27.065,4.260,68.415,0.251,0,4524356,178664,172948,3085388,10094.297,1569.778,32.077,1259.030,1.002,71.171,7281,14201,1.950,1.740,1.010,2,0,5.012,0,0,18,296,3,29,0
21-08 09:20:08,21.771,6.506,70.818,0,0,4471528,231580,172948,3085300,7306.065,1865.804,0,112.108,0,8.008,3927,7393,1.950,1.740,1.010,3,0,28.027,0,0,18,295,3,28,0
21-08 09:20:09,13.980,15.228,69.648,0,0,4492552,210656,172948,3085200,31686.611,1785.386,0,171.749,0,6.990,2649,3881,1.950,1.740,1.010,2,0,243.643,0,0,18,295,3,28,0
21-08 09:20:10,24.292,3.256,71.372,0,0,4524660,178176,172948,3085572,18572.815,1664.852,16.027,104.178,1.002,9.015,1680,2595,1.950,1.740,1.010,2,0,0,0,0,18,298,3,29,0
21-08 09:20:11,21.474,8.240,70.416,0,0,4508288,194364,172948,3085756,6371.405,1660.021,7.990,0,0.999,0,1865,2831,1.950,1.740,1.010,2,0,111.867,0,0,18,295,3,30,0
21-08 09:20:12,21.466,7.988,70.141,0,0,4483612,219028,172948,3085768,5728.059,1617.475,0,0,0,0,2019,3179,1.870,1.730,1.010,2,0,69.891,0,0,18,295,3,30,0
21-08 09:20:13,24.277,3.504,71.579,0,0,4538972,163668,172948,3085768,5469.027,1513.668,0,128.141,0,9.010,1519,2492,1.870,1.730,1.010,1,0,2.002,0,0,18,295,3,31,0
21-08 09:20:14,22.741,5.748,71.723,0,0,4525228,177256,172948,3085924,18831.844,1619.385,0,0,0,0,1680,2291,1.870,1.730,1.010,3,0,55.979,0,0,18,295,3,31,0
21-08 09:20:15,24.265,5.253,69.793,0.500,0,4497592,204800,172948,3086016,11036.854,1661.032,80.050,380.236,5.003,37.023,2123,3343,1.870,1.730,1.010,3,0,32.020,0,0,18,295,3,34,0
21-08 09:20:16,23.261,4.502,71.283,0.250,0,4476440,225936,172952,3086028,5408.493,1620.747,48.022,360.166,3.001,40.018,1997,3160,1.870,1.730,1.010,3,0,28.013,0,0,18,295,3,34,0
21-08 09:20:17,23.287,4.507,70.864,0,0,4528880,173392,172952,3086132,10428.749,1696.725,32.051,252.405,1.002,27.043,1829,2794,1.800,1.720,1.010,1,0,19.031,0,0,18,295,3,34,0
21-08 09:20:18,25.518,4.503,70.048,0,0,4520200,182028,172952,3086176,5357.691,1621.117,24.017,1989.371,3.002,296.204,2176,2860,1.800,1.720,1.010,1,0,32.022,0,0,18,295,3,36,0
21-08 09:20:19,19.236,8.994,70.200,0.250,0,4486400,215812,172952,3086192,9944.969,1618.855,3.997,355.748,0.999,32.977,2405,3971,1.800,1.720,1.010,1,0,120.915,0,0,18,295,3,36,0
21-08 09:20:20,4.746,5.996,87.186,0.500,0,4477108,224808,172964,3086444,12577.705,5114.221,159.882,2254.334,3.997,136.899,1947,3422,1.800,1.720,1.010,1,0,73.945,0,0,18,295,3,37,0
21-08 09:20:21,5.235,8.227,85.509,0,0,4480464,221440,172964,3086456,11648.141,4794.475,0,769.828,0,37.893,1956,3044,1.800,1.720,1.010,2,0,103.707,0,0,18,297,3,37,0
21-08 09:20:22,3.000,1.500,93.750,0,0,4480452,221448,172964,3086460,6527.980,2027.994,0,124.000,0,12.000,1452,2442,1.660,1.690,1,0,0,20.000,0,0,18,295,3,38,0
21-08 09:20:23,13.799,11.039,72.254,0.753,0,4484712,214584,173104,3088812,5448.172,1571.530,2231.854,96.339,102.360,5.018,2193,3345,1.660,1.690,1,0,1,71.251,0,0,18,295,3,38,0
21-08 09:20:24,16.202,6.980,75.030,0.499,0,4451052,242420,173240,3094368,6916.706,126791.992,1878.489,0,80.763,0,5275,14881,1.660,1.690,1,1,0,9.971,0,0,18,295,3,38,0
21-08 09:20:25,4.754,1.501,92.070,0,0,4451036,242420,173240,3094384,6442.922,1621.239,0,7645.841,0,34.026,1636,2661,1.660,1.690,1,1,0,0,0,0,18,295,3,38,0
21-08 09:20:26,3.001,1.501,94.296,0.500,0,4451032,242420,173240,3094388,5334.625,1694.834,0,208.102,0,21.010,1368,2296,1.660,1.690,1,1,0,0,0,0,18,295,3,38,0
21-08 09:20:27,1.749,1.499,94.700,0,0,4451008,242420,173240,3094412,5160.270,1511.201,15.992,191.898,0.999,21.988,1397,2545,1.520,1.660,1,2,0,0,0,0,18,295,3,38,0
21-08 09:20:28,2.499,0.750,95.478,0,0,4451008,242420,173240,3094412,5437.722,1619.619,0,8146.086,0,552.870,1153,1832,1.520,1.660,1,1,0,0,0,0,18,295,3,32,0
21-08 09:20:29,2.001,0.500,95.798,0.250,0,4451096,242420,173240,3094416,6515.290,1620.819,0,272.137,0,15.008,1077,1853,1.520,1.660,1,1,0,0,0,0,18,295,3,32,0
21-08 09:20:30,1.999,0.749,95.932,0,0,4451096,242420,173240,3094416,6421.441,1564.889,0,195.861,0,11.991,1039,1845,1.520,1.660,1,1,0,0,0,0,18,295,3,31,0
21-08 09:20:31,2.501,0.500,96.539,0,0,4451092,242420,173240,3094420,7914.182,1620.652,0,28.011,0,4.002,1052,1752,1.520,1.660,1,1,0,0,0,0,18,295,3,31,0
21-08 09:20:32,2.748,0.750,95.438,0,0,4451092,242420,173240,3094420,5896.185,1618.953,0,0,0,0,1110,1979,1.400,1.630,0.990,1,0,0,0,0,18,295,3,27,0
21-08 09:20:33,2.500,1.500,95.507,0,0,4451092,242420,173240,3094420,5514.419,1694.129,0,192.015,0,8.001,1180,1918,1.400,1.630,0.990,1,0,2.000,0,0,18,295,3,27,0
21-08 09:20:34,2.000,1.250,95.504,0,0,4451048,242420,173240,3094464,4969.194,1512.059,0,0,0,0,1098,1840,1.400,1.630,0.990,1,0,0,0,0,18,295,3,25,0
21-08 09:20:35,2.999,1.250,94.964,0.250,0,4451044,242420,173240,3094468,6458.539,1619.383,0,359.863,0,32.987,1307,2342,1.400,1.630,0.990,1,0,0,0,0,18,295,3,25,0
21-08 09:20:36,2.251,0.500,95.773,0,0,4451040,242420,173240,3094472,5673.356,1620.387,0,64.015,0,10.002,1180,2012,1.400,1.630,0.990,4,0,0,0,0,18,295,3,18,0
21-08 09:20:37,3.991,1.247,93.792,0.249,0,4451000,242420,173240,3094512,5747.281,1616.423,31.929,586.702,1.996,51.885,1571,2884,1.290,1.600,0.990,1,0,0,0,0,18,295,3,18,0
21-08 09:20:38,2.503,1.001,95.367,0,0,4451000,242420,173240,3094512,6392.863,1567.929,0,1369.685,0,5.006,1128,1828,1.290,1.600,0.990,1,0,0,0,0,18,295,3,17,0
21-08 09:20:39,3.250,0.500,95.511,0,0,4451000,242420,173240,3094512,35937.989,1620.180,0,108.012,0,5.001,1083,1746,1.290,1.600,0.990,1,0,0,0,0,18,295,3,17,0
21-08 09:20:40,2.497,0,96.383,0,0,4451000,242420,173240,3094512,15073.731,1618.039,0,0,0,0,990,1766,1.290,1.600,0.990,2,0,0,0,0,18,295,3,15,0
21-08 09:20:41,0.751,0.751,96.091,0,0,4451000,242420,173240,3094512,7214.832,1513.433,0,0,0,0,1015,1736,1.290,1.600,0.990,1,0,0,0,0,18,295,3,15,0
21-08 09:20:42,3.001,0.750,95.280,0,0,4451000,242420,173240,3094512,7602.402,1694.535,0,0,0,0,1282,2204,1.190,1.580,0.980,2,0,0,0,0,18,295,3,15,0
21-08 09:20:43,1.999,0.750,95.475,0,0,4451244,242172,173240,3094516,6057.395,1787.526,0,387.897,0,1.999,1165,1941,1.190,1.580,0.980,1,0,1.999,0,0,18,295,3,15,0
21-08 09:20:44,2.000,1.250,96.022,0.250,0,4451244,242172,173240,3094516,5790.303,1714.386,0,56.013,0,2.000,1105,1850,1.190,1.580,0.980,1,0,0,0,0,18,295,3,15,0
21-08 09:20:45,1.999,0.999,94.948,0.250,0,4451240,242172,173240,3094520,6858.228,1639.098,0,287.842,0,26.985,1307,2285,1.190,1.580,0.980,1,0,0,0,0,18,295,3,15,0
21-08 09:20:46,3.004,0.751,96.374,0,0,4451240,242172,173240,3094520,6254.061,1716.212,0,28.036,0,4.005,1033,1736,1.190,1.580,0.980,2,0,0,0,0,18,295,3,15,0
21-08 09:20:47,1.749,0.999,94.949,0.250,0,4451224,242172,173240,3094536,6163.659,1619.122,15.991,391.788,0.999,35.980,1287,2400,1.090,1.550,0.980,1,0,0,0,0,18,295,3,12,0
21-08 09:20:48,2.257,0.752,95.549,0,0,4451224,242172,173240,3094536,5761.049,1516.752,0,6095.096,0,529.659,1295,2056,1.090,1.550,0.980,2,0,0,0,0,18,295,3,12,0
21-08 09:20:49,2.744,0.748,95.058,0,0,4451224,242172,173240,3094536,12571.643,1658.654,0,39.919,0,4.990,1145,1769,1.090,1.550,0.980,3,0,0,0,0,18,295,3,11,0
21-08 09:20:50,2.000,0.500,96.736,0,0,4451224,242172,173240,3094536,6047.123,1693.754,0,0,0,0,977,1777,1.090,1.550,0.980,2,0,0,0,0,18,295,3,11,0
21-08 09:20:51,1.250,0.750,95.242,0.250,0,4451224,242172,173240,3094536,6862.424,1939.837,0,543.954,0,11.999,1220,2104,1.090,1.550,0.980,1,0,0,0,0,18,295,4,11,0
21-08 09:20:52,2.250,0.500,95.767,0,0,4451224,242172,173240,3094536,5023.884,1640.289,0,0,0,0,1055,1916,1,1.520,0.970,1,0,0,0,0,18,295,4,11,0
21-08 09:20:53,2.250,0.250,95.732,0,0,4451472,241924,173240,3094536,7487.622,1619.702,0,215.960,0,2.000,1111,1876,1,1.520,0.970,1,0,2.000,0,0,18,295,4,11,0
21-08 09:20:54,5.010,2.756,90.936,0,0,4458276,235120,173240,3096944,6209.693,452.926,0,0,0,0,1464,2923,1,1.520,0.970,1,0,34.070,0,0,18,295,4,11,0
21-08 09:20:55,10.730,3.493,83.591,0,0,4452728,240476,173276,3094692,337761.267,6603.473,155.705,399.243,4.991,34.934,2012,3105,1,1.520,0.970,1,0,23.955,0,0,18,297,4,11,0
21-08 09:20:56,11.783,7.019,80.724,0.251,0,4462060,230232,173288,3095592,239566.798,7773.572,288.801,124.345,10.028,6.017,1751,2278,1,1.520,0.970,1,0,36.100,0,0,18,297,4,11,0
