"pcp-dstat 6.2.0 CSV Output"
"Author:","PCP team <pcp@groups.io> and Dag Wieers <dag@wieers.com>",,,,"URL:","https://pcp.io/ and http://dag.wieers.com/home-made/dstat/"
"Host:","ubuntu",,,,"User:","ubuntu"
"Cmdline:","dstat -tcmndrylpg --tcp --output /tmp/devstack_logs/dstat-csv.log",,,,"Date:","08 Jun 2026 15:07:08 UTC"
"system","total usage",,,,,"memory usage",,,,"net/total",,"dsk/total",,"io/total",,"system",,"load avg",,,"procs",,,"paging",,"tcp sockets",,,,
"time","total usage:usr","total usage:sys","total usage:idl","total usage:wai","total usage:stl","used","free","buf","cach","net/total:recv","net/total:send","dsk/total:read","dsk/total:writ","read","writ","int","csw","1m","5m","15m","run","blk","new","in","out","lis","act","syn","tim","clo"
08-06 15:07:08,,1066600,1297036,167588,5275328,,,,,,,1.380,0.910,0.520,4,0,,,,10,5,0,17,1
08-06 15:07:09,20.396,20.645,56.214,0.497,0,1044420,1318996,167692,5275396,20367.223,10702.468,0,3581.750,0,234.804,6468,5806,1.380,0.910,0.520,2,0,466.622,0,0,10,5,0,17,0
08-06 15:07:10,15.063,21.590,61.507,0.251,0,1015492,1347232,167832,5276156,36780.792,10687.688,0,1474.164,0,54.227,5558,4030,1.380,0.910,0.520,5,0,321.344,0,0,10,6,0,17,0
08-06 15:07:11,30.450,17.471,50.418,0.250,0,1032684,1329484,167976,5276476,21980.083,12116.201,0,1565.442,0,49.918,5903,6763,1.430,0.930,0.530,2,0,283.537,0,0,10,6,0,17,0
08-06 15:07:12,21.749,9.000,67.747,0.750,0,1143788,1217396,168156,5401520,41661.928,13537.327,0,2103.895,0,54.997,4375,5835,1.430,0.930,0.530,1,0,74.996,0,0,11,5,0,17,1
08-06 15:07:13,24.996,8.999,65.239,0.500,0,1142448,1202560,168344,5416860,142516.311,15024.503,0,1751.709,0,50.992,3483,2566,1.430,0.930,0.530,1,0,98.984,0,0,11,6,0,17,2
08-06 15:07:14,38.495,13.998,46.994,0.750,0,1173316,1152832,169228,5432552,47977.402,2315.682,15.998,2279.687,1.000,91.987,4680,3502,1.430,0.930,0.530,2,0,188.974,0,0,11,6,0,19,2
08-06 15:07:15,43.253,6.500,48.753,0.250,0,1233276,1072356,169920,5449940,4892.307,1512.095,16.001,2940.185,1.000,45.003,3002,1695,1.430,0.930,0.530,2,0,0,0,0,11,6,0,19,2
08-06 15:07:16,43.613,5.013,48.125,2.507,0,1264464,1016816,170712,5471176,5236.596,1570.076,0,7623.793,0,435.130,4607,5179,1.560,0.960,0.540,3,0,10.026,0,0,11,8,0,19,2
08-06 15:07:17,32.002,7.750,44.252,13.751,0,1280844,973932,172820,5493044,4938.242,1458.071,0,66119.234,0,4478.219,17016,30622,1.560,0.960,0.540,4,0,60.003,0,0,11,8,0,19,2
08-06 15:07:18,41.878,8.974,44.869,3.490,0,1215000,1011140,173916,5518136,5095.177,1615.301,0,30614.932,0,1775.834,7635,12581,1.560,0.960,0.540,2,1,86.748,0,0,11,6,0,19,2
08-06 15:07:19,44.133,6.520,48.646,0.251,0,1293600,944700,174328,5504924,5259.831,2106.340,0,1689.084,0,60.181,3172,1873,1.560,0.960,0.540,2,0,18.054,0,0,11,4,0,19,0
08-06 15:07:20,39.639,4.986,53.600,0.748,0,1289044,943456,174456,5509980,11669.257,4655.936,0,8994.761,0,399.878,3486,3081,1.560,0.960,0.540,2,0,17.950,0,0,11,4,0,19,0
08-06 15:07:21,43.495,9.499,44.995,0.250,0.250,1322044,908696,174512,5511496,4682.454,1565.818,0,2627.694,0,238.972,12155,20124,1.670,1,0.550,2,0,20.998,0,0,11,4,0,19,0
08-06 15:07:22,44.543,8.008,46.295,0,0,1342840,886788,174524,5512344,5557.349,1513.457,0,836.805,0,15.014,11934,19762,1.670,1,0.550,3,0,13.013,0,0,11,4,0,19,0
08-06 15:07:23,38.729,20.739,39.729,0,0,1271720,965712,174556,5505036,5397.119,1619.136,0,1719.082,0,15.991,6355,14347,1.670,1,0.550,2,0,403.784,0,0,11,4,0,20,0
08-06 15:07:24,35.079,21.048,43.599,0.251,0,1246832,990376,174556,5505252,5833.201,1665.770,0,440.998,0,13.029,6156,6599,1.670,1,0.550,3,0,445.007,0,0,11,4,0,20,0
08-06 15:07:25,36.654,13.963,48.622,0,0,1211028,1026168,174556,5505600,5266.148,1615.750,0,11.969,0,1.995,4604,4051,1.670,1,0.550,3,0,210.446,0,0,11,5,0,19,0
08-06 15:07:26,46.090,4.258,48.845,0,0,1261880,974788,174564,5506232,4551.859,1028.001,0,208.406,0,4.008,2725,1259,1.700,1.020,0.560,3,0,0,0,0,11,5,0,19,0
08-06 15:07:27,42.693,9.987,46.938,0,0,1287968,947656,174592,5507236,4330.264,1064.590,0,15119.973,0,89.881,4021,3730,1.700,1.020,0.560,3,1,0,0,0,11,5,0,19,0
08-06 15:07:28,20.781,13.520,64.347,0.501,0,1310084,924072,174640,5508596,4312.523,1568.372,0,1878.842,0,32.048,5455,5915,1.700,1.020,0.560,1,0,140.212,0,0,11,4,0,20,0
08-06 15:07:29,21.197,4.489,73.067,0.249,0.249,1383160,850992,174640,5508600,4281.276,1508.222,0,123.690,0,3.990,1863,1377,1.700,1.020,0.560,2,0,0,0,0,11,4,0,16,0
08-06 15:07:30,24.252,1.500,73.505,0,0,1402860,831112,174640,5508780,4126.293,1566.111,0,0,0,0,1709,1106,1.700,1.020,0.560,2,0,0,0,0,11,4,0,16,0
08-06 15:07:31,23.500,3.000,71.749,0.500,0,1347228,886588,174728,5508848,4308.916,1511.971,0,1615.969,0,244.995,3587,4533,1.640,1.020,0.560,1,0,2.000,0,0,11,4,0,18,0
08-06 15:07:32,20.000,6.750,72.752,0.250,0,1346644,887144,174756,5508848,4846.111,1566.036,0,2600.060,0,147.003,2478,2164,1.640,1.020,0.560,2,0,42.001,0,0,11,4,0,18,0
08-06 15:07:33,19.708,2.245,76.837,0,0,1362328,871172,174760,5509040,7236.676,3888.765,0,11260.156,0,79.831,1945,1580,1.640,1.020,0.560,1,0,0,0,0,11,11,0,16,0
08-06 15:07:34,20.041,2.255,74.905,0.752,0,1369404,863612,174800,5509408,10007.667,6592.614,268.555,978.020,66.137,33.068,2756,2854,1.640,1.020,0.560,1,0,3.006,0,0,11,29,0,16,0
08-06 15:07:35,19.502,7.001,73.509,0,0,1384632,848376,174800,5509416,5833.690,2379.281,0,0,0,0,2405,1662,1.640,1.020,0.560,1,0,43.005,0,0,11,28,0,17,0
08-06 15:07:36,17.749,2.500,78.244,0,0,1420264,812736,174800,5509420,9147.265,5537.555,0,947.924,0,4.000,1817,1361,1.590,1.020,0.570,2,0,0,0,0,11,29,0,17,0
08-06 15:07:37,21.002,13.001,65.507,0,0,1428324,804648,174800,5509448,7603.804,4231.448,0,2272.240,0,19.002,3679,2675,1.590,1.020,0.570,2,0,156.017,0,0,11,28,0,18,0
08-06 15:07:38,42.495,7.999,48.994,0,0,1490160,742804,174800,5509448,5970.288,2494.702,0,34011.942,0,203.976,3013,1807,1.590,1.020,0.570,1,0,0,0,0,11,30,0,18,0
08-06 15:07:39,31.548,3.756,63.847,0,0,1491944,740816,174800,5509648,19622.864,16984.849,0,705.073,0,6.009,5514,7238,1.590,1.020,0.570,2,0,0,0,0,11,30,0,18,0
08-06 15:07:40,48.463,23.982,26.230,0.250,0,1453604,779128,174808,5509668,8516.466,3664.189,0,2586.016,0,76.941,5826,5361,1.590,1.020,0.570,7,0,481.630,0,0,11,28,0,19,0
08-06 15:07:41,83.198,17.291,0,0,0,1655160,577532,174812,5509704,6003.283,1557.706,0,4.010,0,1.002,5078,2916,1.940,1.100,0.600,6,0,97.231,0,0,11,28,0,18,0
08-06 15:07:42,83.413,12.948,2.988,0,0,1806436,426176,174820,5509760,30869.111,25117.381,0,342.614,0,19.919,6926,6667,1.940,1.100,0.600,6,0,0,0,0,11,33,0,18,0
08-06 15:07:43,77.058,11.044,12.048,0.251,0,1613564,618812,174844,5509972,26926.688,22612.434,0,915.662,0,65.261,9161,12416,1.940,1.100,0.600,4,0,151.606,0,0,11,29,0,23,0
08-06 15:07:44,19.434,9.717,68.767,0,0,1575296,657008,174860,5510028,6918.526,2344.047,0,374.729,0,24.915,3307,2981,1.940,1.100,0.600,2,0,158.462,0,0,11,28,0,24,0
08-06 15:07:45,18.542,3.007,77.426,0,0,1568420,663880,174860,5510032,8817.002,5434.328,0,1824.138,0,17.039,2022,1721,1.940,1.100,0.600,1,0,0,0,0,11,29,0,23,0
08-06 15:07:46,16.018,5.506,76.586,0.250,0,1510508,721772,174868,5510044,8312.318,4493.037,0,888.997,0,59.066,3343,3399,1.870,1.100,0.600,1,0,66.074,0,0,11,28,0,24,0
08-06 15:07:47,21.686,3.739,73.783,0,0,1516044,716236,174868,5510044,4265.475,1453.731,0,0,0,0,1807,1198,1.870,1.100,0.600,1,0,1.994,0,0,11,28,0,24,0
08-06 15:07:48,16.251,4.750,77.757,0,0,1511336,721016,174876,5510060,11571.064,8465.778,0,89692.247,0,899.083,3643,4236,1.870,1.100,0.600,2,0,0,0,0,11,28,0,24,1
08-06 15:07:49,12.508,16.761,68.794,0.250,0,1466480,765856,174884,5510068,5101.272,1633.047,0,924.593,0,58.037,4754,3615,1.870,1.100,0.600,2,0,290.186,0,0,11,28,0,25,0
08-06 15:07:50,21.781,30.043,47.068,0,0,1441716,790620,174884,5510068,4386.318,1622.337,0,52.075,0,13.019,6004,4828,1.870,1.100,0.600,6,0,686.989,0,0,11,28,0,25,0
08-06 15:07:51,84.068,16.013,0.250,0,0,1643480,588808,174892,5510108,5222.227,1863.508,0,140.113,0,10.008,4969,2512,2.120,1.160,0.620,4,0,63.051,0,0,11,28,1,25,0
08-06 15:07:52,74.962,9.745,14.742,0,0,1732220,499888,174892,5510288,37060.070,34243.509,0,0,0,0,6592,9412,2.120,1.160,0.620,3,0,0,0,0,11,33,0,25,0
08-06 15:07:53,75.784,17.008,6.753,0.250,0,1554760,677168,174920,5510440,23723.675,18157.171,0,12449.602,0,182.082,8623,11767,2.120,1.160,0.620,8,0,229.103,0,0,11,28,0,26,0
08-06 15:07:54,82.388,17.226,0.250,0,0,1665744,566160,174924,5510460,7237.127,4523.828,0,191.738,0,9.986,5149,2991,2.120,1.160,0.620,6,0,80.890,0,0,11,30,0,26,0
08-06 15:07:55,82.004,10.501,7.500,0,0,1818340,413264,174924,5510760,31647.624,28017.438,0,140.007,0,8.000,6600,7212,2.120,1.160,0.620,4,0,0,0,0,11,34,0,26,0
08-06 15:07:56,79.438,9.742,9.243,0.500,0,1789880,441492,174928,5510988,38928.496,32916.207,0,2510.033,0,112.912,8375,14830,2.270,1.210,0.640,4,0,99.922,0,0,11,29,0,30,0
08-06 15:07:57,57.077,15.271,27.788,0,0,1584532,646816,174932,5511008,8000.830,3651.943,0,160.217,0,12.016,4588,3339,2.270,1.210,0.640,2,0,198.268,0,0,11,28,0,31,0
08-06 15:07:58,35.165,3.990,59.606,0,0,1593516,637812,174932,5511028,15471.496,12956.592,0,303.265,0,10.973,3823,3576,2.270,1.210,0.640,0,0,0,0,0,11,30,0,30,0
08-06 15:07:59,40.127,18.809,40.628,0,0,1518136,713148,174948,5511056,12991.084,8409.595,0,926.931,0,70.222,6304,6883,2.270,1.210,0.640,3,0,379.199,0,0,11,28,0,32,0
08-06 15:08:00,61.229,8.997,29.740,0,0,1601340,629916,174948,5511084,8182.225,5563.113,0,0,0,0,3581,1539,2.270,1.210,0.640,1,0,0,0,0,11,30,1,32,0
08-06 15:08:01,47.996,5.000,45.246,0.250,0,1601352,629692,174960,5511284,29587.523,24515.948,0,1407.882,0,153.987,7476,10040,2.170,1.200,0.640,3,0,1.000,0,0,11,29,0,33,0
08-06 15:08:02,71.773,21.507,6.502,0,0,1547804,683212,174972,5511300,6315.028,2729.877,0,268.086,0,24.008,5607,3894,2.170,1.200,0.640,4,0,258.083,0,0,11,28,0,29,0
08-06 15:08:03,71.152,9.986,18.724,0,0,1675356,555612,174988,5511328,21664.271,19415.357,0,595.183,0,15.978,5097,4224,2.170,1.200,0.640,2,0,0,0,0,11,32,0,29,0
08-06 15:08:04,63.040,14.259,21.764,0,0,1642304,588456,175004,5511520,29408.555,23875.064,0,348.220,0,36.023,9094,13075,2.170,1.200,0.640,4,0,244.154,0,0,11,28,0,32,0
08-06 15:08:05,66.081,12.468,20.946,0,0,1621508,609212,175008,5511556,4999.217,1550.037,0,223.429,0,9.974,3881,1834,2.170,1.200,0.640,4,0,79.796,0,0,11,28,0,32,0
08-06 15:08:06,45.555,5.256,47.307,0.250,0,1636544,594092,175028,5511620,28540.409,25113.277,0,264.319,0,25.030,6813,8399,2.150,1.220,0.650,4,0,0,0,0,11,30,0,30,0
08-06 15:08:07,60.628,20.042,19.792,0,0,1540436,690052,175032,5511764,11471.264,7155.134,0,272.577,0,27.057,5599,5344,2.150,1.220,0.650,3,0,299.634,0,0,11,28,0,31,0
08-06 15:08:08,53.725,7.996,36.733,0,0,1612800,617652,175032,5511796,16407.346,13211.837,0,223.896,0,13.993,4287,3021,2.150,1.220,0.650,3,0,0,0,0,11,31,0,31,0
08-06 15:08:09,56.020,8.503,35.513,0.250,0,1546556,683668,175056,5512000,21168.551,17789.345,0,3129.116,0,191.068,7358,9552,2.150,1.220,0.650,5,0,132.047,0,0,11,28,0,34,0
08-06 15:08:10,60.254,17.001,22.251,0,0,1555248,674832,175056,5512144,4620.309,1620.108,0,164.011,0,9.001,3880,2141,2.150,1.220,0.650,4,0,155.010,0,0,11,28,0,34,0
08-06 15:08:11,47.746,6.500,44.497,0,0,1599372,630548,175056,5512304,23258.268,20600.466,0,103.992,0,6.000,5520,5980,2.220,1.250,0.660,2,0,1.000,0,0,11,31,0,34,0
08-06 15:08:12,61.210,10.493,27.732,0,0,1484632,745224,175076,5512348,11907.268,8219.663,0,1059.312,0,76.950,6282,6360,2.220,1.250,0.660,3,0,111.927,0,0,11,28,0,36,0
08-06 15:08:13,56.623,6.984,35.670,0,0,1599968,629872,175076,5512364,12933.035,10027.542,0,91.794,0,1.996,3776,1921,2.220,1.250,0.660,2,0,0,0,0,11,31,0,36,0
08-06 15:08:14,54.669,10.532,34.105,0,0,1582928,646764,175080,5512420,23103.277,18744.830,0,288.891,0,33.102,7725,9856,2.220,1.250,0.660,5,0,154.477,0,0,11,28,0,38,0
08-06 15:08:15,73.936,25.728,0,0,0,1581460,648180,175092,5512460,4793.841,1510.689,0,203.823,0,20.982,5597,4526,2.220,1.250,0.660,8,0,483.580,0,0,11,28,0,38,0
08-06 15:08:16,80.196,19.737,0.500,0,0,1775184,454428,175096,5512492,10853.669,7877.679,0,147.900,0,5.996,5672,4428,2.600,1.340,0.700,5,0,315.787,0,0,11,31,0,38,0
08-06 15:08:17,77.250,18.000,3.750,0.250,0,1834932,394464,175112,5512696,46717.833,42128.850,0,803.997,0,60.000,8178,10255,2.600,1.340,0.700,8,0,372.999,0,0,11,32,0,38,0
08-06 15:08:18,77.274,21.507,1.250,0,0,1694604,534596,175116,5512904,22674.163,18030.696,0,432.137,0,42.013,7390,8499,2.600,1.340,0.700,8,0,441.139,0,0,11,28,0,37,0
08-06 15:08:19,83.889,16.228,0.250,0,0,1667652,561516,175116,5512968,8931.157,5456.764,0,1745.685,0,32.956,5261,3010,2.600,1.340,0.700,5,0,91.878,0,0,11,29,0,37,0
08-06 15:08:20,76.346,9.512,13.517,0,0,1749848,479164,175116,5513164,34404.076,31175.033,0,8.010,0,2.003,6918,8914,2.600,1.340,0.700,4,0,0,0,0,11,32,0,38,0
08-06 15:08:21,65.775,14.756,18.007,0,0,1583752,645172,175116,5513248,29983.470,24775.478,0,12.005,0,3.001,7960,11806,2.640,1.370,0.710,3,0,249.095,0,0,11,28,0,42,0
08-06 15:08:22,10.227,25.443,62.360,0,0,1467044,761864,175116,5513264,5525.554,1454.723,0,11.973,0,2.993,5823,4282,2.640,1.370,0.710,1,0,489.897,0,0,11,28,0,42,0
08-06 15:08:23,46.888,39.115,13.791,0,0,1471232,757656,175116,5513372,5642.604,1570.622,0,44.130,0,11.032,6441,11742,2.640,1.370,0.710,5,0,854.515,0,0,11,28,0,43,0
08-06 15:08:24,75.960,14.243,9.995,0.250,0,1628196,600640,175116,5513332,14962.135,12070.655,0,1511.206,0,33.982,5236,3753,2.640,1.370,0.710,3,0,46.975,0,0,11,31,0,43,0
08-06 15:08:25,65.963,9.245,23.487,0.250,0,1626024,602616,175140,5513504,25290.638,21481.801,0,843.521,0,72.959,6155,9353,2.640,1.370,0.710,4,0,74.957,0,0,11,29,0,46,0
08-06 15:08:26,77.340,15.518,7.008,0,0,1607236,621348,175148,5513548,9105.597,6076.071,0,236.275,0,21.024,5250,3780,2.750,1.420,0.730,3,0,193.225,0,0,11,29,0,46,0
08-06 15:08:27,70.776,9.470,18.940,0,0,1684216,544312,175148,5513600,26903.016,23096.042,0,151.521,0,8.972,5907,7126,2.750,1.420,0.730,3,0,0,0,0,11,32,0,46,0
08-06 15:08:28,54.161,6.018,38.615,0,0,1683936,544312,175164,5513856,42385.102,36280.941,0,208.621,0,20.060,12724,19236,2.750,1.420,0.730,4,0,0,0,0,11,31,0,46,0
08-06 15:08:29,74.236,12.248,12.748,0,0,1604028,624060,175180,5514000,20868.085,16602.885,0,423.920,0,41.992,8505,10671,2.750,1.420,0.730,4,0,89.983,0,0,11,29,0,46,0
08-06 15:08:30,76.968,11.495,10.995,0,0,1634548,593464,175184,5514068,13055.536,10145.753,0,231.903,0,21.991,4960,3043,2.750,1.420,0.730,4,0,29.987,0,0,11,31,0,45,0
08-06 15:08:31,64.217,7.246,26.986,0,0,1671360,556420,175184,5514292,38842.916,34496.163,0,147.924,0,8.995,10001,14840,2.690,1.430,0.730,3,0,0.999,0,0,11,32,0,45,0
08-06 15:08:32,62.767,9.253,27.007,0,0,1612536,614996,175184,5514500,36967.023,31280.481,0,3672.996,0,132.036,10817,16347,2.690,1.430,0.730,5,0,87.024,0,0,11,29,0,48,0
08-06 15:08:33,76.834,19.521,3.754,0,0,1575960,651540,175184,5514532,10181.097,7015.647,0,136.148,0,8.009,5434,4355,2.690,1.430,0.730,4,0,175.191,0,0,11,28,0,49,0
08-06 15:08:34,70.443,9.492,19.235,0.250,0,1656716,570728,175188,5514580,23078.416,20474.513,0,311.749,0,27.977,5574,6075,2.690,1.430,0.730,3,0,1.998,0,0,11,36,0,47,0
08-06 15:08:35,62.990,8.749,26.746,0,0,1669060,558140,175192,5514812,37786.708,32135.649,0,211.965,0,18.997,9805,15629,2.690,1.430,0.730,4,0,33.994,0,0,11,33,0,49,0
08-06 15:08:36,79.542,14.007,6.503,0,0,1589252,637796,175196,5514960,9926.276,6024.202,0,208.111,0,21.011,5268,3697,2.790,1.470,0.750,5,0,94.050,0,0,11,33,0,49,0
08-06 15:08:37,69.218,9.246,20.241,0,0,1655912,571108,175200,5514984,21817.020,18860.372,0,247.887,0,24.989,5285,4871,2.790,1.470,0.750,3,0,59.973,0,0,11,35,0,50,0
08-06 15:08:38,73.315,12.261,14.513,0,0,1681980,544820,175200,5515200,29090.675,24308.455,0,256.226,0,22.019,7037,11759,2.790,1.470,0.750,3,0,60.053,0,0,11,34,0,51,0
08-06 15:08:39,66.790,13.707,18.442,0,0,1676760,549992,175200,5515248,25462.045,21392.823,0,11.962,0,0.997,6098,7313,2.790,1.470,0.750,4,0,140.559,0,0,11,34,0,51,0
08-06 15:08:40,67.964,9.781,22.069,0,0,1693572,533140,175200,5515280,19401.030,14595.914,0,0,0,0,5201,5827,2.790,1.470,0.750,4,0,43.136,0,0,11,33,0,53,0
08-06 15:08:41,76.252,13.250,9.750,0,0,1650804,575816,175200,5515368,16833.541,12599.405,0,0,0,0,5824,5421,2.890,1.510,0.770,4,0,78.003,0,0,11,33,0,54,0
08-06 15:08:42,73.969,11.495,14.494,0,0,1661224,565376,175200,5515388,20221.621,15677.504,0,0,0,0,5220,4857,2.890,1.510,0.770,4,0,33.986,0,0,11,34,0,55,0
08-06 15:08:43,61.742,12.748,24.997,0.500,0,1592972,633476,175220,5515516,24693.775,20760.289,0,399.948,0,44.994,6217,8118,2.890,1.510,0.770,5,0,123.984,0,0,11,33,0,57,0
08-06 15:08:44,56.030,13.007,30.016,0,0,1579020,647272,175236,5515652,7697.185,5270.866,0,436.237,0,28.015,4736,3347,2.890,1.510,0.770,2,0,134.073,0,0,11,33,0,58,0
08-06 15:08:45,57.090,5.734,36.148,0,0,1621224,604860,175244,5515852,19263.890,15843.498,0,287.193,0,15.955,4132,4493,2.890,1.510,0.770,3,0,0,0,0,11,34,0,59,0
08-06 15:08:46,55.153,10.780,33.844,0.251,0,1531128,694900,175244,5515904,21638.190,16902.015,0,276.770,0,13.036,6154,8132,2.820,1.520,0.780,3,0,139.388,0,0,11,32,0,61,0
08-06 15:08:47,59.709,9.743,29.980,0,0,1573556,652456,175244,5515920,9161.739,6722.406,0,163.888,0,9.993,3943,2163,2.820,1.520,0.780,2,0,42.971,0,0,11,33,0,54,0
08-06 15:08:48,48.110,9.223,41.380,0,0,1529628,696164,175248,5516128,23675.110,19427.470,0,239.304,0,17.948,5567,7327,2.820,1.520,0.780,3,0,85.750,0,0,11,34,0,55,0
08-06 15:08:49,32.573,10.524,55.876,0,0,1427180,798568,175260,5516160,12311.737,9367.103,0,589.328,0,77.174,6164,6925,2.820,1.520,0.780,3,0,135.305,0,0,11,32,0,57,0
08-06 15:08:50,40.421,6.487,52.398,0.250,0,1543800,681944,175260,5516164,5737.826,3579.030,0,171.666,0,10.979,2699,1410,2.820,1.520,0.780,2,0,0,0,0,11,33,0,57,0
08-06 15:08:51,35.974,3.997,59.706,0,0,1540352,685204,175264,5516344,18679.296,14864.095,0,211.845,0,14.989,4778,5411,2.670,1.510,0.780,5,0,0.999,0,0,11,33,0,57,0
08-06 15:08:52,37.279,12.760,48.538,0,0,1484948,740576,175264,5516376,7185.658,3584.823,0,3434.705,0,190.150,4407,3452,2.670,1.510,0.780,3,0,138.109,0,0,11,32,0,58,0
08-06 15:08:53,34.255,5.251,59.758,0.250,0,1559316,666188,175272,5516388,12418.684,9158.242,0,216.029,0,19.003,2874,2187,2.670,1.510,0.780,2,0,0,0,0,11,34,0,58,0
08-06 15:08:54,35.343,8.773,54.643,0.251,0,1569108,656340,175296,5516420,15324.122,10918.587,0,2598.804,0,94.247,5332,6114,2.670,1.510,0.780,2,0,60.158,0,0,11,32,0,59,1
08-06 15:08:55,40.394,6.234,53.111,0,0,1575304,650140,175296,5516424,9812.360,6543.900,0,39.896,0,2.992,3091,2122,2.670,1.510,0.780,2,0,4.987,0,0,11,33,0,59,0
08-06 15:08:56,37.853,4.512,56.654,0,0.251,1556068,669216,175296,5516580,17344.166,13595.973,0,4.011,0,1.003,4724,5069,2.620,1.520,0.780,2,0,10.027,0,0,11,33,0,60,0
08-06 15:08:57,37.636,7.477,53.588,0,0,1508444,716796,175304,5516616,10240.977,6576.079,0,131.601,0,16.949,3495,3828,2.620,1.520,0.780,2,0,37.885,0,0,11,32,0,61,0
08-06 15:08:58,38.004,5.251,55.507,0,0,1603032,622196,175304,5516628,13994.651,10947.291,0,108.013,0,8.001,2974,2792,2.620,1.520,0.780,2,0,0,0,0,11,34,0,61,0
08-06 15:08:59,29.052,10.519,58.355,0.250,0,1566104,659076,175312,5516664,17728.851,13660.542,0,200.360,0,18.032,5816,6757,2.620,1.520,0.780,3,0,126.227,0,0,11,33,0,55,0
08-06 15:09:00,23.450,11.725,64.612,0,0,1472112,752996,175320,5516724,5908.416,2567.531,0,343.269,0,23.949,3316,2668,2.620,1.520,0.780,1,0,155.668,0,0,11,32,0,56,0
08-06 15:09:01,18.770,3.003,77.585,0.250,0,1495072,730028,175320,5516728,10560.526,7331.001,0,144.157,0,7.008,2107,1835,2.490,1.510,0.790,1,0,1.001,0,0,11,33,0,56,0
08-06 15:09:02,16.252,6.251,75.511,0.250,0,1460460,764468,175340,5516880,10339.547,6602.988,0,756.113,0,57.009,4071,4568,2.490,1.510,0.790,3,0,87.013,0,0,11,32,0,57,0
08-06 15:09:03,12.735,15.481,70.915,0,0,1455924,768996,175340,5516888,5213.762,1618.064,0,19.976,0,4.994,3757,2547,2.490,1.510,0.790,1,0,196.765,0,0,11,32,0,56,0
08-06 15:09:04,17.754,3.751,76.766,0,0,1496436,728476,175340,5516892,7355.489,3971.804,0,80.016,0,3.001,1897,1542,2.490,1.510,0.790,1,0,0,0,0,11,33,0,56,0
08-06 15:09:05,20.735,2.498,75.697,0.500,0,1484976,739892,175360,5516916,13747.338,9932.020,0,1566.899,0,78.945,3493,4117,2.490,1.510,0.790,1,0,0,0,0,11,32,0,57,0
08-06 15:09:06,19.258,6.753,72.532,0,0,1440740,784128,175360,5516916,5285.325,1566.689,0,4.002,0,1.000,2348,1554,2.370,1.500,0.790,1,0,46.020,0,0,11,32,0,57,0
08-06 15:09:07,18.261,2.752,77.546,0,0,1459604,765236,175372,5516928,10873.476,7240.312,0,204.122,0,19.011,2314,2453,2.370,1.500,0.790,1,0,0,0,0,11,33,0,52,0
08-06 15:09:08,15.739,2.498,80.442,0,0,1452132,772660,175388,5516960,14065.860,9930.841,0,551.602,0,42.969,4080,5323,2.370,1.500,0.790,2,0,0,0,0,11,32,0,52,0
08-06 15:09:09,12.286,18.304,68.704,0,0,1416416,808228,175388,5517108,4545.486,1558.624,0,4.012,0,1.003,4743,3192,2.370,1.500,0.790,3,0,313.931,0,0,11,32,0,52,0
08-06 15:09:10,22.951,19.459,55.882,0,0,1460244,764356,175420,5517120,4536.401,1562.693,0,267.434,0,17.962,5006,3853,2.370,1.500,0.790,3,0,312.339,0,0,11,32,0,54,0
08-06 15:09:11,45.116,6.767,48.625,0,0,1544528,678796,175484,5518256,4139.636,1515.895,0,497.278,0,17.044,2917,1576,2.340,1.510,0.790,2,0,3.008,0,0,11,34,0,51,0
08-06 15:09:12,35.488,6.498,43.985,11.746,0,1567496,649856,176152,5523172,4064.608,1565.464,0,19777.225,0,1875.358,10857,18895,2.340,1.510,0.790,3,0,101.965,0,0,11,36,0,51,0
08-06 15:09:13,33.002,9.251,41.502,13.001,0,1546076,667516,176856,5526012,3802.221,1242.072,0,47854.784,0,4062.236,16355,31571,2.340,1.510,0.790,4,0,67.004,0,0,11,36,0,51,0
08-06 15:09:14,44.396,7.482,45.643,1.995,0,1506124,708088,177004,5525208,3631.484,1077.473,0,22766.610,0,1436.631,7222,10513,2.340,1.510,0.790,3,0,12.970,0,0,11,32,0,51,0
08-06 15:09:15,43.284,6.755,47.287,2.502,0,1516804,697252,177060,5525308,4215.267,972.754,0,4203.258,0,598.464,5460,7254,2.340,1.510,0.790,2,1,2.002,0,0,11,34,0,47,0
08-06 15:09:16,38.545,6.508,43.551,8.260,0,1567376,645932,177372,5525728,4752.571,1351.584,0,18361.523,0,2372.781,12447,22316,2.310,1.520,0.800,2,0,2.002,0,0,11,32,0,47,0
08-06 15:09:17,25.199,8.233,64.121,1.746,0,1443296,769892,177476,5525740,5367.239,1562.867,0,11844.254,0,654.687,4167,5005,2.310,1.520,0.800,1,0,98.802,0,0,11,32,0,47,0
08-06 15:09:18,22.502,3.750,72.506,0.250,0,1494112,719056,177492,5525740,5366.423,1620.128,0,340.027,0,28.002,2020,1561,2.310,1.520,0.800,1,0,2.000,0,0,11,32,0,47,0
08-06 15:09:19,23.305,2.757,73.173,0.251,0,1483896,729196,177540,5525764,5198.324,1623.850,0,3215.623,0,176.418,1997,1702,2.310,1.520,0.800,1,0,1.002,0,0,11,32,0,47,0
08-06 15:09:20,22.188,3.989,73.544,0,0.249,1483896,729196,177540,5525764,4846.416,1615.472,0,1771.036,0,208.416,1825,1324,2.310,1.520,0.800,1,0,0,0,0,11,32,0,46,0
08-06 15:09:21,22.753,2.500,73.759,0,0,1503300,709792,177540,5525764,4549.539,1512.179,0,0,0,0,1754,1119,2.210,1.510,0.800,1,0,3.000,0,0,11,32,0,46,0
08-06 15:09:22,22.013,4.252,73.293,0,0,1533280,679800,177540,5525776,5929.452,1566.912,0,0,0,0,1782,1228,2.210,1.510,0.800,2,0,1.001,0,0,11,32,0,46,0
08-06 15:09:23,26.732,6.995,65.457,0,0,1528676,684416,177544,5525772,4053.331,1295.147,0,0,0,0,2867,9563,2.210,1.510,0.800,1,0,37.975,0,0,11,32,0,47,0
08-06 15:09:24,23.256,2.751,73.267,0,0,1431840,781160,177544,5525856,3962.945,744.178,0,156.037,0,2.000,1734,1158,2.210,1.510,0.800,1,0,1.000,0,0,11,32,0,41,0
08-06 15:09:25,22.235,3.498,73.700,0,0,1478712,734288,177544,5525856,4257.114,1618.902,0,215.854,0,2.998,1752,1101,2.210,1.510,0.800,1,0,1.999,0,0,11,32,0,41,0
08-06 15:09:26,23.777,2.253,73.083,0,0,1460160,752748,177556,5525952,4540.181,1459.666,0,452.516,0,33.038,1884,1419,2.110,1.500,0.800,1,0,1.001,0,0,11,32,0,41,0
08-06 15:09:27,22.485,3.498,73.200,0,0,1507200,705708,177556,5525952,4990.584,1712.828,0,0,0,0,1770,1295,2.110,1.500,0.800,1,0,0.999,0,0,11,32,0,41,0
08-06 15:09:28,21.752,3.750,73.758,0,0,1505408,707476,177556,5525976,4352.464,1458.155,0,0,0,0,1743,1277,2.110,1.500,0.800,1,0,0,0,0,11,32,0,37,0
08-06 15:09:29,22.753,3.250,73.261,0,0,1523552,689332,177556,5525976,4546.685,1620.244,0,0,0,0,1704,1069,2.110,1.500,0.800,1,0,2.000,0,0,11,32,0,37,0
08-06 15:09:30,21.001,4.500,73.752,0,0,1500204,712660,177556,5525996,4172.128,1512.046,0,8.000,0,2.000,1794,1297,2.110,1.500,0.800,1,0,1.000,0,0,11,32,0,37,0
08-06 15:09:31,23.251,3.250,73.252,0.250,0,1481016,731812,177556,5526028,4217.108,1350.035,0,124.003,0,2.000,1776,1161,2.020,1.490,0.810,1,0,2.000,0,0,11,32,0,37,0
08-06 15:09:32,21.749,3.750,73.746,0,0.250,1502076,710752,177556,5526028,3265.828,755.960,0,4.000,0,1.000,1727,1175,2.020,1.490,0.810,1,0,2.000,0,0,11,32,0,37,0
08-06 15:09:33,19.999,6.000,72.995,0,0,1469584,743132,177556,5526140,4199.712,1619.889,0,0,0,0,2378,1534,2.020,1.490,0.810,1,0,59.996,0,0,11,32,0,37,0
08-06 15:09:34,7.009,22.027,68.334,0,0,1457984,754648,177556,5526188,4685.768,1621.997,0,784.966,0,63.078,5177,3576,2.020,1.490,0.810,1,0,316.389,0,0,11,32,0,37,0
08-06 15:09:35,8.247,20.993,68.227,0,0,1426420,786044,177556,5526356,4516.477,1457.508,0,467.842,0,7.997,5226,3494,2.020,1.490,0.810,1,0,305.897,0,0,11,32,0,37,0
08-06 15:09:36,6.996,22.238,67.964,0,0,1417088,795340,177556,5526388,4694.545,1619.153,0,955.500,0,43.977,5451,4079,1.940,1.480,0.810,1,0,306.840,0,0,11,32,0,31,0
08-06 15:09:37,8.767,21.291,69.134,0,0,1401296,811112,177556,5526408,4809.323,1623.146,0,0,0,0,5464,3922,1.940,1.480,0.810,1,0,352.684,0,0,11,32,0,31,0
08-06 15:09:38,19.452,5.736,73.318,0,0,1456300,756112,177556,5526400,4788.098,1615.983,0,7.980,0,1.995,2187,1567,1.940,1.480,0.810,1,0,27.931,0,0,11,32,0,31,0
08-06 15:09:39,22.242,3.749,73.722,0,0,1498912,713500,177556,5526400,5038.082,1619.384,0,15.994,0,1.000,1834,1198,1.940,1.480,0.810,1,0,1.999,0,0,11,32,0,31,0
08-06 15:09:40,22.237,3.498,73.206,0,0,1453200,759196,177556,5526416,5456.739,1619.032,0,443.735,0,86.948,1832,1250,1.940,1.480,0.810,1,0,0.999,0,0,11,32,0,26,0
08-06 15:09:41,22.773,4.504,72.822,0.250,0,1462056,750320,177556,5526436,5620.566,1459.445,0,220.218,0,5.005,1955,1241,1.860,1.470,0.810,1,0,3.003,0,0,11,32,0,26,0
08-06 15:09:42,23.197,2.494,73.581,0,0,1410880,801476,177556,5526456,6415.232,1508.527,0,19.954,0,0.998,1819,1184,1.860,1.470,0.810,1,0,0.998,0,0,11,32,0,26,0
08-06 15:09:43,22.314,3.009,73.460,0,0,1472576,739792,177556,5526444,4713.451,1570.482,0,0,0,0,1774,1152,1.860,1.470,0.810,1,0,2.006,0,0,11,32,0,26,0
08-06 15:09:44,22.662,2.988,73.465,0,0,1450760,761592,177556,5526456,4500.541,1452.366,0,15.938,0,1.992,1770,1097,1.860,1.470,0.810,2,0,0.996,0,0,11,32,0,19,0
08-06 15:09:45,20.823,5.268,73.757,0,0,1503500,708876,177556,5526432,4465.557,1625.663,0,0,0,0,1734,1168,1.860,1.470,0.810,1,0,2.007,0,0,11,32,0,19,0
08-06 15:09:46,23.487,2.499,72.960,0,0,1514412,697932,177572,5526440,4842.373,1457.209,0,2686.542,0,54.970,1920,1502,1.790,1.470,0.810,1,0,0,0,0,11,32,0,19,0
08-06 15:09:47,22.263,3.752,73.543,0,0,1487248,725084,177572,5526452,4216.475,1404.825,0,44.026,0,2.001,1804,1325,1.790,1.470,0.810,1,0,1.001,0,0,11,32,0,19,0
08-06 15:09:48,22.248,3.250,73.493,0,0,1511736,700596,177572,5526452,4045.617,1025.903,0,11.999,0,1.000,1692,1093,1.790,1.470,0.810,2,0,2.000,0,0,11,32,0,15,0
08-06 15:09:49,21.991,3.748,73.720,0,0,1483364,728984,177572,5526436,4364.225,1565.363,0,0,0,0,1776,1202,1.790,1.470,0.810,1,0,1.000,0,0,11,32,0,15,0
08-06 15:09:50,22.264,4.002,73.046,0,0,1514096,698252,177572,5526436,4100.559,1458.911,0,4.002,0,1.001,1742,1043,1.790,1.470,0.810,1,0,2.001,0,0,11,32,0,15,0
08-06 15:09:51,23.991,2.499,72.974,0,0,1460252,752068,177572,5526464,4677.322,1511.458,0,135.951,0,3.999,1764,1071,1.810,1.480,0.820,1,0,1.999,0,0,11,32,0,15,0
08-06 15:09:52,22.256,3.001,73.769,0,0,1492148,720260,177572,5526376,4561.193,1620.424,0,0,0,0,1754,1116,1.810,1.480,0.820,1,0,2.001,0,0,11,32,0,11,0
08-06 15:09:53,24.032,2.253,73.599,0,0,1466224,746092,177572,5526464,5042.814,1568.119,0,88.119,0,1.001,1678,998,1.810,1.480,0.820,1,0,1.001,0,0,11,32,0,11,0
08-06 15:09:54,21.225,3.995,73.415,0,0,1520276,692052,177572,5526452,4674.590,1618.127,0,11.986,0,0.999,1757,1313,1.810,1.480,0.820,1,0,0,0,0,11,32,0,11,0
08-06 15:09:55,22.249,3.750,73.248,0,0,1514956,697360,177572,5526464,5159.853,1661.953,0,0,0,0,1775,1278,1.810,1.480,0.820,2,0,1.000,0,0,11,32,0,11,0
08-06 15:09:56,22.250,4.250,73.000,0,0,1542648,669680,177580,5526444,5187.010,1458.003,0,840.002,0,95.000,1925,1632,1.750,1.470,0.820,1,0,2.000,0,0,11,32,0,8,0
08-06 15:09:57,22.752,3.250,73.256,0,0,1493860,718448,177580,5526464,5084.398,1458.114,0,0,0,0,1791,1214,1.750,1.470,0.820,2,0,1.000,0,0,11,32,0,8,0
08-06 15:09:58,22.745,2.999,73.235,0,0,1491184,721120,177580,5526468,5256.934,1511.693,0,159.968,0,10.998,1784,1196,1.750,1.470,0.820,2,0,1.000,0,0,11,32,0,8,0
08-06 15:09:59,21.753,3.501,73.261,0,0,1499264,713052,177580,5526456,5058.769,1458.222,0,0,0,0,1725,1144,1.750,1.470,0.820,1,0,2.000,0,0,11,32,0,8,0
08-06 15:10:00,22.556,3.759,73.935,0,0,1489068,723220,177580,5526484,5413.549,1624.065,0,12.030,0,1.003,1867,1150,1.750,1.470,0.820,2,0,18.045,0,0,11,32,0,5,0
08-06 15:10:01,7.745,22.736,67.457,0,0,1475020,737204,177580,5526516,5191.724,1457.081,0,235.851,0,9.994,5484,3821,1.680,1.460,0.820,3,0,361.772,0,0,11,32,0,5,0
08-06 15:10:02,17.716,8.983,72.113,0,0,1458040,754176,177580,5526524,4920.666,1658.853,0,31.939,0,2.994,2655,1931,1.680,1.460,0.820,1,0,80.847,0,0,11,32,0,5,0
08-06 15:10:03,23.750,2.000,73.250,0.250,0,1489964,722048,177580,5526728,5237.972,1457.992,0,95.999,0,2.000,1735,1083,1.680,1.460,0.820,1,0,0,0,0,11,32,0,5,0
08-06 15:10:04,21.250,4.250,73.750,0,0,1475648,736276,177580,5526780,5178.023,1458.007,0,0,0,0,1936,1329,1.680,1.460,0.820,1,0,9.000,0,0,11,32,0,5,0
08-06 15:10:05,23.498,2.500,73.244,0,0,1508560,703364,177580,5526780,4299.676,1079.919,0,0,0,0,1683,987,1.680,1.460,0.820,1,0,0,0,0,11,32,0,4,0
08-06 15:10:06,10.523,21.297,66.646,0,0,1476348,735428,177580,5526928,5068.083,1665.643,40.088,156.342,2.004,8.018,5911,4700,1.630,1.450,0.820,1,0,489.070,0,0,11,32,0,4,0
08-06 15:10:07,8.003,23.008,68.524,0,0,1467172,744548,177580,5526960,4819.681,1458.509,0,268.093,0,5.002,6370,5134,1.630,1.450,0.820,1,0,535.187,0,0,11,32,0,4,0
08-06 15:10:08,10.003,22.007,67.771,0,0,1443580,768096,177584,5526988,5041.580,1620.508,0,700.219,0,10.003,6538,5456,1.630,1.450,0.820,1,0,565.177,0,0,11,32,0,4,0
08-06 15:10:09,7.748,22.743,67.978,0,0,1427808,783840,177584,5527016,4868.448,1619.484,0,1103.648,0,11.996,5901,4382,1.630,1.450,0.820,3,0,451.856,0,0,11,32,0,3,0
08-06 15:10:10,8.243,22.232,67.945,0,0,1411112,800516,177584,5527032,5215.805,1618.698,0,919.261,0,9.992,5540,3855,1.630,1.450,0.820,2,0,368.703,0,0,11,32,0,3,0
08-06 15:10:11,7.989,20.972,69.158,0,0,1393800,817804,177584,5527056,4630.836,1617.847,0,754.995,0,56.924,5604,4026,1.500,1.430,0.820,2,0,373.503,0,0,11,32,0,3,0
08-06 15:10:12,7.518,21.802,69.416,0,0,1391304,820272,177584,5527084,4871.657,1623.886,0,196.470,0,7.017,5838,4353,1.500,1.430,0.820,1,0,416.998,0,0,11,32,0,3,0
08-06 15:10:13,8.498,21.745,68.733,0,0,1383416,828120,177584,5527120,4216.968,1457.643,0,335.918,0,10.997,5890,4418,1.500,1.430,0.820,1,0,436.893,0,0,11,32,0,1,0
08-06 15:10:14,9.237,22.218,67.901,0,0,1368872,842632,177584,5527152,5032.695,1617.652,0,51.925,0,12.981,6109,4785,1.500,1.430,0.820,1,0,489.290,0,0,11,32,0,1,0
08-06 15:10:15,18.771,25.028,54.560,0,0,1370740,840708,177596,5527192,4522.992,1459.611,0,468.517,0,23.025,6958,6123,1.500,1.430,0.820,4,0,673.744,0,0,11,32,0,3,0
08-06 15:10:16,58.804,19.518,21.019,0,0,1542880,668372,177612,5527372,4200.879,1080.998,0,968.895,0,49.045,4812,3707,1.620,1.450,0.830,3,0,279.258,0,0,11,32,0,7,0
08-06 15:10:17,57.248,12.250,25.999,4.750,0,1651356,552684,177884,5533648,5011.845,1511.953,371.989,14639.548,3.000,1159.964,8229,12102,1.620,1.450,0.830,3,0,52.998,0,0,11,36,0,7,0
08-06 15:10:18,40.491,12.997,29.744,12.497,0,1671456,520960,178884,5543496,4996.913,1457.683,0,78290.972,0,5593.783,20290,40266,1.620,1.450,0.830,3,2,167.963,0,0,11,36,0,8,0
08-06 15:10:19,42.494,11.748,31.996,12.498,0,1724232,457236,179280,5553632,5908.191,3045.583,0,82656.684,0,6029.175,19920,40618,1.620,1.450,0.830,5,2,62.991,0,0,11,37,0,8,0
08-06 15:10:20,43.693,8.739,33.456,10.237,0.250,1719392,453452,179724,5561508,12359.904,8920.383,0,65670.477,0,4946.558,18643,36122,1.620,1.450,0.830,9,0,38.949,0,0,11,36,0,8,1
08-06 15:10:21,37.970,23.981,28.227,7.244,0,1593928,572168,180152,5567932,4917.055,1576.735,295.763,50655.362,3.997,3740.999,17334,30374,2.050,1.550,0.860,10,0,396.682,0,0,11,34,0,9,0
08-06 15:10:22,43.357,20.801,25.312,9.523,0,1630476,529380,180612,5573076,10683.261,6614.259,1475.627,59314.803,26.064,4267.490,17914,35068,2.050,1.550,0.860,3,3,198.488,0,0,11,35,0,9,0
08-06 15:10:23,34.936,14.224,38.679,10.231,0,1618564,537444,180628,5576804,12936.211,8508.354,127.765,49049.801,0.998,3821.972,18287,40491,2.050,1.550,0.860,3,1,172.682,0,0,11,35,0,10,0
08-06 15:10:24,31.970,8.742,46.207,10.240,0,1558800,597396,180784,5576432,12996.853,8958.627,0,49541.699,0,4289.991,18607,35507,2.050,1.550,0.860,5,0,62.941,0,0,11,34,0,10,0
08-06 15:10:25,39.000,10.000,38.000,10.000,0,1596092,557776,181080,5578428,4679.942,1661.979,0,47987.405,0,4593.943,15936,31456,2.050,1.550,0.860,2,0,39.000,0,0,11,34,0,9,0
08-06 15:10:26,33.051,8.513,45.069,10.266,0,1606596,546156,181284,5579296,14171.750,10430.007,0,52320.297,0,4477.872,17638,34490,2.050,1.550,0.870,2,1,36.055,0,0,11,35,0,9,0
08-06 15:10:27,35.290,7.008,43.549,9.260,0,1602564,547816,181364,5581536,16633.661,12949.528,0,42639.837,0,3705.157,17518,32822,2.050,1.550,0.870,1,1,42.047,0,0,11,34,0,10,0
08-06 15:10:28,36.718,10.990,41.714,8.742,0,1534768,612972,181404,5584056,4196.358,1618.595,0,53006.001,0,4122.423,15518,29193,2.050,1.550,0.870,1,3,115.899,0,0,11,36,0,10,0
08-06 15:10:29,33.025,7.506,46.535,11.509,0,1574616,569376,181512,5587584,9538.164,6723.049,0,54128.653,0,4671.509,17648,34373,2.050,1.550,0.870,2,1,75.056,0,0,11,37,0,10,0
08-06 15:10:30,31.698,7.737,46.174,10.982,0,1571932,567136,181684,5592196,13496.685,10124.261,0,72016.931,0,5818.380,22639,44562,2.050,1.550,0.870,3,0,110.817,0,0,11,37,0,10,0
08-06 15:10:31,34.806,7.762,44.571,10.517,0,1557956,581584,181728,5591628,10822.313,7459.934,0,49859.764,0,4537.259,18848,36366,1.960,1.540,0.870,2,0,64.103,0,0,11,36,0,10,0
08-06 15:10:32,36.980,8.995,40.478,11.244,0,1611600,529316,181752,5590228,4469.575,1511.180,0,58492.261,0,5021.275,16850,33937,1.960,1.540,0.870,2,1,23.987,0,0,11,36,0,10,0
08-06 15:10:33,37.003,8.001,49.754,4.000,0,1493600,647136,181804,5590352,11622.941,8841.716,0,30946.505,0,2238.181,9552,17360,1.960,1.540,0.870,4,0,52.004,0,0,11,33,0,11,0
08-06 15:10:34,20.224,12.234,65.915,0,0,1487400,653112,181808,5590568,17695.229,13402.753,0,842.915,0,42.945,6549,7844,1.960,1.540,0.870,1,0,177.771,0,0,11,32,0,12,0
08-06 15:10:35,19.527,6.759,72.600,0.250,0,1428228,712280,181808,5590572,4670.446,1460.015,0,504.697,0,38.053,2556,1832,1.960,1.540,0.870,1,0,55.076,0,0,11,32,0,12,0
08-06 15:10:36,18.428,2.490,76.950,0,0,1466780,673724,181808,5590576,10644.545,6584.357,0,418.371,0,30.880,1969,1685,1.890,1.540,0.870,1,0,0,0,0,11,33,0,12,0
08-06 15:10:37,19.254,5.501,73.765,0.750,0,1448204,692280,181812,5590592,9285.883,5379.091,0,4444.901,0,247.050,3441,4064,1.890,1.540,0.870,2,0,34.007,0,0,11,32,0,13,0
08-06 15:10:38,21.779,4.256,73.598,0,0,1487768,652716,181812,5590592,5305.069,1459.945,0,4.005,0,1.001,1751,1128,1.890,1.540,0.870,2,0,0,0,0,11,32,0,13,0
08-06 15:10:39,16.997,2.500,79.235,0,0,1477688,662412,181812,5591032,11968.779,8328.454,187.965,155.971,2.000,11.998,2597,2790,1.890,1.540,0.870,2,0,2.999,0,0,11,32,0,14,0
08-06 15:10:40,18.993,6.998,72.724,0,0,1488844,651252,181812,5591036,5845.945,1457.488,0,0,0,0,2529,1711,1.890,1.540,0.870,2,0,59.979,0,0,11,32,0,14,0
08-06 15:10:41,18.508,3.251,76.782,0.250,0,1514040,625936,181812,5591156,10459.334,6661.760,0,116.048,0,13.005,2147,2040,1.810,1.530,0.870,1,0,1.000,0,0,11,33,0,14,0
08-06 15:10:42,18.741,4.748,74.966,0,0,1483528,656424,181812,5591180,10913.019,6792.900,0,451.794,0,27.987,3710,4041,1.810,1.530,0.870,1,0,42.980,0,0,11,32,0,15,0
08-06 15:10:43,22.249,4.000,73.748,0,0,1492508,647444,181812,5591180,4681.875,1619.957,0,0,0,0,1699,1099,1.810,1.530,0.870,1,0,0,0,0,11,32,0,15,0
08-06 15:10:44,15.747,2.250,80.236,0,0,1492088,647716,181812,5591328,13781.575,11140.040,0,3.999,0,1.000,2966,3436,1.810,1.530,0.870,0,0,0,0,0,11,33,0,15,0
08-06 15:10:45,14.295,12.540,72.228,0,0,1448128,691572,181812,5591432,6629.968,2919.232,0,112.355,0,13.041,4541,3863,1.810,1.530,0.870,1,0,270.857,0,0,11,32,0,16,0
08-06 15:10:46,18.747,24.746,54.991,0.250,0,1422456,716984,181812,5591692,4668.276,1511.766,0,655.898,0,51.992,6376,5337,1.830,1.530,0.880,3,0,524.919,0,0,11,32,0,22,0
08-06 15:10:47,63.550,11.759,24.269,0.250,0,1591852,547064,181828,5592200,4503.525,1621.269,0,3802.977,0,229.179,4018,1982,1.830,1.530,0.880,3,0,5.004,0,0,11,32,0,22,0
08-06 15:10:48,65.248,10.000,23.749,0,0,1737024,398672,181944,5595008,4425.846,1565.945,0,2915.898,0,92.997,4027,1872,1.830,1.530,0.880,3,0,0,0,0,11,32,0,22,0
08-06 15:10:49,55.950,7.993,30.723,4.746,0,1799280,328616,182080,5602080,4076.363,1618.556,0,16801.010,0,1180.946,8833,12255,1.830,1.530,0.880,2,0,86.922,0,0,11,38,0,22,0
08-06 15:10:50,28.515,9.255,43.772,13.757,0,1795432,319292,182188,5614756,4040.055,1458.742,0,110688.305,0,7984.061,28457,57681,1.830,1.530,0.880,2,1,249.127,0,0,11,38,0,22,0
08-06 15:10:51,32.762,9.003,43.266,13.505,0,1795048,309240,182256,5624664,4458.624,1620.590,0,87255.780,0,7100.586,27239,54663,2.080,1.590,0.900,2,1,199.073,0,0,11,38,0,22,0
08-06 15:10:52,40.744,12.998,29.745,12.998,0,1723136,369256,182404,5636072,4037.359,1457.769,0,106303.122,0,7390.827,23768,49052,2.080,1.590,0.900,3,0,254.960,0,0,11,36,0,22,0
08-06 15:10:53,41.620,10.218,32.150,12.461,0,1740872,341108,182452,5646012,4426.178,1614.957,0,73669.946,0,5100.074,19154,36990,2.080,1.590,0.900,5,0,36.885,0,0,11,36,0,22,0
08-06 15:10:54,38.621,10.533,34.859,13.292,0,1784164,288704,182472,5654764,4472.031,1462.589,0,97521.970,0,6704.034,21542,45191,2.080,1.590,0.900,2,1,56.176,0,0,11,36,0,22,0
08-06 15:10:55,49.842,9.221,29.656,9.968,0,1732888,336608,182488,5658008,3397.230,645.952,0,61648.562,0,4782.837,17027,34476,2.080,1.590,0.900,3,0,164.479,0,0,11,36,0,22,0
08-06 15:10:56,23.521,13.012,62.055,0,0,1473112,596204,182488,5658184,5051.504,1351.205,0,836.746,0,44.039,4108,2698,2.080,1.600,0.910,1,0,188.168,0,0,11,32,0,22,0
08-06 15:10:57,17.996,7.998,72.234,0.250,0,1518276,551016,182488,5658204,4545.012,1565.660,0,3623.212,0,186.959,2784,2427,2.080,1.600,0.910,3,1,61.987,0,0,11,32,0,22,0
08-06 15:10:58,22.742,3.749,72.973,0.250,0,1562952,506340,182488,5658204,5410.033,1511.450,0,2822.974,0,183.933,2035,1859,2.080,1.600,0.910,1,0,0,0,0,11,32,0,22,0
08-06 15:10:59,23.997,2.000,72.742,0.250,0,1588216,481068,182488,5658212,4937.425,1457.830,0,175.980,0,14.998,2204,1894,2.080,1.600,0.910,1,0,2.000,0,0,11,38,0,22,0
08-06 15:11:00,21.992,4.498,72.725,0,0,1507024,562260,182488,5658212,5158.223,1619.442,0,0,0,0,2188,1315,2.080,1.600,0.910,1,0,26.991,0,0,11,32,0,22,0
08-06 15:11:01,21.511,4.252,73.538,0,0,1547052,522232,182488,5658212,4999.602,1620.844,0,40.021,0,4.002,1827,1241,1.990,1.590,0.910,1,0,2.001,0,0,11,32,0,22,0
08-06 15:11:02,23.999,2.750,72.746,0.250,0,1581420,487856,182488,5658220,5459.699,1661.909,0,883.951,0,85.995,2070,1605,1.990,1.590,0.910,1,0,2.000,0,0,11,34,0,22,0
08-06 15:11:03,17.550,16.798,64.934,0,0,1496308,572956,182488,5658232,5295.004,1624.604,0,465.319,0,73.207,4372,3556,1.990,1.590,0.910,2,0,371.051,0,0,11,32,0,22,0
08-06 15:11:04,10.972,38.401,48.874,0,0.249,1492172,577020,182488,5658300,5326.222,1615.820,0,311.195,0,26.930,7458,6707,1.990,1.590,0.910,2,0,933.585,0,0,11,32,0,22,0
08-06 15:11:05,9.268,21.543,68.135,0,0,1480620,588520,182488,5658352,5276.431,1569.102,0,96.190,0,11.022,5359,3613,1.990,1.590,0.910,1,0,369.731,0,0,11,32,0,22,0
08-06 15:11:06,7.483,19.956,69.097,0,0,1463764,605348,182488,5658380,5127.638,1508.657,0,7.982,0,1.996,4986,3348,1.830,1.560,0.900,2,0,272.396,0,0,11,32,0,22,0
08-06 15:11:07,8.509,21.023,69.074,0,0,1427656,641428,182488,5658404,5521.929,1621.741,0,20.021,0,5.005,5160,3388,1.830,1.560,0.900,1,0,262.282,0,0,11,32,0,22,0
08-06 15:11:08,8.186,21.084,67.718,0,0,1415956,653104,182488,5658428,4601.859,1446.639,0,47.626,0,8.930,5184,3500,1.830,1.560,0.900,1,0,270.873,0,0,11,32,0,22,0
08-06 15:11:09,24.420,16.867,58.154,0,0,1421880,647136,182496,5658876,4591.935,1631.345,0,8.056,0,2.014,5866,7007,1.830,1.560,0.900,3,0,191.331,0,0,11,32,0,22,0
08-06 15:11:10,42.224,11.743,44.722,0,0,1515748,553144,182500,5659000,3387.896,809.497,0,171.893,0,1.999,3363,1984,1.830,1.560,0.900,2,0,63.960,0,0,11,33,0,22,0
08-06 15:11:11,49.247,5.750,44.747,0,0,1586648,482200,182500,5659040,3544.796,647.963,0,0,0,0,3371,2211,2,1.600,0.920,3,0,12.999,0,0,11,47,0,22,0
08-06 15:11:12,44.494,6.249,47.994,0.250,0,1639292,427824,182572,5660504,4425.427,1607.792,0,1395.819,0,103.987,3430,2437,2,1.600,0.920,2,0,6.999,0,0,11,49,0,22,0
08-06 15:11:13,15.544,18.302,64.935,0,0,1641248,423052,182576,5663100,4544.958,1516.323,0,4946.102,0,288.823,6052,8511,2,1.600,0.920,1,0,233.666,0,0,11,48,0,22,0
08-06 15:11:14,18.242,17.742,62.972,0,0,1641640,422576,182576,5663112,5023.778,1565.308,0,159.929,0,9.996,5775,7494,2,1.600,0.920,1,0,243.892,0,0,11,48,0,22,0
08-06 15:11:15,1.247,1.247,96.051,0.249,0,1640104,424108,182576,5663120,5121.398,1508.876,0,107.777,0,12.973,1057,1384,2,1.600,0.920,0,0,19.959,0,0,11,48,0,22,0
08-06 15:11:16,0.750,1.000,97.763,0,0,1639432,424776,182576,5663124,5015.687,1458.200,0,36.005,0,4.001,723,997,1.840,1.580,0.910,0,0,3.000,0,0,11,48,0,22,0
08-06 15:11:17,0.500,0.250,97.983,0,0,1639432,424776,182576,5663124,5159.093,1619.715,0,0,0,0,770,1002,1.840,1.580,0.910,1,0,2.999,0,0,11,48,0,22,0
08-06 15:11:18,0.500,0.500,98.257,0,0,1639432,424776,182576,5663124,5220.395,1620.123,0,1796.136,0,17.001,737,1004,1.840,1.580,0.910,0,0,1.000,0,0,11,48,0,15,0
08-06 15:11:19,11.029,12.282,75.449,0,0,1624696,439392,182576,5663692,4814.704,1624.286,0,0,0,0,4343,5128,1.840,1.580,0.910,1,0,198.524,0,0,11,48,0,15,0
08-06 15:11:20,14.258,14.258,69.537,0,0,1617580,446484,182576,5663248,4728.507,1566.831,0,12.006,0,3.002,4612,5390,1.840,1.580,0.910,1,0,199.106,0,0,11,48,0,15,0
08-06 15:11:21,19.483,22.230,56.700,0,0,1682924,381060,182576,5663656,5108.491,1856.362,0,215.810,0,6.994,6839,6948,1.940,1.600,0.920,3,0,407.640,0,0,12,54,0,15,0
08-06 15:11:22,23.203,11.976,62.373,0,0,1690976,372996,182576,5663288,5269.303,1616.718,0,574.833,0,48.901,5209,5935,1.940,1.600,0.920,1,0,160.674,0,0,12,64,0,14,0
08-06 15:11:23,7.500,10.750,80.748,0.500,0,1699244,364716,182576,5664312,5131.872,1511.962,0,1203.970,0,19.000,3066,4839,1.940,1.600,0.920,3,0,223.994,0,0,14,64,0,14,0
08-06 15:11:24,22.243,16.245,59.731,0,0,1690592,373356,182576,5663340,5204.383,1565.514,0,31.990,0,6.998,6494,10811,1.940,1.600,0.920,1,0,222.931,0,0,14,64,0,15,0
08-06 15:11:25,8.000,21.000,68.749,0,0,1698868,365040,182576,5663380,4291.938,1511.978,0,839.988,0,3.000,5258,3756,1.940,1.600,0.920,1,0,306.996,0,0,14,66,0,15,0
08-06 15:11:26,9.277,21.061,68.196,0,0,1675256,388488,182576,5663544,5131.769,1708.918,0,44.127,0,11.032,5410,3833,1.860,1.590,0.920,1,0,311.898,0,0,14,66,0,14,0
08-06 15:11:27,18.243,17.244,63.477,0,0,1684656,379080,182576,5663552,5122.165,1551.444,0,7.997,0,1.999,5986,6870,1.860,1.590,0.920,2,0,210.924,0,0,14,66,0,14,0
08-06 15:11:28,28.022,26.021,45.286,0,0,1758484,305208,182588,5663580,4743.791,1621.296,0,496.397,0,12.010,6139,4672,1.860,1.590,0.920,2,0,434.347,0,0,14,66,0,14,0
08-06 15:11:29,29.452,24.709,44.677,0,0,1815836,246896,182644,5664440,4390.795,1455.611,0,247.594,0,3.993,6581,6850,1.860,1.590,0.920,5,0,461.243,0,0,14,66,0,14,0
08-06 15:11:30,28.783,25.530,44.301,0,0,1907688,154244,182664,5665104,4565.282,1621.876,0,60.069,0,12.014,6281,5694,1.860,1.590,0.920,3,0,397.460,0,0,14,70,0,16,0
08-06 15:11:31,36.735,22.491,40.983,0,0,1906976,172636,179876,5650744,4773.069,1547.374,19.992,19.992,2.999,4.998,6269,6968,1.870,1.600,0.930,2,0,327.867,0,0,14,70,0,15,0
08-06 15:11:32,47.729,24.489,26.489,0.750,0,2005280,147016,174996,5584820,4903.875,1565.322,1043.548,7.997,57.975,1.999,5591,4479,1.870,1.600,0.930,3,0,306.867,0,0,14,70,0,15,0
08-06 15:11:33,56.328,24.284,17.775,0.250,0,2067220,199760,172104,5475600,4600.349,1514.090,224.310,2475.416,11.015,144.199,7647,9368,1.870,1.600,0.930,4,0,408.564,0,0,14,70,0,15,0
08-06 15:11:34,67.554,25.177,6.481,0.499,0,2193316,134288,172000,5416396,4375.308,1184.564,1332.136,6110.275,79.769,454.681,5743,5574,1.870,1.600,0.930,6,0,450.693,0,0,14,70,0,15,0
08-06 15:11:35,76.021,21.506,2.001,0.500,0,2339976,175964,173028,5230584,4431.221,1350.372,2272.626,1296.357,133.037,38.010,6976,8083,1.870,1.600,0.930,4,0,266.073,0,0,14,74,0,13,0
08-06 15:11:36,63.159,26.817,6.266,3.008,0,2486752,145780,172492,5117024,5310.358,1624.085,1848.650,24605.897,108.272,1595.012,12214,20270,2.200,1.670,0.960,9,1,338.852,0,0,14,76,0,13,0
08-06 15:11:37,69.167,23.472,5.244,1.498,0,2554484,146196,172612,5050520,4734.338,1729.931,379.546,20906.994,18.977,1809.835,14103,24790,2.200,1.670,0.960,4,1,321.615,0,0,14,76,0,13,0
08-06 15:11:38,68.932,25.475,4.496,0.250,0,2674940,170840,172228,4908964,4975.095,1618.405,1218.798,1362.657,64.936,75.925,9771,15778,2.200,1.670,0.960,4,0,351.653,0,0,14,89,0,22,0
08-06 15:11:39,58.631,25.807,15.284,0,0,2757224,157360,171980,4841752,4930.978,1623.615,8.018,1026.285,2.004,65.145,7141,9151,2.200,1.670,0.960,5,0,495.102,0,0,14,91,0,26,0
08-06 15:11:40,36.908,22.693,39.152,0.249,0,2814040,171776,171724,4772752,5995.000,1615.957,0,658.353,0,34.913,6441,8732,2.200,1.670,0.960,2,0,328.179,0,0,14,93,0,27,0
08-06 15:11:41,57.685,14.983,24.972,0.250,0,2945440,176432,171280,4640388,5590.676,1618.169,3116.475,627.290,35.959,24.972,5584,8022,2.270,1.690,0.970,2,0,137.844,0,0,14,96,0,30,0
08-06 15:11:42,33.832,11.277,53.880,0.251,0,3017024,171024,171300,4575388,5194.563,1335.229,188.456,2297.557,2.005,133.322,4573,4070,2.270,1.690,0.970,6,0,91.221,0,0,14,99,0,30,0
08-06 15:11:43,7.999,20.249,69.745,0.500,0,3027904,159980,171300,4575668,3675.739,755.946,0,1851.868,0,113.992,5273,4017,2.270,1.690,0.970,1,0,272.981,0,0,14,99,0,28,0
08-06 15:11:44,7.009,19.775,70.839,0,0,3028224,159616,171300,4575696,4643.841,1459.836,4.005,164.207,1.001,15.019,5216,3742,2.270,1.690,0.970,1,0,271.341,0,0,14,99,0,28,0
08-06 15:11:45,8.246,19.741,70.217,0,0,3036832,150984,171300,4575720,4903.725,1565.274,0,2482.848,0,7.996,5132,3514,2.270,1.690,0.970,2,0,276.872,0,0,14,99,0,28,0
08-06 15:11:46,17.695,8.723,71.526,0,0,3086136,169612,171304,4509332,4714.240,1507.281,3.988,111.650,0.997,4.984,2711,1958,2.170,1.680,0.970,1,0,78.753,0,0,14,99,0,28,0
08-06 15:11:47,20.753,3.500,75.511,0,0,3110112,145832,171308,4509244,11257.570,7780.085,76.011,316.044,7.001,21.003,2504,2338,2.170,1.680,0.970,1,0,1.000,0,0,14,105,0,21,0
08-06 15:11:48,19.227,6.492,72.415,0,0,3065448,190340,171308,4509400,21595.554,18005.783,0,135.840,0,4.994,2883,2248,2.170,1.680,0.970,2,0,62.926,0,0,14,103,0,22,0
08-06 15:11:49,23.779,3.504,71.587,0.501,0,3119248,136536,171308,4509404,5894.195,3428.184,0,2643.226,0,135.165,2191,1917,2.170,1.680,0.970,0,0,2.002,0,0,14,108,0,22,0
08-06 15:11:50,20.737,3.248,74.951,0.500,0,3121508,134084,171320,4509588,9473.854,6016.097,0,1790.838,0,97.936,2882,3127,2.170,1.680,0.970,2,0,1.999,0,0,14,114,0,22,0
08-06 15:11:51,28.306,6.763,62.374,1.753,0.501,3143864,178300,171320,4445080,4872.724,1569.131,1382.759,2348.687,65.130,253.506,5261,7231,2.070,1.670,0.970,2,0,7.014,0,0,14,119,0,22,0
08-06 15:11:52,33.985,10.995,52.227,0.750,0,3215492,173248,171320,4380172,5742.514,2689.835,55.976,1415.387,5.997,130.943,5627,6049,2.070,1.670,0.970,1,0,112.951,0,0,14,122,0,24,0
08-06 15:11:53,21.241,2.999,74.969,0,0,3267328,186976,171324,4316224,7443.913,4002.340,3.998,2434.990,1.000,40.983,2087,1741,2.070,1.670,0.970,1,0,2.999,0,0,14,125,0,24,0
08-06 15:11:54,19.728,3.496,74.665,0.749,0,3269424,184764,171324,4316340,11297.137,7713.218,71.918,10731.781,5.993,677.229,3492,3947,2.070,1.670,0.970,4,0,0.999,0,0,14,125,0,24,0
08-06 15:11:55,33.043,10.514,55.322,0.250,0,3238884,215128,171328,4316512,6446.335,2817.643,4.005,1570.030,1.001,142.184,5772,6264,2.070,1.670,0.970,3,0,96.124,0,0,14,128,0,25,0
08-06 15:11:56,42.747,8.249,47.997,0,0,3346244,171996,171328,4253808,5080.662,1511.899,0,403.973,0,24.998,3031,1600,2.070,1.670,0.980,2,0,5.000,0,0,14,128,0,25,0
08-06 15:11:57,26.550,6.262,66.625,0.250,0,3292152,226068,171328,4253828,28432.520,24880.835,0,861.622,0,42.079,2935,2097,2.070,1.670,0.980,2,0,49.092,0,0,14,128,0,26,0
08-06 15:11:58,21.927,3.488,72.757,0.249,0,3367720,150488,171328,4253840,5063.087,1614.607,7.973,920.924,1.993,62.790,2087,1743,2.070,1.670,0.980,2,0,5.980,0,0,14,128,0,26,0
08-06 15:11:59,17.765,3.753,78.317,0,0,3354912,163272,171328,4253864,28229.179,24747.197,0,0,0,0,2197,1646,2.070,1.670,0.980,2,0,26.022,0,0,14,128,0,27,0
08-06 15:12:00,20.497,5.249,72.238,0,0,3340088,229672,171328,4202932,5049.189,1619.740,0,0,0,0,2077,1436,2.070,1.670,0.980,1,0,24.996,0,0,14,128,0,27,0
08-06 15:12:01,20.564,4.012,74.481,0.251,0,3352616,217076,171328,4203000,11172.704,7996.840,8.025,1705.297,2.006,125.389,3680,4710,2.140,1.700,0.990,2,0,6.019,0,0,14,131,0,28,0
08-06 15:12:02,22.679,8.723,67.040,0.249,0,3327932,241528,171328,4203216,5925.434,2651.691,3.988,514.388,0.997,47.850,4096,4507,2.140,1.700,0.990,1,0,84.734,0,0,14,130,0,29,0
08-06 15:12:03,20.744,2.749,74.977,0.250,0,3372784,196664,171328,4203228,11028.674,7276.806,3.999,243.926,1.000,19.994,1964,1556,2.140,1.700,0.990,1,0,1.000,0,0,14,133,0,29,0
08-06 15:12:04,19.313,6.270,73.741,0,0,3385608,183820,171328,4203248,23415.498,19141.535,0,296.970,0,10.033,2600,1886,2.140,1.700,0.990,1,0,55.180,0,0,14,132,0,30,0
08-06 15:12:05,19.195,3.241,77.028,0.249,0,3386096,183328,171328,4203252,10733.069,7216.204,0,139.598,0,8.974,1821,1347,2.140,1.700,0.990,1,0,0,0,0,14,133,0,30,0
08-06 15:12:06,21.748,4.500,69.743,1.500,0,3385284,183860,171328,4203532,6465.352,2450.754,31.997,2643.735,2.000,307.969,5322,8028,2.050,1.680,0.990,2,0,1.000,0,0,14,134,0,30,0
08-06 15:12:07,24.065,6.267,67.181,0.501,0,3323448,245608,171332,4203616,6218.724,2705.275,32.086,2105.663,2.005,187.504,4940,6516,2.050,1.680,0.990,2,0,53.143,0,0,14,133,0,32,0
08-06 15:12:08,22.192,2.992,73.558,0.499,0,3400276,168776,171332,4203620,6709.487,3415.086,0,4524.191,0,280.268,2299,2530,2.050,1.680,0.990,0,0,0,0,0,14,134,0,32,0
08-06 15:12:09,15.511,3.252,80.056,0,0,3396956,172080,171332,4203652,13061.175,9638.771,0,2593.822,0,311.219,2711,2965,2.050,1.680,0.990,1,0,0,0,0,14,134,0,32,0
08-06 15:12:10,25.785,5.508,66.341,1.001,0,3395500,173480,171336,4203704,4506.182,1622.226,0,1598.193,0,141.194,5596,7726,2.050,1.680,0.990,4,0,0,0,0,14,134,0,32,0
08-06 15:12:11,31.710,7.740,57.927,0.250,0,3395652,173260,171336,4203756,5220.443,2482.882,0,1126.585,0,98.876,5765,7268,1.960,1.670,0.990,2,0,78.901,0,0,14,135,0,33,0
08-06 15:12:12,20.002,3.500,75.758,0.250,0,3439140,129764,171336,4203764,10081.005,7375.735,0,460.046,0,31.003,1983,1576,1.960,1.670,0.990,1,0,1.000,0,0,14,138,0,33,0
08-06 15:12:13,20.783,2.254,75.370,0.501,0,3416468,152272,171336,4203928,8500.567,5603.944,0,1053.682,0,117.187,3126,3780,1.960,1.670,0.990,2,0,1.002,0,0,14,137,0,34,0
08-06 15:12:14,16.995,12.246,69.729,0,0,3393348,175376,171336,4203944,4470.677,1553.540,0,495.853,0,27.992,3376,2496,1.960,1.670,0.990,1,0,151.955,0,0,14,137,0,34,0
08-06 15:12:15,18.766,2.502,77.315,0.250,0,3420424,148288,171336,4203956,11374.572,7966.704,0,864.728,0,46.039,2011,1661,1.960,1.670,0.990,2,0,0,0,0,14,138,0,34,0
08-06 15:12:16,25.670,4.486,68.288,0.997,0,3418280,150372,171340,4204012,10496.424,6663.320,0,3122.310,0,264.180,6403,8509,1.890,1.660,0.990,1,0,0.997,0,0,14,140,0,34,0
08-06 15:12:17,30.519,8.505,58.786,0.500,0,3426160,141960,171356,4204512,6898.196,3211.954,424.258,1012.616,70.043,89.054,8663,12154,1.890,1.660,0.990,4,0,4.002,0,0,14,141,0,35,0
08-06 15:12:18,39.490,14.246,44.489,0.500,0,3414176,153644,171356,4204748,5800.543,1871.530,23.994,1307.672,2.999,130.967,9286,12772,1.890,1.660,0.990,1,0,285.928,0,0,14,141,0,35,0
08-06 15:12:19,18.487,4.247,76.445,0.500,0,3469512,127368,171356,4175860,7314.727,4090.051,0,543.608,0,28.979,1789,1306,1.890,1.660,0.990,2,0,0,0,0,14,142,0,35,0
08-06 15:12:20,17.531,8.515,72.377,0,0,3387352,209672,171356,4175844,9772.118,6424.253,0,3838.724,0,371.651,3353,2567,1.890,1.660,0.990,4,1,99.174,0,0,14,141,0,36,0
08-06 15:12:21,8.764,19.782,69.362,0.250,0,3378604,218372,171356,4175892,4592.392,1081.741,0,1610.592,0,97.156,5348,3984,1.740,1.630,0.980,1,0,278.448,0,0,14,141,0,36,0
08-06 15:12:22,9.996,22.491,65.724,0,0,3347804,249132,171356,4176276,5215.946,917.639,7.997,979.614,1.999,141.944,6359,5626,1.740,1.630,0.980,13,0,318.874,0,0,14,141,0,36,0
08-06 15:12:23,23.494,15.496,58.985,0.250,0,3363720,233200,171356,4175944,5866.555,1607.604,3.999,323.920,1.000,22.994,4924,4896,1.740,1.630,0.980,2,0,185.954,0,0,14,141,0,36,0
08-06 15:12:24,34.432,25.450,38.674,0,0,3415592,181224,171356,4176040,5048.081,1525.004,39.922,730.565,2.994,45.910,6648,11922,1.740,1.630,0.980,3,0,421.172,0,0,14,141,0,36,0
08-06 15:12:25,28.266,20.261,50.278,0.750,0,3436876,159440,171372,4176700,4308.429,1458.822,64.036,4346.450,4.002,241.136,6735,7810,1.740,1.630,0.980,1,0,327.184,0,0,14,147,0,37,0
08-06 15:12:26,44.808,23.030,31.040,0,0,3551840,152432,171384,4071052,4522.888,1622.112,108.141,412.537,8.010,25.033,7986,12321,2.320,1.760,1.030,5,0,392.511,0,0,16,152,0,37,0
08-06 15:12:27,50.493,28.496,20.497,0,0,3670008,183044,171384,3924088,5103.261,1713.752,95.986,1363.803,3.000,32.995,6795,6465,2.320,1.760,1.030,5,0,540.922,0,0,16,153,0,37,0
08-06 15:12:28,55.775,19.259,23.761,0,0,3750212,150020,171384,3877348,4381.988,1710.776,8.004,652.296,2.001,26.012,9531,14297,2.320,1.760,1.030,5,0,207.094,0,0,16,169,0,37,0
08-06 15:12:29,33.027,25.521,41.034,0,0,3818128,136968,171384,3823396,4655.865,1513.256,0,328.273,0,13.011,14239,4947,2.320,1.760,1.030,2,0,460.382,0,0,16,169,0,37,0
08-06 15:12:30,19.462,22.955,56.140,0.499,0,3827084,183852,171384,3768972,4491.171,1616.822,3.992,383.247,0.998,26.947,5970,4686,2.320,1.760,1.030,1,0,386.241,0,0,17,169,0,37,0
08-06 15:12:31,15.711,19.202,62.842,0,0,3848596,162316,171384,3769448,4804.936,1615.943,7.980,231.419,1.995,16.957,6275,7092,2.210,1.740,1.030,1,0,266.331,0,0,17,169,0,37,0
08-06 15:12:32,26.869,23.605,48.214,0,0,3894324,155512,171384,3731024,4520.102,1627.237,4.018,389.733,1.004,28.125,6252,5162,2.210,1.740,1.030,2,0,388.729,0,0,17,169,0,35,0
08-06 15:12:33,36.610,21.418,40.844,0.498,0,3957536,138468,171392,3685916,4201.972,1414.604,7.970,215.179,1.992,22.913,6268,5719,2.210,1.740,1.030,2,0,329.742,0,0,17,173,0,35,0
08-06 15:12:34,28.828,21.057,49.133,0.251,0,4012764,121216,171392,3648708,3890.553,1082.937,36.098,260.707,3.008,17.046,6558,6300,2.210,1.740,1.030,2,0,470.276,0,0,17,175,0,35,0
08-06 15:12:35,42.736,28.241,27.991,0,0,4111792,128296,171400,3545016,4456.572,1457.533,31.990,703.775,4.998,36.988,8067,13273,2.210,1.740,1.030,5,1,580.814,0,0,17,187,0,35,0
08-06 15:12:36,22.751,26.001,49.501,0,0,4161084,165184,171400,3460596,5015.150,1458.044,128.004,480.014,9.000,38.001,8319,11471,2.110,1.730,1.030,1,1,390.012,0,0,17,193,0,36,0
08-06 15:12:37,11.500,21.250,65.000,0,0,4168388,157836,171400,3461088,4578.019,1458.006,0,532.002,0,24.000,6266,6206,2.110,1.730,1.030,1,1,285.001,0,0,17,193,0,36,0
08-06 15:12:38,37.167,16.713,44.651,0.249,0,4223660,131312,171400,3432508,4567.833,1454.762,574.721,618.623,9.978,49.889,5926,6326,2.110,1.730,1.030,2,1,196.562,0,0,17,209,0,36,0
08-06 15:12:39,43.466,9.992,45.714,0.250,0,4348888,126248,171400,3315000,4994.112,1546.796,647.496,599.533,9.992,45.964,3247,2099,2.110,1.730,1.030,2,1,0.999,0,0,17,209,0,36,0
08-06 15:12:40,35.259,9.502,54.013,0.250,0,4439432,158232,171408,3195248,6657.653,1566.389,64.016,16083.995,7.002,937.233,3602,2679,2.110,1.730,1.030,1,1,10.002,0,0,17,214,0,21,0
08-06 15:12:41,29.098,13.044,56.942,0.251,0,4341120,256476,171412,3195296,5347.033,1517.116,28.095,288.975,4.014,29.098,4346,3596,2.030,1.720,1.030,2,1,198.670,0,0,17,213,0,21,0
08-06 15:12:42,35.584,30.110,32.598,0,0,4453676,141332,171432,3197848,5898.561,1558.749,1572.684,3264.813,27.870,32.847,6568,6702,2.030,1.720,1.030,3,0,530.532,0,0,17,217,0,21,0
08-06 15:12:43,35.864,24.076,39.124,0,0,4444924,188612,171448,3161404,12253.928,10030.866,12.038,938.983,3.010,27.086,6723,7661,2.030,1.720,1.030,3,1,333.058,0,0,17,222,0,22,0
08-06 15:12:44,62.384,19.542,17.788,0.251,0,4486008,145948,171452,3162976,5226.248,1767.805,60.129,224.483,8.017,22.047,5471,5711,2.030,1.720,1.030,4,0,205.442,0,0,17,226,0,20,0
08-06 15:12:45,66.593,13.718,18.706,0.499,0,4650672,135884,171476,3012444,10641.924,8702.494,1859.618,514.787,54.871,23.944,4767,3805,2.030,1.720,1.030,2,0,27.934,0,0,17,231,0,20,0
08-06 15:12:46,64.184,11.239,19.980,3.746,0,4616532,217524,171544,2966656,9873.906,5392.488,6281.579,2305.643,483.506,149.847,7023,8353,2.180,1.760,1.040,7,0,33.965,0,0,17,234,0,26,0
08-06 15:12:47,37.151,25.682,36.653,0,0,4692648,138876,171552,2969152,4340.481,1507.998,0,9566.611,0,33.910,7598,7833,2.180,1.760,1.040,5,0,546.550,0,0,17,233,0,26,0
08-06 15:12:48,38.209,19.356,41.477,0,0,4690588,167432,171556,2943364,13852.912,11700.115,88.485,695.813,5.028,35.193,7393,8796,2.180,1.760,1.040,2,0,309.697,0,0,17,234,0,25,0
08-06 15:12:49,55.392,28.445,15.470,0.250,0,4735292,132968,171556,2933796,5939.415,2579.968,195.618,566.894,7.984,45.910,6763,7180,2.180,1.760,1.040,6,0,538.949,0,0,17,233,0,26,0
08-06 15:12:50,61.328,19.695,17.451,0.748,0,4809488,148352,172232,2844668,10482.641,7354.402,1786.995,1156.760,88.751,49.860,5611,7722,2.180,1.760,1.040,7,0,248.305,0,0,17,240,0,28,0
08-06 15:12:51,52.532,28.402,18.600,0,0,4815800,175472,172232,2812208,9495.967,6655.723,197.058,941.051,7.038,68.367,8682,11514,2.250,1.780,1.050,6,0,498.676,0,0,17,241,0,29,0
08-06 15:12:52,63.634,20.712,14.474,0.250,0,4905160,122080,172244,2777452,4560.681,2302.799,586.929,830.485,29.945,39.927,7549,12739,2.250,1.780,1.050,1,0,268.510,0,0,17,250,0,30,0
08-06 15:12:53,56.091,19.031,24.039,0.250,0,5006792,140440,172248,2660328,15329.892,11797.155,665.080,885.438,21.034,58.094,6840,10845,2.250,1.780,1.050,9,0,184.299,0,0,17,249,0,29,0
08-06 15:12:54,64.752,10.500,24.501,0.750,0,5065940,126608,172252,2616348,10938.393,8037.289,700.025,696.025,42.002,32.001,5481,10684,2.250,1.780,1.050,2,0,9.000,0,0,17,250,0,29,0
08-06 15:12:55,54.982,9.747,33.489,0.250,0,5146340,145048,172256,2520420,15503.906,12362.938,1411.536,843.723,56.981,69.977,5663,6273,2.250,1.780,1.050,2,0,10.996,0,0,17,257,0,35,0
08-06 15:12:56,51.494,21.498,26.747,0,0,5047800,243484,172256,2520524,8434.049,3734.579,611.931,735.917,9.999,56.994,6209,5524,2.310,1.800,1.060,5,0,315.964,0,0,17,257,0,37,0
08-06 15:12:57,45.014,30.760,22.507,0.250,0,5130664,156648,172380,2524308,10695.310,7401.291,4365.351,1435.444,65.020,76.024,7557,8483,2.310,1.800,1.060,3,0,483.150,0,0,17,258,0,36,0
08-06 15:12:58,56.116,23.195,20.451,0,0,5085100,202068,172392,2524772,10358.231,6649.100,782.130,881.891,8.979,31.924,6131,7992,2.310,1.800,1.060,5,0,203.513,0,0,18,257,0,37,0
08-06 15:12:59,78.572,18.767,2.002,0.250,0,5204676,141932,172392,2467888,7506.845,3954.606,944.862,3331.037,32.029,214.195,6336,6299,2.310,1.800,1.060,5,0,147.134,0,0,18,265,0,38,0
08-06 15:13:00,77.695,14.692,6.226,0.996,0,5333664,133128,172408,2351672,13709.242,9959.944,3701.485,1868.672,170.332,220.137,6533,6788,2.310,1.800,1.060,4,0,11.953,0,0,18,264,0,41,0
08-06 15:13:01,69.070,17.518,12.012,0.250,0,5337176,128220,172432,2353100,5237.345,2108.152,692.707,15283.599,19.019,1262.288,7647,9321,2.370,1.820,1.070,4,0,232.237,0,0,18,270,0,40,0
08-06 15:13:02,33.744,9.248,55.240,0,0,5355444,123480,172432,2340584,18168.661,12658.674,559.897,619.886,6.999,44.992,3787,3143,2.370,1.820,1.070,2,0,7.999,0,0,18,275,0,40,0
08-06 15:13:03,41.652,10.037,47.674,0.502,0,5362648,120436,172432,2336924,4619444.139,40404.583,770.816,12148.374,6.022,60.220,4921,2939,2.370,1.820,1.070,2,0,12.044,0,0,18,275,0,41,0
08-06 15:13:04,47.848,20.934,29.905,0,0,5377512,131652,172432,2312732,11924470.201,98209.370,2838.992,538.292,32.896,30.902,9132,6223,2.370,1.820,1.070,3,0,264.162,0,0,18,277,0,41,0
08-06 15:13:05,48.980,11.245,38.234,0.250,0,5367980,205512,172432,2249364,11845.176,8761.432,511.792,819.666,3.998,65.973,4396,3484,2.370,1.820,1.070,1,0,10.996,0,0,18,281,0,39,0
08-06 15:13:06,41.583,5.261,52.605,0.251,0,5426852,146600,172432,2249492,14430.926,10699.447,64.129,492.988,4.008,47.094,5023,5549,2.340,1.820,1.080,1,0,2.004,0,0,18,289,0,40,0
08-06 15:13:07,16.470,2.994,77.357,0.749,0,5437308,135680,172432,2249956,419743.228,16370839.312,415.234,622.850,21.959,59.889,4539,4084,2.340,1.820,1.080,1,0,0.998,0,0,18,286,0,42,0
08-06 15:13:08,43.118,5.264,49.887,0,0,5416388,156512,172440,2250036,10012465.488,106999.546,32.088,1435.939,1.003,55.151,13457,8117,2.340,1.820,1.080,3,0,7.019,0,0,18,292,0,42,0
08-06 15:13:09,30.612,7.715,58.486,0,0,5345632,211036,172440,2266236,7063422.041,141900.768,47.784,17150.619,2.987,76.654,12576,9267,2.340,1.820,1.080,0,0,65.704,0,0,18,289,0,43,0
08-06 15:13:10,13.791,11.033,73.469,0.501,0,5314924,241688,172440,2266292,8329.871,4556.605,16.048,2587.726,1.003,249.746,4251,3821,2.340,1.820,1.080,2,0,160.479,0,0,18,288,0,44,0
08-06 15:13:11,15.889,11.669,69.763,0.497,0,5362960,193596,172440,2266332,4426.127,1608.779,15.889,603.789,1.986,42.702,4472,4284,2.230,1.810,1.080,1,0,275.081,0,0,18,288,0,44,0
08-06 15:13:12,21.625,6.035,71.915,0,0,5390136,166404,172440,2266348,4664.915,1508.705,0,317.834,0,15.087,2527,1832,2.230,1.810,1.080,2,0,49.284,0,0,18,288,0,44,0
08-06 15:13:13,8.269,19.044,70.665,0,0,5367232,189276,172440,2266380,4829.276,1461.412,0,316.740,0,15.035,5324,3898,2.230,1.810,1.080,1,0,290.679,0,0,18,288,0,43,0
08-06 15:13:14,8.224,21.183,68.286,0.249,0,5363332,193120,172440,2266436,5145.839,1614.928,15.950,1662.778,1.994,102.678,5709,4665,2.230,1.810,1.080,0,0,334.948,0,0,18,288,0,43,0
08-06 15:13:15,3.502,1.251,93.796,0.250,0,5355356,201096,172440,2266436,4820.374,1458.718,0,216.106,0,22.011,1349,1613,2.230,1.810,1.080,2,0,8.004,0,0,18,292,0,43,0
08-06 15:13:16,22.250,4.750,72.501,0,0.250,5388108,168336,172440,2266444,5297.104,1620.032,0,16.000,0,1.000,2001,1552,2.130,1.790,1.080,1,0,3.000,0,0,18,292,0,43,0
08-06 15:13:17,18.999,1.750,77.746,0,0,5394632,161736,172440,2266520,14056.269,10457.456,63.997,0,4.000,0,2298,2014,2.130,1.790,1.080,1,0,3.000,0,0,18,296,0,43,0
08-06 15:13:18,11.536,17.053,69.967,0,0,5368756,187512,172444,2266600,4544.085,812.519,24.075,188.585,3.009,18.056,5016,3713,2.130,1.790,1.080,2,0,184.572,0,0,18,296,0,43,0
08-06 15:13:19,13.470,16.712,67.598,0,0,5347640,208316,172444,2266880,4400.109,808.183,0,347.219,0,29.933,4988,3739,2.130,1.790,1.080,1,0,170.616,0,0,18,300,0,43,0
08-06 15:13:20,12.248,16.747,68.988,0.250,0,5344728,211012,172444,2267080,5159.136,1619.729,0,227.962,0,20.996,4823,3391,2.130,1.790,1.080,2,0,152.974,0,0,18,300,0,43,0
08-06 15:13:21,18.244,9.997,69.978,0.250,0,5344816,210888,172448,2267112,5355.315,1661.477,3.999,563.823,1.000,24.992,3542,2894,2.040,1.780,1.080,1,0,93.970,0,0,18,300,0,41,0
08-06 15:13:22,23.250,3.750,72.249,0,0,5406836,148868,172448,2267112,5477.924,1457.980,103.999,187.997,1.000,12.000,2190,1753,2.040,1.780,1.080,1,0,0,0,0,18,300,0,41,0
08-06 15:13:23,24.750,2.500,71.751,0.250,0,5427608,127788,172448,2267420,6000.044,1620.012,284.002,272.002,10.000,33.000,2573,2503,2.040,1.780,1.080,1,0,4.000,0,0,18,304,0,41,0
08-06 15:13:24,27.499,7.000,63.998,0.250,0,5302236,252852,172452,2267724,5579.814,1619.946,195.993,559.981,12.000,39.999,3472,6899,2.040,1.780,1.080,2,0,40.999,0,0,18,300,0,42,0
08-06 15:13:25,22.779,4.506,72.090,0,0,5356148,198924,172452,2267740,4043.069,1529.918,0,204.256,0,16.020,2192,1905,2.040,1.780,1.080,3,0,1.001,0,0,18,300,0,40,0
08-06 15:13:26,14.741,2.998,80.949,0.250,0,5376020,179044,172452,2267748,14156.997,10969.025,0,5852.278,0,752.521,2455,2042,1.960,1.770,1.080,1,0,1.999,0,0,18,303,0,41,0
08-06 15:13:27,22.075,1.756,75.508,0.251,0,5319816,235240,172452,2267756,14356.077,11325.718,0,220.755,0,24.082,2409,1956,1.960,1.770,1.080,1,0,2.007,0,0,18,300,0,42,0
08-06 15:13:28,21.669,4.981,71.483,0,0,5322540,232516,172452,2267756,4708.420,1560.175,15.940,123.539,0.996,12.952,2313,2000,1.960,1.770,1.080,1,0,13.948,0,0,18,300,0,42,0
08-06 15:13:29,24.232,2.248,72.945,0.250,0,5339028,215884,172452,2267900,4556.556,1618.776,0,131.900,0,9.992,1908,1371,1.960,1.770,1.080,1,0,0,0,0,18,300,0,42,0
08-06 15:13:30,10.296,18.834,69.310,0.251,0,5322820,231840,172460,2268144,4538.285,1464.546,502.245,397.778,13.058,14.063,5938,5038,1.960,1.770,1.080,2,0,410.836,0,0,18,300,0,42,0
08-06 15:13:31,17.195,11.214,70.772,0.249,0,5354972,199652,172584,2268056,3764.866,1076.530,131.576,1236.016,5.981,205.338,4283,3590,1.880,1.750,1.080,1,0,192.380,0,0,18,300,0,42,0
08-06 15:13:32,18.239,3.248,77.704,0,0,5393572,159836,172628,2269228,11011.486,4330.438,3.998,443.737,0.999,17.989,2056,1697,1.880,1.750,1.080,1,0,16.990,0,0,18,301,0,42,0
08-06 15:13:33,22.245,3.499,72.234,0.250,0,5382164,165240,173324,2274424,4513.007,1685.629,119.974,1019.776,3.999,22.995,2194,1746,1.880,1.750,1.080,1,0,3.999,0,0,18,300,0,42,0
08-06 15:13:34,21.494,6.748,69.980,0.250,0,5354564,191580,173368,2275592,5270.507,2058.417,3.999,603.829,1.000,8.997,9909,18217,1.880,1.750,1.080,1,0,11.997,0,0,18,301,0,42,0
08-06 15:13:35,19.012,6.004,73.297,0,0,5355808,190032,173420,2275844,11152.201,3962.559,20.013,388.251,3.002,6.004,9783,17755,1.880,1.750,1.080,1,0,13.008,0,0,18,301,0,42,0
08-06 15:13:36,21.245,6.748,71.232,0.250,0,5339880,211780,173544,2269900,5023.758,1739.570,3.999,16811.845,1.000,42.989,2318,1760,1.810,1.740,1.080,1,1,7.998,0,0,18,300,0,42,0
08-06 15:13:37,12.798,15.559,69.764,0,0,5329488,222224,173544,2269896,4880.463,1626.152,0,373.413,0,12.046,4734,3888,1.810,1.740,1.080,1,0,269.018,0,0,18,300,0,42,0
08-06 15:13:38,24.157,2.739,71.474,0.249,0,5372716,178780,173544,2270112,4602.243,1613.773,31.877,223.139,0.996,26.896,2307,2121,1.810,1.740,1.080,1,0,0,0,0,18,300,0,41,0
08-06 15:13:39,18.748,2.000,77.743,0.250,0,5383004,168468,173544,2270136,15916.473,11885.860,15.998,3107.702,1.000,161.984,2575,2711,1.810,1.740,1.080,3,0,0,0,0,18,300,0,44,0
08-06 15:13:40,21.752,8.501,68.756,0.500,0,5372552,178836,173544,2270220,6002.562,1512.142,48.004,388.036,4.000,31.003,3591,3166,1.810,1.740,1.080,2,0,117.011,0,0,18,302,0,44,0
08-06 15:13:41,22.756,3.751,72.020,0,0,5404492,146824,173548,2270288,15394.371,10312.929,0,1288.366,0,120.034,2916,2923,1.740,1.730,1.080,1,0,4.001,0,0,18,304,0,45,0
08-06 15:13:42,22.736,7.496,68.209,0,0,5368556,182748,173548,2270300,6116.338,1619.031,0,311.813,0,22.986,3276,2812,1.740,1.730,1.080,2,0,71.957,0,0,18,304,0,45,0
08-06 15:13:43,20.252,2.750,76.258,0.250,0,5400044,151248,173548,2270312,12059.240,7279.748,0,96.010,0,8.001,2053,1590,1.740,1.730,1.080,2,0,0,0,0,18,305,0,45,0
08-06 15:13:44,18.506,6.002,73.772,0,0,5391076,160068,173548,2270460,12958.925,8827.674,0,124.038,0,10.003,2836,2266,1.740,1.730,1.080,2,0,56.017,0,0,18,304,0,46,0
08-06 15:13:45,20.491,3.748,74.968,0,0,5419928,131356,173548,2270332,6212.366,3530.503,127.946,147.937,1.999,6.997,1981,1530,1.740,1.730,1.080,1,0,0,0,0,18,305,0,46,0
08-06 15:13:46,18.760,4.753,75.041,0,0,5378028,173248,173552,2270336,13099.094,9718.263,12.007,52.028,1.001,4.002,2645,2120,1.680,1.720,1.080,2,0,32.017,0,0,18,304,0,46,0
08-06 15:13:47,22.239,4.248,72.714,0,0,5420572,130940,173552,2270104,4109.938,1511.242,0,1683.156,0,306.846,1984,1524,1.680,1.720,1.080,1,0,0,0,0,18,304,0,46,0
08-06 15:13:48,13.496,3.249,81.726,0.250,0,5423956,191256,172648,2207960,13561.072,11463.679,127.963,323.906,6.998,31.991,2342,2467,1.680,1.720,1.080,0,0,0,0,0,18,305,0,46,0
08-06 15:13:49,19.794,6.765,71.912,0.501,0,5345208,269428,172660,2208524,5790.004,2559.749,641.441,553.243,50.113,42.095,2853,2428,1.680,1.720,1.080,1,0,47.106,0,0,18,304,0,47,0
08-06 15:13:50,19.713,2.745,77.106,0,0,5390452,224096,172660,2208612,10352.630,7307.328,0,211.604,0,15.970,2067,1698,1.680,1.720,1.080,1,0,0,0,0,18,305,0,41,0
08-06 15:13:51,20.933,5.483,71.522,0.249,0,5333224,281316,172660,2208620,8986.330,6000.855,0,362.842,0,20.933,2877,2476,1.630,1.700,1.070,1,0,32.895,0,0,18,304,0,44,0
08-06 15:13:52,21.565,3.511,73.722,0,0,5379428,235108,172664,2208620,5812.515,3542.675,0,188.568,0,14.042,2119,1791,1.630,1.700,1.070,0,0,0,0,0,18,305,0,44,0
08-06 15:13:53,13.994,2.499,81.467,0.500,0,5375176,239344,172664,2208636,13837.449,10528.776,0,403.838,0,43.982,2570,2859,1.630,1.700,1.070,1,0,0,0,0,18,304,0,45,0
08-06 15:13:54,12.006,11.506,73.790,1.751,0,5336644,275912,173212,2210052,5380.887,3151.691,1856.996,580.311,270.145,41.022,4300,3931,1.630,1.700,1.070,1,0,180.097,0,0,18,306,0,40,0
08-06 15:13:55,3.004,3.004,92.630,0,0,5328024,284492,173212,2210092,18570.968,3862.401,0,376.526,0,23.032,1749,1798,1.630,1.700,1.070,3,0,40.056,0,0,18,304,0,41,0
08-06 15:13:56,3.994,6.241,88.627,0,0,5318456,294048,173212,2210104,11459.051,4666.505,0,3.994,0,0.999,2235,2002,1.500,1.680,1.070,1,0,85.880,0,0,18,306,0,41,0
08-06 15:13:57,13.495,14.244,70.222,0.250,0,5315484,296616,173212,2210508,4976.029,1961.223,335.867,355.859,20.992,17.993,4546,3630,1.500,1.680,1.070,2,0,209.917,0,0,18,304,0,42,0
08-06 15:13:58,22.739,4.498,72.214,0.500,0,5333044,268160,173376,2221240,4809.608,1511.249,111.944,1371.318,8.996,21.989,2317,2027,1.500,1.680,1.070,4,0,2.999,0,0,18,304,0,33,0
08-06 15:13:59,15.264,2.252,80.573,0,0,5330016,267344,173400,2224996,15799.259,6002.417,4.004,1004.907,1.001,36.033,1933,1665,1.500,1.680,1.070,2,0,18.016,0,0,18,304,0,33,0
08-06 15:14:00,13.524,14.275,70.124,1.252,0.250,5309260,284820,173548,2228096,5020.914,1514.689,1462.597,3189.663,29.052,102.181,5113,4641,1.500,1.680,1.070,1,0,212.377,0,0,18,304,0,33,0
08-06 15:14:01,18.541,9.772,69.906,0,0,5339644,254388,173548,2228144,5174.577,1569.511,0,244.547,0,24.054,3307,2784,1.460,1.660,1.070,1,0,93.209,0,0,18,304,0,33,0
08-06 15:14:02,18.922,3.237,76.934,0,0,5359144,234876,173548,2228156,10554.703,7195.483,0,1712.973,0,292.799,2088,1701,1.460,1.660,1.070,1,0,0,0,0,18,305,0,28,0
08-06 15:14:03,20.589,5.775,72.312,0.502,0,5333540,260452,173548,2228184,23783.528,19161.603,0,269.160,0,30.130,2835,2300,1.460,1.660,1.070,2,0,47.203,0,0,18,304,0,30,0
08-06 15:14:04,19.626,3.478,75.770,0,0,5373604,220384,173548,2228188,7691.321,3926.151,0,71.547,0,9.937,1964,1591,1.460,1.660,1.070,2,0,0,0,0,18,305,0,30,0
08-06 15:14:05,20.533,3.756,74.118,0,0,5285112,308676,173548,2228388,11599.411,8005.707,192.305,0,12.019,0,2436,1994,1.460,1.660,1.070,2,0,14.022,0,0,18,304,0,32,0
08-06 15:14:06,23.014,3.752,72.544,0,0,5353644,240144,173548,2228388,4731.878,1512.920,0,28.017,0,1.001,1992,1462,1.420,1.650,1.070,1,0,0,0,0,18,304,0,29,0
08-06 15:14:07,20.736,3.248,74.201,0.750,0,5356772,235284,173548,2230120,11437.411,8002.690,1550.971,2266.496,52.965,89.940,3703,4618,1.420,1.650,1.070,1,1,0.999,0,0,18,307,0,29,0
08-06 15:14:08,24.341,5.270,68.756,0.502,0,5362324,229552,173556,2230292,5683.168,2708.087,160.598,2637.825,8.030,217.811,4739,6479,1.420,1.650,1.070,1,0,5.019,0,0,18,306,0,30,0
08-06 15:14:09,19.939,4.237,74.025,0.498,0.249,5423688,168136,173556,2230344,9774.289,7149.268,0,442.654,0,37.885,2275,2050,1.420,1.650,1.070,1,0,0,0,0,18,307,0,30,0
08-06 15:14:10,19.189,3.738,74.013,0.249,0,5421680,169948,173560,2230536,8644.310,5530.285,159.489,614.033,6.978,68.780,4115,5298,1.420,1.650,1.070,1,0,0,0,0,18,307,0,24,0
08-06 15:14:11,17.020,14.517,67.080,0.501,0.250,5377896,213688,173572,2230568,5533.580,2849.388,12.014,889.057,3.004,84.100,5316,5159,1.470,1.660,1.070,1,0,232.276,0,0,18,306,0,25,0
08-06 15:14:12,8.285,23.098,66.532,0,0,5356176,235392,173572,2230584,4023.080,1614.856,0,2080.834,0,113.482,5882,4510,1.470,1.660,1.070,1,0,399.697,0,0,18,306,0,25,0
08-06 15:14:13,8.760,22.527,66.830,0,0,5346904,244640,173572,2230608,4084.863,1621.931,0,476.567,0,33.039,5895,4583,1.470,1.660,1.070,1,0,414.493,0,0,18,306,0,25,0
08-06 15:14:14,8.748,24.244,64.483,0.250,0,5320976,270544,173572,2230632,5278.617,1619.576,0,2327.390,0,137.964,6282,5386,1.470,1.660,1.070,1,0,421.889,0,0,18,306,0,25,0
08-06 15:14:15,9.226,22.941,65.582,0.499,0,5317720,273772,173572,2230660,5027.150,1615.870,0,3183.862,0,167.572,6565,5756,1.470,1.660,1.070,2,0,470.797,0,0,18,306,0,25,0
08-06 15:14:16,8.277,22.573,67.969,0,0,5334304,257168,173572,2230680,5434.490,1625.231,0,120.387,0,14.045,5906,4522,1.430,1.650,1.070,2,0,418.346,0,0,18,306,0,25,0
08-06 15:14:17,8.753,22.508,67.024,0,0,5336308,255128,173572,2230716,4713.720,1512.552,0,1820.665,0,317.116,6571,5464,1.430,1.650,1.070,1,0,537.196,0,0,18,306,0,25,0
08-06 15:14:18,7.978,22.935,67.560,0,0,5329824,261588,173572,2230740,5145.509,1615.450,0,107.697,0,12.963,6265,5118,1.430,1.650,1.070,2,0,488.624,0,0,18,306,0,25,0
08-06 15:14:19,8.526,20.815,69.215,0,0,5328128,263208,173576,2230812,5462.955,1570.875,24.075,140.436,3.009,10.031,6109,4972,1.430,1.650,1.070,1,0,458.423,0,0,18,306,0,24,0
08-06 15:14:20,18.415,7.466,71.920,0.249,0,5322448,375928,174084,2134856,5347.445,1505.089,31.854,2058.547,4.977,16.922,2676,2421,1.430,1.650,1.070,2,0,42.803,0,0,18,306,0,24,0
08-06 15:14:21,24.256,3.501,71.519,0.250,0,5339484,354764,174308,2138760,6370.656,2059.535,12.003,1840.478,3.001,43.011,2602,2378,1.390,1.640,1.070,2,0,17.004,0,0,18,307,0,24,0
08-06 15:14:22,12.745,1.249,83.965,1.000,0,5353032,340148,174396,2139732,25587.319,12796.658,827.655,1487.379,57.976,46.980,1758,1715,1.390,1.640,1.070,0,0,0,0,0,18,307,0,24,0
08-06 15:14:23,14.502,1.500,81.263,1.000,0.250,5377456,314192,174524,2141128,25057.956,13772.174,1000.158,1856.293,60.009,71.011,2038,2162,1.390,1.640,1.070,1,0,0,0,0,18,307,0,24,0
08-06 15:14:24,21.252,4.000,73.257,1.000,0,5400512,289940,174648,2142196,22960.314,13011.311,792.080,1776.179,62.006,70.007,3404,9831,1.390,1.640,1.070,2,0,36.004,0,0,18,307,0,25,0
08-06 15:14:25,16.248,1.500,79.992,0.750,0,5415788,273308,174748,2143508,20145.067,11418.904,923.911,1239.881,42.996,38.996,1978,1743,1.390,1.640,1.070,1,0,0,0,0,18,307,0,25,0
08-06 15:14:26,20.500,3.250,74.501,1.000,0,5416076,236780,174984,2179496,8319.139,3897.065,12404.208,1016.017,130.002,41.001,2262,1900,1.360,1.630,1.070,2,0,1.000,0,0,18,307,0,25,0
08-06 15:14:27,23.003,3.000,72.759,0.750,0,5422756,213356,175880,2194960,4882.591,1552.188,0,2480.300,0,71.009,2344,2103,1.360,1.630,1.070,1,0,0,0,0,18,307,0,23,0
08-06 15:14:28,23.251,2.500,73.004,0.250,0,5418848,204056,176268,2207480,4292.225,1512.079,0,896.047,0,30.002,2218,1919,1.360,1.630,1.070,1,0,0,0,0,18,307,0,23,0
08-06 15:14:29,21.502,3.250,72.507,1.000,0,5417348,181180,177228,2230596,3806.369,1026.099,0,2476.240,0,114.011,2463,2396,1.360,1.630,1.070,1,0,0,0,0,18,307,0,23,0
08-06 15:14:30,23.080,3.512,71.497,0.753,0,5395528,176000,178224,2256304,4246.664,1517.239,0,2709.355,0,99.343,2724,2802,1.360,1.630,1.070,1,0,2.007,0,0,18,307,0,23,0
08-06 15:14:31,23.165,2.740,72.484,0.747,0,5363288,215744,178932,2247884,5140.119,1787.434,0,2383.246,0,97.641,2635,2623,1.330,1.620,1.070,1,0,0.996,0,0,18,306,0,22,0
08-06 15:14:32,20.751,5.000,73.502,0.250,0,5362896,216128,178936,2247800,8975.287,2958.094,0,14788.472,0,101.003,2799,2488,1.330,1.620,1.070,0,0,35.001,0,0,18,307,0,22,0
08-06 15:14:33,20.074,3.262,75.279,0.502,0,5362892,209872,178936,2254036,7199.652,3409.622,0,1895.015,0,38.141,2183,1854,1.330,1.620,1.070,1,0,4.015,0,0,18,306,0,22,0
08-06 15:14:34,22.177,5.980,69.272,0,0,5408532,163000,178936,2255200,4503.169,1453.214,0,586.070,0,14.951,10887,19572,1.330,1.620,1.070,1,0,11.961,0,0,18,306,0,22,0
08-06 15:14:35,22.243,6.998,69.228,0,0,5409856,161456,179060,2255292,4858.428,1689.453,95.969,1803.417,4.998,19.994,8666,17494,1.330,1.620,1.070,1,0,19.994,0,0,18,306,0,22,0
08-06 15:14:36,26.822,7.019,64.675,0.251,0,5342884,235672,179076,2248080,4908.249,1461.946,288.780,316.855,9.024,12.032,2552,1744,1.390,1.620,1.080,2,0,13.035,0,0,18,306,0,22,0
08-06 15:14:37,41.627,10.718,46.613,0,0,5394220,184152,179080,2248260,4785.913,1615.246,817.593,0,6.979,0,11707,19528,1.390,1.620,1.080,2,0,55.836,0,0,18,306,0,22,0
08-06 15:14:38,24.757,5.251,69.018,0,0,5403312,175048,179080,2248284,10318.733,3818.011,256.068,892.236,2.001,20.005,2849,2320,1.390,1.620,1.080,2,0,34.009,0,0,18,307,0,22,0
08-06 15:14:39,22.741,4.498,70.721,0.250,0,5391420,180520,179080,2254672,4548.115,1361.436,0,1103.543,0,34.986,5348,8275,1.390,1.620,1.080,4,0,7.997,0,0,18,306,0,22,0
08-06 15:14:40,23.257,6.252,68.022,0.250,0,5399540,171364,179080,2255692,5899.893,1458.468,16.005,896.288,1.000,32.010,13419,24778,1.390,1.620,1.080,3,0,13.004,0,0,18,306,0,22,0
08-06 15:14:41,21.500,6.750,69.749,0.250,0,5348536,229708,179100,2248328,6122.946,1565.986,0,875.992,0,37.000,5836,8760,1.360,1.610,1.080,1,0,17.000,0,0,18,306,0,22,0
08-06 15:14:42,22.994,5.998,70.482,0,0,5348040,230208,179100,2248356,5310.659,1511.618,0,519.869,0,19.995,2542,1921,1.360,1.610,1.080,1,0,20.995,0,0,18,306,0,22,0
08-06 15:14:43,22.008,7.753,69.275,0,0,5344484,226356,179592,2255272,4519.646,1500.547,0,9351.406,0,439.160,3580,3176,1.360,1.610,1.080,1,0,100.036,0,0,18,306,0,18,0
08-06 15:14:44,22.492,2.999,73.474,0.250,0,5358956,207752,179804,2259268,8635.937,3529.748,0,1531.457,0,32.988,2490,2235,1.360,1.610,1.080,0,0,17.994,0,0,18,307,0,20,0
08-06 15:14:45,18.500,2.000,78.000,0.250,0,5374468,191876,179824,2259596,18622.043,9256.021,4.000,1280.003,1.000,39.000,2275,2194,1.360,1.610,1.080,1,0,1.000,0,0,18,307,0,20,0
08-06 15:14:46,11.744,1.249,84.956,0.999,0,5371568,194360,179824,2260012,51969.307,15164.211,0,1691.131,0,54.972,1694,1717,1.250,1.580,1.070,0,0,0,0,0,18,308,0,20,0
08-06 15:14:47,11.554,1.507,84.899,0.502,0,5393748,171876,179824,2260316,135723.518,14605.713,0,1724.111,0,64.303,1764,1751,1.250,1.580,1.070,1,0,0,0,0,18,308,0,16,0
08-06 15:14:48,16.171,1.493,80.856,0.498,0,5391140,174212,179824,2260572,22075.416,13615.645,0,1803.212,0,68.665,1804,1688,1.250,1.580,1.070,0,0,0,0,0,18,308,0,16,0
08-06 15:14:49,11.511,1.251,85.082,0.500,0,5392372,172484,179844,2261048,322986.405,13544.100,0,948.918,0,27.026,1859,1679,1.250,1.580,1.070,2,0,0,0,0,18,308,0,16,0
08-06 15:14:50,7.994,1.999,87.438,1.249,0,5389896,174208,180196,2261428,128782.294,22343.089,59.957,3209.714,4.996,160.885,2253,2691,1.250,1.580,1.070,0,0,0,0,0,18,308,0,16,0
08-06 15:14:51,14.258,1.501,82.296,0.750,0,5379336,175748,180224,2270360,133279.014,15724.851,104.059,1921.081,6.003,82.046,2127,2204,1.230,1.580,1.070,0,0,2.001,0,0,18,308,0,12,0
08-06 15:14:52,3.999,2.249,90.478,0,0,5375036,172464,180224,2277912,4145277.587,68239.745,0,1755.582,0,12.997,4025,3062,1.230,1.580,1.070,0,0,1.000,0,0,18,308,0,12,0
08-06 15:14:53,5.003,3.002,88.548,0.500,0,5376236,161372,180244,2287756,5120284.992,75764.988,0,16448.899,0,108.058,5090,3588,1.230,1.580,1.070,1,0,2.001,0,0,18,308,0,12,0
08-06 15:14:54,6.247,3.998,84.463,0.750,0,5358848,195384,179772,2272000,9143402.889,119605.928,0,12114.624,0,58.974,8256,4034,1.230,1.580,1.070,0,1,1.000,0,0,18,308,0,12,0
08-06 15:14:55,17.250,3.750,77.500,0.750,0,5370168,169684,179980,2286124,637881.500,11077.939,163.999,2211.988,4.000,69.000,2401,1992,1.230,1.580,1.070,1,0,1.000,0,0,18,308,0,10,0
08-06 15:14:56,21.501,3.750,72.004,1.000,0,5376116,145608,183260,2300596,5015.255,1458.074,0,4368.222,0,98.005,2484,2255,1.210,1.570,1.070,1,0,0,0,0,18,308,0,10,0
08-06 15:14:57,24.011,2.501,72.283,0.500,0,5377516,127468,183728,2316544,4950.258,1458.665,0,1752.800,0,51.023,2329,2003,1.210,1.570,1.070,2,0,0,0,0,18,308,0,10,0
08-06 15:14:58,21.985,4.497,71.200,0.749,0,5366844,156804,184068,2297552,4914.544,1456.975,0,33036.768,0,277.805,2956,2746,1.210,1.570,1.070,1,0,0,0,0,18,308,0,10,0
08-06 15:14:59,20.754,5.001,72.263,1.000,0,5366304,157868,183256,2297768,4518.798,1458.257,0,3168.559,0,263.046,2457,2092,1.210,1.570,1.070,1,0,0,0,0,18,308,0,9,0
08-06 15:15:00,24.263,3.502,70.788,0.250,0,5377172,133424,183748,2310560,5120.781,1458.792,0,44188.000,0,289.157,2789,2871,1.210,1.570,1.070,4,0,0,0,0,18,308,0,9,0
08-06 15:15:01,23.251,5.000,68.754,1.250,0,5387196,136836,183192,2298004,4109.253,972.060,8.000,127631.863,2.000,1139.070,3384,4126,1.190,1.560,1.070,1,0,1.000,0,0,18,308,0,9,0
08-06 15:15:02,22.982,3.997,71.945,0.749,0,5389820,139300,182180,2293372,3825.084,647.506,31.976,2330.224,1.998,79.939,2450,2217,1.190,1.560,1.070,3,0,2.998,0,0,18,308,0,9,0
08-06 15:15:03,22.259,3.501,72.279,0.750,0,5357344,201108,182676,2262616,6026.451,1968.801,0,1296.527,0,49.020,2235,1857,1.190,1.560,1.070,3,0,2.001,0,0,18,306,0,9,0
08-06 15:15:04,18.507,3.501,76.780,0,0,5365500,191064,182780,2264404,11742.520,4334.668,104.040,1076.414,4.002,35.013,2364,2145,1.190,1.560,1.070,2,0,34.013,0,0,18,307,0,7,0
08-06 15:15:05,24.496,4.499,68.989,0.250,0,5354636,196216,183328,2269132,5261.186,1793.722,0,1991.692,0,44.993,9557,17663,1.190,1.560,1.070,3,0,6.999,0,0,18,306,0,7,0
08-06 15:15:06,21.746,6.499,70.486,0,0,5370836,178808,183388,2270148,5475.911,1619.678,0,63819.313,0,1317.738,4244,7129,1.180,1.550,1.070,1,0,9.998,0,0,18,306,0,7,0
08-06 15:15:07,21.750,7.000,69.751,0,0,5374796,174680,183432,2270240,4680.047,1620.016,0,88.001,0,1.000,10672,18997,1.180,1.550,1.070,1,0,19.000,0,0,18,306,0,7,0
08-06 15:15:08,21.550,4.761,72.167,0.251,0,5339860,217432,183436,2262848,5111.834,1665.856,0,2357.457,0,26.060,2378,1977,1.180,1.550,1.070,1,0,5.012,0,0,18,306,0,5,0
08-06 15:15:09,22.212,4.742,72.128,0.499,0,5364284,189992,183512,2265788,4612.199,1659.194,638.919,1289.819,13.976,44.924,2372,2234,1.180,1.550,1.070,1,0,0.998,0,0,18,307,0,5,0
08-06 15:15:10,25.598,5.019,66.506,1.506,0,5353476,199844,183552,2266704,4836.601,1463.629,546.100,6167.721,34.131,545.096,7666,11556,1.180,1.550,1.070,1,0,1.004,0,0,18,309,0,9,0
08-06 15:15:11,15.988,14.239,67.199,1.249,0,5313368,239124,183588,2267496,4395.685,1618.779,583.560,1279.035,26.980,137.896,5981,6694,1.160,1.540,1.070,2,0,186.859,0,0,18,308,0,9,0
08-06 15:15:12,10.725,17.709,69.089,0.249,0,5322680,228924,183608,2268396,4567.331,1496.504,869.968,2059.190,10.974,120.718,5270,4361,1.160,1.540,1.070,7,0,243.431,0,0,18,308,0,9,0
08-06 15:15:13,8.483,5.739,75.602,8.234,0,5303084,236228,183628,2280676,4922.356,2629.847,12263.971,674.678,1829.416,12.975,3710,5316,1.160,1.540,1.070,0,0,24.951,0,0,18,309,0,9,0
08-06 15:15:14,2.251,2.251,94.298,1.001,0,5291216,248080,183644,2280676,24348.290,3164.597,0,3301.666,0,171.086,1559,2315,1.160,1.540,1.070,0,0,6.003,0,0,18,309,0,9,0
08-06 15:15:15,5.753,2.751,90.043,0,0,5281272,256976,183672,2281696,130863.865,5840.761,388.184,620.293,10.005,14.007,1661,1765,1.160,1.540,1.070,1,0,12.006,0,0,18,308,0,9,1
08-06 15:15:16,1.499,0.749,96.181,0.250,0,5269556,268524,183792,2281720,6462.381,125690.157,559.600,423.697,19.986,7.994,1135,1481,1.070,1.510,1.060,0,0,0,0,0,18,308,0,9,0
08-06 15:15:17,1.500,0.500,97.020,0,0,5265644,272436,183792,2281720,5119.055,1458.301,0,0,0,0,888,1241,1.070,1.510,1.060,0,0,0,0,0,18,308,0,9,0
08-06 15:15:18,1.000,0.500,97.769,0,0,5263112,274968,183792,2281720,5539.092,1458.288,0,0,0,0,864,1215,1.070,1.510,1.060,0,0,0,0,0,18,308,0,9,0
08-06 15:15:19,1.250,0.750,97.466,0,0,5260996,277084,183792,2281720,5116.197,1457.486,0,0,0,0,843,1211,1.070,1.510,1.060,1,0,0,0,0,18,308,0,9,0
08-06 15:15:20,1.000,0.250,97.013,0,0,5258876,279204,183796,2281716,5340.697,1620.211,0,104.014,0,14.002,966,1353,1.070,1.510,1.060,1,0,0,0,0,18,308,0,9,0
08-06 15:15:21,2.500,1.250,94.753,0.250,0,5258460,279592,183816,2281724,5719.177,1620.050,0,404.013,0,55.002,1649,2448,0.980,1.490,1.060,0,0,1.000,0,0,18,308,0,9,0
08-06 15:15:22,1.751,0.500,96.530,0.250,0,5258436,279592,183828,2281736,6393.997,1512.472,0,404.126,0,28.009,1039,1450,0.980,1.490,1.060,0,0,0,0,0,18,308,0,9,0
08-06 15:15:23,1.000,0.750,97.237,0,0,5258424,279592,183832,2281744,5325.281,1565.789,0,119.984,0,16.998,1054,1597,0.980,1.490,1.060,0,0,0,0,0,18,308,0,9,0
08-06 15:15:24,7.249,4.000,87.740,0.250,0,5236264,301736,183844,2281660,5279.373,1619.808,11.999,87.990,1.000,11.999,2887,7379,0.980,1.490,1.060,0,0,35.996,0,0,18,308,0,10,0
08-06 15:15:25,1.500,0.500,96.245,0,0,5222176,315812,183844,2281760,4979.720,1619.909,0,1771.900,0,318.982,1161,1438,0.980,1.490,1.060,0,0,0,0,0,18,308,0,10,0
08-06 15:15:26,1.250,0.500,97.482,0,0,5222268,315720,183844,2281760,4876.111,1619.705,0,11.998,0,2.000,891,1282,0.900,1.460,1.050,0,0,0,0,0,18,308,0,10,0
08-06 15:15:27,1.250,0.500,96.988,0,0,5222516,315468,183848,2281760,4457.436,1457.816,0,295.963,0,20.997,900,1331,0.900,1.460,1.050,0,0,0,0,0,18,308,0,10,0
08-06 15:15:28,1.000,0.500,97.016,0,0,5222516,315468,183848,2281760,4440.721,1620.263,0,0,0,0,890,1279,0.900,1.460,1.050,0,0,0,0,0,18,308,0,9,0
08-06 15:15:29,1.000,3.499,94.724,0,0,5236080,301904,183848,2281760,4278.807,1457.594,0,0,0,0,954,1235,0.900,1.460,1.050,0,0,0,0,0,18,308,0,9,0
08-06 15:15:30,2.000,0.750,96.266,0,0,5236152,301828,183848,2281764,4518.729,1458.235,0,0,0,0,988,1374,0.900,1.460,1.050,0,0,2.000,0,0,18,308,0,9,0
08-06 15:15:31,2.250,1.000,95.262,0,0,5236128,301828,183856,2281780,4577.597,1620.211,16.002,184.024,1.000,24.003,1502,2205,0.830,1.440,1.040,0,0,1.000,0,0,18,308,0,9,0
08-06 15:15:32,1.749,2.249,94.972,0.500,0,5236336,301604,183864,2281788,4816.597,1457.576,0,30251.191,0,351.898,1609,2082,0.830,1.440,1.040,0,0,0,0,0,18,308,0,9,0
08-06 15:15:33,2.000,0.250,96.019,0,0,5236196,301604,183872,2281920,4560.890,1620.316,0,520.102,0,10.002,971,1327,0.830,1.440,1.040,0,0,0,0,0,18,308,0,9,0
08-06 15:15:34,1.500,1.000,97.253,0,0,5236188,301604,183876,2281924,4638.143,1458.045,0,44.001,0,6.000,930,1267,0.830,1.440,1.040,0,0,0,0,0,18,308,0,9,0
08-06 15:15:35,0.750,0.500,96.983,0,0,5236188,301604,183876,2281924,4337.254,1457.749,0,0,0,0,852,1186,0.830,1.440,1.040,0,0,0,0,0,18,308,0,9,0
08-06 15:15:36,7.004,3.002,89.551,0,0,5264892,272888,183880,2281932,5378.077,1458.835,12.007,0,3.002,0,1403,1438,0.840,1.430,1.040,1,0,3.002,0,0,18,308,0,9,0
08-06 15:15:37,18.251,8.500,71.504,0.500,0,5267624,270060,183880,2282028,3732.200,972.052,856.046,32893.762,10.001,300.016,2773,2048,0.840,1.430,1.040,2,0,8.000,0,0,18,308,0,9,0
08-06 15:15:38,8.245,2.499,88.451,0.250,0,5260568,277364,183880,2282044,4267.613,1187.336,255.857,555.689,1.999,15.991,1915,2088,0.840,1.430,1.040,0,0,0.999,0,0,18,308,0,9,0
08-06 15:15:39,1.500,0.750,96.000,0.250,0,5260560,277364,183888,2282044,4620.014,1620.005,0,272.001,0,23.000,1236,1718,0.840,1.430,1.040,0,0,0,0,0,18,308,0,9,0
08-06 15:15:40,2.001,0.500,96.533,0,0,5259848,278076,183888,2282044,5387.830,1566.532,0,32.011,0,3.001,1136,1558,0.840,1.430,1.040,0,0,0,0,0,18,308,0,9,0
08-06 15:15:41,2.250,1.500,94.755,0,0,5249512,288336,183904,2282104,5897.282,1620.077,4.000,1184.057,1.000,223.011,1591,2240,0.780,1.410,1.040,0,0,1.000,0,0,18,308,0,9,0
08-06 15:15:42,0.750,1.000,96.744,0.250,0,5249484,288336,183932,2282104,5791.661,1511.912,0,6339.629,0,186.989,1368,2126,0.780,1.410,1.040,0,0,0,0,0,18,308,0,9,0
08-06 15:15:43,1.000,0.500,98.258,0,0,5249352,288464,183932,2282108,4800.406,1620.137,0,0,0,0,906,1281,0.780,1.410,1.040,1,0,0,0,0,18,308,0,9,0
08-06 15:15:44,1.000,0.750,97.475,0,0,5249352,288464,183932,2282108,4438.866,1619.586,0,19.995,0,2.999,937,1314,0.780,1.410,1.040,0,0,0,0,0,18,308,0,9,0
08-06 15:15:45,2.000,1.000,95.261,0,0,5249600,288212,183932,2282112,3538.405,960.110,0,88.010,0,6.001,1133,1504,0.780,1.410,1.040,0,0,1.000,0,0,18,308,0,7,0
08-06 15:15:46,3.262,1.255,94.611,0,0,5244972,292824,183932,2282128,2890.039,303.158,0,4.015,0,1.004,1453,1877,0.710,1.380,1.030,1,0,4.015,0,0,18,308,0,7,0
08-06 15:15:47,15.450,3.738,79.990,0,0,5253124,284552,184052,2282128,408874.623,8364.763,115.624,661.845,7.974,10.964,2758,2242,0.710,1.380,1.030,1,0,24.919,0,0,18,308,0,10,0
08-06 15:15:48,11.502,4.251,82.266,0.250,0,5257564,279784,184052,2282456,289881.327,9299.839,360.071,336.066,11.002,20.004,2629,2446,0.710,1.380,1.030,1,0,29.006,0,0,18,308,0,10,0
