"pcp-dstat 5.3.6 CSV Output"
"Author:","PCP team <pcp@groups.io> and Dag Wieers <dag@wieers.com>",,,,"URL:","https://pcp.io/ and http://dag.wieers.com/home-made/dstat/"
"Host:","jammy-provider-cloud-0000007495",,,,"User:","ubuntu"
"Cmdline:","dstat -tcmndrylpg --tcp --output /tmp/devstack_logs/dstat-csv.log",,,,"Date:","20 Aug 2024 03:49:03 UTC"
"system","total usage",,,,,"memory usage",,,,"net/total",,"dsk/total",,"io/total",,"system",,"load avg",,,"procs",,,"paging",,"tcp sockets",,,,
"time","total usage:usr","total usage:sys","total usage:idl","total usage:wai","total usage:stl","used","free","buf","cach","net/total:recv","net/total:send","dsk/total:read","dsk/total:writ","read","writ","int","csw","1m","5m","15m","run","blk","new","in","out","lis","act","syn","tim","clo"
20-08 03:49:03,,1048468,1873112,163644,4730416,,,,,,,1.200,0.750,0.450,1,0,,,,9,7,0,17,1
20-08 03:49:04,26.232,23.734,47.967,0.999,0,1026580,1872160,163672,4752660,2744627.419,29937.553,11444.184,5520.230,129.911,114.922,5321,8432,1.260,0.780,0.460,3,0,685.532,0,0,9,4,0,17,2
20-08 03:49:05,31.253,23.252,45.005,0,0,1028776,1868784,163672,4753708,5436.555,1620.165,324.033,608.062,3.000,43.004,3957,10613,1.260,0.780,0.460,2,0,470.048,0,0,9,4,0,17,2
20-08 03:49:06,28.195,11.477,58.884,0.499,0.250,1134988,1746240,163708,4893384,5943.339,1658.746,1161.721,1712.640,13.973,56.888,4560,9719,1.260,0.780,0.460,1,0,63.875,0,0,10,4,0,17,2
20-08 03:49:07,35.015,7.753,55.523,1.501,0,1161628,1696948,164660,4912212,41977.505,1620.676,0,3977.659,0,169.071,2025,3258,1.260,0.780,0.460,2,0,110.046,0,0,10,6,0,17,2
20-08 03:49:08,38.984,10.995,48.230,1.249,0,1184428,1642048,166044,4939484,6408.334,1565.349,79.967,7868.727,1.000,141.941,2405,3891,1.260,0.780,0.460,2,0,174.927,0,0,10,6,0,19,2
20-08 03:49:09,43.265,3.501,52.519,0,0,1180096,1659364,166176,4926376,11589.103,4248.504,0,2400.850,0,22.008,1260,1576,1.400,0.810,0.470,2,0,6.002,0,0,10,4,0,19,0
20-08 03:49:10,35.063,10.018,44.329,10.519,0,1209184,1619112,167024,4936500,7571.500,1622.894,0,39262.004,0,3165.644,17750,38333,1.400,0.810,0.470,2,1,67.120,0,0,10,6,0,18,0
20-08 03:49:11,41.238,10.997,43.737,2.499,0,1155148,1672224,167184,4937124,6059.213,1661.510,0,24364.812,0,1749.484,12899,26411,1.400,0.810,0.470,2,0,102.970,0,0,10,4,0,18,0
20-08 03:49:12,45.751,5.000,49.251,0,0,1184996,1642400,167184,4937032,7718.116,1620.024,0,916.014,0,33.000,1299,1381,1.400,0.810,0.470,2,0,15.000,0,0,10,4,0,18,0
20-08 03:49:13,30.252,4.250,63.754,0.750,0,1131144,1696236,167200,4937024,6196.415,1620.109,0,7108.476,0,373.025,2049,3304,1.400,0.810,0.470,1,0,60.004,0,0,10,4,0,18,0
20-08 03:49:14,23.956,1.747,73.615,0,0,1169684,1657680,167200,4937040,7258.644,1617.025,0,107.802,0,9.982,965,1192,1.370,0.820,0.480,1,0,0,0,0,10,4,0,18,0
20-08 03:49:15,11.768,16.775,70.857,0,0,1073944,1753396,167200,4937060,14993.580,1622.443,0,12.018,0,3.005,2715,4146,1.370,0.820,0.480,1,0,340.513,0,0,10,4,0,18,0
20-08 03:49:16,10.754,17.506,68.773,0,0,1075824,1751056,167200,4937632,7271.436,1458.489,0,60.020,0,13.004,4141,8064,1.370,0.820,0.480,3,0,384.129,0,0,10,4,0,18,0
20-08 03:49:17,31.698,14.726,52.914,0,0,1132660,1694220,167200,4937672,5423.144,1617.359,0,0,0,0,3589,7159,1.370,0.820,0.480,2,0,193.684,0,0,10,5,0,14,0
20-08 03:49:18,48.005,3.250,49.255,0,0,1221688,1604844,167208,4938124,8308.823,1620.160,0,636.063,0,41.004,1134,1198,1.370,0.820,0.480,2,0,0,0,0,10,5,0,14,0
20-08 03:49:19,40.570,8.765,49.586,0.250,0,1261084,1562380,167272,4940804,5100.845,1622.814,0,8642.987,0,393.683,3215,9435,1.420,0.840,0.490,2,0,90.156,0,0,10,4,0,12,0
20-08 03:49:20,0.748,1.996,96.533,0,0,1262340,1560872,167276,4941020,4846.082,1616.358,0,1823.891,0,91.793,834,1580,1.420,0.840,0.490,0,0,27.937,0,0,10,4,0,12,0
20-08 03:49:21,14.500,4.000,79.999,0,0,1308936,1514252,167292,4941020,7895.889,1619.977,0,1171.984,0,47.999,1507,2619,1.420,0.840,0.490,1,0,21.000,0,0,10,4,0,12,0
20-08 03:49:22,24.502,1.500,73.507,0.250,0,1356636,1466372,167292,4941192,5530.509,1662.153,0,32.003,0,4.000,926,1184,1.420,0.840,0.490,1,0,2.000,0,0,10,4,0,12,0
20-08 03:49:23,27.060,5.262,66.398,1.002,0,1286468,1536464,167348,4941284,5479.197,1461.253,0,3604.023,0,318.709,3525,12081,1.420,0.840,0.490,1,0,77.172,0,0,10,4,0,14,0
20-08 03:49:24,22.991,4.498,72.972,0.250,0,1335204,1487212,167352,4941648,6258.559,1619.368,0,21875.469,0,86.966,1394,2212,1.380,0.840,0.490,1,0,1.000,0,0,10,13,0,14,0
20-08 03:49:25,21.749,4.500,72.997,0.250,0,1314840,1507236,167352,4941892,6593.703,1619.927,231.990,1287.942,57.997,18.999,1612,2552,1.380,0.840,0.490,1,0,44.998,0,0,10,28,0,14,0
20-08 03:49:26,23.251,5.750,70.002,0,0,1300144,1521932,167352,4941892,6956.181,1620.042,0,3524.092,0,145.004,1734,2916,1.380,0.840,0.490,2,0,156.004,0,0,10,28,0,14,0
20-08 03:49:27,45.521,5.252,49.273,0,0,1411688,1410340,167352,4941932,6697.087,1620.747,0,8.004,0,2.001,1845,3021,1.380,0.840,0.490,2,0,0,0,0,10,29,0,14,0
20-08 03:49:28,56.498,14.750,26.999,0,0,1417776,1404016,167352,4942124,6525.804,1619.951,0,555.983,0,45.999,4783,10122,1.380,0.840,0.490,5,0,420.987,0,0,10,28,0,17,0
20-08 03:49:29,85.742,12.999,1.500,0,0,1603440,1218224,167352,4942228,5996.442,1619.849,0,33752.861,0,82.992,4741,9083,1.750,0.920,0.520,5,0,156.985,0,0,10,32,0,17,0
20-08 03:49:30,68.817,9.724,20.944,0.249,0,1427888,1393448,167360,4942544,5211.133,1507.987,0,402.928,0,42.886,4329,8398,1.750,0.920,0.520,5,0,199.469,0,0,10,28,0,17,0
20-08 03:49:31,24.231,7.244,67.946,0,0,1349068,1472284,167364,4942556,8202.422,1564.745,0,299.760,0,25.979,2468,4209,1.750,0.920,0.520,2,0,109.912,0,0,10,28,0,17,0
20-08 03:49:32,21.074,5.770,72.506,0,0,1308828,1512500,167368,4942572,5955.033,1625.742,0,176.624,0,19.067,1974,3541,1.750,0.920,0.520,3,0,70.248,0,0,10,28,0,18,0
20-08 03:49:33,23.990,1.999,74.219,0,0,1362984,1458336,167368,4942580,6100.481,1619.331,0,3.998,0,1.000,1150,1743,1.750,0.920,0.520,2,0,0,0,0,10,28,0,18,0
20-08 03:49:34,15.218,13.721,68.605,0.249,0,1301724,1519740,167376,4942592,5590.182,1616.583,0,20053.607,0,594.743,2721,4429,1.690,0.930,0.520,1,0,212.551,0,0,10,28,0,18,0
20-08 03:49:35,9.523,21.302,68.166,0,0,1303988,1517468,167376,4942616,5997.622,1623.959,0,2365.768,0,23.056,2513,3388,1.690,0.930,0.520,3,0,333.814,0,0,10,28,0,18,0
20-08 03:49:36,69.504,21.501,8.500,0,0,1520292,1301104,167376,4942644,6209.342,1620.089,0,172.009,0,19.001,2469,4063,1.690,0.930,0.520,6,0,492.027,0,0,10,28,0,17,0
20-08 03:49:37,83.553,9.478,6.734,0.249,0,1498224,1322824,167380,4942984,44590.080,1508.451,0,666.432,0,60.857,4594,10688,1.690,0.930,0.520,7,0,37.911,0,0,10,30,0,17,0
20-08 03:49:38,81.431,14.031,3.758,0.251,0,1483424,1337556,167400,4943028,7054.647,1665.695,0,497.103,0,49.109,3923,8606,1.690,0.930,0.520,8,0,189.420,0,0,10,29,0,16,0
20-08 03:49:39,84.795,12.719,2.245,0,0,1646708,1173812,167404,4943476,8890.485,1616.089,0,60776.920,0,131.681,6219,10509,1.960,0.990,0.550,7,0,82.800,0,0,10,29,0,16,0
20-08 03:49:40,71.131,10.519,17.031,0,0,1496344,1323808,167404,4943844,5687.442,1568.880,0,264.486,0,24.044,5437,15781,1.960,0.990,0.550,5,0,137.252,0,0,10,28,0,16,0
20-08 03:49:41,41.776,12.258,45.028,0,0,1418924,1401208,167408,4943860,6248.899,1621.012,0,192.120,0,12.007,1968,2816,1.960,0.990,0.550,3,0,161.101,0,0,10,29,0,16,0
20-08 03:49:42,36.467,14.487,49.455,0.250,0,1316624,1503464,167408,4943900,5850.635,1618.516,0,3408.874,0,121.888,3897,8392,1.960,0.990,0.550,2,0,217.800,0,0,10,28,0,20,0
20-08 03:49:43,61.041,12.258,26.268,0.250,0,1483024,1337016,167408,4943944,5480.716,1621.099,0,192.130,0,11.007,1938,2795,1.960,0.990,0.550,5,0,162.110,0,0,10,28,0,20,1
20-08 03:49:44,66.018,14.504,18.505,0,0,1413480,1406180,167416,4944312,6521.748,1512.405,0,2216.594,0,102.027,4621,10741,2.040,1.030,0.560,5,0,258.069,0,0,10,28,0,21,0
20-08 03:49:45,77.486,9.498,12.248,0,0,1555252,1264304,167416,4944388,8003.559,1713.692,0,3.999,0,1.000,4730,8928,2.040,1.030,0.560,3,0,0,0,0,10,32,0,24,0
20-08 03:49:46,71.102,13.971,15.218,0,0,1420784,1398708,167420,4944440,8559.163,1616.631,0,435.093,0,38.919,4702,10786,2.040,1.030,0.560,4,0,323.326,0,0,10,28,0,26,0
20-08 03:49:47,59.936,10.533,28.087,0,0,1440136,1379044,167420,4944752,9223.612,1625.041,0,485.506,0,44.137,4497,10340,2.040,1.030,0.560,5,0,100.311,0,0,10,29,0,30,0
20-08 03:49:48,66.462,13.742,19.239,0,0,1492764,1326264,167420,4944896,8527.165,1565.113,0,191.891,0,7.995,2188,3994,2.040,1.030,0.560,3,0,198.887,0,0,10,31,0,30,0
20-08 03:49:49,62.381,14.722,22.207,0,0,1393368,1425428,167428,4945120,5724.038,1616.904,0,331.365,0,26.948,4046,11138,2.200,1.080,0.580,3,0,286.451,0,0,10,28,0,34,0
20-08 03:49:50,63.350,8.013,29.296,0,0,1496088,1322164,167440,4945652,6701.629,1622.573,0,276.438,0,20.032,3023,6942,2.200,1.080,0.580,4,0,0,0,0,10,30,0,38,0
20-08 03:49:51,64.770,10.253,24.507,0,0,1478968,1339092,167448,4945836,8116.476,1512.461,0,356.109,0,29.009,2383,3370,2.200,1.080,0.580,3,0,112.034,0,0,10,29,0,38,0
20-08 03:49:52,66.739,16.497,15.997,0,0.250,1394456,1423548,167460,4945872,11755.990,1619.723,0,1507.742,0,55.990,4485,10600,2.200,1.080,0.580,5,0,361.938,0,0,10,28,0,39,0
20-08 03:49:53,81.742,16.248,1.500,0,0,1606800,1210964,167460,4946080,10909.964,1619.846,0,847.919,0,32.997,2827,4974,2.200,1.080,0.580,7,0,221.979,0,0,10,30,0,39,0
20-08 03:49:54,81.747,16.499,1.750,0,0,1570588,1246948,167468,4946292,5503.813,1619.945,0,1159.961,0,36.999,4389,9137,2.660,1.190,0.620,6,0,239.992,0,0,10,30,0,36,0
20-08 03:49:55,81.362,15.973,2.496,0,0,1548060,1269244,167480,4946508,5205.188,1617.262,0,487.175,0,32.944,4763,9206,2.660,1.190,0.620,6,0,232.606,0,0,10,29,0,36,0
20-08 03:49:56,74.692,17.237,6.495,0,0,1506036,1311020,167480,4946752,4601.429,1564.786,0,231.820,0,10.991,6042,13004,2.660,1.190,0.620,5,0,328.745,0,0,10,31,0,36,0
20-08 03:49:57,35.819,28.555,34.567,0.250,0,1311052,1505792,167484,4946948,5576.819,1623.149,0,220.428,0,14.027,6041,12947,2.660,1.190,0.620,2,0,630.223,0,0,10,28,0,36,0
20-08 03:49:58,9.496,21.740,68.719,0,0,1307944,1508860,167484,4946988,5602.490,1619.275,0,183.918,0,8.996,2502,3302,2.660,1.190,0.620,4,0,339.848,0,0,10,28,0,36,0
20-08 03:49:59,11.506,23.261,63.281,0,0,1315356,1501440,167492,4946988,9076.429,1512.738,0,904.441,0,44.021,2938,4255,2.610,1.210,0.630,2,0,411.201,0,0,10,28,0,36,0
20-08 03:50:00,65.282,24.762,9.755,0,0,1499140,1317608,167496,4947032,6851.405,1620.806,0,188.093,0,19.009,2910,5801,2.610,1.210,0.630,5,0,652.324,0,0,10,28,0,34,0
20-08 03:50:01,75.937,15.237,8.243,0,0,1402700,1413804,167528,4947240,8759.756,1618.661,0,2418.000,0,158.869,5701,12734,2.610,1.210,0.630,6,0,224.814,0,0,10,29,0,34,0
20-08 03:50:02,80.981,14.950,3.987,0.249,0,1544820,1271572,167532,4947348,6074.832,1614.639,0,358.809,0,25.914,2908,5613,2.610,1.210,0.630,4,0,88.705,0,0,10,30,0,34,0
20-08 03:50:03,54.728,6.778,37.406,0,0,1554988,1261240,167544,4947500,8538.537,1626.771,0,112.468,0,15.063,7874,18007,2.610,1.210,0.630,4,0,0,0,0,10,31,0,40,0
20-08 03:50:04,77.997,12.250,9.500,0,0,1459364,1356564,167580,4947752,5176.798,1619.937,0,371.985,0,39.998,5234,11511,2.720,1.250,0.640,5,0,119.995,0,0,10,28,0,43,0
20-08 03:50:05,70.188,10.491,18.733,0,0,1557360,1258312,167580,4948008,14080.539,1564.615,0,1714.483,0,49.956,5131,10309,2.720,1.250,0.640,2,0,0,0,0,10,32,0,45,0
20-08 03:50:06,47.915,6.488,45.419,0.250,0,1558668,1256800,167588,4948192,5724.804,1509.312,0,111.801,0,7.986,8950,19638,2.720,1.250,0.640,4,0,0,0,0,10,31,0,51,0
20-08 03:50:07,72.694,17.296,9.776,0,0,1460380,1354712,167596,4948556,43398.919,1624.339,0,132.354,0,6.016,4387,9900,2.720,1.250,0.640,5,0,267.715,0,0,10,28,0,53,0
20-08 03:50:08,74.253,7.500,17.251,0,0,1557384,1257452,167596,4948804,6000.276,1620.075,0,112.005,0,8.000,6522,13129,2.720,1.250,0.640,3,0,0,0,0,10,32,0,56,0
20-08 03:50:09,80.996,13.749,5.000,0.250,0,1511892,1302908,167608,4948824,5894.717,1619.922,0,223.989,0,20.999,2996,4729,2.910,1.320,0.670,5,0,131.994,0,0,10,28,0,58,0
20-08 03:50:10,74.007,15.252,11.251,0,0,1443376,1371264,167612,4948976,5122.517,1662.168,0,428.043,0,42.004,4841,11120,2.910,1.320,0.670,5,0,184.019,0,0,10,29,0,59,0
20-08 03:50:11,82.981,10.248,5.999,0,0,1530740,1283656,167620,4949208,7516.301,1619.634,0,155.965,0,7.998,4541,9613,2.910,1.320,0.670,4,0,62.986,0,0,10,30,0,60,0
20-08 03:50:12,82.531,12.255,4.752,0,0,1444096,1370108,167620,4949392,6423.434,1458.553,0,160.061,0,10.004,3721,7913,2.910,1.320,0.670,5,0,155.059,0,0,10,28,0,60,0
20-08 03:50:13,80.682,11.990,6.495,0,0,1453632,1360452,167632,4949488,5627.290,1618.645,0,6230.785,0,200.832,4221,11134,2.910,1.320,0.670,6,0,94.921,0,0,10,29,0,62,0
20-08 03:50:14,66.413,11.235,21.472,0,0,1477564,1336352,167636,4949648,5648.634,1617.890,0,315.588,0,24.967,2755,5162,2.990,1.360,0.690,3,0,175.771,0,0,10,30,0,62,0
20-08 03:50:15,61.866,11.021,26.550,0,0,1393684,1419924,167636,4949916,5270.878,1623.042,0,284.533,0,20.038,4073,8960,2.990,1.360,0.690,3,0,181.340,0,0,10,28,0,63,0
20-08 03:50:16,61.847,11.222,26.185,0,0,1467516,1345896,167644,4950096,5459.520,1657.907,0,247.389,0,19.951,2772,5695,2.990,1.360,0.690,3,0,59.852,0,0,10,29,0,64,0
20-08 03:50:17,66.048,7.756,25.268,0,0,1466328,1347048,167648,4950128,4925.596,1621.183,0,352.257,0,31.023,2902,7553,2.990,1.360,0.690,3,0,72.053,0,0,10,29,0,64,0
20-08 03:50:18,64.457,9.494,25.483,0,0,1442136,1370856,167660,4950496,5951.994,1618.910,0,307.793,0,26.982,3476,7478,2.990,1.360,0.690,3,0,47.968,0,0,10,28,0,64,0
20-08 03:50:19,64.496,10.249,25.249,0,0,1445172,1367732,167664,4950576,4608.742,1511.915,0,243.986,0,22.999,3688,7541,2.990,1.390,0.700,3,0,105.994,0,0,10,30,0,65,0
20-08 03:50:20,67.164,7.769,25.312,0,0,1481760,1331112,167672,4950596,5019.287,1569.843,0,404.991,0,34.083,2267,3903,2.990,1.390,0.700,3,0,65.160,0,0,10,28,0,65,0
20-08 03:50:21,57.501,15.500,25.250,0.250,0,1354912,1457584,167680,4950952,5312.048,1620.015,0,428.004,0,37.000,4395,11795,2.990,1.390,0.700,3,0,356.003,0,0,10,28,0,66,0
20-08 03:50:22,63.479,10.996,24.742,0,0,1445744,1366688,167688,4951004,5701.073,1619.453,0,1963.336,0,18.994,2836,5750,2.990,1.390,0.700,3,0,70.976,0,0,10,29,0,66,0
20-08 03:50:23,39.254,19.502,40.505,0,0,1351668,1460400,167692,4951188,5500.616,1620.181,0,368.041,0,26.003,4431,12018,2.990,1.390,0.700,1,0,441.049,0,0,10,28,0,69,0
20-08 03:50:24,23.945,2.744,72.584,0.249,0,1381452,1430724,167708,4951236,5460.501,1616.300,0,271.379,0,21.950,1691,4045,2.830,1.380,0.700,2,0,0.998,0,0,10,31,0,70,0
20-08 03:50:25,13.016,16.521,69.337,0,0,1324212,1487780,167712,4951416,5822.313,1622.037,0,516.649,0,26.033,3000,5121,2.830,1.380,0.700,1,0,399.502,0,0,10,30,0,67,0
20-08 03:50:26,36.702,12.733,50.185,0.250,0,1443840,1367752,167748,4951764,4497.154,1456.107,0,543.294,0,26.965,1993,3042,2.830,1.380,0.700,2,0,195.746,0,0,10,30,0,69,0
20-08 03:50:27,38.811,8.013,46.323,6.010,0,1514664,1291980,168240,4955644,6447.193,1622.565,0,15808.994,0,1361.152,6259,12954,2.830,1.380,0.700,2,0,62.098,0,0,10,34,0,69,0
20-08 03:50:28,37.030,7.006,40.783,12.260,0,1468060,1333688,168932,4959672,5892.755,1621.308,0,50460.722,0,4459.599,14235,32166,2.830,1.380,0.700,2,0,85.069,0,0,10,34,0,69,0
20-08 03:50:29,44.378,6.732,47.619,1.496,0,1494976,1307024,169016,4959328,5945.673,1615.564,0,5712.314,0,483.672,2699,4759,2.690,1.370,0.700,2,0,6.981,0,0,10,30,0,65,0
20-08 03:50:30,41.826,7.013,44.831,6.762,0,1470944,1330568,169444,4959384,6672.063,1622.934,0,15700.386,0,1990.599,7563,17956,2.690,1.370,0.700,3,0,2.004,0,0,10,32,0,65,0
20-08 03:50:31,33.973,9.493,51.959,3.747,0,1440260,1360608,169612,4959840,11330.129,1618.733,0,5843.425,0,987.227,5163,11010,2.690,1.370,0.700,2,0,99.922,0,0,10,30,0,65,0
20-08 03:50:32,23.773,3.003,73.320,0.250,0,1407364,1393484,169620,4959848,5764.528,1621.555,0,1477.417,0,86.083,1152,1647,2.690,1.370,0.700,2,0,3.003,0,0,10,30,0,65,0
20-08 03:50:33,22.213,4.243,72.878,0.250,0,1349796,1451000,169652,4959868,5357.054,1455.569,0,9440.235,0,439.266,1388,2426,2.690,1.370,0.700,1,0,2.995,0,0,10,30,0,64,0
20-08 03:50:34,22.506,3.501,73.518,0,0,1428168,1372628,169652,4959868,6083.503,1620.400,0,0,0,0,946,1146,2.550,1.370,0.700,2,0,2.000,0,0,10,30,0,64,0
20-08 03:50:35,23.479,2.997,72.686,0.250,0,1353436,1447336,169652,4959888,6103.659,1660.547,0,1866.367,0,206.819,973,1182,2.550,1.370,0.700,2,0,0.999,0,0,10,32,0,64,0
20-08 03:50:36,23.008,3.251,73.527,0,0,1424216,1376552,169652,4959892,7656.772,1620.587,0,0,0,0,973,1147,2.550,1.370,0.700,2,0,2.001,0,0,10,32,0,64,0
20-08 03:50:37,22.368,3.728,73.566,0,0,1359156,1441600,169652,4959904,45989.615,1610.496,0,0,0,0,1024,1088,2.550,1.370,0.700,5,0,0.994,0,0,10,32,0,64,0
20-08 03:50:38,23.448,3.243,73.088,0,0,1433492,1367260,169652,4959908,5440.954,1616.421,0,0,0,0,928,1146,2.550,1.370,0.700,2,0,1.996,0,0,10,32,0,64,0
20-08 03:50:39,22.201,3.784,73.162,0,0,1366004,1434684,169660,4959956,6538.137,1634.787,0,8.073,0,2.018,915,1100,2.430,1.360,0.710,2,0,1.009,0,0,10,32,0,64,0
20-08 03:50:40,22.485,3.748,72.702,0,0,1429996,1370680,169664,4959956,7561.032,1457.043,0,527.653,0,34.977,1176,1619,2.430,1.360,0.710,2,0,1.999,0,0,10,32,0,64,0
20-08 03:50:41,24.006,2.000,73.517,0,0,1368556,1432028,169672,4960040,5530.294,1620.379,0,0,0,0,914,1101,2.430,1.360,0.710,2,0,1.000,0,0,10,32,0,64,0
20-08 03:50:42,21.999,4.000,73.498,0,0,1374752,1425792,169672,4960080,5130.882,1619.963,0,0,0,0,905,1131,2.430,1.360,0.710,2,0,3.000,0,0,10,32,0,64,0
20-08 03:50:43,22.471,4.494,72.657,0,0,1435988,1364556,169672,4960080,5709.703,1617.932,0,0,0,0,899,1116,2.430,1.360,0.710,2,0,1.997,0,0,10,32,0,60,0
20-08 03:50:44,23.529,2.253,73.841,0,0,1382480,1418044,169676,4960096,6164.638,1664.062,0,0,0,0,861,1072,2.310,1.360,0.710,2,0,1.001,0,0,10,32,0,60,0
20-08 03:50:45,23.764,2.501,73.544,0,0,1387820,1412668,169676,4960132,5573.327,1715.024,0,4.002,0,1.001,893,1073,2.310,1.360,0.710,5,0,1.001,0,0,10,32,0,58,0
20-08 03:50:46,23.234,2.748,73.699,0,0,1434436,1366048,169676,4960132,6297.604,1618.870,0,103.927,0,1.999,896,1117,2.310,1.360,0.710,3,0,1.999,0,0,10,32,0,58,0
20-08 03:50:47,12.264,15.267,71.079,0,0,1341280,1459088,169688,4960236,6529.287,1459.629,0,460.514,0,5.006,2404,3702,2.310,1.360,0.710,2,0,328.366,0,0,10,32,0,52,0
20-08 03:50:48,8.991,20.730,69.433,0,0,1340228,1460060,169692,4960292,6111.091,1618.435,0,563.455,0,8.991,2837,4328,2.310,1.360,0.710,3,0,391.621,0,0,10,32,0,52,0
20-08 03:50:49,9.755,20.260,69.534,0,0,1341376,1458852,169692,4960336,6114.033,1620.804,0,276.137,0,3.001,3074,4760,2.210,1.350,0.710,1,0,456.226,0,0,10,32,0,46,0
20-08 03:50:50,17.237,9.992,72.195,0.250,0,1384928,1415228,169704,4960364,7333.463,1618.778,0,471.644,0,35.973,2156,3382,2.210,1.350,0.710,1,0,198.850,0,0,10,32,0,46,0
20-08 03:50:51,23.555,2.255,73.671,0,0,1449440,1350716,169704,4960364,8486.681,1623.766,0,20.046,0,2.005,998,1227,2.210,1.350,0.710,1,0,2.005,0,0,10,32,0,42,0
20-08 03:50:52,22.953,2.495,73.599,0,0,1397364,1402796,169704,4960360,6639.376,1616.683,0,0,0,0,965,1168,2.210,1.350,0.710,1,0,2.994,0,0,10,32,0,42,0
20-08 03:50:53,23.248,2.500,73.492,0,0,1444740,1355420,169704,4960360,8015.158,1619.830,0,119.987,0,2.000,932,1108,2.210,1.350,0.710,1,0,2.000,0,0,10,32,0,40,0
20-08 03:50:54,22.746,2.999,73.737,0,0,1413816,1386276,169704,4960428,5578.052,1511.743,0,0,0,0,945,1155,2.110,1.340,0.710,1,0,2.999,0,0,10,32,0,40,0
20-08 03:50:55,22.491,2.999,73.471,0,0,1361320,1438752,169704,4960448,4728.147,1565.386,0,15.994,0,1.000,865,1093,2.110,1.340,0.710,1,0,1.000,0,0,10,32,0,40,0
20-08 03:50:56,21.508,4.002,73.528,0,0,1437688,1362396,169704,4960436,5397.024,1620.608,0,184.069,0,5.002,973,1185,2.110,1.340,0.710,1,0,2.001,0,0,10,32,0,40,0
20-08 03:50:57,23.268,2.502,73.557,0,0,1381196,1418876,169704,4960448,6560.117,1621.265,0,16.012,0,2.002,922,1106,2.110,1.340,0.710,1,0,1.001,0,0,10,32,0,40,0
20-08 03:50:58,22.980,2.248,73.436,0,0,1443964,1356128,169704,4960428,7450.458,1618.579,0,23.979,0,1.998,959,1142,2.110,1.340,0.710,1,0,1.998,0,0,10,32,0,40,0
20-08 03:50:59,22.256,3.501,73.771,0,0,1399532,1400540,169704,4960448,5926.689,1620.462,0,0,0,0,888,1101,2.020,1.340,0.710,1,0,1.000,0,0,10,32,0,40,0
20-08 03:51:00,22.776,3.754,72.332,0.250,0,1332200,1467868,169712,4960444,10532.965,1621.842,0,5322.046,0,269.306,1471,2504,2.020,1.340,0.710,1,0,3.003,0,0,10,32,0,40,0
20-08 03:51:01,23.725,3.496,72.425,0,0,1411628,1388392,169712,4960476,9495.106,1510.426,0,1574.360,0,1.998,1082,1271,2.020,1.340,0.710,1,0,1.998,0,0,10,32,0,40,0
20-08 03:51:02,23.002,3.000,72.757,0,0,1350028,1449992,169712,4960476,6331.646,1566.160,0,24.002,0,1.000,972,1211,2.020,1.340,0.710,1,0,3.000,0,0,10,32,0,40,0
20-08 03:51:03,22.248,4.000,73.492,0,0,1415616,1384472,169712,4960408,6607.260,1619.819,0,4.000,0,1.000,975,1174,2.020,1.340,0.710,1,0,0,0,0,10,32,0,40,0
20-08 03:51:04,23.303,3.759,72.665,0,0,1355936,1444056,169712,4960504,6600.008,1623.692,0,753.714,0,117.267,1075,1148,1.940,1.330,0.720,1,0,3.007,0,0,10,32,0,32,0
20-08 03:51:05,23.201,2.495,73.096,0,0,1369256,1430736,169712,4960504,6540.200,1616.589,0,11.975,0,0.998,938,1116,1.940,1.330,0.720,1,0,0.998,0,0,10,32,0,32,0
20-08 03:51:06,22.250,3.500,73.249,0.250,0,1437188,1362824,169712,4960484,9025.928,1619.987,0,199.998,0,3.000,1006,1170,1.940,1.330,0.720,1,0,2.000,0,0,10,32,0,26,0
20-08 03:51:07,23.801,2.004,73.908,0,0,1403368,1396624,169712,4960504,42401.782,1623.476,0,40.086,0,2.004,988,1129,1.940,1.330,0.720,1,0,1.002,0,0,10,32,0,26,0
20-08 03:51:08,22.454,2.495,73.599,0,0,1408788,1391216,169712,4960492,6155.388,1508.908,0,0,0,0,893,1105,1.940,1.330,0.720,1,0,0.998,0,0,10,32,0,21,0
20-08 03:51:09,22.026,4.255,73.085,0,0,1340284,1459720,169712,4960492,7402.631,1621.891,0,32.037,0,3.004,1199,1550,1.860,1.330,0.720,2,0,60.070,0,0,10,32,0,21,0
20-08 03:51:10,15.514,13.762,70.813,0,0,1377752,1422208,169724,4960524,7319.514,1609.432,0,548.488,0,41.037,2599,4256,1.860,1.330,0.720,1,0,334.298,0,0,10,32,0,14,0
20-08 03:51:11,23.205,2.745,73.609,0,0,1337604,1462156,169724,4960724,7232.122,1616.897,0,399.234,0,59.885,1009,1217,1.860,1.330,0.720,1,0,8.983,0,0,10,32,0,14,0
20-08 03:51:12,21.998,3.250,72.995,0,0,1416820,1382884,169724,4960776,7294.460,1619.880,0,0,0,0,989,1204,1.860,1.330,0.720,1,0,2.000,0,0,10,32,0,12,0
20-08 03:51:13,13.514,16.517,69.320,0,0,1341836,1457864,169724,4960780,5614.682,1621.641,0,72.073,0,3.003,2415,3626,1.860,1.330,0.720,2,0,337.341,0,0,10,32,0,12,0
20-08 03:51:14,10.000,20.250,69.249,0,0,1342220,1457320,169724,4960880,4827.899,1661.965,0,211.996,0,6.000,3015,4774,1.790,1.320,0.720,2,0,456.990,0,0,10,32,0,10,0
20-08 03:51:15,7.990,21.474,69.415,0,0,1340768,1458736,169724,4960908,4929.941,1510.144,0,479.411,0,9.988,3105,4950,1.790,1.320,0.720,1,0,480.410,0,0,10,32,0,10,0
20-08 03:51:16,9.271,20.045,69.154,0,0,1341236,1458220,169724,4960944,6212.836,1623.616,0,1455.241,0,17.038,3231,5260,1.790,1.320,0.720,1,0,537.196,0,0,10,32,0,9,0
20-08 03:51:17,9.224,21.688,68.305,0,0,1342624,1456808,169724,4960964,8621.326,1615.377,0,1284.324,0,13.960,3238,5182,1.790,1.320,0.720,2,0,541.450,0,0,10,32,0,9,0
20-08 03:51:18,7.263,20.536,70.622,0,0,1340652,1458752,169724,4960992,5929.269,1568.717,0,440.763,0,7.012,2808,4304,1.790,1.320,0.720,2,0,395.685,0,0,10,32,0,8,0
20-08 03:51:19,9.496,20.242,69.973,0,0,1341204,1458168,169724,4961024,6392.494,1619.365,0,375.853,0,9.996,3326,5446,1.730,1.310,0.720,2,0,543.787,0,0,10,32,0,8,0
20-08 03:51:20,18.795,23.556,56.384,0,0,1372156,1427168,169756,4961024,5751.649,1623.853,0,970.303,0,64.152,3506,5738,1.730,1.310,0.720,2,0,505.199,0,0,10,32,0,9,0
20-08 03:51:21,58.460,19.237,22.734,0.250,0,1538664,1260320,169844,4961272,5458.267,1618.893,0,631.568,0,46.968,2667,4399,1.730,1.310,0.720,3,0,372.745,0,0,10,32,0,13,0
20-08 03:51:22,55.749,9.000,26.500,7.500,0,1641792,1146764,170588,4969884,4601.926,1511.976,399.994,39091.375,4.000,2834.955,10360,22853,1.730,1.310,0.720,2,0,77.999,0,0,10,38,0,13,0
20-08 03:51:23,40.751,14.250,31.251,13.000,0,1621264,1155832,171080,4980412,10148.162,1620.026,0,84721.356,0,6236.100,18575,43007,1.730,1.310,0.720,2,3,174.003,0,0,10,36,0,13,0
20-08 03:51:24,47.250,13.500,29.000,9.000,0,1583272,1183916,171696,4989376,8514.966,1619.994,0,82031.672,0,6088.976,18684,45836,2.230,1.430,0.760,6,1,145.999,0,0,10,36,0,11,0
20-08 03:51:25,46.229,14.993,26.987,10.245,0,1554560,1203012,172076,4998396,5924.251,1619.249,0,64214.205,0,4992.683,15094,34252,2.230,1.430,0.760,3,0,181.916,0,0,10,35,0,11,0
20-08 03:51:26,42.508,19.503,29.505,7.501,0,1563860,1186032,172512,5005088,6282.118,1566.279,364.065,61362.923,7.001,4548.810,19750,45782,2.230,1.430,0.760,2,1,215.038,0,0,10,35,0,9,0
20-08 03:51:27,39.482,14.743,34.484,7.247,0,1534660,1209448,172884,5010144,6116.156,1619.247,1611.251,40514.161,22.989,3406.416,13256,29782,2.230,1.430,0.760,5,0,200.907,0,0,10,34,0,10,0
20-08 03:51:28,36.015,8.003,45.269,8.503,0,1556412,1186276,173084,5011272,7416.033,1620.663,0,43501.792,0,3785.548,14421,33326,2.230,1.430,0.760,2,0,15.006,0,0,10,35,0,12,0
20-08 03:51:29,38.768,9.254,43.770,7.754,0,1519788,1221204,173304,5012752,5276.464,1512.706,0,41335.304,0,3678.718,13909,31670,2.210,1.440,0.770,2,0,110.051,0,0,10,34,0,12,0
20-08 03:51:30,39.749,7.500,43.499,8.500,0,1556548,1182984,173584,5013892,5363.850,1619.955,0,49546.613,0,4375.877,12671,31187,2.210,1.440,0.770,2,0,20.999,0,0,10,35,0,12,0
20-08 03:51:31,40.003,8.001,42.753,6.500,0,1498468,1238780,173656,5016068,9075.581,1620.104,0,30229.935,0,2944.188,13530,29990,2.210,1.440,0.770,2,1,72.005,0,0,10,34,0,13,0
20-08 03:51:32,38.490,9.748,40.240,10.497,0,1554004,1178804,173832,5020204,5784.531,1619.589,0,58669.098,0,5168.687,15144,35963,2.210,1.440,0.770,1,1,49.987,0,0,10,36,0,13,0
20-08 03:51:33,36.253,8.001,44.254,10.001,0,1554088,1174520,174092,5024048,6448.535,1620.134,0,48960.064,0,4445.369,18509,39468,2.210,1.440,0.770,2,1,69.006,0,0,10,37,0,14,0
20-08 03:51:34,38.261,10.253,40.762,9.503,0,1540864,1184504,174248,5027024,5705.620,1566.445,0,51538.637,0,4375.243,13514,32119,2.360,1.480,0.790,2,0,115.033,0,0,10,36,0,15,0
20-08 03:51:35,36.734,10.495,41.982,9.246,0,1520184,1209060,174344,5023024,6442.230,1619.304,0,49350.779,0,4348.130,15141,35552,2.360,1.480,0.790,1,1,42.982,0,0,10,36,0,15,0
20-08 03:51:36,40.263,7.753,46.265,5.252,0,1446784,1282944,174364,5022516,6850.254,1662.547,0,25132.269,0,2306.759,8783,19442,2.360,1.480,0.790,3,0,121.040,0,0,10,33,0,16,0
20-08 03:51:37,22.698,7.234,68.844,0.249,0,1433292,1296272,174364,5022680,43874.449,1508.577,0,1863.771,0,115.737,1928,3142,2.360,1.480,0.790,1,0,168.617,0,0,10,32,0,16,0
20-08 03:51:38,21.502,4.751,72.758,0,0,1395284,1334132,174368,5022824,6394.684,1620.173,0,564.060,0,27.003,2489,4775,2.360,1.480,0.790,1,0,43.005,0,0,10,32,0,19,0
20-08 03:51:39,22.749,3.500,73.498,0,0,1441140,1288268,174368,5022832,6838.767,1619.945,0,491.983,0,29.999,1477,2566,2.250,1.470,0.790,1,0,0,0,0,10,33,0,19,0
20-08 03:51:40,12.527,15.032,69.899,0,0,1382304,1347084,174368,5022852,7831.666,1623.455,0,677.442,0,45.096,3221,5383,2.250,1.470,0.790,1,0,357.761,0,0,10,32,0,19,0
20-08 03:51:41,38.249,16.000,44.499,0.500,0,1461140,1268072,174388,5022992,7548.872,1619.972,0,1671.972,0,121.998,3501,5635,2.250,1.470,0.790,4,0,440.993,0,0,10,32,0,25,0
20-08 03:51:42,65.985,9.498,24.244,0,0,1670560,1056676,174464,5024672,5154.804,1565.637,0,2087.516,0,54.987,1451,1486,2.250,1.470,0.790,4,0,3.999,0,0,10,32,0,25,0
20-08 03:51:43,65.494,3.500,27.498,2.750,0,1765452,954512,174704,5031308,6319.457,1619.861,0,23533.976,0,1706.853,6943,13235,2.250,1.470,0.790,4,1,74.994,0,0,10,38,0,25,0
20-08 03:51:44,28.512,9.504,45.269,13.256,0,1770840,931832,175008,5047788,4679.956,1554.650,0,127877.453,0,9528.983,27261,61873,2.390,1.510,0.800,5,0,309.129,0,0,10,38,0,25,0
20-08 03:51:45,48.993,9.999,29.496,9.499,0,1661600,1026972,175204,5061244,6202.144,1619.776,0,82208.655,0,6760.067,23688,53244,2.390,1.510,0.800,1,2,254.965,0,0,10,36,0,25,0
20-08 03:51:46,49.501,8.250,26.250,12.000,0,1727348,951656,175320,5070268,8606.138,1714.027,0,95245.524,0,7073.113,18895,42589,2.390,1.510,0.800,3,0,136.002,0,0,10,36,0,25,0
20-08 03:51:47,44.777,8.505,28.267,15.509,0,1768716,893192,175464,5086604,6156.676,1620.968,0,122108.899,0,8932.333,24723,56257,2.390,1.510,0.800,2,1,18.011,0,0,10,38,0,25,0
20-08 03:51:48,39.886,14.459,42.878,2.991,0,1388316,1270960,175476,5089144,7866.572,1615.395,0,19372.768,0,1564.539,6812,13830,2.390,1.510,0.800,0,0,329.062,0,0,10,32,0,25,0
20-08 03:51:49,20.698,5.486,72.070,0.998,0,1447008,1212240,175484,5089164,5474.298,1615.955,0,9735.632,0,586.532,2216,4011,2.520,1.550,0.820,2,0,18.953,0,0,10,32,0,25,0
20-08 03:51:50,23.547,2.756,72.646,0,0,1504336,1154908,175484,5089168,5495.062,1623.268,0,1230.477,0,86.173,1213,1749,2.520,1.550,0.820,1,0,0,0,0,10,36,0,25,0
20-08 03:51:51,21.750,4.500,72.250,0.750,0,1412824,1246408,175488,5089176,5950.018,1458.004,0,4160.012,0,260.001,1687,2872,2.520,1.550,0.820,1,0,27.000,0,0,10,32,0,25,0
20-08 03:51:52,22.758,3.251,72.777,0,0,1483072,1176156,175488,5089176,7589.808,1620.600,0,2204.816,0,17.006,1064,1313,2.520,1.550,0.820,1,0,3.001,0,0,10,32,0,25,0
20-08 03:51:53,20.787,7.513,70.875,0,0,1394140,1265088,175492,5089172,8417.807,1622.855,0,136.240,0,20.035,1745,2552,2.520,1.550,0.820,2,0,136.240,0,0,10,32,0,25,0
20-08 03:51:54,14.698,34.628,48.828,0.249,0,1397992,1261184,175492,5089220,5491.604,1614.298,0,1028.368,0,48.828,5064,8836,2.400,1.540,0.820,2,0,1115.062,0,0,10,32,0,25,0
20-08 03:51:55,8.278,21.823,69.483,0,0.251,1399076,1260052,175492,5089268,4707.780,1625.449,0,204.686,0,18.061,2410,3228,2.400,1.540,0.820,1,0,317.063,0,0,10,32,0,25,0
20-08 03:51:56,10.240,19.232,69.685,0,0,1399184,1259860,175492,5089336,6888.607,1618.498,0,7.993,0,1.998,2442,3355,2.400,1.540,0.820,1,0,287.733,0,0,10,32,0,25,0
20-08 03:51:57,8.260,20.025,70.337,0,0,1399196,1259812,175492,5089364,6372.928,1459.816,0,1285.599,0,12.015,2478,3561,2.400,1.540,0.820,2,0,287.357,0,0,10,32,0,25,0
20-08 03:51:58,10.234,18.970,69.389,0,0,1398236,1260104,175492,5090068,6820.061,1617.406,0,31.949,0,7.987,2443,3614,2.400,1.540,0.820,2,0,295.526,0,0,10,32,0,25,0
20-08 03:51:59,23.323,17.304,57.681,0,0,1427548,1230676,175504,5090424,5061.849,1625.088,0,20.063,0,4.013,5405,10089,2.280,1.540,0.820,3,0,198.622,0,0,10,32,0,25,0
20-08 03:52:00,46.347,7.475,46.347,0,0,1541784,1116188,175504,5090800,9364.024,1614.659,0,51.829,0,1.993,1376,1649,2.280,1.540,0.820,3,0,48.838,0,0,10,33,0,25,0
20-08 03:52:01,48.750,5.500,45.250,0,0,1611176,1043640,175520,5093864,7834.945,1619.989,0,499.997,0,17.000,1645,11292,2.280,1.540,0.820,2,0,4.000,0,0,10,49,0,25,0
20-08 03:52:02,31.544,10.264,57.079,0,0,1656564,996844,175576,5094900,5262.283,1622.245,0,1285.780,0,144.200,1943,2704,2.280,1.540,0.820,4,0,98.136,0,0,10,48,0,25,0
20-08 03:52:03,14.229,12.232,71.393,0.499,0,1675120,978208,175576,5094956,5883.181,2310.537,0,271.593,0,33.949,2127,3136,2.280,1.540,0.820,0,0,162.756,0,0,10,49,0,25,0
20-08 03:52:04,0.750,1.000,97.735,0.250,0,1675120,978208,175576,5094956,37690.120,3141.510,0,6646.963,0,337.947,992,2109,2.100,1.510,0.820,0,0,0,0,0,10,49,0,25,0
20-08 03:52:05,0,0.750,97.497,0.250,0,1675260,977956,175576,5095068,91619.977,3479.885,0,1615.947,0,82.997,821,1373,2.100,1.510,0.820,0,0,0,0,0,10,49,0,25,0
20-08 03:52:06,1.754,1.002,97.205,0,0,1682988,970172,175576,5095124,67930.061,3210.762,0,400.844,0,21.044,750,1112,2.100,1.510,0.820,1,0,0,0,0,10,48,0,26,0
20-08 03:52:07,17.216,8.982,70.859,1.497,0,1689900,961556,175676,5096468,42900.671,1616.784,3.992,5101.852,0.998,342.319,2566,3868,2.100,1.510,0.820,1,0,71.857,0,0,10,48,0,26,0
20-08 03:52:08,15.006,11.004,73.027,0.500,0,1720444,880312,175676,5145104,5117.909,1662.620,0,3985.487,0,90.034,1752,2427,2.100,1.510,0.820,1,0,39.015,0,0,10,48,0,26,0
20-08 03:52:09,13.245,12.245,72.971,0,0,1698676,902080,175676,5145104,6853.238,1661.330,0,3.998,0,1.000,1673,1876,2.010,1.500,0.820,1,0,74.970,0,0,10,48,0,26,0
20-08 03:52:10,21.500,4.000,73.749,0,0,1734420,866308,175676,5145112,6764.878,1661.970,0,0,0,0,1036,1224,2.010,1.500,0.820,1,0,10.000,0,0,10,48,0,26,0
20-08 03:52:11,16.532,9.017,73.391,0,0,1672628,977712,175824,5096308,5785.113,1514.910,160.308,4.008,10.019,1.002,1593,2023,2.010,1.500,0.820,1,0,90.173,0,0,10,48,0,26,0
20-08 03:52:12,13.971,15.967,69.106,0,0,1671988,978180,175828,5096820,6320.859,1562.751,0,19.959,0,2.994,3042,6297,2.010,1.500,0.820,1,0,240.500,0,0,10,48,0,26,0
20-08 03:52:13,11.751,6.751,80.008,0,0,1670084,979928,175828,5096616,5583.547,1620.159,0,1896.186,0,15.001,3257,5521,2.010,1.500,0.820,0,0,61.006,0,0,10,48,0,26,0
20-08 03:52:14,0.750,0.500,97.741,0.500,0,1670080,979928,175828,5096620,5821.453,1661.844,0,327.969,0,21.998,663,1072,1.850,1.480,0.820,0,0,3.000,0,0,10,48,0,26,0
20-08 03:52:15,0.500,0.750,98.013,0,0,1670304,979704,175828,5096620,4832.648,1620.217,0,268.036,0,2.000,674,1064,1.850,1.480,0.820,0,0,3.000,0,0,10,48,0,26,0
20-08 03:52:16,0,0,98.484,0,0,1670304,979704,175828,5096620,4978.179,1619.733,0,0,0,0,621,980,1.850,1.480,0.820,0,0,1.000,0,0,10,48,0,26,0
20-08 03:52:17,3.500,4.500,92.006,0,0,1611448,1038600,175828,5096616,5003.350,1620.113,0,4592.321,0,250.018,1382,1892,1.850,1.480,0.820,1,0,53.004,0,0,10,48,0,26,0
20-08 03:52:18,17.019,14.766,66.323,0,0,1612452,1037640,175828,5096632,6140.730,1513.659,0,1709.874,0,179.196,5267,10947,1.850,1.480,0.820,1,0,256.281,0,0,10,48,0,26,0
20-08 03:52:19,9.988,20.726,68.170,0,0,1671244,978796,175828,5096644,5519.515,1727.970,0,0,0,0,2715,4206,1.780,1.470,0.820,1,0,276.675,0,0,11,48,0,26,0
20-08 03:52:20,15.263,16.514,65.807,0,0,1672624,977348,175828,5096656,5311.595,1567.356,0,208.180,0,4.003,4589,8847,1.780,1.470,0.820,1,0,202.175,0,0,11,48,0,26,0
20-08 03:52:21,3.499,5.248,89.964,0,0,1672112,977668,175828,5096808,5626.721,1619.344,0,215.913,0,12.995,1242,2031,1.780,1.470,0.820,1,0,104.957,0,0,11,48,0,26,0
20-08 03:52:22,15.996,16.246,66.234,0,0,1677896,971848,175828,5097188,6438.455,1619.611,0,15.996,0,2.999,4520,11063,1.780,1.470,0.820,1,0,182.956,0,0,13,48,0,20,0
20-08 03:52:23,10.261,16.769,72.330,0,0,1678272,971440,175828,5096836,4883.396,1621.792,0,184.204,0,17.019,3096,5921,1.780,1.470,0.820,2,0,273.302,0,0,13,50,0,20,0
20-08 03:52:24,13.260,21.766,64.046,0.250,0,1674736,974908,175828,5096872,5195.746,1621.169,0,396.286,0,30.022,3107,5941,1.800,1.480,0.820,2,0,326.235,0,0,13,50,0,20,0
20-08 03:52:25,17.479,16.730,63.922,0,0,1682104,967384,175832,5097040,6651.878,1596.051,0,7.990,0,1.998,4036,9627,1.800,1.480,0.820,2,0,173.788,0,0,13,50,0,20,0
20-08 03:52:26,33.957,21.723,44.195,0,0,1756080,893368,175840,5097236,6860.404,1617.973,0,79.900,0,6.991,4568,9212,1.800,1.480,0.820,8,0,365.542,0,0,13,50,0,18,0
20-08 03:52:27,30.261,8.503,60.773,0,0,1823556,824488,175928,5098312,6176.328,1620.611,32.012,3445.299,2.001,366.138,3009,4238,1.800,1.480,0.820,1,0,49.018,0,0,13,58,0,22,0
20-08 03:52:28,22.259,5.002,72.529,0,0,1875024,772972,175928,5098360,7331.881,1566.616,0,772.304,0,5.002,1171,1387,1.800,1.480,0.820,1,0,8.003,0,0,13,58,0,21,0
20-08 03:52:29,12.205,3.487,82.449,0,0,1903184,744244,175936,5098920,5657.339,1851.239,0,0,0,0,1435,3166,1.740,1.470,0.820,0,0,3.985,0,0,13,58,0,21,0
20-08 03:52:30,0.502,0.502,97.571,0,0,1903184,744244,175936,5098920,7569.928,1625.352,0,1003.304,0,2.007,681,1021,1.740,1.470,0.820,0,0,1.003,0,0,13,58,0,19,0
20-08 03:52:31,7.512,9.515,82.127,0,0,1847848,799432,175936,5099388,8737.543,1622.515,0,64.099,0,8.012,2653,4330,1.740,1.470,0.820,0,0,139.216,0,0,13,56,0,19,0
20-08 03:52:32,16.745,16.245,65.481,0,0,1845392,801768,175936,5099060,5394.441,1511.563,0,967.720,0,127.963,3684,7201,1.740,1.470,0.820,1,0,229.934,0,0,13,56,0,18,0
20-08 03:52:33,18.733,16.235,63.443,0,0,1914188,732872,175936,5099080,6932.754,1618.542,0,183.834,0,12.988,5465,10171,1.740,1.470,0.820,1,0,210.810,0,0,13,56,0,18,0
20-08 03:52:34,18.503,17.253,62.510,0,0,1914736,732256,175936,5099188,7849.224,1620.253,0,480.075,0,30.005,5317,10369,1.680,1.460,0.830,2,0,303.047,0,0,13,50,0,16,0
20-08 03:52:35,16.737,12.240,69.944,0,0,1916612,730340,175936,5099244,6548.781,1618.710,0,0,0,0,3830,6911,1.680,1.460,0.830,0,0,97.922,0,0,13,58,0,16,0
20-08 03:52:36,19.301,9.275,70.437,0,0,1696776,950128,175936,5099244,7830.744,1612.271,0,92.244,0,1.003,1746,3203,1.680,1.460,0.830,1,0,225.598,0,0,13,50,0,20,0
20-08 03:52:37,28.987,22.990,46.979,0,0.250,1770196,876684,175936,5099268,43809.461,1619.278,0,191.914,0,3.998,2936,4579,1.680,1.460,0.830,3,0,403.820,0,0,13,50,0,20,0
20-08 03:52:38,36.993,21.246,40.743,0,0,1859340,786800,175936,5100316,7490.644,1619.707,0,48415.237,0,60.989,4290,12009,1.680,1.460,0.830,1,0,309.944,0,0,13,58,0,21,0
20-08 03:52:39,44.927,14.477,39.436,0.250,0,1953364,692764,175940,5099988,5390.268,1509.555,0,331.463,0,11.981,2598,3905,1.780,1.490,0.840,2,0,206.665,0,0,13,58,0,21,0
20-08 03:52:40,26.753,5.751,67.007,0,0,2024224,621224,175968,5100640,8587.893,1710.178,0,0,0,0,1358,3216,1.780,1.490,0.840,1,0,4.000,0,0,13,58,0,20,0
20-08 03:52:41,25.501,1.750,72.504,0.250,0,2058300,585008,176272,5102268,8339.425,1620.083,140.007,0,35.002,0,1101,1577,1.780,1.490,0.840,2,0,5.000,0,0,13,60,0,20,0
20-08 03:52:42,24.509,5.752,51.269,17.006,0,2059544,565896,176340,5119576,7122.600,1620.592,0,39970.589,0,3140.146,12066,26169,1.780,1.490,0.840,4,0,6.002,0,0,13,60,0,14,0
20-08 03:52:43,38.818,15.277,42.324,2.504,0,2232688,387292,176444,5124668,5330.371,1664.927,0,6912.152,0,445.784,8217,18678,1.780,1.490,0.840,4,0,166.292,0,0,14,85,0,25,0
20-08 03:52:44,10.488,20.227,68.173,0.250,0,2239660,379836,176444,5125004,5673.623,1564.242,0,6101.142,0,207.766,3012,4874,1.720,1.480,0.840,1,0,276.689,0,0,14,85,0,25,0
20-08 03:52:45,9.510,20.271,68.320,0.250,0,2241944,377384,176444,5125156,6111.289,1663.712,0,740.762,0,43.044,2660,3847,1.720,1.480,0.840,1,0,292.301,0,0,14,85,0,25,0
20-08 03:52:46,23.007,17.005,58.019,0.500,0,2275556,343684,176448,5125524,6972.231,1606.514,0,3845.230,0,203.065,5669,11972,1.720,1.480,0.840,3,0,262.084,0,0,14,85,0,25,0
20-08 03:52:47,43.648,5.986,49.385,0,0,2391180,227864,176452,5125824,5599.952,1616.234,0,0,0,0,1096,1167,1.720,1.480,0.840,2,0,0,0,0,14,86,0,25,0
20-08 03:52:48,16.011,17.512,66.045,0,0,2415172,203184,176464,5126448,7555.137,1621.102,0,820.558,0,48.033,2621,4533,1.720,1.480,0.840,1,0,216.147,0,0,14,89,0,26,0
20-08 03:52:49,7.242,18.479,71.418,0.250,0,2408320,209976,176464,5126476,9849.673,1618.139,0,847.026,0,51.940,2510,3623,1.580,1.450,0.830,1,0,252.709,0,0,14,89,0,26,0
20-08 03:52:50,9.503,17.505,71.519,0,0,2414740,203540,176464,5126492,7381.008,1710.465,0,116.032,0,11.003,2755,4029,1.580,1.450,0.830,1,0,327.089,0,0,14,89,0,26,0
20-08 03:52:51,15.746,11.497,72.483,0,0,2446820,171432,176464,5126520,8608.003,1619.624,0,443.897,0,2.999,1971,2824,1.580,1.450,0.830,1,0,195.955,0,0,14,89,0,26,0
20-08 03:52:52,23.479,2.498,71.687,0,0,2428284,189832,176464,5126656,9499.669,1564.628,0,151.867,0,11.989,2417,4160,1.580,1.450,0.830,2,0,1.998,0,0,14,91,0,27,0
20-08 03:52:53,26.831,5.517,66.951,0,0,2487240,130848,176468,5126676,6437.331,1516.554,0,1107.325,0,70.211,2088,3283,1.580,1.450,0.830,1,0,71.214,0,0,14,108,0,27,0
20-08 03:52:54,26.700,3.493,66.874,0.998,0,2505860,124640,176480,5114584,6536.665,1616.949,3.992,3589.227,0.998,467.119,3853,6919,1.450,1.430,0.830,1,0,1.996,0,0,14,114,0,27,0
20-08 03:52:55,21.739,7.246,70.713,0.500,0,2489748,140592,176480,5114740,5425.141,1619.147,55.971,907.522,5.997,91.952,2325,3915,1.450,1.430,0.830,2,0,110.942,0,0,14,112,0,29,0
20-08 03:52:56,23.250,3.750,71.250,0.500,0,2523092,124212,174992,5099924,6938.993,1619.998,92.000,7063.993,5.000,486.000,2560,4239,1.450,1.430,0.830,2,0,3.000,0,0,14,114,0,30,0
20-08 03:52:57,40.523,8.755,48.778,0.500,0,2561572,141728,174016,5045064,9960.727,1620.932,1773.019,1580.909,48.028,129.074,2591,4039,1.450,1.430,0.830,2,0,97.056,0,0,14,112,0,31,0
20-08 03:52:58,30.486,7.496,60.471,0.250,0,2576184,165668,173560,5007408,9039.715,1619.232,1203.430,487.769,26.987,39.981,1813,2485,1.450,1.430,0.830,1,0,56.973,0,0,14,116,0,32,0
20-08 03:52:59,23.995,2.749,73.486,0,0,2614688,126980,173568,5007584,5640.911,1619.687,7.998,327.937,2.000,18.996,1198,1655,1.420,1.420,0.830,2,0,0,0,0,14,116,0,34,0
20-08 03:53:00,22.067,4.514,72.971,0,0,2609360,132288,173568,5007604,5927.914,1552.692,0,328.994,0,18.055,1283,1842,1.420,1.420,0.830,2,0,51.155,0,0,14,117,0,34,0
20-08 03:53:01,20.196,7.231,70.812,0.249,0,2584292,156636,173572,5008336,9840.922,1615.718,742.034,829.801,128.659,80.786,2357,3823,1.420,1.420,0.830,1,0,81.783,0,0,14,116,0,35,0
20-08 03:53:02,23.285,4.256,72.360,0.501,0,2561672,186844,173432,5000936,4696.110,1622.456,4.006,5023.606,1.002,467.708,1728,2517,1.420,1.420,0.830,1,0,10.015,0,0,14,116,0,36,0
20-08 03:53:03,22.516,3.502,73.301,0,0,2617356,131144,173432,5000952,6301.424,1621.138,0,392.275,0,27.019,1314,1958,1.420,1.420,0.830,1,0,49.034,0,0,14,120,0,36,0
20-08 03:53:04,26.238,5.997,66.719,1.499,0,2582588,180560,173284,4986724,5579.433,1619.255,0,1603.262,0,231.893,4101,7653,1.380,1.410,0.830,1,0,53.975,0,0,14,123,0,38,0
20-08 03:53:05,22.511,3.502,73.036,0,0,2638528,124616,173284,4986728,4746.359,1620.806,0,1376.684,0,82.041,1261,1851,1.380,1.410,0.830,1,0,1.000,0,0,14,123,0,38,0
20-08 03:53:06,31.442,3.244,63.633,0.499,0,2648316,129704,173260,4972096,7193.728,1617.017,0,2810.814,0,343.366,3411,6191,1.380,1.410,0.830,5,0,0,0,0,14,123,0,39,0
20-08 03:53:07,25.984,5.247,68.458,0.250,0,2656028,121916,173260,4972172,43921.164,1619.011,63.961,855.477,8.995,67.958,2113,3239,1.380,1.410,0.830,1,0,68.958,0,0,14,123,0,38,0
20-08 03:53:08,19.981,8.991,69.933,0.250,0,2612660,178396,173172,4959308,5602.655,1456.610,1446.620,1015.032,24.976,111.893,2856,4935,1.380,1.410,0.830,1,0,146.860,0,0,14,123,0,39,0
20-08 03:53:09,23.018,4.253,72.806,0.250,0,2668448,122452,173172,4959464,6105.738,1621.258,64.050,944.733,10.008,58.045,1174,1666,1.350,1.410,0.830,1,0,0,0,0,14,123,0,39,0
20-08 03:53:10,26.811,3.724,67.524,0.993,0,2673416,131304,173168,4945692,5266.837,1759.584,1155.844,1060.517,14.895,125.117,3367,6089,1.350,1.410,0.830,5,0,0.993,0,0,14,125,0,39,0
20-08 03:53:11,37.248,12.835,48.321,0.503,0,2642296,160932,173172,4947180,5495.523,1721.441,1405.340,1993.247,41.274,165.097,4312,8894,1.350,1.410,0.830,2,0,289.927,0,0,14,123,0,40,0
20-08 03:53:12,31.258,4.001,63.766,0.250,0,2682940,120136,173172,4947332,5610.391,1796.446,0,1104.274,0,84.021,2224,3521,1.350,1.410,0.830,1,0,2.000,0,0,14,123,0,41,0
20-08 03:53:13,9.022,19.046,70.420,0.251,0,2632016,171008,173180,4947376,6300.202,1874.523,44.106,625.509,3.007,41.099,2711,4204,1.350,1.410,0.830,1,0,286.692,0,0,14,123,0,41,0
20-08 03:53:14,8.990,20.726,68.172,0.499,0,2638216,164508,173184,4947672,4832.462,1660.098,127.853,5054.208,5.993,324.628,3164,5537,1.410,1.420,0.840,2,0,304.651,0,0,14,123,0,41,0
20-08 03:53:15,21.795,16.842,58.202,0,0,2653620,148736,173184,4948052,5687.486,1604.900,431.936,249.651,14.860,11.888,4561,8719,1.410,1.420,0.840,2,0,212.005,0,0,14,123,0,41,0
20-08 03:53:16,32.324,21.465,44.699,0,0.253,2693188,125772,173112,4931716,7133.578,1559.650,28.284,783.865,4.041,42.426,3177,5825,1.410,1.420,0.840,2,0,436.379,0,0,14,123,0,41,0
20-08 03:53:17,35.902,23.436,39.392,0.499,0,2768728,125304,171976,4859424,5503.963,1685.395,11.967,7730.879,2.992,703.079,7736,14500,1.410,1.420,0.840,22,0,278.240,0,0,14,135,0,41,0
20-08 03:53:18,45.454,19.839,33.902,0,0,2851840,123548,170472,4781316,5373.093,1627.297,1153.171,2724.215,65.293,301.351,3462,6096,1.410,1.420,0.840,3,0,341.531,0,0,16,135,0,41,0
20-08 03:53:19,51.883,25.692,21.951,0.249,0,2955748,128700,168944,4676028,4923.921,1616.363,2226.989,167.623,121.726,16.962,2938,5524,1.530,1.440,0.850,3,0,436.019,0,0,16,135,0,41,0
20-08 03:53:20,40.965,22.481,34.471,0.500,0,3010700,131120,166788,4622244,6243.705,1618.627,4967.787,9791.697,207.824,1068.094,7749,23649,1.530,1.440,0.850,2,0,215.817,0,0,16,151,0,41,0
20-08 03:53:21,35.052,22.032,41.311,0,0,3072992,130996,165508,4562780,5925.717,1732.549,80.118,484.713,8.012,21.031,3200,5485,1.530,1.440,0.850,2,0,448.660,0,0,16,151,0,41,0
20-08 03:53:22,20.750,19.500,58.250,0.250,0,3102140,126316,165516,4538864,5819.023,1512.006,28.000,588.002,5.000,55.000,3665,6590,1.530,1.440,0.850,1,0,456.002,0,0,17,151,0,41,0
20-08 03:53:23,21.273,16.267,61.315,0.250,0,3114020,136268,165160,4517992,5739.106,1567.668,4.004,492.524,1.001,41.044,5997,11825,1.530,1.440,0.850,2,0,253.269,0,0,17,151,0,41,0
20-08 03:53:24,36.737,22.742,39.486,0,0,3186716,126972,165156,4456236,6717.609,1689.399,35.987,31.989,7.997,7.997,4359,9932,1.570,1.450,0.860,2,0,577.794,0,0,17,151,0,42,0
20-08 03:53:25,46.767,18.507,34.262,0,0,3287916,128620,165176,4355292,5631.016,1620.580,188.067,5153.845,10.004,476.170,6225,12953,1.570,1.450,0.860,2,0,389.139,0,0,17,163,0,41,0
20-08 03:53:26,32.000,23.250,44.500,0.250,0,3351500,125024,165172,4296400,5809.994,1619.998,48.000,2211.998,3.000,234.000,4272,6900,1.570,1.450,0.860,2,0,724.999,0,0,17,163,0,41,0
20-08 03:53:27,25.976,22.729,50.454,0,0,3417240,123760,165184,4233288,5782.697,1618.516,15.985,2817.416,3.996,334.693,5288,14685,1.570,1.450,0.860,1,0,441.595,0,0,17,175,0,41,0
20-08 03:53:28,22.760,17.508,57.525,0.250,0,3441368,124496,165184,4208984,5730.504,1620.708,16.007,664.290,1.000,41.018,5320,9190,1.570,1.450,0.860,2,0,206.090,0,0,17,175,0,41,0
20-08 03:53:29,42.496,9.249,47.245,0,0,3566948,122068,165184,4088436,5365.437,1619.830,27.997,3903.590,4.999,360.962,1718,2022,1.610,1.460,0.860,3,0,1.000,0,0,17,175,0,37,0
20-08 03:53:30,44.579,7.720,45.824,0.498,0,3665732,131360,165184,3982572,5426.196,1506.225,1334.882,298.854,35.863,48.813,1803,2337,1.610,1.460,0.860,3,0,4.981,0,0,17,178,0,37,0
20-08 03:53:31,27.359,21.084,50.200,0,0,3612220,184660,165188,3982748,9333.099,1682.689,112.447,401.596,8.032,20.080,3298,5835,1.610,1.460,0.860,2,0,361.437,0,0,17,179,0,37,0
20-08 03:53:32,36.482,25.987,35.982,0,0,3628184,166956,165200,3984472,6118.916,1619.184,763.615,771.611,21.989,55.972,6602,12776,1.610,1.460,0.860,3,0,502.747,0,0,17,197,0,37,0
20-08 03:53:33,47.781,20.513,29.770,0.500,0,3687712,125872,165220,3966856,6238.105,1621.067,856.564,452.298,21.014,27.018,6104,13871,1.610,1.460,0.860,6,0,217.143,0,0,17,208,0,38,0
20-08 03:53:34,78.991,18.248,2.250,0,0,3767132,146320,165244,3869480,5749.350,1619.817,339.962,9182.962,11.999,509.942,2883,5658,1.880,1.520,0.880,7,0,155.982,0,0,17,208,0,38,0
20-08 03:53:35,78.124,14.976,6.240,0,0,3844552,138640,165332,3801264,5657.908,1617.401,491.211,1158.139,6.989,77.875,3413,8734,1.880,1.520,0.880,4,0,60.902,0,0,17,218,0,40,0
20-08 03:53:36,63.114,23.042,13.775,0.751,0,3828472,200248,165344,3756056,5927.688,1622.926,48.087,14890.848,2.004,435.786,5037,13242,1.880,1.520,0.880,3,0,345.623,0,0,17,217,0,47,0
20-08 03:53:37,45.488,25.243,28.992,0,0,3891988,128996,165344,3764148,43464.352,1511.595,0,599.839,0,31.991,13810,26454,1.880,1.520,0.880,1,0,351.906,0,0,17,221,0,43,0
20-08 03:53:38,54.256,22.252,22.503,0,0,3924656,136424,165344,3723864,6010.673,1690.189,4.000,520.058,1.000,41.005,3942,6813,1.880,1.520,0.880,4,0,467.052,0,0,17,219,0,44,0
20-08 03:53:39,57.494,20.409,21.156,0,0,3966920,124076,165416,3694244,7513.527,1612.815,215.042,14479.494,21.902,564.485,4779,9872,1.970,1.550,0.900,7,0,268.802,0,0,17,221,0,40,0
20-08 03:53:40,61.537,20.094,17.582,0,0,3993388,181280,165416,3611576,5489.587,1573.333,124.581,2776.943,8.037,361.686,5480,13061,1.970,1.550,0.900,4,0,412.925,0,0,17,227,0,43,0
20-08 03:53:41,59.216,21.987,17.740,0.250,0,4091712,129276,165428,3566000,8597.031,1619.064,3.998,7011.947,0.999,619.642,7081,15064,1.970,1.550,0.900,6,0,293.830,0,0,17,229,0,44,0
20-08 03:53:42,65.781,15.507,18.759,0.250,0,4185892,125144,165428,3478104,6594.145,1620.773,32.015,4934.354,2.001,551.263,3500,6986,1.970,1.550,0.900,4,0,173.083,0,0,17,235,0,44,0
20-08 03:53:43,70.970,7.497,21.741,0.250,0,4239540,151700,165440,3399616,9548.009,1619.323,519.783,2546.935,31.987,349.854,3676,8377,1.970,1.550,0.900,7,1,8.996,0,0,17,249,0,38,0
20-08 03:53:44,57.028,21.261,20.260,0.250,0,4276440,129248,165468,3385488,6061.000,1662.823,1680.832,1680.832,37.018,176.087,5416,14280,2.210,1.600,0.920,3,0,378.187,0,0,17,250,0,43,0
20-08 03:53:45,44.170,27.700,26.452,0.499,0,4278048,131200,165556,3382216,6071.018,1509.270,4372.091,1548.199,82.850,78.857,5865,11351,2.210,1.600,0.920,3,0,491.112,0,0,17,250,0,43,0
20-08 03:53:46,67.366,18.782,13.523,0,0,4321192,119072,165556,3351856,5860.126,1716.967,1430.472,272.471,15.026,22.038,4374,7683,2.210,1.600,0.920,4,0,205.355,0,0,18,253,0,45,0
20-08 03:53:47,77.472,12.954,8.470,0.249,0,4380852,150028,165560,3263180,6011.467,1614.218,805.116,8282.333,12.954,676.577,3068,4818,2.210,1.600,0.920,3,0,47.829,0,0,18,253,0,45,0
20-08 03:53:48,58.712,13.800,26.847,0,0,4427904,123572,165596,3242724,6316.842,1571.683,562.032,790.860,7.025,50.181,4202,11443,2.210,1.600,0.920,3,0,97.352,0,0,18,254,0,46,0
20-08 03:53:49,21.007,12.754,64.771,0.250,0,4441112,139352,165600,3213888,10352.416,3228.065,836.276,1856.613,11.004,110.036,2553,4280,2.190,1.610,0.920,1,0,137.045,0,0,18,255,0,46,0
20-08 03:53:50,17.680,7.471,73.460,0,0,4439412,141012,165600,3213928,20137.638,5455.500,796.860,362.571,7.969,23.906,1974,3019,2.190,1.610,0.920,1,0,10.957,0,0,18,260,0,45,0
20-08 03:53:51,19.497,4.749,73.739,0.250,0,4456444,123972,165600,3213936,9363.558,1619.751,767.882,279.957,5.999,14.998,2116,3961,2.190,1.610,0.920,1,0,7.999,0,0,18,263,0,45,0
20-08 03:53:52,22.509,9.754,66.778,0.250,0,4462704,128460,165604,3203424,16573415.408,159549.170,772.325,14049.915,7.003,501.211,8775,5931,2.190,1.610,0.920,2,0,43.018,0,0,18,263,0,45,0
20-08 03:53:53,15.246,13.496,69.230,0.500,0,4468580,120380,165604,3205628,8341.589,1661.520,2267.345,515.851,31.991,34.990,2858,4633,2.190,1.610,0.920,1,0,226.934,0,0,18,265,0,45,0
20-08 03:53:54,25.327,3.761,68.708,0.752,0,4485136,133132,165604,3176520,9731.506,1667.055,216.657,678.056,12.036,69.210,2874,5385,2.100,1.600,0.930,1,0,2.006,0,0,18,275,0,46,0
20-08 03:53:55,24.470,5.743,68.915,0,0,4506148,121312,165604,3167572,5288.479,1618.005,451.443,443.453,21.973,42.947,4097,9235,2.100,1.600,0.930,1,0,1.998,0,0,18,278,0,47,0
20-08 03:53:56,13.970,14.968,69.352,0.249,0,4449060,172240,165604,3173756,6005.161,1562.659,267.428,470.993,11.974,36.921,3327,5587,2.100,1.600,0.930,1,0,360.230,0,0,18,275,0,46,0
20-08 03:53:57,22.256,5.501,71.019,0,0,4501780,119068,165604,3174208,5674.532,1620.438,244.066,8138.197,4.001,27.007,1876,3113,2.100,1.600,0.930,1,0,104.028,0,0,18,275,0,46,0
20-08 03:53:58,11.504,16.505,71.022,0,0,4460004,164092,165608,3170960,5295.668,1620.510,4.001,308.097,1.000,21.007,2926,4734,2.100,1.600,0.930,1,0,300.095,0,0,18,275,0,44,0
20-08 03:53:59,8.730,15.714,73.083,0.499,0,4457764,166200,165608,3171092,6086.081,1616.304,63.854,1544.468,4.989,88.797,3355,5650,2.010,1.590,0.930,0,0,362.172,0,0,18,277,0,44,0
20-08 03:54:00,4.257,1.753,92.912,0,0,4461796,162168,165608,3171092,6570.446,1514.639,0,100.175,0,10.017,1196,2006,2.010,1.590,0.930,2,0,9.016,0,0,18,277,0,41,0
20-08 03:54:01,25.018,3.002,70.051,0.250,0,4510840,127716,165612,3156604,10264.421,1621.172,4.003,16127.660,1.001,33.024,1750,2760,2.010,1.590,0.930,1,0,1.001,0,0,18,281,0,41,0
20-08 03:54:02,14.015,13.514,70.325,0,0,4457820,180664,165616,3156672,7123.608,1621.732,36.038,196.210,5.005,22.024,3074,4993,2.010,1.590,0.930,1,0,240.257,0,0,18,283,0,40,0
20-08 03:54:03,12.735,15.732,69.919,0.250,0,4461532,176648,165616,3156960,5157.008,1618.120,0,167.805,0,13.984,2997,4680,2.010,1.590,0.930,1,0,231.731,0,0,18,283,0,40,0
20-08 03:54:04,20.495,5.249,72.482,0.500,0,4515472,121208,165616,3158460,5022.734,1565.605,1359.657,211.947,37.990,18.995,1805,2814,1.930,1.580,0.930,1,0,71.982,0,0,18,283,0,39,0
20-08 03:54:05,23.738,4.498,70.213,0,0,4558080,129632,165552,3107744,6711.470,1619.148,271.857,43.977,28.985,5.997,1550,2113,1.930,1.580,0.930,2,0,1.999,0,0,18,287,0,39,0
20-08 03:54:06,23.249,2.000,71.998,0.750,0,4461972,227072,165600,3106364,5973.821,1619.951,143.996,295.991,17.999,38.999,1768,2945,1.930,1.580,0.930,1,0,7.000,0,0,18,287,0,37,0
20-08 03:54:07,24.571,3.259,72.209,0,0,4521324,167628,165612,3106444,43078.713,1516.390,32.093,220.639,7.020,8.023,1435,1999,1.930,1.580,0.930,1,0,0,0,0,18,287,0,37,0
20-08 03:54:08,25.012,2.501,70.785,0,0,4556596,132348,165612,3106452,5802.878,1690.839,4.002,140.069,1.000,10.005,1891,2864,1.930,1.580,0.930,1,0,2.001,0,0,18,293,0,36,0
20-08 03:54:09,23.184,4.238,71.047,0,0,4502792,186112,165612,3106492,5676.804,1615.391,27.920,402.851,0.997,26.923,1397,2070,1.850,1.570,0.930,1,0,14.957,0,0,18,287,0,36,0
20-08 03:54:10,19.255,8.002,71.770,0,0,4459508,228228,165620,3107652,5125.420,1620.449,1496.415,212.059,20.006,10.003,2041,3156,1.850,1.570,0.930,1,0,137.038,0,0,18,287,0,35,0
20-08 03:54:11,11.504,18.256,69.523,0,0,4469576,217956,165620,3107856,5875.968,1620.543,0,280.094,0,11.004,3163,5136,1.850,1.570,0.930,1,0,357.120,0,0,18,287,0,35,0
20-08 03:54:12,20.715,6.988,70.630,0.499,0,4497728,189264,165632,3108384,6311.321,1563.355,523.115,235.601,32.944,27.953,2186,3552,1.850,1.570,0.930,3,0,93.841,0,0,18,287,0,34,0
20-08 03:54:13,25.017,5.003,68.046,0,0,4522404,164568,165648,3108388,5444.697,1621.101,160.109,364.247,8.005,24.016,9276,18912,1.850,1.570,0.930,1,0,10.007,0,0,18,287,0,34,0
20-08 03:54:14,20.011,2.001,76.291,0.250,0,4498120,188396,165668,3108824,12612.748,5305.839,0,492.263,0,18.010,1569,2432,1.790,1.560,0.930,2,0,3.002,0,0,18,288,0,33,0
20-08 03:54:15,24.317,6.017,68.940,0,0,4524760,159948,165816,3110252,5521.200,1624.472,4.011,593.634,1.003,26.072,9796,20170,1.790,1.560,0.930,1,0,10.028,0,0,18,288,0,33,0
20-08 03:54:16,17.196,11.713,71.278,0.249,0,4457496,227292,165820,3110168,10529.139,1788.418,51.838,338.942,2.991,23.925,2448,3759,1.790,1.560,0.930,1,0,154.518,0,0,18,287,0,33,0
20-08 03:54:17,20.082,7.531,71.292,0,0,4513444,171096,165820,3110416,9993.905,1626.658,0,461.891,0,23.095,1973,3008,1.790,1.560,0.930,1,0,112.460,0,0,18,287,0,33,0
20-08 03:54:18,20.418,7.968,70.468,0.249,0,4472740,211744,165820,3110472,6032.869,1613.546,23.904,3011.952,1.992,363.546,2536,3523,1.790,1.560,0.930,2,0,111.554,0,0,18,287,0,35,0
20-08 03:54:19,24.051,2.756,71.401,0,0,4521940,162352,165820,3110664,4992.529,1623.424,0,72.152,0,3.006,1610,2307,1.720,1.550,0.930,1,0,0,0,0,18,287,0,35,0
20-08 03:54:20,23.366,6.214,69.104,0,0,4508512,175760,165820,3110684,5132.555,1610.759,0,0,0,0,1741,2648,1.720,1.550,0.930,1,0,69.601,0,0,18,287,0,35,0
20-08 03:54:21,24.839,5.520,69.749,0,0,4482140,202128,165820,3110688,4803.152,1463.225,0,96.344,0,9.032,1838,2892,1.720,1.550,0.930,1,0,56.201,0,0,18,287,0,37,0
20-08 03:54:22,25.487,3.498,69.965,0.250,0,4462764,221340,165820,3110852,7390.305,1619.190,0,227.886,0,26.987,1857,3039,1.720,1.550,0.930,1,0,2.999,0,0,18,287,0,39,0
20-08 03:54:23,21.764,5.003,71.547,0,0,4512608,171488,165820,3110860,6918.497,1621.054,0,1609.046,0,111.072,1522,2370,1.720,1.550,0.930,3,0,31.020,0,0,18,287,0,39,0
20-08 03:54:24,25.802,10.271,64.130,0.251,0,4473192,210476,165820,3111288,6936.094,1623.299,284.578,344.700,30.061,43.088,2861,6119,1.580,1.520,0.920,2,0,81.165,0,0,18,287,0,39,0
20-08 03:54:25,23.782,4.005,71.096,0,0,4454260,229404,165820,3111292,6259.482,1622.198,0,152.206,0,10.014,1775,2686,1.580,1.520,0.920,2,0,32.043,0,0,18,287,0,41,0
20-08 03:54:26,23.671,3.239,71.262,0,0,4511928,171696,165820,3111332,7271.763,1614.618,15.947,207.309,0.997,17.940,1661,2556,1.580,1.520,0.920,1,0,0,0,0,18,287,0,41,0
20-08 03:54:27,15.241,11.243,70.457,0,0,4464592,218848,165828,3111508,5860.384,2675.349,191.882,319.803,7.995,34.978,2834,4480,1.580,1.520,0.920,0,0,179.889,0,0,18,289,0,41,0
20-08 03:54:28,4.757,7.510,85.619,0.250,0,4463608,219672,165828,3111636,13066.162,3980.533,0,264.367,0,14.019,1853,2960,1.580,1.520,0.920,1,0,106.148,0,0,18,287,0,42,0
20-08 03:54:29,3.994,3.994,91.365,0,0,4463288,219984,165828,3111644,12830.997,5220.269,0,175.740,0,10.984,1485,2366,1.620,1.530,0.930,0,0,32.951,0,0,18,287,0,43,0
20-08 03:54:30,6.005,2.002,89.568,0.250,0,4468224,214524,165828,3112168,6417.903,1621.239,544.416,544.416,37.028,25.019,1270,2025,1.620,1.530,0.930,5,0,8.006,0,0,18,287,0,43,0
20-08 03:54:31,21.061,14.041,63.435,1.003,0,4449136,226772,166060,3118592,10017.210,127329.292,4256.412,132.386,168.491,12.035,2391,15206,1.620,1.530,0.930,1,0,71.208,0,0,18,287,0,43,0
20-08 03:54:32,4.980,1.494,90.389,0.249,0,4447320,226772,166060,3120372,6181.343,1655.397,0,7422.392,0,18.925,2444,7218,1.620,1.530,0.930,0,0,1.992,0,0,18,287,0,43,0
20-08 03:54:33,4.751,1.000,92.516,0,0,4447308,226772,166060,3120384,6476.127,1620.282,0,348.061,0,21.004,1664,2787,1.620,1.530,0.930,0,0,0,0,0,18,287,0,43,0
20-08 03:54:34,1.750,0.750,95.492,0,0,4447304,226772,166060,3120388,5546.517,1619.859,0,111.990,0,8.999,1142,1916,1.490,1.510,0.920,0,0,0,0,0,18,287,0,43,0
20-08 03:54:35,2.751,0.500,95.522,0,0.250,4447304,226772,166060,3120388,5970.391,1620.378,0,152.035,0,14.003,1218,2024,1.490,1.510,0.920,0,0,0,0,0,18,287,0,42,0
20-08 03:54:36,2.499,1.000,95.724,0.250,0,4447280,226772,166060,3120412,6638.228,1457.611,15.996,247.934,1.000,24.993,1224,2203,1.490,1.510,0.920,1,0,0,0,0,18,287,0,42,0
20-08 03:54:37,2.249,1.250,94.472,0.250,0,4447268,226772,166064,3120420,43877.924,1619.517,0,2171.353,0,125.962,1356,2421,1.490,1.510,0.920,0,0,0,0,0,18,287,0,33,0
20-08 03:54:38,1.501,0.750,95.556,0,0,4447268,226772,166064,3120420,6707.958,1620.956,0,6163.637,0,506.299,1161,1820,1.490,1.510,0.920,0,0,0,0,0,18,287,0,33,0
20-08 03:54:39,2.000,0.500,96.258,0,0,4447268,226772,166064,3120420,5683.443,1620.126,0,0,0,0,1075,1814,1.370,1.480,0.920,1,0,0,0,0,18,287,0,32,0
20-08 03:54:40,1.500,0,96.526,0,0,4447268,226772,166064,3120420,6515.733,1620.431,0,4.001,0,1.000,1068,1816,1.370,1.480,0.920,0,0,0,0,0,18,287,0,32,0
20-08 03:54:41,1.750,0.750,95.985,0,0,4447268,226772,166064,3120420,5366.141,1619.741,0,0,0,0,1102,1838,1.370,1.480,0.920,0,0,0,0,0,18,287,0,29,0
20-08 03:54:42,2.500,0.750,94.747,0,0,4447264,226772,166064,3120424,9353.747,1619.956,0,119.997,0,12.000,1431,2455,1.370,1.480,0.920,0,0,2.000,0,0,18,287,0,29,0
20-08 03:54:43,2.499,1.750,93.726,0.250,0,4447264,226772,166064,3120424,5993.484,1457.631,0,579.853,0,45.988,1498,2589,1.370,1.480,0.920,1,0,0,0,0,18,287,0,28,0
20-08 03:54:44,1.501,0.500,96.035,0,0,4447252,226772,166064,3120436,6784.470,1620.590,0,132.048,0,8.003,1148,1964,1.260,1.460,0.910,0,0,0,0,0,18,287,0,28,0
20-08 03:54:45,1.500,0.750,96.248,0,0,4447252,226772,166064,3120436,6376.841,1619.960,0,0,0,0,1056,1816,1.260,1.460,0.910,1,0,0,0,0,18,287,0,18,0
20-08 03:54:46,1.749,0.999,94.952,0.250,0,4447236,226772,166064,3120452,7868.995,1619.176,15.992,191.902,0.999,18.990,1221,2306,1.260,1.460,0.910,1,0,0,0,0,18,287,0,18,0
20-08 03:54:47,1.501,0.750,95.534,0,0,4447236,226772,166064,3120452,6765.381,1620.570,0,280.099,0,19.007,1119,1896,1.260,1.460,0.910,0,0,0,0,0,18,287,0,16,0
20-08 03:54:48,2.000,0.750,95.737,0.250,0,4447460,226548,166064,3120452,7728.972,1619.785,0,1731.770,0,7.999,1071,1752,1.260,1.460,0.910,1,0,0,0,0,18,287,0,16,0
20-08 03:54:49,1.250,0.750,96.523,0,0,4447460,226548,166064,3120452,5662.359,1620.389,0,0,0,0,975,1715,1.160,1.430,0.910,1,0,0,0,0,18,287,0,15,0
20-08 03:54:50,3.250,0.500,95.736,0,0,4447332,226548,166064,3120580,8999.722,1457.793,0,0,0,0,1180,1967,1.160,1.430,0.910,0,0,0,0,0,18,287,0,15,0
20-08 03:54:51,2.499,0.500,96.195,0,0,4447332,226548,166064,3120580,7226.859,1619.072,0,0,0,0,1018,1754,1.160,1.430,0.910,0,0,0,0,0,18,287,0,15,0
20-08 03:54:52,2.751,0.500,94.791,0.500,0,4447832,226048,166064,3120580,6460.817,1620.707,0,184.080,0,13.006,1295,2291,1.160,1.430,0.910,0,0,2.001,0,0,18,287,0,15,0
20-08 03:54:53,2.498,0.999,94.687,0,0,4447832,226048,166064,3120580,8001.671,1618.922,0,239.840,0,16.989,1161,1900,1.160,1.430,0.910,0,0,0,0,0,18,287,0,15,0
20-08 03:54:54,2.001,0.750,96.303,0,0,4447828,226048,166064,3120584,5144.845,1620.896,0,7892.364,0,524.290,995,1656,1.060,1.410,0.900,0,0,0,0,0,18,287,0,15,0
20-08 03:54:55,2.997,0.250,95.141,0,0,4447828,226048,166064,3120584,5022.224,1618.139,0,43.949,0,3.995,1046,1782,1.060,1.410,0.900,0,0,0,0,0,18,287,0,12,0
20-08 03:54:56,1.752,0.751,95.592,0,0,4447872,226048,166064,3120628,5494.269,1621.555,32.031,120.115,1.001,15.014,1255,2233,1.060,1.410,0.900,2,0,0,0,0,18,287,0,12,0
20-08 03:54:57,1.752,1.001,95.607,0.250,0,4447872,226048,166064,3120628,5823.517,1513.694,0,280.314,0,18.020,1187,2022,1.060,1.410,0.900,1,0,0,0,0,18,287,0,11,0
20-08 03:54:58,1.749,0.250,96.175,0,0,4447872,226048,166064,3120628,5993.343,1564.784,0,31.975,0,4.996,1011,1730,1.060,1.410,0.900,0,0,0,0,0,18,287,0,11,0
20-08 03:54:59,1.250,0.750,95.727,0,0,4447872,226048,166064,3120628,7779.149,1619.615,0,563.866,0,92.978,1086,1799,0.980,1.380,0.900,0,0,0,0,0,18,287,0,11,0
20-08 03:55:00,1.750,0.500,96.259,0,0,4447872,226048,166064,3120628,6653.605,1620.147,0,0,0,0,1050,1788,0.980,1.380,0.900,1,0,0,0,0,18,287,0,11,0
20-08 03:55:01,1.751,0.750,95.533,0,0,4447840,226048,166064,3120660,10140.529,1458.508,0,0,0,0,1081,1817,0.980,1.380,0.900,0,0,0,0,0,18,287,0,11,0
20-08 03:55:02,4.999,2.000,91.477,0.250,0,4455400,218488,166080,3120644,107988.435,1097.730,167.959,207.949,5.999,22.994,1383,2494,0.980,1.380,0.900,1,0,4.999,0,0,18,287,0,11,0
20-08 03:55:03,9.253,5.502,83.530,0,0,4456632,216832,166100,3121048,351123.298,9889.501,220.078,340.120,11.004,17.006,1806,2479,0.980,1.380,0.900,1,0,35.012,0,0,18,287,0,11,0
