"pcp-dstat 5.3.6 CSV Output"
"Author:","PCP team <pcp@groups.io> and Dag Wieers <dag@wieers.com>",,,,"URL:","https://pcp.io/ and http://dag.wieers.com/home-made/dstat/"
"Host:","jammy-provider-cloud-0000007517",,,,"User:","ubuntu"
"Cmdline:","dstat -tcmndrylpg --tcp --output /tmp/devstack_logs/dstat-csv.log",,,,"Date:","21 Aug 2024 15:14:14 UTC"
"system","total usage",,,,,"memory usage",,,,"net/total",,"dsk/total",,"io/total",,"system",,"load avg",,,"procs",,,"paging",,"tcp sockets",,,,
"time","total usage:usr","total usage:sys","total usage:idl","total usage:wai","total usage:stl","used","free","buf","cach","net/total:recv","net/total:send","dsk/total:read","dsk/total:writ","read","writ","int","csw","1m","5m","15m","run","blk","new","in","out","lis","act","syn","tim","clo"
21-08 15:14:14,,1042076,1893276,161864,4719820,,,,,,,1.560,0.990,0.530,3,0,,,,9,4,4,17,2
21-08 15:14:15,28.476,21.731,48.958,0.250,0,1062572,1867800,161868,4724548,176215.688,11048.576,0,1003.144,0,32.972,3281,4985,1.560,0.990,0.530,1,0,443.622,0,0,9,6,4,17,2
21-08 15:14:16,15.248,21.248,61.993,0,0,1008484,1916560,161892,4729584,2586939.784,31315.681,0,3595.619,0,48.995,3701,4534,1.560,0.990,0.530,3,0,322.966,0,0,9,4,4,17,2
21-08 15:14:17,28.990,23.742,44.485,0.750,0,1039220,1873616,161892,4741564,6873.739,1619.467,11772.127,139.954,132.956,26.991,4613,8767,1.560,0.990,0.530,4,0,321.894,0,0,9,4,4,17,2
21-08 15:14:18,25.220,19.227,53.935,0,0,1176888,1735404,161892,4866736,6644.034,1618.060,0,123.852,0,18.977,3721,6619,1.560,0.990,0.530,4,0,201.758,0,0,10,6,4,17,2
21-08 15:14:19,36.989,12.746,48.736,0.750,0,1153796,1736404,162184,4886276,5817.319,1457.579,1243.641,4558.683,14.996,244.929,2675,3843,1.600,1.010,0.540,2,1,213.938,0,0,10,6,4,19,2
21-08 15:14:20,45.901,8.232,42.907,1.497,0,1220844,1645612,163368,4905988,6301.389,1616.508,3.991,18220.643,0.998,545.821,2284,6109,1.600,1.010,0.540,2,0,33.927,0,0,10,6,4,19,2
21-08 15:14:21,37.657,6.527,50.962,5.774,0,1257892,1592680,164736,4917928,12541.234,4339.072,0,16034.785,0,1184.935,5856,11537,1.600,1.010,0.540,2,1,10.042,0,0,10,6,4,19,1
21-08 15:14:22,35.437,7.986,43.423,11.480,0,1221664,1622456,165576,4923444,6884.780,1840.733,0,49611.939,0,3697.437,11734,26884,1.600,1.010,0.540,2,0,65.883,0,0,10,6,4,19,0
21-08 15:14:23,43.492,8.998,45.741,0.250,0,1175336,1668028,165580,4924156,8868.333,1693.682,0,995.813,0,38.993,8356,16923,1.600,1.010,0.540,2,0,87.983,0,0,10,4,4,19,0
21-08 15:14:24,45.577,7.262,46.078,0,0,1180256,1662940,165584,4924296,5233.819,1622.734,0,3305.570,0,162.273,8827,16910,1.630,1.030,0.550,3,0,13.022,0,0,10,4,4,19,0
21-08 15:14:25,44.507,6.001,48.508,0.500,0,1160288,1682904,165608,4924208,5729.917,1694.271,0,7029.125,0,393.063,1668,2927,1.630,1.030,0.550,2,0,22.004,0,0,10,4,4,19,0
21-08 15:14:26,25.204,4.741,68.874,0,0,1075908,1767272,165612,4924216,6280.519,1509.241,0,231.577,0,13.974,1304,1649,1.630,1.030,0.550,3,0,79.854,0,0,10,4,4,17,0
21-08 15:14:27,8.751,18.501,71.005,0,0,1083884,1759272,165612,4924240,6463.465,1566.113,0,12.001,0,2.000,2437,3438,1.630,1.030,0.550,1,0,275.020,0,0,10,4,4,17,0
21-08 15:14:28,8.750,21.249,68.497,0,0,1082032,1760952,165612,4924392,5270.731,1619.917,0,27.999,0,7.000,2474,3629,1.630,1.030,0.550,2,0,285.985,0,0,10,4,4,13,0
21-08 15:14:29,16.001,18.751,64.254,0,0,1091920,1750784,165612,4924864,7672.483,1694.107,0,16.001,0,4.000,4057,6498,1.500,1.010,0.550,1,0,199.013,0,0,10,4,4,13,0
21-08 15:14:30,44.314,9.263,46.067,0,0,1204180,1638248,165616,4925124,6352.198,1622.349,0,10743.557,0,29.042,2237,2774,1.500,1.010,0.550,2,0,130.189,0,0,10,5,4,13,0
21-08 15:14:31,47.501,3.250,49.001,0,0,1261868,1579784,165620,4925880,5444.163,1620.049,0,1228.037,0,63.002,1240,1245,1.500,1.010,0.550,2,0,0,0,0,10,5,4,13,0
21-08 15:14:32,24.445,11.225,63.359,0,0,1283956,1554952,165644,4928356,4954.941,1616.392,0,882.031,0,18.958,3154,7694,1.500,1.010,0.550,0,0,117.737,0,0,10,4,4,13,0
21-08 15:14:33,5.762,3.758,90.446,0,0,1294028,1544872,165652,4928356,5118.096,1623.520,0,793.721,0,31.067,1070,1444,1.500,1.010,0.550,1,0,21.046,0,0,10,4,4,13,0
21-08 15:14:34,23.502,2.250,74.258,0,0,1361060,1477840,165652,4928356,4469.474,1554.165,0,56.006,0,3.000,859,1126,1.460,1.010,0.550,1,0,0,0,0,10,4,4,12,0
21-08 15:14:35,23.914,2.491,71.243,0.996,0,1377784,1460760,165744,4928596,5052.765,1560.369,0,13331.885,0,218.212,2679,4954,1.460,1.010,0.550,2,0,0.996,0,0,10,10,4,12,0
21-08 15:14:36,21.828,4.516,73.010,0,0,1316956,1521572,165752,4928604,4630.503,1625.794,0,2400.556,0,148.529,1416,2124,1.460,1.010,0.550,1,0,42.150,0,0,10,4,4,14,0
21-08 15:14:37,22.497,3.000,72.240,0.750,0,1341792,1495952,165756,4929224,4979.343,1767.767,231.969,1807.761,57.992,25.997,1845,3071,1.460,1.010,0.550,1,0,3.000,0,0,10,28,4,14,0
21-08 15:14:38,21.470,5.243,72.898,0,0,1349488,1488252,165756,4929228,6692.610,1617.730,0,451.367,0,17.975,1284,1700,1.460,1.010,0.550,1,0,44.937,0,0,10,28,4,14,0
21-08 15:14:39,25.001,10.750,63.252,0,0,1345048,1492632,165756,4929256,6835.253,1620.060,0,12.000,0,3.000,1924,2743,1.420,1.010,0.550,2,0,156.006,0,0,10,28,4,14,0
21-08 15:14:40,44.524,6.253,48.276,0,0,1423372,1413972,165756,4929444,9048.859,1620.870,0,39473.197,0,151.081,3821,6369,1.420,1.010,0.550,2,0,0,0,0,10,30,4,15,0
21-08 15:14:41,60.822,20.274,18.772,0,0,1453584,1383712,165756,4929488,6191.287,1513.782,0,132.156,0,21.025,3448,6231,1.420,1.010,0.550,5,0,438.516,0,0,10,28,4,16,0
21-08 15:14:42,82.997,12.750,3.750,0,0,1623900,1213212,165760,4929664,8857.725,1619.950,0,2439.924,0,25.999,4487,10512,1.420,1.010,0.550,4,0,139.996,0,0,10,32,4,16,0
21-08 15:14:43,67.479,12.746,19.994,0,0,1380280,1456580,165764,4929880,7736.548,1565.504,0,399.873,0,39.987,3016,6873,1.420,1.010,0.550,2,0,220.930,0,0,10,28,4,16,0
21-08 15:14:44,20.471,7.739,70.649,0.250,0,1349156,1487676,165768,4929904,9386.530,1617.679,0,223.679,0,20.970,2078,3482,1.470,1.030,0.560,1,0,88.872,0,0,10,28,4,16,0
21-08 15:14:45,23.736,2.249,72.706,0,0,1373580,1463232,165772,4929916,10959.315,1619.012,0,5944.374,0,28.982,2023,3179,1.470,1.030,0.560,1,0,0,0,0,10,28,4,16,0
21-08 15:14:46,19.788,6.262,73.142,0,0,1370692,1466120,165772,4929916,5948.570,1623.157,0,496.967,0,27.053,1422,1971,1.470,1.030,0.560,1,0,68.133,0,0,10,28,4,16,0
21-08 15:14:47,19.192,7.976,70.786,0.249,0,1318376,1518404,165772,4929944,9295.871,1688.889,0,227.312,0,29.909,2643,4159,1.470,1.030,0.560,2,0,93.716,0,0,10,28,4,16,0
21-08 15:14:48,7.767,21.547,68.148,0,0,1317376,1519396,165772,4929952,5949.953,1515.299,0,184.401,0,8.017,2467,3186,1.470,1.030,0.560,3,0,327.713,0,0,10,28,4,16,0
21-08 15:14:49,37.299,28.287,34.546,0.250,0,1423664,1413068,165772,4929988,9384.434,1622.149,0,232.308,0,21.028,2925,4867,1.510,1.040,0.570,5,0,616.817,0,0,10,28,4,16,0
21-08 15:14:50,82.506,10.251,7.250,0,0,1603332,1233236,165776,4930148,10795.734,1662.113,0,780.053,0,49.003,3657,7078,1.510,1.040,0.570,5,0,3.000,0,0,10,31,4,16,0
21-08 15:14:51,80.504,15.751,3.250,0,0,1473076,1363276,165788,4930376,6068.273,1566.070,0,50874.289,0,576.026,4668,13542,1.510,1.040,0.570,6,0,186.008,0,0,10,29,4,16,0
21-08 15:14:52,84.990,13.248,1.750,0,0,1613816,1222172,165792,4930732,8576.954,1661.797,0,307.962,0,21.997,3976,7681,1.510,1.040,0.570,6,0,123.985,0,0,10,29,4,16,0
21-08 15:14:53,79.757,13.751,6.251,0,0,1502948,1332680,165792,4931084,8557.753,1620.143,0,160.014,0,10.001,6962,16492,1.510,1.040,0.570,4,0,126.011,0,0,10,30,4,16,0
21-08 15:14:54,61.612,11.724,26.441,0,0,1409380,1426032,165804,4931284,6437.631,1784.018,0,822.165,0,110.753,4380,9541,1.630,1.070,0.580,2,0,173.612,0,0,10,28,4,16,0
21-08 15:14:55,42.090,13.028,44.094,0.251,0,1330212,1505024,165804,4931452,15731.603,1623.468,0,304.651,0,28.060,4794,9562,1.630,1.070,0.580,5,0,265.567,0,0,10,28,4,18,0
21-08 15:14:56,64.481,11.247,24.243,0,0,1503096,1332076,165808,4931492,8971.344,1511.553,0,20413.957,0,46.986,2237,3457,1.630,1.070,0.580,4,0,112.967,0,0,10,29,4,18,0
21-08 15:14:57,57.768,16.755,23.257,0.250,0,1401644,1433304,165820,4931700,6289.006,1620.517,0,400.128,0,42.013,5467,11821,1.630,1.070,0.580,5,0,258.082,0,0,10,28,4,21,0
21-08 15:14:58,81.750,10.750,7.750,0,0,1576456,1258472,165820,4931720,5148.026,1620.008,0,176.001,0,6.000,3170,6012,1.630,1.070,0.580,3,0,2.000,0,0,10,32,4,24,0
21-08 15:14:59,64.502,15.500,19.000,0,0,1407980,1426832,165824,4931832,5959.155,1566.041,0,392.010,0,40.001,5787,12577,2.140,1.190,0.620,4,0,324.008,0,0,10,28,4,26,0
21-08 15:15:00,65.492,8.749,25.497,0,0,1449928,1384640,165832,4932068,8770.886,1619.794,0,367.953,0,34.996,3380,7168,2.140,1.190,0.620,4,0,36.995,0,0,10,29,4,27,0
21-08 15:15:01,70.752,13.750,14.500,0,0,1494824,1339556,165840,4932248,3582.086,1620.039,0,444.011,0,27.001,3298,6688,2.140,1.190,0.620,4,0,262.006,0,0,10,29,4,26,0
21-08 15:15:02,57.505,13.751,29.503,0,0,1359868,1474300,165840,4932460,6723.619,1620.149,0,308.028,0,26.002,4346,10297,2.140,1.190,0.620,5,0,287.026,0,0,10,28,4,30,0
21-08 15:15:03,66.499,6.500,26.999,0,0.250,1511748,1322092,165840,4932864,6567.856,1585.965,0,215.995,0,8.000,2692,4584,2.140,1.190,0.620,3,0,0,0,0,10,30,4,28,0
21-08 15:15:04,63.857,10.477,25.692,0,0,1455860,1377656,165844,4933176,5792.026,1690.214,0,5387.931,0,129.709,4260,7319,2.210,1.220,0.630,4,0,111.750,0,0,10,28,4,32,0
21-08 15:15:05,55.128,13.782,29.318,0,0,1396080,1437364,165868,4933224,6567.262,1623.774,0,3756.731,0,187.436,5288,11440,2.210,1.220,0.630,4,0,192.447,0,0,10,28,4,37,0
21-08 15:15:06,81.243,16.499,2.250,0,0,1563244,1270072,165868,4933412,7379.343,1767.843,0,523.953,0,18.998,2291,3522,2.210,1.220,0.630,8,0,280.975,0,0,10,28,4,37,0
21-08 15:15:07,78.003,18.501,2.500,0,0,1512096,1320912,165880,4933668,4474.192,1694.073,0,636.027,0,48.002,5214,10093,2.210,1.220,0.630,9,0,293.013,0,0,10,28,4,37,0
21-08 15:15:08,82.750,14.750,2.500,0,0,1556560,1276380,165896,4933716,5548.033,1566.009,0,504.003,0,33.000,3728,7383,2.210,1.220,0.630,9,0,231.001,0,0,10,29,4,37,0
21-08 15:15:09,79.703,15.491,3.748,0,0,1561876,1270856,165896,4933920,5810.607,1693.011,0,199.883,0,9.994,4022,11118,2.590,1.320,0.670,7,0,251.853,0,0,10,29,4,37,0
21-08 15:15:10,56.532,25.014,16.259,0,0,1389224,1443096,165900,4934288,6083.395,1694.946,0,204.114,0,10.006,5928,16004,2.590,1.320,0.670,4,0,667.372,0,0,10,28,4,38,0
21-08 15:15:11,11.745,21.490,64.971,0,0,1323572,1508708,165900,4934328,5398.554,1511.315,0,559.746,0,12.994,2685,3777,2.590,1.320,0.670,3,0,411.813,0,0,10,28,4,35,0
21-08 15:15:12,9.005,24.012,66.034,0.250,0,1322328,1509936,165900,4934344,5708.940,1772.913,0,476.245,0,21.011,2698,3887,2.590,1.320,0.670,3,0,386.199,0,0,10,28,4,35,0
21-08 15:15:13,60.246,26.998,11.999,0,0,1496872,1335344,165904,4934384,6062.630,1767.892,0,631.961,0,48.997,2865,6112,2.590,1.320,0.670,6,0,704.957,0,0,10,28,5,35,0
21-08 15:15:14,76.497,14.000,8.750,0,0,1489192,1342940,165924,4934448,5718.811,1693.944,0,475.984,0,52.998,4662,11162,2.870,1.390,0.700,6,0,176.994,0,0,10,29,5,35,0
21-08 15:15:15,82.393,9.488,6.991,0,0,1548740,1283200,165928,4934632,6463.623,1617.903,0,711.078,0,22.970,2999,5589,2.870,1.390,0.700,4,0,133.827,0,0,10,29,5,36,0
21-08 15:15:16,62.082,8.261,29.289,0,0.250,1517456,1314088,165940,4935004,9600.683,1642.169,0,132.175,0,14.019,8363,19837,2.870,1.390,0.700,5,0,30.040,0,0,10,31,5,46,0
21-08 15:15:17,78.742,11.999,8.999,0,0,1476920,1354336,165980,4935244,8515.114,1661.827,0,423.956,0,42.996,4595,11371,2.870,1.390,0.700,5,0,89.991,0,0,10,29,5,46,0
21-08 15:15:18,70.589,9.977,18.458,0,0,1570744,1260368,165988,4935376,8829.868,1624.297,0,375.145,0,19.955,6109,14274,2.870,1.390,0.700,4,0,1.995,0,0,10,32,5,48,0
21-08 15:15:19,64.902,10.775,24.808,0,0,1554688,1276112,165988,4935680,6417.016,1623.800,0,196.460,0,10.023,7788,17364,2.800,1.400,0.700,5,0,71.167,0,0,10,31,5,53,0
21-08 15:15:20,78.488,17.497,3.499,0,0,1495668,1334900,165992,4935904,7754.767,1693.731,0,167.973,0,8.999,4245,12046,2.800,1.400,0.700,4,0,229.963,0,0,10,29,5,54,0
21-08 15:15:21,79.470,11.995,8.747,0.250,0,1429100,1401240,166004,4936112,4463.295,1735.337,0,1555.406,0,60.977,4264,10236,2.800,1.400,0.700,7,0,63.976,0,0,10,28,5,55,0
21-08 15:15:22,84.782,10.754,4.252,0,0,1564172,1266076,166004,4936264,6621.529,1662.635,0,128.049,0,7.003,4181,7004,2.800,1.400,0.700,5,0,68.026,0,0,10,30,5,57,0
21-08 15:15:23,76.510,14.502,9.001,0.250,0,1439948,1390060,166020,4936480,11808.523,1662.214,0,408.053,0,48.006,5060,10813,2.800,1.400,0.700,4,0,247.032,0,0,10,28,5,57,0
21-08 15:15:24,76.751,10.750,12.750,0,0,1573728,1256248,166024,4936508,5464.038,1566.011,0,168.001,0,10.000,3225,8253,2.890,1.450,0.720,2,0,0,0,0,10,32,5,57,0
21-08 15:15:25,76.499,14.250,9.250,0,0,1473424,1356324,166024,4936728,5771.890,1511.971,0,5671.892,0,128.998,2371,5912,2.890,1.450,0.720,4,0,162.997,0,0,10,28,5,59,0
21-08 15:15:26,71.218,11.495,17.242,0,0,1518440,1311112,166044,4936900,4884.816,1619.276,0,535.761,0,49.978,5035,10788,2.890,1.450,0.720,7,0,45.979,0,0,10,29,5,62,0
21-08 15:15:27,66.672,13.734,19.228,0,0,1497068,1332440,166048,4936936,6067.919,1618.112,0,259.697,0,23.972,1973,3144,2.890,1.450,0.720,4,0,214.749,0,0,10,29,5,62,0
21-08 15:15:28,60.469,13.493,25.487,0,0,1389504,1439704,166052,4937200,6508.661,1767.093,0,255.869,0,17.991,4523,9537,2.890,1.450,0.720,3,0,182.906,0,0,10,28,5,67,0
21-08 15:15:29,64.640,7.516,27.309,0,0,1515852,1313256,166060,4937288,5234.353,1623.521,0,280.609,0,20.043,2646,5101,2.900,1.470,0.730,3,0,0,0,0,10,31,5,69,0
21-08 15:15:30,62.996,11.499,25.748,0,0,1459872,1369052,166068,4937460,9166.349,1619.885,0,335.976,0,34.998,3222,5866,2.900,1.470,0.730,3,0,131.991,0,0,10,28,5,70,0
21-08 15:15:31,59.997,6.750,33.498,0.250,0,1454744,1373788,166080,4937832,6572.619,1619.906,0,427.975,0,27.998,5698,11020,2.900,1.470,0.730,3,0,33.998,0,0,10,28,5,76,0
21-08 15:15:32,65.238,10.248,24.496,0,0,1506156,1322352,166084,4937852,5730.951,1457.733,0,183.966,0,10.998,1893,2577,2.900,1.470,0.730,3,0,47.991,0,0,10,29,5,76,0
21-08 15:15:33,61.265,11.503,27.007,0.250,0,1425760,1402640,166120,4937928,5228.265,1620.392,0,548.133,0,58.014,4416,9318,2.900,1.470,0.730,3,0,137.033,0,0,10,28,5,77,0
21-08 15:15:34,64.707,7.245,27.982,0,0,1515948,1312240,166124,4938128,5488.389,1618.935,0,291.808,0,16.989,3276,8436,3.150,1.550,0.760,5,0,0,0,0,10,28,5,78,1
21-08 15:15:35,56.013,21.505,23.255,0,0,1474948,1353076,166124,4938292,5772.333,1694.391,0,336.078,0,31.007,3049,4712,3.150,1.550,0.760,3,0,423.098,0,0,10,28,5,78,0
21-08 15:15:36,57.028,14.007,29.264,0.250,0,1394532,1433248,166136,4938512,5206.515,1620.783,0,852.412,0,31.015,6074,11838,3.150,1.550,0.760,2,0,292.141,0,0,10,28,5,78,0
21-08 15:15:37,22.445,7.980,69.080,0,0,1380256,1447456,166136,4938576,6430.143,1689.833,0,450.888,0,15.961,1462,1945,3.150,1.550,0.760,1,0,116.712,0,0,10,28,5,78,0
21-08 15:15:38,25.259,3.251,70.525,0,0,1389116,1438412,166156,4938740,5755.003,1620.564,0,384.134,0,40.014,3606,6671,3.150,1.550,0.760,1,0,4.001,0,0,10,32,5,80,0
21-08 15:15:39,11.011,19.770,68.320,0.250,0,1327880,1499520,166156,4938864,6593.765,1621.664,0,148.152,0,10.010,2334,3034,2.900,1.520,0.760,3,0,285.293,0,0,10,32,5,80,0
21-08 15:15:40,23.723,15.982,58.183,0.250,0,1394636,1432652,166168,4938940,8319.449,1456.328,0,455.477,0,26.969,2610,3944,2.900,1.520,0.760,2,0,309.645,0,0,10,32,5,82,0
21-08 15:15:41,44.802,5.506,48.306,1.001,0,1515480,1309460,166420,4940764,5387.244,1621.880,0,4353.045,0,230.267,2048,3570,2.900,1.520,0.760,6,0,17.020,0,0,10,36,5,82,0
21-08 15:15:42,41.017,6.253,44.518,9.004,0,1455992,1362668,167048,4946012,7193.942,1620.663,0,27947.430,0,2707.107,10150,23649,2.900,1.520,0.760,3,0,115.047,0,0,10,36,5,80,0
21-08 15:15:43,41.656,7.234,44.899,4.989,0,1450468,1366772,167472,4946928,6244.899,1616.350,0,29229.999,0,2593.145,9330,20383,2.900,1.520,0.760,2,0,21.950,0,0,10,32,5,80,0
21-08 15:15:44,46.104,5.763,47.607,1.253,0,1456948,1360216,167528,4946948,6134.840,1697.830,0,12656.553,0,675.524,1953,3985,2.830,1.530,0.770,2,0,1.002,0,0,10,32,5,79,0
21-08 15:15:45,38.996,6.999,48.995,3.500,0,1521068,1295228,168044,4947288,6294.408,1619.848,0,16062.490,0,2669.749,13143,29094,2.830,1.530,0.770,3,0,3.000,0,0,10,34,5,79,0
21-08 15:15:46,29.195,5.989,63.380,0,0,1396208,1419864,168080,4947456,6092.479,1616.942,0,6635.452,0,345.347,1798,2705,2.830,1.530,0.770,1,0,98.813,0,0,10,32,5,78,0
21-08 15:15:47,22.753,3.501,73.511,0,0,1456436,1359636,168080,4947456,6306.921,1512.221,0,1684.246,0,93.014,1127,1644,2.830,1.530,0.770,1,0,2.000,0,0,10,32,5,78,0
21-08 15:15:48,23.006,2.751,72.267,0.500,0,1419344,1396692,168100,4947472,5988.443,1566.377,0,6289.516,0,310.075,1360,2506,2.830,1.530,0.770,2,0,2.000,0,0,10,32,5,78,0
21-08 15:15:49,22.249,3.750,73.497,0,0,1459408,1356624,168100,4947476,5230.770,1619.929,0,0,0,0,942,1088,2.680,1.520,0.770,2,0,3.000,0,0,10,32,5,78,0
21-08 15:15:50,22.002,3.750,74.007,0,0,1431396,1384616,168100,4947496,8519.843,1620.160,0,8.001,0,2.000,993,1199,2.680,1.520,0.770,1,0,3.000,0,0,10,32,5,78,0
21-08 15:15:51,23.248,2.500,73.745,0,0,1369140,1446856,168100,4947512,9629.287,1703.874,0,0,0,0,917,1083,2.680,1.520,0.770,1,0,1.000,0,0,10,32,5,78,0
21-08 15:15:52,22.500,2.500,73.750,0,0,1438440,1377556,168100,4947512,6123.024,1694.007,0,1724.007,0,192.001,959,1134,2.680,1.520,0.770,1,0,2.000,0,0,10,32,5,78,0
21-08 15:15:53,23.000,2.750,74.249,0,0,1377664,1438280,168100,4947560,11364.898,1693.985,0,0,0,0,827,1007,2.680,1.520,0.770,1,0,1.000,0,0,10,32,5,78,0
21-08 15:15:54,22.249,3.000,73.496,0,0,1437604,1378332,168104,4947560,5578.676,1713.901,0,151.991,0,2.000,937,1115,2.540,1.510,0.770,1,0,2.000,0,0,10,32,5,78,0
21-08 15:15:55,23.505,2.501,73.516,0.500,0,1372488,1443340,168120,4947648,6190.325,1586.339,0,132.028,0,11.002,1047,1405,2.540,1.510,0.770,1,0,1.000,0,0,10,32,5,78,0
21-08 15:15:56,23.790,2.755,73.625,0,0,1378336,1437432,168128,4947700,7759.206,1568.670,0,412.702,0,29.049,1086,1385,2.540,1.510,0.770,1,0,1.002,0,0,10,32,5,76,0
21-08 15:15:57,22.701,2.495,73.093,0.249,0,1448632,1367124,168140,4947700,5875.350,1658.429,0,2754.070,0,143.691,1167,1652,2.540,1.510,0.770,2,0,1.996,0,0,10,32,5,76,0
21-08 15:15:58,23.058,2.757,73.684,0,0,1406984,1408724,168156,4947732,6129.305,1624.055,0,2863.149,0,148.370,1144,1616,2.540,1.510,0.770,2,0,1.003,0,0,10,32,5,71,0
21-08 15:15:59,23.504,2.500,73.761,0,0,1405604,1410080,168156,4947752,6027.928,1694.261,0,0,0,0,1010,1232,2.420,1.500,0.770,2,0,3.000,0,0,10,32,5,71,0
21-08 15:16:00,23.231,2.498,73.939,0,0,1376344,1439340,168156,4947752,5796.195,1618.658,0,0,0,0,872,1058,2.420,1.500,0.770,2,0,1.998,0,0,10,32,5,67,0
21-08 15:16:01,8.755,19.512,70.543,0,0,1352388,1463120,168164,4947908,6243.771,1620.979,0,552.334,0,6.004,2828,4381,2.420,1.500,0.770,2,0,410.248,0,0,10,32,5,67,0
21-08 15:16:02,10.990,17.483,70.433,0,0,1353660,1461756,168168,4947952,7928.444,1510.560,0,659.372,0,10.990,2929,4634,2.420,1.500,0.770,1,0,426.593,0,0,10,32,5,63,0
21-08 15:16:03,9.247,19.495,69.480,0,0,1349792,1465596,168168,4947980,6454.186,1619.545,0,235.934,0,2.999,2939,4535,2.420,1.500,0.770,2,0,424.881,0,0,10,32,5,63,0
21-08 15:16:04,19.276,7.510,72.849,0,0,1411776,1403544,168168,4948044,6561.937,1568.136,0,0,0,0,1459,2054,2.310,1.500,0.770,1,0,113.154,0,0,10,32,5,58,0
21-08 15:16:05,22.953,2.744,73.351,0,0,1455592,1359724,168172,4948044,6426.947,1616.716,0,123.749,0,10.978,1070,1470,2.310,1.500,0.770,1,0,1.996,0,0,10,32,5,58,0
21-08 15:16:06,23.747,2.000,73.989,0.250,0,1421072,1394248,168172,4948040,6288.076,1693.751,0,319.953,0,22.997,1049,1291,2.310,1.500,0.770,1,0,1.000,0,0,10,32,5,58,0
21-08 15:16:07,23.760,2.501,74.033,0,0,1351452,1463848,168172,4948060,5189.278,1694.744,0,420.184,0,4.002,886,1095,2.310,1.500,0.770,1,0,3.001,0,0,10,32,5,53,0
21-08 15:16:08,22.994,2.499,73.730,0,0,1431100,1384216,168172,4948044,4665.708,1693.531,0,3.999,0,1.000,895,1099,2.310,1.500,0.770,1,0,1.999,0,0,10,32,5,53,0
21-08 15:16:09,22.524,3.253,73.577,0,0,1375156,1440156,168172,4948048,6230.561,1661.750,0,16.017,0,1.001,907,1141,2.200,1.490,0.770,1,0,3.003,0,0,10,32,5,53,0
21-08 15:16:10,22.507,3.001,73.523,0,0,1447728,1367580,168172,4948052,5995.883,1620.509,0,0,0,0,934,1160,2.200,1.490,0.770,1,0,2.001,0,0,10,32,5,53,0
21-08 15:16:11,23.727,2.248,73.678,0,0,1403644,1411672,168172,4948044,6153.025,1564.481,0,87.915,0,3.996,893,1053,2.200,1.490,0.770,1,0,0.999,0,0,10,32,5,52,0
21-08 15:16:12,22.450,3.742,73.837,0,0,1454772,1360544,168172,4948044,6464.700,1616.424,0,1664.319,0,5.987,921,1087,2.200,1.490,0.770,1,0,1.996,0,0,10,32,5,52,0
21-08 15:16:13,23.059,1.754,73.688,0,0,1420720,1394588,168172,4948052,6633.950,1698.339,0,0,0,0,907,1099,2.200,1.490,0.770,1,0,1.003,0,0,10,32,5,52,0
21-08 15:16:14,22.960,2.745,73.372,0,0,1355952,1459344,168172,4948064,6331.989,1617.188,0,15.972,0,1.997,937,1135,2.100,1.480,0.770,2,0,2.995,0,0,10,32,5,52,0
21-08 15:16:15,22.259,3.251,73.530,0.250,0,1433064,1382232,168180,4948052,6358.632,1620.671,0,196.081,0,12.005,1092,1512,2.100,1.480,0.770,1,0,2.001,0,0,10,32,5,52,0
21-08 15:16:16,22.267,3.002,73.556,0.250,0,1370524,1444740,168188,4948076,7946.079,1513.158,0,396.303,0,28.021,954,1203,2.100,1.480,0.770,1,0,1.001,0,0,10,32,5,52,0
21-08 15:16:17,22.217,3.495,73.391,0,0,1442436,1372920,168188,4947984,5995.079,1691.483,0,671.002,0,125.813,986,1125,2.100,1.480,0.770,3,0,1.997,0,0,10,32,5,41,0
21-08 15:16:18,23.782,2.003,73.598,0,0,1376332,1438944,168188,4948064,5803.702,1622.153,0,92.122,0,1.001,924,1152,2.100,1.480,0.770,3,0,1.001,0,0,10,32,5,41,0
21-08 15:16:19,23.011,2.501,73.535,0,0,1391816,1423468,168188,4948056,5315.514,1608.761,0,12.006,0,1.000,990,1200,2.100,1.490,0.780,2,0,3.001,0,0,10,32,5,37,0
21-08 15:16:20,27.334,5.467,66.845,0,0,1447476,1367808,168188,4948056,6362.418,1610.236,0,7.952,0,1.988,1385,8015,2.100,1.490,0.780,3,0,35.783,0,0,10,32,5,38,0
21-08 15:16:21,22.646,3.271,73.726,0,0,1399852,1415432,168188,4948056,4186.012,1747.275,0,84.546,0,3.019,846,1049,2.100,1.490,0.780,2,0,1.006,0,0,10,32,5,32,0
21-08 15:16:22,23.000,2.500,73.751,0,0,1396724,1418552,168188,4948064,5365.102,1512.029,0,20.000,0,1.000,869,1066,2.100,1.490,0.780,2,0,1.000,0,0,10,32,5,32,0
21-08 15:16:23,22.630,2.735,73.609,0,0,1338016,1477248,168188,4948076,8232.319,1611.450,0,11.937,0,0.995,872,1064,2.100,1.490,0.780,2,0,2.984,0,0,10,32,5,28,0
21-08 15:16:24,10.058,19.612,69.901,0,0,1363056,1452172,168192,4948108,5544.772,1703.763,0,96.553,0,8.046,2690,4115,2.010,1.480,0.780,1,0,393.253,0,0,10,32,5,28,0
21-08 15:16:25,22.000,3.000,74.000,0,0,1434224,1380800,168200,4948304,6244.031,1620.008,0,136.001,0,9.000,977,1485,2.010,1.480,0.780,1,0,0,0,0,10,32,5,26,0
21-08 15:16:26,23.511,3.001,74.034,0,0,1408308,1406660,168200,4948356,5207.421,1608.748,0,364.169,0,24.011,1002,1289,2.010,1.480,0.780,1,0,9.004,0,0,10,32,5,26,0
21-08 15:16:27,20.231,8.242,70.185,0,0,1349080,1465880,168200,4948364,4617.715,1618.498,0,0,0,0,1538,2219,2.010,1.480,0.780,1,0,151.859,0,0,10,32,5,23,0
21-08 15:16:28,10.006,19.762,69.041,0,0,1352216,1462608,168200,4948492,5914.472,1620.951,0,568.334,0,69.041,2644,4111,2.010,1.480,0.780,3,0,357.210,0,0,10,32,5,23,0
21-08 15:16:29,9.492,18.985,68.194,0,0,1351968,1462836,168200,4948512,5059.876,1618.681,0,255.792,0,4.996,2560,3708,1.850,1.450,0.780,1,0,318.740,0,0,10,32,5,18,0
21-08 15:16:30,9.257,21.267,69.304,0,0,1351244,1463528,168200,4948536,9088.107,1513.183,0,16.013,0,4.003,2522,3533,1.850,1.450,0.780,1,0,300.235,0,0,10,32,5,18,0
21-08 15:16:31,9.994,19.239,68.461,0,0,1354308,1460448,168200,4948548,6637.190,1619.071,0,747.571,0,8.995,2488,3427,1.850,1.450,0.780,1,0,296.830,0,0,10,32,5,13,0
21-08 15:16:32,9.756,20.763,68.542,0,0,1351872,1462860,168200,4948568,5291.206,1620.982,0,832.504,0,10.006,2471,3440,1.850,1.450,0.780,2,0,301.183,0,0,10,32,5,13,0
21-08 15:16:33,9.486,20.969,68.149,0,0,1353452,1461136,168200,4948708,7018.626,1691.500,0,790.831,0,10.984,2534,3562,1.850,1.450,0.780,2,0,310.541,0,0,10,32,5,8,0
21-08 15:16:34,9.250,20.499,68.248,0,0,1352472,1462100,168200,4948724,5437.804,1639.941,0,735.974,0,8.000,2549,3594,1.780,1.450,0.780,2,0,321.988,0,0,10,32,5,8,0
21-08 15:16:35,8.263,20.031,70.107,0,0,1353424,1461132,168200,4948740,5183.911,1622.476,0,392.599,0,5.008,2476,3410,1.780,1.450,0.780,1,0,295.451,0,0,10,32,5,7,0
21-08 15:16:36,8.995,18.989,70.711,0,0,1353096,1461436,168200,4948764,4590.452,1585.120,0,195.891,0,6.996,2481,3467,1.780,1.450,0.780,1,0,294.836,0,0,10,32,5,7,0
21-08 15:16:37,7.744,20.235,69.447,0,0,1351316,1463196,168200,4948784,6313.202,1692.714,0,211.839,0,5.995,2558,3698,1.780,1.450,0.780,1,0,332.747,0,0,10,32,5,5,0
21-08 15:16:38,21.036,24.792,54.343,0.250,0,1391768,1422704,168212,4948812,5096.726,1622.778,0,416.713,0,22.038,3206,5175,1.780,1.450,0.780,2,0,491.842,0,0,10,32,5,7,0
21-08 15:16:39,58.267,20.506,21.256,0,0,1557732,1256232,168308,4949124,5045.463,1620.470,0,752.218,0,54.016,2690,4402,1.880,1.470,0.790,3,0,362.105,0,0,10,32,5,9,0
21-08 15:16:40,51.498,11.500,29.749,6.750,0,1644936,1158636,169056,4957708,5668.785,1693.936,399.985,34242.699,4.000,2546.903,10053,21103,1.880,1.470,0.790,2,1,71.997,0,0,10,38,5,11,0
21-08 15:16:41,40.002,11.250,34.001,13.751,0,1620176,1169116,169844,4970728,7582.288,1620.062,0,94615.595,0,7046.268,19169,46090,1.880,1.470,0.790,3,0,174.007,0,0,10,36,5,9,0
21-08 15:16:42,46.461,9.742,30.724,11.740,0,1646984,1129312,170716,4982396,6814.215,1564.672,0,90291.343,0,6478.500,19407,45208,1.880,1.470,0.790,3,1,53.954,0,0,10,36,5,10,0
21-08 15:16:43,42.771,15.508,29.264,11.256,0,1546976,1221620,171188,4989364,7014.465,1738.859,0,73432.276,0,5742.837,16187,37102,1.880,1.470,0.790,6,0,175.086,0,0,10,34,6,10,0
21-08 15:16:44,44.227,20.739,27.736,5.747,0,1569636,1191212,171616,4996420,5227.334,1735.115,363.814,33634.846,6.996,2830.556,14461,32885,2.290,1.560,0.830,12,0,267.863,0,0,10,35,6,10,0
21-08 15:16:45,43.768,17.507,31.013,7.503,0.250,1528116,1229048,171828,4999524,6262.593,1620.671,1612.668,51626.373,23.010,4123.707,15803,34301,2.290,1.560,0.830,3,0,227.094,0,0,10,34,6,11,0
21-08 15:16:46,38.486,7.997,42.984,9.247,0,1558228,1198584,172100,4999492,7190.404,1693.389,0,38614.060,0,3429.762,12932,29685,2.290,1.560,0.830,3,0,17.994,0,0,10,35,6,11,0
21-08 15:16:47,37.966,8.992,43.961,7.993,0,1513476,1241760,172504,5000620,5725.870,1660.512,0,59366.807,0,4859.646,16916,41463,2.290,1.560,0.830,2,1,103.907,0,0,10,34,6,11,0
21-08 15:16:48,39.568,7.513,45.078,5.510,0,1559348,1192964,172720,5003268,7472.913,1664.877,0,38093.826,0,3434.936,11199,26524,2.290,1.560,0.830,3,1,33.057,0,0,10,34,6,12,0
21-08 15:16:49,40.230,6.747,42.479,8.995,0,1558188,1191200,172868,5005984,7235.368,1693.150,0,51342.226,0,4345.818,16091,37305,2.350,1.590,0.840,1,1,40.979,0,0,10,34,6,14,0
21-08 15:16:50,37.020,8.254,49.026,6.003,0,1557332,1188308,173048,5009452,5361.895,1694.915,0,40754.007,0,3728.013,12856,29426,2.350,1.590,0.840,2,1,72.039,0,0,10,36,6,14,0
21-08 15:16:51,34.986,9.746,42.733,10.246,0,1559260,1181504,173300,5013944,5343.927,1499.418,0,62395.790,0,5085.027,17395,41116,2.350,1.590,0.840,5,0,74.971,0,0,10,37,6,15,0
21-08 15:16:52,35.472,8.244,42.967,10.242,0,1535288,1202816,173428,5016404,5130.004,1618.739,0,30748.047,0,3120.569,13377,29402,2.350,1.590,0.840,6,0,99.922,0,0,10,36,6,16,0
21-08 15:16:53,33.968,10.990,42.210,10.240,0,1508168,1234964,173528,5011248,11521.205,1618.483,0,44845.979,0,4180.083,15321,35111,2.350,1.590,0.840,3,1,42.960,0,0,10,36,6,17,0
21-08 15:16:54,41.810,7.511,44.564,5.007,0,1446264,1296412,173612,5011620,6331.047,1758.513,0,24050.368,0,2023.892,6967,15942,2.320,1.600,0.840,2,0,42.060,0,0,10,33,6,19,0
21-08 15:16:55,23.970,11.486,62.922,0.749,0,1438424,1304200,173624,5011660,8151.957,1618.007,0,12832.191,0,769.053,3158,6677,2.320,1.600,0.840,1,0,244.699,0,0,10,32,6,19,0
21-08 15:16:56,22.005,5.501,72.017,0,0,1401552,1340912,173628,5011816,10114.427,1620.389,0,1448.348,0,89.021,2650,4610,2.320,1.600,0.840,1,0,43.010,0,0,10,32,6,19,0
21-08 15:16:57,23.520,2.502,73.314,0.250,0,1445864,1296588,173628,5011828,8137.079,1621.411,0,836.728,0,40.035,1377,2628,2.320,1.600,0.840,1,0,0,0,0,10,33,6,19,0
21-08 15:16:58,12.233,17.476,69.406,0,0,1377168,1365232,173632,5011876,9211.518,1603.827,0,846.853,0,50.931,2518,3768,2.320,1.600,0.840,1,0,259.648,0,0,10,32,6,19,0
21-08 15:16:59,10.522,21.545,66.889,0,0,1376384,1365888,173640,5011996,7189.941,1623.373,0,1270.640,0,35.073,2762,3968,2.210,1.590,0.840,2,0,359.748,0,0,10,32,6,19,0
21-08 15:17:00,56.895,14.972,27.449,0.250,0,1538300,1203644,173668,5012296,5688.510,1617.018,0,3150.191,0,180.667,2630,3930,2.210,1.590,0.840,3,0,182.663,0,0,10,32,6,25,0
21-08 15:17:01,67.002,8.500,24.501,0,0,1706732,1032604,173792,5014492,4544.168,1620.060,0,1320.049,0,64.002,1556,1667,2.210,1.590,0.840,3,0,0,0,0,10,32,6,25,0
21-08 15:17:02,45.325,8.264,36.060,8.013,0,1766244,961368,174040,5025420,5571.204,1622.681,8.013,43900.524,2.003,3569.897,12919,27456,2.210,1.590,0.840,2,2,159.263,0,0,10,38,6,25,0
21-08 15:17:03,30.919,9.725,43.636,14.213,0,1769504,945748,174280,5037176,5633.303,1615.784,0,100150.707,0,7665.002,23950,52689,2.210,1.590,0.840,2,1,245.360,0,0,10,38,6,25,0
21-08 15:17:04,41.116,11.532,32.090,12.285,0,1666308,1036936,174428,5048696,6703.838,1624.565,0,79527.472,0,6337.809,18289,41325,2.350,1.630,0.860,2,3,231.651,0,0,10,36,6,25,0
21-08 15:17:05,50.252,9.500,28.001,11.500,0,1730428,963124,174584,5057928,6802.204,1586.048,0,86682.600,0,6240.187,15060,38981,2.350,1.630,0.860,3,0,142.004,0,0,10,36,6,25,0
21-08 15:17:06,44.241,8.998,31.494,14.497,0,1765332,911744,174708,5073584,5674.848,1713.652,0,98420.021,0,6765.627,17155,44475,2.350,1.630,0.860,2,1,14.997,0,0,10,38,5,25,0
21-08 15:17:07,43.748,9.750,39.999,6.500,0,1472708,1200672,174756,5077124,7698.731,1659.942,0,61605.844,0,4592.839,12160,29527,2.350,1.630,0.860,5,0,143.995,0,0,10,32,5,25,0
21-08 15:17:08,15.962,14.216,68.835,0.249,0,1416540,1256816,174756,5077144,6325.881,1616.137,0,2382.306,0,139.666,2070,3069,2.350,1.630,0.860,1,0,207.504,0,0,10,32,5,25,0
21-08 15:17:09,22.502,3.500,73.256,0,0,1480044,1193312,174756,5077144,6679.528,1714.135,0,736.058,0,45.004,1133,1494,2.250,1.620,0.860,1,0,2.000,0,0,10,32,5,25,0
21-08 15:17:10,24.249,2.250,72.748,0.500,0,1505212,1168140,174756,5077148,7245.804,1619.956,0,5315.856,0,325.991,1677,2841,2.250,1.620,0.860,1,0,0,0,0,10,38,5,25,0
21-08 15:17:11,20.681,4.485,72.756,0,0,1432928,1240420,174756,5077152,4985.264,1700.292,0,91.692,0,9.967,1139,1377,2.250,1.620,0.860,1,0,27.906,0,0,10,32,5,25,0
21-08 15:17:12,23.329,2.007,73.751,0,0,1494668,1178680,174756,5077152,5036.108,1517.154,0,28.095,0,4.014,922,1173,2.250,1.620,0.860,1,0,0,0,0,10,32,5,25,0
21-08 15:17:13,19.023,10.012,68.833,0.501,0,1387200,1286132,174764,5077156,5609.793,1716.078,0,905.096,0,60.073,1941,2957,2.250,1.620,0.860,2,0,163.198,0,0,10,32,5,25,0
21-08 15:17:14,13.760,40.280,45.534,0,0,1391700,1281520,174764,5077212,5308.918,1715.266,0,3642.688,0,37.027,4599,7989,2.150,1.600,0.860,1,0,998.737,0,0,10,32,5,25,0
21-08 15:17:15,9.490,19.729,68.676,0,0,1393156,1280044,174764,5077232,6439.027,1692.167,0,151.836,0,12.986,2444,3226,2.150,1.600,0.860,2,0,328.644,0,0,10,32,5,25,0
21-08 15:17:16,9.256,20.013,69.297,0,0,1396240,1276904,174764,5077288,4936.327,1621.093,0,16.011,0,4.003,2345,3084,2.150,1.600,0.860,1,0,276.186,0,0,10,32,5,25,0
21-08 15:17:17,8.747,18.494,71.479,0,0,1392184,1280936,174764,5077312,6325.109,1693.494,0,0,0,0,2337,3208,2.150,1.600,0.860,1,0,246.926,0,0,10,32,5,25,0
21-08 15:17:18,11.008,18.513,68.549,0,0,1391616,1281468,174764,5077336,6057.343,1621.162,0,24.017,0,6.004,2395,3402,2.150,1.600,0.860,2,0,261.187,0,0,10,32,5,25,0
21-08 15:17:19,9.997,20.494,67.979,0,0,1390776,1281568,174764,5078412,7931.517,1595.501,0,43.986,0,6.998,2688,3916,2.050,1.590,0.860,1,0,222.930,0,0,10,32,5,25,0
21-08 15:17:20,33.777,18.765,46.537,0,0,1444436,1227568,174768,5078692,6405.098,1621.291,0,184.147,0,9.007,4118,9741,2.050,1.590,0.860,3,0,228.182,0,0,10,33,5,25,0
21-08 15:17:21,45.402,4.740,48.894,0,0,1552192,1119740,174768,5078764,4662.886,1784.130,0,0,0,0,1114,1157,2.050,1.590,0.860,3,0,0,0,0,10,33,5,25,0
21-08 15:17:22,47.601,6.514,46.097,0.251,0,1614856,1053496,174816,5082220,6572.889,1685.562,0,304.644,0,12.025,2798,9346,2.050,1.590,0.860,3,0,7.015,0,0,10,49,5,25,0
21-08 15:17:23,25.214,12.232,61.162,0,0,1646184,1021244,174840,5082872,8146.245,1691.559,0,694.997,0,45.934,2021,2792,2.050,1.590,0.860,2,0,140.797,0,0,10,48,5,26,0
21-08 15:17:24,13.489,11.240,74.687,0,0,1668148,999216,174840,5082888,6512.484,2312.042,0,0,0,0,1534,2033,1.970,1.580,0.870,0,0,115.902,0,0,10,49,5,26,0
21-08 15:17:25,0.500,0.250,98.239,0,0,1668208,999096,174840,5082948,60620.029,3253.626,0,1011.884,0,26.997,677,1023,1.970,1.580,0.870,0,0,0,0,0,10,49,5,26,0
21-08 15:17:26,3.000,1.500,94.258,0.250,0,1669348,997804,174840,5083064,128044.396,4350.387,0,304.027,0,19.002,895,1322,1.970,1.580,0.870,1,0,2.000,0,0,10,48,5,27,0
21-08 15:17:27,16.500,9.750,70.752,2.500,0,1677168,988016,174948,5084600,6267.157,1620.041,4.000,8060.202,1.000,440.011,2831,4458,1.970,1.580,0.870,1,0,70.002,0,0,10,48,5,27,0
21-08 15:17:28,15.034,11.276,72.666,0,0,1702652,911848,174948,5133296,5679.973,1623.709,0,1126.573,0,7.016,1599,1980,1.970,1.580,0.870,1,0,48.110,0,0,10,48,5,27,0
21-08 15:17:29,14.491,11.243,73.456,0,0,1692160,922276,174948,5133344,5972.440,1808.922,0,323.807,0,2.998,1602,1744,2.050,1.610,0.880,1,0,68.959,0,0,10,48,5,27,0
21-08 15:17:30,22.469,2.996,73.398,0,0,1720068,894352,174948,5133344,6178.455,1563.837,0,0,0,0,976,1125,2.050,1.610,0.880,1,0,8.988,0,0,10,48,5,27,0
21-08 15:17:31,18.001,8.251,73.506,0,0,1660204,1004132,175096,5084268,5469.416,1620.123,160.012,4.000,10.001,1.000,1483,1948,2.050,1.610,0.880,1,0,90.007,0,0,10,48,5,27,0
21-08 15:17:32,11.992,15.490,70.953,0,0,1653916,1010232,175100,5084792,5562.334,1618.933,0,27.982,0,4.997,2147,2907,2.050,1.610,0.880,0,0,209.862,0,0,10,48,5,27,0
21-08 15:17:33,14.005,9.504,75.028,0,0,1658648,1005352,175100,5084460,4692.760,1512.567,0,724.272,0,36.014,4466,7543,2.050,1.610,0.880,0,0,91.034,0,0,10,48,5,27,0
21-08 15:17:34,0.750,0.750,97.213,0.250,0,1658612,1005388,175100,5084460,8239.902,1619.391,0,3530.672,0,185.930,744,1038,1.890,1.580,0.870,0,0,2.999,0,0,10,48,5,27,0
21-08 15:17:35,0.250,1.000,97.974,0,0,1658224,1005648,175100,5084588,5623.510,1619.571,0,4410.831,0,221.941,794,1006,1.890,1.580,0.870,0,0,1.999,0,0,10,48,5,27,0
21-08 15:17:36,0,0.500,98.265,0,0,1658224,1005648,175100,5084588,7065.088,1620.250,0,0,0,0,639,925,1.890,1.580,0.870,0,0,2.000,0,0,10,48,5,27,0
21-08 15:17:37,2.004,2.254,94.421,0,0,1608220,1055684,175100,5084580,6073.994,1663.010,0,0,0,0,1052,1586,1.890,1.580,0.870,1,0,44.080,0,0,10,48,5,27,0
21-08 15:17:38,14.713,17.456,65.833,0,0,1604096,1059868,175100,5084588,4787.839,1689.708,0,3.990,0,0.997,4135,10325,1.890,1.580,0.870,2,0,237.397,0,0,10,48,5,27,0
21-08 15:17:39,10.018,17.281,71.128,0,0,1656944,1006796,175100,5084744,5376.646,1697.044,0,224.403,0,3.005,2500,3600,1.740,1.560,0.870,1,0,236.424,0,0,11,48,5,23,0
21-08 15:17:40,15.739,19.486,63.455,0,0,1657828,1005900,175100,5085116,6173.580,1620.839,0,3.997,0,0.999,3931,7799,1.740,1.560,0.870,2,0,198.858,0,0,11,48,5,23,0
21-08 15:17:41,7.499,6.749,84.490,0,0,1654280,1009484,175100,5084764,9748.898,1619.817,0,271.969,0,13.998,1898,3077,1.740,1.560,0.870,0,0,146.983,0,0,11,48,5,19,0
21-08 15:17:42,10.251,15.002,73.011,0.250,0,1657660,1006040,175100,5085160,8912.283,1620.233,0,6544.942,0,329.047,3266,5881,1.740,1.560,0.870,1,0,177.025,0,0,13,48,5,19,0
21-08 15:17:43,13.779,16.786,68.647,0.251,0,1657412,1006252,175100,5084804,6190.241,1623.473,0,505.080,0,39.084,3630,6620,1.740,1.560,0.870,3,0,228.489,0,0,13,50,5,18,0
21-08 15:17:44,8.250,20.000,69.999,0,0,1659312,1004316,175100,5084840,5747.920,1565.978,0,111.998,0,12.000,2359,3372,1.680,1.550,0.870,1,0,254.996,0,0,13,50,5,18,0
21-08 15:17:45,12.751,17.751,66.755,0,0,1665296,998188,175100,5085336,6539.464,1620.115,0,48.003,0,6.000,3287,5272,1.680,1.550,0.870,1,0,221.016,0,0,13,50,5,17,0
21-08 15:17:46,26.228,19.733,53.955,0,0.250,1702208,961268,175116,5085000,5281.579,1734.548,0,59.950,0,5.995,3580,10342,1.680,1.550,0.870,5,0,284.762,0,0,13,50,5,17,0
21-08 15:17:47,37.492,13.747,46.741,0,0,1767636,895360,175144,5085420,7244.544,1585.681,0,35.993,0,4.999,4035,11594,1.680,1.550,0.870,2,0,190.962,0,0,13,50,5,17,0
21-08 15:17:48,23.519,7.256,68.056,0,0,1863736,798244,175204,5086324,7285.039,1621.344,32.027,152.126,2.002,2.002,1935,3212,1.680,1.550,0.870,2,0,11.009,0,0,13,58,5,21,0
21-08 15:17:49,22.506,3.751,72.520,0,0,1883268,778264,175208,5086768,6685.805,1620.438,0,544.147,0,2.001,1472,2252,1.620,1.540,0.870,2,0,8.002,0,0,13,58,5,18,0
21-08 15:17:50,0.749,0.749,97.405,0,0,1884116,777288,175208,5086888,7906.291,1898.149,0,1594.445,0,179.825,898,1485,1.620,1.540,0.870,1,0,1.998,0,0,13,58,5,18,0
21-08 15:17:51,0.750,1.250,96.531,0,0,1883256,778148,175208,5086888,5309.720,1662.539,0,1072.347,0,3.001,855,1349,1.620,1.540,0.870,1,0,13.004,0,0,13,58,5,17,0
21-08 15:17:52,14.744,16.493,67.722,0,0,1884092,777080,175208,5087160,5341.794,1565.354,0,27.988,0,6.997,3952,6286,1.620,1.540,0.870,3,0,206.915,0,0,13,56,5,17,0
21-08 15:17:53,14.231,16.478,67.910,0,0,1889788,771164,175208,5087544,8222.155,1510.008,0,3.995,0,0.999,3615,5639,1.620,1.540,0.870,2,0,250.669,0,0,13,56,5,16,0
21-08 15:17:54,22.546,15.281,60.123,0,0,1891532,769400,175208,5087516,8636.627,1833.743,0,176.360,0,9.018,5312,10477,1.650,1.540,0.880,1,0,198.405,0,0,11,48,5,16,0
21-08 15:17:55,18.509,16.758,63.781,0,0,1899276,761552,175208,5087224,8570.148,1620.784,0,8.004,0,2.001,3818,7609,1.650,1.540,0.880,3,0,275.133,0,0,13,58,5,13,0
21-08 15:17:56,6.983,4.739,86.793,0,0,1901848,759012,175208,5087200,6814.760,1616.149,0,877.908,0,2.993,1736,5984,1.650,1.540,0.880,1,0,35.914,0,0,13,58,5,13,0
21-08 15:17:57,36.035,20.520,43.543,0,0,1734168,926644,175208,5087232,6678.552,1621.591,0,276.271,0,3.003,2810,4866,1.650,1.540,0.880,4,0,407.400,0,0,13,50,5,17,0
21-08 15:17:58,33.791,22.528,42.552,0,0,1805588,854840,175212,5087612,5330.535,1621.989,0,28.034,0,7.009,3006,6310,1.650,1.540,0.880,3,0,406.498,0,0,13,58,5,21,0
21-08 15:17:59,41.254,20.502,37.753,0,0,1876768,783360,175212,5087940,6694.582,1620.141,0,276.024,0,5.000,4464,11471,3.280,1.880,0.990,4,0,260.023,0,0,13,58,5,21,0
21-08 15:18:00,33.931,8.982,56.136,0,0,1978268,681444,175220,5088340,5741.328,1544.859,0,54133.946,0,434.117,1860,3533,3.280,1.880,0.990,2,0,76.844,0,0,13,58,5,21,0
21-08 15:18:01,23.025,3.754,72.828,0,0,2015284,642928,175320,5089672,6481.916,1621.730,0,0,0,0,1050,2012,3.280,1.880,0.990,3,0,4.004,0,0,13,58,5,15,0
21-08 15:18:02,23.021,5.005,66.811,5.255,0,2042300,603432,175556,5101448,6877.313,1621.489,140.129,19145.576,35.032,1151.057,6355,12628,3.280,1.880,0.990,1,1,5.005,0,0,13,60,5,15,0
21-08 15:18:03,25.501,5.250,57.252,10.000,0,2043228,593380,175648,5110280,5745.161,1694.047,0,25628.718,0,2639.074,10955,25539,3.280,1.880,0.990,3,0,5.000,0,0,13,60,5,15,0
21-08 15:18:04,34.164,22.942,43.142,0.249,0,2220568,413044,175700,5112876,5715.631,1689.752,0,1787.506,0,103.739,6212,14950,3.260,1.900,1,2,0,237.403,0,0,14,85,5,26,0
21-08 15:18:05,9.502,20.005,68.517,0,0,2226496,407076,175700,5112904,5341.341,1620.407,0,2852.716,0,26.007,2423,3479,3.260,1.900,1,2,0,256.064,0,0,14,85,5,26,0
21-08 15:18:06,8.752,21.255,68.765,0,0,2226876,406548,175700,5113048,6008.316,1788.392,0,452.099,0,24.005,2488,3456,3.260,1.900,1,1,0,257.056,0,0,14,85,5,26,0
21-08 15:18:07,23.047,17.786,57.617,0,0,2259012,374260,175700,5113460,5103.329,1555.148,0,2328.713,0,126.256,5315,8842,3.260,1.900,1,5,0,216.438,0,0,14,85,5,26,0
21-08 15:18:08,44.915,6.987,47.660,0,0,2367128,265948,175700,5113768,4538.418,1616.942,0,323.388,0,14.972,1234,1493,3.260,1.900,1,2,0,26.949,0,0,14,86,5,26,0
21-08 15:18:09,18.517,15.264,64.560,0.500,0,2398852,233528,175720,5114380,5474.064,1715.587,0,1233.141,0,78.072,2633,4594,3.160,1.900,1.010,1,0,201.186,0,0,14,89,5,27,0
21-08 15:18:10,8.255,18.761,71.543,0,0,2399924,232436,175720,5114400,6538.936,1785.075,0,2477.491,0,291.175,2489,3644,3.160,1.900,1.010,2,0,268.161,0,0,14,89,5,27,0
21-08 15:18:11,9.235,17.472,71.886,0.250,0,2400844,231564,175720,5114428,4887.278,1703.309,0,47.924,0,5.991,2366,3398,3.160,1.900,1.010,2,0,264.582,0,0,14,89,5,27,0
21-08 15:18:12,8.995,19.738,70.708,0,0,2399356,233036,175720,5114444,4616.263,1619.040,0,0,0,0,2470,3557,3.160,1.900,1.010,2,0,235.860,0,0,14,89,5,27,0
21-08 15:18:13,23.251,5.250,70.752,0,0,2461588,170808,175720,5114460,6252.163,1940.050,0,316.008,0,16.000,1735,2768,3.160,1.900,1.010,2,0,25.001,0,0,14,92,6,27,0
21-08 15:18:14,25.813,6.015,67.164,0.251,0,2440792,191424,175720,5114632,6330.503,1535.761,0,633.552,0,68.167,2300,3931,3.230,1.940,1.020,2,0,70.172,0,0,14,107,6,29,0
21-08 15:18:15,22.501,4.000,71.755,0.500,0,2485140,146848,175732,5114812,6220.411,1620.107,0,628.041,0,83.005,2008,3435,3.230,1.940,1.020,2,0,0,0,0,14,109,6,30,0
21-08 15:18:16,23.966,8.488,65.907,1.248,0,2451712,180008,175732,5115064,5786.835,1691.613,0,1797.464,0,201.715,3691,6697,3.230,1.940,1.020,2,0,74.894,0,0,14,110,6,32,0
21-08 15:18:17,21.029,5.257,72.601,0,0,2511676,120032,175732,5115072,4991.969,1622.265,0,464.649,0,32.045,1276,1928,3.230,1.940,1.020,2,0,38.053,0,0,14,111,6,32,0
21-08 15:18:18,28.748,7.999,61.995,1.000,0,2469004,188288,174892,5091144,4582.633,1703.864,415.967,10435.165,25.998,631.949,3497,6223,3.230,1.940,1.020,3,0,45.996,0,0,14,110,6,33,0
21-08 15:18:19,43.492,9.498,46.492,0,0,2560652,130832,173796,5058252,4929.147,1735.700,455.921,1827.684,14.997,278.952,1925,2403,3.130,1.940,1.030,4,0,56.990,0,0,14,115,6,33,0
21-08 15:18:20,21.499,8.000,69.497,0.250,0,2560788,139764,173412,5050292,5187.798,1857.928,195.992,355.986,16.999,16.999,1654,3676,3.130,1.940,1.030,3,0,86.997,0,0,14,116,6,35,0
21-08 15:18:21,24.253,6.001,69.508,0.250,0,2527332,173168,173412,5049656,5963.704,1606.190,0,296.035,0,17.002,1686,3108,3.130,1.940,1.030,2,0,22.003,0,0,14,116,6,37,0
21-08 15:18:22,21.723,3.496,72.909,0,0,2579476,121004,173420,5049668,5651.924,1605.989,0,1242.444,0,73.907,1248,1764,3.130,1.940,1.030,1,0,30.961,0,0,14,117,6,36,0
21-08 15:18:23,20.483,8.243,68.942,1.249,0,2537012,178632,173244,5034752,8901.469,1618.631,1598.648,2258.090,145.877,189.839,2586,4161,3.130,1.940,1.030,2,0,81.931,0,0,14,116,6,37,0
21-08 15:18:24,25.246,2.500,72.488,0,0,2585936,129512,173248,5034944,5942.996,1619.726,51.991,359.939,3.999,27.995,1323,1900,2.960,1.930,1.030,2,0,1.000,0,0,14,118,6,37,0
21-08 15:18:25,20.547,5.512,73.166,0.251,0,2574844,140580,173248,5034968,5342.105,1623.679,0,1126.553,0,56.127,1340,1923,2.960,1.930,1.030,2,0,55.125,0,0,14,118,6,37,0
21-08 15:18:26,26.701,4.492,66.129,0.998,0,2612912,135396,172900,5002836,5110.642,1617.039,27.949,3074.371,4.991,450.176,3611,6798,2.960,1.930,1.030,2,0,1.996,0,0,14,125,6,37,0
21-08 15:18:27,21.738,6.496,70.960,0.750,0,2607512,140400,172924,5003240,6332.410,1619.082,367.791,1027.417,13.992,84.952,1911,3092,2.960,1.930,1.030,1,0,52.970,0,0,14,121,6,39,0
21-08 15:18:28,24.250,2.750,70.749,0,0,2634176,122120,172772,4995052,5163.917,1659.973,16.000,943.985,3.000,94.998,2233,4390,2.960,1.930,1.030,1,0,0,0,0,14,123,6,38,0
21-08 15:18:29,31.822,5.469,61.654,0.497,0,2611380,159672,172772,4980488,5305.264,1610.971,274.462,1420.041,23.866,112.370,2825,5451,2.880,1.930,1.030,2,0,70.604,0,0,14,121,6,39,0
21-08 15:18:30,24.148,3.270,71.438,0.503,0,2637864,133016,172772,4980660,5592.303,1575.665,0,977.999,0,110.679,2042,3651,2.880,1.930,1.030,2,0,0,0,0,14,121,6,40,0
21-08 15:18:31,17.536,10.522,71.898,0,0,2627704,143148,172772,4980688,5452.188,1733.557,0,945.941,0,56.115,1815,2634,2.880,1.930,1.030,3,0,147.302,0,0,14,121,6,40,0
21-08 15:18:32,22.961,3.245,70.880,0.499,0,2654992,131588,172628,4965360,5140.303,1617.264,0,854.554,0,79.865,2406,4146,2.880,1.930,1.030,2,0,0,0,0,14,123,6,40,0
21-08 15:18:33,33.087,2.985,62.939,0.498,0,2658560,126592,172640,4966776,5850.135,1612.046,1194.108,1448.851,21.892,146.278,2961,6892,2.880,1.930,1.030,8,0,3.980,0,0,14,123,6,41,0
21-08 15:18:34,20.590,14.062,63.278,0.753,0,2622836,160184,172640,4968892,5526.277,1717.545,2073.107,1329.842,84.371,108.477,3196,5985,2.730,1.910,1.030,2,0,287.262,0,0,14,123,6,41,0
21-08 15:18:35,28.246,2.750,67.239,0.250,0,2592408,190560,172640,4968944,5114.192,1869.705,15.997,711.888,2.000,58.991,1751,3155,2.730,1.910,1.030,3,0,5.999,0,0,14,125,6,42,0
21-08 15:18:36,10.000,19.500,68.502,0,0,2605608,177152,172656,4969136,4690.108,1762.041,56.001,616.014,6.000,44.001,3075,4992,2.730,1.910,1.030,1,0,334.008,0,0,14,125,6,42,0
21-08 15:18:37,10.252,21.755,66.265,0.750,0,2613252,169412,172656,4969612,6604.479,1784.400,312.070,5237.173,12.003,318.071,4152,7697,2.730,1.910,1.030,2,0,325.073,0,0,14,125,6,42,0
21-08 15:18:38,26.789,18.277,54.830,0,0,2655292,127124,172656,4969548,4850.037,1568.276,28.041,881.279,1.001,44.064,4541,8969,2.730,1.910,1.030,2,0,320.465,0,0,14,125,6,42,0
21-08 15:18:39,31.492,22.994,43.739,0,0,2681448,135032,172440,4936048,5988.539,1619.605,7.998,283.931,2.000,22.994,3316,5542,2.670,1.910,1.040,2,0,440.892,0,0,14,125,6,42,0
21-08 15:18:40,39.530,23.768,35.027,0.250,0,2798332,118936,172112,4837608,5734.364,1691.287,1625.237,10307.844,104.079,880.670,8034,16410,2.670,1.910,1.040,4,0,179.136,0,0,16,137,6,42,0
21-08 15:18:41,53.173,23.716,22.218,0.250,0,2892692,133004,172116,4731448,6671.313,1727.492,2819.905,151.780,121.823,5.991,2986,4616,2.670,1.910,1.040,4,0,435.368,0,0,16,137,6,42,0
21-08 15:18:42,57.304,23.272,18.517,0.500,0,2969748,126868,172072,4662428,13192.414,1621.526,4199.952,7483.042,196.185,1021.962,6686,20047,2.670,1.910,1.040,10,0,338.318,0,0,16,151,6,42,0
21-08 15:18:43,33.493,19.746,45.491,0.250,0,3025660,121624,172212,4612364,6686.689,1511.704,559.890,4859.048,13.997,472.907,4358,7503,2.670,1.910,1.040,5,0,340.933,0,0,16,153,6,42,0
21-08 15:18:44,30.930,22.948,45.148,0,0,3077752,132760,172216,4550632,5372.863,1764.015,0,263.405,0,12.971,3175,5314,2.540,1.900,1.040,3,0,443.997,0,0,17,153,6,42,0
21-08 15:18:45,10.511,22.024,66.321,0.250,0,3087156,123564,172220,4550512,6729.200,1737.860,0,572.613,0,59.063,2868,4700,2.540,1.900,1.040,2,0,255.273,0,0,17,153,6,42,0
21-08 15:18:46,22.154,15.682,60.738,0.249,0,3104456,124376,172224,4532736,6389.417,1613.037,0,418.195,0,35.845,4249,7984,2.540,1.900,1.040,5,0,154.334,0,0,17,153,6,42,0
21-08 15:18:47,30.413,22.622,45.997,0,0,3155892,131900,172224,4474992,5806.191,1648.858,0,112.605,0,7.038,2898,4883,2.540,1.900,1.040,2,0,402.160,0,0,17,153,6,42,0
21-08 15:18:48,36.186,21.462,41.427,0,0,3246416,133252,172244,4385696,6647.214,1687.009,3.993,375.335,0.998,23.958,6369,16753,2.540,1.900,1.040,6,0,248.559,0,0,17,165,6,38,0
21-08 15:18:49,28.262,22.260,49.021,0,0,3295580,128176,172244,4342168,5779.531,1662.728,12.005,212.093,2.001,12.005,3259,5271,2.410,1.880,1.040,2,0,342.150,0,0,17,165,6,38,0
21-08 15:18:50,33.069,23.549,42.339,0,0,3378320,128516,172244,4260340,7499.757,1557.272,48.101,5603.774,3.006,420.884,4104,7520,2.410,1.880,1.040,5,0,499.049,0,0,17,175,6,38,0
21-08 15:18:51,13.979,21.966,62.404,0.250,0,3418508,121052,172244,4228540,4982.367,1801.240,0,511.217,0,31.951,4203,9982,2.410,1.880,1.040,2,0,312.521,0,0,17,177,6,38,0
21-08 15:18:52,10.256,19.761,68.288,0,0,3416328,126912,172244,4224976,5713.148,1694.934,0,252.139,0,16.009,2721,4019,2.410,1.880,1.040,2,0,245.135,0,0,17,177,6,38,0
21-08 15:18:53,16.234,17.233,63.938,0,0,3422536,131788,172244,4214476,9166.072,1692.352,0,419.591,0,29.971,4333,6898,2.410,1.880,1.040,3,0,207.798,0,0,17,177,6,38,0
21-08 15:18:54,32.312,15.530,50.847,0,0,3496512,131560,172244,4141748,7549.374,1717.270,625.190,4729.004,11.021,389.742,3444,5441,2.380,1.880,1.040,3,0,146.279,0,0,17,179,6,38,0
21-08 15:18:55,45.409,9.231,45.409,0.249,0,3614252,124700,172244,4033040,10852.144,1636.704,7.984,259.477,1.996,27.944,1664,2338,2.380,1.880,1.040,3,0,2.994,0,0,17,183,6,38,0
21-08 15:18:56,36.792,7.509,54.812,0.501,0,3561512,242356,172244,3969684,8047.150,1707.942,1345.530,384.437,37.042,26.030,2172,3163,2.380,1.880,1.040,1,0,50.057,0,0,17,186,6,38,0
21-08 15:18:57,32.770,26.766,37.523,0,0,3633240,169396,172252,3970924,6219.825,1512.930,16.010,140.086,4.002,7.004,4277,9679,2.380,1.880,1.040,3,0,452.278,0,0,17,187,6,38,0
21-08 15:18:58,39.765,27.260,32.262,0.500,0.250,3613520,185412,172268,3974616,5395.029,1620.609,1572.591,700.263,37.014,44.017,4908,9371,2.380,1.880,1.040,4,0,477.179,0,0,17,205,6,39,0
21-08 15:18:59,53.740,22.496,22.996,0,0,3698624,124836,172284,3950988,7386.589,1619.691,87.983,1003.808,3.999,43.992,6831,14056,2.430,1.900,1.050,6,0,210.960,0,0,17,215,6,31,0
21-08 15:19:00,80.189,17.130,2.483,0,0,3815160,136424,172292,3826128,8002.963,1755.707,758.688,520.356,13.903,27.805,2360,5319,2.430,1.900,1.050,4,0,78.451,0,0,17,218,6,32,0
21-08 15:19:01,77.040,16.365,6.042,0,0,3839080,131992,172384,3806572,6192.440,1631.445,52.367,20419.241,4.028,709.981,4283,8736,2.430,1.900,1.050,5,0,57.403,0,0,17,226,6,34,0
21-08 15:19:02,55.758,24.004,19.003,0,0,3846960,166336,172396,3764824,5645.853,1620.245,48.007,1228.185,2.000,52.008,5492,11364,2.430,1.900,1.050,5,0,392.059,0,0,17,221,6,41,0
21-08 15:19:03,44.244,20.997,32.745,0,0,3836312,179564,172396,3762256,5864.161,1565.776,0,735.895,0,56.992,9644,32116,2.430,1.900,1.050,5,0,278.960,0,0,17,225,6,41,0
21-08 15:19:04,50.726,23.989,25.238,0.250,0,3920376,132488,172396,3725248,5632.370,1511.294,31.985,491.770,1.999,36.983,5234,11560,2.480,1.920,1.060,7,0,386.819,0,0,17,230,6,41,0
21-08 15:19:05,55.522,24.260,19.758,0.250,0,3974996,131660,172400,3672420,5479.208,1620.653,88.035,732.295,3.001,58.023,5558,9704,2.480,1.920,1.060,3,0,354.143,0,0,17,229,6,30,0
21-08 15:19:06,58.000,23.500,17.000,0.250,0,4003836,131980,172468,3643336,6569.046,1714.012,176.001,16432.115,23.000,611.004,7036,18822,2.480,1.920,1.060,4,0,372.003,0,0,17,233,6,34,0
21-08 15:19:07,53.984,23.243,20.744,0,0,4042264,175244,172468,3563452,5259.422,1783.465,31.990,659.802,2.999,52.984,4949,9911,2.480,1.920,1.060,6,0,330.901,0,0,17,235,6,35,0
21-08 15:19:08,68.008,15.752,15.752,0.250,0,4176028,129988,172476,3476492,6474.777,1694.203,204.024,876.105,15.002,80.010,4607,15443,2.480,1.920,1.060,4,0,173.021,0,0,17,243,6,35,0
21-08 15:19:09,68.714,10.495,20.739,0.500,0,4247404,128328,172480,3408424,5766.995,1787.069,479.750,1103.425,29.984,131.931,3160,6482,2.680,1.970,1.080,3,0,8.995,0,0,17,252,6,34,0
21-08 15:19:10,56.043,19.265,23.768,0.250,0,4234792,170924,172492,3379032,6824.180,1621.231,1304.990,4163.160,25.019,277.210,4811,13004,2.680,1.970,1.080,3,0,292.222,0,0,17,254,6,40,0
21-08 15:19:11,42.472,26.483,27.982,0,0,4232692,172300,172500,3380092,4503.042,1457.043,1594.952,1394.084,40.973,66.956,4562,9130,2.680,1.970,1.080,6,0,539.645,0,0,17,254,6,40,0
21-08 15:19:12,57.281,24.013,17.760,0.500,0,4320596,121204,172580,3343816,4553.459,1620.875,3309.787,784.424,47.025,60.032,5487,11023,2.680,1.970,1.080,7,0,241.130,0,0,18,254,6,40,0
21-08 15:19:13,65.493,12.999,20.748,0,0,4356608,129748,172580,3300404,8850.044,1713.815,771.917,11458.762,6.999,900.903,2391,3326,2.680,1.970,1.080,4,0,47.995,0,0,18,257,6,40,0
21-08 15:19:14,58.691,12.987,28.222,0,0,4416468,134712,172612,3236452,8387.545,1618.369,827.166,979.013,11.988,59.940,3820,10018,2.700,1.990,1.100,3,0,60.939,0,0,18,258,6,42,0
21-08 15:19:15,20.735,15.239,62.456,0.250,0,4422636,142672,172620,3222348,13321.515,2932.912,835.405,1135.192,11.991,69.950,2653,4395,2.700,1.990,1.100,2,0,172.877,0,0,18,259,6,40,0
21-08 15:19:16,20.287,6.011,72.883,0,0,4421500,143768,172620,3222388,19881.144,5721.402,801.457,312.568,8.015,30.055,2171,3450,2.700,1.990,1.100,2,0,10.018,0,0,18,264,6,40,0
21-08 15:19:17,18.718,7.238,71.627,0,0,4441820,122484,172620,3223352,8335245.055,61827.965,766.685,111.808,5.990,8.985,3988,3041,2.700,1.990,1.100,3,0,7.986,0,0,18,263,6,37,0
21-08 15:19:18,30.957,19.722,47.683,0.499,0,4463920,127300,172620,3196792,8186199.948,60485.200,2852.001,519.272,40.943,35.950,5238,6965,2.700,1.990,1.100,2,0,268.623,0,0,18,269,6,37,0
21-08 15:19:19,30.830,7.519,60.156,0.501,0,4488916,139736,172604,3159892,8667.449,1666.316,761.974,521.350,12.031,60.156,2505,4152,2.650,1.990,1.100,1,0,6.016,0,0,18,276,6,38,0
21-08 15:19:20,25.455,4.243,67.631,0.250,0,4502212,133668,172344,3152984,10538.515,1701.016,435.237,790.613,23.958,94.834,3825,8444,2.650,1.990,1.100,3,0,3.993,0,0,18,285,6,39,0
21-08 15:19:21,23.519,13.011,62.551,0.500,0.250,4451328,197996,172348,3139640,5097.169,1715.403,420.344,428.350,33.027,36.029,3203,6966,2.650,1.990,1.100,1,0,140.115,0,0,18,281,6,38,0
21-08 15:19:22,12.487,18.231,68.679,0.250,0,4461568,187664,172360,3139704,5352.487,1660.290,31.967,287.704,5.994,12.987,3060,4940,2.650,1.990,1.100,3,0,358.631,0,0,18,281,6,38,0
21-08 15:19:23,23.516,4.003,71.800,0,0,4450136,198200,172364,3140596,7555.274,1621.132,876.612,17320.089,12.008,88.061,1561,2349,2.650,1.990,1.100,3,0,14.010,0,0,18,281,6,36,0
21-08 15:19:24,10.759,16.764,70.557,0.500,0,4452636,195680,172364,3140616,5772.659,1695.368,0,132.107,0,13.010,2693,4087,2.430,1.960,1.090,1,0,223.180,0,0,18,281,6,36,0
21-08 15:19:25,10.243,18.737,70.200,0,0,4453636,194656,172364,3140640,6889.088,1456.961,7.994,39.972,0.999,5.996,2779,4276,2.430,1.960,1.090,3,0,236.831,0,0,18,281,5,35,0
21-08 15:19:26,7.494,14.489,77.441,0,0,4452744,195488,172368,3140696,5570.788,1618.776,11.991,347.737,1.998,30.977,2536,4026,2.430,1.960,1.090,0,0,187.858,0,0,18,283,5,35,0
21-08 15:19:27,9.251,1.500,87.758,0,0,4481972,166256,172368,3140700,6785.631,1620.151,0,32.003,0,4.000,1246,1927,2.430,1.960,1.090,1,0,9.001,0,0,18,283,5,33,0
21-08 15:19:28,24.526,4.505,70.325,0.250,0,4448360,199852,172368,3140716,6208.656,1621.739,0,684.734,0,17.018,1846,2914,2.430,1.960,1.090,1,0,17.018,0,0,18,287,5,33,0
21-08 15:19:29,12.492,15.989,69.204,0,0,4452468,195316,172376,3141136,7412.093,1618.928,63.958,123.918,5.996,11.992,2774,4092,2.320,1.940,1.090,6,0,182.879,0,0,18,291,5,32,0
21-08 15:19:30,11.516,17.274,69.848,0,0,4453968,193744,172376,3141208,8061.350,1622.284,16.023,164.231,1.001,15.021,2857,4515,2.320,1.940,1.090,1,0,175.247,0,0,18,293,5,32,0
21-08 15:19:31,13.227,15.473,69.378,0,0,4474636,172976,172376,3141308,5868.642,1509.336,3.993,391.309,0.998,30.945,2701,4360,2.320,1.940,1.090,2,0,171.697,0,0,18,295,5,31,0
21-08 15:19:32,24.506,2.751,72.768,0.250,0,4527296,134708,172376,3126952,7904.945,1608.396,632.156,48.012,40.010,4.001,1322,1942,2.320,1.940,1.090,2,0,1.000,0,0,18,295,5,31,0
21-08 15:19:33,23.462,3.494,71.134,0.499,0,4567880,133592,172376,3087700,5979.212,1691.231,295.516,5526.952,16.972,521.147,1802,2737,2.320,1.940,1.090,2,0,1.997,0,0,18,299,5,31,0
21-08 15:19:34,25.766,2.251,71.545,0.250,0,4489540,211900,172376,3087732,5690.585,1695.068,44.028,716.451,7.004,51.032,1641,2606,2.210,1.930,1.090,3,0,5.003,0,0,18,295,5,31,0
21-08 15:19:35,23.481,3.497,71.442,0,0,4547676,153688,172380,3087804,5224.778,1618.692,39.968,139.887,9.992,12.990,1481,2413,2.210,1.930,1.090,4,0,0.999,0,0,18,295,5,29,0
21-08 15:19:36,26.549,2.755,70.381,0.250,0,4437912,263416,172380,3087840,5644.476,1697.150,8.015,336.625,2.004,28.052,2014,3448,2.210,1.930,1.090,1,0,4.007,0,0,18,295,5,29,0
21-08 15:19:37,24.001,3.500,71.752,0,0,4500016,201276,172380,3087876,5675.193,1714.058,28.001,4.000,1.000,1.000,1401,1975,2.210,1.930,1.090,4,0,12.000,0,0,18,295,5,29,0
21-08 15:19:38,17.282,10.520,71.132,0,0,4456340,243696,172384,3089128,5591.406,1514.819,1494.782,280.522,19.035,7.013,2136,3191,2.210,1.930,1.090,2,0,140.261,0,0,18,295,5,29,0
21-08 15:19:39,9.224,18.698,68.809,0,0,4457008,242944,172384,3089212,6216.705,1615.506,3.989,0,0.997,0,2781,4113,2.200,1.930,1.100,2,0,276.232,0,0,18,295,5,29,0
21-08 15:19:40,14.516,12.764,70.829,0.250,0,4474488,225248,172384,3089428,7701.603,1637.829,344.385,180.201,20.022,12.013,2430,3859,2.200,1.930,1.100,1,0,168.188,0,0,18,295,5,29,0
21-08 15:19:41,24.526,4.254,70.324,0.250,0,4504464,194760,172404,3089920,9973.482,1695.782,344.362,400.421,20.021,26.027,4053,7594,2.200,1.930,1.100,2,0,8.008,0,0,18,295,5,29,0
21-08 15:19:42,19.718,3.993,74.878,0,0,4496544,202380,172420,3090172,20079.291,5446.128,15.974,323.473,3.993,10.982,5458,10959,2.200,1.930,1.100,4,0,7.987,0,0,18,296,5,29,0
21-08 15:19:43,25.297,4.508,68.879,0.250,0,4515824,181028,172572,3091788,6618.396,1849.464,0,1687.160,0,155.291,8017,16021,2.200,1.930,1.100,2,0,5.009,0,0,18,296,6,29,0
21-08 15:19:44,23.179,5.733,71.283,0,0,4465660,231464,172572,3091516,9072.402,1862.335,0,215.345,0,13.958,2056,3241,2.100,1.910,1.100,1,0,49.848,0,0,18,295,6,29,0
21-08 15:19:45,13.503,14.754,70.018,0,0,4494740,202364,172572,3091536,8193.073,1554.393,0,0,0,0,2440,3866,2.100,1.910,1.100,2,0,222.056,0,0,18,295,6,29,0
21-08 15:19:46,25.747,3.250,69.992,0.500,0,4528340,168376,172572,3091924,7087.178,1693.804,15.998,599.930,1.000,49.994,2033,3405,2.100,1.910,1.100,2,0,0,0,0,18,295,6,31,0
21-08 15:19:47,18.988,8.994,71.204,0,0,4497844,198836,172572,3091960,8099.792,1660.932,7.995,0,0.999,0,1882,2725,2.100,1.910,1.100,3,0,111.928,0,0,18,295,6,31,0
21-08 15:19:48,19.992,7.247,71.222,0,0,4475100,221568,172572,3091972,7483.044,1565.382,0,5653.767,0,6.997,1868,2875,2.100,1.910,1.100,5,0,69.972,0,0,18,295,6,31,0
21-08 15:19:49,24.537,3.505,70.606,0.250,0,4520700,175956,172572,3091984,4669.027,1696.553,32.048,11040.616,2.003,33.050,1675,2626,2.010,1.900,1.090,3,0,2.003,0,0,18,295,6,31,0
21-08 15:19:50,21.041,5.761,71.891,0,0,4497676,198936,172572,3092028,5158.120,1771.476,16.031,60.118,1.002,5.010,1685,2692,2.010,1.900,1.090,4,0,56.110,0,0,18,295,6,31,0
21-08 15:19:51,22.707,5.240,71.116,0,0,4478140,218440,172572,3092060,5089.376,1616.942,0,179.660,0,12.975,1740,2854,2.010,1.900,1.090,2,0,31.940,0,0,18,295,6,33,0
21-08 15:19:52,25.778,3.754,71.576,0.250,0,4457624,238824,172572,3092192,5820.216,1513.617,112.120,380.406,7.007,43.046,1822,3143,2.010,1.900,1.090,1,0,17.018,0,0,18,295,6,34,0
21-08 15:19:53,23.471,3.995,71.162,0,0,4509396,187012,172572,3092232,6656.752,1617.995,0,391.515,0,22.972,1564,2349,2.010,1.900,1.090,3,0,29.963,0,0,18,296,6,34,0
21-08 15:19:54,24.072,4.012,71.966,0.251,0,4496308,199960,172572,3092372,9587.792,1719.163,0,1929.795,0,292.880,1717,2592,1.930,1.880,1.090,2,0,34.102,0,0,18,295,6,36,0
21-08 15:19:55,21.917,7.970,69.736,0.249,0.249,4468160,228092,172572,3092388,9502.993,1560.089,0,298.868,0,31.879,2271,3777,1.930,1.880,1.090,4,0,87.668,0,0,18,295,6,37,0
21-08 15:19:56,24.985,3.248,70.457,0.250,0,4518412,177828,172572,3092400,6237.208,1619.016,0,363.779,0,37.977,1848,2864,1.930,1.880,1.090,5,0,0,0,0,18,295,6,37,0
21-08 15:19:57,23.336,4.517,71.765,0,0,4500912,195300,172572,3092428,7664.281,1626.000,0,160.593,0,7.026,1659,2517,1.930,1.880,1.090,2,0,47.174,0,0,18,295,6,39,0
21-08 15:19:58,24.218,3.745,71.657,0,0,4474928,221248,172572,3092464,6397.670,1765.701,27.964,135.823,6.991,7.990,1678,2659,1.930,1.880,1.090,4,0,13.982,0,0,18,295,6,39,0
21-08 15:19:59,26.791,4.256,68.104,0.250,0,4508512,187268,172576,3092840,5894.972,1514.305,240.366,989.506,16.024,111.169,2673,6232,1.860,1.870,1.090,3,1,2.003,0,0,18,297,6,40,0
21-08 15:20:00,25.447,3.742,68.858,0.748,0,4510308,185292,172576,3093020,5175.292,1616.655,39.917,4841.982,6.986,311.356,2318,4706,1.860,1.870,1.090,8,0,4.990,0,0,18,295,6,41,0
21-08 15:20:01,28.229,2.748,67.700,1.249,0,4520844,174484,172576,3093292,5299.084,1618.804,63.953,1986.532,7.994,198.853,3189,6572,1.860,1.870,1.090,5,0,0,0,0,18,295,6,43,0
21-08 15:20:02,10.004,21.508,67.276,0,0,4464164,231144,172576,3093312,6605.596,1620.637,0,424.167,0,30.012,2968,4658,1.860,1.870,1.090,2,0,346.136,0,0,18,295,6,33,0
21-08 15:20:03,10.026,22.058,67.427,0,0,4463856,231440,172576,3093324,5689.942,1570.123,0,304.800,0,25.066,2975,4674,1.860,1.870,1.090,1,0,347.914,0,0,18,295,6,33,0
21-08 15:20:04,10.993,20.237,66.709,0.250,0,4467644,227628,172580,3093344,6127.201,1618.996,0,1415.123,0,82.949,3350,5652,1.790,1.850,1.090,2,0,359.777,0,0,18,295,6,33,0
21-08 15:20:05,10.988,19.480,66.680,0,0,4469152,226104,172580,3093360,9319.206,1692.221,0,271.714,0,23.975,3065,4879,1.790,1.850,1.090,2,0,341.641,0,0,18,295,6,33,0
21-08 15:20:06,12.760,20.015,66.301,0,0,4469564,225676,172580,3093376,4974.841,1607.241,0,504.389,0,44.034,3303,5305,1.790,1.850,1.090,1,0,356.275,0,0,18,295,6,29,0
21-08 15:20:07,9.760,21.521,67.316,0,0,4473452,221768,172580,3093396,6206.057,1715.674,0,112.109,0,13.013,2937,4616,1.790,1.850,1.090,1,0,337.329,0,0,18,295,6,29,0
21-08 15:20:08,9.490,22.227,66.182,0,0,4467944,227256,172580,3093416,6000.819,1618.333,0,27.971,0,6.993,3178,4989,1.790,1.850,1.090,1,0,365.623,0,0,18,295,6,28,0
21-08 15:20:09,10.760,18.767,68.564,0,0,4471812,223352,172584,3093448,6094.668,1715.596,4.004,2358.193,1.001,298.277,3576,6079,1.640,1.820,1.090,3,0,448.417,0,0,18,295,6,28,0
21-08 15:20:10,12.727,19.465,65.882,0,0,4467652,227472,172584,3093488,6731.970,1659.035,7.986,27.950,1.996,6.988,3415,5571,1.640,1.820,1.090,3,0,400.285,0,0,18,295,6,22,0
21-08 15:20:11,11.523,20.290,65.379,0.250,0,4466884,228120,172588,3093604,6375.573,1623.201,4.008,585.154,1.002,51.101,4376,7853,1.640,1.820,1.090,2,0,356.703,0,0,18,295,6,22,0
21-08 15:20:12,20.723,9.737,68.161,0,0,4498076,269604,172592,3028536,7271.460,1563.948,15.979,1246.365,2.996,10.986,9187,18125,1.640,1.820,1.090,1,0,77.898,0,0,18,295,6,24,0
21-08 15:20:13,20.458,3.243,75.845,0.249,0,4521244,242272,172592,3032280,8342.980,2659.574,0,2890.104,0,38.921,1695,2808,1.640,1.820,1.090,0,0,3.992,0,0,18,296,6,24,0
21-08 15:20:14,11.278,1.253,85.965,0.251,0,4521892,241348,172592,3032524,16699.749,4143.358,80.201,4471.178,5.013,168.421,1463,2308,1.590,1.810,1.080,0,0,0,0,0,18,297,6,24,0
21-08 15:20:15,20.510,0.500,77.289,1.001,0,4532496,230008,172592,3033220,23304.746,13263.685,632.319,1508.760,45.023,55.028,1599,2360,1.590,1.810,1.080,3,0,0,0,0,18,297,6,24,0
21-08 15:20:16,20.426,0.747,76.474,0.747,0,4548724,212620,172592,3034340,34633.044,14479.757,920.678,1697.874,62.774,72.738,1938,3026,1.590,1.810,1.080,2,0,0,0,0,18,297,6,22,0
21-08 15:20:17,17.531,2.504,78.138,0.751,0,4553124,207580,172592,3034940,41795.853,15001.508,480.850,1494.641,36.064,53.094,1603,2453,1.590,1.810,1.080,0,0,0,0,0,18,297,6,22,0
21-08 15:20:18,20.540,3.006,74.396,1.252,0,4567080,168364,172596,3060068,18328.980,8456.600,11694.957,869.707,247.486,36.071,1894,2788,1.590,1.810,1.080,1,0,0,0,0,18,297,6,22,0
21-08 15:20:19,20.484,5.246,72.194,0.749,0,4575888,132112,172608,3085336,6673.868,1792.621,0,3481.323,0,137.894,1599,2873,1.620,1.810,1.090,1,0,1.998,0,0,18,296,6,22,1
21-08 15:20:20,21.256,4.251,72.019,1.750,0,4566612,125308,173000,3099060,8611.256,1458.382,0,3312.868,0,150.039,1931,3241,1.620,1.810,1.090,3,0,0,0,0,18,296,6,19,1
21-08 15:20:21,27.724,5.994,65.190,0.500,0,4475696,257504,173328,3056724,7232.332,1952.200,411.620,1974.180,6.994,58.946,2416,4543,1.620,1.810,1.090,5,0,35.967,0,0,18,295,6,20,0
21-08 15:20:22,24.508,6.002,68.773,0,0,4509804,221492,173328,3058592,5390.795,1694.564,0,1060.353,0,13.004,10161,20633,1.620,1.810,1.090,1,0,16.005,0,0,18,295,6,20,0
21-08 15:20:23,24.237,4.748,68.714,0,0,4516696,214440,173328,3058736,8026.778,1693.109,0,1283.325,0,14.992,7344,16041,1.620,1.810,1.090,1,0,12.993,0,0,18,295,6,18,0
21-08 15:20:24,22.504,5.501,71.763,0.250,0,4470316,260832,173332,3058716,7437.383,1694.315,0,772.144,0,26.005,1537,2426,1.570,1.800,1.090,2,0,13.002,0,0,18,295,6,18,0
21-08 15:20:25,23.963,5.492,68.645,0,0,4497716,233420,173332,3058724,5954.859,1617.517,0,1018.437,0,171.736,10192,20383,1.570,1.800,1.090,3,0,44.931,0,0,18,295,6,18,0
21-08 15:20:26,24.041,6.261,68.115,0.250,0,4506032,225056,173332,3058764,5619.519,1783.020,0,613.038,0,44.075,8610,17319,1.570,1.800,1.090,1,0,16.027,0,0,18,297,6,18,0
21-08 15:20:27,24.755,5.501,68.763,0,0,4482992,247992,173332,3058864,7148.380,1458.281,0,256.049,0,13.003,8162,16584,1.570,1.800,1.090,1,0,14.003,0,0,18,297,6,18,0
21-08 15:20:28,24.236,2.998,71.709,0,0,4508164,222912,173332,3058772,5803.651,1619.066,0,3.998,0,0.999,1430,2103,1.570,1.800,1.090,2,0,7.995,0,0,18,297,6,18,0
21-08 15:20:29,19.756,8.002,69.520,0,0,4489764,237612,173464,3062092,5760.636,1620.460,0,4.001,0,1.000,6870,12986,1.530,1.780,1.090,2,0,102.029,0,0,18,297,6,18,0
21-08 15:20:30,20.724,3.995,75.157,0,0.250,4501892,212604,174132,3072744,6257.222,2823.490,0,7.990,0,1.998,4273,8036,1.530,1.780,1.090,2,0,3.995,0,0,18,298,6,18,0
21-08 15:20:31,10.249,1.750,86.993,0.250,0,4501928,212352,174136,3072912,11613.036,3783.686,0,1223.898,0,17.999,1397,2237,1.530,1.780,1.090,1,0,0,0,0,18,299,6,18,0
21-08 15:20:32,25.999,5.000,67.497,0.250,0,4531776,182428,174156,3072956,25395.035,12412.528,255.990,1587.940,2.000,61.998,1591,2282,1.530,1.780,1.090,3,0,5.000,0,0,18,299,6,18,0
21-08 15:20:33,23.498,6.499,68.743,0.250,0,4522900,190840,174236,3073236,55185.316,13693.590,767.921,1247.871,5.999,45.995,1707,2354,1.530,1.780,1.090,2,0,6.999,0,0,18,300,6,18,0
21-08 15:20:34,16.251,1.000,80.257,0.500,0,4537412,176000,174328,3073424,118160.280,12090.052,0,1608.140,0,78.007,1610,2814,1.490,1.770,1.090,4,0,0,0,0,18,300,6,18,0
21-08 15:20:35,19.257,1.501,77.777,0.500,0,4541792,171464,174336,3073528,25717.027,14705.162,0,1436.504,0,53.019,1496,2365,1.490,1.770,1.090,1,0,0,0,0,18,300,6,18,0
21-08 15:20:36,17.254,1.250,79.769,1.250,0,4549876,162644,174428,3073980,269754.583,22852.302,24.006,2884.669,4.001,140.032,1987,3250,1.490,1.770,1.090,3,0,0,0,0,18,299,6,18,1
21-08 15:20:37,17.995,1.500,78.227,0.750,0,4548340,156624,174628,3081240,75737.506,16208.186,75.977,1915.431,5.998,88.974,1710,2616,1.490,1.770,1.090,3,0,0,0,0,18,299,6,18,1
21-08 15:20:38,12.496,4.249,79.228,1.500,0,4548764,129636,174848,3107260,17818507.000,84998.116,167.953,19382.554,7.998,115.967,5901,4461,1.490,1.770,1.090,2,0,12.996,0,0,18,299,6,18,1
21-08 15:20:39,24.005,3.251,71.516,0.750,0,4546780,138936,176116,3096752,5355.210,1694.383,0,2012.455,0,78.018,1567,2657,1.450,1.760,1.090,3,0,2.000,0,0,18,299,6,18,1
21-08 15:20:40,23.275,4.004,70.325,0.751,0,4569632,137016,178528,3071104,7343.829,1621.729,0,4180.456,0,84.090,1584,2632,1.450,1.760,1.090,4,0,0,0,0,18,299,6,18,1
21-08 15:20:41,21.758,5.002,71.027,1.000,0,4563256,133316,179460,3077764,7135.690,1512.570,0,2741.033,0,117.044,1709,2881,1.450,1.760,1.090,4,0,0,0,0,18,299,6,18,1
21-08 15:20:42,22.735,4.247,71.452,0.749,0,4553496,131632,181244,3084956,6421.685,1564.948,0,2310.447,0,111.925,1563,2604,1.450,1.760,1.090,2,0,0,0,0,18,299,6,18,1
21-08 15:20:43,22.998,4.250,70.995,0.750,0,4552448,130888,182332,3083964,8737.406,1619.890,0,3699.748,0,97.993,1593,2592,1.450,1.760,1.090,4,0,0,0,0,18,299,6,18,1
21-08 15:20:44,20.241,3.998,75.216,0.500,0,4488192,224680,182448,3054108,12231.545,4329.069,171.923,855.618,5.997,25.988,1503,2173,1.410,1.740,1.090,7,0,1.999,0,0,18,297,6,18,0
21-08 15:20:45,23.793,7.764,66.871,0,0,4528496,182528,182560,3055976,6551.879,1693.070,0,28255.227,0,382.694,9664,18879,1.410,1.740,1.090,2,0,16.029,0,0,18,297,6,18,0
21-08 15:20:46,24.717,5.243,68.160,0.499,0,4530108,180768,182560,3056124,5251.090,1733.718,0,4166.517,0,143.811,5679,11114,1.410,1.740,1.090,1,0,4.993,0,0,18,297,6,18,0
21-08 15:20:47,22.740,5.748,70.720,0,0,4481284,229512,182560,3056200,6198.353,1693.277,0,643.725,0,14.994,5065,9881,1.410,1.740,1.090,1,0,8.996,0,0,18,297,6,16,0
21-08 15:20:48,21.736,4.997,71.453,0.250,0,4505380,201840,182816,3058864,5390.458,1511.007,775.491,1139.252,16.989,32.978,1469,2152,1.410,1.740,1.090,1,0,4.997,0,0,18,298,6,16,0
21-08 15:20:49,27.275,3.503,67.061,0.751,0,4506072,200332,182816,3059604,7207.609,1663.525,316.290,3399.117,20.018,240.220,4560,9316,1.300,1.710,1.080,3,0,2.002,0,0,18,301,6,20,0
21-08 15:20:50,20.514,11.257,66.044,1.251,0,4467660,238216,182816,3060192,7744.127,1567.037,480.318,36199.964,24.016,239.158,3973,7111,1.300,1.710,1.080,2,0,139.092,0,0,18,299,6,22,0
21-08 15:20:51,10.504,18.257,69.776,0.250,0,4470612,234712,182816,3060744,5350.001,1620.606,876.328,2268.849,10.004,314.117,2998,4452,1.300,1.710,1.080,1,0,290.109,0,0,18,299,6,20,0
21-08 15:20:52,9.735,5.991,70.394,11.732,0,4445544,221372,182816,3099148,4897.649,1617.572,38058.874,2536.193,2203.692,119.820,3727,6971,1.300,1.710,1.080,1,0,19.970,0,0,18,299,6,22,0
21-08 15:20:53,7.253,3.752,82.534,6.002,0,4443828,216868,182816,3105368,10644.332,3248.322,6146.502,1248.508,1216.495,21.009,2713,4798,1.300,1.710,1.080,0,0,6.002,0,0,18,300,6,21,0
21-08 15:20:54,3.500,0.750,95.248,0,0,4444368,215860,182816,3105836,42727.274,6042.897,467.992,195.997,4.000,12.000,1157,1936,1.270,1.700,1.080,2,0,0,0,0,18,300,6,21,0
21-08 15:20:55,4.001,2.000,91.769,0.250,0,4443692,215776,183060,3106368,98382.873,2526.510,88.018,27577.571,1.000,72.015,1510,2380,1.270,1.700,1.080,1,0,2.000,0,0,18,299,5,18,1
21-08 15:20:56,4.250,2.000,91.751,0,0,4433700,223132,183236,3108680,10522.116,128951.418,2332.026,1140.013,36.000,27.000,1611,2546,1.270,1.700,1.080,1,0,10.000,0,0,18,299,5,18,0
21-08 15:20:57,1.749,0.999,95.921,0,0,4433700,223132,183236,3108680,8100.350,1606.681,0,31.974,0,3.997,1062,1754,1.270,1.700,1.080,2,0,0,0,0,18,299,5,16,0
21-08 15:20:58,2.251,0.500,95.552,0,0,4433700,223132,183236,3108680,5945.228,1620.880,0,0,0,0,1103,1860,1.270,1.700,1.080,2,0,0,0,0,18,299,5,16,0
21-08 15:20:59,1.998,0.999,94.663,0.250,0,4434188,222636,183236,3108688,6550.973,1618.511,0,159.853,0,20.981,1327,2260,1.170,1.670,1.080,0,0,1.998,0,0,18,299,5,14,0
21-08 15:21:00,5.243,1.998,90.637,0.250,0,4435444,221292,183236,3108712,7040.207,1617.979,0,14166.306,0,102.872,1898,3134,1.170,1.670,1.080,0,0,0,0,0,18,299,5,14,0
21-08 15:21:01,5.503,1.501,91.298,0,0,4435176,221320,183236,3108952,4247.226,1620.849,0,4.002,0,1.001,2140,3834,1.170,1.670,1.080,2,0,0,0,0,18,299,5,11,0
21-08 15:21:02,4.754,0.751,92.323,0,0,4435172,221320,183236,3108956,5210.106,1513.192,0,424.334,0,10.008,1420,2304,1.170,1.670,1.080,0,0,0,0,0,18,299,5,11,0
21-08 15:21:03,3.252,1.001,94.800,0,0,4435104,221376,183236,3108968,7337.845,1620.849,0,112.059,0,12.006,1285,2161,1.170,1.670,1.080,1,0,0,0,0,18,299,5,11,0
21-08 15:21:04,2.247,0.499,94.883,0.499,0,4435104,221376,183236,3108968,5590.085,1691.907,0,191.763,0,23.970,1374,2329,1.080,1.650,1.070,1,0,0,0,0,18,299,5,11,0
21-08 15:21:05,2.253,0.501,96.378,0,0,4435104,221376,183236,3108968,5562.392,1642.182,0,624.830,0,5.007,1000,1742,1.080,1.650,1.070,1,0,0,0,0,18,299,5,11,0
21-08 15:21:06,2.499,0.750,94.979,0.250,0,4435324,221152,183236,3108972,5445.791,1713.620,0,443.901,0,31.993,1280,2279,1.080,1.650,1.070,2,0,0,0,0,18,299,5,11,0
21-08 15:21:07,2.499,0.500,95.962,0,0,4435044,221432,183236,3108972,6183.545,1787.290,0,55.978,0,6.997,1121,1883,1.080,1.650,1.070,1,0,0,0,0,18,299,5,11,0
21-08 15:21:08,2.001,0.751,95.819,0,0,4435044,221432,183236,3108972,5756.121,1621.161,0,32.023,0,3.002,1203,2041,1.080,1.650,1.070,2,0,0,0,0,18,299,5,11,0
21-08 15:21:09,0.998,0.499,95.581,0,0,4435520,220956,183236,3108972,6994.633,1603.166,0,0,0,0,1096,1891,0.990,1.620,1.060,0,0,1.996,0,0,18,299,5,11,0
21-08 15:21:10,2.006,2.256,94.513,0.251,0,4438488,217932,183236,3108992,7721.473,1624.518,4.011,35258.053,1.003,108.301,1604,2743,0.990,1.620,1.060,1,0,0,0,0,18,299,5,11,0
21-08 15:21:11,1.499,0.750,95.716,0.250,0,4438528,217932,183236,3108992,5423.086,1779.372,0,891.685,0,7.997,1038,1818,0.990,1.620,1.060,1,0,0,0,0,18,299,5,11,0
21-08 15:21:12,2.248,0.500,95.655,0,0,4438524,217932,183236,3108996,5353.668,1564.442,0,95.904,0,11.988,1057,1871,0.990,1.620,1.060,3,0,0,0,0,18,299,5,11,0
21-08 15:21:13,2.500,0.500,95.768,0.250,0,4438560,217932,183236,3108996,13679.626,1940.373,0,272.052,0,11.002,1204,1972,0.990,1.620,1.060,4,0,0,0,0,18,299,6,11,0
21-08 15:21:14,1.495,0.997,95.961,0,0,4438556,217932,183236,3109000,7037.809,1688.915,0,63.808,0,5.982,1037,1781,0.910,1.590,1.060,0,0,0,0,0,18,299,6,9,0
21-08 15:21:15,3.012,0.502,95.117,0.251,0,4438556,217932,183236,3109000,7067.251,1626.271,0,252.975,0,23.089,1370,2230,0.910,1.590,1.060,0,0,0,0,0,18,299,6,9,0
21-08 15:21:16,2.000,3.500,91.755,0,0,4439440,216988,183236,3109000,6430.341,1628.086,0,106021.619,0,536.028,2408,3699,0.910,1.590,1.060,2,0,0,0,0,18,299,6,9,0
21-08 15:21:17,1.749,0,96.437,0,0,4439440,216988,183236,3109000,6730.605,1702.888,0,987.355,0,191.875,1017,1767,0.910,1.590,1.060,1,0,0,0,0,18,299,6,9,0
21-08 15:21:18,2.249,1.750,94.974,0.250,0,4439528,216988,183236,3109000,5599.488,1661.551,0,247.933,0,22.994,1327,2346,0.910,1.590,1.060,1,0,0,0,0,18,299,6,9,0
21-08 15:21:19,2.749,1.499,94.701,0.250,0,4439528,216988,183236,3109000,5650.062,1693.120,0,323.832,0,29.984,1272,2264,0.840,1.560,1.050,2,0,1.999,0,0,18,299,6,9,0
21-08 15:21:20,1.751,0.500,96.029,0,0,4439528,216988,183236,3109000,6248.887,1714.518,0,156.047,0,15.005,1194,2154,0.840,1.560,1.050,1,0,0,0,0,18,299,6,9,0
21-08 15:21:21,5.752,2.751,88.534,0,0,4426524,229980,183236,3109000,8048.066,1714.653,0,2428.925,0,15.006,1884,3712,0.840,1.560,1.050,2,0,34.013,0,0,18,299,6,10,0
21-08 15:21:22,1.749,0.750,96.186,0,0,4426748,229756,183236,3109000,4471.036,1618.927,0,211.860,0,14.990,961,1721,0.840,1.560,1.050,0,0,0,0,0,18,299,6,9,0
21-08 15:21:23,2.250,0.500,95.516,0,0,4426748,229756,183236,3109000,8009.306,1512.246,0,32.005,0,4.001,1121,1867,0.840,1.560,1.050,1,0,0,0,0,18,299,6,9,0
21-08 15:21:24,1.741,0.995,96.031,0,0,4426744,229756,183236,3109004,6462.457,1612.131,0,0,0,0,964,1647,0.770,1.540,1.050,1,0,0,0,0,18,299,6,9,0
21-08 15:21:25,2.010,0.251,95.703,0.251,0,4426740,229756,183236,3109008,8500.266,1627.710,0,52.247,0,4.019,1108,2070,0.770,1.540,1.050,1,0,0,0,0,18,299,6,9,0
21-08 15:21:26,2.999,1.249,94.710,0.250,0,4426732,229756,183236,3109016,5030.882,323.864,0,1123.527,0,35.985,1261,2295,0.770,1.540,1.050,1,0,0,0,0,18,299,6,9,0
21-08 15:21:27,11.540,3.261,84.043,0,0,4434652,221548,183264,3109272,335849.113,6597.024,260.911,92.322,6.021,5.018,1497,2148,0.770,1.540,1.050,5,0,24.084,0,0,18,299,6,9,0
21-08 15:21:28,11.957,7.473,78.966,0,0,4444468,209296,183280,3111648,237887.745,8080.981,298.927,131.528,12.953,6.975,1886,2585,0.770,1.540,1.050,1,0,41.850,0,0,18,299,6,9,0
