"pcp-dstat 5.3.6 CSV Output"
"Author:","PCP team <pcp@groups.io> and Dag Wieers <dag@wieers.com>",,,,"URL:","https://pcp.io/ and http://dag.wieers.com/home-made/dstat/"
"Host:","jammy-provider-cloud-0000007201",,,,"User:","ubuntu"
"Cmdline:","dstat -tcmndrylpg --tcp --output /tmp/devstack_logs/dstat-csv.log",,,,"Date:","13 Jun 2024 07:34:46 UTC"
"system","total usage",,,,,"memory usage",,,,"net/total",,"dsk/total",,"io/total",,"system",,"load avg",,,"procs",,,"paging",,"tcp sockets",,,,
"time","total usage:usr","total usage:sys","total usage:idl","total usage:wai","total usage:stl","used","free","buf","cach","net/total:recv","net/total:send","dsk/total:read","dsk/total:writ","read","writ","int","csw","1m","5m","15m","run","blk","new","in","out","lis","act","syn","tim","clo"
13-06 07:34:46,,994228,2041808,159380,4628016,,,,,,,1.540,0.650,0.360,3,0,,,,9,4,6,17,2
13-06 07:34:47,28.993,23.244,47.738,0.500,0,1008364,1997028,160076,4655040,6984.240,1565.605,0,4586.844,0,163.959,3823,7052,1.580,0.670,0.370,2,0,437.890,0,0,9,4,6,17,2
13-06 07:34:48,28.998,23.498,44.997,1.500,0,1013516,1958924,161288,4683764,5962.589,1619.888,0,4179.712,0,173.988,3580,8107,1.580,0.670,0.370,2,0,375.974,0,0,9,4,6,17,2
13-06 07:34:49,32.505,17.002,48.507,0.500,0,1027424,1951864,161860,4674744,12735.808,4421.628,0,1996.283,0,58.008,3672,10431,1.580,0.670,0.370,4,0,204.029,0,0,9,2,6,17,0
13-06 07:34:50,36.684,18.716,43.921,0,0,1128392,1849668,161920,4800748,6206.859,1617.097,423.240,35.935,3.993,5.989,11625,22577,1.580,0.670,0.370,2,0,153.724,0,0,10,4,6,17,0
13-06 07:34:51,39.290,11.261,48.799,0,0,1150228,1826972,161936,4801528,6947.990,1621.631,236.238,2114.127,11.011,21.021,2246,3441,1.580,0.670,0.370,2,0,202.203,0,0,10,4,6,19,0
13-06 07:34:52,44.961,7.493,46.210,0,0,1166584,1809520,161940,4802564,5523.184,1456.730,171.850,4168.365,6.994,247.784,8902,16817,1.610,0.700,0.380,3,0,8.992,0,0,10,4,6,15,0
13-06 07:34:53,36.517,8.254,47.022,8.254,0,1198804,1769460,162660,4809388,5029.389,1694.805,12.006,22050.474,1.000,1838.873,8313,18149,1.610,0.700,0.380,2,0,58.028,0,0,10,6,6,15,0
13-06 07:34:54,33.013,10.254,48.268,7.253,0,1080628,1883968,163248,4812360,42827.403,1586.608,0,34849.347,0,2594.994,8999,19026,1.610,0.700,0.380,2,0,151.058,0,0,10,4,6,13,0
13-06 07:34:55,23.010,3.752,73.531,0.250,0,1155796,1808732,163256,4812404,6063.571,1566.664,0,1852.786,0,90.038,1080,1480,1.610,0.700,0.380,1,0,0,0,0,10,4,6,13,0
13-06 07:34:56,24.001,1.750,73.252,0.250,0,1086408,1878112,163304,4812364,5442.141,1566.041,0,7096.185,0,361.009,1547,2550,1.610,0.700,0.380,1,0,10.000,0,0,10,4,6,13,0
13-06 07:34:57,23.494,2.999,73.482,0,0,1159932,1804528,163304,4812420,5824.608,1605.616,0,319.924,0,18.995,1034,1370,1.570,0.700,0.380,1,0,0,0,0,10,4,6,13,0
13-06 07:34:58,22.487,4.247,73.206,0,0,1077480,1886972,163312,4812420,5983.434,1457.132,0,75.955,0,4.997,1163,1499,1.570,0.700,0.380,1,0,52.968,0,0,10,4,6,13,0
13-06 07:34:59,9.991,17.485,71.188,0,0,1079824,1884608,163312,4812440,9004.184,1456.736,0,11.990,0,2.997,2390,3507,1.570,0.700,0.380,1,0,268.767,0,0,10,4,6,13,0
13-06 07:35:00,10.013,19.275,69.592,0,0,1083196,1881020,163312,4812612,4966.556,1568.070,0,28.037,0,7.009,2447,3878,1.570,0.700,0.380,1,0,296.391,0,0,10,4,6,12,0
13-06 07:35:01,16.242,16.242,65.466,0,0,1089572,1874428,163312,4812712,7552.058,1531.201,0,11.994,0,2.998,4497,8262,1.570,0.700,0.380,2,0,169.911,0,0,10,4,6,12,0
13-06 07:35:02,46.199,8.990,44.951,0,0,1206812,1756952,163312,4813272,5468.995,1510.342,99.890,20513.476,0.999,53.941,2296,3271,1.600,0.720,0.390,2,0,129.857,0,0,10,5,5,12,0
13-06 07:35:03,49.261,2.251,49.011,0.500,0,1258952,1703332,163348,4814636,5387.218,1404.317,588.133,1844.417,13.003,72.016,1237,1344,1.600,0.720,0.390,2,0,0,0,0,10,5,5,12,0
13-06 07:35:04,22.997,9.249,66.740,0.250,0,1278280,1681496,163400,4816764,8565.741,1511.778,0,1743.744,0,78.988,2031,8851,1.600,0.720,0.390,0,0,117.983,0,0,10,4,5,12,0
13-06 07:35:05,4.001,3.001,92.518,0,0,1292144,1667632,163432,4816732,7037.344,1662.318,0,76.015,0,6.001,1127,1400,1.600,0.720,0.390,1,0,23.004,0,0,10,4,5,12,0
13-06 07:35:06,26.251,6.000,66.502,0,0,1364388,1595312,163432,4816768,6914.194,1620.045,0,0,0,0,1581,5494,1.600,0.720,0.390,1,0,34.001,0,0,10,4,5,12,0
13-06 07:35:07,23.747,2.750,70.742,1.000,0,1384520,1574988,163480,4816908,4869.450,863.902,0,38747.622,0,396.955,2676,4856,1.550,0.730,0.400,1,0,1.000,0,0,10,10,5,12,0
13-06 07:35:08,19.755,6.251,72.767,0.250,0,1332008,1627188,163500,4817200,3838.906,1080.255,36.008,2440.576,3.001,146.034,1396,2222,1.550,0.730,0.400,1,0,42.010,0,0,10,4,5,14,0
13-06 07:35:09,22.034,3.505,72.361,0.501,0,1294796,1663888,163500,4817620,4653.147,1514.326,236.363,873.341,59.091,6.009,1871,3049,1.550,0.730,0.400,1,0,38.058,0,0,10,28,5,16,0
13-06 07:35:10,21.711,4.492,73.867,0,0,1356468,1602176,163500,4817652,5600.890,1637.045,0,7.986,0,1.996,1237,1735,1.550,0.730,0.400,1,0,7.986,0,0,10,28,5,15,0
13-06 07:35:11,31.951,11.732,55.415,0,0,1387076,1571556,163500,4817664,4639.869,1583.566,0,11.982,0,2.995,1779,2413,1.550,0.730,0.400,2,0,155.761,0,0,10,28,5,15,0
13-06 07:35:12,44.163,7.528,46.923,0,0,1307088,1651440,163500,4817864,7640.177,1571.797,0,10554.927,0,448.655,4180,8844,1.590,0.750,0.400,2,0,68.252,0,0,10,28,5,20,0
13-06 07:35:13,72.839,20.704,6.236,0,0,1530220,1428264,163500,4817908,8963.173,1582.500,0,47.894,0,11.974,2157,3880,1.590,0.750,0.400,6,0,483.930,0,0,10,28,5,19,0
13-06 07:35:14,85.994,10.749,3.000,0,0,1602920,1355164,163504,4818292,7286.468,1565.886,0,203.985,0,17.999,4972,11795,1.590,0.750,0.400,10,0,67.995,0,0,10,30,5,19,0
13-06 07:35:15,43.081,12.273,43.832,0,0,1324820,1633064,163516,4818476,6730.586,1514.833,0,877.641,0,52.097,3958,7982,1.590,0.750,0.400,1,0,247.463,0,0,10,28,5,19,0
13-06 07:35:16,21.712,4.742,73.371,0.250,0,1380736,1577148,163520,4818472,7521.799,1563.256,0,123.783,0,8.984,1281,1944,1.590,0.750,0.400,1,0,21.961,0,0,10,28,5,19,0
13-06 07:35:17,20.290,7.515,71.893,0.250,0,1358476,1599436,163524,4818496,4831.610,1190.368,0,23045.838,0,60.120,2169,3731,1.540,0.750,0.410,1,0,68.136,0,0,10,28,5,20,0
13-06 07:35:18,18.213,8.483,71.355,0,0,1321996,1635900,163524,4818500,4224.429,1516.922,0,3013.885,0,47.903,2476,4460,1.540,0.750,0.410,1,0,95.806,0,0,10,28,5,21,0
13-06 07:35:19,10.015,20.531,68.853,0.250,0,1321808,1636056,163528,4818528,8083.092,1502.247,0,268.402,0,16.024,2444,3176,1.540,0.750,0.410,1,0,323.484,0,0,10,28,5,21,0
13-06 07:35:20,41.534,25.021,32.777,0,0,1446740,1511124,163536,4818520,8335.919,1847.533,0,680.565,0,38.032,3080,5134,1.540,0.750,0.410,5,0,580.482,0,0,10,28,6,21,0
13-06 07:35:21,85.447,9.494,4.997,0,0,1603792,1353624,163568,4818936,13181.814,1692.949,0,1131.297,0,72.955,5234,10440,1.540,0.750,0.410,4,0,38.976,0,0,10,31,6,22,0
13-06 07:35:22,82.550,14.759,2.752,0.250,0,1444992,1512172,163592,4819336,11624.009,1620.977,0,41673.129,0,153.092,4732,12127,1.820,0.820,0.430,6,0,156.094,0,0,10,28,6,22,0
13-06 07:35:23,83.595,13.475,2.495,0,0,1616348,1340392,163592,4819628,6227.454,1690.865,0,3980.620,0,120.776,3483,10303,1.820,0.820,0.430,6,0,153.715,0,0,10,31,6,22,0
13-06 07:35:24,78.370,14.522,6.760,0,0,1447356,1509132,163592,4819876,44299.690,1460.231,0,176.269,0,12.018,5791,14764,1.820,0.820,0.430,4,0,182.279,0,0,10,29,6,22,0
13-06 07:35:25,41.997,8.999,47.746,0,0,1397292,1559012,163596,4820048,6260.499,1541.877,0,351.972,0,27.998,3755,6628,1.820,0.820,0.430,2,0,117.991,0,0,10,28,6,22,0
13-06 07:35:26,41.768,11.255,46.020,0.250,0,1383972,1572184,163604,4820188,6202.729,1626.716,0,624.275,0,27.012,3086,8240,1.820,0.820,0.430,4,0,184.081,0,0,10,28,6,23,0
13-06 07:35:27,64.247,13.249,22.499,0,0,1499972,1456012,163604,4820356,6995.657,1753.914,0,311.985,0,12.999,1920,3633,1.910,0.860,0.450,3,0,193.990,0,0,10,30,6,23,1
13-06 07:35:28,66.749,14.500,19.500,0,0,1437872,1517376,163632,4821056,5923.923,1565.980,0,463.994,0,44.999,4225,10506,1.910,0.860,0.450,4,0,257.997,0,0,10,28,6,25,0
13-06 07:35:29,74.979,10.747,13.746,0,0,1564116,1390872,163632,4821304,5953.303,1551.558,0,175.950,0,6.998,4032,10213,1.910,0.860,0.450,2,0,0,0,0,10,32,6,25,0
13-06 07:35:30,63.519,16.755,19.006,0.250,0,1441780,1513156,163656,4821332,6238.909,1458.446,0,520.159,0,42.013,4387,9627,1.910,0.860,0.450,3,0,324.099,0,0,10,28,6,27,0
13-06 07:35:31,59.500,10.250,30.000,0,0,1452340,1502240,163668,4821676,5289.011,1328.003,0,452.001,0,35.000,4383,11758,1.910,0.860,0.450,4,0,99.000,0,0,10,29,6,26,0
13-06 07:35:32,67.249,13.000,20.000,0.250,0,1503320,1451152,163680,4821740,5184.938,1187.986,0,491.994,0,26.000,2358,4132,2,0.900,0.460,3,0,199.998,0,0,10,30,6,26,0
13-06 07:35:33,63.873,17.216,18.713,0,0,1420388,1533824,163692,4821980,5637.747,1656.693,0,379.243,0,24.950,4862,12158,2,0.900,0.460,3,0,286.428,0,0,10,28,6,28,0
13-06 07:35:34,63.874,6.012,29.557,0,0,1505300,1448648,163708,4822192,6640.917,1502.923,0,344.670,0,32.062,4273,9377,2,0.900,0.460,6,0,0,0,0,10,28,6,30,0
13-06 07:35:35,64.141,11.231,24.708,0,0,1499624,1454288,163708,4822224,6897.275,1657.183,0,195.667,0,7.986,1978,2518,2,0.900,0.460,3,0,113.807,0,0,10,29,6,30,0
13-06 07:35:36,63.887,17.538,17.287,0.251,0,1417556,1536144,163716,4822424,5296.398,1623.494,0,2906.254,0,199.429,5184,12274,2,0.900,0.460,5,0,373.804,0,0,10,28,6,30,0
13-06 07:35:37,82.711,14.743,2.249,0,0,1597112,1356528,163720,4822476,5630.331,1659.214,0,443.790,0,35.983,4635,8220,2.320,0.980,0.490,8,0,154.927,0,0,10,30,6,30,0
13-06 07:35:38,83.003,15.501,1.000,0,0,1546572,1406668,163724,4822860,7793.273,1512.053,0,500.018,0,25.001,3078,5394,2.320,0.980,0.490,6,0,287.010,0,0,10,29,6,30,0
13-06 07:35:39,78.962,15.742,5.247,0,0,1541012,1411968,163728,4823080,6068.106,1457.305,0,351.832,0,28.986,6320,13482,2.320,0.980,0.490,7,0,238.886,0,0,10,29,6,30,0
13-06 07:35:40,73.082,18.771,8.009,0,0,1514260,1438480,163728,4823308,5508.158,1621.813,0,12.013,0,3.003,6019,12112,2.320,0.980,0.490,4,0,413.462,0,0,10,29,6,30,0
13-06 07:35:41,36.073,27.366,36.322,0,0,1330068,1622412,163728,4823560,6187.600,1544.412,0,11.941,0,2.985,6868,14382,2.320,0.980,0.490,2,0,738.372,0,0,10,28,6,31,0
13-06 07:35:42,8.779,20.567,68.725,0,0,1330072,1622296,163728,4823668,5976.585,1537.037,0,0,0,0,2536,3371,2.290,1,0.500,2,0,348.141,0,0,10,28,6,31,0
13-06 07:35:43,43.804,32.540,23.779,0,0,1444684,1507684,163728,4823668,4768.828,1567.916,0,2795.416,0,265.324,2931,6223,2.290,1,0.500,6,0,863.055,0,0,10,28,6,28,0
13-06 07:35:44,77.444,12.991,8.994,0,0,1465068,1487240,163728,4823784,7383.676,1456.950,0,1119.193,0,75.945,4439,10010,2.290,1,0.500,5,0,121.912,0,0,10,29,6,29,0
13-06 07:35:45,80.033,14.506,5.752,0,0,1517120,1434916,163740,4824040,6709.785,1080.448,0,452.188,0,37.015,3407,7521,2.290,1,0.500,5,0,190.079,0,0,10,30,6,29,0
13-06 07:35:46,65.251,9.000,24.500,0.250,0,1506728,1444356,163740,4824976,5304.069,1404.018,0,72.001,0,10.000,7036,18167,2.290,1,0.500,8,0,19.000,0,0,10,31,6,33,0
13-06 07:35:47,78.247,13.250,8.500,0,0.250,1465952,1484792,163744,4825296,5075.822,1565.945,0,419.985,0,44.998,5125,14062,2.430,1.050,0.520,6,0,100.996,0,0,10,28,6,33,0
13-06 07:35:48,72.018,10.753,16.754,0,0,1566016,1384244,163744,4825760,5011.273,1458.370,0,200.051,0,11.003,7162,14658,2.430,1.050,0.520,4,0,0,0,0,10,31,6,37,0
13-06 07:35:49,56.683,9.738,32.961,0,0,1537576,1411328,163748,4827096,5110.928,1510.206,0,151.820,0,8.989,7385,19367,2.430,1.050,0.520,4,0,70.916,0,0,10,31,6,39,0
13-06 07:35:50,76.006,15.001,7.251,0,0.250,1494548,1454016,163748,4827436,5587.436,1620.126,0,580.045,0,24.002,5143,10267,2.430,1.050,0.520,4,0,196.015,0,0,10,29,6,41,0
13-06 07:35:51,79.567,11.259,9.508,0,0,1417732,1530492,163752,4827752,7556.362,1715.444,0,228.192,0,19.016,5993,14148,2.430,1.050,0.520,6,0,92.078,0,0,10,28,6,41,0
13-06 07:35:52,85.001,10.250,4.250,0,0,1564856,1383016,163756,4828092,9301.121,1100.014,0,160.002,0,11.000,2953,5066,2.560,1.100,0.540,6,0,40.001,0,0,10,30,6,43,0
13-06 07:35:53,73.505,16.001,10.501,0.250,0,1449444,1496948,163764,4829560,4659.312,972.065,0,652.044,0,64.004,4931,11381,2.560,1.100,0.540,4,0,247.017,0,0,10,28,6,45,0
13-06 07:35:54,76.755,10.751,11.001,0,0,1450600,1495184,163764,4830160,41864.847,1532.104,0,8120.552,0,158.011,5106,10552,2.560,1.100,0.540,4,0,20.001,0,0,10,29,6,46,0
13-06 07:35:55,81.965,13.744,5.748,0,0,1526812,1418864,163768,4830252,5156.814,1565.336,0,151.936,0,8.996,3264,6750,2.560,1.100,0.540,4,0,144.939,0,0,10,28,6,46,0
13-06 07:35:56,74.281,15.256,9.504,0,0,1395328,1550140,163792,4830432,6554.766,1512.638,0,2913.229,0,63.027,6772,13455,2.560,1.100,0.540,4,0,222.094,0,0,10,28,6,47,0
13-06 07:35:57,66.287,7.754,26.765,0,0,1515508,1429684,163792,4830700,4977.812,1500.848,0,288.163,0,17.010,4353,7964,2.590,1.130,0.550,4,0,39.022,0,0,10,29,6,51,0
13-06 07:35:58,63.438,11.489,24.976,0,0,1481336,1463524,163792,4831012,4914.189,1550.482,0,239.765,0,15.984,2603,4949,2.590,1.130,0.550,3,0,180.823,0,0,10,29,6,51,0
13-06 07:35:59,62.026,11.755,26.011,0.250,0,1393084,1551748,163800,4831032,9116.847,1532.647,0,468.198,0,42.018,3967,8865,2.590,1.130,0.550,3,0,110.046,0,0,10,28,6,53,0
13-06 07:36:00,65.745,7.249,26.748,0,0,1510428,1434180,163800,4831252,6630.536,1693.881,0,235.983,0,20.999,4118,9063,2.590,1.130,0.550,5,0,21.998,0,0,10,28,6,56,0
13-06 07:36:01,65.745,10.499,24.498,0,0,1493552,1450856,163800,4831444,6145.527,1531.882,0,211.984,0,11.999,2825,4831,2.590,1.130,0.550,3,0,81.994,0,0,10,29,6,57,0
13-06 07:36:02,60.218,11.494,27.485,0,0,1411020,1533180,163808,4831636,4520.577,1457.219,0,443.762,0,45.975,5571,10294,2.550,1.140,0.560,3,0,136.927,0,0,10,28,6,57,0
13-06 07:36:03,62.538,8.505,28.017,0.250,0,1451156,1492776,163808,4831884,6343.857,1695.031,0,560.341,0,21.013,4290,9743,2.550,1.140,0.560,3,0,18.011,0,0,10,30,6,62,0
13-06 07:36:04,56.498,19.499,24.499,0.250,0,1470124,1473648,163812,4832036,5717.788,1619.940,0,667.975,0,44.998,3787,7537,2.550,1.140,0.560,4,0,404.985,0,0,10,29,6,63,0
13-06 07:36:05,55.220,10.994,33.232,0,0.250,1337976,1605300,163816,4832508,5315.082,1661.088,0,427.765,0,30.983,6098,11803,2.550,1.140,0.560,2,0,124.931,0,0,10,28,6,65,0
13-06 07:36:06,25.209,13.478,60.652,0,0,1404536,1538640,163816,4832944,6728.168,1455.656,0,239.614,0,12.979,2314,3715,2.550,1.140,0.560,2,0,297.521,0,0,10,28,6,65,0
13-06 07:36:07,22.747,12.248,65.491,0,0,1332564,1610408,163816,4832800,5448.275,1767.765,0,219.971,0,20.997,3360,8418,2.500,1.160,0.570,1,0,138.982,0,0,10,28,6,69,0
13-06 07:36:08,9.513,22.530,66.088,0.250,0,1335272,1607548,163828,4832936,5662.531,1459.942,0,280.373,0,16.021,2594,3659,2.500,1.160,0.570,2,0,362.482,0,0,10,28,6,66,0
13-06 07:36:09,40.202,10.238,48.941,0,0,1468940,1473628,163904,4833108,5005.014,1618.065,0,1194.571,0,58.930,1800,2687,2.500,1.160,0.570,2,0,115.861,0,0,10,28,6,68,0
13-06 07:36:10,42.852,6.265,48.365,5.012,0,1526584,1409952,164584,4837976,3993.533,487.163,316.756,13909.201,18.043,1226.929,6361,13277,2.500,1.160,0.570,2,0,71.170,0,0,10,32,6,66,0
13-06 07:36:11,37.956,8.990,41.452,11.237,0.250,1499816,1432176,165700,4841180,6136.924,1510.259,0,44336.880,0,3729.700,14085,30945,2.500,1.160,0.570,2,0,75.912,0,0,10,32,6,66,0
13-06 07:36:12,46.540,5.004,47.791,0.751,0,1413908,1518060,165796,4841100,6982.977,1567.342,0,14672.560,0,833.714,2436,5010,2.460,1.170,0.570,2,0,8.007,0,0,10,28,6,65,0
13-06 07:36:13,41.422,5.989,46.164,6.488,0,1506436,1424960,166188,4841280,6804.269,1509.176,0,15399.188,0,2040.183,10206,20629,2.460,1.170,0.570,2,0,2.994,0,0,10,30,6,65,0
13-06 07:36:14,34.274,7.755,54.038,3.252,0,1353444,1577464,166360,4841664,8291.846,1621.143,0,11275.950,0,1102.777,6208,11917,2.460,1.170,0.570,1,0,99.070,0,0,10,28,6,61,0
13-06 07:36:15,23.178,3.489,72.525,0.249,0,1428400,1502448,166372,4841712,6143.972,1527.270,0,1547.208,0,86.731,1209,1795,2.460,1.170,0.570,1,0,3.988,0,0,10,28,6,61,0
13-06 07:36:16,24.053,2.004,73.412,0.251,0,1365308,1565496,166392,4841736,5862.940,1697.747,0,5953.139,0,292.646,1179,2286,2.460,1.170,0.570,1,0,1.002,0,0,10,28,6,61,0
13-06 07:36:17,24.132,2.488,72.396,0,0,1435528,1495244,166392,4841736,4209.437,1450.912,0,147.281,0,18.908,990,1355,2.340,1.170,0.580,2,0,1.990,0,0,10,32,6,61,0
13-06 07:36:18,23.162,3.273,73.765,0,0,1376020,1554728,166392,4841756,5494.351,1673.682,0,0,0,0,900,1050,2.340,1.170,0.580,2,0,1.007,0,0,10,32,6,59,0
13-06 07:36:19,22.447,2.744,74.075,0,0,1443052,1487696,166392,4841756,5725.442,1616.173,0,3.991,0,0.998,964,1174,2.340,1.170,0.580,2,0,1.995,0,0,10,32,6,59,0
13-06 07:36:20,23.248,3.250,73.494,0,0,1388612,1542124,166392,4841768,5790.490,1619.857,0,0,0,0,900,1112,2.340,1.170,0.580,2,0,1.000,0,0,10,32,6,59,0
13-06 07:36:21,22.486,2.998,73.703,0,0,1449060,1481672,166392,4841772,4638.027,1457.066,0,0,0,0,874,1146,2.340,1.170,0.580,2,0,1.999,0,0,10,32,6,59,0
13-06 07:36:22,23.010,3.251,73.533,0,0,1383924,1546728,166404,4841824,5565.521,1620.734,0,168.076,0,4.002,803,1027,2.240,1.170,0.580,2,0,1.000,0,0,10,32,6,58,0
13-06 07:36:23,23.506,2.751,73.019,0,0,1452720,1477932,166408,4841820,7728.963,1532.389,0,404.103,0,34.009,1038,1617,2.240,1.170,0.580,2,0,2.001,0,0,10,32,6,58,0
13-06 07:36:24,22.998,2.500,73.994,0,0,1395388,1535164,166416,4841908,44670.605,1693.871,0,87.993,0,4.000,943,1126,2.240,1.170,0.580,3,0,1.000,0,0,10,32,6,58,0
13-06 07:36:25,23.252,2.500,73.006,0,0,1408304,1522208,166416,4841948,6021.530,1458.128,0,0,0,0,861,1183,2.240,1.170,0.580,2,0,3.000,0,0,10,32,6,58,0
13-06 07:36:26,23.997,2.250,73.739,0,0,1349824,1580664,166416,4841968,6460.070,1659.761,0,0,0,0,812,1078,2.240,1.170,0.580,2,0,3.000,0,0,10,32,6,57,0
13-06 07:36:27,24.002,2.500,73.757,0,0,1359196,1571256,166420,4842000,6373.644,1606.162,0,0,0,0,845,1072,2.140,1.160,0.580,2,0,1.000,0,0,10,32,6,57,0
13-06 07:36:28,23.003,2.750,73.760,0,0,1437568,1492884,166420,4842000,6934.943,1500.204,0,4.001,0,1.000,841,1164,2.140,1.160,0.580,3,0,2.000,0,0,10,32,6,55,0
13-06 07:36:29,16.031,10.771,73.139,0,0,1355048,1575404,166428,4841992,7170.667,1554.964,0,4.008,0,1.002,1555,2206,2.140,1.160,0.580,2,0,127.243,0,0,10,32,6,55,0
13-06 07:36:30,8.488,20.971,69.155,0,0,1356340,1573952,166432,4842148,6767.674,1455.994,0,659.092,0,7.989,2505,3605,2.140,1.160,0.580,3,0,308.575,0,0,10,32,6,52,0
13-06 07:36:31,9.509,20.018,70.064,0,0,1356668,1573420,166436,4842344,8869.124,1619.483,0,384.352,0,8.007,2439,3492,2.140,1.160,0.580,1,0,282.259,0,0,10,32,6,52,0
13-06 07:36:32,9.486,20.220,69.398,0,0,1356560,1573396,166436,4842472,5225.293,1455.853,0,275.593,0,2.996,2477,3523,2.050,1.160,0.580,1,0,301.555,0,0,10,32,5,52,0
13-06 07:36:33,8.263,21.032,70.107,0.501,0,1358268,1571636,166436,4842524,5422.258,1758.678,0,428.653,0,28.043,2734,4180,2.050,1.160,0.580,1,0,309.471,0,0,10,32,5,52,0
13-06 07:36:34,22.463,2.745,73.628,0,0,1433228,1496676,166444,4842508,7266.915,1617.310,0,99.834,0,6.988,927,1263,2.050,1.160,0.580,1,0,11.980,0,0,10,32,5,46,0
13-06 07:36:35,24.248,2.000,73.493,0,0,1378524,1551356,166444,4842532,7406.319,1457.866,0,87.992,0,6.999,975,1214,2.050,1.160,0.580,1,0,3.000,0,0,10,32,5,46,0
13-06 07:36:36,23.501,3.250,72.752,0,0,1446052,1483848,166444,4842512,5142.118,1620.037,0,52.001,0,5.000,986,1329,2.050,1.160,0.580,1,0,2.000,0,0,10,32,5,46,0
13-06 07:36:37,23.705,1.996,73.609,0.250,0,1397388,1532476,166460,4842532,5347.748,1549.031,0,4695.000,0,227.564,1151,1856,1.960,1.160,0.590,2,0,0.998,0,0,10,32,5,46,0
13-06 07:36:38,23.801,2.004,73.657,0,0,1456624,1473256,166460,4842516,5686.134,1461.118,0,52.111,0,5.011,908,1136,1.960,1.160,0.590,2,0,2.004,0,0,10,32,5,46,0
13-06 07:36:39,22.781,3.467,73.295,0,0,1423096,1506768,166460,4842532,5091.065,1604.577,0,439.773,0,3.962,881,1088,1.960,1.160,0.590,2,0,0.990,0,0,10,32,5,46,0
13-06 07:36:40,21.960,3.534,73.706,0,0,1362624,1567240,166460,4842532,6722.394,1472.101,0,16.155,0,2.019,871,1048,1.960,1.160,0.590,2,0,3.029,0,0,10,32,5,46,0
13-06 07:36:41,22.500,3.500,73.749,0,0,1437232,1492648,166460,4842516,4878.956,1625.985,0,8.000,0,1.000,870,1174,1.960,1.160,0.590,2,0,2.000,0,0,10,32,5,46,0
13-06 07:36:42,23.222,1.998,73.161,0,0,1387576,1542284,166460,4842536,4518.524,1530.145,0,19.976,0,0.999,897,1123,1.880,1.160,0.590,2,0,0.999,0,0,10,32,5,46,0
13-06 07:36:43,22.989,2.999,73.215,0.250,0,1454844,1475028,166468,4842516,6730.776,1457.302,0,363.826,0,23.989,1186,1652,1.880,1.160,0.590,2,0,1.999,0,0,10,32,5,45,0
13-06 07:36:44,23.288,3.255,73.368,0,0,1410688,1519176,166468,4842520,10907.616,1534.478,0,2047.306,0,79.128,972,1171,1.880,1.160,0.590,2,0,1.002,0,0,10,32,5,45,0
13-06 07:36:45,23.699,3.492,72.843,0,0,1458312,1471552,166476,4842512,8536.621,1454.868,0,786.307,0,122.736,1014,1235,1.880,1.160,0.590,2,0,3.991,0,0,10,32,5,44,0
13-06 07:36:46,23.553,2.506,73.666,0,0,1411668,1518164,166476,4842544,5836.120,1461.285,0,4.009,0,1.002,888,1111,1.880,1.160,0.590,2,0,1.002,0,0,10,32,5,44,0
13-06 07:36:47,24.245,1.750,73.484,0,0,1460644,1469276,166476,4842456,4557.025,1457.688,0,95.979,0,2.000,902,1074,1.810,1.150,0.590,2,0,2.000,0,0,10,32,5,40,0
13-06 07:36:48,22.268,3.002,73.560,0,0,1359164,1570664,166476,4842548,4977.091,1695.394,0,12.010,0,1.001,982,1163,1.810,1.150,0.590,2,0,2.002,0,0,10,32,5,40,0
13-06 07:36:49,22.485,3.498,73.450,0,0,1436800,1493048,166476,4842528,5346.327,1456.999,0,0,0,0,967,1206,1.810,1.150,0.590,3,0,1.999,0,0,10,32,5,36,0
13-06 07:36:50,23.500,2.500,72.999,0,0,1383108,1546716,166480,4842548,6525.889,1683.971,0,311.995,0,11.000,1102,1470,1.810,1.150,0.590,2,0,1.000,0,0,10,32,6,36,0
13-06 07:36:51,23.011,3.502,73.785,0,0,1400384,1529440,166480,4842548,6625.160,1532.731,0,20.010,0,1.000,941,1181,1.810,1.150,0.590,2,0,1.000,0,0,10,32,6,32,0
13-06 07:36:52,21.991,3.748,73.968,0,0,1456844,1472992,166480,4842536,5199.774,1457.376,0,19.991,0,2.999,937,1167,1.750,1.150,0.590,2,0,1.999,0,0,10,32,6,32,0
13-06 07:36:53,11.504,19.007,69.525,0,0,1356656,1573144,166484,4842568,5142.846,1370.492,0,540.194,0,35.013,2906,4651,1.750,1.150,0.590,2,0,392.141,0,0,10,32,6,26,0
13-06 07:36:54,23.982,2.248,73.693,0.250,0,1434856,1494648,166488,4842780,42864.123,1456.883,0,151.884,0,6.995,959,1154,1.750,1.150,0.590,2,0,0,0,0,10,32,6,26,0
13-06 07:36:55,23.250,3.000,73.251,0,0,1402764,1526704,166488,4842816,6433.058,1542.014,0,108.001,0,4.000,988,1251,1.750,1.150,0.590,2,0,11.000,0,0,10,32,6,25,0
13-06 07:36:56,21.063,6.018,72.468,0,0,1353784,1575668,166488,4842832,5181.581,1578.747,0,0,0,0,1277,1751,1.750,1.150,0.590,5,0,94.284,0,0,10,32,6,25,0
13-06 07:36:57,8.493,21.232,69.691,0,0,1356344,1573024,166488,4842916,5320.520,1698.570,0,119.899,0,4.996,2980,4589,1.610,1.130,0.590,1,0,434.634,0,0,10,32,6,24,0
13-06 07:36:58,9.500,21.750,68.250,0,0,1357048,1572288,166488,4842948,6337.025,1458.006,0,264.001,0,7.000,3177,5224,1.610,1.130,0.590,2,0,506.002,0,0,10,32,6,24,0
13-06 07:36:59,9.999,19.999,69.495,0,0,1354228,1575068,166488,4842984,4822.658,1457.896,0,847.940,0,12.999,2978,4746,1.610,1.130,0.590,1,0,459.967,0,0,10,32,6,19,0
13-06 07:37:00,9.003,21.258,68.776,0,0,1357088,1572180,166488,4843004,6637.522,1458.554,0,1300.494,0,15.006,3143,4973,1.610,1.130,0.590,2,0,503.191,0,0,10,32,6,19,0
13-06 07:37:01,10.989,18.732,69.184,0,0,1357144,1572100,166488,4843028,5037.169,1456.603,0,1482.578,0,49.952,3072,4837,1.610,1.130,0.590,1,0,496.524,0,0,10,32,6,15,0
13-06 07:37:02,10.006,18.261,71.044,0,0,1352400,1576784,166488,4843068,6427.985,1621.005,0,120.074,0,5.003,2771,4274,1.480,1.110,0.590,1,0,392.243,0,0,10,32,6,15,0
13-06 07:37:03,8.741,19.729,69.925,0,0,1355972,1573184,166488,4843096,5420.200,1704.177,0,363.611,0,8.990,2884,4389,1.480,1.110,0.590,1,0,419.551,0,0,10,32,6,13,0
13-06 07:37:04,32.273,30.271,38.027,0,0,1441016,1488112,166540,4843068,5080.551,1459.020,0,1080.755,0,68.048,4254,8054,1.480,1.110,0.590,4,0,819.573,0,0,10,32,6,19,0
13-06 07:37:05,64.746,8.499,25.498,0.750,0,1623376,1303256,166836,4845164,5129.672,1809.884,11.999,4719.698,1.000,409.974,3097,5213,1.480,1.110,0.590,6,0,28.998,0,0,10,34,6,12,0
13-06 07:37:06,46.806,12.014,34.041,7.259,0,1604616,1307488,167736,4857664,14607.617,1459.760,400.483,60585.066,4.005,4587.533,15701,34733,1.480,1.110,0.590,3,0,162.196,0,0,10,36,6,13,0
13-06 07:37:07,46.560,14.690,32.119,6.972,0,1655988,1242692,168488,4869768,5002.565,1613.409,0,96214.962,0,6978.493,20045,49260,1.760,1.180,0.610,9,0,126.483,0,0,10,36,6,10,0
13-06 07:37:08,46.070,12.519,30.797,9.765,0,1530824,1357800,169104,4878920,6830.348,1514.294,0,82204.540,0,5727.677,17983,39894,1.760,1.180,0.610,2,1,162.246,0,0,10,34,6,12,0
13-06 07:37:09,39.136,22.579,28.098,7.275,0,1581936,1297604,169524,4887180,6419.359,1571.473,365.272,47296.735,7.024,3868.474,15618,35289,1.760,1.180,0.610,4,0,292.017,0,0,10,35,6,11,0
13-06 07:37:10,42.950,14.983,33.461,6.742,0,1579656,1294232,170144,4891836,7711.094,1510.256,1610.140,48429.064,22.973,3733.688,15012,35865,1.760,1.180,0.610,3,1,133.845,0,0,10,34,6,13,0
13-06 07:37:11,37.094,11.950,40.081,10.207,0,1576988,1295792,170420,4892544,5896.206,1559.443,0,53821.680,0,4825.708,13844,33751,1.760,1.180,0.610,3,1,106.552,0,0,10,34,6,13,0
13-06 07:37:12,36.624,8.027,42.895,9.532,0,1576688,1293020,170696,4895256,6086.542,1591.371,0,45870.814,0,3895.146,15328,36750,1.860,1.210,0.620,1,1,39.132,0,0,10,35,6,13,0
13-06 07:37:13,36.577,10.773,43.341,9.269,0,1556076,1312044,170888,4896584,9105.057,1569.285,0,39486.646,0,3627.593,13747,30456,1.860,1.210,0.620,2,0,95.199,0,0,10,34,6,13,0
13-06 07:37:14,40.727,6.746,41.977,7.746,0,1572244,1292388,171060,4899872,13039.776,1619.103,0,45158.982,0,3982.794,15028,34363,1.860,1.210,0.620,2,0,44.975,0,0,10,35,6,14,0
13-06 07:37:15,36.446,9.236,43.934,9.236,0,1540104,1319484,171316,4904512,6862.768,1455.829,0,62299.112,0,5025.507,15257,37156,1.860,1.210,0.620,5,0,82.876,0,0,10,34,6,15,0
13-06 07:37:16,39.007,8.502,41.258,10.252,0,1568056,1286792,171564,4908832,5391.003,1620.301,0,57326.663,0,4887.909,17021,38199,1.860,1.210,0.620,1,1,93.017,0,0,10,37,6,17,0
13-06 07:37:17,39.225,7.995,42.473,9.494,0,1515564,1336492,171800,4911308,4198.342,1660.949,0,57083.866,0,4823.946,16728,40272,2.110,1.270,0.650,2,1,87.944,0,0,10,36,6,20,0
13-06 07:37:18,39.771,7.754,42.273,7.504,0,1576248,1280608,171884,4906468,6105.272,1512.811,0,52308.037,0,4437.378,13690,31893,2.110,1.270,0.650,3,0,18.010,0,0,10,34,6,21,0
13-06 07:37:19,33.390,11.961,53.325,0.498,0,1437944,1418900,171888,4906528,4443.381,1560.865,0,12335.416,0,706.675,3527,7335,2.110,1.270,0.650,1,0,245.193,0,0,10,32,6,21,0
13-06 07:37:20,19.287,7.264,72.391,0.250,0,1409412,1447404,171892,4906552,6760.121,1514.940,0,1815.524,0,124.241,2122,3478,2.110,1.270,0.650,1,0,60.117,0,0,10,32,6,21,0
13-06 07:37:21,22.011,4.502,73.037,0.250,0,1452716,1403952,171892,4906700,4787.408,1640.825,0,908.457,0,48.024,1677,3519,2.110,1.270,0.650,1,0,0,0,0,10,33,6,21,0
13-06 07:37:22,21.526,5.507,72.837,0,0,1436932,1419724,171892,4906712,5015.999,1587.899,0,3396.062,0,239.286,1591,2532,2.020,1.270,0.650,1,0,43.051,0,0,10,32,6,21,0
13-06 07:37:23,20.487,5.496,72.453,0,0,1388952,1467696,171896,4906716,5981.094,1638.930,0,511.666,0,29.980,2281,4329,2.020,1.270,0.650,2,0,63.958,0,0,10,32,6,21,0
13-06 07:37:24,10.747,20.244,67.980,0.250,0,1392720,1463868,171896,4906776,42378.456,1511.553,0,2735.190,0,138.959,2663,3771,2.020,1.270,0.650,2,0,320.905,0,0,10,32,6,21,0
13-06 07:37:25,22.494,22.994,52.986,0.250,0,1447020,1409440,171916,4906884,6951.130,1639.559,0,1483.601,0,59.984,3198,5067,2.020,1.270,0.650,3,0,413.889,0,0,10,32,6,27,0
13-06 07:37:26,64.259,12.002,23.753,0,0,1629980,1225288,171968,4908024,6096.823,1648.223,0,1044.141,0,113.015,1563,1571,2.020,1.270,0.650,3,0,5.001,0,0,10,32,6,27,0
13-06 07:37:27,67.356,7.011,25.040,1.002,0,1787940,1062996,172144,4911876,6056.563,1608.540,0,6971.007,0,431.682,2855,4354,2.100,1.290,0.660,6,0,6.009,0,0,10,38,6,27,0
13-06 07:37:28,33.439,9.732,41.674,11.479,0,1783256,1051032,172404,4927544,4601.584,1509.240,0,95353.598,0,7226.782,24327,52664,2.100,1.290,0.660,3,2,266.513,0,0,10,38,6,27,0
13-06 07:37:29,42.803,7.760,34.042,12.015,0,1785748,1035156,172616,4940268,6655.179,1628.001,0,88192.388,0,6924.510,21646,49626,2.100,1.290,0.660,5,1,198.244,0,0,10,38,6,27,0
13-06 07:37:30,41.172,12.476,31.690,12.227,0,1699168,1109484,172868,4951812,6042.598,1583.013,0,91659.039,0,6955.874,19250,45193,2.100,1.290,0.660,3,0,267.495,0,0,10,36,6,27,0
13-06 07:37:31,47.833,11.520,30.804,10.017,0,1761320,1035424,172984,4963292,5573.715,1642.864,0,96516.228,0,6691.664,16403,41505,2.100,1.290,0.660,6,0,36.063,0,0,10,36,6,27,0
13-06 07:37:32,45.256,12.002,30.004,10.501,0,1666492,1119808,173108,4973148,6479.881,1620.220,0,94736.884,0,7313.995,19409,47414,2.170,1.320,0.680,2,0,117.016,0,0,10,36,6,27,0
13-06 07:37:33,24.660,13.451,60.778,0.249,0,1398684,1387428,173108,4973324,4894.151,1781.503,0,992.381,0,57.789,2241,3126,2.170,1.320,0.680,1,0,236.139,0,0,10,32,6,27,0
13-06 07:37:34,20.785,5.008,72.622,0.250,0,1461548,1324556,173108,4973332,5398.036,1600.680,0,965.616,0,56.094,1229,1687,2.170,1.320,0.680,1,0,13.022,0,0,10,32,6,27,0
13-06 07:37:35,24.230,2.748,72.939,0.250,0,1513596,1272448,173108,4973388,4190.501,1121.064,0,7281.920,0,393.671,1452,2775,2.170,1.320,0.680,1,0,1.998,0,0,10,34,6,27,0
13-06 07:37:36,22.276,3.504,73.336,0,0,1418132,1367908,173108,4973392,4713.557,1405.657,0,192.227,0,12.014,1250,1765,2.170,1.320,0.680,1,0,27.032,0,0,10,32,6,27,0
13-06 07:37:37,21.496,4.249,73.235,0,0,1485916,1300120,173108,4973396,5024.975,1861.620,0,39.992,0,3.999,970,1157,2.080,1.320,0.680,1,0,1.000,0,0,10,32,6,27,0
13-06 07:37:38,21.781,4.757,72.854,0.250,0,1399632,1386404,173112,4973392,4315.166,1460.086,0,120.172,0,21.030,1435,2010,2.080,1.320,0.680,2,0,50.072,0,0,10,32,6,27,0
13-06 07:37:39,15.732,36.708,47.196,0,0,1408216,1377800,173116,4973408,4989.252,1564.198,0,655.245,0,50.941,5055,8938,2.080,1.320,0.680,1,0,1144.681,0,0,10,32,6,27,0
13-06 07:37:40,10.004,20.757,68.024,0,0,1411740,1374212,173116,4973472,6832.426,1512.537,0,2476.879,0,31.011,2531,3444,2.080,1.320,0.680,2,0,343.122,0,0,10,32,6,27,0
13-06 07:37:41,10.003,19.005,69.517,0,0,1412016,1373856,173116,4973544,4724.181,1552.388,0,12.003,0,3.001,2485,3585,2.080,1.320,0.680,1,0,313.078,0,0,10,32,6,27,0
13-06 07:37:42,7.995,21.237,70.208,0,0,1412012,1373820,173116,4973568,6617.003,1457.120,0,471.715,0,98.940,2470,3440,1.990,1.310,0.680,1,0,271.836,0,0,10,32,6,27,0
13-06 07:37:43,11.000,18.501,68.753,0,0,1411764,1374044,173116,4973584,4419.168,1512.057,0,28.001,0,7.000,2407,3552,1.990,1.310,0.680,1,0,275.010,0,0,10,32,6,27,0
13-06 07:37:44,17.152,15.660,64.629,0,0,1417040,1368648,173116,4973608,3998.071,1503.378,0,250.563,0,5.966,4648,7731,1.990,1.310,0.680,1,0,166.048,0,0,10,32,6,27,0
13-06 07:37:45,46.277,9.809,44.013,0,0,1533844,1251800,173128,4974096,7479.706,1595.537,0,0,0,0,1641,2345,1.990,1.310,0.680,2,0,125.752,0,0,10,33,6,27,0
13-06 07:37:46,49.499,4.750,45.749,0,0,1615116,1168164,173144,4976408,4872.927,1639.975,83.999,251.996,1.000,10.000,3119,11749,1.990,1.310,0.680,3,0,4.000,0,0,10,47,6,27,0
13-06 07:37:47,40.078,8.266,51.350,0,0,1658896,1123196,173192,4977268,5129.947,1514.937,0,5839.322,0,256.497,1938,2816,1.990,1.320,0.690,3,0,103.200,0,0,10,48,6,27,0
13-06 07:37:48,14.463,11.221,72.316,0,0,1671528,1110240,173192,4977592,5280.556,1562.023,0,195.502,0,16.957,1950,2890,1.990,1.320,0.690,1,0,155.604,0,0,10,48,6,27,0
13-06 07:37:49,1.000,1.000,97.236,0.250,0,1673208,1108712,173192,4977428,38121.320,2895.569,0,411.939,0,23.996,724,1128,1.990,1.320,0.690,0,0,1.000,0,0,10,49,6,27,0
13-06 07:37:50,0.750,0.250,98.242,0,0,1673096,1108740,173192,4977508,52486.539,2543.784,0,991.916,0,1.000,677,1005,1.990,1.320,0.690,0,0,0,0,0,10,49,6,27,0
13-06 07:37:51,0.500,0.250,98.266,0,0,1673084,1108740,173192,4977520,43819.967,2382.379,0,764.121,0,69.011,691,993,1.990,1.320,0.690,0,0,0,0,0,10,49,6,27,0
13-06 07:37:52,7.753,4.002,87.286,0,0,1676988,1104748,173192,4977608,68206.169,3205.324,0,380.157,0,16.007,985,1311,1.910,1.320,0.690,2,0,20.008,0,0,10,48,6,28,0
13-06 07:37:53,16.010,9.506,71.042,2.501,0,1698316,1033040,173288,5026196,4399.613,1532.911,4.002,8777.214,1.001,420.250,2835,4649,1.910,1.320,0.690,1,0,69.041,0,0,10,48,6,28,0
13-06 07:37:54,15.771,11.015,72.848,0,0,1707532,1023276,173288,5026200,41921.300,1618.173,64.086,0,4.005,0,1720,1947,1.910,1.320,0.690,3,0,48.065,0,0,10,48,6,28,0
13-06 07:37:55,17.218,8.484,73.365,0,0,1714000,1016808,173288,5026200,7098.973,1455.329,0,0,0,0,1447,1650,1.910,1.320,0.690,1,0,54.899,0,0,10,48,6,28,0
13-06 07:37:56,21.997,3.500,73.491,0,0,1665636,1112868,173288,4979076,8510.996,1619.809,0,395.953,0,4.999,1120,1330,1.910,1.320,0.690,3,0,23.997,0,0,10,48,6,28,0
13-06 07:37:57,13.028,14.281,72.408,0.251,0,1657352,1120964,173440,4979128,4521.880,1555.399,296.648,16.035,14.031,2.004,2058,2942,1.760,1.300,0.680,1,0,211.462,0,0,10,48,6,28,0
13-06 07:37:58,15.456,13.711,69.052,0,0,1667804,1110376,173440,4979156,23046.993,1453.836,0,398.858,0,10.969,4644,7781,1.760,1.300,0.680,0,0,157.549,0,0,10,48,6,28,0
13-06 07:37:59,0.999,0.250,97.616,0,0,1668028,1110152,173440,4979156,5626.298,1456.007,0,315.568,0,22.969,653,1069,1.760,1.300,0.680,0,0,2.996,0,0,10,48,6,28,0
13-06 07:38:00,0.751,0.501,98.430,0,0,1668024,1110152,173440,4979160,5751.508,1622.965,0,0,0,0,619,951,1.760,1.300,0.680,0,0,2.004,0,0,10,48,6,28,0
13-06 07:38:01,0.748,0.499,98.027,0,0,1668020,1110152,173440,4979160,5336.837,1690.148,0,2302.752,0,5.986,632,960,1.760,1.300,0.680,0,0,1.995,0,0,10,48,6,28,0
13-06 07:38:02,0.753,1.004,97.639,0,0,1668020,1110152,173440,4979156,5004.965,1463.839,0,0,0,0,669,1085,1.620,1.270,0.680,1,0,7.028,0,0,10,48,5,28,0
13-06 07:38:03,14.228,16.225,67.146,0,0,1664056,1114060,173440,4979372,5453.514,1617.483,0,35.944,0,0.998,4194,7110,1.620,1.270,0.680,1,0,212.669,0,0,10,48,5,28,0
13-06 07:38:04,12.504,14.754,72.521,0,0,1656536,1121572,173440,4979164,4963.464,1458.430,0,216.064,0,6.002,3068,4762,1.620,1.270,0.680,1,0,271.080,0,0,11,48,5,28,0
13-06 07:38:05,14.725,18.469,64.642,0,0,1665216,1112732,173440,4979516,4598.307,1553.401,0,0,0,0,4498,8054,1.620,1.270,0.680,12,0,225.623,0,0,11,48,5,22,0
13-06 07:38:06,9.758,8.758,81.571,0,0,1661656,1116200,173440,4979336,5118.433,1189.030,0,240.208,0,11.010,2023,3130,1.620,1.270,0.680,0,0,150.130,0,0,11,48,5,22,0
13-06 07:38:07,14.276,14.527,70.128,0,0,1647136,1130720,173440,4979164,4072.444,1568.868,0,0,0,0,3435,7530,1.810,1.320,0.700,1,0,211.386,0,0,13,48,5,22,0
13-06 07:38:08,11.982,17.224,69.145,0.250,0,1655496,1122296,173440,4979368,3875.094,1617.535,0,231.647,0,17.973,4058,7352,1.810,1.320,0.700,1,0,218.667,0,0,13,50,5,22,0
13-06 07:38:09,8.749,19.497,69.739,0,0,1661348,1116396,173440,4979388,6936.925,1457.774,0,475.926,0,34.995,2510,3760,1.810,1.320,0.700,0,0,286.956,0,0,13,50,5,19,0
13-06 07:38:10,17.262,16.261,65.294,0,0,1668172,1109432,173440,4979772,6000.026,1707.145,0,24.016,0,6.004,3685,7542,1.810,1.320,0.700,1,0,233.156,0,0,13,50,5,19,0
13-06 07:38:11,35.553,20.030,43.815,0,0,1743756,1033824,173452,4979780,4222.266,1047.555,0,100.149,0,8.012,3566,12169,1.810,1.320,0.700,2,0,379.563,0,0,13,50,5,16,0
13-06 07:38:12,23.262,7.003,68.784,0,0,1777420,999056,173524,4980592,6087.013,1640.812,0,12.006,0,3.001,1774,5412,1.750,1.310,0.700,3,0,26.013,0,0,13,50,5,16,0
13-06 07:38:13,23.189,7.730,68.321,0,0,1831532,944620,173540,4980836,5445.700,1508.040,31.916,43.885,1.995,0.997,1446,1913,1.750,1.310,0.700,1,0,13.963,0,0,13,58,5,20,0
13-06 07:38:14,23.760,2.751,73.531,0,0,1887888,888088,173544,4981008,5870.495,1640.697,0,552.235,0,2.001,950,1263,1.750,1.310,0.700,1,0,4.002,0,0,13,58,5,20,0
13-06 07:38:15,4.497,1.499,92.930,0,0,1894208,881376,173544,4981396,10619.025,1856.606,0,0,0,0,1195,3430,1.750,1.310,0.700,0,0,2.998,0,0,13,58,5,18,0
13-06 07:38:16,13.008,14.509,71.543,0,0,1891656,883924,173544,4981568,6080.679,1620.981,0,840.509,0,8.005,3857,9602,1.750,1.310,0.700,1,0,219.133,0,0,13,56,5,18,0
13-06 07:38:17,12.781,15.036,70.420,0.251,0,1899728,875596,173544,4981884,16603.113,1461.531,0,4.010,0,1.002,3460,5405,1.690,1.310,0.700,1,0,251.608,0,0,13,56,5,15,0
13-06 07:38:18,21.735,17.738,60.707,0,0,1905644,869596,173544,4981760,4684.707,1734.780,0,3449.575,0,166.883,5772,13758,1.690,1.310,0.700,1,0,206.855,0,0,11,48,5,15,0
13-06 07:38:19,18.763,17.012,62.793,0,0,1910260,864960,173544,4981916,4312.985,1501.039,0,144.100,0,3.002,5167,9088,1.690,1.310,0.700,1,0,266.184,0,0,13,58,5,12,0
13-06 07:38:20,5.486,4.240,89.030,0,0,1909360,865840,173544,4981576,3813.569,817.977,0,299.260,0,10.973,1577,2343,1.690,1.310,0.700,1,0,33.916,0,0,13,58,6,12,0
13-06 07:38:21,31.325,17.291,50.621,0,0,1722220,1052804,173544,4981756,5606.455,1535.686,80.192,280.674,3.007,4.010,2411,3940,1.690,1.310,0.700,2,0,325.782,0,0,13,50,6,16,0
13-06 07:38:22,33,20.250,46.750,0,0,1777376,997540,173544,4981864,6916,1026,0,20,0,5,3094,5271,1.710,1.320,0.710,2,0,398,0,0,13,50,6,16,0
13-06 07:38:23,39.250,20.250,39.750,0,0,1848640,925796,173548,4982332,9389.103,1586.017,0,200.002,0,10.000,5240,12271,1.710,1.320,0.710,2,0,254.003,0,0,13,58,6,20,0
13-06 07:38:24,44.898,12.222,42.404,0,0,1975668,798464,173552,4982628,43032.145,1508.570,0,31.927,0,7.982,2324,5098,1.710,1.320,0.710,1,0,170.612,0,0,13,58,6,20,0
13-06 07:38:25,23.244,3.999,71.731,0,0,2019536,753888,173596,4983284,6517.260,1643.561,0,287.923,0,1.999,1442,3011,1.710,1.320,0.710,1,0,5.998,0,0,13,58,6,20,0
13-06 07:38:26,24.312,3.008,68.425,3.760,0.251,2043916,725452,173912,4986632,5036.854,1590.058,152.389,7338.728,38.097,833.126,4535,8890,1.710,1.320,0.710,2,0,5.013,0,0,13,60,6,20,0
13-06 07:38:27,22.487,6.996,54.220,13.742,0,2039712,712616,173996,5003484,6610.292,1659.069,0,83361.234,0,3112.254,11765,27003,1.810,1.350,0.720,1,0,4.997,0,0,13,60,6,14,0
13-06 07:38:28,41.207,14.735,42.456,0.999,0,2212148,536064,174116,5007028,6732.019,1530.413,0,3532.337,0,265.724,6788,21726,1.810,1.350,0.720,4,0,86.910,0,0,14,85,7,25,0
13-06 07:38:29,9.476,18.703,69.078,0,0,2222656,525348,174116,5007208,6812.011,1528.189,0,6124.725,0,210.475,3085,5016,1.810,1.350,0.720,2,0,347.134,0,0,14,85,7,25,0
13-06 07:38:30,10.012,20.775,68.332,0.250,0,2224168,523772,174116,5007244,6942.373,1621.956,0,760.918,0,39.047,2542,3848,1.810,1.350,0.720,1,0,284.343,0,0,14,85,7,25,0
13-06 07:38:31,17.297,16.796,64.175,0.251,0,2226300,521368,174116,5007408,6167.789,1698.624,0,3421.313,0,193.527,5143,9463,1.810,1.350,0.720,4,0,152.415,0,0,14,85,7,25,0
13-06 07:38:32,44.999,11.000,44.249,0,0,2331740,415912,174116,5007872,7267.862,1565.970,0,24.000,0,6.000,1743,2336,1.830,1.360,0.730,2,0,124.998,0,0,14,86,7,25,0
13-06 07:38:33,23.957,13.726,60.393,0.499,0,2384436,362488,174136,5008484,6316.794,1563.227,0,990.243,0,64.885,2424,4810,1.830,1.360,0.730,1,0,151.731,0,0,14,89,7,25,0
13-06 07:38:34,8.246,19.241,70.718,0.250,0,2383156,363452,174136,5008736,10656.109,1661.237,0,3890.214,0,205.905,2843,4367,1.830,1.360,0.730,2,0,271.875,0,0,14,89,7,25,0
13-06 07:38:35,8.756,18.514,71.302,0,0,2384748,361852,174136,5008744,5970.382,1879.379,0,104.076,0,10.007,2489,3517,1.830,1.360,0.730,2,0,276.203,0,0,14,89,7,25,0
13-06 07:38:36,7.003,20.010,71.035,0,0,2385212,361356,174136,5008776,5071.485,1458.715,0,0,0,0,2411,3361,1.830,1.360,0.730,2,0,241.118,0,0,14,89,7,25,0
13-06 07:38:37,19.706,7.234,71.839,0,0,2440800,305760,174136,5008784,6382.696,1548.530,0,0,0,0,1650,2597,1.760,1.350,0.730,2,0,52.881,0,0,14,90,7,25,0
13-06 07:38:38,29.583,6.017,63.427,0.251,0,2421512,324872,174136,5008956,6191.286,1191.326,0,417.165,0,48.134,2356,4181,1.760,1.350,0.730,1,0,71.199,0,0,14,107,7,27,0
13-06 07:38:39,22.456,3.992,72.358,0,0,2472204,273996,174148,5009124,4716.765,1239.573,0,375.265,0,19.961,1560,2413,1.760,1.350,0.730,1,0,0,0,0,14,109,7,27,0
13-06 07:38:40,28.807,4.509,64.627,1.002,0,2442836,303072,174148,5009372,5457.735,1460.874,0,1571.090,0,206.406,3494,6537,1.760,1.350,0.730,2,0,3.006,0,0,14,110,7,29,0
13-06 07:38:41,19.449,7.480,71.811,0.499,0,2494948,250944,174148,5009388,5689.009,1454.168,0,809.866,0,52.861,1592,2372,1.760,1.350,0.730,1,0,109.711,0,0,14,110,7,29,0
13-06 07:38:42,25.008,3.251,71.021,0.250,0,2542796,203076,174148,5009404,5795.739,1532.460,0,712.214,0,69.021,2012,3714,1.700,1.350,0.730,2,0,2.001,0,0,14,117,7,31,0
13-06 07:38:43,35.101,8.775,55.661,0.752,0,2572856,172784,174156,5009608,4750.720,1698.906,0,1580.565,0,140.405,2558,4562,1.700,1.350,0.730,2,0,96.278,0,0,14,119,7,33,0
13-06 07:38:44,33.667,7.482,58.357,0.249,0,2560492,189348,174156,5005396,4753.335,1454.431,143.647,9273.243,3.990,598.531,1796,2187,1.700,1.350,0.730,1,0,60.851,0,0,14,119,7,34,0
13-06 07:38:45,23.053,2.756,73.670,0,0,2615732,133928,174156,5005576,10179.433,1461.364,12.028,408.941,3.007,18.042,1106,1669,1.700,1.350,0.730,1,0,2.005,0,0,14,121,7,34,0
13-06 07:38:46,20.701,5.487,72.827,0,0,2617800,131840,174156,5005596,4833.549,1544.341,0,295.300,0,17.957,1218,1638,1.700,1.350,0.730,1,0,50.879,0,0,14,119,7,35,0
13-06 07:38:47,21.994,6.748,71.230,0.250,0,2598184,151432,174156,5005620,4849.613,1565.552,0,759.783,0,77.978,2131,3607,1.640,1.340,0.730,1,0,81.977,0,0,14,119,7,36,0
13-06 07:38:48,23.035,3.756,72.109,0.250,0,2582144,180624,173324,4993460,4574.904,1514.285,204.308,396.598,8.012,32.048,1339,2092,1.640,1.340,0.730,1,0,16.024,0,0,14,121,7,37,0
13-06 07:38:49,21.469,3.994,73.395,0.250,0,2640868,121256,173324,4994104,7752.929,1617.690,383.452,295.578,19.971,18.973,1209,1807,1.640,1.340,0.730,1,0,39.943,0,0,14,121,7,37,0
13-06 07:38:50,25.515,5.003,66.539,1.501,0,2585040,188204,173308,4983692,10856.286,1620.939,140.081,3570.067,6.003,456.264,4051,7619,1.640,1.340,0.730,1,0,53.031,0,0,14,121,7,38,0
13-06 07:38:51,22.790,4.007,72.629,0,0,2644272,128908,173308,4983756,6261.107,1739.085,16.028,913.621,4.007,54.096,1257,1803,1.640,1.340,0.730,1,0,0,0,0,14,123,7,38,0
13-06 07:38:52,24.748,2.500,70.743,0.500,0,2647924,125128,173308,4983884,5820.435,1153.888,0,1343.870,0,119.988,2266,4207,1.590,1.340,0.740,2,0,0,0,0,14,123,7,38,0
13-06 07:38:53,37.908,5.237,54.867,0.249,0,2621156,161248,173156,4974684,6028.333,1528.282,0,2797.194,0,301.267,3203,5008,1.590,1.340,0.740,1,0,68.833,0,0,14,121,7,39,0
13-06 07:38:54,24.753,2.250,71.760,0.500,0,2647760,134032,173156,4975332,42311.627,1512.201,620.082,1028.137,131.017,125.017,2253,3904,1.590,1.340,0.740,1,0,0,0,0,14,121,7,39,0
13-06 07:38:55,20.306,7.771,70.193,0.752,0,2648552,135424,173160,4973144,6119.811,1644.517,0,4765.090,0,294.810,2251,3934,1.590,1.340,0.740,1,0,149.410,0,0,14,121,7,39,0
13-06 07:38:56,25.742,1.749,71.229,0.250,0,2654508,129432,173160,4973180,6019.218,1567.536,0,1491.558,0,106.968,2392,4186,1.590,1.340,0.740,2,0,0,0,0,14,123,7,39,0
13-06 07:38:57,30.427,2.494,65.343,0.249,0,2662672,137256,173028,4957476,6013.579,1508.383,877.895,730.249,15.962,74.821,2552,4362,1.550,1.330,0.740,2,0,3.990,0,0,14,123,7,39,2
13-06 07:38:58,47.851,11.775,38.331,0.501,0,2659400,138772,173028,4959264,5765.164,1745.683,1819.840,1386.926,72.152,127.269,4509,8384,1.550,1.330,0.740,4,0,287.607,0,0,14,125,7,40,0
13-06 07:38:59,19.767,8.257,70.310,0.751,0,2641580,167820,172460,4948604,5117.365,1837.567,1409.202,2826.411,37.032,333.284,2323,3341,1.550,1.330,0.740,2,0,130.111,0,0,14,125,7,41,0
13-06 07:39:00,8.984,20.213,70.372,0,0,2651392,157840,172460,4948772,5663.715,1692.926,11.978,455.173,1.996,27.949,2910,4590,1.550,1.330,0.740,1,0,367.333,0,0,14,125,7,41,0
13-06 07:39:01,19.526,15.520,64.084,0,0,2642044,166472,172460,4949572,11852.539,1620.124,572.751,16.021,20.026,4.005,4925,7584,1.550,1.330,0.740,5,0,243.319,0,0,14,125,7,41,0
13-06 07:39:02,31.006,23.505,45.509,0.500,0,2698900,135564,172372,4923668,4657.964,1242.257,148.031,4416.914,14.003,449.093,4050,6914,1.660,1.360,0.750,3,0,565.117,0,0,14,125,7,41,0
13-06 07:39:03,40.676,18.966,39.428,0.250,0,2794928,123080,172144,4841372,5838.397,1491.292,2751.004,1401.455,110.799,197.641,6360,13019,1.660,1.360,0.750,7,0,238.567,0,0,16,137,7,41,0
13-06 07:39:04,53.468,26.984,19.239,0.250,0,2903948,121088,171040,4737744,5671.625,1661.012,343.795,715.574,27.983,47.971,5556,9392,1.660,1.360,0.750,4,0,684.593,0,0,16,137,7,41,0
13-06 07:39:05,60.980,21.156,16.427,0.249,0,3001628,128880,170584,4634828,4553.845,1612.861,2962.886,4699.201,230.978,350.449,6679,16563,1.660,1.360,0.750,5,0,330.537,0,0,16,137,7,41,0
13-06 07:39:06,45.630,25.682,28.674,0,0,3083820,127660,170472,4555540,5952.292,1725.447,1184.873,6075.966,53.858,405.929,3859,8980,1.660,1.360,0.750,3,0,487.713,0,0,16,153,7,41,0
13-06 07:39:07,25.220,21.437,52.205,0.504,0,3115548,149044,170432,4504116,5119.602,1729.064,3098.998,1561.605,206.802,228.995,4631,11027,1.930,1.420,0.770,5,0,458.999,0,0,17,153,7,42,0
13-06 07:39:08,26.016,16.760,54.283,0.250,0,3141416,129732,170476,4497384,4580.813,1512.929,1909.172,1500.922,111.068,237.146,5158,8630,1.930,1.420,0.770,4,0,346.213,0,0,17,153,7,41,0
13-06 07:39:09,34.645,22.432,42.122,0.748,0,3216828,124588,170484,4429264,5832.299,1615.098,1974.009,3270.075,115.649,621.115,4094,7616,1.930,1.420,0.770,4,0,390.814,0,0,17,153,7,41,0
13-06 07:39:10,43.124,22.314,33.848,0,0,3329456,124392,170500,4318760,4957.307,1191.438,228.660,393.135,20.058,24.069,6142,16244,1.930,1.420,0.770,3,0,491.418,0,0,17,165,7,41,0
13-06 07:39:11,30.499,24.749,44.498,0,0,3377212,135120,170500,4261532,5042.783,1419.939,47.998,291.987,3.000,20.999,4249,7782,1.930,1.420,0.770,4,0,740.968,0,0,17,165,7,41,0
13-06 07:39:12,29.166,21.688,47.613,0,0,3451336,121980,170500,4201616,8473.613,1507.661,0,622.209,0,39.885,7172,15419,1.940,1.430,0.780,1,0,378.909,0,0,17,173,7,42,0
13-06 07:39:13,35.345,13.787,50.385,0.251,0,3520408,136296,170504,4119972,8121.815,1570.218,16.043,7147.197,4.011,526.414,3780,6887,1.940,1.430,0.780,2,0,148.399,0,0,17,179,7,42,0
13-06 07:39:14,46.106,6.480,46.106,0,0,3633504,128484,170508,4016864,5967.423,1507.308,7.975,251.218,1.994,8.972,1565,1904,1.940,1.430,0.780,3,0,0.997,0,0,17,179,7,38,0
13-06 07:39:15,34.620,6.272,57.700,0.502,0,3591116,245252,170640,3944064,5875.346,1158.010,1978.853,397.376,54.188,24.083,1995,3165,1.940,1.430,0.780,3,0,31.108,0,0,17,182,7,38,0
13-06 07:39:16,34.768,25.263,39.020,0,0,3666628,167396,170652,3946364,6376.322,1696.884,40.021,444.231,6.003,29.015,4538,10202,1.940,1.430,0.780,2,0,523.273,0,0,17,183,7,38,0
13-06 07:39:17,45.005,25.753,28.503,0,0,3664464,165364,170676,3950884,6569.795,1512.183,1528.185,620.075,32.004,46.006,5051,11279,2.180,1.490,0.800,2,0,456.055,0,0,17,195,7,38,0
13-06 07:39:18,63.204,19.735,16.238,0,0,3747076,131888,170684,3902972,6472.243,1564.850,1139.163,10240.473,18.986,497.634,4639,9968,2.180,1.490,0.800,5,0,207.847,0,0,17,206,7,38,0
13-06 07:39:19,79.743,17.248,3.500,0,0,3862532,122672,170688,3799444,5192.538,1511.865,675.940,455.959,12.999,30.997,2480,5434,2.180,1.490,0.800,4,0,58.995,0,0,17,214,7,38,0
13-06 07:39:20,79.508,14.251,5.501,0,0,3903956,133680,170784,3748048,7284.758,1662.173,80.008,2172.226,3.000,132.014,4083,13134,2.180,1.490,0.800,6,0,52.005,0,0,17,220,7,46,0
13-06 07:39:21,47.745,27.247,23.498,0.250,0,3892908,153864,170792,3738992,5994.425,1565.850,255.975,827.921,9.999,44.996,6802,14373,2.180,1.490,0.800,4,0,483.954,0,0,17,219,7,48,0
13-06 07:39:22,44.740,21.745,32.242,0.500,0,3877768,173184,170792,3734956,4943.848,1661.613,3.999,663.845,1.000,55.987,7971,33393,2.250,1.510,0.810,2,0,224.948,0,0,17,225,7,45,0
13-06 07:39:23,53.079,22.926,22.677,0.249,0,3920744,177944,170796,3687380,5764.433,1688.561,35.884,753.573,5.981,47.846,3775,7031,2.250,1.510,0.810,3,0,456.530,0,0,17,225,7,45,0
13-06 07:39:24,57.671,19.809,22.567,0.251,0,4013220,135572,170880,3637600,42299.715,1590.728,172.513,766.277,27.080,49.146,5415,11650,2.250,1.510,0.810,3,0,245.730,0,0,17,229,7,43,0
13-06 07:39:25,56.692,23.476,18.731,0.250,0,4070256,135056,170880,3581892,5647.206,1564.395,675.307,691.291,50.948,56.942,5203,12832,2.250,1.510,0.810,3,0,545.440,0,0,17,233,7,43,0
13-06 07:39:26,63.549,17.694,17.694,0.498,0,4114920,124508,170884,3548244,5039.071,1577.015,163.483,2938.711,9.968,196.379,7472,13553,2.250,1.510,0.810,6,0,247.219,0,0,17,239,7,46,0
13-06 07:39:27,68.820,12.558,19.089,0,0,4212660,133500,170892,3443848,6331.422,1464.807,32.149,960.463,2.009,74.345,2881,5419,2.310,1.540,0.830,5,0,87.406,0,0,17,247,7,48,0
13-06 07:39:28,67.904,6.990,23.716,0.749,0,4304648,139432,170928,3348060,5423.310,1637.678,651.077,32082.507,41.941,1219.271,4195,8036,2.310,1.540,0.830,4,0,9.986,0,0,17,255,7,51,0
13-06 07:39:29,47.561,28.036,24.531,0,0,4277816,165028,170928,3349296,6116.842,1588.036,708.909,1073.376,19.024,74.095,5834,11333,2.310,1.540,0.830,4,0,575.738,0,0,17,256,7,43,0
13-06 07:39:30,45.449,24.223,29.217,0.499,0,4278848,159860,171012,3353636,5075.346,1402.438,4351.153,1721.083,81.909,93.895,6744,13070,2.310,1.540,0.830,4,0,333.628,0,0,17,256,7,43,0
13-06 07:39:31,71.019,15.004,13.504,0,0,4326284,164712,171012,3302192,7588.041,1660.447,600.161,5197.398,14.004,500.135,3591,6886,2.310,1.540,0.830,3,0,204.055,0,0,18,259,7,43,0
13-06 07:39:32,63.295,10.508,25.768,0,0,4420152,134984,171028,3239676,4896.506,1501.075,808.579,568.407,8.006,23.016,2069,2633,2.360,1.560,0.840,4,0,13.009,0,0,18,259,7,43,0
13-06 07:39:33,39.856,15.195,44.340,0.498,0,4447232,135276,171056,3212564,8471.393,2486.018,908.717,912.702,18.932,61.777,5392,9577,2.360,1.560,0.840,1,0,222.197,0,0,18,261,6,44,0
13-06 07:39:34,19.254,6.752,72.767,0,0,4443412,143116,171056,3208624,16032.720,3427.795,768.178,496.115,6.001,35.008,2010,2878,2.360,1.560,0.840,1,0,9.002,0,0,18,262,6,44,0
13-06 07:39:35,18.492,6.497,73.470,0.250,0,4464020,129684,171056,3201512,13904.299,3844.424,799.672,387.841,7.997,25.989,1880,2770,2.360,1.560,0.840,2,0,10.995,0,0,18,266,6,44,0
13-06 07:39:36,26.100,14.305,58.224,0.251,0,4462500,132564,171056,3200388,17150642.371,265224.052,2923.243,839.228,35.135,24.093,17722,15464,2.360,1.560,0.840,1,0,255.985,0,0,18,267,6,44,0
13-06 07:39:37,39.877,10.717,48.102,0.498,0,4524588,138136,171056,3133112,5698.409,1708.725,1056.738,1571.150,27.914,106.671,2298,3316,2.330,1.570,0.840,5,0,21.932,0,0,18,269,6,44,0
13-06 07:39:38,27.333,4.012,66.453,0.251,0,4526384,135908,171056,3133700,4968.148,1655.046,706.153,774.361,26.080,90.275,3897,8748,2.330,1.570,0.840,1,0,4.012,0,0,18,283,6,47,0
13-06 07:39:39,19.445,11.218,68.555,0.499,0,4472328,184992,171056,3138784,6317.994,1507.703,199.432,490.602,7.977,47.864,3512,6512,2.330,1.570,0.840,1,0,224.361,0,0,18,283,6,47,0
13-06 07:39:40,18.482,8.991,70.430,0,0,4519120,137996,171056,3138988,5616.445,1618.399,99.901,279.723,2.997,13.986,2335,4140,2.330,1.570,0.840,1,0,241.761,0,0,18,283,6,47,0
13-06 07:39:41,13.517,14.268,71.090,0.250,0,4480176,176828,171056,3139100,5772.337,1533.950,4.005,1037.318,1.001,70.089,2643,4231,2.330,1.570,0.840,2,0,219.279,0,0,18,283,6,45,0
13-06 07:39:42,8.257,19.766,70.806,0,0,4477848,179124,171056,3139132,5117.037,1587.252,8.006,104.082,1.001,10.008,3229,5164,2.230,1.560,0.850,1,0,372.294,0,0,18,283,6,45,0
13-06 07:39:43,2.494,3.492,91.548,0,0.249,4478656,178256,171056,3139192,4300.504,1582.506,11.974,11.974,1.996,1.996,1447,2325,2.230,1.560,0.850,0,0,69.846,0,0,18,283,6,42,0
13-06 07:39:44,20.002,3.750,75.759,0,0,4529560,127352,171056,3139192,4388.500,1586.181,0,15957.819,0,19.002,1450,2071,2.230,1.560,0.850,1,0,9.001,0,0,18,283,6,42,0
13-06 07:39:45,18.058,10.784,70.224,0,0,4475740,180956,171060,3139404,6804.748,1462.675,92.295,152.487,5.016,12.038,2763,4313,2.230,1.560,0.850,2,0,181.580,0,0,18,285,6,40,0
13-06 07:39:46,11.994,14.993,70.716,0,0,4479240,177288,171060,3139572,7284.482,1457.296,0,5049.561,0,96.953,3074,4650,2.230,1.560,0.850,1,0,236.886,0,0,18,285,6,40,0
13-06 07:39:47,18.459,10.227,70.594,0,0.249,4520132,136148,171060,3139820,8842.493,1508.672,167.630,259.428,2.993,27.938,2360,3661,2.130,1.550,0.850,1,0,124.725,0,0,18,285,6,39,0
13-06 07:39:48,24.912,4.484,70.002,0.747,0.249,4576660,133944,171064,3085872,4787.020,1580.394,191.321,215.237,7.972,27.901,1531,2183,2.130,1.550,0.850,3,0,2.989,0,0,18,291,6,39,0
13-06 07:39:49,25.339,2.760,70.496,0.251,0,4475572,255692,171056,3065344,6270.911,1517.301,192.673,794.777,18.063,80.281,2125,3423,2.130,1.550,0.850,2,0,8.028,0,0,18,293,6,37,0
13-06 07:39:50,22.514,5.003,71.796,0.750,0,4531064,198740,171056,3066804,6103.925,1793.153,1557.001,472.304,65.042,21.014,1511,2310,2.130,1.550,0.850,1,0,0,0,0,18,293,7,37,0
13-06 07:39:51,26.219,2.497,69.667,0.250,0,4577924,151700,171056,3066984,5912.993,1584.123,23.972,17814.889,2.996,525.377,2160,2794,2.130,1.550,0.850,1,0,1.998,0,0,18,299,7,36,0
13-06 07:39:52,24.006,3.751,71.518,0,0,4510832,218740,171056,3067036,4562.154,1620.410,28.007,0,1.000,0,1321,1780,2.040,1.540,0.850,2,0,15.004,0,0,18,293,7,36,0
13-06 07:39:53,20.798,6.515,71.413,0,0,4476300,252204,171056,3068104,5829.343,1697.886,1315.010,120.275,26.060,7.016,1848,2765,2.040,1.540,0.850,0,0,85.195,0,0,18,293,7,35,0
13-06 07:39:54,10.257,18.512,69.797,0,0,4484332,244036,171064,3068232,43907.418,1621.086,12.008,356.239,3.002,12.008,3126,4707,2.040,1.540,0.850,1,0,353.237,0,0,18,293,7,35,0
13-06 07:39:55,18.943,9.472,70.538,0,0,4506912,221132,171064,3068556,5804.575,1561.313,303.090,3.988,71.785,0.997,2146,3155,2.040,1.540,0.850,1,0,146.560,0,0,18,293,7,34,0
13-06 07:39:56,23.998,3.250,71.743,0.250,0,4524360,203492,171084,3068728,7263.252,1693.826,311.968,4.000,11.999,1.000,1296,1839,2.040,1.540,0.850,1,0,5.999,0,0,18,293,7,34,0
13-06 07:39:57,20.992,4.498,72.472,0,0,4504124,223136,171092,3069280,10827.810,3676.577,283.890,427.834,7.997,28.989,8928,17580,1.950,1.530,0.850,0,0,9.996,0,0,18,296,7,34,0
13-06 07:39:58,26.228,1.749,71.939,0.250,0,4509980,217088,171108,3069456,9810.671,3186.295,71.939,503.572,2.997,26.977,1781,2632,1.950,1.530,0.850,3,0,0,0,0,18,296,7,34,0
13-06 07:39:59,26.342,3.512,69.493,0.251,0,4536844,188204,171256,3071072,6247.836,1607.619,128.449,1027.591,5.018,59.207,5581,10761,1.950,1.530,0.850,2,0,5.018,0,0,18,296,7,32,0
13-06 07:40:00,24.697,3.991,70.598,0,0,4527972,197052,171256,3071096,6507.982,1454.866,0,303.347,0,17.961,6341,12216,1.950,1.530,0.850,1,0,7.983,0,0,18,296,7,32,0
13-06 07:40:01,16.756,12.005,70.027,0.250,0,4514464,210808,171256,3070832,5403.064,1632.624,0,268.102,0,10.004,2600,4324,1.950,1.530,0.850,1,0,264.101,0,0,18,295,7,32,0
13-06 07:40:02,25.465,2.746,72.151,0,0,4546264,178804,171256,3071036,4811.404,1456.004,15.978,766.949,0.999,153.789,1641,2475,1.880,1.520,0.850,2,0,0,0,0,18,295,7,34,0
13-06 07:40:03,21.035,7.512,71.367,0,0,4543560,181368,171256,3071176,4324.113,1460.402,8.013,44.072,1.002,3.005,1852,2790,1.880,1.520,0.850,1,0,112.185,0,0,18,295,7,34,0
13-06 07:40:04,24.529,5.256,70.334,0,0,4511556,213360,171256,3071188,8680.347,1501.790,0,108.129,0,3.004,1950,3078,1.880,1.520,0.850,2,0,70.084,0,0,18,295,7,34,0
13-06 07:40:05,22.297,5.261,70.898,0,0,4489904,234852,171256,3071348,8375.471,1609.357,68.142,1823.804,5.010,113.236,2238,3513,1.880,1.520,0.850,2,0,58.121,0,0,18,295,7,34,0
13-06 07:40:06,24.653,3.486,71.967,0.249,0,4538724,185964,171256,3071416,3814.011,1452.292,0,753.041,0,38.847,1599,2340,1.880,1.520,0.850,3,0,0,0,0,18,295,7,36,0
13-06 07:40:07,28.737,4.498,65.221,0.500,0,4519428,204884,171256,3071636,4694.897,1619.275,247.889,263.882,26.988,27.987,2235,5232,1.890,1.530,0.860,3,0,61.972,0,0,18,296,7,36,0
13-06 07:40:08,24.508,4.251,70.774,0.250,0,4508560,215768,171256,3071776,5398.863,1458.503,80.028,440.152,5.002,49.017,2117,3350,1.890,1.530,0.860,2,0,47.016,0,0,18,295,7,37,0
13-06 07:40:09,24.514,4.002,70.790,0,0,4505464,218856,171256,3071784,4524.570,1566.890,16.009,232.132,1.001,17.010,1891,2992,1.890,1.530,0.860,4,0,28.016,0,0,18,295,7,39,0
13-06 07:40:10,24.312,4.261,71.183,0.251,0,4484820,239460,171256,3071824,6207.917,1515.887,0,308.792,0,29.075,1957,3176,1.890,1.530,0.860,1,0,50.129,0,0,18,295,7,39,0
13-06 07:40:11,22.676,3.489,71.764,0,0,4531572,192688,171256,3071844,5266.699,1614.696,0,211.306,0,9.967,1614,2516,1.890,1.530,0.860,2,0,37.876,0,0,18,295,7,39,0
13-06 07:40:12,22.515,5.003,72.049,0,0,4527232,197012,171256,3071860,4836.279,1695.149,0,156.106,0,10.007,1714,2613,1.820,1.520,0.860,1,0,47.032,0,0,18,295,7,41,0
13-06 07:40:13,25.742,3.249,70.979,0.250,0,4509864,213960,171256,3072280,5619.342,1457.570,271.920,207.939,20.994,12.996,1758,2779,1.820,1.520,0.860,3,0,13.996,0,0,18,295,7,42,0
13-06 07:40:14,27.604,3.513,68.507,0.251,0,4538928,184488,171256,3072656,6422.121,1626.108,317.191,606.277,19.072,74.279,2453,4295,1.820,1.520,0.860,2,0,0,0,0,18,297,7,41,0
13-06 07:40:15,26.915,3.738,67.786,0.498,0,4522536,200404,171256,3073132,6950.017,1453.403,79.748,1248.052,2.991,129.590,2718,4814,1.820,1.520,0.860,3,0,6.978,0,0,18,295,7,42,0
13-06 07:40:16,27.738,3.498,66.721,0.500,0,4539544,183296,171256,3073232,8293.351,1619.288,55.975,1259.446,4.998,141.938,4038,7527,1.820,1.520,0.860,2,0,0,0,0,18,296,7,43,0
13-06 07:40:17,14.544,18.556,66.452,0.502,0,4492240,230308,171260,3073504,4383.334,1462.449,0,2298.994,0,207.632,4494,7804,1.830,1.530,0.860,1,0,608.852,0,0,18,295,7,43,0
13-06 07:40:18,10.745,20.241,67.720,0,0,4498580,223924,171260,3073548,5069.785,1619.292,0,547.761,0,40.982,4010,6992,1.830,1.530,0.860,1,0,643.719,0,0,18,295,7,43,0
13-06 07:40:19,8.505,22.263,67.790,0,0,4500068,222404,171264,3073576,5629.361,1458.871,0,592.354,0,51.030,4456,7917,1.830,1.530,0.860,4,0,754.450,0,0,18,295,7,43,0
13-06 07:40:20,10.994,19.739,67.213,0.250,0,4499160,223268,171264,3073620,7955.632,1619.111,0,2794.466,0,170.906,4820,8749,1.830,1.530,0.860,7,0,767.579,0,0,18,295,7,43,0
13-06 07:40:21,10.258,21.266,68.553,0,0,4494640,227744,171264,3073664,6970.339,1575.207,0,232.178,0,23.018,4356,7716,1.830,1.530,0.860,1,0,735.563,0,0,18,295,7,43,0
13-06 07:40:22,14.254,12.003,71.520,0.250,0,4505324,305028,171276,2993764,7156.954,1640.448,112.031,3460.945,12.003,375.102,2958,4745,1.680,1.500,0.860,1,0,336.092,0,0,18,295,7,33,0
13-06 07:40:23,23.968,5.243,70.157,0,0,4521508,271904,171600,3009672,6745.090,1583.908,27.963,2113.208,3.995,8.988,9505,18450,1.680,1.500,0.860,2,0,6.991,0,0,18,295,7,33,0
13-06 07:40:24,7.982,1.247,89.547,0.249,0,4530036,262584,171600,3010368,48702.445,3555.928,0,957.826,0,8.980,1335,1982,1.680,1.500,0.860,1,0,2.993,0,0,18,296,7,32,0
13-06 07:40:25,19.794,2.255,77.922,0.251,0,4538664,253512,171604,3010776,18294.431,7966.606,364.806,733.621,16.035,32.071,1569,2390,1.680,1.500,0.860,1,0,2.004,0,0,18,297,7,32,0
13-06 07:40:26,19.763,1.501,76.299,0.750,0,4541400,249732,171604,3011752,25938.730,16211.456,596.385,1929.244,58.037,95.061,2135,3616,1.680,1.500,0.860,1,0,0,0,0,18,297,7,28,0
13-06 07:40:27,21.722,0.999,75.403,0.999,0,4550508,239932,171604,3012444,21147.719,11512.149,595.232,1785.696,36.952,87.887,1738,2818,1.630,1.500,0.860,1,0,0,0,0,18,297,7,28,0
13-06 07:40:28,22.285,1.753,75.367,1.002,0,4558500,231392,171604,3012924,22629.075,12985.127,384.596,1414.192,30.047,62.096,1776,2767,1.630,1.500,0.860,1,0,0,0,0,18,297,7,25,0
13-06 07:40:29,21.924,2.990,72.747,0.997,0,4567072,186408,171608,3048948,10800.447,4302.042,11117.345,1323.399,214.255,65.771,1767,2771,1.630,1.500,0.860,1,0,0.997,0,0,18,297,7,25,0
13-06 07:40:30,22.560,3.509,72.442,1.253,0,4573452,157272,171892,3069372,7056.665,1830.843,0,3028.009,0,132.350,1661,2682,1.630,1.500,0.860,1,0,0,0,0,18,296,7,19,1
13-06 07:40:31,22.691,2.493,72.810,0.748,0,4573212,127788,172532,3096260,6212.803,1763.403,0,2868.522,0,114.701,1639,2755,1.630,1.500,0.860,1,0,0,0,0,18,296,7,19,1
13-06 07:40:32,22.073,4.013,72.238,0.502,0,4522556,189144,172640,3084952,6199.440,1703.617,184.609,2351.754,14.046,36.119,1461,2160,1.580,1.490,0.860,1,0,6.020,0,0,18,295,7,19,0
13-06 07:40:33,23.908,6.226,68.984,0,0,4519208,190332,172736,3087012,5315.482,1729.325,0,87.662,0,1.992,9255,18383,1.580,1.490,0.860,1,0,11.954,0,0,18,295,7,19,0
13-06 07:40:34,25.509,3.751,68.523,0,0,4546908,162612,172740,3087028,6363.132,1458.489,0,28.009,0,7.002,9905,19760,1.580,1.490,0.860,1,0,13.004,0,0,18,295,7,18,0
13-06 07:40:35,24.263,4.252,71.787,0,0,4484704,224864,172740,3086980,5874.066,1640.857,0,96.050,0,3.002,1551,2217,1.580,1.490,0.860,1,0,12.006,0,0,18,295,7,18,0
13-06 07:40:36,24.498,5.250,68.745,0,0,4503484,206004,172744,3087056,5321.622,1511.893,31.998,1719.878,1.000,12.999,9253,18705,1.580,1.490,0.860,1,0,47.997,0,0,18,295,7,18,0
13-06 07:40:37,24.078,6.270,68.472,0,0,4549300,160172,172744,3087060,4511.649,1611.232,0,634.059,0,55.179,9669,19426,1.530,1.480,0.860,1,0,16.052,0,0,18,295,7,18,0
13-06 07:40:38,23.666,5.979,69.006,0,0,4537828,171512,172744,3087192,5800.524,1546.541,0,418.523,0,20.926,8643,17559,1.530,1.480,0.860,1,0,12.954,0,0,18,295,7,15,0
13-06 07:40:39,23.756,3.251,72.017,0,0,4527756,181712,172744,3087064,4535.097,1458.353,0,8.002,0,2.000,1317,1842,1.530,1.480,0.860,1,0,9.002,0,0,18,295,7,15,0
13-06 07:40:40,24.297,4.759,71.136,0,0,4486044,223424,172744,3087064,6910.254,1460.802,0,4.008,0,1.002,1556,2269,1.530,1.480,0.860,2,0,53.102,0,0,18,295,7,13,0
13-06 07:40:41,21.276,6.758,70.585,0,0,4513736,179832,173300,3100828,5393.526,1513.832,0,8.010,0,2.002,8667,17019,1.530,1.480,0.860,1,0,48.058,0,0,18,295,7,13,0
13-06 07:40:42,15.194,1.495,81.201,0,0,4531596,158480,173484,3103628,5117.174,2131.159,0,0,0,0,1234,1907,1.410,1.450,0.860,0,0,2.989,0,0,18,296,7,13,0
13-06 07:40:43,16.022,1.001,82.616,0.250,0,4532720,157220,173492,3103748,13110.407,3909.489,0,1842.587,0,135.190,1236,1748,1.410,1.450,0.860,0,0,0,0,0,18,297,7,13,0
13-06 07:40:44,17.491,1.499,78.708,0.250,0,4540472,149184,173516,3103948,19906.310,11958.578,0,1175.369,0,38.979,1518,2244,1.410,1.450,0.860,2,0,0,0,0,18,297,7,13,0
13-06 07:40:45,13.243,1.249,82.955,0.500,0,4542420,146668,173656,3104256,144548.221,17810.293,0,1643.105,0,62.966,1672,2439,1.410,1.450,0.860,0,0,1.999,0,0,18,298,7,13,0
13-06 07:40:46,16.254,1.000,81.519,0.250,0,4553656,135160,173720,3104424,25448.853,9191.114,0,1012.233,0,49.011,1532,2436,1.410,1.450,0.860,1,0,0,0,0,18,298,7,13,0
13-06 07:40:47,19.761,0.750,77.793,0.750,0,4557092,131660,173780,3104424,23224.774,13704.537,0,1796.988,0,94.052,1732,2785,1.380,1.450,0.860,0,0,0,0,0,18,298,7,13,0
13-06 07:40:48,15.734,1.498,80.419,0.999,0,4565300,122896,173956,3104840,242267.006,20625.313,7.992,8459.515,1.998,425.573,1831,2674,1.380,1.450,0.860,0,0,0,0,0,18,297,7,13,1
13-06 07:40:49,16.999,2.250,78.996,0.750,0,4562848,138804,174164,3090956,100865.553,15186.180,143.992,1863.899,11.999,89.995,1635,2586,1.380,1.450,0.860,1,0,0,0,0,18,297,7,13,1
13-06 07:40:50,18.485,2.498,78.186,0.500,0,4568960,130440,174240,3093208,4692626.202,81269.846,83.932,5227.745,8.993,37.969,5685,3833,1.380,1.450,0.860,0,0,2.998,0,0,18,297,7,13,1
13-06 07:40:51,15.822,3.265,78.103,0.753,0,4568120,128544,174340,3095692,13665852.318,127741.519,269.217,14389.053,25.114,89.404,12005,5317,1.380,1.450,0.860,1,0,10.045,0,0,18,297,7,13,1
13-06 07:40:52,23.754,3.251,71.762,1.000,0,4574228,126136,176892,3086636,5741.953,1566.260,0,3976.660,0,106.018,1527,2762,1.510,1.470,0.870,2,0,0,0,0,18,297,7,13,1
13-06 07:40:53,23.919,3.488,71.010,0.498,0,4593224,136376,177928,3054216,8036.844,1526.841,67.771,16974.643,5.980,238.195,1991,3326,1.510,1.470,0.870,2,0,0,0,0,18,297,7,13,1
13-06 07:40:54,23.039,3.506,71.620,0.751,0,4586200,134480,178868,3060200,45496.297,1460.449,0,2744.603,0,151.254,1721,2672,1.510,1.470,0.870,1,0,0,0,0,18,297,7,13,1
13-06 07:40:55,22.705,3.992,73.105,0.749,0,4573192,131488,180512,3072032,6284.575,1690.658,0,1696.646,0,74.852,1581,2557,1.510,1.470,0.870,1,0,1.996,0,0,18,297,7,13,1
13-06 07:40:56,22.077,4.265,72.504,0.753,0,4575900,131512,181556,3066608,5132.960,1463.119,4.014,3853.483,1.004,104.365,1749,2924,1.510,1.470,0.870,1,0,0,0,0,18,297,7,13,1
13-06 07:40:57,21.428,2.492,74.501,0.249,0,4503796,233476,181672,3036460,13063.290,4232.837,322.920,1510.944,22.923,71.760,1772,2507,1.470,1.460,0.870,1,0,1.993,0,0,18,295,7,13,0
13-06 07:40:58,24.991,5.248,68.476,0,0,4545556,189800,181672,3038380,8421.061,1565.454,0,6517.725,0,30.989,9802,19484,1.470,1.460,0.870,1,0,15.994,0,0,18,295,7,13,0
13-06 07:40:59,23.828,3.010,72.236,0.251,0,4520756,214432,181672,3038524,4331.154,1699.554,0,2584.446,0,75.246,1414,2006,1.470,1.460,0.870,1,0,1.003,0,0,18,295,7,13,0
13-06 07:41:00,23.021,7.006,69.313,0,0,4544688,190492,181672,3038524,6974.354,1621.477,0,24.022,0,6.005,8954,18201,1.470,1.460,0.870,1,0,12.011,0,0,18,295,7,13,0
13-06 07:41:01,23.911,3.487,71.982,0,0,4507072,227404,181928,3038932,5884.117,1687.723,422.429,99.629,8.967,3.985,1364,1957,1.470,1.460,0.870,1,0,5.978,0,0,18,295,7,13,0
13-06 07:41:02,24.026,3.254,71.077,0.751,0,4524568,206068,182144,3041868,7262.887,1501.631,820.891,2354.557,34.037,92.100,3933,7551,1.350,1.440,0.870,1,0,0,0,0,18,300,7,18,0
13-06 07:41:03,26.049,7.013,65.623,1.503,0,4488320,241640,182144,3042580,4867.097,1460.730,496.929,67598.341,23.043,471.882,4806,9299,1.350,1.440,0.870,1,0,102.191,0,0,18,297,6,19,0
13-06 07:41:04,12.758,16.010,69.545,1.501,0,4480484,246884,182148,3045040,6066.968,1567.025,2465.613,988.647,261.171,55.036,3360,5619,1.350,1.440,0.870,2,0,347.227,0,0,18,297,6,21,0
13-06 07:41:05,7.225,3.488,72.250,14.948,0,4468780,219192,182148,3084428,5225.887,1618.391,39232.022,2032.954,3107.230,230.202,4507,8280,1.350,1.440,0.870,1,0,1.993,0,0,18,297,6,21,0
13-06 07:41:06,5.247,1.749,91.448,0.250,0,4474668,212964,182148,3084748,28633.793,4108.674,223.873,1978.880,5.997,65.963,1390,2333,1.350,1.440,0.870,0,0,5.997,0,0,18,298,6,21,0
13-06 07:41:07,8.284,2.008,88.108,0.251,0,4489276,198356,182156,3087020,45049.812,8818.787,0,349.418,0,40.163,2092,4872,1.240,1.410,0.860,1,0,32.130,0,0,18,298,6,19,0
13-06 07:41:08,3.994,1.498,93.116,0,0,4461084,226536,182160,3084748,194938.458,5637.915,0,115.834,0,5.991,1416,2450,1.240,1.410,0.860,2,0,3.994,0,0,18,298,6,20,0
13-06 07:41:09,7.232,2.494,89.533,0.249,0,4448400,238388,182252,3085488,119860.339,130547.423,47.884,1360.700,4.988,30.925,1719,2626,1.240,1.410,0.860,0,0,12.969,0,0,18,297,6,18,0
13-06 07:41:10,2.749,0.750,95.208,0,0,4448552,238240,182252,3085416,5572.565,1619.292,0,75.967,0,3.998,1092,1777,1.240,1.410,0.860,0,0,0,0,0,18,297,6,18,0
13-06 07:41:11,17.012,6.004,76.554,0,0,4467912,218876,182252,3085416,4395.125,1533.090,512.364,0,4.003,0,1444,1965,1.240,1.410,0.860,1,0,8.006,0,0,18,297,6,16,0
13-06 07:41:12,11.993,3.498,83.702,0,0,4457748,229028,182252,3085424,7198.911,1693.038,511.709,0,3.998,0,1424,2042,1.140,1.390,0.860,0,0,3.998,0,0,18,297,6,16,0
13-06 07:41:13,3.500,2.750,92.261,0.500,0,4458192,228580,182256,3085424,5295.635,1512.181,0,17466.096,0,119.014,1789,3022,1.140,1.390,0.860,1,0,0,0,0,18,297,6,14,0
13-06 07:41:14,1.251,0.500,95.807,0,0,4458124,228580,182256,3085444,5302.144,1640.973,0,288.171,0,18.011,1185,2017,1.140,1.390,0.860,0,0,0,0,0,18,297,6,14,0
13-06 07:41:15,2.251,1.001,94.805,0.250,0,4458372,228332,182260,3085440,6018.467,1620.934,0,860.496,0,168.097,1348,2223,1.140,1.390,0.860,0,0,2.001,0,0,18,297,6,12,0
13-06 07:41:16,1.998,0.999,96.386,0,0,4458368,228332,182260,3085444,5891.043,1618.089,0,191.774,0,14.982,1036,1782,1.140,1.390,0.860,0,0,0,0,0,18,297,6,12,0
13-06 07:41:17,2.250,1.500,95.251,0,0,4458368,228332,182260,3085444,9379.103,1620.018,0,84.001,0,12.000,1185,2072,1.050,1.370,0.850,0,0,0,0,0,18,297,6,11,0
13-06 07:41:18,4.751,1.000,93.269,0,0,4458360,228332,182260,3085452,5109.042,1694.346,0,12986.649,0,326.067,1320,1965,1.050,1.370,0.850,2,0,0,0,0,18,297,6,11,0
13-06 07:41:19,5.501,1.500,91.021,0.250,0,4458460,228332,182260,3085572,4608.060,1512.348,0,124.029,0,11.003,2010,3867,1.050,1.370,0.850,3,0,0,0,0,18,297,6,11,0
13-06 07:41:20,6.498,1.250,90.720,0.250,0,4458452,228332,182260,3085580,6155.993,593.806,0,115.962,0,11.996,1568,2554,1.050,1.370,0.850,2,0,0,0,0,18,297,6,13,0
13-06 07:41:21,2.499,1.000,95.475,0,0,4458448,228332,182260,3085584,7237.075,1511.598,0,107.971,0,7.998,1108,1825,1.050,1.370,0.850,0,0,0,0,0,18,297,6,13,0
13-06 07:41:22,2.500,1.250,96.262,0,0,4458448,228332,182260,3085584,5845.707,1458.176,0,0,0,0,992,1635,0.960,1.340,0.850,0,0,0,0,0,18,297,6,13,0
13-06 07:41:23,2.760,2.007,93.838,0,0,4461308,225644,182260,3085584,5416.505,1625.855,4.014,39578.522,1.004,161.582,1529,2544,0.960,1.340,0.850,0,0,0,0,0,18,297,6,13,0
13-06 07:41:24,2.988,0.996,94.610,0.249,0,4461304,225644,182260,3085596,43882.205,1452.018,0,1326.535,0,20.914,1225,1856,0.960,1.340,0.850,0,0,0,0,0,18,297,6,13,0
13-06 07:41:25,2.752,0,95.057,0,0,4461304,225644,182260,3085596,8886.332,1620.973,0,108.065,0,15.009,1173,1895,0.960,1.340,0.850,0,0,2.001,0,0,18,297,6,13,0
13-06 07:41:26,1.250,0.250,96.002,0,0,4461300,225644,182260,3085600,6328.120,1532.029,0,712.014,0,129.002,1009,1686,0.960,1.340,0.850,1,0,0,0,0,18,297,6,13,0
13-06 07:41:27,2.000,1.000,95.246,0,0.250,4461300,225644,182260,3085600,6919.730,1531.940,0,263.990,0,22.999,1299,2226,0.890,1.320,0.840,0,0,0,0,0,18,297,6,13,0
13-06 07:41:28,3.249,0.750,94.711,0.250,0,4461296,225644,182260,3085604,6580.282,1693.301,0,91.962,0,11.995,1413,2275,0.890,1.320,0.840,0,0,0,0,0,18,297,6,13,0
13-06 07:41:29,2.975,2.975,91.488,0,0,4465928,220960,182260,3085612,4565.961,1519.342,0,95670.965,0,298.513,1969,3000,0.890,1.320,0.840,0,0,0,0,0,18,297,6,13,0
13-06 07:41:30,3.026,1.009,95.586,0.252,0,4465800,220960,182260,3085740,6257.711,1470.860,0,80.706,0,9.079,1116,1799,0.890,1.320,0.840,2,0,0,0,0,18,297,6,13,0
13-06 07:41:31,2.250,0.500,95.747,0,0,4465800,220960,182260,3085740,4980.851,1639.951,0,4.000,0,1.000,1076,1781,0.890,1.320,0.840,0,0,0,0,0,18,297,6,13,0
13-06 07:41:32,1.500,0.250,96.751,0,0,4465800,220960,182260,3085740,6243.075,1512.018,0,0,0,0,936,1655,0.820,1.300,0.840,1,0,0,0,0,18,297,6,13,0
13-06 07:41:33,2.755,1.252,94.154,0.250,0,4465764,220960,182260,3085776,8309.578,1622.651,0,104.170,0,16.026,1273,2245,0.820,1.300,0.840,0,0,0,0,0,18,297,6,13,0
13-06 07:41:34,3.247,1.249,93.407,0.250,0,4466376,220316,182260,3085788,4956.074,1618.391,0,5750.284,0,187.813,1720,3131,0.820,1.300,0.840,0,0,0,0,0,18,297,6,13,0
13-06 07:41:35,2.248,0.250,95.920,0.250,0,4466376,220316,182260,3085788,5517.376,1766.520,0,31.973,0,3.997,1133,1897,0.820,1.300,0.840,0,0,1.998,0,0,18,297,6,13,0
13-06 07:41:36,1.750,0.750,95.763,0,0,4466376,220316,182260,3085788,5944.791,1542.205,0,0,0,0,1066,1772,0.820,1.300,0.840,0,0,0,0,0,18,297,6,13,0
13-06 07:41:37,3.250,0.500,94.241,0.250,0,4466376,220316,182260,3085788,9053.176,1457.867,0,451.959,0,43.996,1495,2569,0.750,1.280,0.830,0,0,0,0,0,18,297,6,13,0
13-06 07:41:38,3.250,1.000,94.512,0,0,4466368,220316,182260,3085796,8716.133,1620.211,0,184.024,0,19.002,1409,2281,0.750,1.280,0.830,0,0,0,0,0,18,297,6,13,0
13-06 07:41:39,1.750,0.500,95.728,0,0,4466368,220316,182260,3085796,6312.535,809.812,0,19.995,0,2.999,1135,1861,0.750,1.280,0.830,1,0,0,0,0,18,297,6,13,0
13-06 07:41:40,7.528,2.008,89.836,0,0,4472120,214564,182276,3085780,225367.423,3888.535,0,204.765,0,11.041,1295,2058,0.750,1.280,0.830,1,0,7.026,0,0,18,297,6,13,0
13-06 07:41:41,10.466,3.987,83.728,0,0,4466696,219712,182308,3086024,234437.781,10043.389,223.275,115.625,11.961,3.987,1800,2450,0.750,1.280,0.830,1,0,30.900,0,0,18,297,6,13,0
13-06 07:41:42,15.040,7.269,76.452,0,0,4469552,209976,182312,3092896,120201.852,3868.197,80.211,4.011,2.005,1.003,1707,2417,0.770,1.270,0.830,1,0,38.100,0,0,18,297,6,13,0
