"pcp-dstat 6.2.0 CSV Output"
"Author:","PCP team <pcp@groups.io> and Dag Wieers <dag@wieers.com>",,,,"URL:","https://pcp.io/ and http://dag.wieers.com/home-made/dstat/"
"Host:","ubuntu",,,,"User:","ubuntu"
"Cmdline:","dstat -tcmndrylpg --tcp --output /tmp/devstack_logs/dstat-csv.log",,,,"Date:","13 Mar 2026 13:21:41 UTC"
"system","total usage",,,,,"memory usage",,,,"net/total",,"dsk/total",,"io/total",,"system",,"load avg",,,"procs",,,"paging",,"tcp sockets",,,,
"time","total usage:usr","total usage:sys","total usage:idl","total usage:wai","total usage:stl","used","free","buf","cach","net/total:recv","net/total:send","dsk/total:read","dsk/total:writ","read","writ","int","csw","1m","5m","15m","run","blk","new","in","out","lis","act","syn","tim","clo"
13-03 13:21:41,,1043820,1572744,164036,5037084,,,,,,,1.440,0.890,0.510,1,0,,,,10,2,0,17,0
13-03 13:21:42,9.478,19.954,67.593,0.249,0,1038756,1577756,164040,5037116,3410.077,1401.743,0,2478.242,0,147.657,5254,3828,1.440,0.890,0.510,2,0,299.305,0,0,10,2,0,17,0
13-03 13:21:43,9.264,20.029,69.101,0,0,1022568,1593912,164040,5037144,3250.746,528.772,0,8.012,0,2.003,4915,3201,1.440,0.890,0.510,1,0,279.408,0,0,10,2,0,17,0
13-03 13:21:44,11.240,21.231,65.941,0,0,980276,1636048,164040,5037724,3432.919,755.322,0,23.978,0,5.995,5775,5014,1.440,0.890,0.510,11,0,271.756,0,0,10,2,0,17,0
13-03 13:21:45,14.473,18.715,65.127,0,0,977628,1638640,164040,5037668,5153.241,1563.040,0,15.970,0,3.992,5005,4666,1.440,0.890,0.510,1,0,234.556,0,0,10,2,0,17,0
13-03 13:21:46,15.757,11.755,70.782,0,0,1089080,1526748,164040,5162488,5200.342,2617.179,0,0,0,0,4635,5814,1.410,0.900,0.510,1,0,98.044,0,0,11,5,0,17,0
13-03 13:21:47,30.463,11.986,56.183,0,0,1090552,1525224,164044,5162532,11027.772,4013.186,15.981,3583.701,0.999,35.957,3966,2311,1.410,0.900,0.510,2,0,112.865,0,0,11,4,0,17,0
13-03 13:21:48,28.837,13.290,56.922,0.502,0,1133736,1481348,164196,5162952,19879.018,9614.026,32.097,2431.341,2.006,58.176,4226,3177,1.410,0.900,0.510,2,0,170.515,0,0,11,5,0,19,0
13-03 13:21:49,28.954,4.493,64.648,0.499,0,1186456,1426692,164504,5164204,38608.023,11371.041,0,2464.108,0,42.932,2431,1657,1.410,0.900,0.510,2,0,0,0,0,11,6,0,19,0
13-03 13:21:50,33.510,4.751,55.517,4.501,0,1236448,1372512,165036,5167468,21684.666,11422.511,0,17213.292,0,1351.415,6835,10594,1.410,0.900,0.510,2,0,10.003,0,0,11,8,0,19,0
13-03 13:21:51,28.497,5.499,52.745,10.749,0,1237920,1362724,166720,5173700,43165.805,14369.604,0,62037.971,0,4845.529,16815,33867,1.530,0.930,0.520,1,0,71.993,0,0,11,8,0,19,0
13-03 13:21:52,33.296,7.761,58.331,0.501,0,1266724,1325936,166884,5181212,142776.253,13993.431,0,2555.549,0,84.117,3275,2343,1.530,0.930,0.520,2,0,75.104,0,0,11,6,0,19,0
13-03 13:21:53,43.546,4.755,49.302,1.001,0,1286856,1282520,167784,5201048,45763.643,2774.950,0,3571.796,0,191.203,3119,1937,1.530,0.930,0.520,2,0,1.001,0,0,11,6,0,19,0
13-03 13:21:54,45.631,5.236,47.875,1.247,0,1273692,1277612,168268,5216776,4847.379,1657.684,0,7664.045,0,440.852,3773,3302,1.530,0.930,0.520,2,0,10.971,0,0,11,6,0,19,0
13-03 13:21:55,44.475,4.997,48.473,0.999,0,1287120,1239700,168984,5238268,4846.299,1511.158,0,2730.478,0,157.912,3290,2256,1.530,0.930,0.520,2,0,0,0,0,11,6,0,19,0
13-03 13:21:56,36.246,14.499,47.245,1.000,0,1268532,1227864,170108,5264408,5025.485,1565.840,0,3819.609,0,172.982,4950,3644,1.570,0.950,0.530,2,0,218.978,0,0,11,6,0,19,0
13-03 13:21:57,30.832,23.563,42.864,1.504,0,1257784,1242680,170864,5257972,5679.147,1973.263,0,21918.461,0,956.551,6423,4814,1.570,0.950,0.530,2,0,384.024,0,0,11,4,0,19,0
13-03 13:21:58,21.183,18.442,58.815,0,0,1189644,1310772,170864,5258112,4677.275,968.950,0,15.950,0,3.987,6381,7804,1.570,0.950,0.530,0,0,292.080,0,0,11,4,0,19,0
13-03 13:21:59,40.711,13.237,45.706,0,0,1255888,1244484,170868,5258512,5021.135,1606.444,0,31.969,0,2.997,3866,2838,1.570,0.950,0.530,2,0,130.873,0,0,11,5,0,19,0
13-03 13:22:00,47.609,3.739,48.108,0,0,1278412,1221400,170892,5259048,4848.656,1561.381,0,179.469,0,0.997,2695,1178,1.570,0.950,0.530,3,0,0,0,0,11,5,0,19,0
13-03 13:22:01,40.506,10.064,48.053,0.503,0,1298504,1198960,170964,5261356,4741.943,1521.608,0,1992.582,0,37.235,3665,4655,1.610,0.970,0.540,2,0,33.210,0,0,11,4,0,20,0
13-03 13:22:02,3.490,8.227,86.007,0,0,1293512,1203932,170964,5261372,4537.173,1346.194,0,47.865,0,3.989,2330,1991,1.610,0.970,0.540,2,0,93.735,0,0,10,4,0,20,0
13-03 13:22:03,22.177,4.734,72.261,0,0,1358732,1138712,170964,5261376,5713.084,1237.901,0,13953.799,0,71.762,2251,1697,1.610,0.970,0.540,1,0,13.954,0,0,11,4,0,20,0
13-03 13:22:04,23.638,2.515,73.429,0,0,1381244,1116200,170964,5261376,4697.445,1357.934,0,0,0,0,1794,1182,1.610,0.970,0.540,1,0,1.006,0,0,11,4,0,20,0
13-03 13:22:05,23.768,2.502,71.055,1.251,0,1388788,1108388,170996,5261612,4496.484,1026.796,0,4895.793,0,349.271,3968,5423,1.610,0.970,0.540,1,0,1.001,0,0,11,10,0,14,0
13-03 13:22:06,20.712,5.989,72.865,0,0,1400060,1097108,170996,5261620,3693.160,1078.003,0,0,0,0,2240,1560,1.560,0.970,0.540,1,0,41.922,0,0,11,4,0,16,0
13-03 13:22:07,19.786,1.753,77.390,0,0,1416796,1079968,171136,5261812,6964.638,3633.594,144.262,909.651,7.013,13.024,1674,1295,1.560,0.970,0.540,1,0,0,0,0,11,11,0,16,0
13-03 13:22:08,19.208,4.241,74.339,0.998,0,1410496,1085664,171212,5262200,10828.512,7739.213,267.420,40320.540,65.857,658.571,3808,4592,1.560,0.970,0.540,2,0,3.991,0,0,11,30,0,17,0
13-03 13:22:09,20.554,6.016,73.192,0,0,1455316,1040840,171212,5262204,4776.502,1527.999,0,1812.745,0,11.029,2227,1610,1.560,0.970,0.540,1,0,43.113,0,0,11,30,0,17,0
13-03 13:22:10,15.958,2.244,80.537,0,0,1452048,1044096,171212,5262216,11345.026,8516.499,0,2254.045,0,13.963,1929,1658,1.560,0.970,0.540,2,0,0,0,0,11,30,0,18,0
13-03 13:22:11,33.332,11.779,54.133,0,0,1471648,1024480,171212,5262232,4964.224,1515.732,0,16.039,0,4.010,3606,2428,1.590,0.990,0.550,2,0,156.385,0,0,11,30,0,18,0
13-03 13:22:12,33.177,3.492,62.114,0,0,1480352,1015760,171212,5262248,14235.864,11869.040,0,0,0,0,3535,3292,1.590,0.990,0.550,1,0,0,0,0,11,32,0,18,0
13-03 13:22:13,37.264,16.506,45.016,0.250,0,1421220,1074696,171212,5262444,13975.088,9867.593,0,576.210,0,36.013,7164,8824,1.590,0.990,0.550,5,0,360.131,0,0,11,30,0,18,0
13-03 13:22:14,80.955,19.800,0,0,0,1609852,886020,171212,5262488,4617.691,1569.975,0,16.041,0,4.010,5170,3468,1.590,0.990,0.550,7,0,219.556,0,0,11,30,0,18,0
13-03 13:22:15,82.257,10.251,6.251,0,0,1743664,752076,171212,5262552,30163.511,27553.294,0,248.021,0,10.001,6332,6005,1.590,0.990,0.550,3,0,0,0,0,11,36,0,18,0
13-03 13:22:16,68.745,14.749,16.499,0,0,1565992,929496,171224,5262788,27719.039,21202.500,0,735.948,0,65.995,8474,12180,1.870,1.050,0.570,2,0,308.978,0,0,11,30,0,24,0
13-03 13:22:17,18.939,2.990,76.753,0,0,1569280,926172,171228,5262820,6958.633,3466.857,0,195.372,0,9.968,1757,1367,1.870,1.050,0.570,0,0,0.997,0,0,11,31,0,23,0
13-03 13:22:18,17.264,3.253,78.563,0.250,0,1527496,967936,171232,5262836,10796.613,6545.222,0,1180.942,0,70.056,2939,3451,1.870,1.050,0.570,2,0,26.021,0,0,11,30,0,24,0
13-03 13:22:19,20.033,5.760,73.622,0,0,1520404,975028,171232,5262836,5320.803,1514.506,0,0,0,0,2212,1577,1.870,1.050,0.570,1,0,42.070,0,0,11,30,0,24,0
13-03 13:22:20,13.973,2.246,82.593,0,0.250,1509096,986328,171232,5262844,11550.053,7713.343,0,51.901,0,2.994,2450,2694,1.870,1.050,0.570,1,0,0,0,0,11,31,0,24,0
13-03 13:22:21,10.517,18.530,69.111,0.250,0,1439916,1055484,171236,5262864,5509.848,2480.984,0,408.656,0,36.058,5799,5074,1.720,1.040,0.570,4,0,481.774,0,0,11,30,0,25,0
13-03 13:22:22,60.464,28.483,11.743,0,0,1521852,973512,171236,5262908,4557.275,1619.032,0,243.854,0,20.987,5853,4629,1.720,1.040,0.570,5,0,557.667,0,0,11,30,0,25,0
13-03 13:22:23,78.782,9.004,11.255,0,0,1684400,810936,171236,5262928,22195.914,19427.802,0,5002.009,0,76.031,5427,4062,1.720,1.040,0.570,4,0,0,0,0,11,35,0,25,0
13-03 13:22:24,69.698,9.243,19.735,0,0,1636972,858120,171256,5263144,36210.751,31320.431,0,2366.219,0,143.892,10560,16858,1.720,1.040,0.570,6,0,68.948,0,0,11,30,0,26,0
13-03 13:22:25,79.457,20.239,0.250,0,0,1598276,896708,171256,5263252,4166.758,971.477,0,195.895,0,12.993,5223,3760,1.720,1.040,0.570,6,0,241.870,0,0,11,30,0,26,0
13-03 13:22:26,85.807,10.007,4.003,0,0,1757832,737004,171256,5263400,26737.895,24064.105,0,508.340,0,28.019,5488,4734,1.900,1.080,0.590,4,0,0,0,0,11,36,0,26,0
13-03 13:22:27,71.585,10.975,16.711,0,0,1660756,833844,171268,5263620,42878.975,37678.984,0,235.456,0,23.945,10659,17435,1.900,1.080,0.590,4,0,131.696,0,0,11,31,0,31,0
13-03 13:22:28,41.745,13.998,42.495,0.250,0,1505696,988688,171272,5263804,5970.313,3414.607,0,83138.431,0,500.942,5416,5426,1.900,1.080,0.590,3,0,165.981,0,0,11,30,0,31,0
13-03 13:22:29,31.287,3.754,64.577,0.250,0,1521512,972852,171272,5263824,13058.519,10837.880,0,1718.042,0,139.165,3496,3552,1.900,1.080,0.590,2,0,0,0,0,11,31,0,30,1
13-03 13:22:30,52.752,20.501,26.251,0,0,1486520,1007792,171272,5263876,12165.532,8278.362,0,268.012,0,20.001,6609,6719,1.900,1.080,0.590,3,0,378.017,0,0,11,30,0,32,0
13-03 13:22:31,52.156,6.269,41.123,0,0.251,1579008,915292,171272,5263888,17757.172,13896.612,0,156.469,0,6.018,4384,3469,1.910,1.100,0.600,3,0,0,0,0,11,33,0,32,0
13-03 13:22:32,49.752,15.000,34.001,0.250,0,1477560,1016516,171308,5264076,21921.727,17409.578,0,544.018,0,54.002,8190,10957,1.910,1.100,0.600,4,0,258.009,0,0,11,30,0,33,0
13-03 13:22:33,75.698,10.743,13.491,0,0,1606204,887972,171308,5264112,13243.981,10298.987,0,5528.235,0,396.730,4930,2566,1.910,1.100,0.600,2,0,0,0,0,11,34,0,29,0
13-03 13:22:34,62.001,7.250,30.250,0.250,0,1596780,897172,171332,5264312,36051.541,30342.455,0,1332.020,0,94.001,8409,13115,1.910,1.100,0.600,5,0,22.000,0,0,11,31,0,31,0
13-03 13:22:35,68.136,20.216,10.982,0,0,1531388,962508,171332,5264352,8722.367,4320.751,0,23.960,0,5.990,5446,15260,1.910,1.100,0.600,3,0,338.432,0,0,11,30,0,33,0
13-03 13:22:36,46.704,5.994,46.704,0,0,1565780,928072,171332,5264396,24214.138,21056.250,0,775.236,0,0.999,5137,5755,1.840,1.100,0.600,1,0,0,0,0,11,33,0,33,0
13-03 13:22:37,49.288,19.015,30.274,0,0,1478512,1015144,171344,5264580,16586.933,11316.824,0,532.415,0,42.033,6848,7839,1.840,1.100,0.600,3,0,299.233,0,0,11,30,0,31,0
13-03 13:22:38,53.024,7.503,39.268,0,0,1580732,912908,171348,5264592,11708.362,10433.778,0,504.231,0,10.005,3913,2593,1.840,1.100,0.600,2,0,0,0,0,11,33,0,31,0
13-03 13:22:39,49.860,9.521,39.337,0,0,1532508,960892,171348,5264832,24609.313,19029.999,0,320.708,0,28.062,7048,9195,1.840,1.100,0.600,6,0,167.369,0,0,11,30,0,34,0
13-03 13:22:40,62.244,13.499,23.998,0,0,1578464,914816,171348,5264948,4756.526,1619.839,0,4.000,0,1.000,4094,2045,1.840,1.100,0.600,3,0,119.988,0,0,11,30,0,34,0
13-03 13:22:41,40.897,4.489,53.117,0,0,1595876,897216,171356,5265128,27740.415,24182.340,0,167.580,0,13.965,6841,8404,2.010,1.150,0.620,3,0,0,0,0,11,32,0,35,0
13-03 13:22:42,60.724,13.244,25.489,0.250,0,1540304,952760,171356,5265152,7442.812,4408.112,0,351.849,0,30.987,5184,4129,2.010,1.150,0.620,3,0,111.952,0,0,11,30,0,36,0
13-03 13:22:43,46.968,4.747,47.468,0,0,1556612,936420,171364,5265176,19748.561,17130.343,0,171.883,0,8.994,4014,3928,2.010,1.150,0.620,2,0,0,0,0,11,33,0,36,0
13-03 13:22:44,58.564,23.025,17.769,0.501,0,1481440,1011520,171368,5265244,15456.955,11541.660,0,720.791,0,56.061,7462,9289,2.010,1.150,0.620,6,0,483.530,0,0,11,30,0,38,0
13-03 13:22:45,78.499,21.750,0,0,0,1657232,835688,171368,5265284,4474.930,1457.977,0,2511.961,0,105.998,5504,4289,2.010,1.150,0.620,8,0,328.995,0,0,11,30,0,38,0
13-03 13:22:46,74.925,22.052,3.258,0,0,1748808,743880,171396,5265480,35301.539,33691.775,0,1198.803,0,72.169,6877,7096,2.250,1.210,0.640,3,0,428.001,0,0,11,36,0,38,0
13-03 13:22:47,71.682,21.730,5.745,0.250,0,1687912,804508,171400,5265740,39538.761,33054.868,0,763.281,0,69.934,8931,12087,2.250,1.210,0.640,6,0,421.603,0,0,11,30,0,39,0
13-03 13:22:48,82.089,17.769,0.250,0,0,1647796,844596,171400,5265768,5513.987,3029.289,0,1609.748,0,147.160,5481,3685,2.250,1.210,0.640,4,0,196.213,0,0,11,31,0,39,0
13-03 13:22:49,69.137,9.202,19.647,0,0,1680756,811572,171400,5265828,35913.294,31369.171,0,127.331,0,8.953,7031,8701,2.250,1.210,0.640,5,0,0,0,0,11,35,0,39,0
13-03 13:22:50,57.279,14.069,27.384,0,0,1548536,943568,171404,5266044,32878.398,26913.297,0,188.922,0,12.059,8827,12364,2.250,1.210,0.640,3,0,289.412,0,0,11,30,0,42,0
13-03 13:22:51,10.980,24.705,62.885,0,0.250,1463132,1028956,171404,5266060,4763.276,1509.236,0,179.671,0,9.982,5839,4252,2.310,1.240,0.660,3,0,473.133,0,0,11,30,0,42,0
13-03 13:22:52,50.964,35.302,13.425,0,0,1470604,1021436,171412,5266100,4208.404,1235.075,0,210.818,0,16.905,6099,5613,2.310,1.240,0.660,6,0,835.317,0,0,11,30,0,42,0
13-03 13:22:53,67.164,8.804,23.646,0,0,1614628,877356,171420,5266140,20010.427,17901.419,0,245.514,0,18.112,4962,4002,2.310,1.240,0.660,2,0,0,0,0,11,34,0,42,0
13-03 13:22:54,57.325,13.768,27.536,0,0,1558712,933040,171444,5266344,21310.710,16460.403,0,704.917,0,72.094,8077,10654,2.310,1.240,0.660,4,0,202.263,0,0,11,30,0,46,0
13-03 13:22:55,78.696,13.241,7.995,0,0,1578216,913512,171448,5266364,9547.474,6866.306,0,231.842,0,11.992,4719,2516,2.310,1.240,0.660,3,0,66.954,0,0,11,33,0,46,0
13-03 13:22:56,55.540,6.505,36.777,0,0,1595972,895540,171448,5266576,33245.042,30064.742,0,180.130,0,9.007,8641,11825,2.280,1.250,0.660,3,0,0,0,0,11,34,0,46,0
13-03 13:22:57,51.815,6.477,39.609,0.249,0,1571704,919496,171468,5266840,44722.621,37623.919,0,342.778,0,33.879,13933,22011,2.280,1.250,0.660,5,0,35.872,0,0,11,32,0,46,0
13-03 13:22:58,80.044,17.314,2.760,0,0,1541760,949416,171492,5266840,7252.633,4319.864,0,2842.438,0,183.674,5897,4723,2.280,1.250,0.660,3,0,90.332,0,0,11,31,0,46,0
13-03 13:22:59,63.329,7.230,28.423,0,0,1612208,878908,171492,5266900,25524.878,22334.518,0,7.978,0,1.995,5634,6106,2.280,1.250,0.660,3,0,0,0,0,11,34,0,46,0
13-03 13:23:00,50.031,6.254,42.026,0,0,1612308,878404,171492,5267300,47655.636,42181.231,0,84.052,0,7.004,13870,21852,2.280,1.250,0.660,5,0,0,0,0,11,33,0,47,0
13-03 13:23:01,67.648,19.042,12.778,0,0,1528680,961972,171492,5267360,19726.191,15219.323,0,0,0,0,7264,8312,2.340,1.280,0.680,4,0,260.571,0,0,11,30,0,50,0
13-03 13:23:02,67.896,8.986,22.465,0,0,1616348,874276,171492,5267384,18101.175,15852.631,0,0,0,0,4327,3047,2.340,1.280,0.680,2,0,0,0,0,11,34,0,49,0
13-03 13:23:03,61.532,10.505,27.264,0,0,1535964,954436,171492,5267604,34283.860,28016.595,0,0,0,0,8762,13751,2.340,1.280,0.680,3,0,68.035,0,0,11,32,0,51,0
13-03 13:23:04,73.065,11.510,15.264,0,0,1601528,888676,171504,5267792,20408.090,15213.485,0,788.699,0,74.066,6399,7442,2.340,1.280,0.680,3,0,31.028,0,0,11,31,0,51,0
13-03 13:23:05,67.756,12.001,19.252,0,0,1598972,891200,171516,5267812,17745.495,12885.085,0,372.031,0,36.003,5961,5305,2.340,1.280,0.680,5,0,90.008,0,0,11,31,0,53,0
13-03 13:23:06,72.000,13.250,14.750,0,0,1588672,901444,171520,5267824,17501.969,14917.974,0,192.000,0,13.000,5546,5933,2.390,1.310,0.690,3,0,62.000,0,0,11,32,0,51,0
13-03 13:23:07,53.960,6.465,38.045,0,0,1596484,893392,171520,5268060,40743.708,35442.242,0,1464.120,0,10.941,9395,14420,2.390,1.310,0.690,4,0,0,0,0,11,33,0,52,0
13-03 13:23:08,72.892,17.846,9.300,0,0,1525984,963840,171524,5268104,14781.592,10803.170,0,221.191,0,19.103,6765,7266,2.390,1.310,0.690,4,0,229.234,0,0,11,32,0,55,0
13-03 13:23:09,66.612,8.948,23.613,0.249,0,1587296,902368,171524,5268260,20380.326,17674.084,0,171.004,0,14.913,5393,4397,2.390,1.310,0.690,3,0,0.994,0,0,11,38,0,55,0
13-03 13:23:10,62.604,10.811,25.896,0,0,1540264,949328,171524,5268328,25564.578,21941.086,0,152.865,0,17.097,7417,10298,2.390,1.310,0.690,3,0,68.387,0,0,11,35,0,57,0
13-03 13:23:11,64.725,12.745,22.741,0.250,0,1543040,946520,171524,5268356,10486.992,7481.141,0,327.875,0,24.990,4322,3582,2.440,1.340,0.700,3,0,137.947,0,0,11,35,0,58,0
13-03 13:23:12,47.262,8.502,43.011,0,0,1592468,897072,171524,5268376,16772.130,14040.458,0,320.079,0,32.008,4507,4386,2.440,1.340,0.700,2,0,60.015,0,0,11,35,0,60,0
13-03 13:23:13,51.701,14.486,32.969,0,0,1549316,940028,171524,5268568,13713.911,10023.433,0,235.775,0,16.984,5698,5882,2.440,1.340,0.700,4,0,155.851,0,0,11,35,0,61,0
13-03 13:23:14,54.798,8.507,35.781,0,0,1513264,975920,171524,5268724,17372.290,14006.328,0,308.271,0,14.012,4511,4291,2.440,1.340,0.700,3,0,18.016,0,0,11,36,0,60,0
13-03 13:23:15,48.471,11.683,38.280,0.249,0,1537332,951736,171524,5268836,19175.777,14729.335,0,202.834,0,12.926,5216,6373,2.440,1.340,0.700,3,0,68.606,0,0,11,35,0,61,0
13-03 13:23:16,40.074,9.267,50.343,0,0,1474616,1014424,171524,5268864,15798.323,12483.169,0,4135.676,0,156.290,4119,3584,2.490,1.370,0.710,2,0,86.160,0,0,11,36,0,62,0
13-03 13:23:17,29.237,8.246,60.224,0.250,0,1399140,1089728,171528,5269032,17817.276,13837.002,0,267.884,0,23.990,5937,7014,2.490,1.370,0.710,1,0,66.971,0,0,11,35,0,63,0
13-03 13:23:18,37.743,9.748,51.990,0,0,1443484,1045376,171528,5269040,8622.381,4635.130,0,243.954,0,21.996,3819,2860,2.490,1.370,0.710,1,0,67.987,0,0,11,35,0,57,0
13-03 13:23:19,35.274,4.753,58.790,0,0,1460348,1028492,171528,5269060,17384.718,12900.695,0,128.086,0,9.006,3673,3900,2.490,1.370,0.710,3,0,0,0,0,11,35,0,58,0
13-03 13:23:20,32.779,13.012,52.797,0.250,0,1463108,1025532,171536,5269252,8949.914,5623.973,0,384.340,0,28.025,5082,5011,2.490,1.370,0.710,3,0,138.122,0,0,11,34,0,59,0
13-03 13:23:21,36.176,6.237,57.383,0,0,1466896,1021728,171540,5269264,9145.370,6391.979,0,347.293,0,35.927,2863,2361,2.370,1.360,0.720,3,0,0,0,0,11,35,0,59,0
13-03 13:23:22,33.285,8.759,56.559,0.250,0,1458860,1029736,171544,5269288,13603.301,10408.943,0,252.265,0,22.023,4271,4106,2.370,1.360,0.720,2,0,60.063,0,0,11,35,0,59,0
13-03 13:23:23,35.789,5.256,57.813,0,0,1476724,1011856,171544,5269300,12655.838,8920.754,0,296.324,0,23.025,3734,3412,2.370,1.360,0.720,3,0,5.005,0,0,11,35,0,60,0
13-03 13:23:24,33.773,6.504,58.539,0,0,1426420,1062132,171544,5269328,16876.315,12992.711,0,232.156,0,11.007,4944,5289,2.370,1.360,0.720,2,0,44.030,0,0,11,35,0,61,0
13-03 13:23:25,36.064,6.762,56.099,0,0,1472692,1015820,171548,5269364,11859.975,7905.982,0,304.539,0,24.043,3999,4109,2.370,1.360,0.720,1,0,5.009,0,0,11,35,0,62,0
13-03 13:23:26,32.677,3.991,61.861,0,0,1519932,968432,171548,5269512,15738.663,12546.829,0,143.677,0,8.980,4004,4382,2.340,1.370,0.720,2,0,0,0,0,11,36,0,62,0
13-03 13:23:27,24.728,12.739,61.696,0.250,0,1501584,986684,171552,5269600,15914.046,11742.704,0,367.678,0,33.970,5918,6832,2.340,1.370,0.720,1,0,276.757,0,0,11,34,0,63,0
13-03 13:23:28,22.012,3.252,73.539,0,0,1451476,1036792,171552,5269600,3719.952,918.482,0,176.092,0,13.007,1960,1490,2.340,1.370,0.720,1,0,5.003,0,0,11,34,0,63,0
13-03 13:23:29,14.794,2.257,81.744,0,0,1451852,1036400,171552,5269616,13309.731,9814.297,0,148.443,0,7.021,2611,3059,2.340,1.370,0.720,1,0,0,0,0,11,35,0,63,0
13-03 13:23:30,11.998,11.749,74.241,0,0,1424580,1063652,171552,5269636,6974.127,3665.541,0,315.960,0,28.996,4703,4409,2.340,1.370,0.720,1,0,283.964,0,0,11,34,0,64,0
13-03 13:23:31,20.943,3.490,75.294,0.249,0,1467432,1020792,171552,5269640,4743.047,2317.670,0,143.608,0,7.978,1601,1178,2.230,1.370,0.720,0,0,0,0,0,11,35,0,57,0
13-03 13:23:32,15.755,2.501,80.523,0.250,0,1456784,1031416,171552,5269660,14208.066,10055.878,0,524.150,0,34.010,3485,4370,2.230,1.370,0.720,1,0,0,0,0,11,35,0,57,0
13-03 13:23:33,20.254,5.501,73.515,0,0,1441040,1047156,171552,5269664,5834.215,2439.508,0,4.001,0,1.000,2376,1678,2.230,1.370,0.720,1,0,46.010,0,0,11,34,0,58,0
13-03 13:23:34,16.744,2.499,79.721,0,0,1451632,1036552,171552,5269676,10819.095,7493.296,0,0,0,0,2303,2585,2.230,1.370,0.720,1,0,1.000,0,0,11,35,0,58,0
13-03 13:23:35,20.022,7.008,71.327,0.250,0,1427952,1059980,171560,5272624,13211.329,8673.407,0,544.591,0,71.077,5110,10568,2.230,1.370,0.720,2,0,134.145,0,0,11,34,0,54,0
13-03 13:23:36,17.988,22.735,57.962,0,0,1418108,1069732,171564,5270000,5294.518,1457.042,0,371.755,0,24.984,6445,8187,2.050,1.340,0.720,2,0,527.653,0,0,11,34,0,57,0
13-03 13:23:37,42.988,7.498,48.986,0,0,1510412,976196,171648,5271008,4164.790,1025.702,0,895.740,0,7.998,2894,1489,2.050,1.340,0.720,4,0,1.999,0,0,11,34,0,57,0
13-03 13:23:38,38.109,7.522,43.625,9.527,0,1488800,990272,172576,5276996,3816.921,1028.944,0,40423.665,0,3478.954,14238,26579,2.050,1.340,0.720,5,0,127.364,0,0,11,38,0,57,0
13-03 13:23:39,39.191,9.236,42.436,7.988,0,1436688,1040396,173444,5278040,3314.975,539.183,0,44692.258,0,3677.426,13471,26215,2.050,1.340,0.720,4,0,48.926,0,0,11,34,0,54,0
13-03 13:23:40,43.942,5.992,48.936,0,0,1487800,989264,173444,5278060,4151.532,1078.579,0,0,0,0,2626,1266,2.050,1.340,0.720,2,0,0.999,0,0,11,34,0,54,0
13-03 13:23:41,38.581,9.019,43.090,8.518,0,1516828,959064,174108,5278552,3423.171,541.134,0,23753.762,0,3033.355,15182,28204,2.210,1.390,0.740,3,0,3.006,0,0,11,36,0,54,0
13-03 13:23:42,27.919,7.478,62.818,0.499,0,1421296,1054532,174140,5278572,4325.476,1453.791,0,3812.960,0,211.388,3285,2932,2.210,1.390,0.740,2,0,98.714,0,0,11,34,0,54,0
13-03 13:23:43,22.003,3.751,73.511,0,0,1440744,1035080,174144,5278572,4380.644,1662.245,0,1252.184,0,61.009,1970,1507,2.210,1.390,0.740,1,0,2.000,0,0,11,34,0,49,0
13-03 13:23:44,22.760,3.752,72.783,0.250,0,1423044,1052720,174184,5278592,4159.881,1458.659,0,5242.370,0,277.125,2278,2341,2.210,1.390,0.740,2,0,2.001,0,0,11,34,0,49,0
13-03 13:23:45,22.492,3.749,72.476,0.250,0,1454796,1020968,174184,5278592,4995.312,1619.453,0,251.915,0,13.995,1933,1363,2.210,1.390,0.740,3,0,1.999,0,0,11,34,0,49,0
13-03 13:23:46,22.229,3.497,73.680,0,0,1429592,1046128,174184,5278604,4495.751,1618.470,0,0,0,0,1804,1239,2.110,1.380,0.740,2,0,0.999,0,0,11,34,0,49,0
13-03 13:23:47,22.025,3.504,73.333,0,0,1468356,1007364,174188,5278600,4625.208,1621.826,0,8.009,0,2.002,1779,1153,2.110,1.380,0.740,2,0,2.002,0,0,11,34,0,47,0
13-03 13:23:48,22.242,3.749,73.974,0,0,1476564,999068,174192,5278680,4618.396,1619.438,0,0,0,0,1746,1194,2.110,1.380,0.740,2,0,1.000,0,0,11,34,0,47,0
13-03 13:23:49,22.752,3.000,73.256,0,0,1515096,960536,174192,5278680,5058.397,1458.114,0,0,0,0,1724,1163,2.110,1.380,0.740,1,0,2.000,0,0,11,34,0,47,0
13-03 13:23:50,22.007,3.751,73.523,0,0,1468592,1006936,174192,5278784,5598.785,1620.517,0,96.031,0,1.000,1784,1290,2.110,1.380,0.740,1,0,1.000,0,0,11,34,0,47,0
13-03 13:23:51,21.495,3.999,72.983,0,0,1467992,1007508,174196,5278804,3513.161,593.858,0,627.850,0,36.991,1975,1749,2.020,1.370,0.740,2,0,1.000,0,0,11,34,0,41,0
13-03 13:23:52,22.736,3.498,73.455,0,0,1445104,1030376,174196,5278824,4321.380,1403.149,0,0,0,0,1783,1143,2.020,1.370,0.740,2,0,2.998,0,0,11,34,0,41,0
13-03 13:23:53,22.019,3.253,73.314,0,0,1475796,999672,174196,5278832,3164.781,702.617,0,4.004,0,1.001,1756,1307,2.020,1.370,0.740,2,0,0,0,0,11,34,0,41,0
13-03 13:23:54,22.256,4.001,73.769,0,0,1466692,1008752,174196,5278856,3876.994,1296.332,0,0,0,0,1834,1295,2.020,1.370,0.740,2,0,2.001,0,0,11,34,0,41,0
13-03 13:23:55,20.302,5.765,73.187,0,0,1444480,1030856,174196,5278956,4129.527,1245.174,0,16.041,0,2.005,2182,1418,2.020,1.370,0.740,3,0,47.120,0,0,11,34,0,37,0
13-03 13:23:56,8.500,21.501,68.752,0,0,1433624,1041616,174200,5279024,4042.114,972.027,0,968.027,0,11.000,6424,5262,1.860,1.350,0.740,1,0,571.016,0,0,11,34,0,37,0
13-03 13:23:57,8.747,21.243,68.478,0,0,1404776,1070404,174200,5279076,3590.824,473.845,0,411.865,0,7.997,6122,4826,1.860,1.350,0.740,1,0,467.847,0,0,11,34,0,37,0
13-03 13:23:58,12.473,15.467,70.849,0,0,1402604,1072524,174200,5279096,4502.399,969.932,0,0,0,0,4685,3529,1.860,1.350,0.740,1,0,290.381,0,0,11,34,0,37,0
13-03 13:23:59,21.749,4.500,73.746,0,0,1463536,1011608,174200,5279080,5519.702,1619.912,0,4.000,0,1.000,1830,1216,1.860,1.350,0.740,1,0,2.000,0,0,11,34,0,37,0
13-03 13:24:00,22.248,3.250,74.242,0,0,1472188,1002940,174200,5279096,4936.466,1619.825,0,23.997,0,3.000,1655,1147,1.860,1.350,0.740,1,0,1.000,0,0,11,34,0,37,0
13-03 13:24:01,21.753,4.251,73.010,0.250,0,1523208,951940,174200,5279076,4772.652,1512.207,0,508.069,0,32.004,1855,1601,1.790,1.350,0.740,1,0,2.000,0,0,11,34,0,37,0
13-03 13:24:02,21.749,3.500,73.746,0,0,1495256,979884,174200,5279084,4725.763,1565.921,0,19.999,0,1.000,1778,1226,1.790,1.350,0.740,1,0,1.000,0,0,11,34,0,37,0
13-03 13:24:03,22.501,3.250,73.254,0,0,1528800,946340,174200,5279084,5296.295,756.042,0,12.001,0,1.000,1811,1259,1.790,1.350,0.740,1,0,2.000,0,0,11,34,0,31,0
13-03 13:24:04,22.759,3.251,73.529,0,0,1532084,943064,174200,5279076,5494.145,1242.485,0,0,0,0,1801,1215,1.790,1.350,0.740,1,0,2.001,0,0,11,34,0,31,0
13-03 13:24:05,21.993,3.749,73.725,0,0,1576044,899104,174200,5279076,6134.944,1619.457,0,1855.378,0,220.926,1850,1168,1.790,1.350,0.740,1,0,1.999,0,0,11,34,0,31,0
13-03 13:24:06,22.003,3.250,73.510,0,0,1540696,934444,174200,5279084,4532.606,1512.202,0,0,0,0,1795,1275,1.730,1.340,0.740,2,0,1.000,0,0,11,34,0,31,0
13-03 13:24:07,22.294,3.507,73.645,0,0,1561652,913528,174200,5279088,4855.571,1569.093,0,645.272,0,116.229,1778,1218,1.730,1.340,0.740,2,0,2.004,0,0,11,34,0,28,0
13-03 13:24:08,21.954,3.992,73.597,0,0,1522996,952196,174200,5279076,4706.234,1602.674,0,7.983,0,0.998,1771,1262,1.730,1.340,0.740,1,0,0.998,0,0,11,34,0,28,0
13-03 13:24:09,22.494,2.999,73.480,0,0,1550920,924272,174200,5279076,4484.788,1565.577,0,27.992,0,1.000,1722,1084,1.730,1.340,0.740,4,0,1.999,0,0,11,34,0,28,0
13-03 13:24:10,22.261,3.502,73.535,0,0,1536156,939096,174200,5279016,4491.144,1512.722,0,0,0,0,1759,1194,1.730,1.340,0.740,1,0,1.000,0,0,11,34,0,28,0
13-03 13:24:11,21.955,4.241,72.600,0.249,0,1561040,914148,174208,5279064,4835.984,1562.763,0,2770.262,0,48.899,2002,1590,1.670,1.330,0.740,3,0,1.996,0,0,11,34,0,28,0
13-03 13:24:12,21.281,5.007,73.606,0,0,1497024,978116,174208,5279112,3557.135,973.405,0,12.017,0,1.001,1789,1317,1.670,1.330,0.740,1,0,2.003,0,0,11,34,0,21,0
13-03 13:24:13,21.742,3.499,73.474,0,0,1563140,912020,174208,5279092,4378.476,1619.436,0,0,0,0,1801,1383,1.670,1.330,0.740,1,0,0,0,0,11,34,0,21,0
13-03 13:24:14,22.261,3.752,73.537,0,0,1453168,1021972,174208,5279112,4802.414,1620.815,0,32.016,0,2.001,1849,1192,1.670,1.330,0.740,2,0,4.002,0,0,11,34,0,21,0
13-03 13:24:15,22.982,3.747,72.694,0,0,1476652,998480,174208,5279120,4633.403,1618.743,0,23.981,0,0.999,1825,1315,1.670,1.330,0.740,1,0,0,0,0,11,34,0,21,0
13-03 13:24:16,22.022,3.503,73.322,0,0,1493472,981648,174208,5279132,4804.724,1351.329,0,0,0,0,1821,1354,1.620,1.330,0.740,2,0,1.001,0,0,11,34,0,15,0
13-03 13:24:17,20.739,5.247,72.710,0,0,1485052,990048,174208,5279152,3705.950,647.642,0,71.960,0,3.998,2217,1491,1.620,1.330,0.740,1,0,44.975,0,0,11,34,0,15,0
13-03 13:24:18,11.768,17.276,69.855,0,0,1484120,990936,174208,5279196,5334.046,1568.366,0,240.363,0,10.015,5283,4209,1.620,1.330,0.740,1,0,417.630,0,0,11,34,0,15,0
13-03 13:24:19,22.676,4.236,72.513,0.498,0,1524176,950848,174228,5279208,5203.004,1614.725,0,4182.338,0,195.362,2188,2170,1.620,1.330,0.740,1,0,0,0,0,11,34,0,15,0
13-03 13:24:20,23.487,2.499,72.961,0,0,1508264,966516,174228,5279452,4114.775,539.708,0,0,0,0,1848,1238,1.620,1.330,0.740,1,0,8.995,0,0,11,34,0,12,0
13-03 13:24:21,23.315,3.761,72.704,0,0,1521724,953020,174248,5279464,4103.496,974.731,0,669.877,0,34.096,1973,1528,1.570,1.320,0.740,2,0,10.028,0,0,11,34,0,12,0
13-03 13:24:22,9.269,21.796,67.391,0.251,0,1508896,965664,174248,5279608,3994.351,1028.150,40.084,240.503,2.004,10.021,6284,4862,1.570,1.320,0.740,2,0,523.094,0,0,11,34,0,12,0
13-03 13:24:23,8.000,22.750,68.001,0,0,1480916,993612,174248,5279640,4772.101,1512.032,0,244.005,0,5.000,6403,5116,1.570,1.320,0.740,2,0,528.011,0,0,11,34,0,12,0
13-03 13:24:24,8.499,22.497,67.991,0,0,1455932,1018500,174252,5279680,4471.423,1511.805,0,739.904,0,8.999,6453,5316,1.570,1.320,0.740,1,0,568.927,0,0,11,34,0,9,0
13-03 13:24:25,9.255,21.762,68.287,0,0,1442000,1032380,174252,5279708,4805.608,1566.850,0,1472.799,0,16.009,6629,5421,1.570,1.320,0.740,1,0,601.326,0,0,11,34,0,9,0
13-03 13:24:26,8.492,20.981,68.939,0,0,1423356,1051000,174252,5279732,4312.169,1564.610,0,975.134,0,11.989,5806,4221,1.520,1.320,0.750,1,0,408.637,0,0,11,34,0,9,0
13-03 13:24:27,8.513,21.033,69.357,0,0,1410860,1063460,174252,5279768,4432.866,1568.429,0,300.465,0,9.014,5962,4511,1.520,1.320,0.750,2,0,451.700,0,0,11,34,0,9,0
13-03 13:24:28,8.237,21.965,68.640,0,0,1398052,1076220,174252,5279800,4193.304,1617.417,0,319.490,0,11.981,6206,4957,1.520,1.320,0.750,1,0,515.177,0,0,11,34,0,5,0
13-03 13:24:29,9.007,21.016,69.051,0,0,1383028,1091212,174252,5279832,4309.202,1567.165,0,48.036,0,12.009,6191,4848,1.520,1.320,0.750,1,0,505.376,0,0,11,34,0,5,0
13-03 13:24:30,23.272,27.276,48.296,0.250,0,1363780,1110388,174276,5279860,4701.463,1621.539,0,964.916,0,49.047,7337,6779,1.520,1.320,0.750,6,0,773.734,0,0,11,34,0,9,0
13-03 13:24:31,63.749,14.000,21.750,0.500,0.250,1548944,924612,174320,5280388,5311.894,1511.970,0,759.985,0,39.999,4535,3272,1.640,1.350,0.760,3,0,153.997,0,0,11,34,0,11,0
13-03 13:24:32,50.922,9.985,26.709,9.985,0,1624304,837952,174824,5290028,4838.617,1563.614,371.433,43645.402,2.995,3091.283,13801,25420,1.640,1.350,0.760,2,1,83.872,0,0,11,40,0,12,0
13-03 13:24:33,37.052,13.269,31.794,15.021,0,1667048,781012,175524,5303012,5273.378,1568.194,0,104486.196,0,7298.212,23721,49413,1.640,1.350,0.760,1,3,186.261,0,0,11,38,0,12,0
13-03 13:24:34,41.644,9.975,32.667,14.214,0,1682032,755848,175948,5312428,10862.235,6831.538,0,77286.447,0,6173.221,20602,41896,1.640,1.350,0.760,3,1,45.883,0,0,11,39,0,12,0
13-03 13:24:35,37.077,21.044,29.812,10.271,0,1632456,798160,176480,5319268,9611.999,4694.768,296.617,73224.352,4.008,4991.385,20057,38160,1.640,1.350,0.760,3,1,399.832,0,0,11,36,0,13,0
13-03 13:24:36,48.009,19.003,24.004,8.252,0,1647776,775276,176856,5325740,6967.271,3377.616,1120.204,34267.249,21.004,2878.525,15246,39687,1.830,1.390,0.780,4,0,220.040,0,0,11,37,0,12,0
13-03 13:24:37,31.241,10.747,44.237,10.997,0,1644520,775024,177120,5328820,14956.572,11051.728,667.802,60714.025,11.996,4884.554,19541,39116,1.830,1.390,0.780,8,0,162.952,0,0,11,37,0,12,0
13-03 13:24:38,30.432,7.982,47.644,11.474,0,1566064,853244,177372,5328760,13093.879,8881.248,0,65222.943,0,5254.314,20145,40059,1.830,1.390,0.780,3,0,59.867,0,0,11,36,0,12,0
13-03 13:24:39,36.353,8.273,42.370,12.034,0,1607400,810296,177640,5330052,5974.948,3118.846,0,58072.721,0,5452.466,19593,37493,1.830,1.390,0.780,1,0,48.137,0,0,11,37,0,12,0
13-03 13:24:40,30.452,5.990,51.169,9.984,0,1599232,816332,177744,5332032,14316.228,10736.922,0,47117.055,0,3884.821,16780,32208,1.830,1.390,0.780,3,0,38.938,0,0,11,37,0,10,0
13-03 13:24:41,31.021,6.754,49.283,10.757,0,1559736,852728,177856,5334940,15252.096,11126.365,0,52330.639,0,4456.950,19383,38183,1.920,1.420,0.790,4,0,79.052,0,0,11,36,0,11,0
13-03 13:24:42,31.770,10.757,42.777,12.008,0.250,1585036,822964,177968,5339168,4683.004,1621.040,0,66958.946,0,5366.442,19442,38882,1.920,1.420,0.790,1,1,124.080,0,0,11,38,0,11,0
13-03 13:24:43,31.008,7.752,48.513,12.253,0,1590472,813488,178132,5342928,12518.358,9845.641,0,65117.469,0,5347.435,20148,40336,1.920,1.420,0.790,2,1,111.030,0,0,11,39,0,11,0
13-03 13:24:44,27.720,6.992,51.194,10.988,0,1578884,824156,178196,5343720,16567.867,12275.565,0,61021.213,0,5058.464,21723,41966,1.920,1.420,0.790,2,0,45.950,0,0,11,39,0,11,0
13-03 13:24:45,34.914,9.477,41.647,11.472,0,1557976,849064,178248,5339708,4289.410,1487.328,0,62477.748,0,5246.048,20145,39224,1.920,1.420,0.790,2,0,68.830,0,0,11,38,0,11,0
13-03 13:24:46,30.517,10.005,58.282,0.250,0,1438412,968560,178248,5339776,10511.715,7706.190,0,4078.217,0,232.126,5085,5225,1.850,1.410,0.790,0,0,212.115,0,0,11,35,0,12,0
13-03 13:24:47,15.499,2.000,80.245,0.250,0,1435940,970868,178248,5339940,15890.978,11580.255,0,2543.836,0,144.991,4855,6480,1.850,1.410,0.790,1,0,0,0,0,11,35,0,12,0
13-03 13:24:48,18.001,5.250,75.003,0.250,0,1405408,1001380,178248,5339960,9114.315,5390.187,0,1212.042,0,71.002,3690,3950,1.850,1.410,0.790,1,0,55.002,0,0,11,34,0,13,0
13-03 13:24:49,18.494,2.999,78.225,0,0,1427200,979580,178252,5339964,9905.890,6272.031,0,571.820,0,37.988,2028,1795,1.850,1.410,0.790,1,1,0,0,0,11,35,0,13,0
13-03 13:24:50,18.255,4.501,75.770,0.250,0,1417256,989508,178252,5339980,9355.507,5217.398,0,476.128,0,26.007,3312,3577,1.850,1.410,0.790,1,0,34.009,0,0,11,34,0,14,0
13-03 13:24:51,17.998,3.250,77.742,0,0,1465864,940896,178252,5339980,6573.307,3484.632,0,447.953,0,27.997,1810,1577,1.780,1.400,0.790,1,0,1.000,0,0,11,35,0,14,0
13-03 13:24:52,16.253,5.751,77.015,0,0,1439944,966808,178256,5339984,9172.816,5980.184,0,984.195,0,36.007,2984,2823,1.780,1.400,0.790,1,0,60.012,0,0,11,34,0,15,0
13-03 13:24:53,18.738,2.748,76.700,0.250,0,1459856,946640,178256,5340240,6162.967,3421.761,0,379.752,0,22.985,1611,1262,1.780,1.400,0.790,0,0,0,0,0,11,35,0,15,0
13-03 13:24:54,17.260,3.252,78.296,0.250,0,1454852,951520,178256,5340364,13887.210,10066.952,0,456.270,0,37.022,3514,4430,1.780,1.400,0.790,1,0,1.001,0,0,11,34,0,16,0
13-03 13:24:55,20.993,5.748,72.976,0.250,0,1486920,919448,178256,5340368,5205.272,1655.450,0,2195.271,0,192.936,2370,1644,1.780,1.400,0.790,1,0,42.986,0,0,11,34,0,16,0
13-03 13:24:56,16.260,3.002,79.301,0.250,0,1495488,910868,178260,5340376,10650.851,7932.102,0,312.201,0,21.014,2279,2282,1.640,1.380,0.790,0,0,0,0,0,11,35,0,16,0
13-03 13:24:57,13.034,8.272,76.701,0.251,0,1455944,950212,178260,5340564,10572.649,6249.343,0,1399.660,0,91.239,4476,4887,1.640,1.380,0.790,1,0,159.417,0,0,11,34,0,17,0
13-03 13:24:58,18.941,24.175,55.578,0,0,1419180,986652,178280,5340872,4725.403,1615.011,0,813.487,0,62.806,7044,6246,1.640,1.380,0.790,3,0,642.017,0,0,11,34,0,23,0
13-03 13:24:59,65.499,9.250,24.250,0,0,1577380,827708,178296,5341600,5039.953,1619.985,0,195.998,0,12.000,3910,1692,1.640,1.380,0.790,3,0,3.000,0,0,11,34,0,23,0
13-03 13:25:00,69.925,15.539,14.536,0,0,1697612,704428,178392,5344248,4726.811,1461.652,0,3240.096,0,120.301,4560,3133,1.640,1.380,0.790,3,0,332.832,0,0,11,34,0,23,0
13-03 13:25:01,50.742,8.249,32.245,6.749,0,1753788,638100,178512,5353692,4439.293,1619.742,0,35986.267,0,2566.591,12661,21201,1.750,1.410,0.800,1,1,116.981,0,0,11,40,0,23,0
13-03 13:25:02,25.768,10.507,46.032,14.010,0,1754296,624996,178656,5365756,5721.935,1459.003,0,99396.356,0,7035.839,25728,51717,1.750,1.410,0.800,0,1,264.182,0,0,11,40,0,23,0
13-03 13:25:03,31.123,10.457,42.577,14.441,0,1754768,615672,178728,5374192,6035.430,1613.432,0,105251.517,0,8069.150,28429,57839,1.750,1.410,0.800,3,1,164.331,0,0,11,40,0,23,0
13-03 13:25:04,42.598,13.030,29.819,12.529,0,1705740,651960,178840,5386340,5841.432,1190.738,0,93948.027,0,6783.598,22692,47298,1.750,1.410,0.800,9,0,280.645,0,0,11,38,0,23,0
13-03 13:25:05,46.222,10.494,30.981,10.743,0,1763640,579996,178908,5399804,6243.209,1349.181,0,104856.322,0,6886.818,21888,44490,1.750,1.410,0.800,5,1,3.998,0,0,11,38,0,23,0
13-03 13:25:06,44.118,8.773,33.088,11.029,0,1797136,540836,178928,5405248,4955.248,1245.329,0,91885.659,0,7055.864,24034,49958,2.170,1.500,0.830,4,0,113.303,0,0,11,40,0,23,0
13-03 13:25:07,35.494,12.248,47.992,2.750,0,1474208,863136,178944,5405836,4521.280,1241.802,0,32266.864,0,2001.681,9292,14429,2.170,1.500,0.830,1,0,252.960,0,0,11,34,0,23,0
13-03 13:25:08,20.435,6.479,72.518,0.249,0,1528408,808920,178944,5405848,4230.493,1170.264,0,921.059,0,49.841,2710,2204,2.170,1.500,0.830,1,0,92.704,0,0,11,34,0,23,0
13-03 13:25:09,22.504,3.251,72.263,0.500,0,1584096,753228,178944,5405848,4726.827,1566.274,0,6689.170,0,389.068,2535,2693,2.170,1.500,0.830,1,0,2.000,0,0,11,34,0,23,0
13-03 13:25:10,21.759,4.002,73.032,0.250,0,1514084,823236,178944,5405852,4759.066,1620.703,0,148.064,0,13.006,2465,1986,2.170,1.500,0.830,1,0,27.012,0,0,11,34,0,23,0
13-03 13:25:11,22.033,3.505,73.611,0,0,1507996,829320,178944,5405856,4793.237,1568.368,0,4.006,0,1.002,1767,1192,2.070,1.490,0.830,1,0,1.002,0,0,11,34,0,23,0
13-03 13:25:12,23.204,2.495,73.354,0,0,1529008,808304,178944,5405860,4550.938,1616.781,0,550.903,0,66.867,1999,1624,2.070,1.490,0.830,1,0,1.996,0,0,11,36,0,23,0
13-03 13:25:13,14.787,31.830,52.131,0,0,1468984,868280,178948,5405904,4543.449,1515.820,0,561.415,0,38.096,7156,6724,2.070,1.490,0.830,2,0,951.397,0,0,11,34,0,23,0
13-03 13:25:14,9.485,25.211,64.650,0.250,0,1467632,869596,178948,5405940,4658.798,1563.583,0,311.518,0,25.960,6603,5347,2.070,1.490,0.830,1,0,647.000,0,0,11,34,0,23,0
13-03 13:25:15,8.500,20.500,69.500,0,0,1457144,879964,178948,5406056,5535.004,1512.001,0,100.000,0,7.000,5851,4401,2.070,1.490,0.830,1,0,419.000,0,0,11,34,0,23,0
13-03 13:25:16,9.271,21.048,68.906,0,0,1424152,912780,178948,5406220,5678.829,1623.668,0,220.498,0,12.027,5796,4367,1.990,1.480,0.830,1,0,387.876,0,0,11,34,0,23,0
13-03 13:25:17,18.000,17.250,63.502,0,0,1417412,919448,178956,5406592,5274.133,1458.037,0,24.001,0,6.000,6159,7998,1.990,1.480,0.830,1,0,333.008,0,0,11,34,0,23,0
13-03 13:25:18,41.124,10.967,47.106,0,0,1510588,826168,178964,5406808,5563.013,1615.068,0,43.866,0,3.988,3878,2691,1.990,1.480,0.830,2,0,130.601,0,0,11,35,0,23,0
13-03 13:25:19,44.771,6.003,48.523,0,0,1601024,735696,178964,5406844,5688.690,1566.741,0,16.008,0,1.000,3075,1959,1.990,1.480,0.830,3,0,9.004,0,0,11,47,0,23,0
13-03 13:25:20,46.478,5.248,46.978,0,0,1653124,681068,179032,5408988,4416.899,1241.409,0,1887.102,0,172.918,3779,4007,1.990,1.480,0.830,3,0,9.995,0,0,11,51,0,23,0
13-03 13:25:21,14.021,18.528,65.600,0,0,1657364,674796,179036,5411244,4542.898,1297.971,0,4114.247,0,304.462,7538,10387,1.990,1.490,0.840,11,0,389.592,0,0,11,50,0,23,0
13-03 13:25:22,13.727,8.236,76.621,0.250,0.250,1657648,674436,179036,5410912,3629.878,1293.818,0,455.232,0,22.961,4248,5863,1.990,1.490,0.840,2,0,101.828,0,0,11,50,0,23,0
13-03 13:25:23,0.750,0.750,97.450,0.250,0,1655652,676428,179036,5410916,4399.746,1241.364,0,399.795,0,26.986,804,1121,1.990,1.490,0.840,0,0,2.998,0,0,11,50,0,23,0
13-03 13:25:24,0.500,0.750,97.769,0,0,1653300,678780,179036,5410916,4140.789,1620.309,0,36.007,0,4.001,768,1056,1.990,1.490,0.840,0,0,3.001,0,0,11,50,0,23,0
13-03 13:25:25,0.500,0,98.771,0,0,1651256,680824,179036,5410916,5284.129,1566.335,0,0,0,0,741,948,1.990,1.490,0.840,0,0,2.000,0,0,11,50,0,23,0
13-03 13:25:26,2.005,2.757,94.490,0,0,1640748,691344,179036,5410904,4701.930,1666.228,0,834.116,0,3.008,1428,1575,1.830,1.470,0.840,1,0,32.081,0,0,11,50,0,23,0
13-03 13:25:27,18.467,13.975,66.131,0,0,1636132,695940,179036,5410916,4925.113,1401.471,0,439.207,0,2.995,5666,7547,1.830,1.470,0.840,5,0,246.555,0,0,11,50,0,23,0
13-03 13:25:28,9.753,16.255,71.774,0,0,1627632,704256,179036,5411080,4209.385,1188.391,0,4.001,0,1.000,5294,5102,1.830,1.470,0.840,2,0,333.110,0,0,12,50,0,23,0
13-03 13:25:29,19.785,15.778,63.363,0.250,0,1635460,696324,179036,5411100,4850.646,1807.221,0,184.329,0,10.018,6978,9278,1.830,1.470,0.840,3,0,285.509,0,0,12,54,0,23,0
13-03 13:25:30,6.231,6.730,86.238,0,0,1630496,701312,179036,5411108,4834.338,1507.428,0,430.694,0,31.903,2818,3132,1.830,1.470,0.840,0,0,154.531,0,0,12,66,0,23,0
13-03 13:25:31,16.004,16.254,66.015,0,0,1629832,701828,179036,5411616,4967.147,1566.362,0,16.004,0,3.001,6644,8049,1.680,1.440,0.830,2,0,263.061,0,0,14,66,0,23,0
13-03 13:25:32,10.279,16.547,71.454,0,0,1630028,701584,179036,5411308,4785.672,1516.332,0,1925.501,0,31.089,5458,4746,1.680,1.440,0.830,2,0,348.997,0,0,14,68,0,23,0
13-03 13:25:33,8.726,20.942,68.561,0.249,0,1618348,713228,179036,5411340,5012.212,1603.589,0,594.365,0,32.909,5907,4572,1.680,1.440,0.830,1,0,384.941,0,0,14,68,0,15,0
13-03 13:25:34,23.064,15.794,59.917,0.251,0,1643080,688460,179036,5411368,5206.494,1600.455,0,76.212,0,5.014,6452,8261,1.680,1.440,0.830,2,0,249.695,0,0,14,68,0,15,0
13-03 13:25:35,29.998,24.749,44.998,0,0,1723596,607872,179048,5411424,5836.694,1619.915,0,415.978,0,10.999,6597,5374,1.680,1.440,0.830,3,0,586.969,0,0,14,68,0,15,0
13-03 13:25:36,32.474,27.478,38.969,0,0,1878196,451648,179124,5412876,5533.652,1456.855,0,19.984,0,4.996,7829,14522,1.790,1.470,0.840,2,0,620.512,0,0,14,72,0,18,0
13-03 13:25:37,35.711,21.726,42.203,0,0,1951076,378720,179124,5413260,4914.580,1618.215,0,55.938,0,10.988,7521,8921,1.790,1.470,0.840,8,0,389.570,0,0,14,72,0,18,0
13-03 13:25:38,58.835,22.032,19.028,0,0,2039424,290140,179140,5413576,4806.950,1622.346,0,16.023,0,4.006,5155,4396,1.790,1.470,0.840,6,0,427.618,0,0,14,72,0,16,0
13-03 13:25:39,61.067,19.442,18.445,0,0,2156880,171988,179164,5414552,5132.596,1692.919,0,574.277,0,5.982,6022,9134,1.790,1.470,0.840,4,0,288.135,0,0,14,72,0,16,0
13-03 13:25:40,68.673,27.719,3.496,0.250,0,2262228,193884,171280,5296896,4931.495,1618.194,339.621,2309.422,26.970,75.915,5803,5723,1.790,1.470,0.840,3,1,495.447,0,0,14,72,0,16,0
13-03 13:25:41,74.071,22.522,2.002,0.500,0,2463224,241720,170456,5054380,4416.254,1513.458,508.490,6418.183,58.056,646.623,8895,12951,1.970,1.510,0.860,7,1,228.220,0,0,14,76,0,16,0
13-03 13:25:42,65.065,25.776,5.505,3.003,0,2549348,140552,170480,5069480,3953.946,1351.349,160.160,40132.053,16.016,2938.933,15551,28464,1.970,1.510,0.860,4,1,449.449,0,0,14,78,0,15,0
13-03 13:25:43,68.254,19.928,9.715,0.498,0,2631012,130212,170324,5000340,3690.685,860.894,67.756,8879.963,6.975,730.365,9492,16838,1.970,1.510,0.860,8,0,279.990,0,0,14,80,0,19,0
13-03 13:25:44,63.697,23.824,12.539,0,0,2771632,126052,169308,4867324,3113.639,866.683,32.099,1091.379,7.022,62.193,8058,12980,1.970,1.510,0.860,5,0,484.500,0,0,14,95,0,24,0
13-03 13:25:45,42.428,24.958,31.946,0,0,2849320,118556,169308,4798984,4545.339,1293.819,79.865,798.654,4.992,48.918,8727,11299,1.970,1.510,0.860,3,0,492.170,0,0,14,95,0,24,0
13-03 13:25:46,50.180,17.814,31.363,0.251,0,2940368,161416,169316,4668072,3253.671,704.527,3002.771,682.448,34.122,30.108,6260,8634,3.170,1.770,0.950,4,0,254.914,0,0,14,98,0,23,0
13-03 13:25:47,50.975,10.245,37.481,0,0,3069588,164400,169340,4538708,4917.553,1619.194,3.998,895.554,1.000,50.975,4677,7211,3.170,1.770,0.950,4,0,8.996,0,0,14,100,0,26,0
13-03 13:25:48,12.513,19.019,67.319,0.501,0,3092680,140152,169340,4539836,4550.648,1567.601,12.012,4368.462,3.003,254.260,6652,6639,3.170,1.770,0.950,2,0,360.368,0,0,14,103,0,27,0
13-03 13:25:49,7.750,19.250,71.251,0,0,3104104,128692,169340,4539872,4832.055,1602.018,0,0,0,0,5730,4138,3.170,1.770,0.950,1,0,350.004,0,0,14,103,0,27,0
13-03 13:25:50,9.757,17.762,71.048,0.250,0,3108892,135920,169340,4528028,5466.689,1567.057,4.003,156.105,1.001,13.009,4989,3736,3.170,1.770,0.950,2,0,281.190,0,0,14,103,0,26,0
13-03 13:25:51,18.454,2.993,77.558,0,0,3158372,140452,169340,4475400,7042.577,3887.383,11.970,39.901,1.995,3.990,1783,1429,3,1.750,0.950,2,0,0,0,0,14,104,0,26,0
13-03 13:25:52,18.548,5.263,74.691,0.251,0,3134116,164676,169340,4475432,25411.142,21972.327,8.021,184.473,2.005,13.033,3199,2991,3,1.750,0.950,1,0,63.162,0,0,14,105,0,27,0
13-03 13:25:53,19.930,3.986,74.986,0,0,3158304,140484,169340,4475436,5888.236,3573.399,0,446.426,0,17.937,1890,1397,3,1.750,0.950,0,0,0.996,0,0,14,108,0,27,0
13-03 13:25:54,18.008,2.751,78.033,0.250,0,3162320,136452,169344,4475452,9686.147,6196.653,0,500.214,0,43.018,2605,2767,3,1.750,0.950,1,0,2.001,0,0,14,112,0,25,0
13-03 13:25:55,24.296,5.761,66.625,1.503,0,3171388,125684,169352,4477112,4557.538,1514.838,1206.260,4091.666,33.062,371.696,5675,8505,3,1.750,0.950,1,0,5.009,0,0,14,119,0,25,0
13-03 13:25:56,20.459,10.729,65.869,1.248,0,3115716,181288,169352,4477180,5753.519,2380.250,0,4015.986,0,273.454,5031,5785,3,1.780,0.960,1,0,112.775,0,0,14,122,0,27,0
13-03 13:25:57,31.252,8.250,60.253,0,0,3264124,163132,169356,4350076,6667.325,3656.178,0,3188.156,0,22.001,3058,2131,3,1.780,0.960,2,0,9.000,0,0,14,125,0,27,0
13-03 13:25:58,23.294,3.256,71.887,0.501,0.250,3267440,159884,169356,4350024,9867.796,6769.895,40.076,12127.099,4.008,655.248,3028,3340,3,1.780,0.960,0,0,3.006,0,0,14,129,0,25,0
13-03 13:25:59,19.756,4.751,72.522,0.500,0,3280180,147032,169436,4350056,7186.186,2674.814,76.023,1056.321,4.001,127.039,4654,6339,3,1.780,0.960,3,0,5.002,0,0,14,131,0,25,0
13-03 13:26:00,39.879,11.964,47.356,0.498,0,3324556,167264,169436,4287104,5532.153,2320.932,0,582.227,0,52.839,4128,3144,3,1.780,0.960,2,0,95.709,0,0,14,130,0,26,0
13-03 13:26:01,31.011,5.002,63.273,0,0,3391184,163884,169440,4225476,26237.609,23115.465,184.067,324.119,2.001,15.005,2581,1708,2.840,1.760,0.960,1,0,0,0,0,14,131,0,26,0
13-03 13:26:02,19.752,7.251,72.507,0.250,0,3414456,140584,169440,4225488,4580.442,1320.127,0,1304.126,0,76.007,2445,1920,2.840,1.760,0.960,2,0,55.005,0,0,14,130,0,21,0
13-03 13:26:03,16.998,2.250,78.740,0.250,0,3414904,140120,169440,4225504,29260.224,23979.905,7.999,115.985,2.000,12.998,2014,1743,2.840,1.760,0.960,2,0,0,0,0,14,130,0,21,1
13-03 13:26:04,20.315,6.772,72.985,0,0,3403016,151992,169440,4225520,5190.729,1757.665,0,0,0,0,2446,1702,2.840,1.760,0.960,1,0,52.168,0,0,14,130,0,22,0
13-03 13:26:05,16.201,1.745,80.008,0,0,3400892,154100,169440,4225536,12779.410,7906.126,3.988,83.747,0.997,7.976,1852,1508,2.840,1.760,0.960,1,0,0,0,0,14,131,0,22,0
13-03 13:26:06,18.493,8.747,69.723,0.750,0,3355276,199680,169440,4225572,5855.742,2874.891,3.998,2067.203,1.000,172.933,4091,4376,2.690,1.750,0.960,1,0,81.968,0,0,14,130,0,23,0
13-03 13:26:07,26.583,5.267,67.963,0,0,3400248,154640,169440,4225640,7236.718,4017.613,0,316.995,0,29.091,6239,10858,2.690,1.750,0.960,1,0,31.098,0,0,14,139,0,26,0
13-03 13:26:08,17.702,6.981,73.801,0.249,0,3355004,199732,169440,4225792,24853.017,21645.661,0,255.312,0,15.957,2644,2004,2.690,1.750,0.960,1,0,54.852,0,0,14,138,0,27,0
13-03 13:26:09,18.249,2.750,78.248,0,0,3399524,155208,169440,4225796,10807.657,7332.767,0,12.000,0,1.000,1752,1364,2.690,1.750,0.960,1,0,0,0,0,14,139,0,27,0
13-03 13:26:10,21.251,4.000,71.002,1.250,0,3404608,150008,169440,4225912,5954.147,2629.065,0,1552.038,0,229.006,5380,7977,2.690,1.750,0.960,1,0,1.000,0,0,14,142,0,27,0
13-03 13:26:11,20.486,7.995,68.954,0.749,0.250,3408884,145688,169440,4225956,5898.059,2696.198,0,1942.702,0,178.880,5024,6400,2.550,1.740,0.960,1,0,52.965,0,0,14,141,0,29,0
13-03 13:26:12,18.495,3.249,76.980,0.250,0,3449388,167860,169440,4164772,4551.806,2965.222,0,571.850,0,37.990,1872,1552,2.550,1.740,0.960,0,0,0,0,0,14,142,0,29,0
13-03 13:26:13,19.004,2.751,77.018,0.500,0,3445764,171456,169440,4164800,11601.653,8679.985,12.003,4176.955,3.001,311.071,2759,3060,2.550,1.740,0.960,0,0,1.000,0,0,14,142,0,29,0
13-03 13:26:14,23.512,5.753,68.035,1.251,0,3446672,170496,169440,4164836,4607.370,1058.544,0,5682.923,0,281.145,5133,7458,2.550,1.740,0.960,1,0,2.001,0,0,14,142,0,29,0
13-03 13:26:15,31.270,7.505,59.288,0.500,0,3395060,221848,169440,4165096,5150.304,1947.249,8.005,1733.112,2.001,139.089,5750,7840,2.550,1.740,0.960,1,0,69.044,0,0,14,141,0,30,0
13-03 13:26:16,18.735,2.248,77.687,0,0,3440104,176800,169440,4165100,6584.660,6871.427,0,487.605,0,22.981,1771,1460,2.430,1.720,0.960,3,0,0,0,0,14,142,0,30,0
13-03 13:26:17,18.728,2.247,76.660,0.749,0,3440240,176632,169440,4165132,11693.258,5408.644,0,1094.713,0,122.856,3136,3849,2.430,1.720,0.960,1,0,0,0,0,14,143,0,31,0
13-03 13:26:18,17.274,11.516,70.097,0.501,0,3469284,147576,169440,4165144,5253.293,1622.252,0,3332.627,0,328.456,3453,2637,2.430,1.720,0.960,2,0,147.204,0,0,14,143,0,31,0
13-03 13:26:19,16.497,2.250,79.737,0,0,3488608,128244,169444,4165148,13083.795,9557.389,0,523.912,0,27.995,1896,1691,2.430,1.720,0.960,2,0,0,0,0,14,144,0,31,0
13-03 13:26:20,20.001,4.500,73.004,0.750,0,3485780,131044,169448,4165172,8462.506,5007.299,0,3572.213,0,264.016,5278,7791,2.430,1.720,0.960,2,0,0,0,0,14,144,0,31,0
13-03 13:26:21,28.547,9.015,59.097,1.002,0,3486452,129712,169460,4165788,4799.859,1622.657,604.991,909.489,114.187,86.141,7905,11762,2.310,1.710,0.960,3,0,4.007,0,0,14,148,0,31,0
13-03 13:26:22,40.429,15.722,41.177,0.250,0,3409344,206464,169460,4166128,6632.287,3531.763,0,1525.306,0,144.744,13062,20116,2.310,1.710,0.960,6,0,285.496,0,0,14,147,0,32,0
13-03 13:26:23,21.476,3.996,73.668,0,0,3444064,171684,169460,4166140,5497.901,3090.572,0,451.499,0,22.975,1960,1591,2.310,1.710,0.960,1,0,0,0,0,14,148,0,32,0
13-03 13:26:24,17.502,5.501,76.258,0.250,0,3432708,183028,169464,4166148,11518.199,7702.802,0,480.050,0,32.003,2696,2292,2.310,1.710,0.960,1,0,50.005,0,0,14,147,0,33,0
13-03 13:26:25,8.272,20.805,68.432,0.251,0,3425068,190636,169464,4166180,4404.726,1461.892,0,457.217,0,26.069,5193,3728,2.310,1.710,0.960,1,0,285.761,0,0,14,147,0,33,0
13-03 13:26:26,9.267,21.539,68.374,0,0,3374852,240824,169464,4166208,4147.546,1622.953,0,388.707,0,26.047,5518,3954,2.210,1.700,0.960,2,0,305.556,0,0,14,147,0,33,0
13-03 13:26:27,22.743,17.245,58.732,0,0,3398736,216928,169464,4166228,3856.801,1457.547,0,1535.523,0,90.972,6567,7638,2.210,1.700,0.960,2,0,284.911,0,0,14,147,0,33,0
13-03 13:26:28,31.268,23.513,44.775,0,0,3453776,161692,169464,4166420,3782.149,1690.961,20.011,900.512,2.001,38.022,6678,5930,2.210,1.700,0.960,2,0,521.296,0,0,14,147,0,33,0
13-03 13:26:29,32.500,16.250,49.750,0.500,0,3496496,180376,169480,4106832,4467.983,1619.994,36.000,939.996,3.000,50.000,7734,10837,2.210,1.700,0.960,3,0,254.999,0,0,16,153,0,33,0
13-03 13:26:30,58.906,26.458,14.227,0,0,3663252,163852,169488,3959060,4108.420,1455.669,47.923,543.130,4.992,37.939,8471,12595,2.210,1.700,0.960,3,0,581.069,0,0,16,159,0,33,0
13-03 13:26:31,57.731,21.493,18.994,0,0,3748072,177512,169492,3861924,4858.401,1619.467,27.991,443.854,3.999,32.989,7624,12138,2.350,1.740,0.980,5,0,361.881,0,0,16,175,0,33,0
13-03 13:26:32,37.825,22.294,39.829,0.250,0,3818692,150568,169492,3818528,5007.928,1551.075,0,468.930,0,10.020,8021,8647,2.350,1.740,0.980,5,0,488.969,0,0,16,175,0,33,0
13-03 13:26:33,24.730,23.481,50.459,0,0,3860356,160832,169492,3767428,5755.275,1618.671,0,415.659,0,17.985,6545,5474,2.350,1.740,0.980,2,0,516.576,0,0,17,175,0,33,0
13-03 13:26:34,20.490,15.242,62.968,0,0,3871240,149944,169496,3767444,5295.310,1457.260,3.998,10438.698,0.999,844.571,7165,8601,2.350,1.740,0.980,2,0,245.875,0,0,17,175,0,33,0
13-03 13:26:35,30.009,24.507,44.514,0.250,0,3929188,146448,169496,3714280,5718.738,1662.505,16.005,364.111,4.001,30.009,7005,6062,2.350,1.740,0.980,4,0,542.165,0,0,17,175,0,33,0
13-03 13:26:36,44.843,20.428,33.383,0.249,0,4006640,141700,169508,3643268,5141.968,1684.094,195.315,4117.561,10.962,205.280,7654,18946,2.320,1.740,0.980,8,0,278.025,0,0,17,185,0,34,0
13-03 13:26:37,32.353,27.587,39.124,0,0,4095900,129976,169508,3567544,4903.551,1625.154,192.611,670.125,8.025,41.130,7784,9394,2.320,1.740,0.980,2,0,529.680,0,0,17,187,0,34,0
13-03 13:26:38,29.175,27.430,41.643,0.249,0,4176712,152176,169508,3466852,4428.672,1615.867,19.949,678.265,4.987,53.862,8383,10687,2.320,1.740,0.980,1,0,506.704,0,0,17,193,0,34,0
13-03 13:26:39,9.257,21.015,67.799,0.250,0,4177712,150984,169508,3467012,4341.123,1501.080,0,508.366,0,41.030,5675,4581,2.320,1.740,0.980,3,0,303.218,0,0,17,199,0,31,0
13-03 13:26:40,16.236,17.985,64.196,0,0,4174476,154200,169508,3467484,4573.187,1618.650,0,563.530,0,32.973,7410,9420,2.320,1.740,0.980,1,0,311.740,0,0,17,199,0,31,0
13-03 13:26:41,35.491,12.997,49.987,0.500,0,4267388,146152,169508,3384012,4636.821,1457.629,315.920,559.858,6.998,49.987,4535,3935,2.300,1.750,0.990,2,0,124.968,0,0,17,215,0,31,0
13-03 13:26:42,44.258,9.502,45.259,0,0,4392296,140220,169508,3267220,4380.824,1620.305,252.047,216.041,8.002,21.004,3503,2317,2.300,1.750,0.990,2,0,2.000,0,0,17,215,0,31,0
13-03 13:26:43,34.868,8.027,56.189,0.251,0,4324892,269328,169512,3207576,4695.829,1715.784,80.271,421.421,6.020,35.118,3837,3086,2.300,1.750,0.990,1,0,48.162,0,0,17,218,0,29,0
13-03 13:26:44,36.697,25.214,37.196,0.250,0,4404648,187676,169516,3209468,4691.220,1455.896,914.678,1250.193,8.987,139.798,8857,10546,2.300,1.750,0.990,2,0,589.149,0,0,17,219,0,30,0
13-03 13:26:45,36.171,23.698,38.665,0,0,4447716,143592,169520,3210836,13414.578,9519.122,722.416,498.906,13.969,31.930,7942,10284,2.300,1.750,0.990,5,0,491.921,0,0,17,228,0,30,0
13-03 13:26:46,65.090,17.274,17.274,0,0,4511196,153756,169532,3138624,5314.339,2226.074,516.714,1201.659,15.021,29.040,5387,5641,2.670,1.830,1.020,3,0,156.216,0,0,17,234,0,31,0
13-03 13:26:47,63.378,13.724,20.461,0.998,0,4637252,143036,169568,3026960,12100.749,9645.466,2946.339,391.248,119.770,19.962,5105,4223,2.670,1.830,1.020,4,1,27.946,0,0,17,239,0,21,0
13-03 13:26:48,55.208,14.806,25.597,3.764,0,4648524,166104,169628,2993544,8479.976,4397.582,4842.259,2674.083,406.533,158.598,7612,9948,2.670,1.830,1.020,3,0,168.636,0,0,17,241,0,28,2
13-03 13:26:49,34.251,24.751,39.751,0,0,4696432,157920,169632,2955680,11580.246,7333.156,0,288.006,0,18.000,8376,9869,2.670,1.830,1.020,10,0,541.011,0,0,17,242,0,28,2
13-03 13:26:50,43.461,18.733,36.218,0.250,0,4661800,205824,169636,2942148,10523.615,6879.864,51.954,9003.970,5.995,56.949,7600,9320,2.670,1.830,1.020,4,0,251.775,0,0,17,243,0,29,0
13-03 13:26:51,54.050,27.776,16.515,0,0,4756060,235576,169640,2821248,5256.849,3082.843,32.030,424.391,1.001,23.021,6846,6863,2.700,1.850,1.030,3,0,497.459,0,0,17,244,0,28,0
13-03 13:26:52,54.893,20.710,22.207,0.499,0,4841460,145536,169660,2825852,14314.126,10941.693,1141.777,1209.644,55.891,69.864,9913,16598,2.700,1.850,1.030,4,0,264.485,0,0,17,251,0,32,0
13-03 13:26:53,57.580,26.787,15.522,0,0,4861256,124108,169660,2827472,4366.055,1712.375,0,4406.111,0,52.072,6991,7347,2.700,1.850,1.030,5,0,545.757,0,0,17,251,0,32,0
13-03 13:26:54,48.554,20.273,29.033,0.501,0,4892044,153916,169672,2768176,11422.808,8939.023,592.665,13943.634,34.038,1130.267,10005,15743,2.700,1.850,1.030,2,0,275.309,0,0,17,260,0,33,0
13-03 13:26:55,63.932,16.732,18.980,0,0,4983360,124144,169676,2708036,8557.867,4091.634,15.983,871.070,3.996,39.957,5495,4862,2.700,1.850,1.030,4,0,104.888,0,0,17,259,0,33,0
13-03 13:26:56,58.195,11.989,28.473,0.749,0,5082304,120324,169680,2615252,17333.640,13912.868,1774.325,615.419,78.926,28.973,7745,16142,3.210,1.970,1.080,3,0,3.996,0,0,17,266,0,34,0
13-03 13:26:57,54.083,12.018,32.550,0,0,5078348,199724,169680,2541928,12616.248,9010.747,1318.011,993.516,31.047,89.136,6910,8547,3.210,1.970,1.080,3,0,30.046,0,0,17,269,0,40,0
13-03 13:26:58,48.490,27.244,23.245,1.000,0,5100252,173880,169944,2545524,7097.537,3585.261,4415.090,1526.685,74.985,87.982,7919,8289,3.210,1.970,1.080,2,0,487.899,0,0,17,272,0,40,0
13-03 13:26:59,47.936,26.215,23.968,0,0,5040736,232884,169944,2546476,15637.203,10506.027,1054.597,619.176,9.987,39.947,8322,10298,3.210,1.970,1.080,5,0,389.482,0,0,17,271,0,41,0
13-03 13:27:00,64.989,21.746,12.498,0.250,0,5129908,143624,169952,2546512,6510.858,3477.390,527.907,899.842,6.999,32.994,6079,6273,3.210,1.970,1.080,3,0,243.957,0,0,18,277,0,39,0
13-03 13:27:01,72.239,13.700,11.708,0.747,0,5219736,142840,169952,2460296,13895.727,10370.481,2985.200,741.318,129.531,40.852,5640,4371,3.270,2.010,1.090,4,0,12.953,0,0,18,276,0,40,0
13-03 13:27:02,85.039,13.295,1.756,0,0,5306332,135844,169984,2383840,4292.580,1234.192,1593.412,1497.085,59.201,90.307,6453,6029,3.270,2.010,1.090,5,0,19.065,0,0,18,286,0,40,0
13-03 13:27:03,46.138,17.458,34.915,0.998,0,5328556,138676,169992,2359552,15016.535,12482.688,1157.190,1791.649,35.913,199.516,7858,11421,3.270,2.010,1.090,1,0,217.472,0,0,18,289,0,42,0
13-03 13:27:04,38.839,10.775,49.363,0,0,5313588,153516,170012,2359660,15689.920,4773.929,837.918,625.432,14.032,50.115,4266,4237,3.270,2.010,1.090,3,0,16.037,0,0,18,294,0,40,0
13-03 13:27:05,39.351,11.780,47.622,0.251,0,5316076,160276,170012,2351064,16599490.617,131011.779,769.979,930.392,6.015,26.067,8438,4320,3.270,2.010,1.090,2,0,73.188,0,0,18,293,0,40,0
13-03 13:27:06,39.230,15.992,43.478,0.500,0,5306220,167744,170016,2353448,8316.858,4622.698,2542.734,695.654,27.986,56.972,5356,5063,3.330,2.040,1.110,2,0,198.901,0,0,18,292,0,41,0
13-03 13:27:07,35.906,5.486,56.852,0,0,5370932,134000,170016,2323508,17047.580,15175.458,0,514.659,0,43.886,3370,2756,3.330,2.040,1.110,1,0,2.992,0,0,18,300,0,42,0
13-03 13:27:08,31.304,4.508,62.108,0.501,0.250,5302496,201508,170016,2324440,40566.475,1208206.971,609.058,897.559,26.045,93.162,5746,7307,3.330,2.040,1.110,3,0,6.010,0,0,18,302,0,40,0
13-03 13:27:09,25.163,4.235,68.264,0.747,0,5372308,131692,170016,2324444,385704.412,15149939.062,0,3619.504,0,210.274,4945,3457,3.330,2.040,1.110,2,0,0,0,0,18,302,0,40,0
13-03 13:27:10,11.797,1.757,84.838,0.502,0,5372332,131636,170016,2324476,15535.830,12345.132,16.064,413.646,1.004,39.156,2415,2775,3.330,2.040,1.110,2,0,0,0,0,18,302,0,40,1
13-03 13:27:11,6.720,3.485,88.113,0,0,5311472,192492,170016,2324480,4910.428,1678.626,0,10481.952,0,37.834,2010,2088,3.060,2.010,1.100,0,0,36.838,0,0,18,302,0,41,0
13-03 13:27:12,24.625,6.031,65.582,0.251,0,5298420,189452,170028,2340528,17157455.374,292022.111,32.163,502.547,1.005,43.219,23006,13581,3.060,2.010,1.100,3,0,1.005,0,0,18,307,0,38,0
13-03 13:27:13,13.732,15.729,68.660,0.250,0,5240740,247000,170028,2340656,7339.329,4679.834,59.921,755.005,3.995,65.913,5171,4627,3.060,2.010,1.100,2,0,228.699,0,0,18,304,0,41,0
13-03 13:27:14,16.447,12.709,68.032,0,0,5291832,195844,170028,2340688,5101.631,1495.203,3.987,2846.866,0.997,40.869,4669,4444,3.060,2.010,1.100,1,0,239.232,0,0,18,306,0,41,0
13-03 13:27:15,17.797,10.277,70.437,0.501,0,5269372,218228,170032,2340760,5190.790,1624.315,0,27448.924,0,1093.906,4154,3280,3.060,2.010,1.100,1,0,157.418,0,0,18,306,0,41,0
13-03 13:27:16,8.003,19.757,70.524,0.250,0,5271628,215936,170032,2340796,5309.811,1458.497,0,156.053,0,9.003,5647,4557,2.980,2.010,1.110,1,0,317.108,0,0,18,306,0,40,0
13-03 13:27:17,6.478,12.956,79.234,0.249,0,5273660,213868,170032,2340832,4110.193,861.107,11.960,1060.438,0.997,67.772,4015,3720,2.980,2.010,1.110,0,0,194.347,0,0,18,306,0,40,0
13-03 13:27:18,10.001,3.500,85.505,0,0,5308940,178588,170032,2340832,4716.265,1296.073,0,132.007,0,13.001,1865,2082,2.980,2.010,1.110,2,0,9.001,0,0,18,306,0,40,0
13-03 13:27:19,19.585,2.260,76.834,0,0,5338940,148580,170032,2340840,11148.510,7365.048,0,40.175,0,4.017,2168,1915,2.980,2.010,1.110,1,0,0,0,0,18,307,0,40,0
13-03 13:27:20,14.194,11.953,72.213,0,0,5313948,173452,170032,2340976,8143.687,4821.867,71.715,1792.886,5.976,211.162,4854,4218,2.980,2.010,1.110,1,0,175.304,0,0,18,310,0,40,0
13-03 13:27:21,11.513,17.019,69.578,0,0,5308880,178240,170032,2341224,5123.742,1459.636,0,0,0,0,5237,4115,2.820,1.990,1.110,1,0,197.221,0,0,18,310,0,40,0
13-03 13:27:22,11.738,16.982,69.926,0,0,5306736,180140,170032,2341480,4914.799,1618.288,19.979,135.856,1.998,10.988,5650,4624,2.820,1.990,1.110,1,0,227.759,0,0,18,310,0,40,0
13-03 13:27:23,24.006,5.251,69.517,0.500,0,5338652,148216,170032,2341488,5031.259,1350.338,0,732.183,0,79.020,2930,2901,2.820,1.990,1.110,1,0,5.001,0,0,18,318,0,40,0
13-03 13:27:24,24.002,4.000,70.755,0.500,0,5373536,143936,170032,2312084,3108.199,760.049,420.027,268.017,14.001,25.002,2679,2540,2.820,1.990,1.110,1,0,5.000,0,0,18,322,0,39,0
13-03 13:27:25,24.499,3.250,71.248,0.250,0,5298864,218276,170032,2312416,5042.848,1565.953,39.999,315.990,5.000,25.999,2590,2491,2.820,1.990,1.110,1,0,5.000,0,0,18,318,0,39,0
13-03 13:27:26,22.740,3.998,71.719,0,0,5358840,158300,170032,2312416,4949.891,1511.356,0,191.918,0,8.996,2345,2069,2.670,1.970,1.100,3,0,1.000,0,0,18,318,0,39,0
13-03 13:27:27,12.998,2.250,83.485,0,0,5368136,148976,170032,2312444,17579.941,14731.437,15.997,123.978,1.000,8.998,2448,2467,2.670,1.970,1.100,1,0,2.000,0,0,18,321,0,40,0
13-03 13:27:28,20.765,3.503,73.555,0,0,5267360,249744,170032,2312452,10508.828,7254.404,0,252.188,0,25.019,2925,2835,2.670,1.970,1.100,1,0,17.013,0,0,18,318,0,40,0
13-03 13:27:29,23.727,3.497,71.680,0.250,0,5318260,198840,170032,2312456,4735.399,1618.427,0,223.783,0,21.979,2303,2098,2.670,1.970,1.100,1,0,0.999,0,0,18,318,0,40,0
13-03 13:27:30,16.045,13.036,70.195,0.251,0,5303184,213736,170036,2312632,4678.023,1462.070,389.083,505.407,4.011,31.087,4396,3626,2.670,1.970,1.100,1,0,206.575,0,0,18,318,0,40,0
13-03 13:27:31,11.976,16.966,69.112,0,0,5315532,201212,170036,2312808,4702.636,1508.995,43.913,139.722,3.992,5.988,5572,4702,2.540,1.950,1.100,1,0,376.251,0,0,18,318,0,40,0
13-03 13:27:32,20.487,3.748,74.204,0,0,5351956,164720,170064,2312848,8737.636,2524.450,31.980,211.870,0.999,15.990,2671,2523,2.540,1.950,1.100,0,0,32.980,0,0,18,319,0,40,0
13-03 13:27:33,23.503,3.501,71.511,0.250,0,5378400,132172,170324,2318584,6882.012,2632.387,0,1492.219,0,38.006,2632,2451,2.540,1.950,1.100,1,0,2.000,0,0,18,318,0,40,0
13-03 13:27:34,19.752,4.251,75.259,0,0,5338708,201588,170328,2289680,11985.452,4399.533,4.000,408.049,1.000,15.002,2406,2183,2.540,1.950,1.100,1,0,19.002,0,0,18,321,0,40,0
13-03 13:27:35,22.853,7.032,68.309,0.251,0,5332460,202316,170840,2294540,6086.511,1844.337,385.744,17708.041,15.068,51.232,10785,19098,2.540,1.950,1.100,2,0,14.064,0,0,18,320,0,40,0
13-03 13:27:36,19.495,5.748,72.480,0,0,5311692,222788,170888,2294648,12468.636,4463.796,0,4354.825,0,404.891,8729,20052,2.330,1.920,1.100,2,0,42.988,0,0,18,321,0,40,0
13-03 13:27:37,21.191,5.983,70.804,0.249,0,5310348,223828,170940,2295004,5085.917,1615.527,7.978,642.222,1.994,14.959,5577,8164,2.330,1.920,1.100,2,0,15.956,0,0,18,321,0,40,0
13-03 13:27:38,15.968,12.226,70.360,0.250,0,5288184,256044,171028,2284924,4864.290,1724.558,0,1113.777,0,32.934,4611,4231,2.330,1.920,1.100,1,0,267.466,0,0,18,320,0,40,0
13-03 13:27:39,23.228,2.747,72.433,0,0,5332572,211468,171028,2285112,5361.016,1927.208,0,75.929,0,5.994,2186,1771,2.330,1.920,1.100,1,0,0,0,0,18,321,0,40,0
13-03 13:27:40,16.818,5.020,77.314,0,0,5316928,227060,171028,2285164,14487.880,11203.532,32.131,0,3.012,0,3007,2623,2.330,1.920,1.100,3,0,64.261,0,0,18,320,0,43,0
13-03 13:27:41,21.675,4.983,71.504,0,0,5330276,213704,171028,2285172,4442.699,1452.996,0,3.986,0,0.997,2644,2350,2.230,1.910,1.100,1,0,51.822,0,0,18,320,0,43,0
13-03 13:27:42,17.096,5.783,77.436,0,0,5308532,235408,171028,2285212,13589.494,10301.989,32.181,136.770,1.006,9.051,3094,2921,2.230,1.910,1.100,1,0,70.396,0,0,18,320,0,44,0
13-03 13:27:43,23.132,3.731,70.889,0.497,0.249,5375488,168428,171028,2285236,5362.715,2903.229,15.919,302.461,0.995,29.848,2714,2516,2.230,1.910,1.100,0,0,0.995,0,0,18,321,0,44,0
13-03 13:27:44,20.761,7.004,71.037,0,0,5301612,242156,171028,2285384,16859.777,13258.902,0,284.148,0,26.014,5329,6645,2.230,1.910,1.100,2,0,59.031,0,0,18,322,0,45,0
13-03 13:27:45,24.714,4.244,68.899,0.250,0,5334732,208892,171028,2285528,6356.688,3580.755,0,411.397,0,26.961,3074,2889,2.230,1.910,1.100,0,0,0.999,0,0,18,325,0,44,0
13-03 13:27:46,17.598,4.274,76.928,0.251,0,5325556,218052,171028,2285544,13033.522,9767.348,0,148.828,0,10.056,2844,2563,2.130,1.890,1.100,1,0,32.179,0,0,18,324,0,47,0
13-03 13:27:47,22.650,3.982,71.933,0,0,5380808,162800,171028,2285544,5265.824,2296.891,0,175.229,0,11.947,2386,2024,2.130,1.890,1.100,0,0,0,0,0,18,325,0,47,0
13-03 13:27:48,12.994,1.999,84.208,0,0,5376880,166712,171028,2285560,15049.473,11758.119,0,411.794,0,29.985,2374,2644,2.130,1.890,1.100,2,0,0,0,0,18,324,0,47,1
13-03 13:27:49,22.103,6.028,71.836,0,0,5393312,150272,171028,2285568,5750.909,1042.880,0,1896.876,0,316.481,3106,2532,2.130,1.890,1.100,1,0,49.230,0,0,18,324,0,40,0
13-03 13:27:50,16.456,2.244,80.037,0,0,5387920,155652,171028,2285580,15296.198,11324.792,0,187.500,0,11.968,2350,2300,2.130,1.890,1.100,3,0,0,0,0,18,324,0,43,0
13-03 13:27:51,22.317,4.764,71.715,0.251,0,5376036,167548,171028,2285584,5087.253,1516.547,0,2551.651,0,184.553,2684,2271,2.040,1.880,1.090,1,0,32.096,0,0,18,324,0,43,0
13-03 13:27:52,14.187,2.240,81.139,0,0,5375596,167968,171028,2285604,14004.682,11372.395,0,326.547,0,39.823,2579,3013,2.040,1.880,1.090,0,0,0,0,0,18,325,0,43,0
13-03 13:27:53,11.498,9.249,76.738,1.750,0,5305928,236412,171572,2286284,7187.885,4137.358,1123.826,459.929,250.961,43.993,4382,4618,2.040,1.880,1.090,2,0,179.972,0,0,18,326,0,39,0
13-03 13:27:54,3.762,2.257,91.790,0.251,0,5291788,250448,171572,2286388,18456.367,3815.065,80.254,401.269,5.016,35.111,2121,2630,2.040,1.880,1.090,1,0,32.102,0,0,18,324,0,40,0
13-03 13:27:55,4.735,5.482,87.716,0.249,0,5302544,239656,171572,2286424,10553.879,4879.226,0,366.814,0,19.936,2659,2731,2.040,1.880,1.090,1,0,95.691,0,0,18,326,0,40,2
13-03 13:27:56,13.803,13.301,70.772,0,0,5315720,226192,171576,2286692,4892.782,1746.705,212.817,469.803,22.085,27.104,4405,3722,1.950,1.860,1.090,1,0,210.809,0,0,18,326,0,41,0
13-03 13:27:57,20.687,4.736,71.034,2.991,0,5346632,178072,171924,2303472,4604.025,1507.424,6420.512,913.228,457.611,14.955,3103,3286,1.950,1.860,1.090,1,0,8.973,0,0,18,326,0,34,0
13-03 13:27:58,15.548,2.508,81.001,0.251,0,5310136,210712,171996,2307160,16201.225,6081.854,4.012,1199.719,1.003,44.137,2338,2358,1.950,1.860,1.090,1,0,19.059,0,0,18,326,0,34,0
13-03 13:27:59,13.763,14.513,69.313,1.251,0,5280204,237624,172000,2310144,4970.553,1567.436,1169.071,5693.215,18.017,228.209,6040,6279,1.950,1.860,1.090,2,0,299.274,0,0,18,326,0,34,0
13-03 13:28:00,22.143,4.229,71.901,0,0,5342420,175408,172000,2310144,5138.061,1725.624,0,318.454,0,17.913,2298,2045,1.950,1.860,1.090,0,0,2.986,0,0,18,326,1,34,0
13-03 13:28:01,16.011,4.253,78.302,0,0,5338268,179532,172000,2310172,27195.974,23950.829,0,172.114,0,5.003,2790,2543,1.880,1.850,1.090,1,0,47.031,0,0,18,326,0,33,0
13-03 13:28:02,22.237,4.248,72.209,0.250,0,5379544,138216,172000,2310212,5608.798,3148.203,31.982,211.879,0.999,24.986,2581,2491,1.880,1.850,1.090,0,0,0,0,0,18,327,0,33,0
13-03 13:28:03,18.016,3.253,77.068,0.250,0,5332792,184584,172000,2310596,15326.565,9106.059,368.326,368.326,22.019,38.034,3000,3048,1.880,1.850,1.090,1,0,14.012,0,0,18,326,0,35,0
13-03 13:28:04,20.233,3.497,75.186,0.250,0,5391996,125376,172000,2310600,6951.129,3151.338,0,151.872,0,13.988,2364,2134,1.880,1.850,1.090,0,0,0.999,0,0,18,327,0,35,0
13-03 13:28:05,22.001,4.000,71.254,0.750,0,5386092,160368,172000,2282496,11383.562,7174.354,1872.092,1236.061,68.003,170.008,5130,7469,1.880,1.850,1.090,1,0,2.000,0,0,18,328,0,32,0
13-03 13:28:06,23.079,3.512,73.000,0.251,0,5385184,161276,172000,2282496,4441.213,1571.383,0,698.392,0,32.110,2326,2145,1.810,1.830,1.090,1,0,5.017,0,0,18,328,0,32,0
13-03 13:28:07,15.450,1.495,81.489,0.249,0,5388188,158260,172000,2282508,13578.458,10702.680,0,494.415,0,23.923,2283,2311,1.810,1.830,1.090,0,0,0,0,0,18,329,0,32,0
13-03 13:28:08,19.573,9.786,69.007,0.753,0,5288520,257804,172004,2282628,6749.157,3163.793,64.239,3400.676,3.011,458.710,6138,7861,1.810,1.830,1.090,1,0,136.509,0,0,18,328,0,33,0
13-03 13:28:09,9.505,22.262,67.038,0,0,5285600,260692,172004,2282660,3656.053,1134.637,0,576.324,0,38.021,7341,6870,1.810,1.830,1.090,2,0,690.388,0,0,18,328,0,29,0
13-03 13:28:10,8.743,22.983,67.199,0,0,5283292,262964,172004,2282696,4559.541,1564.813,0,543.588,0,45.965,7511,7038,1.810,1.830,1.090,3,0,743.436,0,0,18,328,0,29,0
13-03 13:28:11,8.002,23.005,66.514,0.250,0,5283356,262856,172008,2282736,5073.094,1512.326,0,4492.969,0,178.038,7677,7477,1.740,1.820,1.090,1,0,702.151,0,0,18,328,0,29,0
13-03 13:28:12,7.755,23.264,67.541,0.250,0,5266612,279560,172008,2282776,4728.852,1566.945,0,380.229,0,30.018,7383,7006,1.740,1.820,1.090,1,0,670.404,0,0,18,328,0,29,0
13-03 13:28:13,10.000,22.000,67.000,0.250,0,5280132,265996,172008,2282820,4533.975,1187.994,0,515.997,0,61.000,7616,7405,1.740,1.820,1.090,2,0,704.996,0,0,18,328,0,25,0
13-03 13:28:14,15.674,11.942,70.656,0.249,0,5315880,310732,172108,2212608,4866.286,1397.191,19.903,533.401,1.990,36.821,4380,4319,1.740,1.820,1.090,2,0,228.885,0,0,18,328,0,25,0
13-03 13:28:15,21.516,4.503,72.804,0.250,0,5344420,272684,172312,2221912,5813.331,2726.031,0,2826.106,0,15.011,2496,2199,1.740,1.820,1.090,0,0,17.013,0,0,18,329,0,25,0
13-03 13:28:16,2.999,0.250,95.215,0,0,5344420,272684,172312,2221912,6029.799,3000.905,0,0,0,0,1251,1652,1.600,1.790,1.080,0,0,0,0,0,18,328,0,25,0
13-03 13:28:17,4.749,0.500,93.235,0.250,0,5344416,272684,172316,2221912,6083.052,2700.579,0,399.938,0,14.998,1445,1864,1.600,1.790,1.080,0,0,0,0,0,18,328,0,25,0
13-03 13:28:18,3.999,0.750,93.223,0,0,5344404,272684,172316,2221924,5944.309,2862.186,0,491.860,0,40.988,1596,2251,1.600,1.790,1.080,0,0,0,0,0,18,328,0,25,0
13-03 13:28:19,1.750,0.500,96.021,0,0,5343764,273324,172316,2221924,5493.190,1512.328,0,0,0,0,1172,1607,1.600,1.790,1.080,0,0,0,0,0,18,328,0,25,0
13-03 13:28:20,3.500,1.000,94.751,0,0,5341552,275536,172316,2221924,6009.033,2670.015,0,36.000,0,4.000,1277,1660,1.600,1.790,1.080,1,0,0,0,0,18,329,0,25,0
13-03 13:28:21,2.000,0.750,96.272,0,0,5338572,278516,172316,2221924,5507.236,1705.383,0,3596.807,0,156.035,1287,1625,1.470,1.760,1.080,0,0,0,0,0,18,328,0,24,0
13-03 13:28:22,1.750,0.250,96.004,0,0,5335356,281732,172316,2221924,4388.202,1188.055,0,0,0,0,1161,1623,1.470,1.760,1.080,0,0,0,0,0,18,328,0,24,0
13-03 13:28:23,3.499,0.500,95.220,0.250,0,5332584,284544,172316,2221932,4502.594,1403.562,0,235.926,0,33.989,1512,2163,1.470,1.760,1.080,0,0,0,0,0,18,328,0,24,0
13-03 13:28:24,2.251,1.000,95.285,0.250,0,5330156,286968,172316,2221936,3585.303,864.314,0,268.097,0,23.008,1392,2034,1.470,1.760,1.080,0,0,1.000,0,0,18,328,0,24,0
13-03 13:28:25,10.749,4.499,83.489,0.250,0,5292200,324000,172316,2222860,5116.304,2376.677,919.875,39.995,54.993,4.999,2477,2399,1.470,1.760,1.080,1,0,80.989,0,0,18,328,0,24,0
13-03 13:28:26,20.995,15.497,62.237,0.750,0,5266264,345272,172380,2227164,5908.719,124367.044,2471.464,0,96.979,0,6483,11894,1.440,1.750,1.080,0,0,92.980,0,0,18,328,0,24,0
13-03 13:28:27,1.750,0.750,96.009,0,0,5265816,345720,172380,2227164,4822.452,1242.116,0,9048.848,0,13.001,1229,1663,1.440,1.750,1.080,1,0,0,0,0,18,328,0,24,0
13-03 13:28:28,2.491,0.996,94.161,0.249,0,5247876,363644,172380,2227180,5081.708,1614.189,15.943,5823.039,0.996,688.522,1765,2449,1.440,1.750,1.080,0,0,0.996,0,0,18,328,0,24,0
13-03 13:28:29,12.097,4.536,82.157,0,0,5251116,360396,172380,2227188,4717.735,1633.062,258.064,189.516,2.016,21.169,2219,2317,1.440,1.750,1.080,1,0,6.048,0,0,18,328,0,24,0
13-03 13:28:30,18.909,5.225,73.895,0.249,0,5261588,349920,172380,2227192,5211.995,1723.730,764.333,111.465,5.971,7.962,2638,2178,1.440,1.750,1.080,0,0,6.967,0,0,18,328,0,22,0
13-03 13:28:31,1.751,0.750,96.300,0,0.250,5261588,349920,172380,2227192,4650.434,1458.763,0,108.057,0,8.004,1204,1724,1.320,1.720,1.070,2,0,0,0,0,18,328,0,22,0
13-03 13:28:32,3.249,1.250,94.232,0,0,5261584,349920,172380,2227196,5219.018,1619.695,0,13673.426,0,75.986,1476,1961,1.320,1.720,1.070,1,0,0,0,0,18,328,0,22,0
13-03 13:28:33,3.001,1.000,94.520,0.250,0,5261584,349920,172380,2227196,4753.029,972.211,0,136.029,0,19.004,1510,2103,1.320,1.720,1.070,1,0,0,0,0,18,328,0,22,0
13-03 13:28:34,1.750,0.750,95.732,0,0,5261584,349920,172380,2227196,3753.313,593.891,0,175.968,0,10.998,1231,1804,1.320,1.720,1.070,0,0,1.000,0,0,18,328,0,22,0
13-03 13:28:35,2.749,0.500,94.979,0.250,0,5261564,349936,172380,2227200,5687.760,1511.670,0,139.969,0,17.996,1376,1936,1.320,1.720,1.070,0,0,0,0,0,18,328,0,22,0
13-03 13:28:36,2.502,2.252,94.321,0,0,5256900,354596,172380,2227204,5301.972,1459.093,0,176.132,0,11.008,1453,1897,1.210,1.690,1.070,1,0,16.012,0,0,18,328,0,22,0
13-03 13:28:37,6.496,2.498,89.442,0,0,5242256,369240,172380,2227204,5166.650,1618.950,0,427.723,0,4.997,2171,9331,1.210,1.690,1.070,0,0,21.986,0,0,18,328,0,23,0
13-03 13:28:38,2.250,0.750,95.265,0.500,0,5242236,369240,172380,2227224,4426.711,1566.252,16.003,440.071,1.000,36.006,1487,2203,1.210,1.690,1.070,0,0,0,0,0,18,328,0,22,0
13-03 13:28:39,2.500,0.750,95.006,0,0,5242232,369240,172380,2227228,4712.322,1512.103,0,52.004,0,6.000,1370,1899,1.210,1.690,1.070,0,0,0,0,0,18,328,0,22,0
13-03 13:28:40,2.001,0.500,96.778,0,0,5242232,369240,172380,2227228,4684.362,1566.455,0,4.001,0,1.000,1157,1627,1.210,1.690,1.070,0,0,0,0,0,18,328,0,22,0
13-03 13:28:41,1.749,0.750,95.959,0,0,5242232,369240,172380,2227228,4650.034,1511.361,0,39.983,0,4.998,1257,1756,1.120,1.660,1.060,0,0,0,0,0,18,328,0,22,0
13-03 13:28:42,2.995,1.497,93.087,0.250,0,5242224,369240,172380,2227236,3753.414,1078.108,0,3581.715,0,165.709,1824,2786,1.120,1.660,1.060,1,0,0,0,0,18,328,0,19,0
13-03 13:28:43,3.006,0.501,94.691,0.501,0,5242220,369240,172380,2227240,4008.076,1082.181,0,216.436,0,32.065,1610,2279,1.120,1.660,1.060,0,0,1.002,0,0,18,328,0,19,0
13-03 13:28:44,2.500,0.750,95.495,0.250,0,5242220,369240,172380,2227240,4305.782,1565.921,0,1387.930,0,240.988,1581,2366,1.120,1.660,1.060,0,0,2.000,0,0,18,328,0,19,0
13-03 13:28:45,2.748,0.999,95.189,0,0,5242216,369240,172380,2227244,4725.995,1511.039,0,103.934,0,11.992,1327,1844,1.120,1.660,1.060,0,0,0,0,0,18,328,0,19,0
13-03 13:28:46,5.752,2.751,89.536,0,0,5242868,368484,172380,2227348,4801.921,1620.648,0,0,0,0,3288,5009,1.030,1.630,1.050,0,0,1.000,0,0,18,328,0,16,0
13-03 13:28:47,5.752,1.751,91.784,0,0,5242852,368484,172380,2227364,4579.690,1458.538,0,10771.975,0,78.029,1960,2272,1.030,1.630,1.050,0,0,0,0,0,18,328,0,18,0
13-03 13:28:48,2.997,0.749,94.159,0.250,0,5242840,368484,172380,2227376,4857.308,1618.437,0,575.444,0,29.971,1861,2639,1.030,1.630,1.050,0,0,0,0,0,18,328,0,18,0
13-03 13:28:49,1.751,0.750,96.034,0,0,5242708,368484,172380,2227508,4213.502,972.347,0,128.046,0,11.004,1231,1718,1.030,1.630,1.050,0,0,0,0,0,18,328,0,18,0
13-03 13:28:50,2.000,0.750,96.006,0,0,5242708,368484,172380,2227508,5463.357,1566.102,0,108.007,0,8.001,1217,1710,1.030,1.630,1.050,1,0,0,0,0,18,328,0,15,0
13-03 13:28:51,1.750,0.750,96.256,0,0,5242708,368484,172380,2227508,4232.283,1512.101,0,204.014,0,14.001,1156,1685,0.940,1.600,1.050,0,0,0,0,0,18,328,0,15,0
13-03 13:28:52,2.500,0.500,95.754,0.500,0,5242704,368484,172380,2227512,4186.187,1566.070,0,104.005,0,13.001,1177,1653,0.940,1.600,1.050,0,0,0,0,0,18,328,0,15,0
13-03 13:28:53,2.500,0.750,95.501,0,0,5242956,368232,172380,2227512,4212.058,1512.021,0,132.002,0,20.000,1377,2019,0.940,1.600,1.050,1,0,0,0,0,18,328,0,15,0
13-03 13:28:54,2.500,0.750,95.502,0,0,5242956,368232,172380,2227512,4786.078,1608.026,0,220.004,0,17.000,1427,2008,0.940,1.600,1.050,1,0,1.000,0,0,18,328,0,11,0
13-03 13:28:55,1.500,0.250,96.264,0.250,0,5242956,368232,172380,2227512,4879.712,1620.236,0,36.005,0,4.001,1166,1641,0.940,1.600,1.050,2,0,0,0,0,18,328,0,11,0
13-03 13:28:56,1.999,1.249,96.436,0,0.250,5242956,368232,172380,2227512,4648.922,1511.000,0,0,0,0,1130,1607,0.870,1.580,1.040,0,0,0,0,0,18,328,0,11,0
13-03 13:28:57,5.230,1.992,90.899,0.249,0,5258552,352860,172380,2227516,132042.029,850.714,0,8790.051,0,467.196,1701,2108,0.870,1.580,1.040,4,0,5.977,0,0,18,328,0,11,0
13-03 13:28:58,12.314,4.775,80.920,0.251,0,5260572,350744,172380,2227612,284413.134,9199.715,116.605,751.900,6.031,45.235,3230,3192,0.870,1.580,1.040,0,0,35.182,0,0,18,328,0,9,0
13-03 13:28:59,12.791,6.270,80.008,0,0.251,5267940,342648,172380,2228340,285641.606,3936.702,4.013,1219.936,1.003,234.757,3044,2711,0.870,1.580,1.040,1,0,31.100,0,0,18,328,0,9,0
