"pcp-dstat 5.3.6 CSV Output"
"Author:","PCP team <pcp@groups.io> and Dag Wieers <dag@wieers.com>",,,,"URL:","https://pcp.io/ and http://dag.wieers.com/home-made/dstat/"
"Host:","jammy-provider-cloud-0000007464",,,,"User:","ubuntu"
"Cmdline:","dstat -tcmndrylpg --tcp --output /tmp/devstack_logs/dstat-csv.log",,,,"Date:","14 Aug 2024 12:09:18 UTC"
"system","total usage",,,,,"memory usage",,,,"net/total",,"dsk/total",,"io/total",,"system",,"load avg",,,"procs",,,"paging",,"tcp sockets",,,,
"time","total usage:usr","total usage:sys","total usage:idl","total usage:wai","total usage:stl","used","free","buf","cach","net/total:recv","net/total:send","dsk/total:read","dsk/total:writ","read","writ","int","csw","1m","5m","15m","run","blk","new","in","out","lis","act","syn","tim","clo"
14-08 12:09:18,,1022140,1816824,165328,4802876,,,,,,,1.880,0.990,0.500,6,0,,,,9,2,4,17,0
14-08 12:09:19,44.203,20.978,35.712,0.250,0,967684,1866364,165356,4807712,2395484.622,28432.634,0,4679.003,0,72.922,4693,6856,1.880,0.990,0.500,5,0,642.314,0,0,9,2,4,17,0
14-08 12:09:20,50.496,16.999,31.247,0,0,974292,1859496,165368,4808048,4470.607,1585.860,0,327.971,0,18.998,5727,9578,1.880,0.990,0.500,4,0,442.961,0,0,9,2,4,17,0
14-08 12:09:21,22.197,9.228,67.839,0.249,0,1076228,1752604,165388,4937288,2392225.993,24391.290,0,2697.617,0,15.962,4661,6640,1.880,0.990,0.500,1,0,51.877,0,0,10,2,4,17,0
14-08 12:09:22,35.750,9.000,55.501,0,0,1114616,1713988,165392,4937456,5100.051,1620.016,0,28.000,0,7.000,1694,2074,1.880,0.990,0.500,3,0,113.001,0,0,10,4,4,17,0
14-08 12:09:23,24.803,9.521,64.389,0.251,0,1157884,1669728,165432,4938404,397396.993,11052.808,80.173,1158.495,1.002,40.086,2259,3400,1.810,0.990,0.500,1,0,175.378,0,0,10,6,4,19,0
14-08 12:09:24,24.457,1.747,73.371,0,0.250,1208700,1617116,165476,4940120,423738.525,10519.444,0,1716.971,0,12.977,1424,1656,1.810,0.990,0.500,2,0,0,0,0,10,6,4,19,0
14-08 12:09:25,20.292,6.012,60.374,11.774,0,1205632,1610960,166212,4948320,150281.777,6563.442,0,34137.914,0,2958.058,10973,24915,1.810,0.990,0.500,3,0,58.119,0,0,10,6,4,19,0
14-08 12:09:26,40.692,6.990,47.183,4.993,0,1171136,1643288,166488,4950084,10867.514,2867.913,0,26414.360,0,2014.130,5640,13828,1.810,0.990,0.500,2,0,92.868,0,0,10,5,4,19,0
14-08 12:09:27,30.503,1.750,66.256,0,0,1170672,1642076,166540,4951640,967436.004,14672.350,0,2188.201,0,53.005,1416,1535,1.810,0.990,0.500,2,0,0,0,0,10,4,4,19,0
14-08 12:09:28,23.494,2.999,72.731,0.250,0,1123640,1689024,166596,4951664,5707.516,1499.610,0,6998.180,0,379.901,1452,3040,1.740,0.990,0.500,3,0,9.997,0,0,10,4,4,19,0
14-08 12:09:29,24.741,1.999,72.472,0.500,0.250,1167344,1645316,166608,4951652,9061.548,1619.383,0,20412.223,0,575.781,1327,2234,1.740,0.990,0.500,3,0,0,0,0,10,4,4,19,0
14-08 12:09:30,10.263,18.022,70.838,0,0,1088280,1724348,166620,4951668,41810.054,1708.127,0,1982.468,0,98.122,2910,4777,1.740,0.990,0.500,2,0,390.486,0,0,10,4,4,13,0
14-08 12:09:31,13.256,17.758,68.032,0,0.250,1096212,1715908,166620,4952484,7531.540,1662.782,0,36.017,0,9.004,3801,6159,1.740,0.990,0.500,1,0,363.171,0,0,10,4,4,13,0
14-08 12:09:32,36.682,11.978,50.407,0,0,1189652,1622428,166620,4952484,5097.615,1764.751,0,7.985,0,0.998,3402,5608,1.740,0.990,0.500,2,0,164.697,0,0,10,5,4,13,0
14-08 12:09:33,48.243,1.750,48.743,0,0,1252000,1559736,166648,4952916,6213.118,1619.770,0,399.943,0,39.994,1186,1182,1.760,1,0.510,2,0,0,0,0,10,5,4,13,0
14-08 12:09:34,35.499,10.250,53.998,0,0.250,1289196,1519528,166740,4955440,6322.747,1619.935,0,35206.592,0,185.993,2218,6139,1.760,1,0.510,1,0,117.995,0,0,10,4,4,13,0
14-08 12:09:35,0.500,0.250,97.998,0,0,1289444,1519276,166744,4955440,5196.886,1565.966,0,2231.951,0,7.000,633,956,1.760,1,0.510,2,0,2.000,0,0,10,4,4,13,0
14-08 12:09:36,11.246,3.249,83.972,0.250,0,1327068,1481652,166792,4955392,8425.169,1511.492,0,543.817,0,34.988,1349,1873,1.760,1,0.510,1,0,20.993,0,0,10,4,4,12,0
14-08 12:09:37,24.734,1.499,73.953,0,0,1380708,1427864,166796,4955448,5740.355,1618.972,0,35.977,0,3.997,861,1093,1.760,1,0.510,1,0,0,0,0,10,4,4,12,0
14-08 12:09:38,22.781,3.755,72.097,0.501,0,1306228,1502036,166856,4955692,6217.350,1622.179,0,3720.997,0,363.488,2989,5605,1.700,1,0.510,3,0,43.058,0,0,10,4,4,14,0
14-08 12:09:39,24.289,2.254,73.118,0.501,0,1357600,1450208,166864,4956064,5395.698,1696.735,0,19403.278,0,446.720,1605,2315,1.700,1,0.510,1,0,1.002,0,0,10,13,4,14,0
14-08 12:09:40,21.963,3.494,73.127,0.499,0,1343536,1463960,166864,4956328,7620.145,1617.272,231.609,1337.743,57.902,19.966,1705,2649,1.700,1,0.510,1,0,44.924,0,0,10,28,4,14,0
14-08 12:09:41,23.036,7.762,68.858,0,0,1334796,1472700,166864,4956328,7440.712,1622.554,0,36.057,0,5.008,1867,2748,1.700,1,0.510,2,0,156.246,0,0,10,28,4,15,0
14-08 12:09:42,44.731,5.248,48.980,0,0,1437700,1369660,166864,4956424,6475.306,1565.349,0,7.997,0,1.999,2163,3487,1.700,1,0.510,2,0,0,0,0,10,30,4,15,0
14-08 12:09:43,62.798,15.512,21.767,0.250,0,1457428,1349580,166868,4956736,8937.802,1513.152,0,540.411,0,43.033,4352,8517,1.700,1,0.510,6,0,442.337,0,0,10,28,4,17,0
14-08 12:09:44,81.206,14.992,3.998,0,0,1631120,1175644,166868,4956924,5639.949,1619.124,0,17894.319,0,59.968,4539,9203,1.970,1.070,0.540,7,0,135.926,0,0,10,29,4,16,0
14-08 12:09:45,64.531,9.254,26.013,0.250,0,1450816,1355764,166868,4957176,6420.114,1620.786,0,4262.067,0,153.074,3261,7917,1.970,1.070,0.540,3,0,202.098,0,0,10,29,4,17,0
14-08 12:09:46,24.944,6.236,68.346,0,0,1386672,1419896,166872,4957184,10075.310,1616.360,0,395.110,0,19.955,1766,2742,1.970,1.070,0.540,2,0,109.753,0,0,10,28,4,16,0
14-08 12:09:47,21.548,4.260,72.662,0,0,1351772,1454764,166880,4957208,10086.523,1623.626,0,593.325,0,35.078,2059,3833,1.970,1.070,0.540,2,0,68.152,0,0,10,28,4,16,0
14-08 12:09:48,23.444,2.743,72.827,0,0,1390808,1415704,166884,4957228,5148.767,1689.985,0,139.668,0,17.957,1768,3398,1.970,1.070,0.540,2,0,0,0,0,10,28,4,18,0
14-08 12:09:49,10.774,21.547,66.646,0.251,0,1332580,1473920,166884,4957240,7169.752,1623.567,0,50915.862,0,149.328,3854,5908,1.890,1.070,0.540,2,0,635.396,0,0,10,28,4,18,0
14-08 12:09:50,78.767,17.504,3.751,0,0,1562332,1244028,166884,4957276,5557.228,1512.334,0,2484.549,0,29.006,2471,4205,1.890,1.070,0.540,5,0,404.089,0,0,10,28,4,18,0
14-08 12:09:51,81.749,9.500,8.500,0,0,1543972,1262096,166900,4957548,9036.919,1565.986,0,1535.986,0,115.999,7771,17574,1.890,1.070,0.540,6,0,59.999,0,0,10,28,4,21,0
14-08 12:09:52,84.247,12.000,2.500,0,0,1549944,1255832,166904,4957828,5171.845,1619.951,0,419.987,0,24.999,3337,5850,1.890,1.070,0.540,6,0,98.997,0,0,10,30,4,21,0
14-08 12:09:53,80.882,12.443,5.973,0,0,1535660,1269776,166908,4958156,5740.913,1612.672,0,171.222,0,10.950,6985,16682,1.890,1.070,0.540,8,0,212.037,0,0,10,30,4,22,0
14-08 12:09:54,58.158,10.529,29.831,0,0,1402884,1402264,166912,4958428,5585.220,1718.683,0,6116.668,0,41.112,6010,12522,2.380,1.180,0.580,4,0,206.563,0,0,10,28,4,24,0
14-08 12:09:55,44.102,7.517,49.114,0,0.251,1457112,1347892,166912,4958572,5399.549,1717.993,0,152.354,0,7.016,1747,2812,2.380,1.180,0.580,4,0,32.075,0,0,10,30,4,24,0
14-08 12:09:56,58.514,13.253,27.006,0.250,0,1446680,1358292,166912,4958604,6189.442,1620.378,0,312.073,0,27.006,3689,8456,2.380,1.180,0.580,3,0,378.088,0,0,10,28,4,26,0
14-08 12:09:57,64.243,8.999,26.997,0,0,1407076,1397652,166928,4958828,16395.197,1679.815,0,619.932,0,40.995,4292,10544,2.380,1.180,0.580,3,0,70.992,0,0,10,28,4,28,0
14-08 12:09:58,83.742,11.999,3.000,0,0,1571936,1232600,166928,4958988,10515.990,1735.833,0,259.975,0,13.999,2480,3671,2.380,1.180,0.580,4,0,186.982,0,0,10,30,4,28,0
14-08 12:09:59,62.260,13.502,23.504,0,0,1368272,1436168,166940,4959068,6192.960,1608.249,0,2264.351,0,43.007,7822,17707,2.510,1.230,0.600,4,0,300.047,0,0,10,28,4,29,0
14-08 12:10:00,68.184,6.494,25.226,0,0,1520080,1284252,166940,4959172,45257.327,1692.367,0,223.784,0,9.990,2025,4012,2.510,1.230,0.600,7,0,23.977,0,0,10,31,4,30,0
14-08 12:10:01,64.772,11.754,23.008,0,0,1445940,1358056,166948,4959496,5730.920,1714.574,0,596.200,0,48.016,4431,10790,2.510,1.230,0.600,4,0,299.100,0,0,10,28,4,29,0
14-08 12:10:02,62.749,12.750,24.750,0.250,0,1406196,1397632,166960,4959648,5247.942,1619.982,0,535.994,0,28.000,3925,10558,2.510,1.230,0.600,4,0,236.997,0,0,10,28,4,31,0
14-08 12:10:03,71.318,8.258,20.520,0,0,1522408,1280880,166968,4960160,9319.863,1621.542,0,228.217,0,10.010,2456,3780,2.510,1.230,0.600,3,0,50.048,0,0,10,30,4,32,0
14-08 12:10:04,62.692,8.742,27.474,0,0,1457320,1345660,166980,4960452,9096.522,1584.523,0,435.594,0,39.963,3975,8504,2.550,1.260,0.610,4,0,111.896,0,0,10,28,4,33,0
14-08 12:10:05,64.247,12.749,21.499,0,0,1366036,1436860,166984,4960528,5506.758,1619.929,0,539.976,0,50.998,4181,11385,2.550,1.260,0.610,7,0,272.988,0,0,10,28,4,34,0
14-08 12:10:06,85.501,11.500,2.250,0,0,1597804,1204908,166988,4960708,12324.210,1620.028,0,412.007,0,33.001,2971,5138,2.550,1.260,0.610,7,0,245.004,0,0,10,29,4,34,0
14-08 12:10:07,82.549,14.509,2.251,0,0,1503016,1299588,167016,4960776,13693.079,1566.924,0,528.312,0,37.022,4981,9364,2.550,1.260,0.610,6,0,300.177,0,0,10,28,4,34,0
14-08 12:10:08,82.449,13.991,3.498,0,0,1517740,1284524,167020,4961108,6814.795,1619.001,0,879.457,0,39.975,5292,10931,2.550,1.260,0.610,9,0,267.835,0,0,10,30,4,34,0
14-08 12:10:09,78.721,15.244,5.248,0,0,1517560,1284568,167028,4961228,8998.706,1807.339,0,3742.630,0,291.893,6376,13585,2.980,1.370,0.650,5,0,356.869,0,0,10,30,4,34,0
14-08 12:10:10,49.513,22.256,28.007,0,0,1332080,1469796,167032,4961456,6506.711,1620.426,0,228.060,0,13.003,6671,15847,2.980,1.370,0.650,2,0,825.217,0,0,10,28,4,35,0
14-08 12:10:11,20.752,25.752,53.005,0,0,1378764,1423048,167032,4961640,5475.526,1512.145,0,236.023,0,18.002,3618,6376,2.980,1.370,0.650,5,0,833.080,0,0,10,28,4,35,0
14-08 12:10:12,80.530,14.255,5.002,0,0,1574428,1227316,167044,4961684,6139.321,1694.641,0,776.293,0,25.009,3077,6734,2.980,1.370,0.650,5,0,361.137,0,0,10,29,4,35,0
14-08 12:10:13,73.974,12.996,11.996,0,0,1447716,1353800,167084,4961872,4120.578,1693.416,0,591.796,0,63.978,5297,11199,2.980,1.370,0.650,4,0,267.908,0,0,10,28,4,35,0
14-08 12:10:14,77.220,9.496,13.495,0,0,1579704,1221528,167088,4962140,6100.609,1705.332,0,219.914,0,10.996,5622,12034,3.070,1.420,0.670,3,0,0,0,0,10,32,4,39,0
14-08 12:10:15,65.980,8.747,23.493,0.250,0,1514900,1285944,167120,4962492,6851.924,1565.526,0,2707.180,0,176.946,9948,21818,3.070,1.420,0.670,6,0,61.981,0,0,10,29,4,44,0
14-08 12:10:16,82.294,13.507,4.002,0,0,1556268,1244468,167128,4962576,5940.184,1620.869,0,5599.001,0,148.079,3639,9620,3.070,1.420,0.670,4,0,94.050,0,0,10,29,4,45,0
14-08 12:10:17,67.006,9.751,22.752,0,0,1538812,1261700,167132,4962792,6238.568,1662.151,0,140.013,0,8.001,5064,19534,3.070,1.420,0.670,3,0,71.006,0,0,10,31,4,49,0
14-08 12:10:18,74.000,13.250,12.000,0,0,1476860,1323288,167132,4963148,6852.014,1620.003,0,4.000,0,1.000,4798,13988,3.070,1.420,0.670,4,0,196.000,0,0,10,29,4,50,0
14-08 12:10:19,81.452,9.744,7.745,0,0,1515064,1285000,167136,4963228,5825.557,1511.107,0,215.872,0,19.988,4643,11404,3.140,1.460,0.690,6,0,29.982,0,0,10,30,4,50,0
14-08 12:10:20,84.793,11.256,4.002,0,0,1548740,1251096,167136,4963448,6042.075,1620.825,0,308.157,0,9.005,2949,5516,3.140,1.460,0.690,5,0,102.052,0,0,10,30,4,50,0
14-08 12:10:21,77.754,9.500,10.751,0.250,0,1475972,1323652,167152,4963636,8455.414,1694.083,0,468.023,0,54.003,5403,12929,3.140,1.460,0.690,4,0,184.009,0,0,10,28,4,52,0
14-08 12:10:22,83.248,9.750,6.750,0,0,1572152,1227308,167152,4963796,6144.883,1619.969,0,155.997,0,10.000,4190,9199,3.140,1.460,0.690,4,0,62.999,0,0,10,30,4,55,0
14-08 12:10:23,83.499,10.500,5.750,0,0.250,1494972,1304264,167152,4964012,5749.954,1565.987,0,155.999,0,10.000,4220,8611,3.140,1.460,0.690,4,0,162.999,0,0,10,28,4,55,0
14-08 12:10:24,80.754,11.251,7.500,0,0,1425736,1373384,167196,4964084,5981.305,1620.083,0,548.028,0,57.003,6741,12961,3.210,1.500,0.710,4,0,146.007,0,0,10,29,4,55,0
14-08 12:10:25,64.998,10.750,23.749,0,0,1519384,1279380,167196,4964432,7269.760,1713.943,0,427.986,0,28.999,3258,5800,3.210,1.500,0.710,5,0,116.996,0,0,10,29,4,55,0
14-08 12:10:26,63.760,10.252,24.754,0,0,1441028,1357548,167196,4964604,5094.820,1512.243,0,188.030,0,12.002,3742,7518,3.210,1.500,0.710,3,0,181.029,0,0,10,28,4,56,0
14-08 12:10:27,62.981,9.497,26.742,0,0,1432788,1365568,167232,4964784,6685.008,1619.517,0,315.906,0,29.991,3272,7379,3.210,1.500,0.710,4,0,64.981,0,0,10,29,4,56,0
14-08 12:10:28,66.262,9.752,24.754,0,0,1503752,1294564,167240,4964816,5974.039,1694.295,0,280.049,0,22.004,2955,6239,3.210,1.500,0.710,4,0,67.012,0,0,10,30,4,58,0
14-08 12:10:29,66.250,8.750,25.000,0,0,1451220,1346948,167252,4964948,8586.043,1620.008,0,300.002,0,27.000,3707,7776,3.270,1.540,0.730,4,0,82.000,0,0,10,28,4,59,0
14-08 12:10:30,64.006,9.501,25.503,0,0,1423092,1374892,167268,4965112,43956.352,1620.160,0,380.038,0,35.003,5123,9561,3.270,1.540,0.730,5,0,34.003,0,0,10,29,4,62,0
14-08 12:10:31,65.464,10.744,24.986,0.250,0.250,1512908,1284904,167276,4965272,7231.066,1619.119,0,295.839,0,24.986,2784,4784,3.270,1.540,0.730,4,0,102.944,0,0,10,29,4,62,0
14-08 12:10:32,56.519,16.505,25.008,0,0,1420412,1377180,167288,4965460,7309.397,1566.514,0,420.138,0,36.012,4931,10031,3.270,1.540,0.730,4,0,423.139,0,0,10,28,4,63,0
14-08 12:10:33,64.453,7.714,27.623,0,0,1524396,1272936,167292,4965708,6568.725,1505.063,0,218.991,0,14.931,3651,8324,3.270,1.540,0.730,3,0,0,0,0,10,29,4,67,0
14-08 12:10:34,32.324,14.533,52.871,0,0,1403420,1393684,167296,4965928,9752.372,1623.725,0,388.892,0,24.055,3185,5354,3.410,1.600,0.750,2,0,409.940,0,0,10,28,4,67,0
14-08 12:10:35,21.289,6.512,71.382,0.501,0,1347240,1449848,167308,4965928,5451.090,1623.004,0,360.668,0,28.052,2935,6449,3.410,1.600,0.750,1,0,72.134,0,0,10,28,4,67,0
14-08 12:10:36,15.259,21.012,63.036,0,0,1366608,1430316,167344,4966052,5519.174,1620.932,0,468.269,0,28.016,3360,5207,3.410,1.600,0.750,2,0,525.302,0,0,10,28,4,69,0
14-08 12:10:37,43.930,5.741,48.922,0,0.250,1499104,1296812,167500,4966896,5551.151,1617.422,0,595.051,0,11.981,1127,1295,3.410,1.600,0.750,2,0,1.997,0,0,10,28,4,69,0
14-08 12:10:38,39.777,6.254,45.031,10.507,0,1444840,1343388,168380,4973056,6667.607,1695.171,0,36000.877,0,3157.182,11225,25762,3.410,1.600,0.750,2,0,127.088,0,0,10,32,4,69,0
14-08 12:10:39,42.441,5.992,43.190,7.490,0,1468640,1317952,168880,4974128,6044.580,1691.644,0,37851.273,0,2922.928,9319,21103,3.300,1.610,0.760,2,0,24.965,0,0,10,28,4,69,0
14-08 12:10:40,46.632,4.011,48.387,0.251,0,1464400,1322064,168944,4974184,7415.972,1462.135,0,3008.508,0,340.964,2003,2937,3.300,1.610,0.760,1,1,2.006,0,0,10,30,4,67,0
14-08 12:10:41,39.114,7.723,46.090,7.225,0,1533184,1252288,169452,4974648,7347.416,1688.122,0,21321.758,0,2577.027,11929,25960,3.300,1.610,0.760,3,0,1.993,0,0,10,30,4,67,0
14-08 12:10:42,26.274,6.506,66.060,0.250,0,1411932,1373468,169484,4974672,6541.914,1621.466,0,7078.399,0,359.325,2083,3474,3.300,1.610,0.760,2,0,99.090,0,0,10,28,4,66,0
14-08 12:10:43,22.729,2.997,73.932,0,0,1460788,1324580,169492,4974696,7580.980,1618.501,0,1646.475,0,23.978,1037,1352,3.300,1.610,0.760,2,0,1.998,0,0,10,28,4,66,0
14-08 12:10:44,22.009,4.002,73.031,0.250,0,1426576,1358772,169508,4974700,7911.307,1620.677,0,2260.945,0,134.056,1180,1715,3.110,1.600,0.760,1,0,3.001,0,0,10,28,4,64,0
14-08 12:10:45,23.560,3.008,72.434,0.251,0,1373808,1411504,169508,4974736,6371.170,1698.310,0,236.600,0,19.048,1073,1400,3.110,1.600,0.760,1,0,3.008,0,0,10,32,4,64,0
14-08 12:10:46,22.713,2.995,74.131,0,0,1453944,1331368,169508,4974736,6088.210,1617.399,0,0,0,0,903,1142,3.110,1.600,0.760,2,0,1.997,0,0,10,32,4,63,0
14-08 12:10:47,22.989,3.248,72.965,0,0,1392284,1392996,169520,4974748,7619.373,1737.173,0,295.859,0,9.995,1046,1367,3.110,1.600,0.760,1,0,1.000,0,0,10,32,5,63,0
14-08 12:10:48,22.504,3.251,74.012,0,0,1455004,1330276,169524,4974744,5033.785,1640.256,0,4.001,0,1.000,877,1096,3.110,1.600,0.760,1,0,2.000,0,0,10,32,5,63,0
14-08 12:10:49,23.740,1.999,73.719,0,0,1403112,1382076,169524,4974796,5680.608,1619.318,0,0,0,0,845,1041,2.940,1.590,0.760,2,0,1.000,0,0,10,32,5,63,0
14-08 12:10:50,23.296,3.006,74.147,0,0,1348792,1436396,169524,4974796,5882.689,1697.373,0,4.008,0,1.002,946,1121,2.940,1.590,0.760,2,0,3.006,0,0,10,32,5,61,0
14-08 12:10:51,21.994,3.749,74.229,0,0,1368728,1416316,169540,4974920,8299.601,1661.520,0,555.839,0,32.990,1094,1613,2.940,1.590,0.760,2,0,1.000,0,0,10,32,5,61,0
14-08 12:10:52,22.696,2.744,73.326,0,0.249,1448836,1336208,169540,4974920,5062.018,1658.075,0,0,0,0,912,1163,2.940,1.590,0.760,4,0,1.995,0,0,10,32,5,58,0
14-08 12:10:53,23.068,2.257,73.969,0,0,1400904,1384120,169544,4974936,5659.781,1699.038,0,0,0,0,838,1090,2.940,1.590,0.760,2,0,1.003,0,0,10,32,5,58,0
14-08 12:10:54,22.999,2.500,73.996,0,0,1408284,1376696,169548,4974976,6125.645,1585.908,0,8.000,0,2.000,836,1137,2.790,1.580,0.760,2,0,1.000,0,0,10,32,5,56,0
14-08 12:10:55,22.939,3.740,73.803,0,0,1458932,1326048,169548,4974976,8084.382,1689.482,0,0,0,0,954,1162,2.790,1.580,0.760,3,0,3.989,0,0,10,32,6,56,0
14-08 12:10:56,9.531,18.560,70.226,0,0,1360244,1424580,169556,4975116,6562.143,1645.301,0,943.038,0,10.032,2761,4349,2.790,1.580,0.760,2,0,409.319,0,0,10,32,6,53,0
14-08 12:10:57,11.490,17.735,70.439,0,0,1361408,1423384,169560,4975136,13679.086,1660.554,0,655.429,0,9.991,2964,4573,2.790,1.580,0.760,1,0,429.626,0,0,10,32,6,53,0
14-08 12:10:58,9.749,18.248,70.243,0,0,1363780,1420880,169560,4975256,8870.095,1693.827,0,91.991,0,1.000,2994,4693,2.790,1.580,0.760,1,0,433.956,0,0,10,32,6,51,0
14-08 12:10:59,20.751,5.500,73.253,0,0,1425712,1358912,169560,4975288,7578.326,1662.071,0,4.000,0,1.000,1353,1963,2.570,1.550,0.760,1,0,103.004,0,0,10,32,6,51,0
14-08 12:11:00,22.955,2.495,73.854,0,0,1372760,1411864,169560,4975288,43751.460,1616.802,0,19.961,0,1.996,932,1114,2.570,1.550,0.760,1,0,2.994,0,0,10,32,6,49,0
14-08 12:11:01,22.750,3.250,73.500,0.250,0,1454132,1330500,169564,4975276,5907.012,1620.003,0,472.001,0,37.000,1168,1700,2.570,1.550,0.760,1,0,2.000,0,0,10,32,6,49,0
14-08 12:11:02,21.549,3.508,73.917,0,0.251,1390748,1393864,169564,4975296,5215.819,1737.938,0,645.463,0,113.257,905,1166,2.570,1.550,0.760,1,0,1.002,0,0,10,32,6,45,0
14-08 12:11:03,22.497,3.250,73.239,0,0.250,1462836,1321792,169564,4975280,9502.622,1619.765,0,0,0,0,1018,1213,2.570,1.550,0.760,1,0,2.000,0,0,10,32,6,45,0
14-08 12:11:04,24.197,1.746,73.838,0,0,1423924,1360660,169564,4975324,9368.446,1562.572,0,15.965,0,0.998,917,1091,2.440,1.540,0.760,1,0,0.998,0,0,10,32,6,42,0
14-08 12:11:05,23.251,2.750,73.002,0,0,1470544,1314040,169564,4975324,7766.194,1620.041,0,12.000,0,1.000,978,1165,2.440,1.540,0.760,1,0,4.000,0,0,10,32,6,42,0
14-08 12:11:06,23.001,3.000,74.002,0,0,1442800,1341792,169564,4975316,11981.383,1620.052,0,8.000,0,2.000,1001,1176,2.440,1.540,0.760,3,0,3.000,0,0,10,32,6,41,0
14-08 12:11:07,23.504,2.250,73.511,0,0,1388820,1395752,169564,4975336,8660.308,1662.251,0,72.011,0,3.000,936,1126,2.440,1.540,0.760,1,0,1.000,0,0,10,32,6,41,0
14-08 12:11:08,22.766,3.252,73.803,0,0,1464432,1320152,169564,4975324,7282.221,1621.162,0,60.043,0,4.003,939,1167,2.440,1.540,0.760,2,0,2.001,0,0,10,32,6,41,0
14-08 12:11:09,24.731,1.749,73.692,0,0,1414740,1369828,169564,4975336,8233.545,1678.684,0,11.991,0,0.999,962,1113,2.320,1.530,0.760,1,0,0.999,0,0,10,32,6,41,0
14-08 12:11:10,23.000,2.500,73.251,0,0.250,1471436,1313156,169564,4975312,6682.087,1694.022,0,24.000,0,1.000,981,1195,2.320,1.530,0.760,2,0,2.000,0,0,10,32,6,40,0
14-08 12:11:11,22.757,3.751,73.273,0,0,1422856,1361708,169572,4975332,6841.162,1566.495,0,2604.823,0,121.038,1133,1561,2.320,1.530,0.760,5,0,1.000,0,0,10,32,6,40,0
14-08 12:11:12,24.285,2.253,73.857,0,0.250,1365528,1419032,169572,4975336,4535.549,1622.343,0,96.139,0,2.003,866,1074,2.320,1.530,0.760,1,0,3.004,0,0,10,32,6,40,0
14-08 12:11:13,22.463,3.494,73.879,0,0,1373204,1411356,169572,4975336,5219.424,1617.343,0,11.980,0,0.998,866,1088,2.320,1.530,0.760,4,0,0.998,0,0,10,32,6,40,0
14-08 12:11:14,22.495,2.999,73.485,0.250,0,1454024,1330492,169580,4975372,5457.876,1619.666,0,243.950,0,11.998,1063,1593,2.300,1.540,0.770,3,0,2.000,0,0,10,32,6,40,0
14-08 12:11:15,23.058,3.258,73.685,0,0,1407856,1376640,169580,4975392,6030.178,1515.815,0,20.050,0,1.003,910,1122,2.300,1.540,0.770,2,0,3.008,0,0,10,32,6,36,0
14-08 12:11:16,27.250,5.000,68.251,0,0,1417644,1366832,169580,4975560,5571.089,1620.026,0,20.000,0,1.000,1610,2766,2.300,1.540,0.770,2,0,35.001,0,0,10,32,6,37,0
14-08 12:11:17,22.953,3.243,73.600,0,0,1459060,1325388,169588,4975384,5836.089,1616.700,0,451.079,0,15.967,1035,1369,2.300,1.540,0.770,5,0,1.996,0,0,10,32,6,28,0
14-08 12:11:18,14.501,14.251,70.256,0,0,1385532,1398868,169596,4975424,5935.499,1694.142,0,100.008,0,9.001,2522,4237,2.300,1.540,0.770,3,0,392.033,0,0,10,32,6,28,0
14-08 12:11:19,22.994,2.749,74.229,0,0,1448556,1335644,169596,4975624,6423.195,1639.539,0,11.997,0,1.000,813,1125,2.190,1.530,0.770,2,0,0,0,0,10,32,6,22,0
14-08 12:11:20,22.496,3.249,73.486,0,0,1439004,1345144,169596,4975672,5707.904,1693.675,0,0,0,0,976,1250,2.190,1.530,0.770,4,0,8.998,0,0,10,32,6,22,0
14-08 12:11:21,15.786,14.032,69.908,0,0,1362160,1421988,169604,4975664,7801.577,1623.658,0,665.499,0,38.086,2547,4067,2.190,1.530,0.770,1,0,324.732,0,0,10,32,6,22,0
14-08 12:11:22,9.500,20.249,68.997,0,0,1362020,1422004,169604,4975784,6377.745,1585.937,0,303.988,0,7.000,3377,5487,2.190,1.530,0.770,2,0,551.978,0,0,10,32,6,22,0
14-08 12:11:23,8.499,21.498,69.743,0,0,1363728,1420260,169604,4975816,6907.268,1619.828,0,475.950,0,8.999,3037,4720,2.190,1.530,0.770,1,0,462.951,0,0,10,32,6,15,0
14-08 12:11:24,11.247,17.746,69.234,0,0,1363496,1420468,169604,4975840,6917.361,1619.616,0,1295.693,0,15.996,3151,5010,2.020,1.510,0.760,4,0,515.878,0,0,10,32,6,15,0
14-08 12:11:25,8.253,21.257,68.774,0.250,0,1360676,1423260,169608,4975864,5121.798,1620.569,0,1696.596,0,65.023,3221,5175,2.020,1.510,0.760,1,0,527.185,0,0,10,32,6,15,0
14-08 12:11:26,8.981,18.961,70.854,0,0.249,1360432,1423476,169608,4975892,5316.033,1764.360,0,730.493,0,10.977,2865,4537,2.020,1.510,0.760,1,0,422.129,0,0,10,32,6,15,0
14-08 12:11:27,9.250,19.750,70.251,0,0.250,1361820,1422056,169608,4975924,6969.077,1640.018,0,168.002,0,7.000,2816,4328,2.020,1.510,0.760,1,0,412.005,0,0,10,32,6,14,0
14-08 12:11:28,19.038,22.795,55.860,0,0.250,1394440,1389408,169620,4975940,6074.968,1697.344,0,829.634,0,44.087,3949,6514,2.020,1.510,0.760,3,0,698.376,0,0,10,32,6,16,0
14-08 12:11:29,62.282,15.508,22.512,0,0,1570988,1212384,169712,4976324,7498.884,1512.784,0,676.350,0,43.022,2280,3587,2.100,1.530,0.780,3,0,261.135,0,0,10,32,6,17,0
14-08 12:11:30,54.274,10.505,26.762,7.753,0,1597676,1174848,170500,4985244,42434.138,1694.764,400.180,44039.862,4.002,3331.503,11474,26617,2.100,1.530,0.780,6,0,82.037,0,0,10,36,6,19,0
14-08 12:11:31,42.635,10.970,30.917,15.458,0,1662076,1095692,171368,4998608,5771.475,1615.654,0,109218.203,0,8021.422,21427,52166,2.100,1.530,0.780,2,1,187.496,0,0,10,36,6,16,0
14-08 12:11:32,48.093,10.520,31.561,9.769,0,1637016,1110652,172040,5007808,5047.752,1623.136,0,67201.834,0,5336.310,16745,38975,2.100,1.530,0.780,7,0,112.217,0,0,10,36,6,17,0
14-08 12:11:33,44.478,16.492,26.487,10.245,0,1581784,1155128,172388,5017888,5509.295,1619.205,363.821,79448.991,6.997,5881.112,18440,41748,2.100,1.530,0.780,3,1,308.848,0,0,10,35,6,17,0
14-08 12:11:34,44.280,14.510,29.770,9.256,0,1538200,1191884,172960,5023592,6893.598,1769.180,1084.724,49958.322,15.010,3998.667,16591,39239,2.170,1.560,0.790,4,1,166.111,0,0,10,34,6,18,0
14-08 12:11:35,39.021,11.006,39.271,10.005,0,1582256,1145152,173244,5025800,8188.463,1620.883,528.288,53573.197,8.004,4399.398,14799,33942,2.170,1.560,0.790,3,1,119.065,0,0,10,35,6,14,0
14-08 12:11:36,38.504,7.251,44.254,8.251,0.250,1523788,1201940,173456,5027196,7688.723,1566.147,0,41975.946,0,3857.363,16416,36686,2.170,1.560,0.790,2,0,68.006,0,0,10,34,6,15,0
14-08 12:11:37,37.172,9.729,46.153,6.237,0,1580952,1142728,173764,5028920,8034.048,1508.816,0,53838.401,0,4589.317,16287,33607,2.170,1.560,0.790,7,0,71.848,0,0,10,34,6,13,0
14-08 12:11:38,38.572,8.766,44.834,6.763,0,1585600,1134948,173984,5031756,4911.213,1623.045,0,45120.646,0,4239.954,16815,37293,2.170,1.560,0.790,2,0,51.096,0,0,10,35,6,13,0
14-08 12:11:39,36.234,7.497,43.730,12.245,0,1578872,1137068,174188,5036040,8140.369,1619.278,0,57326.432,0,4902.813,15755,35509,2.400,1.610,0.810,2,1,74.967,0,0,10,34,6,13,0
14-08 12:11:40,38.743,5.999,45.742,8.249,0,1585992,1125488,174496,5040056,7197.784,1619.726,0,59038.023,0,4968.160,19051,41750,2.400,1.610,0.810,2,1,98.983,0,0,10,37,6,17,0
14-08 12:11:41,40.506,8.501,44.257,8.251,0,1553352,1156692,174648,5041208,7765.235,1620.258,0,52976.423,0,4491.714,15515,35926,2.400,1.610,0.810,2,0,79.013,0,0,10,36,6,22,0
14-08 12:11:42,40.993,6.249,44.243,7.249,0,1524956,1188764,174684,5037512,6230.997,1693.727,0,45000.755,0,3951.364,12768,31313,2.400,1.610,0.810,2,0,27.995,0,0,10,34,6,24,0
14-08 12:11:43,26.497,9.999,62.493,0,0,1468576,1245032,174684,5037624,6631.231,1693.804,0,531.938,0,29.997,2177,3275,2.400,1.610,0.810,1,0,235.973,0,0,10,32,6,24,0
14-08 12:11:44,21.210,4.991,73.113,0.250,0,1449576,1264028,174684,5037628,8378.358,1616.981,0,738.621,0,52.901,1774,2680,2.280,1.600,0.810,1,0,59.888,0,0,10,32,6,24,0
14-08 12:11:45,21.539,5.009,72.382,0.250,0,1413236,1300368,174684,5037628,6044.000,1460.658,0,573.043,0,35.064,2759,4621,2.280,1.600,0.810,1,0,45.082,0,0,10,32,6,24,0
14-08 12:11:46,24.004,2.250,73.513,0,0,1461292,1252280,174684,5037660,5696.991,1620.282,0,492.086,0,31.005,1397,2101,2.280,1.600,0.810,1,0,0,0,0,10,33,6,24,0
14-08 12:11:47,13.752,15.753,69.762,0.250,0,1400000,1313428,174696,5037792,6110.063,1620.282,0,3804.662,0,238.041,3280,5838,2.280,1.600,0.810,2,0,365.064,0,0,10,32,6,26,0
14-08 12:11:48,40.499,17.999,41.499,0.250,0,1496988,1216268,174716,5037944,5065.833,1619.947,0,711.977,0,57.998,3131,5051,2.280,1.600,0.810,4,0,433.986,0,0,10,32,6,32,0
14-08 12:11:49,67.502,8.000,24.001,0,0,1694744,1016208,174816,5039948,6363.210,1620.053,0,1036.034,0,57.002,1465,1554,2.340,1.630,0.820,3,0,1.000,0,0,10,32,6,32,0
14-08 12:11:50,56.229,8.247,29.989,3.499,0,1793136,909228,175084,5047776,5284.981,1693.353,0,43471.394,0,2941.876,9600,19901,2.340,1.630,0.820,7,2,89.966,0,0,10,38,6,32,0
14-08 12:11:51,30.525,9.007,46.037,13.261,0,1795860,889576,175344,5063940,9077.353,1695.373,0,113135.640,0,8809.135,27067,59857,2.340,1.630,0.820,7,0,309.250,0,0,10,38,6,32,0
14-08 12:11:52,46.659,10.230,31.189,11.228,0,1691724,981408,175560,5075788,5429.456,1616.860,0,96760.092,0,7307.808,22924,51110,2.340,1.630,0.820,7,0,239.535,0,0,10,36,6,32,0
14-08 12:11:53,53.359,8.768,27.807,8.768,0,1761392,901536,175684,5085404,4851.888,1460.977,0,73401.592,0,5854.932,17692,40022,2.340,1.630,0.820,4,1,136.278,0,0,10,36,6,32,0
14-08 12:11:54,45.231,9.496,32.986,10.246,0,1744948,902260,175804,5100368,6599.169,1619.305,0,113483.316,0,8203.481,20222,49289,2.560,1.680,0.850,6,0,14.994,0,0,10,38,6,32,0
14-08 12:11:55,36.720,7.494,49.460,4.996,0,1414096,1228552,175812,5104812,4980.970,1692.631,0,37489.671,0,2874.674,10312,21711,2.560,1.680,0.850,1,0,193.843,0,0,10,32,6,32,0
14-08 12:11:56,19.472,7.240,71.648,0.499,0.250,1466232,1176296,175812,5104912,5359.379,1733.535,0,7022.015,0,409.418,2327,4038,2.560,1.680,0.850,2,0,159.773,0,0,10,32,6,32,0
14-08 12:11:57,23.762,2.751,73.037,0,0,1529232,1113296,175812,5104912,8579.298,1662.833,0,1340.672,0,70.035,1099,1491,2.560,1.680,0.850,2,0,0,0,0,10,34,6,32,0
14-08 12:11:58,22.243,4.249,72.728,0.750,0,1435956,1206556,175812,5104920,12285.241,1767.459,0,4410.650,0,280.914,1906,3010,2.560,1.680,0.850,3,0,26.992,0,0,10,32,6,32,0
14-08 12:11:59,22.260,3.001,73.782,0,0,1502484,1140028,175812,5104920,7502.301,1662.732,0,100.044,0,10.004,910,1135,2.430,1.670,0.850,2,0,1.000,0,0,10,32,6,32,0
14-08 12:12:00,21.008,5.252,73.028,0.250,0,1416152,1226348,175812,5104928,42346.092,1458.554,0,124.047,0,19.007,1482,2075,2.430,1.670,0.850,1,0,72.027,0,0,10,32,6,32,0
14-08 12:12:01,14.516,32.785,51.806,0,0,1421700,1220764,175816,5104956,6055.516,1621.745,0,736.793,0,53.057,5454,9181,2.430,1.670,0.850,2,0,1227.321,0,0,10,32,6,32,0
14-08 12:12:02,9.737,19.974,69.408,0.250,0.250,1422240,1220172,175816,5105008,7164.536,1691.765,0,3615.224,0,29.960,3017,4578,2.430,1.670,0.850,2,0,477.369,0,0,10,32,6,32,0
14-08 12:12:03,11.004,17.257,70.528,0,0.500,1421864,1220456,175816,5105080,8494.381,1620.645,0,12.005,0,3.001,2755,4329,2.430,1.670,0.850,1,0,370.147,0,0,10,32,6,32,0
14-08 12:12:04,12.257,19.010,67.787,0,0,1426500,1215000,175816,5106220,6766.674,1620.880,0,36.020,0,9.005,3639,6366,2.240,1.640,0.840,1,0,378.205,0,0,10,32,6,32,0
14-08 12:12:05,36.013,10.754,52.018,0,0,1485764,1155292,175824,5106532,5971.114,1620.574,0,64.023,0,4.001,3627,5362,2.240,1.640,0.840,2,0,167.059,0,0,10,33,6,32,0
14-08 12:12:06,45.749,5.000,48.999,0,0,1603524,1037608,175824,5106564,13183.710,1619.964,0,51.999,0,4.000,1160,1178,2.240,1.640,0.840,2,0,0,0,0,10,33,6,32,0
14-08 12:12:07,48.249,5.500,44.999,0,0,1657964,978736,175888,5110576,8041.831,1511.968,0,1227.974,0,153.997,4180,10306,2.240,1.640,0.840,2,0,7.000,0,0,10,49,6,32,0
14-08 12:12:08,19.249,14.499,65.246,0,0,1678180,958292,175892,5110712,5336.653,1639.893,0,599.961,0,24.998,2382,3783,2.240,1.640,0.840,3,0,252.984,0,0,10,48,6,32,0
14-08 12:12:09,10.224,1.995,87.775,0,0,1693764,942676,175892,5110740,6623.005,2475.647,0,4767.766,0,281.278,1058,1219,2.140,1.630,0.840,1,0,3.990,0,0,10,49,6,32,0
14-08 12:12:10,0.750,0.500,97.777,0,0,1693704,942676,175892,5110788,50582.910,3386.931,0,136.037,0,9.002,877,1430,2.140,1.630,0.840,1,0,0,0,0,10,49,6,32,0
14-08 12:12:11,0,0.750,97.730,0.250,0,1693640,942676,175892,5110852,74660.396,3211.329,0,435.909,0,22.995,726,1092,2.140,1.630,0.840,1,0,0,0,0,10,49,6,32,0
14-08 12:12:12,6.003,2.751,90.545,0,0,1694744,941508,175892,5110916,67180.053,2941.447,0,904.445,0,77.038,908,1172,2.140,1.630,0.840,1,0,8.004,0,0,10,48,6,33,0
14-08 12:12:13,16.240,9.494,70.957,2.249,0.250,1714756,869828,176000,5160888,5220.805,1619.009,3.998,9182.380,0.999,437.732,2805,4687,2.140,1.630,0.840,1,0,81.950,0,0,10,48,6,33,0
14-08 12:12:14,15.751,10.001,73.255,0,0,1732288,851816,176000,5160888,5933.386,1704.111,0,0,0,0,1702,1965,2.040,1.620,0.840,1,0,56.004,0,0,10,48,6,33,0
14-08 12:12:15,19.550,6.517,73.437,0,0,1743588,840488,176000,5160896,5573.212,1590.055,0,0,0,0,1259,1549,2.040,1.620,0.840,1,0,47.120,0,0,10,48,6,33,0
14-08 12:12:16,21.472,10.486,68.162,0,0,1683800,949448,176000,5112316,5574.820,1563.986,0,3.995,0,0.999,1981,4950,2.040,1.620,0.840,1,0,126.837,0,0,10,48,6,34,0
14-08 12:12:17,17.014,12.010,69.307,0.250,0.500,1684716,948328,176152,5112416,5834.779,1847.513,160.131,464.380,10.008,12.010,2894,4383,2.040,1.620,0.840,1,0,239.196,0,0,10,48,7,34,0
14-08 12:12:18,7.735,5.489,86.579,0,0,1684820,948248,176152,5112276,4966.207,1690.666,0,7.984,0,1.996,2848,4845,2.040,1.620,0.840,1,0,60.880,0,0,10,48,7,33,0
14-08 12:12:19,0.250,0.250,98.737,0,0,1684820,948248,176152,5112276,7434.048,1619.793,0,0,0,0,566,894,1.880,1.590,0.840,1,0,3.000,0,0,10,48,7,33,0
14-08 12:12:20,0.500,0.500,97.998,0,0.250,1684684,948248,176152,5112412,6290.899,1693.973,0,139.998,0,9.000,783,1304,1.880,1.590,0.840,1,0,3.000,0,0,10,48,7,33,0
14-08 12:12:21,0.250,0.500,98.048,0.250,0,1684684,948248,176152,5112412,8912.367,1620.794,0,952.467,0,26.013,688,1046,1.880,1.590,0.840,1,0,1.000,0,0,10,48,7,33,0
14-08 12:12:22,5.765,7.269,84.971,0,0,1626932,1006016,176152,5112760,6400.616,1515.935,0,0,0,0,2399,4646,1.880,1.590,0.840,1,0,168.437,0,0,10,48,7,33,0
14-08 12:12:23,15.989,12.741,70.202,0,0,1668752,964204,176152,5112416,7481.845,1638.871,0,1802.758,0,6.995,4030,7693,1.880,1.590,0.840,1,0,242.833,0,0,10,48,7,33,0
14-08 12:12:24,14.250,18.251,66.002,0,0,1683336,949372,176152,5112788,6494.195,1878.056,0,8.000,0,2.000,3440,10081,1.810,1.580,0.840,1,0,305.009,0,0,11,48,7,33,0
14-08 12:12:25,7.736,6.988,84.353,0,0,1683552,949208,176152,5112548,7470.963,1617.178,0,355.380,0,10.981,2271,5491,1.810,1.580,0.840,1,0,149.739,0,0,11,48,7,33,0
14-08 12:12:26,13.026,14.529,72.142,0,0,1686396,946160,176152,5112960,5303.458,1697.347,0,0,0,0,3672,6289,1.810,1.580,0.840,1,0,212.419,0,0,13,50,7,33,0
14-08 12:12:27,10.973,15.711,73.071,0,0.249,1685300,947304,176152,5112648,6463.139,1616.034,0,35.912,0,7.980,2946,4479,1.810,1.580,0.840,3,0,300.263,0,0,13,50,7,34,0
14-08 12:12:28,13.770,18.527,67.348,0,0,1687604,944976,176152,5113024,7697.253,1622.372,0,344.504,0,13.019,3761,5881,1.810,1.580,0.840,2,0,369.540,0,0,13,50,7,32,0
14-08 12:12:29,25.789,17.276,56.084,0,0.501,1722512,909828,176168,5113160,7307.984,1600.405,0,64.096,0,6.009,4619,9624,1.750,1.570,0.840,1,0,386.581,0,0,13,50,7,32,0
14-08 12:12:30,31.115,11.699,56.506,0,0,1787860,844092,176200,5113184,46694.095,1613.025,0,3429.172,0,367.411,3456,6219,1.750,1.570,0.840,2,0,90.608,0,0,13,50,7,28,0
14-08 12:12:31,25.055,5.512,68.900,0,0,1864432,766416,176256,5114148,6954.188,1569.428,32.070,765.672,2.004,23.050,1563,3079,1.750,1.570,0.840,2,0,11.024,0,0,13,58,7,32,0
14-08 12:12:32,23.481,2.998,73.191,0,0,1907368,723000,176256,5114676,7234.155,1766.573,0,0,0,0,1261,2749,1.750,1.570,0.840,1,0,5.995,0,0,13,58,7,29,0
14-08 12:12:33,0.500,0.250,98.212,0,0,1907340,723000,176256,5114712,6336.516,1619.365,0,31.987,0,1.999,678,1051,1.750,1.570,0.840,1,0,1.999,0,0,13,58,7,29,0
14-08 12:12:34,2.255,5.012,92.474,0,0,1845124,785212,176256,5114712,7383.847,1862.502,0,1002.423,0,2.005,1340,2068,1.600,1.550,0.840,1,0,80.194,0,0,12,56,7,27,0
14-08 12:12:35,16.752,14.252,67.759,0,0.250,1851372,778584,176256,5114972,5929.747,1620.204,0,36.005,0,9.001,5159,10358,1.600,1.550,0.840,1,0,260.033,0,0,12,56,7,27,0
14-08 12:12:36,17.998,16.498,63.741,0,0,1905864,724108,176256,5115324,6731.091,1511.796,0,179.976,0,4.999,6302,10416,1.600,1.550,0.840,1,0,275.963,0,0,12,56,7,26,0
14-08 12:12:37,20.003,15.002,63.758,0,0,1906524,723424,176256,5115344,6134.779,1620.206,0,28.004,0,7.001,5294,8884,1.600,1.550,0.840,1,0,322.041,0,0,13,52,7,26,0
14-08 12:12:38,10.748,5.749,82.732,0,0,1886604,743276,176256,5115016,5519.808,1619.650,0,3.999,0,1.000,2830,6161,1.600,1.550,0.840,1,0,40.991,0,0,13,54,7,28,0
14-08 12:12:39,36.518,19.760,42.521,0,0,1745448,884432,176256,5115032,7121.589,1640.827,0,280.141,0,4.002,3580,6453,1.720,1.570,0.850,3,0,610.308,0,0,13,50,7,30,0
14-08 12:12:40,37.135,20.437,41.371,0.249,0,1815976,813220,176256,5116084,7779.828,1614.982,0,247.232,0,18.941,5581,11053,1.720,1.570,0.850,2,0,355.894,0,0,13,58,7,34,0
14-08 12:12:41,47.148,10.533,41.631,0,0,1952664,676508,176260,5115764,6819.461,1625.114,0,730.298,0,24.076,2569,3417,1.720,1.570,0.850,2,0,181.571,0,0,13,58,7,29,0
14-08 12:12:42,34.665,3.990,60.103,0,0,2021556,606732,176300,5116612,8671.754,1616.041,0,35.912,0,8.978,1852,4109,1.720,1.570,0.850,1,0,3.990,0,0,13,58,7,29,0
14-08 12:12:43,22.053,3.759,69.418,3.258,0.251,2054808,569720,176608,5119736,7417.922,1515.662,140.339,8644.886,35.085,971.347,3963,8102,1.720,1.570,0.850,2,0,5.012,0,0,13,60,7,23,0
14-08 12:12:44,23.951,6.487,56.385,12.724,0,2053940,552080,176712,5137884,8242.252,1706.532,0,38801.156,0,3230.436,13437,28697,1.820,1.600,0.860,1,0,3.992,0,0,13,60,7,23,0
14-08 12:12:45,35.770,17.760,45.275,0.250,0.250,2237388,365432,176780,5140672,9701.307,1620.887,0,2977.629,0,155.085,8442,17732,1.820,1.600,0.860,1,0,302.165,0,0,14,85,7,34,0
14-08 12:12:46,10.750,19.750,68.749,0.250,0.250,2238848,363864,176780,5140748,10783.860,1619.979,0,12563.837,0,596.992,3584,5555,1.820,1.600,0.860,1,0,444.994,0,0,14,85,7,34,0
14-08 12:12:47,26.226,16.984,55.199,0.250,0,2283600,318812,176780,5141384,5577.824,1564.548,0,1302.791,0,65.939,4742,8020,1.820,1.600,0.860,3,0,249.768,0,0,14,86,7,32,0
14-08 12:12:48,47.361,4.761,47.863,0.251,0,2395136,206756,176800,5141892,7360.311,1697.994,0,52198.772,0,277.653,1608,2643,1.820,1.600,0.860,3,0,0,0,0,14,86,7,32,0
14-08 12:12:49,12.486,16.232,69.171,0.250,0.250,2411108,190384,176800,5142176,7466.511,1692.076,0,459.478,0,31.964,2899,4816,1.670,1.570,0.860,2,0,313.643,0,0,14,89,7,27,0
14-08 12:12:50,8.987,18.224,71.647,0.250,0,2414572,186888,176800,5142208,6002.411,1583.734,0,766.903,0,47.931,2832,4380,1.670,1.570,0.860,2,0,339.514,0,0,14,89,7,27,0
14-08 12:12:51,10.777,16.542,71.431,0,0,2415480,185932,176800,5142256,8092.474,1624.109,0,116.294,0,10.025,2696,4109,1.670,1.570,0.860,1,0,338.857,0,0,14,89,7,27,0
14-08 12:12:52,22.487,3.498,73.707,0,0,2472404,129008,176800,5142256,7673.496,1693.006,0,3.998,0,0.999,1265,1738,1.670,1.570,0.860,1,0,0,0,0,14,93,7,28,0
14-08 12:12:53,21.954,5.239,71.850,0,0.249,2451312,150064,176804,5142284,6097.245,1616.618,0,1664.518,0,23.950,1862,3086,1.670,1.570,0.860,2,0,62.868,0,0,14,91,7,29,0
14-08 12:12:54,25.809,3.759,69.158,0.752,0,2474904,144444,176816,5125308,5899.445,1623.700,4.009,5733.066,1.002,660.505,3406,5694,1.620,1.560,0.860,1,0,2.005,0,0,14,99,7,29,0
14-08 12:12:55,31.738,6.997,58.479,0.500,0.250,2472852,155380,176816,5116432,6812.527,1729.372,59.978,1423.483,5.998,169.938,3707,6819,1.620,1.560,0.860,2,0,117.957,0,0,14,106,7,31,0
14-08 12:12:56,23.266,4.253,72.300,1.001,0,2525428,127676,175088,5093368,6863.770,1769.230,112.078,2717.889,6.004,326.227,1697,2554,1.620,1.560,0.860,1,0,0,0,0,14,108,7,31,0
14-08 12:12:57,32.164,8.727,57.597,0.748,0,2555208,140680,174480,5051424,8375.712,1623.679,2936.187,1914.904,104.721,154.589,3448,5683,1.620,1.560,0.860,2,0,94.748,0,0,14,109,7,33,0
14-08 12:12:58,43.038,4.254,52.797,0.500,0,2617708,131708,173788,4999232,8631.604,1769.559,236.208,1601.411,19.017,220.194,1681,2066,1.620,1.560,0.860,2,0,4.004,0,0,14,109,7,34,0
14-08 12:12:59,20.994,5.499,71.731,0,0,2616920,147768,173676,4984244,8862.678,1661.565,19.995,511.866,3.999,35.991,1450,1923,1.730,1.580,0.870,1,0,56.985,0,0,14,113,7,34,0
14-08 12:13:00,22.494,4.249,72.982,0,0,2596952,167764,173676,4984244,42934.224,1735.564,59.985,323.919,8.998,18.995,1524,2130,1.730,1.580,0.870,2,0,50.987,0,0,14,113,7,35,0
14-08 12:13:01,21.242,6.498,71.474,0.250,0,2576164,188484,173676,4984312,5947.823,1619.407,7.997,735.731,1.000,77.971,2135,3601,1.730,1.580,0.870,2,0,53.980,0,0,14,113,7,37,0
14-08 12:13:02,22.008,3.751,73.025,0,0.250,2640352,124276,173676,4984332,4988.721,1694.585,0,336.116,0,17.006,1122,1692,1.730,1.580,0.870,2,0,28.010,0,0,14,113,7,37,0
14-08 12:13:03,21.242,4.998,72.224,0,0,2623464,141116,173676,4984380,8639.838,1565.427,0,3.999,0,1.000,1414,1918,1.730,1.580,0.870,1,0,54.980,0,0,14,113,7,38,0
14-08 12:13:04,26.061,5.513,67.157,1.253,0.251,2586496,177908,173676,4984556,8560.990,1663.885,12.028,1262.949,3.007,190.445,3479,7102,1.670,1.570,0.870,3,0,30.070,0,0,14,113,7,40,0
14-08 12:13:05,23.001,4.500,71.003,1.000,0.250,2646100,131792,173676,4971272,5744.207,1710.062,996.036,4912.177,17.001,318.011,1928,3630,1.670,1.570,0.870,1,0,26.001,0,0,14,115,7,40,0
14-08 12:13:06,30.749,3.750,64.999,0.500,0,2660352,131552,173676,4957260,12789.770,1619.971,743.987,783.986,128.998,104.998,3211,6168,1.670,1.570,0.870,3,0,0,0,0,14,115,7,41,0
14-08 12:13:07,28.114,4.478,65.434,0.498,0,2663904,127844,173676,4957532,8825.356,1612.210,465.749,4645.553,18.909,288.605,2394,4506,1.670,1.570,0.870,1,0,68.668,0,0,14,115,7,41,0
14-08 12:13:08,21.856,7.285,70.594,0.502,0,2631100,160384,173676,4957796,5748.992,1627.926,0,1133.519,0,116.568,2873,5268,1.670,1.570,0.870,1,0,147.719,0,0,14,115,7,42,0
14-08 12:13:09,23.949,1.996,72.096,0.249,0,2671948,119004,173676,4958328,6003.171,1710.345,566.789,510.908,4.989,27.940,1384,2127,1.620,1.560,0.870,4,0,0,0,0,14,117,7,42,0
14-08 12:13:10,34.357,3.511,59.685,0.502,0,2632892,171816,173504,4944872,5053.666,1699.268,1171.632,1215.769,16.050,147.457,3513,6919,1.620,1.560,0.870,3,0,19.059,0,0,14,115,7,43,0
14-08 12:13:11,32.439,10.231,56.394,0.749,0.250,2675464,126176,173504,4947940,4825.898,1720.755,2994.353,1469.229,80.848,124.765,4444,8136,1.620,1.560,0.870,5,0,269.492,0,0,14,115,7,43,0
14-08 12:13:12,18.239,9.744,71.456,0,0,2642328,174520,173388,4933112,5043.913,1852.866,43.973,595.635,2.998,34.979,2043,3078,1.620,1.560,0.870,1,0,153.906,0,0,14,115,7,44,0
14-08 12:13:13,12.521,17.029,69.118,0,0,2650792,165804,173404,4933348,5731.801,1787.056,116.199,484.829,12.021,34.058,2957,4800,1.620,1.560,0.870,1,0,383.656,0,0,14,115,7,43,0
14-08 12:13:14,20.250,16.000,61.500,0,0,2664796,151104,173408,4934060,5237.984,1619.995,647.998,419.999,28.000,27.000,5271,8814,1.570,1.550,0.870,2,0,255.999,0,0,14,115,7,43,0
14-08 12:13:15,31.755,22.003,45.507,0.250,0,2711732,129216,173380,4909388,5816.832,1730.247,68.010,4724.676,10.001,410.059,3884,6687,1.570,1.550,0.870,3,0,593.085,0,0,14,115,7,43,0
14-08 12:13:16,48.012,21.505,29.507,0.250,0,2822296,154072,173200,4777200,5702.403,1690.416,2888.711,5349.316,274.067,475.117,7708,16489,1.570,1.550,0.870,5,0,321.079,0,0,16,127,7,44,0
14-08 12:13:17,56.090,22.833,19.855,0,0,2918176,127504,173164,4709920,6046.846,1608.257,1512.952,4197.351,148.913,380.224,5618,9810,1.570,1.550,0.870,2,0,659.187,0,0,16,127,7,43,0
14-08 12:13:18,68.986,18.631,12.840,0,0,3030856,126160,173192,4600784,7076.821,1522.720,1127.941,757.332,71.503,96.681,7861,20014,1.570,1.550,0.870,7,0,367.588,0,0,16,135,7,43,0
14-08 12:13:19,42.267,22.509,34.264,0,0,3102164,129812,173204,4527636,6101.416,1566.620,28.011,6394.532,3.001,417.165,4548,8934,1.760,1.590,0.890,2,0,663.263,0,0,16,143,7,43,0
14-08 12:13:20,24.760,16.007,57.024,0,0.250,3130968,128160,173204,4500840,5047.095,1780.739,0,304.126,0,13.005,5056,10779,1.760,1.590,0.890,2,0,292.121,0,0,17,143,7,43,0
14-08 12:13:21,34.934,19.713,44.416,0,0,3204968,124012,173204,4432920,7772.264,1690.794,0,31.939,0,7.985,4400,8696,1.760,1.590,0.890,4,0,552.952,0,0,17,143,7,43,0
14-08 12:13:22,44.555,20.275,34.543,0.250,0,3304840,131152,173224,4327648,4757.924,1622.019,16.020,736.917,3.004,51.064,7570,16609,1.760,1.590,0.890,2,0,388.484,0,0,17,155,7,43,0
14-08 12:13:23,32.462,22.973,44.948,0.499,0,3374244,128448,173224,4262204,5227.920,1618.118,47.944,427.503,2.997,41.951,4293,7189,1.760,1.590,0.890,3,0,738.142,0,0,17,159,7,43,0
14-08 12:13:24,22.449,21.701,54.127,0.249,0,3435408,129748,173224,4201592,5419.670,1686.164,19.955,558.729,2.993,39.909,6513,13097,1.780,1.600,0.890,18,0,475.917,0,0,17,167,7,43,0
14-08 12:13:25,31.491,12.246,54.734,0,0.250,3494948,131824,173224,4141032,6269.194,1729.502,171.950,7697.783,15.995,552.841,4845,9789,1.780,1.600,0.890,4,0,160.954,0,0,17,169,7,43,0
14-08 12:13:26,47.765,7.252,44.764,0,0,3615892,136044,173228,4018300,6646.120,1586.506,8.003,228.073,2.001,27.009,1929,2504,1.780,1.600,0.890,6,0,4.001,0,0,17,175,7,43,0
14-08 12:13:27,39.371,7.774,53.414,0.251,0,3580308,236460,173228,3955036,6293.270,1570.810,1352.140,654.003,36.111,46.141,2365,3628,1.780,1.600,0.890,3,0,78.240,0,0,17,178,7,43,0
14-08 12:13:28,38.470,22.732,38.220,0,0,3658832,156664,173236,3956300,6350.034,1692.676,7.994,311.756,1.998,19.984,6012,15009,1.780,1.600,0.890,2,0,657.486,0,0,17,180,7,42,0
14-08 12:13:29,46.011,17.504,35.008,0.250,0,3671704,140936,173248,3959500,8799.059,1620.379,1608.376,584.137,39.009,45.011,6541,13865,1.960,1.640,0.910,5,0,314.073,0,0,17,191,7,42,0
14-08 12:13:30,81.752,15.000,2.750,0.250,0,3763020,174476,173260,3837664,45765.144,1620.041,284.007,3348.084,9.000,179.004,3074,6841,1.960,1.640,0.910,5,0,164.004,0,0,17,202,6,43,0
14-08 12:13:31,78.790,15.258,5.253,0,0,3883048,124864,173380,3767868,5665.901,1620.830,472.242,1388.711,7.004,41.021,4247,12436,1.960,1.640,0.910,4,0,61.031,0,0,17,210,6,45,0
14-08 12:13:32,61.244,20.498,18.498,0.250,0.250,3879124,144116,173388,3752488,6641.303,1619.830,231.976,18834.022,8.999,649.932,5707,12786,1.960,1.640,0.910,4,0,401.958,0,0,17,215,6,46,0
14-08 12:13:33,50.755,22.002,26.502,0,0,3876352,161124,173388,3738336,5352.482,1512.136,0,804.072,0,44.004,7396,24692,1.960,1.640,0.910,11,0,347.031,0,0,17,215,6,47,0
14-08 12:13:34,56.309,24.025,18.269,0,0,3912428,173324,173388,3690508,6990.361,1621.708,4.004,816.860,1.001,49.052,10758,21952,2.200,1.700,0.930,7,0,562.592,0,0,17,219,6,47,0
14-08 12:13:35,62.610,18.137,17.392,0.248,0.248,4018248,131764,173452,3627008,5790.923,1609.970,119.257,16807.291,17.889,551.564,4745,9679,2.200,1.700,0.930,11,0,267.335,0,0,17,223,6,49,0
14-08 12:13:36,58.014,23.859,17.329,0.251,0.251,4067080,131784,173452,3579608,6390.075,1683.661,56.256,827.766,5.023,68.311,5502,14287,2.200,1.700,0.930,4,0,539.455,0,0,17,223,6,49,0
14-08 12:13:37,67.267,14.254,16.004,0,0,4126348,130492,173464,3522612,16075.987,1620.402,44.011,936.232,3.001,63.016,6081,19707,2.200,1.700,0.930,4,0,215.053,0,0,17,233,6,52,0
14-08 12:13:38,68.420,9.239,21.974,0,0,4218956,151980,173464,3410972,6391.496,1692.014,0,8841.620,0,705.172,3161,4582,2.200,1.700,0.930,5,0,6.992,0,0,17,236,6,53,0
14-08 12:13:39,66.883,12.024,20.290,0.501,0,4262804,215704,173476,3306048,7634.230,1767.526,877.751,1090.175,25.050,106.212,5586,10504,2.270,1.720,0.940,4,0,169.338,0,0,17,247,6,60,0
14-08 12:13:40,53.521,23.759,22.259,0.500,0,4287112,190236,173480,3307216,7255.873,1512.599,1848.732,1392.551,62.025,150.059,5146,9974,2.270,1.720,0.940,3,0,576.228,0,0,17,247,6,57,0
14-08 12:13:41,56.444,16.983,24.226,0.500,0,4303764,169520,173564,3311404,8407.643,1692.318,3536.485,1853.158,53.946,101.899,6149,11722,2.270,1.720,0.940,5,0,240.761,0,0,18,248,6,58,0
14-08 12:13:42,80.501,15.250,3.750,0,0,4384640,134156,173564,3266500,8603.060,1620.011,1052.007,6648.047,21.000,588.004,3009,4222,2.270,1.720,0.940,4,0,104.001,0,0,18,251,6,55,0
14-08 12:13:43,78.028,10.504,10.504,0.250,0,4436592,187328,173592,3162288,6431.347,1566.572,1144.418,1284.469,17.006,71.026,2930,4534,2.270,1.720,0.940,3,0,51.019,0,0,18,253,6,56,0
14-08 12:13:44,26.898,13.698,59.276,0,0,4444692,177296,173600,3164316,12850.349,2858.179,832.847,549.918,11.955,38.853,4022,9238,2.330,1.740,0.960,2,0,219.170,0,0,18,253,6,57,0
14-08 12:13:45,20.018,6.256,72.564,0.250,0,4479792,142152,173600,3164360,22581.895,5716.036,800.705,552.487,8.007,39.034,2126,3252,2.330,1.740,0.960,2,0,11.010,0,0,18,256,6,57,0
14-08 12:13:46,18.753,6.251,73.261,0,0,4478944,142996,173600,3164364,7276.084,1620.241,768.114,512.076,6.001,43.006,2047,3054,2.330,1.740,0.960,2,0,10.001,0,0,18,258,6,46,0
14-08 12:13:47,23.806,13.532,61.144,0.501,0,4474380,132304,173600,3179592,16582771.427,145113.743,3420.054,1230.899,41.097,46.109,8836,7680,2.330,1.740,0.960,2,0,231.545,0,0,18,261,7,46,0
14-08 12:13:48,31.490,8.247,59.480,0.250,0,4518328,120356,173568,3147772,6100.974,1735.424,563.813,459.847,8.997,34.988,2066,3073,2.330,1.740,0.960,2,0,40.986,0,0,18,261,7,46,0
14-08 12:13:49,27.411,3.239,68.029,0.748,0,4534364,132440,173540,3119896,8637.996,1698.493,470.475,813.363,23.922,91.703,4213,8641,2.220,1.730,0.960,2,0,3.987,0,0,18,275,7,48,0
14-08 12:13:50,20.321,8.781,69.494,0.502,0.251,4464892,200732,173540,3121096,6597.202,1699.979,192.678,726.555,8.028,75.265,3401,6241,2.220,1.730,0.960,1,0,138.487,0,0,18,275,7,48,0
14-08 12:13:51,16.003,12.003,70.015,0.250,0,4503804,161408,173556,3121492,8563.798,1620.340,40.008,396.083,8.002,20.004,2880,4983,2.220,1.730,0.960,3,0,329.069,0,0,18,275,7,48,0
14-08 12:13:52,17.961,9.479,71.096,0,0.249,4461732,203436,173556,3121536,6257.434,1562.612,0,319.308,0,15.965,2263,3450,2.220,1.730,0.960,1,0,158.656,0,0,18,275,7,48,0
14-08 12:13:53,11.262,17.768,71.323,0,0.501,4468684,196384,173556,3121636,6402.595,1695.747,72.074,356.367,5.005,20.021,3072,4939,2.220,1.730,0.960,1,0,350.361,0,0,18,275,7,48,0
14-08 12:13:54,5.235,5.982,86.744,0,0,4474660,190344,173556,3121700,5346.213,1655.112,7.976,1587.313,0.997,89.735,2208,3841,2.040,1.700,0.950,1,0,151.552,0,0,18,275,7,46,0
14-08 12:13:55,17.565,3.011,78.291,0.251,0,4524492,140448,173556,3121764,7351.281,1700.310,64.238,16196.104,1.004,47.175,1527,2285,2.040,1.700,0.950,1,0,11.041,0,0,18,275,7,46,0
14-08 12:13:56,20.231,7.992,70.683,0.250,0,4472684,192220,173560,3121796,6283.069,1692.402,103.902,1410.668,8.992,96.909,2751,4512,2.040,1.700,0.950,2,0,135.872,0,0,18,281,7,45,0
14-08 12:13:57,12.009,16.763,70.054,0.250,0,4474604,190016,173560,3122080,11318.761,1663.287,0,2041.580,0,78.060,3259,5170,2.040,1.700,0.950,1,0,246.191,0,0,18,281,7,45,0
14-08 12:13:58,18.253,10.502,71.012,0,0,4506900,157568,173560,3122232,8279.407,1694.288,4.001,96.016,1.000,12.002,2428,3756,2.040,1.700,0.950,1,0,163.028,0,0,18,285,7,43,0
14-08 12:13:59,24.493,3.249,70.729,0.500,0,4562340,130356,173556,3094008,9595.160,1565.537,735.782,227.933,44.987,32.990,1715,2586,1.960,1.690,0.950,1,0,1.000,0,0,18,287,7,43,0
14-08 12:14:00,24.245,4.499,70.237,0.250,0,4471160,246252,173548,3069440,41615.010,1619.689,139.973,471.909,12.998,53.990,2023,3095,1.960,1.690,0.950,2,0,7.998,0,0,18,289,7,41,0
14-08 12:14:01,24.174,3.240,71.524,0,0,4532132,185268,173548,3069452,6981.972,1507.245,55.824,191.396,12.959,8.972,1477,2087,1.960,1.690,0.950,6,0,0,0,0,18,289,7,41,0
14-08 12:14:02,25.020,2.252,70.806,0,0.250,4574408,142932,173548,3069512,6474.095,1843.451,4.003,212.167,1.001,11.009,1845,2845,1.960,1.690,0.950,5,0,2.002,0,0,18,295,7,40,0
14-08 12:14:03,23.425,5.482,71.022,0,0.249,4523840,193448,173548,3069564,9134.614,1614.805,27.910,0,0.997,0,1413,1929,1.960,1.690,0.950,1,0,14.952,0,0,18,289,7,40,0
14-08 12:14:04,20.645,6.798,71.502,0,0.252,4482480,233668,173556,3070696,9444.242,1631.443,1506.567,108.763,20.141,2.014,2012,3015,1.880,1.680,0.950,1,0,132.932,0,0,18,289,7,40,0
14-08 12:14:05,12.976,15.222,70.120,0.250,0.250,4502368,213516,173560,3070956,6590.827,1617.013,19.963,598.894,4.991,29.945,3136,5216,1.880,1.680,0.950,3,0,363.329,0,0,18,289,7,37,0
14-08 12:14:06,20.190,6.481,71.787,0.499,0,4517420,197940,173580,3071460,12992.490,1615.213,506.499,191.433,28.914,10.967,1980,2965,1.880,1.680,0.950,2,0,92.725,0,0,18,289,7,37,0
14-08 12:14:07,22.836,6.274,69.513,0,0,4542504,172516,173588,3071792,12497.327,1463.542,160.608,124.471,8.030,4.015,9198,18723,1.880,1.680,0.950,2,0,12.046,0,0,18,289,7,36,0
14-08 12:14:08,20.653,2.240,75.894,0,0,4539208,173672,173756,3073492,13300.660,5343.953,0,828.119,0,29.860,1512,2324,1.880,1.680,0.950,3,0,0.995,0,0,18,290,7,36,0
14-08 12:14:09,23.612,5.777,69.077,0.251,0,4534472,178408,173760,3073488,6071.756,1702.061,4.019,285.351,1.005,30.143,10040,20088,1.810,1.660,0.950,2,0,12.057,0,0,18,290,7,35,0
14-08 12:14:10,15.954,12.962,70.546,0.249,0,4506460,206620,173760,3073272,6105.313,1956.333,31.908,390.868,0.997,20.939,2822,4583,1.810,1.660,0.950,2,0,263.237,0,0,18,289,7,35,0
14-08 12:14:11,26.007,2.501,71.019,0,0,4547144,165544,173760,3073648,5494.484,1690.456,16.004,176.048,1.000,12.003,1753,2800,1.810,1.660,0.950,4,0,0,0,0,18,289,7,36,0
14-08 12:14:12,18.803,8.273,70.949,0,0,4533244,179400,173760,3073692,5753.114,1624.550,8.022,6782.999,1.003,664.862,2256,2968,1.810,1.660,0.950,1,0,112.315,0,0,18,289,7,36,0
14-08 12:14:13,21.180,5.731,71.515,0,0.249,4506460,206180,173760,3073696,5169.986,1614.686,0,191.370,0,11.961,1863,2849,1.810,1.660,0.950,1,0,69.770,0,0,18,289,7,35,0
14-08 12:14:14,22.487,5.247,71.458,0,0,4478852,233756,173760,3073728,5966.504,1565.083,0,91.946,0,8.995,1842,2864,1.750,1.650,0.950,3,0,55.967,0,0,18,289,7,35,0
14-08 12:14:15,24.514,2.752,71.041,0.250,0,4529992,182600,173760,3073744,5244.010,1512.868,0,124.071,0,12.007,1806,2905,1.750,1.650,0.950,5,0,2.001,0,0,18,289,7,37,0
14-08 12:14:16,23.760,4.252,71.030,0,0.250,4528480,184104,173760,3073752,5980.506,1620.679,0,152.064,0,10.004,1666,2474,1.750,1.650,0.950,8,0,36.015,0,0,18,289,7,37,0
14-08 12:14:17,26.255,6.001,65.513,0.500,0.250,4504740,207568,173760,3074028,7805.569,1620.326,264.053,720.145,28.006,56.011,2835,5996,1.750,1.650,0.950,2,0,77.015,0,0,18,289,7,39,0
14-08 12:14:18,21.476,5.244,71.918,0,0,4497640,214644,173760,3074052,5360.894,1692.073,0,16832.827,0,56.935,1896,2801,1.750,1.650,0.950,2,0,31.964,0,0,18,289,7,41,0
14-08 12:14:19,25.497,3.000,70.742,0.250,0,4543356,168780,173760,3074200,6739.232,1693.807,0,499.943,0,57.993,1999,3425,1.770,1.660,0.960,3,0,0,0,0,18,289,7,41,0
14-08 12:14:20,5.987,6.486,85.561,0,0,4495660,216180,173768,3074488,13351.440,4729.529,187.585,375.169,4.989,23.947,2226,3810,1.770,1.660,0.960,1,0,179.602,0,0,18,291,7,41,0
14-08 12:14:21,5.015,6.019,87.018,0,0,4493988,217840,173768,3074500,18049.593,5641.375,0,224.692,0,15.046,1986,3179,1.770,1.660,0.960,1,0,139.429,0,0,18,289,7,43,0
14-08 12:14:22,2.253,1.002,95.644,0,0.250,4493716,218108,173768,3074504,8026.095,1588.394,4.006,200.302,1.002,10.015,1223,1963,1.770,1.660,0.960,3,0,3.005,0,0,18,289,7,43,0
14-08 12:14:23,21.031,12.268,64.847,1.252,0,4467024,239828,174044,3078920,6830.225,126747.741,3357.025,7947.898,168.252,38.057,3296,7601,1.770,1.660,0.960,3,0,76.114,0,0,18,289,7,43,0
14-08 12:14:24,3.741,1.746,93.519,0,0,4465700,238732,174044,3081332,6021.146,1616.013,0,135.665,0,10.973,4343,8836,1.620,1.630,0.950,2,0,0,0,0,18,289,7,43,0
14-08 12:14:25,2.001,0.750,95.787,0,0.250,4465696,238732,174044,3081336,7191.798,1620.630,0,56.022,0,6.002,1124,1901,1.620,1.630,0.950,1,0,2.001,0,0,18,289,7,43,0
14-08 12:14:26,1.250,0.500,95.972,0,0,4465696,238732,174044,3081336,4846.604,1767.491,0,0,0,0,1045,1817,1.620,1.630,0.950,1,0,0,0,0,18,289,7,43,0
14-08 12:14:27,1.993,1.246,95.161,0,0,4465696,238732,174044,3081336,7736.450,1687.989,0,0,0,0,1211,1917,1.620,1.630,0.950,1,0,0,0,0,18,289,7,43,0
14-08 12:14:28,4.011,1.755,92.749,0,0,4465452,238732,174044,3081580,8213.027,1698.556,0,324.871,0,5.013,2040,3808,1.620,1.630,0.950,2,0,0,0,0,18,289,7,43,0
14-08 12:14:29,5.496,0.999,91.428,0.250,0,4465448,238732,174044,3081584,9984.182,1510.817,79.937,195.847,4.996,20.984,1590,2678,1.490,1.600,0.950,1,0,0,0,0,18,289,7,43,0
14-08 12:14:30,2.750,1.000,95.501,0,0.500,4465348,238732,174044,3081684,43728.394,1694.015,0,244.002,0,23.000,1420,2303,1.490,1.600,0.950,1,0,0,0,0,18,289,7,43,0
14-08 12:14:31,1.750,0.500,95.015,0.250,0,4465348,238732,174044,3081684,6582.066,1566.254,0,136.022,0,9.001,1155,1921,1.490,1.600,0.950,1,0,0,0,0,18,289,7,42,0
14-08 12:14:32,2.252,0.500,96.332,0,0,4465344,238732,174044,3081688,9519.110,1621.381,0,104.089,0,8.007,1151,1893,1.490,1.600,0.950,1,0,0,0,0,18,289,7,42,0
14-08 12:14:33,1.751,0.250,96.058,0.250,0,4465344,238732,174044,3081688,6648.009,1620.977,0,6215.748,0,518.313,1300,1918,1.490,1.600,0.950,1,0,0,0,0,18,289,7,34,0
14-08 12:14:34,1.501,0.500,96.551,0,0,4465344,238732,174044,3081688,5174.758,1768.943,0,196.105,0,15.008,1069,1900,1.370,1.580,0.940,1,0,0,0,0,18,289,7,34,0
14-08 12:14:35,1.999,1.000,95.720,0,0,4465592,238484,174044,3081688,6086.071,1511.521,0,0,0,0,1067,1804,1.370,1.580,0.940,2,0,1.999,0,0,18,289,7,34,0
14-08 12:14:36,1.749,0.749,96.169,0,0,4465592,238484,174044,3081688,5606.285,1618.639,0,7.993,0,1.998,1046,1760,1.370,1.580,0.940,1,0,0,0,0,18,289,7,34,0
14-08 12:14:37,2.500,0.750,95.496,0,0,4465588,238484,174044,3081692,7505.677,1619.930,0,0,0,0,1191,1941,1.370,1.580,0.940,1,0,0,0,0,18,289,7,29,0
14-08 12:14:38,1.999,0.250,95.943,0,0,4465588,238484,174044,3081692,5060.020,1565.078,0,143.915,0,2.998,1003,1711,1.370,1.580,0.940,1,0,0,0,0,18,289,7,29,0
14-08 12:14:39,10.506,4.253,84.550,0.250,0,4466376,237688,174044,3081700,8372.932,1620.955,256.151,340.200,2.001,40.024,1698,2825,1.260,1.550,0.940,2,0,5.003,0,0,18,289,7,21,0
14-08 12:14:40,17.472,5.491,75.379,0,0.250,4459780,244276,174044,3081724,7450.005,1617.396,782.740,187.698,6.989,15.974,1748,2663,1.260,1.550,0.940,1,0,6.989,0,0,18,289,7,21,0
14-08 12:14:41,2.503,0.250,95.853,0.250,0,4459936,244120,174044,3081724,6910.408,1621.739,0,140.150,0,11.012,1163,1913,1.260,1.550,0.940,1,0,0,0,0,18,289,7,19,0
14-08 12:14:42,2.251,0.750,96.289,0,0,4459868,244120,174044,3081792,8801.565,1586.643,0,108.044,0,9.004,1146,1931,1.260,1.550,0.940,1,0,0,0,0,18,289,7,19,0
14-08 12:14:43,1.003,1.003,96.271,0.501,0,4460316,243672,174044,3081792,7275.451,1698.775,0,9594.971,0,539.517,1124,1804,1.260,1.550,0.940,0,0,0,0,0,18,289,7,17,0
14-08 12:14:44,1.496,0.499,96.509,0,0,4460316,243672,174044,3081792,5256.853,1615.958,0,23.940,0,1.995,992,1763,1.160,1.530,0.930,1,0,0,0,0,18,289,7,17,0
14-08 12:14:45,1.749,1.499,94.451,0,0.500,4460652,243424,174044,3081792,8347.626,1619.152,0,111.941,0,12.993,1365,2267,1.160,1.530,0.930,1,0,1.999,0,0,18,289,7,16,0
14-08 12:14:46,1.750,0.250,95.763,0,0,4460652,243424,174044,3081792,6317.872,1566.216,0,200.028,0,15.002,1110,1810,1.160,1.530,0.930,1,0,0,0,0,18,289,7,16,0
14-08 12:14:47,2.000,0.500,96.488,0,0,4460652,243424,174044,3081792,8613.966,1619.806,0,0,0,0,1094,1748,1.160,1.530,0.930,1,0,0,0,0,18,289,7,16,0
14-08 12:14:48,2.249,1.000,95.971,0,0,4460652,243424,174044,3081792,7427.794,1619.519,0,43.987,0,2.999,1060,1771,1.160,1.530,0.930,1,0,0,0,0,18,289,7,16,0
14-08 12:14:49,1.247,0.748,95.549,0,0.249,4460652,243424,174044,3081792,8107.925,1508.822,0,151.681,0,17.962,1149,2053,1.070,1.500,0.930,1,0,0,0,0,18,289,7,16,0
14-08 12:14:50,1.754,0.251,95.722,0.501,0,4460652,243424,174044,3081792,14167.912,1697.944,32.075,256.596,1.002,21.049,1219,2068,1.070,1.500,0.930,2,0,0,0,0,18,289,7,14,0
14-08 12:14:51,1.251,0.751,96.588,0,0,4460612,243424,174044,3081832,10168.212,1621.469,0,100.091,0,8.007,1002,1689,1.070,1.500,0.930,1,0,0,0,0,18,289,7,14,0
14-08 12:14:52,2.501,1.251,96.039,0,0,4460612,243424,174044,3081832,4903.000,1694.691,0,104.042,0,8.003,1117,1850,1.070,1.500,0.930,2,0,0,0,0,18,289,7,13,0
14-08 12:14:53,1.001,0.500,96.310,0,0,4460612,243424,174044,3081832,5658.503,1566.970,0,564.349,0,17.011,1002,1790,1.070,1.500,0.930,1,0,0,0,0,18,289,7,13,0
14-08 12:14:54,1.999,1.000,95.974,0,0,4460612,243424,174044,3081832,4560.787,53.986,0,3.999,0,1.000,1073,1882,0.980,1.470,0.920,3,0,0,0,0,18,289,7,13,0
14-08 12:14:55,11.496,4.998,81.720,0.250,0,4471816,231828,174080,3082188,338893.965,10528.147,383.860,159.941,15.994,11.996,1890,2547,0.980,1.470,0.920,1,0,34.987,0,0,18,289,7,13,0
14-08 12:14:56,13.792,6.520,78.488,0,0,4480760,217236,174100,3087784,235254.291,4339.156,80.243,16.049,2.006,3.009,1745,2393,0.980,1.470,0.920,3,0,39.119,0,0,18,289,7,13,0
