"pcp-dstat 6.2.0 CSV Output"
"Author:","PCP team <pcp@groups.io> and Dag Wieers <dag@wieers.com>",,,,"URL:","https://pcp.io/ and http://dag.wieers.com/home-made/dstat/"
"Host:","ubuntu",,,,"User:","ubuntu"
"Cmdline:","dstat -tcmndrylpg --tcp --output /tmp/devstack_logs/dstat-csv.log",,,,"Date:","13 Mar 2026 03:43:27 UTC"
"system","total usage",,,,,"memory usage",,,,"net/total",,"dsk/total",,"io/total",,"system",,"load avg",,,"procs",,,"paging",,"tcp sockets",,,,
"time","total usage:usr","total usage:sys","total usage:idl","total usage:wai","total usage:stl","used","free","buf","cach","net/total:recv","net/total:send","dsk/total:read","dsk/total:writ","read","writ","int","csw","1m","5m","15m","run","blk","new","in","out","lis","act","syn","tim","clo"
13-03 03:43:27,,971000,1656532,164224,5026272,,,,,,,1.270,0.860,0.470,2,0,,,,10,2,1,17,0
13-03 03:43:28,9.745,19.991,68.718,0.250,0,1002876,1624580,164236,5026228,5403.503,2861.678,0,1175.457,0,53.975,6411,5368,1.270,0.860,0.470,1,0,441.796,0,0,10,2,1,17,0
13-03 03:43:29,11.505,21.509,66.028,0.250,0,998032,1629248,164240,5026740,4802.031,1620.686,0,220.093,0,18.008,6627,5958,1.240,0.860,0.470,1,0,390.165,0,0,10,2,1,17,0
13-03 03:43:30,16.460,14.963,68.082,0,0,994888,1632360,164240,5026412,4319.372,1616.024,0,15.961,0,3.990,5498,5264,1.240,0.860,0.470,0,0,229.435,0,0,10,2,1,17,0
13-03 03:43:31,10.246,8.247,79.720,0,0,1117640,1509192,164240,5151576,4498.333,1619.400,0,2806.960,0,161.940,3818,5489,1.240,0.860,0.470,0,0,74.972,0,0,11,2,1,17,0
13-03 03:43:32,9.754,6.252,83.281,0,0,1124020,1502760,164244,5151624,6098.273,3129.166,16.006,8.003,1.000,2.001,2401,1909,1.240,0.860,0.470,3,0,86.032,0,0,11,5,1,17,0
13-03 03:43:33,34.813,12.022,52.846,0,0,1092268,1534240,164272,5151868,11087.190,4006.295,0,861.569,0,30.055,4586,3291,1.240,0.860,0.470,2,0,221.403,0,0,11,5,1,19,0
13-03 03:43:34,30.939,4.242,63.376,0.749,0,1165984,1459184,164348,5152892,30200.707,10717.957,31.937,2966.176,1.996,50.900,2509,1769,1.220,0.860,0.480,2,0,0,0,0,11,5,1,19,0
13-03 03:43:35,32.590,3.510,61.671,1.003,0,1212720,1410592,164540,5154204,37101.009,15173.127,0,4175.593,0,218.607,3364,3270,1.220,0.860,0.480,3,1,4.011,0,0,11,8,1,19,0
13-03 03:43:36,25.709,6.240,53.665,11.731,0,1237176,1374844,165948,5163532,43956.514,14891.460,0,45799.601,0,3799.993,16216,30615,1.220,0.860,0.480,1,1,74.882,0,0,11,8,1,19,0
13-03 03:43:37,36.303,7.261,53.328,2.504,0,1260564,1350208,166496,5164092,24314.550,13660.974,0,26514.767,0,1569.294,6846,10266,1.220,0.860,0.480,1,0,78.114,0,0,11,6,1,19,0
13-03 03:43:38,40.867,5.482,52.081,0.748,0,1264256,1317480,167296,5189824,172253.514,5263.872,0,3010.205,0,111.637,3010,1998,1.220,0.860,0.480,2,0,0.997,0,0,11,6,1,19,0
13-03 03:43:39,45.839,5.260,47.843,0.751,0,1239084,1323988,167884,5205884,4869.459,1623.153,0,9161.797,0,437.851,3834,3584,1.290,0.880,0.490,2,0,11.021,0,0,11,6,1,19,0
13-03 03:43:40,43.791,6.256,48.796,0.500,0,1309188,1231948,168456,5225184,4822.566,1459.382,0,2238.119,0,92.087,3108,1972,1.290,0.880,0.490,2,0,0,0,0,11,6,1,19,0
13-03 03:43:41,40.884,9.722,47.864,0.997,0,1285328,1235132,169496,5242188,4666.784,1615.425,0,2871.867,0,121.655,4530,3511,1.290,0.880,0.490,2,0,191.458,0,0,11,6,1,19,0
13-03 03:43:42,31.072,21.300,45.356,0.501,0,1293716,1217144,170548,5248128,4250.900,1106.577,0,2778.471,0,89.208,6546,5520,1.290,0.880,0.490,2,0,488.137,0,0,11,4,1,19,1
13-03 03:43:43,31.508,17.505,50.013,0,0,1151664,1359344,170552,5248452,3198.832,702.183,0,8.002,0,2.001,6612,8278,1.290,0.880,0.490,5,0,290.075,0,0,11,4,1,19,0
13-03 03:43:44,45.154,7.484,46.651,0,0,1226480,1284504,170564,5248576,4071.385,1616.579,0,0,0,0,2935,1645,1.340,0.900,0.490,4,0,52.888,0,0,11,5,1,19,0
13-03 03:43:45,44.439,6.241,48.933,0,0,1252988,1257540,170576,5249020,4613.661,1617.777,0,319.561,0,22.968,2595,1297,1.340,0.900,0.490,2,0,0,0,0,11,5,1,19,0
13-03 03:43:46,31.546,10.515,56.833,0.250,0,1292576,1215304,170672,5251448,4386.380,1622.360,0,17172.977,0,183.267,4685,5531,1.340,0.900,0.490,0,0,124.181,0,0,11,4,1,19,0
13-03 03:43:47,8.249,3.750,86.489,0,0,1320792,1187092,170680,5251444,4396.437,1619.793,0,3111.601,0,163.979,1648,1638,1.340,0.900,0.490,2,0,21.997,0,0,11,4,1,19,0
13-03 03:43:48,22.239,3.248,73.215,0,0,1379252,1128628,170680,5251452,4917.673,1661.214,0,0,0,0,1813,1333,1.340,0.900,0.490,1,0,0,0,0,11,4,1,19,0
13-03 03:43:49,24.503,2.000,73.509,0.500,0,1405696,1101976,170680,5251660,5358.688,1458.187,0,448.058,0,25.003,1994,1635,1.320,0.900,0.500,4,0,2.000,0,0,11,10,1,19,0
13-03 03:43:50,20.258,5.752,71.277,0.750,0,1315556,1192000,170760,5251696,5944.273,1620.620,0,3521.346,0,309.118,4007,5057,1.320,0.900,0.500,1,0,42.016,0,0,11,4,1,21,0
13-03 03:43:51,19.498,3.000,76.492,0,0,1354920,1152196,170896,5251892,6506.325,3846.601,143.985,20945.826,6.999,111.988,2038,1624,1.320,0.900,0.500,0,0,0,0,0,11,5,1,15,0
13-03 03:43:52,21.004,2.750,74.763,0.500,0,1360864,1145700,170936,5252256,9108.555,5233.893,268.046,1268.216,66.011,19.003,2675,2719,1.320,0.900,0.500,1,0,3.001,0,0,11,29,1,15,0
13-03 03:43:53,19.749,5.250,74.245,0,0,1393680,1112868,170936,5252272,6966.562,4114.742,0,595.963,0,108.993,2477,1867,1.320,0.900,0.500,1,0,42.997,0,0,11,28,1,16,0
13-03 03:43:54,17.525,2.003,79.865,0,0,1415120,1091420,170936,5252280,10030.481,7433.732,0,0,0,0,1845,1487,1.290,0.900,0.500,1,0,0,0,0,11,29,1,16,0
13-03 03:43:55,30.291,11.516,57.328,0.250,0,1467900,1038592,170936,5252300,6470.853,2751.765,0,1301.781,0,20.027,3688,2556,1.290,0.900,0.500,2,0,156.214,0,0,11,28,1,17,0
13-03 03:43:56,35.705,4.994,58.675,0,0,1500192,1006276,170940,5252312,12325.325,10058.209,0,31024.545,0,667.152,3411,2762,1.290,0.900,0.500,4,0,0,0,0,11,30,1,17,0
13-03 03:43:57,36.791,15.267,45.801,0,0,1447972,1058484,170948,5252516,14689.484,10752.065,0,852.957,0,40.045,7337,9508,1.290,0.900,0.500,6,0,384.431,0,0,11,28,1,18,0
13-03 03:43:58,82.414,17.482,0,0,0,1625012,881364,170952,5252544,6240.493,3420.434,0,11.988,0,2.997,5208,3375,1.290,0.900,0.500,6,0,193.798,0,0,11,29,1,18,0
13-03 03:43:59,79.316,10.509,10.759,0,0,1756984,749328,170952,5252604,29757.898,27733.204,0,0,0,0,7051,7653,1.430,0.940,0.510,3,0,1.001,0,0,11,34,1,17,0
13-03 03:44:00,64.605,13.470,20.205,0.748,0,1527684,978368,170956,5252832,23787.549,18311.853,0,814.171,0,68.845,8534,11390,1.430,0.940,0.510,2,0,249.440,0,0,11,28,1,23,0
13-03 03:44:01,19.239,7.246,72.707,0,0,1489080,1016968,170956,5252836,4417.383,1079.361,0,367.782,0,8.995,2396,1845,1.430,0.940,0.510,1,0,59.964,0,0,11,28,1,23,0
13-03 03:44:02,15.732,2.247,80.158,0,0,1481484,1024464,170956,5252888,10411.085,7247.705,0,111.872,0,7.991,2223,2275,1.430,0.940,0.510,0,0,0,0,0,11,29,1,23,0
13-03 03:44:03,19.282,7.012,72.871,0.250,0,1446092,1059836,170964,5252900,7956.228,2684.463,0,2203.664,0,133.221,3281,3016,1.430,0.940,0.510,2,0,68.113,0,0,11,28,1,23,0
13-03 03:44:04,18.245,2.249,78.228,0,0,1472612,1033312,170964,5252904,9360.372,6091.290,0,0,0,0,1931,1599,1.390,0.940,0.520,0,0,0,0,0,11,29,1,23,0
13-03 03:44:05,13.036,11.532,74.705,0,0,1427196,1078704,170968,5252924,9208.219,4000.958,0,172.472,0,21.058,4675,4485,1.390,0.940,0.520,1,0,234.643,0,0,11,28,1,24,0
13-03 03:44:06,25.208,31.198,42.928,0,0,1450920,1054960,170972,5252940,4540.395,1313.799,0,1864.876,0,36.938,6359,5459,1.390,0.940,0.520,6,0,783.687,0,0,11,28,1,24,0
13-03 03:44:07,83.864,12.480,2.995,0,0,1659736,846104,170972,5252976,8088.896,6194.964,0,327.470,0,12.979,4854,2249,1.390,0.940,0.520,2,0,18.969,0,0,11,31,1,24,0
13-03 03:44:08,67.913,7.769,23.807,0,0.251,1691964,813656,170972,5253192,41479.421,37925.904,0,489.172,0,26.062,8601,12903,1.390,0.940,0.520,3,0,0,0,0,11,33,1,24,0
13-03 03:44:09,72.821,20.520,6.006,0.250,0,1548580,957008,170984,5253208,14546.269,9605.423,0,580.570,0,71.070,7394,8841,1.760,1.020,0.550,6,0,312.306,0,0,11,28,1,25,0
13-03 03:44:10,86.508,13.751,0.250,0,0,1733816,771664,170984,5253316,9836.950,6906.667,0,192.019,0,10.001,5051,2812,1.760,1.020,0.550,6,0,0,0,0,11,30,1,25,0
13-03 03:44:11,76.493,9.999,12.249,0,0,1781052,724072,170988,5253664,43178.814,39912.131,0,1451.859,0,21.998,8197,11899,1.760,1.020,0.550,5,1,0,0,0,11,33,1,26,0
13-03 03:44:12,59.842,18.451,20.197,0,0,1565368,939544,170996,5253860,24905.316,20004.242,0,73733.539,0,318.161,7996,11137,1.760,1.020,0.550,3,0,297.216,0,0,11,28,1,30,0
13-03 03:44:13,38.489,5.498,55.235,0,0,1569536,935344,170996,5253876,10696.080,7810.868,0,195.947,0,7.998,2985,2114,1.760,1.020,0.550,4,0,0,0,0,11,30,1,30,0
13-03 03:44:14,33.353,17.303,48.650,0.251,0,1543152,961660,170996,5253928,16073.479,12592.764,0,280.865,0,31.096,6561,7546,2.020,1.090,0.570,5,0,329.013,0,0,11,29,1,31,0
13-03 03:44:15,63.067,9.971,26.174,0,0,1604084,900696,171004,5253952,11546.536,9062.735,0,203.410,0,9.971,4106,2428,2.020,1.090,0.570,1,0,49.856,0,0,11,31,1,32,0
13-03 03:44:16,48.137,7.020,43.875,0,0,1578028,926536,171024,5254148,28158.364,23361.674,0,481.374,0,43.123,8615,11200,2.020,1.090,0.570,2,0,12.034,0,0,11,29,1,32,0
13-03 03:44:17,74.255,22.002,4.250,0,0,1565548,939012,171024,5254152,6040.413,1818.124,0,11328.775,0,76.005,5465,3320,2.020,1.090,0.570,4,0,246.017,0,0,11,28,1,32,0
13-03 03:44:18,59.212,7.745,30.980,0,0,1636748,867748,171024,5254212,28666.525,26100.179,0,143.907,0,5.996,6651,7309,2.020,1.090,0.570,4,0,0,0,0,11,32,1,32,0
13-03 03:44:19,61.284,17.510,20.761,0.250,0,1563224,941100,171032,5254372,23003.684,17476.636,0,2029.119,0,120.066,8406,11552,2.100,1.120,0.580,3,0,325.179,0,0,11,28,1,35,0
13-03 03:44:20,54.241,6.249,39.743,0,0.250,1619412,884868,171032,5254416,16728.206,13239.789,0,0,0,0,3924,2734,2.100,1.120,0.580,3,0,0,0,0,11,31,1,31,0
13-03 03:44:21,54.007,13.002,30.504,0,0,1567780,936304,171040,5254600,22965.812,18875.311,0,360.044,0,31.004,7786,14532,2.100,1.120,0.580,5,0,232.028,0,0,11,28,1,34,0
13-03 03:44:22,65.846,13.469,20.702,0,0,1588500,915564,171044,5254616,5077.161,1582.310,0,562.688,0,11.972,3960,2010,2.100,1.120,0.580,3,0,102.760,0,0,11,28,1,34,0
13-03 03:44:23,41.592,5.512,51.615,0,0,1598020,905988,171044,5254672,26884.679,24245.821,0,180.400,0,19.042,6130,7405,2.100,1.120,0.580,2,0,0,0,0,11,31,1,34,0
13-03 03:44:24,57.102,18.951,23.439,0,0,1504432,999280,171052,5254960,10657.465,6462.304,0,3187.764,0,118.693,5597,5265,2.170,1.150,0.600,4,0,286.260,0,0,11,28,1,33,0
13-03 03:44:25,52.732,6.748,39.236,0,0,1574472,929204,171056,5254992,14899.818,12265.734,0,103.964,0,6.998,4240,3069,2.170,1.150,0.600,4,0,0,0,0,11,31,1,33,0
13-03 03:44:26,50.257,12.252,36.255,0.250,0,1515424,988064,171060,5255176,17811.356,14530.922,0,296.039,0,35.005,7229,8836,2.170,1.150,0.600,3,0,112.015,0,0,11,28,1,35,0
13-03 03:44:27,55.204,6.994,37.469,0,0,1567820,935644,171060,5255200,9399.157,7738.543,0,2242.129,0,56.952,3413,1498,2.170,1.150,0.600,3,0,0,0,0,11,31,1,35,0
13-03 03:44:28,51.555,6.507,41.044,0,0,1489228,1014192,171068,5255252,25285.087,20738.216,0,284.305,0,33.035,7736,9767,2.170,1.150,0.600,4,0,30.032,0,0,11,28,1,37,0
13-03 03:44:29,63.829,31.665,3.740,0,0,1542976,960432,171096,5255236,4340.366,1507.958,0,2916.184,0,173.535,6083,5478,2.480,1.230,0.630,10,0,564.487,0,0,11,28,1,37,0
13-03 03:44:30,76.381,23.214,0.998,0,0,1732988,770332,171096,5255320,15296.105,13401.066,0,0,0,0,5903,5089,2.480,1.230,0.630,8,0,388.393,0,0,11,32,1,37,0
13-03 03:44:31,73.117,21.785,4.257,0,0,1789132,714016,171108,5255488,44723.709,39601.496,0,733.176,0,49.079,8952,11121,2.480,1.230,0.630,8,0,444.713,0,0,11,31,1,38,0
13-03 03:44:32,78.663,21.111,0.251,0,0,1637496,865396,171108,5255740,19617.109,15518.567,0,751.952,0,39.206,6896,7161,2.480,1.230,0.630,5,0,401.108,0,0,11,28,1,38,0
13-03 03:44:33,82.002,12.712,5.234,0,0,1710912,791916,171108,5255804,18675.509,15828.122,0,115.650,0,8.973,5337,3434,2.480,1.230,0.630,3,0,26.919,0,0,11,32,1,38,0
13-03 03:44:34,69.871,9.516,19.534,0,0,1682500,820120,171108,5256008,42542.519,37048.024,0,4.007,0,1.002,9900,14775,2.520,1.260,0.640,5,0,77.133,0,0,11,30,1,41,0
13-03 03:44:35,30.259,25.508,43.013,0,0,1469568,1032968,171108,5256088,13846.247,8418.582,0,16.005,0,4.001,7227,7507,2.520,1.260,0.640,1,0,550.169,0,0,11,28,1,43,0
13-03 03:44:36,25.276,33.285,40.292,0,0,1468496,1034028,171108,5256100,5764.019,1555.625,0,44.046,0,11.011,6098,5166,2.520,1.260,0.640,6,0,731.764,0,0,11,28,1,41,0
13-03 03:44:37,73.446,17.237,9.243,0,0,1603776,898704,171108,5256144,11873.295,7923.191,0,19.985,0,1.999,4892,3280,2.520,1.260,0.640,2,0,243.821,0,0,11,30,2,41,0
13-03 03:44:38,59.862,8.480,30.180,0.249,0,1602860,899384,171132,5256352,29356.109,24798.649,0,2829.456,0,147.659,7185,10083,2.520,1.260,0.640,6,0,62.855,0,0,11,30,1,43,0
13-03 03:44:39,76.722,18.554,4.513,0.251,0,1570232,931968,171148,5256380,7639.111,4447.874,0,473.370,0,43.125,6042,4924,2.640,1.310,0.660,4,0,208.604,0,0,11,28,1,45,0
13-03 03:44:40,65.433,7.742,26.723,0,0,1612100,890040,171148,5256440,28157.374,25045.538,0,231.764,0,11.988,6379,7126,2.640,1.310,0.660,5,0,0,0,0,11,32,1,45,0
13-03 03:44:41,47.976,6.497,43.228,0,0,1611692,890040,171152,5256840,45740.857,39876.824,0,187.905,0,9.995,12655,19910,2.640,1.310,0.660,4,0,0,0,0,11,32,1,45,0
13-03 03:44:42,72.614,14.773,12.269,0.250,0,1510312,991364,171164,5256876,17978.148,12989.337,0,604.947,0,68.107,8479,9913,2.640,1.310,0.660,4,0,120.188,0,0,11,28,1,45,0
13-03 03:44:43,71.040,8.724,19.193,0,0,1625100,876532,171168,5256916,19032.617,15788.228,0,1240.326,0,13.959,4883,3432,2.640,1.310,0.660,3,0,0,0,0,11,32,1,45,0
13-03 03:44:44,53.138,7.269,38.350,0,0,1625348,876028,171168,5257164,42593.790,38164.269,0,172.449,0,9.023,12316,18646,2.590,1.320,0.660,4,0,0,0,0,11,32,1,45,0
13-03 03:44:45,57.266,13.754,27.758,0,0,1535072,966080,171168,5257388,32637.879,26642.248,0,176.048,0,12.003,10223,14259,2.590,1.320,0.660,4,0,205.056,0,0,11,29,1,48,0
13-03 03:44:46,78.749,15.750,4.750,0,0,1608296,892812,171168,5257404,6873.915,4507.944,0,155.998,0,6.000,4764,2096,2.590,1.320,0.660,2,0,60.999,0,0,11,30,1,49,0
13-03 03:44:47,60.843,7.979,30.920,0,0,1630760,870144,171168,5257600,35074.642,30194.215,0,151.609,0,9.974,7641,10165,2.590,1.320,0.660,3,0,0,0,0,11,31,1,50,0
13-03 03:44:48,66.580,13.964,17.705,0,0,1609932,890896,171180,5257660,26811.592,22113.578,0,343.125,0,31.919,8483,12237,2.590,1.320,0.660,6,0,97.751,0,0,11,28,1,51,0
13-03 03:44:49,72.619,12.727,14.723,0,0,1636896,863760,171180,5257832,15633.712,12184.952,0,115.790,0,7.986,4748,2902,2.540,1.330,0.670,3,0,30.944,0,0,11,31,1,51,0
13-03 03:44:50,65.230,12.544,21.827,0,0,1602584,898024,171184,5257868,23868.086,20012.503,0,357.259,0,37.131,6282,8523,2.540,1.330,0.670,3,0,120.424,0,0,11,30,1,53,0
13-03 03:44:51,68.931,8.021,22.810,0,0,1669888,830492,171184,5258092,33283.537,28481.909,0,156.411,0,10.026,5586,10332,2.540,1.330,0.670,4,0,12.032,0,0,11,30,1,55,0
13-03 03:44:52,70.809,15.013,14.012,0,0,1626548,873772,171188,5258148,21447.966,16911.165,0,312.262,0,24.020,6551,8097,2.540,1.330,0.670,4,0,139.117,0,0,11,30,1,55,0
13-03 03:44:53,71.593,14.219,13.470,0,0,1618784,881368,171188,5258268,18431.505,14585.954,0,235.483,0,16.963,5489,5189,2.540,1.330,0.670,6,0,79.825,0,0,11,34,1,55,0
13-03 03:44:54,68.492,13.748,17.998,0,0,1580916,919184,171188,5258312,20580.689,16913.101,0,119.987,0,7.999,6021,6067,2.580,1.360,0.680,7,0,67.992,0,0,11,34,1,57,0
13-03 03:44:55,59.559,11.762,27.277,0.250,0,1602844,897172,171200,5258380,22994.715,19477.240,0,3487.445,0,167.165,5284,6592,2.580,1.360,0.680,2,0,138.136,0,0,11,34,1,59,0
13-03 03:44:56,53.981,10.996,35.237,0.250,0,1556676,943312,171208,5258396,10732.140,6664.603,0,355.872,0,34.987,4709,4159,2.580,1.360,0.680,3,0,119.957,0,0,11,33,1,61,0
13-03 03:44:57,53.224,6.247,39.231,0,0,1607016,892772,171208,5258592,21207.550,17184.532,0,211.896,0,15.992,4566,4494,2.580,1.360,0.680,3,0,0,0,0,11,34,1,60,0
13-03 03:44:58,53.303,12.012,33.784,0,0,1522020,977580,171216,5258768,18041.059,14183.197,0,216.216,0,13.013,5788,7138,2.580,1.360,0.680,3,0,182.182,0,0,11,32,1,62,0
13-03 03:44:59,57.535,8.468,32.877,0,0,1597388,902204,171216,5258776,9977.670,7087.483,0,255.046,0,16.937,3914,2995,2.530,1.370,0.690,2,0,0.996,0,0,11,33,1,62,0
13-03 03:45:00,39.584,8.769,50.857,0,0,1592316,907032,171216,5259016,26949.878,22191.836,0,156.330,0,10.021,6334,7972,2.530,1.370,0.690,2,0,86.182,0,0,11,34,1,63,0
13-03 03:45:01,32.474,9.742,55.455,0,0,1528212,971116,171216,5259032,9842.074,6220.990,0,375.697,0,32.973,4879,4959,2.530,1.370,0.690,4,0,134.891,0,0,11,32,1,58,0
13-03 03:45:02,37.020,6.504,55.780,0,0,1563584,935708,171220,5259056,9134.956,6023.268,0,164.089,0,10.005,2749,1392,2.530,1.370,0.690,4,0,5.003,0,0,11,34,0,58,0
13-03 03:45:03,37.492,4.499,56.738,0.250,0,1531520,967552,171228,5259264,19729.958,14224.086,0,559.885,0,46.990,5465,6400,2.530,1.370,0.690,2,0,8.998,0,0,11,32,0,60,0
13-03 03:45:04,37.840,13.532,47.863,0.251,0,1492088,1006976,171228,5259272,6693.843,1461.459,0,164.389,0,10.024,3828,2230,2.490,1.380,0.700,2,0,129.306,0,0,11,32,0,60,0
13-03 03:45:05,33.198,3.744,61.404,0,0,1515644,983396,171232,5259292,18783.509,13587.666,0,335.473,0,29.953,3231,3342,2.490,1.380,0.700,2,0,0,0,0,11,33,0,60,0
13-03 03:45:06,34.962,10.239,53.691,0.250,0,1443148,1055848,171248,5259316,10272.747,6706.653,0,954.954,0,71.921,4287,4293,2.490,1.380,0.700,2,0,64.929,0,0,11,32,0,61,0
13-03 03:45:07,35.330,5.262,58.883,0,0,1485648,1013336,171248,5259328,13398.321,10137.943,0,108.245,0,8.018,2990,2314,2.490,1.380,0.700,1,0,0,0,0,11,34,0,61,0
13-03 03:45:08,33.989,6.498,58.231,0,0,1432588,1066352,171248,5259372,19406.573,14706.130,0,243.919,0,14.995,5506,7108,2.490,1.380,0.700,2,0,42.986,0,0,11,32,0,63,0
13-03 03:45:09,39.479,6.497,52.972,0,0,1476948,1021984,171252,5259376,6798.449,3711.062,0,411.785,0,60.968,2919,1724,2.370,1.380,0.700,2,0,5.997,0,0,11,33,0,61,0
13-03 03:45:10,31.057,4.258,63.366,0.250,0,1492124,1006640,171252,5259540,21342.146,17873.784,0,116.213,0,8.015,5097,6208,2.370,1.380,0.700,4,0,0,0,0,11,34,0,61,0
13-03 03:45:11,26.925,12.465,59.084,0.249,0,1465660,1033020,171256,5259620,8151.166,4681.885,0,311.128,0,32.908,4949,5155,2.370,1.380,0.700,1,0,281.212,0,0,11,32,0,63,0
13-03 03:45:12,18.497,2.500,77.986,0,0,1461288,1037380,171260,5259624,9924.254,6488.858,0,155.973,0,7.999,1843,1524,2.370,1.380,0.700,1,0,0,0,0,11,33,0,63,0
13-03 03:45:13,16.794,3.259,78.957,0,0,1422972,1075672,171260,5259648,9678.344,6762.709,0,216.567,0,20.053,3541,4218,2.370,1.380,0.700,2,0,24.063,0,0,11,32,0,59,0
13-03 03:45:14,11.509,17.763,69.552,0,0,1422920,1075716,171260,5259656,4355.235,1513.124,0,1320.981,0,18.013,4410,2984,2.260,1.370,0.700,1,0,260.193,0,0,11,32,0,59,0
13-03 03:45:15,18.467,2.496,77.613,0.250,0,1420232,1078396,171264,5259660,7153.359,3910.090,0,2475.625,0,136.758,1825,1363,2.260,1.370,0.700,3,0,0,0,0,11,33,0,59,0
13-03 03:45:16,19.470,2.496,76.633,0,0,1415808,1082788,171272,5259684,13803.907,9977.753,0,339.481,0,23.963,3307,3945,2.260,1.370,0.700,2,0,0,0,0,11,32,0,60,0
13-03 03:45:17,19.494,6.998,72.977,0,0,1390104,1108492,171272,5259684,5267.328,1553.507,0,3.999,0,1.000,2271,1450,2.260,1.370,0.700,1,0,45.985,0,0,11,32,0,57,0
13-03 03:45:18,18.039,2.505,78.420,0,0,1407336,1091256,171272,5259688,10672.191,7293.850,0,144.314,0,12.026,2154,2127,2.260,1.370,0.700,1,0,0,0,0,11,33,0,57,0
13-03 03:45:19,17.473,2.496,77.379,0.250,0,1403964,1094448,171292,5259848,14253.704,10108.189,0,1901.026,0,108.830,4582,6018,2.160,1.360,0.700,2,0,0.998,0,0,11,32,0,57,0
13-03 03:45:20,10.523,20.043,67.645,0,0,1360980,1137284,171292,5259992,4930.558,1623.477,0,92.197,0,8.017,4999,3198,2.160,1.360,0.700,1,0,305.655,0,0,11,32,0,57,0
13-03 03:45:21,24.246,23.246,51.742,0,0.250,1373480,1124748,171300,5260016,4999.194,1619.739,0,267.957,0,17.997,5655,9959,2.160,1.360,0.700,2,0,356.942,0,0,11,32,0,55,0
13-03 03:45:22,42.390,7.730,48.624,0,0,1495752,1001280,171332,5261116,4565.154,1615.807,0,462.799,0,14.961,2788,1411,2.160,1.360,0.700,3,0,1.995,0,0,11,32,0,55,0
13-03 03:45:23,35.502,8.000,44.503,9.251,0,1521784,969556,171840,5265780,4218.242,1458.084,0,18969.087,0,1887.108,10796,18830,2.160,1.360,0.700,3,0,90.005,0,0,11,36,0,55,0
13-03 03:45:24,34.867,11.037,41.138,11.037,0,1464568,1023008,172480,5268732,4575.311,1625.440,0,42434.007,0,3728.477,15600,29025,2.150,1.370,0.710,4,0,73.245,0,0,11,36,0,55,0
13-03 03:45:25,40.454,9.489,44.949,3.496,0,1546496,941104,172824,5268336,4333.092,1498.303,0,27792.518,0,1927.816,8588,14009,2.150,1.370,0.710,2,0,12.985,0,0,11,32,0,51,0
13-03 03:45:26,43.109,6.728,45.351,2.492,0,1507896,979344,173084,5268436,4545.095,1614.705,0,4676.664,0,669.803,6369,8488,2.150,1.370,0.710,1,1,1.993,0,0,11,34,0,51,0
13-03 03:45:27,38.624,9.280,42.637,8.277,0,1486192,999760,173920,5268856,4429.211,1462.693,0,23688.003,0,2583.289,13811,23737,2.150,1.370,0.710,3,0,9.029,0,0,11,32,0,51,0
13-03 03:45:28,24.206,5.740,68.376,0.250,0,1476984,1008952,173932,5268860,4731.389,1617.057,0,2754.986,0,137.749,2751,2262,2.150,1.370,0.710,3,0,91.833,0,0,11,32,0,51,0
13-03 03:45:29,22.003,4.751,71.759,0.250,0.250,1471116,1014792,173948,5268872,4148.530,1134.145,0,1176.150,0,70.009,2107,1760,2.050,1.370,0.710,3,0,1.000,0,0,11,32,0,47,0
13-03 03:45:30,22.745,3.249,71.984,0.750,0,1490484,995364,174008,5268872,3791.167,1025.775,0,5074.884,0,265.942,2303,2311,2.050,1.370,0.710,3,0,2.000,0,0,11,32,0,47,0
13-03 03:45:31,22.505,4.001,73.016,0,0,1508784,977040,174008,5268892,3732.840,972.219,0,836.188,0,132.030,1886,1344,2.050,1.370,0.710,1,0,1.000,0,0,11,32,0,47,0
13-03 03:45:32,21.980,3.497,73.183,0,0,1527672,958152,174008,5268892,5200.249,1456.669,0,7.993,0,1.998,1851,1170,2.050,1.370,0.710,1,0,1.998,0,0,11,32,0,47,0
13-03 03:45:33,22.416,3.736,72.978,0,0,1488420,997388,174008,5268904,4515.165,1506.383,0,1737.522,0,214.201,1909,1290,2.050,1.370,0.710,2,0,0.996,0,0,11,32,0,46,0
13-03 03:45:34,22.103,3.516,73.342,0,0,1509212,976592,174012,5268904,4943.053,1627.591,0,4.019,0,1.005,1820,1174,1.970,1.360,0.720,3,0,2.009,0,0,11,32,0,46,0
13-03 03:45:35,22.483,3.747,72.694,0.250,0,1474404,1011316,174012,5268984,5142.055,1564.800,0,187.856,0,1.998,1835,1271,1.970,1.360,0.720,2,0,0.999,0,0,11,32,0,46,0
13-03 03:45:36,20.762,4.503,73.542,0,0,1530348,955372,174012,5268984,5523.137,1620.921,0,0,0,0,1766,1212,1.970,1.360,0.720,1,0,2.001,0,0,11,32,0,46,0
13-03 03:45:37,23.487,2.998,72.459,0,0,1480704,1004916,174016,5269080,5413.918,1619.078,0,447.745,0,36.979,2003,1653,1.970,1.360,0.720,1,0,0.999,0,0,11,32,0,46,0
13-03 03:45:38,21.833,4.015,73.531,0,0,1469312,1016284,174016,5269104,3955.100,1084.139,0,4.015,0,1.004,1769,1190,1.970,1.360,0.720,3,0,1.004,0,0,11,32,0,41,0
13-03 03:45:39,21.951,3.742,73.337,0,0,1450636,1034960,174016,5269104,3659.874,754.325,0,27.938,0,4.989,1807,1201,1.890,1.350,0.720,1,0,2.993,0,0,11,32,0,41,0
13-03 03:45:40,22.983,2.748,73.446,0,0,1439564,1046008,174016,5269124,4290.846,917.326,0,0,0,0,1702,1080,1.890,1.350,0.720,1,0,0.999,0,0,11,32,0,41,0
13-03 03:45:41,21.740,3.998,73.715,0,0,1497312,988260,174016,5269124,4120.069,797.626,0,0,0,0,1723,1312,1.890,1.350,0.720,1,0,0,0,0,11,32,0,41,0
13-03 03:45:42,22.250,4.000,73.249,0,0,1511608,973928,174016,5269156,4742.967,1565.989,0,135.999,0,2.000,1774,1264,1.890,1.350,0.720,1,0,1.000,0,0,11,32,0,37,0
13-03 03:45:43,22.491,2.999,73.719,0,0,1529516,956016,174016,5269156,4558.101,1619.325,0,0,0,0,1751,1097,1.890,1.350,0.720,3,0,1.999,0,0,11,32,0,37,0
13-03 03:45:44,8.281,20.577,69.509,0,0,1499304,986068,174020,5269308,4544.904,1463.443,0,594.210,0,7.026,5075,3472,1.820,1.350,0.720,2,0,311.157,0,0,11,32,0,37,0
13-03 03:45:45,7.981,21.200,68.836,0,0,1473056,1012248,174020,5269336,4968.174,1616.153,0,686.366,0,7.981,5351,3752,1.820,1.350,0.720,2,0,338.195,0,0,11,32,0,37,0
13-03 03:45:46,8.263,22.034,67.855,0,0,1437280,1047988,174020,5269368,4404.810,1460.258,0,729.127,0,89.138,5389,3769,1.820,1.350,0.720,2,0,332.514,0,0,11,32,0,33,0
13-03 03:45:47,8.256,21.266,69.053,0.500,0,1433908,1051300,174032,5269396,4460.438,1621.250,0,568.438,0,35.027,5420,4143,1.820,1.350,0.720,1,0,325.251,0,0,11,32,0,33,0
13-03 03:45:48,17.454,8.478,72.807,0,0,1448892,1036312,174032,5269396,4208.869,1454.154,0,0,0,0,2554,1928,1.820,1.350,0.720,1,0,68.818,0,0,11,32,0,33,0
13-03 03:45:49,23.247,2.500,73.240,0,0,1486116,999104,174032,5269380,5759.194,1661.768,0,15.998,0,1.000,1754,1188,1.750,1.340,0.720,1,0,3.000,0,0,11,32,0,33,0
13-03 03:45:50,22.228,4.496,72.928,0,0,1438100,1047104,174032,5269396,6469.593,1618.397,0,3.996,0,0.999,1852,1243,1.750,1.340,0.720,3,0,0.999,0,0,11,32,0,30,0
13-03 03:45:51,22.271,3.753,73.568,0,0,1473552,1011668,174032,5269380,5405.030,1621.509,0,20.019,0,1.001,1729,1065,1.750,1.340,0.720,2,0,2.002,0,0,11,32,0,30,0
13-03 03:45:52,22.253,3.500,73.510,0,0,1484692,1000500,174040,5269400,5177.709,1620.222,0,56.008,0,2.000,1777,1206,1.750,1.340,0.720,2,0,1.000,0,0,11,32,0,30,0
13-03 03:45:53,22.247,3.250,73.740,0,0,1525092,960112,174040,5269388,4277.413,1457.800,0,11.998,0,1.000,1705,1086,1.750,1.340,0.720,3,0,2.000,0,0,11,32,0,30,0
13-03 03:45:54,22.006,3.501,73.519,0,0,1478756,1006432,174040,5269404,4441.128,1620.412,0,2068.525,0,16.004,1805,1306,1.690,1.340,0.720,2,0,1.000,0,0,11,32,0,23,0
13-03 03:45:55,22.497,3.500,73.991,0,0,1530232,954976,174040,5269384,4599.445,1619.804,0,19.998,0,1.000,1766,1173,1.690,1.340,0.720,3,0,2.000,0,0,11,32,0,23,0
13-03 03:45:56,22.004,3.251,73.513,0,0,1480580,1004608,174040,5269404,4758.839,1458.257,0,8.001,0,2.000,1822,1281,1.690,1.340,0.720,2,0,1.000,0,0,11,32,0,23,0
13-03 03:45:57,22.248,3.750,73.244,0,0,1507692,977488,174048,5269400,4578.628,1619.868,0,751.939,0,89.993,1973,1545,1.690,1.340,0.720,1,0,2.000,0,0,11,32,0,23,0
13-03 03:45:58,22.803,3.007,73.672,0,0,1459636,1025540,174048,5269412,5009.687,1461.409,0,0,0,0,1759,1173,1.690,1.340,0.720,5,0,1.002,0,0,11,32,0,18,0
13-03 03:45:59,22.200,3.492,73.583,0,0,1518140,967064,174048,5269384,4848.974,1616.325,0,27.936,0,0.998,1814,1222,1.640,1.330,0.730,1,0,2.993,0,0,11,32,0,18,0
13-03 03:46:00,22.499,3.500,73.247,0,0,1468648,1016528,174048,5269412,4817.779,1457.933,0,0,0,0,1765,1205,1.640,1.330,0.730,1,0,1.000,0,0,11,32,0,18,0
13-03 03:46:01,22.251,3.750,73.752,0,0,1510780,974484,174048,5269324,4860.121,1620.040,0,0,0,0,1757,1222,1.640,1.330,0.730,1,0,2.000,0,0,11,32,0,18,0
13-03 03:46:02,22.995,2.999,72.733,0,0,1463284,1021860,174048,5269444,5373.731,1457.656,0,143.966,0,3.999,1820,1213,1.640,1.330,0.730,1,0,2.000,0,0,11,32,0,13,0
13-03 03:46:03,21.488,3.998,73.709,0,0,1457740,1027404,174048,5269444,6780.205,1713.041,0,135.924,0,27.984,1814,1292,1.640,1.330,0.730,1,0,0.999,0,0,11,32,0,13,0
13-03 03:46:04,22.501,3.500,73.004,0,0.250,1491376,993788,174048,5269424,6018.314,1458.076,0,0,0,0,1762,1138,1.590,1.320,0.730,2,0,2.000,0,0,11,32,0,13,0
13-03 03:46:05,22.765,3.252,73.800,0,0,1461820,1023324,174048,5269444,6184.174,1621.094,0,20.014,0,1.001,1704,1119,1.590,1.320,0.730,1,0,1.001,0,0,11,32,0,13,0
13-03 03:46:06,22.000,3.250,73.501,0,0,1470328,1014816,174048,5269444,4920.066,1620.022,0,24.000,0,1.000,1736,1189,1.590,1.320,0.730,2,0,1.000,0,0,11,32,0,9,0
13-03 03:46:07,22.499,4.000,73.248,0.250,0,1474420,1010712,174052,5269452,5116.863,1619.957,0,483.987,0,36.999,1974,1734,1.590,1.320,0.730,1,0,0,0,0,11,32,0,9,0
13-03 03:46:08,23.249,2.500,73.246,0,0,1488140,997000,174052,5269444,4439.776,1619.918,0,51.997,0,3.000,1735,1147,1.590,1.320,0.730,1,0,2.000,0,0,11,32,0,9,0
13-03 03:46:09,9.520,20.795,68.146,0,0,1435060,1049988,174052,5269500,4106.819,1461.138,0,601.291,0,64.138,5028,3444,1.540,1.320,0.730,3,0,314.676,0,0,11,32,0,9,0
13-03 03:46:10,13.981,13.731,70.904,0,0,1460884,1024156,174052,5269508,4194.320,1617.809,0,47.935,0,1.997,3395,2367,1.540,1.320,0.730,1,0,146.801,0,0,11,32,0,7,0
13-03 03:46:11,23.205,2.246,73.357,0,0,1500692,984164,174052,5269692,3872.441,1077.896,0,0,0,0,1693,1023,1.540,1.320,0.730,2,0,0,0,0,11,32,0,7,0
13-03 03:46:12,21.752,3.750,73.508,0,0,1464660,1020156,174052,5269732,4775.526,1458.161,0,156.017,0,2.000,1874,1233,1.540,1.320,0.730,1,0,9.001,0,0,11,32,0,7,0
13-03 03:46:13,22.991,3.499,73.220,0,0,1479460,1005324,174052,5269764,4710.079,1511.384,0,0,0,0,1687,1013,1.540,1.320,0.730,3,0,0,0,0,11,32,0,7,0
13-03 03:46:14,12.046,19.575,67.258,0,0,1443444,1041204,174052,5269900,5226.075,1572.039,40.154,293.126,2.008,6.023,4743,3279,1.420,1.300,0.720,1,0,293.126,0,0,11,32,0,4,0
13-03 03:46:15,7.999,21.747,67.992,0,0,1439696,1044932,174052,5269920,4719.430,1079.870,0,139.983,0,4.999,5242,3640,1.420,1.300,0.720,2,0,318.961,0,0,11,32,0,4,0
13-03 03:46:16,8.000,21.999,67.748,0,0,1427884,1056724,174052,5269936,3901.911,701.984,0,231.995,0,5.000,5279,3606,1.420,1.300,0.720,1,0,326.993,0,0,11,32,0,4,0
13-03 03:46:17,8.003,22.760,67.779,0.500,0,1412608,1071964,174072,5269956,4675.033,1296.564,0,544.237,0,39.017,5409,4046,1.420,1.300,0.720,2,0,316.137,0,0,11,32,0,4,0
13-03 03:46:18,8.211,21.646,68.421,0,0,1397316,1087224,174072,5269980,4036.596,1021.092,0,549.359,0,5.971,5255,3514,1.420,1.300,0.720,2,0,313.493,0,0,11,32,0,3,0
13-03 03:46:19,8.525,23.069,66.950,0,0,1391260,1093260,174072,5269996,3650.892,1083.232,0,930.777,0,12.036,5284,3625,1.380,1.290,0.730,1,0,332.993,0,0,11,32,0,3,0
13-03 03:46:20,8.494,22.733,67.200,0,0,1375564,1108940,174072,5270012,4057.003,1079.203,0,743.451,0,9.993,5292,3513,1.380,1.290,0.730,1,0,325.759,0,0,11,32,0,3,0
13-03 03:46:21,13.001,24.753,60.257,0,0,1364180,1120308,174072,5270028,4352.471,1512.164,0,828.090,0,9.001,5940,12021,1.380,1.290,0.730,1,0,361.039,0,0,11,32,0,4,0
13-03 03:46:22,8.022,20.306,69.691,0,0,1362176,1122288,174072,5270052,4950.534,1624.441,0,176.482,0,5.014,5027,3368,1.380,1.290,0.730,1,0,270.740,0,0,11,32,0,4,0
13-03 03:46:23,7.975,20.934,69.032,0,0,1360484,1123960,174072,5270072,4338.305,1507.242,0,139.559,0,4.984,5146,3373,1.380,1.290,0.730,2,0,293.075,0,0,11,32,0,1,0
13-03 03:46:24,8.257,20.767,69.058,0,0,1358560,1125856,174072,5270096,4683.929,1621.360,0,272.228,0,6.005,5153,3600,1.350,1.290,0.730,2,0,307.258,0,0,11,32,0,1,0
13-03 03:46:25,7.983,22.951,66.856,0,0,1356096,1128292,174072,5270124,4476.376,1562.640,0,39.914,0,9.979,5542,3769,1.350,1.290,0.730,1,0,361.223,0,0,11,32,0,1,0
13-03 03:46:26,8.019,22.051,68.659,0,0,1348048,1136320,174072,5270144,4931.424,1623.762,0,28.065,0,7.016,5221,3575,1.350,1.290,0.730,1,0,314.729,0,0,11,32,0,1,0
13-03 03:46:27,14.519,24.783,58.578,0,0,1340124,1144204,174084,5270168,4374.859,1514.028,0,468.628,0,22.030,6065,4892,1.350,1.290,0.730,4,0,470.630,0,0,11,32,0,3,0
13-03 03:46:28,45.930,26.460,26.460,0,0,1471684,1012584,174096,5270184,4239.547,1563.620,0,802.778,0,54.916,5848,4943,1.350,1.290,0.730,4,0,467.289,0,0,11,32,0,7,0
13-03 03:46:29,62.099,12.520,24.289,1.002,0,1641496,839008,174248,5273480,3988.374,1243.988,372.596,3970.346,3.005,253.405,5032,4114,1.480,1.320,0.740,5,0,17.027,0,0,11,34,0,7,0
13-03 03:46:30,38.212,9.491,36.214,13.736,0,1635452,832512,174988,5284216,3346.666,1078.925,0,53314.880,0,3948.066,17374,32927,1.480,1.320,0.740,3,2,126.874,0,0,11,36,0,8,0
13-03 03:46:31,40.076,13.776,29.556,13.776,0,1623776,831740,175592,5295648,3258.144,973.836,0,106661.127,0,7444.037,23015,48311,1.480,1.320,0.740,4,1,138.261,0,0,11,36,0,8,0
13-03 03:46:32,38.734,9.246,36.485,12.995,0,1627984,818212,176096,5304116,12469.931,9423.169,0,64165.917,0,5193.889,18722,36729,1.480,1.320,0.740,3,1,35.985,0,0,11,37,0,8,0
13-03 03:46:33,37.013,23.008,27.759,10.254,0,1586800,852520,176424,5310796,7111.429,2755.942,296.101,60096.531,4.001,4296.468,18538,34674,1.480,1.320,0.740,3,1,400.137,0,0,11,34,0,9,0
13-03 03:46:34,44.245,18.748,25.497,9.249,0,1626176,805684,176708,5317244,10093.966,6489.335,1115.886,56919.171,19.998,4140.576,17725,35113,1.600,1.340,0.750,5,0,184.981,0,0,11,35,0,9,0
13-03 03:46:35,30.244,11.248,43.492,10.998,0,1610916,818608,176880,5319324,13965.390,10009.130,667.875,41728.202,11.998,3553.336,17313,32513,1.600,1.340,0.750,3,0,147.972,0,0,11,35,0,9,0
13-03 03:46:36,29.500,8.250,45.750,13.500,0,1529636,897928,177212,5320820,12481.027,7612.017,0,59664.130,0,4733.010,19135,36849,1.600,1.340,0.750,7,0,66.000,0,0,11,34,0,9,0
13-03 03:46:37,33.963,9.490,41.955,12.237,0,1580620,846196,177424,5321332,7378.023,3666.036,0,44200.213,0,3710.988,15654,28462,1.600,1.340,0.750,0,1,32.964,0,0,11,35,0,9,0
13-03 03:46:38,28.765,8.004,47.525,12.006,0,1573868,852204,177580,5321884,14699.824,10501.589,0,56738.199,0,4613.456,18948,36092,1.600,1.340,0.750,1,2,30.016,0,0,11,35,0,9,0
13-03 03:46:39,33.665,6.234,46.383,9.725,0.249,1506160,918072,177660,5323608,14865.468,10939.381,0,29716.972,0,2924.616,14769,26744,1.640,1.350,0.760,5,0,43.889,0,0,11,34,0,10,0
13-03 03:46:40,35.076,11.525,39.085,12.026,0,1557880,863680,177756,5326120,4569.925,1623.526,0,55452.436,0,4578.945,17280,34081,1.640,1.350,0.760,2,1,122.266,0,0,11,36,0,10,0
13-03 03:46:41,28.464,7.990,46.941,12.734,0,1566492,851700,177856,5329308,11449.499,8322.460,0,38367.407,0,3375.725,15757,28883,1.640,1.350,0.760,2,0,47.939,0,0,11,37,0,10,0
13-03 03:46:42,27.056,7.015,50.856,11.774,0,1561632,852936,177960,5332724,16180.651,12155.280,0,49070.052,0,4079.484,18802,35674,1.640,1.350,0.760,3,0,48.100,0,0,11,37,0,10,0
13-03 03:46:43,32.495,9.998,40.994,13.748,0,1567480,844252,178064,5335368,6736.938,3603.432,0,50803.992,0,4273.326,18193,34411,1.640,1.350,0.760,2,1,125.980,0,0,11,36,0,10,0
13-03 03:46:44,32.759,8.002,44.762,12.003,0,1582836,826732,178100,5337432,9819.566,6599.724,0,45687.938,0,4004.046,15261,30332,1.670,1.370,0.770,2,1,33.009,0,0,11,37,0,10,0
13-03 03:46:45,29.193,7.236,47.907,11.727,0,1587040,827912,178168,5331988,13345.034,9947.645,0,57967.211,0,4759.739,19797,38390,1.670,1.370,0.770,7,0,11.977,0,0,11,37,0,10,0
13-03 03:46:46,34.322,9.520,46.347,7.516,0,1529484,884908,178196,5332516,11628.352,8275.330,0,33325.791,0,2593.431,13672,23066,1.670,1.370,0.770,2,0,91.191,0,0,11,34,0,13,0
13-03 03:46:47,28.668,14.708,55.342,0.249,0,1439004,975464,178196,5332408,5553.135,3071.226,0,3565.813,0,188.462,4428,3563,1.670,1.370,0.770,1,0,211.396,0,0,11,33,0,13,0
13-03 03:46:48,17.483,1.998,79.174,0.250,0,1438220,976228,178196,5332428,13136.371,8767.571,0,1418.636,0,80.922,3175,3768,1.670,1.370,0.770,1,0,0,0,0,11,32,0,14,0
13-03 03:46:49,20.571,6.272,72.502,0,0,1422844,991604,178196,5332428,5599.432,1625.642,0,598.076,0,42.146,2238,1782,1.610,1.360,0.770,1,0,35.122,0,0,11,32,0,14,0
13-03 03:46:50,15.442,2.491,80.698,0.249,0.249,1439956,974236,178196,5332684,10453.920,6936.071,0,537.989,0,37.858,1841,1687,1.610,1.360,0.770,1,0,0,0,0,11,33,0,14,0
13-03 03:46:51,19.484,6.744,71.442,0.999,0,1438000,976188,178196,5332688,5851.214,2284.132,0,4844.038,0,279.771,3413,3567,1.610,1.360,0.770,1,0,59.951,0,0,11,32,0,15,0
13-03 03:46:52,18.559,2.759,77.999,0,0,1472988,941196,178196,5332692,9561.508,6776.622,0,24.077,0,4.013,1874,1612,1.610,1.360,0.770,1,0,0,0,0,11,33,0,15,0
13-03 03:46:53,17.269,5.506,76.086,0,0,1373964,1040104,178196,5332808,10017.270,7073.958,0,0,0,0,3526,3685,1.610,1.360,0.770,3,0,43.048,0,0,11,32,0,16,0
13-03 03:46:54,21.168,3.487,74.213,0,0,1442932,971136,178196,5332808,5217.807,2310.060,0,71.722,0,5.977,1630,1286,1.560,1.350,0.770,4,0,0,0,0,11,33,0,16,0
13-03 03:46:55,15.214,2.245,81.557,0,0,1438092,975832,178196,5332952,13531.957,10665.744,0,135.679,0,10.974,2820,3433,1.560,1.350,0.770,0,0,0,0,0,11,33,0,16,0
13-03 03:46:56,12.574,14.586,70.920,0,0,1417056,996776,178196,5333060,6688.618,2635.611,0,213.263,0,22.131,4618,3558,1.560,1.350,0.770,1,0,221.311,0,0,11,32,0,17,0
13-03 03:46:57,8.006,24.018,66.049,0,0,1406472,1007296,178196,5333124,4686.492,1567.168,0,184.137,0,12.009,5447,3826,1.560,1.350,0.770,2,0,382.285,0,0,11,32,0,17,0
13-03 03:46:58,53.267,17.756,28.259,0.500,0,1525936,887620,178212,5333320,4691.457,1620.503,0,1060.329,0,75.023,5084,3658,1.560,1.350,0.770,3,0,196.061,0,0,11,32,0,23,0
13-03 03:46:59,64.795,10.716,23.924,0,0,1689960,720528,178316,5336112,4099.040,1507.235,0,378.802,0,12.959,3720,1689,1.680,1.380,0.780,3,0,2.991,0,0,11,32,0,23,0
13-03 03:47:00,60.162,9.275,27.574,2.507,0,1819544,584844,178468,5341556,4738.788,1570.237,0,16015.217,0,741.000,6656,7546,1.680,1.380,0.780,3,1,48.130,0,0,11,38,0,23,0
13-03 03:47:01,27.003,9.251,46.255,14.752,0,1809672,583260,178548,5352588,4532.502,1512.168,0,85505.477,0,6061.672,23925,46463,1.680,1.380,0.780,3,1,210.023,0,0,11,38,0,23,0
13-03 03:47:02,24.207,9.483,47.666,15.722,0,1802196,579976,178608,5362864,5034.085,1563.231,0,90180.290,0,6660.205,24726,49198,1.680,1.380,0.780,1,1,200.645,0,0,11,38,0,23,0
13-03 03:47:03,33.809,7.263,39.819,16.779,0,1797268,576952,178684,5370484,5759.974,1662.880,0,79597.839,0,6135.625,22211,43399,1.680,1.380,0.780,2,2,174.302,0,0,11,38,0,23,0
13-03 03:47:04,35.252,11.251,35.252,15.751,0,1710612,654556,178764,5379136,5912.299,1512.076,0,74719.778,0,5130.259,19767,37966,1.780,1.410,0.790,3,0,193.010,0,0,11,36,0,23,0
13-03 03:47:05,41.263,9.253,33.260,14.504,0,1765236,588684,178784,5389948,6227.927,1566.485,0,76503.670,0,5186.605,18762,35733,1.780,1.410,0.790,3,0,0,0,0,11,36,0,23,0
13-03 03:47:06,43.500,9.500,32.000,13.000,0,1733340,614328,178824,5395920,4360.039,1080.010,0,92180.823,0,6675.060,20620,44554,1.780,1.410,0.790,4,0,84.001,0,0,11,36,0,23,0
13-03 03:47:07,32.981,6.996,46.474,9.994,0,1727452,617896,178836,5398148,4666.359,1511.145,0,48192.728,0,3626.948,14140,25865,1.780,1.410,0.790,2,0,124.929,0,0,11,34,0,23,0
13-03 03:47:08,22.195,12.968,64.590,0.249,0,1490448,854856,178836,5398192,5193.140,1562.132,0,841.915,0,46.884,3860,2932,1.780,1.410,0.790,1,0,249.382,0,0,11,32,0,23,0
13-03 03:47:09,22.246,3.999,71.737,1.000,0,1551376,793924,178836,5398196,4891.110,1511.725,0,5003.090,0,294.946,2433,2568,1.720,1.400,0.800,3,0,1.000,0,0,11,32,0,23,0
13-03 03:47:10,24.009,2.001,73.028,0,0,1566216,779080,178836,5398200,4621.786,1620.626,0,140.054,0,12.005,2222,1760,1.720,1.400,0.800,1,0,2.001,0,0,11,34,0,23,0
13-03 03:47:11,20.998,5.249,73.243,0,0,1502128,843164,178836,5398204,4739.541,1619.843,0,0,0,0,2247,1523,1.720,1.400,0.800,1,0,27.997,0,0,11,32,0,23,0
13-03 03:47:12,22.008,3.501,73.277,0,0,1542808,802484,178836,5398204,4998.862,1620.604,0,40.015,0,4.001,1829,1235,1.720,1.400,0.800,1,0,2.001,0,0,11,32,0,23,0
13-03 03:47:13,19.295,10.525,69.162,0.251,0,1476736,868548,178836,5398212,4348.192,1461.426,0,593.391,0,46.108,3422,2700,1.720,1.400,0.800,2,0,171.402,0,0,11,32,0,23,0
13-03 03:47:14,11.996,40.487,45.486,0,0,1464156,881060,178836,5398276,4618.538,1619.487,0,359.886,0,27.991,7955,7424,1.660,1.390,0.800,1,0,1057.665,0,0,11,32,0,23,0
13-03 03:47:15,7.501,22.502,68.006,0,0,1452436,892640,178836,5398416,4518.424,1458.137,0,124.012,0,12.001,5157,3258,1.660,1.390,0.800,1,0,321.030,0,0,11,32,0,23,0
13-03 03:47:16,8.217,21.663,68.228,0,0,1439592,905416,178836,5398484,5199.237,1613.556,0,274.902,0,43.825,5333,3514,1.660,1.390,0.800,1,0,318.727,0,0,11,32,0,23,0
13-03 03:47:17,9.274,19.049,69.427,0,0,1422168,922796,178836,5398516,4281.915,1136.898,0,8.020,0,2.005,5078,3499,1.660,1.390,0.800,1,0,280.716,0,0,11,32,0,23,0
13-03 03:47:18,8.996,21.490,68.218,0,0,1414588,930360,178836,5398532,4801.767,1403.347,0,111.948,0,7.996,5271,3626,1.660,1.390,0.800,1,0,288.866,0,0,11,32,0,23,0
13-03 03:47:19,18.486,16.238,64.453,0,0,1398912,946000,178836,5398980,5100.259,1402.971,0,11.991,0,2.998,6332,7643,1.610,1.390,0.800,2,0,208.847,0,0,11,32,0,23,0
13-03 03:47:20,40.757,13.752,44.007,0.250,0,1476760,868144,178848,5398896,4568.750,1188.195,0,1616.265,0,208.034,4208,2881,1.610,1.390,0.800,4,0,132.022,0,0,11,33,0,23,0
13-03 03:47:21,43.715,7.744,47.962,0,0,1573660,771128,178848,5399124,5141.891,1564.750,0,451.639,0,2.998,2856,1483,1.610,1.390,0.800,5,0,6.994,0,0,11,35,0,23,0
13-03 03:47:22,48.517,7.753,42.264,0,0,1651644,691588,178916,5400444,4970.696,1512.516,4.001,1004.343,1.000,52.018,4591,12053,1.610,1.390,0.800,2,0,48.016,0,0,11,49,0,24,0
13-03 03:47:23,21.002,16.252,61.257,0,0,1651132,689076,178928,5403204,4800.552,1620.186,0,472.054,0,24.003,5506,8229,1.610,1.390,0.800,2,0,187.022,0,0,11,48,0,24,0
13-03 03:47:24,15.537,19.797,63.151,0,0,1656524,683616,178928,5403560,4196.009,1569.744,0,264.631,0,14.033,6791,7629,1.640,1.400,0.810,1,0,276.660,0,0,11,48,0,23,0
13-03 03:47:25,6.968,3.235,88.097,0.249,0,1655208,684916,178928,5403224,4839.841,1612.617,0,119.453,0,12.941,1861,1942,1.640,1.400,0.810,0,0,27.872,0,0,11,48,0,23,0
13-03 03:47:26,0.250,1.002,97.907,0,0.250,1654776,685344,178932,5403224,4747.632,1622.609,0,36.058,0,5.008,731,969,1.640,1.400,0.810,0,0,3.005,0,0,11,48,0,23,0
13-03 03:47:27,0.750,0.250,97.757,0,0,1652168,687948,178932,5403228,5223.376,1566.113,0,0,0,0,771,948,1.640,1.400,0.810,0,0,3.000,0,0,11,48,0,23,0
13-03 03:47:28,0.500,0.500,98.016,0,0,1650364,689752,178932,5403228,4726.776,1566.257,0,0,0,0,695,913,1.640,1.400,0.810,0,0,1.000,0,0,11,48,0,19,0
13-03 03:47:29,5.500,6.500,87.002,0,0,1640496,699644,178932,5403216,3968.089,1188.027,0,0,0,0,2540,2140,1.670,1.410,0.810,1,0,88.002,0,0,11,48,0,19,0
13-03 03:47:30,18.005,18.005,62.769,0,0,1620808,719320,178932,5403232,4025.199,1404.418,0,0,0,0,5155,7080,1.670,1.410,0.810,0,0,243.072,0,0,11,48,0,19,0
13-03 03:47:31,10.738,17.481,69.923,0,0.250,1681728,658252,178932,5403392,4287.256,1510.329,0,4139.420,0,32.964,5022,4168,1.670,1.410,0.810,2,0,273.697,0,0,12,48,0,19,0
13-03 03:47:32,17.761,19.512,60.536,0.250,0,1653728,686200,178932,5403772,5662.361,1805.071,0,280.166,0,28.017,7042,8995,1.670,1.410,0.810,1,0,261.155,0,0,12,64,0,16,0
13-03 03:47:33,9.753,10.253,78.020,0,0,1653944,685848,178932,5403560,4333.118,972.251,0,664.171,0,37.010,3512,3776,1.670,1.410,0.810,0,0,187.048,0,0,12,64,0,16,0
13-03 03:47:34,10.031,15.548,73.225,0,0,1662668,677084,178932,5404020,3797.679,487.499,0,64.197,0,8.025,5004,5299,1.780,1.430,0.820,1,0,202.623,0,0,14,64,0,16,0
13-03 03:47:35,17.228,13.233,68.162,0,0,1654320,685408,178932,5403584,3495.505,539.306,0,1310.315,0,9.987,5162,5600,1.780,1.430,0.820,1,0,164.788,0,0,14,66,0,16,0
13-03 03:47:36,7.240,20.970,69.401,0.250,0,1657188,682424,178932,5403636,4833.102,1078.461,0,5148.652,0,388.446,5398,3683,1.780,1.430,0.820,1,0,307.561,0,0,14,66,0,15,0
13-03 03:47:37,8.750,21.750,68.000,0,0,1637880,701716,178932,5403652,5449.036,1638.011,0,24.000,0,6.000,5086,3421,1.780,1.430,0.820,1,0,268.002,0,0,14,66,0,15,0
13-03 03:47:38,18.481,15.734,64.185,0,0,1627532,712056,178932,5403768,3862.099,1024.965,0,39.960,0,8.991,5658,7391,1.780,1.430,0.820,0,0,178.819,0,0,14,66,0,15,0
13-03 03:47:39,26.453,24.955,46.916,0,0,1712996,626560,178940,5403692,3194.300,539.038,0,335.402,0,6.988,5877,4497,1.790,1.440,0.830,3,0,377.327,0,0,14,66,0,15,0
13-03 03:47:40,30.156,26.386,43.475,0,0,1820236,517988,179004,5404896,5116.461,1628.422,0,277.435,0,3.016,7161,7409,1.790,1.440,0.830,3,0,455.355,0,0,14,66,0,14,0
13-03 03:47:41,27.757,26.507,44.761,0,0,1941084,396792,179020,5405196,5083.256,1608.397,0,48.012,0,9.002,5930,4462,1.790,1.440,0.830,4,0,400.099,0,0,14,70,0,16,0
13-03 03:47:42,31.986,24.739,42.481,0,0,1964508,373164,179024,5405740,4994.776,1709.239,0,35.984,0,8.996,6755,5926,1.790,1.440,0.830,11,0,393.825,0,0,14,70,0,16,0
13-03 03:47:43,34.026,16.513,48.037,0.250,0,1988432,349172,179024,5405780,4923.781,1621.245,0,1048.805,0,37.028,5826,6416,1.790,1.440,0.830,6,0,213.164,0,0,14,70,0,16,0
13-03 03:47:44,50.176,27.959,20.969,0,0,2116124,221256,179036,5406080,3402.983,647.046,0,942.610,0,17.974,6015,4744,1.890,1.470,0.840,4,0,441.349,0,0,14,70,0,16,0
13-03 03:47:45,64.051,19.766,15.512,0,0,2195984,140252,179080,5407040,4493.556,1351.069,0,92.073,0,8.006,6255,8457,1.890,1.470,0.840,5,0,262.208,0,0,14,70,0,16,0
13-03 03:47:46,68.053,28.272,3.253,0.751,0,2288072,169432,172948,5294724,4895.800,1513.174,644.500,8410.527,75.058,563.437,6714,6936,1.890,1.470,0.840,7,0,490.381,0,0,14,74,0,16,0
13-03 03:47:47,64.625,24.453,6.737,2.495,0,2426576,157232,170636,5173172,4973.391,1562.980,255.506,21865.755,24.952,1239.605,11429,16746,1.890,1.470,0.840,4,0,181.649,0,0,14,74,0,16,0
13-03 03:47:48,65.820,27.924,4.238,1.496,0,2538400,192248,170192,5030100,5265.631,1615.591,75.793,20607.765,10.970,1885.854,13799,25111,1.890,1.470,0.840,5,0,446.781,0,0,14,76,0,16,0
13-03 03:47:49,70.835,22.356,6.029,0.251,0,2625536,169044,169612,4968024,4611.843,813.855,68.324,1587.519,8.038,65.309,10260,18995,1.980,1.500,0.850,5,0,224.061,0,0,14,87,0,19,0
13-03 03:47:50,51.075,27.157,20.181,0.249,0,2752492,187404,169364,4826304,4697.896,861.048,63.781,1104.215,6.976,69.761,7405,7366,1.980,1.500,0.850,3,0,592.967,0,0,14,93,0,21,0
13-03 03:47:51,39.806,27.288,31.294,0.250,0,2823816,185296,169364,4759208,4143.835,745.049,32.045,1426.008,2.003,61.086,8584,13821,1.980,1.500,0.850,3,0,418.589,0,0,14,93,0,21,0
13-03 03:47:52,52.468,15.740,31.980,0.500,0,2945356,130584,169368,4693880,3824.654,899.448,2962.183,951.416,33.979,46.971,5671,6324,1.980,1.500,0.850,3,0,194.880,0,0,14,96,0,21,0
13-03 03:47:53,51.110,10.523,37.330,0.501,0,3063944,138308,169392,4569932,4156.920,1190.555,0,3527.569,0,184.396,5783,7614,1.980,1.500,0.850,3,0,9.019,0,0,14,98,0,23,0
13-03 03:47:54,9.493,18.737,68.452,0.250,0,3075532,126496,169392,4570220,4205.077,1187.175,7.994,1247.133,1.999,82.942,5431,4615,1.900,1.490,0.850,1,0,267.814,0,0,14,101,0,24,0
13-03 03:47:55,6.991,20.475,70.164,0,0,3062768,205284,169392,4505572,4654.291,1618.015,3.995,123.848,0.999,12.984,4938,3473,1.900,1.490,0.850,1,0,244.700,0,0,14,101,0,24,0
13-03 03:47:56,7.761,20.028,70.097,0,0,3081560,186600,169392,4505504,5107.080,1622.249,4.006,2968.115,1.001,11.015,4872,3322,1.900,1.490,0.850,1,0,247.343,0,0,14,101,0,24,0
13-03 03:47:57,9.477,17.957,70.332,0,0,3096660,171480,169392,4505524,5404.075,1616.135,0,355.151,0,0.998,4583,3157,1.900,1.490,0.850,2,0,230.449,0,0,14,101,0,22,0
13-03 03:47:58,19.249,3.750,76.246,0,0,3157876,177740,169392,4439740,6874.612,3531.801,8.000,63.996,1.000,3.000,1731,1185,1.900,1.490,0.850,1,0,0,0,0,14,102,0,22,0
13-03 03:47:59,21.011,2.251,75.789,0.500,0,3156644,178912,169396,4439800,26108.409,22136.369,44.023,340.175,5.003,26.013,2751,2876,1.830,1.480,0.860,2,0,1.001,0,0,14,106,0,22,0
13-03 03:48:00,20.748,7.999,69.994,0.250,0,3136248,199292,169396,4439816,5739.476,1643.850,4.000,1779.837,1.000,104.990,2983,2552,1.830,1.480,0.860,2,0,65.994,0,0,14,109,0,23,0
13-03 03:48:01,18.235,2.248,77.435,0.500,0,3159996,175532,169396,4439828,10741.926,7825.390,0,12805.183,0,712.398,2706,2724,1.830,1.480,0.860,2,0,1.998,0,0,14,114,0,17,0
13-03 03:48:02,22.512,4.252,71.039,0.750,0.250,3167296,166964,169408,4441084,6168.377,1810.991,980.537,1048.574,45.025,128.070,3622,4337,1.830,1.480,0.860,1,0,1.001,0,0,14,118,0,17,0
13-03 03:48:03,36.945,8.987,51.174,1.747,0,3177424,221008,169412,4378392,6780.932,2379.467,758.873,2356.501,42.936,227.662,7221,9529,1.830,1.480,0.860,1,0,18.972,0,0,14,122,0,19,0
13-03 03:48:04,18.022,9.762,70.836,0.250,0,3238096,160304,169412,4378424,6333.734,1027.254,0,692.846,0,59.072,3122,2679,1.760,1.470,0.860,1,0,101.123,0,0,14,126,0,19,0
13-03 03:48:05,19.240,2.749,76.959,0.250,0,3254660,143684,169420,4378472,13102.990,7902.772,35.981,823.559,2.998,59.968,2470,2528,1.760,1.470,0.860,1,0,0.999,0,0,14,127,0,19,0
13-03 03:48:06,19.765,3.503,75.309,0.500,0,3259624,138644,169420,4378548,6577.149,3552.781,0,732.573,0,76.060,2990,3538,1.760,1.470,0.860,1,0,0,0,0,14,127,0,19,0
13-03 03:48:07,32.244,11.248,54.240,0.250,0,3304376,157608,169424,4316376,6021.871,2771.480,3.999,1111.792,1.000,101.981,4909,5151,1.760,1.470,0.860,2,0,95.982,0,0,14,128,0,20,0
13-03 03:48:08,40.232,8.246,50.727,0,0,3348064,178016,169424,4254072,6092.205,3530.380,179.917,519.762,1.000,35.983,2876,1714,1.760,1.470,0.860,3,0,3.998,0,0,14,129,0,20,0
13-03 03:48:09,19.496,6.499,71.985,0.750,0,3309240,216816,169428,4254092,25567.796,22276.466,0,1723.649,0,94.981,2812,2299,1.700,1.460,0.860,2,0,54.989,0,0,14,128,0,21,0
13-03 03:48:10,19.759,2.751,77.035,0,0,3358860,167184,169428,4254104,5399.458,3155.436,8.004,120.055,2.001,14.006,1746,1412,1.700,1.460,0.860,0,0,1.000,0,0,14,129,0,21,0
13-03 03:48:11,18.251,6.000,74.752,0,0,3347256,178780,169428,4254112,25757.737,22095.632,0,0,0,0,2652,1927,1.700,1.460,0.860,1,0,51.001,0,0,14,128,0,22,0
13-03 03:48:12,19.731,3.746,75.678,0,0,3398300,127716,169428,4254132,6120.174,3582.590,0,47.954,0,3.996,1731,1249,1.700,1.460,0.860,0,0,0,0,0,14,129,0,22,0
13-03 03:48:13,25.775,5.505,65.564,0.751,0,3401376,124592,169428,4254180,10942.658,7172.986,24.023,2162.106,3.003,184.179,7913,13689,1.700,1.460,0.860,1,0,32.031,0,0,14,136,0,27,0
13-03 03:48:14,18.247,7.999,71.739,0,0,3364812,161064,169428,4254272,4865.266,1685.746,0,187.972,0,10.998,2788,2031,1.640,1.450,0.860,1,0,81.988,0,0,14,136,0,27,0
13-03 03:48:15,18.248,2.750,78.493,0,0,3382408,143464,169428,4254276,27047.484,23692.796,0,143.987,0,7.999,1932,1607,1.640,1.450,0.860,1,0,0,0,0,14,136,0,28,0
13-03 03:48:16,20.007,6.752,72.524,0.250,0,3370852,154872,169428,4254424,4213.376,972.318,0,468.153,0,11.004,2444,1735,1.640,1.450,0.860,1,0,55.018,0,0,14,136,0,28,0
13-03 03:48:17,15.739,2.748,79.693,0.250,0,3380424,145296,169428,4254428,12371.080,8373.962,0,479.654,0,73.947,2607,2912,1.640,1.450,0.860,3,0,0,0,0,14,137,0,28,0
13-03 03:48:18,26.759,4.001,65.022,2.501,0,3382412,143028,169428,4254708,6352.133,2806.942,68.023,7578.545,6.002,622.209,6666,10653,1.640,1.450,0.860,3,0,1.000,0,0,14,137,0,30,0
13-03 03:48:19,19.504,7.001,71.765,0,0,3405540,183228,169428,4193012,4953.052,1512.321,0,544.116,0,39.008,2799,2461,1.590,1.450,0.860,1,0,54.011,0,0,14,137,0,30,0
13-03 03:48:20,15.250,2.500,81.248,0,0,3405776,182976,169432,4193024,14253.586,11380.669,23.999,459.987,3.000,30.999,2152,2094,1.590,1.450,0.860,0,0,2.000,0,0,14,138,0,30,0
13-03 03:48:21,22.707,6.488,67.872,1.248,0,3411544,176956,169432,4193276,5414.788,1767.666,175.669,4651.228,10.979,395.255,6289,9031,1.590,1.450,0.860,1,0,0,0,0,14,138,0,30,0
13-03 03:48:22,30.404,10.805,57.792,0.754,0,3393880,194380,169440,4193508,6182.261,2456.421,24.122,1089.509,2.010,106.539,8699,21633,1.590,1.450,0.860,1,0,105.534,0,0,14,139,0,32,0
13-03 03:48:23,20.187,3.240,75.765,0.249,0,3438544,149712,169444,4193508,5424.149,2982.734,0,526.365,0,40.873,1728,1365,1.590,1.450,0.860,2,0,0,0,0,14,142,0,32,0
13-03 03:48:24,16.981,2.747,77.165,1.249,0,3436376,151772,169444,4193616,13387.222,9331.699,31.965,4455.082,0.999,313.654,3549,4742,1.630,1.460,0.870,1,0,0,0,0,14,141,0,33,0
13-03 03:48:25,17.266,11.010,70.066,0,0,3396428,191692,169444,4193628,4480.215,1297.221,0,188.177,0,11.010,3309,2575,1.630,1.460,0.870,1,0,147.138,0,0,14,141,0,32,0
13-03 03:48:26,18.551,3.259,77.966,0,0,3406316,181800,169444,4193632,10342.647,7146.795,0,3144.710,0,317.880,2032,1324,1.630,1.460,0.870,1,0,0,0,0,14,142,0,32,0
13-03 03:48:27,20.674,2.491,74.727,0.249,0,3406156,181952,169444,4193640,10659.012,7262.436,0,326.805,0,31.883,4463,6350,1.630,1.460,0.870,1,0,0,0,0,14,142,0,32,0
13-03 03:48:28,24.337,6.273,67.994,0.753,0,3406292,181760,169444,4193696,4757.082,1625.838,0,1200.310,0,141.508,6638,9835,1.630,1.460,0.870,2,0,0,0,0,14,142,0,32,0
13-03 03:48:29,30.910,7.728,57.832,0.748,0,3412156,175024,169460,4194520,6219.924,3200.698,618.203,1192.534,113.670,117.658,10403,16723,1.740,1.480,0.880,2,0,2.991,0,0,14,141,0,33,0
13-03 03:48:30,28.769,15.510,52.785,1.251,0,3378564,208492,169460,4194612,5435.585,2101.386,0,5987.950,0,393.259,7810,10715,1.740,1.480,0.880,1,0,288.190,0,0,14,141,0,33,2
13-03 03:48:31,19.239,2.998,76.705,0,0,3413264,173756,169460,4194616,10325.973,7626.549,0,183.893,0,7.995,1966,1504,1.740,1.480,0.880,1,0,0,0,0,14,142,0,33,2
13-03 03:48:32,13.754,13.004,71.522,0.250,0,3368820,218188,169460,4194628,6123.885,2563.789,0,360.111,0,11.003,4137,3083,1.740,1.480,0.880,2,0,177.055,0,0,14,141,0,34,2
13-03 03:48:33,8.256,20.765,69.049,0,0.250,3363152,223820,169460,4194664,5191.654,1621.141,0,208.146,0,14.010,5285,3641,1.740,1.480,0.880,3,0,281.198,0,0,14,141,0,34,2
13-03 03:48:34,13.739,17.985,65.946,0,0,3368088,218868,169460,4195032,3954.780,917.253,0,503.590,0,33.972,6107,6651,1.680,1.470,0.880,2,0,241.803,0,0,14,141,0,34,2
13-03 03:48:35,25.320,18.300,55.653,0.501,0,3401400,185524,169460,4194716,5094.005,1153.170,0,300.827,0,22.061,6608,7967,1.680,1.470,0.880,2,0,315.868,0,0,14,141,0,34,2
13-03 03:48:36,31.267,23.263,45.275,0,0,3455104,131644,169464,4194888,5799.157,1296.706,16.009,44.024,1.001,11.006,6375,5148,1.680,1.470,0.880,3,0,481.262,0,0,14,141,0,34,2
13-03 03:48:37,29.983,15.741,52.969,0,0,3482924,165880,169472,4134648,5703.699,1241.282,35.979,707.591,2.998,26.984,5984,9099,1.680,1.470,0.880,3,0,188.891,0,0,16,147,0,34,2
13-03 03:48:38,56.173,28.711,13.981,0,0,3633360,176008,169480,3977172,4663.638,1348.161,111.847,515.297,8.988,39.946,7817,13168,1.680,1.470,0.880,4,0,496.323,0,0,16,153,0,34,2
13-03 03:48:39,56.548,24.271,19.016,0,0,3726104,176856,169480,3884744,4345.716,1243.063,28.024,444.380,4.003,36.031,6884,9028,2.020,1.550,0.910,8,0,395.338,0,0,16,169,0,34,2
13-03 03:48:40,32.954,21.470,43.939,0.250,0,3780316,170152,169480,3837552,4719.458,1653.708,0,531.264,0,15.978,7576,11682,2.020,1.550,0.910,2,0,304.578,0,0,16,171,0,34,2
13-03 03:48:41,34.064,24.546,40.827,0,0,3844856,153172,169480,3790492,3206.035,583.098,4.008,332.626,1.002,18.034,6476,4848,2.020,1.550,0.910,2,0,448.845,0,0,16,171,0,34,2
13-03 03:48:42,10.737,21.474,65.672,0,0,3850664,147428,169480,3790492,4603.508,1510.198,0,2033.574,0,16.980,5519,4077,2.020,1.550,0.910,1,0,320.617,0,0,17,171,0,32,2
13-03 03:48:43,20.021,16.017,61.815,0,0,3853036,145036,169480,3790512,4190.382,1637.713,8.008,432.452,2.002,37.039,6151,8011,2.020,1.550,0.910,3,0,211.221,0,0,17,171,0,32,2
13-03 03:48:44,28.429,24.938,45.387,0.249,0,3914448,138076,169480,3737316,4429.009,1615.990,0,147.634,0,12.968,5930,4503,2.020,1.560,0.910,4,0,373.074,0,0,17,171,0,32,2
13-03 03:48:45,33.966,21.728,42.957,0,0,3969020,137384,169492,3684712,4763.237,1618.382,7.992,339.660,1.998,23.976,6312,6398,2.020,1.560,0.910,3,0,328.671,0,0,17,177,0,32,2
13-03 03:48:46,32.132,21.087,45.939,0,0,4049676,137136,169500,3606184,4671.234,1518.252,168.695,514.117,5.021,28.116,7607,10825,2.020,1.560,0.910,3,0,385.588,0,0,17,183,0,32,2
13-03 03:48:47,29.123,28.128,42.067,0.249,0,4110596,129056,169500,3554556,3700.917,1075.327,23.896,302.685,2.987,23.896,6883,5976,2.020,1.560,0.910,2,0,574.503,0,0,17,189,0,32,2
13-03 03:48:48,21.006,24.007,53.266,0.250,0,4158336,131932,169504,3505240,4787.425,1566.466,12.004,1000.298,3.001,72.021,7830,9375,2.020,1.560,0.910,3,0,382.114,0,0,17,195,0,32,2
13-03 03:48:49,11.526,21.298,64.647,0.501,0,4156360,133880,169504,3505268,4889.081,1461.312,0,777.763,0,53.120,5887,4953,2.260,1.610,0.930,5,0,299.679,0,0,17,209,0,32,2
13-03 03:48:50,23.496,16.247,58.489,0,0,4192548,125616,169504,3477936,4673.140,1223.775,3.999,363.933,1.000,30.994,6537,9229,2.260,1.610,0.930,2,0,224.959,0,0,17,211,0,23,2
13-03 03:48:51,42.675,10.981,44.922,0.250,0,4315444,124564,169508,3358704,4859.511,1497.384,814.577,227.602,14.974,22.960,3742,2574,2.260,1.610,0.930,3,0,32.942,0,0,17,211,0,23,2
13-03 03:48:52,43.739,9.748,45.489,0.250,0,4429948,119808,169508,3250924,3812.057,539.866,239.941,731.819,10.997,92.977,3359,1867,2.260,1.610,0.930,4,0,4.999,0,0,17,211,0,23,2
13-03 03:48:53,29.352,15.303,53.937,0.251,0,4353644,242408,169508,3206400,4399.239,1408.880,24.083,578.002,3.010,48.167,4962,4725,2.260,1.610,0.930,4,0,233.810,0,0,17,219,0,23,2
13-03 03:48:54,31.457,24.716,42.193,0,0,4415492,178700,169512,3208256,6599.020,3514.218,942.717,239.674,10.985,16.977,7796,8735,2.160,1.600,0.940,4,0,404.450,0,0,17,222,0,19,2
13-03 03:48:55,39.637,24.430,33.903,0.499,0.249,4388312,204060,169524,3210384,11505.143,7897.446,805.699,223.362,18.946,14.957,7084,9221,2.160,1.600,0.940,5,0,430.770,0,0,17,225,0,20,2
13-03 03:48:56,62.356,21.036,16.528,0,0.250,4499544,199332,169536,3106344,4706.017,1460.488,48.082,1001.706,5.009,20.034,6006,7073,2.160,1.600,0.940,3,0,217.370,0,0,17,230,0,20,2
13-03 03:48:57,60.449,15.986,21.981,0.749,0,4613912,158444,169556,3035444,14227.895,11718.030,1774.490,14171.942,55.952,774.341,5564,4854,2.160,1.600,0.940,1,1,19.983,0,0,17,235,0,20,2
13-03 03:48:58,66.878,14.027,15.029,3.256,0,4629504,132784,169624,3045416,6473.438,2483.772,5991.512,2148.127,435.837,158.304,7045,8021,2.160,1.600,0.940,3,0,61.117,0,0,17,237,0,26,2
13-03 03:48:59,32.446,25.957,39.934,0,0,4654732,149576,169628,3004404,10548.459,7432.640,0,411.316,0,18.968,6947,6487,2.150,1.610,0.940,5,0,413.313,0,0,17,238,0,26,2
13-03 03:49:00,35.300,24.362,38.035,0.497,0,4621516,180976,169632,3006660,10516.476,6805.481,91.482,9438.577,5.966,78.555,7897,10850,2.150,1.610,0.940,17,0,332.120,0,0,17,239,0,27,0
13-03 03:49:01,52.494,24.733,22.461,0,0,4693344,149112,169636,2967220,6536.487,3992.557,8.076,601.660,2.019,35.332,6362,6931,2.150,1.610,0.940,4,0,401.779,0,0,17,244,0,27,0
13-03 03:49:02,51.386,25.444,21.203,0.499,0,4694732,198980,169656,2918408,13966.987,10259.220,1033.705,3863.421,45.898,222.506,7311,8585,2.150,1.610,0.940,4,0,351.220,0,0,17,243,0,27,0
13-03 03:49:03,61.650,25.312,12.280,0,0,4793876,132700,169664,2885656,5481.353,1501.658,156.381,858.090,11.027,47.115,7914,13070,2.150,1.610,0.940,6,0,395.965,0,0,17,247,0,29,0
13-03 03:49:04,49.543,26.390,22.655,0.249,0,4849424,138772,169664,2825220,13833.095,10522.951,91.616,724.965,6.971,47.800,7568,8750,2.940,1.780,1,2,0,421.237,0,0,17,250,0,29,0
13-03 03:49:05,52.364,22.048,24.052,0.251,0,4866432,153536,169672,2793504,7667.649,2613.675,444.966,781.697,27.059,61.133,7484,12407,2.940,1.780,1,7,0,272.592,0,0,17,255,0,32,0
13-03 03:49:06,65.842,14.715,19.204,0.249,0,5032052,118688,169672,2666788,10380.166,8660.281,798.091,554.673,12.969,12.969,5469,13937,2.940,1.780,1,6,0,0.998,0,0,17,256,0,30,0
13-03 03:49:07,47.781,11.758,38.525,0.750,0,5023172,178048,169684,2617736,17152.192,12412.099,1060.692,812.530,81.053,68.044,5914,8093,2.940,1.780,1,3,0,19.012,0,0,17,260,0,36,0
13-03 03:49:08,57.400,10.277,30.329,0.501,0,5113556,135992,169688,2570540,7195.807,4754.426,1359.553,3436.983,26.068,225.590,5263,4940,2.940,1.780,1,3,0,10.026,0,0,17,268,0,37,0
13-03 03:49:09,48.504,28.253,22.252,0.750,0,5049364,196040,169948,2574312,12636.127,9441.842,4816.430,1155.103,82.007,48.004,8426,9851,2.860,1.790,1.010,3,0,424.038,0,0,17,267,0,38,0
13-03 03:49:10,46.679,27.312,24.581,0,0,5114380,130696,169948,2574976,9433.174,6746.636,778.649,472.751,6.952,32.775,7390,8322,2.860,1.790,1.010,5,0,447.922,0,0,17,268,0,38,0
13-03 03:49:11,57.972,18.822,22.084,0,0,5065212,179784,169952,2575040,8652.092,5753.004,578.212,955.655,10.038,39.150,6362,7610,2.860,1.790,1.010,5,0,187.718,0,0,18,267,0,37,0
13-03 03:49:12,79.735,17.301,2.006,1.003,0,5196956,140696,169956,2484728,5399.924,2131.285,3482.269,1199.537,162.479,55.163,6320,5752,2.860,1.790,1.010,4,0,74.219,0,0,18,275,0,37,0
13-03 03:49:13,74.766,11.141,12.379,0.495,0,5274620,116804,169996,2432444,15167.136,11735.814,1374.509,2111.278,59.417,247.570,6822,7128,2.860,1.790,1.010,10,0,10.893,0,0,18,276,0,38,0
13-03 03:49:14,53.326,19.207,27.800,0.505,0,5283872,159964,170000,2382488,5685.380,2576.820,1103.918,861.299,19.207,66.720,6846,10102,2.790,1.790,1.010,3,0,230.488,0,0,18,282,0,39,0
13-03 03:49:15,34.380,7.723,55.556,0.249,0,5315576,128032,170020,2382696,21648.211,12822.111,837.069,562.032,14.948,45.840,3905,3977,2.790,1.790,1.010,3,0,7.972,0,0,18,289,0,33,0
13-03 03:49:16,40.001,10.250,48.502,0,0,5329336,132020,170020,2366024,8697514.354,94233.395,512.018,452.016,4.000,31.001,7873,4804,2.790,1.790,1.010,3,0,13.000,0,0,18,287,0,34,0
13-03 03:49:17,28.807,17.284,52.605,0.250,0,5305432,167536,170020,2355040,7959927.579,66551.340,2549.069,1302.590,28.056,45.090,7706,5466,2.790,1.790,1.010,2,0,259.516,0,0,18,289,0,34,0
13-03 03:49:18,37.425,8.234,53.393,0.499,0,5316356,156600,170024,2355048,9395.210,5299.401,0,18355.290,0,1224.551,4360,3356,2.790,1.790,1.010,2,0,5.988,0,0,18,291,0,35,0
13-03 03:49:19,35.965,4.995,57.444,0.250,0,5354464,150296,170024,2324104,15191.146,11284.965,0,539.472,0,50.950,4194,5121,2.650,1.780,1.010,3,0,0.999,0,0,18,297,0,33,0
13-03 03:49:20,22.323,4.515,70.228,0.752,0,5318180,186092,170028,2324588,421632.419,16452172.980,561.825,11204.391,30.098,111.362,6262,5489,2.650,1.780,1.010,1,0,12.039,0,0,18,296,0,36,0
13-03 03:49:21,1.993,1.743,94.894,0,0,5318556,185592,170028,2324712,4744.210,1237.360,0,378.580,0,18.929,1449,1854,2.650,1.780,1.010,0,0,28.892,0,0,18,296,0,36,0
13-03 03:49:22,6.997,4.498,86.214,0.750,0,5310180,193708,170028,2324928,4790.988,1295.456,231.903,1803.243,8.996,107.955,2688,5842,2.650,1.780,1.010,0,0,35.985,0,0,18,296,0,37,0
13-03 03:49:23,17.506,3.001,77.028,0.250,0,5315276,188440,170036,2325152,8351247.398,66686.406,32.012,2252.824,2.001,257.094,10137,6494,2.650,1.780,1.010,2,0,1.000,0,0,18,301,0,35,0
13-03 03:49:24,19.765,9.507,68.302,0.250,0,5208316,279272,170036,2341252,8730705.362,184369.298,64.048,456.345,4.003,33.025,13922,9981,2.520,1.770,1.010,4,0,88.067,0,0,18,298,0,38,0
13-03 03:49:25,10.003,20.257,67.772,0.500,0,5230120,257432,170036,2341288,4667.502,1566.504,16.005,292.094,2.001,17.005,5723,4689,2.520,1.770,1.010,2,0,377.121,0,0,18,298,0,38,0
13-03 03:49:26,22.475,4.745,71.422,0.250,0,5291536,196012,170036,2341292,3815.822,1078.819,0,463.493,0,27.969,2177,1795,2.520,1.770,1.010,2,0,0,0,0,18,298,0,38,0
13-03 03:49:27,10.780,17.548,69.441,0,0,5299024,188488,170036,2341328,3805.442,920.526,4.011,288.792,1.003,29.080,5213,4231,2.520,1.770,1.010,2,0,234.644,0,0,18,302,0,37,0
13-03 03:49:28,8.976,19.946,69.064,0,0,5291096,196384,170040,2341356,5026.437,1615.640,15.957,75.795,1.995,6.981,5454,4171,2.520,1.770,1.010,1,0,284.233,0,0,18,302,0,37,0
13-03 03:49:29,5.748,11.246,80.971,0,0,5284172,203272,170040,2341392,4978.219,1773.365,0,16030.264,0,32.988,3411,2898,2.310,1.740,1,1,0,151.946,0,0,18,302,0,37,0
13-03 03:49:30,11.291,3.513,83.303,0.251,0,5313420,174020,170040,2341396,4757.283,1625.907,0,236.861,0,30.109,1925,2020,2.310,1.740,1,1,0,10.036,0,0,18,302,0,37,0
13-03 03:49:31,18.942,3.489,75.520,0,0,5344040,143392,170040,2341404,10440.247,7268.892,0,0,0,0,2168,1960,2.310,1.740,1,1,0,0,0,0,18,303,0,36,0
13-03 03:49:32,15.732,10.238,71.419,0,0.250,5313088,174240,170044,2341504,8752.059,4913.419,75.914,0,6.992,0,4225,3396,2.310,1.740,1,2,0,123.859,0,0,18,306,0,37,0
13-03 03:49:33,13.004,17.755,67.520,0.250,0,5300060,187028,170048,2341708,5041.495,1620.480,16.005,5249.556,1.000,96.028,5427,4574,2.310,1.740,1,1,0,159.047,0,0,18,310,0,37,0
13-03 03:49:34,13.012,17.517,67.565,0.250,0.250,5286640,200164,170048,2342024,5044.846,1621.558,0,416.400,0,38.037,5226,4296,2.210,1.720,1,1,0,174.167,0,0,18,314,0,37,0
13-03 03:49:35,12.988,15.236,67.939,0,0,5292796,193920,170048,2342096,5343.229,1456.699,3.996,247.779,0.999,21.980,4763,3997,2.210,1.720,1,3,0,149.866,0,0,18,314,0,36,0
13-03 03:49:36,23.764,3.502,72.291,0,0,5352208,134508,170048,2342096,5819.324,1620.926,0,8.005,0,1.001,2253,1832,2.210,1.720,1,1,0,1.001,0,0,18,314,0,36,0
13-03 03:49:37,24.485,3.998,69.958,0.500,0,5355956,161644,170048,2312040,5131.946,1457.133,403.760,363.784,12.992,25.985,2702,2402,2.210,1.720,1,1,0,3.998,0,0,18,318,0,36,0
13-03 03:49:38,24.774,3.754,70.568,0.250,0,5299500,218028,170048,2312112,4864.697,1621.566,64.062,15394.865,4.004,467.451,2864,2514,2.210,1.720,1,3,0,7.007,0,0,18,314,0,36,0
13-03 03:49:39,25.248,3.250,70.746,0.250,0,5358964,158548,170048,2312128,4291.741,1511.909,23.999,343.979,4.000,13.999,2456,2036,2.110,1.710,1,3,0,0,0,0,18,314,0,36,0
13-03 03:49:40,16.742,4.498,76.963,0.500,0,5382912,134576,170048,2312152,11159.564,8574.823,0,1887.081,0,113.944,2586,2798,2.110,1.710,1,0,0,3.998,0,0,18,317,0,37,0
13-03 03:49:41,18.253,1.750,78.764,0,0,5379536,137936,170048,2312168,15829.859,12434.246,0,232.042,0,12.002,2470,2354,2.110,1.710,1,1,0,3.001,0,0,18,314,0,38,0
13-03 03:49:42,23.246,5.249,70.489,0,0,5342080,175376,170048,2312184,4594.254,1457.763,0,283.954,0,21.996,2517,2148,2.110,1.710,1,1,0,14.998,0,0,18,314,0,38,0
13-03 03:49:43,24.011,4.752,70.031,0.500,0,5279376,237904,170048,2312360,4321.894,1620.710,48.021,932.409,2.001,60.026,2876,2723,2.110,1.710,1,2,0,38.017,0,0,18,314,0,38,0
13-03 03:49:44,9.279,20.313,68.463,0,0,5276288,240944,170056,2312432,4319.427,1570.883,417.297,481.497,8.025,18.056,5588,4443,2.100,1.720,1.010,1,0,316.985,0,0,18,314,0,38,0
13-03 03:49:45,13.957,14.206,70.283,0,0,5309572,207508,170056,2312584,4338.633,1549.227,31.902,271.165,3.988,16.948,4600,3704,2.100,1.720,1.010,1,0,228.297,0,0,18,314,0,38,0
13-03 03:49:46,19.074,3.263,76.800,0.251,0,5315324,201712,170088,2312596,9846.413,3744.609,0,236.924,0,12.047,2361,2082,2.100,1.720,1.010,1,0,33.129,0,0,18,315,0,38,0
13-03 03:49:47,24.166,3.737,70.007,0,0,5294568,216116,170576,2318332,5021.545,1787.786,3.986,1247.663,0.997,27.903,2600,2262,2.100,1.720,1.010,1,0,8.969,0,0,18,314,0,38,0
13-03 03:49:48,18.244,2.999,77.223,0.250,0,5308860,200776,170596,2319360,11185.129,4559.422,0,291.899,0,9.997,2126,1889,2.100,1.720,1.010,1,0,15.994,0,0,18,315,0,38,0
13-03 03:49:49,24.247,5.749,67.992,0.250,0,5297712,206676,171128,2323896,5560.334,1873.776,15.998,3423.590,2.000,246.970,10527,19111,2.010,1.700,1.010,0,0,14.998,0,0,18,314,1,38,0
13-03 03:49:50,19.494,5.498,72.728,0.250,0,5303976,200076,171180,2324176,11554.571,4317.719,0,1163.655,0,25.992,10423,19355,2.010,1.700,1.010,1,0,14.996,0,0,18,315,0,38,0
13-03 03:49:51,22.852,4.520,71.569,0.251,0,5291800,222000,171300,2314292,5418.151,1844.220,0,1201.355,0,48.215,2683,2437,2.010,1.700,1.010,3,0,9.040,0,0,18,316,0,38,0
13-03 03:49:52,10.205,18.419,68.449,0,0,5263684,250236,171300,2314260,4216.435,1451.609,0,422.141,0,4.978,5210,3995,2.010,1.700,1.010,3,0,266.825,0,0,18,316,0,38,0
13-03 03:49:53,27.995,5.749,65.737,0.250,0,5314384,199244,171300,2314552,4499.128,1619.686,31.994,435.915,2.000,39.992,4356,5922,2.010,1.700,1.010,2,0,1.000,0,0,18,316,0,38,0
13-03 03:49:54,21.261,2.501,74.790,0,0,5296784,216760,171300,2314636,15250.221,11731.324,32.017,328.177,2.001,36.019,2973,2752,1.930,1.690,1.010,1,0,2.001,0,0,18,316,0,42,0
13-03 03:49:55,19.075,9.788,70.025,0,0,5341836,171668,171300,2314676,5005.668,1626.390,12.047,293.152,1.004,23.091,3610,3241,1.930,1.690,1.010,1,0,114.450,0,0,18,316,0,42,0
13-03 03:49:56,18.666,2.240,77.650,0.249,0,5343064,170424,171300,2314692,13376.715,10078.579,0,147.336,0,9.955,2362,2114,1.930,1.690,1.010,2,0,0,0,0,18,316,0,42,0
13-03 03:49:57,20.837,7.783,70.295,0.251,0,5324448,189032,171300,2314700,4274.949,1084.554,0,180.759,0,10.042,3068,2553,1.930,1.690,1.010,2,0,70.295,0,0,18,316,0,42,0
13-03 03:49:58,17.511,2.001,78.301,0.250,0,5333512,179952,171300,2314716,11790.706,9083.937,16.010,96.063,1.001,8.005,2260,2104,1.930,1.690,1.010,2,0,0,0,0,18,317,0,42,0
13-03 03:49:59,19.416,8.464,70.197,0,0,5302300,211144,171300,2314736,9578.719,6631.421,0,87.622,0,10.953,2994,2361,1.860,1.680,1.010,1,0,55.760,0,0,18,316,0,43,0
13-03 03:50:00,19.245,2.999,76.731,0,0,5334124,179180,171300,2314876,10503.441,7699.125,0,75.981,0,5.999,2230,1940,1.860,1.680,1.010,0,0,1.000,0,0,18,317,0,37,0
13-03 03:50:01,21.490,4.748,72.465,0,0,5306472,206816,171300,2314892,9301.465,5769.187,0,47.977,0,2.999,2827,2502,1.860,1.680,1.010,2,0,31.984,0,0,18,318,0,40,0
13-03 03:50:02,18.262,3.002,78.052,0,0,5326996,186252,171300,2314932,12677.503,9425.322,0,0,0,0,2164,1989,1.860,1.680,1.010,0,0,0,0,0,18,319,0,40,0
13-03 03:50:03,16.501,5.500,75.754,0.500,0,5305260,207944,171300,2314976,10950.546,4878.243,32.002,532.027,1.000,56.003,3418,3746,1.860,1.680,1.010,2,0,47.002,0,0,18,318,0,41,0
13-03 03:50:04,19.501,3.500,75.253,0.250,0,5351528,161716,171300,2314984,11618.418,7291.262,0,4720.170,0,521.019,2671,2624,1.790,1.670,1.010,2,0,1.000,0,0,18,319,0,37,0
13-03 03:50:05,20.892,5.720,72.375,0,0,5347172,166060,171300,2314996,10465.812,6096.435,0,242.743,0,20.892,3084,2990,1.790,1.670,1.010,3,0,32.830,0,0,18,318,0,40,0
13-03 03:50:06,19.592,2.512,76.862,0,0,5347692,165536,171300,2315000,11522.323,7367.736,0,0,0,0,2109,1872,1.790,1.670,1.010,4,0,0,0,0,18,319,0,40,0
13-03 03:50:07,14.025,5.009,78.140,0.501,0,5287736,225476,171300,2315016,10239.285,6655.886,0,1122.004,0,76.136,3082,3384,1.790,1.670,1.010,2,0,51.091,0,0,18,318,0,41,0
13-03 03:50:08,6.238,8.484,82.597,1.248,0,5289612,222384,171840,2315692,10084.295,4390.856,1121.919,307.430,250.535,20.961,3555,3523,1.790,1.670,1.010,0,0,128.761,0,0,18,320,0,32,0
13-03 03:50:09,4.750,9.001,83.757,0.250,0,5273600,238348,171840,2315740,14550.138,3240.253,0,264.021,0,19.001,3258,2896,1.640,1.640,1,0,0,125.010,0,0,18,319,0,33,0
13-03 03:50:10,4.757,5.008,88.634,0,0,5256756,255180,171840,2315752,10320.556,4347.553,0,4.006,0,1.002,2208,2217,1.640,1.640,1,1,0,63.095,0,0,18,318,0,34,0
13-03 03:50:11,15.483,12.236,70.672,0,0,5284364,223340,171844,2319980,4393.124,1456.383,187.792,11.987,15.982,2.997,3864,3045,1.640,1.640,1,1,0,150.833,0,0,18,318,0,34,0
13-03 03:50:12,22.993,3.499,71.980,0,0,5305344,195380,171844,2326824,4941.600,2112.401,7.998,7.998,1.000,1.999,2548,2248,1.640,1.640,1,2,0,16.995,0,0,18,319,0,31,0
13-03 03:50:13,16.493,3.249,78.968,0.500,0,5302620,194896,171844,2330032,15027.958,5393.832,0,1823.267,0,56.977,2439,2655,1.640,1.640,1,4,0,1.999,0,0,18,318,0,31,0
13-03 03:50:14,11.041,17.063,68.505,1.004,0,5264792,229704,171844,2333020,4878.129,1626.043,1176.372,3452.832,19.071,121.451,6105,5681,1.510,1.610,1,1,0,300.115,0,0,18,318,0,31,0
13-03 03:50:15,22.393,4.727,71.408,0,0,5334860,159632,171844,2333024,5573.276,1612.269,0,207.007,0,16.919,2239,1945,1.510,1.610,1,1,0,2.986,0,0,18,319,0,31,0
13-03 03:50:16,18.354,3.520,77.438,0,0,5318076,176388,171844,2333052,28205.714,24198.020,0,148.843,0,11.063,2667,2340,1.510,1.610,1,1,0,38.216,0,0,18,318,0,30,0
13-03 03:50:17,22.663,4.981,70.478,0.249,0,5357844,169048,171844,2301572,5455.967,1613.779,0,195.247,0,27.892,2423,2125,1.510,1.610,1,2,0,8.965,0,0,18,318,0,30,0
13-03 03:50:18,18.066,2.258,78.538,0.251,0,5278004,248268,171844,2302192,14383.802,10578.834,481.769,0,27.099,0,2486,2336,1.510,1.610,1,1,0,5.018,0,0,18,318,0,32,0
13-03 03:50:19,22.411,4.980,71.218,0,0,5314940,211332,171844,2302192,5508.165,1613.603,0,239.052,0,23.905,2538,2362,1.470,1.600,1,1,0,9.961,0,0,18,318,0,32,0
13-03 03:50:20,18.506,3.251,75.526,1.000,0,5305692,218964,171844,2303808,11382.848,8010.708,1600.541,2368.801,56.019,369.125,4236,5788,1.470,1.600,1,2,0,3.001,0,0,18,321,0,28,0
13-03 03:50:21,23.489,5.497,68.467,0.750,0,5274008,249944,171844,2304512,6240.968,2858.611,655.681,879.573,38.981,93.954,3659,4533,1.470,1.600,1,1,0,4.998,0,0,18,320,0,29,0
13-03 03:50:22,23.757,5.002,69.522,0.250,0,5334588,189252,171848,2304604,10910.418,7827.452,68.021,356.112,9.003,16.005,3380,8675,1.470,1.600,1,1,0,38.012,0,0,18,321,0,30,0
13-03 03:50:23,20.979,4.246,71.428,1.249,0,5334600,189028,171848,2304812,8751.191,6071.888,159.839,5242.723,6.993,379.618,5393,7823,1.470,1.600,1,1,0,0,0,0,18,320,0,31,0
13-03 03:50:24,9.023,22.557,65.666,0.251,0.251,5264992,258588,171848,2304868,4228.689,1461.695,0,2169.484,0,30.076,5965,4739,1.430,1.590,1,1,0,411.039,0,0,18,320,0,26,0
13-03 03:50:25,8.489,22.471,66.165,0,0,5273544,250028,171848,2304876,4486.203,1617.909,0,886.854,0,48.937,5955,4753,1.430,1.590,1,1,0,387.499,0,0,18,320,0,26,0
13-03 03:50:26,8.526,22.819,66.450,0.251,0,5278040,245500,171852,2304904,4692.154,1516.575,0,264.799,0,27.082,5920,4726,1.430,1.590,1,1,0,384.159,0,0,18,320,0,26,0
13-03 03:50:27,11.000,23.249,64.748,0,0,5270832,252680,171852,2304932,4948.844,1649.948,0,39.999,0,10.000,6120,4849,1.430,1.590,1,2,0,418.987,0,0,18,322,0,26,0
13-03 03:50:28,9.228,22.197,65.843,0.249,0,5266728,256772,171852,2304944,4549.164,1685.984,0,115.724,0,13.967,6104,4941,1.430,1.590,1,1,0,420.000,0,0,18,322,0,26,0
13-03 03:50:29,9.023,23.310,66.421,0,0,5267796,255676,171852,2304972,4190.770,1082.783,0,40.103,0,10.026,6015,4777,1.400,1.580,1,1,0,411.056,0,0,18,322,0,26,0
13-03 03:50:30,9.255,21.763,66.289,0,0,5265432,258012,171852,2305000,4160.462,1500.888,0,120.071,0,11.007,6042,4800,1.400,1.580,1,1,0,400.237,0,0,18,322,0,26,0
13-03 03:50:31,8.486,21.465,67.389,0,0,5265200,258220,171852,2305024,4189.130,1132.143,0,107.823,0,11.980,5798,4684,1.400,1.580,1,1,0,374.386,0,0,18,322,0,26,0
13-03 03:50:32,9.484,21.714,66.390,0,0,5264184,259216,171852,2305044,5006.733,1525.481,0,171.716,0,11.980,5841,4641,1.400,1.580,1,2,0,368.392,0,0,18,322,0,25,0
13-03 03:50:33,14.743,14.993,68.467,0.500,0,5290188,238316,171852,2299940,4917.651,1619.226,15.992,1143.454,1.000,90.957,5546,5199,1.400,1.580,1,1,0,298.857,0,0,18,322,0,25,0
13-03 03:50:34,20.785,7.262,70.869,0.250,0,5302928,317456,172292,2218384,5048.490,1622.729,0,5998.087,0,147.248,2685,2444,1.370,1.570,1,1,0,5.008,0,0,18,322,0,25,0
13-03 03:50:35,12.532,1.504,83.963,0,0,5301416,317208,172404,2220068,6895.505,3977.096,0,2462.251,0,313.797,2213,2394,1.370,1.570,1,0,0,17.043,0,0,18,323,0,25,0
13-03 03:50:36,3.235,0.995,94.561,0,0,5301432,317208,172404,2220068,6438.138,2934.389,0,0,0,0,1245,1621,1.370,1.570,1,0,0,0,0,0,18,322,0,25,0
13-03 03:50:37,2.999,0.500,95.719,0,0,5301432,317208,172404,2220068,6172.975,2032.333,0,171.944,0,9.997,1156,1604,1.370,1.570,1,1,0,0,0,0,18,323,0,25,0
13-03 03:50:38,2.750,0.750,95.485,0,0,5300192,318448,172404,2220068,4965.225,2287.643,0,35.994,0,3.999,1175,1585,1.370,1.570,1,1,0,0,0,0,18,322,0,25,0
13-03 03:50:39,1.500,0.500,96.532,0,0,5298816,319824,172404,2220068,4643.518,1242.406,0,0,0,0,1071,1556,1.260,1.550,0.990,0,0,0,0,0,18,322,0,25,0
13-03 03:50:40,3.744,0.998,94.108,0,0,5297616,321024,172404,2220068,5807.229,2589.090,0,407.385,0,3.994,1257,1615,1.260,1.550,0.990,0,0,0.998,0,0,18,322,0,25,0
13-03 03:50:41,1.753,0.501,96.391,0,0,5295196,323440,172404,2220072,5005.317,1460.135,0,0,0,0,1207,1636,1.260,1.550,0.990,0,0,2.003,0,0,18,322,0,24,0
13-03 03:50:42,1.750,0.750,96.511,0,0,5295116,323520,172404,2220072,4397.479,1620.176,0,0,0,0,1169,1726,1.260,1.550,0.990,1,0,0,0,0,18,322,0,24,0
13-03 03:50:43,3.500,1.250,92.759,0.750,0,5296200,322432,172404,2220076,3626.358,1026.101,16.002,972.096,1.000,83.008,2040,3103,1.260,1.550,0.990,0,0,0,0,0,18,322,0,24,0
13-03 03:50:44,3.499,0.500,93.974,0.250,0,5296192,322404,172404,2220112,4370.800,2183.401,0,115.968,0,11.997,1233,1689,1.160,1.520,0.990,0,0,0,0,0,18,323,0,24,0
13-03 03:50:45,14.028,13.527,70.640,0.250,0,5243532,372596,172464,2222520,3927.763,1167.307,2412.769,14644.946,94.186,112.222,4597,3801,1.160,1.520,0.990,2,0,158.313,0,0,18,322,0,23,0
13-03 03:50:46,15.975,9.236,72.637,0.499,0,5220932,392196,172468,2225316,5906.837,124395.030,934.550,3.994,52.918,0.998,4676,10036,1.160,1.520,0.990,0,0,15.975,0,0,18,322,0,23,0
13-03 03:50:47,2.499,1.749,94.969,0,0,5217560,395560,172468,2225324,5041.358,1565.490,0,8009.391,0,9.997,1361,1693,1.160,1.520,0.990,0,0,6.998,0,0,18,324,0,23,0
13-03 03:50:48,2.000,0.750,95.985,0,0,5217436,395684,172468,2225324,5219.171,1619.743,0,351.944,0,2.000,1168,1588,1.160,1.520,0.990,0,0,0,0,0,18,324,0,23,0
13-03 03:50:49,2.500,0.750,96.012,0,0,5217660,395460,172468,2225324,5192.664,1512.193,0,268.034,0,23.003,1456,2147,1.060,1.500,0.980,0,0,1.000,0,0,18,324,0,23,0
13-03 03:50:50,3.002,0.500,94.301,0.250,0,5217660,395460,172468,2225324,5462.975,1620.883,0,184.100,0,20.011,1612,2248,1.060,1.500,0.980,0,0,2.001,0,0,18,324,0,23,0
13-03 03:50:51,2.249,1.499,94.962,0.250,0,5209196,403924,172468,2225324,5097.974,1619.356,0,5221.925,0,622.753,1916,2112,1.060,1.500,0.980,1,0,0,0,0,18,324,0,23,0
13-03 03:50:52,1.750,0.250,96.255,0,0.250,5209076,404040,172468,2225328,5223.287,1566.086,0,128.007,0,10.001,1195,1709,1.060,1.500,0.980,0,0,0,0,0,18,324,0,23,0
13-03 03:50:53,2.499,1.000,94.466,0.500,0,5209076,404040,172468,2225328,4170.496,1511.455,15.994,663.761,1.000,60.978,1755,2657,1.060,1.500,0.980,0,0,0,0,0,18,324,0,23,0
13-03 03:50:54,1.749,0.749,96.421,0,0,5209056,404040,172468,2225348,4422.397,1564.725,0,51.958,0,4.996,1123,1566,0.980,1.470,0.980,0,0,0,0,0,18,324,0,23,0
13-03 03:50:55,3.252,0.500,94.795,0,0,5209300,403788,172468,2225356,4574.173,1512.719,0,4.002,0,1.000,1398,1823,0.980,1.470,0.980,0,0,0,0,0,18,324,0,23,0
13-03 03:50:56,5.250,3.000,90.007,0,0,5211292,401784,172468,2225368,4906.361,1566.115,0,0,0,0,3176,4771,0.980,1.470,0.980,0,0,1.000,0,0,18,324,0,23,0
13-03 03:50:57,4.503,1.001,93.061,0,0,5211184,401784,172468,2225476,4912.203,1512.987,0,0,0,0,1713,2010,0.980,1.470,0.980,0,0,0,0,0,18,324,0,20,0
13-03 03:50:58,3.251,1.000,94.279,0.250,0,5211432,401532,172468,2225480,5041.542,1620.496,0,228.070,0,23.007,1683,2231,0.980,1.470,0.980,1,0,0,0,0,18,324,0,20,0
13-03 03:50:59,1.499,0.500,95.945,0,0,5211428,401532,172468,2225484,4815.255,1457.169,0,147.916,0,14.991,1200,1698,0.900,1.450,0.970,0,0,0,0,0,18,324,0,20,0
13-03 03:51:00,2.000,1.000,96.236,0,0,5211424,401532,172468,2225488,5075.280,1295.816,0,111.984,0,10.998,1241,1728,0.900,1.450,0.970,0,0,1.000,0,0,18,324,0,20,0
13-03 03:51:01,2.001,1.000,95.786,0,0,5211424,401532,172468,2225488,4551.702,1350.505,0,96.036,0,12.004,1262,1724,0.900,1.450,0.970,0,0,0,0,0,18,324,0,16,0
13-03 03:51:02,2.250,0.500,96.018,0,0,5211616,401308,172468,2225520,5149.949,1512.279,0,4.001,0,1.000,1103,1560,0.900,1.450,0.970,2,0,0,0,0,18,324,0,16,0
13-03 03:51:03,2.249,1.250,94.965,0.500,0,5211616,401308,172468,2225520,5997.799,1619.406,31.988,567.792,1.000,51.981,1692,2483,0.900,1.450,0.970,1,0,0,0,0,18,324,0,16,0
13-03 03:51:04,1.750,0.750,95.498,0.250,0,5211572,401308,172468,2225564,5879.877,1619.966,0,187.996,0,21.000,1396,2048,0.830,1.420,0.970,0,0,1.000,0,0,18,324,0,16,0
13-03 03:51:05,2.250,1.500,95.000,0,0,5212580,400300,172468,2225564,6045.969,1565.992,0,18899.903,0,589.997,1678,2211,0.830,1.420,0.970,2,0,1.000,0,0,18,324,0,12,0
13-03 03:51:06,14.750,5.500,78.248,0.250,0,5239532,373344,172468,2225568,4679.906,1619.967,511.990,875.982,4.000,184.996,2281,1927,0.830,1.420,0.970,2,0,6.000,0,0,18,324,0,12,0
13-03 03:51:07,15.759,5.503,77.545,0,0,5223216,389860,172468,2225568,4699.726,1620.940,512.297,544.316,4.002,22.013,2417,2127,0.830,1.420,0.970,3,0,6.003,0,0,18,324,0,12,0
13-03 03:51:08,1.748,0.749,96.417,0,0,5223344,389724,172472,2225572,4412.191,1564.649,0,107.907,0,7.993,1209,1761,0.830,1.420,0.970,0,0,0,0,0,18,324,0,12,0
13-03 03:51:09,1.500,0.500,96.760,0,0.250,5223340,389724,172472,2225576,4362.453,1566.163,0,0,0,0,1136,1614,0.760,1.400,0.960,0,0,0,0,0,18,324,0,10,0
13-03 03:51:10,2.000,0.750,96.247,0,0,5217824,395240,172472,2225576,3981.878,1241.962,0,19.999,0,3.000,1190,1668,0.760,1.400,0.960,0,0,1.000,0,0,18,324,0,10,0
13-03 03:51:11,1.250,0.250,96.507,0,0,5217824,395240,172472,2225576,4236.302,1296.093,0,0,0,0,1172,1636,0.760,1.400,0.960,0,0,0,0,0,18,324,0,10,0
13-03 03:51:12,2.252,1.001,96.320,0,0,5217816,395240,172472,2225584,5000.609,1621.170,0,0,0,0,1191,1736,0.760,1.400,0.960,0,0,0,0,0,18,324,0,10,0
13-03 03:51:13,2.999,1.000,94.227,0.750,0.250,5217816,395240,172472,2225584,4576.904,1499.641,0,2511.399,0,142.966,1863,3009,0.760,1.400,0.960,1,0,0,0,0,18,324,0,9,0
13-03 03:51:14,0.750,1.000,95.979,0,0,5217816,395240,172472,2225584,4918.946,1619.653,0,67.985,0,9.998,1126,1634,0.700,1.370,0.950,0,0,0,0,0,18,324,0,9,0
13-03 03:51:15,2.000,1.250,95.756,0,0,5211208,401848,172472,2225584,4758.278,1458.085,0,224.013,0,10.001,1237,1661,0.700,1.370,0.950,0,0,0,0,0,18,324,0,9,0
13-03 03:51:16,2.499,0.750,94.977,0.250,0,5207844,405212,172472,2225584,4630.888,971.767,0,999.760,0,168.959,1498,2012,0.700,1.370,0.950,0,0,0,0,0,18,324,0,9,0
13-03 03:51:17,10.010,3.003,85.838,0,0,5227148,385908,172484,2225572,273622.938,4052.146,0,88.090,0,12.012,2015,2298,0.700,1.370,0.950,1,0,7.007,0,0,18,324,0,7,0
13-03 03:51:18,10.509,5.005,82.324,0,0,5229868,383064,172500,2225680,283146.945,9220.302,120.108,4.004,5.005,1.001,2602,2193,0.700,1.370,0.950,1,0,32.029,0,0,18,324,0,7,0
13-03 03:51:19,16.051,7.524,74.989,0.502,0,5237940,370392,172500,2230280,146176.612,2447.814,16.051,734.344,1.003,47.151,3376,3115,0.720,1.370,0.950,3,0,36.115,0,0,18,324,0,7,0
