"pcp-dstat 5.3.6 CSV Output"
"Author:","PCP team <pcp@groups.io> and Dag Wieers <dag@wieers.com>",,,,"URL:","https://pcp.io/ and http://dag.wieers.com/home-made/dstat/"
"Host:","jammy-provider-cloud-0000007606",,,,"User:","ubuntu"
"Cmdline:","dstat -tcmndrylpg --tcp --output /tmp/devstack_logs/dstat-csv.log",,,,"Date:","10 Sep 2024 16:13:46 UTC"
"system","total usage",,,,,"memory usage",,,,"net/total",,"dsk/total",,"io/total",,"system",,"load avg",,,"procs",,,"paging",,"tcp sockets",,,,
"time","total usage:usr","total usage:sys","total usage:idl","total usage:wai","total usage:stl","used","free","buf","cach","net/total:recv","net/total:send","dsk/total:read","dsk/total:writ","read","writ","int","csw","1m","5m","15m","run","blk","new","in","out","lis","act","syn","tim","clo"
10-09 16:13:46,,1028540,1953472,162376,4673512,,,,,,,1.060,0.860,0.470,4,0,,,,9,7,3,17,0
10-09 16:13:47,26.008,18.256,55.017,0.500,0,1030004,1943284,162404,4681852,187207.911,16720.083,0,2128.647,0,77.023,4132,6943,1.140,0.880,0.480,1,0,611.186,0,0,9,6,3,17,1
10-09 16:13:48,27.475,21.481,48.707,0.749,0,1056296,1898468,162420,4700212,394480.729,9040.926,11441.782,2405.852,129.884,72.935,5714,11576,1.140,0.880,0.480,2,0,421.623,0,0,9,5,3,17,2
10-09 16:13:49,28.274,18.766,53.045,0,0,1189480,1764632,162420,4825440,94693.016,4233.577,324.274,144.122,3.003,22.019,4931,8288,1.140,0.880,0.480,2,0,219.185,0,0,10,7,3,17,2
10-09 16:13:50,48.003,14.251,37.253,0.250,0,1206708,1730972,162460,4840492,15955.117,2016.141,1244.087,3164.221,15.001,83.006,2742,3805,1.140,0.880,0.480,3,0,227.016,0,0,10,6,3,19,2
10-09 16:13:51,61.885,7.486,27.948,1.996,0,1305724,1606636,163560,4861280,12261.170,3701.109,0,6839.265,0,182.660,1981,2671,1.140,0.880,0.480,3,0,2.994,0,0,10,7,3,19,2
10-09 16:13:52,53.099,6.763,37.821,3.006,0,1311164,1561876,165392,4895112,1303365.777,17365.386,0,26377.193,0,1716.201,7638,15549,1.210,0.900,0.490,2,1,31.058,0,0,10,8,3,19,2
10-09 16:13:53,52.745,6.499,29.247,8.999,0,1171172,1710216,166016,4886080,18103.443,6450.445,0,45044.126,0,3708.681,10350,25455,1.210,0.900,0.490,3,0,54.995,0,0,10,5,3,19,0
10-09 16:13:54,55.650,10.232,32.691,0.250,0,1225384,1652960,166016,4889084,1299241.358,16062.249,0,5202.687,0,250.552,9959,18623,1.210,0.900,0.490,3,0,83.850,0,0,10,4,3,19,0
10-09 16:13:55,66.122,9.267,24.044,0.250,0,1146712,1731052,166052,4889612,9425.399,2877.312,0,12879.776,0,467.864,9475,18983,1.210,0.900,0.490,2,0,27.050,0,0,10,5,3,19,0
10-09 16:13:56,59.501,5.750,34.501,0.250,0,1219720,1655740,166068,4891784,1342604.565,18895.472,0,2140.054,0,34.001,1902,1794,1.210,0.900,0.490,3,0,13.000,0,0,10,4,3,19,0
10-09 16:13:57,46.502,9.250,44.002,0,0,1145548,1729608,166072,4892080,12335.518,3480.146,0,240.010,0,19.001,2347,3520,1.350,0.930,0.500,2,0,265.011,0,0,10,5,3,19,0
10-09 16:13:58,21.979,20.730,56.946,0.749,0,1126868,1743600,166080,4896568,2394159.578,26152.025,0,2973.161,0,50.951,4058,6359,1.350,0.930,0.500,2,0,512.511,0,0,10,4,3,19,0
10-09 16:13:59,55.446,12.488,32.219,0,0,1218844,1650980,166080,4897540,12764.593,2869.211,0,23.977,0,1.998,4008,9135,1.350,0.930,0.500,2,0,196.809,0,0,10,6,3,19,0
10-09 16:14:00,57.755,4.000,36.753,0,0,1281620,1583236,166080,4902432,2398168.030,26259.442,0,3412.317,0,77.007,2328,2079,1.350,0.930,0.500,4,0,1.000,0,0,10,5,3,19,0
10-09 16:14:01,63.358,10.017,26.295,0,0,1344744,1517256,166124,4905088,6109.410,1622.765,0,717.222,0,68.116,3727,6448,1.350,0.930,0.500,2,0,111.189,0,0,10,4,3,19,0
10-09 16:14:02,8.730,1.996,87.055,0.499,0,1298700,1558560,166152,4909540,2386771.406,26773.082,0,3428.327,0,35.920,1716,1742,1.320,0.940,0.500,1,0,11.973,0,0,10,4,3,19,0
10-09 16:14:03,14.778,3.507,81.406,0,0,1346252,1511000,166176,4909544,5780.086,1623.113,0,553.061,0,33.063,1329,1882,1.320,0.940,0.500,1,0,21.040,0,0,10,4,3,19,0
10-09 16:14:04,23.996,1.750,73.237,0.250,0,1392760,1464320,166184,4909708,6737.780,1683.695,0,1079.805,0,36.993,1088,1511,1.320,0.940,0.500,1,0,0,0,0,10,4,4,15,0
10-09 16:14:05,21.715,4.742,71.636,0.749,0,1301620,1555336,166216,4909780,6715.329,1617.430,0,22584.114,0,802.724,2728,5474,1.320,0.940,0.500,2,0,42.932,0,0,10,4,4,17,0
10-09 16:14:06,22.250,3.500,73.502,0.500,0,1345716,1511040,166220,4910156,7511.158,1694.036,232.005,1272.027,58.001,15.000,1492,2407,1.320,0.940,0.500,1,0,1.000,0,0,10,19,4,15,0
10-09 16:14:07,21.994,4.249,73.232,0,0,1352956,1503660,166220,4910236,5348.652,1619.592,0,0,0,0,1331,1899,1.300,0.940,0.510,2,0,44.989,0,0,10,28,4,15,0
10-09 16:14:08,30.757,7.752,62.014,0.250,0,1377968,1478548,166220,4910296,6729.507,1694.380,0,3144.704,0,75.017,1875,2789,1.300,0.940,0.510,2,0,156.035,0,0,10,28,4,15,0
10-09 16:14:09,46.335,4.508,47.837,0.501,0,1440388,1415868,166232,4910504,5017.161,1697.099,0,1398.554,0,92.168,4103,8110,1.300,0.940,0.510,2,0,0,0,0,10,28,4,15,0
10-09 16:14:10,70.520,19.506,9.503,0,0,1516460,1339760,166232,4910536,7067.028,1620.465,0,52.015,0,13.004,2730,4589,1.300,0.940,0.510,7,0,479.138,0,0,10,29,4,15,0
10-09 16:14:11,84.253,12.000,3.500,0,0,1525452,1330372,166236,4910888,4885.161,1512.050,0,39197.294,0,147.005,6198,13600,1.300,0.940,0.510,6,0,107.004,0,0,10,29,4,15,0
10-09 16:14:12,44.487,9.747,44.986,0.250,0,1332232,1523540,166240,4910936,5374.382,1733.478,0,303.909,0,28.991,2954,6814,1.430,0.970,0.520,1,0,259.922,0,0,10,28,4,14,0
10-09 16:14:13,20.958,4.990,73.105,0,0,1391416,1464352,166240,4910940,5488.079,1710.596,0,35.929,0,0.998,1475,2171,1.430,0.970,0.520,1,0,43.913,0,0,10,28,4,14,0
10-09 16:14:14,20.000,6.750,73.000,0,0,1369588,1486156,166244,4910960,5094.015,1620.005,0,112.000,0,12.000,2071,3679,1.430,0.970,0.520,1,0,68.000,0,0,10,28,4,14,0
10-09 16:14:15,21.795,5.261,72.151,0.251,0,1334764,1520956,166244,4910984,5252.963,1717.585,0,332.694,0,30.063,2362,4419,1.430,0.970,0.520,1,0,94.197,0,0,10,28,4,14,0
10-09 16:14:16,18.004,23.505,57.262,0,0,1367784,1487924,166244,4910996,7076.451,1620.332,0,3628.744,0,20.004,3553,5940,1.430,0.970,0.520,5,0,791.162,0,0,10,28,4,14,0
10-09 16:14:17,84.744,12.499,2.000,0,0.250,1590144,1265520,166248,4911036,8347.374,1705.872,0,1279.904,0,71.995,3091,5112,1.640,1.020,0.540,5,0,152.989,0,0,10,29,4,14,0
10-09 16:14:18,77.506,12.251,8.751,0,0,1460752,1394528,166264,4911400,6685.555,1620.134,0,2764.229,0,70.006,6724,15706,1.640,1.020,0.540,5,0,119.010,0,0,10,29,3,17,0
10-09 16:14:19,86.468,10.746,2.999,0,0,1582064,1272820,166272,4911788,8266.908,1605.400,0,323.879,0,26.990,3907,7021,1.640,1.020,0.540,6,0,176.934,0,0,10,31,3,17,0
10-09 16:14:20,83.781,10.504,5.502,0,0,1498276,1356400,166276,4911992,10345.828,1640.607,0,152.056,0,9.003,7822,16569,1.640,1.020,0.540,7,0,107.040,0,0,10,28,3,16,0
10-09 16:14:21,42.490,12.497,44.489,0.250,0,1386440,1468228,166296,4912116,5937.569,1619.610,0,23202.408,0,83.980,4904,9448,1.640,1.020,0.540,2,0,204.951,0,0,10,28,3,16,0
10-09 16:14:22,44.201,5.244,48.696,0,0,1450768,1403716,166308,4912288,7423.708,1618.192,0,239.732,0,24.972,3828,8024,1.670,1.040,0.550,2,0,1.998,0,0,10,28,3,16,0
10-09 16:14:23,54.364,14.280,31.316,0,0,1486892,1367556,166312,4912320,5607.743,1665.488,0,224.470,0,17.036,2685,3854,1.670,1.040,0.550,3,0,378.793,0,0,10,28,3,16,0
10-09 16:14:24,64.002,13.000,22.001,0,0,1404728,1449288,166356,4912708,5330.197,1620.060,0,464.017,0,47.002,4787,10785,1.670,1.040,0.550,4,0,258.010,0,0,10,28,3,18,0
10-09 16:14:25,82.887,8.488,8.988,0.250,0,1571688,1282296,166360,4912736,8666.188,1659.738,0,143.804,0,5.992,3107,6057,1.670,1.040,0.550,3,0,0,0,0,10,32,3,20,0
10-09 16:14:26,71.472,14.942,12.950,0,0,1450280,1403572,166368,4912852,5180.821,1506.134,0,43470.682,0,141.449,4522,11856,1.670,1.040,0.550,4,0,322.743,0,0,10,28,3,20,0
10-09 16:14:27,60.763,11.801,27.619,0,0,1463192,1390272,166376,4913224,4615.950,1721.440,0,502.170,0,34.148,5419,11760,1.780,1.070,0.560,4,0,193.838,0,0,10,28,3,24,0
10-09 16:14:28,69.501,10.000,20.750,0,0,1518260,1335136,166380,4913284,5448.087,1566.025,0,296.005,0,23.000,2464,4025,1.780,1.070,0.560,3,0,106.002,0,0,10,29,3,24,0
10-09 16:14:29,64.758,11.751,23.503,0.250,0,1452212,1400924,166380,4913508,8041.021,1620.206,0,4252.540,0,113.014,5172,10940,1.780,1.070,0.560,3,0,287.036,0,0,10,28,3,27,0
10-09 16:14:30,62.245,9.249,28.998,0,0,1360672,1491788,166384,4914176,5228.561,1619.864,0,1299.891,0,43.996,5579,10434,1.780,1.070,0.560,3,0,111.991,0,0,10,28,3,30,0
10-09 16:14:31,66.621,6.487,26.948,0,0,1513800,1338604,166384,4914228,7205.999,1616.858,0,6076.194,0,15.969,2324,3957,1.780,1.070,0.560,3,0,0,0,0,10,31,3,30,0
10-09 16:14:32,70.200,16.046,12.285,0,0,1495164,1357008,166396,4914444,8165.255,1624.627,0,541.542,0,51.146,4056,8094,1.950,1.120,0.580,5,0,429.222,0,0,10,28,3,32,0
10-09 16:14:33,83.164,14.485,2.248,0,0,1531504,1320572,166408,4914524,6726.059,1618.330,0,515.468,0,38.960,4466,9583,1.950,1.120,0.580,7,0,253.738,0,0,10,29,3,32,0
10-09 16:14:34,86.763,11.502,1.500,0,0,1589336,1262524,166428,4914720,6095.945,1512.234,0,2800.434,0,186.029,3685,7970,1.950,1.120,0.580,8,0,255.040,0,0,10,29,3,33,0
10-09 16:14:35,81.997,13.750,3.750,0,0,1600848,1250728,166440,4914980,5341.824,1619.947,0,1011.967,0,29.999,6390,15004,1.950,1.120,0.580,9,0,239.992,0,0,10,29,3,31,0
10-09 16:14:36,60.739,21.496,15.997,0,0,1464532,1386856,166440,4915168,5452.030,1639.708,0,2715.517,0,6.999,5976,14883,1.950,1.120,0.580,5,0,687.878,0,0,10,29,3,31,0
10-09 16:14:37,18.978,25.470,56.185,0,0,1343484,1507692,166440,4915372,5541.550,1618.117,0,15.981,0,3.995,4271,8208,2.280,1.200,0.610,1,0,776.097,0,0,10,28,3,28,0
10-09 16:14:38,61.586,25.035,12.267,0,0,1512836,1338284,166440,4915428,6938.652,1622.257,0,40.056,0,10.014,3537,6893,2.280,1.200,0.610,5,0,840.169,0,0,10,28,3,28,0
10-09 16:14:39,82.006,12.501,6.500,0,0,1457824,1393064,166488,4915608,5889.436,1620.120,0,1600.118,0,118.009,4883,13028,2.280,1.200,0.610,5,0,216.016,0,0,10,28,3,28,0
10-09 16:14:40,83.731,8.498,7.748,0,0,1559420,1291356,166496,4915708,5893.662,1619.632,0,155.965,0,11.997,3636,8006,2.280,1.200,0.610,3,0,66.985,0,0,10,31,3,29,0
10-09 16:14:41,61.249,7.750,30.750,0.250,0,1526920,1323448,166516,4916084,5781.931,1553.981,0,4391.947,0,301.996,6374,18359,2.280,1.200,0.610,5,0,30.000,0,0,10,30,3,34,0
10-09 16:14:42,85.262,9.501,4.751,0,0,1539304,1310860,166520,4916280,5855.826,1620.228,0,320.045,0,37.005,4266,8039,2.420,1.250,0.630,4,0,92.013,0,0,10,30,3,34,0
10-09 16:14:43,63.998,8.250,27.749,0,0,1576632,1273312,166520,4916488,6867.739,1787.932,0,107.996,0,6.000,9181,20111,2.420,1.250,0.630,2,0,0,0,0,10,32,3,36,0
10-09 16:14:44,69.502,14.500,15.000,0,0,1442888,1406612,166520,4916924,5092.143,1566.044,0,132.004,0,8.000,6326,13770,2.420,1.250,0.630,4,0,222.006,0,0,10,28,3,38,0
10-09 16:14:45,82.212,7.996,9.246,0,0,1574516,1274900,166528,4917000,5143.644,1713.215,0,119.945,0,7.996,4017,10515,2.420,1.250,0.630,4,0,44.979,0,0,10,30,3,41,0
10-09 16:14:46,82.028,11.504,5.752,0,0,1527224,1322012,166544,4917160,7116.398,1620.546,0,364.123,0,23.008,3363,6541,2.420,1.250,0.630,4,0,132.044,0,0,10,29,3,41,0
10-09 16:14:47,73.759,12.001,14.752,0,0,1476700,1372336,166556,4917344,5603.650,1620.188,0,488.057,0,47.005,4805,10999,2.540,1.290,0.650,6,0,184.021,0,0,10,29,3,41,0
10-09 16:14:48,81.000,10.750,8.750,0,0,1545452,1303384,166556,4917540,5372.973,1511.992,0,155.999,0,10.000,4502,11787,2.540,1.290,0.650,3,0,63.000,0,0,10,31,3,41,0
10-09 16:14:49,81.745,10.249,6.250,0,0,1470188,1378432,166556,4917752,6376.630,1619.906,0,5151.701,0,152.991,3487,7693,2.540,1.290,0.650,4,0,132.992,0,0,10,28,3,43,0
10-09 16:14:50,76.253,11.250,11.750,0,0,1405976,1442424,166568,4917952,7431.305,1620.066,0,532.022,0,50.002,5150,11792,2.540,1.290,0.650,4,0,159.007,0,0,10,28,3,48,0
10-09 16:14:51,64.750,10.500,24.500,0.250,0,1509156,1339200,166572,4917988,8718.974,1619.995,0,439.999,0,24.000,2275,3715,2.540,1.290,0.650,3,0,132.000,0,0,10,28,3,46,0
10-09 16:14:52,63.996,10.749,24.998,0,0,1434180,1413780,166576,4918340,7178.541,1619.896,0,283.982,0,17.999,4783,9650,2.660,1.340,0.660,3,0,182.988,0,0,10,28,3,48,0
10-09 16:14:53,63.181,9.490,27.220,0,0,1429088,1418684,166588,4918512,5240.241,1564.281,0,379.583,0,34.962,4709,8272,2.660,1.340,0.660,3,0,64.929,0,0,10,29,3,51,0
10-09 16:14:54,67.074,8.259,25.778,0,0,1502068,1345668,166596,4918536,5322.860,1621.786,0,236.260,0,20.022,4031,7588,2.660,1.340,0.660,3,0,67.074,0,0,10,30,3,51,0
10-09 16:14:55,65.503,9.000,24.751,0,0,1458464,1388936,166604,4918864,5327.213,1512.060,0,292.012,0,22.001,3503,8062,2.660,1.340,0.660,3,0,82.003,0,0,10,28,3,52,0
10-09 16:14:56,65.497,8.750,25.249,0.250,0,1381876,1465436,166624,4918928,8045.574,1619.914,0,463.975,0,45.998,3763,9032,2.660,1.340,0.660,3,0,96.995,0,0,10,28,3,55,0
10-09 16:14:57,63.674,7.241,27.467,0,0,1518956,1328192,166632,4919080,8031.459,1618.078,0,271.677,0,18.977,3180,6434,2.690,1.370,0.680,3,0,39.953,0,0,10,30,3,56,0
10-09 16:14:58,60.542,13.259,25.768,0,0,1464004,1382872,166640,4919308,7018.906,1621.133,0,376.263,0,32.022,3847,7632,2.690,1.370,0.680,3,0,423.296,0,0,10,28,3,56,0
10-09 16:14:59,60.778,9.004,29.514,0,0,1351208,1495452,166644,4919516,14408.657,1620.749,0,428.198,0,31.014,4713,10523,2.690,1.370,0.680,2,0,143.066,0,0,10,28,3,58,0
10-09 16:15:00,25.946,8.732,64.367,0,0,1406172,1440384,166652,4919604,6155.289,1616.662,0,239.505,0,11.975,2165,3473,2.690,1.370,0.680,1,0,265.452,0,0,10,29,3,58,0
10-09 16:15:01,18.032,11.020,70.876,0.250,0,1349712,1496676,166660,4919760,7552.451,1568.794,0,2059.668,0,24.043,2908,6393,2.690,1.370,0.680,1,0,219.391,0,0,10,28,3,60,0
10-09 16:15:02,26.496,16.498,56.242,0,0,1427088,1419044,166700,4919972,5745.144,1511.775,0,503.925,0,27.996,2772,4313,2.470,1.340,0.670,2,0,377.944,0,0,10,28,3,62,0
10-09 16:15:03,42.755,6.501,48.006,2.750,0,1536508,1306228,167108,4922604,5387.652,1620.196,0,7744.937,0,681.082,3827,7726,2.470,1.340,0.670,6,0,35.004,0,0,10,32,3,62,0
10-09 16:15:04,39.233,6.747,43.731,10.246,0,1476756,1359300,167972,4928052,6663.095,1619.294,0,46207.853,0,4369.095,14460,33194,2.470,1.340,0.670,1,1,105.954,0,0,10,32,3,62,0
10-09 16:15:05,43.194,6.242,46.690,3.246,0,1509460,1326316,168324,4927916,7433.374,1617.905,0,22383.014,0,1806.660,6188,12909,2.470,1.340,0.670,2,0,12.983,0,0,10,28,3,60,0
10-09 16:15:06,43.306,6.258,46.810,3.505,0,1497536,1337716,168576,4928180,7849.094,1622.086,0,10549.567,0,1309.684,6402,13391,2.470,1.340,0.670,5,0,2.003,0,0,10,30,3,60,0
10-09 16:15:07,35.184,7.735,51.403,5.240,0,1466688,1367968,168844,4928488,6030.608,1690.806,0,9102.805,0,1504.159,8719,18171,2.510,1.370,0.690,1,0,99.811,0,0,10,28,3,60,0
10-09 16:15:08,22.505,2.751,73.517,0,0,1432456,1402132,168848,4928548,8975.064,1694.390,0,908.209,0,49.011,1186,1559,2.510,1.370,0.690,1,0,1.000,0,0,10,28,3,60,0
10-09 16:15:09,23.800,2.756,73.403,0.251,0,1374580,1459980,168876,4928552,5614.718,1535.204,0,6449.460,0,327.684,1488,2478,2.510,1.370,0.690,1,0,3.006,0,0,10,28,3,60,0
10-09 16:15:10,22.857,2.484,73.539,0,0,1455212,1379340,168876,4928560,5876.197,1683.457,0,178.880,0,29.813,935,1150,2.510,1.370,0.690,2,0,1.988,0,0,10,28,3,60,0
10-09 16:15:11,22.841,3.514,73.293,0,0,1398572,1435952,168880,4928584,5677.722,1626.509,0,144.579,0,18.072,1015,1336,2.510,1.370,0.690,2,0,1.004,0,0,10,32,3,60,0
10-09 16:15:12,22.496,3.000,73.738,0,0,1461056,1373468,168880,4928584,5258.127,1619.731,0,1835.695,0,199.967,1009,1156,2.390,1.370,0.690,2,0,3.999,0,0,10,32,3,60,0
10-09 16:15:13,23.259,2.751,73.780,0,0,1429512,1405000,168880,4928596,6044.454,1694.688,0,56.023,0,3.001,943,1107,2.390,1.370,0.690,1,0,1.000,0,0,10,32,4,60,0
10-09 16:15:14,22.747,3.250,73.991,0,0,1364332,1470128,168884,4928644,7677.109,1693.804,0,0,0,0,951,1123,2.390,1.370,0.690,1,0,3.000,0,0,10,32,4,60,0
10-09 16:15:15,22.498,3.250,73.995,0,0,1439172,1395288,168884,4928644,5851.596,1693.883,0,0,0,0,949,1167,2.390,1.370,0.690,2,0,2.000,0,0,10,32,4,60,0
10-09 16:15:16,23.757,3.001,72.771,0.250,0,1388020,1446304,168900,4928760,6036.775,1532.451,0,568.167,0,29.009,1084,1507,2.390,1.370,0.690,3,0,1.000,0,0,10,32,4,60,0
10-09 16:15:17,24.022,2.002,74.066,0,0,1406436,1427964,168908,4928768,5496.925,1621.453,0,120.108,0,12.011,940,1186,2.280,1.360,0.690,2,0,1.001,0,0,10,32,4,60,0
10-09 16:15:18,23.231,1.998,73.940,0,0,1466404,1367988,168908,4928776,6253.909,1618.682,0,0,0,0,898,1087,2.280,1.360,0.690,2,0,1.998,0,0,10,32,4,60,0
10-09 16:15:19,23.754,2.500,73.762,0,0,1356812,1477524,168912,4928828,5828.933,1620.259,0,0,0,0,887,1061,2.280,1.360,0.690,2,0,2.000,0,0,10,32,4,60,0
10-09 16:15:20,22.740,2.499,73.717,0,0,1440476,1393860,168912,4928828,10449.340,1693.245,0,0,0,0,935,1082,2.280,1.360,0.690,1,0,1.999,0,0,10,32,4,57,0
10-09 16:15:21,17.293,9.523,72.929,0,0,1363704,1470516,168920,4928932,5616.817,1666.099,0,0,0,0,1565,2246,2.280,1.360,0.690,1,0,140.345,0,0,10,32,4,57,0
10-09 16:15:22,10.723,19.201,69.573,0,0,1367272,1466876,168924,4929000,7006.127,1454.290,0,1129.120,0,13.964,3220,5183,2.180,1.350,0.690,3,0,521.669,0,0,10,32,4,57,0
10-09 16:15:23,9.753,20.505,69.769,0,0.250,1369660,1464400,168932,4929044,7287.939,1694.451,0,420.112,0,8.002,2943,4554,2.180,1.350,0.690,3,0,408.109,0,0,10,32,4,57,0
10-09 16:15:24,11.005,16.758,71.534,0,0,1387008,1447016,168932,4929076,4749.275,1620.776,0,0,0,0,2371,3683,2.180,1.350,0.690,1,0,306.147,0,0,10,32,4,55,0
10-09 16:15:25,22.732,3.247,73.693,0,0,1466152,1367888,168932,4929060,5538.708,1702.680,0,0,0,0,922,1124,2.180,1.350,0.690,2,0,1.998,0,0,10,32,4,55,0
10-09 16:15:26,23.510,2.251,73.281,0.500,0,1415464,1418572,168940,4929056,8050.413,1620.687,0,432.183,0,32.014,1128,1503,2.180,1.350,0.690,1,0,1.000,0,0,10,32,4,52,0
10-09 16:15:27,23.499,2.250,73.748,0,0,1473912,1360108,168948,4929064,5420.848,1619.955,0,107.997,0,11.000,983,1249,2.080,1.350,0.690,1,0,2.000,0,0,10,32,4,52,0
10-09 16:15:28,23.242,2.249,74.224,0,0,1430452,1403564,168948,4929068,8328.093,1693.409,0,3.999,0,1.000,972,1133,2.080,1.350,0.690,2,0,1.000,0,0,10,32,4,48,0
10-09 16:15:29,23.263,2.501,73.292,0,0,1376976,1457020,168948,4929084,9658.554,1458.839,0,16.009,0,1.001,1011,1189,2.080,1.350,0.690,1,0,3.002,0,0,10,32,4,48,0
10-09 16:15:30,22.749,3.500,73.496,0,0,1459392,1374616,168948,4929072,6866.615,1619.909,0,0,0,0,971,1169,2.080,1.350,0.690,3,0,2.000,0,0,10,32,4,45,0
10-09 16:15:31,23.286,1.753,74.116,0,0,1409216,1424796,168952,4929064,5816.114,1622.543,0,757.187,0,125.196,998,1242,2.080,1.350,0.690,1,0,3.005,0,0,10,32,4,45,0
10-09 16:15:32,22.250,4.000,73.250,0.250,0,1471964,1362048,168956,4929056,8002.976,1619.995,0,555.998,0,18.000,1250,1744,2,1.340,0.700,2,0,4.000,0,0,10,32,4,40,0
10-09 16:15:33,23.965,1.997,72.643,0.250,0,1428036,1405956,168968,4929064,5223.296,1617.614,0,4561.272,0,218.677,1310,2059,2,1.340,0.700,1,0,0.999,0,0,10,32,4,40,0
10-09 16:15:34,26.543,5.259,68.863,0.250,0,1366396,1467596,168968,4929064,7605.427,1622.651,0,60.098,0,6.010,1600,3464,2,1.340,0.700,1,0,37.061,0,0,10,32,4,40,0
10-09 16:15:35,23.201,2.994,73.595,0,0,1446932,1387068,168972,4929052,5578.258,1842.122,0,251.471,0,9.979,1007,1311,2,1.340,0.700,2,0,1.996,0,0,10,32,5,40,0
10-09 16:15:36,21.510,3.752,73.284,0.250,0,1385532,1448444,168976,4929072,5550.553,1532.705,0,324.149,0,28.013,1057,1507,2,1.340,0.700,1,0,1.000,0,0,10,32,5,40,0
10-09 16:15:37,21.997,4.249,73.491,0,0,1458636,1375364,168976,4929048,8128.984,1619.798,0,139.983,0,13.998,994,1276,1.920,1.340,0.700,1,0,2.000,0,0,10,32,5,40,0
10-09 16:15:38,23.300,2.004,73.909,0,0,1406404,1427516,168976,4929128,7269.659,1697.657,0,1815.911,0,5.011,917,1104,1.920,1.340,0.700,1,0,1.002,0,0,10,32,5,40,0
10-09 16:15:39,23.443,2.245,73.820,0,0,1423964,1409964,168976,4929120,5911.582,1731.776,0,11.971,0,0.998,913,1105,1.920,1.340,0.700,3,0,0.998,0,0,10,32,5,40,0
10-09 16:15:40,22.999,2.500,73.748,0,0,1470328,1363596,168976,4929124,6456.806,1661.950,0,23.999,0,2.000,905,1102,1.920,1.340,0.700,2,0,2.000,0,0,10,32,5,40,0
10-09 16:15:41,22.582,3.474,73.206,0,0,1370348,1463556,168976,4929144,5933.905,1608.051,0,174.702,0,31.764,949,1158,1.920,1.340,0.700,2,0,1.985,0,0,10,32,5,40,0
10-09 16:15:42,22.668,3.274,73.295,0,0,1448732,1385184,168976,4929132,6590.971,1706.681,0,0,0,0,936,1133,1.840,1.330,0.700,3,0,4.030,0,0,10,32,5,34,0
10-09 16:15:43,18.252,9.501,72.008,0.250,0,1366896,1466992,168976,4929160,6056.715,1458.172,0,172.020,0,5.001,1497,2018,1.840,1.330,0.700,3,0,121.014,0,0,10,32,5,34,0
10-09 16:15:44,8.742,20.982,68.940,0,0.250,1379724,1454100,168980,4929172,7298.628,1692.522,0,71.937,0,5.995,2337,3303,1.840,1.330,0.700,1,0,270.764,0,0,10,32,5,27,0
10-09 16:15:45,22.761,3.252,73.786,0,0,1458368,1375252,168984,4929372,7245.521,1714.833,0,0,0,0,892,1212,1.840,1.330,0.700,1,0,0,0,0,10,32,5,27,0
10-09 16:15:46,21.815,3.510,73.218,0,0,1437172,1396360,169004,4929404,5408.127,1624.845,0,421.256,0,29.087,1107,1673,1.840,1.330,0.700,1,0,9.027,0,0,10,32,5,24,0
10-09 16:15:47,17.444,12.211,69.528,0,0,1370496,1462912,169012,4929508,5570.225,1614.847,0,139.555,0,10.965,1843,2714,1.770,1.320,0.700,3,0,207.338,0,0,10,32,5,24,0
10-09 16:15:48,9.516,19.031,70.365,0,0,1373888,1459500,169012,4929528,5219.565,1622.663,0,604.993,0,88.145,2420,3358,1.770,1.320,0.700,1,0,284.467,0,0,10,32,4,24,0
10-09 16:15:49,9.239,21.224,68.415,0,0,1368984,1464380,169012,4929552,5179.577,1510.127,0,255.683,0,4.994,2567,3652,1.770,1.320,0.700,3,0,328.593,0,0,10,32,4,24,0
10-09 16:15:50,8.000,21.999,69.746,0,0,1369708,1463628,169012,4929576,5848.702,1639.916,0,15.999,0,4.000,2482,3605,1.770,1.320,0.700,2,0,307.984,0,0,10,32,4,17,0
10-09 16:15:51,9.750,21.000,68.750,0,0,1370544,1462776,169012,4929592,5160.026,1620.008,0,880.004,0,37.000,2489,3637,1.770,1.320,0.700,1,0,324.002,0,0,10,32,4,17,0
10-09 16:15:52,11.517,19.028,68.099,0,0,1369204,1464100,169012,4929604,5164.530,1622.365,0,949.384,0,13.019,2604,3904,1.630,1.300,0.700,1,0,339.495,0,0,10,32,4,15,0
10-09 16:15:53,8.980,21.202,69.342,0,0,1367124,1466160,169012,4929624,4864.918,1616.318,0,957.818,0,11.973,2533,3651,1.630,1.300,0.700,2,0,323.264,0,0,10,32,4,15,0
10-09 16:15:54,10.014,21.029,68.343,0,0,1368980,1464284,169012,4929640,4797.529,1622.208,0,829.128,0,9.012,2491,3566,1.630,1.300,0.700,3,0,325.443,0,0,10,32,4,12,0
10-09 16:15:55,7.495,20.487,70.705,0,0,1367108,1466136,169012,4929660,5229.658,1618.965,0,139.911,0,2.998,2402,3450,1.630,1.300,0.700,3,0,280.821,0,0,10,32,4,12,0
10-09 16:15:56,12.269,17.777,69.856,0.250,0,1368836,1464388,169020,4929676,7957.039,1622.455,0,536.812,0,35.053,2642,3921,1.630,1.300,0.700,3,0,287.435,0,0,10,32,4,12,0
10-09 16:15:57,8.245,19.987,69.955,0,0.250,1368680,1464512,169020,4929708,8098.768,1457.059,0,423.726,0,15.990,2424,3546,1.580,1.300,0.700,3,0,283.817,0,0,10,32,4,8,0
10-09 16:15:58,20.516,27.022,53.293,0,0,1410256,1422912,169024,4929728,6986.575,1621.294,0,588.470,0,37.030,3425,5547,1.580,1.300,0.700,3,0,576.460,0,0,10,32,4,10,0
10-09 16:15:59,61.821,16.018,22.276,0.250,0,1588128,1244684,169124,4929944,8527.773,1621.859,0,780.895,0,41.047,2454,3760,1.580,1.300,0.700,3,0,265.304,0,0,10,32,4,13,0
10-09 16:16:00,51.521,9.004,30.513,9.504,0,1671444,1149360,170004,4939968,7548.102,1620.666,400.164,44074.114,4.002,3384.391,11945,27837,1.580,1.300,0.700,3,0,94.039,0,0,10,38,4,15,0
10-09 16:16:01,41.728,11.244,31.734,14.742,0,1654356,1151064,171056,4953760,6215.780,1619.161,0,109047.513,0,7850.933,22808,51771,1.580,1.300,0.700,2,1,173.910,0,0,10,36,4,12,0
10-09 16:16:02,47.494,10.999,28.996,11.998,0,1630220,1163988,171636,4963976,6269.160,1619.783,0,77273.645,0,6164.174,19205,43996,1.620,1.310,0.710,2,1,119.984,0,0,10,36,4,13,0
10-09 16:16:03,44.042,17.517,27.526,11.261,0,1583296,1201464,171988,4973052,6166.865,1621.542,364.346,56826.042,7.007,4393.178,15243,34633,1.620,1.310,0.710,6,1,303.288,0,0,10,35,4,10,0
10-09 16:16:04,42.971,15.989,32.478,6.995,0,1600920,1178324,172396,4977472,5978.007,1510.991,1091.271,60528.567,16.989,4258.156,18153,40347,1.620,1.310,0.710,8,0,134.910,0,0,10,34,4,15,0
10-09 16:16:05,36.973,11.991,44.967,4.996,0,1581888,1194064,172736,4980272,5331.082,1564.850,527.612,39510.959,7.994,3574.373,14275,29802,1.620,1.310,0.710,7,0,143.894,0,0,10,34,4,15,0
10-09 16:16:06,39.270,7.754,44.773,8.504,0,1584112,1190816,173012,4980976,5425.821,1694.881,0,50834.434,0,4341.257,17195,38621,1.620,1.310,0.710,1,1,30.016,0,0,10,35,4,18,0
10-09 16:16:07,36.217,9.491,42.211,12.239,0,1557792,1214844,173352,4982864,5285.132,1618.509,0,55876.538,0,4723.650,15228,35926,1.650,1.320,0.710,2,0,91.915,0,0,10,34,4,18,0
10-09 16:16:08,43.309,7.510,42.558,7.761,0,1578184,1191860,173488,4985280,5253.160,1622.211,0,37759.466,0,3242.419,13918,31314,1.650,1.320,0.710,5,0,42.057,0,0,10,35,4,18,0
10-09 16:16:09,37.422,5.988,42.911,12.724,0,1549008,1217196,173676,4988844,6151.230,1616.644,0,52319.385,0,4595.460,14795,35878,1.650,1.320,0.710,1,2,68.857,0,0,10,34,4,18,0
10-09 16:16:10,35.552,7.761,44.815,11.266,0,1573660,1188508,173936,4992456,5383.817,1622.356,0,53942.324,0,4795.964,16625,38489,1.650,1.320,0.710,2,0,48.070,0,0,10,37,4,20,0
10-09 16:16:11,35.250,8.750,42.750,12.000,0,1539336,1218564,174084,4996468,5395.968,1553.991,0,58643.648,0,4845.971,17980,39762,1.650,1.320,0.710,4,0,150.999,0,0,10,36,4,24,0
10-09 16:16:12,37.252,9.500,43.252,11.001,0,1583148,1176228,174216,4994784,5630.276,1620.079,0,39209.921,0,3747.184,14469,31724,1.750,1.350,0.730,2,1,17.001,0,0,10,37,4,26,0
10-09 16:16:13,39.733,7.247,45.230,7.997,0,1467932,1293316,174356,4992788,7043.957,1767.237,0,33337.598,0,3019.695,10955,23431,1.750,1.350,0.730,6,0,51.978,0,0,10,33,4,27,1
10-09 16:16:14,23.209,12.229,62.640,0.998,0,1439040,1322128,174376,4992832,6502.594,1637.128,0,17305.646,0,1019.212,3967,8620,1.750,1.350,0.730,1,0,271.524,0,0,10,32,4,28,0
10-09 16:16:15,22.787,3.506,72.868,0.250,0,1404108,1356908,174376,4992984,6029.738,1696.740,0,725.171,0,45.073,2365,4877,1.750,1.350,0.730,1,0,13.021,0,0,10,32,4,30,0
10-09 16:16:16,23.149,2.738,73.429,0,0,1463488,1297524,174376,4992988,4951.377,1760.313,0,525.704,0,31.861,1303,2038,1.750,1.350,0.730,2,0,29.870,0,0,10,33,4,30,0
10-09 16:16:17,13.316,15.829,70.602,0,0,1403768,1357188,174376,4993044,5137.632,1628.123,0,603.008,0,41.206,2808,5397,1.690,1.340,0.730,2,0,295.474,0,0,10,32,4,30,0
10-09 16:16:18,30.498,18.749,50.497,0.250,0,1466672,1294116,174400,4993188,5970.660,1585.910,0,1151.934,0,83.995,3641,5989,1.690,1.340,0.730,3,0,502.971,0,0,10,32,4,36,0
10-09 16:16:19,68.487,7.249,24.495,0,0,1647820,1111708,174452,4994312,7545.589,1619.697,0,923.827,0,35.993,1509,1516,1.690,1.340,0.730,3,0,2.999,0,0,10,32,4,36,0
10-09 16:16:20,65.825,6.507,26.280,1.251,0,1797864,956824,174660,4998564,7338.358,1695.932,0,10019.412,0,674.769,3526,5837,1.690,1.340,0.730,2,1,21.024,0,0,10,38,4,36,0
10-09 16:16:21,30.482,10.244,43.724,15.241,0,1797088,941748,174908,5013624,9207.595,1565.081,0,103187.429,0,7807.417,23415,52258,1.690,1.340,0.730,2,0,260.847,0,0,10,38,4,36,0
10-09 16:16:22,36.494,6.999,40.494,13.998,0,1666900,1059984,175200,5024960,7376.834,1693.732,0,81823.072,0,6463.979,20513,44892,1.800,1.370,0.740,5,0,211.967,0,0,10,36,4,36,0
10-09 16:16:23,42.235,11.746,30.739,13.995,0,1732464,982468,175352,5036364,5979.883,1619.427,0,89340.374,0,6544.683,17045,41831,1.800,1.370,0.740,5,1,243.914,0,0,10,36,4,36,0
10-09 16:16:24,47.909,10.480,29.694,12.975,0,1789524,916220,175504,5045060,5103.319,1658.853,0,74390.880,0,5126.275,13469,33099,1.800,1.370,0.740,2,1,38.926,0,0,10,36,4,36,0
10-09 16:16:25,33.489,11.996,38.488,15.245,0,1681172,1014220,175556,5054892,5013.411,1619.487,0,93898.234,0,6769.854,19379,45650,1.800,1.370,0.740,2,1,92.971,0,0,10,36,4,36,0
10-09 16:16:26,37.201,9.238,45.440,6.242,0,1408924,1283400,175588,5057852,8827.401,1510.016,0,27132.348,0,2236.062,8102,18262,1.800,1.370,0.740,4,0,148.804,0,0,10,32,4,36,0
10-09 16:16:27,21.526,7.259,69.333,1.752,0,1468368,1223932,175592,5057872,5246.301,1621.948,0,17120.562,0,1031.239,3165,6231,1.730,1.360,0.740,2,0,125.150,0,0,10,32,4,36,0
10-09 16:16:28,23.502,2.750,73.005,0.250,0,1531364,1160932,175596,5057872,5563.406,1694.124,0,1076.079,0,74.005,990,1502,1.730,1.360,0.740,3,0,0,0,0,10,34,4,36,0
10-09 16:16:29,21.758,4.252,72.276,0.250,0,1434060,1258228,175596,5057880,7881.782,1566.553,0,3933.388,0,215.076,1674,2653,1.730,1.360,0.740,1,0,27.010,0,0,10,32,4,36,0
10-09 16:16:30,22.500,3.750,73.250,0,0,1496052,1196236,175596,5057880,5752.977,1735.993,0,127.999,0,10.000,974,1242,1.730,1.360,0.740,1,0,1.000,0,0,10,32,4,36,0
10-09 16:16:31,22.027,4.255,73.089,0.250,0,1415520,1276768,175600,5057876,6457.904,1621.985,0,108.132,0,16.020,1347,1942,1.730,1.360,0.740,3,0,37.045,0,0,10,32,4,36,0
10-09 16:16:32,13.497,34.491,50.737,0.250,0,1420456,1271752,175604,5057944,5880.530,1619.595,0,703.824,0,53.987,5530,9526,1.760,1.370,0.750,3,0,1249.688,0,0,10,32,4,36,0
10-09 16:16:33,9.996,19.742,69.474,0,0,1420892,1271220,175604,5058008,9152.513,1511.424,0,235.910,0,18.993,3048,4517,1.760,1.370,0.750,2,0,485.815,0,0,10,32,4,36,0
10-09 16:16:34,14.226,19.218,64.891,0,0,1421888,1270168,175604,5058052,7342.694,1617.289,0,3146.726,0,15.973,3829,8256,1.760,1.370,0.750,2,0,447.250,0,0,10,32,4,37,0
10-09 16:16:35,13.795,17.808,67.220,0,0,1422796,1268372,175604,5058824,6361.784,1667.448,0,36.118,0,9.029,3928,6741,1.760,1.370,0.750,3,0,340.111,0,0,10,32,4,36,0
10-09 16:16:36,40.224,11.742,48.219,0,0,1503844,1187080,175616,5059424,5896.150,1618.943,0,63.958,0,3.997,2998,5634,1.760,1.370,0.750,3,0,164.892,0,0,10,33,4,36,0
10-09 16:16:37,44.989,6.249,49.488,0,0,1611844,1078972,175616,5059500,5827.636,1565.634,0,23.994,0,2.000,1164,1176,1.780,1.380,0.760,3,0,0,0,0,10,33,4,36,0
10-09 16:16:38,47.272,6.753,46.271,0,0,1664380,1022088,175680,5063504,7383.374,1620.741,0,6002.743,0,313.143,4848,11348,1.780,1.380,0.760,2,0,7.003,0,0,10,49,4,36,0
10-09 16:16:39,17.976,14.730,66.660,0,0,1683276,1003008,175680,5063616,5301.837,1617.814,0,555.250,0,21.970,2372,3658,1.780,1.380,0.760,1,0,253.657,0,0,10,48,4,36,0
10-09 16:16:40,9.741,1.499,88.921,0,0,1699336,986908,175680,5063616,5879.767,2391.871,0,167.851,0,11.989,792,1105,1.780,1.380,0.760,2,0,2.997,0,0,10,49,4,36,0
10-09 16:16:41,0.500,0.500,97.756,0,0,1699304,986908,175680,5063648,36446.077,3018.172,0,140.008,0,10.001,857,1404,1.780,1.380,0.760,1,0,0,0,0,10,49,4,36,0
10-09 16:16:42,1.000,0.500,97.499,0.250,0,1699472,986656,175680,5063728,91800.898,3533.958,0,483.994,0,24.000,855,1210,1.630,1.360,0.750,1,0,2.000,0,0,10,49,4,36,0
10-09 16:16:43,4.510,1.754,93.716,0,0,1708368,977700,175680,5063792,68680.652,3012.960,0,60.139,0,1.002,808,1096,1.630,1.360,0.750,1,0,3.007,0,0,10,48,4,37,0
10-09 16:16:44,16.220,9.482,70.867,2.495,0,1767216,866944,175780,5113948,4588.392,1636.929,3.993,9366.429,0.998,437.180,2864,4580,1.630,1.360,0.750,1,0,69.869,0,0,10,48,4,37,0
10-09 16:16:45,15.751,10.251,73.006,0,0,1745552,887960,175780,5114052,5629.490,1798.156,0,0,0,0,1726,2094,1.630,1.360,0.750,1,0,60.005,0,0,10,48,4,37,0
10-09 16:16:46,18.250,7.750,73.999,0,0,1742712,890768,175780,5114056,4972.960,1693.986,0,4.000,0,1.000,1380,1618,1.630,1.360,0.750,1,0,55.000,0,0,10,48,4,37,0
10-09 16:16:47,22.032,4.006,73.857,0,0,1689980,993016,175780,5065208,5538.025,1514.194,0,4.006,0,1.001,1165,1425,1.580,1.350,0.750,1,0,29.042,0,0,10,48,4,37,0
10-09 16:16:48,12.734,14.482,72.158,0,0,1689124,993788,175932,5065260,5222.331,1617.934,159.796,15.980,9.987,1.997,2248,3442,1.580,1.350,0.750,1,0,273.651,0,0,10,48,4,37,0
10-09 16:16:49,13.248,7.999,76.990,0,0,1689184,993484,175932,5065400,5559.283,1619.791,0,1115.856,0,4.999,3840,6737,1.580,1.350,0.750,0,0,92.988,0,0,10,48,4,37,0
10-09 16:16:50,0.500,0.500,98.197,0,0,1689744,993008,175932,5065404,7051.178,1619.122,0,0,0,0,612,949,1.580,1.350,0.750,2,0,2.998,0,0,10,48,4,37,0
10-09 16:16:51,1.250,0.500,97.245,0.250,0,1689472,993272,175932,5065412,6129.657,1619.909,0,107.994,0,11.999,903,1528,1.580,1.350,0.750,1,0,3.000,0,0,10,48,4,37,0
10-09 16:16:52,0,0.500,97.978,0,0,1689472,993272,175932,5065412,5669.702,1565.641,0,311.929,0,22.995,722,1139,1.460,1.330,0.750,1,0,2.999,0,0,10,48,4,37,0
10-09 16:16:53,1.750,3.249,93.732,0,0,1622676,1060040,175932,5065396,5916.864,1619.689,0,0,0,0,1126,1688,1.460,1.330,0.750,1,0,46.991,0,0,10,48,4,37,0
10-09 16:16:54,16.531,14.527,67.375,0,0,1613548,1069052,175932,5065412,5574.352,1514.813,0,2127.952,0,178.331,5200,10867,1.460,1.330,0.750,1,0,256.476,0,0,10,48,4,37,0
10-09 16:16:55,14.487,17.984,66.440,0,0,1681800,1000684,175932,5065484,5414.100,1728.436,0,0,0,0,4159,7496,1.460,1.330,0.750,3,0,376.659,0,0,11,48,4,37,0
10-09 16:16:56,11.992,7.245,80.695,0,0,1682792,999728,175932,5065460,7030.226,1618.901,0,299.796,0,12.991,3670,6230,1.460,1.330,0.750,1,0,182.876,0,0,11,48,4,37,0
10-09 16:16:57,10.253,11.253,77.773,0,0,1689404,993000,175932,5065836,6876.049,1620.483,0,0,0,0,2863,5152,1.340,1.310,0.740,2,0,177.053,0,0,13,50,4,37,0
10-09 16:16:58,12.272,16.781,69.878,0,0,1688816,993568,175932,5065500,8118.858,1622.970,0,28.051,0,6.011,4483,10223,1.340,1.310,0.740,1,0,277.508,0,0,13,50,4,38,0
10-09 16:16:59,11.251,18.252,69.506,0,0,1686816,995560,175932,5065540,8478.721,1566.133,0,192.016,0,15.001,2859,4487,1.340,1.310,0.740,1,0,373.032,0,0,13,50,4,38,0
10-09 16:17:00,24.514,16.009,58.783,0,0,1709368,972832,175940,5065696,6346.522,1706.947,0,32.018,0,4.002,4731,9589,1.340,1.310,0.740,2,0,315.175,0,0,13,50,4,32,0
10-09 16:17:01,34.821,15.918,48.749,0,0,1784412,897560,175952,5065908,6553.322,1504.270,0,322.343,0,17.908,5477,12808,1.340,1.310,0.740,1,0,214.896,0,0,13,50,4,32,0
10-09 16:17:02,26.001,5.250,68.003,0.250,0,1856912,823780,176040,5067028,8033.305,1620.062,40.002,772.029,4.000,23.001,1979,3454,1.310,1.300,0.750,2,0,15.001,0,0,13,58,4,33,0
10-09 16:17:03,21.865,3.519,73.386,0,0,1903884,776504,176040,5067332,6861.124,1628.574,0,0,0,0,1069,1240,1.310,1.300,0.750,2,0,6.032,0,0,13,58,4,33,0
10-09 16:17:04,5.236,0.997,92.754,0,0,1913308,766676,176040,5067720,5439.596,1615.722,0,7.979,0,1.995,1289,2701,1.310,1.300,0.750,2,0,1.995,0,0,13,58,4,29,0
10-09 16:17:05,1.751,1.751,95.578,0,0,1915312,764672,176040,5067720,5939.841,2085.700,0,1353.103,0,17.014,989,1557,1.310,1.300,0.750,1,0,24.020,0,0,13,58,5,29,0
10-09 16:17:06,15.278,16.029,67.874,0,0,1906680,773248,176040,5067752,6418.740,1697.104,0,4.007,0,1.002,4678,9459,1.310,1.300,0.750,2,0,232.425,0,0,13,56,5,26,0
10-09 16:17:07,15.228,12.732,70.150,0,0,1912352,767428,176040,5068096,6292.053,1617.700,0,51.926,0,8.987,4434,9358,1.290,1.300,0.750,1,0,251.642,0,0,13,56,5,26,0
10-09 16:17:08,20.256,12.504,66.271,0,0,1907624,772188,176040,5067752,6435.053,1532.489,0,4.001,0,1.000,4323,10605,1.290,1.300,0.750,2,0,227.072,0,0,11,48,5,25,0
10-09 16:17:09,18.219,12.728,67.635,0,0,1910840,768844,176040,5067800,5740.213,1617.243,0,3557.934,0,177.697,4045,8030,1.290,1.300,0.750,1,0,245.581,0,0,13,56,5,25,0
10-09 16:17:10,29.570,18.043,52.124,0,0,1732600,947080,176040,5067824,5554.180,1623.853,0,5709.549,0,119.283,2683,4595,1.290,1.300,0.750,2,0,382.909,0,0,13,50,5,29,0
10-09 16:17:11,32.389,20.928,45.594,0,0,1795916,883208,176044,5068376,5406.510,1614.478,0,19.932,0,4.983,3150,6522,1.290,1.300,0.750,4,0,419.565,0,0,13,56,5,31,0
10-09 16:17:12,39.902,19.574,39.149,0,0,1882736,796244,176044,5068536,6589.071,1700.470,0,791.010,0,5.019,3753,9513,1.580,1.360,0.770,3,0,247.943,0,0,13,58,5,26,0
10-09 16:17:13,36.421,7.484,56.377,0,0,1991636,686888,176052,5068980,5922.108,1690.320,0,43.904,0,2.993,1751,3485,1.580,1.360,0.770,1,0,99.783,0,0,13,58,5,26,0
10-09 16:17:14,24.241,3.463,72.229,0,0,2027496,650152,176124,5069752,7453.405,1676.101,0,51.451,0,2.968,1062,2069,1.580,1.360,0.770,1,0,3.958,0,0,13,58,5,23,0
10-09 16:17:15,23.388,5.784,66.895,4.275,0,2057248,616692,176400,5072888,6144.288,1611.518,140.832,52530.244,35.208,871.145,4351,9457,1.580,1.360,0.770,1,1,5.030,0,0,13,60,5,23,0
10-09 16:17:16,25.441,5.542,56.675,10.831,0,2055788,601584,176428,5089276,5842.780,1652.381,0,30927.742,0,2537.010,11894,25258,1.580,1.360,0.770,1,0,4.030,0,0,13,60,5,21,0
10-09 16:17:17,36.421,16.848,43.606,1.734,0,2233876,418960,176536,5093380,5522.119,1605.498,0,4792.707,0,346.867,8213,18447,1.540,1.350,0.770,3,1,173.433,0,0,14,85,5,32,0
10-09 16:17:18,9.075,20.670,69.573,0.252,0,2243816,408768,176536,5093584,5721.148,1633.461,0,4226.833,0,106.881,2804,4417,1.540,1.350,0.770,2,0,308.543,0,0,14,85,4,26,0
10-09 16:17:19,11.258,20.014,68.297,0,0,2243424,409004,176536,5093736,9751.768,1621.125,0,3998.775,0,212.147,2629,3806,1.540,1.350,0.770,1,0,282.196,0,0,14,85,4,26,0
10-09 16:17:20,26.999,15.999,56.498,0,0,2279456,372880,176536,5094092,5555.789,1841.930,0,4027.847,0,213.992,5397,10898,1.540,1.350,0.770,3,0,181.993,0,0,14,85,4,26,0
10-09 16:17:21,48.453,5.744,45.706,0,0,2395572,256548,176548,5094392,8214.082,1618.440,0,183.823,0,0.999,1369,1578,1.540,1.350,0.770,2,0,51.950,0,0,14,86,4,26,0
10-09 16:17:22,14.969,16.965,66.114,0.249,0,2417428,233984,176556,5095012,7356.830,1508.889,0,690.576,0,55.885,2847,4788,1.490,1.350,0.770,2,0,218.549,0,0,14,89,4,27,0
10-09 16:17:23,8.504,19.260,71.288,0.250,0,2416304,235076,176556,5095044,5694.012,1608.851,0,3557.882,0,191.101,2546,3983,1.490,1.350,0.770,2,0,243.129,0,0,14,89,4,27,0
10-09 16:17:24,9.487,17.226,71.400,0,0,2417160,234196,176556,5095064,5288.622,1617.743,0,103.855,0,9.986,2353,3290,1.490,1.350,0.770,2,0,246.656,0,0,14,89,4,27,0
10-09 16:17:25,8.774,20.054,70.690,0,0,2415660,235668,176556,5095092,6954.736,1624.376,0,0,0,0,2436,3429,1.490,1.350,0.770,1,0,246.665,0,0,14,89,4,27,0
10-09 16:17:26,20.963,6.738,72.123,0,0,2474416,176844,176556,5095160,6140.169,1706.989,0,3.993,0,0.998,1896,2922,1.490,1.350,0.770,1,0,38.931,0,0,14,89,4,28,0
10-09 16:17:27,27.551,8.265,64.870,0.501,0,2467524,183544,176564,5095344,9669.841,1622.994,0,581.072,0,70.129,2374,4015,1.450,1.340,0.770,1,0,71.131,0,0,14,107,4,29,0
10-09 16:17:28,22.908,2.490,71.960,0.249,0,2516344,134696,176580,5095352,6380.319,1687.209,0,609.547,0,72.707,2138,3599,1.450,1.340,0.770,1,0,0,0,0,14,111,4,30,0
10-09 16:17:29,23.549,6.513,67.138,1.002,0,2468380,194792,176588,5083260,9100.766,1515.124,16.033,11167.026,2.004,868.791,3992,7090,1.450,1.340,0.770,1,0,58.120,0,0,14,110,4,32,0
10-09 16:17:30,21.217,6.490,72.635,0.250,0,2524720,138364,176588,5083348,5566.217,1617.448,51.918,1126.223,5.991,74.882,1497,2331,1.450,1.340,0.770,1,0,56.910,0,0,14,111,4,32,0
10-09 16:17:31,23.344,5.522,69.279,0.502,0,2548540,121612,175880,5077816,5782.250,1572.322,293.179,1979.961,25.101,262.054,2868,5095,1.450,1.340,0.770,2,0,3.012,0,0,14,113,4,33,0
10-09 16:17:32,42.227,10.994,46.725,0.250,0,2600764,123296,174592,5025448,6877.252,1619.118,551.699,2022.898,15.991,223.878,2095,3046,1.500,1.350,0.780,2,0,96.947,0,0,14,115,4,34,0
10-09 16:17:33,26.501,7.500,64.504,0.250,0,2604608,150352,174128,4995380,6077.334,1662.091,2188.120,392.022,51.003,23.001,1615,2219,1.500,1.350,0.780,1,0,57.003,0,0,14,115,4,35,0
10-09 16:17:34,24.243,8.248,65.731,0.500,0,2582244,189400,173984,4978988,4524.701,1619.535,43.987,1711.509,8.997,105.970,2189,5137,1.500,1.350,0.780,1,0,84.976,0,0,14,115,4,37,0
10-09 16:17:35,22.767,3.002,73.303,0.250,0,2630616,140856,174128,4979016,7023.099,1663.207,148.108,444.323,8.006,21.015,1328,1959,1.500,1.350,0.780,1,0,0,0,0,14,117,4,36,0
10-09 16:17:36,18.994,8.497,70.729,0,0,2605612,165816,174128,4979060,7172.827,1675.492,0,611.815,0,74.977,2100,3339,1.500,1.350,0.780,1,0,81.975,0,0,14,115,4,37,0
10-09 16:17:37,22.444,5.237,71.821,0.249,0,2582784,188488,174128,4979216,5982.075,1615.968,0,371.074,0,29.925,1583,2366,1.460,1.350,0.780,2,0,55.861,0,0,14,117,4,38,0
10-09 16:17:38,24.046,3.256,73.139,0.250,0,2635864,135372,174128,4979252,6903.137,1568.986,0,488.930,0,59.112,1538,2333,1.460,1.350,0.780,1,0,0,0,0,14,119,4,38,0
10-09 16:17:39,24.713,5.242,68.648,0.999,0,2617168,153820,174128,4979500,5832.292,1617.585,0,1306.050,0,190.715,3277,6013,1.460,1.350,0.780,1,0,52.921,0,0,14,117,4,39,0
10-09 16:17:40,25.319,2.005,71.945,0.251,0,2642300,128648,174128,4979540,6151.702,1624.410,0,1600.345,0,129.351,2196,3981,1.460,1.350,0.780,1,0,0,0,0,14,119,4,39,0
10-09 16:17:41,33.901,4.736,59.825,0.499,0,2624612,153592,174004,4972428,6137.997,1615.262,749.801,1196.491,130.617,113.667,3475,6245,1.460,1.350,0.780,1,0,69.795,0,0,14,119,4,40,0
10-09 16:17:42,22.502,4.250,71.505,0.500,0,2599236,178784,174008,4972608,6058.418,1620.112,0,5100.352,0,370.026,2355,4864,1.420,1.340,0.780,1,0,14.001,0,0,14,119,4,41,0
10-09 16:17:43,20.488,6.246,72.708,0.250,0,2654940,122368,174008,4973320,6363.360,1511.136,699.600,555.682,13.992,26.985,1491,2472,1.420,1.340,0.780,3,0,134.923,0,0,14,120,4,41,0
10-09 16:17:44,26.515,2.752,69.290,0.750,0,2654016,131192,173868,4965720,4745.748,1694.981,0,880.510,0,93.054,3256,5983,1.420,1.340,0.780,1,0,0,0,0,14,121,4,41,0
10-09 16:17:45,37.249,12.750,48.998,0.750,0,2633176,148464,173868,4969272,4787.842,1877.938,3415.887,1431.953,70.998,139.995,4636,8853,1.420,1.340,0.780,3,0,289.990,0,0,14,121,4,41,0
10-09 16:17:46,22.745,2.999,72.733,0,0,2612212,184316,173712,4954820,4563.914,1925.542,127.970,4131.017,6.998,369.912,1438,1913,1.420,1.340,0.780,1,0,6.998,0,0,14,121,4,42,0
10-09 16:17:47,15.042,19.805,64.429,0.251,0,2625280,170996,173716,4955068,4852.485,1875.211,60.167,802.229,4.011,60.167,3644,6625,1.390,1.330,0.790,1,0,452.257,0,0,14,121,4,42,0
10-09 16:17:48,17.451,15.706,66.314,0.249,0,2630136,165704,173716,4955892,4968.060,1689.260,319.105,502.590,13.961,28.919,5277,9200,1.390,1.330,0.790,2,0,240.326,0,0,14,121,4,42,0
10-09 16:17:49,31.053,20.785,48.081,0.250,0,2667956,131536,173632,4951940,4619.826,1622.749,168.285,472.801,8.014,29.049,3702,6368,1.390,1.330,0.790,2,0,497.843,0,0,14,121,4,42,0
10-09 16:17:50,38.206,15.732,43.700,0,0,2712652,131088,173048,4908768,5169.040,1510.259,91.894,5393.781,2.997,577.334,4825,10629,1.390,1.330,0.790,3,0,318.633,0,0,14,127,4,42,0
10-09 16:17:51,55.381,24.808,19.797,0.251,0,2849584,128640,170188,4779856,5154.153,1780.198,769.815,5268.423,51.121,444.047,6832,12741,1.390,1.330,0.790,5,0,605.428,0,0,16,133,4,42,0
10-09 16:17:52,59.719,19.740,19.740,0.500,0,2961348,133072,167292,4668980,5471.150,1693.118,4365.725,763.602,233.878,113.941,5099,12803,1.760,1.410,0.810,3,1,295.846,0,0,16,133,4,42,0
10-09 16:17:53,53.457,21.732,24.730,0,0,3045840,149188,165848,4572016,5247.770,1618.695,1035.166,6167.029,43.965,428.655,5032,12047,1.760,1.410,0.810,2,0,640.484,0,0,16,149,4,42,0
10-09 16:17:54,30.516,20.261,47.775,0.250,0,3100176,124244,165592,4543728,4921.584,1566.823,2705.420,2109.107,206.108,298.157,4993,8119,1.760,1.410,0.810,5,0,447.235,0,0,17,151,4,42,0
10-09 16:17:55,28.251,19.001,51.251,0,0,3137276,124996,165592,4506828,5413.157,1620.047,12.000,1408.041,3.000,247.007,4648,7388,1.760,1.410,0.810,2,0,307.009,0,0,17,151,4,42,0
10-09 16:17:56,34.020,22.263,44.026,0,0,3198236,133704,165600,4438876,5313.151,1731.026,40.024,1292.767,9.005,232.138,3693,6505,1.760,1.410,0.810,1,0,375.223,0,0,17,157,4,43,0
10-09 16:17:57,35.002,23.001,41.002,0.750,0,3282420,126496,165612,4363220,5616.337,1620.097,208.012,5508.330,10.001,458.027,8439,18883,1.700,1.410,0.820,2,0,265.016,0,0,17,163,4,43,0
10-09 16:17:58,30.272,24.267,45.283,0,0,3344536,135664,165616,4293204,8466.096,1513.089,60.043,220.159,6.004,14.010,3214,5400,1.700,1.410,0.820,3,0,461.332,0,0,17,163,4,43,0
10-09 16:17:59,21.664,22.909,53.287,0,0,3413464,125552,165628,4235596,8121.579,1683.280,3.984,517.932,0.996,33.865,4994,9472,1.700,1.410,0.820,4,0,395.421,0,0,17,169,4,43,0
10-09 16:18:00,11.281,18.050,68.942,0.251,0,3419220,119764,165628,4235628,7253.164,1698.722,0,437.215,0,30.084,2852,4254,1.700,1.410,0.820,2,0,262.730,0,0,17,171,4,43,0
10-09 16:18:01,12.252,21.503,65.009,0,0,3413688,133616,165624,4227856,8205.083,1620.214,0,352.046,0,29.004,3785,5967,1.700,1.410,0.820,2,0,252.033,0,0,17,175,4,43,0
10-09 16:18:02,32.667,12.718,53.614,0,0,3477904,122672,165624,4175424,6070.550,1562.025,39.898,454.842,4.987,31.919,3919,7253,1.800,1.430,0.830,4,0,150.617,0,0,17,175,4,43,0
10-09 16:18:03,44.753,8.001,46.253,0,0,3593292,128248,165628,4056844,6489.467,1620.117,8.001,4764.343,2.000,389.028,1693,1939,1.800,1.430,0.830,2,0,3.000,0,0,17,175,4,39,0
10-09 16:18:04,37.723,4.996,56.459,0.500,0,3659800,130584,165632,3989536,4769.561,1618.833,1331.040,599.568,33.976,66.952,1984,2871,1.800,1.430,0.830,2,0,5.996,0,0,17,182,4,39,0
10-09 16:18:05,35.543,23.115,41.259,0,0,3631284,158024,165644,3990600,4651.852,1610.601,31.814,310.190,6.959,18.890,5337,10906,1.800,1.430,0.830,4,0,519.965,0,0,17,181,4,39,0
10-09 16:18:06,40.347,26.478,31.521,0.252,0,3624808,160612,165656,3994804,26834.617,1525.107,1553.349,794.831,33.286,52.451,5411,10280,1.800,1.430,0.830,2,0,479.118,0,0,17,199,4,39,0
10-09 16:18:07,58.791,19.013,21.765,0,0,3709408,131724,165668,3940520,5127.605,1731.217,312.219,10007.035,11.008,524.369,5284,9814,1.820,1.440,0.830,4,0,202.142,0,0,17,214,4,40,0
10-09 16:18:08,80.451,16.688,2.242,0.498,0,3826060,118696,165696,3839368,5187.743,1614.009,474.240,2562.488,7.970,78.708,2286,4999,1.820,1.440,0.830,5,0,64.760,0,0,17,218,4,41,0
10-09 16:18:09,76.019,17.562,5.520,0,0,3866876,132436,165784,3785636,5365.014,1625.762,80.285,1192.225,3.011,78.277,5211,15296,1.820,1.440,0.830,5,0,79.281,0,0,17,219,4,53,0
10-09 16:18:10,45.943,31.043,21.854,0.248,0,3840152,165820,165816,3779292,5399.923,1682.757,39.735,16291.159,4.967,527.476,9108,25698,1.820,1.440,0.830,6,0,550.323,0,0,17,219,4,53,0
10-09 16:18:11,42.789,17.871,37.000,0.252,0,3852468,151700,165816,3781056,5825.362,1576.653,0,612.136,0,44.299,5237,17872,1.820,1.440,0.830,5,0,211.429,0,0,17,219,4,53,0
10-09 16:18:12,56.496,22.248,19.998,0,0,3939908,132220,165816,3713672,5804.559,1511.885,131.990,13806.951,8.999,801.939,4859,10257,1.910,1.470,0.850,4,0,548.958,0,0,17,223,4,47,0
10-09 16:18:13,65.986,19.996,12.747,0.250,0,3995692,129700,165888,3660436,6408.667,1693.648,263.945,3051.365,25.995,372.922,5944,18854,1.910,1.470,0.850,4,0,284.941,0,0,17,226,4,49,0
10-09 16:18:14,56.354,22.941,19.450,0.249,0,4062544,124004,165888,3600536,5711.202,1689.622,39.897,4456.453,2.992,344.108,3771,7702,1.910,1.470,0.850,5,0,421.907,0,0,17,227,4,49,0
10-09 16:18:15,55.132,20.800,21.802,0.251,0,4093272,127388,165896,3566756,5054.145,1694.071,36.087,930.235,3.007,57.137,6320,19727,1.910,1.470,0.850,6,0,243.585,0,0,17,233,4,51,0
10-09 16:18:16,72.412,8.739,17.728,0,0,4181988,141968,165896,3465852,4933.001,1691.943,323.606,974.815,18.977,85.896,3112,5902,1.910,1.470,0.850,6,0,5.993,0,0,17,242,4,53,0
10-09 16:18:17,65.834,11.014,21.277,0,0,4238472,169044,165880,3383952,5254.737,1696.174,1393.787,8390.757,31.040,714.917,5372,11573,2,1.490,0.860,6,0,91.117,0,0,17,248,4,58,0
10-09 16:18:18,45.994,25.997,26.747,0,0,4269976,136936,165912,3384560,8308.978,1619.801,571.930,603.926,12.998,37.995,3928,7343,2,1.490,0.860,4,0,473.942,0,0,17,248,4,47,0
10-09 16:18:19,46.240,24.745,26.994,0.750,0,4279380,123140,166016,3388796,9532.893,1619.642,4854.927,1710.622,87.981,92.979,5664,11439,2,1.490,0.860,3,0,318.930,0,0,17,248,4,47,0
10-09 16:18:20,62.288,19.012,17.511,0,0,4293420,135740,166016,3363144,7639.698,1532.943,528.325,788.485,8.005,52.032,4160,8940,2,1.490,0.860,3,0,233.143,0,0,18,251,4,47,0
10-09 16:18:21,60.754,13.251,25.752,0.250,0,4387084,135948,166028,3271040,6314.436,1620.112,772.053,5444.376,7.000,508.035,2411,3018,2,1.490,0.860,3,0,14.001,0,0,18,251,4,47,0
10-09 16:18:22,51.499,15.000,31.999,0.250,0,4415636,139332,166056,3239688,15523.612,1619.960,863.978,1167.971,14.000,69.998,4871,8969,2.080,1.520,0.870,2,0,197.995,0,0,18,252,4,47,0
10-09 16:18:23,20.190,6.232,71.788,0.499,0,4424084,138208,166060,3232444,9577.688,2968.226,797.642,2341.080,9.971,153.546,2076,3307,2.080,1.520,0.870,2,0,33.900,0,0,18,255,4,47,0
10-09 16:18:24,20.232,6.244,72.933,0.250,0,4450672,127236,166060,3216936,20558.230,5631.858,799.270,191.825,7.993,19.982,1926,2839,2.080,1.520,0.870,1,0,9.991,0,0,18,258,4,47,0
10-09 16:18:25,22.582,5.520,72.512,0,0,4435648,141176,166060,3218020,1130955.535,11718.374,513.858,220.798,4.015,19.069,2604,4293,2.080,1.520,0.870,1,0,10.036,0,0,18,262,4,47,0
10-09 16:18:26,26.564,14.151,57.597,0.248,0,4453532,125688,166064,3215644,15311726.292,120549.910,3018.862,158.887,38.729,17.875,7048,6483,2.080,1.520,0.870,6,0,262.164,0,0,18,261,4,47,0
10-09 16:18:27,25.575,4.263,68.201,0.752,0,4484696,130820,166064,3179748,6765.946,1578.654,96.284,1035.051,5.015,75.222,2815,5492,1.990,1.510,0.870,3,0,4.012,0,0,18,275,4,48,0
10-09 16:18:28,25.507,4.251,69.018,0.500,0,4501236,129924,166064,3164244,5742.539,1736.465,516.138,10206.735,24.006,547.147,4165,8571,1.990,1.510,0.870,2,0,2.001,0,0,18,279,4,47,0
10-09 16:18:29,16.028,14.526,67.620,0,0,4448388,185192,166064,3162080,8343.794,1697.009,412.732,400.710,16.028,29.052,3139,4985,1.990,1.510,0.870,1,0,282.501,0,0,18,275,4,49,0
10-09 16:18:30,22.534,6.760,71.106,0.250,0,4502344,130952,166064,3162364,6973.411,1622.422,244.365,336.502,6.009,18.027,2068,3601,1.990,1.510,0.870,2,0,183.274,0,0,18,275,4,46,0
10-09 16:18:31,10.718,16.949,71.037,0,0,4456492,176772,166068,3162392,8023.952,1615.159,3.988,243.271,0.997,12.961,2915,4666,1.990,1.510,0.870,1,0,297.110,0,0,18,275,4,46,0
10-09 16:18:32,9.248,16.746,72.731,0.250,0,4456248,176928,166068,3162480,8768.746,1619.584,39.990,1195.693,3.999,80.979,3507,5809,1.910,1.500,0.870,2,0,363.906,0,0,18,277,4,44,0
10-09 16:18:33,3.751,2.500,92.515,0,0,4463304,169872,166068,3162480,12377.993,1694.273,0,11933.921,0,21.003,1409,2058,1.910,1.500,0.870,1,0,11.002,0,0,18,277,4,44,0
10-09 16:18:34,28.584,4.012,65.192,0.501,0,4502164,149012,166068,3144632,5661.696,1462.312,248.734,16312.104,27.080,58.172,2463,4955,1.910,1.500,0.870,2,0,34.101,0,0,18,279,4,43,0
10-09 16:18:35,13.508,14.759,70.291,0,0,4458996,191900,166076,3144908,10128.895,1889.099,64.037,528.307,7.004,29.017,3178,5117,1.910,1.500,0.870,1,0,254.148,0,0,18,281,5,43,0
10-09 16:18:36,12.749,15.748,69.993,0,0,4459628,191152,166076,3145024,5706.401,1693.822,4.000,195.979,1.000,18.998,3124,5011,1.910,1.500,0.870,1,0,256.973,0,0,18,281,5,41,0
10-09 16:18:37,23.416,4.235,71.243,0.498,0,4517704,131680,166076,3146420,5907.726,1614.187,1367.077,0,37.864,0,1675,2508,1.840,1.490,0.870,3,0,30.889,0,0,18,281,5,41,0
10-09 16:18:38,24.780,4.255,70.085,0.501,0,4574048,128052,166080,3093976,5711.923,1696.056,284.345,212.257,26.032,19.023,1772,2735,1.840,1.490,0.870,4,0,3.004,0,0,18,287,5,40,0
10-09 16:18:39,24.472,2.497,71.169,0.250,0,4481008,220980,166080,3094088,5050.258,1456.344,115.868,395.550,9.989,43.950,1866,2959,1.840,1.490,0.870,2,0,5.993,0,0,18,285,5,40,0
10-09 16:18:40,24.750,2.750,71.500,0.250,0,4537404,164532,166080,3094140,5752.983,1619.995,0,2155.994,0,133.000,1628,2735,1.840,1.490,0.870,1,0,0,0,0,18,285,5,39,0
10-09 16:18:41,24.960,4.493,70.638,0.250,0,4562024,139616,166080,3094436,6995.925,1691.323,151.760,259.589,3.994,14.976,1953,2948,1.840,1.490,0.870,2,0,1.997,0,0,18,287,5,40,0
10-09 16:18:42,24.277,3.504,71.080,0,0,4501876,199744,166080,3094440,5678.354,1695.898,0,808.905,0,44.049,1490,2210,1.770,1.480,0.870,2,0,15.017,0,0,18,285,5,38,0
10-09 16:18:43,18.008,10.004,71.032,0,0,4455736,244644,166088,3095672,7261.239,1620.723,1496.668,428.191,20.009,17.008,2499,3915,1.770,1.480,0.870,2,0,209.093,0,0,18,285,5,38,0
10-09 16:18:44,13.247,16.997,69.486,0.250,0,4462872,237352,166092,3095824,4587.106,1693.670,23.995,251.951,5.999,22.996,3197,5352,1.770,1.480,0.870,2,0,375.927,0,0,18,285,5,38,0
10-09 16:18:45,24.487,3.498,70.961,0,0,4507360,191992,166112,3096676,5610.953,1713.070,1015.449,375.796,31.983,19.989,1545,2373,1.770,1.480,0.870,1,0,3.998,0,0,18,285,5,38,0
10-09 16:18:46,22.512,4.252,71.540,0.250,0,4502280,196588,166120,3097120,9406.202,2765.529,160.089,92.051,8.004,3.002,7144,16285,1.770,1.480,0.870,1,0,12.007,0,0,18,286,5,38,0
10-09 16:18:47,23.735,2.998,71.956,0.500,0,4524388,172452,166288,3098724,10508.548,4130.464,0,831.489,0,38.976,1861,3051,1.710,1.480,0.870,1,0,0.999,0,0,18,286,5,36,0
10-09 16:18:48,25.029,5.757,68.831,0,0,4504736,192192,166292,3098632,5591.587,1687.988,56.066,488.576,4.005,33.039,8996,18254,1.710,1.480,0.870,5,0,12.014,0,0,18,285,5,36,0
10-09 16:18:49,14.246,14.246,70.479,0,0,4488968,208056,166292,3098536,6715.985,1727.482,0,255.923,0,8.997,2675,4203,1.710,1.480,0.870,2,0,263.921,0,0,18,285,5,36,0
10-09 16:18:50,25.250,2.750,71.250,0,0,4526264,170564,166292,3098732,4955.985,1693.995,16.000,164.000,1.000,10.000,1746,2772,1.710,1.480,0.870,2,0,0,0,0,18,285,5,39,0
10-09 16:18:51,20.066,7.776,71.485,0.251,0,4515896,180896,166292,3098768,8895.212,1699.581,8.026,240.791,1.003,14.046,1904,2925,1.710,1.480,0.870,1,0,112.369,0,0,18,285,5,39,0
10-09 16:18:52,23.752,3.750,72.255,0,0,4491920,204860,166292,3098780,5014.326,1620.105,0,4.000,0,1.000,1873,2983,1.650,1.470,0.880,3,0,70.005,0,0,18,285,5,39,0
10-09 16:18:53,22.426,4.734,70.019,0,0,4475784,220980,166292,3098796,7822.234,1614.681,0,83.724,0,8.970,1992,3032,1.650,1.470,0.880,1,0,57.810,0,0,18,285,5,40,0
10-09 16:18:54,24.060,4.511,70.927,0,0,4461204,235540,166292,3098816,6455.093,1461.644,0,140.350,0,20.050,1857,2807,1.650,1.470,0.880,2,0,16.040,0,0,18,285,5,42,0
10-09 16:18:55,24.175,3.489,71.280,0,0,4513948,182668,166292,3098944,8569.520,1615.010,0,187.421,0,10.966,1670,2399,1.650,1.470,0.880,2,0,15.951,0,0,18,287,5,43,0
10-09 16:18:56,21.002,4.750,72.507,0.250,0,4510752,185820,166292,3098988,5497.511,1620.151,20.002,380.035,2.000,44.004,1945,3245,1.650,1.470,0.880,1,0,47.004,0,0,18,285,5,44,0
10-09 16:18:57,23.019,5.004,70.558,0,0,4479376,217176,166292,3099008,4776.960,1621.344,0,232.192,0,17.014,1888,2951,1.600,1.460,0.880,1,0,32.027,0,0,18,285,5,46,0
10-09 16:18:58,22.988,6.497,71.213,0.500,0,4468996,227528,166292,3099036,5463.126,1693.109,0,411.783,0,44.976,2329,3963,1.600,1.460,0.880,2,0,87.954,0,0,18,285,5,47,0
10-09 16:18:59,23.652,3.734,71.702,0,0,4512016,184492,166292,3099052,10581.947,1613.284,0,4473.377,0,440.168,1669,2322,1.600,1.460,0.880,2,0,0,0,0,18,285,5,48,0
10-09 16:19:00,23.094,4.518,71.542,0,0,4518056,178436,166292,3099068,5570.706,1626.630,0,192.786,0,10.041,1687,2586,1.600,1.460,0.880,1,0,47.192,0,0,18,285,5,49,0
10-09 16:19:01,26.016,3.002,70.794,0.250,0,4516028,180444,166292,3099088,5688.533,1512.940,8.005,220.137,2.001,10.006,1583,2444,1.600,1.460,0.880,2,0,14.009,0,0,18,285,5,50,0
10-09 16:19:02,27.747,3.250,66.992,0.500,0,4483388,212440,166296,3099728,7244.160,1565.818,523.939,1183.863,35.996,172.980,3841,7130,2.030,1.550,0.910,1,0,4.999,0,0,18,287,5,51,0
10-09 16:19:03,25.994,3.749,70.485,0.500,0,4519768,175900,166296,3099888,5805.746,1619.650,55.988,959.793,4.999,89.981,2292,4082,2.030,1.550,0.910,1,0,2.000,0,0,18,289,5,52,0
10-09 16:19:04,17.806,15.047,66.459,0.251,0,4475324,220044,166300,3100184,7368.217,1625.121,0,1741.487,0,145.458,4353,7952,2.030,1.550,0.910,2,0,455.435,0,0,18,287,5,53,0
10-09 16:19:05,11.233,22.716,65.652,0.250,0,4476932,218268,166300,3100336,6145.855,1617.593,0,942.597,0,56.915,5041,9530,2.030,1.550,0.910,1,0,680.987,0,0,18,287,5,53,0
10-09 16:19:06,10.011,23.276,67.074,0,0,4479824,215336,166300,3100376,6307.970,1695.874,0,604.668,0,40.044,4133,7316,2.030,1.550,0.910,2,0,636.704,0,0,18,287,5,53,0
10-09 16:19:07,11.223,20.950,67.340,0.249,0,4482604,212500,166300,3100416,6128.457,1616.165,0,578.627,0,43.896,4083,7255,1.950,1.540,0.910,2,0,652.452,0,0,18,287,5,53,0
10-09 16:19:08,11.531,19.553,68.434,0,0,4478624,216396,166300,3100484,6313.972,1558.188,0,533.434,0,30.081,4062,7083,1.950,1.540,0.910,3,0,624.679,0,0,18,287,5,53,0
10-09 16:19:09,9.991,20.731,68.188,0.250,0,4477176,217812,166300,3100516,5280.200,1618.529,39.964,2002.180,1.998,123.887,4011,7158,1.950,1.540,0.910,2,0,577.475,0,0,18,287,5,48,0
10-09 16:19:10,18.707,10.476,70.339,0,0,4484600,283596,166684,3035024,5368.727,1562.428,23.945,135.690,4.989,9.977,10389,20293,1.950,1.540,0.910,2,0,107.754,0,0,18,287,5,48,0
10-09 16:19:11,17.495,2.499,79.726,0,0,4518180,245632,166844,3038640,5542.332,2678.194,0,2287.312,0,6.998,1374,2169,1.950,1.540,0.910,1,0,2.999,0,0,18,288,5,39,0
10-09 16:19:12,10.280,1.755,86.750,0.501,0,4517984,245632,166844,3038804,15144.601,4761.709,12.035,381.097,2.006,36.104,1490,2433,1.790,1.520,0.900,1,0,0,0,0,18,289,5,39,0
10-09 16:19:13,20.863,1.987,76.995,0.497,0,4524744,238100,166848,3039544,22503.534,13239.243,695.443,1581.636,44.707,69.544,1871,2992,1.790,1.520,0.900,3,0,1.987,0,0,18,289,5,37,0
10-09 16:19:14,19.057,1.755,77.480,1.003,0,4537448,224240,166848,3040668,22509.809,13088.848,818.429,1953.799,57.170,97.289,1979,3172,1.790,1.520,0.900,2,0,0,0,0,18,289,5,37,0
10-09 16:19:15,19.220,1.248,77.877,0.499,0,4542272,218696,166848,3041356,23923.225,14006.883,563.111,1397.793,39.937,52.916,1710,2614,1.790,1.520,0.900,1,0,0,0,0,18,289,5,33,0
10-09 16:19:16,18.812,2.759,76.001,1.254,0,4548428,187980,166848,3065880,19314.797,10051.199,11770.879,1147.791,257.852,55.182,1847,2714,1.790,1.520,0.900,3,1,0,0,0,18,289,5,33,0
10-09 16:19:17,22.479,4.496,70.684,1.499,0,4574044,133912,166852,3092068,8294.303,1750.376,0,3344.896,0,147.863,2206,3534,1.730,1.510,0.910,2,0,0,0,0,18,288,5,29,1
10-09 16:19:18,22.003,4.251,71.511,1.250,0,4565376,128460,166916,3103960,7098.043,1640.241,80.012,3848.566,5.001,169.025,2022,3371,1.730,1.510,0.910,3,0,0,0,0,18,288,5,29,1
10-09 16:19:19,23.059,3.760,72.184,0.501,0,4509616,196764,167044,3090588,8180.886,1864.761,393.003,2538.481,5.013,46.118,1615,2295,1.730,1.510,0.910,4,0,5.013,0,0,18,287,5,26,0
10-09 16:19:20,23.156,6.225,69.219,0,0.249,4504308,200004,167044,3092512,8178.843,1687.160,0,1426.218,0,7.968,9448,18983,1.730,1.510,0.910,1,0,13.943,0,0,18,287,5,26,0
10-09 16:19:21,24.529,5.757,69.332,0,0,4517772,186344,167044,3092676,5807.882,1621.922,0,108.128,0,7.008,9025,18100,1.730,1.510,0.910,2,0,13.015,0,0,18,287,5,26,0
10-09 16:19:22,23.521,4.504,71.815,0,0,4498600,205608,167044,3092580,7318.616,1587.435,0,28.025,0,4.004,2641,4314,1.670,1.500,0.910,2,0,55.050,0,0,18,287,5,26,0
10-09 16:19:23,25.060,5.764,67.911,0,0,4522488,181696,167044,3092600,6322.027,1623.860,0,1275.031,0,12.029,12565,25352,1.670,1.500,0.910,1,0,13.031,0,0,18,287,5,25,0
10-09 16:19:24,24.931,6.731,67.066,0,0,4530900,173156,167044,3092728,6601.838,1615.556,0,921.465,0,50.860,14092,28461,1.670,1.500,0.910,1,0,13.962,0,0,18,287,5,25,0
10-09 16:19:25,23.318,4.513,71.961,0.251,0,4508912,195248,167044,3092624,5610.467,1624.769,0,1821.346,0,109.321,1753,2728,1.670,1.500,0.910,2,0,13.038,0,0,18,287,5,25,0
10-09 16:19:26,22.257,4.751,72.271,0,0,4488308,215824,167044,3092628,5316.568,1566.462,0,4.001,0,1.000,1636,2454,1.670,1.500,0.910,2,0,57.017,0,0,18,287,5,25,0
10-09 16:19:27,23.915,5.232,69.006,0.249,0,4506520,182304,167652,3105620,7554.288,1614.292,0,2475.248,0,82.708,9164,18428,1.700,1.510,0.910,2,0,46.834,0,0,18,287,5,24,0
10-09 16:19:28,6.756,2.502,90.587,0.250,0,4512004,175500,167724,3106596,13355.795,3690.536,0,736.706,0,13.012,1194,1896,1.700,1.510,0.910,0,0,3.003,0,0,18,288,5,24,0
10-09 16:19:29,19.548,1.504,78.191,0.251,0,4523848,163404,167768,3106764,20154.338,7894.325,0,898.199,0,21.052,1421,2055,1.700,1.510,0.910,1,0,0,0,0,18,289,5,24,0
10-09 16:19:30,16.440,0.747,81.453,0.249,0,4525880,160940,167812,3107060,57739.539,18015.334,0,3993.444,0,349.725,1605,2350,1.700,1.510,0.910,1,0,0,0,0,18,290,5,21,0
10-09 16:19:31,18.305,2.257,78.486,0.752,0,4542780,143744,167824,3107264,125233.077,15483.621,0,1584.772,0,66.199,1555,2260,1.700,1.510,0.910,1,0,0,0,0,18,290,5,21,0
10-09 16:19:32,20.944,0.997,76.295,0.249,0,4553172,133188,167832,3107388,36872.922,15435.525,0,1420.184,0,50.863,1779,2408,1.720,1.520,0.920,1,0,0,0,0,18,290,5,21,0
10-09 16:19:33,12.988,1.998,81.673,1.249,0,4558880,126448,168092,3107920,326276.300,26485.104,27.974,3424.781,4.995,166.843,2145,3470,1.720,1.520,0.920,2,0,1.998,0,0,18,290,5,21,0
10-09 16:19:34,18.787,3.507,76.400,0.501,0,4558800,128756,168160,3106072,4598779.200,42376.312,76.150,2456.830,6.012,72.142,3090,3521,1.720,1.520,0.920,2,0,26.051,0,0,18,289,5,21,1
10-09 16:19:35,18.995,4.999,72.979,1.750,0.250,4566192,119068,168372,3107624,13250200.943,67996.689,167.952,25148.858,7.998,430.878,5410,5321,1.720,1.520,0.920,1,0,20.994,0,0,18,289,5,22,1
10-09 16:19:36,21.045,4.760,72.156,1.002,0,4561732,123792,171632,3100864,5461.776,1515.267,0,5471.797,0,141.305,1697,2757,1.720,1.520,0.920,1,0,0,0,0,18,289,5,21,1
10-09 16:19:37,23.675,3.489,70.775,0.748,0,4578488,131576,172212,3074432,6281.051,1614.871,0,1846.137,0,76.756,1606,2533,1.660,1.510,0.920,2,0,0,0,0,18,289,5,21,1
10-09 16:19:38,21.335,4.769,72.790,0.753,0,4573640,131920,173224,3075288,6016.004,1626.490,0,2610.416,0,102.409,1612,2651,1.660,1.510,0.920,2,0,0,0,0,18,289,5,21,1
10-09 16:19:39,24.415,1.993,72.247,0.498,0,4570476,132672,174844,3074580,5697.083,1614.356,0,1243.652,0,50.822,1415,2392,1.660,1.510,0.920,4,0,0,0,0,18,289,5,21,1
10-09 16:19:40,21.749,3.250,72.996,0.750,0,4559232,128420,176004,3086732,10172.512,2945.859,0,4111.803,0,104.995,1609,2693,1.660,1.510,0.920,2,0,0,0,0,18,290,5,21,1
10-09 16:19:41,22.500,2.750,74.251,0,0,4506428,211872,176032,3056064,11222.180,2983.048,20.000,456.007,3.000,8.000,1411,1975,1.660,1.510,0.920,3,0,6.000,0,0,18,287,5,21,0
10-09 16:19:42,23.736,6.746,69.459,0,0,4527440,188948,176120,3057824,6284.261,1511.101,0,0,0,0,8445,17363,1.770,1.530,0.930,2,0,11.993,0,0,18,287,5,20,0
10-09 16:19:43,25.767,5.504,66.795,0.250,0,4539912,176348,176124,3057940,7415.013,1621.096,8.005,2405.626,1.001,19.013,8018,18157,1.770,1.530,0.930,2,0,15.010,0,0,18,287,5,20,0
10-09 16:19:44,22.824,5.016,71.733,0,0.251,4482528,233768,176124,3057900,4907.911,1699.510,0,557.808,0,36.117,1527,2450,1.770,1.530,0.930,1,0,6.020,0,0,18,287,5,20,0
10-09 16:19:45,26.687,5.736,65.844,0.499,0,4529448,182696,176488,3060916,5322.370,1709.942,802.097,16624.550,18.955,84.799,2821,5315,1.770,1.530,0.930,2,0,1.995,0,0,18,289,5,21,0
10-09 16:19:46,40.857,9.525,47.124,1.253,0,4489524,221508,176488,3062012,4967.068,1694.458,1572.136,1528.020,51.135,206.543,4876,9703,1.770,1.530,0.930,2,0,68.179,0,0,18,291,5,26,0
10-09 16:19:47,17.232,16.233,64.432,0.499,0,4475676,231252,176488,3066076,6538.102,1692.215,4259.506,1786.116,72.923,107.886,3624,6334,1.790,1.540,0.940,2,0,390.588,0,0,18,291,5,28,0
10-09 16:19:48,6.475,4.482,72.715,16.685,0,4467820,199336,176488,3105828,5135.857,1613.671,39668.420,589.687,3254.237,22.910,4625,8515,1.790,1.540,0.940,3,1,0,0,0,18,291,5,28,0
10-09 16:19:49,6.010,2.003,89.906,0.751,0,4468300,196856,176496,3107812,11491.939,3955.863,1903.302,1582.746,157.273,16.028,1436,2305,1.790,1.540,0.940,0,0,6.010,0,0,18,292,5,28,0
10-09 16:19:50,2.999,2.499,92.971,0.250,0,4472868,192348,176504,3107824,39646.551,5152.382,3.999,62704.311,1.000,249.922,1619,2650,1.790,1.540,0.940,0,0,0,0,0,18,292,5,28,0
10-09 16:19:51,3.998,2.499,92.207,0.500,0,4455460,207112,176676,3110264,18139.638,128854.598,2678.765,3450.409,43.980,293.865,1503,2330,1.790,1.540,0.940,1,0,26.988,0,0,18,291,5,28,0
10-09 16:19:52,1.742,0.747,96.317,0,0,4455460,207112,176676,3110264,5497.290,1612.751,0,330.514,0,5.973,1067,1809,1.650,1.510,0.930,1,0,0,0,0,18,291,5,25,0
10-09 16:19:53,1.256,0.754,95.947,0,0,4455712,206860,176676,3110264,5394.148,1627.588,0,0,0,0,1096,1875,1.650,1.510,0.930,0,0,2.009,0,0,18,291,5,25,0
10-09 16:19:54,2.500,1.000,95.015,0,0,4455712,206860,176676,3110264,4602.718,1620.253,0,148.023,0,20.003,1224,2140,1.650,1.510,0.930,0,0,0,0,0,18,291,5,24,0
10-09 16:19:55,3.001,0.500,96.268,0.500,0,4455712,206860,176676,3110264,5095.943,1620.300,0,388.072,0,20.004,1085,1862,1.650,1.510,0.930,1,0,0,0,0,18,291,5,24,0
10-09 16:19:56,5.749,1.250,92.481,0.500,0,4455700,206860,176676,3110276,4727.007,1531.678,0,539.887,0,77.984,1823,3222,1.650,1.510,0.930,1,0,0,0,0,18,291,5,20,0
10-09 16:19:57,2.250,1.250,95.498,0.250,0,4455700,206860,176676,3110276,5850.865,1693.961,0,487.989,0,39.999,1186,2078,1.510,1.490,0.930,1,0,0,0,0,18,291,5,20,0
10-09 16:19:58,1.750,0.250,95.767,0,0,4455700,206860,176676,3110276,6220.101,1620.287,0,36.006,0,5.001,1018,1703,1.510,1.490,0.930,1,0,0,0,0,18,291,5,16,0
10-09 16:19:59,2.499,1.000,96.227,0,0,4455700,206860,176676,3110276,13831.708,1693.597,0,0,0,0,1076,1721,1.510,1.490,0.930,1,0,0,0,0,18,291,5,16,0
10-09 16:20:00,1.747,1.997,94.860,0,0,4456276,206284,176676,3110276,6149.941,1617.617,0,14063.285,0,37.944,1147,1861,1.510,1.490,0.930,1,0,0,0,0,18,291,5,14,0
10-09 16:20:01,1.752,0.250,96.373,0,0,4456188,206284,176676,3110276,7635.781,1622.078,0,8.010,0,1.001,1081,1779,1.510,1.490,0.930,1,0,0,0,0,18,291,5,14,0
10-09 16:20:02,3.250,0.750,95.252,0.250,0,4456184,206284,176676,3110280,6228.131,1458.031,0,440.009,0,12.000,1312,2256,1.390,1.460,0.920,1,0,0,0,0,18,291,5,11,0
10-09 16:20:03,2.000,0.750,96.263,0,0,4456680,205788,176676,3110280,7532.979,1694.220,0,176.023,0,11.001,1091,1838,1.390,1.460,0.920,1,0,2.000,0,0,18,291,5,11,0
10-09 16:20:04,1.749,0.500,94.938,0,0,4456680,205788,176676,3110280,7300.255,1618.948,0,111.927,0,16.989,1316,2249,1.390,1.460,0.920,1,0,0,0,0,18,291,5,9,0
10-09 16:20:05,2.251,1.251,95.794,0,0,4456680,205788,176676,3110280,5081.332,1846.848,0,12821.885,0,276.127,1216,2017,1.390,1.460,0.920,1,0,0,0,0,18,291,6,9,0
10-09 16:20:06,2.251,0.750,95.307,0.250,0,4456616,206068,176676,3110296,6574.952,1695.019,4.002,184.111,1.001,26.016,1299,2262,1.390,1.460,0.920,0,0,0,0,0,18,291,6,9,0
10-09 16:20:07,4.747,1.499,93.683,0,0,4456612,206068,176676,3110300,5481.097,1618.847,0,287.795,0,18.986,1427,2248,1.360,1.460,0.920,1,0,0,0,0,18,291,6,9,0
10-09 16:20:08,6.247,2.249,91.200,0,0,4456448,206068,176676,3110456,4762.400,1693.076,0,0,0,0,1838,3546,1.360,1.460,0.920,1,0,0,0,0,18,291,6,9,0
10-09 16:20:09,4.752,0.500,93.791,0,0,4456444,206068,176676,3110460,5095.216,1458.635,0,0,0,0,1358,2209,1.360,1.460,0.920,1,0,0,0,0,18,291,6,11,0
10-09 16:20:10,1.504,1.003,95.285,0,0,4458932,203576,176676,3110464,7856.475,1666.981,0,16541.426,0,39.117,1151,1873,1.360,1.460,0.920,2,0,0,0,0,18,291,6,11,0
10-09 16:20:11,1.746,2.494,93.021,0.998,0,4467748,194672,176680,3110472,5211.175,1689.841,0,118089.382,0,481.814,1976,2854,1.360,1.460,0.920,1,0,0,0,0,18,291,6,11,0
10-09 16:20:12,2.749,1.499,95.453,0,0,4467744,194672,176684,3110472,7921.079,1693.162,0,1331.341,0,11.994,1136,1877,1.250,1.430,0.920,3,0,0,0,0,18,291,6,11,0
10-09 16:20:13,3.251,0.500,96.278,0,0,4467740,194672,176684,3110476,5318.569,1756.518,0,60.018,0,4.001,1059,1764,1.250,1.430,0.920,1,0,2.001,0,0,18,291,5,11,0
10-09 16:20:14,2.250,1.250,95.249,0.250,0,4467740,194672,176684,3110476,6102.939,1713.983,0,167.998,0,16.000,1248,2106,1.250,1.430,0.920,2,0,0,0,0,18,291,5,11,0
10-09 16:20:15,2.501,0.500,95.533,0.250,0,4467736,194672,176684,3110480,7232.517,1512.526,0,3029.054,0,148.052,1397,2459,1.250,1.430,0.920,1,0,0,0,0,18,291,5,11,0
10-09 16:20:16,1.500,1.250,95.227,0.500,0,4466924,195464,176684,3110492,5604.638,1659.597,3.999,4522.901,1.000,25.994,1289,2230,1.250,1.430,0.920,1,0,0,0,0,18,291,5,11,0
10-09 16:20:17,2.750,1.250,94.259,0,0,4466920,195464,176684,3110496,5565.523,1620.152,0,404.038,0,35.003,1505,2537,1.150,1.410,0.910,1,0,0,0,0,18,291,5,11,0
10-09 16:20:18,2.002,0.501,96.109,0,0,4466920,195464,176684,3110496,7849.894,1707.935,0,156.177,0,13.015,1108,1809,1.150,1.410,0.910,0,0,0,0,0,18,291,5,11,0
10-09 16:20:19,1.499,1.499,96.154,0.250,0,4466920,195464,176684,3110496,7005.023,1618.388,0,159.841,0,13.986,1133,1880,1.150,1.410,0.910,1,0,0,0,0,18,291,5,11,0
10-09 16:20:20,1.751,0.751,96.568,0,0,4466920,195464,176684,3110496,7652.387,1789.260,0,32.023,0,4.003,1023,1680,1.150,1.410,0.910,0,0,0,0,0,18,291,5,11,0
10-09 16:20:21,2.248,0.500,96.172,0,0,4466920,195464,176684,3110496,4514.357,559.548,0,59.952,0,2.998,996,1729,1.150,1.410,0.910,0,0,0,0,0,18,291,5,11,0
10-09 16:20:22,8.776,3.511,86.009,0,0,4465944,196004,176716,3110892,336566.729,6836.571,405.219,204.616,10.030,16.048,1873,2755,1.060,1.380,0.900,2,0,24.072,0,0,18,291,5,11,0
10-09 16:20:23,12.497,5.249,80.229,0.250,0,4465708,194976,176724,3112144,237903.621,8191.886,287.926,267.931,9.997,13.996,1791,2560,1.060,1.380,0.900,1,0,37.990,0,0,18,291,5,11,0
