"pcp-dstat 5.3.6 CSV Output"
"Author:","PCP team <pcp@groups.io> and Dag Wieers <dag@wieers.com>",,,,"URL:","https://pcp.io/ and http://dag.wieers.com/home-made/dstat/"
"Host:","jammy-provider-cloud-0000007213",,,,"User:","ubuntu"
"Cmdline:","dstat -tcmndrylpg --tcp --output /tmp/devstack_logs/dstat-csv.log",,,,"Date:","14 Jun 2024 09:27:22 UTC"
"system","total usage",,,,,"memory usage",,,,"net/total",,"dsk/total",,"io/total",,"system",,"load avg",,,"procs",,,"paging",,"tcp sockets",,,,
"time","total usage:usr","total usage:sys","total usage:idl","total usage:wai","total usage:stl","used","free","buf","cach","net/total:recv","net/total:send","dsk/total:read","dsk/total:writ","read","writ","int","csw","1m","5m","15m","run","blk","new","in","out","lis","act","syn","tim","clo"
14-06 09:27:22,,989544,2078960,157976,4597964,,,,,,,1.350,0.960,0.510,1,0,,,,9,5,4,17,1
14-06 09:27:23,24.488,20.490,54.224,0.250,0,1002916,2063744,158024,4599676,76816.821,11017.667,0,3038.529,0,158.923,3914,7268,1.350,0.960,0.510,3,0,572.723,0,0,9,4,3,17,2
14-06 09:27:24,28.753,16.752,52.256,1.000,0,1005524,2050688,158088,4609944,637540.505,21687.603,0,2508.301,0,76.009,5040,10686,1.350,0.960,0.510,2,0,392.047,0,0,9,4,3,17,2
14-06 09:27:25,26.740,21.492,50.481,1.000,0,1160768,1878472,158124,4751112,364455.236,6471.554,11771.550,4838.171,132.950,55.979,5280,10894,1.350,0.960,0.510,2,0,210.920,0,0,10,6,3,17,2
14-06 09:27:26,32.775,17.013,49.287,0,0,1164932,1873912,158140,4751428,5324.020,1695.280,80.060,1156.873,1.001,41.031,2705,3868,1.350,0.960,0.510,2,0,308.233,0,0,10,6,3,19,2
14-06 09:27:27,43.666,6.238,49.156,0.749,0,1202108,1821024,158576,4765728,6580.366,1509.103,1493.133,3664.963,31.939,66.872,1608,2050,1.480,1,0.520,2,0,15.969,0,0,10,6,3,19,2
14-06 09:27:28,38.491,6.998,47.989,4.999,0,1243240,1750100,160024,4790564,5268.762,1565.632,63.985,16172.200,3.999,1043.755,5142,10453,1.480,1,0.520,2,0,9.998,0,0,10,8,3,19,2
14-06 09:27:29,38.233,6.497,44.231,10.745,0,1252400,1702992,162220,4822692,6307.231,1619.289,3.998,59357.942,1.000,4038.227,13806,29566,1.480,1,0.520,2,0,59.974,0,0,10,6,3,19,2
14-06 09:27:30,37.568,8.515,52.595,0.751,0,1161688,1804272,162552,4811176,16960.733,4360.902,380.690,4504.162,3.005,265.481,1887,2721,1.480,1,0.520,2,0,77.140,0,0,10,4,3,19,0
14-06 09:27:31,45.290,8.007,46.541,0,0,1153628,1811648,162624,4811916,8217.281,1621.437,0,1245.103,0,27.024,9255,18227,1.480,1,0.520,2,0,26.023,0,0,10,4,3,19,0
14-06 09:27:32,45.998,7.250,45.998,0.500,0,1225980,1739088,162648,4812080,7423.696,1457.940,0,6239.744,0,297.988,9798,19327,1.520,1.020,0.530,2,0,6.000,0,0,10,4,3,19,0
14-06 09:27:33,38.748,12.749,47.998,0,0,1116232,1848668,162660,4812232,5999.724,1619.925,0,99.995,0,4.000,2536,3735,1.520,1.020,0.530,3,0,305.986,0,0,10,4,3,13,0
14-06 09:27:34,38.495,20.497,39.745,0,0,1101284,1862980,162672,4812600,6256.237,1457.822,0,2499.695,0,234.971,4552,11178,1.520,1.020,0.530,3,0,503.939,0,0,10,4,3,14,0
14-06 09:27:35,45.167,14.972,40.176,0,0,1166288,1798008,162676,4813112,5955.025,1617.020,55.897,10995.735,0.998,28.947,2961,7964,1.520,1.020,0.530,2,0,213.606,0,0,10,5,3,13,0
14-06 09:27:36,47.200,3.247,48.949,0,0,1219136,1744080,162720,4814148,4806.948,970.980,587.383,183.807,8.991,0.999,1075,1054,1.520,1.020,0.530,2,0,0,0,0,10,5,3,13,0
14-06 09:27:37,31.259,9.003,58.267,0.250,0,1256672,1704048,162844,4816348,4658.384,1566.465,0,1984.589,0,88.026,2515,6611,1.400,1,0.530,0,0,118.035,0,0,10,4,3,14,0
14-06 09:27:38,0.500,0.500,98.494,0,0,1256672,1704048,162844,4816348,43919.541,1499.916,0,0,0,0,650,923,1.400,1,0.530,0,0,0,0,0,10,4,3,14,0
14-06 09:27:39,13.520,3.756,82.121,0.250,0,1301272,1659444,162844,4816352,4765.000,1514.224,0,3573.249,0,74.109,1430,1827,1.400,1,0.530,1,0,22.032,0,0,10,4,3,13,0
14-06 09:27:40,23.513,2.501,73.290,0,0,1353628,1606916,162848,4816520,4556.470,1458.791,0,19114.360,0,484.262,1122,1266,1.400,1,0.530,1,0,0,0,0,10,4,3,13,0
14-06 09:27:41,21.459,4.990,71.114,1.248,0,1281588,1678772,162892,4816604,4569.232,1658.817,0,2080.008,0,186.642,2793,5277,1.400,1,0.530,1,0,42.918,0,0,10,4,3,15,0
14-06 09:27:42,21.759,3.752,73.530,0,0,1331988,1628148,162892,4816828,6492.662,1640.673,40.016,44.018,4.002,3.001,1160,1536,1.370,1,0.530,1,0,1.000,0,0,10,12,3,16,0
14-06 09:27:43,21.997,4.249,72.489,0.750,0,1310984,1648732,162892,4817220,4946.218,1187.812,231.963,4279.324,57.991,154.976,2030,3482,1.370,1,0.530,1,0,46.993,0,0,10,28,3,16,0
14-06 09:27:44,21.758,8.003,69.527,0,0,1302212,1657476,162892,4817244,4848.852,1242.475,0,12.005,0,3.001,1900,2918,1.370,1,0.530,3,0,156.060,0,0,10,28,3,16,0
14-06 09:27:45,46.758,4.501,49.008,0,0,1405336,1554184,162892,4817400,5908.993,1458.245,0,880.148,0,3.001,1715,2900,1.370,1,0.530,4,0,0,0,0,10,30,3,16,0
14-06 09:27:46,57.355,15.528,26.048,0.250,0,1419836,1539328,162900,4817592,5510.072,1554.842,0,33829.841,0,103.189,4273,9214,1.370,1,0.530,5,0,433.793,0,0,10,28,3,18,0
14-06 09:27:47,78.499,15.750,4.500,0,0,1596216,1362680,162900,4817820,5186.927,1511.979,0,175.998,0,16.000,4947,9870,1.370,1,0.530,4,0,144.998,0,0,10,32,3,18,0
14-06 09:27:48,64.709,10.993,24.234,0.500,0,1422936,1535728,162904,4818044,6217.021,1638.951,0,315.798,0,35.977,3885,8425,1.580,1.050,0.550,2,0,199.872,0,0,10,29,3,20,0
14-06 09:27:49,24.461,6.739,68.889,0,0,1350792,1607856,162908,4818056,4756.357,1455.661,0,99.840,0,12.979,2043,3645,1.580,1.050,0.550,1,0,109.824,0,0,10,28,3,20,0
14-06 09:27:50,19.754,5.751,72.513,0,0,1317312,1641304,162916,4818080,5857.066,1566.285,0,136.025,0,13.002,2287,4158,1.580,1.050,0.550,1,0,68.012,0,0,10,28,3,20,0
14-06 09:27:51,23.485,3.248,72.953,0,0,1362140,1596476,162916,4818080,5877.209,1273.179,0,463.701,0,27.982,1820,3134,1.580,1.050,0.550,1,0,0,0,0,10,28,3,20,0
14-06 09:27:52,11.279,19.550,67.924,0.251,0,1306016,1652580,162924,4818092,5913.132,1407.602,0,1098.812,0,63.162,3429,5502,1.580,1.050,0.550,2,0,611.565,0,0,10,28,3,18,0
14-06 09:27:53,73.767,19.504,6.001,0,0,1527516,1430976,162924,4818148,5628.272,1458.330,0,132.030,0,16.004,2907,4924,1.690,1.080,0.560,5,0,430.097,0,0,10,29,3,18,0
14-06 09:27:54,78.997,12.500,8.000,0,0,1444292,1513508,162928,4818812,6028.765,1619.937,0,2763.892,0,60.998,5526,15140,1.690,1.080,0.560,6,0,80.997,0,0,10,29,3,19,0
14-06 09:27:55,81.000,14.750,4.500,0,0,1512560,1445000,162932,4819044,6489.019,1620.005,0,344.001,0,33.000,3088,6659,1.690,1.080,0.560,7,0,129.000,0,0,10,30,3,19,0
14-06 09:27:56,81.190,11.991,6.745,0,0,1618936,1338240,162932,4819412,5241.116,1618.800,0,1842.635,0,15.988,8897,15819,1.690,1.080,0.560,6,0,99.926,0,0,10,29,3,19,0
14-06 09:27:57,59.756,14.502,24.753,0,0,1367608,1589352,162932,4819628,4898.509,1242.129,0,344.036,0,27.003,5789,11781,1.690,1.080,0.560,5,0,237.025,0,0,10,29,3,21,0
14-06 09:27:58,42.206,8.491,48.199,0,0,1418156,1538660,162932,4819772,5669.042,1294.639,0,227.761,0,21.977,1887,3055,1.800,1.110,0.580,3,0,60.936,0,0,10,28,3,21,0
14-06 09:27:59,48.331,17.279,33.807,0.250,0,1383016,1573724,162932,4819848,5434.118,1514.541,0,4367.328,0,191.321,3742,8399,1.800,1.110,0.580,5,0,378.635,0,0,10,28,3,21,0
14-06 09:28:00,65.368,7.235,26.696,0,0,1482052,1473960,162932,4820576,5817.226,1562.837,0,183.628,0,5.988,2741,6477,1.800,1.110,0.580,3,0,0,0,0,10,31,3,21,0
14-06 09:28:01,72.641,17.033,10.019,0,0,1492664,1463484,162944,4820712,5852.359,1569.046,0,63551.353,0,192.373,2936,5333,1.800,1.110,0.580,5,0,258.502,0,0,10,28,3,21,0
14-06 09:28:02,69.093,8.730,22.199,0,0,1490384,1465332,162948,4821068,4273.274,1508.567,0,227.482,0,19.955,8385,17931,1.800,1.110,0.580,6,0,8.980,0,0,10,30,3,25,0
14-06 09:28:03,60.890,18.292,20.046,0.251,0,1474192,1481476,162948,4821116,5594.829,1717.939,0,312.717,0,26.060,2285,4029,2.140,1.200,0.610,4,0,317.729,0,0,10,28,3,25,0
14-06 09:28:04,59.218,15.492,24.736,0,0,1368036,1587440,162952,4821304,5532.968,1511.172,0,1535.159,0,48.973,6494,14336,2.140,1.200,0.610,5,0,298.836,0,0,10,28,3,27,0
14-06 09:28:05,64.976,6.997,27.990,0.500,0,1488988,1466256,162956,4821532,5108.105,1565.419,0,2750.979,0,164.939,3374,6435,2.140,1.200,0.610,6,0,0,0,0,10,29,3,27,0
14-06 09:28:06,65.799,17.513,16.262,0,0,1467916,1487272,162960,4821584,5562.149,1513.129,0,636.475,0,22.016,3336,6876,2.140,1.200,0.610,4,0,287.214,0,0,10,28,3,27,0
14-06 09:28:07,59.348,9.725,30.671,0,0,1361704,1593264,162968,4821792,7303.296,1562.000,0,474.784,0,41.893,4350,9975,2.140,1.200,0.610,3,0,111.714,0,0,10,28,3,29,0
14-06 09:28:08,66.423,8.272,25.316,0,0,1428492,1526312,162976,4821944,42968.190,1515.958,0,385.005,0,31.081,4330,7603,2.200,1.230,0.620,4,0,10.026,0,0,10,30,3,27,0
14-06 09:28:09,77.478,17.495,4.999,0,0,1503516,1451172,162980,4822056,4821.655,1619.548,0,503.859,0,37.989,3548,6959,2.200,1.230,0.620,6,0,423.882,0,0,10,29,3,27,0
14-06 09:28:10,82.028,16.255,2.251,0,0,1484008,1470276,162992,4822448,4848.634,1566.528,0,640.216,0,53.018,4915,10470,2.200,1.230,0.620,8,0,261.088,0,0,10,28,3,27,0
14-06 09:28:11,82.487,15.949,1.495,0,0,1590752,1363312,162992,4822660,5256.259,1614.857,0,4661.154,0,308.019,3189,5908,2.200,1.230,0.620,7,0,202.355,0,0,10,28,3,27,0
14-06 09:28:12,75.990,18.559,5.267,0,0,1443368,1510456,163000,4822936,5699.009,1591.028,0,401.268,0,30.095,5324,14211,2.200,1.230,0.620,6,0,383.211,0,0,10,29,3,27,0
14-06 09:28:13,58.755,25.002,14.751,0,0,1434436,1519176,163004,4823140,4060.349,1478.127,0,336.029,0,14.001,5735,16587,2.350,1.270,0.640,3,0,660.057,0,0,10,29,3,27,0
14-06 09:28:14,18.405,24.126,56.211,0,0,1310220,1643216,163008,4823304,5241.035,1128.195,0,238.772,0,11.939,3117,5216,2.350,1.270,0.640,2,0,544.200,0,0,10,28,3,27,0
14-06 09:28:15,28.893,30.149,40.450,0,0,1375884,1577536,163012,4823316,8301.057,1702.420,0,277.372,0,22.109,3147,5620,2.350,1.270,0.640,5,0,736.643,0,0,10,28,3,27,0
14-06 09:28:16,80.973,14.745,3.749,0,0,1482768,1470584,163020,4823368,5388.173,1605.456,0,1263.572,0,73.975,2951,7872,2.350,1.270,0.640,5,0,308.895,0,0,10,29,4,27,0
14-06 09:28:17,80.295,14.258,5.253,0.250,0,1476516,1476508,163036,4823680,6990.936,1736.978,0,468.264,0,47.026,4327,8598,2.350,1.270,0.640,6,0,201.113,0,0,10,28,4,27,0
14-06 09:28:18,70.880,8.486,20.715,0.250,0,1543200,1409028,163048,4824448,6234.464,1509.449,0,243.588,0,21.963,6233,16056,2.480,1.320,0.660,4,0,0,0,0,10,31,4,28,0
14-06 09:28:19,75.855,11.015,12.768,0,0,1397772,1553892,163068,4824984,6875.529,1716.379,0,380.527,0,40.056,6811,17179,2.480,1.320,0.660,7,0,120.167,0,0,10,28,4,28,0
14-06 09:28:20,76.775,9.003,13.004,0,0,1544616,1406752,163084,4825248,4818.552,1458.470,0,156.050,0,9.003,6979,12502,2.480,1.320,0.660,4,0,0,0,0,10,31,4,29,0
14-06 09:28:21,62.495,11.204,25.397,0,0,1523516,1427108,163084,4825968,6790.336,1452.084,0,159.351,0,10.955,8331,20901,2.480,1.320,0.660,6,0,70.712,0,0,10,30,4,33,0
14-06 09:28:22,77.565,14.810,6.024,0,0,1482084,1467560,163084,4826940,6116.847,1626.607,0,0,0,0,5766,12684,2.480,1.320,0.660,5,0,196.799,0,0,10,29,4,33,0
14-06 09:28:23,78.246,11.749,10.749,0,0,1479208,1469812,163088,4827556,5711.726,1531.926,0,259.988,0,19.999,5965,14007,2.680,1.380,0.680,4,0,65.997,0,0,10,28,4,34,0
14-06 09:28:24,81.248,12.250,5.750,0,0,1546468,1402284,163100,4827804,5478.879,1457.968,0,279.994,0,23.999,3188,6423,2.680,1.380,0.680,9,0,67.999,0,0,10,30,4,34,0
14-06 09:28:25,77.984,13.497,8.498,0,0,1447624,1499544,163116,4829364,6292.697,1619.665,0,335.930,0,30.994,4411,9894,2.680,1.380,0.680,5,0,246.949,0,0,10,28,4,34,0
14-06 09:28:26,76.256,11.251,12.001,0,0,1494204,1452564,163116,4829756,6707.543,1620.131,0,152.012,0,8.001,5798,13388,2.680,1.380,0.680,5,0,42.003,0,0,10,30,4,39,0
14-06 09:28:27,83.006,13.251,3.250,0,0,1535836,1410852,163124,4829828,6522.463,1512.107,0,192.014,0,10.001,2588,4663,2.680,1.380,0.680,6,0,121.009,0,0,10,28,4,37,1
14-06 09:28:28,69.506,14.251,16.501,0.250,0,1396032,1550220,163148,4830232,5698.456,1640.131,0,596.048,0,64.005,3718,11066,2.790,1.420,0.700,5,0,261.021,0,0,10,28,4,37,0
14-06 09:28:29,61.747,9.999,27.999,0,0.250,1436120,1509840,163156,4830492,5076.741,1619.917,0,267.986,0,15.999,3973,9085,2.790,1.420,0.700,5,0,25.999,0,0,10,29,4,38,0
14-06 09:28:30,62.248,12.250,24.999,0,0,1477964,1467816,163156,4830652,7288.708,1619.935,0,10767.569,0,191.992,2508,3991,2.790,1.420,0.700,7,0,154.994,0,0,10,29,4,38,0
14-06 09:28:31,63.254,12.251,24.501,0,0,1406328,1539220,163176,4830852,9173.560,1532.093,0,476.029,0,44.003,3233,8493,2.790,1.420,0.700,3,0,132.008,0,0,10,28,4,40,0
14-06 09:28:32,63.487,9.248,26.495,0,0,1392536,1552844,163184,4831004,8189.321,1457.701,0,567.884,0,27.994,3796,8881,2.790,1.420,0.700,4,0,47.990,0,0,10,28,4,43,0
14-06 09:28:33,66.258,9.251,25.503,0,0,1467180,1478120,163188,4831080,7601.920,1458.176,0,472.057,0,24.003,3805,8089,2.810,1.450,0.710,4,0,36.004,0,0,10,30,4,44,0
14-06 09:28:34,68.732,10.247,20.245,0.250,0,1416436,1528596,163204,4831324,5833.489,1499.612,0,443.885,0,46.988,4048,11658,2.810,1.450,0.710,5,0,153.960,0,0,10,28,4,48,0
14-06 09:28:35,61.018,14.004,24.257,0,0,1387344,1557464,163204,4831524,6632.990,1458.438,0,368.110,0,33.010,4673,9054,2.810,1.450,0.710,4,0,238.071,0,0,10,28,4,48,0
14-06 09:28:36,61.227,12.245,25.740,0.250,0,1458064,1486544,163204,4831716,4793.164,1457.442,0,259.900,0,18.993,3455,7034,2.810,1.450,0.710,5,0,201.923,0,0,10,29,4,48,0
14-06 09:28:37,52.442,9.240,37.459,0,0,1403060,1541096,163216,4832148,4694.822,1456.394,0,3360.294,0,203.775,4585,9780,2.810,1.450,0.710,2,0,133.852,0,0,10,28,4,48,0
14-06 09:28:38,30.177,13.966,55.367,0,0,1380856,1563180,163220,4832260,43361.802,1334.792,0,271.348,0,17.957,2909,5784,2.820,1.480,0.720,1,0,276.336,0,0,10,29,4,49,0
14-06 09:28:39,16.775,12.769,69.852,0.501,0,1323008,1620852,163236,4832416,5589.194,1460.141,0,280.411,0,25.037,2573,5487,2.820,1.480,0.720,2,0,190.279,0,0,10,28,4,48,0
14-06 09:28:40,16.240,21.236,61.211,0,0,1352848,1590816,163268,4832576,5560.425,1618.959,0,395.746,0,27.982,2840,4430,2.820,1.480,0.720,2,0,404.740,0,0,10,28,4,50,0
14-06 09:28:41,44.095,6.514,48.605,0.501,0,1484348,1457576,163444,4833908,6766.582,1687.637,316.682,2701.822,18.039,68.147,1475,2185,2.820,1.480,0.720,1,1,5.011,0,0,10,32,5,50,0
14-06 09:28:42,40.756,7.251,44.007,9.502,0,1411708,1522664,164628,4839804,4877.776,1532.244,0,38782.166,0,3269.520,10162,24762,2.820,1.480,0.720,2,0,124.020,0,0,10,32,5,50,0
14-06 09:28:43,41.992,6.999,44.991,4.749,0,1423816,1508888,165176,4840820,4949.055,1457.722,0,29350.394,0,2515.520,8398,19769,2.840,1.500,0.740,2,0,26.995,0,0,10,28,5,47,0
14-06 09:28:44,44.542,6.506,49.047,0.250,0,1410928,1521732,165232,4840808,5920.619,1769.679,0,1937.839,0,183.174,1805,2695,2.840,1.500,0.740,3,0,2.002,0,0,10,30,5,47,0
14-06 09:28:45,38.747,6.250,46.246,7.249,0,1484612,1446916,165816,4841328,6114.517,1661.869,0,20378.390,0,2688.788,13587,29310,2.840,1.500,0.740,3,0,2.000,0,0,10,30,5,47,0
14-06 09:28:46,28.164,6.979,64.055,0,0,1361760,1569744,165844,4841324,5793.342,1495.442,0,1479.491,0,59.818,1470,2043,2.840,1.500,0.740,1,0,98.699,0,0,10,28,5,47,0
14-06 09:28:47,22.251,4.000,73.002,0.250,0,1435036,1496440,165848,4841348,6028.157,1694.044,0,1032.027,0,61.002,1064,1620,2.840,1.500,0.740,1,0,2.000,0,0,10,28,5,45,0
14-06 09:28:48,23.551,2.756,73.158,0.501,0,1389668,1541796,165868,4841340,5105.993,1535.306,0,5608.074,0,305.658,1386,2344,2.770,1.510,0.740,3,0,1.002,0,0,10,28,5,45,0
14-06 09:28:49,23.719,2.996,72.903,0,0,1429428,1502008,165876,4841360,5683.458,1617.853,0,107.857,0,14.980,1029,1343,2.770,1.510,0.740,1,0,1.997,0,0,10,32,5,43,0
14-06 09:28:50,22.241,3.499,73.719,0,0,1404156,1527228,165876,4841380,3242.645,0,0,0,0,0,838,1092,2.770,1.510,0.740,1,0,2.999,0,0,10,32,5,43,0
14-06 09:28:51,23.242,2.749,73.726,0,0,1351220,1580164,165876,4841380,4372.588,1457.529,0,3.999,0,1.000,870,1090,2.770,1.510,0.740,1,0,1.000,0,0,10,32,5,43,0
14-06 09:28:52,23.252,2.750,73.757,0,0,1425292,1506076,165876,4841396,6061.582,1620.156,0,0,0,0,919,1147,2.770,1.510,0.740,1,0,2.000,0,0,10,32,5,43,0
14-06 09:28:53,24.252,2.500,73.256,0,0.250,1371028,1560284,165880,4841444,5430.462,1500.128,0,0,0,0,982,1211,2.790,1.530,0.760,2,0,3.000,0,0,10,32,4,43,0
14-06 09:28:54,23.742,1.999,73.726,0,0,1439060,1492244,165884,4841444,6335.909,1619.466,0,179.941,0,1.999,922,1140,2.790,1.530,0.760,2,0,1.999,0,0,10,32,4,43,0
14-06 09:28:55,23.254,3.251,73.012,0.250,0.250,1335444,1595708,165904,4841572,6000.948,1458.230,0,428.068,0,34.005,1113,1581,2.790,1.530,0.760,2,0,2.000,0,0,10,32,4,42,0
14-06 09:28:56,23.248,2.750,74.244,0,0,1414792,1516356,165904,4841576,5486.589,1693.873,0,0,0,0,902,1117,2.790,1.530,0.760,2,0,2.000,0,0,10,32,4,42,0
14-06 09:28:57,23.246,2.749,73.486,0,0,1366360,1564760,165916,4841592,6154.868,1457.732,0,7.999,0,2.000,877,1118,2.790,1.530,0.760,2,0,1.000,0,0,10,32,4,41,0
14-06 09:28:58,23.248,3.000,74.245,0,0,1388608,1542472,165916,4841632,5525.597,1619.882,0,0,0,0,872,1090,2.640,1.530,0.760,2,0,1.000,0,0,10,32,4,41,0
14-06 09:28:59,23.479,2.748,73.435,0,0,1381976,1549104,165916,4841632,4986.557,1618.558,0,0,0,0,850,1047,2.640,1.530,0.760,2,0,1.998,0,0,10,32,4,40,0
14-06 09:29:00,10.028,20.558,69.696,0,0,1338420,1592488,165924,4841780,6382.968,1624.573,0,862.428,0,10.028,3112,5009,2.640,1.530,0.760,1,0,501.411,0,0,10,32,4,40,0
14-06 09:29:01,10.253,19.006,70.272,0,0,1339532,1591220,165928,4841904,5299.675,1458.461,0,1936.612,0,188.059,2919,4728,2.640,1.530,0.760,1,0,425.134,0,0,10,32,4,40,0
14-06 09:29:02,10.247,18.744,70.478,0,0,1336572,1594152,165928,4841932,4453.610,1619.495,0,0,0,0,2899,4502,2.640,1.530,0.760,1,0,413.871,0,0,10,32,4,40,0
14-06 09:29:03,23.466,2.746,73.393,0,0,1415836,1514904,165928,4841916,7479.051,1603.652,0,3.994,0,0.999,1019,1268,2.510,1.520,0.760,2,0,3.994,0,0,10,32,4,36,0
14-06 09:29:04,23.314,3.510,73.453,0,0,1364564,1566160,165928,4841932,10027.676,1570.334,0,152.421,0,5.014,947,1209,2.510,1.520,0.760,2,0,1.003,0,0,10,32,4,36,0
14-06 09:29:05,22.005,3.751,73.016,0.500,0,1436108,1494624,165956,4841896,10062.234,1512.336,0,6625.471,0,340.075,1498,2760,2.510,1.520,0.760,2,0,2.000,0,0,10,32,4,34,0
14-06 09:29:06,22.182,2.991,73.524,0,0,1392460,1538244,165956,4841924,4639.751,1561.206,0,35.890,0,2.991,874,1100,2.510,1.520,0.760,2,0,0.997,0,0,10,32,4,34,0
14-06 09:29:07,23.251,3.250,74.003,0,0,1440336,1490364,165956,4841924,4460.183,1512.062,0,348.014,0,3.000,902,1157,2.510,1.520,0.760,2,0,2.000,0,0,10,32,4,31,0
14-06 09:29:08,21.528,4.256,74.096,0,0,1408840,1521856,165956,4841928,42780.658,1568.040,0,0,0,0,1019,1170,2.390,1.510,0.760,3,0,3.004,0,0,10,32,4,31,0
14-06 09:29:09,23.717,2.247,73.399,0,0,1348860,1581824,165956,4841940,4902.274,1456.002,0,15.978,0,1.997,914,1146,2.390,1.510,0.760,2,0,0.999,0,0,10,32,4,31,0
14-06 09:29:10,22.003,4.001,74.011,0,0,1421928,1508772,165956,4841924,6454.962,1620.241,0,0,0,0,942,1185,2.390,1.510,0.760,2,0,2.000,0,0,10,32,4,30,0
14-06 09:29:11,25.042,2.231,72.400,0,0,1374780,1555888,165968,4841944,4423.326,1446.011,0,487.954,0,18.844,1043,1409,2.390,1.510,0.760,1,0,0.992,0,0,10,32,4,30,0
14-06 09:29:12,23.190,2.269,73.603,0,0,1436248,1494400,165968,4841964,4250.810,1217.974,0,12.099,0,1.008,903,1130,2.390,1.510,0.760,1,0,2.017,0,0,10,32,4,30,0
14-06 09:29:13,22.253,4.000,73.509,0,0,1402416,1528244,165968,4841952,5625.658,1458.171,0,2344.274,0,115.013,961,1132,2.280,1.500,0.760,1,0,3.000,0,0,10,32,4,30,0
14-06 09:29:14,22.999,3.250,73.496,0,0,1341380,1589256,165968,4841976,5445.739,1565.925,0,23.999,0,1.000,872,1040,2.280,1.500,0.760,1,0,3.000,0,0,10,32,4,30,0
14-06 09:29:15,22.999,4.000,73.246,0.250,0,1411624,1519200,165980,4841880,10647.489,1619.922,0,515.975,0,39.998,1240,1682,2.280,1.500,0.760,1,0,0,0,0,10,32,4,30,0
14-06 09:29:16,23.966,1.997,73.397,0,0,1329876,1600936,165980,4841892,5055.881,1529.846,0,615.134,0,95.865,907,1058,2.280,1.500,0.760,1,0,2.996,0,0,10,32,4,30,0
14-06 09:29:17,22.801,2.756,73.916,0,0,1351800,1578792,165980,4842112,6765.181,1589.567,0,12.027,0,1.002,921,1157,2.280,1.500,0.760,1,0,1.002,0,0,10,32,4,30,0
14-06 09:29:18,23.281,3.254,73.346,0,0,1418600,1512012,165980,4842092,6841.984,1534.014,0,0,0,0,951,1170,2.180,1.490,0.760,1,0,2.003,0,0,10,32,4,30,0
14-06 09:29:19,23.197,3.243,73.332,0,0,1359368,1571224,165980,4842112,6639.755,1636.243,0,19.954,0,0.998,824,1058,2.180,1.490,0.760,1,0,0.998,0,0,10,32,4,30,0
14-06 09:29:20,22.766,3.252,73.551,0,0,1379412,1551180,165980,4842112,7406.110,1459.007,0,20.014,0,1.001,858,1092,2.180,1.490,0.760,1,0,1.001,0,0,10,32,4,26,0
14-06 09:29:21,23.504,1.750,73.764,0,0,1437124,1493476,165984,4842100,4497.841,1296.242,0,84.016,0,5.001,876,1104,2.180,1.490,0.760,1,0,2.000,0,0,10,32,4,26,0
14-06 09:29:22,11.502,18.003,69.513,0,0,1336376,1594188,165984,4842136,4557.884,1208.234,0,88.017,0,8.002,2303,3238,2.180,1.490,0.760,3,0,284.055,0,0,10,32,4,21,0
14-06 09:29:23,17.497,9.498,71.737,0,0,1389860,1540668,165988,4842168,4866.134,1605.714,0,31.994,0,2.000,1519,2061,2.080,1.480,0.760,1,0,109.980,0,0,10,32,4,21,0
14-06 09:29:24,22.004,3.501,73.764,0,0,1348048,1582284,165992,4842356,4891.944,1458.281,0,0,0,0,913,1162,2.080,1.480,0.760,1,0,9.002,0,0,10,32,4,20,0
14-06 09:29:25,23.727,3.497,72.429,0.250,0,1421592,1508700,166000,4842384,6367.747,1530.497,0,467.541,0,33.967,1190,1720,2.080,1.480,0.760,1,0,0,0,0,10,32,4,20,0
14-06 09:29:26,12.519,17.277,68.856,0,0,1338592,1591612,166000,4842472,6580.127,1460.247,0,48.074,0,2.003,2385,3475,2.080,1.480,0.760,1,0,310.478,0,0,10,32,4,20,0
14-06 09:29:27,9.753,18.506,70.024,0,0,1339368,1590820,166000,4842488,5137.773,1620.559,0,284.098,0,37.013,2454,3532,2.080,1.480,0.760,1,0,300.104,0,0,10,32,4,20,0
14-06 09:29:28,8.253,21.509,68.778,0,0,1337556,1592600,166000,4842520,5204.149,1620.669,0,240.099,0,6.002,2722,3994,1.910,1.460,0.760,1,0,366.151,0,0,10,32,4,15,0
14-06 09:29:29,8.753,20.757,69.524,0,0,1335664,1594472,166000,4842540,16858.816,1532.529,0,472.163,0,8.003,2727,3981,1.910,1.460,0.760,1,0,362.125,0,0,10,32,4,15,0
14-06 09:29:30,8.739,21.473,68.164,0,0,1338324,1591792,166004,4842552,7215.894,1617.958,0,950.800,0,10.986,2556,3705,1.910,1.460,0.760,1,0,336.575,0,0,10,32,4,14,0
14-06 09:29:31,9.249,21.997,68.741,0,0,1338108,1591980,166004,4842580,2535.650,73.990,0,827.886,0,8.999,2360,3467,1.910,1.460,0.760,1,0,306.958,0,0,10,32,4,14,0
14-06 09:29:32,9.001,21.001,68.754,0,0,1338568,1591500,166004,4842596,4569.292,1458.093,0,860.055,0,32.002,2442,3489,1.910,1.460,0.760,2,0,306.020,0,0,10,32,4,12,0
14-06 09:29:33,8.001,20.502,70.507,0,0,1340212,1589844,166004,4842604,6232.623,1458.146,0,480.048,0,9.001,2430,3456,1.840,1.450,0.760,2,0,283.028,0,0,10,32,4,12,0
14-06 09:29:34,9.001,19.002,70.259,0,0,1338960,1591076,166004,4842624,14139.852,1662.218,0,120.016,0,5.001,2517,3493,1.840,1.450,0.760,3,0,294.039,0,0,10,32,4,6,0
14-06 09:29:35,10.758,23.018,65.300,0,0,1337292,1592712,166004,4842656,14656.315,1501.159,0,192.148,0,7.005,3092,5939,1.840,1.450,0.760,1,0,343.265,0,0,10,32,4,7,0
14-06 09:29:36,9.258,25.023,64.809,0,0,1337336,1592660,166028,4842640,5854.333,1459.329,0,432.394,0,21.019,2826,4338,1.840,1.450,0.760,3,0,398.363,0,0,10,32,4,6,0
14-06 09:29:37,45.000,25.000,29.750,0,0,1472568,1457348,166076,4842672,12550.950,1693.993,0,923.996,0,57.000,3445,5859,1.840,1.450,0.760,3,0,555.998,0,0,10,32,4,10,0
14-06 09:29:38,61.987,10.498,25.995,1.500,0,1621904,1302468,166556,4847124,46619.396,1457.700,411.915,9118.122,4.999,652.866,3986,7422,1.930,1.480,0.770,3,0,35.993,0,0,10,36,4,10,0
14-06 09:29:39,39.253,13.001,35.003,13.501,0,1596496,1314732,167552,4858484,4836.411,1620.138,0,80962.882,0,6097.518,18677,43374,1.930,1.480,0.770,3,0,156.013,0,0,10,36,4,12,0
14-06 09:29:40,44.752,9.000,30.501,13.751,0,1636120,1262860,168336,4869492,6754.324,1458.070,0,86560.155,0,6442.309,19507,44686,1.930,1.480,0.770,2,1,87.004,0,0,10,37,4,11,0
14-06 09:29:41,46.992,10.248,28.995,12.748,0,1623144,1265020,169008,4879324,11920.926,1661.711,0,77290.551,0,5952.964,16978,40622,1.930,1.480,0.770,2,1,111.981,0,0,10,36,4,12,0
14-06 09:29:42,43.502,18.751,26.751,10.251,0,1561884,1317888,169552,4887096,8854.460,1620.084,364.019,57771.004,7.000,4379.228,14732,37879,1.930,1.480,0.770,3,0,309.016,0,0,10,35,4,14,0
14-06 09:29:43,44.552,17.920,27.627,7.716,0,1538452,1336200,170076,4891144,4857.370,1451.536,1079.194,47214.753,14.934,3866.781,13929,34230,2.100,1.520,0.790,3,0,159.291,0,0,10,34,4,17,0
14-06 09:29:44,39.654,13.302,37.144,9.035,0.251,1563548,1309160,170404,4892600,5884.851,1626.315,530.058,46432.297,8.031,3842.922,12852,31669,2.100,1.520,0.790,4,0,115.448,0,0,10,35,4,17,0
14-06 09:29:45,37.521,10.256,41.774,10.006,0,1500388,1370392,170652,4894248,13503.724,1458.834,0,41467.720,0,3575.045,13750,32558,2.100,1.520,0.790,3,0,102.058,0,0,10,34,4,18,0
14-06 09:29:46,38.877,8.224,45.855,5.981,0,1553112,1316080,170956,4895456,5596.332,1688.669,0,51282.102,0,4470.885,12597,32234,2.100,1.520,0.790,2,1,22.928,0,0,10,35,4,18,0
14-06 09:29:47,42.597,6.765,40.091,8.770,0,1552976,1313056,171244,4898284,5456.419,1535.495,0,32109.080,0,3162.197,14843,34044,2.100,1.520,0.790,2,1,45.103,0,0,10,35,4,24,0
14-06 09:29:48,39.272,8.005,46.526,6.504,0,1540492,1321796,171416,4901760,5881.341,1458.829,0,50248.541,0,4351.472,13721,30252,2.330,1.580,0.810,2,0,69.039,0,0,10,34,4,24,0
14-06 09:29:49,38.078,9.706,44.051,8.960,0,1552052,1306200,171628,4905448,11200.385,1451.441,0,51085.146,0,4192.056,15984,37038,2.330,1.580,0.810,2,1,38.825,0,0,10,37,4,26,0
14-06 09:29:50,36.677,11.556,42.958,10.802,0,1524544,1328524,171896,4910216,9587.393,1519.352,0,53378.298,0,4270.666,15921,35675,2.330,1.580,0.810,2,1,145.705,0,0,10,36,4,28,0
14-06 09:29:51,37.914,7.234,43.901,9.728,0,1556284,1296772,172052,4910012,4746.288,1562.473,0,42739.537,0,3811.398,14283,32049,2.330,1.580,0.810,2,1,20.953,0,0,10,37,4,29,0
14-06 09:29:52,39.075,8.767,40.578,10.019,0,1552772,1303472,172176,4906688,5688.946,1623.123,0,48841.972,0,4140.967,13868,29876,2.330,1.580,0.810,2,0,52.100,0,0,10,34,4,30,0
14-06 09:29:53,30.919,13.216,54.358,0.249,0,1409220,1447068,172176,4906620,11045.183,1528.013,0,1240.763,0,70.815,2642,4457,2.310,1.580,0.820,1,0,273.287,0,0,10,32,4,30,0
14-06 09:29:54,23.301,4.009,72.159,0.251,0,1436600,1419656,172176,4906644,12576.706,1623.577,0,950.093,0,41.091,2694,4514,2.310,1.580,0.820,1,0,0,0,0,10,33,4,31,0
14-06 09:29:55,20.221,5.991,72.396,0,0,1427532,1428596,172176,4906772,6063.317,1455.915,0,579.171,0,25.963,1290,1703,2.310,1.580,0.820,1,0,42.939,0,0,10,32,4,31,0
14-06 09:29:56,20.785,5.760,71.870,0.250,0,1376960,1479144,172176,4906792,4481.484,1622.710,0,1234.061,0,76.127,2606,4605,2.310,1.580,0.820,1,0,77.129,0,0,10,32,4,31,0
14-06 09:29:57,8.996,21.491,67.970,0,0,1376196,1479808,172180,4906888,11480.960,1511.337,0,79.965,0,4.998,2515,3239,2.310,1.580,0.820,1,0,303.867,0,0,10,32,4,31,0
14-06 09:29:58,18.268,24.775,56.306,0.250,0,1406456,1449472,172200,4906944,4957.933,1567.560,0,3739.721,0,217.216,3326,5446,2.200,1.570,0.820,3,0,416.414,0,0,10,32,4,38,0
14-06 09:29:59,65.250,10.000,24.750,0,0,1601120,1253960,172220,4907768,4393.991,1619.997,0,523.999,0,10.000,1313,1307,2.200,1.570,0.820,3,0,3.000,0,0,10,32,4,38,0
14-06 09:30:00,68.001,7.250,24.500,0.500,0,1765676,1085720,172416,4910912,5913.095,1620.026,0,4520.072,0,232.004,1872,2259,2.200,1.570,0.820,4,0,0,0,0,10,32,4,38,0
14-06 09:30:01,33.999,8.750,41.748,12.749,0,1766440,1070108,172732,4924848,5936.757,1619.934,0,86492.454,0,6552.731,22752,49700,2.200,1.570,0.820,6,0,248.990,0,0,10,38,4,38,0
14-06 09:30:02,45.977,10.745,31.485,11.494,0,1772580,1051488,172940,4936744,11717.235,1619.203,0,89408.011,0,7411.354,25673,56934,2.200,1.570,0.820,3,0,200.901,0,0,10,38,4,38,0
14-06 09:30:03,45.766,13.005,29.511,11.004,0,1676764,1134840,173148,4948556,4877.746,580.208,0,87487.320,0,6748.416,19905,44987,2.510,1.650,0.850,3,0,261.093,0,0,10,36,4,38,0
14-06 09:30:04,50.483,9.247,28.740,11.496,0,1749160,1052196,173268,4958476,7941.268,1511.480,0,78768.903,0,5824.996,16473,38168,2.510,1.650,0.850,5,0,65.977,0,0,10,36,4,38,0
14-06 09:30:05,42.688,11.733,32.453,12.482,0,1653792,1136100,173412,4969200,14206.401,1455.889,0,103298.218,0,7367.317,20371,49512,2.510,1.650,0.850,4,1,92.865,0,0,10,36,4,38,0
14-06 09:30:06,36.273,9.756,51.283,2.502,0,1384616,1402948,173436,4971436,7322.650,1621.029,0,14857.434,0,1348.857,6330,12509,2.510,1.650,0.850,1,0,182.116,0,0,10,32,4,38,0
14-06 09:30:07,20.009,6.253,71.032,0.750,0,1448480,1339052,173440,4971460,11336.067,1458.652,0,10000.470,0,606.271,2599,4470,2.510,1.650,0.850,1,0,92.041,0,0,10,32,4,38,0
14-06 09:30:08,22.251,2.750,73.504,0.250,0,1507196,1280336,173440,4971460,48134.888,1620.097,0,1124.067,0,68.004,1238,1550,2.460,1.650,0.860,1,0,0,0,0,10,34,4,38,0
14-06 09:30:09,22.701,3.742,72.094,0.748,0,1410728,1376760,173440,4971468,5818.380,1454.844,0,7344.071,0,262.431,1825,2986,2.460,1.650,0.860,1,0,26.942,0,0,10,32,4,38,0
14-06 09:30:10,22.247,3.250,73.491,0,0,1478260,1309224,173440,4971468,12342.433,1457.815,0,267.966,0,10.999,942,1210,2.460,1.650,0.860,1,0,1.000,0,0,10,32,4,38,0
14-06 09:30:11,23.661,3.238,72.476,0.249,0,1387840,1399636,173444,4971472,11369.014,1677.657,0,454.282,0,45.827,1457,2165,2.460,1.650,0.860,2,0,22.913,0,0,10,32,5,38,0
14-06 09:30:12,13.830,37.467,48.029,0,0,1395572,1391828,173444,4971544,5250.463,1540.941,0,6731.054,0,357.072,5201,9627,2.460,1.650,0.860,2,0,1114.466,0,0,10,32,5,38,0
14-06 09:30:13,10.727,20.457,68.106,0.499,0,1394588,1392752,173444,4971588,7183.828,1454.927,0,2722.251,0,142.699,2656,3937,2.430,1.660,0.860,1,0,350.260,0,0,10,32,5,38,0
14-06 09:30:14,8.517,22.544,68.384,0,0,1396264,1391024,173444,4971640,4808.434,1535.012,0,817.604,0,43.085,2558,3736,2.430,1.660,0.860,1,0,323.635,0,0,10,32,5,38,0
14-06 09:30:15,8.748,18.995,71.233,0,0,1399880,1387376,173444,4971672,10876.335,1499.633,0,131.968,0,12.997,2461,3320,2.430,1.660,0.860,4,0,255.937,0,0,10,32,5,38,0
14-06 09:30:16,10.260,19.269,68.317,0,0,1397384,1389844,173444,4971696,13876.571,1779.741,0,36.035,0,9.009,2483,3521,2.430,1.660,0.860,4,0,280.274,0,0,10,32,5,38,0
14-06 09:30:17,15.743,15.743,66.471,0,0,1396756,1390396,173444,4971920,7376.835,1693.274,0,15.993,0,3.998,4276,7250,2.430,1.660,0.860,2,0,191.918,0,0,10,32,5,38,0
14-06 09:30:18,40.255,13.002,46.756,0,0,1477344,1309616,173456,4972344,6485.830,1532.196,0,28.004,0,1.000,2632,5174,2.390,1.660,0.870,3,0,159.020,0,0,10,33,5,38,0
14-06 09:30:19,45.390,5.487,49.131,0,0,1582360,1204532,173456,4972412,12657.357,1689.909,0,514.754,0,46.886,1161,1201,2.390,1.660,0.870,3,0,0,0,0,10,33,5,38,0
14-06 09:30:20,47.727,5.997,45.228,0,0,1631368,1152224,173520,4975332,9721.343,1457.302,83.960,407.805,1.000,20.990,2437,13702,2.390,1.660,0.870,3,0,6.997,0,0,10,49,5,38,0
14-06 09:30:21,18.544,15.286,64.903,0.251,0,1645796,1137408,173520,4975644,4806.319,1623.824,0,1170.757,0,30.071,2462,3672,2.390,1.660,0.870,3,0,232.548,0,0,10,48,5,38,0
14-06 09:30:22,13.721,2.245,82.828,0,0,1662344,1120816,173520,4975664,5897.733,2147.533,0,183.618,0,10.977,967,1349,2.390,1.660,0.870,0,0,24.948,0,0,10,49,5,38,0
14-06 09:30:23,1.250,0.750,97.509,0.250,0,1663032,1120088,173520,4975700,43884.125,2882.271,0,1232.116,0,18.002,908,1367,2.200,1.640,0.860,0,0,2.000,0,0,10,49,4,38,0
14-06 09:30:24,1.000,0.750,98.002,0,0,1662952,1120088,173520,4975780,97939.763,2850.051,0,196.004,0,11.000,795,1090,2.200,1.640,0.860,0,0,0,0,0,10,49,4,38,0
14-06 09:30:25,0.750,0.750,98.250,0,0,1662936,1120088,173520,4975796,53549.268,1842.009,0,0,0,0,685,1047,2.200,1.640,0.860,0,0,0,0,0,10,49,4,38,0
14-06 09:30:26,15.513,9.258,72.812,1.251,0,1676492,1105120,173604,4976828,26111.351,1983.698,4.003,4539.886,1.001,304.260,2512,3704,2.200,1.640,0.860,1,0,70.060,0,0,10,48,4,39,0
14-06 09:30:27,15.251,9.501,73.006,1.250,0,1697172,1034856,173632,5024404,10914.939,1532.132,64.006,4472.385,4.000,131.011,1980,2789,2.200,1.640,0.860,1,0,35.003,0,0,10,48,4,39,0
14-06 09:30:28,13.496,12.996,72.977,0,0,1701048,1030872,173632,5024468,6391.025,1565.516,0,0,0,0,1666,1887,2.100,1.630,0.860,1,0,61.981,0,0,10,48,4,39,0
14-06 09:30:29,20.750,4.250,73.749,0,0,1718096,1013768,173632,5024472,4910.966,1511.989,0,1239.991,0,6.000,1111,1276,2.100,1.630,0.860,1,0,28.000,0,0,10,48,4,39,0
14-06 09:30:30,16.540,9.022,73.179,0,0,1662812,1116924,173780,4977196,5606.703,1461.572,292.715,4.010,13.032,1.002,1514,1939,2.100,1.630,0.860,1,0,89.218,0,0,10,48,4,39,0
14-06 09:30:31,14.753,15.503,68.512,0,0,1659828,1119828,173784,4977732,6775.186,1694.297,4.001,412.072,1.000,12.002,2939,6002,2.100,1.630,0.860,3,0,239.042,0,0,10,48,4,39,0
14-06 09:30:32,11.212,8.222,78.734,0,0,1659496,1120056,173784,4977392,18228.497,1614.552,0,374.736,0,22.923,3064,7426,2.100,1.630,0.860,0,0,60.795,0,0,10,48,4,39,0
14-06 09:30:33,0.750,1.250,97.761,0,0,1659212,1120340,173784,4977392,13526.542,1620.185,0,4.000,0,1.000,750,1054,1.940,1.600,0.860,0,0,5.001,0,0,10,48,4,39,0
14-06 09:30:34,1.001,0.500,98.311,0,0,1659212,1120340,173784,4977392,9264.735,1621.003,0,0,0,0,681,1006,1.940,1.600,0.860,0,0,3.002,0,0,10,48,4,39,0
14-06 09:30:35,4.247,3.498,90.691,0.250,0,1650628,1128924,173784,4977392,8628.366,1499.021,0,5440.447,0,211.862,1402,3384,1.940,1.600,0.860,0,0,34.977,0,0,10,48,4,40,0
14-06 09:30:36,2.251,3.251,94.037,0,0,1591836,1187712,173784,4977396,8045.146,1620.634,0,0,0,0,1103,1682,1.940,1.600,0.860,0,0,47.018,0,0,10,48,4,39,0
14-06 09:30:37,16.005,16.255,66.272,0,0,1606736,1172804,173784,4977404,4944.617,1620.530,0,172.056,0,3.001,4892,9306,1.940,1.600,0.860,0,0,256.084,0,0,10,48,4,39,0
14-06 09:30:38,13.784,17.543,67.916,0,0,1660304,1119112,173784,4977788,41174.383,1571.832,0,0,0,0,4221,6869,1.940,1.610,0.870,12,0,376.919,0,0,11,48,4,33,0
14-06 09:30:39,14.460,11.468,72.799,0,0,1658992,1120308,173784,4977572,7002.659,1615.538,0,243.328,0,13.961,3800,6010,1.940,1.610,0.870,0,0,183.493,0,0,11,48,4,33,0
14-06 09:30:40,5.259,10.016,84.138,0,0,1664872,1114424,173784,4977920,6109.056,1460.404,0,0,0,0,2041,3329,1.940,1.610,0.870,0,0,148.244,0,0,13,50,4,31,0
14-06 09:30:41,15.968,14.970,67.617,0.250,0,1668396,1110904,173788,4977604,5353.432,1455.128,0,558.897,0,31.937,3501,8765,1.940,1.610,0.870,1,0,240.525,0,0,13,50,4,32,0
14-06 09:30:42,10.262,18.771,69.579,0,0,1665496,1113628,173792,4977776,2327.640,74.084,0,528.599,0,39.044,2836,4568,1.940,1.610,0.870,2,0,381.433,0,0,13,50,4,30,0
14-06 09:30:43,21.274,18.059,60.607,0,0,1677156,1101948,173796,4977808,6356.595,1729.659,0,15.832,0,3.958,4876,8288,1.870,1.600,0.870,3,0,267.167,0,0,13,50,4,30,0
14-06 09:30:44,35.957,19.245,43.807,0,0,1744960,1033876,173808,4978024,6393.265,1476.771,0,76.978,0,8.103,5133,9351,1.870,1.600,0.870,2,0,287.656,0,0,13,50,4,24,0
14-06 09:30:45,22.478,3.996,72.180,0,0,1783440,994292,173888,4978984,7402.827,1456.589,31.969,35.965,1.998,2.997,1360,2980,1.870,1.600,0.870,2,0,5.994,0,0,13,54,4,26,0
14-06 09:30:46,22.207,6.238,69.116,0,0,1844076,933548,173896,4979080,5667.023,1455.181,0,0,0,0,1140,1558,1.870,1.600,0.870,1,0,8.983,0,0,13,58,4,27,0
14-06 09:30:47,19.248,3.500,76.991,0,0,1889376,887684,173900,4979636,5524.359,1585.816,0,531.938,0,2.000,1132,2524,1.870,1.600,0.870,0,0,3.000,0,0,13,58,4,27,0
14-06 09:30:48,0.500,0,97.764,0,0,1889376,887684,173900,4979636,7459.044,1804.253,0,0,0,0,651,965,1.720,1.570,0.860,0,0,2.000,0,0,13,58,4,21,0
14-06 09:30:49,12.779,17.791,68.407,0,0,1895176,881840,173900,4979980,5807.363,1623.736,0,833.919,0,5.012,3391,8544,1.720,1.570,0.860,1,0,248.572,0,0,13,56,4,21,0
14-06 09:30:50,5.235,3.490,89.488,0,0,1896092,880856,173900,4979648,4768.053,1615.275,0,1710.995,0,175.487,1240,2022,1.720,1.570,0.860,0,0,25.924,0,0,13,58,4,17,0
14-06 09:30:51,0.750,0.500,97.774,0,0,1896092,880856,173900,4979648,5401.345,1620.403,0,320.080,0,3.001,693,1020,1.720,1.570,0.860,0,0,3.001,0,0,13,58,4,17,0
14-06 09:30:52,0.500,0.250,97.977,0,0,1896092,880856,173900,4979648,6685.429,1369.678,0,127.970,0,3.999,727,1046,1.720,1.570,0.860,0,0,2.999,0,0,13,58,4,16,0
14-06 09:30:53,1.250,0.750,98.009,0,0,1896092,880856,173900,4979648,4832.454,1262.119,0,0,0,0,719,1095,1.580,1.540,0.860,0,0,3.000,0,0,13,58,4,16,0
14-06 09:30:54,5.766,10.278,83.979,0.251,0,1893100,883868,173900,4979644,5438.799,1516.125,0,36.098,0,7.019,1870,2781,1.580,1.540,0.860,2,0,144.393,0,0,13,56,4,15,0
14-06 09:30:55,18.467,18.716,59.892,0,0,1903844,872860,173900,4980136,5123.767,1637.050,0,1545.216,0,215.611,5977,11550,1.580,1.540,0.860,1,0,247.554,0,0,12,58,4,15,0
14-06 09:30:56,18.477,18.977,61.175,0,0,1905160,871560,173900,4980168,4022.057,1240.475,0,19.975,0,3.995,4819,10171,1.580,1.540,0.860,1,0,322.604,0,0,13,50,4,14,0
14-06 09:30:57,19.572,9.786,69.758,0,0,1763560,1013212,173900,4979820,9437.911,1355.012,80.297,4.015,3.011,1.004,3089,6832,1.580,1.540,0.860,4,0,80.297,0,0,13,50,4,18,0
14-06 09:30:58,32.744,24.496,42.492,0,0,1742068,1034660,173900,4979920,4946.095,1511.723,0,371.932,0,5.999,2904,4874,1.690,1.570,0.870,4,0,443.919,0,0,13,50,4,18,0
14-06 09:30:59,33.757,22.504,43.009,0,0,1808344,967816,173904,4980828,6282.244,1730.343,0,36.007,0,9.002,3200,6834,1.690,1.570,0.870,5,0,420.083,0,0,13,58,4,22,0
14-06 09:31:00,42.630,19.445,36.148,0,0,1890452,885492,173904,4980636,7496.859,1507.748,0,46800.024,0,53.848,4834,13970,1.690,1.570,0.870,3,0,242.317,0,0,13,58,4,15,0
14-06 09:31:01,37.509,6.252,56.014,0,0,1989336,786204,173912,4981028,6620.675,1566.396,0,28.007,0,6.002,1295,3684,1.690,1.570,0.870,2,0,4.001,0,0,13,58,4,15,0
14-06 09:31:02,22.995,3.999,72.234,0.250,0,2032132,740956,174252,4982932,4528.981,1565.648,151.966,0,37.991,0,1087,3063,1.690,1.570,0.870,1,0,2.999,0,0,13,60,4,15,0
14-06 09:31:03,23.802,4.760,62.889,8.018,0,2037764,722056,174276,4996032,6026.282,1515.340,0,24858.789,0,1875.133,9582,19691,1.640,1.560,0.870,1,1,6.013,0,0,13,60,4,15,0
14-06 09:31:04,32.511,12.504,47.516,5.252,0,2161960,588304,174408,5005092,5552.871,1756.592,0,19982.734,0,1761.594,11192,30374,1.640,1.560,0.870,5,0,13.004,0,0,14,78,4,25,0
14-06 09:31:05,20.003,19.503,59.509,0,0,2221192,528532,174412,5005460,5588.877,1620.254,0,8209.289,0,444.070,4361,9995,1.640,1.560,0.870,3,0,469.074,0,0,14,85,4,26,0
14-06 09:31:06,14.449,16.940,66.516,0.498,0,2222316,527148,174412,5005660,5595.327,1560.513,0,2889.839,0,33.881,3928,6855,1.640,1.560,0.870,2,0,353.756,0,0,14,85,4,26,0
14-06 09:31:07,39.741,12.747,46.239,0,0,2308212,441140,174416,5006116,6313.497,1639.610,0,443.894,0,25.994,3642,5898,1.640,1.560,0.870,3,0,161.961,0,0,14,86,4,26,0
14-06 09:31:08,34.518,11.506,54.028,0.250,0,2382752,365844,174432,5006772,8099.268,1188.626,0,3753.978,0,210.111,2116,4381,1.670,1.560,0.880,2,0,66.035,0,0,14,89,4,26,0
14-06 09:31:09,8.497,19.493,70.974,0.250,0,2389136,359304,174436,5006904,39895.319,1385.490,0,755.722,0,47.982,2624,3686,1.670,1.560,0.880,1,0,263.903,0,0,14,89,4,26,0
14-06 09:31:10,8.258,18.768,71.068,0,0,2393332,355072,174436,5006940,4322.110,1135.079,0,116.110,0,11.010,2385,3471,1.670,1.560,0.880,2,0,256.244,0,0,14,89,4,26,0
14-06 09:31:11,10.675,17.874,71.496,0,0,2389752,358636,174436,5006952,4212.299,1072.438,0,3.972,0,0.993,2309,3179,1.670,1.560,0.880,1,0,251.229,0,0,14,89,4,26,0
14-06 09:31:12,14.340,12.327,71.447,0,0,2421432,326872,174436,5007004,4690.333,1467.176,0,4.025,0,1.006,1763,2380,1.670,1.560,0.880,1,0,153.963,0,0,14,89,4,26,0
14-06 09:31:13,24.024,3.253,71.821,0,0,2455164,293132,174436,5007012,5016.937,1459.436,0,0,0,0,2045,3250,1.610,1.560,0.880,1,0,2.002,0,0,14,91,4,27,0
14-06 09:31:14,21.026,6.758,71.589,0,0,2458276,290000,174436,5007032,4032.028,1081.348,0,168.210,0,15.019,1604,2384,1.610,1.560,0.880,1,0,65.081,0,0,14,95,4,27,0
14-06 09:31:15,31.528,5.255,61.054,0.500,0,2511492,236392,174448,5007372,5614.997,1513.347,0,1329.183,0,186.166,3841,7522,1.610,1.560,0.880,2,0,7.006,0,0,14,112,4,27,0
14-06 09:31:16,19.697,9.225,69.810,0.499,0,2494216,253400,174448,5007632,8921.777,1709.359,0,1069.097,0,90.754,2283,3712,1.610,1.560,0.880,1,0,110.699,0,0,14,110,4,29,0
14-06 09:31:17,24.241,2.749,71.225,0.250,0,2528208,219380,174448,5007660,6824.570,1585.436,0,847.698,0,90.968,2324,4154,1.610,1.560,0.880,0,1,0,0,0,14,112,4,29,0
14-06 09:31:18,42.350,8.771,48.364,0.752,0,2557888,189484,174452,5007832,6068.346,1569.711,0,2822.673,0,208.493,2423,4485,1.720,1.580,0.890,2,0,99.235,0,0,14,114,4,30,0
14-06 09:31:19,29.002,5.000,64.755,0,0,2567320,180028,174452,5007848,7168.581,1730.140,0,628.051,0,42.003,1500,2174,1.720,1.580,0.890,1,0,55.004,0,0,14,114,4,32,0
14-06 09:31:20,20.628,5.468,72.570,0,0,2544964,202352,174452,5007880,7945.960,1556.784,0,425.481,0,24.853,1468,2102,1.720,1.580,0.890,1,0,50.700,0,0,14,114,4,34,0
14-06 09:31:21,21.826,4.014,73.257,0.251,0,2603668,143636,174452,5007892,5987.976,1625.695,0,1625.695,0,178.626,1148,1736,1.720,1.580,0.890,2,0,0,0,0,14,116,4,34,0
14-06 09:31:22,20.995,6.998,70.734,0.500,0,2580780,166472,174460,5007936,5095.818,1565.637,0,2347.455,0,108.975,2238,3630,1.720,1.580,0.890,1,0,81.981,0,0,14,114,4,35,0
14-06 09:31:23,20.994,6.248,72.230,0,0,2549900,197336,174460,5007952,6004.337,1767.510,0,315.912,0,16.995,1480,2074,1.670,1.570,0.890,1,0,56.984,0,0,14,114,4,36,0
14-06 09:31:24,22.763,3.752,73.041,0,0,2614152,133076,174460,5007960,5042.809,1620.903,0,316.176,0,26.014,1154,1823,1.670,1.570,0.890,2,0,0,0,0,14,116,4,36,0
14-06 09:31:25,25.999,6.250,64.749,1.250,0,2567332,192192,174460,4995764,12605.735,1619.966,343.993,1903.960,7.000,239.995,3695,7061,1.670,1.570,0.890,2,0,55.999,0,0,14,119,4,38,0
14-06 09:31:26,23.565,2.507,73.201,0.501,0,2614848,144372,174460,4996068,11453.394,1462.007,92.253,886.430,16.044,52.143,1273,1834,1.670,1.570,0.890,1,0,0,0,0,14,121,4,39,0
14-06 09:31:27,31.190,2.246,64.126,0.749,0,2634720,124240,174468,4996288,4945.411,1293.492,0,1281.515,0,119.768,3096,5937,1.670,1.570,0.890,3,0,0,0,0,14,119,4,39,0
14-06 09:31:28,25.472,6.243,67.926,0,0.250,2641184,131040,173632,4984596,10696.330,1294.588,0,1130.766,0,78.914,2043,3272,1.770,1.590,0.900,1,0,68.925,0,0,14,119,4,39,0
14-06 09:31:29,18.773,10.262,68.833,0.751,0,2585804,188872,173500,4982416,13950.853,1623.962,224.271,6880.311,7.008,613.741,3224,5077,1.770,1.590,0.900,1,0,150.181,0,0,14,119,4,40,0
14-06 09:31:30,23.803,3.007,72.911,0.251,0,2646620,127736,173500,4982736,5783.771,1515.346,172.381,946.089,14.031,57.126,1093,1588,1.770,1.590,0.900,3,0,0,0,0,14,119,4,40,0
14-06 09:31:31,25.749,2.250,68.997,0.750,0,2652176,121948,173500,4982968,6365.726,1531.934,171.993,1115.952,5.000,110.995,3142,5640,1.770,1.590,0.900,9,0,1.000,0,0,14,121,4,40,0
14-06 09:31:32,39.636,12.215,45.868,0.499,0,2627856,154328,173328,4975080,11542.722,1683.147,1487.711,3960.582,154.554,420.787,5481,9880,1.770,1.590,0.900,3,0,289.166,0,0,14,119,4,41,0
14-06 09:31:33,22.804,5.513,71.420,0.752,0,2607348,192488,173236,4957796,11789.093,1786.257,152.363,6379.202,6.014,528.259,2028,3332,1.710,1.580,0.900,2,0,28.067,0,0,14,119,4,42,0
14-06 09:31:34,9.726,18.454,70.077,0,0,2608924,190736,173240,4957968,10957.956,1745.692,123.695,482.808,10.973,28.929,3050,4605,1.710,1.580,0.900,2,0,357.119,0,0,14,119,4,42,0
14-06 09:31:35,19.530,18.028,60.845,0.250,0,2607832,190888,173240,4959144,14371.333,1460.269,616.959,336.523,13.020,21.033,4430,8254,1.710,1.580,0.900,3,0,320.498,0,0,14,119,4,42,0
14-06 09:31:36,25.256,19.504,53.512,0,0,2651636,147088,173240,4958948,7605.734,1478.337,0,0,0,0,3754,7902,1.710,1.580,0.900,2,0,287.065,0,0,14,119,4,42,0
14-06 09:31:37,32.782,22.272,44.793,0,0,2699240,120056,172616,4939036,4739.597,1459.416,464.451,3335.235,16.016,361.351,3660,6332,1.710,1.580,0.900,2,0,452.439,0,0,14,122,4,42,0
14-06 09:31:38,39.735,22.741,35.986,0.750,0,2798896,128180,172240,4833040,13482.877,1689.358,4806.174,8160.899,125.952,1073.592,7607,16585,1.810,1.610,0.910,3,0,230.912,0,0,16,131,4,42,0
14-06 09:31:39,51.223,25.737,21.739,0.250,0,2899136,120844,171528,4742812,45902.223,1619.161,55.971,1427.261,6.996,239.876,3477,6261,1.810,1.610,0.910,3,0,544.718,0,0,16,131,4,42,0
14-06 09:31:40,59.306,20.433,19.187,0,0,2978104,131388,170660,4655860,6235.585,1582.818,3293.218,1530.988,268.122,264.135,7687,23931,1.810,1.610,0.910,4,0,217.289,0,0,16,141,4,42,0
14-06 09:31:41,34.587,26.065,38.096,0.501,0,3050804,145512,170696,4570756,5158.933,1634.097,1122.815,6279.743,80.201,405.015,4490,8568,1.810,1.610,0.910,4,0,455.141,0,0,16,147,5,41,0
14-06 09:31:42,25.278,20.522,52.808,0.501,0,3084096,134120,170680,4549396,6001.572,1575.725,1657.815,884.969,127.139,87.095,3686,6262,1.810,1.610,0.910,1,0,432.474,0,0,17,147,5,41,0
14-06 09:31:43,17.515,17.015,64.056,0.250,0,3098232,129488,170724,4540328,4506.975,1351.192,3030.673,1917.691,175.154,294.260,3811,6818,1.750,1.600,0.910,1,0,219.193,0,0,17,149,5,41,0
14-06 09:31:44,27.724,20.231,50.203,0.500,0,3130528,133740,170732,4504404,4361.900,1476.612,1138.929,1170.899,63.940,175.835,3544,6549,1.750,1.600,0.910,2,0,269.746,0,0,17,151,5,41,0
14-06 09:31:45,31.508,23.006,45.261,0.250,0,3187540,135408,170732,4447012,6069.511,1500.374,4.001,124.031,1.000,10.002,2854,4466,1.750,1.600,0.910,3,0,346.086,0,0,17,151,5,41,0
14-06 09:31:46,37.774,20.013,41.526,0,0,3269220,130976,170744,4371432,6057.792,1613.010,948.594,268.168,20.013,17.011,6529,18948,1.750,1.600,0.910,2,0,195.122,0,0,17,163,5,41,0
14-06 09:31:47,31.493,23.745,44.240,0,0,3332756,131352,170748,4308992,5064.871,1477.670,63.986,4990.887,5.999,389.913,3652,5765,1.750,1.600,0.910,2,0,516.885,0,0,17,163,5,37,0
14-06 09:31:48,27.918,22.933,46.863,0.249,0,3401572,129276,170756,4243584,6458.052,1547.460,0,646.104,0,46.863,5182,11684,1.770,1.600,0.920,1,0,472.613,0,0,17,175,5,38,0
14-06 09:31:49,10.762,20.272,68.574,0,0,3413404,128324,170756,4232912,4401.758,1405.519,0,564.610,0,37.040,2774,4437,1.770,1.600,0.920,3,0,267.289,0,0,17,175,5,38,0
14-06 09:31:50,14.530,18.037,65.135,0,0,3414440,138140,170760,4222596,5085.542,1571.257,0,216.449,0,16.033,3268,5828,1.770,1.600,0.920,3,0,242.503,0,0,17,175,5,38,0
14-06 09:31:51,29.905,14.703,53.081,0,0,3474228,128952,170760,4172556,10052.971,1345.713,11.962,4529.569,2.990,363.841,4307,7943,1.770,1.600,0.920,2,0,150.520,0,0,17,175,5,38,0
14-06 09:31:52,45.248,6.500,47.248,0.250,0,3591440,130828,170760,4055972,8828.656,1403.945,4.000,507.980,1.000,63.998,1466,1863,1.770,1.600,0.920,2,0,1.000,0,0,17,175,5,38,0
14-06 09:31:53,41.561,7.761,50.073,0.250,0,3554532,239996,170896,3984896,4920.179,1568.288,1958.858,656.959,45.066,83.121,2102,3378,1.790,1.610,0.930,2,0,35.051,0,0,17,186,5,38,0
14-06 09:31:54,34.054,21.785,42.317,0,0,3627536,165676,170900,3986208,7478.906,1514.411,60.096,340.542,7.011,19.030,3657,8116,1.790,1.610,0.930,4,0,487.777,0,0,17,187,5,38,0
14-06 09:31:55,41.235,23.991,33.488,0.750,0,3632648,157272,170908,3989840,7124.385,1619.406,1515.444,283.896,33.988,26.990,5247,11807,1.790,1.610,0.930,19,0,472.826,0,0,17,199,5,38,0
14-06 09:31:56,59.673,22.221,16.728,0,0,3690288,153812,170916,3936908,5482.943,1691.823,1366.242,9431.861,29.961,494.364,5409,10207,1.790,1.610,0.930,5,0,199.743,0,0,17,216,5,38,0
14-06 09:31:57,76.355,18.776,5.257,0,0,3811088,125324,170940,3846996,4674.427,1696.332,825.135,288.397,11.015,16.022,2421,5056,1.790,1.610,0.930,4,0,69.095,0,0,17,218,5,34,0
14-06 09:31:58,78.011,17.252,3.751,0,0,3845132,139176,171024,3800128,4713.669,1620.230,180.026,14334.035,6.001,480.068,4617,13965,1.960,1.650,0.940,4,0,60.009,0,0,17,222,5,40,0
14-06 09:31:59,49.252,27.501,22.501,0,0,3867624,140712,171028,3776684,5175.238,1566.072,436.020,1056.049,11.001,52.002,5426,11743,1.960,1.650,0.940,3,0,455.021,0,0,17,221,5,36,0
14-06 09:32:00,46.813,23.656,28.138,0.249,0,3836472,164320,171028,3784436,4394.470,1505.993,0,605.584,0,41.833,8140,47570,1.960,1.650,0.940,2,0,254.983,0,0,17,221,5,36,0
14-06 09:32:01,50.454,24.348,24.599,0.251,0,3872388,175856,171032,3737352,5444.987,1572.349,4.016,694.806,1.004,57.231,4285,8961,1.960,1.650,0.940,3,0,458.853,0,0,17,225,5,38,0
14-06 09:32:02,56.243,21.997,19.747,0,0.250,3970376,130124,171120,3685468,4752.387,1511.805,143.981,14862.083,22.997,568.927,5978,10456,1.960,1.650,0.940,3,0,246.968,0,0,17,227,5,38,0
14-06 09:32:03,59.256,23.002,16.752,0.250,0,4022056,131260,171120,3632960,4536.467,1566.161,460.047,836.086,31.003,46.005,5178,16132,2.050,1.670,0.950,3,0,477.049,0,0,17,229,5,41,0
14-06 09:32:04,58.001,22.251,18.000,0,0,4049944,152028,171132,3585180,6530.150,1750.040,192.004,1032.024,22.001,81.002,7598,19028,2.050,1.670,0.950,4,0,244.006,0,0,17,233,5,42,0
14-06 09:32:05,64.731,11.497,22.743,0.500,0,4189704,128504,171132,3471172,5995.225,1619.521,263.922,9089.310,19.994,739.781,3441,6425,2.050,1.670,0.950,3,0,154.954,0,0,17,237,5,42,0
14-06 09:32:06,71.762,9.002,18.753,0,0,4258072,131300,171152,3401584,5312.893,1458.245,700.118,3612.607,49.008,506.085,3675,8016,2.050,1.670,0.950,3,0,9.002,0,0,17,251,5,34,0
14-06 09:32:07,49.877,24.689,24.190,0,0,4244240,164696,171156,3382480,6930.839,1615.999,798.024,2262.398,23.941,292.276,6344,10731,2.050,1.670,0.950,4,0,419.960,0,0,17,252,5,40,0
14-06 09:32:08,43.463,26.977,27.227,0.999,0,4243556,164336,171172,3383844,5380.459,1456.770,1434.789,5246.572,43.963,304.743,6300,11392,2.200,1.710,0.970,3,0,447.622,0,0,17,252,5,40,0
14-06 09:32:09,59.889,21.049,17.290,0,0,4316328,129584,171252,3346388,41077.505,1353.146,3403.914,4963.540,52.121,490.140,5294,8383,2.200,1.710,0.970,5,0,199.464,0,0,18,252,5,40,0
14-06 09:32:10,62.797,12.760,24.518,0.250,0,4356176,124544,171252,3312296,3829.872,648.486,776.582,248.186,8.006,9.007,2036,2838,2.200,1.710,0.970,4,0,53.040,0,0,18,255,5,40,0
14-06 09:32:11,55.810,14.700,28.154,0.249,0,4403492,136952,171288,3253816,7342.961,1614.495,861.064,1307.541,9.966,66.772,4388,9256,2.200,1.710,0.970,2,0,86.704,0,0,18,256,5,42,0
14-06 09:32:12,21.989,9.495,66.466,0,0,4415556,128296,171296,3250656,10446.714,3245.358,839.575,915.537,11.994,51.974,2499,4009,2.200,1.710,0.970,3,0,146.926,0,0,18,257,5,42,0
14-06 09:32:13,19.743,7.498,71.726,0.250,0,4417460,142056,171292,3235292,19951.416,5343.237,799.736,259.914,7.997,24.992,2127,3242,2.110,1.700,0.970,3,0,11.996,0,0,18,262,5,42,0
14-06 09:32:14,23.557,5.764,68.667,0.501,0,4434988,129400,171292,3230592,11835784.778,175926.622,769.867,11800.616,6.015,420.019,12447,7195,2.110,1.700,0.970,2,0,8.019,0,0,18,261,5,41,0
14-06 09:32:15,33.301,17.277,48.324,0,0,4451308,124300,171292,3219636,5292170.065,79081.548,2900.458,4851.457,44.068,111.171,8280,8838,2.110,1.700,0.970,2,0,267.411,0,0,18,265,5,41,0
14-06 09:32:16,32.986,4.998,59.474,0.250,0,4492148,129520,171300,3173968,5989.413,1639.292,723.687,459.801,17.992,44.981,2448,4326,2.110,1.700,0.970,1,0,4.998,0,0,18,273,5,40,0
14-06 09:32:17,26.014,5.253,67.787,0.750,0,4493800,142592,171300,3159288,7602.166,1586.870,452.248,852.467,23.013,83.046,3988,8611,2.110,1.700,0.970,1,0,4.002,0,0,18,281,5,42,0
14-06 09:32:18,16.698,13.209,67.290,0.249,0,4434120,191572,171304,3170008,5418.052,1561.117,195.389,358.877,8.972,35.888,2893,4663,2.020,1.690,0.970,1,0,147.538,0,0,18,277,5,42,0
14-06 09:32:19,12.745,17.743,68.975,0.250,0,4462184,163172,171308,3170324,6028.781,1585.417,115.957,243.910,6.997,10.996,2889,4772,2.020,1.690,0.970,2,0,316.883,0,0,18,277,5,42,0
14-06 09:32:20,21.016,6.255,71.053,0,0,4439152,186124,171308,3170404,4925.704,1459.097,72.054,6016.524,1.001,68.051,1781,2623,2.020,1.690,0.970,1,0,65.049,0,0,18,277,5,40,0
14-06 09:32:21,11.025,17.038,70.658,0.251,0,4441524,183720,171308,3170420,4240.456,1461.259,0,1030.298,0,62.139,2927,4638,2.020,1.690,0.970,1,0,268.599,0,0,18,277,5,40,0
14-06 09:32:22,9.736,19.471,68.649,0.250,0,4440980,184232,171308,3170452,6614.303,1637.599,7.988,199.707,0.999,18.972,3045,4775,2.020,1.690,0.970,2,0,288.577,0,0,18,279,5,37,0
14-06 09:32:23,4.488,4.737,89.010,0,0.249,4440932,184232,171308,3170500,5566.975,1655.532,11.968,16140.437,1.995,54.852,1770,2810,1.860,1.660,0.970,0,0,43.882,0,0,18,283,5,37,0
14-06 09:32:24,19.274,4.255,76.344,0,0,4499896,125264,171308,3170504,4903.011,1459.790,0,208.255,0,15.018,1295,1975,1.860,1.660,0.970,1,0,9.011,0,0,18,283,5,36,0
14-06 09:32:25,16.252,13.002,69.508,0.250,0,4441848,183272,171312,3170540,6180.736,1694.202,124.015,140.017,5.001,18.002,2638,4058,1.860,1.660,0.970,1,0,134.016,0,0,18,289,5,36,0
14-06 09:32:26,12.496,15.745,69.478,0,0,4440908,184020,171312,3170716,4948.441,1457.541,0,107.966,0,8.997,2641,3838,1.860,1.660,0.970,1,0,160.949,0,0,18,289,5,34,0
14-06 09:32:27,11.750,16.750,69.250,0,0,4442896,181736,171312,3171012,5399.032,1620.010,0,64.000,0,7.000,2668,4089,1.860,1.660,0.970,1,0,162.001,0,0,18,291,5,34,0
14-06 09:32:28,19.990,8.745,68.964,0,0,4481804,142616,171312,3171224,5278.266,1619.161,123.936,171.911,3.998,19.990,2280,3536,1.870,1.670,0.970,1,0,87.954,0,0,18,293,5,32,0
14-06 09:32:29,24.459,3.744,71.131,0.250,0,4525724,120728,171312,3149516,5871.148,1583.343,15.973,319.464,3.993,21.963,1381,1978,1.870,1.670,0.970,1,0,0,0,0,18,293,5,32,0
14-06 09:32:30,25.510,3.251,71.027,0.250,0,4548024,127840,171300,3120364,6013.267,1566.591,116.044,3773.423,9.003,431.163,1932,2970,1.870,1.670,0.970,1,0,2.001,0,0,18,295,5,31,0
14-06 09:32:31,24.303,3.758,70.905,0.501,0,4493900,181456,171300,3120872,5112.165,1535.353,545.191,444.972,17.037,30.066,1497,2240,1.870,1.670,0.970,1,0,5.011,0,0,18,293,5,31,0
14-06 09:32:32,23.562,4.010,70.935,0,0,4539152,135872,171300,3121204,4968.984,1624.244,272.713,68.178,6.016,6.016,1731,2667,1.870,1.670,0.970,1,0,1.003,0,0,18,296,5,30,0
14-06 09:32:33,25.627,4.479,69.666,0,0,4466016,208980,171300,3121232,4962.182,1451.035,3.981,135.350,0.995,16.919,1881,2826,1.800,1.650,0.970,2,0,17.914,0,0,18,293,5,30,0
14-06 09:32:34,24.305,2.756,72.164,0,0,4499280,175716,171300,3121232,6145.945,1461.316,0,220.500,0,22.050,1584,2444,1.800,1.650,0.970,1,0,0,0,0,18,293,5,29,0
14-06 09:32:35,16.488,18.486,63.454,0.500,0,4448000,225456,171308,3122880,7634.412,1510.894,1742.724,395.710,46.966,14.989,3223,7530,1.800,1.650,0.970,1,0,259.810,0,0,18,293,5,30,0
14-06 09:32:36,12.244,17.241,69.213,0,0,4452608,220784,171308,3122828,5104.305,1677.114,127.932,31.983,31.983,2.998,2688,4090,1.800,1.650,0.970,1,0,267.859,0,0,18,293,5,29,0
14-06 09:32:37,18.497,7.999,70.740,0,0,4471920,201004,171320,3123284,21095.131,1531.792,323.956,243.967,46.994,12.998,2064,2959,1.800,1.650,0.970,1,0,91.987,0,0,18,293,5,29,0
14-06 09:32:38,23.745,6.249,67.984,0,0,4486240,186644,171328,3123316,9394.858,1531.651,143.967,155.964,3.999,14.997,8362,16776,1.730,1.640,0.970,1,0,4.999,0,0,18,293,5,29,0
14-06 09:32:39,19.257,3.751,74.779,0.250,0,4475840,196500,171340,3123848,45464.640,4310.673,284.110,660.256,8.003,31.012,1702,2568,1.730,1.640,0.970,0,0,8.003,0,0,18,294,5,29,0
14-06 09:32:40,25.765,1.501,72.292,0,0,4475808,196248,171356,3124116,9394.496,2465.442,72.042,136.080,3.002,6.004,1469,2069,1.730,1.640,0.970,1,0,0,0,0,18,294,5,29,0
14-06 09:32:41,27.018,3.753,67.796,0.500,0,4502696,167560,171496,3125516,7528.142,1555.062,0,492.336,0,18.012,9699,19508,1.730,1.640,0.970,1,0,6.004,0,0,18,294,5,29,0
14-06 09:32:42,22.536,4.507,71.865,0,0.250,4445404,224996,171500,3125368,5749.222,1796.882,0,368.591,0,17.027,1606,2309,1.730,1.640,0.970,1,0,25.040,0,0,18,293,5,29,0
14-06 09:32:43,17.270,12.264,70.082,0,0,4480348,190132,171500,3125272,6092.122,1621.896,0,132.154,0,17.020,2863,4739,1.600,1.620,0.970,1,0,248.290,0,0,18,293,5,29,0
14-06 09:32:44,25.171,2.991,70.778,0,0,4445628,224652,171500,3125472,5307.340,1591.006,15.950,247.224,0.997,16.947,1895,2950,1.600,1.620,0.970,1,0,27.912,0,0,18,293,5,32,0
14-06 09:32:45,22.244,5.998,70.982,0,0,4500696,169552,171500,3125504,5940.485,1639.582,7.998,51.987,1.000,3.999,1808,2726,1.600,1.620,0.970,2,0,83.979,0,0,18,293,5,32,0
14-06 09:32:46,22.827,6.271,70.738,0,0,4490032,180204,171500,3125516,5409.186,1625.465,0,0,0,0,1879,2766,1.600,1.620,0.970,1,0,70.236,0,0,18,293,5,33,0
14-06 09:32:47,22.503,5.251,71.509,0,0,4465580,204652,171500,3125520,6016.776,1694.219,0,144.019,0,12.002,1951,2990,1.600,1.620,0.970,1,0,56.007,0,0,18,293,5,33,0
14-06 09:32:48,23.603,3.727,71.804,0.497,0,4502136,167928,171500,3125688,4853.838,1609.995,0,135.160,0,14.907,1715,2762,1.550,1.610,0.970,1,0,0,0,0,18,293,5,35,0
14-06 09:32:49,22.826,4.766,71.740,0,0,4499792,170264,171500,3125696,5355.883,1462.885,0,128.429,0,9.030,1586,2356,1.550,1.610,0.970,1,0,28.094,0,0,18,293,5,34,0
14-06 09:32:50,22.792,5.260,71.131,0,0,4484072,185964,171500,3125716,6384.780,1622.994,0,2075.830,0,321.593,2229,3306,1.550,1.610,0.970,1,0,47.087,0,0,18,293,5,34,0
14-06 09:32:51,24.187,3.491,71.314,0.249,0,4468400,201628,171500,3125724,7448.611,1454.215,0,119.688,0,7.979,1693,2569,1.550,1.610,0.970,1,0,27.927,0,0,18,293,5,38,0
14-06 09:32:52,25.505,2.750,71.263,0,0,4507444,162568,171500,3125740,6010.076,1512.271,0,320.057,0,32.006,2043,3226,1.550,1.610,0.970,2,0,0,0,0,18,293,5,39,0
14-06 09:32:53,22.260,7.503,69.531,0,0,4502828,167152,171500,3125756,4183.874,648.290,0,396.177,0,35.016,2096,3448,1.580,1.610,0.970,1,0,90.040,0,0,18,293,5,39,0
14-06 09:32:54,25.322,5.766,68.446,0.251,0,4474656,195096,171500,3125984,5582.956,1536.391,0,128.367,0,9.026,2624,4535,1.580,1.610,0.970,1,0,47.135,0,0,18,293,5,41,0
14-06 09:32:55,26.152,3.487,68.494,0,0,4457176,212520,171500,3126040,9085.103,1183.584,87.673,215.197,9.963,9.963,2038,3033,1.580,1.610,0.970,1,0,13.948,0,0,18,293,5,43,0
14-06 09:32:56,26.118,3.516,70.066,0.251,0,4506060,163128,171500,3126548,6848.902,992.478,325.469,458.067,13.059,58.263,2165,3501,1.580,1.610,0.970,1,0,0,0,0,18,295,5,43,0
14-06 09:32:57,27.876,3.982,66.206,0.747,0,4474540,193612,171500,3127584,7303.565,1505.315,605.312,1254.429,40.819,153.319,3260,5826,1.580,1.610,0.970,1,0,4.978,0,0,18,295,5,44,0
14-06 09:32:58,27.272,3.753,69.056,0.500,0,4497148,170932,171504,3127652,7357.930,1567.263,56.045,4135.333,5.004,277.223,2947,5601,1.540,1.600,0.970,4,0,0,0,0,18,297,5,44,0
14-06 09:32:59,15.741,16.491,66.463,0.500,0,4450904,217100,171508,3127724,6623.284,1511.152,0,835.531,0,72.959,3215,5406,1.540,1.600,0.970,1,0,273.846,0,0,18,295,5,39,0
14-06 09:33:00,10.289,22.334,67.003,0,0,4452396,215588,171508,3127744,5593.131,1571.939,0,465.760,0,29.110,3136,4943,1.540,1.600,0.970,1,0,386.460,0,0,18,295,5,39,0
14-06 09:33:01,10.481,21.461,67.127,0.499,0,4455800,212160,171508,3127768,5149.566,1617.038,0,3142.243,0,234.570,3728,6178,1.540,1.600,0.970,1,0,451.173,0,0,18,295,5,39,0
14-06 09:33:02,11.991,20.234,67.197,0,0,4456788,211072,171508,3127868,5995.276,1618.724,79.937,255.798,4.996,22.982,3426,5584,1.540,1.600,0.970,2,0,418.670,0,0,18,295,5,39,0
14-06 09:33:03,12.994,20.990,65.718,0,0,4460884,206956,171508,3127888,5263.400,1585.217,0,331.836,0,27.986,3323,5464,1.410,1.580,0.970,1,0,387.808,0,0,18,295,5,34,0
14-06 09:33:04,11.785,21.313,65.946,0.251,0,4460004,207816,171508,3127908,4989.860,1739.179,0,517.541,0,38.114,3313,5241,1.410,1.580,0.970,1,0,369.099,0,0,18,295,5,34,0
14-06 09:33:05,13.219,17.709,66.844,0,0,4463532,204132,171508,3128064,20916.244,1508.484,0,295.312,0,22.947,3410,5407,1.410,1.580,0.970,3,0,391.088,0,0,18,295,5,33,0
14-06 09:33:06,9.484,21.214,67.885,0,0.250,4461704,205940,171508,3128084,5597.518,1637.227,0,175.702,0,11.980,3107,4864,1.410,1.580,0.970,1,0,355.398,0,0,18,295,5,33,0
14-06 09:33:07,10.772,21.794,65.882,0.251,0,4460292,207328,171508,3128108,6297.627,1515.038,0,444.892,0,30.060,3323,5393,1.410,1.580,0.970,1,0,366.735,0,0,18,295,5,24,0
14-06 09:33:08,11.504,19.757,67.025,0,0,4460416,207184,171508,3128128,7611.870,1566.591,36.014,284.107,2.001,21.008,3367,5654,1.460,1.580,0.980,1,0,353.133,0,0,18,295,5,24,0
14-06 09:33:09,17.214,11.725,69.106,0,0,4481632,260996,171896,3060296,44365.232,1508.845,119.750,518.915,13.971,42.910,8752,17062,1.460,1.580,0.980,1,0,99.791,0,0,18,295,5,24,0
14-06 09:33:10,22.507,3.751,72.772,0.250,0,4511836,225708,172076,3064740,6695.042,2699.823,44.013,2344.715,1.000,7.002,1453,2201,1.460,1.580,0.980,0,0,4.001,0,0,18,296,5,24,0
14-06 09:33:11,9.385,1.729,87.919,0.247,0,4513384,224028,172076,3064860,9832.095,3053.452,0,1789.989,0,15.806,1284,2058,1.460,1.580,0.980,2,0,0,0,0,18,296,6,24,0
14-06 09:33:12,13.675,1.519,83.567,0.506,0,4519672,217236,172076,3065332,17499.415,7687.142,368.707,696.897,16.207,27.349,1335,2057,1.460,1.580,0.980,1,0,0,0,0,18,297,6,24,0
14-06 09:33:13,15.743,1.499,80.716,0.750,0,4522072,214212,172076,3065900,18248.263,10442.572,351.851,1259.466,35.985,58.975,1808,2946,1.420,1.570,0.980,1,0,1.999,0,0,18,297,6,22,0
14-06 09:33:14,19.073,1.757,77.797,1.004,0,4538248,197160,172080,3066704,20320.604,11381.466,674.576,1469.612,41.157,75.288,1672,2600,1.420,1.570,0.980,1,0,0,0,0,18,297,6,22,0
14-06 09:33:15,15.481,1.248,82.397,0.499,0,4537924,196936,172080,3067260,18749.582,10519.861,479.401,1010.738,24.969,33.958,1508,2296,1.420,1.570,0.980,1,0,0,0,0,18,297,6,22,0
14-06 09:33:16,19.700,1.247,77.553,0.499,0,4547008,187388,172080,3067688,18385.301,10863.407,367.068,1228.879,26.932,35.909,1498,2230,1.420,1.570,0.980,1,0,0,0,0,18,296,5,22,1
14-06 09:33:17,21.573,3.010,72.746,1.254,0,4549908,148256,172080,3103424,12909.583,3388.439,11105.492,1159.916,212.718,52.176,1768,2518,1.420,1.570,0.980,2,0,0,0,0,18,296,5,19,1
14-06 09:33:18,21.426,4.235,71.253,1.246,0,4557356,132996,172072,3109092,5691.257,1708.075,31.889,9778.080,0.997,672.667,2070,3351,1.390,1.560,0.980,3,0,0,0,0,18,296,5,19,1
14-06 09:33:19,22.242,4.249,71.476,0.750,0,4543788,132148,172852,3121072,6377.832,1659.436,0,3242.897,0,135.954,1736,2911,1.390,1.560,0.980,2,0,0,0,0,18,296,5,18,1
14-06 09:33:20,23.604,3.767,72.068,0.502,0,4498012,188440,173160,3109732,6687.539,1814.012,237.047,687.035,15.067,26.115,1468,2162,1.390,1.560,0.980,2,0,6.027,0,0,18,295,5,18,0
14-06 09:33:21,23.160,5.977,68.981,0,0,4499576,184896,173264,3111584,4989.511,1699.362,3.984,83.673,0.996,0.996,8327,17262,1.390,1.560,0.980,2,0,11.953,0,0,18,295,5,18,0
14-06 09:33:22,26.078,3.260,69.710,0,0,4515220,169104,173264,3111728,5956.930,1462.402,0,24.072,0,6.018,8780,17716,1.390,1.560,0.980,1,0,10.030,0,0,18,295,5,18,0
14-06 09:33:23,23.688,4.738,70.067,0,0,4458872,225460,173264,3111708,4696.751,1547.963,0,43690.056,0,120.685,1875,2793,1.360,1.550,0.980,1,0,14.961,0,0,18,295,5,18,0
14-06 09:33:24,24.485,5.996,68.457,0.250,0,4477600,206696,173264,3111720,6197.096,1457.082,0,1055.335,0,16.989,8471,16997,1.360,1.550,0.980,1,0,47.970,0,0,18,295,5,18,0
14-06 09:33:25,25.334,5.017,69.730,0,0,4523660,160608,173264,3111740,7685.393,1462.833,0,0,0,0,9413,18709,1.360,1.550,0.980,1,0,16.053,0,0,18,295,5,18,0
14-06 09:33:26,30.999,9.500,57.998,0,0,4517188,166164,173268,3112640,5353.855,1531.959,1027.972,195.995,11.000,9.000,8370,16604,1.360,1.550,0.980,2,0,18.000,0,0,18,295,5,18,0
14-06 09:33:27,39.891,7.729,51.859,0,0,4495916,187548,173268,3112516,6338.733,1400.186,765.914,7.978,5.984,1.995,1697,2315,1.360,1.550,0.980,1,0,15.957,0,0,18,295,5,18,0
14-06 09:33:28,25.237,2.499,71.215,0,0,4462492,220932,173268,3112556,5993.015,1477.264,31.984,303.849,1.000,15.992,1692,2577,1.330,1.540,0.980,1,0,15.992,0,0,18,295,5,18,0
14-06 09:33:29,22.507,7.752,69.270,0.250,0,4484580,184304,173720,3125148,6079.757,1458.421,0,1208.349,0,27.008,10700,20643,1.330,1.540,0.980,3,0,85.025,0,0,18,295,5,18,0
14-06 09:33:30,19.045,2.473,77.663,0,0,4506740,157216,173916,3129124,6059.677,2436.732,0,23.744,0,3.957,1356,2053,1.330,1.540,0.980,0,0,2.968,0,0,18,296,5,18,0
14-06 09:33:31,12.133,1.769,85.940,0,0,4507216,156740,173916,3129124,9793.147,2822.885,0,744.142,0,3.033,1137,1743,1.330,1.540,0.980,1,0,0,0,0,18,296,5,18,0
14-06 09:33:32,19.246,1.750,77.983,0.500,0,4519700,143916,173992,3129324,24430.723,12558.287,0,1019.780,0,34.992,1564,2345,1.330,1.540,0.980,0,0,0,0,0,18,297,5,18,0
14-06 09:33:33,12.994,2.499,82.712,0.250,0,4521264,141928,174076,3129584,53830.292,13775.677,0,1343.383,0,62.971,1787,2821,1.380,1.550,0.980,1,0,1.999,0,0,18,298,5,18,0
14-06 09:33:34,12.002,1.000,83.767,0.750,0,4532888,130112,174128,3129680,116042.325,13287.671,0,1616.325,0,82.016,1820,2852,1.380,1.550,0.980,1,0,0,0,0,18,298,5,18,0
14-06 09:33:35,26.148,4.234,68.733,0.498,0,4533392,144452,174172,3114784,22080.174,11404.670,0,14005.560,0,369.564,2092,4173,1.380,1.550,0.980,1,0,33.868,0,0,18,298,5,19,0
14-06 09:33:36,18.058,1.756,78.252,0.752,0,4545028,132160,174380,3115272,237374.923,20483.835,0,2078.681,0,87.281,1759,2462,1.380,1.550,0.980,0,0,0,0,0,18,297,5,18,1
14-06 09:33:37,19.253,2.250,78.014,1.000,0,4546996,129400,174632,3115640,110151.497,17494.096,100.018,2572.455,10.002,153.027,1865,2945,1.380,1.550,0.980,1,0,2.000,0,0,18,297,5,18,1
14-06 09:33:38,17.006,5.502,75.775,0.750,0,4550504,129036,174684,3112516,6117277.405,87805.503,20.007,67694.745,4.001,374.126,7766,5425,1.270,1.530,0.980,1,0,4.001,0,0,18,297,5,18,1
14-06 09:33:39,18.562,5.017,74.248,1.003,0,4555432,136480,174828,3099976,12259957.478,136088.126,272.911,14588.682,24.080,102.342,12715,6171,1.270,1.530,0.980,1,0,9.030,0,0,18,297,5,18,1
14-06 09:33:40,22.500,3.500,72.751,1.250,0,4553352,120652,178064,3111168,13390.187,1528.021,0,5160.072,0,126.002,1707,2729,1.270,1.530,0.980,1,0,0,0,0,18,297,5,18,1
14-06 09:33:41,23.417,3.488,70.501,0.747,0,4567792,131328,178560,3084016,4651.543,1452.860,3.986,2052.737,0.996,77.725,1709,2835,1.270,1.530,0.980,0,1,0,0,0,18,297,5,18,1
14-06 09:33:42,21.511,4.252,71.787,0.750,0,4561852,130148,179508,3087124,4595.353,1532.785,0,2377.217,0,99.051,1634,2637,1.270,1.530,0.980,2,0,0,0,0,18,297,5,18,1
14-06 09:33:43,24.753,4.501,71.009,0.750,0,4548776,133936,181060,3092540,6935.895,1392.180,0,1800.232,0,92.012,2021,3462,1.330,1.530,0.980,1,0,2.000,0,0,18,297,5,18,1
14-06 09:33:44,22.743,4.499,71.476,0.500,0,4544568,128424,182012,3099244,4246.603,1531.496,0,4046.669,0,118.961,1677,2761,1.330,1.530,0.980,0,1,0,0,0,18,297,5,18,1
14-06 09:33:45,22.402,1.991,74.673,0.498,0,4455104,246392,182280,3070056,12495.345,4260.365,55.756,1007.593,8.961,29.869,1405,1954,1.330,1.530,0.980,2,0,0.996,0,0,18,295,5,18,0
14-06 09:33:46,23.148,5.535,69.695,0,0,4511936,187496,182400,3071960,4436.348,1467.377,116.746,4.026,10.064,1.006,6691,13207,1.330,1.530,0.980,1,0,9.058,0,0,18,295,5,14,0
14-06 09:33:47,22.710,4.991,71.375,0,0,4490668,208604,182404,3072104,5254.830,1623.168,0,83.854,0,0.998,4214,7758,1.330,1.530,0.980,1,0,7.986,0,0,18,295,5,14,0
14-06 09:33:48,26.073,4.262,68.942,0.251,0,4517368,181892,182408,3072104,5237.566,1353.765,4.011,2318.448,1.003,17.047,9125,18339,1.300,1.530,0.980,1,0,13.036,0,0,18,295,5,14,0
14-06 09:33:49,23.443,3.741,71.077,0,0,4494156,205016,182408,3072192,4636.696,1562.191,0,582.580,0,26.934,1436,2236,1.300,1.530,0.980,1,0,0.998,0,0,18,295,5,14,0
14-06 09:33:50,25.256,4.751,70.267,0.750,0,4506496,188680,182840,3075032,6789.596,1694.398,936.220,3380.794,23.005,131.031,2231,3956,1.300,1.530,0.980,2,1,5.001,0,0,18,296,5,12,0
14-06 09:33:51,25.540,5.008,66.605,1.002,0,4507408,187168,182848,3075620,6042.529,1770.793,276.436,2243.538,18.028,215.340,4314,8687,1.300,1.530,0.980,1,0,0,0,0,18,301,5,17,0
14-06 09:33:52,13.715,15.959,67.577,0.499,0,4465900,227960,182848,3076336,4570.291,1077.240,506.702,1627.830,23.939,159.591,3503,6145,1.300,1.530,0.980,2,0,243.376,0,0,18,299,5,14,0
14-06 09:33:53,13.497,16.747,68.486,0.500,0,4468300,224536,182848,3077344,5275.913,991.796,1035.787,851.825,23.995,55.988,2821,4494,1.360,1.530,0.990,1,0,196.959,0,0,18,299,5,16,0
14-06 09:33:54,8.252,4.251,70.770,14.254,0,4438088,218052,182848,3114036,6416.771,1620.447,36790.154,2140.591,2585.714,269.074,4127,7375,1.360,1.530,0.990,4,0,10.003,0,0,18,299,5,13,0
14-06 09:33:55,7.231,3.241,83.280,4.737,0,4441556,209992,182848,3118616,9698.338,3142.684,4360.462,1647.640,782.928,19.947,2149,3673,1.360,1.530,0.990,0,0,5.984,0,0,18,300,5,13,0
14-06 09:33:56,4.253,1.001,92.311,0.750,0,4442312,209236,182848,3118616,42320.058,6416.254,0,2245.489,0,132.088,1551,2662,1.360,1.530,0.990,0,0,0,0,0,18,300,5,11,0
14-06 09:33:57,5.771,2.760,90.079,0,0,4445296,206212,182848,3118656,60929.820,6346.208,0,128.470,0,10.037,2066,3732,1.360,1.530,0.990,1,0,2.007,0,0,18,300,5,11,0
14-06 09:33:58,8.230,1.746,88.284,0,0,4427100,223912,182876,3119088,139604.829,130961.015,43.892,690.308,3.990,7.980,1743,2602,1.250,1.510,0.980,0,0,12.968,0,0,18,299,5,10,0
14-06 09:33:59,6.001,1.500,91.769,0,0,4427096,223912,182876,3119092,4984.007,1532.310,0,328.066,0,12.002,1516,2529,1.250,1.510,0.980,1,0,0,0,0,18,299,5,12,0
14-06 09:34:00,2.001,0.750,95.029,0,0,4427088,223912,182876,3119100,6396.932,1620.489,0,0,0,0,1077,1798,1.250,1.510,0.980,0,0,0,0,0,18,299,5,11,0
14-06 09:34:01,3.500,1.000,94.759,0.250,0,4427088,223912,182876,3119100,6015.596,1458.144,0,352.035,0,43.004,1376,2370,1.250,1.510,0.980,0,0,0,0,0,18,299,5,11,0
14-06 09:34:02,2.499,1.499,94.954,0.500,0,4427068,223912,182876,3119120,5972.121,1619.220,0,403.805,0,48.976,1441,2491,1.250,1.510,0.980,0,0,0,0,0,18,299,5,11,0
14-06 09:34:03,3.500,1.250,93.994,0,0,4427068,223912,182880,3119116,6445.613,1457.913,0,363.978,0,30.998,1340,2309,1.150,1.480,0.980,0,0,2.000,0,0,18,299,5,11,0
14-06 09:34:04,2.752,0.500,95.560,0.250,0,4427060,223912,182880,3119124,5962.768,1621.024,0,104.066,0,13.008,1235,2173,1.150,1.480,0.980,1,0,0,0,0,18,299,5,11,0
14-06 09:34:05,2.750,0.750,95.483,0,0,4427060,223912,182880,3119124,6009.924,1693.697,0,107.981,0,7.999,1226,2038,1.150,1.480,0.980,1,0,0,0,0,18,299,5,11,0
14-06 09:34:06,2.000,1.000,96.228,0,0,4427060,223912,182880,3119124,10110.725,1457.672,0,7.998,0,1.000,1112,1776,1.150,1.480,0.980,0,0,0,0,0,18,299,5,11,0
14-06 09:34:07,2.252,0.751,95.351,0,0,4427060,223912,182880,3119124,8681.185,1621.716,0,248.263,0,19.020,1258,1999,1.150,1.480,0.980,0,0,0,0,0,18,299,5,11,0
14-06 09:34:08,1.748,0.749,96.402,0,0,4427060,223912,182880,3119124,4974.921,1456.513,0,3.996,0,0.999,1021,1705,1.060,1.460,0.970,0,0,0,0,0,18,299,5,11,0
14-06 09:34:09,4.013,0.502,95.319,0,0,4427060,223912,182880,3119124,41861.235,1699.694,0,10868.409,0,277.931,1330,1898,1.060,1.460,0.970,0,0,0,0,0,18,299,5,11,0
14-06 09:34:10,1.494,0.498,96.386,0,0,4427060,223912,182880,3119124,5941.553,1452.512,0,848.793,0,168.364,1015,1733,1.060,1.460,0.970,0,0,0,0,0,18,299,5,11,0
14-06 09:34:11,2.734,0.994,95.176,0,0,4427060,223912,182880,3119124,4794.096,1610.292,0,0,0,0,1096,1849,1.060,1.460,0.970,1,0,0,0,0,18,299,5,11,0
14-06 09:34:12,3.019,0.755,94.584,0.252,0,4427272,223912,182880,3119172,4398.176,163.007,4.025,201.243,1.006,23.143,1503,2596,1.060,1.460,0.970,0,0,0,0,0,18,299,5,11,0
14-06 09:34:13,2.750,1.250,93.994,0.500,0,4427520,223664,182880,3119172,4892.697,1295.920,0,195.988,0,22.999,1431,2580,0.970,1.430,0.970,1,0,2.000,0,0,18,299,5,11,0
14-06 09:34:14,2.250,5.000,91.504,0.250,0,4434640,216484,182880,3119184,5139.231,1350.061,0,129709.837,0,409.018,2245,3432,0.970,1.430,0.970,0,0,0,0,0,18,299,5,11,0
14-06 09:34:15,2.250,1.000,95.005,0,0,4434636,216484,182880,3119188,6491.338,796.041,0,176.009,0,18.001,1263,2224,0.970,1.430,0.970,2,0,0,0,0,18,299,5,11,0
14-06 09:34:16,2.750,1.500,94.503,0.250,0,4434632,216484,182884,3119188,4378.149,1714.058,0,560.019,0,46.002,1279,2253,0.970,1.430,0.970,0,0,0,0,0,18,299,5,11,0
14-06 09:34:17,2.250,0.500,96.019,0,0,4434632,216484,182884,3119188,5329.029,1552.300,0,40.008,0,2.000,1036,1798,0.970,1.430,0.970,0,0,0,0,0,18,299,5,11,0
14-06 09:34:18,2.500,0.750,96.019,0,0,4434632,216484,182884,3119188,8187.605,1620.318,0,0,0,0,1058,1784,0.890,1.410,0.960,1,0,0,0,0,18,299,5,11,0
14-06 09:34:19,1.500,0.250,96.506,0,0.250,4434628,216484,182888,3119188,5755.363,1714.108,0,216.014,0,15.001,1069,1808,0.890,1.410,0.960,1,0,0,0,0,18,299,5,11,0
14-06 09:34:20,2.249,1.749,95.443,0,0,4434736,216484,182888,3119188,5552.713,1565.073,0,6540.128,0,18.989,1104,1912,0.890,1.410,0.960,0,0,0.999,0,0,18,299,5,11,0
14-06 09:34:21,2.000,0.750,95.512,0,0,4434736,216484,182888,3119188,7122.862,1598.193,0,332.040,0,7.001,1108,1842,0.890,1.410,0.960,0,0,0,0,0,18,299,5,11,0
14-06 09:34:22,2.000,1.500,95.261,0.250,0,4434732,216484,182888,3119192,5877.676,1694.195,0,92.011,0,13.001,1316,2268,0.890,1.410,0.960,0,0,0,0,0,18,299,5,11,0
14-06 09:34:23,4.500,1.000,93.247,0,0,4434732,216484,182888,3119192,5236.817,1389.951,0,443.984,0,40.999,1399,2435,0.900,1.400,0.960,1,0,2.000,0,0,18,299,5,11,0
14-06 09:34:24,0.750,1.000,96.511,0,0.250,4434732,216484,182888,3119192,5343.582,1242.135,0,0,0,0,953,1696,0.900,1.400,0.960,0,0,0,0,0,18,299,5,11,0
14-06 09:34:25,2.751,0.750,95.020,0,0,4435624,215588,182888,3119196,6706.388,1350.280,0,2788.577,0,103.021,1143,1902,0.900,1.400,0.960,0,0,0,0,0,18,299,5,11,0
14-06 09:34:26,9.754,5.002,84.287,0.250,0,4442668,208536,182888,3119204,4689.077,1188.527,256.113,268.119,2.001,22.010,1343,2100,0.900,1.400,0.960,1,0,5.002,0,0,18,301,5,11,0
14-06 09:34:27,17.242,5.248,75.467,0,0,4429924,221272,182888,3119208,4743.903,1595.295,767.661,0,5.997,0,1591,2179,0.900,1.400,0.960,0,0,6.997,0,0,18,301,5,11,0
14-06 09:34:28,2.499,0.750,95.958,0,0,4429920,221272,182888,3119208,4352.098,581.746,0,131.942,0,2.999,1117,1937,0.830,1.380,0.960,0,0,0,0,0,18,301,5,11,0
14-06 09:34:29,7.253,3.001,89.041,0,0,4436152,215032,182908,3119196,223563.957,4007.864,12.006,0,3.001,0,1232,1840,0.830,1.380,0.960,3,0,7.003,0,0,18,301,5,11,0
14-06 09:34:30,7.251,3.250,88.006,0,0,4434308,216612,182932,3119436,232374.499,7774.552,212.015,404.029,9.001,4.000,1656,2300,0.830,1.380,0.960,2,0,31.002,0,0,18,301,5,11,0
14-06 09:34:31,16.520,5.256,76.843,0.250,0,4434220,209676,182956,3126388,126738.974,3940.756,96.116,608.735,5.006,120.145,1896,2575,0.830,1.380,0.960,0,1,41.050,0,0,18,301,5,11,0
