"pcp-dstat 5.3.6 CSV Output"
"Author:","PCP team <pcp@groups.io> and Dag Wieers <dag@wieers.com>",,,,"URL:","https://pcp.io/ and http://dag.wieers.com/home-made/dstat/"
"Host:","jammy-provider-cloud-0000007891",,,,"User:","ubuntu"
"Cmdline:","dstat -tcmndrylpg --tcp --output /tmp/devstack_logs/dstat-csv.log",,,,"Date:","07 Jan 2025 09:06:31 UTC"
"system","total usage",,,,,"memory usage",,,,"net/total",,"dsk/total",,"io/total",,"system",,"load avg",,,"procs",,,"paging",,"tcp sockets",,,,
"time","total usage:usr","total usage:sys","total usage:idl","total usage:wai","total usage:stl","used","free","buf","cach","net/total:recv","net/total:send","dsk/total:read","dsk/total:writ","read","writ","int","csw","1m","5m","15m","run","blk","new","in","out","lis","act","syn","tim","clo"
07-01 09:06:31,,986536,1987812,162752,4680020,,,,,,,1.950,1.060,0.530,3,0,,,,9,6,3,16,0
07-01 09:06:32,20.514,19.513,58.289,0.500,0,999720,1974184,162808,4680532,247031.029,18231.105,0,12888.558,0,403.268,4220,7850,1.950,1.060,0.530,2,0,607.403,0,0,9,5,3,16,1
07-01 09:06:33,27.006,16.504,54.512,0.750,0,1010848,1962456,162828,4681276,63978.819,14131.052,0,2236.483,0,136.029,4596,8654,1.950,1.060,0.530,3,0,355.077,0,0,9,5,3,16,1
07-01 09:06:34,25.939,10.475,61.604,0.748,0,1141228,1807436,162968,4828956,5180649.223,47430.684,0,7063.274,0,86.794,5764,10063,1.950,1.070,0.540,2,0,77.816,0,0,10,4,3,16,2
07-01 09:06:35,37.832,12.527,49.107,1.002,0,1160112,1756452,163576,4857656,4973.818,1791.897,80.174,4289.329,1.002,147.320,2509,3751,1.950,1.070,0.540,2,0,194.423,0,0,10,6,3,16,2
07-01 09:06:36,40.173,9.232,48.907,1.248,0,1213404,1668440,165132,4886968,6356.852,1690.769,0,5717.075,0,163.687,2066,3489,1.950,1.070,0.540,2,0,93.821,0,0,10,6,3,18,2
07-01 09:06:37,38.834,5.011,54.618,1.002,0,1171028,1721764,165572,4875064,11081.926,4428.561,0,9223.914,0,415.898,2856,4809,1.950,1.070,0.540,2,0,12.026,0,0,10,6,3,18,0
07-01 09:06:38,33.495,8.999,44.493,12.998,0,1210996,1670384,166432,4885404,5270.178,1619.747,0,37654.126,0,3066.522,17867,37686,1.950,1.070,0.540,2,0,72.989,0,0,10,6,3,18,0
07-01 09:06:39,41.782,9.758,44.034,2.502,0,1170032,1710728,166568,4885840,5198.034,1715.331,0,23534.263,0,1459.132,12708,26852,1.960,1.090,0.550,2,0,93.072,0,0,10,4,3,18,0
07-01 09:06:40,45.947,4.495,49.193,0,0,1183804,1696772,166568,4885920,5984.047,1618.120,0,2856.681,0,118.862,1251,1438,1.960,1.090,0.550,2,0,12.985,0,0,10,4,3,18,0
07-01 09:06:41,36.184,5.740,57.895,0.250,0,1119516,1761028,166588,4885932,5624.797,1617.067,0,6959.376,0,375.319,1763,3109,1.960,1.090,0.550,2,0,61.888,0,0,10,4,3,18,0
07-01 09:06:42,23.979,1.249,73.435,0,0,1063356,1817176,166588,4885940,7719.153,1732.463,0,211.812,0,12.988,866,1128,1.960,1.090,0.550,2,0,7.993,0,0,10,4,3,18,0
07-01 09:06:43,11.775,17.286,70.900,0,0,1067696,1812676,166588,4886100,8205.321,1623.427,0,20.042,0,5.011,2775,4339,1.960,1.090,0.550,1,0,377.798,0,0,10,4,3,18,0
07-01 09:06:44,12.237,19.230,67.428,0,0,1070608,1809568,166588,4886500,7065.504,1510.397,0,35.962,0,8.990,3485,5622,1.800,1.070,0.540,2,0,363.614,0,0,10,4,3,18,0
07-01 09:06:45,38.565,11.770,50.586,0,0,1171352,1708680,166588,4886688,7458.627,1716.907,0,0,0,0,3904,7956,1.800,1.070,0.540,2,0,169.287,0,0,10,5,3,18,0
07-01 09:06:46,48.753,2.250,49.003,0,0,1234712,1644728,166604,4887152,5334.347,1620.105,0,388.025,0,42.003,1246,1286,1.800,1.070,0.540,2,0,1.000,0,0,10,5,3,18,0
07-01 09:06:47,32.192,10.980,56.647,0,0,1291880,1584604,166668,4891772,42542.742,1617.063,0,1641.020,0,83.848,3002,7614,1.800,1.070,0.540,1,0,149.728,0,0,10,4,3,19,0
07-01 09:06:48,4.504,3.253,91.339,0,0,1268584,1607760,166692,4889764,5987.856,1621.586,0,364.356,0,3.003,1409,1927,1.800,1.070,0.540,1,0,23.023,0,0,10,4,3,20,0
07-01 09:06:49,22.983,2.498,73.947,0,0,1345676,1530648,166712,4889784,5671.905,1618.831,0,567.590,0,40.970,1152,1631,1.740,1.070,0.550,1,0,1.999,0,0,10,4,3,19,0
07-01 09:06:50,24.010,1.751,72.530,0.750,0,1368092,1507968,166736,4890024,7243.948,1734.706,0,1212.493,0,178.072,2524,4539,1.740,1.070,0.550,2,0,1.000,0,0,10,10,3,19,0
07-01 09:06:51,21.532,5.258,72.858,0.250,0,1318940,1556916,166764,4890200,5514.200,1556.314,0,2439.628,0,147.219,1410,2230,1.740,1.070,0.550,1,0,44.066,0,0,10,4,3,21,0
07-01 09:06:52,22.702,4.990,72.099,0.998,0,1292724,1582700,166764,4890476,6999.322,1616.610,231.515,22033.795,57.879,107.774,2372,3749,1.740,1.070,0.550,1,0,45.904,0,0,10,28,3,21,0
07-01 09:06:53,23.298,3.006,73.653,0,0,1348380,1527036,166764,4890484,4732.849,1623.378,0,0,0,0,1283,1887,1.740,1.070,0.550,2,0,2.004,0,0,10,28,3,21,0
07-01 09:06:54,31.922,11.472,55.365,0,0,1387804,1487620,166764,4890508,6355.505,1616.060,0,51.874,0,4.988,1922,2534,1.760,1.080,0.550,3,0,159.611,0,0,10,28,3,21,0
07-01 09:06:55,42.601,11.026,45.858,0,0,1326732,1548440,166776,4890708,6928.372,1665.937,0,5116.089,0,161.381,5011,10029,1.760,1.080,0.550,3,0,218.516,0,0,10,28,3,17,0
07-01 09:06:56,82.488,15.998,1.250,0,0,1570268,1304848,166776,4890756,4755.306,1619.764,0,31.995,0,7.999,2034,3962,1.760,1.080,0.550,6,0,369.946,0,0,10,28,3,17,0
07-01 09:06:57,84.265,10.502,5.001,0.250,0,1621584,1253204,166796,4891112,6222.101,1458.258,0,35062.206,0,143.025,4813,12907,1.760,1.080,0.550,6,0,53.009,0,0,10,28,3,15,0
07-01 09:06:58,31.752,11.001,56.253,0,0,1352892,1521860,166800,4891144,6282.390,1620.100,0,296.018,0,27.002,3597,6647,1.760,1.080,0.550,2,0,262.016,0,0,10,28,3,15,0
07-01 09:06:59,22.227,4.495,72.926,0,0,1314740,1559996,166800,4891160,5747.167,1618.357,0,135.862,0,11.988,2297,3883,1.700,1.080,0.560,4,0,52.946,0,0,10,28,3,15,0
07-01 09:07:00,22.524,3.504,73.577,0,0,1376072,1498640,166800,4891168,6304.632,1621.706,0,368.388,0,10.011,1390,1910,1.700,1.080,0.560,2,0,17.018,0,0,10,28,3,15,0
07-01 09:07:01,14.742,14.242,69.713,0.500,0,1315820,1558860,166800,4891196,5363.136,1619.135,0,387.793,0,35.981,3323,5357,1.700,1.080,0.560,2,0,391.791,0,0,10,28,3,15,0
07-01 09:07:02,52.274,21.510,25.262,0,0,1463836,1410788,166800,4891236,5192.394,1620.747,0,9712.477,0,496.229,3007,5091,1.700,1.080,0.560,6,0,654.302,0,0,10,28,3,15,0
07-01 09:07:03,82.144,9.737,7.490,0,0,1613760,1260916,166808,4891412,7503.336,1937.504,0,3571.400,0,90.883,4267,10319,1.700,1.080,0.560,5,0,1.997,0,0,10,32,4,16,0
07-01 09:07:04,81.603,13.767,4.506,0,0,1469252,1405192,166816,4891628,5621.077,1628.050,0,536.676,0,59.074,4143,10469,2.120,1.180,0.590,7,0,194.245,0,0,10,28,4,17,0
07-01 09:07:05,84.252,10.500,4.750,0,0,1564248,1309740,166816,4892072,6825.137,1620.032,0,388.008,0,13.000,5025,10970,2.120,1.180,0.590,6,0,132.003,0,0,10,28,4,16,0
07-01 09:07:06,66.239,10.248,22.246,0,0,1433420,1440208,166820,4892420,7451.770,1955.677,0,211.965,0,13.998,5097,12913,2.120,1.180,0.590,3,0,196.968,0,0,10,30,4,16,0
07-01 09:07:07,44.750,7.000,48.000,0,0,1425436,1448168,166820,4892444,7801.062,1620.013,0,21800.174,0,85.001,2163,3500,2.120,1.180,0.590,4,0,102.001,0,0,10,28,4,16,0
07-01 09:07:08,47.647,14.718,37.419,0,0,1381160,1492264,166820,4892508,9769.936,1786.149,0,43625.942,0,216.533,4661,9787,2.120,1.180,0.590,4,0,379.182,0,0,10,28,4,18,0
07-01 09:07:09,61.873,8.517,29.559,0.250,0,1496512,1376860,166820,4892552,6343.579,1623.219,0,192.381,0,7.014,4002,7640,2.190,1.210,0.600,4,0,4.008,0,0,10,31,4,21,0
07-01 09:07:10,74.774,14.005,11.004,0,0,1496688,1376528,166828,4892664,6931.246,1788.579,0,456.148,0,46.015,3580,6902,2.190,1.210,0.600,5,0,266.086,0,0,10,28,4,22,0
07-01 09:07:11,69.037,9.755,21.261,0,0,1441660,1431188,166840,4893012,5011.706,1458.788,0,3766.034,0,122.066,7527,16075,2.190,1.210,0.600,5,0,94.051,0,0,10,28,4,24,0
07-01 09:07:12,64.465,12.243,22.238,0,0,1492612,1380192,166844,4893044,4865.378,1619.127,0,307.834,0,16.991,2079,3505,2.190,1.210,0.600,4,0,235.873,0,0,10,29,4,24,1
07-01 09:07:13,58.861,12.720,26.936,0.249,0,1396952,1475572,166848,4893316,5525.942,1616.181,0,1971.342,0,41.901,5545,12158,2.190,1.210,0.600,4,0,304.281,0,0,10,28,4,27,0
07-01 09:07:14,67.390,7.265,26.806,0,0,1440988,1431364,166852,4893484,5220.849,1623.373,0,416.866,0,36.075,4263,8632,2.260,1.240,0.620,6,0,13.027,0,0,10,29,4,28,0
07-01 09:07:15,66.017,14.504,19.255,0,0,1496552,1375748,166852,4893532,5477.452,1736.460,0,236.063,0,11.003,2373,4546,2.260,1.240,0.620,4,0,280.074,0,0,10,28,4,28,0
07-01 09:07:16,60.491,9.499,30.246,0,0,1413444,1458276,166852,4894112,7266.968,1693.759,0,667.905,0,42.994,4755,10317,2.260,1.240,0.620,3,0,118.983,0,0,10,28,4,29,0
07-01 09:07:17,63.787,9.255,27.266,0.250,0,1445644,1425772,166868,4894400,44027.448,1620.937,0,440.254,0,40.023,4326,9601,2.260,1.240,0.620,5,0,84.049,0,0,10,29,4,29,0
07-01 09:07:18,82.014,14.002,3.001,0,0,1535756,1335528,166896,4894480,5038.882,1700.298,0,2608.456,0,165.029,2740,5320,2.260,1.240,0.620,8,0,399.070,0,0,10,28,4,29,0
07-01 09:07:19,82.220,15.744,2.249,0,0,1496120,1374884,166904,4894748,7934.144,1619.417,0,635.771,0,50.982,4603,10372,2.640,1.340,0.650,8,0,292.895,0,0,10,28,4,29,0
07-01 09:07:20,81.224,14.995,3.499,0,0,1484692,1386120,166904,4894936,6969.735,1619.474,0,415.865,0,33.989,3447,6917,2.640,1.340,0.650,7,0,303.901,0,0,10,28,4,28,0
07-01 09:07:21,79.064,14.762,5.755,0,0,1481892,1388708,166908,4895136,7754.304,1621.318,0,956.778,0,12.010,5262,12173,2.640,1.340,0.650,5,0,401.326,0,0,10,29,4,28,0
07-01 09:07:22,52.453,22.480,24.478,0,0,1322048,1548300,166912,4895380,6936.771,1692.480,0,211.810,0,11.989,7262,15285,2.640,1.340,0.650,2,0,770.308,0,0,10,28,4,26,0
07-01 09:07:23,16.503,23.754,57.760,0,0,1346776,1523548,166912,4895404,5909.052,1662.296,0,576.103,0,17.003,3722,6037,2.640,1.340,0.650,6,0,768.137,0,0,10,28,4,26,0
07-01 09:07:24,77.483,16.746,5.499,0,0,1531740,1338472,166912,4895500,7085.455,1619.647,0,175.962,0,10.998,3016,6484,2.910,1.420,0.680,4,0,469.898,0,0,10,29,4,26,0
07-01 09:07:25,77.761,11.752,10.251,0,0,1417148,1452820,166940,4895704,7658.057,1458.201,0,1660.229,0,134.018,4925,11299,2.910,1.420,0.680,4,0,220.030,0,0,10,28,4,26,0
07-01 09:07:26,81.694,8.744,8.994,0,0,1552092,1317644,166944,4895928,7548.822,1618.889,0,119.918,0,7.995,4162,10835,2.910,1.420,0.680,2,0,56.961,0,0,10,32,4,27,0
07-01 09:07:27,61.665,7.739,30.458,0,0,1527884,1341464,166944,4896308,7278.933,1617.763,0,207.713,0,17.975,6755,19725,2.910,1.420,0.680,3,0,31.956,0,0,10,31,4,34,0
07-01 09:07:28,83.918,10.772,5.762,0,0,1505092,1364016,166960,4896524,6548.136,1623.256,0,476.957,0,53.107,5997,12002,2.910,1.420,0.680,4,0,96.193,0,0,10,29,4,32,0
07-01 09:07:29,74.605,9.232,16.468,0,0,1530704,1338200,166960,4896724,6488.432,1710.686,0,199.613,0,8.983,6112,16236,3.070,1.470,0.700,6,0,72.859,0,0,10,31,4,35,0
07-01 09:07:30,75.496,11.749,11.749,0,0,1449912,1418692,166960,4897020,6231.639,1693.902,0,131.992,0,8.000,3955,13579,3.070,1.470,0.700,6,0,207.988,0,0,10,29,4,39,0
07-01 09:07:31,81.162,9.519,9.519,0.250,0,1521352,1347044,166960,4897220,4844.665,1623.238,0,5146.267,0,161.322,5457,12096,3.070,1.470,0.700,5,0,32.064,0,0,10,30,4,39,0
07-01 09:07:32,85.755,11.001,2.750,0,0,1537944,1330276,166960,4897392,6008.385,1620.104,0,128.008,0,8.001,2797,5898,3.070,1.470,0.700,5,0,110.007,0,0,10,29,4,39,0
07-01 09:07:33,78.248,12.250,8.500,0.250,0,1426072,1441924,166964,4897608,5061.843,1457.955,0,2623.919,0,117.996,3595,11792,3.070,1.470,0.700,5,0,244.992,0,0,10,28,4,42,0
07-01 09:07:34,77.676,8.492,13.237,0,0,1563180,1304612,166972,4897800,6652.633,1692.380,0,151.855,0,7.992,4316,9844,3.150,1.520,0.720,2,0,1.998,0,0,10,32,4,43,0
07-01 09:07:35,81.295,12.007,6.003,0,0,1503432,1364296,166976,4897852,6710.691,1756.966,0,156.086,0,9.005,3104,6884,3.150,1.520,0.720,5,0,171.094,0,0,10,28,4,45,0
07-01 09:07:36,76.088,12.264,11.513,0,0,1427720,1439768,166992,4898072,6975.049,1621.872,0,616.712,0,68.079,5893,12537,3.150,1.520,0.720,5,0,166.192,0,0,10,28,4,43,0
07-01 09:07:37,65.608,9.941,24.355,0,0,1502468,1364864,166992,4898212,6163.218,1610.389,0,278.339,0,17.893,3214,6674,3.150,1.520,0.720,6,0,106.365,0,0,10,30,4,43,0
07-01 09:07:38,61.322,14.325,24.880,0,0.251,1458812,1408124,166992,4898560,7544.571,1628.542,0,462.425,0,21.111,3532,6415,3.150,1.520,0.720,4,0,250.313,0,0,10,28,4,43,0
07-01 09:07:39,60.744,8.499,30.247,0.250,0,1413028,1453524,166996,4898912,7028.332,1457.862,0,367.965,0,33.997,5689,11293,3.220,1.560,0.740,4,0,71.993,0,0,10,28,4,48,0
07-01 09:07:40,46.967,7.495,45.468,0,0,1445472,1420936,166996,4899056,5186.302,1786.726,0,247.823,0,11.991,2891,5283,3.220,1.560,0.740,5,0,89.936,0,0,10,29,4,50,0
07-01 09:07:41,43.763,5.752,49.515,0,0,1428288,1438084,166996,4899096,5621.687,1620.486,0,348.104,0,30.009,2525,4383,3.220,1.560,0.740,2,0,43.013,0,0,10,28,4,49,0
07-01 09:07:42,43.004,7.501,49.004,0,0,1385664,1480652,167004,4899136,5526.486,1694.149,0,348.031,0,33.003,3328,6761,3.220,1.560,0.740,2,0,69.006,0,0,10,28,4,49,0
07-01 09:07:43,44.250,5.250,49.500,0.250,0,1441140,1424988,167016,4899312,5370.957,1693.986,0,299.998,0,22.000,3652,8489,3.220,1.560,0.740,2,0,0,0,0,10,28,4,52,0
07-01 09:07:44,40.264,12.254,48.016,0,0,1425484,1440628,167016,4899320,10657.634,1714.585,0,292.100,0,20.007,2585,3879,3.120,1.570,0.750,2,0,331.113,0,0,10,29,4,52,0
07-01 09:07:45,34.426,13.721,50.143,0.249,0,1340332,1525536,167016,4899564,5635.928,1784.178,0,299.359,0,21.953,3907,9389,3.120,1.570,0.750,1,0,322.310,0,0,10,28,4,53,0
07-01 09:07:46,23.493,3.749,73.478,0,0,1387664,1478188,167032,4899564,5439.352,1693.487,0,447.864,0,21.993,1615,3750,3.120,1.570,0.750,1,0,2.999,0,0,10,29,4,53,0
07-01 09:07:47,19.544,9.271,70.660,0.251,0,1329784,1535960,167040,4899660,42938.169,1555.520,0,228.517,0,23.052,3303,7260,3.120,1.570,0.750,1,0,324.735,0,0,10,28,4,55,0
07-01 09:07:48,39.168,12.225,47.900,0,0,1434244,1431260,167100,4899844,5795.921,1616.631,0,570.810,0,27.942,2885,7786,3.120,1.570,0.750,2,0,337.297,0,0,10,28,4,56,0
07-01 09:07:49,38.818,8.265,47.083,6.511,0,1519752,1339880,167664,4904652,6345.193,1696.993,0,14373.355,0,1258.219,6456,12729,3.110,1.590,0.760,1,1,73.129,0,0,10,32,4,56,0
07-01 09:07:50,36.931,7.236,41.921,10.979,0,1478768,1376448,168364,4908164,5723.269,1616.968,0,41274.610,0,3637.180,12462,27765,3.110,1.590,0.760,2,1,74.860,0,0,10,32,4,56,0
07-01 09:07:51,43.262,6.502,44.762,5.001,0,1385268,1470052,168612,4907784,5509.510,1756.481,0,17240.724,0,1395.382,4706,10419,3.110,1.590,0.760,2,0,11.003,0,0,10,28,4,56,0
07-01 09:07:52,42.083,6.012,49.598,2.254,0,1491216,1363728,168860,4907904,5156.178,1623.204,0,14400.426,0,1564.088,8140,16800,3.110,1.590,0.760,2,0,7.014,0,0,10,30,4,54,0
07-01 09:07:53,36.737,7.747,53.231,1.999,0,1358528,1495596,169284,4908284,6404.746,1619.430,0,10772.208,0,1381.514,7957,16201,3.110,1.590,0.760,1,0,98.965,0,0,10,28,4,54,0
07-01 09:07:54,22.749,2.750,74.247,0.250,0,1438152,1415964,169292,4908284,6518.733,1457.940,0,1023.958,0,51.998,1189,1666,2.940,1.580,0.760,1,0,4.000,0,0,10,28,4,54,0
07-01 09:07:55,23.699,2.245,73.091,0.499,0,1384880,1469168,169332,4908296,5518.020,1616.491,0,6553.772,0,356.227,1539,2641,2.940,1.580,0.760,1,0,4.989,0,0,10,28,4,54,0
07-01 09:07:56,23.248,2.250,73.744,0,0,1444604,1409444,169332,4908296,5360.544,1661.859,0,23.998,0,3.000,928,1275,2.940,1.580,0.760,1,0,3.000,0,0,10,28,4,54,0
07-01 09:07:57,23.766,3.252,72.799,0,0,1412288,1441724,169348,4908316,7370.983,1695.146,0,148.100,0,18.012,1164,1474,2.940,1.580,0.760,1,0,3.002,0,0,10,32,4,54,0
07-01 09:07:58,23.237,2.748,73.459,0,0,1359072,1494928,169348,4908328,6692.292,1619.103,0,0,0,0,998,1177,2.940,1.580,0.760,1,0,4.997,0,0,10,32,4,54,0
07-01 09:07:59,23.749,3.500,73.996,0,0,1438172,1415828,169348,4908328,5704.698,1713.909,0,19.999,0,2.000,1011,1190,2.780,1.570,0.760,1,0,2.000,0,0,10,32,4,54,0
07-01 09:08:00,23.804,2.005,73.918,0,0,1385196,1468744,169352,4908376,7768.682,1515.449,0,0,0,0,1013,1206,2.780,1.570,0.760,1,0,3.007,0,0,10,32,4,54,0
07-01 09:08:01,24.247,1.500,73.742,0,0.250,1449708,1404232,169352,4908376,5384.413,1565.829,0,4.000,0,1.000,940,1140,2.780,1.570,0.760,1,0,2.000,0,0,10,32,4,54,0
07-01 09:08:02,22.706,3.244,73.607,0,0,1347856,1505940,169364,4908508,5434.425,1616.854,0,534.959,0,30.940,1103,1624,2.780,1.570,0.760,2,0,3.992,0,0,10,32,4,54,0
07-01 09:08:03,22.252,3.000,73.755,0,0,1429724,1424072,169364,4908508,6064.449,1620.120,0,0,0,0,988,1228,2.780,1.570,0.760,2,0,4.000,0,0,10,32,4,54,0
07-01 09:08:04,23.991,1.749,73.972,0,0,1378948,1474772,169368,4908540,5741.801,1619.380,0,1811.306,0,202.922,920,1140,2.640,1.560,0.760,2,0,1.000,0,0,10,32,4,54,0
07-01 09:08:05,22.502,3.500,73.505,0,0,1385332,1468368,169368,4908560,8004.592,1706.126,0,0,0,0,956,1198,2.640,1.560,0.760,2,0,5.000,0,0,10,32,4,52,0
07-01 09:08:06,23.251,2.750,73.753,0,0,1444296,1409400,169368,4908564,8443.380,1620.073,0,0,0,0,959,1207,2.640,1.560,0.760,2,0,3.000,0,0,10,32,4,52,0
07-01 09:08:07,10.237,17.728,70.411,0,0,1344948,1508588,169380,4908708,8741.013,1691.873,0,479.397,0,7.990,2477,3506,2.640,1.560,0.760,2,0,293.631,0,0,10,32,4,51,0
07-01 09:08:08,10.016,20.282,69.862,0,0,1346428,1507056,169388,4908736,6086.739,1460.337,0,629.006,0,10.016,3018,4817,2.640,1.560,0.760,1,0,456.731,0,0,10,32,4,51,0
07-01 09:08:09,10.260,18.768,69.818,0,0,1346304,1506980,169388,4908916,7460.319,1715.683,0,380.373,0,4.004,3065,4933,2.430,1.530,0.760,1,0,477.468,0,0,10,32,4,49,0
07-01 09:08:10,17.978,8.240,72.412,0,0,1404808,1448472,169388,4908916,5961.768,1618.037,0,0,0,0,1674,2397,2.430,1.530,0.760,1,0,149.818,0,0,10,32,4,49,0
07-01 09:08:11,23.010,3.001,74.282,0,0,1346808,1506452,169388,4908932,5539.354,1620.689,0,16.007,0,1.000,982,1146,2.430,1.530,0.760,1,0,3.001,0,0,10,32,4,45,0
07-01 09:08:12,22.246,3.999,73.486,0,0,1428212,1425060,169388,4908920,5657.919,1661.683,0,419.920,0,26.995,1210,1655,2.430,1.530,0.760,1,0,3.999,0,0,10,32,4,45,0
07-01 09:08:13,23.499,2.000,73.997,0.250,0,1375500,1477752,169400,4908924,6140.754,1619.935,0,131.995,0,12.000,986,1198,2.430,1.530,0.760,1,0,3.000,0,0,10,32,4,41,0
07-01 09:08:14,23.747,2.250,73.742,0,0,1446284,1406968,169400,4908924,5497.417,1627.827,0,207.978,0,2.000,945,1150,2.310,1.520,0.760,1,0,2.000,0,0,10,32,4,41,0
07-01 09:08:15,23.502,2.000,73.757,0,0,1407732,1445516,169400,4908928,5429.510,1694.159,0,0,0,0,1010,1229,2.310,1.520,0.760,1,0,3.000,0,0,10,32,4,39,0
07-01 09:08:16,23.809,2.005,73.934,0,0,1361072,1492160,169400,4908940,8955.254,1738.320,0,12.030,0,1.002,1010,1230,2.310,1.520,0.760,1,0,4.010,0,0,10,32,4,39,0
07-01 09:08:17,22.696,2.245,74.074,0,0,1434924,1418328,169400,4908920,42407.410,1616.166,0,0,0,0,1063,1243,2.310,1.520,0.760,1,0,3.991,0,0,10,32,4,38,0
07-01 09:08:18,23.306,2.255,74.177,0,0,1387292,1465952,169400,4908928,7174.110,1698.050,0,20.048,0,1.002,989,1211,2.310,1.520,0.760,1,0,3.007,0,0,10,32,4,38,0
07-01 09:08:19,23.691,2.993,73.067,0,0,1449032,1404212,169400,4908928,5183.027,1615.955,0,1316.704,0,6.983,969,1144,2.290,1.530,0.770,1,0,1.995,0,0,10,32,4,38,0
07-01 09:08:20,23.047,2.004,73.650,0,0,1412252,1441000,169400,4908920,7809.956,1623.316,0,4.008,0,1.002,1100,1366,2.290,1.530,0.770,1,0,3.006,0,0,10,32,4,38,0
07-01 09:08:21,23.251,2.750,74.005,0,0,1355760,1497468,169400,4908944,6216.379,1512.092,0,24.001,0,1.000,976,1168,2.290,1.530,0.770,1,0,3.000,0,0,10,32,4,38,0
07-01 09:08:22,22.750,3.500,73.751,0,0,1434680,1418624,169412,4908856,8268.107,1694.022,0,296.004,0,22.000,1187,1571,2.290,1.530,0.770,1,0,4.000,0,0,10,32,4,38,0
07-01 09:08:23,23.212,2.995,72.880,0.250,0,1382620,1470576,169412,4908964,7014.496,1563.436,0,874.566,0,125.794,1018,1169,2.290,1.530,0.770,1,0,0.998,0,0,10,32,4,37,0
07-01 09:08:24,24.047,2.505,73.643,0.250,0,1396624,1456576,169416,4908956,7200.004,1665.239,0,725.411,0,15.029,1052,1305,2.190,1.520,0.770,1,0,5.010,0,0,10,32,4,37,0
07-01 09:08:25,22.952,2.495,73.595,0,0,1338392,1514784,169416,4908976,6139.108,1616.605,0,23.950,0,1.996,897,1115,2.190,1.520,0.770,1,0,2.994,0,0,10,32,4,37,0
07-01 09:08:26,23.495,2.999,73.984,0,0,1345316,1507860,169416,4908976,4782.972,1619.652,0,19.996,0,1.000,982,1221,2.190,1.520,0.770,2,0,3.999,0,0,10,32,4,37,0
07-01 09:08:27,22.989,3.498,73.716,0,0,1425080,1427980,169416,4909092,5319.558,1619.257,0,0,0,0,940,1159,2.190,1.520,0.770,2,0,3.998,0,0,10,32,4,31,0
07-01 09:08:28,16.029,11.020,71.377,0,0,1339856,1513172,169416,4909124,6470.511,1514.695,0,188.335,0,9.016,1839,2626,2.190,1.520,0.770,2,0,202.360,0,0,10,32,4,31,0
07-01 09:08:29,17.470,10.731,71.377,0.250,0,1406548,1446428,169420,4909156,5777.012,1711.042,0,4052.992,0,195.662,2148,3412,2.090,1.520,0.770,1,0,191.669,0,0,10,32,4,28,0
07-01 09:08:30,22.240,3.498,73.466,0,0,1370652,1482052,169420,4909388,4969.724,1693.225,0,0,0,0,960,1195,2.090,1.520,0.770,1,0,8.996,0,0,10,32,4,28,0
07-01 09:08:31,23.769,2.252,73.809,0,0,1433652,1419052,169420,4909388,4754.799,1567.252,0,4.003,0,1.001,933,1178,2.090,1.520,0.770,1,0,2.002,0,0,10,32,4,21,0
07-01 09:08:32,10.268,22.289,68.370,0,0,1349328,1503264,169420,4909500,5117.946,1622.837,0,288.504,0,18.032,3398,5580,2.090,1.520,0.770,1,0,519.909,0,0,10,32,4,21,0
07-01 09:08:33,9.756,20.763,68.541,0.500,0,1347264,1505296,169424,4909528,6141.703,1941.171,0,884.533,0,38.023,3395,5511,2.090,1.520,0.770,1,0,516.311,0,0,10,32,5,18,0
07-01 09:08:34,10.741,19.234,68.944,0,0,1348132,1504388,169424,4909560,6591.687,1786.560,0,891.282,0,12.990,3105,4919,2,1.510,0.770,1,0,482.611,0,0,10,32,5,18,0
07-01 09:08:35,10.249,19.247,69.240,0,0,1349012,1503476,169424,4909584,6438.066,1511.781,0,1271.816,0,14.998,3150,4944,2,1.510,0.770,1,0,505.927,0,0,10,32,5,15,0
07-01 09:08:36,8.748,20.744,69.730,0,0,1348380,1504076,169424,4909608,4646.690,1787.496,0,1055.702,0,11.997,3158,5026,2,1.510,0.770,1,0,498.859,0,0,10,32,5,15,0
07-01 09:08:37,8.002,20.754,70.263,0,0,1348348,1504076,169424,4909640,5448.041,1620.309,0,152.029,0,8.002,2846,4356,2,1.510,0.770,1,0,394.075,0,0,10,32,5,15,0
07-01 09:08:38,9.258,20.768,69.811,0,0,1348676,1503700,169424,4909672,5748.012,1651.440,0,408.356,0,9.008,3043,4801,2,1.510,0.770,1,0,459.401,0,0,10,32,5,15,0
07-01 09:08:39,42.175,25.205,32.941,0.250,0,1460092,1392092,169492,4909756,5802.631,1659.035,0,1106.024,0,66.880,4081,7198,2,1.510,0.780,3,0,755.650,0,0,10,32,5,16,0
07-01 09:08:40,60.509,11.752,26.504,1.250,0,1626812,1221052,169828,4913400,5618.882,1788.281,400.063,8057.265,4.001,660.104,3544,6711,2,1.510,0.780,3,0,33.005,0,0,10,34,5,16,0
07-01 09:08:41,34.551,9.514,36.304,16.524,0,1601660,1232548,170816,4925104,5027.410,1622.391,0,67263.146,0,5283.788,18058,40084,2,1.510,0.780,5,1,169.249,0,0,10,36,5,16,0
07-01 09:08:42,41.770,8.004,33.516,16.258,0,1641012,1180172,171644,4936764,7304.448,1512.714,0,89190.098,0,6603.117,20047,46007,2,1.510,0.780,4,0,81.038,0,0,10,37,5,16,0
07-01 09:08:43,46.251,8.000,30.250,12.750,0,1637712,1175000,172092,4944556,5468.060,1620.018,0,68524.754,0,5288.058,15053,35364,2,1.510,0.780,5,0,111.001,0,0,10,36,5,13,0
07-01 09:08:44,40.412,17.961,28.688,10.976,0,1567752,1237772,172472,4951172,5002.105,1616.479,363.209,44155.829,6.985,3551.265,15010,38022,2.160,1.560,0.800,2,1,337.265,0,0,10,35,5,15,0
07-01 09:08:45,41.857,14.287,31.080,11.028,0,1538952,1259632,172916,4957264,7497.230,1624.166,1624.166,51485.059,25.064,3781.700,13829,33086,2.160,1.560,0.800,3,0,218.561,0,0,10,34,5,17,0
07-01 09:08:46,38.729,5.747,42.477,11.994,0,1564528,1230460,173212,4960384,5429.090,1693.093,0,47102.753,0,4053.827,14565,35832,2.160,1.560,0.800,1,1,28.984,0,0,10,35,4,17,0
07-01 09:08:47,35.244,7.999,44.992,10.748,0,1527824,1266860,173492,4960380,42927.574,1565.729,0,39185.221,0,3475.399,12826,30031,2.160,1.560,0.800,1,1,96.983,0,0,10,34,4,19,0
07-01 09:08:48,40.523,8.255,39.022,11.757,0,1562716,1230816,173680,4961288,6413.675,1769.014,0,50272.806,0,4276.450,14910,37050,2.160,1.560,0.800,3,1,61.035,0,0,10,35,4,20,0
07-01 09:08:49,40.238,7.748,42.987,10.497,0,1518708,1271504,173840,4964388,5962.259,1605.531,0,43039.432,0,3751.904,15218,33153,2.310,1.600,0.810,2,0,62.982,0,0,10,34,4,24,0
07-01 09:08:50,36.264,6.503,40.766,15.256,0,1560940,1225696,174040,4967644,5927.300,1714.665,0,49851.342,0,4223.639,12883,31654,2.310,1.600,0.810,1,1,47.018,0,0,10,35,4,22,0
07-01 09:08:51,34.215,8.491,44.205,13.486,0,1514624,1268180,174200,4971220,5703.131,1660.292,0,49664.895,0,4195.683,15615,36332,2.310,1.600,0.810,2,0,93.903,0,0,10,36,4,25,0
07-01 09:08:52,37.270,6.504,41.272,15.508,0,1560192,1218816,174408,4974696,8299.507,1620.880,0,56406.629,0,4581.488,14935,33975,2.310,1.600,0.810,1,1,92.050,0,0,10,37,4,26,0
07-01 09:08:53,35.495,7.249,43.494,11.748,0,1545992,1230020,174532,4977496,7175.003,1619.775,0,52152.751,0,4163.421,13421,31637,2.310,1.600,0.810,1,1,68.990,0,0,10,36,4,26,0
07-01 09:08:54,36.259,7.252,41.511,14.504,0,1536008,1245000,174624,4972388,9553.427,1620.412,0,50668.870,0,4635.177,13870,35748,2.290,1.600,0.820,2,0,80.020,0,0,10,36,4,26,0
07-01 09:08:55,32.682,10.478,53.389,1.497,0,1448032,1332972,174636,4972360,6311.852,1454.969,0,17128.322,0,1000.915,4683,10011,2.290,1.600,0.820,2,0,211.559,0,0,10,32,4,27,0
07-01 09:08:56,23.042,5.009,73.133,0.250,0,1444604,1336392,174636,4972368,5328.693,1665.029,0,829.509,0,39.071,1373,1795,2.290,1.600,0.820,1,0,46.084,0,0,10,33,4,27,0
07-01 09:08:57,16.002,12.002,70.761,0,0,1386176,1394756,174640,4972424,5981.921,1620.250,0,920.142,0,58.009,2952,5732,2.290,1.600,0.820,1,0,267.041,0,0,10,32,4,27,0
07-01 09:08:58,28.003,19.752,51.506,0.500,0,1454796,1325960,174660,4972576,5567.646,1620.188,0,1216.141,0,81.009,3586,5930,2.290,1.600,0.820,3,0,530.061,0,0,10,32,4,33,0
07-01 09:08:59,67.955,8.245,24.484,0,0,1645352,1133964,174716,4973864,5953.029,1618.920,0,431.712,0,16.989,1423,1423,2.340,1.630,0.830,3,0,8.994,0,0,10,32,4,33,0
07-01 09:09:00,64.831,7.009,26.784,1.252,0,1784412,989436,174924,4978552,5969.498,1622.037,0,11590.558,0,715.899,3727,6380,2.340,1.630,0.830,1,1,21.026,0,0,10,38,4,33,0
07-01 09:09:01,32.730,7.495,45.222,15.491,0,1782488,977592,175120,4991820,4477.273,1619.014,0,90061.153,0,6872.814,21519,48372,2.340,1.630,0.830,1,1,245.850,0,0,10,38,4,33,0
07-01 09:09:02,30.478,7.744,44.468,14.989,0,1786976,961716,175312,5002572,5633.938,1456.950,0,92853.053,0,7069.903,22137,49908,2.340,1.630,0.830,4,0,188.864,0,0,10,38,4,33,0
07-01 09:09:03,43.533,11.259,32.275,14.761,0,1704288,1033748,175476,5012720,5181.985,1621.247,0,87675.422,0,6869.282,18872,44158,2.340,1.630,0.830,5,1,255.196,0,0,10,36,4,33,0
07-01 09:09:04,44.754,9.251,29.252,16.251,0,1776468,947060,175604,5026636,5445.441,1694.137,0,87419.081,0,6377.517,15852,39831,2.480,1.670,0.850,1,1,66.005,0,0,10,36,4,33,0
07-01 09:09:05,35.992,9.498,38.991,15.246,0,1663000,1048840,175708,5037752,6370.509,1713.599,0,104943.443,0,7265.300,18980,46557,2.480,1.670,0.850,6,0,101.976,0,0,10,36,4,33,0
07-01 09:09:06,32.216,9.490,53.693,4.246,0,1395448,1314788,175736,5039264,6861.775,1618.296,0,20618.289,0,1579.337,6247,12883,2.480,1.670,0.850,1,0,276.709,0,0,10,32,4,33,0
07-01 09:09:07,23.228,2.747,72.432,0.500,0,1471544,1238684,175736,5039272,6603.766,1618.472,0,1330.744,0,101.904,1309,1861,2.480,1.670,0.850,1,0,2.997,0,0,10,32,4,33,0
07-01 09:09:08,23.498,2.250,72.495,0.500,0,1521944,1188284,175736,5039272,6481.540,1619.885,0,3675.739,0,223.984,1690,2695,2.480,1.670,0.850,1,0,0,0,0,10,38,4,33,0
07-01 09:09:09,21.750,4.250,73.501,0,0,1438576,1271640,175736,5039280,5300.090,1620.028,0,80.001,0,6.000,1168,1500,2.360,1.660,0.850,3,0,30.001,0,0,10,32,4,33,0
07-01 09:09:10,22.743,2.999,73.726,0,0,1509332,1200884,175736,5039280,5232.279,1585.478,0,2039.329,0,50.983,996,1212,2.360,1.660,0.850,1,0,0,0,0,10,32,4,33,0
07-01 09:09:11,18.287,16.784,64.129,0,0,1400004,1310184,175736,5039304,5662.427,1623.276,0,729.472,0,50.101,2888,4784,2.360,1.660,0.850,2,0,452.914,0,0,10,32,4,33,0
07-01 09:09:12,13.719,30.432,54.877,0.249,0,1401588,1308544,175736,5039360,7127.021,1690.211,0,275.383,0,24.944,4105,6859,2.360,1.660,0.850,1,0,839.119,0,0,10,32,4,33,0
07-01 09:09:13,9.769,20.540,68.883,0,0,1403776,1306348,175736,5039368,6127.857,1697.284,0,112.217,0,12.023,2395,3179,2.360,1.660,0.850,1,0,314.609,0,0,10,32,4,33,0
07-01 09:09:14,9.742,19.985,69.446,0,0,1404424,1305628,175736,5039440,5920.429,1712.678,0,7.994,0,1.998,2437,3339,2.170,1.630,0.850,2,0,283.781,0,0,10,32,4,33,0
07-01 09:09:15,8.481,19.705,69.842,0,0,1402768,1307244,175736,5039464,5523.484,1857.790,0,1811.894,0,13.968,2416,3502,2.170,1.630,0.850,1,0,269.390,0,0,10,32,4,33,0
07-01 09:09:16,11.512,20.022,67.823,0,0,1402700,1307108,175736,5039608,6769.270,1737.866,0,28.030,0,7.008,2411,3526,2.170,1.630,0.850,1,0,272.292,0,0,10,32,4,33,0
07-01 09:09:17,23.027,18.272,56.818,0,0,1431516,1278168,175744,5039956,45063.761,1607.918,0,16.019,0,3.004,4491,6853,2.170,1.630,0.850,3,0,198.236,0,0,10,32,4,33,0
07-01 09:09:18,46.455,6.993,46.205,0,0,1556304,1153236,175744,5040184,7309.946,1638.419,0,27.973,0,0.999,1443,1721,2.170,1.630,0.850,2,0,58.943,0,0,10,33,4,33,0
07-01 09:09:19,49.256,5.751,45.505,0,0,1623308,1082172,175760,5044160,6664.793,1694.202,0,1108.132,0,30.004,4463,11140,2.150,1.630,0.850,2,0,5.001,0,0,10,49,4,33,0
07-01 09:09:20,34.013,9.253,56.771,0,0,1669316,1034760,175816,5045252,9857.706,1620.609,0,480.181,0,35.013,1840,2447,2.150,1.630,0.850,1,0,121.046,0,0,10,48,4,33,0
07-01 09:09:21,15.488,9.992,73.445,0.250,0,1688648,1015332,175816,5045288,7867.076,2406.188,0,363.726,0,28.978,1954,2782,2.150,1.630,0.850,0,0,137.896,0,0,10,49,4,33,0
07-01 09:09:22,0.750,0.500,98.478,0,0,1688628,1015332,175816,5045308,26932.940,2089.530,0,103.977,0,5.999,617,960,2.150,1.630,0.850,0,0,0,0,0,10,49,4,33,0
07-01 09:09:23,0.250,1.000,97.270,0,0,1688788,1015080,175816,5045400,100062.513,4302.882,0,264.054,0,15.003,848,1269,2.150,1.630,0.850,0,0,0,0,0,10,49,4,33,0
07-01 09:09:24,7.246,2.998,88.948,0,0,1690004,1013748,175816,5045496,67477.323,3423.987,0,195.885,0,5.996,932,1211,1.980,1.610,0.850,1,0,9.994,0,0,10,48,4,34,0
07-01 09:09:25,15.266,10.761,70.826,2.252,0,1715416,934232,175924,5097756,5311.673,1621.732,4.004,9025.639,1.001,438.468,2724,4560,1.980,1.610,0.850,1,0,76.081,0,0,10,48,4,34,0
07-01 09:09:26,15.024,11.769,72.868,0,0,1730600,918400,175924,5097756,5204.395,1652.666,0,0,0,0,1647,1947,1.980,1.610,0.850,1,0,48.078,0,0,10,48,4,34,0
07-01 09:09:27,18.969,6.989,73.131,0,0,1726660,922316,175924,5097764,6113.066,1617.372,0,0,0,0,1451,1564,1.980,1.610,0.850,1,0,52.914,0,0,10,48,4,34,0
07-01 09:09:28,21.995,3.499,73.983,0,0,1752444,896412,175924,5097764,5862.634,1693.605,0,979.772,0,2.999,1044,1208,1.980,1.610,0.850,2,0,15.996,0,0,10,48,4,34,0
07-01 09:09:29,21.248,5.000,73.494,0,0,1756516,892392,175924,5097764,5977.486,1713.853,0,35.997,0,1.000,1188,1283,1.900,1.600,0.850,1,0,24.998,0,0,10,48,4,34,0
07-01 09:09:30,13.747,11.998,72.736,0,0,1679544,1021232,176080,5046952,5534.948,1787.660,159.970,311.941,9.998,4.999,2016,2739,1.900,1.600,0.850,1,0,178.966,0,0,10,48,4,34,0
07-01 09:09:31,16.499,16.249,66.498,0,0,1685044,1015612,176080,5046968,4670.837,1511.947,0,2507.912,0,37.999,5342,9413,1.900,1.600,0.850,0,0,199.993,0,0,10,48,4,34,0
07-01 09:09:32,0.500,0.500,97.746,0,0,1684792,1015736,176080,5047100,6269.768,1619.940,0,47.998,0,4.000,607,948,1.900,1.600,0.850,0,0,3.000,0,0,10,48,4,34,0
07-01 09:09:33,0.750,0.750,97.999,0,0,1684792,1015736,176080,5047100,5798.930,1565.981,0,0,0,0,614,967,1.900,1.600,0.850,0,0,1.000,0,0,10,48,4,34,0
07-01 09:09:34,0.250,0.500,98.487,0,0,1684764,1015764,176080,5047100,4924.325,1619.778,0,0,0,0,669,973,1.750,1.570,0.840,0,0,3.000,0,0,10,48,4,34,0
07-01 09:09:35,0.250,0.500,98.004,0.250,0,1684760,1015764,176080,5047100,5273.195,1620.060,0,4628.171,0,244.009,818,1124,1.750,1.570,0.840,0,0,1.000,0,0,10,48,4,34,0
07-01 09:09:36,11.784,16.047,69.703,0,0,1677816,1022760,176080,5047444,6400.677,1624.741,0,0,0,0,3797,7729,1.750,1.570,0.840,12,0,217.635,0,0,10,48,4,34,0
07-01 09:09:37,12.232,15.977,72.394,0,0,1677992,1022456,176080,5047120,5673.711,1583.686,0,99.854,0,4.993,3368,6813,1.750,1.570,0.840,1,0,274.599,0,0,11,48,4,34,0
07-01 09:09:38,19.277,16.023,64.091,0,0,1682580,1017824,176080,5047164,5728.117,1732.455,0,76.108,0,3.004,5403,9091,1.750,1.570,0.840,2,0,244.346,0,0,11,48,4,34,0
07-01 09:09:39,4.239,4.489,90.274,0.748,0,1679708,1020536,176080,5047292,5682.770,1709.719,0,6858.826,0,348.128,1943,3516,1.610,1.540,0.840,0,0,125.685,0,0,11,48,4,32,0
07-01 09:09:40,16.541,16.541,65.664,0.501,0.251,1684440,1015808,176080,5047316,7030.569,1624.059,0,2097.241,0,105.263,5451,9485,1.610,1.540,0.840,1,0,227.569,0,0,13,50,4,32,0
07-01 09:09:41,10.982,14.726,72.632,0,0,1683164,1017040,176080,5047344,5357.326,1563.469,0,1912.903,0,212.656,3043,4888,1.610,1.540,0.840,2,0,366.407,0,0,13,50,4,28,0
07-01 09:09:42,15.274,17.528,66.856,0,0,1685144,1014896,176080,5047856,7426.764,1622.570,0,128.203,0,15.024,4507,8726,1.610,1.540,0.840,2,0,297.471,0,0,13,50,4,28,0
07-01 09:09:43,32.502,18.251,49.003,0,0,1747712,952236,176092,5047572,5895.342,1598.093,0,64.004,0,6.000,4170,7584,1.610,1.540,0.840,2,0,414.024,0,0,13,50,4,28,0
07-01 09:09:44,29.726,6.744,61.949,0.250,0,1796680,902116,176172,5048592,5062.864,1692.617,31.974,27.977,1.998,3.997,3441,7879,1.560,1.530,0.840,1,0,56.953,0,0,13,52,4,29,0
07-01 09:09:45,23.509,6.252,70.528,0,0,1860404,837932,176180,5048984,7455.967,1620.645,0,0,0,0,1202,1663,1.560,1.530,0.840,2,0,12.005,0,0,13,58,4,28,0
07-01 09:09:46,17.711,1.996,79.577,0,0,1896296,801432,176184,5049552,4900.337,1784.118,0,159.653,0,3.991,1348,2991,1.560,1.530,0.840,1,0,5.987,0,0,13,58,4,28,0
07-01 09:09:47,0.500,0,98.248,0,0,1896296,801432,176184,5049552,42582.935,1619.960,0,0,0,0,718,966,1.560,1.530,0.840,0,0,2.000,0,0,13,58,4,25,0
07-01 09:09:48,11.275,9.521,78.928,0.251,0,1848096,849584,176184,5049888,6159.866,1862.192,0,1571.538,0,8.018,3519,7236,1.560,1.530,0.840,1,0,201.453,0,0,13,56,4,26,0
07-01 09:09:49,15.239,14.739,68.700,0,0,1884924,812628,176184,5049564,6048.591,1564.859,0,11.991,0,2.998,4623,10846,1.680,1.560,0.850,1,0,225.835,0,0,13,56,4,20,0
07-01 09:09:50,23.277,15.769,60.071,0,0,1909600,787964,176184,5049564,5094.997,1513.782,0,40.047,0,9.011,7138,12170,1.680,1.560,0.850,5,0,281.331,0,0,11,48,4,20,0
07-01 09:09:51,20.695,14.960,63.581,0,0,1915132,782248,176184,5050088,5093.451,1615.702,0,3383.001,0,197.475,5265,10578,1.680,1.560,0.850,16,0,288.233,0,0,13,58,4,16,0
07-01 09:09:52,17.540,8.770,73.418,0,0,1777156,920212,176184,5049740,5141.785,1623.722,0,52.119,0,4.009,1792,2881,1.680,1.560,0.850,5,0,122.280,0,0,13,50,4,20,0
07-01 09:09:53,33.509,20.506,45.262,0,0,1751700,945628,176184,5049800,6794.855,1694.463,0,280.076,0,7.002,3762,6141,1.680,1.560,0.850,3,0,649.177,0,0,13,50,4,18,0
07-01 09:09:54,41.791,18.018,39.539,0,0,1849728,846996,176184,5050472,5744.601,1695.653,0,20.020,0,5.005,5663,12188,1.700,1.570,0.860,5,0,294.287,0,0,13,58,4,22,0
07-01 09:09:55,45.489,9.498,44.739,0,0,1971124,725564,176192,5050496,4954.806,1713.587,0,3.999,0,1.000,1745,2308,1.700,1.570,0.860,4,0,100.976,0,0,13,58,4,21,0
07-01 09:09:56,29.458,4.494,64.908,0.250,0,2031496,662632,176356,5052740,5129.726,1785.468,0,50368.577,0,61.912,2296,4733,1.700,1.570,0.860,1,0,4.993,0,0,13,58,4,21,0
07-01 09:09:57,23.010,3.502,68.530,3.752,0,2054748,636548,176548,5055120,4458.949,1458.637,140.061,9988.365,35.015,931.407,4603,8747,1.700,1.570,0.860,4,0,5.002,0,0,13,60,4,21,0
07-01 09:09:58,24.703,5.490,53.399,14.722,0,2046572,626040,176668,5073196,5809.967,1800.581,0,31013.106,0,2476.298,12146,26344,1.700,1.570,0.860,2,0,3.992,0,0,13,60,4,21,0
07-01 09:09:59,34.055,20.533,44.071,0.250,0,2218932,450880,176696,5075580,5105.189,1622.603,0,2936.710,0,162.260,5508,13561,1.890,1.610,0.880,2,0,353.567,0,0,14,85,4,26,0
07-01 09:10:00,9.993,20.736,69.204,0,0,2216848,452708,176696,5075744,6279.862,1734.857,0,3309.819,0,55.963,3226,4984,1.890,1.610,0.880,1,0,405.733,0,0,14,85,4,26,0
07-01 09:10:01,26.968,15.482,55.933,0,0,2260072,409308,176704,5076240,5705.194,1618.070,0,12161.491,0,695.171,5931,12249,1.890,1.610,0.880,2,0,231.724,0,0,14,86,4,26,0
07-01 09:10:02,45.094,6.263,49.102,0,0,2374580,294228,176720,5076756,6154.808,1717.574,0,641.335,0,25.052,1497,2032,1.890,1.610,0.880,2,0,8.017,0,0,14,90,4,26,0
07-01 09:10:03,9.976,17.457,69.829,0.998,0,2379568,288928,176720,5077052,7827.830,1935.261,0,1436.482,0,87.785,2956,4473,1.890,1.610,0.880,2,0,268.343,0,0,14,89,5,27,0
07-01 09:10:04,9.016,19.535,71.128,0,0,2381924,286544,176720,5077080,6597.903,1628.939,0,116.210,0,14.025,2537,3598,1.820,1.600,0.880,2,0,259.468,0,0,14,89,5,27,0
07-01 09:10:05,7.977,17.949,71.546,0,0,2382500,285952,176720,5077096,7866.612,1615.403,0,39.886,0,3.989,2316,3180,1.820,1.600,0.880,1,0,229.347,0,0,14,89,5,27,0
07-01 09:10:06,8.746,18.992,70.971,0,0,2392276,276152,176720,5077120,6451.374,1787.273,0,3.998,0,1.000,2318,3149,1.820,1.600,0.880,1,0,230.906,0,0,14,89,5,27,0
07-01 09:10:07,23.030,3.004,72.845,0,0,2444184,224240,176720,5077124,6980.116,1622.118,0,112.146,0,10.013,1567,2603,1.820,1.600,0.880,1,0,2.003,0,0,14,94,5,27,0
07-01 09:10:08,20.548,8.019,70.915,0,0,2429116,239288,176720,5077144,7969.489,1830.246,0,256.595,0,21.049,2184,3449,1.820,1.600,0.880,1,0,66.153,0,0,14,93,5,28,0
07-01 09:10:09,29.422,5.236,64.080,0.997,0,2475824,192132,176736,5077500,5995.059,1615.704,0,1691.502,0,218.419,3521,6420,1.910,1.620,0.890,1,0,7.979,0,0,14,110,5,28,0
07-01 09:10:10,21.056,8.523,68.180,0.752,0,2440132,227564,176740,5077748,6108.156,1536.063,0,1503.978,0,173.459,3467,6073,1.910,1.620,0.890,1,0,111.294,0,0,14,108,5,30,0
07-01 09:10:11,22.895,4.231,72.170,0.249,0,2495032,172656,176744,5077752,5471.977,1869.451,0,605.232,0,37.827,1285,1948,1.910,1.620,0.890,1,0,1.991,0,0,14,108,5,31,0
07-01 09:10:12,24.763,3.502,70.036,0.750,0,2532920,134604,176744,5077916,5879.993,1620.825,0,4026.049,0,443.226,3027,4984,1.910,1.620,0.890,1,0,1.001,0,0,14,113,5,32,0
07-01 09:10:13,41.043,11.262,47.049,0.250,0,2556964,127504,175984,5062032,6872.133,1663.727,60.062,5589.802,8.008,386.401,2478,3711,1.910,1.620,0.890,2,0,102.106,0,0,14,113,5,33,0
07-01 09:10:14,32.571,10.022,56.122,0.251,0,2567360,171668,175476,5008852,5974.960,1623.521,1290.800,805.748,32.070,107.233,2054,2271,2,1.640,0.900,1,0,58.126,0,0,14,115,5,34,0
07-01 09:10:15,23.959,2.496,72.874,0.499,0,2616920,121352,175476,5009612,7135.670,1691.078,750.703,303.476,19.965,16.971,1276,1849,2,1.640,0.900,1,0,1.997,0,0,14,117,5,34,0
07-01 09:10:16,20.257,6.002,73.026,0,0,2619184,134356,175472,4994348,5588.984,1618.575,192.068,260.092,2.001,13.005,1285,1835,2,1.640,0.900,1,0,54.019,0,0,14,115,5,35,0
07-01 09:10:17,20.041,8.016,70.644,0.752,0,2576676,176036,175472,4995240,45547.735,1623.305,909.852,2966.039,145.296,223.455,2707,4302,2,1.640,0.900,1,0,82.167,0,0,14,115,5,36,0
07-01 09:10:18,23.446,3.492,72.581,0,0,2627148,125424,175472,4995380,6056.924,1927.520,0,303.295,0,12.970,1280,1743,2,1.640,0.900,1,0,1.995,0,0,14,115,5,37,0
07-01 09:10:19,21.049,6.264,72.417,0,0,2623624,128916,175472,4995396,5998.857,1717.969,0,376.871,0,28.065,1517,2194,1.920,1.630,0.900,1,0,58.134,0,0,14,117,5,37,0
07-01 09:10:20,26.191,3.492,67.349,0.998,0,2576272,191724,175480,4980156,7434.295,1710.157,0,3464.216,0,379.148,4054,8006,1.920,1.630,0.900,1,0,2.993,0,0,14,117,5,38,0
07-01 09:10:21,20.546,6.514,72.912,0.251,0,2636116,130888,175480,4981148,6699.847,1623.598,861.910,505.119,13.029,28.062,1342,1887,1.920,1.630,0.900,1,0,52.115,0,0,14,117,5,38,0
07-01 09:10:22,26.500,2.250,69.499,0.750,0,2646604,120332,175480,4981216,7650.870,1531.974,8.000,4363.926,2.000,304.995,2782,5758,1.920,1.630,0.900,1,0,0,0,0,14,119,5,38,0
07-01 09:10:23,33.190,4.991,60.141,0.250,0,2641380,140600,175484,4966436,6172.778,1617.060,3.993,2719.057,0.998,297.459,2488,4608,1.920,1.630,0.900,1,0,71.869,0,0,14,119,5,39,0
07-01 09:10:24,21.033,7.512,70.361,0.751,0,2609248,172496,175488,4966668,7151.235,1622.549,0,1057.662,0,129.203,2596,4918,1.920,1.640,0.910,2,0,90.142,0,0,14,119,5,40,0
07-01 09:10:25,23.212,4.243,72.630,0,0,2657908,132432,175488,4958072,5783.475,1691.215,0,359.408,0,23.961,1314,2001,1.920,1.640,0.910,1,0,58.903,0,0,14,120,5,40,0
07-01 09:10:26,25.741,2.249,69.726,0.500,0,2662620,127896,175496,4958004,4821.313,1619.433,0,3266.857,0,244.914,2518,5783,1.920,1.640,0.910,1,0,1.999,0,0,14,123,5,39,0
07-01 09:10:27,18.271,11.263,68.829,0.501,0,2620392,167380,175496,4960716,5941.833,1715.973,2538.920,300.345,61.070,21.024,2719,4870,1.920,1.640,0.910,1,0,139.160,0,0,14,121,5,40,0
07-01 09:10:28,23.472,10.987,64.423,0,0,2664404,122572,175500,4961492,9482.630,1883.741,739.114,419.497,7.990,22.972,2465,3742,1.920,1.640,0.910,3,0,151.818,0,0,14,121,5,40,0
07-01 09:10:29,21.009,8.254,70.531,0.250,0,2633464,184404,175500,4931032,10727.763,1876.833,668.297,2277.011,9.004,325.144,2073,2889,1.850,1.630,0.910,2,0,83.037,0,0,14,121,5,41,0
07-01 09:10:30,8.996,19.491,70.718,0.250,0,2635808,182032,175500,4931060,5963.322,1729.224,23.989,151.932,1.999,9.996,2589,3724,1.850,1.630,0.910,2,0,253.886,0,0,14,121,5,41,0
07-01 09:10:31,10.252,20.504,67.763,0,0,2638980,178812,175500,4931108,5195.992,1620.309,0,176.034,0,15.003,2387,3479,1.850,1.630,0.910,2,0,250.048,0,0,14,121,5,41,0
07-01 09:10:32,19.804,17.799,61.919,0.251,0,2652220,165196,175500,4931492,5459.884,1624.428,288.787,184.503,16.044,13.036,4793,9564,1.850,1.630,0.910,3,0,174.476,0,0,14,121,5,41,0
07-01 09:10:33,32.750,21.500,45.500,0,0,2703700,132092,175628,4912988,6538.941,1619.985,131.999,2511.977,4.000,324.997,3303,5421,1.850,1.630,0.910,3,0,394.996,0,0,14,121,5,41,0
07-01 09:10:34,37.000,23.500,38.500,0.250,0,2766492,126880,175472,4856532,5723.034,1690.010,180.001,716.004,12.000,50.000,5882,13219,1.860,1.630,0.910,4,0,331.002,0,0,14,133,5,41,0
07-01 09:10:35,41.754,21.502,36.504,0.250,0,2853524,124340,175284,4774036,5415.536,1788.177,1064.105,4884.484,65.006,341.034,4843,8634,1.860,1.630,0.910,4,0,514.051,0,0,16,133,5,41,0
07-01 09:10:36,56.770,21.662,20.417,0.249,0,2965268,131052,175268,4658580,4748.730,1613.453,2812.587,235.046,175.289,17.927,4596,7623,1.860,1.630,0.910,3,0,399.379,0,0,16,133,5,41,0
07-01 09:10:37,56.192,21.824,21.574,0,0,3054764,135748,175232,4565948,7866.834,1462.990,2191.475,7108.246,129.442,512.749,6533,14430,1.860,1.630,0.910,2,0,465.588,0,0,16,151,5,41,0
07-01 09:10:38,26.490,22.241,50.230,0,0,3100032,131884,175240,4525640,6104.601,1619.364,743.708,231.909,95.962,15.994,3273,5316,1.860,1.630,0.910,1,0,424.833,0,0,17,151,5,41,0
07-01 09:10:39,17.507,17.257,65.026,0.250,0,3108540,132220,175240,4517388,5777.294,1730.687,920.365,584.232,56.022,48.019,4418,8571,1.710,1.610,0.910,0,0,221.088,0,0,17,151,5,41,0
07-01 09:10:40,28.254,19.753,49.757,0,0,3159356,126068,175244,4473360,6646.990,1620.241,56.008,364.054,1.000,23.003,4184,7587,1.710,1.610,0.910,2,0,506.075,0,0,17,151,5,41,0
07-01 09:10:41,39.016,19.258,40.767,0,0,3223072,131660,175248,4405476,5467.247,1620.666,16.007,16.007,3.001,4.002,5972,11610,1.710,1.610,0.910,3,0,294.121,0,0,17,157,5,41,0
07-01 09:10:42,38.500,25.250,35.000,0.750,0,3340204,130300,175256,4292360,8041.008,1764.002,60.000,2460.002,5.000,139.000,4499,11761,1.710,1.610,0.910,2,0,525.001,0,0,17,163,5,40,0
07-01 09:10:43,27.419,25.674,45.615,0,0,3413592,131072,175260,4219500,7551.655,1689.002,0,1016.991,0,76.773,5230,11100,1.710,1.610,0.910,1,0,529.433,0,0,17,169,5,40,0
07-01 09:10:44,10.766,20.530,67.848,0.250,0.250,3422072,122564,175260,4219528,5745.336,1608.334,0,753.093,0,52.076,3067,4762,1.660,1.600,0.910,1,0,266.387,0,0,17,175,5,40,0
07-01 09:10:45,15.756,16.756,65.025,0,0,3429384,120964,175264,4214228,6052.288,1734.656,0,2665.007,0,126.048,4825,10054,1.660,1.600,0.910,13,0,226.085,0,0,17,175,5,40,0
07-01 09:10:46,34.807,13.272,51.334,0,0,3503384,131924,175264,4130668,11596.996,1696.779,20.033,96.158,5.008,4.007,2379,3843,1.660,1.600,0.910,2,0,124.203,0,0,17,175,5,36,0
07-01 09:10:47,46.326,5.728,46.077,0,0,3616216,135096,175264,4016892,43514.169,1707.571,35.865,7607.358,2.989,576.828,2066,2476,1.660,1.600,0.910,2,0,3.985,0,0,17,177,5,36,0
07-01 09:10:48,38.119,13.542,47.649,0.502,0,3578276,223844,175268,3967260,6814.302,1625.080,1324.139,445.392,36.113,27.085,3258,7903,1.660,1.600,0.910,3,0,277.869,0,0,17,180,5,37,0
07-01 09:10:49,37.753,24.752,36.003,0,0,3644564,156420,175276,3968388,5992.443,1890.140,20.001,600.044,2.000,42.003,4123,10684,1.680,1.600,0.920,3,0,431.032,0,0,17,196,5,37,0
07-01 09:10:50,43.744,19.497,35.245,0.250,0,3639256,158664,175288,3971820,5675.211,1619.775,1479.794,327.954,31.996,16.998,5171,10206,1.680,1.600,0.920,3,0,323.955,0,0,17,197,5,37,0
07-01 09:10:51,75.002,17.000,8.000,0.250,0,3709668,193568,175300,3869132,5397.108,1714.034,368.007,732.015,13.000,55.001,3571,6617,1.680,1.600,0.920,8,0,187.004,0,0,17,210,5,37,0
07-01 09:10:52,79.745,16.249,3.000,0,0,3867052,127456,175412,3779708,4868.684,1457.905,455.970,1303.915,5.000,70.995,3876,8933,1.680,1.600,0.920,8,0,59.996,0,0,17,218,5,33,0
07-01 09:10:53,60.433,20.228,18.979,0,0,3883904,143608,175412,3747256,5881.466,1618.202,119.867,20509.214,6.992,817.092,5843,11378,1.680,1.600,0.920,4,0,253.718,0,0,17,221,5,39,0
07-01 09:10:54,46.811,27.536,24.282,0.250,0,3865884,163384,175416,3745920,5548.279,1622.128,0,592.778,0,41.054,6438,15069,1.870,1.640,0.930,5,0,471.619,0,0,17,221,5,40,0
07-01 09:10:55,53.748,20.499,23.249,0,0,3873848,158512,175420,3742508,6562.737,1661.934,12.000,543.978,3.000,39.998,8449,38555,1.870,1.640,0.930,4,0,358.986,0,0,17,221,5,37,0
07-01 09:10:56,55.478,22.991,20.242,0,0,3988232,120772,175428,3666676,7081.160,1619.351,0,16481.391,0,550.779,5944,12555,1.870,1.640,0.930,7,0,378.848,0,0,17,221,5,38,0
07-01 09:10:57,58.744,23.248,16.748,0,0,4036968,134764,175436,3604196,5605.400,1619.827,131.986,755.919,8.999,57.994,4584,14382,1.870,1.640,0.930,3,0,468.950,0,0,17,229,5,40,0
07-01 09:10:58,59.021,21.508,18.257,0,0,4076508,134004,175448,3566020,6130.201,1694.608,44.016,796.286,5.002,64.023,8456,22413,1.870,1.640,0.930,7,0,281.101,0,0,17,237,5,41,0
07-01 09:10:59,63.471,14.493,21.490,0.250,0,4181864,135224,175448,3461472,5634.442,1693.231,0,603.726,0,56.974,3198,5323,2.040,1.680,0.950,3,0,149.932,0,0,17,237,5,40,0
07-01 09:11:00,67.024,9.253,22.508,0.250,0,4227972,186456,175456,3366344,5917.118,1594.571,216.077,9947.561,15.005,802.287,4394,7663,2.040,1.680,0.950,5,0,12.004,0,0,17,249,5,48,0
07-01 09:11:01,52.257,26.504,20.503,0.500,0,4261524,151528,175456,3367704,5749.822,1784.255,1020.146,2000.286,38.005,195.028,6067,11721,2.040,1.680,0.950,5,0,473.068,0,0,17,252,5,38,0
07-01 09:11:02,48.392,22.949,27.439,0.499,0.249,4273428,135584,175540,3371992,5351.046,1616.389,4242.522,1703.195,71.840,89.799,6276,11606,2.040,1.680,0.950,3,0,405.095,0,0,17,252,5,38,0
07-01 09:11:03,68.258,19.002,12.251,0,0,4320540,142664,175540,3318684,5013.562,1620.181,816.091,692.078,9.001,45.005,4169,7405,2.040,1.680,0.950,4,0,207.023,0,0,18,255,5,38,0
07-01 09:11:04,74.144,16.031,9.518,0.250,0,4404432,153716,175552,3225940,5756.144,1623.142,785.521,833.614,10.019,48.093,2549,3922,2.200,1.720,0.970,4,0,49.095,0,0,18,255,5,40,0
07-01 09:11:05,44.134,16.955,37.651,0.499,0,4431388,138148,175576,3214640,7248.935,2650.030,877.692,881.681,13.963,60.840,5385,9499,2.200,1.720,0.970,1,0,222.415,0,0,18,257,5,42,0
07-01 09:11:06,19.789,4.759,74.395,0,0,4442792,141476,175576,3199908,11766.946,3086.018,769.501,348.680,6.012,20.039,1653,2351,2.200,1.720,0.970,1,0,9.018,0,0,18,256,5,42,0
07-01 09:11:07,19.184,7.474,71.753,0.498,0,4455820,128484,175576,3199944,18722.501,4302.179,542.132,1845.642,5.979,112.612,2241,3564,2.200,1.720,0.970,2,0,8.969,0,0,18,260,5,42,0
07-01 09:11:08,20.513,6.504,72.297,0.250,0,4448904,135388,175576,3199956,5813.750,1567.011,768.496,724.467,6.004,31.020,2221,3938,2.200,1.720,0.970,3,0,11.007,0,0,18,265,5,42,0
07-01 09:11:09,23.344,12.299,64.760,0.251,0,4434204,153652,175572,3196680,16622837.579,146854.888,2891.595,236.950,37.149,19.076,8017,5594,2.180,1.730,0.970,2,0,107.431,0,0,18,263,5,41,0
07-01 09:11:10,17.439,10.962,69.507,0.249,0,4472632,129216,175572,3182688,9129.112,1656.215,207.276,414.552,8.969,42.850,2671,4089,2.180,1.730,0.970,1,0,161.436,0,0,18,269,5,41,0
07-01 09:11:11,24.976,4.995,68.934,0.749,0,4498092,131520,175572,3155220,8477.836,1660.401,287.723,11361.059,9.990,1006.031,3683,6489,2.180,1.730,0.970,2,0,1.998,0,0,18,279,5,41,0
07-01 09:11:12,25.600,6.023,68.265,0.251,0,4500480,133520,175572,3150896,4976.353,1626.325,437.702,770.998,22.086,89.347,3731,8056,2.180,1.730,0.970,1,1,2.008,0,0,18,282,5,43,0
07-01 09:11:13,11.712,17.443,67.779,0.249,0,4456644,177312,175572,3150980,6950.321,1656.595,155.493,422.621,5.980,23.922,3031,4833,2.180,1.730,0.970,1,0,299.024,0,0,18,279,5,41,0
07-01 09:11:14,18.742,9.996,70.221,0,0,4508448,125312,175572,3151176,4806.006,1585.342,159.934,275.886,1.999,14.994,2078,3294,2.090,1.710,0.970,1,0,166.931,0,0,18,279,5,41,0
07-01 09:11:15,14.247,12.747,71.235,0,0,4451592,188464,175572,3144952,4972.941,1693.639,3.999,279.940,1.000,14.997,2230,3249,2.090,1.710,0.970,1,0,154.967,0,0,18,279,5,40,0
07-01 09:11:16,9.513,19.778,69.849,0.501,0,4457908,182116,175576,3144980,4963.018,1736.455,0,17308.474,0,94.133,2899,4489,2.090,1.710,0.970,1,0,251.355,0,0,18,279,5,40,0
07-01 09:11:17,8.977,17.206,72.064,0,0,4453168,186804,175576,3145032,44284.878,1615.836,19.949,151.609,2.992,14.961,2850,4221,2.090,1.710,0.970,0,0,255.342,0,0,18,279,5,38,0
07-01 09:11:18,5.023,3.265,91.168,0.251,0,4461592,178364,175580,3145044,10259.038,1701.803,0,16431.338,0,61.281,1558,2654,2.090,1.710,0.970,2,0,9.041,0,0,18,279,5,38,0
07-01 09:11:19,24.224,2.747,71.673,0,0,4512016,127936,175580,3145048,6670.802,1618.254,0,0,0,0,1496,2189,2,1.700,0.970,3,0,2.997,0,0,18,282,5,38,0
07-01 09:11:20,13.462,14.460,70.304,0,0,4447628,192244,175584,3145108,7303.652,1615.499,7.978,199.444,1.994,24.931,2683,4069,2,1.700,0.970,1,0,163.544,0,0,18,287,5,39,0
07-01 09:11:21,11.730,16.721,69.379,0.250,0,4452032,187628,175584,3145320,9462.535,1595.224,0,55.903,0,3.993,2669,3989,2,1.700,0.970,3,0,170.703,0,0,18,287,5,38,0
07-01 09:11:22,11.532,18.551,68.691,0.501,0,4452072,187508,175584,3145400,6401.765,1698.714,52.145,156.434,3.008,15.042,2872,4389,2,1.700,0.970,3,0,197.548,0,0,18,289,5,38,0
07-01 09:11:23,23.248,5.499,70.744,0,0,4517552,135732,175584,3131696,6936.369,1639.851,167.985,3631.670,3.000,412.962,1953,2806,2,1.700,0.970,1,0,15.999,0,0,18,291,5,37,0
07-01 09:11:24,23.953,4.491,70.860,0.499,0,4562612,133912,175584,3088728,4932.283,1690.669,299.410,171.662,17.965,11.976,1545,2254,1.920,1.690,0.970,1,0,1.996,0,0,18,295,5,37,0
07-01 09:11:25,23.782,2.754,71.346,0.250,0,4490148,205920,175584,3089184,5848.902,1716.319,432.584,296.400,28.038,23.031,1578,2438,1.920,1.690,0.970,1,0,5.007,0,0,18,291,5,36,0
07-01 09:11:26,25.267,2.502,71.548,0,0,4550232,145692,175584,3089328,6506.320,1789.188,60.040,172.114,15.010,16.011,1472,2241,1.920,1.690,0.970,1,0,4.003,0,0,18,291,5,36,0
07-01 09:11:27,24.487,4.498,70.961,0,0,4471800,224092,175584,3089360,5466.999,1619.111,7.996,211.884,1.999,10.994,1889,2935,1.920,1.690,0.970,1,0,15.991,0,0,18,291,5,36,0
07-01 09:11:28,25.589,2.760,71.499,0.251,0,4507080,188812,175584,3089360,5584.445,1611.612,0,220.769,0,23.080,1567,2432,1.920,1.690,0.970,2,0,2.007,0,0,18,291,5,36,0
07-01 09:11:29,12.501,15.502,70.007,0,0,4461516,232996,175596,3090728,5302.525,1714.170,1500.149,548.054,21.002,34.003,2726,4402,1.770,1.660,0.970,1,0,223.022,0,0,18,291,5,35,0
07-01 09:11:30,12.220,15.961,70.326,0,0,4472788,221608,175596,3090844,5716.868,1763.640,15.961,167.586,3.990,8.978,2673,4228,1.770,1.660,0.970,2,0,285.295,0,0,18,291,5,35,0
07-01 09:11:31,21.550,6.515,71.666,0,0,4502608,191276,175624,3091328,6545.126,1569.627,489.130,112.259,22.051,4.009,1773,2695,1.770,1.660,0.970,3,0,78.181,0,0,18,291,5,35,0
07-01 09:11:32,23.997,5.749,69.241,0.250,0,4513832,179740,175628,3091572,5464.290,1713.777,215.972,203.973,11.998,3.999,9290,18469,1.770,1.660,0.970,1,1,11.998,0,0,18,291,5,35,0
07-01 09:11:33,19.694,1.745,77.029,0.499,0,4495608,195896,175804,3093272,13528.242,5684.713,7.977,1364.092,1.994,64.814,1728,2895,1.770,1.660,0.970,1,0,0.997,0,0,18,292,6,35,0
07-01 09:11:34,24.502,5.750,69.255,0,0,4519204,172208,175804,3093284,5139.344,1788.120,0,136.009,0,10.001,8994,18424,1.700,1.650,0.970,1,0,12.001,0,0,18,292,6,35,0
07-01 09:11:35,15.299,13.292,71.226,0,0,4468384,223284,175804,3093028,4954.711,1691.363,0,92.293,0,3.010,2584,4212,1.700,1.650,0.970,1,0,264.840,0,0,18,291,6,35,0
07-01 09:11:36,24.429,2.493,72.290,0,0,4520352,171120,175804,3093224,5266.721,1852.626,0,0,0,0,1488,2328,1.700,1.650,0.970,1,0,2.991,0,0,18,294,6,36,0
07-01 09:11:37,21.976,5.993,71.671,0,0,4496324,195100,175804,3093272,5366.049,1618.205,23.973,0,1.998,0,2159,3327,1.700,1.650,0.970,2,0,113.874,0,0,18,291,6,37,0
07-01 09:11:38,22.016,6.255,70.803,0,0,4488684,202724,175804,3093288,5445.062,1621.209,0,448.334,0,30.022,2061,3532,1.700,1.650,0.970,1,0,72.054,0,0,18,291,6,37,0
07-01 09:11:39,23.313,4.512,71.442,0.501,0,4470580,220812,175804,3093304,5838.712,1698.571,0,228.615,0,27.073,1815,2781,1.650,1.640,0.970,2,0,30.081,0,0,18,291,6,37,0
07-01 09:11:40,24.258,3.501,71.774,0,0,4522360,169020,175804,3093316,5728.925,1734.583,0,48.016,0,4.001,1569,2166,1.650,1.640,0.970,1,0,28.009,0,0,18,291,6,37,0
07-01 09:11:41,24.650,4.482,70.714,0,0,4507364,183928,175804,3093404,6704.912,1599.538,7.968,11.952,1.992,1.992,1798,2695,1.650,1.640,0.970,1,0,33.863,0,0,18,291,6,41,0
07-01 09:11:42,23.500,4.250,71.249,0.250,0,4488768,202364,175804,3093564,5409.940,1619.982,0,391.996,0,39.000,2158,3396,1.650,1.640,0.970,1,0,48.999,0,0,18,291,6,41,0
07-01 09:11:43,25.263,5.253,69.537,0,0,4471568,219536,175804,3093588,5662.979,1620.853,0,232.122,0,23.012,2002,3156,1.650,1.640,0.970,3,0,34.018,0,0,18,291,6,43,0
07-01 09:11:44,25.024,3.003,70.567,0,0,4453476,237612,175804,3093604,5597.312,1621.539,0,320.304,0,35.033,1886,2962,1.600,1.630,0.970,1,0,8.008,0,0,18,291,6,43,0
07-01 09:11:45,22.058,5.264,72.188,0,0,4516860,174220,175804,3093612,5637.697,1624.234,0,176.460,0,10.026,1752,2867,1.600,1.630,0.970,1,0,82.214,0,0,18,291,6,43,0
07-01 09:11:46,22.989,4.748,71.715,0.250,0,4508960,182096,175804,3093636,4993.568,1693.175,0,411.799,0,22.989,1794,2842,1.600,1.630,0.970,1,0,49.976,0,0,18,291,6,45,0
07-01 09:11:47,22.181,4.735,71.279,0,0,4495776,195240,175804,3093676,44883.950,1614.997,27.914,167.481,6.978,15.951,1846,2792,1.600,1.630,0.970,1,0,15.951,0,0,18,291,6,46,0
07-01 09:11:48,30.797,5.759,61.343,0.751,0,4527884,162204,175804,3094688,5257.001,1608.448,592.902,1486.262,52.079,181.276,3940,9657,1.600,1.630,0.970,1,0,34.052,0,0,18,293,6,49,0
07-01 09:11:49,26.286,4.256,69.344,0,0,4513672,176080,175808,3094936,6766.216,1716.338,0,428.584,0,29.040,2563,4523,1.550,1.620,0.970,2,0,7.010,0,0,18,294,6,49,0
07-01 09:11:50,25.020,6.505,66.554,1.251,0,4456196,233256,175812,3095232,7194.813,1715.386,80.065,4363.526,6.005,340.275,4588,8517,1.550,1.620,0.970,2,0,135.109,0,0,18,293,6,48,0
07-01 09:11:51,11.502,19.254,67.263,0,0,4476904,212504,175812,3095276,5143.029,1620.324,0,568.114,0,44.009,4335,7760,1.550,1.620,0.970,1,0,672.134,0,0,18,293,6,48,0
07-01 09:11:52,10.002,20.254,67.764,0,0,4474144,215232,175812,3095308,7407.578,1620.345,0,388.083,0,33.007,4192,7239,1.550,1.620,0.970,1,0,654.139,0,0,18,293,6,48,0
07-01 09:11:53,9.502,21.755,68.016,0,0,4480576,208764,175816,3095340,6233.477,1620.384,0,1540.365,0,97.023,4182,7427,1.550,1.620,0.970,2,0,658.156,0,0,18,293,6,48,0
07-01 09:11:54,10.721,20.694,67.816,0.249,0,4484260,205040,175816,3095380,7664.215,1701.386,0,4783.028,0,503.634,4381,7126,1.500,1.610,0.970,2,0,636.274,0,0,18,293,6,41,0
07-01 09:11:55,10.012,20.275,68.585,0,0,4479108,210140,175816,3095416,5176.408,1533.899,0,144.178,0,17.021,4318,7772,1.500,1.610,0.970,2,0,746.925,0,0,18,293,6,41,0
07-01 09:11:56,17.773,11.014,70.842,0,0,4500684,270696,176036,3021976,5441.046,1622.101,12.016,24.031,3.004,3.004,8598,17678,1.500,1.610,0.970,2,0,232.301,0,0,18,293,6,40,0
07-01 09:11:57,20.168,4.233,73.699,0,0,4523192,237624,176500,3030764,5460.709,2761.727,7.967,7.967,0.996,1.992,7011,13545,1.500,1.610,0.970,1,0,3.984,0,0,18,294,6,40,0
07-01 09:11:58,7.017,1.504,89.716,0,0.251,4523192,237624,176500,3030764,10471.204,2743.604,0,2999.219,0,55.133,1620,2966,1.500,1.610,0.970,1,0,0,0,0,18,294,6,37,0
07-01 09:11:59,15.713,1.496,81.309,0.499,0,4527672,232836,176500,3031040,16838.346,7682.907,75.821,889.904,8.979,52.875,1900,3012,1.460,1.600,0.970,5,0,0,0,0,18,295,6,37,0
07-01 09:12:00,12.719,1.247,83.048,0.998,0,4528816,231100,176500,3031600,22712.808,12181.399,411.001,1636.024,38.905,77.811,1948,3357,1.460,1.600,0.970,2,0,0,0,0,18,295,6,35,0
07-01 09:12:01,15.591,1.509,81.980,1.006,0,4547104,211948,176500,3032432,19521.415,9927.183,671.938,1215.122,32.189,46.271,1636,2516,1.460,1.600,0.970,1,0,1.006,0,0,18,295,6,35,0
07-01 09:12:02,14.718,0.998,82.571,0.499,0,4548004,210688,176500,3032760,19148.601,10541.210,227.508,1225.351,24.946,48.894,1516,2305,1.460,1.600,0.970,1,0,0,0,0,18,295,6,28,0
07-01 09:12:03,16.037,1.503,81.438,0.501,0,4553096,204920,176500,3033404,17909.353,10017.130,553.278,1274.944,30.069,49.113,1519,2560,1.460,1.600,0.970,2,0,0,0,0,18,294,6,28,1
07-01 09:12:04,35.503,8.001,55.004,1.250,0,4581676,151104,176500,3058016,10263.770,5054.379,7916.594,1328.100,118.009,57.004,2117,3063,1.510,1.600,0.980,3,0,8.001,0,0,18,294,6,25,1
07-01 09:12:05,28.898,7.224,62.529,1.495,0,4583248,134828,176500,3071004,6272.857,1781.711,510.199,4304.804,3.986,120.574,1937,2913,1.510,1.600,0.980,1,0,3.986,0,0,18,294,6,25,1
07-01 09:12:06,22.501,3.000,72.503,1.000,0,4576616,129436,176860,3080380,5997.216,1714.062,0,8840.318,0,499.018,1968,3231,1.510,1.600,0.980,1,0,1.000,0,0,18,294,6,23,1
07-01 09:12:07,23.811,3.509,72.938,0.251,0,4523252,196336,176900,3066308,6223.062,2033.248,437.128,850.194,7.018,32.083,1543,2269,1.510,1.600,0.980,1,0,5.013,0,0,18,293,6,23,0
07-01 09:12:08,24.485,5.996,68.457,0.250,0,4517160,200844,176988,3067772,5808.335,1457.081,0,2446.456,0,27.982,10053,20020,1.510,1.600,0.980,1,0,12.992,0,0,18,293,6,23,0
07-01 09:12:09,25.009,5.002,69.026,0.250,0,4530004,187968,176992,3067796,7041.648,1714.645,0,772.290,0,44.017,9572,19088,1.470,1.590,0.980,1,0,13.005,0,0,18,293,6,23,0
07-01 09:12:10,23.536,3.255,72.361,0.501,0,4503196,214756,176992,3067772,5273.073,1622.484,0,576.883,0,32.049,2775,4719,1.470,1.590,0.980,2,0,55.084,0,0,18,293,6,23,0
07-01 09:12:11,24.748,6.250,66.746,0.250,0,4538060,179844,176992,3067792,4969.687,1693.893,0,75267.258,0,207.987,11923,23945,1.470,1.590,0.980,1,0,10.999,0,0,18,293,6,23,0
07-01 09:12:12,21.916,7.969,68.487,0,0,4549068,168756,176992,3067900,6203.143,1687.510,0,91.648,0,2.989,13721,27821,1.470,1.590,0.980,1,0,13.946,0,0,18,293,6,19,0
07-01 09:12:13,23.089,4.517,72.028,0,0,4520584,197348,176992,3067792,7889.422,1837.084,0,120.465,0,10.039,1590,2303,1.470,1.590,0.980,1,0,13.050,0,0,18,293,6,19,0
07-01 09:12:14,24.477,2.747,71.683,0,0,4488164,229792,176992,3067796,6092.316,1712.402,0,335.687,0,7.993,1841,2734,1.430,1.580,0.980,1,0,67.937,0,0,18,293,6,18,0
07-01 09:12:15,23.263,5.003,70.040,0,0,4519320,180928,177768,3082628,5507.139,1720.981,0,8.005,0,2.001,14226,28323,1.430,1.580,0.980,1,0,36.021,0,0,18,293,5,18,0
07-01 09:12:16,9.218,1.495,89.188,0,0,4526400,172612,177852,3083620,9297.468,3739.914,0,0,0,0,1267,2064,1.430,1.580,0.980,0,0,3.986,0,0,18,294,5,18,0
07-01 09:12:17,12.248,1.750,84.738,0,0,4526392,172388,177864,3083804,53558.288,6444.072,7.999,1623.766,1.000,15.998,1348,1846,1.430,1.580,0.980,1,0,0,0,0,18,295,5,18,0
07-01 09:12:18,18.709,0.748,79.577,0.499,0,4529232,169364,177928,3083884,23765.239,13053.569,0,1540.644,0,74.837,1808,2969,1.430,1.580,0.980,1,0,0,0,0,18,295,5,18,0
07-01 09:12:19,7.768,0.752,90.710,0.251,0,4528948,169364,177992,3084072,48360.147,9438.889,0,825.915,0,30.070,1345,2057,1.310,1.560,0.970,1,0,0,0,0,18,296,5,18,0
07-01 09:12:20,5.498,1.000,91.722,0.500,0,4529820,168132,178088,3084268,114819.636,7380.727,15.995,1243.617,1.000,67.979,1445,2482,1.310,1.560,0.970,0,0,0,0,0,18,296,5,18,0
07-01 09:12:21,18.758,1.000,79.285,0.500,0,4550496,147272,178132,3084376,19186.365,9715.236,20.009,1028.448,3.001,37.016,1449,2250,1.310,1.560,0.970,1,0,0,0,0,18,296,5,16,0
07-01 09:12:22,16.759,1.751,81.541,0.250,0,4553992,143572,178196,3084496,24018.201,13509.863,0,1624.825,0,123.063,1664,2421,1.310,1.560,0.970,2,0,0,0,0,18,295,5,16,1
07-01 09:12:23,11.775,2.004,83.679,1.002,0,4559456,137356,178412,3084912,269386.872,18677.859,24.051,1912.080,4.009,88.188,1731,2721,1.310,1.560,0.970,0,0,0,0,0,18,295,5,16,1
07-01 09:12:24,10.969,1.745,84.761,0.748,0,4562104,134080,178644,3085156,124839.452,15444.508,95.730,1946.519,5.983,93.736,1750,2603,1.290,1.550,0.970,1,0,0,0,0,18,295,5,16,1
07-01 09:12:25,11.999,2.750,84.491,0.750,0,4564272,120276,178724,3096576,4709300.105,49463.707,4.000,5483.413,1.000,44.995,3218,3268,1.290,1.550,0.970,1,0,2.000,0,0,18,295,5,16,1
07-01 09:12:26,7.000,3.000,86.252,0.500,0,4563220,133960,178832,3083808,12768420.905,66853.471,144.003,13288.292,4.000,57.001,4682,3678,1.290,1.550,0.970,0,0,5.000,0,0,18,295,5,16,1
07-01 09:12:27,19.015,3.002,77.062,1.001,0,4571216,129632,179360,3078288,401065.462,6178.999,28.023,2185.768,2.002,118.096,1663,2438,1.290,1.550,0.970,1,0,0,0,0,18,295,5,16,1
07-01 09:12:28,22.500,4.000,70.750,1.000,0,4566040,124196,182364,3082664,6000.994,1693.998,0,5271.995,0,127.000,1885,3254,1.290,1.550,0.970,5,0,0,0,0,18,295,5,16,1
07-01 09:12:29,23.562,3.509,71.687,1.003,0,4576564,128444,183224,3065392,5084.285,1630.260,0,2855.461,0,135.354,1937,3377,1.260,1.540,0.970,0,1,0,0,0,18,295,5,15,1
07-01 09:12:30,23.179,2.742,72.031,0.748,0,4565740,130540,184272,3070396,6067.524,1802.511,15.951,2923.099,0.997,125.617,1726,3113,1.260,1.540,0.970,1,0,0,0,0,18,295,5,15,1
07-01 09:12:31,23.994,3.749,71.983,0.250,0,4562940,127036,186072,3072596,4577.942,1713.604,0,2579.404,0,55.987,1481,2658,1.260,1.540,0.970,1,0,0,0,0,18,295,5,15,1
07-01 09:12:32,17.259,2.251,78.542,0.750,0,4578792,138880,186692,3043128,11682.250,4295.298,20.011,2717.454,3.002,91.049,1596,2535,1.260,1.540,0.970,1,0,0,0,0,18,293,5,15,0
07-01 09:12:33,24.240,3.249,72.470,0,0,4530936,185712,186692,3044172,6909.126,1619.326,0,291.879,0,58.975,1434,2130,1.260,1.540,0.970,1,0,5.998,0,0,18,293,5,15,0
07-01 09:12:34,23.830,6.773,69.484,0,0,4520224,196044,186692,3044512,5097.193,1625.483,0,84.284,0,1.003,10094,20178,1.240,1.530,0.970,1,0,12.041,0,0,18,293,5,15,0
07-01 09:12:35,23.667,5.481,69.754,0,0,4534308,181932,186692,3044532,4971.471,1614.308,0,23.916,0,5.979,9117,18590,1.240,1.530,0.970,1,0,12.954,0,0,18,293,5,15,0
07-01 09:12:36,23.751,3.750,71.752,0,0,4509932,205800,186692,3045040,6511.189,1586.046,168.005,108.003,4.000,5.000,1359,2110,1.240,1.530,0.970,1,0,7.000,0,0,18,293,5,15,0
07-01 09:12:37,23.090,4.267,70.023,1.255,0,4527208,184972,186860,3047888,5352.833,1740.775,823.204,10785.979,28.109,204.797,3987,8307,1.240,1.530,0.970,1,0,2.008,0,0,18,298,5,17,0
07-01 09:12:38,21.231,9.492,66.692,1.499,0,4476444,234872,186864,3048744,6617.223,1712.505,599.477,7017.873,32.971,699.389,5349,10883,1.240,1.530,0.970,1,0,247.784,0,0,18,295,5,21,0
07-01 09:12:39,11.715,11.715,70.043,5.235,0,4474680,230416,186864,3054952,5422.986,1615.230,6213.651,586.269,1002.041,19.941,3528,5926,1.220,1.520,0.970,0,1,200.408,0,0,18,295,5,23,0
07-01 09:12:40,2.748,2.248,93.417,0.250,0,4475236,229464,186864,3055312,11533.781,4179.297,279.752,1486.683,19.982,56.950,1373,2454,1.220,1.520,0.970,0,0,5.995,0,0,18,296,5,23,0
07-01 09:12:41,2.501,1.000,95.530,0,0,4475236,229464,186864,3055312,39723.473,5410.699,0,88.028,0,10.003,1084,1892,1.220,1.520,0.970,0,0,0,0,0,18,296,5,19,0
07-01 09:12:42,2.251,0.750,95.291,0,0,4475364,229240,186864,3055408,220310.293,3931.683,0,15306.551,0,303.130,1239,1943,1.220,1.520,0.970,0,0,2.001,0,0,18,296,5,19,0
07-01 09:12:43,5.250,1.500,91.244,0,0,4453480,250032,186956,3056528,75843.146,130455.651,443.972,915.941,9.999,10.999,1500,2352,1.220,1.520,0.970,0,0,12.999,0,0,18,295,5,17,0
07-01 09:12:44,2.250,0.500,96.263,0,0,4453480,250032,186956,3056528,7807.023,1640.215,0,0,0,0,1065,1809,1.120,1.500,0.970,0,0,0,0,0,18,295,5,17,0
07-01 09:12:45,1.000,0.500,96.242,0,0,4453480,250032,186956,3056528,5147.588,1619.870,0,0,0,0,1027,1772,1.120,1.500,0.970,0,0,0,0,0,18,295,5,17,0
07-01 09:12:46,1.750,0.500,96.247,0,0,4453480,250032,186956,3056528,6040.819,1807.946,0,0,0,0,1125,2001,1.120,1.500,0.970,0,0,1.000,0,0,18,295,5,17,0
07-01 09:12:47,1.750,2.500,94.496,0.250,0,4455188,248244,186956,3056532,45141.059,1689.927,0,16911.273,0,72.997,1455,2325,1.120,1.500,0.970,0,0,0,0,0,18,295,5,14,0
07-01 09:12:48,4.750,2.500,91.006,0.750,0,4455492,247900,186956,3056572,6942.444,1620.104,20.001,1128.072,2.000,190.012,2057,3723,1.120,1.500,0.970,1,0,12.001,0,0,18,295,5,14,0
07-01 09:12:49,5.250,2.000,90.747,0,0,4433944,269448,186956,3056572,7081.752,1619.943,0,71.997,0,9.000,1638,4224,1.030,1.470,0.960,1,0,21.999,0,0,18,295,5,12,0
07-01 09:12:50,1.501,0.500,96.318,0,0,4433944,269448,186956,3056572,6031.252,1513.067,0,408.288,0,28.020,1057,1877,1.030,1.470,0.960,0,0,0,0,0,18,295,5,12,0
07-01 09:12:51,2.249,1.499,95.187,0,0,4433940,269448,186956,3056576,5455.367,1618.922,0,0,0,0,1081,1891,1.030,1.470,0.960,0,0,0,0,0,18,295,5,11,0
07-01 09:12:52,5.500,1.750,91.997,0,0,4433824,269448,186956,3056692,7164.778,1565.951,0,0,0,0,2062,3893,1.030,1.470,0.960,0,0,0,0,0,18,295,5,11,0
07-01 09:12:53,4.750,1.000,92.741,0,0,4433820,269448,186956,3056696,5190.476,1693.829,0,0,0,0,1378,2343,1.030,1.470,0.960,0,0,0,0,0,18,295,5,13,0
07-01 09:12:54,3.250,0.750,94.506,0,0,4434064,269196,186956,3056704,5927.379,1694.108,0,120.008,0,14.001,1373,2253,0.950,1.450,0.960,1,0,0,0,0,18,295,5,13,0
07-01 09:12:55,2.001,0.750,96.279,0,0,4434064,269196,186956,3056704,6920.090,1714.518,0,0,0,0,1025,1760,0.950,1.450,0.960,0,0,0,0,0,18,295,5,13,0
07-01 09:12:56,1.250,0.500,95.973,0.250,0,4434312,268948,186956,3056704,5100.557,1679.525,0,759.785,0,121.965,1114,2000,0.950,1.450,0.960,0,0,2.999,0,0,18,295,5,13,0
07-01 09:12:57,1.500,1.000,96.004,0,0.250,4434308,268948,186956,3056708,7576.280,1620.060,0,4480.166,0,24.001,1170,1904,0.950,1.450,0.960,0,0,0,0,0,18,295,5,13,0
07-01 09:12:58,2.000,0.500,94.744,0.500,0,4434276,268948,186956,3056736,6320.614,1713.895,19.999,755.954,2.000,57.996,1475,2815,0.950,1.450,0.960,0,0,0,0,0,18,295,5,13,0
07-01 09:12:59,2.500,1.500,94.249,0.250,0,4434272,268948,186956,3056740,6029.958,1565.989,0,227.998,0,30.000,1491,2524,0.870,1.420,0.950,1,0,0,0,0,18,295,5,13,0
07-01 09:13:00,1.250,0.250,96.752,0,0,4434272,268948,186956,3056740,6057.139,1780.041,0,8.000,0,2.000,1005,1687,0.870,1.420,0.950,0,0,0,0,0,18,295,5,13,0
07-01 09:13:01,2.002,0.751,96.095,0,0,4434272,268948,186956,3056740,5189.132,1621.604,0,200.198,0,15.015,1149,1972,0.870,1.420,0.950,0,0,0,0,0,18,295,5,13,0
07-01 09:13:02,1.749,0.749,95.922,0,0,4434268,268948,186956,3056744,4855.038,1618.679,0,51.958,0,5.995,1153,1904,0.870,1.420,0.950,0,0,0,0,0,18,295,5,13,0
07-01 09:13:03,1.749,3.499,91.969,0.500,0,4442916,260072,186956,3056752,5994.968,1925.347,0,132691.018,0,486.835,2531,4124,0.870,1.420,0.950,1,0,0,0,0,18,295,6,13,0
07-01 09:13:04,18.256,6.502,74.273,0,0,4460980,241992,186956,3056756,7251.291,1788.565,768.243,544.172,6.002,116.037,1548,2147,0.890,1.410,0.950,0,0,9.003,0,0,18,295,6,13,0
07-01 09:13:05,9.507,2.502,86.814,0,0,4446108,256860,186956,3056760,6358.661,1621.188,256.188,0,2.001,0,1335,1965,0.890,1.410,0.950,0,0,3.002,0,0,18,295,6,13,0
07-01 09:13:06,2.248,0.250,95.917,0,0,4446108,256860,186956,3056760,5527.224,1786.457,0,3.997,0,0.999,1142,2003,0.890,1.410,0.950,0,0,0.999,0,0,18,295,6,13,0
07-01 09:13:07,3.000,0.750,94.499,0,0,4446096,256860,186956,3056772,6542.902,1565.977,0,283.996,0,23.000,1365,2346,0.890,1.410,0.950,0,0,0,0,0,18,295,6,13,0
07-01 09:13:08,2.000,1.000,94.251,0.500,0.250,4447568,255488,186956,3056776,6522.059,1704.015,4.000,4036.036,1.000,45.000,1564,2874,0.890,1.410,0.950,0,0,0,0,0,18,295,6,13,0
07-01 09:13:09,3.000,1.250,94.759,0.250,0,4447564,255488,186956,3056780,5387.496,1586.146,0,252.023,0,32.003,1370,2334,0.810,1.390,0.950,0,0,0,0,0,18,295,6,13,0
07-01 09:13:10,2.500,1.500,95.489,0,0,4447560,255488,186956,3056784,5136.425,1861.791,0,191.978,0,21.998,1210,2133,0.810,1.390,0.950,0,0,0,0,0,18,295,6,13,0
07-01 09:13:11,2.249,1.250,96.476,0,0,4447560,255488,186956,3056784,6483.373,1713.570,0,107.973,0,7.998,1046,1853,0.810,1.390,0.950,2,0,0,0,0,18,295,6,13,0
07-01 09:13:12,1.501,0.500,95.832,0.250,0,4447560,255488,186956,3056784,6478.533,1715.465,0,384.328,0,29.025,1114,1911,0.810,1.390,0.950,0,0,0,0,0,18,295,6,13,0
07-01 09:13:13,0.999,0.749,96.419,0,0,4447556,255488,186956,3056784,5841.117,527.559,0,3868.766,0,90.924,1057,1926,0.810,1.390,0.950,0,0,0,0,0,18,295,6,13,0
07-01 09:13:14,7.752,3.001,88.024,0.250,0,4457876,245072,186988,3056816,223237.944,5649.542,32.009,608.166,4.001,125.034,1486,2124,0.750,1.370,0.940,1,0,19.005,0,0,18,295,6,13,0
07-01 09:13:15,12.548,5.019,82.317,0,0,4472508,230044,187000,3057200,349121.722,9761.543,289.112,176.680,10.039,4.015,1758,2296,0.750,1.370,0.940,3,0,33.127,0,0,18,295,6,13,0
