"pcp-dstat 6.2.0 CSV Output"
"Author:","PCP team <pcp@groups.io> and Dag Wieers <dag@wieers.com>",,,,"URL:","https://pcp.io/ and http://dag.wieers.com/home-made/dstat/"
"Host:","ubuntu",,,,"User:","ubuntu"
"Cmdline:","dstat -tcmndrylpg --tcp --output /tmp/devstack_logs/dstat-csv.log",,,,"Date:","24 Apr 2026 03:49:42 UTC"
"system","total usage",,,,,"memory usage",,,,"net/total",,"dsk/total",,"io/total",,"system",,"load avg",,,"procs",,,"paging",,"tcp sockets",,,,
"time","total usage:usr","total usage:sys","total usage:idl","total usage:wai","total usage:stl","used","free","buf","cach","net/total:recv","net/total:send","dsk/total:read","dsk/total:writ","read","writ","int","csw","1m","5m","15m","run","blk","new","in","out","lis","act","syn","tim","clo"
24-04 03:49:42,,985744,1415948,167812,5239516,,,,,,,1.130,1.020,0.570,1,0,,,,10,5,0,17,0
24-04 03:49:43,11.249,20.248,66.744,0,0,988256,1413240,167864,5239620,28500.593,5330.550,0,603.949,0,27.998,5324,3715,1.200,1.030,0.580,1,0,317.973,0,0,10,6,0,17,0
24-04 03:49:44,16.493,22.240,59.474,0.500,0,981556,1419172,168024,5240088,24417.425,13847.003,0,1819.212,0,55.976,5466,3864,1.200,1.030,0.580,1,0,329.857,0,0,10,6,0,17,0
24-04 03:49:45,27.760,18.757,52.019,0.250,0,987424,1412584,168164,5240468,41249.095,12718.654,0,5065.854,0,69.025,6011,6231,1.200,1.030,0.580,1,0,300.110,0,0,10,5,0,17,1
24-04 03:49:46,33.497,16.749,48.996,0.500,0,1014084,1385232,168304,5240876,24445.827,12592.881,0,1607.857,0,46.996,6670,7724,1.200,1.030,0.580,3,0,191.983,0,0,10,4,0,17,2
24-04 03:49:47,26.949,10.979,60.137,0.749,0,1159996,1212300,169080,5389804,177005.136,7739.446,0,2674.970,0,97.816,3865,3096,1.200,1.030,0.580,2,0,92.825,0,0,11,6,0,17,2
24-04 03:49:48,37.199,14.480,47.435,0.499,0,1171320,1179732,169772,5407800,4142.343,1186.380,0,2057.190,0,61.915,4772,3527,1.270,1.050,0.590,3,0,189.741,0,0,11,6,0,19,2
24-04 03:49:49,43.937,6.241,48.181,0.499,0,1258128,1070208,170428,5427812,5198.565,1563.763,31.954,3275.315,1.997,65.906,3244,2326,1.270,1.050,0.590,2,0,0.999,0,0,11,6,0,19,2
24-04 03:49:50,41.935,6.027,48.464,2.762,0,1293216,1013244,171608,5445724,4399.434,1627.188,0,11161.303,0,640.831,5003,6218,1.270,1.050,0.590,2,0,10.044,0,0,11,8,0,19,2
24-04 03:49:51,32.210,7.241,44.694,13.983,0,1303252,969044,173380,5475424,4374.554,1617.986,0,55966.320,0,4605.266,16772,32205,1.270,1.050,0.590,3,0,71.910,0,0,11,8,0,19,2
24-04 03:49:52,38.023,8.755,49.280,2.502,0,1246712,1038904,173856,5461264,10863.709,4349.686,0,26252.213,0,1451.897,6568,9165,1.270,1.050,0.590,4,0,77.048,0,0,11,4,0,19,0
24-04 03:49:53,38.775,6.754,54.035,0.250,0,1326484,959112,173856,5461284,10339.692,3624.346,0,1080.699,0,54.035,2806,1716,1.240,1.050,0.590,2,0,33.021,0,0,11,5,0,19,0
24-04 03:49:54,43.946,5.993,48.191,0.250,0,1286736,992296,174244,5466912,4638.348,1857.736,0,6496.084,0,359.562,3490,2961,1.240,1.050,0.590,3,0,12.984,0,0,11,4,0,19,0
24-04 03:49:55,39.795,7.759,51.558,0.250,0.250,1301384,970584,174780,5472112,11580.126,4620.237,0,1401.589,0,66.075,6930,10202,1.240,1.050,0.590,3,0,22.025,0,0,11,4,0,19,0
24-04 03:49:56,42.767,11.004,44.268,0.250,0,1278424,992896,174832,5472588,4505.792,1404.559,0,116.046,0,6.002,15956,28616,1.240,1.050,0.590,2,0,120.048,0,0,11,4,0,19,0
24-04 03:49:57,27.253,25.503,45.255,0.500,0.250,1141100,1142476,174888,5461524,4451.539,1176.142,0,2480.300,0,124.015,6232,4935,1.240,1.050,0.590,3,0,426.052,0,0,11,4,0,19,0
24-04 03:49:58,35.750,22.500,41.250,0,0,1166084,1117532,174888,5461964,5431.983,1511.995,0,24.000,0,6.000,5928,6829,1.300,1.060,0.600,2,0,390.999,0,0,11,4,0,19,0
24-04 03:49:59,37.113,12.454,49.069,0,0,1200324,1083252,174888,5462096,5007.496,1560.235,0,7.971,0,1.993,3794,2613,1.300,1.060,0.600,2,0,137.492,0,0,11,5,0,19,0
24-04 03:50:00,46.903,4.013,48.910,0,0,1258560,1024564,174904,5462532,4968.235,1516.957,0,212.695,0,3.010,2629,1223,1.300,1.060,0.600,3,0,0,0,0,11,5,0,19,0
24-04 03:50:01,43.478,8.996,45.977,0.750,0,1269336,1011724,174948,5464536,5109.457,1565.221,0,18106.988,0,250.875,3355,3809,1.300,1.060,0.600,4,0,0,0,0,11,5,0,19,0
24-04 03:50:02,8.750,10.000,80.497,0,0,1283484,997116,174948,5464956,5308.819,1565.947,0,187.994,0,5.000,3039,2899,1.300,1.060,0.600,2,0,119.996,0,0,11,4,0,20,0
24-04 03:50:03,17.967,4.492,76.361,0,0,1325060,955536,174948,5464960,4549.721,1509.254,0,0,0,0,1893,1602,1.280,1.060,0.600,1,0,21.960,0,0,11,4,0,14,0
24-04 03:50:04,23.045,2.505,73.895,0,0,1362604,917988,174952,5464960,4735.305,1569.083,0,268.528,0,11.022,1764,1244,1.280,1.060,0.600,2,0,0,0,0,11,4,0,14,0
24-04 03:50:05,22.763,2.752,71.292,1.751,0,1349592,930700,175012,5465200,4894.861,1512.884,0,4806.809,0,544.318,3860,5200,1.280,1.060,0.600,1,0,1.001,0,0,11,4,0,16,0
24-04 03:50:06,19.961,7.236,71.611,0,0,1378900,901384,175148,5465072,4850.605,1658.787,143.722,25538.535,6.986,332.356,2661,1771,1.280,1.060,0.600,1,0,41.919,0,0,11,4,0,16,0
24-04 03:50:07,18.018,1.752,78.828,0,0,1392384,887524,175156,5465536,7724.681,4075.052,0,1617.609,0,27.027,1916,1713,1.280,1.060,0.600,1,0,1.001,0,0,11,11,0,16,0
24-04 03:50:08,18.218,2.995,77.115,0.998,0,1399132,880420,175216,5465780,11020.661,7648.579,267.531,4715.725,65.884,196.655,2722,2683,1.260,1.060,0.610,1,0,1.996,0,0,11,28,0,17,0
24-04 03:50:09,20.501,5.500,72.252,0,0,1379032,900516,175216,5465784,4698.159,1458.049,0,0,0,0,2363,1660,1.260,1.060,0.610,1,0,45.002,0,0,11,28,0,17,0
24-04 03:50:10,18.001,2.000,79.253,0,0,1400908,878632,175216,5465788,8785.335,5872.224,0,48.002,0,4.000,1723,1359,1.260,1.060,0.610,1,0,0,0,0,11,29,0,17,0
24-04 03:50:11,25.316,12.783,62.161,0,0,1417244,862268,175216,5465816,5902.322,3215.347,0,22602.676,0,177.461,3856,3001,1.260,1.060,0.610,2,0,156.406,0,0,11,28,0,17,0
24-04 03:50:12,36.187,5.241,56.901,0,0,1475684,803816,175216,5465824,12259.581,9369.630,0,43.923,0,0.998,3137,2324,1.260,1.060,0.610,2,0,0,0,0,11,30,0,17,0
24-04 03:50:13,35.820,8.767,54.105,0.501,0,1360664,918624,175232,5466020,15443.109,12343.065,0,897.750,0,29.057,6490,8249,1.400,1.090,0.620,5,0,176.344,0,0,11,28,0,18,0
24-04 03:50:14,70.741,26.497,1.000,0,0,1575764,703476,175232,5466068,3935.526,1295.844,0,1215.854,0,20.997,5367,4165,1.400,1.090,0.620,6,0,401.952,0,0,11,28,0,18,0
24-04 03:50:15,80.259,13.001,4.501,0,0.250,1760672,518548,175236,5466076,20328.268,16937.890,0,124.014,0,6.001,5116,3669,1.400,1.090,0.620,6,0,0,0,0,11,32,0,17,0
24-04 03:50:16,72.940,8.743,16.736,0,0,1778184,500768,175244,5466332,34504.617,30446.955,0,823.323,0,63.947,8523,12960,1.400,1.090,0.620,3,0,99.918,0,0,11,29,0,22,0
24-04 03:50:17,34.744,12.998,51.492,0,0,1570968,707956,175248,5466356,5988.046,2090.667,0,603.904,0,28.995,4045,3597,1.400,1.090,0.620,3,0,209.967,0,0,11,28,0,23,0
24-04 03:50:18,15.499,2.250,80.993,0.250,0,1547452,731460,175252,5466364,10220.165,7139.417,0,139.989,0,6.000,2258,2272,1.290,1.070,0.620,1,0,0,0,0,11,29,0,23,0
24-04 03:50:19,18.748,7.749,71.992,0,0,1492412,786488,175252,5466376,5893.332,2283.741,0,231.974,0,19.998,3169,2806,1.290,1.070,0.620,1,0,68.992,0,0,11,28,0,24,0
24-04 03:50:20,16.996,2.499,79.483,0,0,1511216,767680,175252,5466380,9001.085,5528.824,0,147.969,0,9.998,1942,1665,1.290,1.070,0.620,1,0,0,0,0,11,29,0,24,0
24-04 03:50:21,19.723,11.734,66.409,0,0,1458120,820756,175256,5466396,7862.213,4668.595,0,83357.635,0,491.326,5299,14082,1.290,1.070,0.620,1,0,141.805,0,0,11,28,0,26,0
24-04 03:50:22,7.019,23.061,66.928,0,0,1440116,838748,175260,5466404,4408.750,1624.329,0,212.567,0,10.027,5139,3210,1.290,1.070,0.620,1,0,310.828,0,0,11,28,0,26,0
24-04 03:50:23,36.254,32.003,30.753,0,0,1451316,827520,175292,5466400,4278.441,1458.150,0,2644.273,0,157.016,5916,4880,1.580,1.140,0.640,5,0,622.064,0,0,11,28,0,25,0
24-04 03:50:24,81.453,12.993,5.497,0,0,1662752,615984,175296,5466464,11680.291,9635.465,0,135.922,0,12.993,4938,2620,1.580,1.140,0.640,3,0,0,0,0,11,31,0,25,0
24-04 03:50:25,67.283,8.254,24.512,0,0,1690236,588264,175308,5466688,41083.320,36147.879,0,208.103,0,27.013,9034,13288,1.580,1.140,0.640,5,0,0,0,0,11,32,0,25,0
24-04 03:50:26,76.670,18.980,3.247,0.250,0,1558204,720184,175316,5466788,11892.545,7966.657,0,4790.983,0,74.922,6868,7481,1.580,1.140,0.640,7,0,279.707,0,0,11,28,0,26,0
24-04 03:50:27,85.949,13.992,0.250,0,0,1709120,569248,175320,5466800,8541.897,6196.298,0,223.866,0,9.994,5183,3127,1.580,1.140,0.640,5,0,29.982,0,0,11,30,0,26,0
24-04 03:50:28,78.710,9.495,11.494,0,0,1777540,500476,175320,5467148,40312.594,37799.866,0,155.921,0,9.995,8922,11700,1.700,1.170,0.650,5,0,0,0,0,11,34,0,26,0
24-04 03:50:29,66.749,14.500,17.500,0,0,1541904,735904,175332,5467344,28581.727,21767.792,0,2511.976,0,140.999,8272,12634,1.700,1.170,0.650,3,0,298.997,0,0,11,28,0,31,0
24-04 03:50:30,41.981,7.497,49.477,0,0,1578880,698896,175332,5467376,6651.966,2251.973,0,147.933,0,6.997,2829,1453,1.700,1.170,0.650,1,0,0,0,0,11,29,0,31,0
24-04 03:50:31,30.032,4.505,64.069,0.751,0,1567432,710292,175340,5467400,19431.919,15107.264,0,957.030,0,61.066,4090,5157,1.700,1.170,0.650,2,0,6.006,0,0,11,29,0,32,0
24-04 03:50:32,49.479,21.491,28.238,0,0,1509700,767952,175340,5467440,9432.022,5722.586,0,111.953,0,7.997,5649,5169,1.700,1.170,0.650,3,0,377.841,0,0,11,28,0,32,0
24-04 03:50:33,50.790,5.754,42.283,0,0,1587336,690292,175340,5467464,16674.008,13252.339,0,0,0,0,3938,2711,1.800,1.200,0.660,3,0,0,0,0,11,31,0,32,0
24-04 03:50:34,47.236,9.997,41.488,0.250,0,1446216,831216,175348,5467652,21925.601,17974.754,0,691.798,0,46.986,7575,10420,1.800,1.200,0.660,5,0,198.942,0,0,11,28,0,33,0
24-04 03:50:35,82.621,18.026,0,0,0,1587952,689464,175352,5467664,4778.984,1514.213,0,224.328,0,16.023,4885,2140,1.800,1.200,0.660,5,1,59.086,0,0,11,28,0,33,0
24-04 03:50:36,54.170,6.990,37.944,0,0,1623236,653972,175360,5467864,32831.443,29534.319,0,882.695,0,52.922,6927,8659,1.800,1.200,0.660,3,0,0,0,0,11,32,0,29,0
24-04 03:50:37,63.062,18.769,17.267,0,0,1518652,758520,175368,5467928,18797.597,14097.947,0,5109.055,0,331.328,7189,8679,1.800,1.200,0.660,3,0,324.321,0,0,11,28,0,32,0
24-04 03:50:38,52.278,7.004,39.771,0,0,1586328,690824,175368,5467948,15332.108,13158.959,0,200.106,0,17.009,3858,2906,1.820,1.220,0.670,2,0,0,0,0,11,31,0,32,0
24-04 03:50:39,48.994,10.999,39.495,0.500,0,1501216,775716,175396,5468140,24179.171,18924.785,0,2791.673,0,164.981,7280,10192,1.820,1.220,0.670,5,0,155.982,0,0,11,28,0,34,0
24-04 03:50:40,65.645,13.478,20.218,0,0,1574712,702200,175396,5468160,4999.016,1805.117,0,3.994,0,0.998,4068,2099,1.820,1.220,0.670,2,0,143.770,0,0,11,28,1,31,0
24-04 03:50:41,43.820,4.507,50.580,0.250,0,1590548,686028,175404,5468488,28776.787,24924.658,0,180.287,0,14.022,6005,7948,1.820,1.220,0.670,3,0,0,0,0,11,31,0,31,0
24-04 03:50:42,53.753,19.001,27.252,0,0,1533660,742880,175408,5468520,9061.556,5898.362,0,508.031,0,26.002,5278,4495,1.820,1.220,0.670,3,0,287.018,0,0,11,28,0,34,0
24-04 03:50:43,52.259,6.501,40.257,0,0,1575224,701168,175408,5468668,16071.647,13298.190,0,0,0,0,3955,2809,1.910,1.250,0.680,4,0,0,0,0,11,31,0,34,0
24-04 03:50:44,50.989,10.998,37.492,0.250,0,1472008,804300,175428,5468732,18880.831,15471.584,0,583.871,0,39.991,6238,8127,1.910,1.250,0.680,3,0,111.975,0,0,11,28,0,36,0
24-04 03:50:45,58.068,8.972,32.648,0,0,1586768,689520,175428,5468752,12223.788,8501.424,0,159.501,0,8.972,3735,1880,1.910,1.250,0.680,2,0,0,0,0,11,31,0,36,0
24-04 03:50:46,47.074,4.758,46.824,0.250,0,1574140,702080,175444,5468804,26209.337,20174.820,0,1089.719,0,84.133,6325,8784,1.910,1.250,0.680,3,0,0,0,0,11,28,0,38,0
24-04 03:50:47,62.316,28.280,9.010,0,0,1520364,755820,175444,5468840,5835.201,1633.736,0,240.255,0,26.028,5886,4970,1.910,1.250,0.680,7,0,587.624,0,0,11,28,0,38,0
24-04 03:50:48,81.357,18.218,0.499,0,0,1729608,546532,175444,5468884,8205.567,6066.330,0,127.775,0,5.989,5693,4660,2.480,1.370,0.730,4,0,381.329,0,0,11,30,1,38,0
24-04 03:50:49,70.437,19.233,8.992,0,0,1781224,494652,175476,5469112,46998.754,43183.184,0,695.375,0,35.968,8508,10804,2.480,1.370,0.730,8,0,379.659,0,0,11,32,0,39,0
24-04 03:50:50,77.751,21.068,1.505,0,0,1632548,643112,175492,5469312,21281.701,18091.403,0,569.840,0,54.175,7480,8472,2.480,1.370,0.730,6,0,467.509,0,0,11,28,0,39,0
24-04 03:50:51,84.076,12.724,3.243,0,0,1670996,604588,175492,5469388,7470.572,5938.735,0,115.761,0,7.984,4878,2596,2.480,1.370,0.730,3,0,39.918,0,0,11,31,0,39,0
24-04 03:50:52,75.638,8.516,15.528,0,0,1729676,545648,175500,5469632,39977.818,36210.956,0,148.270,0,8.015,6433,11044,2.480,1.370,0.730,4,0,0,0,0,11,31,0,39,0
24-04 03:50:53,48.467,22.484,27.481,0,0,1507432,767812,175500,5469712,22317.586,18045.536,0,27.981,0,6.995,7818,10521,2.520,1.400,0.740,1,0,550.620,0,0,11,28,0,42,0
24-04 03:50:54,17.988,31.230,49.718,0,0,1496756,778464,175500,5469736,4834.850,1564.980,0,35.977,0,8.994,6244,5017,2.520,1.400,0.740,6,0,663.568,0,0,11,28,0,42,0
24-04 03:50:55,72.216,22.412,5.229,0,0.249,1577364,697816,175504,5469772,8515.515,5442.598,0,3115.748,0,107.577,5185,3894,2.520,1.400,0.740,4,0,385.484,0,0,11,29,0,42,0
24-04 03:50:56,61.847,7.794,29.918,0,0,1614620,660352,175520,5469964,26980.471,23570.326,0,1021.736,0,66.373,6490,8134,2.520,1.400,0.740,3,0,30.169,0,0,11,31,0,43,0
24-04 03:50:57,67.748,18.749,13.250,0,0,1513160,761760,175544,5469992,13070.545,8771.695,0,703.976,0,59.998,6684,7080,2.520,1.400,0.740,5,0,237.992,0,0,11,28,0,46,0
24-04 03:50:58,69.491,9.499,20.247,0,0,1606048,668820,175548,5470040,19461.545,17143.838,0,183.977,0,7.999,5284,4419,2.560,1.430,0.750,2,0,0,0,0,11,32,0,46,0
24-04 03:50:59,51.198,6.244,40.459,0.499,0,1610080,664536,175548,5470288,39801.202,34025.123,0,183.812,0,10.989,10454,16269,2.560,1.430,0.750,2,0,0.999,0,0,11,32,0,46,0
24-04 03:51:00,59.045,9.007,31.774,0,0,1589756,684640,175552,5470504,30437.240,26298.079,0,740.565,0,54.041,10280,14764,2.560,1.430,0.750,3,0,60.046,0,0,11,29,0,46,0
24-04 03:51:01,82.628,15.727,1.747,0,0,1584816,689556,175560,5470520,6124.956,2945.650,0,279.587,0,24.963,5258,3109,2.560,1.430,0.750,3,0,59.912,0,0,11,29,0,46,0
24-04 03:51:02,57.527,7.754,33.766,0.250,0,1622384,651796,175560,5470712,31362.455,27466.660,0,200.092,0,12.006,5920,7544,2.560,1.430,0.750,4,0,0,0,0,11,32,0,46,0
24-04 03:51:03,47.001,6.250,45.251,0,0,1622360,651544,175560,5470988,46780.247,41324.102,0,140.004,0,9.000,13817,21552,2.440,1.420,0.760,3,0,0,0,0,11,32,0,46,0
24-04 03:51:04,70.557,19.266,9.257,0,0,1488776,785076,175564,5471000,16365.216,11556.332,0,160.129,0,10.008,6866,6928,2.440,1.420,0.760,5,0,262.212,0,0,11,28,0,49,0
24-04 03:51:05,68.025,9.253,22.508,0,0,1603648,670192,175564,5471020,19594.326,17026.366,0,436.163,0,8.003,4880,3315,2.440,1.420,0.760,3,0,0,0,0,11,32,0,49,0
24-04 03:51:06,59.589,8.976,29.919,0,0,1591704,681912,175572,5471236,33971.457,28179.066,0,119.678,0,7.979,10696,15057,2.440,1.420,0.760,5,0,67.817,0,0,11,30,0,51,0
24-04 03:51:07,75.921,13.781,10.273,0,0,1577884,695540,175584,5471416,17038.380,12261.620,0,906.041,0,76.172,5969,6911,2.440,1.420,0.760,3,0,60.135,0,0,11,29,0,51,0
24-04 03:51:08,67.511,8.751,22.754,0,0,1613304,660084,175588,5471452,18710.185,16325.779,0,520.089,0,61.010,5320,4804,2.400,1.430,0.760,2,0,23.004,0,0,11,34,0,51,0
24-04 03:51:09,65.733,14.996,18.495,0,0,1642200,631132,175588,5471508,21484.404,17495.443,0,155.959,0,7.998,6147,7229,2.400,1.430,0.760,3,0,100.974,0,0,11,34,0,51,0
24-04 03:51:10,57.377,6.736,35.424,0.249,0,1669944,603160,175588,5471736,36938.001,33251.885,0,3644.206,0,173.629,7859,12468,2.400,1.430,0.760,3,0,0,0,0,11,34,0,53,0
24-04 03:51:11,72.202,19.555,8.022,0,0,1527344,745728,175596,5471760,14031.318,10116.347,0,184.517,0,10.028,5966,6194,2.400,1.430,0.760,4,0,227.638,0,0,11,32,0,55,0
24-04 03:51:12,68.498,8.750,21.999,0,0,1615168,657740,175596,5471924,21360.461,18725.528,0,135.997,0,10.000,5254,4270,2.400,1.430,0.760,3,0,0,0,0,11,36,0,53,0
24-04 03:51:13,62.803,11.464,23.925,0,0,1641180,631536,175600,5472112,25320.767,21296.360,0,295.077,0,26.916,7312,9787,2.450,1.460,0.770,5,0,67.788,0,0,11,33,0,56,0
24-04 03:51:14,57.667,12.286,29.586,0.251,0,1577764,694900,175608,5472156,12545.278,8697.150,0,324.940,0,25.073,4661,3946,2.450,1.460,0.770,5,0,138.400,0,0,11,34,0,57,0
24-04 03:51:15,50.980,12.745,35.486,0,0,1582840,689808,175612,5472168,14654.336,11771.451,0,347.866,0,33.987,4831,4319,2.450,1.460,0.770,3,0,119.954,0,0,11,33,0,59,0
24-04 03:51:16,52.186,11.486,36.206,0,0,1555888,716692,175612,5472236,15856.540,11984.292,0,251.691,0,15.980,5589,5173,2.450,1.460,0.770,3,0,95.882,0,0,11,34,0,60,0
24-04 03:51:17,52.844,6.512,39.570,0,0,1583864,688536,175612,5472416,23028.009,18877.618,0,148.264,0,9.016,5432,7113,2.450,1.460,0.770,3,0,0,0,0,11,33,0,56,0
24-04 03:51:18,54.890,12.226,32.186,0,0,1530244,742084,175616,5472484,13366.331,8846.349,0,247.506,0,15.968,5145,4726,2.490,1.480,0.790,4,0,85.829,0,0,11,32,0,57,0
24-04 03:51:19,38.279,8.757,53.041,0.250,0,1510496,761808,175620,5472504,16841.862,13070.982,0,220.168,0,12.009,4488,4078,2.490,1.480,0.790,2,0,87.066,0,0,11,34,0,57,0
24-04 03:51:20,28.522,9.257,60.297,0.500,0,1387380,884744,175624,5472676,16669.033,12763.980,0,328.257,0,34.027,6071,7304,2.490,1.480,0.790,2,0,135.106,0,0,11,32,0,59,0
24-04 03:51:21,46.939,11.235,40.947,0,0,1505764,766360,175624,5472676,4621.978,1510.033,0,147.807,0,9.987,3696,10787,2.490,1.480,0.790,2,0,35.953,0,0,11,32,0,58,0
24-04 03:51:22,29.942,3.743,64.375,0.250,0,1525952,745960,175632,5472876,21681.977,18217.691,0,534.963,0,30.940,4821,6059,2.490,1.480,0.790,2,0,0,0,0,11,33,0,59,0
24-04 03:51:23,39.034,13.262,47.542,0,0,1476140,795748,175644,5472888,5212.588,2400.113,0,320.282,0,33.029,4293,3326,2.450,1.490,0.790,2,0,138.122,0,0,11,32,0,60,0
24-04 03:51:24,36.094,4.512,58.403,0,0,1524840,747020,175652,5472904,14209.128,11690.547,0,112.293,0,7.018,2963,2137,2.450,1.490,0.790,1,0,0,0,0,11,34,0,60,0
24-04 03:51:25,33.945,6.739,57.407,0,0,1525908,745892,175684,5472932,12193.250,8343.486,0,335.457,0,33.945,4553,5218,2.450,1.490,0.790,2,0,59.903,0,0,11,32,0,60,0
24-04 03:51:26,38.553,6.759,54.325,0,0,1489104,782692,175684,5472936,7370.152,4018.536,0,2451.377,0,127.175,2830,1493,2.450,1.490,0.790,4,0,5.007,0,0,11,33,0,60,0
24-04 03:51:27,33.439,4.242,61.887,0.250,0.250,1500312,771424,175696,5472984,21940.087,18702.976,0,379.310,0,24.955,5024,6310,2.450,1.490,0.790,1,0,0,0,0,11,33,0,60,1
24-04 03:51:28,38.219,8.243,52.208,0.250,0.250,1448168,823544,175704,5473000,8096.472,4178.631,0,391.684,0,23.981,4038,3421,2.420,1.500,0.800,2,0,47.961,0,0,11,32,0,62,0
24-04 03:51:29,35.279,4.253,58.548,0,0,1471792,799780,175708,5473136,12604.340,11823.700,0,900.739,0,134.110,3194,2323,2.420,1.500,0.800,1,0,3.002,0,0,11,34,0,59,0
24-04 03:51:30,32.041,3.755,62.831,0.250,0,1477800,793728,175712,5473176,21470.514,13762.636,0,316.405,0,33.042,5678,7104,2.420,1.500,0.800,2,0,0,0,0,11,32,0,61,0
24-04 03:51:31,26.459,16.724,55.914,0,0,1435120,836328,175712,5473256,5257.887,1563.587,0,179.723,0,7.988,4330,3032,2.420,1.500,0.800,1,0,287.556,0,0,11,32,0,61,0
24-04 03:51:32,18.020,2.252,79.337,0,0,1443024,828400,175724,5473268,11215.278,8827.664,0,440.482,0,25.027,2542,2753,2.420,1.500,0.800,0,0,0,0,0,11,33,0,61,0
24-04 03:51:33,13.258,9.756,75.044,0.250,0,1413536,857844,175744,5473288,8464.919,4539.638,0,312.181,0,30.017,3830,3549,2.300,1.490,0.800,1,0,134.078,0,0,11,32,0,57,0
24-04 03:51:34,15.209,12.965,70.060,0.748,0,1444676,826692,175752,5473292,4459.893,1507.907,0,1779.170,0,104.716,3627,2834,2.300,1.490,0.800,1,0,149.594,0,0,11,32,0,57,0
24-04 03:51:35,17.767,2.753,79.074,0,0,1462824,808528,175760,5473300,9840.182,6658.213,0,156.146,0,14.013,2066,1772,2.300,1.490,0.800,2,0,0,0,0,11,33,0,57,0
24-04 03:51:36,16.744,4.998,76.973,0,0,1427344,843984,175760,5473320,10722.282,7177.511,0,3.999,0,1.000,3438,3658,2.300,1.490,0.800,2,0,45.984,0,0,11,32,0,58,0
24-04 03:51:37,22.029,4.005,73.098,0,0,1455832,815492,175760,5473324,4781.388,1459.950,0,0,0,0,1795,1180,2.300,1.490,0.800,1,0,0,0,0,11,32,0,54,0
24-04 03:51:38,15.978,2.247,80.888,0.250,0,1447360,823816,175772,5473468,13426.369,10406.560,0,790.903,0,79.889,3294,3966,2.200,1.480,0.800,0,0,0,0,0,11,33,0,54,0
24-04 03:51:39,14.780,7.014,75.903,0,0,1406392,864744,175784,5473496,10919.998,6898.897,0,228.460,0,22.044,4103,4431,2.200,1.480,0.800,2,0,74.149,0,0,11,32,0,54,0
24-04 03:51:40,9.956,22.152,66.207,0,0,1366192,904764,175800,5473660,4617.540,1451.568,0,115.488,0,5.974,5324,3560,2.200,1.480,0.800,3,0,342.482,0,0,11,32,0,54,0
24-04 03:51:41,33.077,15.787,49.867,0.251,0,1423708,847140,175828,5473736,4288.040,1461.422,0,1407.295,0,37.087,4317,3099,2.200,1.480,0.800,2,0,209.491,0,0,11,32,0,54,0
24-04 03:51:42,40.118,7.974,47.096,3.239,0,1510132,757272,176112,5476612,4741.451,1614.705,0,7116.662,0,527.271,5405,6624,2.200,1.480,0.800,2,0,31.895,0,0,11,36,0,54,0
24-04 03:51:43,34.457,7.797,42.505,12.575,0,1516100,745932,176752,5480924,4406.417,1629.771,0,23726.243,0,2427.554,13234,23066,2.420,1.540,0.830,2,2,103.621,0,0,11,36,0,54,0
24-04 03:51:44,34.439,9.234,39.430,13.476,0,1563048,697548,177280,5481780,4915.324,1710.980,0,46829.339,0,3867.174,16203,29721,2.420,1.540,0.830,3,0,37.933,0,0,11,36,0,54,0
24-04 03:51:45,44.236,7.498,46.736,1.749,0,1479884,780632,177340,5481796,5750.236,1619.503,0,13523.852,0,705.784,4464,4948,2.420,1.540,0.830,2,0,5.998,0,0,11,32,0,49,0
24-04 03:51:46,39.294,7.759,45.801,5.006,0,1569936,690180,177508,5482020,5870.544,1459.627,0,12533.972,0,1643.832,8588,15038,2.420,1.540,0.830,5,0,3.003,0,0,11,34,0,49,0
24-04 03:51:47,35.038,11.763,46.050,5.756,0,1486872,772660,177800,5482304,6950.594,1621.772,0,10803.803,0,1456.591,9212,15089,2.420,1.540,0.830,1,0,99.108,0,0,11,32,0,49,0
24-04 03:51:48,22.465,3.495,72.886,0.250,0,1540048,719468,177808,5482312,4570.840,1455.720,0,1154.192,0,42.933,1890,1391,2.310,1.530,0.830,2,0,1.997,0,0,11,32,0,49,0
24-04 03:51:49,23.532,3.254,71.349,1.001,0,1489844,769620,177836,5482336,4746.555,1622.240,0,7225.979,0,392.542,2552,2980,2.310,1.530,0.830,2,0,2.003,0,0,11,32,0,47,0
24-04 03:51:50,22.244,3.499,73.729,0,0,1528296,731160,177840,5482340,4540.713,1511.572,0,35.990,0,3.999,1874,1291,2.310,1.530,0.830,2,0,1.999,0,0,11,32,0,47,0
24-04 03:51:51,22.451,3.243,73.588,0,0,1504684,754760,177840,5482352,4536.012,1562.559,0,11.974,0,1.996,1761,1092,2.310,1.530,0.830,3,0,0.998,0,0,11,32,0,47,0
24-04 03:51:52,22.286,4.257,72.869,0,0,1498548,760860,177840,5482388,4422.222,1460.385,0,0,0,0,1929,1418,2.310,1.530,0.830,1,0,0,0,0,11,32,0,47,0
24-04 03:51:53,22.755,3.501,73.265,0,0,1513120,746288,177848,5482380,4900.983,1620.325,0,4.001,0,1.000,1866,1236,2.200,1.520,0.830,1,0,2.000,0,0,11,32,0,41,0
24-04 03:51:54,21.759,4.252,73.280,0,0,1495928,763384,177848,5482464,4940.040,1458.602,0,0,0,0,1814,1257,2.200,1.520,0.830,1,0,1.000,0,0,11,32,0,41,0
24-04 03:51:55,22.245,3.749,73.233,0,0,1526160,733144,177848,5482464,4636.919,1457.660,0,203.952,0,2.000,1786,1195,2.200,1.520,0.830,1,0,2.000,0,0,11,32,0,41,0
24-04 03:51:56,22.756,3.501,73.020,0,0,1480596,778616,177860,5482544,4459.252,1458.409,0,420.118,0,27.008,2045,1743,2.200,1.520,0.830,1,0,1.000,0,0,11,32,0,41,0
24-04 03:51:57,21.741,4.248,73.219,0,0,1469740,789440,177860,5482576,4695.002,1619.311,0,63.973,0,4.998,1834,1364,2.200,1.520,0.830,1,0,1.000,0,0,11,32,0,41,0
24-04 03:51:58,22.250,3.500,73.752,0,0,1495668,763512,177860,5482576,4620.096,1620.034,0,0,0,0,1784,1211,2.110,1.520,0.830,1,0,2.000,0,0,11,32,0,37,0
24-04 03:51:59,22.485,3.498,72.950,0,0,1457192,801968,177864,5482592,4736.760,1618.893,0,31.978,0,4.997,1869,1282,2.110,1.520,0.830,2,0,1.999,0,0,11,32,0,37,0
24-04 03:52:00,22.512,3.002,73.289,0,0,1429552,829568,177864,5482632,4382.328,1620.861,0,0,0,0,1815,1235,2.110,1.520,0.830,2,0,1.001,0,0,11,32,0,37,0
24-04 03:52:01,22.027,3.755,73.840,0,0,1486384,772736,177864,5482632,4533.540,1459.784,0,0,0,0,1834,1303,2.110,1.520,0.830,2,0,2.002,0,0,11,32,0,37,0
24-04 03:52:02,17.745,8.497,72.728,0.250,0,1357940,901056,177876,5482744,5055.460,1619.507,0,363.889,0,55.983,3066,2186,2.110,1.520,0.830,3,0,131.960,0,0,11,32,0,37,0
24-04 03:52:03,8.245,21.236,67.955,0,0,1359644,899296,177876,5482796,5096.622,1618.927,0,615.592,0,6.995,5477,3772,2.020,1.510,0.830,1,0,354.765,0,0,11,32,0,37,0
24-04 03:52:04,7.505,21.513,69.293,0,0,1346072,912816,177880,5482824,4849.028,1458.911,0,540.337,0,9.006,5197,3598,2.020,1.510,0.830,1,0,304.190,0,0,11,32,0,37,0
24-04 03:52:05,8.000,21.001,69.503,0,0,1353416,905428,177880,5482868,4748.197,1512.063,0,92.004,0,2.000,6126,4772,2.020,1.510,0.830,1,0,464.019,0,0,11,32,0,37,0
24-04 03:52:06,18.481,8.491,71.427,0.250,0,1391972,866836,177908,5482872,3776.152,593.395,0,7096.769,0,352.641,3527,3806,2.020,1.510,0.830,1,0,113.884,0,0,11,32,0,33,0
24-04 03:52:07,22.477,3.746,73.426,0.250,0,1453956,804844,177916,5482872,5109.862,1510.481,0,899.096,0,47.952,1904,1391,2.020,1.510,0.830,1,0,1.998,0,0,11,32,0,33,0
24-04 03:52:08,22.496,3.249,73.487,0.250,0,1401032,857764,177916,5482876,4365.223,1565.721,0,83.985,0,5.999,1776,1235,1.940,1.500,0.830,1,0,1.000,0,0,11,32,0,33,0
24-04 03:52:09,21.999,3.750,73.246,0,0,1464280,794512,177916,5482880,4473.734,1553.908,0,1935.885,0,196.988,1851,1234,1.940,1.500,0.830,1,0,3.000,0,0,11,32,0,33,0
24-04 03:52:10,22.758,3.001,73.276,0,0,1430740,828044,177916,5482888,4459.552,1458.508,0,0,0,0,1758,1149,1.940,1.500,0.830,1,0,1.000,0,0,11,32,0,29,0
24-04 03:52:11,22.002,4.000,73.508,0,0,1456192,802592,177916,5482888,4800.494,1620.167,0,20.002,0,3.000,1797,1142,1.940,1.500,0.830,1,0,2.000,0,0,11,32,0,29,0
24-04 03:52:12,22.776,3.254,73.584,0,0,1458424,800348,177916,5482900,4540.166,1459.661,0,0,0,0,1789,1200,1.940,1.500,0.830,1,0,1.001,0,0,11,32,0,29,0
24-04 03:52:13,21.967,3.994,73.890,0,0,1501536,757256,177916,5482880,4479.329,1563.671,0,19.970,0,0.999,1822,1235,1.860,1.490,0.830,1,0,1.997,0,0,11,32,0,29,0
24-04 03:52:14,22.038,3.757,73.127,0,0,1469780,789008,177916,5482900,4489.770,1514.621,0,2135.696,0,16.028,1811,1225,1.860,1.490,0.830,2,0,1.002,0,0,11,32,0,21,0
24-04 03:52:15,21.997,3.500,73.490,0,0,1493224,765572,177916,5482888,4979.334,1619.783,0,0,0,0,1750,1178,1.860,1.490,0.830,2,0,2.000,0,0,11,32,0,21,0
24-04 03:52:16,23.162,3.238,72.725,0.249,0,1442856,815944,177916,5482900,5140.532,1613.888,0,470.219,0,29.887,1900,1449,1.860,1.490,0.830,1,0,0.996,0,0,11,32,0,21,0
24-04 03:52:17,21.570,4.013,73.989,0,0,1507900,750928,177916,5482872,5593.077,1571.078,0,32.104,0,5.016,1829,1247,1.860,1.490,0.830,1,0,2.006,0,0,11,32,0,21,0
24-04 03:52:18,23.735,2.249,73.452,0,0,1456224,802576,177916,5482900,5274.585,1511.022,0,27.982,0,0.999,1787,1147,1.790,1.480,0.830,2,0,0.999,0,0,11,32,0,16,0
24-04 03:52:19,22.020,3.753,73.067,0,0,1499992,758896,177916,5482812,5388.955,1459.342,0,0,0,0,1862,1289,1.790,1.480,0.830,3,0,3.003,0,0,11,32,0,16,0
24-04 03:52:20,22.268,3.253,73.810,0,0,1463836,794964,177916,5482900,4910.003,1567.278,0,88.072,0,1.001,1757,1128,1.790,1.480,0.830,2,0,1.001,0,0,11,32,0,16,0
24-04 03:52:21,26.993,6.498,65.983,0,0,1423408,835384,177916,5482908,4710.806,1511.617,0,11.997,0,1.000,3072,12554,1.790,1.480,0.830,2,0,36.991,0,0,11,32,0,17,0
24-04 03:52:22,21.476,3.496,73.669,0,0,1476096,782716,177916,5482888,4470.072,1456.394,0,83.907,0,2.997,1796,1219,1.790,1.480,0.830,1,0,1.998,0,0,11,32,0,13,0
24-04 03:52:23,23.017,3.252,73.053,0,0,1448172,810620,177916,5482908,4161.001,1459.052,0,24.017,0,2.001,1765,1062,1.730,1.470,0.830,1,0,1.001,0,0,11,32,0,13,0
24-04 03:52:24,21.210,4.242,73.611,0,0,1478160,780656,177916,5482884,4202.083,1616.953,0,191.639,0,3.992,1749,1304,1.730,1.470,0.830,1,0,0,0,0,11,32,0,13,0
24-04 03:52:25,22.504,3.751,73.513,0,0,1462004,796784,177916,5482912,4338.777,1458.261,0,0,0,0,1881,1288,1.730,1.470,0.830,1,0,1.000,0,0,11,32,0,13,0
24-04 03:52:26,22.504,3.251,73.013,0,0,1501524,757264,177920,5482908,4398.776,1458.257,0,460.081,0,33.006,1905,1453,1.730,1.470,0.830,1,0,2.000,0,0,11,32,0,9,0
24-04 03:52:27,11.529,18.546,69.171,0,0,1450512,808212,177920,5482964,4227.472,1624.023,0,268.666,0,14.035,5373,4129,1.730,1.470,0.830,1,0,422.045,0,0,11,32,0,9,0
24-04 03:52:28,20.197,5.984,73.306,0,0,1512568,746152,177920,5482968,3847.822,1454.154,0,0,0,0,2144,1617,1.670,1.460,0.830,1,0,38.897,0,0,11,32,0,9,0
24-04 03:52:29,23.004,2.250,73.263,0,0,1522256,736268,177920,5483164,5400.943,1620.283,0,24.004,0,3.001,1688,1000,1.670,1.460,0.830,1,0,1.000,0,0,11,32,0,9,0
24-04 03:52:30,21.505,4.751,73.517,0,0,1509600,748860,177920,5483228,5221.208,1620.375,0,0,0,0,1899,1300,1.670,1.460,0.830,1,0,9.002,0,0,11,32,0,7,0
24-04 03:52:31,20.529,8.512,69.850,0,0,1490404,767916,177920,5483352,4636.648,1622.326,40.057,0,2.003,0,2981,2086,1.670,1.460,0.830,1,0,169.243,0,0,11,32,0,7,0
24-04 03:52:32,8.006,22.017,69.053,0,0,1472020,786264,177920,5483384,4358.342,1459.119,0,344.264,0,9.007,6198,4896,1.670,1.460,0.830,2,0,485.372,0,0,11,32,0,7,0
24-04 03:52:33,8.002,21.756,68.517,0.250,0,1464796,793460,177920,5483408,5221.325,1662.422,0,776.197,0,109.028,6336,5023,1.620,1.460,0.840,1,0,528.134,0,0,11,32,0,7,0
24-04 03:52:34,8.247,22.242,68.227,0,0,1435864,822348,177920,5483448,4678.392,1619.443,0,891.693,0,11.996,6486,5223,1.620,1.460,0.840,1,0,558.808,0,0,11,32,0,4,0
24-04 03:52:35,8.735,22.462,68.134,0,0,1430884,827284,177920,5483484,5031.408,1659.167,0,1261.845,0,15.973,6371,4957,1.620,1.460,0.840,2,0,532.091,0,0,11,32,0,4,0
24-04 03:52:36,8.013,21.285,68.612,0,0,1417780,840340,177928,5483520,5326.689,1460.382,0,1482.418,0,49.080,6402,5373,1.620,1.460,0.840,1,0,504.823,0,0,11,32,0,4,0
24-04 03:52:37,7.498,21.244,69.730,0.250,0,1401208,856876,177928,5483556,5087.546,1511.568,0,263.925,0,11.997,5992,4566,1.620,1.460,0.840,1,0,440.874,0,0,11,32,0,4,0
24-04 03:52:38,7.504,22.012,68.537,0,0,1383576,874476,177928,5483584,4788.567,1636.878,0,260.139,0,9.005,5635,4155,1.650,1.470,0.840,1,0,403.216,0,0,11,32,0,3,0
24-04 03:52:39,8.482,21.705,68.357,0,0,1384100,873920,177928,5483616,4568.440,1454.955,0,47.900,0,11.975,6276,4925,1.650,1.470,0.840,2,0,511.929,0,0,11,32,0,3,0
24-04 03:52:40,18.040,24.304,56.876,0.501,0,1391268,866696,177952,5483640,4690.371,1623.590,0,865.915,0,38.084,6808,5944,1.650,1.470,0.840,3,0,619.369,0,0,11,32,0,5,0
24-04 03:52:41,58.607,18.954,21.198,0,0,1567440,690368,178020,5483724,4566.825,1454.441,0,682.330,0,41.897,5004,3948,1.650,1.470,0.840,3,0,321.214,0,0,11,32,0,9,0
24-04 03:52:42,57.125,12.026,24.303,5.261,0,1670528,579128,178536,5490580,4587.007,1623.542,372.813,20011.656,3.007,1501.275,8549,13755,1.650,1.470,0.840,6,0,55.120,0,0,11,38,0,9,0
24-04 03:52:43,36.008,13.253,33.758,13.753,0,1675940,562528,179416,5500176,4639.035,1458.325,0,77249.241,0,5448.216,21091,41392,2,1.540,0.870,3,0,167.037,0,0,11,36,0,9,0
24-04 03:52:44,38.455,11.986,32.962,13.734,0,1716452,511000,179732,5510500,6781.082,3920.422,0,89475.518,0,6363.569,20628,42715,2,1.540,0.870,4,2,59.930,0,0,11,37,0,9,0
24-04 03:52:45,41.295,10.261,32.785,13.264,0,1671008,546184,180216,5519924,14171.330,8522.219,0,83458.280,0,6095.594,20050,41701,2,1.540,0.870,3,0,42.045,0,0,11,36,0,10,0
24-04 03:52:46,37.960,24.474,28.470,6.993,0,1573164,636592,180604,5526672,6712.842,1618.275,295.685,29540.502,3.996,2402.438,15032,25615,2,1.540,0.870,5,1,395.578,0,0,11,34,0,10,0
24-04 03:52:47,44.527,21.263,22.764,9.506,0,1604196,599648,180912,5531980,11874.132,7283.375,1600.962,75254.200,27.016,5115.072,18182,38861,2,1.540,0.870,4,1,246.148,0,0,11,35,0,10,0
24-04 03:52:48,26.457,9.984,49.170,10.233,0.250,1597004,603144,181044,5535436,16493.322,12024.551,0,59176.284,0,4657.467,20322,39549,2.080,1.570,0.880,1,2,110.821,0,0,11,35,0,10,0
24-04 03:52:49,34.016,9.254,44.271,11.505,0,1574036,626508,181248,5534832,8135.845,5026.376,0,52868.988,0,4562.156,17156,32859,2.080,1.570,0.880,1,3,52.025,0,0,11,34,0,10,0
24-04 03:52:50,30.778,8.007,45.291,12.511,0,1613188,586116,181540,5535760,10000.110,6646.054,0,51911.291,0,4449.053,16424,33198,2.080,1.570,0.880,4,1,42.038,0,0,11,35,0,10,0
24-04 03:52:51,32.521,6.754,47.030,10.507,0,1607328,589660,181700,5537864,12621.961,9843.208,0,50327.743,0,4045.552,16999,33015,2.080,1.570,0.880,1,1,39.025,0,0,11,35,0,10,0
24-04 03:52:52,31.493,9.248,46.240,10.248,0,1514796,679468,181772,5540440,12265.377,8396.204,0,42770.852,0,3939.157,18081,33827,2.080,1.570,0.880,4,1,121.974,0,0,11,34,0,11,0
24-04 03:52:53,35.752,9.500,40.502,12.251,0,1577452,612828,181852,5544216,4512.200,1512.067,0,64590.859,0,5180.229,16602,34970,2.150,1.590,0.890,1,1,66.003,0,0,11,36,0,11,0
24-04 03:52:54,27.410,7.974,49.837,12.708,0,1587044,599988,182012,5547220,13130.975,9727.128,0,48592.782,0,4343.767,18072,34454,2.150,1.590,0.890,4,2,83.726,0,0,11,37,0,11,0
24-04 03:52:55,27.347,7.778,50.931,11.792,0,1582652,601860,182152,5549520,15297.316,12126.056,0,49130.447,0,4219.984,19768,37396,2.150,1.590,0.890,3,0,66.235,0,0,11,37,0,11,0
24-04 03:52:56,34.226,9.493,40.971,11.242,0,1548680,638916,182192,5546364,6488.451,2115.517,0,53650.384,0,4536.819,18236,34581,2.150,1.590,0.890,2,0,50.964,0,0,11,36,0,11,0
24-04 03:52:57,32.018,8.755,44.525,11.256,0,1582676,605680,182212,5545596,10319.801,6601.711,0,55070.959,0,4295.415,17085,31967,2.150,1.590,0.890,2,1,39.022,0,0,11,35,0,12,0
24-04 03:52:58,29.917,13.712,54.847,0.748,0,1503052,685072,182220,5545820,13932.184,10409.000,0,5943.441,0,356.008,6487,8085,2.060,1.580,0.890,0,0,211.411,0,0,11,33,0,12,0
24-04 03:52:59,16.515,5.755,75.817,0.250,0,1413120,774980,182220,5545844,11974.617,7727.852,0,2386.116,0,210.186,4041,4355,2.060,1.580,0.890,1,0,56.050,0,0,11,32,0,13,0
24-04 03:53:00,21.990,4.748,72.967,0,0,1471892,716208,182220,5545844,4867.782,1619.262,0,1239.435,0,36.983,1886,1339,2.060,1.580,0.890,1,0,0,0,0,11,32,0,13,0
24-04 03:53:01,13.494,1.999,81.715,0.500,0,1476388,711700,182220,5545856,12200.764,9388.971,0,3218.619,0,195.916,2895,3611,2.060,1.580,0.890,0,0,0,0,0,11,33,0,13,0
24-04 03:53:02,19.753,5.501,74.013,0,0,1441128,746704,182220,5546112,7053.194,2463.417,0,0,0,0,2514,1997,2.060,1.580,0.890,1,0,34.006,0,0,11,32,0,14,0
24-04 03:53:03,19.501,2.500,77.753,0,0,1470096,717724,182220,5546120,10621.463,6652.290,0,44.002,0,4.000,1943,1582,1.970,1.570,0.900,1,0,0,0,0,11,33,0,14,0
24-04 03:53:04,15.767,6.507,76.333,0.250,0,1462208,725520,182220,5546212,7127.796,3301.611,0,240.263,0,22.024,2887,2620,1.970,1.570,0.900,1,0,60.066,0,0,11,32,0,15,0
24-04 03:53:05,19.772,2.503,77.337,0,0,1460936,726788,182220,5546216,7714.634,3867.328,0,8.009,0,2.002,1614,1116,1.970,1.570,0.900,1,0,0,0,0,11,33,0,15,0
24-04 03:53:06,19.750,3.000,75.001,0.250,0,1410088,777476,182220,5546376,13832.134,9754.094,0,436.004,0,29.000,3531,4279,1.970,1.570,0.900,1,0,13.000,0,0,11,32,0,16,0
24-04 03:53:07,20.246,5.499,72.987,0,0.250,1435576,751984,182220,5546380,5715.956,1619.704,0,0,0,0,2029,1349,1.970,1.570,0.900,1,0,29.995,0,0,11,32,0,16,0
24-04 03:53:08,17.249,2.250,79.496,0,0,1438260,749284,182220,5546396,13066.407,10011.546,0,47.998,0,5.000,2767,2957,1.980,1.580,0.900,2,0,0,0,0,11,33,0,16,0
24-04 03:53:09,13.257,11.256,74.039,0,0,1410020,777464,182220,5546456,7525.964,3988.101,0,300.158,0,22.012,4257,3814,1.980,1.580,0.900,1,0,165.087,0,0,11,32,0,17,0
24-04 03:53:10,7.501,23.002,67.255,0,0,1404104,783264,182220,5546572,4766.389,1620.132,0,188.015,0,11.001,5218,3416,1.980,1.580,0.900,2,0,312.025,0,0,11,32,0,17,0
24-04 03:53:11,39.233,21.491,38.234,0.250,0,1473860,713452,182236,5546612,4731.972,1457.376,0,927.603,0,69.970,5600,4297,1.980,1.580,0.900,3,0,320.863,0,0,11,32,0,23,0
24-04 03:53:12,63.835,11.470,23.938,0,0,1646976,538532,182292,5548348,5223.493,1615.822,0,0,0,0,3706,1482,1.980,1.580,0.900,3,0,2.992,0,0,11,32,0,23,0
24-04 03:53:13,64.882,8.517,23.297,0.501,0.501,1801740,380040,182424,5551584,4226.592,1460.970,0,4861.884,0,114.232,4000,1777,2.060,1.600,0.910,4,0,6.012,0,0,11,32,0,23,0
24-04 03:53:14,41.465,8.243,36.969,9.992,0,1810840,359808,182584,5561900,4034.625,1456.781,0,61096.895,0,4386.331,18693,34294,2.060,1.600,0.910,0,1,170.857,0,0,11,38,0,23,0
24-04 03:53:15,31.290,9.262,43.805,12.266,0,1807524,350156,182708,5574336,4445.630,1622.054,0,101861.009,0,7305.252,28444,56282,2.060,1.600,0.910,11,0,255.323,0,0,11,38,0,23,0
24-04 03:53:16,36.505,8.251,39.505,14.002,0,1804092,345140,182756,5582440,5128.669,1458.190,0,99637.006,0,7194.939,25343,51749,2.060,1.600,0.910,2,1,171.022,0,0,11,38,0,23,0
24-04 03:53:17,43.770,11.255,30.514,11.755,0,1764316,374144,182840,5592760,5059.278,1620.730,0,76730.552,0,5662.550,21137,41469,2.060,1.600,0.910,2,1,222.100,0,0,11,36,0,23,0
24-04 03:53:18,37.746,9.249,33.497,16.498,0,1805976,317444,182884,5607176,4757.526,1457.855,0,96582.387,0,6295.373,21803,43490,2.370,1.670,0.940,3,1,6.999,0,0,11,36,0,23,0
24-04 03:53:19,41.742,9.998,32.494,13.247,0,1838312,281484,182896,5610664,5039.030,1619.688,0,89002.872,0,6819.688,23612,46182,2.370,1.670,0.940,5,0,92.982,0,0,11,38,0,23,0
24-04 03:53:20,47.259,7.001,39.007,5.501,0,1656544,461564,182904,5612296,5400.989,1620.297,0,34678.353,0,2464.451,10743,18346,2.370,1.670,0.940,1,0,160.029,0,0,11,32,0,23,0
24-04 03:53:21,20.975,14.982,63.176,0.250,0,1474772,643304,182904,5612328,4974.146,1618.096,0,990.834,0,57.932,4795,10740,2.370,1.670,0.940,1,0,247.708,0,0,11,32,0,24,0
24-04 03:53:22,22.454,3.742,73.099,0.249,0,1501276,616800,182904,5612328,4747.178,1616.655,0,1117.687,0,64.866,1903,1420,2.370,1.670,0.940,1,0,0.998,0,0,11,32,0,24,0
24-04 03:53:23,23.555,2.756,71.919,0.501,0,1541700,576368,182904,5612336,4288.096,1461.441,0,5364.630,0,309.729,2703,2992,2.260,1.660,0.940,2,0,2.005,0,0,11,38,0,24,0
24-04 03:53:24,21.747,4.250,73.242,0,0,1509868,608196,182904,5612340,4259.507,1619.813,0,67.992,0,5.999,2131,1444,2.260,1.660,0.940,1,0,26.997,0,0,11,32,0,23,0
24-04 03:53:25,22.010,4.002,73.533,0,0,1552532,565532,182904,5612340,4339.926,1458.647,0,40.018,0,4.002,1797,1209,2.260,1.660,0.940,1,0,1.000,0,0,11,32,0,23,0
24-04 03:53:26,23.004,2.250,73.012,0,0,1572268,545796,182904,5612340,4440.749,1620.273,0,108.018,0,13.002,1936,1516,2.260,1.660,0.940,1,0,2.000,0,0,11,34,0,23,0
24-04 03:53:27,14.001,33.502,51.003,0,0,1492848,625188,182904,5612368,4665.244,1458.076,0,568.030,0,42.002,7265,6761,2.260,1.660,0.940,2,0,964.050,0,0,11,32,0,23,0
24-04 03:53:28,9.002,26.006,64.265,0,0,1490132,627792,182904,5612476,4348.984,1458.330,0,208.047,0,20.005,6637,5388,2.240,1.670,0.950,2,0,667.151,0,0,11,32,0,23,0
24-04 03:53:29,7.998,20.245,69.484,0.250,0,1478748,639156,182904,5612496,5010.867,1511.658,0,171.961,0,12.997,5524,3943,2.240,1.670,0.950,1,0,336.924,0,0,11,32,0,23,0
24-04 03:53:30,9.250,20.751,68.252,0,0,1431108,686752,182904,5612528,5386.167,1566.049,0,24.001,0,6.000,5475,3947,2.240,1.670,0.950,2,0,330.010,0,0,11,32,0,23,0
24-04 03:53:31,13.478,19.468,65.641,0,0,1428040,689764,182904,5612560,4989.716,1455.584,0,23.960,0,5.990,6077,5882,2.240,1.670,0.950,3,0,296.508,0,0,11,32,0,23,0
24-04 03:53:32,34.935,13.974,49.907,0,0,1464304,653336,182912,5613064,4766.152,1455.298,0,87.837,0,3.993,4977,5200,2.240,1.670,0.950,2,0,190.646,0,0,11,33,0,23,0
24-04 03:53:33,43.322,7.763,48.832,0,0,1583604,534080,182912,5613136,4826.073,1502.513,0,8.013,0,1.002,2625,1500,2.300,1.690,0.960,3,0,0,0,0,11,33,0,23,0
24-04 03:53:34,45.060,5.507,48.064,0.250,0,1635488,481964,182928,5613308,4806.398,1622.159,0,464.618,0,26.035,3613,2802,2.300,1.690,0.960,4,0,19.025,0,0,11,49,0,23,0
24-04 03:53:35,32.945,11.730,54.160,0,0,1666468,446660,182984,5617208,4330.795,1455.578,0,3222.639,0,363.395,5190,7685,2.300,1.690,0.960,1,0,150.749,0,0,11,48,0,24,0
24-04 03:53:36,13.759,19.013,66.295,0,0,1662848,450204,182988,5617664,4993.352,1621.088,0,300.202,0,16.011,5869,5806,2.300,1.690,0.960,0,0,258.173,0,0,11,48,0,24,0
24-04 03:53:37,7.497,6.998,84.720,0,0,1666788,446232,182988,5617232,4935.237,1661.406,0,327.883,0,19.993,2539,3717,2.300,1.690,0.960,0,0,81.971,0,0,11,48,0,24,0
24-04 03:53:38,0.750,0.500,97.469,0.250,0,1664420,448600,182988,5617232,4678.506,1619.483,0,43.986,0,3.999,728,1004,2.200,1.680,0.960,0,0,2.999,0,0,11,48,0,24,0
24-04 03:53:39,0.500,0.749,97.927,0,0,1662344,450676,182988,5617232,4694.479,1456.907,0,0,0,0,789,1046,2.200,1.680,0.960,0,0,3.997,0,0,11,48,0,24,0
24-04 03:53:40,0,0.250,98.543,0,0,1660528,452492,182988,5617232,4177.840,1296.571,0,0,0,0,621,901,2.200,1.680,0.960,0,0,1.000,0,0,11,48,0,24,0
24-04 03:53:41,5.765,7.770,85.722,0,0,1606740,506288,182988,5617228,2448.343,162.421,0,485.257,0,6.016,2603,2385,2.200,1.680,0.960,5,0,116.301,0,0,11,48,0,24,0
24-04 03:53:42,17.746,16.496,64.735,0.250,0,1649704,463236,182988,5617296,4935.864,1619.627,0,3.999,0,1.000,5684,7485,2.200,1.680,0.960,1,0,233.946,0,0,11,48,0,24,0
24-04 03:53:43,9.738,19.476,69.165,0,0,1660096,452664,182988,5617464,4452.523,1456.209,0,115.857,0,1.998,5042,4017,2.340,1.720,0.980,3,0,279.656,0,0,12,48,0,24,0
24-04 03:53:44,19.525,17.022,61.078,0,0,1664604,447908,182988,5618056,4704.031,1792.298,0,240.308,0,32.041,6259,7850,2.340,1.720,0.980,1,0,236.303,0,0,12,64,0,16,0
24-04 03:53:45,7.980,9.975,80.050,0.249,0,1665624,446932,182988,5617616,5584.029,1454.361,0,243.391,0,9.975,3373,3482,2.340,1.720,0.980,0,0,186.533,0,0,12,64,0,16,0
24-04 03:53:46,11.281,14.790,73.198,0,0,1676388,436136,182988,5618084,6317.114,1624.401,0,3617.801,0,111.302,4828,4899,2.340,1.720,0.980,1,0,202.549,0,0,14,64,0,16,0
24-04 03:53:47,13.967,15.962,68.339,0.249,0,1658800,453668,182988,5617672,5242.611,1454.563,0,486.849,0,38.908,5458,5864,2.340,1.720,0.980,2,0,213.495,0,0,14,66,0,16,0
24-04 03:53:48,7.769,21.051,69.419,0,0,1659700,452740,182988,5617704,4047.867,1503.665,0,16.039,0,4.010,5185,3576,2.240,1.710,0.980,1,0,291.711,0,0,14,66,0,15,0
24-04 03:53:49,12.243,19.989,66.463,0,0,1664660,447744,182988,5618180,4875.286,1499.165,0,979.455,0,12.993,6687,6766,2.240,1.710,0.980,1,0,354.802,0,0,14,66,0,15,0
24-04 03:53:50,24.272,18.017,55.301,0.250,0,1694416,417952,183000,5617760,4684.340,1621.502,0,12467.552,0,723.671,6789,7568,2.240,1.710,0.980,4,0,322.299,0,0,14,66,0,15,0
24-04 03:53:51,27.491,26.741,44.985,0,0,1779688,332500,183028,5617880,4618.488,1619.470,0,2079.319,0,86.972,6265,4880,2.240,1.710,0.980,2,0,431.859,0,0,14,66,0,15,0
24-04 03:53:52,28.241,25.742,44.486,0,0,1850432,260192,183088,5619284,4473.620,1457.550,0,43.986,0,7.998,6556,7246,2.240,1.710,0.980,3,0,477.853,0,0,14,70,0,16,0
24-04 03:53:53,28.505,26.255,42.508,0,0,1930980,179332,183088,5619932,4960.880,1620.287,0,48.009,0,12.002,6656,6986,2.380,1.740,0.990,2,0,453.080,0,0,14,70,0,16,0
24-04 03:53:54,49.749,18.500,30.999,0,0,1963536,146572,183092,5620116,4859.898,1709.964,0,0,0,0,5724,5495,2.380,1.740,0.990,4,0,305.994,0,0,14,70,0,16,0
24-04 03:53:55,54.769,25.759,18.757,0,0,2082816,151816,180176,5501812,4621.632,1620.572,20.007,56.020,3.001,9.003,6612,7092,2.380,1.740,0.990,2,0,415.147,0,0,14,70,0,16,0
24-04 03:53:56,66.501,25.250,7.750,0.250,0,2166820,191216,174856,5386176,5058.039,1458.011,472.004,1620.013,21.000,34.000,5771,6137,2.380,1.740,0.990,5,0,456.004,0,0,14,70,0,16,0
24-04 03:53:57,76.606,21.210,1.747,0.499,0,2290440,177336,174916,5279056,4706.181,1455.273,483.095,1533.127,67.873,89.832,6295,7639,2.380,1.740,0.990,4,0,316.407,0,0,14,74,0,16,0
24-04 03:53:58,64.479,25.492,6.998,1.749,0,2465752,132524,173980,5152204,4768.462,1619.478,499.839,23260.498,12.996,1515.511,11830,19464,2.830,1.850,1.030,5,1,308.900,0,0,14,76,0,16,0
24-04 03:53:59,66.316,23.934,6.981,2.244,0,2553436,181444,173788,5019444,4814.665,1495.857,426.818,22142.671,21.939,1722.230,13144,24020,2.830,1.850,1.030,3,0,354.019,0,0,14,76,0,16,0
24-04 03:54:00,71.815,21.595,6.026,0.251,0,2647812,159648,173792,4948116,4296.873,1464.432,474.082,1904.365,10.044,106.468,9867,15854,2.830,1.850,1.030,4,0,258.134,0,0,14,93,0,23,0
24-04 03:54:01,53.281,27.516,18.011,0,0,2752232,126220,173800,4878764,4640.738,1458.861,16.009,536.316,4.002,35.021,8716,11604,2.830,1.850,1.030,3,0,608.359,0,0,14,93,0,24,0
24-04 03:54:02,38.408,18.954,42.149,0,0,2809944,137072,173800,4811896,4943.123,1454.505,0,514.763,0,27.933,6351,7907,2.830,1.850,1.030,2,0,309.257,0,0,14,95,0,24,0
24-04 03:54:03,60.876,15.967,21.706,0,0,2959408,122848,173812,4679568,4987.838,1455.036,2965.957,510.959,31.935,23.951,6184,8699,2.840,1.870,1.040,3,0,136.721,0,0,14,98,0,27,0
24-04 03:54:04,32.122,12.297,54.708,0,0,3025164,126560,173828,4611808,4776.198,1553.921,0,991.779,0,55.210,4431,3869,2.840,1.870,1.040,1,0,108.413,0,0,14,101,0,27,0
24-04 03:54:05,8.992,20.481,67.937,0.250,0,3036276,183000,173828,4545736,4693.644,1456.648,0,5502.893,0,115.892,5510,4174,2.840,1.870,1.040,1,0,305.716,0,0,14,101,0,25,2
24-04 03:54:06,7.762,19.780,70.858,0,0,3053976,165252,173828,4545784,5065.699,1460.219,0,11413.347,0,536.816,5649,4132,2.840,1.870,1.040,1,0,329.501,0,0,14,101,0,25,2
24-04 03:54:07,9.227,18.453,70.322,0,0,3066168,153016,173828,4545812,5582.868,1615.910,7.980,67.828,1.995,7.980,4910,3498,2.840,1.870,1.040,1,0,248.371,0,0,14,101,0,25,2
24-04 03:54:08,20.758,5.002,73.279,0.250,0,3123016,162896,173828,4480288,5217.051,2233.878,8.003,652.256,1.000,16.006,1898,1295,2.840,1.870,1.040,0,0,0,0,0,14,102,0,25,2
24-04 03:54:09,18.253,2.500,78.012,0,0,3125720,160228,173828,4480300,26908.047,23524.538,8.001,252.038,2.000,14.002,2644,2781,2.770,1.870,1.050,1,0,1.000,0,0,14,104,0,24,2
24-04 03:54:10,20.245,6.498,71.983,0,0,3167268,118652,173828,4480328,4270.964,1751.575,0,1575.618,0,21.995,2505,1897,2.770,1.870,1.050,1,0,63.984,0,0,14,105,0,25,2
24-04 03:54:11,18.754,2.751,77.017,0.500,0,3171432,182236,173828,4414804,9907.243,7833.774,12.003,332.075,3.001,29.007,2276,2262,2.770,1.870,1.050,0,0,2.000,0,0,14,110,0,25,2
24-04 03:54:12,22.251,4.000,71.253,1.250,0.250,3172216,180464,173844,4415744,5077.249,1720.084,564.028,1956.096,32.002,189.009,4343,6296,2.770,1.870,1.050,4,0,2.000,0,0,14,113,0,25,2
24-04 03:54:13,25.785,4.756,67.092,0.501,0,3078692,273684,173844,4416048,5254.176,2766.779,144.197,1369.871,8.011,132.181,4140,4910,2.770,1.870,1.050,1,0,24.033,0,0,14,116,0,20,2
24-04 03:54:14,32.659,9.723,56.592,0.499,0,3208484,143852,173844,4416088,4216.228,1543.690,0,702.040,0,47.866,3875,3351,2.630,1.860,1.050,1,0,93.738,0,0,14,122,0,20,2
24-04 03:54:15,18.254,2.751,77.017,0.500,0,3217752,134540,173844,4416132,11232.549,7920.797,32.007,752.171,2.000,59.013,2586,2713,2.630,1.860,1.050,1,0,2.000,0,0,14,123,0,20,2
24-04 03:54:16,18.763,3.753,75.054,0.500,0,3225788,126476,173848,4416156,6889.946,3605.588,4.003,840.603,1.001,86.062,3619,4810,2.630,1.860,1.050,1,0,0,0,0,14,123,0,20,2
24-04 03:54:17,39.030,13.510,46.035,0.500,0,3278004,204824,173852,4288884,6117.685,2654.033,4.003,3830.934,1.001,405.310,4779,4227,2.630,1.860,1.050,2,0,100.077,0,0,14,124,0,21,2
24-04 03:54:18,35.271,5.503,58.785,0,0,3344552,138308,173852,4288892,8284.874,5716.363,0,428.252,0,28.016,2558,1621,2.630,1.860,1.050,1,0,0,0,0,14,125,0,21,2
24-04 03:54:19,18.754,6.251,73.264,0.500,0,3347492,135340,173852,4288920,22379.190,18580.479,8.001,1832.343,2.000,107.020,2805,2506,2.500,1.840,1.050,1,0,56.010,0,0,14,124,0,22,2
24-04 03:54:20,18.744,3.249,76.726,0,0,3384776,161796,173852,4226720,9854.972,7168.797,3.999,99.969,1.000,9.997,1811,1318,2.500,1.840,1.050,3,0,0,0,0,14,125,0,22,2
24-04 03:54:21,20.258,7.253,71.278,0,0,3336712,209816,173852,4227544,21873.473,18518.174,24.009,0,2.001,0,2786,3090,2.500,1.840,1.050,5,0,85.033,0,0,14,124,0,23,2
24-04 03:54:22,22.935,5.485,71.299,0,0.249,3351516,195008,173852,4226768,5887.370,3414.355,0,251.290,0,0.997,2376,6164,2.500,1.840,1.050,0,0,1.994,0,0,14,125,0,24,2
24-04 03:54:23,17.527,3.255,77.368,0.751,0,3356096,190272,173852,4226924,10982.721,7285.091,104.159,709.080,8.012,100.152,2945,3638,2.500,1.840,1.050,1,0,0,0,0,14,124,0,25,2
24-04 03:54:24,25.227,8.992,63.692,0.250,0,3371560,174488,173936,4227160,4336.062,1456.677,91.917,3193.100,5.995,176.839,4490,5928,2.380,1.830,1.050,2,0,88.919,0,0,14,126,0,25,2
24-04 03:54:25,19.487,2.498,77.198,0,0,3389376,156660,173936,4227172,27480.375,24141.638,0,299.797,0,15.989,2039,1628,2.380,1.830,1.050,2,0,0.999,0,0,14,128,0,25,2
24-04 03:54:26,19.764,7.005,73.303,0.250,0,3411336,134668,173936,4227188,4743.423,1621.170,0,220.159,0,12.009,2368,1661,2.380,1.830,1.050,1,0,55.040,0,0,14,128,0,25,2
24-04 03:54:27,16.502,3.500,78.260,0,0,3420872,179828,173936,4173236,10770.358,7894.995,0,2876.363,0,325.041,1810,1359,2.380,1.830,1.050,1,0,0,0,0,14,129,0,25,2
24-04 03:54:28,23.010,5.502,68.029,1.501,0,3421220,178984,173940,4173728,5357.264,1836.776,344.145,3221.362,24.010,354.150,6513,10365,2.380,1.830,1.050,1,0,1.000,0,0,14,130,0,26,2
24-04 03:54:29,20.247,6.749,71.240,0.500,0,3348924,251136,173940,4173872,6543.083,2859.599,0,1103.845,0,81.989,3421,3545,2.270,1.810,1.040,1,0,53.992,0,0,14,129,0,27,2
24-04 03:54:30,19.483,2.748,75.935,0.500,0,3386836,213212,173940,4173884,10147.369,7204.872,0,703.402,0,55.952,2352,2286,2.270,1.810,1.040,2,0,0,0,0,14,130,0,27,2
24-04 03:54:31,18.547,4.512,76.446,0.251,0,3386056,213968,173940,4173908,9661.715,5956.236,0,1142.924,0,73.187,3134,3626,2.270,1.810,1.040,4,0,6.015,0,0,14,130,0,27,2
24-04 03:54:32,28.246,5.249,63.742,0.750,0,3388112,211852,173944,4173964,4132.468,1963.747,0,1575.797,0,165.979,6566,10100,2.270,1.810,1.040,2,0,2.000,0,0,14,134,0,27,2
24-04 03:54:33,26.499,7.000,65.498,0.250,0,3405328,194584,173944,4174016,5111.844,1481.955,0,655.980,0,47.999,3652,3889,2.270,1.810,1.040,1,0,76.998,0,0,14,133,0,28,2
24-04 03:54:34,18.000,2.250,79.248,0.250,0,3424324,175580,173944,4174024,11225.752,7854.827,0,523.988,0,31.999,1788,1476,2.170,1.800,1.040,1,0,1.000,0,0,14,137,0,28,2
24-04 03:54:35,16.246,8.248,72.982,0.500,0,3414132,185700,173944,4174096,8306.954,4735.834,15.996,1119.724,1.000,133.967,4507,5182,2.170,1.800,1.040,1,0,146.964,0,0,14,135,0,29,2
24-04 03:54:36,17.737,3.248,77.693,0.250,0,3465096,134732,173944,4174100,6810.025,3571.391,0,959.299,0,55.959,1787,1435,2.170,1.800,1.040,1,0,0,0,0,14,136,0,29,2
24-04 03:54:37,18.975,2.497,77.147,0.250,0,3455216,144580,173944,4174132,14825.128,10965.302,0,766.972,0,57.922,3206,3704,2.170,1.800,1.040,1,0,0,0,0,14,136,0,28,2
24-04 03:54:38,24.014,7.004,67.038,1.251,0,3450460,149124,173948,4174340,5162.953,1620.927,28.016,5599.202,2.001,411.235,7214,11143,2.170,1.800,1.040,1,0,0,0,0,14,136,0,28,2
24-04 03:54:39,36.846,12.282,47.625,0.752,0,3422912,176028,173968,4174900,6430.822,3260.529,421.102,1732.532,69.181,145.380,11397,17678,2.070,1.790,1.040,4,0,211.553,0,0,14,135,0,29,2
24-04 03:54:40,25.446,6.985,66.858,0.249,0,3452048,146828,173968,4174932,4725.963,2011.727,0,814.271,0,54.883,3782,4252,2.070,1.790,1.040,1,0,78.833,0,0,14,135,0,29,2
24-04 03:54:41,17.514,2.502,79.315,0.250,0,3455792,143076,173968,4174940,11942.835,9037.442,0,484.399,0,25.021,2092,1900,2.070,1.790,1.040,2,0,0,0,0,14,135,0,30,2
24-04 03:54:42,8.999,19.248,69.244,0.250,0,3393080,205752,173968,4174976,4576.608,1655.858,4.000,5411.536,1.000,480.959,6110,5231,2.070,1.790,1.040,1,0,353.970,0,0,14,135,0,30,2
24-04 03:54:43,13.008,18.511,67.041,0,0,3361188,237484,173968,4175240,4216.565,1620.986,0,212.129,0,17.010,6205,6260,2.070,1.790,1.040,1,0,345.210,0,0,14,135,0,30,2
24-04 03:54:44,26.509,19.507,53.518,0,0.250,3392308,206340,173968,4175164,4749.595,1498.503,0,16.005,0,4.001,6687,6974,1.990,1.770,1.040,3,0,388.130,0,0,14,135,0,30,2
24-04 03:54:45,33.484,23.489,41.980,0.500,0,3437160,161284,173976,4175704,5091.572,1203.426,31.985,583.722,3.998,42.980,7528,8148,1.990,1.770,1.040,3,0,491.765,0,0,14,137,0,30,2
24-04 03:54:46,35.012,17.756,46.015,0,0,3484108,144564,173984,4145792,5673.909,1512.509,0,384.129,0,25.008,6573,7993,1.990,1.770,1.040,6,0,308.104,0,0,16,141,0,30,2
24-04 03:54:47,56.220,29.234,13.743,0,0,3631016,148352,173992,3997576,6101.743,1619.136,103.945,603.678,6.996,41.978,7440,13493,1.990,1.770,1.040,4,0,549.707,0,0,16,147,0,30,2
24-04 03:54:48,62.745,19.748,16.999,0.250,0,3732864,146532,173992,3898700,4245.630,1565.863,31.997,739.935,4.000,30.997,7674,13693,1.990,1.770,1.040,4,0,298.974,0,0,16,163,0,30,2
24-04 03:54:49,34.290,24.028,40.547,0,0,3793276,184312,173992,3801728,4539.261,1513.754,4.005,512.594,1.001,14.016,7113,6147,2.310,1.840,1.070,2,0,587.681,0,0,16,163,0,30,2
24-04 03:54:50,22.248,23.248,53.495,0,0,3830736,146764,173996,3801820,4485.547,1655.833,0,363.963,0,17.998,5909,4532,2.310,1.840,1.070,2,0,370.962,0,0,17,163,0,30,2
24-04 03:54:51,21.719,15.478,61.662,0,0,3847872,129596,173996,3801844,4585.469,1509.849,11.983,399.431,2.996,28.959,5860,7195,2.310,1.840,1.070,3,0,226.677,0,0,17,163,0,30,2
24-04 03:54:52,29.796,25.039,43.818,0.501,0,3906272,176912,173996,3698648,4690.245,1568.423,12.019,2347.627,3.005,33.051,6630,5835,2.310,1.840,1.070,3,0,485.750,0,0,17,163,0,30,2
24-04 03:54:53,33.491,15.746,49.736,0,0,3952700,130392,174000,3698896,4090.889,1511.589,15.996,663.820,2.999,89.976,5995,7866,2.310,1.840,1.070,0,0,241.934,0,0,17,169,0,30,2
24-04 03:54:54,35.691,27.954,34.942,0,0,4051792,147936,174008,3584852,4478.589,1633.297,55.907,335.445,4.992,21.964,8483,12738,2.280,1.850,1.080,6,0,633.951,0,0,17,175,0,28,2
24-04 03:54:55,32.280,26.775,40.538,0.250,0,4129400,132488,174012,3524224,4984.666,1513.417,16.015,748.701,4.004,56.052,9674,13451,2.280,1.850,1.080,5,0,639.599,0,0,17,181,0,28,2
24-04 03:54:56,10.494,22.736,63.962,0,0,4160784,131192,174012,3495232,5096.964,1619.036,7.995,455.729,1.999,38.977,6586,6291,2.280,1.850,1.080,1,0,324.807,0,0,17,191,0,28,0
24-04 03:54:57,22.000,17.250,59.751,0.250,0,4179492,127088,174012,3480632,5117.063,1620.020,8.000,564.007,2.000,21.000,5987,7685,2.280,1.850,1.080,2,0,226.003,0,0,17,191,0,28,0
24-04 03:54:58,43.382,10.721,43.632,0.748,0,4320080,139980,174012,3329840,5026.386,1615.624,837.731,16080.445,13.962,886.599,3969,2347,2.280,1.850,1.080,2,0,17.951,0,0,17,207,0,28,0
24-04 03:54:59,41.373,9.779,48.393,0,0,4427676,131164,174016,3234012,4990.784,1570.653,208.618,220.654,12.036,19.056,3332,2399,2.340,1.860,1.090,2,0,9.027,0,0,17,210,0,28,0
24-04 03:55:00,29.987,11.995,55.975,0.500,0,4333024,225712,174020,3234112,4709.895,1601.284,27.987,971.566,3.998,78.965,4499,4425,2.340,1.860,1.090,4,0,199.911,0,0,17,211,0,28,0
24-04 03:55:01,31.796,28.541,38.556,0.501,0,4404220,153600,174032,3235000,6658.627,3657.288,961.390,312.452,18.026,28.041,6908,6694,2.340,1.860,1.090,4,0,643.931,0,0,17,212,0,28,0
24-04 03:55:02,39.396,29.173,30.420,0,0,4438200,160624,174048,3194780,12499.162,8155.574,1045.254,1336.489,23.937,40.893,7335,8785,2.340,1.860,1.090,2,0,538.585,0,0,17,217,0,19,0
24-04 03:55:03,58.882,19.212,21.208,0,0,4483800,158588,174048,3152976,4790.400,1616.760,55.888,339.320,6.986,16.966,6113,6226,2.340,1.860,1.090,3,0,228.542,0,0,17,224,0,19,0
24-04 03:55:04,64.719,13.797,20.319,0.502,0,4616192,146968,174064,3035628,12605.612,10772.415,1733.861,646.184,51.173,27.092,5053,3978,2.470,1.900,1.100,2,0,20.068,0,0,17,229,0,19,0
24-04 03:55:05,64.082,13.017,17.773,5.006,0,4616872,180372,174140,3002644,7504.603,3337.270,6159.882,2218.839,475.609,165.211,6398,8413,2.470,1.900,1.100,2,0,46.059,0,0,17,233,0,24,0
24-04 03:55:06,32.474,25.979,39.968,0,0.250,4670820,143880,174148,2985660,6648.637,3462.207,7.994,8629.039,1.998,29.976,6568,6199,2.470,1.900,1.100,5,0,414.666,0,0,17,236,0,21,0
24-04 03:55:07,30.997,22.498,45.496,0.250,0,4690892,157200,174148,2954176,13547.778,9895.108,123.989,3095.721,6.999,63.994,7087,10023,2.470,1.900,1.100,4,0,327.970,0,0,17,235,0,22,0
24-04 03:55:08,54.803,24.910,18.434,0.249,0,4698180,147480,174148,2956256,4174.994,1345.165,7.971,2503.004,1.993,148.466,5925,6757,2.470,1.900,1.100,4,0,373.657,0,0,17,235,0,22,0
24-04 03:55:09,46.339,28.054,25.048,0.250,0,4769828,137788,174168,2895396,15787.175,11798.551,1037.984,753.440,46.088,37.071,7037,7886,2.680,1.950,1.120,3,0,389.745,0,0,17,238,0,22,0
24-04 03:55:10,56.117,24.941,17.459,0.499,0.249,4782672,145808,174172,2874468,4857.504,2389.345,422.999,2222.739,22.946,144.658,8015,11524,2.680,1.950,1.120,5,0,329.221,0,0,17,243,0,24,0
24-04 03:55:11,52.020,29.654,17.843,0,0,4884076,144992,174180,2775632,12181.243,9580.742,193.002,558.902,11.057,37.193,6842,7286,2.680,1.950,1.120,2,0,505.625,0,0,17,246,0,24,0
24-04 03:55:12,46.240,21.245,30.743,0.250,0,4875872,189024,174188,2740956,8245.236,4661.003,575.877,839.820,32.993,52.989,9802,16403,2.680,1.950,1.120,3,0,231.950,0,0,17,251,0,26,0
24-04 03:55:13,62.978,19.493,17.244,0,0,4996244,134500,174192,2676824,10436.402,7396.450,707.756,703.757,11.996,17.994,8100,10209,2.680,1.950,1.120,4,0,121.958,0,0,17,252,0,26,0
24-04 03:55:14,53.487,9.748,35.242,1.250,0,5020804,163824,174196,2624104,15318.323,13017.876,1295.689,651.844,79.981,51.988,5529,5846,2.700,1.970,1.130,3,0,20.995,0,0,17,254,0,30,0
24-04 03:55:15,59.513,11.252,28.256,0.250,0,5109212,124980,174196,2575964,8237.795,5514.202,1400.305,808.176,27.006,91.020,5214,5178,2.700,1.970,1.130,1,0,12.003,0,0,17,265,0,30,0
24-04 03:55:16,47.719,23.735,26.233,0.250,0,5026016,204080,174324,2579856,15152.153,11262.680,4405.137,1514.016,67.956,66.956,7433,9128,2.700,1.970,1.130,5,0,387.748,0,0,17,265,0,32,0
24-04 03:55:17,48.529,28.267,22.764,0.250,0,5078604,151388,174324,2580276,5415.227,2254.343,528.315,592.353,5.003,40.024,6345,5797,2.700,1.970,1.130,6,0,421.251,0,0,17,266,0,32,0
24-04 03:55:18,50.229,20.491,27.738,0.250,0,5090212,139644,174332,2580296,14398.878,11514.104,783.667,1603.318,8.996,46.980,6811,9185,2.700,1.970,1.130,6,0,249.894,0,0,18,266,0,31,0
24-04 03:55:19,81.311,17.513,0.751,0.751,0,5156164,140664,174332,2515372,5907.406,1765.317,1561.164,15103.264,83.062,1277.953,6687,5834,2.970,2.040,1.160,5,0,86.064,0,0,18,272,0,32,0
24-04 03:55:20,77.596,12.435,7.212,0.746,0,5285004,146116,174348,2386164,10882.390,7634.287,3207.316,2148.822,143.255,233.784,6770,7576,2.970,2.040,1.160,6,0,12.933,0,0,18,277,0,32,0
24-04 03:55:21,55.718,17.067,26.855,0.753,0,5290212,139508,174372,2387640,9962.051,6597.864,883.463,1313.148,21.083,115.453,8068,9424,2.970,2.040,1.160,3,0,230.905,0,0,18,280,0,34,0
24-04 03:55:22,40.424,10.979,47.660,0.250,0,5327692,126612,174392,2363896,13652.247,8072.772,954.200,11825.693,18.964,51.902,4184,11996,2.970,2.040,1.160,2,0,43.917,0,0,18,283,0,32,0
24-04 03:55:23,36.282,10.009,51.545,0,0,5282560,182356,174392,2353988,13473694.005,232260.513,560.494,2402.115,7.006,267.235,18976,11018,2.970,2.040,1.160,3,0,13.011,0,0,18,285,0,33,0
24-04 03:55:24,44.835,20.038,33.313,0.501,0,5331724,158976,174392,2329316,3640458.272,60183.637,2805.344,609.160,30.057,48.092,9427,6390,2.970,2.050,1.170,1,0,263.502,0,0,18,287,0,33,0
24-04 03:55:25,28.256,3.751,66.265,0.250,0,5389496,131272,174392,2300280,20510.498,17319.798,0,656.144,0,59.013,3314,2995,2.970,2.050,1.170,3,0,1.000,0,0,18,290,0,33,0
24-04 03:55:26,41.194,7.240,50.431,0.250,0,5361612,158960,174392,2300552,7706.451,5102.016,127.825,527.278,7.989,46.936,4747,5656,2.970,2.050,1.170,1,1,5.992,0,0,18,293,0,36,0
24-04 03:55:27,17.015,4.003,76.317,0.500,0,5391740,128400,174392,2300984,378593.259,15442172.701,368.321,2446.134,18.016,56.049,4055,2927,2.970,2.050,1.170,1,0,1.001,0,0,18,294,0,37,0
24-04 03:55:28,20.905,6.720,69.684,0.498,0,5348196,171888,174400,2301036,7947012.650,1007193.198,0,760.552,0,68.689,6826,7038,2.970,2.050,1.170,2,0,37.829,0,0,18,298,0,39,0
24-04 03:55:29,15.825,11.303,70.583,0.754,0,5240596,263352,174400,2317140,8627235.077,89202.472,64.303,22011.757,4.019,680.206,8536,6685,2.810,2.040,1.170,1,0,137.649,0,0,18,294,0,42,0
24-04 03:55:30,14.711,14.212,68.567,0.249,0,5274760,229132,174400,2317196,5896.260,1507.975,15.957,753.987,1.995,52.859,5167,5026,2.810,2.040,1.170,1,0,328.124,0,0,18,294,0,42,0
24-04 03:55:31,23.828,5.769,69.227,0.752,0,5286596,217288,174400,2317204,5477.986,1625.336,0,3306.857,0,196.646,3049,2967,2.810,2.040,1.170,2,0,28.092,0,0,18,294,0,40,0
24-04 03:55:32,7.494,19.733,70.441,0,0,5286924,216924,174400,2317240,4513.190,1660.598,0,199.831,0,8.992,5231,3956,2.810,2.040,1.170,1,0,291.754,0,0,18,294,0,40,0
24-04 03:55:33,8.251,20.752,69.255,0,0,5285248,218544,174400,2317296,5188.404,1500.117,24.002,592.046,3.000,37.003,5463,4162,2.810,2.040,1.170,1,0,291.023,0,0,18,294,0,40,0
24-04 03:55:34,3.995,4.744,89.881,0,0,5285484,218292,174404,2317308,4613.872,1617.851,0,251.666,0,19.973,2092,2043,2.670,2.020,1.170,0,0,65.912,0,0,18,298,0,40,0
24-04 03:55:35,18.031,4.007,76.632,0,0,5338664,165108,174404,2317312,4896.453,1502.594,0,4.007,0,1.002,2011,1729,2.670,2.020,1.170,1,0,10.017,0,0,18,298,0,39,0
24-04 03:55:36,16.181,2.489,79.162,0.249,0,5343100,160460,174404,2317524,12607.179,10377.697,63.728,47.796,3.983,3.983,2145,1928,2.670,2.020,1.170,0,0,2.987,0,0,18,303,0,39,0
24-04 03:55:37,12.549,15.059,71.279,0,0,5264748,238744,174408,2317572,6002.510,1662.512,8.031,0,2.008,0,4358,3020,2.670,2.020,1.170,1,0,160.629,0,0,18,302,0,40,0
24-04 03:55:38,11.249,16.749,69.245,0.250,0,5261456,241808,174412,2317780,4859.647,1619.882,47.997,227.983,2.000,21.998,5168,3846,2.670,2.020,1.170,1,0,167.988,0,0,18,302,0,40,0
24-04 03:55:39,12.755,16.757,68.528,0.250,0.250,5254680,248280,174412,2318068,4819.999,1458.605,96.040,536.222,6.002,38.016,5029,3838,2.530,2,1.170,2,0,155.064,0,0,18,306,0,39,0
24-04 03:55:40,17.973,10.235,70.145,0,0,5270456,232432,174412,2318124,4792.834,1617.581,3.994,255.618,0.999,21.967,3686,2838,2.530,2,1.170,1,0,117.824,0,0,18,306,0,39,0
24-04 03:55:41,22.763,4.002,71.540,0.250,0,5332952,169936,174412,2318124,4520.516,1458.812,0,312.174,0,34.019,2265,1993,2.530,2,1.170,2,0,2.001,0,0,18,308,0,39,0
24-04 03:55:42,23.743,2.999,71.478,0.250,0,5367428,135160,174412,2318424,3363.953,647.798,387.879,239.925,11.996,27.991,2510,2435,2.530,2,1.170,1,0,3.999,0,0,18,312,0,39,0
24-04 03:55:43,23.258,3.751,72.274,0.250,0,5319416,183040,174412,2318556,3673.226,972.325,24.008,444.148,4.001,28.009,2115,1675,2.530,2,1.170,2,0,5.002,0,0,18,308,0,37,0
24-04 03:55:44,21.749,5.000,72.497,0,0,5377344,124968,174412,2318700,5583.794,1713.937,0,59.998,0,8.000,2215,1928,2.410,1.980,1.170,4,0,3.000,0,0,18,308,0,37,0
24-04 03:55:45,10.729,1.747,85.333,0.250,0,5374344,127956,174412,2318712,19420.937,15194.221,0,395.225,0,39.922,2472,2775,2.410,1.980,1.170,1,0,0,0,0,18,311,0,38,0
24-04 03:55:46,22.315,4.012,71.958,0,0,5304804,197488,174412,2318720,11526.356,6844.808,0,316.917,0,27.078,2536,2115,2.410,1.980,1.170,1,0,16.046,0,0,18,308,0,39,0
24-04 03:55:47,23.477,2.997,72.679,0,0,5364664,137624,174412,2318724,6190.946,1688.349,0,103.898,0,11.988,2028,1518,2.410,1.980,1.170,2,0,0,0,0,18,308,0,39,0
24-04 03:55:48,15.946,12.209,70.263,0.249,0,5347840,154300,174412,2318872,4315.416,1614.544,430.545,127.569,4.983,9.966,3592,2725,2.410,1.980,1.170,2,0,129.562,0,0,18,308,0,39,0
24-04 03:55:49,8.779,19.815,68.474,0,0,5341192,160708,174420,2319072,3750.278,1462.789,32.105,1384.533,5.016,79.259,5787,4556,2.220,1.950,1.160,2,0,359.176,0,0,18,308,0,39,0
24-04 03:55:50,18.504,9.002,71.266,0,0,5369248,132616,174440,2319088,4200.929,1620.358,0,100.022,0,5.001,3378,2558,2.220,1.950,1.160,1,0,113.025,0,0,18,308,0,39,0
24-04 03:55:51,18.713,3.244,76.599,0.499,0,5360936,135844,174872,2323644,9788.757,3734.658,0,1029.975,0,40.920,2215,2124,2.220,1.950,1.160,1,0,15.969,0,0,18,310,0,39,0
24-04 03:55:52,21.967,3.744,72.889,0,0,5339644,155804,174952,2324864,4104.773,2260.571,0,415.370,0,6.989,2327,1828,2.220,1.950,1.160,1,0,20.968,0,0,18,311,0,39,0
24-04 03:55:53,19.334,3.264,76.330,0.251,0,5326568,163144,175480,2329948,9916.851,2903.546,0,1193.156,0,21.091,4775,7949,2.220,1.950,1.160,1,0,6.026,0,0,18,310,0,39,0
24-04 03:55:54,17.671,5.227,75.414,0.249,0,5313496,175456,175532,2330636,10549.973,3961.342,51.769,17601.540,7.964,145.352,7345,13018,2.120,1.930,1.160,1,0,8.960,0,0,18,311,0,39,0
24-04 03:55:55,21.578,7.276,68.999,0.251,0,5307316,181404,175580,2330820,4632.736,1029.720,0,3332.037,0,435.574,10299,18538,2.120,1.930,1.160,2,0,19.069,0,0,18,311,0,39,0
24-04 03:55:56,16.240,10.744,71.457,0.250,0,5268472,230212,175664,2320816,5050.987,1726.970,0,591.647,0,26.984,3662,2783,2.120,1.930,1.160,1,0,130.922,0,0,18,310,0,39,0
24-04 03:55:57,16.987,10.742,70.697,0,0,5313020,185644,175668,2320832,5219.118,1564.836,0,55.958,0,3.997,3438,2632,2.120,1.930,1.160,1,0,137.897,0,0,18,310,0,39,0
24-04 03:55:58,18.211,2.744,78.584,0,0,5336480,161956,175668,2321060,6246.776,6605.017,31.932,554.825,1.996,12.973,2021,1839,2.120,1.930,1.160,0,0,0,0,0,18,311,0,39,0
24-04 03:55:59,20.579,3.764,74.034,0.251,0,5311348,187048,175668,2321100,12323.205,5733.965,20.077,361.384,2.008,24.092,2774,2350,2.110,1.940,1.160,2,0,48.185,0,0,18,310,0,42,0
24-04 03:56:00,21.496,9.998,67.238,0,0,5315192,183068,175668,2321220,4319.204,1619.701,0,355.934,0,31.994,3491,4832,2.110,1.940,1.160,2,0,72.987,0,0,18,310,0,42,0
24-04 03:56:01,20.492,2.999,76.219,0.250,0,5323300,174944,175668,2321236,13211.602,10305.790,0,255.895,0,24.990,2752,2788,2.110,1.940,1.160,1,0,1.999,0,0,18,312,0,43,0
24-04 03:56:02,21.456,6.736,69.857,0.249,0,5312432,185796,175668,2321252,4986.767,1616.683,0,243.500,0,21.955,3014,2541,2.110,1.940,1.160,1,0,70.855,0,0,18,312,0,43,0
24-04 03:56:03,16.987,1.998,78.938,0,0,5329304,168912,175668,2321264,17762.984,14766.348,0,155.877,0,10.991,2185,1889,2.110,1.940,1.160,1,0,0,0,0,18,312,0,43,0
24-04 03:56:04,20.022,8.259,71.328,0,0,5318840,179364,175668,2321276,4204.580,1201.309,0,236.257,0,14.015,2721,2104,2.020,1.920,1.160,1,0,56.061,0,0,18,312,0,43,0
24-04 03:56:05,17.264,2.252,79.066,0,0,5319072,179124,175668,2321284,12256.278,10355.684,0,48.040,0,5.004,2104,1902,2.020,1.920,1.160,1,0,0,0,0,18,313,0,45,0
24-04 03:56:06,20.726,5.494,72.416,0,0,5300568,197552,175668,2321360,7187.698,1815.902,63.926,0,0.999,0,2431,1789,2.020,1.920,1.160,1,0,31.963,0,0,18,312,0,46,0
24-04 03:56:07,15.248,2.750,81.741,0,0,5319708,178412,175668,2321360,12271.692,9256.013,0,0,0,0,1832,1555,2.020,1.920,1.160,1,0,0,0,0,18,313,0,40,0
24-04 03:56:08,16.272,5.007,77.356,0.501,0,5307152,190788,175668,2321540,8251.327,4724.486,48.066,504.693,3.004,49.067,3070,3208,2.020,1.920,1.160,1,0,47.065,0,0,18,312,0,41,0
24-04 03:56:09,18.003,2.500,78.265,0,0.250,5316204,181716,175668,2321560,10165.889,7172.333,0,156.029,0,8.001,1925,1643,1.940,1.900,1.160,2,0,0,0,0,18,313,0,41,0
24-04 03:56:10,19.000,5.750,74.002,0,0,5270632,227280,175668,2321568,9328.221,6194.147,0,240.006,0,22.001,2763,2270,1.940,1.900,1.160,1,0,33.001,0,0,18,312,0,44,0
24-04 03:56:11,18.987,3.248,76.447,0.500,0,5315960,181932,175668,2321588,6128.740,3700.428,0,327.772,0,32.977,2207,2002,1.940,1.900,1.160,0,0,0,0,0,18,315,0,41,0
24-04 03:56:12,14.765,1.752,81.083,0.250,0,5318208,179664,175668,2321608,14036.428,10350.639,0,340.350,0,34.035,2384,2625,1.940,1.900,1.160,1,0,0,0,0,18,314,0,42,0
24-04 03:56:13,7.242,8.741,81.665,1.498,0,5299340,197312,176212,2322284,8794.816,3849.980,1122.828,175.816,250.738,13.985,3536,3397,1.940,1.900,1.160,0,0,179.812,0,0,18,316,0,42,0
24-04 03:56:14,3.753,6.755,87.561,0,0,5279044,217560,176212,2322332,15157.626,3113.182,0,352.247,0,22.015,2565,2353,1.780,1.870,1.160,2,0,97.068,0,0,18,314,0,43,0
24-04 03:56:15,4.500,6.250,87.257,0.500,0,5280288,216300,176212,2322348,10572.803,5027.382,0,740.056,0,57.004,2703,2999,1.780,1.870,1.160,1,0,71.005,0,0,18,314,0,44,0
24-04 03:56:16,14.742,11.994,71.211,0.500,0,5309408,186056,176212,2323472,5097.244,1619.125,1043.436,127.931,96.948,9.995,4147,3187,1.780,1.870,1.160,1,0,167.909,0,0,18,314,0,36,0
24-04 03:56:17,19.257,4.001,72.276,3.001,0,5347896,130776,176288,2340108,5188.859,1620.581,6674.391,600.215,480.172,12.004,2563,2567,1.780,1.870,1.160,1,0,3.001,0,0,18,314,0,36,0
24-04 03:56:18,13.513,2.002,83.081,0.250,0,5340740,133860,176292,2344160,16601.260,6122.997,24.024,1345.318,3.003,38.037,2014,2011,1.780,1.870,1.160,1,0,16.016,0,0,18,314,0,36,0
24-04 03:56:19,15.008,12.757,69.286,0.750,0,5263184,208132,176424,2347264,5412.850,1620.853,1416.746,3489.838,25.013,120.063,5110,4940,1.720,1.860,1.150,2,0,239.126,0,0,18,314,0,36,0
24-04 03:56:20,20.492,7.747,71.224,0.250,0,5315340,155968,176424,2347272,4378.377,1619.400,0,579.785,0,11.996,2844,2245,1.720,1.860,1.150,1,0,65.976,0,0,18,314,0,33,0
24-04 03:56:21,17.742,2.249,77.964,0,0,5312828,158464,176424,2347288,26982.653,24116.964,0,2414.895,0,384.824,2472,2199,1.720,1.860,1.150,2,0,0,0,0,18,314,0,35,0
24-04 03:56:22,25.983,9.744,63.210,0.750,0,5349028,122224,176424,2347312,4100.385,1079.312,0,291.814,0,31.980,3816,11459,1.720,1.860,1.150,2,0,82.947,0,0,18,314,0,36,0
24-04 03:56:23,25.130,5.474,68.173,0,0,5333080,169880,176424,2316540,12960.912,9791.097,700.644,39.809,29.857,4.976,2803,2190,1.720,1.860,1.150,2,0,2.986,0,0,18,314,0,38,0
24-04 03:56:24,39.714,10.557,48.762,0,0,5363548,139412,176424,2316540,4194.570,1695.121,514.770,148.801,4.022,1.005,3428,1976,1.740,1.860,1.160,2,0,22.119,0,0,18,314,0,34,0
24-04 03:56:25,21.758,3.751,72.775,0.250,0,5349316,152136,176424,2318048,11062.871,7956.784,1824.638,1876.657,51.018,171.060,3066,3075,1.740,1.860,1.160,4,0,1.000,0,0,18,315,0,34,0
24-04 03:56:26,24.497,6.249,67.241,1.500,0,5340728,159700,176428,2319080,4755.396,2253.714,747.905,4603.415,44.994,313.960,5338,7852,1.740,1.860,1.160,1,0,6.999,0,0,18,316,0,35,0
24-04 03:56:27,14.998,2.500,80.488,0.250,0,5373672,126756,176428,2319080,0,167.975,0,491.928,0,32.995,1677,1699,1.740,1.860,1.160,0,0,0,0,0,18,316,0,35,0
24-04 03:56:28,1.249,0.749,97.649,0,0,5365040,135388,176428,2319080,0,0,0,111.884,0,7.992,848,1312,1.740,1.860,1.160,1,0,0,0,0,18,316,0,28,0
24-04 03:56:29,1.248,1.498,96.114,0.250,0,5357928,142496,176428,2319084,0,0,0,1717.573,0,281.602,1245,1670,1.600,1.830,1.150,0,0,1.997,0,0,18,316,0,28,0
24-04 03:56:30,1.749,0.750,95.447,0.250,0,5351704,148720,176428,2319084,0,0,0,2326.697,0,48.973,1365,2119,1.600,1.830,1.150,0,0,0.999,0,0,18,316,0,28,0
24-04 03:56:31,2.253,2.002,95.115,0,0,5350352,150064,176432,2319088,0,0,0,228.275,0,25.030,1303,1872,1.600,1.830,1.150,0,0,6.007,0,0,18,316,0,28,0
24-04 03:56:32,1.000,0.500,97.477,0,0,5345476,154940,176432,2319088,0,167.960,0,123.971,0,7.998,835,1275,1.600,1.830,1.150,0,0,0,0,0,18,316,0,24,0
24-04 03:56:33,1.500,0.750,96.025,0.250,0,5340880,159532,176432,2319092,0,0,0,372.098,0,31.008,1169,1798,1.600,1.830,1.150,0,0,0,0,0,18,316,0,24,0
24-04 03:56:34,1.001,0.500,97.081,0,0,5336916,163496,176432,2319092,0,70.059,0,32.027,0,4.003,872,1369,1.470,1.800,1.150,0,0,0,0,0,18,316,0,24,0
24-04 03:56:35,1.250,0.750,97.006,0,0,5333204,167204,176432,2319096,0,0,0,72.004,0,8.000,787,1250,1.470,1.800,1.150,0,0,0,0,0,18,316,0,24,0
24-04 03:56:36,1.242,0.497,97.130,0,0,5329956,170400,176436,2319144,0,0,31.797,135.137,0.994,16.892,993,1648,1.470,1.800,1.150,0,0,0,0,0,18,316,0,24,0
24-04 03:56:37,7.560,3.024,89.202,0.252,0,5264588,235760,176436,2319152,0,0,0,403.174,0,27.214,1634,1717,1.470,1.800,1.150,2,0,56.444,0,0,18,316,0,24,0
24-04 03:56:38,16.012,12.510,69.554,0.751,0,5247052,249756,176496,2322392,0,0,3134.416,168.130,125.096,5.004,3684,2886,1.470,1.800,1.150,2,0,110.085,0,0,18,316,0,24,0
24-04 03:56:39,9.219,3.488,86.461,0,0,5218988,276084,176504,2324152,0,19090.252,199.334,0,22.923,0,3559,7379,1.520,1.800,1.150,2,0,7.973,0,0,18,316,0,24,0
24-04 03:56:40,0.999,0.999,96.376,0,0,5218464,276608,176504,2324152,0,1512.057,0,7969.758,0,18.976,970,1450,1.520,1.800,1.150,0,0,0.999,0,0,18,316,0,23,0
24-04 03:56:41,1.500,0.500,96.507,0.500,0,5218464,276608,176504,2324152,0,0,0,272.020,0,25.002,1077,1656,1.520,1.800,1.150,0,0,0,0,0,18,316,0,23,0
24-04 03:56:42,1.500,0.500,96.988,0,0,5218460,276608,176504,2324156,0,1513.809,0,35.995,0,3.999,948,1450,1.520,1.800,1.150,0,0,0,0,0,18,316,0,23,0
24-04 03:56:43,1.500,0.500,97.277,0,0,5218456,276608,176504,2324160,0,0,0,68.019,0,6.002,857,1289,1.520,1.800,1.150,2,0,0,0,0,18,316,0,23,0
24-04 03:56:44,0.751,0.751,97.875,0,0,5218456,276608,176504,2324160,0,42.054,0,0,0,0,796,1268,1.390,1.770,1.150,0,0,0,0,0,18,316,0,23,0
24-04 03:56:45,2.002,0.751,96.090,0.250,0,5218452,276608,176504,2324164,0,1557.451,0,436.407,0,33.031,1223,1939,1.390,1.770,1.150,0,0,0,0,0,18,316,0,23,0
24-04 03:56:46,1.000,1.249,96.710,0.500,0.250,5215720,279308,176504,2324196,0,41.982,15.993,5389.752,1.000,681.716,1378,1931,1.390,1.770,1.150,0,0,0,0,0,18,316,0,23,0
24-04 03:56:47,1.498,0.250,96.389,0,0,5215624,279404,176504,2324196,0,0,0,119.862,0,8.990,904,1362,1.390,1.770,1.150,0,0,0,0,0,18,316,0,23,0
24-04 03:56:48,0.999,0.500,97.678,0,0,5215624,279404,176504,2324196,0,0,0,103.923,0,7.994,824,1253,1.390,1.770,1.150,0,0,0,0,0,18,316,0,21,0
24-04 03:56:49,1.250,0.750,96.984,0,0,5215624,279404,176504,2324196,0,0,0,99.983,0,7.999,873,1323,1.280,1.740,1.140,0,0,0,0,0,18,316,0,21,0
24-04 03:56:50,1.250,1.000,96.512,0.250,0,5215624,279404,176504,2324196,0,0,0,14261.702,0,105.013,1101,1588,1.280,1.740,1.140,0,0,1.000,0,0,18,316,0,21,0
24-04 03:56:51,2.003,2.003,94.870,0,0,5217804,277216,176504,2324204,0,0,0,552.699,0,23.029,1118,1646,1.280,1.740,1.140,0,0,0,0,0,18,316,0,21,0
24-04 03:56:52,2.253,1.251,95.358,0.250,0,5219388,275592,176504,2324244,0,112.127,0,124.141,0,16.018,1238,1755,1.280,1.740,1.140,0,0,2.002,0,0,18,316,0,21,0
24-04 03:56:53,0.750,0.500,97.524,0,0,5219388,275592,176504,2324244,0,42.010,0,180.044,0,12.003,846,1270,1.280,1.740,1.140,0,0,0,0,0,18,316,0,21,0
24-04 03:56:54,0.999,0.750,97.447,0,0,5219388,275592,176504,2324244,0,41.977,0,31.983,0,3.998,812,1228,1.260,1.730,1.140,0,0,0,0,0,18,316,0,21,0
24-04 03:56:55,1.500,0.750,97.273,0,0,5219384,275592,176504,2324248,0,0,0,484.116,0,13.003,939,1403,1.260,1.730,1.140,0,0,0,0,0,18,316,0,21,0
24-04 03:56:56,1.500,0.500,96.498,0.250,0,5219576,275592,176504,2324260,0,0,0,8279.801,0,491.988,1205,1807,1.260,1.730,1.140,0,0,0,0,0,18,316,0,21,0
24-04 03:56:57,0.998,0.749,96.319,0,0,5219576,275592,176504,2324260,0,0,0,598.872,0,33.936,1006,1530,1.260,1.730,1.140,1,0,0,0,0,18,316,0,21,0
24-04 03:56:58,1.252,0.501,97.427,0,0,5219576,275592,176504,2324260,0,0,0,32.058,0,4.007,884,1319,1.260,1.730,1.140,2,0,0,0,0,18,316,0,21,0
24-04 03:56:59,1.001,0.250,97.801,0,0,5219572,275592,176504,2324264,0,42.022,0,4.002,0,1.001,862,1337,1.160,1.700,1.130,0,0,0,0,0,18,316,0,21,0
24-04 03:57:00,2.749,1.250,94.720,0.500,0,5219572,275592,176504,2324264,0,41.987,0,499.842,0,49.984,1586,2512,1.160,1.700,1.130,0,0,1.000,0,0,18,316,0,21,0
24-04 03:57:01,1.748,0.749,96.163,0.250,0,5219560,275592,176504,2324276,0,41.962,0,223.799,0,24.978,1122,1763,1.160,1.700,1.130,0,0,0,0,0,18,316,0,18,0
24-04 03:57:02,2.498,0.999,95.668,0,0,5219792,275352,176504,2324284,0,0,0,191.835,0,15.986,1132,1605,1.160,1.700,1.130,0,0,0.999,0,0,18,316,0,18,0
24-04 03:57:03,3.503,2.252,93.319,0,0,5219804,275100,176504,2324524,0,0,0,228.169,0,15.011,1801,3381,1.160,1.700,1.130,0,0,3.002,0,0,18,316,0,18,0
24-04 03:57:04,4.258,1.252,93.184,0.250,0,5219788,275100,176504,2324540,0,0,0,112.222,0,13.026,1481,2049,1.150,1.690,1.130,0,0,2.004,0,0,18,316,0,20,0
24-04 03:57:05,1.246,0.747,96.919,0,0,5219788,275100,176504,2324540,0,41.857,0,95.673,0,7.973,855,1339,1.150,1.690,1.130,0,0,0,0,0,18,316,0,18,0
24-04 03:57:06,1.504,0.501,96.981,0,0,5219772,275100,176504,2324556,0,42.100,16.038,120.287,1.002,12.029,1068,1709,1.150,1.690,1.130,0,0,0,0,0,18,316,0,18,0
24-04 03:57:07,1.001,0.750,97.560,0.250,0,5219768,275100,176504,2324560,0,42.026,0,1404.870,0,227.141,908,1407,1.150,1.690,1.130,0,0,0,0,0,18,316,0,18,0
24-04 03:57:08,1.249,0.500,97.204,0,0,5219768,275100,176504,2324560,0,0,0,31.985,0,3.998,823,1246,1.150,1.690,1.130,0,0,0,0,0,18,316,0,18,0
24-04 03:57:09,1.748,0.250,96.912,0,0,5219768,275100,176504,2324560,0,0,0,3.996,0,0.999,922,1303,1.050,1.660,1.120,0,0,0,0,0,18,316,0,14,0
24-04 03:57:10,1.749,0.750,96.222,0,0,5219764,275100,176504,2324564,0,0,0,179.947,0,23.993,1022,1525,1.050,1.660,1.120,0,0,1.000,0,0,18,316,0,14,0
24-04 03:57:11,1.748,1.249,96.387,0.250,0.250,5219760,275100,176504,2324568,0,0,0,591.309,0,27.967,1152,1753,1.050,1.660,1.120,0,0,0,0,0,18,316,0,14,0
24-04 03:57:12,1.500,0.250,96.729,0.250,0,5219760,275100,176504,2324568,0,41.991,0,63.986,0,3.999,894,1332,1.050,1.660,1.120,0,0,0,0,0,18,316,0,14,0
24-04 03:57:13,1.001,0.751,97.373,0,0,5219760,275100,176504,2324568,0,42.053,0,44.056,0,3.004,946,1441,1.050,1.660,1.120,0,0,0,0,0,18,316,0,10,0
24-04 03:57:14,1.502,1.002,96.158,0.751,0,5219760,275100,176504,2324568,0,42.069,0,2516.126,0,120.197,1114,1762,0.970,1.630,1.120,0,0,0,0,0,18,316,0,10,0
24-04 03:57:15,1.499,0.750,96.214,0.250,0,5219756,275100,176504,2324572,0,0,0,331.876,0,34.987,1276,2085,0.970,1.630,1.120,0,0,0,0,0,18,316,0,10,0
24-04 03:57:16,1.000,0.750,96.756,0,0,5219716,275100,176504,2324612,0,0,32.002,156.009,1.000,18.001,1083,1800,0.970,1.630,1.120,0,0,0,0,0,18,316,0,10,0
24-04 03:57:17,1.250,0,97.772,0.250,0,5219716,275100,176504,2324612,0,0,0,128.029,0,10.002,837,1323,0.970,1.630,1.120,0,0,0,0,0,18,316,0,8,0
24-04 03:57:18,1.000,0.750,97.504,0,0,5219716,275100,176504,2324612,0,42.002,0,108.004,0,8.000,822,1272,0.970,1.630,1.120,0,0,0,0,0,18,316,0,8,0
24-04 03:57:19,1.250,0.750,96.976,0,0,5219716,275100,176504,2324612,0,41.989,0,231.941,0,18.995,882,1398,0.890,1.610,1.110,0,0,0,0,0,18,316,0,8,0
24-04 03:57:20,1.250,0.750,97.464,0,0,5219716,275100,176504,2324612,0,41.985,0,0,0,0,886,1321,0.890,1.610,1.110,0,0,1.000,0,0,18,316,0,8,0
24-04 03:57:21,1.749,0.250,96.433,0,0,5219708,275100,176504,2324620,41.971,0,0,291.796,0,27.980,1099,1728,0.890,1.610,1.110,0,0,0,0,0,18,316,0,8,0
24-04 03:57:22,5.756,3.754,89.347,0,0,5214200,280608,176504,2324480,42.046,0,0,32.035,0,4.004,1982,9544,0.890,1.610,1.110,0,0,36.039,0,0,18,316,0,9,0
24-04 03:57:23,8.730,2.993,87.299,0.249,0,5242932,251876,176504,2324620,41.903,0,255.411,913.894,1.995,175.595,1635,1793,0.890,1.610,1.110,1,0,2.993,0,0,18,316,0,9,0
24-04 03:57:24,20.004,7.001,72.013,0,0,5248844,245960,176504,2324624,0,0,512.094,276.051,4.001,23.004,2455,2167,0.980,1.610,1.120,1,0,8.001,0,0,18,316,0,9,0
24-04 03:57:25,4.247,1.749,92.695,0.250,0,5240536,254264,176504,2324628,0,41.975,255.848,91.945,1.999,11.993,1302,1494,0.980,1.610,1.120,0,0,0.999,0,0,18,316,0,4,0
24-04 03:57:26,1.755,0.752,96.036,0,0,5240532,254264,176504,2324632,0,42.126,0,385.149,0,55.165,1335,2180,0.980,1.610,1.120,0,0,1.003,0,0,18,316,0,4,0
24-04 03:57:27,1.001,1.001,97.345,0.250,0,5240536,254264,176504,2324632,0,42.041,0,108.106,0,8.008,876,1347,0.980,1.610,1.120,0,0,0,0,0,18,316,0,4,0
24-04 03:57:28,1.250,0.500,97.721,0,0,5240536,254264,176504,2324632,0,0,0,123.964,0,8.997,847,1314,0.980,1.610,1.120,0,0,0,0,0,18,316,0,4,0
24-04 03:57:29,1.000,0.500,97.048,0.250,0,5240536,254264,176504,2324632,0,0,0,404.201,0,30.015,845,1415,0.980,1.600,1.120,0,0,0,0,0,18,316,0,3,0
24-04 03:57:30,1.749,0.500,95.932,0.250,0,5240532,254264,176504,2324636,0,0,0,331.766,0,34.975,1344,2146,0.980,1.600,1.120,0,0,0.999,0,0,18,316,0,3,0
24-04 03:57:31,2.247,1.498,95.876,0,0,5240532,254264,176504,2324636,0,41.946,0,87.886,0,11.985,1194,1727,0.980,1.600,1.120,1,0,5.992,0,0,18,316,0,3,0
24-04 03:57:32,0.751,0.501,97.863,0,0,5240532,254264,176504,2324640,0,0,0,0,0,0,801,1276,0.980,1.600,1.120,1,0,0,0,0,18,316,0,3,0
24-04 03:57:33,1.750,0.750,96.494,0,0,5240528,254264,176504,2324644,0,41.997,0,471.971,0,29.998,1047,1497,0.980,1.600,1.120,0,0,0,0,0,18,316,0,3,0
24-04 03:57:34,1.499,0.999,96.422,0.250,0,5240528,254264,176504,2324644,869.299,41.966,0,987.204,0,194.843,1057,1417,0.900,1.580,1.110,1,0,0,0,0,18,316,0,3,0
24-04 03:57:35,0.750,0.500,97.741,0,0,5233996,260796,176504,2324644,3779.662,0,0,7.999,0,2.000,900,1290,0.900,1.580,1.110,0,0,0,0,0,18,316,0,3,0
24-04 03:57:36,1.251,0.250,97.589,0,0,5234116,260676,176504,2324644,3603.269,0,0,0,0,0,839,1254,0.900,1.580,1.110,0,0,0,0,0,18,316,0,3,0
24-04 03:57:37,0.999,0.500,97.449,0,0,5234116,260676,176504,2324644,4334.751,0,0,0,0,0,821,1230,0.900,1.580,1.110,0,0,0,0,0,18,316,0,3,0
24-04 03:57:38,1.000,0.750,97.710,0,0,5233860,260932,176504,2324644,5359.799,124430.910,0,0,0,0,951,1255,0.900,1.580,1.110,0,0,0,0,0,18,316,0,3,0
24-04 03:57:39,7.763,1.503,89.903,0,0,5241416,253372,176504,2324648,275143.360,3241.506,0,80.136,0,2.003,1494,1519,0.830,1.550,1.100,1,0,7.012,0,0,18,316,0,3,0
24-04 03:57:40,11.756,5.253,81.294,0,0,5235576,259072,176512,2324780,284619.577,10557.697,120.065,244.132,5.003,14.008,2703,2084,0.830,1.550,1.100,1,0,33.018,0,0,18,316,0,3,0
24-04 03:57:41,14.742,6.996,76.209,0.999,0,5243240,246140,176544,2330016,146129.330,2504.652,307.834,371.800,42.977,27.985,3051,2584,0.830,1.550,1.100,1,0,41.977,0,0,18,316,0,3,0
