"pcp-dstat 5.3.6 CSV Output"
"Author:","PCP team <pcp@groups.io> and Dag Wieers <dag@wieers.com>",,,,"URL:","https://pcp.io/ and http://dag.wieers.com/home-made/dstat/"
"Host:","jammy-provider-cloud-0000007465",,,,"User:","ubuntu"
"Cmdline:","dstat -tcmndrylpg --tcp --output /tmp/devstack_logs/dstat-csv.log",,,,"Date:","14 Aug 2024 12:46:33 UTC"
"system","total usage",,,,,"memory usage",,,,"net/total",,"dsk/total",,"io/total",,"system",,"load avg",,,"procs",,,"paging",,"tcp sockets",,,,
"time","total usage:usr","total usage:sys","total usage:idl","total usage:wai","total usage:stl","used","free","buf","cach","net/total:recv","net/total:send","dsk/total:read","dsk/total:writ","read","writ","int","csw","1m","5m","15m","run","blk","new","in","out","lis","act","syn","tim","clo"
14-08 12:46:33,,1085740,1867468,161756,4702448,,,,,,,1.330,0.860,0.500,3,0,,,,9,8,4,17,0
14-08 12:46:34,40.236,21.493,37.487,0.500,0,1112232,1838920,161880,4704280,223837.791,22656.387,0,2743.078,0,99.966,4305,7484,1.330,0.860,0.500,1,1,659.778,0,0,9,9,4,17,1
14-08 12:46:35,27.932,19.453,48.632,1.247,0,1141828,1782148,161936,4730716,1086034.967,29101.632,11424.376,2585.748,129.686,80.805,6088,12334,1.460,0.890,0.510,2,0,348.158,0,0,9,8,4,17,2
14-08 12:46:36,24.752,17.251,58.004,0,0,1271312,1650652,161936,4857100,512154.363,16423.166,324.023,764.054,3.000,29.002,5301,8419,1.460,0.890,0.510,1,0,138.010,0,0,10,8,4,17,2
14-08 12:46:37,30.513,13.256,56.274,0.250,0,1270164,1648888,161936,4859996,765223.629,21693.089,1164.488,448.188,14.006,23.010,3141,3381,1.460,0.890,0.510,2,0,169.071,0,0,10,10,4,17,2
14-08 12:46:38,40.978,11.994,45.226,1.249,0,1255608,1636036,162444,4883984,397914.320,11993.559,79.957,7000.241,0.999,145.922,2972,4389,1.460,0.890,0.510,2,0,174.906,0,0,10,8,4,19,2
14-08 12:46:39,44.201,5.993,47.947,1.748,0,1300632,1556740,163640,4913652,320329.395,10806.038,0,5445.971,0,174.806,2132,2816,1.460,0.890,0.510,3,0,0,0,0,10,8,4,19,2
14-08 12:46:40,33.592,6.518,47.631,11.281,0,1239268,1612092,165084,4916232,334517.253,13169.189,0,56423.051,0,4001.997,13179,29764,1.510,0.910,0.520,2,1,55.152,0,0,10,8,4,19,0
14-08 12:46:41,40.284,11.510,43.287,4.754,0,1215772,1632540,165404,4919008,238745.456,8028.808,0,26798.725,0,1827.550,13716,29869,1.510,0.910,0.520,2,0,101.086,0,0,10,6,4,19,0
14-08 12:46:42,54.652,7.986,36.435,0,0,1254544,1593424,165408,4919216,175213.667,6456.417,0,6136.990,0,202.636,10139,19191,1.510,0.910,0.520,3,0,17.968,0,0,10,4,4,19,0
14-08 12:46:43,63.220,10.495,26.237,0.250,0,1159472,1687972,165444,4919652,11681.428,2944.595,0,5629.315,0,310.852,2125,2979,1.510,0.910,0.520,2,0,27.987,0,0,10,5,4,19,0
14-08 12:46:44,55.195,7.493,37.213,0.250,0,1187420,1655624,165444,4923968,2389650.959,27149.823,0,2889.108,0,40.959,2379,1984,1.510,0.910,0.520,2,0,53.946,0,0,10,4,4,19,0
14-08 12:46:45,34.106,14.294,51.159,0,0,1134576,1708056,165452,4924312,11417.428,3653.336,0,172.535,0,7.022,2748,4540,1.470,0.910,0.530,2,0,391.214,0,0,10,5,4,19,0
14-08 12:46:46,26.959,18.222,51.922,0.250,0.250,1113464,1724196,165468,4929032,2386976.665,25180.977,0,2767.821,0,32.950,4533,7416,1.470,0.910,0.530,3,0,371.439,0,0,10,4,4,19,0
14-08 12:46:47,57.844,12.020,30.550,0,0,1237612,1599824,165468,4929728,11627.907,3647.932,0,240.391,0,10.016,2928,7710,1.470,0.910,0.530,3,0,163.265,0,0,10,6,4,19,0
14-08 12:46:48,67.878,2.745,29.198,0.499,0,1259868,1575672,165472,4931516,938188.138,14043.749,0,1808.748,0,71.871,1745,1649,1.470,0.910,0.530,3,0,0.998,0,0,10,5,4,19,0
14-08 12:46:49,51.475,9.246,38.731,0,0,1313212,1519336,165512,4934272,16258.196,4971.614,0,1859.108,0,122.941,2181,5912,1.470,0.910,0.530,0,0,120.942,0,0,10,6,4,20,0
14-08 12:46:50,14.734,3.246,81.161,0.250,0,1306748,1524096,165536,4935848,956401.653,11012.963,0,1214.672,0,23.974,1502,1577,1.430,0.910,0.530,1,0,21.976,0,0,10,4,4,18,0
14-08 12:46:51,23.824,2.006,73.477,0,0,1354548,1476216,165536,4935868,7715.842,1699.251,0,20455.207,0,528.633,1578,1823,1.430,0.910,0.530,1,0,0,0,0,10,4,4,18,0
14-08 12:46:52,21.991,3.998,72.470,0.750,0,1268220,1562400,165588,4936088,5301.805,1619.330,0,1363.436,0,199.917,2796,5293,1.430,0.910,0.530,1,0,33.986,0,0,10,4,4,16,0
14-08 12:46:53,22.471,3.496,73.406,0,0,1324300,1505864,165592,4936484,7409.479,1843.631,0,619.204,0,9.987,1141,1657,1.430,0.910,0.530,1,0,10.986,0,0,10,11,5,16,0
14-08 12:46:54,21.412,3.984,72.451,0.996,0,1303072,1526732,165608,4936728,6423.452,1579.472,231.045,4027.355,57.761,153.366,2141,3638,1.430,0.910,0.530,1,0,45.811,0,0,10,28,5,16,0
14-08 12:46:55,20.853,5.276,73.363,0,0,1291568,1538208,165608,4936756,7831.744,1628.054,0,0,0,0,1484,2148,1.390,0.920,0.530,3,0,55.273,0,0,10,28,5,16,0
14-08 12:46:56,41.793,7.257,49.551,0,0,1419332,1410468,165612,4936836,8883.070,1695.731,0,11443.684,0,28.029,1970,2830,1.390,0.920,0.530,2,0,101.103,0,0,10,29,5,16,0
14-08 12:46:57,50.506,15.502,33.754,0,0,1389336,1440112,165628,4937144,5505.688,1620.203,0,3544.443,0,98.012,5435,11050,1.390,0.920,0.530,5,0,441.055,0,0,10,28,5,17,0
14-08 12:46:58,85.499,13.500,0.750,0,0,1608816,1220564,165628,4937192,6271.906,1659.975,0,12.000,0,3.000,2983,4882,1.390,0.920,0.530,7,0,136.998,0,0,10,30,4,16,0
14-08 12:46:59,79.003,12.251,8.000,0,0,1444224,1384876,165644,4937416,5594.241,1788.077,0,356.015,0,34.001,5867,11978,1.390,0.920,0.530,4,0,197.008,0,0,10,30,4,16,0
14-08 12:47:00,25.940,6.984,66.597,0.499,0,1355912,1473012,165652,4937580,6886.141,1690.108,0,1137.381,0,165.619,2664,4643,1.360,0.920,0.530,2,0,112.740,0,0,10,28,4,16,0
14-08 12:47:01,21.792,5.761,71.888,0,0,1318840,1510048,165672,4937592,44048.397,1609.083,0,33977.100,0,106.203,1975,3455,1.360,0.920,0.530,3,0,37.071,0,0,10,28,4,16,0
14-08 12:47:02,22.260,5.252,73.282,0.250,0,1382148,1446600,165676,4937612,5341.307,1620.700,0,1036.448,0,20.009,1520,2761,1.360,0.920,0.530,1,0,31.013,0,0,10,28,4,17,0
14-08 12:47:03,14.246,14.246,69.981,0,0,1320364,1508380,165676,4937616,6940.112,1705.536,0,403.890,0,33.991,3230,5551,1.360,0.920,0.530,1,0,376.897,0,0,10,28,4,17,0
14-08 12:47:04,54.261,21.504,23.255,0,0,1488964,1339760,165680,4937632,5830.160,1620.322,0,268.053,0,24.005,2902,5062,1.360,0.920,0.530,6,0,663.132,0,0,10,28,4,17,0
14-08 12:47:05,83.744,11.999,4.500,0.250,0,1624804,1203672,165692,4938024,5632.623,1713.885,0,3387.773,0,87.994,5896,17829,1.730,1,0.560,5,1,33.998,0,0,10,30,4,18,0
14-08 12:47:06,81.758,12.251,5.001,0,0,1460868,1367432,165728,4938008,6252.632,1620.164,0,3932.397,0,56.006,5304,11258,1.730,1,0.560,6,0,136.014,0,0,10,28,4,16,0
14-08 12:47:07,84.618,11.482,3.495,0,0,1629748,1198120,165728,4938440,4956.283,1563.566,0,251.608,0,10.983,5162,11933,1.730,1,0.560,7,0,173.730,0,0,10,32,4,17,0
14-08 12:47:08,76.868,11.017,12.018,0,0,1454464,1372992,165728,4938848,5354.213,1588.437,0,320.492,0,20.031,3247,11950,1.730,1,0.560,3,0,200.307,0,0,10,29,4,16,0
14-08 12:47:09,43.728,7.496,48.226,0.250,0,1406860,1420548,165752,4938872,5730.118,1693.148,0,3658.160,0,226.886,3244,6905,1.730,1,0.560,2,0,97.951,0,0,10,28,4,16,0
14-08 12:47:10,43.272,11.006,45.023,0,0,1397960,1429404,165760,4938908,5021.556,1620.825,0,516.263,0,39.020,4496,9517,1.750,1.020,0.570,4,0,237.121,0,0,10,28,4,17,0
14-08 12:47:11,66.745,11.999,22.498,0,0,1507852,1319428,165764,4938980,4651.633,1619.872,0,419.967,0,19.998,1947,3525,1.750,1.020,0.570,4,0,140.989,0,0,10,30,4,17,0
14-08 12:47:12,65.254,13.501,19.751,0.250,0,1447000,1379844,165784,4939208,4851.296,1620.099,0,64091.910,0,193.012,5478,11108,1.750,1.020,0.570,5,0,258.016,0,0,10,28,4,19,0
14-08 12:47:13,75.952,8.744,15.240,0,0,1575512,1251084,165784,4939436,5206.678,1754.880,0,3501.766,0,112.928,4419,9057,1.750,1.020,0.570,2,0,1.999,0,0,10,32,4,22,0
14-08 12:47:14,70.322,11.762,17.268,0,0,1447060,1379488,165796,4939468,5686.795,1663.695,0,604.616,0,44.045,4600,10382,1.750,1.020,0.570,4,0,324.330,0,0,10,28,4,24,0
14-08 12:47:15,61.478,8.997,30.489,0,0,1399164,1426984,165808,4939856,6644.621,1693.394,0,375.865,0,34.987,4418,11058,1.770,1.040,0.580,4,0,67.976,0,0,10,29,4,29,0
14-08 12:47:16,65.000,14.000,20.750,0,0,1520104,1305968,165808,4939928,5729.989,1457.997,0,475.999,0,26.000,1955,3473,1.770,1.040,0.580,4,0,231.000,0,0,10,30,4,29,0
14-08 12:47:17,63.748,12.250,24.249,0,0,1422884,1403044,165824,4940052,5767.844,1619.956,0,7367.801,0,37.999,4427,11545,1.770,1.040,0.580,3,0,286.992,0,0,10,28,4,31,0
14-08 12:47:18,64.249,6.500,29.000,0,0,1516760,1308544,165832,4940664,5520.917,1619.976,0,359.995,0,25.000,3856,8113,1.770,1.040,0.580,4,0,0,0,0,10,30,4,32,0
14-08 12:47:19,64.751,11.000,24.501,0,0,1504660,1320432,165856,4940852,5630.118,1620.034,0,384.008,0,29.001,2257,3397,1.770,1.040,0.580,4,0,112.002,0,0,10,29,4,32,0
14-08 12:47:20,65.248,17.999,16.999,0,0,1409220,1415816,165876,4940888,7923.754,1619.950,0,579.982,0,53.998,4295,11545,1.950,1.080,0.600,7,0,406.987,0,0,10,28,4,33,0
14-08 12:47:21,80.753,17.501,1.500,0,0,1557120,1267708,165896,4941072,7795.249,1620.052,0,440.014,0,36.001,3460,5555,1.950,1.080,0.600,8,0,188.006,0,0,10,28,4,33,0
14-08 12:47:22,83.251,14.500,1.750,0,0,1532384,1292352,165920,4941140,6596.079,1620.019,0,8000.096,0,336.004,4828,8087,1.950,1.080,0.600,9,0,211.003,0,0,10,29,4,33,0
14-08 12:47:23,80.745,16.249,2.500,0.250,0,1564628,1259996,165948,4941332,5235.649,1499.900,0,1099.926,0,50.997,4791,9074,1.950,1.080,0.600,8,0,272.982,0,0,10,29,4,33,0
14-08 12:47:24,78.245,16.249,5.750,0,0,1585144,1239228,165956,4941568,6313.609,1619.900,0,259.984,0,14.999,5144,13400,1.950,1.080,0.600,6,0,246.985,0,0,10,29,4,31,0
14-08 12:47:25,40.477,27.984,30.982,0,0,1333804,1490320,165956,4941812,5197.064,1693.043,0,251.858,0,13.992,4997,11783,1.960,1.100,0.610,2,0,713.597,0,0,10,28,4,31,0
14-08 12:47:26,8.977,20.447,67.576,0,0,1332592,1491340,165960,4942000,7991.398,1615.834,0,239.383,0,10.972,2456,3197,1.960,1.100,0.610,2,0,321.172,0,0,10,28,4,31,0
14-08 12:47:27,13.541,21.566,64.196,0.502,0,1332144,1491740,165968,4942040,6832.840,1624.956,0,1432.369,0,65.199,2917,4260,1.960,1.100,0.610,2,0,399.218,0,0,10,28,4,31,0
14-08 12:47:28,67.013,24.505,9.002,0,0,1513552,1310300,165968,4942072,5718.149,1620.326,0,184.037,0,19.004,2874,5658,1.960,1.100,0.610,7,0,698.140,0,0,10,29,4,31,0
14-08 12:47:29,74.744,12.749,12.499,0.250,0,1425272,1398324,166000,4942296,5603.518,1619.861,0,795.932,0,67.994,5073,11263,1.960,1.100,0.610,4,0,191.983,0,0,10,29,4,31,0
14-08 12:47:30,83.003,11.750,5.000,0,0,1555620,1267916,166012,4942340,5626.208,1606.059,0,260.010,0,20.001,3080,5927,2.120,1.150,0.620,8,0,80.003,0,0,10,30,4,31,0
14-08 12:47:31,57.997,8.500,32.498,0,0,1521336,1301776,166024,4942752,42720.522,1565.909,0,283.984,0,20.999,7864,17511,2.120,1.150,0.620,4,0,29.998,0,0,10,30,4,34,1
14-08 12:47:32,78.502,11.250,10.250,0,0,1478268,1344624,166048,4942948,4818.125,1620.042,0,632.016,0,47.001,5405,11895,2.120,1.150,0.620,6,0,90.002,0,0,10,28,4,36,0
14-08 12:47:33,71.846,8.232,18.959,0,0,1576340,1246372,166048,4943120,7813.303,1690.388,0,3.991,0,0.998,4422,12787,2.120,1.150,0.620,2,0,1.996,0,0,10,32,4,39,0
14-08 12:47:34,64.625,10.019,25.299,0,0,1548372,1273896,166048,4943556,5947.502,1697.283,0,0,0,0,7464,19703,2.120,1.150,0.620,4,0,71.138,0,0,10,29,4,41,0
14-08 12:47:35,79.764,14.753,4.251,0,0,1534888,1287308,166048,4943624,8917.614,1620.293,0,0,0,0,4682,9569,2.270,1.200,0.640,5,0,196.035,0,0,10,30,4,41,0
14-08 12:47:36,77.472,13.245,9.247,0,0,1409640,1412372,166048,4943804,5626.963,1693.387,0,259.906,0,16.994,5452,13021,2.270,1.200,0.640,4,0,131.952,0,0,10,28,4,42,0
14-08 12:47:37,84.284,10.754,4.502,0,0,1519944,1301864,166052,4943996,7122.913,1620.663,0,304.124,0,24.010,3457,6833,2.270,1.200,0.640,6,0,39.016,0,0,10,30,4,42,0
14-08 12:47:38,80.751,15.250,4.500,0,0,1497148,1324620,166056,4944028,6064.049,1596.013,0,396.003,0,33.000,2991,7818,2.270,1.200,0.640,5,0,208.002,0,0,10,29,4,42,0
14-08 12:47:39,76.977,11.247,10.997,0,0,1479520,1342012,166056,4944260,7151.890,1619.522,0,195.942,0,12.996,5473,12925,2.270,1.200,0.640,5,0,85.975,0,0,10,29,4,41,0
14-08 12:47:40,85.026,11.253,3.501,0,0,1563132,1258216,166056,4944436,6581.007,1640.500,0,156.048,0,8.002,2700,4953,2.410,1.240,0.660,5,0,77.023,0,0,10,29,4,41,0
14-08 12:47:41,71.250,14.500,13.500,0,0,1411124,1410184,166064,4944468,8944.063,1620.011,0,584.004,0,59.000,4747,11015,2.410,1.240,0.660,4,0,261.002,0,0,10,28,4,42,0
14-08 12:47:42,64.758,8.001,26.253,0.250,0,1464168,1356736,166064,4944856,7581.970,1620.207,0,320.041,0,18.002,2969,6917,2.410,1.240,0.660,4,0,34.004,0,0,10,30,4,44,0
14-08 12:47:43,60.738,14.247,25.245,0,0,1493532,1327332,166064,4944892,5964.777,1619.668,0,223.954,0,10.998,2901,4721,2.410,1.240,0.660,4,0,148.969,0,0,10,28,4,45,0
14-08 12:47:44,61.476,11.495,26.240,0,0,1389800,1430796,166088,4945136,5804.713,1619.362,0,6525.429,0,193.924,3954,9101,2.410,1.240,0.660,3,0,131.948,0,0,10,28,4,48,0
14-08 12:47:45,66.778,7.253,25.761,0,0,1459456,1361016,166092,4945248,6986.928,1512.634,0,204.086,0,12.005,2518,5642,2.540,1.290,0.680,3,0,3.001,0,0,10,29,4,49,0
14-08 12:47:46,64.498,10.500,25.249,0,0,1481620,1338548,166096,4945544,8490.720,1661.945,0,315.990,0,26.999,2395,6070,2.540,1.290,0.680,4,0,78.997,0,0,10,29,4,49,0
14-08 12:47:47,63.750,10.500,25.500,0.250,0,1396796,1423316,166112,4945580,8004.984,1619.997,0,475.999,0,48.000,3267,8672,2.540,1.290,0.680,3,0,137.000,0,0,10,28,4,50,0
14-08 12:47:48,64.842,6.983,27.682,0,0,1517952,1301920,166116,4945800,5473.650,1689.878,0,255.377,0,15.961,3305,6668,2.540,1.290,0.680,5,0,0,0,0,10,30,4,50,1
14-08 12:47:49,58.141,19.046,22.555,0.251,0,1447668,1372016,166128,4945972,4984.106,1643.993,0,372.906,0,31.075,3249,6896,2.540,1.290,0.680,4,0,424.030,0,0,10,28,4,53,0
14-08 12:47:50,60.954,8.993,30.227,0,0,1394768,1424684,166132,4946192,5379.965,1712.715,0,451.661,0,27.979,3001,8082,2.490,1.300,0.690,3,0,92.930,0,0,10,29,4,54,0
14-08 12:47:51,25.521,15.763,59.050,0,0,1382164,1437200,166136,4946268,7262.093,1621.360,0,256.215,0,14.012,2368,4331,2.490,1.300,0.690,2,0,316.265,0,0,10,28,4,53,0
14-08 12:47:52,22.979,3.247,72.934,0.250,0,1392964,1426392,166144,4946268,5136.341,1618.532,0,223.797,0,19.982,2291,5348,2.490,1.300,0.690,2,0,0,0,0,10,28,4,54,0
14-08 12:47:53,11.742,18.487,68.201,0,0,1336200,1482868,166144,4946556,4912.488,1510.920,0,2274.374,0,66.952,2445,3225,2.490,1.300,0.690,1,0,296.788,0,0,10,28,4,52,0
14-08 12:47:54,22.982,18.486,57.455,0,0,1406788,1412212,166168,4946596,5746.518,1618.737,0,463.638,0,28.977,2553,3768,2.490,1.300,0.690,2,0,299.766,0,0,10,28,4,54,0
14-08 12:47:55,42.621,6.268,48.888,2.006,0.251,1525232,1290844,166484,4948848,4624.077,1624.594,0,5575.768,0,407.151,2969,5504,2.450,1.310,0.690,4,0,29.082,0,0,10,32,4,54,0
14-08 12:47:56,36.713,6.993,44.455,10.240,0,1455712,1354492,167120,4953832,8642.289,1618.369,0,24123.683,0,2411.569,10113,22388,2.450,1.310,0.690,8,0,105.893,0,0,10,32,4,54,0
14-08 12:47:57,41.984,5.748,42.483,7.497,0,1471120,1337904,167596,4954356,8294.748,1639.357,0,35182.209,0,2875.873,8659,21108,2.450,1.310,0.690,2,0,18.993,0,0,10,28,4,53,0
14-08 12:47:58,45.744,5.249,48.994,0,0,1476536,1332448,167604,4954384,8577.876,1713.775,0,1159.848,0,97.987,1655,2149,2.450,1.310,0.690,5,0,2.000,0,0,10,30,4,53,0
14-08 12:47:59,39.451,6.991,46.193,7.241,0,1532452,1275496,168140,4954860,5747.850,1711.870,0,17338.431,0,2567.806,13277,27900,2.450,1.310,0.690,2,0,1.998,0,0,10,30,4,53,0
14-08 12:48:00,29.989,8.997,58.979,1.499,0,1426128,1381684,168236,4954896,7146.420,1511.454,0,10844.085,0,653.764,2557,5274,2.340,1.310,0.700,1,0,98.964,0,0,10,28,4,53,0
14-08 12:48:01,22.754,3.001,73.263,0.250,0,1458740,1349064,168244,4954896,46464.317,1714.307,0,284.051,0,23.004,1154,1377,2.340,1.310,0.700,1,0,2.000,0,0,10,28,4,53,0
14-08 12:48:02,23.238,4.747,71.962,0.500,0,1425400,1382392,168256,4954896,7386.100,1661.123,0,2882.478,0,168.911,1264,2009,2.340,1.310,0.700,2,0,0.999,0,0,10,32,4,53,0
14-08 12:48:03,22.514,3.252,73.546,0,0,1363820,1443940,168256,4954928,6967.320,1707.058,0,60.037,0,5.003,987,1206,2.340,1.310,0.700,1,0,5.003,0,0,10,32,4,52,0
14-08 12:48:04,23.254,2.750,73.762,0,0,1446952,1360808,168256,4954928,7019.158,1694.280,0,2852.471,0,149.025,985,1186,2.340,1.310,0.700,1,0,2.000,0,0,10,32,4,52,0
14-08 12:48:05,26.739,4.248,67.972,0,0,1368728,1439032,168256,4954812,6257.441,1659.321,0,0,0,0,1491,4077,2.230,1.300,0.700,1,0,34.986,0,0,10,32,4,52,0
14-08 12:48:06,23.500,3.500,73.749,0,0,1440876,1366872,168256,4954940,5858.895,1619.971,0,0,0,0,1005,1177,2.230,1.300,0.700,1,0,2.000,0,0,10,32,4,52,0
14-08 12:48:07,23.500,2.750,73.749,0,0,1367512,1440236,168260,4954936,4516.914,1511.971,0,0,0,0,881,1034,2.230,1.300,0.700,1,0,1.000,0,0,10,32,4,51,0
14-08 12:48:08,23.245,2.749,73.483,0,0,1433312,1374376,168260,4954992,5555.706,1619.623,0,147.966,0,2.000,938,1129,2.230,1.300,0.700,1,0,0,0,0,10,32,4,51,0
14-08 12:48:09,23.740,2.999,72.469,0.250,0,1363856,1443732,168280,4955072,5144.767,1619.297,0,463.799,0,37.984,1169,1601,2.230,1.300,0.700,1,0,2.999,0,0,10,32,4,51,0
14-08 12:48:10,23.272,3.253,73.069,0,0,1382616,1424920,168280,4955124,4439.204,1621.536,0,0,0,0,941,1124,2.130,1.300,0.700,1,0,1.001,0,0,10,32,4,51,0
14-08 12:48:11,23.750,2.750,73.500,0,0,1454432,1353100,168280,4955128,6071.982,1619.995,0,0,0,0,988,1214,2.130,1.300,0.700,1,0,2.000,0,0,10,32,4,51,0
14-08 12:48:12,21.996,3.499,73.987,0,0,1412748,1394764,168284,4955144,6561.852,1607.719,0,0,0,0,932,1123,2.130,1.300,0.700,1,0,1.000,0,0,10,32,4,50,0
14-08 12:48:13,23.747,3.000,72.992,0,0,1412796,1394680,168284,4955180,5713.377,1755.809,0,143.984,0,1.000,993,1197,2.130,1.300,0.700,1,0,3.000,0,0,10,32,4,50,0
14-08 12:48:14,24.002,2.750,73.007,0,0,1429244,1378232,168284,4955180,5856.556,1628.155,0,0,0,0,974,1239,2.130,1.300,0.700,2,0,2.000,0,0,10,32,4,44,0
14-08 12:48:15,9.758,18.766,69.809,0,0,1358020,1449344,168296,4955280,6849.747,1695.422,0,488.410,0,7.006,2474,3520,2.120,1.310,0.710,3,0,304.255,0,0,10,32,4,44,0
14-08 12:48:16,8.746,20.241,68.970,0,0,1356476,1450824,168296,4955336,4594.029,1619.305,0,643.724,0,6.997,2656,3973,2.120,1.310,0.710,1,0,354.848,0,0,10,32,4,38,0
14-08 12:48:17,9.510,18.519,70.824,0,0,1355184,1452084,168300,4955364,6558.828,1695.765,0,196.204,0,5.005,2386,3408,2.120,1.310,0.710,2,0,275.287,0,0,10,32,4,38,0
14-08 12:48:18,8.742,19.982,69.189,0,0,1354488,1452736,168300,4955404,6744.065,1618.576,0,91.919,0,0.999,2470,3578,2.120,1.310,0.710,2,0,292.742,0,0,10,32,4,36,0
14-08 12:48:19,15.531,12.525,71.394,0,0,1394776,1412396,168312,4955416,6053.179,1623.266,0,517.040,0,34.069,1952,2954,2.120,1.310,0.710,2,0,148.298,0,0,10,32,4,36,0
14-08 12:48:20,21.518,3.503,73.560,0,0,1458040,1349144,168312,4955404,8088.592,1567.277,0,16.013,0,1.001,952,1212,2.030,1.300,0.710,2,0,2.002,0,0,10,32,4,34,0
14-08 12:48:21,23.674,2.492,74.014,0,0,1410284,1396884,168312,4955420,10438.659,1580.950,0,3.987,0,0.997,935,1112,2.030,1.300,0.710,2,0,0.997,0,0,10,32,4,34,0
14-08 12:48:22,22.554,2.757,73.926,0,0,1351700,1455468,168312,4955420,8145.435,1623.875,0,20.048,0,1.002,950,1112,2.030,1.300,0.710,2,0,3.007,0,0,10,32,4,33,0
14-08 12:48:23,23.449,2.993,73.340,0.499,0,1428544,1378640,168316,4955400,6375.134,1841.994,0,2259.086,0,228.503,1199,1448,2.030,1.300,0.710,1,0,3.991,0,0,10,32,5,33,0
14-08 12:48:24,21.035,4.257,74.123,0,0,1369440,1437720,168316,4955420,6361.541,1696.812,0,28.046,0,2.003,905,1081,2.030,1.300,0.710,1,0,1.002,0,0,10,32,5,32,0
14-08 12:48:25,23.204,2.745,73.604,0,0,1443036,1364136,168316,4955408,6180.781,1616.804,0,566.879,0,105.791,964,1193,1.950,1.300,0.710,2,0,1.996,0,0,10,32,5,32,0
14-08 12:48:26,22.999,3.250,73.248,0,0,1388488,1418628,168316,4955460,5849.819,1735.946,0,12.000,0,1.000,970,1158,1.950,1.300,0.710,1,0,1.000,0,0,10,32,5,32,0
14-08 12:48:27,23.003,2.500,73.760,0,0,1454216,1352856,168316,4955504,6154.856,1458.203,0,24.003,0,2.000,929,1143,1.950,1.300,0.710,1,0,2.000,0,0,10,32,5,32,0
14-08 12:48:28,23.500,2.250,73.751,0,0,1413532,1393516,168316,4955524,6729.081,1704.020,0,1724.021,0,6.000,982,1185,1.950,1.300,0.710,1,0,1.000,0,0,10,32,5,32,0
14-08 12:48:29,23.291,2.755,73.380,0.250,0,1359052,1447980,168316,4955536,8718.467,1791.178,0,524.931,0,38.068,1229,1681,1.950,1.300,0.710,1,0,3.005,0,0,10,32,5,32,0
14-08 12:48:30,22.504,3.501,74.013,0,0,1440784,1366360,168316,4955512,7571.340,1694.300,0,0,0,0,976,1138,1.870,1.290,0.710,1,0,2.000,0,0,10,32,5,32,0
14-08 12:48:31,23.012,2.501,73.787,0,0,1382688,1424432,168316,4955536,45210.877,1620.820,0,24.012,0,1.001,1038,1140,1.870,1.290,0.710,1,0,1.001,0,0,10,32,5,32,0
14-08 12:48:32,22.445,2.743,74.069,0,0,1449056,1358156,168316,4955444,7297.158,1616.049,0,0,0,0,973,1177,1.870,1.290,0.710,2,0,1.995,0,0,10,32,5,24,0
14-08 12:48:33,23.546,2.254,73.895,0,0,1395660,1411460,168316,4955536,7545.812,1623.186,0,96.189,0,2.004,1007,1200,1.870,1.290,0.710,2,0,3.006,0,0,10,32,5,24,0
14-08 12:48:34,22.511,3.252,73.787,0,0,1415760,1391356,168316,4955540,6791.375,1458.725,0,12.006,0,1.000,957,1130,1.870,1.290,0.710,2,0,1.000,0,0,10,32,5,21,0
14-08 12:48:35,23.943,1.995,73.825,0,0,1456604,1350532,168316,4955520,5890.070,1658.079,0,71.830,0,2.993,902,1124,1.800,1.290,0.720,2,0,1.995,0,0,10,32,5,21,0
14-08 12:48:36,23.546,2.755,73.893,0,0,1362392,1444724,168316,4955540,5821.282,1623.146,0,172.334,0,29.056,1076,1264,1.800,1.290,0.720,2,0,2.004,0,0,10,32,5,18,0
14-08 12:48:37,22.500,3.500,74.000,0,0,1444556,1362572,168316,4955528,6123.018,1662.005,0,0,0,0,1002,1210,1.800,1.290,0.720,2,0,2.000,0,0,10,32,5,18,0
14-08 12:48:38,16.757,11.005,71.780,0,0,1356844,1450284,168316,4955528,7985.378,1694.717,0,108.046,0,9.004,2168,3362,1.800,1.290,0.720,2,0,310.131,0,0,10,32,5,18,0
14-08 12:48:39,21.450,4.988,73.329,0,0,1423508,1383544,168336,4955568,6289.296,1690.049,0,474.890,0,35.916,1380,2311,1.800,1.290,0.720,2,0,81.809,0,0,10,32,5,18,0
14-08 12:48:40,22.499,3.250,73.998,0,0,1390824,1415964,168336,4955820,9768.756,1457.964,0,0,0,0,953,1205,1.740,1.280,0.720,2,0,9.000,0,0,10,32,5,17,0
14-08 12:48:41,22.553,4.761,72.670,0,0,1355608,1451180,168336,4955820,6587.395,1623.795,0,124.290,0,23.054,1269,1741,1.740,1.280,0.720,2,0,76.178,0,0,10,32,5,17,0
14-08 12:48:42,9.746,19.992,69.221,0,0,1354068,1452636,168336,4955904,6843.140,1619.323,0,283.881,0,8.996,3768,6532,1.740,1.280,0.720,2,0,682.715,0,0,10,32,5,15,0
14-08 12:48:43,8.003,21.507,69.272,0,0,1355480,1451176,168336,4955944,7594.392,1620.510,0,752.237,0,12.004,3735,6398,1.740,1.280,0.720,1,0,670.211,0,0,10,32,5,15,0
14-08 12:48:44,8.742,20.982,68.690,0.250,0,1357184,1449424,168336,4955984,5309.376,1618.590,0,1910.336,0,21.981,3683,6258,1.740,1.280,0.720,2,0,696.393,0,0,10,32,5,10,0
14-08 12:48:45,10.006,19.762,70.043,0,0,1359236,1447332,168336,4956020,7005.329,1695.048,0,996.616,0,14.009,3449,5879,1.680,1.280,0.720,1,0,600.371,0,0,10,32,5,10,0
14-08 12:48:46,8.504,20.759,70.031,0,0,1356996,1449532,168336,4956056,6585.898,1620.713,0,376.166,0,10.004,3420,5643,1.680,1.280,0.720,2,0,589.259,0,0,10,32,5,9,0
14-08 12:48:47,29.491,26.492,43.487,0,0,1424200,1382284,168388,4956048,6378.144,1457.576,0,1231.642,0,94.972,4568,8241,1.680,1.280,0.720,5,0,853.752,0,0,10,32,5,15,0
14-08 12:48:48,65.490,9.249,24.746,0.250,0.250,1618304,1186684,168536,4957288,6063.097,1619.759,0,1267.811,0,51.992,1637,2078,1.680,1.280,0.720,3,0,6.999,0,0,10,34,5,14,0
14-08 12:48:49,47.263,10.003,30.508,11.003,0,1603588,1188044,169472,4968616,5487.482,1620.438,400.108,64329.369,4.001,4800.296,16180,37843,1.680,1.280,0.720,4,1,174.047,0,0,10,36,5,16,0
14-08 12:48:50,43.759,9.752,31.257,13.003,0,1652560,1124100,170608,4981928,5483.162,1756.372,0,99769.151,0,7346.557,21199,49920,1.780,1.310,0.730,3,0,102.022,0,0,10,36,5,12,0
14-08 12:48:51,50.744,9.999,27.997,11.249,0,1626124,1140600,171056,4991060,8453.003,1619.809,0,76682.951,0,6081.282,17263,41907,1.780,1.310,0.730,2,0,108.987,0,0,10,36,5,13,0
14-08 12:48:52,42.244,16.998,28.996,9.749,0,1581528,1175320,171456,5000380,5773.209,1619.778,363.950,40602.437,6.999,3863.471,16308,38299,1.780,1.310,0.730,4,0,343.953,0,0,10,35,5,13,0
14-08 12:48:53,46.250,15.250,28.500,9.750,0,1524016,1227204,171760,5005164,7670.077,1620.016,1604.016,64721.647,21.000,4828.048,16336,40285,1.780,1.310,0.730,8,1,188.002,0,0,10,34,5,13,0
14-08 12:48:54,39.009,8.002,40.760,10.502,0,1575996,1173780,172024,5006228,7574.803,1620.386,0,46235.004,0,3994.951,13983,31134,1.780,1.310,0.730,2,0,62.015,0,0,10,35,5,13,0
14-08 12:48:55,36.726,6.746,46.220,7.995,0,1575632,1172280,172432,5007612,5611.386,1658.932,0,55927.982,0,4708.967,19079,40833,1.880,1.330,0.740,6,0,41.973,0,0,10,34,5,16,0
14-08 12:48:56,38.269,8.754,43.772,7.504,0,1567976,1176892,172624,5010428,5363.719,1640.832,0,36042.273,0,3499.774,12895,29245,1.880,1.330,0.740,2,1,98.050,0,0,10,34,5,16,0
14-08 12:48:57,38.250,7.000,42.500,10.250,0,1576820,1164824,172812,5013396,5945.982,1619.995,0,48871.853,0,4528.986,17580,38604,1.880,1.330,0.740,3,1,45.000,0,0,10,35,5,17,0
14-08 12:48:58,35.242,9.498,41.740,12.997,0,1556044,1180904,173040,5017740,5457.717,1787.580,0,60753.723,0,4982.829,16203,36396,1.880,1.330,0.740,2,0,77.982,0,0,10,34,5,18,0
14-08 12:48:59,37.226,6.996,41.474,12.242,0,1571432,1161024,173292,5021836,7105.488,1712.912,0,61448.980,0,5145.732,17884,41362,1.880,1.330,0.740,4,0,98.937,0,0,10,37,5,18,0
14-08 12:49:00,36.781,9.258,43.037,10.259,0,1547828,1184032,173412,5022236,4547.870,1621.380,0,43865.329,0,4108.496,15462,35655,1.970,1.360,0.760,2,1,76.065,0,0,10,36,5,19,0
14-08 12:49:01,39.668,7.484,41.664,8.981,0,1522916,1212344,173580,5018692,42535.781,1710.453,0,47649.176,0,4396.881,14514,34878,1.970,1.360,0.760,3,0,51.892,0,0,10,34,5,21,0
14-08 12:49:02,30.247,9.749,60.494,0.250,0,1459284,1276096,173580,5018572,7579.204,1585.833,0,687.928,0,39.996,2051,3289,1.970,1.360,0.760,2,0,211.978,0,0,10,33,5,21,0
14-08 12:49:03,20.729,5.494,72.426,0.250,0,1442376,1292988,173584,5018584,8186.674,1778.192,0,1174.805,0,78.920,1689,2673,1.970,1.360,0.760,2,0,61.937,0,0,10,32,5,21,0
14-08 12:49:04,22.825,5.267,72.739,0.251,0,1410264,1325084,173592,5018592,6755.238,1645.417,0,513.691,0,24.079,2200,4279,1.970,1.360,0.760,2,0,43.142,0,0,10,32,5,21,0
14-08 12:49:05,27.693,4.491,66.862,0.249,0,1454484,1280696,173596,5018748,6225.195,1710.482,0,4650.434,0,278.427,2600,8198,1.890,1.360,0.760,2,0,33.930,0,0,10,32,5,23,0
14-08 12:49:06,13.519,16.272,69.596,0.250,0,1395952,1339212,173596,5018764,5340.380,1696.344,0,120.166,0,13.018,2893,4524,1.890,1.360,0.760,2,0,384.531,0,0,10,32,5,23,0
14-08 12:49:07,38.275,17.762,43.779,0,0,1482484,1252512,173624,5018904,5392.516,1621.057,0,608.397,0,48.031,3250,5116,1.890,1.360,0.760,4,0,414.270,0,0,10,32,5,28,0
14-08 12:49:08,66.499,8.500,24.750,0,0,1690232,1042876,173696,5020544,6290.931,1619.982,0,979.989,0,31.000,1479,1589,1.890,1.360,0.760,4,0,2.000,0,0,10,32,5,28,0
14-08 12:49:09,60.250,6.250,29.500,2.750,0,1787328,938444,173912,5027252,5072.980,1511.994,0,16995.932,0,1250.995,6222,11470,1.890,1.360,0.760,3,1,72.000,0,0,10,38,5,28,0
14-08 12:49:10,26.746,9.748,45.243,14.998,0,1786972,921572,174136,5043640,5390.138,1767.717,0,110226.364,0,8392.657,25493,56547,1.900,1.370,0.760,3,2,296.952,0,0,10,38,5,28,0
14-08 12:49:11,41.779,9.757,35.525,12.509,0,1677296,1019480,174316,5054912,4516.170,1621.138,0,81845.456,0,6423.509,19828,44387,1.900,1.370,0.760,3,1,234.164,0,0,10,36,5,28,0
14-08 12:49:12,47.238,6.998,30.492,12.997,0,1736548,948920,174512,5065512,5798.504,1607.585,0,76652.224,0,6093.428,17324,40516,1.900,1.370,0.760,7,0,171.956,0,0,10,36,5,28,0
14-08 12:49:13,44.234,10.496,31.989,12.246,0,1783732,888216,174672,5078576,4677.344,1713.393,0,106162.419,0,7247.434,19016,45299,1.900,1.370,0.760,2,0,1.999,0,0,10,38,5,28,0
14-08 12:49:14,37.750,7.250,41.999,10.750,0,1667692,997320,174720,5085016,7513.910,1619.981,0,67703.188,0,5241.937,15597,36819,1.900,1.370,0.760,2,0,116.999,0,0,10,34,5,28,0
14-08 12:49:15,22.696,10.724,65.593,0.249,0,1437288,1227660,174720,5085060,5668.458,1658.039,0,5989.691,0,358.144,2616,4321,1.830,1.360,0.770,2,0,249.404,0,0,10,32,5,28,0
14-08 12:49:16,22.999,3.250,72.996,0.250,0,1505808,1159116,174720,5085084,5631.685,1619.909,0,959.946,0,66.996,1108,1475,1.830,1.360,0.770,2,0,0,0,0,10,32,5,28,0
14-08 12:49:17,22.501,3.000,72.753,0.500,0,1410488,1254428,174720,5085092,8824.344,1512.059,0,5740.224,0,353.014,1945,3251,1.830,1.360,0.770,1,0,27.001,0,0,10,32,5,28,0
14-08 12:49:18,22.248,3.750,73.492,0,0,1479504,1185412,174720,5085092,5752.408,1693.826,0,99.990,0,9.999,953,1176,1.830,1.360,0.770,1,0,1.000,0,0,10,32,5,28,0
14-08 12:49:19,25.004,1.750,73.511,0.500,0,1521580,1143328,174720,5085100,9306.331,1694.242,0,120.017,0,17.002,1096,1522,1.830,1.360,0.770,1,0,0,0,0,10,34,5,28,0
14-08 12:49:20,13.781,35.580,50.363,0,0,1409348,1255556,174720,5085100,4880.924,1569.513,0,4045.053,0,59.132,4871,8493,1.760,1.350,0.770,1,0,1003.245,0,0,10,32,5,28,0
14-08 12:49:21,7.980,23.440,66.082,0,0,1410972,1253848,174724,5085164,8250.037,1615.894,0,263.331,0,20.947,2817,4100,1.760,1.350,0.770,2,0,446.865,0,0,10,32,5,28,0
14-08 12:49:22,8.250,21.251,69.003,0,0,1410472,1254272,174724,5085240,7321.366,1620.081,0,20.001,0,5.000,2427,3265,1.760,1.350,0.770,1,0,305.015,0,0,10,32,5,28,0
14-08 12:49:23,8.513,19.529,71.606,0,0,1410192,1254512,174724,5085264,5383.974,1622.403,0,4.006,0,1.001,2365,3376,1.760,1.350,0.770,1,0,259.384,0,0,10,32,5,28,0
14-08 12:49:24,9.491,19.982,69.186,0,0,1408140,1256552,174724,5085276,6009.453,1510.606,0,31.970,0,7.993,2753,4189,1.760,1.350,0.770,1,0,348.678,0,0,10,32,5,28,0
14-08 12:49:25,21.031,14.772,63.094,0,0,1429588,1234192,174732,5086412,6390.483,1664.470,0,308.458,0,8.012,4005,8512,1.620,1.330,0.760,3,0,238.354,0,0,10,32,5,28,0
14-08 12:49:26,47.413,6.738,45.167,0,0,1545376,1118180,174736,5086680,6578.862,1690.880,0,0,0,0,1563,2070,1.620,1.330,0.760,2,0,91.831,0,0,10,33,5,28,0
14-08 12:49:27,50.622,4.010,45.360,0,0,1623756,1036532,174748,5089848,8513.594,1698.108,0,469.135,0,19.046,2766,9214,1.620,1.330,0.760,2,0,5.012,0,0,10,49,5,28,0
14-08 12:49:28,37.018,7.253,54.776,0.250,0,1672108,987208,174804,5090760,5967.841,1566.746,0,5774.749,0,388.185,2081,2853,1.620,1.330,0.760,1,0,136.065,0,0,10,48,5,29,0
14-08 12:49:29,12.708,6.229,80.236,0,0,1685132,973728,174804,5090924,8434.209,2306.400,0,191.369,0,13.954,1667,2574,1.620,1.330,0.760,0,0,122.596,0,0,10,49,5,29,0
14-08 12:49:30,0.750,0.500,98.244,0,0,1685132,973728,174804,5090924,27093.320,2241.861,0,1199.926,0,105.993,702,1097,1.490,1.310,0.760,0,0,0,0,0,10,49,5,29,0
14-08 12:49:31,1.000,0,97.753,0,0,1685000,973728,174804,5091052,154452.406,4260.149,0,112.004,0,2.000,913,1106,1.490,1.310,0.760,0,0,0,0,0,10,49,5,29,0
14-08 12:49:32,12.510,6.755,79.061,1.001,0,1706080,951200,174892,5092184,53730.641,2810.178,4.003,4343.366,1.001,295.229,2178,3305,1.490,1.310,0.760,1,0,60.047,0,0,10,48,5,30,0
14-08 12:49:33,16.774,8.762,72.854,1.001,0,1720572,885724,174912,5141068,5379.666,1622.312,0,4858.924,0,146.208,1920,2896,1.490,1.310,0.760,1,0,43.061,0,0,10,48,5,30,0
14-08 12:49:34,14.249,11.749,72.747,0,0,1705792,900480,174912,5141072,6475.702,1819.916,0,0,0,0,1808,2053,1.490,1.310,0.760,1,0,79.996,0,0,10,48,5,30,0
14-08 12:49:35,23.253,2.750,74.010,0,0,1743292,862908,174912,5141080,6015.806,1652.221,0,0,0,0,1092,1227,1.450,1.300,0.760,1,0,16.002,0,0,10,48,5,30,0
14-08 12:49:36,16.754,8.752,74.019,0.250,0,1673376,982492,175064,5092268,15770.943,1620.405,160.040,20.005,10.003,3.001,1790,2382,1.450,1.300,0.760,1,0,130.033,0,0,10,48,5,30,0
14-08 12:49:37,14.207,12.213,71.284,0,0,1679676,975936,175064,5092456,7046.656,1615.108,0,3.988,0,0.997,5393,9250,1.450,1.300,0.760,0,0,256.224,0,0,10,48,5,30,0
14-08 12:49:38,0.750,0.750,98.054,0,0,1679248,976364,175064,5092456,7867.327,1512.832,0,256.141,0,2.001,662,961,1.450,1.300,0.760,0,0,3.002,0,0,10,48,5,30,0
14-08 12:49:39,1.000,0.250,97.757,0,0,1679168,976444,175064,5092456,5653.407,1620.117,0,84.006,0,11.001,867,1387,1.450,1.300,0.760,0,0,2.000,0,0,10,48,5,30,0
14-08 12:49:40,0.500,1.250,97.744,0,0,1679840,975772,175064,5092456,5523.635,1619.893,0,2027.866,0,27.998,758,1153,1.340,1.280,0.760,0,0,2.000,0,0,10,48,5,30,0
14-08 12:49:41,1.504,1.755,96.503,0,0,1656060,999552,175064,5092452,7117.691,1624.265,0,545.432,0,1.003,919,1424,1.340,1.280,0.760,1,0,25.066,0,0,10,48,5,30,0
14-08 12:49:42,15.960,14.214,67.332,0,0,1620972,1034420,175064,5092612,7174.072,1562.096,0,0,0,0,3624,9788,1.340,1.280,0.760,0,0,253.367,0,0,10,48,5,30,0
14-08 12:49:43,11.468,16.953,70.305,0,0,1678004,977328,175064,5092980,6944.728,1725.213,0,3.989,0,0.997,4284,7673,1.340,1.280,0.760,10,0,398.893,0,0,11,48,5,30,0
14-08 12:49:44,14.537,11.028,73.439,0.251,0,1672924,982376,175064,5092628,6120.779,1590.099,0,284.734,0,12.031,3772,5951,1.340,1.280,0.760,0,0,185.478,0,0,11,48,5,30,0
14-08 12:49:45,5.265,9.778,83.994,0,0,1675300,979904,175064,5093108,5609.318,1698.942,0,128.373,0,3.009,2032,3577,1.310,1.280,0.760,1,0,148.432,0,0,13,48,5,30,0
14-08 12:49:46,14.984,14.734,69.425,0,0,1680584,974520,175064,5092796,6256.218,1618.246,0,607.342,0,3.996,3909,8043,1.310,1.280,0.760,2,0,254.724,0,0,13,50,5,31,0
14-08 12:49:47,11.994,16.992,70.217,0,0,1676888,978200,175064,5092812,12033.429,1693.216,0,55.974,0,12.994,2886,4517,1.310,1.280,0.760,1,0,390.819,0,0,13,50,5,31,0
14-08 12:49:48,22.284,17.527,59.341,0,0,1697332,957536,175072,5092984,5251.029,1622.481,0,36.055,0,7.011,5501,9323,1.310,1.280,0.760,2,0,309.473,0,0,13,50,5,25,0
14-08 12:49:49,36.999,12.250,49.249,0.250,0,1773888,880736,175084,5093188,9578.780,1619.963,0,3491.920,0,362.992,4112,11174,1.310,1.280,0.760,1,0,255.994,0,0,13,50,5,25,0
14-08 12:49:50,24.473,5.494,69.422,0,0,1842336,810988,175168,5094332,5203.172,1658.143,31.964,898.993,1.998,28.968,1523,3063,1.280,1.270,0.760,1,0,9.989,0,0,13,58,5,27,0
14-08 12:49:51,23.012,3.502,73.289,0,0,1896888,756260,175168,5094508,7565.047,1586.849,0,8.004,0,2.001,1120,1387,1.280,1.270,0.760,1,0,6.003,0,0,13,58,5,27,0
14-08 12:49:52,5.487,0.748,91.541,0,0,1910656,742212,175168,5094784,5418.629,1616.310,0,43.900,0,0.998,1364,3087,1.280,1.270,0.760,0,0,1.995,0,0,13,58,5,26,0
14-08 12:49:53,2.004,2.505,94.701,0.251,0,1853940,798816,175172,5094892,6000.734,2088.432,0,1330.824,0,16.034,1217,1908,1.280,1.270,0.760,0,0,27.057,0,0,13,58,6,26,0
14-08 12:49:54,16.214,15.216,67.352,0,0,1861520,791036,175172,5095072,4760.517,1690.278,0,0,0,0,4598,11080,1.280,1.270,0.760,0,0,254.440,0,0,13,56,6,25,0
14-08 12:49:55,13.251,14.501,70.005,0,0,1917080,735264,175172,5095552,5328.352,1620.107,0,148.010,0,10.001,4685,7757,2.220,1.470,0.820,1,0,226.015,0,0,13,56,6,25,0
14-08 12:49:56,19.299,15.289,64.915,0,0,1916104,736220,175172,5095152,5991.212,1740.419,0,20.051,0,4.010,4946,11204,2.220,1.470,0.820,1,0,244.621,0,0,11,48,6,20,0
14-08 12:49:57,18.218,12.229,68.132,0,0,1917808,734504,175172,5095196,5525.391,1617.188,0,43.924,0,2.995,4254,9711,2.220,1.470,0.820,0,0,228.602,0,0,13,58,6,20,0
14-08 12:49:58,29.806,15.529,54.101,0,0,1724700,927592,175172,5095200,6703.529,1596.985,0,436.816,0,6.011,2941,5220,2.220,1.470,0.820,2,0,461.863,0,0,13,50,6,22,0
14-08 12:49:59,34.473,19.235,44.715,0,0,1792092,860128,175172,5095128,5709.490,1786.589,0,31.975,0,7.994,4200,7297,2.220,1.470,0.820,2,0,466.631,0,0,13,50,6,22,0
14-08 12:50:00,45.164,17.467,37.429,0,0,1898500,753004,175180,5095956,5430.698,1690.793,0,3.992,0,0.998,4581,9133,2.200,1.480,0.830,3,0,217.587,0,0,13,58,6,25,0
14-08 12:50:01,40.498,7.000,52.497,0,0,2014180,636636,175212,5096612,43328.834,1787.911,0,1299.935,0,195.990,1697,3752,2.200,1.480,0.830,1,0,4.000,0,0,13,58,6,25,0
14-08 12:50:02,23.551,3.257,71.405,1.002,0,2052072,596132,175528,5098560,10843.541,1623.525,140.305,2990.492,35.076,208.453,1842,3693,2.200,1.480,0.830,3,0,5.011,0,0,13,60,6,22,0
14-08 12:50:03,24.455,7.237,53.151,13.725,0,2051804,577624,175552,5117028,6742.499,1792.676,0,34967.171,0,2891.639,13354,28252,2.200,1.480,0.830,1,0,5.989,0,0,13,60,6,22,0
14-08 12:50:04,37.089,18.795,44.106,1.253,0,2235304,389908,175660,5120780,6440.457,1623.897,0,4005.613,0,297.715,7070,24180,2.200,1.480,0.830,1,0,252.606,0,0,14,85,6,33,0
14-08 12:50:05,13.752,21.002,63.757,0,0,2231612,393260,175660,5120900,6172.704,1714.195,0,12441.418,0,634.072,4241,15457,2.350,1.520,0.850,1,0,524.060,0,0,14,85,6,34,0
14-08 12:50:06,22.244,17.245,59.734,0.250,0,2267676,357092,175660,5121448,5550.535,1457.615,0,49043.053,0,93.975,4375,9848,2.350,1.520,0.850,3,0,221.941,0,0,14,85,6,32,0
14-08 12:50:07,44.568,7.470,47.556,0,0,2384016,240680,175660,5121556,6665.830,1613.424,0,5629.056,0,232.054,1606,2380,2.350,1.520,0.850,4,0,32.866,0,0,14,86,6,32,0
14-08 12:50:08,19.068,14.802,65.231,0,0.251,2412860,211144,175680,5122148,7751.456,1700.021,0,758.687,0,63.224,3078,5776,2.350,1.520,0.850,3,0,272.967,0,0,14,89,6,28,0
14-08 12:50:09,8.243,18.984,71.690,0,0,2410476,213316,175680,5122356,4776.992,1692.580,0,739.380,0,49.958,2889,4848,2.350,1.520,0.850,2,0,359.698,0,0,14,89,6,28,0
14-08 12:50:10,9.006,20.264,70.549,0.250,0,2413280,210460,175680,5122408,7676.366,1621.133,0,104.073,0,10.007,2876,4284,2.240,1.510,0.850,4,0,359.251,0,0,14,89,6,28,0
14-08 12:50:11,21.960,3.494,73.367,0,0,2472996,150736,175680,5122416,11405.311,1617.067,0,0,0,0,1146,1676,2.240,1.510,0.850,2,0,0.998,0,0,14,89,6,29,0
14-08 12:50:12,21.502,5.250,72.007,0,0,2450136,173568,175680,5122444,8669.815,1662.156,0,376.035,0,27.003,1951,3063,2.240,1.510,0.850,2,0,63.006,0,0,14,91,6,30,0
14-08 12:50:13,25.747,4.250,68.743,0.750,0,2494476,129020,175692,5122640,5023.457,1605.827,0,903.902,0,128.986,3315,6561,2.240,1.510,0.850,2,0,3.000,0,0,14,95,6,30,0
14-08 12:50:14,29.576,9.023,59.152,1.253,0,2463996,171896,175692,5110360,6307.235,1660.274,48.124,11714.152,5.013,1004.586,3884,8017,2.240,1.510,0.850,2,0,120.310,0,0,14,106,6,32,0
14-08 12:50:15,23.433,2.991,73.042,0,0,2509912,125780,175692,5110560,5734.673,1689.191,19.943,773.797,2.991,39.886,1537,2383,2.300,1.530,0.860,2,0,0,0,0,14,108,6,32,0
14-08 12:50:16,32.846,8.776,56.666,1.003,0,2524020,137476,174304,5087144,5930.322,1624.746,698.039,1171.422,40.117,122.357,3046,5641,2.300,1.530,0.860,2,0,93.272,0,0,14,106,6,33,0
14-08 12:50:17,39.896,6.732,52.862,0,0,2586604,130048,173452,5033264,6470.107,1615.781,670.250,450.823,20.945,32.914,1637,2186,2.300,1.530,0.860,1,0,3.990,0,0,14,106,6,35,0
14-08 12:50:18,21.785,5.258,72.366,0.501,0,2578448,138032,173484,5033404,5152.264,1622.603,204.328,408.655,19.031,36.058,1445,2117,2.300,1.530,0.860,1,0,57.092,0,0,14,110,6,35,0
14-08 12:50:19,21.207,4.990,71.856,0,0,2564732,151692,173484,5033460,5600.748,1616.752,0,295.407,0,19.960,1487,2213,2.300,1.530,0.860,3,0,50.898,0,0,14,110,6,37,0
14-08 12:50:20,24.762,2.751,71.285,0.250,0,2596096,135872,173232,5018416,5870.888,1500.738,748.368,2877.416,8.004,352.173,2040,3228,2.440,1.580,0.880,1,0,0,0,0,14,110,6,38,0
14-08 12:50:21,18.237,8.244,72.448,0,0,2585268,146704,173232,5018424,8223.104,1618.839,0,327.765,0,17.987,1470,1985,2.440,1.580,0.880,1,0,81.941,0,0,14,110,6,38,0
14-08 12:50:22,19.869,7.203,72.274,0.248,0,2574000,157956,173232,5018440,7849.273,1609.394,3.974,286.115,0.993,14.902,1517,2206,2.440,1.580,0.880,1,0,54.640,0,0,14,112,6,39,0
14-08 12:50:23,23.988,3.283,71.965,0.505,0,2607508,129760,173088,5013272,5952.146,1636.260,133.325,1935.230,4.040,111.104,1402,2470,2.440,1.580,0.880,1,0,2.020,0,0,14,114,6,39,0
14-08 12:50:24,24.029,7.432,65.647,1.239,0,2584584,152480,173096,5013548,6947.231,1694.447,3.964,1815.337,0.991,232.863,3722,6779,2.440,1.580,0.880,2,0,53.509,0,0,14,114,6,40,0
14-08 12:50:25,23.875,3.016,72.380,0.251,0,2618864,133840,172956,4998048,5157.069,1777.329,0,707.715,0,38.201,1345,2022,2.320,1.570,0.880,1,0,0,0,0,14,116,6,40,0
14-08 12:50:26,34.304,6.260,56.840,0.751,0,2586164,185100,172936,4979884,5693.029,1738.758,204.324,4298.818,18.029,485.770,4078,7496,2.320,1.570,0.880,3,0,70.111,0,0,14,116,6,42,0
14-08 12:50:27,25.978,3.747,69.190,0.500,0,2645884,125220,172936,4980044,6380.494,1456.743,0,611.472,0,42.963,1498,2251,2.320,1.570,0.880,1,0,0.999,0,0,14,117,6,42,0
14-08 12:50:28,18.783,10.769,69.370,0.501,0,2602020,182456,172792,4966988,5899.217,1696.939,1855.213,1033.791,153.265,142.246,3049,5299,2.320,1.570,0.880,1,0,147.255,0,0,14,117,6,43,0
14-08 12:50:29,24.966,2.497,71.402,0.999,0,2655764,128528,172792,4967196,6806.688,1711.658,31.956,4469.885,2.996,284.611,1609,2822,2.320,1.570,0.880,3,0,0,0,0,14,119,6,42,0
14-08 12:50:30,27.270,2.502,68.300,0.250,0,2658464,124748,172792,4968276,7457.436,1621.182,1160.846,1505.097,14.010,133.097,3078,5793,2.220,1.560,0.880,9,0,1.001,0,0,14,119,6,42,0
14-08 12:50:31,32.968,15.735,49.702,0.500,0,2626760,154608,172796,4970084,44205.474,1708.357,1562.497,2745.359,51.950,306.705,4731,9308,2.220,1.560,0.880,1,0,290.720,0,0,14,119,6,43,0
14-08 12:50:32,28.582,3.259,67.945,0,0,2668288,120096,172764,4963132,5378.452,1875.388,0,609.752,0,38.109,1641,2720,2.220,1.560,0.880,1,0,0,0,0,14,121,6,43,0
14-08 12:50:33,11.720,15.960,70.821,0.499,0,2621372,167004,172772,4963132,5856.190,1849.323,43.889,434.900,2.992,24.937,2250,3337,2.220,1.560,0.880,2,0,227.425,0,0,14,119,6,43,0
14-08 12:50:34,10.748,20.997,67.489,0.250,0,2626944,161224,172772,4963340,5523.116,1893.697,123.980,563.910,4.999,39.994,2771,4405,2.220,1.560,0.880,1,0,282.955,0,0,14,119,6,43,0
14-08 12:50:35,17.801,16.547,64.183,0,0,2632880,154780,172772,4963880,7100.243,1548.415,421.201,433.235,15.043,25.071,5423,9235,2.120,1.550,0.880,2,0,209.598,0,0,14,119,6,43,0
14-08 12:50:36,31.487,21.241,46.481,0,0,2660736,138752,172324,4952504,8168.667,1735.292,31.987,407.834,4.998,26.989,3015,4994,2.120,1.550,0.880,2,0,408.833,0,0,14,119,6,43,0
14-08 12:50:37,35.762,23.758,38.513,0.500,0,2754796,125636,171220,4874148,6220.028,1690.551,48.016,5489.790,9.003,495.161,5092,10460,2.120,1.550,0.880,4,0,357.116,0,0,14,130,6,43,0
14-08 12:50:38,42.246,21.748,34.996,0.500,0,2834824,132108,169428,4791228,6108.371,1619.833,1891.805,4863.499,116.988,386.960,6563,13474,2.120,1.550,0.880,3,0,428.956,0,0,16,131,6,43,0
14-08 12:50:39,53.010,25.755,21.254,0.250,0,2948596,121828,166796,4692960,5670.021,1620.292,4112.740,956.172,206.037,156.028,5588,9791,2.120,1.550,0.880,2,0,456.082,0,0,16,131,6,43,0
14-08 12:50:40,53.096,22.186,23.183,0.249,0,3018428,129404,164700,4618960,6537.056,1762.891,2464.857,6449.310,146.575,542.428,6258,14956,2.110,1.550,0.890,3,0,401.835,0,0,16,147,6,43,0
14-08 12:50:41,35.728,21.986,40.725,0,0,3096580,131796,164700,4540464,7372.400,1618.990,223.860,415.741,42.973,15.990,3363,5916,2.110,1.550,0.890,3,0,478.701,0,0,16,149,6,43,0
14-08 12:50:42,13.799,19.569,65.230,0.251,0,3106180,122296,164700,4540876,9869.781,1517.347,574.023,333.174,64.226,33.117,3681,6145,2.110,1.550,0.890,2,0,249.881,0,0,17,149,6,43,0
14-08 12:50:43,25.998,20.498,51.746,0,0,3128300,130984,164704,4510504,7535.382,1565.872,7.999,1903.844,2.000,282.977,4906,9323,2.110,1.550,0.890,3,0,266.978,0,0,17,149,6,43,0
14-08 12:50:44,31.498,22.249,44.997,0.250,0,3189400,125496,164712,4455776,5662.655,1729.894,39.998,1231.925,7.000,209.987,3065,5063,2.110,1.550,0.890,3,0,368.977,0,0,17,153,6,43,0
14-08 12:50:45,31.750,23.250,44.250,0,0,3270908,133068,164724,4368740,6052.042,1732.012,32.000,4240.030,7.000,361.003,8817,15002,2.100,1.560,0.890,3,0,228.002,0,0,17,165,6,43,0
14-08 12:50:46,30.999,22.999,44.748,0,0,3334360,129788,164724,4309544,5154.814,1619.942,19.999,2223.920,3.000,270.990,3220,5233,2.100,1.560,0.890,2,0,436.984,0,0,17,165,6,43,0
14-08 12:50:47,26.209,27.457,45.429,0,0,3409528,122932,164732,4242560,5169.940,1617.478,55.913,726.867,4.992,46.927,6214,11239,2.100,1.560,0.890,1,0,451.296,0,0,17,177,6,42,0
14-08 12:50:48,9.243,19.734,69.444,0,0,3414328,118152,164740,4242656,7188.235,1692.643,3.997,583.532,0.999,38.969,2861,4421,2.100,1.560,0.890,1,0,272.781,0,0,17,177,6,42,0
14-08 12:50:49,11.006,20.261,66.787,0.250,0,3408320,129292,164740,4237524,5032.753,1694.927,0,124.068,0,14.008,2799,4194,2.100,1.560,0.890,1,0,264.144,0,0,17,177,6,42,0
14-08 12:50:50,23.794,18.534,55.353,0,0,3427304,128116,164740,4220232,6008.139,1554.883,641.189,4808.916,7.013,412.765,5380,9606,2.100,1.560,0.890,2,0,185.344,0,0,17,177,6,42,0
14-08 12:50:51,44.732,7.747,46.731,0.250,0,3553112,125652,164740,4099508,7699.835,1619.334,47.980,911.625,5.998,140.942,1615,2050,2.090,1.570,0.900,2,0,1.999,0,0,17,179,6,38,0
14-08 12:50:52,45.501,7.500,45.751,0.250,0,3654168,124504,164736,4001580,5867.158,1620.044,1328.036,432.012,34.001,75.002,1901,2500,2.090,1.570,0.900,2,0,4.000,0,0,17,181,6,38,0
14-08 12:50:53,30.260,21.007,47.015,0.250,0,3607536,181592,164744,3991348,6244.023,1620.525,32.010,644.209,7.002,37.012,3662,6543,2.090,1.570,0.900,3,0,422.137,0,0,17,187,6,38,0
14-08 12:50:54,37.999,23.000,37.999,0.250,0,3601056,186404,164752,3992992,5026.910,1619.971,671.988,311.994,16.000,28.999,5076,10868,2.090,1.570,0.900,4,0,444.992,0,0,17,199,6,38,0
14-08 12:50:55,50.768,20.507,27.510,0,0,3673660,142000,164764,3965964,5657.986,1730.607,840.295,552.194,20.007,32.011,5680,11886,2.090,1.570,0.900,7,0,233.082,0,0,17,216,6,38,0
14-08 12:50:56,77.682,18.234,3.247,0,0,3771568,119412,164792,3892376,6433.390,1692.524,299.739,9275.911,10.990,458.600,2813,5287,2.320,1.630,0.920,6,0,131.885,0,0,17,216,6,38,0
14-08 12:50:57,75.041,16.759,7.004,0,0,3834488,136964,164884,3813692,4807.606,1586.860,492.267,1292.701,7.004,59.032,4397,11588,2.320,1.630,0.920,5,0,52.028,0,0,17,226,6,39,0
14-08 12:50:58,54.247,23.499,20.249,0.750,0,3896060,127416,164904,3761944,7104.609,1713.906,103.994,16779.077,7.000,558.969,5486,12414,2.320,1.630,0.920,3,0,379.979,0,0,17,221,6,43,0
14-08 12:50:59,44.475,24.736,29.483,0,0,3897208,123248,164904,3765288,6457.306,1659.051,3.998,399.771,0.999,23.986,5763,11490,2.320,1.630,0.920,4,0,359.794,0,0,17,221,6,39,0
14-08 12:51:00,55.643,24.453,18.464,0,0,3899644,127792,164904,3758108,6262.931,1686.750,0,14755.566,0,526.985,8038,42837,2.320,1.630,0.920,3,0,340.344,0,0,17,225,6,40,0
14-08 12:51:01,52.732,25.242,21.243,0,0,3927584,185880,164976,3672732,42635.717,1713.426,67.977,651.782,16.994,41.986,3997,8641,2.620,1.700,0.950,6,0,333.888,0,0,17,225,6,36,0
14-08 12:51:02,56.400,22.059,20.304,0.501,0,4022520,128628,164984,3635764,7735.631,1624.332,264.706,5807.489,13.035,497.326,6270,18325,2.620,1.700,0.950,3,0,316.845,0,0,17,229,6,38,0
14-08 12:51:03,54.992,24.996,20.247,0,0,4062908,131908,164996,3592888,7959.870,1705.758,0,667.905,0,52.992,4363,11650,2.620,1.700,0.950,18,0,381.946,0,0,17,231,6,40,0
14-08 12:51:04,52.957,22.625,23.619,0,0,4084468,125792,165000,3577548,5481.697,1684.687,83.538,6325.035,3.978,523.108,6843,13067,2.620,1.700,0.950,4,0,212.824,0,0,17,235,6,41,0
14-08 12:51:05,67.382,10.560,21.874,0.251,0,4239984,119620,165000,3431508,7668.527,1615.168,164.936,2176.353,7.040,372.112,2454,3330,2.620,1.700,0.950,6,0,12.069,0,0,17,239,6,41,0
14-08 12:51:06,71.523,13.254,13.254,0.250,0,4245428,160944,165016,3385660,6004.922,1620.519,1724.552,3193.022,85.027,384.123,5149,14041,2.810,1.750,0.970,5,0,113.036,0,0,17,247,5,37,1
14-08 12:51:07,45.497,27.998,24.998,0,0,4255412,150348,165020,3386400,5639.594,1565.887,523.962,915.934,6.000,69.995,5231,9597,2.810,1.750,0.970,8,0,532.962,0,0,17,250,5,37,0
14-08 12:51:08,47.755,23.752,27.003,0.750,0.250,4236644,174380,165112,3381336,6690.676,1620.164,4376.442,1627.164,87.009,90.009,6967,13281,2.810,1.750,0.970,4,0,298.030,0,0,17,250,5,37,0
14-08 12:51:09,76.463,15.992,6.497,0,0,4376300,121872,165112,3296664,6052.101,1661.204,791.621,519.751,8.996,25.988,2764,4136,2.810,1.750,0.970,3,0,164.921,0,0,18,255,5,37,0
14-08 12:51:10,66.972,12.946,19.419,0.249,0,4410312,132396,165128,3252708,6995.925,1613.295,549.715,5855.664,10.954,564.653,2855,3682,2.810,1.750,0.970,3,0,48.797,0,0,18,253,5,36,0
14-08 12:51:11,36.021,16.009,46.527,0,0,4437336,125960,165156,3232232,5669.254,2658.526,884.508,1040.597,15.009,60.034,5481,9750,2.830,1.780,0.980,1,0,223.128,0,0,18,255,5,38,0
14-08 12:51:12,21.057,7.019,69.938,0.501,0.251,4427748,138812,165156,3228968,18539.816,4704.641,770.069,7407.905,6.016,528.420,2568,3751,2.830,1.780,0.980,1,0,10.027,0,0,18,258,5,37,1
14-08 12:51:13,18.747,5.999,73.986,0.500,0,4441528,125188,165156,3228812,9646.225,2804.484,543.900,195.964,5.999,11.998,1741,2563,2.830,1.780,0.980,1,0,9.998,0,0,18,260,5,37,0
14-08 12:51:14,28.418,16.702,53.097,0.249,0,4455984,137200,165160,3202700,16492278.223,102313.542,2931.563,16432.707,33.902,218.372,7309,7250,2.830,1.780,0.980,2,0,266.234,0,0,18,263,5,36,0
14-08 12:51:15,41.497,8.249,48.747,0.250,0,4496336,149412,165160,3150768,5761.614,1639.890,2007.865,1359.909,37.997,102.993,2171,2999,2.830,1.780,0.980,2,0,8.999,0,0,18,269,5,37,0
14-08 12:51:16,31.018,5.253,61.535,0.250,0,4503484,144828,165160,3148208,5944.370,1704.967,728.413,856.486,27.015,99.056,4908,9452,2.920,1.810,1,1,0,6.003,0,0,18,279,5,36,0
14-08 12:51:17,20.462,10.231,67.875,0.250,0,4449760,189612,165160,3157180,6133.745,1690.897,231.575,423.223,7.985,40.925,2994,5040,2.920,1.810,1,1,0,118.782,0,0,18,275,5,37,0
14-08 12:51:18,14.812,16.570,68.036,0,0,4479752,159472,165164,3157324,5938.967,1626.839,20.084,301.267,3.013,14.059,2861,5035,2.920,1.810,1,1,0,347.461,0,0,18,275,5,34,0
14-08 12:51:19,17.700,8.725,70.799,0.249,0,4455512,183688,165164,3157348,6578.291,1615.406,0,231.342,0,11.966,1916,2888,2.920,1.810,1,1,0,85.756,0,0,18,275,5,34,0
14-08 12:51:20,9.756,18.761,70.290,0,0,4455516,183660,165164,3157372,6999.955,1512.855,0,256.145,0,16.009,2836,4292,2.920,1.810,1,2,0,263.149,0,0,18,275,5,32,0
14-08 12:51:21,8.998,19.495,69.483,0,0,4451408,187716,165164,3157424,8070.990,1693.578,7.998,203.949,1.000,11.997,2863,4433,2.770,1.800,1,1,0,282.930,0,0,18,275,5,32,0
14-08 12:51:22,4.496,3.497,90.666,0.500,0,4451980,187088,165164,3157480,7070.446,1564.550,31.970,16704.515,2.997,90.916,1767,2943,2.770,1.800,1,0,0,31.970,0,0,18,281,5,31,0
14-08 12:51:23,23.348,3.264,72.555,0.251,0,4514220,124844,165164,3157484,8591.143,1853.799,0,482.028,0,28.118,1636,2622,2.770,1.800,1,1,0,11.046,0,0,18,282,6,31,0
14-08 12:51:24,16.484,12.488,70.183,0.250,0,4449564,189488,165168,3157492,7653.675,1692.380,191.816,219.790,7.992,20.980,2574,3974,2.770,1.800,1,2,0,131.874,0,0,18,285,6,30,0
14-08 12:51:25,11.748,15.997,69.489,0,0,4449136,189488,165168,3157904,5272.162,1661.736,7.999,183.971,2.000,5.999,2697,3987,2.770,1.800,1,2,0,176.972,0,0,18,285,6,30,0
14-08 12:51:26,13.255,17.256,68.274,0.250,0,4452500,185988,165168,3158040,6183.201,1586.565,0,288.103,0,31.011,2994,4675,2.540,1.770,0.990,1,0,193.069,0,0,18,291,6,30,0
14-08 12:51:27,21.689,6.980,70.054,0.249,0,4505116,132816,165168,3158596,6800.944,1615.473,578.379,386.916,26.925,29.916,1898,2643,2.540,1.770,0.990,1,0,43.877,0,0,18,293,6,30,0
14-08 12:51:28,22.572,5.518,71.228,0,0,4551464,135084,165164,3110156,8432.994,1625.202,260.835,3707.869,25.080,449.439,1550,1967,2.540,1.770,0.990,1,0,0,0,0,18,293,6,27,0
14-08 12:51:29,25.173,2.742,70.036,0.498,0,4464824,230712,165172,3101268,5982.705,1782.549,211.354,642.037,12.960,77.762,1947,2971,2.540,1.770,0.990,2,0,6.979,0,0,18,293,6,27,0
14-08 12:51:30,24.488,3.998,71.466,0,0,4524536,170988,165172,3101280,5104.601,1713.195,19.991,179.915,3.998,8.996,1378,1991,2.540,1.770,0.990,1,0,0,0,0,18,293,6,27,0
14-08 12:51:31,25.253,2.750,71.009,0,0,4556492,138984,165172,3101328,42601.623,1620.214,4.001,72.010,1.000,6.001,1962,2889,2.420,1.760,1,2,0,2.000,0,0,18,299,6,28,0
14-08 12:51:32,23.005,5.501,71.015,0,0,4498692,196784,165172,3101328,4897.023,1690.353,28.006,132.028,1.000,12.003,1709,2651,2.420,1.760,1,1,0,15.003,0,0,18,293,6,27,0
14-08 12:51:33,18.302,8.273,72.204,0,0,4455096,239168,165180,3102516,5149.584,1624.601,1500.249,429.216,20.057,18.051,2290,3745,2.420,1.760,1,1,0,187.531,0,0,18,293,6,27,0
14-08 12:51:34,13.247,15.497,69.235,0.500,0,4459804,234124,165184,3102848,5805.746,1511.673,19.996,267.942,4.999,20.995,3279,5281,2.420,1.760,1,1,0,335.927,0,0,18,293,6,26,0
14-08 12:51:35,21.698,5.487,71.081,0,0,4497268,196108,165204,3103380,6159.347,1743.851,506.794,2709.554,28.931,145.653,1871,2868,2.420,1.760,1,1,0,65.843,0,0,18,293,6,26,0
14-08 12:51:36,23.824,6.269,69.215,0.251,0,4502920,190312,165212,3103516,6398.901,1625.054,212.661,268.836,11.034,13.041,9213,18256,2.310,1.740,1,1,0,12.037,0,0,18,293,6,26,0
14-08 12:51:37,20.254,2.751,76.264,0.250,0,4519556,171468,165376,3105304,14631.707,5369.993,0,968.179,0,46.009,1647,2828,2.310,1.740,1,1,0,1.000,0,0,18,294,6,26,0
14-08 12:51:38,24.924,3.739,69.038,0,0,4521572,169452,165376,3105304,7893.805,1634.989,0,215.340,0,11.963,9297,18728,2.310,1.740,1,1,0,11.963,0,0,18,294,6,26,0
14-08 12:51:39,13.300,16.311,70.012,0,0,4464832,226340,165376,3105156,6238.306,1875.005,0,168.630,0,6.023,2633,4071,2.310,1.740,1,1,0,256.960,0,0,18,293,6,26,0
14-08 12:51:40,23.217,3.994,71.897,0,0,4527100,163828,165376,3105400,7893.704,1617.685,0,0,0,0,1379,2002,2.310,1.740,1,2,0,7.989,0,0,18,294,6,26,0
14-08 12:51:41,19.452,7.482,70.825,0,0,4482472,208396,165376,3105460,7351.856,1508.278,23.941,3.990,1.995,0.998,2236,3416,2.360,1.760,1.010,1,0,111.724,0,0,18,293,6,28,0
14-08 12:51:42,24.719,3.745,70.661,0.250,0,4490700,200144,165376,3105484,6762.500,1659.913,0,243.694,0,24.969,1888,2994,2.360,1.760,1.010,4,0,0,0,0,18,293,6,28,0
14-08 12:51:43,20.897,7.712,70.402,0.249,0,4514808,176028,165376,3105492,7123.823,1612.040,0,123.391,0,7.961,1793,2735,2.360,1.760,1.010,1,0,71.646,0,0,18,293,6,28,0
14-08 12:51:44,20.628,6.541,70.940,0.252,0,4497624,193188,165376,3105516,6664.346,1630.113,0,148.924,0,15.094,1895,2859,2.360,1.760,1.010,1,0,56.350,0,0,18,293,6,28,0
14-08 12:51:45,23.075,4.766,71.483,0,0,4464820,225972,165376,3105536,5559.100,1699.534,0,0,0,0,1767,2568,2.360,1.760,1.010,1,0,32.105,0,0,18,293,6,30,0
14-08 12:51:46,23.908,4.483,71.723,0,0,4516984,173808,165376,3105536,6750.935,1559.977,15.938,107.585,0.996,9.962,1560,2376,2.250,1.750,1.010,3,0,0,0,0,18,295,6,30,0
14-08 12:51:47,21.754,5.751,71.512,0.250,0,4501920,188696,165376,3105712,5228.852,1620.264,0,408.067,0,51.008,1940,3165,2.250,1.750,1.010,1,0,47.008,0,0,18,293,6,30,0
14-08 12:51:48,24.495,3.999,70.986,0,0,4472872,217744,165376,3105712,6416.736,1511.702,0,147.971,0,9.998,1642,2511,2.250,1.750,1.010,1,0,31.994,0,0,18,293,6,33,0
14-08 12:51:49,24.762,3.752,70.533,0.250,0,4509360,181232,165376,3105736,7336.419,1620.755,0,2553.190,0,330.154,2031,3087,2.250,1.750,1.010,1,0,0,0,0,18,293,6,33,0
14-08 12:51:50,8.746,11.495,79.216,0,0,4460504,229420,165392,3106356,9376.015,4222.206,523.777,159.932,7.997,11.995,2305,3557,2.250,1.750,1.010,0,0,179.924,0,0,18,295,6,33,0
14-08 12:51:51,7.499,6.999,83.490,0,0,4469404,220520,165392,3106356,15557.118,5073.386,0,223.973,0,12.998,1966,2926,2.150,1.740,1.010,0,0,118.986,0,0,18,295,6,34,0
14-08 12:51:52,3.250,2.000,92.512,0.250,0,4468448,221456,165392,3106376,7062.932,2706.357,0,380.050,0,29.004,1544,2628,2.150,1.740,1.010,1,0,20.003,0,0,18,293,6,35,0
14-08 12:51:53,11.254,8.503,79.029,0.750,0,4468932,219336,165392,3108012,13906.159,1620.601,1732.643,796.295,71.026,37.014,2261,3619,2.150,1.740,1.010,1,0,63.023,0,0,18,293,6,35,0
14-08 12:51:54,18.239,12.492,66.709,0.500,0,4437292,240948,165672,3117532,6391.101,126348.927,5612.576,1798.903,152.907,6.996,5547,16597,2.150,1.740,1.010,0,0,17.989,0,0,18,293,6,35,0
14-08 12:51:55,6.753,1.501,91.035,0.250,0,4437292,240948,165672,3117532,6292.397,1660.633,0,5894.246,0,19.007,1624,2635,2.150,1.740,1.010,0,0,0,0,0,18,293,6,35,0
14-08 12:51:56,1.501,1.501,95.087,0,0,4437276,240948,165672,3117548,4894.464,1695.546,0,176.161,0,18.016,1161,1993,2.060,1.730,1.010,0,0,0,0,0,18,293,6,35,0
14-08 12:51:57,2.994,0.748,94.806,0.249,0,4437196,240948,165672,3117628,4951.844,1616.684,0,119.754,0,10.977,1312,2342,2.060,1.730,1.010,0,0,0,0,0,18,293,6,34,0
14-08 12:51:58,2.002,1.251,96.085,0,0,4437196,240948,165672,3117628,4843.262,1695.492,0,288.254,0,16.014,1123,1953,2.060,1.730,1.010,0,0,0,0,0,18,293,6,34,0
14-08 12:51:59,2.249,1.499,94.453,0.250,0,4437448,240696,165672,3117628,8006.980,1693.150,0,8347.809,0,578.709,1294,1971,2.060,1.730,1.010,0,0,0,0,0,18,293,7,30,0
14-08 12:52:00,1.251,1.000,95.795,0,0,4437444,240696,165672,3117632,5812.726,1694.795,0,400.188,0,2.001,1095,1769,2.060,1.730,1.010,0,0,0,0,0,18,293,7,30,0
14-08 12:52:01,1.752,0.501,96.367,0,0,4437444,240696,165672,3117632,43597.058,1459.777,0,0,0,0,1107,1773,1.890,1.700,1,0,0,0,0,0,18,293,7,29,0
14-08 12:52:02,1.998,1.249,94.901,0,0,4437684,240444,165672,3117644,6743.959,1766.156,0,111.883,0,12.986,1310,2299,1.890,1.700,1,0,0,0,0,0,18,293,7,29,0
14-08 12:52:03,2.500,0.750,95.751,0,0,4437776,240444,165672,3117644,8617.069,1694.014,0,196.002,0,16.000,1237,2094,1.890,1.700,1,0,0,2.000,0,0,18,293,7,27,0
14-08 12:52:04,3.749,0.750,93.974,0.250,0,4438532,239688,165672,3117644,8014.780,1693.531,0,243.932,0,15.996,1499,2430,1.890,1.700,1,0,0,0,0,0,18,293,7,27,0
14-08 12:52:05,2.750,1.000,95.017,0.250,0,4438756,239464,165672,3117644,5735.004,1620.284,0,6317.105,0,534.093,1300,2013,1.890,1.700,1,0,0,0,0,0,18,293,7,24,0
14-08 12:52:06,6.231,3.490,88.486,0,0,4425200,253020,165672,3117472,4992.089,1762.735,15.952,63.809,0.997,10.967,1764,3855,1.740,1.670,0.990,0,0,33.899,0,0,18,293,7,25,0
14-08 12:52:07,3.010,1.254,95.311,0,0,4425268,252936,165672,3117660,4922.085,1625.312,0,329.075,0,23.075,1311,2346,1.740,1.670,0.990,0,0,0,0,0,18,293,7,17,0
14-08 12:52:08,2.000,0.500,95.999,0.250,0,4425268,252936,165672,3117660,5954.923,1457.981,0,32.000,0,4.000,1074,1878,1.740,1.670,0.990,0,0,0,0,0,18,293,7,17,0
14-08 12:52:09,1.750,0.500,96.497,0,0,4425268,252936,165672,3117660,5354.823,1619.947,0,0,0,0,1031,1750,1.740,1.670,0.990,0,0,0,0,0,18,293,7,17,0
14-08 12:52:10,2.750,1.000,95.733,0,0,4425968,252236,165672,3117660,4780.144,1767.684,0,1347.759,0,2.999,1055,1755,1.740,1.670,0.990,0,0,0,0,0,18,293,7,17,0
14-08 12:52:11,1.502,0.751,96.872,0,0,4425968,252236,165672,3117660,6335.990,1622.045,0,4.005,0,1.001,1006,1711,1.680,1.660,0.990,0,0,0,0,0,18,293,7,15,0
14-08 12:52:12,3.749,1.000,93.971,0,0,4425964,252236,165672,3117664,5139.402,1619.496,0,223.930,0,17.994,1325,2419,1.680,1.660,0.990,0,0,0,0,0,18,293,7,15,0
14-08 12:52:13,2.500,0.750,95.737,0,0,4425956,252236,165672,3117672,5026.331,1619.785,0,199.973,0,14.998,1133,2036,1.680,1.660,0.990,0,0,2.000,0,0,18,293,7,15,0
14-08 12:52:14,1.749,0.750,95.467,0,0,4425956,252236,165672,3117672,5534.085,1693.414,0,87.970,0,11.996,1220,2020,1.680,1.660,0.990,0,0,0,0,0,18,293,7,15,0
14-08 12:52:15,1.500,1.500,95.734,0,0,4425956,252236,165672,3117672,6374.929,1457.755,0,371.938,0,2.000,1085,1842,1.680,1.660,0.990,0,0,0,0,0,18,293,7,15,0
14-08 12:52:16,2.252,0.751,96.837,0.250,0,4425956,252236,165672,3117672,6401.723,1621.450,16.014,108.097,1.001,9.008,1101,1923,1.550,1.630,0.990,1,0,0,0,0,18,293,7,15,0
14-08 12:52:17,1.499,0.250,95.909,0,0,4425932,252236,165672,3117696,6747.583,1618.461,0,379.639,0,26.974,1178,2161,1.550,1.630,0.990,0,0,0,0,0,18,293,7,12,0
14-08 12:52:18,1.750,0.500,96.019,0,0,4425932,252236,165672,3117696,6038.202,1694.337,0,44.009,0,4.001,1034,1823,1.550,1.630,0.990,1,0,0,0,0,18,293,7,12,0
14-08 12:52:19,1.749,0.750,95.693,0,0,4425932,252236,165672,3117696,6931.903,1692.999,0,0,0,0,1176,1970,1.550,1.630,0.990,0,0,0,0,0,18,293,7,12,0
14-08 12:52:20,2.001,0.750,96.287,0,0,4425932,252236,165672,3117696,6487.491,1620.622,0,0,0,0,1046,1771,1.550,1.630,0.990,1,0,0,0,0,18,293,7,12,0
14-08 12:52:21,2.249,0.500,94.961,0,0,4425804,252236,165672,3117824,10523.654,1511.376,0,0,0,0,1055,1770,1.420,1.600,0.980,0,0,0,0,0,18,293,7,12,0
14-08 12:52:22,2.751,1.000,94.779,0,0,4425800,252236,165672,3117828,9229.815,1566.478,0,160.049,0,21.006,1381,2460,1.420,1.600,0.980,0,0,0,0,0,18,293,7,12,0
14-08 12:52:23,3.250,0.250,95.747,0.250,0,4426300,251736,165672,3117828,6206.801,1619.948,0,203.993,0,15.999,1156,2021,1.420,1.600,0.980,3,0,2.000,0,0,18,293,7,12,0
14-08 12:52:24,2.745,0.499,95.339,0,0,4426296,251736,165672,3117832,8453.722,970.361,0,0,0,0,1062,1810,1.420,1.600,0.980,2,0,0,0,0,18,293,7,12,0
14-08 12:52:25,6.526,2.761,89.608,0,0,4440260,237428,165692,3118156,222961.508,2497.977,393.572,750.999,7.028,80.321,1242,1913,1.420,1.600,0.980,1,0,7.028,0,0,18,293,7,11,0
14-08 12:52:26,10.223,5.735,83.282,0,0,4451320,225948,165724,3118512,233618.620,10516.478,251.342,191.499,11.969,5.984,1800,2411,1.390,1.590,0.980,0,0,35.906,0,0,18,293,7,11,0
