"pcp-dstat 5.3.6 CSV Output"
"Author:","PCP team <pcp@groups.io> and Dag Wieers <dag@wieers.com>",,,,"URL:","https://pcp.io/ and http://dag.wieers.com/home-made/dstat/"
"Host:","jammy-provider-cloud-0000007485",,,,"User:","ubuntu"
"Cmdline:","dstat -tcmndrylpg --tcp --output /tmp/devstack_logs/dstat-csv.log",,,,"Date:","19 Aug 2024 03:31:23 UTC"
"system","total usage",,,,,"memory usage",,,,"net/total",,"dsk/total",,"io/total",,"system",,"load avg",,,"procs",,,"paging",,"tcp sockets",,,,
"time","total usage:usr","total usage:sys","total usage:idl","total usage:wai","total usage:stl","used","free","buf","cach","net/total:recv","net/total:send","dsk/total:read","dsk/total:writ","read","writ","int","csw","1m","5m","15m","run","blk","new","in","out","lis","act","syn","tim","clo"
19-08 03:31:23,,986064,1952684,162424,4715628,,,,,,,1.370,0.870,0.490,3,0,,,,9,4,3,17,2
19-08 03:31:24,24.731,26.729,47.464,0.749,0,1018916,1906988,162432,4728188,137382.490,2558.035,11766.963,1826.597,132.898,55.957,4865,8905,1.420,0.890,0.500,3,0,653.498,0,0,9,4,3,17,2
19-08 03:31:25,31.746,20.497,46.244,0,0.250,1040160,1884196,162432,4729816,4839.390,1619.796,1163.853,767.903,13.998,93.988,4961,10983,1.420,0.890,0.500,3,0,471.941,0,0,9,4,3,17,2
19-08 03:31:26,30.941,12.975,54.645,0.998,0,1126704,1771772,162656,4877244,6821.895,1616.894,0,4559.242,0,206.603,4447,9451,1.420,0.890,0.500,1,0,80.845,0,0,10,4,3,17,2
19-08 03:31:27,31.019,8.755,58.285,1.751,0,1152808,1723304,163804,4895824,6272.795,1620.981,0,3674.223,0,168.102,2130,3250,1.420,0.890,0.500,2,0,106.064,0,0,10,6,3,17,2
19-08 03:31:28,35.516,11.005,52.524,0.750,0,1188532,1679892,164668,4900532,12236.617,4357.000,80.037,3477.596,1.000,103.047,2394,3764,1.420,0.890,0.500,2,0,180.083,0,0,10,4,3,19,0
19-08 03:31:29,45.233,6.747,47.482,0,0,1184372,1682348,164812,4902028,8391.845,1693.363,0,5226.035,0,20.992,4512,7978,1.470,0.910,0.510,3,0,11.995,0,0,10,4,3,19,0
19-08 03:31:30,36.806,9.264,43.316,10.015,0,1219040,1638036,165768,4910360,6138.373,1696.591,0,56874.848,0,4146.331,22137,48701,1.470,0.910,0.510,3,0,68.104,0,0,10,6,4,19,0
19-08 03:31:31,41.742,9.248,47.491,2.250,0,1095920,1759344,166028,4911832,5360.933,1693.663,0,18296.359,0,1576.686,9165,17773,1.470,0.910,0.510,2,0,107.979,0,0,10,4,4,19,0
19-08 03:31:32,43.516,5.002,50.769,0.500,0,1158068,1697120,166032,4911840,6598.481,1458.548,0,1648.620,0,95.036,1458,1770,1.470,0.910,0.510,2,0,53.020,0,0,10,4,4,19,0
19-08 03:31:33,23.238,2.499,72.712,0.500,0,1123204,1731948,166052,4911856,6014.890,1960.986,0,4001.931,0,232.880,1441,2304,1.470,0.910,0.510,1,0,9.995,0,0,10,4,5,19,0
19-08 03:31:34,23.492,1.999,73.974,0,0,1070728,1784412,166052,4911868,6110.843,1693.402,0,179.936,0,11.996,964,1192,1.430,0.910,0.510,1,0,6.998,0,0,10,4,5,19,0
19-08 03:31:35,9.490,18.232,70.679,0,0,1076996,1777972,166052,4912028,8860.113,1618.377,0,19.980,0,4.995,2854,4442,1.430,0.910,0.510,1,0,386.612,0,0,10,4,5,19,0
19-08 03:31:36,11.747,18.996,67.735,0,0,1083896,1770828,166052,4912484,6722.474,1809.589,0,43.990,0,9.998,3382,6438,1.430,0.910,0.510,1,0,358.919,0,0,10,4,5,19,0
19-08 03:31:37,35.503,13.251,50.754,0,0,1169172,1685608,166052,4912604,5925.462,1694.132,0,0,0,0,3101,4929,1.430,0.910,0.510,2,0,165.013,0,0,10,5,5,19,0
19-08 03:31:38,48.501,2.750,49.251,0,0,1238824,1615356,166080,4913060,35534.853,1512.036,0,420.010,0,44.001,1117,1237,1.430,0.910,0.510,2,0,0,0,0,10,5,5,19,0
19-08 03:31:39,37.745,8.499,53.242,0,0,1276016,1575092,166120,4915700,11821.310,1565.776,0,9618.625,0,542.922,2188,5885,1.480,0.930,0.520,0,0,119.983,0,0,10,4,5,20,0
19-08 03:31:40,7.498,2.249,89.477,0,0,1288176,1562772,166124,4915836,7872.992,1693.568,0,363.907,0,2.999,1078,1305,1.480,0.930,0.520,1,0,20.995,0,0,10,4,5,20,0
19-08 03:31:41,23.778,2.753,73.585,0,0,1352272,1498784,166132,4915836,7941.220,1621.883,0,532.618,0,38.044,1159,1587,1.480,0.930,0.520,1,0,0,0,0,10,4,5,14,0
19-08 03:31:42,23.481,1.998,71.691,0.999,0,1369772,1480920,166208,4916120,6386.737,1618.666,0,4636.180,0,322.734,2732,4797,1.480,0.930,0.520,1,0,0.999,0,0,10,4,5,16,0
19-08 03:31:43,21.503,4.501,73.509,0,0,1342772,1507504,166212,4916480,7588.903,1620.193,0,0,0,0,1164,1611,1.480,0.930,0.520,1,0,42.005,0,0,10,9,5,16,0
19-08 03:31:44,21.485,5.246,71.949,0.500,0,1318244,1531624,166216,4916756,7322.830,1618.857,231.836,21468.843,57.959,51.963,2188,3643,1.440,0.930,0.520,1,0,45.968,0,0,10,28,5,16,0
19-08 03:31:45,23.290,3.506,72.876,0,0,1300440,1549416,166216,4916768,4593.966,1588.755,0,0,0,0,1457,2127,1.440,0.930,0.520,1,0,40.069,0,0,10,28,4,16,0
19-08 03:31:46,41.297,8.009,50.307,0,0,1419652,1430252,166216,4916788,5798.547,1567.770,0,12.014,0,3.003,1934,2582,1.440,0.930,0.520,2,0,116.131,0,0,10,28,4,16,0
19-08 03:31:47,49.484,16.245,33.739,0,0,1392280,1457344,166228,4917012,7221.689,1619.482,0,1623.480,0,33.989,4926,10643,1.440,0.930,0.520,5,0,463.852,0,0,10,28,4,19,0
19-08 03:31:48,84.470,13.495,2.249,0,0,1608312,1241156,166228,4917168,8325.070,1693.404,0,7.997,0,1.999,3147,5083,1.440,0.930,0.520,6,0,113.960,0,0,10,30,4,19,0
19-08 03:31:49,79.262,11.216,8.475,0.249,0,1450884,1398256,166244,4917408,8041.874,1657.029,0,37312.064,0,113.659,6370,12816,1.800,1.010,0.550,2,0,201.396,0,0,10,29,5,19,0
19-08 03:31:50,25.279,7.008,66.827,0.250,0,1365540,1483580,166244,4917428,6827.845,1621.864,0,1145.316,0,26.030,2405,4378,1.800,1.010,0.550,2,0,110.127,0,0,10,28,4,19,0
19-08 03:31:51,19.749,7.500,72.498,0,0,1334096,1515008,166244,4917444,7748.760,1619.950,0,103.997,0,13.000,2304,4025,1.800,1.010,0.550,2,0,67.998,0,0,10,28,4,20,0
19-08 03:31:52,24.719,1.748,73.159,0,0,1389700,1459400,166244,4917448,7223.007,1617.986,0,375.532,0,22.971,1628,2499,1.800,1.010,0.550,3,0,0,0,0,10,28,4,20,1
19-08 03:31:53,12.791,16.052,68.972,0.251,0,1324084,1524972,166264,4917472,9235.702,1516.878,0,2925.408,0,190.613,3724,6251,1.800,1.010,0.550,2,0,488.571,0,0,10,28,4,20,0
19-08 03:31:54,65.742,21.497,12.249,0,0,1526240,1322772,166264,4917524,5667.309,1565.809,0,3535.569,0,17.998,2492,4464,2.060,1.080,0.570,5,0,550.933,0,0,10,28,4,20,0
19-08 03:31:55,83.078,9.008,8.258,0,0,1573780,1275040,166264,4917708,5875.511,1621.521,0,2630.467,0,47.044,4667,13487,2.060,1.080,0.570,5,0,30.028,0,0,10,30,4,20,0
19-08 03:31:56,79.949,15.240,3.498,0,0,1503960,1344632,166268,4917928,4372.189,1618.959,0,559.640,0,52.966,4230,8877,2.060,1.080,0.570,6,0,277.821,0,0,10,28,4,20,0
19-08 03:31:57,85.753,9.750,3.750,0,0,1657428,1190660,166268,4918428,5548.183,1620.053,0,156.005,0,10.000,6952,13146,2.060,1.080,0.570,6,0,2.000,0,0,10,29,4,20,0
19-08 03:31:58,77.216,10.995,12.495,0.250,0,1471476,1376376,166272,4918652,6531.146,1619.292,0,407.822,0,35.984,5978,16072,2.060,1.080,0.570,3,0,179.921,0,0,10,28,4,20,0
19-08 03:31:59,45.517,8.753,44.017,0,0,1439112,1408564,166280,4918820,8332.183,1620.619,0,60671.176,0,181.069,2995,5938,2.140,1.110,0.590,2,0,120.046,0,0,10,29,4,20,0
19-08 03:32:00,39.487,14.745,45.485,0,0,1399048,1448412,166280,4919620,7669.446,1511.497,0,1483.506,0,31.989,3515,7693,2.140,1.110,0.590,6,0,409.864,0,0,10,28,4,20,0
19-08 03:32:01,67.890,9.485,22.464,0,0,1510080,1337324,166284,4919032,6811.958,1691.258,0,766.757,0,10.982,3155,9268,2.140,1.110,0.590,3,0,1.997,0,0,10,31,4,22,0
19-08 03:32:02,74.653,12.526,13.027,0,0,1485812,1361536,166288,4919084,17274.395,1569.215,0,3879.950,0,128.263,3586,7299,2.140,1.110,0.590,4,0,258.530,0,0,10,28,4,21,0
19-08 03:32:03,68.939,6.994,22.480,0,0,1573040,1274092,166296,4919292,5163.436,1618.569,0,627.445,0,36.967,5619,15088,2.140,1.110,0.590,3,0,0,0,0,10,31,4,24,0
19-08 03:32:04,66.917,14.981,18.227,0.250,0,1474704,1372352,166312,4919348,6298.203,1691.905,0,3084.182,0,190.764,3451,7008,2.280,1.160,0.600,3,0,323.599,0,0,10,28,4,24,0
19-08 03:32:05,59.373,12.777,27.808,0.752,0,1409692,1436956,166332,4919736,4913.210,1623.373,0,994.066,0,59.123,5699,14264,2.280,1.160,0.600,4,0,249.518,0,0,10,28,4,28,0
19-08 03:32:06,68.502,9.000,22.501,0,0,1512804,1333808,166332,4919772,9203.248,1620.044,0,432.012,0,22.001,2482,3800,2.280,1.160,0.600,3,0,50.001,0,0,10,29,4,29,0
19-08 03:32:07,64.614,13.971,20.956,0,0,1440412,1405996,166332,4919976,5582.283,1550.745,0,510.928,0,37.920,4382,10441,2.280,1.160,0.600,3,0,286.399,0,0,10,28,4,31,0
19-08 03:32:08,61.377,9.019,30.062,0.251,0,1397648,1448060,166340,4920668,17425.192,1623.372,0,541.124,0,41.085,4940,9546,2.280,1.160,0.600,4,0,57.119,0,0,10,28,4,33,0
19-08 03:32:09,66.425,8.490,25.471,0,0.250,1511852,1333832,166340,4920688,33116.678,1660.129,0,315.644,0,15.982,1998,2716,2.340,1.190,0.620,6,0,56.936,0,0,10,28,4,33,0
19-08 03:32:10,65.815,17.517,16.016,0,0,1445340,1400072,166352,4920908,5056.961,1641.610,0,5641.534,0,413.406,3453,10101,2.340,1.190,0.620,6,0,397.390,0,0,10,28,4,34,0
19-08 03:32:11,85.517,11.252,2.751,0.250,0,1552320,1292964,166352,4921000,5713.114,1620.316,0,588.115,0,45.009,3487,6802,2.340,1.190,0.620,7,0,167.033,0,0,10,29,4,34,0
19-08 03:32:12,84.499,14.000,0.750,0,0,1561516,1283568,166368,4921180,7826.937,1713.986,0,427.997,0,27.000,3363,6380,2.340,1.190,0.620,7,0,279.998,0,0,10,28,4,34,0
19-08 03:32:13,82.248,14.750,3.250,0,0,1562220,1282628,166372,4921404,5394.897,1619.969,0,823.984,0,39.999,4994,11773,2.340,1.190,0.620,8,0,241.995,0,0,10,30,4,34,0
19-08 03:32:14,70.500,19.750,9.000,0,0,1459336,1385284,166372,4921620,4296.974,1619.990,0,267.998,0,15.000,4789,12375,2.640,1.270,0.650,4,0,575.997,0,0,10,30,4,31,0
19-08 03:32:15,35.706,24.719,39.951,0,0,1323820,1520568,166376,4921844,4856.987,1510.130,0,850.947,0,19.975,7449,15179,2.640,1.270,0.650,2,0,820.984,0,0,10,28,4,31,0
19-08 03:32:16,45.807,26.032,27.534,0,0,1447952,1396388,166376,4921892,6788.377,1622.002,0,276.341,0,22.027,3555,6790,2.640,1.270,0.650,6,0,903.114,0,0,10,28,4,31,0
19-08 03:32:17,79.028,11.504,9.003,0,0,1518864,1325404,166392,4921944,5392.936,1620.582,0,1172.421,0,79.028,4371,9325,2.640,1.270,0.650,7,0,127.046,0,0,10,29,4,32,0
19-08 03:32:18,83.213,12.457,4.734,0,0,1523816,1320264,166396,4922128,4492.501,1560.616,0,398.625,0,39.862,2830,5379,2.640,1.270,0.650,5,0,214.261,0,0,10,28,4,32,0
19-08 03:32:19,63.030,7.504,29.014,0,0,1571656,1272160,166400,4922380,5985.867,1620.776,0,140.067,0,9.004,6530,16016,2.740,1.320,0.670,3,0,2.001,0,0,10,32,4,37,0
19-08 03:32:20,71.189,9.275,18.800,0.251,0,1412508,1430916,166416,4922748,4132.948,1624.303,0,673.785,0,59.157,5942,15139,2.740,1.320,0.670,5,0,120.319,0,0,10,28,4,35,0
19-08 03:32:21,79.191,10.992,9.493,0,0,1573696,1269692,166424,4922776,5140.155,1618.789,0,4452.669,0,121.909,4263,8667,2.740,1.320,0.670,4,0,1.999,0,0,10,31,4,38,0
19-08 03:32:22,49.783,7.005,42.278,0,0,1513944,1329216,166428,4922996,6069.072,1513.015,0,140.094,0,9.006,9725,21657,2.740,1.320,0.670,5,0,1.001,0,0,10,31,4,48,0
19-08 03:32:23,80.754,12.251,5.250,0,0,1493120,1349632,166428,4923400,7995.440,1620.089,0,4.000,0,1.000,3370,9685,2.740,1.320,0.670,4,0,266.015,0,0,10,28,4,49,0
19-08 03:32:24,74.810,8.757,15.012,0,0,1517372,1325136,166428,4923632,6410.141,1663.334,0,0,0,0,5814,14214,2.850,1.360,0.680,4,0,34.027,0,0,10,30,4,51,0
19-08 03:32:25,85.424,11.490,3.247,0,0,1552512,1289984,166428,4923640,5944.715,1618.561,0,283.748,0,21.980,2101,3224,2.850,1.360,0.680,4,0,97.913,0,0,10,28,4,51,0
19-08 03:32:26,77.725,11.746,8.997,0,0,1488876,1353416,166440,4923828,5770.159,1565.501,0,467.851,0,50.984,6531,13720,2.850,1.360,0.680,6,0,183.941,0,0,10,29,4,51,0
19-08 03:32:27,84.030,9.503,6.252,0,0,1562088,1280004,166440,4924024,6096.201,1620.585,0,192.069,0,11.004,5846,11949,2.850,1.360,0.680,9,0,63.023,0,0,10,30,4,52,0
19-08 03:32:28,82.999,12.000,5.250,0,0,1497856,1344024,166444,4924228,5976.952,1619.987,0,151.999,0,8.000,3464,6666,2.850,1.360,0.680,5,0,162.999,0,0,10,28,4,50,0
19-08 03:32:29,76.004,11.001,12.501,0,0,1408988,1432664,166456,4924440,6893.345,1512.076,0,500.025,0,56.003,5978,12985,2.940,1.410,0.700,6,0,185.009,0,0,10,29,4,51,0
19-08 03:32:30,66.131,8.984,24.706,0,0,1511168,1330448,166460,4924468,5963.290,1690.963,0,359.355,0,27.950,2543,3964,2.940,1.410,0.700,5,0,77.860,0,0,10,29,4,51,0
19-08 03:32:31,60.689,12.238,26.473,0.250,0,1424660,1416516,166468,4924880,5895.046,1692.291,0,1981.998,0,18.981,4201,9683,2.940,1.410,0.700,5,0,180.817,0,0,10,28,4,56,0
19-08 03:32:32,66.934,9.025,25.570,0,0,1417968,1423140,166492,4924920,5744.792,1624.466,0,401.103,0,35.096,3092,7414,2.940,1.410,0.700,4,0,65.179,0,0,10,29,4,56,0
19-08 03:32:33,64.484,8.998,25.993,0,0,1500804,1340128,166504,4925084,6835.257,1693.568,0,4230.921,0,162.958,3194,5635,2.940,1.410,0.700,4,0,66.983,0,0,10,30,4,56,0
19-08 03:32:34,65.760,8.501,26.254,0,0,1429336,1411520,166512,4925144,7450.132,1640.249,0,288.044,0,25.004,4781,9087,3.020,1.450,0.720,4,0,82.012,0,0,10,28,4,57,0
19-08 03:32:35,62.999,8.500,27.750,0.250,0,1404624,1435976,166532,4925376,5882.935,1693.981,0,447.995,0,45.999,4535,9673,3.020,1.450,0.720,4,0,76.999,0,0,10,28,4,59,0
19-08 03:32:36,66.038,9.255,24.764,0,0,1510020,1330532,166548,4925408,7143.129,1512.874,0,200.116,0,13.008,1929,3138,3.020,1.450,0.720,4,0,60.035,0,0,10,29,4,59,0
19-08 03:32:37,56.829,15.453,27.916,0,0,1412860,1427264,166560,4925776,6721.767,1762.694,0,434.692,0,36.889,4455,11415,3.020,1.450,0.720,4,0,421.731,0,0,10,28,4,62,0
19-08 03:32:38,66.891,7.516,25.303,0,0,1465444,1374464,166576,4925972,27784.514,1697.575,0,244.515,0,12.025,3547,8577,3.020,1.450,0.720,4,0,33.070,0,0,10,30,4,62,0
19-08 03:32:39,32.434,13.223,53.890,0.249,0,1388196,1451612,166580,4926068,21677.799,1616.704,0,419.145,0,26.945,3484,6338,2.860,1.440,0.720,1,0,377.231,0,0,10,28,4,62,0
19-08 03:32:40,23.794,4.007,71.882,0,0,1337036,1502596,166592,4926228,6061.110,1665.052,0,729.337,0,68.125,2881,6640,2.860,1.440,0.720,2,0,73.134,0,0,10,28,4,63,0
19-08 03:32:41,21.012,18.260,60.284,0,0,1387820,1451584,166612,4926428,4976.822,1620.919,0,404.229,0,32.018,3283,5302,2.860,1.440,0.720,3,0,522.296,0,0,10,28,4,64,0
19-08 03:32:42,42.983,7.247,48.980,0.500,0,1518920,1318080,166896,4928248,5262.869,1693.314,0,3834.447,0,217.912,2107,3446,2.860,1.440,0.720,2,0,16.993,0,0,10,32,4,64,0
19-08 03:32:43,39.035,6.256,44.040,10.259,0,1452668,1377304,167712,4934064,5428.886,1501.351,0,32701.431,0,3193.874,11578,25678,2.860,1.440,0.720,2,1,121.109,0,0,10,32,4,62,0
19-08 03:32:44,42.950,7.242,44.199,4.744,0,1488432,1340920,167988,4934296,5652.421,1618.117,0,27444.055,0,2146.501,6953,15806,2.870,1.470,0.730,2,0,15.981,0,0,10,28,4,62,0
19-08 03:32:45,45.314,4.506,47.567,3.004,0,1470932,1358048,168156,4934492,5312.480,1696.389,0,4610.492,0,858.208,5267,10984,2.870,1.470,0.730,2,1,2.003,0,0,10,30,4,62,0
19-08 03:32:46,36.627,7.475,50.580,4.734,0,1455544,1372744,168516,4934808,6486.161,1614.564,0,13351.047,0,1770.040,9037,19672,2.870,1.470,0.730,1,0,99.664,0,0,10,28,4,62,0
19-08 03:32:47,24.229,2.498,72.938,0.999,0,1418712,1409528,168544,4934824,6345.587,1618.619,0,4688.001,0,263.775,1380,2472,2.870,1.470,0.730,1,0,0.999,0,0,10,28,4,62,0
19-08 03:32:48,22.524,3.003,73.329,0,0,1362464,1465748,168560,4934836,7630.264,1621.756,0,2991.240,0,175.190,1187,1866,2.870,1.470,0.730,2,0,3.003,0,0,10,28,4,62,0
19-08 03:32:49,23.250,3.250,73.501,0,0,1445120,1383092,168560,4934836,8342.100,1662.020,0,0,0,0,1023,1244,2.720,1.460,0.740,2,0,4.000,0,0,10,28,4,58,0
19-08 03:32:50,23.512,2.751,73.037,0.250,0,1382596,1445584,168568,4934856,17068.568,1532.769,0,144.072,0,18.009,1123,1318,2.720,1.460,0.740,2,0,1.001,0,0,10,32,4,58,0
19-08 03:32:51,23.238,2.249,73.711,0,0,1452148,1376032,168568,4934856,7096.232,1619.140,0,107.943,0,0.999,888,1069,2.720,1.460,0.740,2,0,1.999,0,0,10,32,4,57,0
19-08 03:32:52,24.003,2.000,73.758,0,0,1414064,1414104,168568,4934868,7198.821,1620.185,0,0,0,0,902,1062,2.720,1.460,0.740,2,0,1.000,0,0,10,32,4,57,0
19-08 03:32:53,22.748,2.500,73.994,0,0,1358076,1470040,168572,4934916,8467.340,1619.874,0,4.000,0,1.000,913,1071,2.720,1.460,0.740,2,0,3.000,0,0,10,32,4,57,0
19-08 03:32:54,22.747,3.250,73.240,0,0,1432164,1395952,168572,4934916,5693.186,1619.768,0,2811.598,0,171.975,991,1177,2.580,1.450,0.740,3,0,0,0,0,10,32,4,57,0
19-08 03:32:55,23.251,3.000,73.002,0,0,1372064,1455900,168596,4935040,5782.168,1620.047,0,308.009,0,19.001,1115,1545,2.580,1.450,0.740,1,0,3.000,0,0,10,32,4,57,0
19-08 03:32:56,23.503,2.750,72.758,0.250,0,1392848,1435096,168604,4935052,5122.563,1512.166,0,6580.724,0,323.036,1185,2286,2.580,1.450,0.740,1,0,1.000,0,0,10,32,4,57,0
19-08 03:32:57,21.997,3.750,73.741,0,0,1456100,1371844,168604,4935052,6946.132,1565.804,0,0,0,0,955,1104,2.580,1.450,0.740,2,0,2.000,0,0,10,32,4,57,0
19-08 03:32:58,22.252,4.000,73.755,0,0,1352448,1475460,168608,4935084,6115.428,1620.113,0,0,0,0,907,1057,2.580,1.450,0.740,2,0,2.000,0,0,10,32,4,57,0
19-08 03:32:59,23.048,3.006,73.905,0,0,1436276,1391604,168612,4935108,5592.739,1623.408,0,8.017,0,2.004,867,1180,2.460,1.440,0.740,1,0,4.008,0,0,10,32,4,56,0
19-08 03:33:00,18.006,7.252,73.275,0,0,1355240,1472524,168620,4935216,7206.421,1620.545,0,0,0,0,1513,2382,2.460,1.440,0.740,1,0,153.051,0,0,10,32,4,56,0
19-08 03:33:01,13.732,19.725,65.416,0,0,1355580,1472072,168624,4935296,4783.843,1617.918,0,1130.545,0,14.981,3927,8787,2.460,1.440,0.740,1,0,615.208,0,0,10,32,4,55,0
19-08 03:33:02,10.999,18.998,69.244,0.250,0,1351056,1476560,168624,4935332,6552.456,1693.859,0,835.931,0,6.000,3122,4909,2.460,1.440,0.740,1,0,468.961,0,0,10,32,4,55,0
19-08 03:33:03,16.980,9.489,72.664,0,0,1405556,1422036,168624,4935336,5644.357,1735.957,0,339.600,0,9.988,1877,2876,2.460,1.440,0.740,1,0,170.799,0,0,10,32,5,52,0
19-08 03:33:04,23.500,2.500,73.500,0,0,1464524,1363068,168624,4935336,9958.950,1639.992,0,16.000,0,1.000,993,1179,2.340,1.440,0.740,1,0,2.000,0,0,10,32,5,52,0
19-08 03:33:05,24.504,2.000,73.261,0,0,1422716,1404872,168624,4935340,5904.903,1620.248,0,116.018,0,10.002,1078,1454,2.340,1.440,0.740,1,0,1.000,0,0,10,32,5,47,0
19-08 03:33:06,22.750,2.500,73.749,0.250,0,1368776,1458792,168624,4935360,6528.869,1767.965,0,327.993,0,24.000,973,1228,2.340,1.440,0.740,1,0,3.000,0,0,10,32,5,47,0
19-08 03:33:07,24.498,1.500,73.245,0,0,1450440,1377144,168624,4935344,7071.498,1661.882,0,0,0,0,945,1108,2.340,1.440,0.740,1,0,2.000,0,0,10,32,5,44,0
19-08 03:33:08,22.999,2.750,73.748,0,0,1394248,1433332,168624,4935348,28781.050,1661.945,0,15.999,0,1.000,928,1079,2.340,1.440,0.740,1,0,1.000,0,0,10,32,5,44,0
19-08 03:33:09,23.254,3.251,73.514,0,0,1462288,1365292,168624,4935348,24213.601,1620.308,0,12.002,0,1.000,974,1186,2.230,1.430,0.740,1,0,4.001,0,0,10,32,5,42,0
19-08 03:33:10,23.498,1.750,73.743,0,0,1418708,1408880,168624,4935340,6248.438,1585.857,0,0,0,0,892,1081,2.230,1.430,0.740,1,0,1.000,0,0,10,32,5,42,0
19-08 03:33:11,23.515,1.751,73.548,0,0,1363256,1464312,168624,4935360,5972.912,1621.062,0,2097.374,0,210.138,953,1084,2.230,1.430,0.740,1,0,3.002,0,0,10,32,5,41,0
19-08 03:33:12,23.484,3.498,73.699,0,0,1443152,1384428,168624,4935348,6192.690,1658.845,0,55.961,0,1.999,897,1089,2.230,1.430,0.740,1,0,1.999,0,0,10,32,5,41,0
19-08 03:33:13,22.262,3.252,73.541,0,0,1385712,1441876,168624,4935340,5262.916,1620.898,0,20.011,0,2.001,855,1062,2.230,1.430,0.740,1,0,1.001,0,0,10,32,5,40,0
19-08 03:33:14,23.501,2.500,73.752,0,0,1458224,1369300,168624,4935404,4892.137,1620.045,0,548.015,0,102.003,935,1182,2.130,1.420,0.740,1,0,2.000,0,0,10,32,5,40,0
19-08 03:33:15,22.737,2.998,73.709,0,0,1391032,1436560,168624,4935336,6049.642,1661.078,0,127.929,0,10.994,1040,1429,2.130,1.420,0.740,1,0,0.999,0,0,10,32,4,40,0
19-08 03:33:16,23.749,2.750,73.496,0,0,1462264,1365328,168624,4935336,20586.991,1619.921,0,2071.898,0,25.999,1133,1304,2.130,1.420,0.740,1,0,2.000,0,0,10,32,4,40,0
19-08 03:33:17,23.499,2.000,73.246,0,0,1410552,1416960,168624,4935416,6035.674,1511.918,0,15.999,0,2.000,956,1151,2.130,1.420,0.740,2,0,1.000,0,0,10,32,4,39,0
19-08 03:33:18,22.756,2.751,74.019,0,0,1431112,1396408,168624,4935408,5975.530,1694.434,0,0,0,0,958,1202,2.130,1.420,0.740,1,0,3.001,0,0,10,32,4,39,0
19-08 03:33:19,23.495,2.999,72.984,0,0,1371628,1455872,168624,4935428,5751.758,1565.662,0,19.996,0,1.000,948,1200,2.040,1.410,0.740,1,0,2.999,0,0,10,32,4,39,0
19-08 03:33:20,23.253,2.250,74.008,0,0,1385892,1441620,168624,4935416,4610.503,1620.177,0,20.002,0,1.000,870,1063,2.040,1.410,0.740,1,0,1.000,0,0,10,32,4,34,0
19-08 03:33:21,23.248,2.750,73.744,0,0,1456700,1370812,168624,4935416,7267.419,1619.870,0,0,0,0,882,1065,2.040,1.410,0.740,2,0,2.000,0,0,10,32,4,34,0
19-08 03:33:22,13.026,16.282,70.138,0.250,0,1357264,1470204,168628,4935452,6974.712,1623.191,0,164.323,0,11.022,2493,3815,2.040,1.410,0.740,2,0,371.731,0,0,10,32,4,28,0
19-08 03:33:23,21.456,4.491,73.850,0,0,1436480,1390960,168636,4935472,8517.701,1616.716,0,3.992,0,0.998,1066,1362,2.040,1.410,0.740,1,0,20.957,0,0,10,32,4,28,0
19-08 03:33:24,23.021,2.002,73.566,0,0,1407724,1419476,168636,4935704,6427.740,1513.351,0,0,0,0,918,1193,1.880,1.390,0.740,1,0,9.008,0,0,10,32,4,19,0
19-08 03:33:25,21.037,8.014,71.626,0,0,1354816,1472380,168636,4935708,4445.811,1622.851,0,368.648,0,44.077,1700,2653,1.880,1.390,0.740,3,0,163.287,0,0,10,32,4,19,0
19-08 03:33:26,7.997,20.991,69.470,0.250,0,1357028,1470056,168640,4935816,7848.602,1619.299,0,543.765,0,30.987,3148,5112,1.880,1.390,0.740,2,0,472.795,0,0,10,32,4,17,0
19-08 03:33:27,9.739,19.977,69.671,0,0,1356020,1471020,168640,4935844,6474.703,1564.237,0,223.748,0,6.992,3161,5137,1.880,1.390,0.740,2,0,491.446,0,0,10,32,4,17,0
19-08 03:33:28,10.504,19.008,69.028,0,0,1358516,1468492,168640,4935876,5451.208,1620.656,0,1288.522,0,14.006,3200,4990,1.880,1.390,0.740,2,0,520.211,0,0,10,32,4,16,0
19-08 03:33:29,9.494,21.486,68.454,0,0,1356292,1470688,168640,4935900,6219.851,1618.920,0,1203.197,0,14.990,3181,5115,1.810,1.380,0.740,3,0,514.657,0,0,10,32,4,16,0
19-08 03:33:30,9.513,19.778,69.849,0,0,1356948,1470004,168640,4935928,7552.695,1696.402,0,853.208,0,10.014,3103,4879,1.810,1.380,0.740,1,0,479.679,0,0,10,32,4,15,0
19-08 03:33:31,8.494,20.485,70.698,0,0,1355676,1471240,168640,4935964,9683.892,1584.837,0,383.718,0,32.976,3084,4643,1.810,1.380,0.740,1,0,434.681,0,0,10,32,4,15,0
19-08 03:33:32,12.264,22.026,64.826,0,0,1361596,1465288,168652,4935984,9998.799,1621.914,0,660.780,0,26.031,3579,5766,1.810,1.380,0.740,2,0,567.670,0,0,10,32,4,12,0
19-08 03:33:33,53.254,19.252,27.502,0,0,1509492,1317164,168708,4936152,7023.583,1694.141,0,1440.120,0,76.006,3601,6355,1.810,1.380,0.740,4,0,529.044,0,0,10,32,4,16,0
19-08 03:33:34,64.495,8.499,27.248,1.750,0,1641420,1178896,169252,4941472,7952.412,1693.875,399.970,13331.014,4.000,1062.921,5442,11255,1.900,1.410,0.750,1,2,50.996,0,0,10,36,4,15,0
19-08 03:33:35,43.492,10.748,32.494,13.498,0,1628204,1178128,170152,4953596,6326.855,1565.717,0,83904.813,0,6289.862,18643,43443,1.900,1.410,0.750,2,1,174.968,0,0,10,36,4,16,0
19-08 03:33:36,46.516,10.253,31.511,12.004,0,1658392,1136056,170988,4964224,6560.211,1620.546,0,88865.948,0,6879.318,20720,48688,1.900,1.410,0.750,5,0,75.025,0,0,10,36,4,14,0
19-08 03:33:37,45.006,17.252,25.753,11.752,0,1566668,1217036,171460,4974144,5995.791,1694.224,256.034,79858.541,2.000,5878.776,16509,37348,1.900,1.410,0.750,3,0,309.041,0,0,10,34,4,14,0
19-08 03:33:38,42.233,16.993,30.737,8.247,0,1581024,1194536,171932,4981436,18688.356,1511.382,619.747,57792.363,8.996,4387.206,16773,42766,1.900,1.410,0.750,4,0,165.932,0,0,10,34,4,12,0
19-08 03:33:39,40.008,12.002,37.008,7.502,0,1545296,1224056,172328,4987000,29163.037,1620.335,1100.228,44358.182,19.004,3750.776,14582,32685,2.230,1.490,0.780,2,1,197.041,0,0,10,34,4,13,0
19-08 03:33:40,39.982,7.996,43.231,9.246,0,1573164,1196364,172524,4986568,7446.694,1693.248,0,47199.044,0,4224.124,14566,34510,2.230,1.490,0.780,2,0,14.993,0,0,10,35,4,13,0
19-08 03:33:41,34.462,7.492,48.696,8.241,0,1538412,1229496,172808,4987868,4948.512,1618.205,0,47818.969,0,4434.083,16534,35853,2.230,1.490,0.780,2,0,106.881,0,0,10,34,4,14,0
19-08 03:33:42,42.529,6.504,41.278,9.757,0,1571644,1192296,173112,4991432,5224.568,1695.158,0,44878.652,0,3967.710,13848,30404,2.230,1.490,0.780,4,0,30.021,0,0,10,35,4,13,0
19-08 03:33:43,39.506,8.251,43.757,9.502,0,1531308,1228976,173308,4994808,5700.924,1694.274,0,47279.659,0,4184.678,16541,36136,2.230,1.490,0.780,2,0,78.013,0,0,10,34,4,16,0
19-08 03:33:44,38.772,6.504,43.275,12.507,0,1577724,1177848,173516,4999148,4957.841,1566.898,0,51693.620,0,4597.634,13856,32948,2.290,1.510,0.790,2,0,51.029,0,0,10,35,4,16,0
19-08 03:33:45,35.737,7.997,45.234,9.747,0,1577444,1173564,173768,5003352,5987.886,1701.399,0,52705.395,0,4498.412,18917,41060,2.290,1.510,0.790,4,0,89.968,0,0,10,36,4,18,0
19-08 03:33:46,38.013,9.003,41.014,13.004,0,1576300,1176232,173880,5001636,6878.270,1620.535,0,53373.613,0,4889.614,15143,36951,2.290,1.510,0.790,4,0,76.025,0,0,10,36,4,18,0
19-08 03:33:47,40.484,6.997,44.232,8.497,0,1552944,1201324,173980,4999800,5526.762,1661.327,0,47872.612,0,3739.486,12219,29016,2.290,1.510,0.790,2,0,51.979,0,0,10,34,4,21,0
19-08 03:33:48,25.214,11.234,61.413,0,0,1402684,1351536,173980,4999848,6578.698,1659.653,0,1186.323,0,67.904,2644,4479,2.290,1.510,0.790,2,0,256.637,0,0,10,32,4,21,0
19-08 03:33:49,22.780,3.004,72.846,0.250,0,1463060,1291160,173980,4999848,6538.598,1696.231,0,789.038,0,40.053,1255,1940,2.190,1.500,0.800,1,0,17.022,0,0,10,32,4,21,0
19-08 03:33:50,22.713,4.493,72.883,0,0,1433148,1321044,173980,4999876,7291.268,1617.398,0,547.120,0,22.963,2373,3895,2.190,1.500,0.800,1,0,42.931,0,0,10,32,4,21,0
19-08 03:33:51,22.768,4.003,72.808,0,0,1394264,1359780,173980,5000024,6223.929,1621.284,0,584.463,0,35.028,2395,4274,2.190,1.500,0.800,1,0,17.013,0,0,10,32,4,21,0
19-08 03:33:52,8.763,21.281,69.101,0,0,1398644,1355244,173980,5000180,8463.407,1460.141,0,2375.482,0,179.263,3333,5172,2.190,1.500,0.800,4,0,560.822,0,0,10,32,4,21,0
19-08 03:33:53,59.134,11.976,27.696,0.250,0,1561776,1191768,174012,5000492,8082.103,1616.820,0,782.461,0,53.894,2515,3662,2.190,1.500,0.800,3,0,222.562,0,0,10,32,4,27,0
19-08 03:33:54,67.992,6.999,24.747,0,0,1727804,1023276,174136,5002580,4947.441,1619.817,0,2443.724,0,105.988,1563,1787,2.250,1.530,0.810,3,0,0,0,0,10,32,4,27,0
19-08 03:33:55,44.084,9.017,37.822,9.268,0,1781320,958048,174432,5013480,4664.901,1623.097,0,59850.194,0,4527.639,14739,31593,2.250,1.530,0.810,2,0,153.292,0,0,10,38,4,27,0
19-08 03:33:56,29.263,8.003,46.020,16.007,0,1789284,936700,174640,5026236,4544.945,1620.694,0,91143.009,0,7103.040,22594,49715,2.250,1.530,0.810,6,0,261.112,0,0,10,38,4,27,0
19-08 03:33:57,41.735,9.247,34.737,14.495,0,1687640,1027664,174836,5036312,5999.798,1693.379,0,86376.300,0,6531.603,19588,44994,2.250,1.530,0.810,2,1,230.915,0,0,10,36,4,27,0
19-08 03:33:58,48.265,9.454,32.591,11.942,0,1748076,957396,174940,5045632,6473.423,1612.136,0,78923.014,0,5908.180,16002,38007,2.250,1.530,0.810,3,0,129.369,0,0,10,36,4,27,0
19-08 03:33:59,44.729,9.298,29.652,17.088,0,1789328,900444,175064,5060668,5890.187,1628.345,0,115170.248,0,7832.140,17959,48205,2.550,1.600,0.840,2,1,14.072,0,0,10,38,4,27,0
19-08 03:34:00,39.992,6.499,43.741,9.498,0,1416072,1269252,175100,5064912,7261.584,1457.716,0,44443.334,0,3702.278,12199,27289,2.550,1.600,0.840,3,0,130.974,0,0,10,32,4,27,0
19-08 03:34:01,22.246,11.748,65.488,0.250,0,1463396,1221880,175100,5064940,5119.058,1619.702,0,4019.260,0,255.953,2788,6510,2.550,1.600,0.840,1,0,257.953,0,0,10,32,4,28,0
19-08 03:34:02,22.710,2.745,72.871,0.499,0,1525636,1159636,175104,5064936,5457.324,1691.002,0,4244.475,0,259.540,1323,2150,2.550,1.600,0.840,1,0,0,0,0,10,32,4,28,0
19-08 03:34:03,21.739,4.498,73.464,0,0,1440488,1244772,175104,5064948,7380.361,1619.202,0,151.925,0,11.994,1416,2019,2.550,1.600,0.840,1,0,26.987,0,0,10,32,4,27,0
19-08 03:34:04,23.238,2.249,73.710,0,0,1501468,1183788,175104,5064948,4840.401,1619.131,0,351.811,0,4.997,816,1125,2.430,1.590,0.840,1,0,0.999,0,0,10,32,4,27,0
19-08 03:34:05,22.048,4.259,72.909,0,0,1416804,1268444,175108,5064952,6426.985,1623.533,0,601.308,0,44.096,1353,2104,2.430,1.590,0.840,1,0,52.113,0,0,10,32,4,27,0
19-08 03:34:06,15.730,31.709,51.934,0.250,0,1422060,1263072,175108,5065032,6431.774,1617.931,0,335.571,0,33.957,5548,9644,2.430,1.590,0.840,2,0,1263.384,0,0,10,32,4,27,0
19-08 03:34:07,8.755,20.761,69.536,0,0,1425064,1259996,175108,5065100,7391.873,1586.831,0,3737.959,0,102.053,3215,4889,2.430,1.590,0.840,1,0,511.268,0,0,10,32,4,27,0
19-08 03:34:08,10.013,19.025,70.090,0,0,1423556,1261448,175108,5065140,10318.311,1568.023,0,20.026,0,5.006,2899,4635,2.430,1.590,0.840,1,0,403.521,0,0,10,32,4,27,0
19-08 03:34:09,14.749,16.249,67.495,0,0,1424568,1259632,175108,5066232,38315.973,1619.872,0,55.996,0,8.999,4847,8400,2.320,1.580,0.840,0,0,300.976,0,0,10,32,4,27,0
19-08 03:34:10,39.934,10.483,48.419,0,0,1512048,1171860,175116,5066572,7019.327,1617.310,0,27.954,0,0.998,2369,3397,2.320,1.580,0.840,2,0,158.736,0,0,10,33,4,27,0
19-08 03:34:11,47.134,5.265,47.385,0,0,1617756,1065264,175120,5067456,5542.780,1624.625,0,4.011,0,1.003,1716,3776,2.320,1.580,0.840,4,0,0,0,0,10,33,4,27,0
19-08 03:34:12,47.609,4.736,46.861,0.499,0,1665880,1013420,175188,5070700,5994.209,1708.928,0,6321.239,0,425.736,3651,7795,2.320,1.580,0.840,2,0,5.982,0,0,10,49,4,27,0
19-08 03:34:13,16.995,12.746,69.230,0,0,1689732,989496,175188,5070752,6491.085,1619.522,0,971.713,0,87.974,2324,3471,2.320,1.580,0.840,2,0,254.925,0,0,10,48,4,28,0
19-08 03:34:14,4.249,0.750,93.986,0,0,1696592,982612,175188,5070772,21099.962,2543.634,0,63.991,0,3.999,716,1049,2.130,1.560,0.830,2,0,2.000,0,0,10,49,4,28,0
19-08 03:34:15,1.250,0.250,97.240,0.250,0,1696496,982612,175188,5070868,106816.998,4763.509,0,487.950,0,28.997,931,1495,2.130,1.560,0.830,0,0,0,0,0,10,49,4,28,0
19-08 03:34:16,0.500,0.250,98.255,0.250,0,1696452,982612,175188,5070912,52376.776,2424.128,0,72.004,0,4.000,611,979,2.130,1.560,0.830,0,0,0,0,0,10,49,4,28,0
19-08 03:34:17,14.007,9.254,74.285,1.251,0,1713920,963792,175284,5071896,25115.679,2148.999,4.002,4622.149,1.000,312.145,2450,3686,2.130,1.560,0.830,1,0,70.033,0,0,10,48,4,29,0
19-08 03:34:18,16.245,8.747,73.226,1.250,0,1745596,881188,175300,5120904,5679.177,1661.467,0,4522.548,0,129.958,1992,2918,2.130,1.560,0.830,1,0,40.987,0,0,10,48,4,29,0
19-08 03:34:19,15.248,11.498,73.239,0,0,1723244,903516,175300,5120912,5364.174,1661.744,0,0,0,0,1778,2068,2.040,1.550,0.830,1,0,78.988,0,0,10,48,4,29,0
19-08 03:34:20,22.048,2.756,73.910,0,0,1751404,875264,175300,5120912,5496.906,1623.517,0,0,0,0,1030,1153,2.040,1.550,0.830,1,0,12.026,0,0,10,48,4,29,0
19-08 03:34:21,17.718,8.235,73.616,0,0,1683252,992840,175448,5072268,4565.677,1509.249,159.709,19.964,9.982,2.995,1602,2163,2.040,1.550,0.830,1,0,106.805,0,0,10,48,4,29,0
19-08 03:34:22,15.741,16.491,66.963,0,0,1686668,989296,175452,5072280,8369.338,1619.098,0,3.998,0,0.999,5422,9337,2.040,1.550,0.830,1,0,279.844,0,0,10,48,4,29,0
19-08 03:34:23,0.500,0.500,98.029,0.250,0,1686544,989384,175452,5072288,7923.345,1566.464,0,508.150,0,6.002,612,986,2.040,1.550,0.830,0,0,3.001,0,0,10,48,4,29,0
19-08 03:34:24,0.250,0.500,98.508,0,0,1686544,989384,175452,5072288,6405.500,1620.126,0,0,0,0,628,995,1.880,1.520,0.830,0,0,1.000,0,0,10,48,4,29,0
19-08 03:34:25,0.500,0.500,97.745,0.250,0,1686544,989384,175452,5072288,6575.651,1619.914,0,403.979,0,28.998,887,1476,1.880,1.520,0.830,0,0,3.000,0,0,10,48,4,29,0
19-08 03:34:26,1.000,0.250,98.501,0,0,1685284,990516,175452,5072416,6680.073,1620.018,0,32.000,0,4.000,592,957,1.880,1.520,0.830,0,0,1.000,0,0,10,48,4,29,0
19-08 03:34:27,14.004,15.004,71.020,0,0,1684400,991328,175452,5072660,5804.614,1620.450,0,0,0,0,3826,8949,1.880,1.520,0.830,1,0,219.061,0,0,10,48,4,29,0
19-08 03:34:28,11.997,14.997,71.735,0,0,1681792,993864,175452,5072444,7526.419,1621.659,0,1627.658,0,7.998,3428,5673,1.880,1.520,0.830,4,0,324.932,0,0,11,48,4,29,0
19-08 03:34:29,17.745,12.996,67.479,0,0,1686536,989192,175452,5072448,6777.906,1619.500,0,3.999,0,1.000,5198,9642,1.810,1.510,0.830,1,0,253.922,0,0,11,48,4,29,0
19-08 03:34:30,3.509,5.514,89.225,0,0,1685244,990344,175452,5072596,6284.869,1698.288,0,421.063,0,13.033,1450,2340,1.810,1.510,0.830,1,0,134.339,0,0,11,48,4,29,0
19-08 03:34:31,16.751,14.251,67.755,0.250,0,1684008,991572,175452,5072632,6579.507,1640.126,0,6592.508,0,325.025,5939,10883,1.810,1.510,0.830,1,0,243.019,0,0,13,50,4,30,0
19-08 03:34:32,10.500,18.499,69.997,0,0,1686004,989452,175456,5072672,6521.720,1619.930,0,339.985,0,25.999,2825,4557,1.810,1.510,0.830,1,0,386.983,0,0,13,50,4,30,0
19-08 03:34:33,17.487,15.988,64.951,0.250,0,1692200,983092,175464,5072820,6087.453,1918.567,0,559.582,0,23.982,5701,10156,1.810,1.510,0.830,2,0,261.804,0,0,13,50,5,24,0
19-08 03:34:34,37.284,17.516,44.291,0,0,1770256,904800,175472,5073060,6133.631,1673.536,0,64.059,0,6.006,3742,11920,1.980,1.550,0.850,3,0,370.340,0,0,13,50,5,24,0
19-08 03:34:35,26.500,4.750,67.999,0,0.250,1832748,841136,175560,5074148,6620.947,1619.987,32.000,927.993,2.000,33.000,1934,4285,1.980,1.550,0.850,2,0,33.000,0,0,13,58,5,27,0
19-08 03:34:36,22.950,3.492,73.092,0,0,1884120,789748,175560,5074164,6208.540,1690.335,0,59.870,0,3.991,1070,1457,1.980,1.550,0.850,1,0,7.983,0,0,13,58,5,27,0
19-08 03:34:37,10.746,2.249,86.214,0,0,1910776,762532,175560,5074724,5441.725,1693.292,0,863.639,0,1.999,1527,3206,1.980,1.550,0.850,0,0,2.999,0,0,13,58,5,27,0
19-08 03:34:38,0.750,0.500,98.470,0,0,1910772,762532,175560,5074728,6572.989,1619.504,0,27.991,0,1.000,629,978,1.980,1.550,0.850,0,0,1.999,0,0,13,58,5,27,0
19-08 03:34:39,11.774,13.026,73.399,0,0,1903400,769716,175560,5075196,41855.716,1807.659,0,1002.028,0,2.004,3761,8659,1.820,1.530,0.840,1,0,220.446,0,0,13,56,5,25,0
19-08 03:34:40,15.251,12.501,70.755,0.250,0,1906564,766388,175560,5074880,6208.459,1694.125,0,96.007,0,11.001,4033,6530,1.820,1.530,0.840,1,0,255.019,0,0,13,56,5,25,0
19-08 03:34:41,22.980,13.488,61.696,0,0,1922196,750832,175560,5074868,4384.177,1510.683,0,179.843,0,6.994,4190,10906,1.820,1.530,0.840,2,0,239.791,0,0,11,48,5,23,0
19-08 03:34:42,19.980,14.236,64.934,0,0,1930008,742808,175560,5075060,5099.834,1618.361,0,39.960,0,2.997,4680,8565,1.820,1.530,0.840,1,0,264.732,0,0,13,56,5,23,0
19-08 03:34:43,23.058,11.780,65.165,0,0,1718120,954704,175560,5075084,5156.060,1624.114,0,3673.304,0,209.531,2201,3794,1.820,1.530,0.840,2,0,304.772,0,0,13,50,5,23,0
19-08 03:34:44,31.505,21.003,46.008,0,0,1785808,886968,175560,5075136,5525.906,1620.266,0,28.005,0,7.001,3380,5886,1.840,1.540,0.850,2,0,566.093,0,0,13,50,5,23,0
19-08 03:34:45,45.498,17.499,36.248,0,0,1904536,767752,175564,5075628,5983.737,1735.924,0,615.973,0,29.999,4431,10655,1.840,1.540,0.850,2,0,271.988,0,0,13,58,5,27,0
19-08 03:34:46,46.231,5.248,47.730,0,0,2011560,660352,175580,5075984,5265.820,1619.330,0,403.833,0,7.997,1325,1971,1.840,1.540,0.850,2,0,7.997,0,0,13,58,4,25,0
19-08 03:34:47,25.708,3.993,69.635,0.250,0,2063212,606016,175900,5078040,8888.343,1563.422,139.770,479.210,34.942,12.979,1143,2983,1.840,1.540,0.850,1,0,4.992,0,0,13,60,4,25,0
19-08 03:34:48,23.501,4.250,58.753,12.001,0,2068172,586108,175964,5092676,6973.411,1660.098,0,83308.915,0,2928.173,11715,23203,1.840,1.540,0.850,2,0,4.000,0,0,13,60,4,22,0
19-08 03:34:49,37.573,13.276,43.584,6.012,0,2234912,410828,176084,5100548,11600.458,1713.317,0,11963.161,0,1059.050,10285,28536,2.010,1.580,0.870,2,0,69.134,0,0,14,85,4,33,0
19-08 03:34:50,11.996,20.494,66.480,0,0,2251628,393832,176084,5100792,6131.173,1703.492,0,783.766,0,45.986,3620,6772,2.010,1.580,0.870,1,0,483.856,0,0,14,85,4,33,0
19-08 03:34:51,14.248,17.997,66.740,0,0,2259592,385600,176084,5101296,8381.785,1619.765,0,2951.572,0,36.995,3304,9322,2.010,1.580,0.870,3,0,291.958,0,0,14,85,4,33,0
19-08 03:34:52,42.640,10.972,47.128,0.249,0,2367172,277972,176084,5101428,8238.654,1615.813,0,2788.774,0,145.623,2216,4074,2.010,1.580,0.870,2,0,152.605,0,0,14,86,4,33,0
19-08 03:34:53,31.550,11.268,56.339,0.501,0,2420928,223328,176104,5102212,8388.304,1622.573,0,3625.750,0,248.394,2448,4497,2.010,1.580,0.870,1,0,119.189,0,0,14,89,4,34,0
19-08 03:34:54,8.496,18.741,71.714,0,0,2419240,224988,176104,5102236,4993.503,1619.190,0,135.932,0,17.991,2519,3643,1.930,1.570,0.870,1,0,270.865,0,0,14,89,4,28,0
19-08 03:34:55,7.993,19.232,71.683,0,0,2419968,224236,176104,5102260,4961.381,1456.644,0,43.959,0,4.995,2341,3248,1.930,1.570,0.870,1,0,252.765,0,0,14,89,4,28,0
19-08 03:34:56,8.510,18.271,71.332,0,0,2423184,221000,176104,5102280,5985.908,1621.872,0,0,0,0,2530,3666,1.930,1.570,0.870,1,0,300.347,0,0,14,89,4,28,0
19-08 03:34:57,20.482,6.744,72.686,0,0,2482892,161280,176104,5102292,5704.980,1618.576,0,47.958,0,0.999,1234,1609,1.930,1.570,0.870,3,0,49.956,0,0,14,90,4,28,0
19-08 03:34:58,22.256,5.251,70.518,0.250,0,2455508,188632,176104,5102324,5128.328,1620.420,0,344.089,0,25.006,2352,4004,1.930,1.570,0.870,1,0,63.016,0,0,14,91,4,29,0
19-08 03:34:59,26.056,4.259,68.647,0.251,0,2507936,136048,176120,5102464,6163.220,1713.676,0,1298.786,0,119.256,2286,4351,1.850,1.560,0.870,2,1,8.017,0,0,14,105,4,29,0
19-08 03:35:00,24.958,10.483,62.895,0.499,0,2458732,192216,176120,5095492,6363.418,1617.310,15.973,1701.171,1.997,184.693,3757,7038,1.850,1.560,0.870,1,0,107.821,0,0,14,106,4,31,0
19-08 03:35:01,26.735,5.247,67.213,0.250,0,2513876,137072,176120,5095492,7287.941,1693.057,0,475.735,0,28.984,2339,4699,1.850,1.560,0.870,1,0,38.978,0,0,14,106,4,32,0
19-08 03:35:02,31.485,7.746,59.221,0.750,0,2508792,157988,175280,5081512,5396.383,1619.215,259.874,10662.829,16.992,626.696,3698,6359,1.850,1.560,0.870,3,0,94.954,0,0,14,106,4,32,0
19-08 03:35:03,43.217,6.995,49.213,0.250,0,2592384,128672,174340,5028496,5828.582,1456.896,571.567,1199.091,17.986,108.917,1801,2352,1.850,1.560,0.870,2,0,5.995,0,0,14,110,4,33,0
19-08 03:35:04,22.269,4.003,72.812,0.250,0,2588896,133396,174340,5027260,5039.309,1695.450,148.127,368.315,4.003,22.019,1246,1704,1.790,1.550,0.870,2,0,55.047,0,0,14,110,4,33,0
19-08 03:35:05,21.750,5.000,72.749,0,0,2563328,158916,174340,5027308,4793.909,1619.969,16.000,331.994,1.000,17.000,1595,2384,1.790,1.550,0.870,2,0,50.999,0,0,14,112,4,34,0
19-08 03:35:06,24.000,4.500,71.750,0.500,0,2610324,129120,174340,5010280,5611.017,1620.005,756.002,708.002,22.000,72.000,1778,2893,1.790,1.550,0.870,2,0,0,0,0,14,112,4,35,0
19-08 03:35:07,18.797,7.519,72.683,0,0,2616216,124536,174340,5008972,6985.569,1624.085,292.736,360.908,5.013,20.050,1460,2058,1.790,1.550,0.870,2,0,82.207,0,0,14,112,4,35,0
19-08 03:35:08,22.443,3.491,72.066,0,0,2582668,173824,174340,4993396,5713.397,1615.870,63.837,299.235,6.982,12.967,1451,2059,1.790,1.550,0.870,1,0,54.860,0,0,14,112,4,36,0
19-08 03:35:09,26.810,4.009,68.404,1.253,0,2625176,130332,174340,4994380,44610.150,1713.848,745.674,4842.872,129.290,396.891,3166,5797,1.720,1.540,0.870,2,0,4.009,0,0,14,117,4,36,0
19-08 03:35:10,22.951,4.989,70.099,0.748,0,2612224,143228,174340,4994436,7671.491,1508.753,0,1500.770,0,127.725,2472,4320,1.720,1.540,0.870,1,0,53.884,0,0,14,117,4,38,0
19-08 03:35:11,24.718,2.497,70.908,0.250,0,2634744,120548,174340,4994596,5216.229,1563.970,0,822.932,0,77.899,2102,3766,1.720,1.540,0.870,2,0,0,0,0,14,119,4,38,0
19-08 03:35:12,32.794,5.507,60.581,0.250,0,2625804,145132,174340,4979148,6499.658,1790.385,688.918,949.264,15.020,90.120,2985,5277,1.720,1.540,0.870,1,0,69.092,0,0,14,117,4,39,0
19-08 03:35:13,23.751,3.250,71.504,0.750,0,2605640,180656,174340,4964016,5868.311,1694.090,0,1328.070,0,143.008,2204,3983,1.720,1.540,0.870,1,0,2.000,0,0,14,117,4,40,0
19-08 03:35:14,20.038,8.265,71.384,0,0,2664188,122092,174340,4964032,4981.335,1623.042,4.008,460.864,1.002,28.053,1657,2593,1.660,1.530,0.870,1,0,146.274,0,0,14,119,4,39,0
19-08 03:35:15,25.951,2.745,69.118,0.499,0,2672016,129968,174332,4948572,6902.843,1690.777,0,1429.276,0,150.713,3146,5671,1.660,1.530,0.870,1,0,0,0,0,14,121,4,39,0
19-08 03:35:16,35.983,11.994,49.977,1.000,0,2640788,157436,174336,4952304,5245.561,1709.205,3610.321,1639.238,103.952,148.931,4777,9207,1.660,1.530,0.870,1,0,288.866,0,0,14,119,4,40,0
19-08 03:35:17,23.248,2.500,72.993,0,0,2685256,127792,174336,4937612,6279.378,1687.833,15.998,527.948,2.000,27.997,1145,1676,1.660,1.530,0.870,1,0,0,0,0,14,119,4,41,0
19-08 03:35:18,16.299,18.806,65.195,0.501,0,2641564,171276,174340,4937784,5320.883,1875.599,116.347,653.952,8.024,50.150,3591,6211,1.660,1.530,0.870,1,0,426.272,0,0,14,119,4,40,0
19-08 03:35:19,14.988,17.736,65.697,0,0,2643260,169144,174340,4938640,5353.696,1638.682,323.740,559.550,11.990,41.966,4282,9149,1.610,1.520,0.870,1,0,275.778,0,0,14,119,4,40,0
19-08 03:35:20,31.517,19.010,49.026,0,0,2688932,123292,174340,4938448,4718.496,1730.916,148.078,444.235,16.008,25.013,3481,6368,1.610,1.520,0.870,2,0,497.263,0,0,14,119,4,40,0
19-08 03:35:21,36.614,19.677,41.844,0.498,0,2732228,131564,174232,4887576,7118.462,1613.983,11.955,7017.838,1.993,515.080,5865,10326,1.610,1.520,0.870,6,0,317.815,0,0,14,125,4,40,0
19-08 03:35:22,58.426,24.825,16.801,0,0,2880232,125732,174028,4748708,6058.223,1695.099,1969.926,3197.618,156.471,376.131,5216,11700,1.610,1.520,0.870,7,0,627.889,0,0,16,131,4,40,0
19-08 03:35:23,59.141,17.468,21.710,0.499,0,2985112,128960,173976,4643168,8965.423,1617.010,5178.425,3888.810,283.476,345.361,7308,15150,1.610,1.520,0.870,4,0,258.522,0,0,16,131,4,40,0
19-08 03:35:24,53.910,19.809,25.074,0,0,3078352,124276,173980,4556612,4799.210,1558.615,629.865,8015.735,23.068,774.293,5507,11808,1.640,1.530,0.880,2,0,631.871,0,0,16,149,4,40,0
19-08 03:35:25,25.999,19.749,53.498,0.250,0,3115952,126812,173980,4517896,5600.782,1705.933,27.999,263.990,6.000,19.999,3964,8560,1.640,1.530,0.880,9,0,466.982,0,0,17,149,4,40,0
19-08 03:35:26,26.754,18.003,54.758,0,0,3152632,133596,173980,4474844,7845.130,1620.233,20.003,100.014,5.001,4.001,5220,8886,1.640,1.530,0.880,2,0,386.056,0,0,17,149,4,40,0
19-08 03:35:27,38.492,17.746,41.991,0,0,3214036,121868,173984,4426588,7178.428,1565.657,3.999,4235.073,1.000,221.951,5493,12549,1.640,1.530,0.880,2,0,360.921,0,0,17,149,4,40,0
19-08 03:35:28,43.000,21.250,34.750,0.250,0,3315168,124720,173996,4324672,7540.083,1694.019,40.000,872.010,9.000,62.001,6833,14434,1.640,1.530,0.880,3,0,574.006,0,0,17,165,4,40,0
19-08 03:35:29,32.751,21.751,45.252,0,0,3374004,126500,173996,4265120,7551.332,1690.074,44.002,436.019,2.000,40.002,4343,7301,1.670,1.540,0.880,2,0,712.031,0,0,17,167,4,40,0
19-08 03:35:30,25.169,19.188,54.823,0.249,0,3437192,131164,174000,4198984,5576.964,1798.185,59.807,566.169,1.994,36.881,7150,16787,1.670,1.540,0.880,2,0,324.949,0,0,17,171,4,40,0
19-08 03:35:31,37.989,11.497,48.736,0.250,0,3540844,139112,174000,4089324,5421.428,1693.509,23.993,363.894,4.999,12.996,2325,3607,1.670,1.540,0.880,2,0,117.966,0,0,17,173,4,40,0
19-08 03:35:32,45.863,7.268,46.364,0,0,3638780,128708,174000,4003592,6268.383,1515.720,1251.070,7863.297,31.076,594.459,1987,2366,1.670,1.540,0.880,1,0,3.007,0,0,17,177,4,40,0
19-08 03:35:33,32.778,15.513,51.043,0,0,3613656,196844,174004,3961640,5607.710,1695.424,108.091,440.370,8.007,27.023,3446,5776,1.670,1.540,0.880,2,0,382.321,0,0,17,181,4,39,0
19-08 03:35:34,37.751,21.001,40.001,0,0,3598616,210520,174012,3963344,5773.156,1566.042,20.001,436.012,2.000,39.001,5514,12602,1.860,1.580,0.900,4,0,542.015,0,0,17,191,4,39,0
19-08 03:35:35,61.257,18.502,19.502,0.500,0,3724004,133280,174032,3916356,6749.796,1620.191,1724.203,388.046,38.004,25.003,5498,11603,1.860,1.580,0.900,7,0,247.029,0,0,17,193,4,39,0
19-08 03:35:36,80.914,16.432,2.988,0,0,3812120,133160,174040,3830452,7069.640,1613.300,549.717,792.708,9.959,40.830,2771,5739,1.860,1.580,0.900,5,0,66.723,0,0,17,206,4,39,0
19-08 03:35:37,77.062,16.065,6.275,0.502,0,3853548,165824,174128,3757408,6516.418,1775.197,188.765,19788.221,9.037,702.849,5391,13074,1.860,1.580,0.900,5,0,62.252,0,0,17,212,4,41,0
19-08 03:35:38,50.254,26.002,22.752,0,0,3858568,178712,174144,3739620,5027.382,1620.123,0,872.066,0,55.004,5854,14088,1.860,1.580,0.900,4,0,562.043,0,0,17,217,4,41,0
19-08 03:35:39,50.498,23.499,24.499,0,0.250,3911048,118708,174144,3747120,42211.185,1619.930,4.000,335.986,1.000,17.999,8293,40182,2.270,1.670,0.930,4,0,318.986,0,0,17,217,4,41,0
19-08 03:35:40,54.470,23.987,19.989,0.250,0,3946912,131628,174144,3698980,5738.838,1621.107,83.954,17206.519,1.999,525.710,5259,10058,2.270,1.670,0.930,3,0,507.720,0,0,17,219,4,41,0
19-08 03:35:41,66.017,19.255,13.253,0,0,3997592,140384,174164,3640072,5726.489,1620.421,132.034,2576.670,10.003,347.090,9095,16765,2.270,1.670,0.930,3,0,332.086,0,0,17,223,4,44,0
19-08 03:35:42,58.265,23.006,19.255,0.250,0,4036240,179384,174164,3563924,5302.373,1566.406,0,5517.429,0,434.112,6048,11671,2.270,1.670,0.930,2,0,382.099,0,0,17,225,4,44,0
19-08 03:35:43,64.248,15.250,19.499,0,0,4168472,122552,174176,3489704,5271.858,1619.956,35.999,6343.829,3.000,543.985,5778,12940,2.270,1.670,0.930,3,0,202.995,0,0,17,233,4,46,0
19-08 03:35:44,67.956,8.214,23.399,0,0,4251540,128464,174180,3402488,5447.424,1728.519,0,1286.432,0,184.203,2924,4832,2.490,1.720,0.960,3,0,6.970,0,0,17,238,4,47,0
19-08 03:35:45,61.767,15.567,21.342,0.251,0,4245568,196268,174192,3342012,5004.640,1771.661,638.762,1221.281,26.113,122.530,5914,11801,2.490,1.720,0.960,4,0,250.081,0,0,17,247,4,51,0
19-08 03:35:46,48.204,22.978,27.474,0.500,0,4254856,185732,174200,3343204,5787.525,1618.469,1926.178,2276.846,62.940,187.822,5505,11922,2.490,1.720,0.960,3,0,524.504,0,0,17,248,4,51,0
19-08 03:35:47,54.527,22.011,22.011,0.250,0,4316136,120964,174276,3346872,5362.633,1512.743,3585.761,1036.509,50.025,71.035,5426,12893,2.490,1.720,0.960,5,0,214.105,0,0,18,248,4,49,0
19-08 03:35:48,81.419,14.735,3.247,0,0,4391156,134428,174276,3260280,6164.847,1618.385,771.230,455.545,6.993,24.975,2264,3132,2.490,1.720,0.960,4,0,102.897,0,0,18,251,4,49,0
19-08 03:35:49,71.772,12.004,15.255,0.250,0,4425992,158188,174312,3202196,7161.206,1662.512,860.265,1284.396,17.005,73.022,2817,4712,2.530,1.750,0.970,3,0,56.017,0,0,18,255,4,50,0
19-08 03:35:50,29.664,13.461,55.838,0.249,0,4441432,140728,174324,3204192,6804.207,2649.293,829.587,642.132,10.968,48.858,4115,10376,2.530,1.750,0.970,1,0,217.368,0,0,18,253,4,51,0
19-08 03:35:51,19.720,6.241,73.389,0,0,4463728,118392,174324,3204232,24540.772,5678.386,798.788,523.206,7.988,46.929,2024,3117,2.530,1.750,0.970,1,0,8.986,0,0,18,258,4,40,1
19-08 03:35:52,21.008,6.002,71.528,0.250,0,4455336,130100,174324,3200920,5968.334,1728.676,512.200,800.313,4.002,24.009,1870,3973,2.530,1.750,0.970,1,0,9.004,0,0,18,261,4,40,0
19-08 03:35:53,30.138,16.074,52.741,0.251,0,4483312,128772,174324,3174964,16618018.288,125014.316,3045.944,377.729,35.161,25.115,7668,6188,2.530,1.750,0.970,2,0,269.233,0,0,18,261,4,39,0
19-08 03:35:54,25.689,4.988,67.341,0.249,0,4502616,131844,174324,3152832,4831.602,1582.267,506.804,1596.234,9.976,109.741,2070,3624,2.410,1.730,0.970,1,0,0.998,0,0,18,267,4,40,0
19-08 03:35:55,26.469,5.494,66.173,0.999,0,4516368,131688,174324,3139348,6358.605,1702.021,471.452,10000.370,24.971,942.903,4390,9804,2.410,1.730,0.970,1,0,5.993,0,0,18,279,4,41,0
19-08 03:35:56,19.804,12.534,66.181,0.752,0,4449920,196820,174328,3140716,6166.891,1698.653,172.472,3276.976,6.016,212.582,3610,6385,2.410,1.730,0.970,3,0,189.519,0,0,18,275,4,42,0
19-08 03:35:57,17.704,10.722,70.568,0,0,4487012,158800,174332,3141640,8276.679,1615.838,877.739,211.455,13.964,11.969,2479,4423,2.410,1.730,0.970,1,0,275.291,0,0,18,275,4,42,0
19-08 03:35:58,16.555,11.538,70.234,0.251,0,4453760,192036,174332,3141656,6673.208,1625.409,4.013,710.364,1.003,37.124,2377,3587,2.410,1.730,0.970,1,0,160.534,0,0,18,275,4,42,0
19-08 03:35:59,8.470,18.186,72.244,0,0,4456612,189100,174332,3141740,5088.004,1560.481,19.930,235.168,2.989,23.915,3730,6589,2.290,1.720,0.970,0,0,502.224,0,0,18,277,4,41,0
19-08 03:36:00,3.753,1.501,92.562,0,0,4463384,182324,174332,3141744,6635.432,1695.132,0,16242.850,0,30.020,1323,2086,2.290,1.720,0.970,1,0,9.006,0,0,18,277,4,41,0
19-08 03:36:01,29.593,5.016,65.204,0,0,4510956,148776,174332,3127772,9341.219,1516.744,248.778,17217.857,27.085,219.687,2309,4683,2.290,1.720,0.970,1,0,35.110,0,0,18,280,4,39,0
19-08 03:36:02,12.752,15.752,70.510,0.250,0,4466812,192708,174336,3127980,6769.921,1694.230,8.001,56.008,2.000,3.000,3082,5058,2.290,1.720,0.970,1,0,278.038,0,0,18,283,4,39,0
19-08 03:36:03,14.445,14.694,69.985,0,0,4482688,176704,174336,3128108,5672.484,1839.025,3.985,310.821,0.996,13.947,3210,5152,2.290,1.720,0.970,1,0,262.006,0,0,18,283,5,38,0
19-08 03:36:04,23.969,2.996,70.908,0.250,0,4536624,132128,174336,3118748,10966.820,1691.812,631.184,79.897,39.948,11.985,1517,2186,2.190,1.710,0.970,1,0,2.996,0,0,18,287,5,38,0
19-08 03:36:05,25.984,2.998,68.458,0.500,0,4586336,134720,174336,3066752,10005.886,1619.011,327.800,1155.294,18.988,104.936,2165,3606,2.190,1.710,0.970,2,0,2.998,0,0,18,293,5,36,0
19-08 03:36:06,24.283,4.256,70.847,0.250,0,4512500,208520,174336,3066788,6404.736,1696.314,20.027,124.169,4.005,12.016,1402,2062,2.190,1.710,0.970,1,0,5.007,0,0,18,291,5,36,0
19-08 03:36:07,24.055,4.260,71.414,0,0,4566884,154088,174336,3066836,9704.281,1569.604,44.101,160.368,11.025,13.030,1666,2518,2.190,1.710,0.970,1,0,1.002,0,0,18,294,5,35,0
19-08 03:36:08,25.296,3.506,71.630,0,0,4499292,221664,174336,3066852,6992.720,1588.890,4.007,0,1.002,0,1667,2485,2.190,1.710,0.970,1,0,17.031,0,0,18,291,5,35,0
19-08 03:36:09,22.501,4.750,71.502,0,0.250,4474928,245900,174336,3066980,41561.205,1620.047,0,68.002,0,4.000,1684,2458,2.090,1.700,0.970,1,0,66.002,0,0,18,291,5,35,0
19-08 03:36:10,10.745,16.492,70.715,0.250,0,4492492,227104,174344,3068204,6593.776,1693.172,1503.265,323.842,21.989,5.997,3249,5530,2.090,1.700,0.970,1,0,429.790,0,0,18,291,5,34,0
19-08 03:36:11,20.231,6.244,72.932,0,0,4507796,211232,174356,3068760,8605.936,1618.483,535.498,0,33.968,0,1715,2729,2.090,1.700,0.970,1,0,91.914,0,0,18,291,5,34,0
19-08 03:36:12,23.441,5.237,68.576,0.249,0,4522128,196692,174372,3068952,7001.273,1709.671,159.596,23.939,7.980,1.995,9952,20184,2.090,1.700,0.970,2,0,12.967,0,0,18,291,5,32,0
19-08 03:36:13,19.826,2.510,76.293,0.251,0.251,4507220,209924,174508,3070316,13660.456,5389.696,0,674.590,0,25.096,1517,2295,2.090,1.700,0.970,3,0,0,0,0,18,292,5,32,0
19-08 03:36:14,25.948,4.491,68.114,0,0,4532184,184500,174536,3070636,5259.513,1616.776,0,247.506,0,11.976,7982,17222,2.010,1.680,0.970,1,0,9.980,0,0,18,292,5,30,0
19-08 03:36:15,16.502,12.502,70.010,0.250,0,4481776,235040,174536,3070504,5268.780,1632.242,0,932.138,0,58.009,2835,4576,2.010,1.680,0.970,2,0,187.028,0,0,18,291,5,30,0
19-08 03:36:16,22.470,4.494,71.655,0,0,4531496,184928,174536,3070880,4887.534,1617.860,0,67.910,0,3.995,1783,2804,2.010,1.680,0.970,1,0,79.894,0,0,18,291,5,30,0
19-08 03:36:17,22.085,6.023,71.776,0,0,4500720,215644,174536,3070940,5933.821,1626.255,24.093,0,2.008,0,2097,3504,2.010,1.680,0.970,1,0,112.432,0,0,18,291,5,32,0
19-08 03:36:18,23.728,4.496,71.183,0,0,4482128,234224,174536,3070952,4810.459,1766.333,0,23.977,0,1.998,1887,2906,2.010,1.680,0.970,3,0,59.943,0,0,18,291,5,30,0
19-08 03:36:19,24.153,3.237,71.214,0.249,0,4536920,179428,174536,3070956,4977.993,1613.515,0,302.783,0,23.904,1613,2727,1.930,1.670,0.970,1,0,11.952,0,0,18,292,5,30,0
19-08 03:36:20,23.100,5.775,70.808,0,0,4527456,188800,174536,3071048,5041.902,1697.373,72.314,180.785,6.026,15.065,1779,2750,1.930,1.670,0.970,1,0,56.244,0,0,18,291,5,31,0
19-08 03:36:21,24.662,2.989,71.245,0,0,4506732,209504,174536,3071068,6927.180,1614.216,0,0,0,0,1759,2622,1.930,1.670,0.970,1,0,31.886,0,0,18,291,5,34,0
19-08 03:36:22,23.996,4.749,70.488,0.250,0,4497992,218140,174540,3071168,6577.836,1511.732,79.986,3131.446,4.999,391.931,2306,3597,1.930,1.670,0.970,1,0,46.992,0,0,18,291,5,34,0
19-08 03:36:23,25.488,2.499,70.967,0,0,4543976,172024,174540,3071300,7358.600,1565.277,0,247.885,0,16.992,1628,2582,1.930,1.670,0.970,1,0,0,0,0,18,291,5,37,0
19-08 03:36:24,22.266,5.004,72.301,0,0,4530352,185628,174540,3071320,5558.952,1621.153,0,148.105,0,6.004,1495,2430,1.850,1.660,0.970,1,0,32.023,0,0,18,291,5,37,0
19-08 03:36:25,14.245,8.497,75.722,0.250,0,4484020,231636,174560,3071592,9946.350,4268.433,187.931,1167.572,4.998,98.964,2798,4942,1.850,1.660,0.970,0,0,179.934,0,0,18,293,5,37,0
19-08 03:36:26,6.250,6.250,85.501,0,0,4483636,231984,174560,3071628,13409.188,5140.072,0,20.000,0,5.000,1942,3012,1.850,1.660,0.970,0,0,119.002,0,0,18,293,5,38,0
19-08 03:36:27,2.000,2.000,94.255,0.250,0,4482368,233244,174560,3071636,7414.408,2706.149,0,148.008,0,13.001,1357,2201,1.850,1.660,0.970,1,0,20.001,0,0,18,291,5,39,0
19-08 03:36:28,9.788,7.278,81.815,0.753,0,4490220,223712,174696,3073132,6515.070,1517.841,1513.825,196.757,85.328,6.023,1966,2958,1.850,1.660,0.970,1,0,68.263,0,0,18,291,5,39,0
19-08 03:36:29,15.207,7.978,75.289,0,0,4444572,264580,174708,3077764,7133.968,126750.086,817.704,7383.268,63.821,12.964,4145,18763,1.700,1.630,0.970,0,0,12.964,0,0,18,291,5,39,0
19-08 03:36:30,0.999,0.749,96.424,0,0,4444568,264580,174708,3077768,7811.813,1796.577,0,0,0,0,1123,1833,1.700,1.630,0.970,2,0,0,0,0,18,291,4,39,0
19-08 03:36:31,1.749,0.500,96.471,0,0,4444568,264580,174708,3077768,7080.876,1659.502,0,3.999,0,1.000,1034,1796,1.700,1.630,0.970,0,0,0,0,0,18,291,4,39,0
19-08 03:36:32,1.999,0.749,95.182,0,0,4444568,264580,174708,3077768,6286.499,1618.841,0,8186.139,0,541.612,1135,1824,1.700,1.630,0.970,0,0,0,0,0,18,291,4,39,0
19-08 03:36:33,4.503,1.751,93.559,0.250,0,4444644,264580,174708,3077904,7588.804,1715.086,0,456.289,0,19.012,1373,2242,1.700,1.630,0.970,0,0,0,0,0,18,291,4,39,0
19-08 03:36:34,4.247,1.499,91.434,0,0,4444756,264340,174708,3078016,7670.431,1692.771,0,319.768,0,3.997,1908,3682,1.570,1.610,0.960,0,0,0,0,0,18,291,4,39,0
19-08 03:36:35,4.478,0.995,91.803,0.249,0,4444748,264340,174708,3078024,5478.342,1697.739,15.923,346.315,0.995,39.806,1740,2946,1.570,1.610,0.960,2,0,0,0,0,18,291,4,39,0
19-08 03:36:36,0.503,1.760,95.532,0,0,4444636,264340,174708,3078136,7893.946,1520.464,0,164.918,0,14.078,1155,1959,1.570,1.610,0.960,0,0,0,0,0,18,291,4,39,0
19-08 03:36:37,3.010,0.753,95.317,0.251,0,4444860,264116,174708,3078136,6516.655,1719.715,0,6144.418,0,498.657,1418,2114,1.570,1.610,0.960,0,0,0,0,0,18,291,4,39,0
19-08 03:36:38,1.495,0.249,95.705,0,0,4444860,264116,174708,3078136,6518.876,1561.181,0,143.557,0,4.985,1091,1861,1.570,1.610,0.960,0,0,0,0,0,18,291,4,33,0
19-08 03:36:39,2.749,1.500,95.976,0,0,4444856,264116,174708,3078140,42310.295,1619.590,0,0,0,0,1111,1847,1.440,1.580,0.960,0,0,1.999,0,0,18,291,4,33,0
19-08 03:36:40,2.250,0.250,96.268,0,0,4444856,264116,174708,3078140,4669.883,1620.306,0,8.002,0,1.000,1020,1785,1.440,1.580,0.960,0,0,0,0,0,18,291,4,33,0
19-08 03:36:41,2.001,0.500,96.563,0,0,4444856,264116,174708,3078140,5626.652,1621.052,0,0,0,0,975,1735,1.440,1.580,0.960,0,0,0,0,0,18,291,4,33,0
19-08 03:36:42,2.749,1.000,95.208,0,0,4444816,264116,174708,3078184,5408.615,1585.301,0,143.937,0,2.999,1095,1800,1.440,1.580,0.960,0,0,0,0,0,18,291,4,30,0
19-08 03:36:43,3.749,0.750,95.222,0,0,4444716,264116,174708,3078284,6667.013,1693.495,95.971,79.976,5.998,3.999,1175,1930,1.440,1.580,0.960,1,0,0,0,0,18,291,4,30,0
19-08 03:36:44,2.500,0.750,95.764,0.250,0,4444716,264116,174708,3078284,7010.059,1620.245,0,136.021,0,15.002,1145,2016,1.330,1.550,0.950,1,0,0,0,0,18,291,4,27,0
19-08 03:36:45,3.251,0.500,93.523,0.500,0,4444716,264116,174708,3078284,6213.522,1734.425,0,656.161,0,65.016,1514,2758,1.330,1.550,0.950,0,0,0,0,0,18,291,4,27,0
19-08 03:36:46,1.750,0.500,96.244,0.250,0,4444708,264116,174708,3078292,5847.637,1619.900,0,71.996,0,6.000,1105,1904,1.330,1.550,0.950,1,0,0,0,0,18,291,4,18,0
19-08 03:36:47,1.749,1.000,95.722,0.250,0,4444924,263892,174708,3078300,6302.128,1619.519,0,1771.474,0,9.997,1114,1861,1.330,1.550,0.950,0,0,0,0,0,18,291,4,18,0
19-08 03:36:48,1.500,0.250,95.773,0,0,4445148,263668,174708,3078300,8355.972,1512.357,0,0,0,0,1104,1821,1.330,1.550,0.950,0,0,0,0,0,18,291,4,17,0
19-08 03:36:49,2.750,0.750,94.742,0,0,4445148,263668,174708,3078300,7292.380,1693.856,0,327.972,0,23.998,1466,2529,1.220,1.530,0.940,0,0,2.000,0,0,18,291,4,17,0
19-08 03:36:50,1.500,0.250,96.226,0,0,4445148,263668,174708,3078300,9026.716,1619.590,0,31.992,0,3.999,1094,1802,1.220,1.530,0.940,0,0,0,0,0,18,291,4,15,0
19-08 03:36:51,1.750,1.000,96.524,0,0,4445148,263668,174708,3078300,8312.045,1620.399,0,0,0,0,1072,1779,1.220,1.530,0.940,0,0,0,0,0,18,291,4,15,0
19-08 03:36:52,1.750,0.500,96.001,0,0,4445148,263668,174708,3078300,9165.101,1566.017,0,0,0,0,1144,1915,1.220,1.530,0.940,0,0,0,0,0,18,291,4,15,0
19-08 03:36:53,3.001,0.500,95.279,0,0,4445148,263668,174708,3078300,7449.265,1620.493,0,48.015,0,6.002,1081,1821,1.220,1.530,0.940,0,0,0,0,0,18,291,4,15,0
19-08 03:36:54,1.250,0.500,96.467,0,0,4445148,263668,174708,3078300,5112.277,1619.454,0,0,0,0,1009,1725,1.120,1.500,0.940,1,0,0,0,0,18,291,4,15,0
19-08 03:36:55,4.000,1.000,94.257,0.250,0,4445148,263668,174708,3078300,5493.417,1512.115,48.004,648.049,2.000,67.005,1542,2710,1.120,1.500,0.940,1,0,0,0,0,18,291,4,14,0
19-08 03:36:56,2.493,0.499,95.471,0,0,4445100,263668,174708,3078348,5571.725,1615.282,0,71.790,0,5.983,1162,1951,1.120,1.500,0.940,0,0,0,0,0,18,291,4,14,0
19-08 03:36:57,2.006,0.752,96.527,0,0,4445100,263668,174708,3078348,6556.831,1624.666,0,32.092,0,4.012,1073,1767,1.120,1.500,0.940,0,0,0,0,0,18,291,4,12,0
19-08 03:36:58,2.500,1.250,95.743,0,0,4445100,263668,174708,3078348,5887.541,1693.868,0,571.955,0,103.992,1161,1908,1.120,1.500,0.940,0,0,0,0,0,18,291,4,12,0
19-08 03:36:59,2.503,0.751,94.603,0.501,0,4445092,263668,174708,3078356,4883.313,722.786,0,1697.847,0,91.099,1313,2387,1.030,1.480,0.930,0,0,2.002,0,0,18,291,4,12,0
19-08 03:37:00,7.739,2.247,88.128,0,0,4458120,250596,174720,3078388,221849.183,3860.661,31.956,83.884,3.994,3.994,1440,2152,1.030,1.480,0.930,1,0,7.989,0,0,18,291,4,12,0
19-08 03:37:01,15.063,7.281,77.576,0,0,4473280,235072,174748,3081820,348319.594,10771.228,208.877,8.034,8.034,2.008,2314,4107,1.030,1.480,0.930,2,0,72.304,0,0,19,292,4,12,0
