"pcp-dstat 5.3.6 CSV Output"
"Author:","PCP team <pcp@groups.io> and Dag Wieers <dag@wieers.com>",,,,"URL:","https://pcp.io/ and http://dag.wieers.com/home-made/dstat/"
"Host:","jammy-provider-cloud-0000008124",,,,"User:","ubuntu"
"Cmdline:","dstat -tcmndrylpg --tcp --output /tmp/devstack_logs/dstat-csv.log",,,,"Date:","17 Mar 2025 19:01:26 UTC"
"system","total usage",,,,,"memory usage",,,,"net/total",,"dsk/total",,"io/total",,"system",,"load avg",,,"procs",,,"paging",,"tcp sockets",,,,
"time","total usage:usr","total usage:sys","total usage:idl","total usage:wai","total usage:stl","used","free","buf","cach","net/total:recv","net/total:send","dsk/total:read","dsk/total:writ","read","writ","int","csw","1m","5m","15m","run","blk","new","in","out","lis","act","syn","tim","clo"
17-03 19:01:26,,1026600,1386360,170012,5215564,,,,,,,1.460,0.880,0.470,5,0,,,,9,4,1,16,2
17-03 19:01:27,42.677,22.462,34.441,1.248,0,989944,1392728,171100,5241364,17827.515,3879.366,0,5350.850,0,214.633,4237,8183,1.460,0.880,0.470,4,0,630.921,0,0,9,4,1,16,2
17-03 19:01:28,31.716,18.480,47.948,0.749,0,1001980,1352964,172144,5265356,15961.666,2910.839,0,3008.733,0,102.888,5363,10878,1.660,0.930,0.490,0,0,378.589,0,0,9,5,1,16,2
17-03 19:01:29,32.517,11.006,56.279,0,0,1113172,1254592,172224,5377172,13750.013,3234.650,0,396.202,0,8.004,4391,8115,1.660,0.930,0.490,1,0,84.043,0,0,10,2,1,16,0
17-03 19:01:30,34.048,10.265,54.827,0,0,1106028,1260884,172240,5377892,6160.705,1568.216,0,761.075,0,9.013,9932,19388,1.660,0.930,0.490,2,0,118.167,0,0,10,4,1,16,0
17-03 19:01:31,39.245,12.748,45.994,0.250,0,1119100,1247628,172248,5378068,5839.253,1703.782,79.990,2555.673,1.000,33.996,10682,20611,1.660,0.930,0.490,2,0,194.975,0,0,10,4,1,18,0
17-03 19:01:32,46.754,3.750,49.255,0,0,1168140,1197284,172308,5379000,5611.516,1554.143,0,1752.161,0,12.001,1354,1463,1.660,0.930,0.490,2,0,12.001,0,0,10,4,1,18,0
17-03 19:01:33,14.762,6.255,65.304,10.509,0,1157756,1200332,173004,5385576,13783.413,1705.412,0,28259.399,0,2595.149,10578,22661,1.690,0.950,0.500,1,0,96.080,0,0,10,6,1,18,0
17-03 19:01:34,17.734,6.244,67.940,7.493,0,1073656,1280784,173560,5388576,10639.531,1618.559,0,33558.133,0,2512.764,8518,19241,1.690,0.950,0.500,1,0,101.909,0,0,10,4,1,18,0
17-03 19:01:35,22.986,2.498,73.456,0.250,0,1146160,1208268,173560,5388580,12561.425,1619.024,0,4133.507,0,41.975,1196,1453,1.690,0.950,0.500,1,0,1.999,0,0,10,4,1,18,0
17-03 19:01:36,23.516,2.752,72.798,0.750,0,1101856,1252500,173604,5388604,12592.387,1621.080,0,7024.678,0,347.231,1617,2803,1.690,0.950,0.500,1,0,10.007,0,0,10,4,1,18,0
17-03 19:01:37,22.710,2.246,73.372,0,0,1150996,1203360,173620,5388588,14160.333,1617.183,0,5829.844,0,276.518,1422,2330,1.690,0.950,0.500,1,0,1.997,0,0,10,4,1,18,0
17-03 19:01:38,14.513,13.762,71.814,0.250,0,1071552,1282776,173620,5388616,11564.362,1459.308,0,152.136,0,12.011,2406,3406,1.560,0.940,0.490,1,0,268.240,0,0,10,4,1,18,0
17-03 19:01:39,11.012,18.020,69.579,0,0,1081408,1272700,173620,5388784,6175.985,1663.882,0,1954.210,0,101.114,3014,4853,1.560,0.940,0.490,1,0,414.469,0,0,10,4,1,18,0
17-03 19:01:40,29.683,17.960,51.634,0,0,1125688,1227944,173620,5389468,14078.296,1616.360,0,119.730,0,2.993,5619,12782,1.560,0.940,0.490,3,0,266.400,0,0,10,5,1,19,0
17-03 19:01:41,46.764,4.501,49.264,0,0,1243172,1110288,173636,5389704,9146.643,1662.480,0,400.116,0,41.012,1297,1364,1.560,0.940,0.490,3,0,4.001,0,0,10,5,1,18,0
17-03 19:01:42,46.073,4.257,48.327,0,0,1274688,1075712,173732,5392260,6306.046,1696.703,0,837.334,0,102.163,1537,4689,1.560,0.940,0.490,2,0,31.049,0,0,10,4,1,19,0
17-03 19:01:43,2.495,4.491,92.075,0,0,1277340,1073020,173732,5392292,12409.410,1690.786,0,0,0,0,1157,1624,1.430,0.920,0.490,0,0,86.835,0,0,10,4,1,19,0
17-03 19:01:44,0.750,0.500,98.017,0.250,0,1277308,1073020,173732,5392300,8722.483,1620.275,0,1728.294,0,42.007,782,1444,1.430,0.920,0.490,0,0,0,0,0,10,4,1,19,0
17-03 19:01:45,21.999,5.250,72.745,0.250,0,1349824,1000340,173764,5392296,13038.166,1531.902,0,21642.615,0,50.997,1535,1698,1.430,0.920,0.490,1,0,22.999,0,0,10,4,1,19,0
17-03 19:01:46,24.547,1.753,73.640,0.250,0,1384728,965312,173796,5392484,10987.888,1623.085,0,569.082,0,63.120,1425,2320,1.430,0.920,0.490,1,0,1.002,0,0,10,10,1,19,0
17-03 19:01:47,21.210,4.741,72.364,0.499,0,1316528,1033388,173856,5392544,6480.784,1616.952,0,3066.220,0,261.507,2409,4280,1.430,0.920,0.490,1,0,43.917,0,0,10,4,1,21,0
17-03 19:01:48,23.496,3.249,72.488,0.750,0,1349720,999424,173856,5393112,13427.852,1661.734,231.963,1647.736,57.991,16.997,1735,2689,1.480,0.940,0.500,1,0,3.000,0,0,10,28,1,22,0
17-03 19:01:49,21.753,5.251,73.512,0,0,1360828,988304,173856,5393124,12403.972,1620.258,0,0,0,0,1439,1845,1.480,0.940,0.500,1,0,46.007,0,0,10,28,1,20,0
17-03 19:01:50,32.823,9.521,57.628,0,0,1380696,968272,173860,5393268,6621.720,1697.774,0,34107.822,0,82.183,2207,3036,1.480,0.940,0.500,2,0,160.356,0,0,10,28,1,20,0
17-03 19:01:51,42.771,9.254,48.273,0,0,1371192,977556,173864,5393480,11950.748,1620.780,0,1148.552,0,21.010,3780,7632,1.480,0.940,0.500,2,0,56.027,0,0,10,28,1,16,0
17-03 19:01:52,75.479,18.995,4.749,0,0,1536472,812240,173864,5393512,9626.372,1499.591,0,43.988,0,10.997,2570,4534,1.480,0.940,0.500,7,0,467.872,0,0,10,28,1,16,0
17-03 19:01:53,85.982,11.248,2.749,0,0,1467936,880528,173864,5393760,12593.330,1619.657,0,243.948,0,25.994,4961,11274,1.760,1.010,0.520,6,0,92.980,0,0,10,29,1,16,0
17-03 19:01:54,30.703,9.735,58.161,0.250,0,1322140,1026168,173864,5393908,9023.195,1617.525,0,1134.265,0,157.759,3107,5931,1.760,1.010,0.520,1,0,232.644,0,0,10,28,1,16,0
17-03 19:01:55,20.524,5.757,72.836,0,0,1379208,969092,173864,5393916,7784.146,1663.955,0,12146.272,0,466.548,1606,2146,1.760,1.010,0.520,1,0,52.061,0,0,10,29,1,16,0
17-03 19:01:56,21.215,5.741,72.631,0,0,1349772,998700,173864,5393936,12867.987,1617.359,0,315.485,0,23.961,2430,3695,1.760,1.010,0.520,1,0,69.886,0,0,10,28,1,16,0
17-03 19:01:57,21.778,5.257,71.844,0,0,1316168,1032304,173868,5393932,14796.309,1622.117,0,276.361,0,31.041,2564,4058,1.760,1.010,0.520,3,0,72.094,0,0,10,28,1,16,0
17-03 19:01:58,13.760,24.267,60.293,0,0,1339344,1009092,173868,5393968,12595.918,1695.200,0,252.179,0,19.013,3720,5716,1.700,1.010,0.530,5,0,757.536,0,0,10,28,1,16,0
17-03 19:01:59,83.246,13.749,2.750,0,0,1573352,775028,173872,5394016,9045.566,1511.927,0,2491.880,0,26.999,2553,4097,1.700,1.010,0.530,5,0,219.989,0,0,10,28,1,15,0
17-03 19:02:00,78.751,11.000,8.250,0.500,0,1545816,802260,173888,5394372,12470.100,1650.013,0,67316.539,0,275.002,8337,17763,1.700,1.010,0.530,5,0,62.000,0,0,10,29,1,16,0
17-03 19:02:01,85.753,12.750,1.750,0,0,1544728,802980,173900,5394604,12100.399,1662.055,0,280.009,0,26.001,3914,6880,1.700,1.010,0.530,7,0,232.008,0,0,10,30,1,15,0
17-03 19:02:02,84.996,10.999,4.000,0,0,1537828,809548,173900,5394928,8378.573,1619.917,0,163.992,0,9.999,5220,13444,1.700,1.010,0.530,5,0,103.995,0,0,10,28,1,15,0
17-03 19:02:03,44.500,11.250,43.750,0,0,1353888,993272,173900,5395140,5566.028,1662.008,0,420.002,0,37.000,4417,9197,1.640,1.010,0.530,2,0,224.001,0,0,10,28,1,16,0
17-03 19:02:04,44.699,5.494,48.695,0,0,1376944,970176,173904,5395176,11682.763,1712.060,0,4574.817,0,78.911,2683,4682,1.640,1.010,0.530,4,0,10.988,0,0,10,29,1,18,0
17-03 19:02:05,62.666,15.729,22.220,0,0,1476384,870664,173904,5395228,12015.935,1617.837,0,1981.351,0,16.977,3428,6454,1.640,1.010,0.530,4,0,374.499,0,0,10,28,1,18,0
17-03 19:02:06,65.162,11.278,23.057,0.251,0,1388048,958752,173908,5395480,13170.742,1515.768,0,749.864,0,47.117,4872,12090,1.640,1.010,0.530,4,0,258.643,0,0,10,28,1,20,0
17-03 19:02:07,81.190,8.244,10.242,0,0,1560932,785684,173908,5395660,9629.874,1618.802,0,155.885,0,7.994,2986,5808,1.640,1.010,0.530,2,0,7.994,0,0,10,32,1,20,0
17-03 19:02:08,64.901,12.231,22.216,0,0,1426516,920008,173908,5395752,11869.898,1563.615,0,483.263,0,40.938,5173,12315,1.830,1.060,0.550,3,0,329.498,0,0,10,28,1,24,0
17-03 19:02:09,62.641,9.020,28.063,0,0,1449920,896244,173908,5396108,9386.091,1623.648,0,408.919,0,31.070,4732,11013,1.830,1.060,0.550,5,0,90.203,0,0,10,29,1,29,0
17-03 19:02:10,66.243,12.999,20.998,0,0,1498392,847700,173920,5396164,6221.347,1619.830,0,347.963,0,24.997,2333,3866,1.830,1.060,0.550,4,0,215.977,0,0,10,30,1,29,0
17-03 19:02:11,61.123,12.723,25.946,0,0.249,1413880,932132,173920,5396228,12099.772,1616.629,0,343.284,0,23.950,4387,10304,1.830,1.060,0.550,4,0,292.390,0,0,10,28,1,32,0
17-03 19:02:12,63.137,7.015,28.812,0,0,1508056,837408,173920,5396776,12500.113,1623.521,0,304.661,0,22.048,3612,8348,1.830,1.060,0.550,5,0,0,0,0,10,30,1,34,0
17-03 19:02:13,64.744,10.249,25.498,0.250,0,1494876,850388,173920,5396976,6078.416,1511.855,0,327.969,0,26.997,2311,3369,1.920,1.090,0.560,4,0,117.989,0,0,10,29,1,34,0
17-03 19:02:14,68.008,15.252,15.252,0,0,1433532,911552,173920,5397152,13533.556,1694.195,0,632.073,0,56.006,4641,10576,1.920,1.090,0.560,5,0,394.045,0,0,10,28,1,35,0
17-03 19:02:15,84.997,12.500,2.000,0,0,1542928,802104,173928,5397204,12790.488,1565.937,0,559.978,0,43.998,4663,8371,1.920,1.090,0.560,8,0,240.990,0,0,10,29,1,35,0
17-03 19:02:16,85.741,12.999,1.750,0,0,1544368,800264,173928,5397600,12891.672,1619.833,0,395.959,0,25.997,3645,6414,1.920,1.090,0.560,6,0,262.973,0,0,10,29,1,32,0
17-03 19:02:17,80.260,14.002,5.501,0,0,1559696,784872,173936,5397652,8959.102,1620.199,0,452.056,0,32.004,6317,11859,1.920,1.090,0.560,7,0,223.027,0,0,10,31,1,32,0
17-03 19:02:18,64.487,18.996,15.247,0,0,1444284,900028,173936,5397904,6724.628,1661.661,0,243.950,0,12.997,5302,11984,2.090,1.140,0.580,3,0,632.871,0,0,10,30,1,32,0
17-03 19:02:19,27.971,22.227,47.700,0,0,1323652,1020456,173936,5398108,11752.742,1618.312,0,203.787,0,10.989,5368,10684,2.090,1.140,0.580,1,0,815.150,0,0,10,28,1,32,0
17-03 19:02:20,52.309,28.532,18.271,0,0,1478576,865480,173940,5398148,10048.324,1513.706,0,244.275,0,21.024,3360,6724,2.090,1.140,0.580,5,0,910.026,0,0,10,28,1,32,0
17-03 19:02:21,78.066,12.010,10.259,0.250,0,1472116,871712,173948,5398332,6738.728,1621.378,0,1761.497,0,99.084,5287,11989,2.090,1.140,0.580,4,0,139.118,0,0,10,29,1,32,0
17-03 19:02:22,83.681,10.741,4.246,0,0,1536352,807376,173952,5398412,13299.015,1618.663,0,267.779,0,21.982,4116,7933,2.090,1.140,0.580,4,0,148.877,0,0,10,29,1,32,0
17-03 19:02:23,61.483,6.748,30.742,0.250,0,1508308,835028,173952,5398800,9913.274,1565.569,0,259.929,0,23.993,7660,19144,2.160,1.170,0.590,3,0,29.992,0,0,10,31,1,40,0
17-03 19:02:24,76.525,10.003,13.004,0.250,0,1457284,885812,173972,5399012,12257.935,1620.520,0,2148.690,0,149.048,6135,13155,2.160,1.170,0.590,4,0,96.031,0,0,10,29,1,41,0
17-03 19:02:25,80.002,9.250,11.250,0,0.250,1502524,840344,173976,5399228,12660.291,1620.037,0,144.003,0,8.000,5263,13798,2.160,1.170,0.590,3,0,57.001,0,0,10,31,1,42,0
17-03 19:02:26,70.241,9.249,19.998,0,0,1450912,891732,173976,5399444,5732.295,1511.814,0,1339.835,0,33.996,6950,18320,2.160,1.170,0.590,5,0,114.986,0,0,10,28,1,45,0
17-03 19:02:27,83.509,10.501,5.001,0,0,1503128,839076,173980,5399868,12308.292,1620.170,0,128.013,0,13.001,4706,9903,2.160,1.170,0.590,4,0,143.015,0,0,10,30,1,45,0
17-03 19:02:28,78.746,10.499,10.249,0,0,1474032,868152,173980,5399908,10050.497,1619.919,0,147.993,0,7.000,3838,8806,2.310,1.220,0.610,4,0,109.995,0,0,10,29,1,47,0
17-03 19:02:29,78.960,9.995,9.995,0,0,1459508,882464,173984,5400112,7652.136,1619.182,0,443.776,0,45.977,5111,12655,2.310,1.220,0.610,7,0,107.945,0,0,10,29,1,48,0
17-03 19:02:30,83.190,12.741,3.747,0,0,1557528,784284,173984,5400272,13523.182,1618.825,0,151.890,0,8.993,2208,3547,2.310,1.220,0.610,5,0,139.898,0,0,10,30,1,48,0
17-03 19:02:31,67.081,10.262,22.527,0,0,1397548,944040,173984,5400488,10454.608,1567.891,0,536.647,0,12.014,6334,14228,2.310,1.220,0.610,5,0,165.199,0,0,10,28,1,54,0
17-03 19:02:32,84.754,6.500,8.250,0,0,1564732,776796,173988,5400540,12459.598,1662.080,0,244.012,0,21.001,3631,6564,2.310,1.220,0.610,4,0,6.000,0,0,10,31,1,53,0
17-03 19:02:33,69.496,12.249,18.249,0.250,0,1465036,876296,174000,5400720,9364.476,1511.915,0,547.969,0,50.997,3755,7773,2.450,1.260,0.630,4,0,271.985,0,0,10,28,1,53,0
17-03 19:02:34,60.005,11.001,28.002,0,0,1360768,980016,174004,5401232,6246.537,1620.139,0,308.026,0,24.002,4924,11459,2.450,1.260,0.630,5,0,189.016,0,0,10,28,1,55,0
17-03 19:02:35,62.987,11.498,25.495,0.250,0,1506772,833968,174004,5401276,13857.090,1619.660,0,6526.629,0,158.967,3763,6071,2.450,1.260,0.630,3,0,59.987,0,0,10,31,1,56,0
17-03 19:02:36,50.867,8.478,39.895,0,0,1413452,927052,174012,5401476,12368.570,1615.763,0,2262.069,0,43.885,4165,8146,2.450,1.260,0.630,3,0,161.576,0,0,10,28,1,57,0
17-03 19:02:37,45.127,6.769,48.386,0,0,1355504,984944,174024,5401520,14366.297,1624.557,0,288.810,0,28.079,2829,5818,2.450,1.260,0.630,4,0,41.115,0,0,10,28,1,57,0
17-03 19:02:38,43.750,6.000,49.000,0,0,1385672,954616,174028,5401672,13145.974,1619.997,0,327.999,0,29.000,2400,3577,2.410,1.270,0.640,3,0,47.000,0,0,10,28,1,57,0
17-03 19:02:39,45.132,5.984,48.124,0,0,1427068,913180,174040,5401700,12312.741,1561.908,0,275.279,0,21.943,2927,4736,2.410,1.270,0.640,3,0,24.935,0,0,10,28,1,57,0
17-03 19:02:40,47.368,10.276,42.856,0,0,1366700,973500,174044,5401740,12432.871,1515.764,0,300.747,0,23.057,3843,11779,2.410,1.270,0.640,3,0,187.465,0,0,10,28,1,57,0
17-03 19:02:41,41.653,9.977,47.888,0.249,0,1441960,898212,174052,5401756,5996.035,1616.236,0,387.098,0,30.928,2435,4724,2.410,1.270,0.640,4,0,177.586,0,0,10,28,1,57,0
17-03 19:02:42,26.252,11.501,61.754,0,0,1344988,994748,174056,5402180,7636.489,1694.108,0,224.014,0,10.001,3155,5696,2.410,1.270,0.640,2,0,325.021,0,0,10,28,1,57,0
17-03 19:02:43,22.007,3.751,73.272,0,0,1378996,960728,174056,5402192,12069.681,1694.517,0,176.054,0,8.002,1975,3498,2.300,1.270,0.640,2,0,0,0,0,10,29,1,57,0
17-03 19:02:44,17.283,12.273,69.631,0,0,1334372,1005248,174056,5402296,9086.146,1623.063,0,300.567,0,27.051,3497,5865,2.300,1.270,0.640,1,0,344.650,0,0,10,28,1,56,0
17-03 19:02:45,31.936,13.224,53.892,0,0,1438404,901100,174108,5402356,13760.548,1690.627,0,463.076,0,25.948,2562,3714,2.300,1.270,0.640,2,0,283.435,0,0,10,28,1,58,0
17-03 19:02:46,38.083,8.017,47.102,6.514,0,1526764,806940,174724,5406988,11005.938,1515.296,0,15517.751,0,1590.459,7233,15130,2.300,1.270,0.640,1,1,73.159,0,0,10,32,1,58,0
17-03 19:02:47,39.000,5.750,43.000,10.250,0,1480276,848692,175348,5410952,14305.029,1566.003,0,49616.099,0,4449.009,14515,32766,2.300,1.270,0.640,3,0,102.000,0,0,10,32,1,58,0
17-03 19:02:48,43.000,6.750,46.750,2.500,0,1407264,922404,175448,5410168,9805.902,1703.983,0,17463.825,0,1253.987,3913,8520,2.350,1.300,0.650,2,0,8.000,0,0,10,28,1,55,0
17-03 19:02:49,40.499,5.500,49.999,2.500,0,1495412,833708,175724,5410432,6322.918,1619.979,0,12795.834,0,2023.974,10905,22660,2.350,1.300,0.650,5,0,8.000,0,0,10,30,1,55,0
17-03 19:02:50,33.976,5.496,59.707,0.999,0,1381820,946920,175820,5410696,6624.270,1692.791,0,8777.733,0,854.390,3887,7991,2.350,1.300,0.650,1,0,98.929,0,0,10,28,1,55,0
17-03 19:02:51,22.959,2.496,73.620,0,0,1454096,874644,175828,5410688,12730.454,1617.136,0,862.473,0,49.912,1226,1609,2.350,1.300,0.650,2,0,3.993,0,0,10,28,1,55,0
17-03 19:02:52,23.503,2.500,73.010,0.500,0,1418480,910220,175836,5410716,12239.677,1620.222,0,6820.934,0,359.049,1451,2585,2.350,1.300,0.650,2,0,3.000,0,0,10,28,1,55,0
17-03 19:02:53,23.497,1.750,73.491,0,0,1363908,964780,175836,5410728,13675.318,1619.801,0,0,0,0,1026,1122,2.330,1.310,0.660,1,0,3.000,0,0,10,28,1,55,0
17-03 19:02:54,24.750,2.250,72.999,0,0,1443500,885180,175844,5410728,12003.760,1457.971,0,151.997,0,18.000,1181,1439,2.330,1.310,0.660,2,0,4.000,0,0,10,32,1,55,0
17-03 19:02:55,23.251,2.500,74.003,0,0,1385720,942880,175852,5410796,12559.528,1620.068,0,0,0,0,975,1012,2.330,1.310,0.660,2,0,1.000,0,0,10,32,1,55,0
17-03 19:02:56,23.000,2.750,73.249,0,0,1451992,876608,175852,5410796,8920.929,1619.987,0,4.000,0,1.000,1045,1212,2.330,1.310,0.660,2,0,4.000,0,0,10,32,1,55,0
17-03 19:02:57,24.003,2.750,73.760,0,0,1353672,974792,175860,5410916,9343.271,1620.220,0,0,0,0,955,1197,2.330,1.310,0.660,2,0,4.001,0,0,10,32,1,55,0
17-03 19:02:58,23.245,2.499,73.733,0,0,1435088,893376,175860,5410916,11833.290,1693.612,0,0,0,0,1062,1213,2.220,1.300,0.660,1,0,3.999,0,0,10,32,1,55,0
17-03 19:02:59,23.000,3.750,73.249,0,0,1384268,944164,175868,5410932,12234.768,1619.969,0,603.989,0,36.999,1188,1675,2.220,1.300,0.660,1,0,2.000,0,0,10,32,1,55,0
17-03 19:03:00,22.766,3.252,73.052,0,0,1378452,949936,175868,5410976,7623.420,1513.076,0,0,0,0,1004,1288,2.220,1.300,0.660,1,0,5.004,0,0,10,32,1,55,0
17-03 19:03:01,23.487,2.748,73.958,0,0,1450096,878248,175868,5411016,12873.765,1565.120,0,39.978,0,0.999,1016,1110,2.220,1.300,0.660,1,0,1.999,0,0,10,32,1,54,0
17-03 19:03:02,14.527,13.775,70.631,0,0,1351788,976412,175880,5411132,13727.368,1665.077,0,2460.547,0,214.396,3100,5067,2.220,1.300,0.660,1,0,502.929,0,0,10,32,1,54,0
17-03 19:03:03,10.756,19.261,70.289,0,0,1352384,975636,175888,5411272,12563.998,1620.903,0,540.301,0,9.005,3243,5171,2.120,1.300,0.660,1,0,492.274,0,0,10,32,1,53,0
17-03 19:03:04,10.723,17.456,70.322,0,0,1365576,962236,175888,5411456,11954.766,1709.676,0,0,0,0,2879,4298,2.120,1.300,0.660,1,0,380.039,0,0,10,32,1,53,0
17-03 19:03:05,23.003,2.250,73.759,0,0,1442412,885408,175888,5411440,8235.013,1620.199,0,172.021,0,2.000,956,1267,2.120,1.300,0.660,1,0,4.000,0,0,10,32,1,51,0
17-03 19:03:06,22.751,3.250,73.503,0,0,1397524,930280,175888,5411456,12037.481,1620.065,0,248.010,0,2.000,1032,1201,2.120,1.300,0.660,1,0,3.000,0,0,10,32,1,51,0
17-03 19:03:07,23.996,2.250,73.738,0,0,1453488,874336,175888,5411436,9671.385,1511.748,0,343.943,0,2.999,951,1082,2.120,1.300,0.660,1,0,2.000,0,0,10,32,1,49,0
17-03 19:03:08,22.514,3.502,74.046,0,0,1432296,895520,175888,5411444,6195.835,1621.003,0,4.002,0,1.001,867,1175,2.030,1.290,0.670,1,0,5.003,0,0,10,32,1,49,0
17-03 19:03:09,24.290,2.254,73.120,0.250,0,1390924,936860,175896,5411464,11565.013,1568.579,0,452.744,0,39.064,1188,1657,2.030,1.290,0.670,1,0,2.003,0,0,10,32,1,45,0
17-03 19:03:10,23.248,2.750,73.995,0,0,1458728,869076,175896,5411444,14550.923,1619.880,0,19.999,0,1.000,1059,1207,2.030,1.290,0.670,1,0,4.000,0,0,10,32,1,45,0
17-03 19:03:11,22.951,2.495,73.592,0,0,1422836,904960,175896,5411452,13433.146,1616.528,0,0,0,0,951,1175,2.030,1.290,0.670,1,0,2.994,0,0,10,32,1,38,0
17-03 19:03:12,24.054,2.756,73.666,0,0,1367392,960392,175896,5411464,8655.475,1623.653,0,12.027,0,1.002,914,1121,2.030,1.290,0.670,1,0,3.007,0,0,10,32,1,38,0
17-03 19:03:13,22.752,3.250,74.006,0,0,1447044,880764,175896,5411440,5818.506,1620.141,0,0,0,0,983,1210,1.950,1.290,0.670,1,0,4.000,0,0,10,32,1,35,0
17-03 19:03:14,23.198,2.494,73.836,0,0,1393320,934464,175896,5411464,11882.585,1582.482,0,27.938,0,1.996,933,1103,1.950,1.290,0.670,1,0,0.998,0,0,10,32,1,35,0
17-03 19:03:15,23.749,2.000,73.748,0,0,1456408,871464,175896,5411376,12940.651,1619.956,0,131.996,0,3.000,975,1185,1.950,1.290,0.670,2,0,4.000,0,0,10,32,1,33,0
17-03 19:03:16,23.498,3.000,73.743,0,0,1355644,972140,175896,5411464,12237.813,1565.848,0,11.999,0,1.000,1066,1174,1.950,1.290,0.670,1,0,4.000,0,0,10,32,1,33,0
17-03 19:03:17,22.254,4.251,73.765,0,0,1438008,889796,175896,5411444,12683.549,1620.326,0,1636.329,0,5.001,964,1188,1.950,1.290,0.670,1,0,4.001,0,0,10,32,1,33,0
17-03 19:03:18,23.050,3.007,73.912,0,0,1400164,927608,175896,5411464,12485.305,1623.551,0,20.044,0,1.002,968,1111,1.870,1.280,0.670,1,0,3.007,0,0,10,32,1,33,0
17-03 19:03:19,22.947,3.242,73.579,0,0,1392204,935568,175916,5411444,9267.435,1658.142,0,542.737,0,34.919,1225,1673,1.870,1.280,0.670,1,0,3.991,0,0,10,32,1,33,0
17-03 19:03:20,23.251,1.750,73.753,0,0,1456704,871056,175916,5411452,7692.338,1620.071,0,16.001,0,2.000,963,1161,1.870,1.280,0.670,1,0,2.000,0,0,10,32,1,33,0
17-03 19:03:21,12.502,16.502,70.009,0,0,1363644,964040,175916,5411496,7089.900,1512.192,0,752.096,0,127.016,2660,4080,1.870,1.280,0.670,1,0,392.050,0,0,10,32,1,33,0
17-03 19:03:22,21.998,3.250,73.744,0,0,1442592,884780,175916,5411808,15482.638,1619.857,0,0,0,0,968,1181,1.870,1.280,0.670,1,0,2.000,0,0,10,32,1,33,0
17-03 19:03:23,23.051,3.007,73.912,0,0,1415084,912192,175916,5411868,7503.470,1623.564,0,0,0,0,1027,1197,1.800,1.280,0.670,1,0,11.024,0,0,10,32,1,27,0
17-03 19:03:24,16.240,12.492,70.458,0,0,1353140,974136,175916,5411868,12649.372,1565.056,0,47.971,0,1.999,2233,3304,1.800,1.280,0.670,1,0,282.829,0,0,10,32,1,27,0
17-03 19:03:25,9.256,21.014,69.796,0,0,1350860,976312,175916,5411972,9919.557,1621.072,0,276.183,0,8.005,3056,4757,1.800,1.280,0.670,1,0,455.301,0,0,10,32,1,21,0
17-03 19:03:26,9.749,20.498,68.995,0,0,1350488,976636,175916,5412004,12883.047,1619.880,0,371.972,0,8.999,3238,4869,1.800,1.280,0.670,2,0,482.964,0,0,10,32,1,21,0
17-03 19:03:27,11.250,18.500,68.998,0,0,1352888,974204,175916,5412036,11028.702,1511.959,0,1279.965,0,15.000,3222,5094,1.800,1.280,0.670,2,0,527.986,0,0,10,32,1,17,0
17-03 19:03:28,8.253,21.758,69.276,0,0,1352352,974712,175916,5412060,7886.942,1620.604,0,1232.460,0,14.005,3262,5340,1.740,1.270,0.670,1,0,537.200,0,0,10,32,1,17,0
17-03 19:03:29,9.999,19.498,69.742,0.500,0,1352936,974100,175928,5412076,6560.206,1619.804,0,1123.864,0,41.995,3186,5144,1.740,1.270,0.670,2,0,440.947,0,0,10,32,1,14,0
17-03 19:03:30,9.994,18.988,70.205,0,0,1351572,975404,175928,5412136,12968.739,1618.969,0,167.893,0,6.996,3006,4537,1.740,1.270,0.670,2,0,431.725,0,0,10,32,1,14,0
17-03 19:03:31,18.765,24.269,55.043,0,0,1389636,937316,175940,5412148,9234.221,1567.226,0,876.686,0,41.032,4115,6880,1.740,1.270,0.670,4,0,741.580,0,0,10,32,1,11,0
17-03 19:03:32,65.360,13.471,21.953,0,0,1582148,743672,176088,5413056,12987.143,1658.443,0,658.587,0,43.906,2502,3780,1.740,1.270,0.670,3,0,232.501,0,0,10,32,1,14,0
17-03 19:03:33,47.839,9.768,34.564,7.764,0,1649328,664124,176788,5423568,9176.977,1623.003,0,55125.983,0,4200.771,15189,32906,2.080,1.350,0.700,5,0,118.219,0,0,10,36,1,14,0
17-03 19:03:34,42.507,10.502,30.755,14.252,0,1636420,662484,177584,5436748,13683.094,1554.238,0,112081.148,0,8041.230,21005,50724,2.080,1.350,0.700,4,0,164.025,0,0,10,36,1,14,0
17-03 19:03:35,47.674,9.485,29.453,11.482,0,1518264,769548,177988,5447172,11608.496,1617.422,0,76358.285,0,5931.545,17641,41461,2.080,1.350,0.700,6,0,118.811,0,0,10,34,1,15,0
17-03 19:03:36,45.723,16.740,27.484,8.495,0,1571496,706568,178368,5456136,7596.510,1619.043,363.785,58613.360,6.996,4302.457,14435,37607,2.080,1.350,0.700,3,1,338.800,0,0,10,35,1,14,0
17-03 19:03:37,42.332,15.780,33.064,7.515,0,1521240,752204,178780,5459836,9575.490,1623.134,1450.801,61447.655,20.039,4792.254,17691,39321,2.080,1.350,0.700,3,0,262.507,0,0,10,34,1,14,0
17-03 19:03:38,36.706,7.491,43.448,11.736,0,1566628,704884,179048,5461448,14455.711,1618.065,0,61182.825,0,5123.872,15782,36599,2.070,1.360,0.710,3,1,55.933,0,0,10,35,1,14,0
17-03 19:03:39,36.801,8.762,44.812,8.011,0,1509776,759428,179208,5463536,15140.940,1622.244,0,54691.639,0,4351.017,16589,37196,2.070,1.360,0.710,3,0,111.154,0,0,10,34,1,15,0
17-03 19:03:40,40.930,9.234,39.682,8.735,0,1570684,697216,179388,5464536,12738.319,1455.523,0,49763.303,0,4321.645,13909,35014,2.070,1.360,0.710,5,0,80.862,0,0,10,34,1,16,0
17-03 19:03:41,40.827,9.017,43.332,6.512,0,1510380,755048,179548,5466864,12395.415,1623.066,0,38548.819,0,3516.643,15449,34236,2.070,1.360,0.710,2,1,72.136,0,0,10,34,1,17,0
17-03 19:03:42,35.910,8.728,43.641,11.471,0,1563816,697128,179796,5470988,12684.378,1689.787,0,63409.919,0,5548.168,16791,38012,2.070,1.360,0.710,2,0,79.801,0,0,10,34,1,17,0
17-03 19:03:43,37.837,5.011,45.855,10.274,0,1565544,691080,179992,5475012,11350.982,1697.886,0,55579.221,0,4958.350,18261,41714,2.070,1.370,0.720,4,1,96.220,0,0,10,36,1,20,0
17-03 19:03:44,35.507,11.252,47.509,6.001,0,1557812,695760,180084,5477892,7756.474,1620.308,0,54646.383,0,5029.956,16065,37087,2.070,1.370,0.720,2,0,129.025,0,0,10,36,1,20,0
17-03 19:03:45,35.751,7.250,46.751,7.750,0,1533060,725412,180200,5472836,14602.234,1694.027,0,47300.757,0,4501.072,15074,36075,2.070,1.370,0.720,2,0,55.001,0,0,10,36,1,20,0
17-03 19:03:46,40.500,9.250,46.000,4.000,0,1453728,804312,180220,5473244,12558.925,1619.990,0,30003.820,0,2390.986,7418,18123,2.070,1.370,0.720,3,0,233.999,0,0,10,32,1,20,0
17-03 19:03:47,19.455,5.986,73.080,0,0,1446968,811032,180220,5473284,6630.610,1508.499,0,885.944,0,47.889,1440,1920,2.070,1.370,0.720,1,0,65.847,0,0,10,32,1,20,0
17-03 19:03:48,21.254,6.001,72.263,0,0,1412116,845732,180220,5473432,11780.191,1566.291,0,472.088,0,27.005,2656,4701,1.980,1.370,0.720,1,0,45.008,0,0,10,32,1,21,0
17-03 19:03:49,23.237,2.748,72.708,0,0,1449380,808464,180220,5473436,9268.689,1619.072,0,527.698,0,34.980,2304,4106,1.980,1.370,0.720,1,0,0.999,0,0,10,32,1,21,0
17-03 19:03:50,11.018,19.031,69.362,0.250,0,1389296,868480,180220,5473500,13555.825,1696.732,0,548.884,0,37.060,3229,4844,1.980,1.370,0.720,1,0,458.739,0,0,10,32,1,21,0
17-03 19:03:51,48.788,17.013,34.277,0.500,0,1523452,734144,180240,5473656,12608.848,1663.299,0,1092.854,0,75.059,3115,4664,1.980,1.370,0.720,3,0,348.272,0,0,10,32,1,27,0
17-03 19:03:52,67.770,7.752,24.757,0,0,1710796,544220,180360,5476100,7256.133,1620.476,0,2936.863,0,134.039,1685,1924,1.980,1.370,0.720,3,0,0,0,0,10,32,1,27,0
17-03 19:03:53,49.749,7.500,33.999,8.000,0,1779476,463908,180604,5486872,14555.622,1619.958,0,58342.483,0,4470.884,14805,30620,2.220,1.430,0.740,6,0,167.996,0,0,10,38,1,27,0
17-03 19:03:54,32.746,9.749,44.244,12.998,0.250,1783472,444504,180844,5501420,14257.175,1511.806,0,113961.413,0,8850.867,26985,61451,2.220,1.430,0.740,7,0,290.963,0,0,10,38,1,27,0
17-03 19:03:55,49.252,12.250,24.751,10.250,0,1678780,539448,180956,5510684,9727.379,1620.063,0,92191.595,0,7964.311,26732,59235,2.220,1.430,0.740,6,0,266.010,0,0,10,36,1,27,0
17-03 19:03:56,50.250,10.250,28.000,10.500,0,1741624,462868,181072,5523924,12883.026,1566.003,0,96692.193,0,6880.014,19417,45317,2.220,1.430,0.740,1,2,99.000,0,0,10,36,1,27,0
17-03 19:03:57,42.994,10.499,32.745,14.248,0,1779096,412216,181216,5536308,6314.103,1619.770,0,115799.556,0,8228.832,21442,53031,2.220,1.430,0.740,5,1,65.991,0,0,10,38,1,27,0
17-03 19:03:58,35.000,10.000,48.500,5.500,0,1398108,790560,181248,5538836,15151.879,1693.986,0,50583.595,0,3988.968,11650,26198,2.210,1.440,0.750,1,0,265.998,0,0,10,32,1,27,0
17-03 19:03:59,19.747,7.749,71.489,0.250,0,1451512,737140,181248,5538836,11881.253,1619.762,0,751.889,0,51.992,1776,2491,2.210,1.440,0.750,1,0,127.981,0,0,10,32,1,27,0
17-03 19:04:00,23.211,3.245,72.627,0.250,0,1516816,671824,181248,5538844,6667.698,1617.259,0,4795.871,0,289.509,1411,2470,2.210,1.440,0.750,1,0,0,0,0,10,36,1,27,0
17-03 19:04:01,21.241,3.499,73.469,0.250,0,1424484,764120,181248,5538880,13683.171,1553.338,0,163.930,0,11.995,1369,1756,2.210,1.440,0.750,1,0,26.989,0,0,10,32,1,27,0
17-03 19:04:02,21.750,4.000,73.499,0,0,1496524,692076,181248,5538880,11665.860,1619.981,0,36.000,0,5.000,1088,1255,2.210,1.440,0.750,1,0,3.000,0,0,10,32,1,27,0
17-03 19:04:03,20.804,12.031,68.427,0,0,1404356,784236,181248,5538888,13389.679,1624.207,0,4046.480,0,56.145,2511,4003,2.270,1.460,0.760,3,0,332.862,0,0,10,32,1,27,0
17-03 19:04:04,12.489,31.222,55.451,0,0,1408272,780360,181248,5538948,10503.715,1700.497,0,319.717,0,30.973,5003,8425,2.270,1.460,0.760,1,0,1085.041,0,0,10,32,1,27,0
17-03 19:04:05,11.247,18.495,69.480,0,0.250,1409072,779532,181248,5538976,11889.635,1661.530,0,119.966,0,8.997,3010,4421,2.270,1.460,0.760,1,0,449.873,0,0,10,32,1,27,0
17-03 19:04:06,10.255,18.009,70.286,0,0,1408228,780284,181248,5539048,11857.118,1620.836,0,24.012,0,6.003,2926,4497,2.270,1.460,0.760,1,0,391.202,0,0,10,32,1,27,0
17-03 19:04:07,14.737,15.737,68.691,0,0,1411520,776752,181248,5539424,6767.221,1618.618,0,103.911,0,8.992,3681,8448,2.270,1.460,0.760,2,0,276.764,0,0,10,32,1,27,0
17-03 19:04:08,40.711,10.989,47.455,0,0,1501396,686776,181256,5539716,6087.168,1510.553,0,635.391,0,55.946,2698,3833,2.250,1.470,0.770,2,0,162.844,0,0,10,33,1,27,0
17-03 19:04:09,49.744,4.499,46.245,0,0,1596884,587268,181260,5543620,12019.654,1619.819,0,19.998,0,1.000,2053,7832,2.250,1.470,0.770,2,0,1.000,0,0,10,35,1,27,0
17-03 19:04:10,47.761,3.751,48.511,0.250,0,1667692,515264,181328,5544560,9621.155,1620.363,0,1464.328,0,159.036,1843,2514,2.250,1.470,0.770,2,0,7.002,0,0,10,49,1,27,0
17-03 19:04:11,14.747,13.498,71.237,0,0,1685452,497176,181328,5544756,12995.661,1619.708,0,119.978,0,11.998,2438,3647,2.250,1.470,0.770,1,0,254.954,0,0,10,48,1,27,0
17-03 19:04:12,4.497,0.999,94.436,0,0,1690988,491632,181328,5544756,21427.408,2588.237,0,63.956,0,3.997,754,1092,2.250,1.470,0.770,0,0,1.999,0,0,10,49,1,27,0
17-03 19:04:13,0.501,0.501,97.493,0,0,1691104,491408,181328,5544856,96847.052,4378.899,0,5666.103,0,252.629,1181,1622,2.070,1.450,0.760,0,0,0,0,0,10,49,1,27,0
17-03 19:04:14,0.499,0,98.309,0,0,1691312,491184,181328,5544872,60009.342,2942.280,0,155.697,0,5.988,766,1047,2.070,1.450,0.760,0,0,0,0,0,10,49,1,27,0
17-03 19:04:15,12.266,7.510,78.852,1.001,0,1700656,480456,181412,5545912,35554.973,2439.154,4.005,4565.904,1.001,306.396,2127,3467,2.070,1.450,0.760,1,0,61.079,0,0,10,48,1,28,0
17-03 19:04:16,15.740,10.493,72.204,1.249,0,1725096,401628,181432,5598088,12425.135,1660.949,0,4577.103,0,129.918,2058,2828,2.070,1.450,0.760,1,0,39.975,0,0,10,48,1,28,0
17-03 19:04:17,14.248,11.748,73.488,0,0,1708160,418540,181432,5598088,9438.433,1661.724,0,0,0,0,1819,2023,2.070,1.450,0.760,1,0,83.986,0,0,10,48,1,28,0
17-03 19:04:18,23.786,2.253,73.863,0,0,1747912,378748,181432,5598092,6629.169,1622.489,0,0,0,0,985,1182,1.980,1.440,0.770,1,0,11.017,0,0,10,48,1,28,0
17-03 19:04:19,21.502,4.000,73.506,0,0,1749612,377024,181432,5598092,13249.020,1566.121,0,0,0,0,1325,1442,1.980,1.440,0.770,1,0,27.002,0,0,10,48,1,28,0
17-03 19:04:20,18.720,6.989,73.882,0,0,1668520,510996,181432,5546320,10005.990,1617.412,0,11.981,0,2.995,1531,1819,1.980,1.440,0.770,1,0,73.882,0,0,10,48,1,28,0
17-03 19:04:21,12.495,13.495,71.972,0.250,0,1675560,503776,181584,5546624,12453.156,1511.412,155.939,247.904,8.997,3.998,3119,6660,1.980,1.440,0.770,1,0,236.908,0,0,10,48,1,28,0
17-03 19:04:22,11.498,7.748,79.483,0,0,1679484,499864,181584,5546288,12467.357,1619.657,0,0,0,0,2930,8251,1.980,1.440,0.770,0,0,87.981,0,0,10,48,1,28,0
17-03 19:04:23,0.500,1.750,97.505,0.500,0,1679296,500040,181584,5546300,8419.471,1620.091,0,520.029,0,38.002,909,1544,1.820,1.420,0.760,0,0,3.000,0,0,10,48,1,28,0
17-03 19:04:24,0.500,0.250,98.020,0,0,1679576,499752,181584,5546300,12054.435,1620.327,0,2120.428,0,13.003,832,1108,1.820,1.420,0.760,1,0,3.001,0,0,10,48,1,28,0
17-03 19:04:25,1.000,0,98.798,0,0,1679576,499752,181584,5546300,9469.593,1620.786,0,0,0,0,668,979,1.820,1.420,0.760,1,0,1.000,0,0,10,48,1,28,0
17-03 19:04:26,2.248,2.748,93.674,0,0,1621364,557968,181584,5546284,8055.491,1618.692,0,7.994,0,1.998,1135,1690,1.820,1.420,0.760,0,0,46.962,0,0,10,48,1,28,0
17-03 19:04:27,16.000,14.500,67.500,0,0,1621220,557988,181584,5546304,12404.037,1566.005,0,4.000,0,1.000,3923,11547,1.820,1.420,0.760,0,0,255.001,0,0,10,48,1,28,0
17-03 19:04:28,14.255,18.006,67.022,0,0,1682780,496488,181584,5546712,10735.468,1622.524,0,0,0,0,4004,7232,1.840,1.430,0.770,1,0,377.122,0,0,11,48,1,28,0
17-03 19:04:29,13.997,9.248,75.484,0.250,0,1678564,500604,181584,5546360,11432.645,1619.666,0,1431.705,0,174.964,3428,6789,1.840,1.430,0.770,0,0,187.961,0,0,11,48,1,28,0
17-03 19:04:30,8.016,10.771,80.661,0,0,1688692,490484,181584,5546716,13696.338,1623.240,0,0,0,0,2625,4222,1.840,1.430,0.770,1,0,177.354,0,0,13,50,1,28,0
17-03 19:04:31,15.488,14.489,68.949,0,0,1684676,494360,181584,5546508,5634.808,1618.796,0,51.961,0,3.997,4188,6403,1.840,1.430,0.770,1,0,270.799,0,0,13,50,1,29,0
17-03 19:04:32,11.767,18.276,68.096,0,0,1687156,491820,181584,5546912,13395.942,1664.353,0,68.096,0,17.024,3946,7231,1.840,1.430,0.770,1,0,435.616,0,0,13,50,1,29,0
17-03 19:04:33,28.000,17.500,54.251,0.250,0,1726656,452332,181592,5546568,8826.150,1706.029,0,6936.118,0,375.006,5043,9827,1.930,1.450,0.780,2,0,408.007,0,0,13,50,1,23,0
17-03 19:04:34,30.249,23.249,46.248,0,0,1788360,389864,181664,5547264,5972.743,1457.937,0,779.966,0,20.999,3815,6517,1.930,1.450,0.780,2,0,656.972,0,0,13,50,1,23,0
17-03 19:04:35,38.500,20.000,41.500,0,0,1842240,335156,181680,5547940,15741.827,1661.982,32.000,383.996,2.000,9.000,5646,12234,1.930,1.450,0.780,3,0,309.997,0,0,13,54,1,23,0
17-03 19:04:36,43.141,7.481,49.375,0,0,1962408,214648,181688,5548248,13394.006,1615.899,0,0,0,0,1893,2508,1.930,1.450,0.780,1,0,123.686,0,0,13,54,1,23,0
17-03 19:04:37,24.747,2.750,72.240,0,0,2010292,164780,181828,5549868,14240.992,1619.772,0,0,0,0,1138,2013,1.930,1.450,0.780,1,0,3.999,0,0,13,54,1,21,0
17-03 19:04:38,23.806,4.009,64.402,6.265,0,2027080,144056,182012,5553320,15286.106,1862.399,200.474,29994.848,36.085,2229.266,8068,15580,2.020,1.480,0.790,2,1,11.026,0,0,13,56,1,21,0
17-03 19:04:39,27.698,4.741,57.143,9.482,0,2027344,134740,182136,5561860,6546.790,1616.984,7.985,19503.626,1.996,2562.221,11654,27509,2.020,1.480,0.790,2,0,4.991,0,0,13,56,1,19,0
17-03 19:04:40,39.080,24.049,35.323,1.002,0,2180860,159888,178384,5388840,12964.616,1623.333,3587.365,64195.794,135.278,1094.246,8366,20311,2.020,1.480,0.790,1,0,387.796,0,0,14,93,1,31,0
17-03 19:04:41,11.749,18.998,69.244,0,0,2195708,145060,178392,5389148,9196.218,1619.862,199.983,711.939,4.000,43.996,3190,4969,2.020,1.480,0.790,1,0,398.966,0,0,14,93,1,30,0
17-03 19:04:42,25.753,16.502,55.757,0.500,0,2232632,128576,178004,5369484,11358.454,1552.199,2556.327,2484.318,61.008,308.039,4786,9229,2.020,1.480,0.790,3,0,237.030,0,0,14,93,0,30,0
17-03 19:04:43,43.745,7.749,47.245,0.250,0,2343920,141388,175640,5250344,10699.823,1755.807,3039.666,1415.844,69.992,108.988,1632,1911,2.020,1.490,0.800,2,0,13.998,0,0,14,94,0,25,0
17-03 19:04:44,12.250,18.250,68.501,0.750,0,2357200,142328,175640,5236236,12125.218,1620.029,0,4536.082,0,268.005,4101,7487,2.020,1.490,0.800,1,0,384.007,0,0,14,97,0,26,0
17-03 19:04:45,7.981,19.203,71.825,0.249,0,2368864,130800,175640,5236148,11613.755,1709.842,0,115.719,0,12.968,3173,4930,2.020,1.490,0.800,1,0,414.991,0,0,14,97,0,26,0
17-03 19:04:46,14.780,12.525,72.145,0,0,2399560,134592,174860,5203124,6534.127,1623.261,412.829,1567.148,21.042,202.407,2102,2989,2.020,1.490,0.800,1,0,194.391,0,0,14,97,0,26,0
17-03 19:04:47,22.727,3.496,72.927,0.250,0,2367528,193432,174480,5177240,6714.252,1618.374,455.542,331.667,54.945,21.978,2060,3336,2.020,1.490,0.800,2,0,44.955,0,0,14,99,0,25,0
17-03 19:04:48,21.978,4.496,71.929,0.250,0,2428420,132448,174484,5177328,12213.019,1618.412,11.988,147.855,1.998,16.983,1801,2615,1.930,1.480,0.800,2,0,19.980,0,0,14,99,0,25,0
17-03 19:04:49,27.299,4.759,65.368,1.503,0,2469668,133332,173232,5137304,9052.367,1604.902,2520.557,6475.708,141.255,705.275,4565,8548,1.930,1.480,0.800,1,0,4.007,0,0,14,106,0,25,0
17-03 19:04:50,28.950,6.988,63.391,0.499,0,2476912,126124,173232,5137416,12176.142,1657.161,215.631,742.728,36.937,65.887,2573,3947,1.930,1.480,0.800,1,0,114.803,0,0,14,108,0,26,0
17-03 19:04:51,24.057,4.009,70.417,0.752,0,2500936,132264,172208,5108724,8830.912,1623.845,1130.677,1724.083,96.228,238.565,2758,4653,1.930,1.480,0.800,2,0,3.007,0,0,14,110,0,20,0
17-03 19:04:52,43.500,9.000,47.751,0.250,0,2558724,138952,170672,5047300,13178.145,1620.018,1452.016,1196.013,36.000,169.002,2266,3143,1.930,1.480,0.800,2,0,100.001,0,0,14,108,0,21,0
17-03 19:04:53,36.416,4.490,58.116,0,0,2585096,140204,170344,5020596,9198.815,1616.278,75.825,307.292,3.991,17.959,1686,2266,1.860,1.470,0.800,1,0,56.869,0,0,14,108,0,22,0
17-03 19:04:54,23.293,4.258,71.883,0,0,2569720,172844,170328,5003812,7221.381,1623.007,0,1102.042,0,159.295,1624,2300,1.860,1.470,0.800,1,0,53.098,0,0,14,112,0,23,0
17-03 19:04:55,23.994,3.999,72.231,0.250,0,2625440,130508,170328,4990600,6225.325,1619.564,0,663.821,0,71.981,1807,2955,1.860,1.470,0.800,1,0,1.999,0,0,14,114,0,23,0
17-03 19:04:56,21.452,5.238,71.839,0.249,0,2621496,140948,170332,4984348,13604.472,1508.615,0,566.728,0,51.884,2049,3018,1.860,1.470,0.800,1,0,83.812,0,0,14,112,0,24,0
17-03 19:04:57,22.769,4.003,72.811,0.250,0,2606828,155604,170332,4984360,13844.519,1621.349,0,300.250,0,17.014,1606,2181,1.860,1.470,0.800,1,0,57.047,0,0,14,112,0,25,0
17-03 19:04:58,24.744,4.249,68.483,1.500,0,2639132,122380,170336,4985276,15797.145,1659.595,743.819,5562.643,128.969,476.884,3817,7210,2.030,1.510,0.820,1,0,2.000,0,0,14,117,0,25,0
17-03 19:04:59,22.989,3.998,70.967,1.000,0,2622552,151996,170344,4972584,8798.917,1709.207,799.629,1107.486,45.979,109.949,2560,4407,2.030,1.510,0.820,2,0,55.974,0,0,14,115,0,27,0
17-03 19:05:00,25.998,3.250,69.744,0.750,0,2650836,123520,170352,4972768,12042.049,1619.872,43.997,1771.860,5.000,164.987,2805,4953,2.030,1.510,0.820,1,0,1.000,0,0,14,119,0,27,0
17-03 19:05:01,33.582,6.265,59.395,0.251,0,2633152,154868,170356,4959464,8726.248,1666.057,4.010,2975.245,1.002,351.857,3308,6045,2.030,1.510,0.820,1,0,72.176,0,0,14,119,0,28,0
17-03 19:05:02,20.500,6.500,71.250,0.750,0,2606532,180264,170356,4960688,5770.006,1512.002,1256.001,1692.002,16.000,153.000,2847,5177,2.030,1.510,0.820,1,0,138.000,0,0,14,119,0,29,0
17-03 19:05:03,22.732,2.498,73.192,0,0,2658724,127948,170356,4960812,12290.303,1618.723,0,539.574,0,38.969,1355,1870,1.950,1.500,0.820,3,0,10.991,0,0,14,122,0,29,0
17-03 19:05:04,25.269,2.502,70.805,0.751,0,2663460,136068,170364,4948184,13961.751,1715.321,636.490,5852.506,6.005,511.394,3378,6505,1.950,1.500,0.820,1,0,0,0,0,14,121,0,29,0
17-03 19:05:05,36.265,10.754,51.771,0.750,0,2623752,172108,170396,4951788,7263.949,1710.695,3513.426,1304.530,87.035,134.054,4855,10016,1.950,1.500,0.820,3,0,278.113,0,0,14,119,0,30,0
17-03 19:05:06,34.420,4.240,59.861,0.249,0,2681592,134456,170400,4931924,13525.513,1737.954,0,2494.194,0,384.106,2806,4705,1.950,1.500,0.820,1,0,12.970,0,0,14,119,0,30,0
17-03 19:05:07,12.512,14.514,71.318,0.250,0,2633420,185500,170404,4929316,9151.676,1781.689,40.038,344.326,2.002,20.019,2544,3805,1.950,1.500,0.820,1,0,280.266,0,0,14,119,0,31,0
17-03 19:05:08,12.482,18.973,66.906,0.250,0,2638340,178740,170448,4931444,12447.474,1707.596,1833.419,319.550,70.900,22.968,4142,6781,1.870,1.500,0.820,1,0,383.460,0,0,14,119,0,31,0
17-03 19:05:09,27.829,17.048,53.902,0,0,2675144,141780,170456,4931224,6090.229,1606.545,8.023,982.780,2.006,54.153,4346,8426,1.870,1.500,0.820,2,0,375.061,0,0,14,119,0,31,0
17-03 19:05:10,36.244,19.497,43.493,0.250,0,2721912,133680,170476,4893236,6383.928,1619.728,7.999,7534.734,2.000,725.878,5169,10438,1.870,1.500,0.820,4,0,444.925,0,0,14,121,0,31,0
17-03 19:05:11,51.508,22.754,25.254,0.500,0,2855012,130552,170492,4766360,12587.989,1620.256,392.062,7757.226,10.002,928.147,7964,14923,1.870,1.500,0.820,5,0,510.081,0,0,16,131,0,31,0
17-03 19:05:12,58.254,21.659,19.667,0,0,2978692,124964,170492,4650716,9398.376,1682.905,0,258.908,0,24.895,5559,12828,1.870,1.500,0.820,5,0,406.287,0,0,16,131,0,31,0
17-03 19:05:13,53.974,19.581,26.861,0,0,3054032,135052,170492,4566960,11613.136,1626.743,4.017,6390.489,1.004,415.723,4497,10524,2.120,1.550,0.840,3,0,557.310,0,0,16,147,0,31,0
17-03 19:05:14,25.001,20.501,53.501,0,0,3101004,134840,170496,4521648,9406.245,1756.046,8.000,176.005,2.000,14.000,3768,6617,2.120,1.550,0.840,0,0,519.013,0,0,17,147,0,31,0
17-03 19:05:15,27.748,14.999,55.495,0,0,3130896,140344,170496,4486236,14438.773,1565.867,4.000,187.984,1.000,9.999,4715,10290,2.120,1.550,0.840,2,0,361.969,0,0,17,147,0,31,0
17-03 19:05:16,37.367,18.684,43.346,0,0,3198224,137856,170500,4423452,14182.637,1506.650,0,554.033,0,36.869,5333,10020,2.120,1.550,0.840,5,0,384.634,0,0,17,147,0,30,0
17-03 19:05:17,42.655,22.331,33.371,0,0,3322100,123280,170512,4316516,8029.226,1625.918,64.234,537.958,6.022,32.117,5537,15249,2.120,1.550,0.840,3,0,604.199,0,0,17,159,0,30,0
17-03 19:05:18,33.990,22.744,42.238,0.250,0,3412388,134312,170512,4217216,5835.366,1619.547,0,551.845,0,37.989,6156,12871,2.190,1.580,0.860,5,0,701.803,0,0,17,165,0,30,0
17-03 19:05:19,15.236,15.985,66.438,0,0,3424944,130204,170512,4209372,12023.854,1814.318,0,291.730,0,19.981,4949,9010,2.190,1.580,0.860,3,0,312.710,0,0,17,165,0,30,0
17-03 19:05:20,36.776,11.508,50.285,0.250,0,3502872,140768,170512,4120664,9954.008,1691.191,0,8069.681,0,596.420,4229,6350,2.190,1.580,0.860,2,0,150.106,0,0,17,171,0,30,0
17-03 19:05:21,44.754,9.501,45.754,0.250,0,3610476,134860,170508,4019012,12503.088,1620.141,136.012,924.080,12.001,132.011,2005,2719,2.190,1.580,0.860,2,0,6.001,0,0,17,177,0,30,0
17-03 19:05:22,33.775,12.760,52.540,0.250,0,3573660,226500,170520,3964196,9542.195,1459.100,168.127,404.305,13.010,26.020,2809,4692,2.190,1.580,0.860,4,0,234.177,0,0,17,180,0,30,0
17-03 19:05:23,37.745,21.747,38.995,0,0,3634152,164764,170524,3965436,13259.369,1619.801,11.999,391.952,3.000,27.997,5553,12802,2.340,1.620,0.870,6,0,589.927,0,0,17,193,0,30,0
17-03 19:05:24,55.138,16.966,26.945,0.249,0,3681872,132692,170544,3950120,13499.596,1616.718,2259.413,7424.927,42.913,441.105,5669,10760,2.340,1.620,0.870,6,0,232.528,0,0,17,193,0,31,0
17-03 19:05:25,81.179,14.783,3.257,0,0,3772356,139868,170556,3854716,6939.294,1623.578,669.476,1278.819,12.027,83.183,3188,6903,2.340,1.620,0.870,5,0,141.311,0,0,17,204,0,31,0
17-03 19:05:26,78.782,16.454,3.740,0.249,0,3856028,151940,170656,3760000,6575.779,1615.523,103.713,1814.971,5.983,96.732,4222,11413,2.340,1.620,0.870,8,0,56.842,0,0,17,212,0,39,0
17-03 19:05:27,51.115,24.054,24.054,0,0,3888920,132408,170664,3746620,13073.297,1623.639,0,625.402,0,36.081,5993,12366,2.340,1.620,0.870,4,0,584.309,0,0,17,217,0,39,0
17-03 19:05:28,53.000,18.750,26.000,0,0,3878500,142640,170668,3746900,10248.020,1620.003,60.000,736.001,3.000,42.000,8120,21012,2.550,1.680,0.890,5,0,304.001,0,0,17,219,0,39,0
17-03 19:05:29,57.239,24.745,17.997,0.250,0,3916836,131560,170668,3720576,16288.003,1457.732,0,27450.949,0,683.874,7097,28781,2.550,1.680,0.890,2,0,500.908,0,0,17,219,0,40,0
17-03 19:05:30,58.500,21.500,18.000,0.250,0,3944160,181868,170728,3643096,9360.991,1729.998,160.000,875.999,18.000,56.000,7184,16944,2.550,1.680,0.890,5,0,342.000,0,0,17,223,0,46,0
17-03 19:05:31,55.048,21.919,22.418,0,0,4057032,134820,170728,3578744,12018.795,1614.063,31.883,5962.072,0.996,489.201,4871,8473,2.550,1.680,0.890,6,0,397.538,0,0,17,225,0,46,0
17-03 19:05:32,65.359,16.215,17.462,0.249,0,4140712,122536,170732,3508392,9094.447,1658.434,99.785,7483.910,5.987,759.367,5800,16450,2.550,1.680,0.890,3,0,214.539,0,0,17,235,0,47,0
17-03 19:05:33,66.424,9.309,24.154,0,0,4213796,126936,170748,3432548,6035.531,1630.409,201.285,805.140,13.084,73.469,3123,5451,2.670,1.710,0.910,3,0,10.064,0,0,17,242,0,51,0
17-03 19:05:34,55.219,18.240,24.236,0.250,0,4207496,207000,170876,3360392,11971.176,1661.053,695.604,5093.097,11.993,455.740,6064,13023,2.670,1.710,0.910,5,0,324.815,0,0,17,249,0,56,0
17-03 19:05:35,51.456,24.729,21.731,0.749,0,4273652,135956,170960,3365600,12109.622,1618.613,4867.828,2960.463,110.905,243.791,6801,15527,2.670,1.710,0.910,20,0,535.541,0,0,17,250,0,56,0
17-03 19:05:36,68.939,18.234,12.489,0,0,4305432,133148,170964,3336964,8224.705,1456.708,1055.064,3948.498,15.986,486.568,5420,12048,2.670,1.710,0.910,5,0,221.803,0,0,18,253,0,55,0
17-03 19:05:37,81.463,12.954,4.484,0,0,4396088,130568,170976,3249860,14171.118,1614.318,1112.085,1446.907,23.916,176.379,2765,4221,2.670,1.710,0.910,6,0,18.933,0,0,18,253,0,56,0
17-03 19:05:38,66.834,16.834,16.080,0.251,0,4407764,181372,171012,3188180,10158.753,1698.486,1752.757,5969.825,24.121,474.370,5876,14891,2.610,1.720,0.920,3,0,259.295,0,0,18,254,0,59,0
17-03 19:05:39,19.721,5.242,73.641,0,0,4410116,178828,171028,3188360,16672.392,3156.341,802.815,187.723,10.984,7.988,1709,2369,2.610,1.720,0.920,1,0,13.979,0,0,18,255,0,59,0
17-03 19:05:40,23.537,7.762,67.606,0.501,0,4456836,131596,171028,3190468,25222.726,5425.545,1081.704,797.256,32.050,69.109,2745,6329,2.610,1.720,0.920,3,0,43.068,0,0,18,264,0,47,0
17-03 19:05:41,24.241,4.998,69.974,0,0,4437020,151500,171028,3188784,5557.966,1619.407,531.805,247.909,8.997,23.991,2744,6455,2.610,1.720,0.920,1,0,11.996,0,0,18,267,0,48,0
17-03 19:05:42,21.994,9.747,65.731,0.250,0,4440772,140680,171032,3195896,16554903.413,144153.763,2831.170,13444.061,29.991,445.869,8484,5962,2.610,1.720,0.920,2,0,153.955,0,0,18,267,0,48,0
17-03 19:05:43,25.942,7.982,65.103,0.249,0,4480808,129676,171036,3166900,8751.301,1590.420,295.335,391.120,3.991,38.912,2345,3863,2.480,1.710,0.920,2,0,116.737,0,0,18,269,0,48,0
17-03 19:05:44,25.315,4.762,68.175,1.003,0,4500716,149296,171036,3127800,5815.889,1666.266,485.242,673.725,28.072,73.187,3977,8984,2.480,1.710,0.920,2,0,3.008,0,0,18,282,0,53,0
17-03 19:05:45,21.211,8.235,68.126,0,0,4437056,201776,171036,3138988,12513.263,1710.891,299.456,778.585,14.973,75.862,3921,6970,2.480,1.710,0.920,1,0,146.733,0,0,18,281,0,54,0
17-03 19:05:46,16.528,12.271,70.621,0,0,4480232,158396,171036,3139236,9077.504,1622.772,16.027,276.472,2.003,12.021,2854,4963,2.480,1.710,0.920,1,0,322.551,0,0,18,281,0,54,0
17-03 19:05:47,16.243,10.745,71.718,0.500,0,4441304,197280,171040,3139276,13166.181,1619.284,43.981,1031.544,10.995,61.973,2794,4429,2.480,1.710,0.920,1,0,208.908,0,0,18,281,0,54,0
17-03 19:05:48,10.242,18.485,70.442,0,0,4445288,193256,171040,3139316,9197.394,1618.661,7.993,139.884,0.999,11.990,3383,5395,2.370,1.690,0.920,1,0,388.679,0,0,18,281,0,54,0
17-03 19:05:49,1.995,3.741,91.043,0,0,4445216,193256,171040,3139388,6428.382,1616.324,31.927,7.982,2.993,0.998,1535,2490,2.370,1.690,0.920,1,0,73.832,0,0,18,281,0,53,0
17-03 19:05:50,20.502,2.750,75.506,0,0,4501124,137340,171044,3139392,12812.063,1552.129,0,16101.336,0,38.003,1665,2280,2.370,1.690,0.920,1,0,11.001,0,0,18,281,0,53,0
17-03 19:05:51,17.010,10.756,70.039,0.250,0,4448752,189616,171048,3139484,11564.465,1620.906,168.094,248.139,15.008,24.013,2876,4841,2.370,1.690,0.920,1,0,176.098,0,0,18,287,0,51,0
17-03 19:05:52,12.986,16.731,70.422,0,0,4447324,190716,171048,3139812,13901.555,1618.202,155.827,131.854,5.993,1.998,3082,5109,2.370,1.690,0.920,2,0,248.724,0,0,18,287,0,51,0
17-03 19:05:53,21.517,7.005,70.054,0,0,4499532,137860,171048,3140460,8737.789,1621.260,456.355,240.187,13.010,27.021,2295,3525,2.260,1.680,0.920,1,0,122.095,0,0,18,291,0,50,0
17-03 19:05:54,23.264,4.253,71.042,0.250,0,4552184,134612,170988,3091500,15436.169,1620.963,280.166,11566.871,34.020,423.251,1934,2210,2.260,1.680,0.920,1,0,0,0,0,18,291,0,50,0
17-03 19:05:55,24.990,3.499,70.472,0.750,0,4463596,227560,170988,3087144,13191.671,1619.346,127.948,983.603,6.997,141.943,2416,4067,2.260,1.680,0.920,1,0,7.997,0,0,18,295,0,48,0
17-03 19:05:56,23.257,3.501,71.522,0,0,4532080,159016,170992,3087200,7760.351,1458.442,20.006,204.062,4.001,11.003,1501,2268,2.260,1.680,0.920,2,0,3.001,0,0,18,295,0,48,0
17-03 19:05:57,26.003,3.500,70.259,0.250,0,4449116,241968,170992,3087212,6162.795,1620.209,28.004,532.069,1.000,39.005,1995,3110,2.260,1.680,0.920,1,0,17.002,0,0,18,295,0,49,0
17-03 19:05:58,24.478,3.747,71.435,0,0,4499232,191820,170992,3087244,12362.787,1712.447,0,119.891,0,9.991,1507,1960,2.320,1.700,0.930,1,0,1.998,0,0,18,295,0,49,0
17-03 19:05:59,12.534,14.288,71.441,0.251,0,4456720,233164,170996,3088408,12657.872,1624.347,1427.821,216.580,18.048,3.008,2714,4136,2.320,1.700,0.930,1,0,255.684,0,0,18,295,0,46,0
17-03 19:06:00,15.221,13.475,69.869,0,0,4455236,234464,171000,3088588,12308.896,1616.965,27.948,27.948,6.987,1.996,2995,4655,2.320,1.700,0.930,1,0,328.384,0,0,18,295,0,46,0
17-03 19:06:01,22.726,4.245,71.923,0,0,4492880,196268,171040,3089100,10466.821,1618.272,535.428,3.996,31.966,0.999,1483,2197,2.320,1.700,0.930,1,0,3.996,0,0,18,295,0,45,0
17-03 19:06:02,22.253,3.250,72.760,0,0,4488768,200080,171044,3089396,16327.155,2752.363,160.021,88.012,8.001,2.000,9706,18886,2.320,1.700,0.930,0,0,12.002,0,0,18,296,0,45,0
17-03 19:06:03,24.015,3.002,71.295,0.750,0,4514328,172456,171204,3090996,15770.061,4217.691,116.074,1140.728,8.005,57.036,1942,2931,2.450,1.740,0.950,1,0,1.001,0,0,18,296,0,44,0
17-03 19:06:04,25.737,3.248,69.465,0,0,4508352,178284,171212,3091136,8679.660,1713.143,7.996,339.830,1.999,18.991,9149,18406,2.450,1.740,0.950,1,0,11.994,0,0,18,296,0,44,0
17-03 19:06:05,15.029,13.025,70.385,0.250,0,4478916,207976,171212,3090880,6741.897,1797.438,16.031,476.912,1.002,32.061,3020,4898,2.450,1.740,0.950,1,0,266.510,0,0,18,295,0,43,0
17-03 19:06:06,22.513,4.503,71.542,0,0,4455580,231128,171212,3091064,12328.286,1620.958,80.047,8.005,2.001,1.001,1882,2980,2.450,1.740,0.950,2,0,34.020,0,0,18,295,0,45,0
17-03 19:06:07,22.700,4.740,71.094,0,0,4509264,177328,171212,3091180,12534.449,1616.447,7.982,3.991,0.998,0.998,1845,2523,2.450,1.740,0.950,1,0,79.825,0,0,18,295,0,44,0
17-03 19:06:08,22.501,4.250,72.005,0,0,4491060,195516,171212,3091196,13528.852,1620.102,0,288.018,0,19.001,2008,2987,2.330,1.730,0.950,1,0,72.005,0,0,18,295,0,45,0
17-03 19:06:09,21.568,7.022,71.477,0,0,4470076,216488,171212,3091208,8592.263,1462.641,0,72.229,0,9.029,1914,2975,2.330,1.730,0.950,1,0,58.185,0,0,18,295,0,45,0
17-03 19:06:10,25.487,3.498,70.464,0.250,0,4448592,237852,171212,3091344,13856.975,1619.179,0,303.846,0,31.984,2214,3314,2.330,1.730,0.950,1,0,19.990,0,0,18,295,0,48,0
17-03 19:06:11,22.431,3.988,71.032,0,0,4500136,186288,171212,3091364,8982.397,1615.037,0,199.387,0,10.966,1831,2678,2.330,1.730,0.950,1,0,14.954,0,0,18,295,0,48,0
17-03 19:06:12,23.260,4.502,71.030,0.250,0,4486652,199744,171212,3091392,6099.617,1620.695,0,672.288,0,56.024,2088,3308,2.330,1.730,0.950,1,0,49.021,0,0,18,295,0,48,0
17-03 19:06:13,23.240,4.748,70.468,0,0,4474976,211408,171212,3091404,11552.813,1689.242,0,227.898,0,30.986,2104,3185,2.390,1.750,0.960,1,0,33.985,0,0,18,295,0,51,0
17-03 19:06:14,22.010,7.253,71.034,0.250,0,4451328,235048,171212,3091412,12222.818,1714.816,0,348.166,0,37.018,2436,3696,2.390,1.750,0.960,1,0,88.042,0,0,18,295,0,52,0
17-03 19:06:15,23.273,3.253,71.569,0,0,4499184,187120,171216,3091480,7852.601,1621.570,16.016,2162.093,1.001,313.303,2003,3087,2.390,1.750,0.960,1,0,2.002,0,0,18,297,0,53,0
17-03 19:06:16,23.230,4.496,72.189,0,0,4497868,188424,171216,3091492,12124.682,1510.714,0,155.867,0,7.993,1764,2557,2.390,1.750,0.960,1,0,48.958,0,0,18,295,0,54,0
17-03 19:06:17,23.739,4.998,70.718,0.500,0,4477644,208400,171216,3091740,9655.636,1565.292,107.951,267.879,11.995,10.995,1974,2909,2.390,1.750,0.960,1,0,15.993,0,0,18,295,0,56,0
17-03 19:06:18,27.000,3.750,67.249,0.750,0,4448832,237120,171220,3091828,12377.802,1619.974,291.995,3647.942,28.000,305.995,3516,6733,2.280,1.740,0.960,2,0,6.000,0,0,18,295,0,57,0
17-03 19:06:19,24.511,3.001,71.532,0,0,4503128,182524,171220,3092128,11546.230,1620.734,0,308.140,0,15.007,1746,2577,2.280,1.740,0.960,1,0,3.001,0,0,18,297,0,58,0
17-03 19:06:20,19.556,10.781,67.944,0.752,0,4458336,227252,171224,3092188,7927.578,1624.627,36.103,1628.638,2.006,149.426,3980,7483,2.280,1.740,0.960,1,0,272.777,0,0,18,295,0,59,0
17-03 19:06:21,10.005,21.511,67.533,0,0,4468648,216888,171224,3092240,12546.135,1620.793,0,436.213,0,35.017,4239,6997,2.280,1.740,0.960,1,0,645.316,0,0,18,295,0,59,0
17-03 19:06:22,10.743,19.986,67.954,0.250,0,4463044,222464,171224,3092268,12449.509,1618.896,0,2282.443,0,145.900,4315,7334,2.280,1.740,0.960,2,0,612.582,0,0,18,295,0,59,0
17-03 19:06:23,10.244,21.237,67.709,0.250,0,4468964,216480,171228,3092296,6054.313,1511.080,0,463.718,0,42.974,4215,7352,2.170,1.730,0.960,2,0,641.609,0,0,18,295,0,59,0
17-03 19:06:24,10.004,20.759,68.531,0,0,4465920,219484,171228,3092336,11956.333,1566.699,0,256.114,0,22.010,4070,6980,2.170,1.730,0.960,1,0,609.272,0,0,18,295,0,59,0
17-03 19:06:25,10.239,20.477,67.675,0,0,4462960,222280,171228,3092500,10892.996,1618.217,0,447.507,0,43.952,4217,7271,2.170,1.730,0.960,2,0,582.358,0,0,18,295,0,59,0
17-03 19:06:26,14.229,13.980,70.397,0,0,4487268,233796,171236,3058892,15857.863,1617.640,55.918,1246.182,5.991,112.835,3246,5285,2.170,1.730,0.960,1,0,362.471,0,0,18,295,0,58,0
17-03 19:06:27,22.069,6.771,69.719,0.251,0,4504280,253652,171372,3027584,12667.840,1625.111,12.038,2836.922,2.006,17.054,12774,25330,2.170,1.730,0.960,1,0,8.025,0,0,18,295,0,58,0
17-03 19:06:28,17.690,1.993,77.737,0.498,0,4511060,245588,171392,3028620,17406.011,7477.658,402.635,1152.096,17.939,35.878,1701,2432,2.080,1.710,0.960,1,0,2.990,0,0,18,298,0,50,0
17-03 19:06:29,12.501,1.500,84.004,1.000,0,4512572,243348,171392,3029312,28301.189,11815.496,448.019,1292.054,42.002,48.002,1654,2441,2.080,1.710,0.960,1,0,1.000,0,0,18,298,0,50,0
17-03 19:06:30,19.244,1.999,76.726,0.500,0.250,4528168,226716,171416,3030292,25494.918,12598.006,863.726,1739.449,45.985,76.976,2140,3264,2.080,1.710,0.960,0,0,0,0,0,18,298,0,49,0
17-03 19:06:31,19.049,2.005,77.447,0.752,0,4527428,226240,171484,3031372,25749.662,15554.664,717.830,3180.109,48.123,277.708,2631,5128,2.080,1.710,0.960,0,0,0,0,0,18,298,0,49,0
17-03 19:06:32,23.778,3.504,69.332,1.752,0,4516032,206092,171812,3061564,19236.776,5639.677,11525.646,1818.153,140.166,60.071,2049,3034,2.080,1.710,0.960,1,0,0,0,0,18,298,0,42,0
17-03 19:06:33,23.007,4.251,71.522,1.250,0,4521760,173348,172064,3086712,9029.727,1704.515,0,2812.849,0,137.041,1970,3166,1.990,1.700,0.960,1,0,0,0,0,18,298,0,42,0
17-03 19:06:34,21.915,4.234,71.474,1.245,0,4520172,142404,172488,3116572,12146.116,1613.771,0,3606.081,0,148.427,2018,3299,1.990,1.700,0.960,1,0,0,0,0,18,298,0,33,0
17-03 19:06:35,23.510,3.251,71.281,0.500,0,4495544,177104,172652,3105852,11159.776,1794.768,416.178,1720.736,7.003,70.030,1780,2529,1.990,1.700,0.960,1,0,7.003,0,0,18,297,0,33,0
17-03 19:06:36,23.734,5.246,68.703,0,0,4482576,188728,172652,3107156,7357.952,1660.861,0,1427.021,0,2.998,9224,18645,1.990,1.700,0.960,1,0,11.992,0,0,18,297,0,32,0
17-03 19:06:37,23.256,6.502,69.268,0,0,4494088,177136,172652,3107236,15897.149,1512.395,0,116.030,0,9.002,9117,18222,1.990,1.700,0.960,2,0,13.003,0,0,18,297,0,32,0
17-03 19:06:38,23.262,4.002,71.536,0,0,4468696,202600,172652,3107148,10582.259,1620.806,0,16.008,0,2.001,3156,5298,1.910,1.690,0.960,1,0,55.027,0,0,18,297,0,31,0
17-03 19:06:39,25.328,5.015,68.961,0,0,4501924,169360,172652,3107160,11917.479,1624.974,0,0,0,0,10357,21167,1.910,1.690,0.960,1,0,12.037,0,0,18,297,0,31,0
17-03 19:06:40,24.740,6.248,66.724,0.250,0,4510408,160584,172652,3107452,12158.185,1565.380,31.987,2447.031,1.000,76.970,14662,29372,1.910,1.690,0.960,1,0,13.994,0,0,18,297,0,28,0
17-03 19:06:41,28.496,5.249,65.990,0,0,4487956,183132,172652,3107336,13879.932,1619.759,0,455.932,0,15.998,2399,4813,1.910,1.690,0.960,1,0,47.993,0,0,18,297,0,29,0
17-03 19:06:42,22.965,4.243,71.390,0.250,0,4449924,221156,172652,3107344,12450.888,1711.373,0,179.724,0,9.985,1773,2594,1.910,1.690,0.960,1,0,56.913,0,0,18,297,0,28,0
17-03 19:06:43,23.225,6.243,68.676,0,0,4479576,175316,173348,3121160,8218.149,1604.272,3.996,1282.619,0.999,29.968,14505,28533,1.840,1.680,0.960,2,0,46.949,0,0,18,299,0,28,0
17-03 19:06:44,21.497,1.500,75.740,0,0,4501364,150480,173532,3123484,11831.438,3638.520,0,979.871,0,16.998,1553,2303,1.840,1.680,0.960,1,0,3.000,0,0,18,300,0,25,0
17-03 19:06:45,17.494,1.499,80.221,0.750,0,4512240,139432,173612,3123540,36090.935,15965.221,0,1651.402,0,57.979,1655,2333,1.840,1.680,0.960,1,0,0,0,0,18,300,0,25,0
17-03 19:06:46,6.754,0.500,90.805,0.250,0,4512776,138464,173716,3123852,142455.756,13389.154,0,1072.653,0,43.026,1460,2225,1.840,1.680,0.960,0,0,0,0,0,18,301,0,21,0
17-03 19:06:47,18.557,2.006,78.239,0.502,0,4521220,136516,173816,3117224,47578.638,13992.832,0,6507.921,0,341.044,1921,2531,1.840,1.680,0.960,1,0,0,0,0,18,301,0,21,0
17-03 19:06:48,16.460,0.249,80.303,0.499,0,4521088,136056,173944,3117640,250530.701,19926.221,0,1871.419,0,65.839,1777,2540,1.690,1.650,0.960,2,0,0,0,0,18,301,0,21,0
17-03 19:06:49,12.239,2.248,83.178,1.748,0,4521696,134628,174316,3117984,167307.443,24347.817,119.896,3037.357,8.992,149.870,2114,3188,1.690,1.650,0.960,1,0,0.999,0,0,18,301,0,21,0
17-03 19:06:50,13.794,2.508,81.261,0.502,0,4504704,140776,174400,3128440,8404435.621,76533.366,12.039,7817.061,3.010,153.492,4488,4396,1.690,1.650,0.960,0,0,3.010,0,0,18,301,0,21,0
17-03 19:06:51,14.983,5.244,76.912,0.999,0,4506312,155384,174600,3112196,10108941.371,70597.237,163.813,63811.000,3.995,241.723,4723,3703,1.690,1.650,0.960,2,0,2.997,0,0,18,301,0,21,0
17-03 19:06:52,21.702,3.991,71.094,1.497,0,4518828,136068,177920,3112260,6718.260,1616.454,0,69766.931,0,309.321,2054,3247,1.690,1.650,0.960,1,0,0,0,0,18,301,0,21,0
17-03 19:06:53,22.250,4.250,70.999,0.750,0,4533860,129256,178576,3102636,14850.703,1619.968,0,2211.956,0,92.998,1733,2758,1.640,1.640,0.960,3,0,0,0,0,18,301,0,21,0
17-03 19:06:54,23.996,3.499,71.237,0.750,0,4522020,133832,179592,3106140,12196.731,1619.699,0,2859.468,0,103.981,1794,2813,1.640,1.640,0.960,2,0,0,0,0,18,301,0,21,0
17-03 19:06:55,22.264,4.003,70.795,1.001,0,4524288,127568,181196,3106372,14217.127,1663.068,0,2981.914,0,83.053,1994,3178,1.640,1.640,0.960,1,0,0,0,0,18,301,0,21,0
17-03 19:06:56,18.734,3.497,75.685,0.749,0,4525888,128044,182288,3101712,16253.973,3474.002,0,2981.427,0,98.915,1799,2846,1.640,1.640,0.960,1,0,0,0,0,18,302,0,21,0
17-03 19:06:57,25.508,3.251,71.521,0,0,4505004,180068,182320,3070540,14724.358,2142.634,20.006,26891.960,3.001,264.078,1762,2194,1.640,1.640,0.960,1,0,6.002,0,0,18,299,0,21,0
17-03 19:06:58,22.758,5.752,69.774,0,0,4497796,186824,182320,3071028,13005.396,1714.580,0,1768.598,0,7.002,9448,18814,1.590,1.630,0.960,1,0,12.004,0,0,18,299,0,19,0
17-03 19:06:59,26.249,4.250,68.248,0,0,4522028,162436,182320,3071172,8663.749,1619.953,0,23.999,0,6.000,9055,18326,1.590,1.630,0.960,1,0,14.000,0,0,18,299,0,19,0
17-03 19:07:00,22.999,4.000,70.746,0.250,0,4496124,188100,182320,3071364,13230.272,1619.911,171.991,1351.926,5.000,19.999,1796,2476,1.590,1.630,0.960,1,0,6.000,0,0,18,299,0,19,0
17-03 19:07:01,25.001,3.750,70.502,0.500,0,4512764,167528,182680,3074416,9871.296,1662.050,632.019,1988.060,15.000,62.002,3323,6227,1.590,1.630,0.960,1,0,2.000,0,0,18,300,0,24,0
17-03 19:07:02,23.328,8.027,65.720,1.756,0,4459772,219088,182680,3075848,6041.196,1462.890,778.603,6706.420,41.138,609.036,6165,12303,1.590,1.630,0.960,1,0,185.621,0,0,18,301,0,26,0
17-03 19:07:03,11.986,11.986,71.170,5.494,0,4448852,204320,182680,3101512,11603.922,1618.176,25627.118,2341.361,927.954,255.712,3893,6460,1.540,1.620,0.960,0,1,263.703,0,0,18,301,0,28,0
17-03 19:07:04,5.483,1.994,83.738,6.231,0,4450328,196288,182680,3108068,8986.916,2724.486,6503.676,2532.087,1314.891,101.682,2890,5221,1.540,1.620,0.960,0,0,5.981,0,0,18,302,0,28,0
17-03 19:07:05,2.752,1.251,94.581,0,0,4450780,195784,182680,3108116,54046.480,5099.385,0,112.096,0,8.007,1409,2125,1.540,1.620,0.960,0,0,0,0,0,18,302,0,28,0
17-03 19:07:06,3.502,2.001,92.566,0,0,4431860,213688,182712,3109100,19311.692,129119.546,1224.868,836.593,32.023,12.009,1485,2231,1.540,1.620,0.960,0,0,27.019,0,0,18,301,0,26,0
17-03 19:07:07,1.499,0.250,95.712,0.250,0,4431620,213716,182712,3109268,8315.657,1619.349,0,35.986,0,4.998,1101,1869,1.540,1.620,0.960,0,0,0,0,0,18,301,0,26,0
17-03 19:07:08,1.500,0.750,96.780,0,0,4431620,213716,182712,3109268,12253.750,1620.496,0,0,0,0,1052,1648,1.420,1.590,0.950,0,0,0,0,0,18,301,0,26,0
17-03 19:07:09,2.247,0.999,95.387,0,0,4431620,213716,182712,3109268,8579.876,1498.232,0,47.943,0,2.996,1106,1800,1.420,1.590,0.950,0,0,0.999,0,0,18,301,0,25,0
17-03 19:07:10,2.751,0.500,94.291,0,0,4431612,213716,182712,3109276,13137.715,1620.705,0,420.183,0,42.018,1605,2689,1.420,1.590,0.950,0,0,0,0,0,18,301,0,25,0
17-03 19:07:11,1.499,0.250,95.935,0,0,4431608,213716,182712,3109280,9552.495,1618.898,0,0,0,0,1173,1934,1.420,1.590,0.950,0,0,0,0,0,18,301,0,22,0
17-03 19:07:12,2.251,1.251,94.549,0.500,0,4431608,213716,182712,3109280,12002.217,1620.840,0,480.249,0,49.025,1604,2749,1.420,1.590,0.950,0,0,0,0,0,18,301,0,22,0
17-03 19:07:13,13.273,4.758,79.887,0,0,4434164,211144,182712,3109284,9384.103,1622.785,512.880,124.213,4.007,18.031,1629,2400,1.380,1.580,0.950,2,0,8.014,0,0,18,301,0,22,0
17-03 19:07:14,14.473,2.994,81.600,0.250,0,4431180,213988,182712,3109420,6131.718,1710.852,511.060,179.669,3.993,10.980,1551,2232,1.380,1.580,0.950,0,0,3.993,0,0,18,301,0,22,0
17-03 19:07:15,3.000,0.500,96.239,0,0,4431180,213988,182712,3109420,8108.076,1457.834,0,31.996,0,4.000,1103,1720,1.380,1.580,0.950,0,0,0,0,0,18,301,0,18,0
17-03 19:07:16,2.250,1.250,94.751,0,0,4431180,213988,182712,3109420,12919.155,1620.019,0,248.003,0,25.000,1339,2092,1.380,1.580,0.950,0,0,0,0,0,18,301,0,18,0
17-03 19:07:17,2.000,0.250,96.266,0,0,4431180,213988,182712,3109420,7679.305,1620.275,0,32.005,0,4.001,1203,1939,1.380,1.580,0.950,0,0,0,0,0,18,301,0,16,0
17-03 19:07:18,2.508,0.251,96.294,0,0,4431404,213764,182712,3109420,13530.322,1624.963,0,730.230,0,140.429,1213,1825,1.270,1.550,0.950,0,0,0,0,0,18,301,0,16,0
17-03 19:07:19,1.495,0.249,95.954,0,0,4431404,213764,182712,3109420,7250.646,1615.021,0,0,0,0,1096,1859,1.270,1.550,0.950,0,0,0.997,0,0,18,301,0,13,0
17-03 19:07:20,3.250,1.250,94.753,0.250,0,4431400,213764,182712,3109424,12459.411,1620.053,0,252.008,0,36.001,1363,2124,1.270,1.550,0.950,1,0,0,0,0,18,301,0,13,0
17-03 19:07:21,2.000,0.250,96.253,0,0,4431400,213764,182712,3109424,12885.412,1620.052,0,0,0,0,1135,1776,1.270,1.550,0.950,0,0,0,0,0,18,301,0,11,0
17-03 19:07:22,2.750,0.750,94.256,0.250,0,4431400,213764,182712,3109424,6169.420,1458.099,0,652.044,0,56.004,1584,2798,1.270,1.550,0.950,1,0,0,0,0,18,301,0,11,0
17-03 19:07:23,1.750,1.000,94.751,0.250,0,4432452,212644,182712,3109432,7115.107,1690.025,0,10256.154,0,60.001,1351,2223,1.170,1.530,0.940,0,0,0,0,0,18,301,0,11,0
17-03 19:07:24,2.000,1.000,96.250,0.250,0,4432448,212644,182712,3109436,13681.986,1619.998,0,176.000,0,11.000,1193,1870,1.170,1.530,0.940,0,0,0,0,0,18,301,0,11,0
17-03 19:07:25,5.752,1.751,89.778,0.250,0,4432384,212644,182712,3109500,9813.022,1620.499,0,264.081,0,30.009,2795,5133,1.170,1.530,0.940,0,0,0,0,0,18,301,0,11,0
17-03 19:07:26,5.998,1.499,92.219,0,0,4432324,212644,182712,3109560,12856.706,1619.459,0,87.971,0,11.996,1635,2500,1.170,1.530,0.940,0,0,0,0,0,18,301,0,11,0
17-03 19:07:27,2.000,0,96.006,0,0,4432324,212644,182712,3109560,9755.615,1620.102,0,0,0,0,1199,1886,1.170,1.530,0.940,0,0,0,0,0,18,301,0,11,0
17-03 19:07:28,2.500,3.500,92.745,0.250,0,4435184,209984,182712,3109564,13034.296,1511.918,0,117485.656,0,518.972,2132,3020,1.080,1.500,0.940,0,0,0,0,0,18,301,0,11,0
17-03 19:07:29,2.250,0.750,96.515,0,0,4435184,209984,182712,3109564,11329.813,1608.257,0,576.092,0,101.016,1201,1875,1.080,1.500,0.940,1,0,1.000,0,0,18,301,0,11,0
17-03 19:07:30,2.000,0.500,96.271,0,0,4435184,209984,182712,3109564,7064.561,1620.358,0,108.024,0,1.000,1102,1834,1.080,1.500,0.940,0,0,0,0,0,18,301,0,11,0
17-03 19:07:31,1.500,1.250,96.227,0,0,4435184,209984,182712,3109564,13512.703,1619.605,0,3.999,0,1.000,1143,1806,1.080,1.500,0.940,0,0,0,0,0,18,301,0,11,0
17-03 19:07:32,2.750,0.750,94.238,0.250,0,4435176,209984,182712,3109572,12429.421,1619.794,3.999,287.963,1.000,31.996,1557,2526,1.080,1.500,0.940,2,0,0,0,0,18,301,0,11,0
17-03 19:07:33,3.249,1.500,95.225,0,0,4435168,209984,182712,3109580,6658.222,1619.568,0,2507.331,0,19.995,1240,2058,0.990,1.480,0.930,0,0,0,0,0,18,301,0,10,0
17-03 19:07:34,2.251,0.750,95.549,0.250,0,4435100,209984,182712,3109648,13431.864,1620.828,64.033,412.211,1.001,29.015,1376,2208,0.990,1.480,0.930,0,0,0,0,0,18,301,0,10,0
17-03 19:07:35,2.998,0.999,94.699,0,0,4435100,209984,182712,3109648,12385.349,1511.188,0,111.940,0,15.991,1268,1978,0.990,1.480,0.930,0,0,0.999,0,0,18,301,0,10,0
17-03 19:07:36,2.501,1.500,96.024,0.250,0,4435096,209984,182712,3109652,12543.098,1080.267,0,56.014,0,6.001,1163,1832,0.990,1.480,0.930,0,0,0,0,0,18,301,0,10,0
17-03 19:07:37,5.001,1.250,91.764,0,0,4444024,200892,182720,3109808,232314.312,2244.341,164.025,0,5.001,0,1331,1943,0.990,1.480,0.930,1,0,7.001,0,0,18,301,0,10,0
17-03 19:07:38,12.247,3.999,81.981,0,0,4451500,193100,182744,3110100,235412.207,11017.389,219.948,47.989,10.997,2.999,1842,2362,0.990,1.470,0.930,0,0,35.991,0,0,18,301,0,10,0
