"pcp-dstat 6.2.0 CSV Output"
"Author:","PCP team <pcp@groups.io> and Dag Wieers <dag@wieers.com>",,,,"URL:","https://pcp.io/ and http://dag.wieers.com/home-made/dstat/"
"Host:","ubuntu",,,,"User:","ubuntu"
"Cmdline:","dstat -tcmndrylpg --tcp --output /tmp/devstack_logs/dstat-csv.log",,,,"Date:","06 Apr 2026 08:16:59 UTC"
"system","total usage",,,,,"memory usage",,,,"net/total",,"dsk/total",,"io/total",,"system",,"load avg",,,"procs",,,"paging",,"tcp sockets",,,,
"time","total usage:usr","total usage:sys","total usage:idl","total usage:wai","total usage:stl","used","free","buf","cach","net/total:recv","net/total:send","dsk/total:read","dsk/total:writ","read","writ","int","csw","1m","5m","15m","run","blk","new","in","out","lis","act","syn","tim","clo"
06-04 08:16:59,,987804,1397932,173800,5247908,,,,,,,1.360,0.970,0.560,1,0,,,,10,4,0,17,0
06-04 08:17:00,20.977,21.726,55.440,0.499,0,994256,1391016,173836,5248264,23619.244,8217.039,0,2285.508,0,81.911,6614,5711,1.360,0.970,0.560,2,0,497.458,0,0,10,5,0,17,0
06-04 08:17:01,19.236,19.485,59.205,0.250,0,1015764,1369008,173868,5249048,36905.227,11443.388,0,1422.929,0,52.960,6032,5266,1.360,0.970,0.560,1,0,346.739,0,0,10,6,0,17,0
06-04 08:17:02,29.449,19.466,49.914,0.499,0,1019672,1364528,173872,5249376,22138.691,12141.990,0,1752.967,0,48.915,6508,6590,1.360,0.970,0.560,6,0,242.580,0,0,10,6,0,17,0
06-04 08:17:03,20.245,7.998,69.733,0.750,0.250,1150016,1233492,173920,5374388,44459.258,14997.376,0,1859.551,0,57.986,3404,3540,1.360,0.970,0.560,1,0,59.986,0,0,11,5,0,17,1
06-04 08:17:04,28.565,11.025,58.384,0.752,0,1169368,1197120,173952,5390756,190945.787,16880.703,0,8002.347,0,280.643,4126,2732,1.330,0.970,0.560,2,0,106.244,0,0,11,7,0,17,1
06-04 08:17:05,37.200,13.981,47.686,0.749,0,1203984,1146548,174908,5403252,6371.416,1587.861,15.978,1585.863,0.999,77.895,4693,3332,1.330,0.970,0.560,2,0,175.763,0,0,11,6,0,19,2
06-04 08:17:06,44.232,5.748,49.230,0.250,0,1253480,1077144,175476,5420184,5815.692,1511.400,15.994,2578.976,1.000,44.982,2944,1668,1.330,0.970,0.560,2,0,0,0,0,11,6,0,19,2
06-04 08:17:07,39.333,5.762,48.102,5.261,0,1294148,1007028,176452,5446024,4882.361,1569.330,0,15276.419,0,862.831,5884,8352,1.330,0.970,0.560,1,1,10.021,0,0,11,8,0,19,2
06-04 08:17:08,29.664,7.478,44.870,14.957,0,1291048,974492,177776,5477336,4473.040,1561.476,0,44355.487,0,3205.712,13007,24293,1.330,0.970,0.560,4,0,44.870,0,0,11,8,0,19,2
06-04 08:17:09,34.768,9.005,47.024,7.004,0,1239988,1013240,178580,5487056,9936.046,3574.815,0,36878.727,0,2483.261,10240,16438,1.460,1,0.570,2,0,102.052,0,0,11,7,0,19,2
06-04 08:17:10,43.867,6.768,48.379,0.251,0,1265276,1005396,178580,5469988,5181.786,2346.242,0,910.422,0,56.149,3083,1705,1.460,1,0.570,2,0,19.051,0,0,11,4,0,19,0
06-04 08:17:11,41.678,4.991,51.161,1.497,0,1292896,971996,178620,5475260,10127.393,3909.204,0,9104.172,0,505.122,3622,3413,1.460,1,0.570,3,0,17.969,0,0,11,4,0,19,0
06-04 08:17:12,39.232,6.997,53.226,0,0,1321812,942432,178620,5475736,11452.774,4450.969,0,735.664,0,57.974,2941,1923,1.460,1,0.570,2,0,27.987,0,0,11,5,0,19,0
06-04 08:17:13,43.865,8.021,46.121,0.251,0.251,1315528,942048,178640,5481108,4854.715,1798.711,0,1082.836,0,66.173,9206,16703,1.460,1,0.570,2,0,14.037,0,0,11,4,0,19,0
06-04 08:17:14,33.245,21.247,43.743,0,0,1247864,1009232,178652,5481468,5236.218,1499.776,0,175.974,0,3.999,12724,20054,1.500,1.020,0.580,5,0,326.951,0,0,11,4,0,19,0
06-04 08:17:15,29.200,24.708,44.175,0.749,0,1144560,1125388,178668,5470168,4172.924,1078.172,0,3098.746,0,213.638,5959,4429,1.500,1.020,0.580,4,0,369.374,0,0,11,4,0,19,0
06-04 08:17:16,32.047,18.026,48.320,0,0,1131392,1138404,178672,5470644,4853.043,1568.276,0,12.017,0,3.004,5723,7351,1.500,1.020,0.580,3,0,292.424,0,0,11,4,0,19,0
06-04 08:17:17,45.394,8.231,45.394,0,0,1235180,1034584,178688,5470772,4890.598,1508.483,0,3.991,0,0.998,3365,1854,1.500,1.020,0.580,3,0,76.821,0,0,11,5,0,19,0
06-04 08:17:18,43.985,6.998,48.733,0,0,1265212,1004092,178712,5471208,5338.127,1703.402,0,207.927,0,2.999,2755,1307,1.500,1.020,0.580,2,0,0,0,0,11,5,0,19,0
06-04 08:17:19,33.238,12.246,52.981,0.750,0,1302772,963964,178848,5473640,4773.327,1457.489,0,25163.178,0,735.742,5451,5368,1.540,1.030,0.590,2,0,108.962,0,0,11,4,0,19,0
06-04 08:17:20,17.022,6.258,75.596,0,0,1351456,915284,178856,5473648,5406.882,1622.064,0,656.836,0,5.006,2224,1844,1.540,1.030,0.590,1,0,31.040,0,0,11,4,0,19,0
06-04 08:17:21,22.284,3.505,73.613,0,0,1379668,887060,178856,5473656,4825.389,1460.236,0,0,0,0,1880,1387,1.540,1.030,0.590,2,0,2.003,0,0,11,4,0,17,0
06-04 08:17:22,22.996,2.000,72.238,1.000,0,1405696,860880,178888,5473892,5639.054,1619.728,0,1327.777,0,176.970,3518,4460,1.540,1.030,0.590,1,0,1.000,0,0,11,10,0,17,0
06-04 08:17:23,20.471,6.241,72.147,0.499,0,1401312,865240,178908,5473896,5152.666,1617.698,0,2604.293,0,153.781,2578,2215,1.540,1.030,0.590,2,0,41.940,0,0,11,4,0,19,0
06-04 08:17:24,19.537,2.755,77.145,0.250,0,1419720,846312,179044,5474216,8158.287,4012.519,144.270,13801.862,7.013,121.227,2159,1835,1.500,1.030,0.590,1,0,0,0,0,11,11,0,19,0
06-04 08:17:25,19.955,2.744,75.331,0.499,0,1418128,847536,179092,5474472,10435.557,6725.891,267.399,2147.177,65.852,28.935,2889,2917,1.500,1.030,0.590,1,0,2.993,0,0,11,29,0,15,0
06-04 08:17:26,20.264,5.254,73.052,0,0,1432008,833648,179092,5474480,5508.921,2542.810,0,0,0,0,2298,1648,1.500,1.030,0.590,1,0,43.031,0,0,11,28,0,16,0
06-04 08:17:27,17.476,3.745,78.393,0.250,0,1451772,813836,179092,5474492,9666.806,7047.381,0,279.618,0,3.995,1979,1536,1.500,1.030,0.590,0,0,5.992,0,0,11,29,0,16,0
06-04 08:17:28,25.761,14.006,58.776,0,0,1436492,829100,179092,5474508,4762.096,1320.581,0,2273.000,0,17.007,3697,2572,1.500,1.030,0.590,2,0,156.069,0,0,11,28,0,17,0
06-04 08:17:29,36.261,5.502,57.018,0,0,1480680,784904,179092,5474516,12885.015,9280.892,0,26816.355,0,181.056,3424,2673,1.540,1.050,0.600,3,0,0,0,0,11,30,0,17,0
06-04 08:17:30,33.831,9.272,56.384,0,0,1421072,844304,179100,5474716,15950.974,12336.369,0,854.033,0,30.072,6608,8194,1.540,1.050,0.600,4,0,104.248,0,0,11,28,0,18,0
06-04 08:17:31,68.013,27.505,3.751,0,0,1577604,687744,179100,5474744,4158.823,1458.289,0,332.066,0,22.004,5770,4840,1.540,1.050,0.600,6,0,475.094,0,0,11,28,0,18,0
06-04 08:17:32,86.882,11.484,1.498,0,0,1757972,507364,179100,5474764,20724.881,18311.156,0,778.943,0,2.996,5572,4407,1.540,1.050,0.600,5,0,0,0,0,11,32,0,18,0
06-04 08:17:33,76.753,13.501,9.750,0,0,1780048,485044,179100,5475000,31423.229,27704.084,0,1104.043,0,80.003,8782,21953,1.540,1.050,0.600,7,0,127.005,0,0,11,30,0,20,0
06-04 08:17:34,24.999,13.499,60.498,0.250,0,1535784,729276,179100,5475028,8158.678,4179.835,0,747.970,0,40.998,4707,4582,1.580,1.070,0.610,1,0,218.991,0,0,11,28,0,22,0
06-04 08:17:35,19.015,2.502,77.810,0,0,1519876,745180,179100,5475032,9494.302,5694.380,0,136.105,0,9.007,1901,1571,1.580,1.070,0.610,1,0,0,0,0,11,29,0,22,0
06-04 08:17:36,15.207,6.232,76.035,0.249,0,1438304,826736,179100,5475048,8561.783,4475.341,0,534.488,0,40.884,3527,3528,1.580,1.070,0.610,1,0,67.808,0,0,11,28,0,23,0
06-04 08:17:37,19.248,3.000,76.994,0,0,1491412,773624,179100,5475052,7068.410,3830.680,0,0,0,0,1707,1211,1.580,1.070,0.610,0,0,0,0,0,11,29,0,23,0
06-04 08:17:38,17.285,5.010,77.158,0,0,1476440,788572,179100,5475072,11029.574,6519.343,0,168.345,0,19.039,3411,3581,1.580,1.070,0.610,1,0,42.086,0,0,11,28,0,24,0
06-04 08:17:39,6.997,23.488,67.716,0,0,1459464,805536,179104,5475080,5954.022,1619.190,0,179.910,0,7.996,5651,3745,1.690,1.100,0.620,1,0,404.798,0,0,11,28,0,24,0
06-04 08:17:40,51.610,31.066,16.285,0.251,0,1523852,741128,179104,5475092,5369.440,1461.113,0,89827.390,0,640.364,6585,5903,1.690,1.100,0.620,5,0,592.262,0,0,11,28,0,24,0
06-04 08:17:41,82.719,10.746,6.498,0,0,1715952,548948,179104,5475144,21202.009,18359.081,0,655.753,0,33.987,5400,3751,1.690,1.100,0.620,4,0,1.000,0,0,11,33,0,24,0
06-04 08:17:42,70.262,10.502,17.503,0.500,0,1698828,565764,179108,5475448,39749.653,34155.717,0,608.102,0,79.013,11029,16744,1.690,1.100,0.620,5,0,52.009,0,0,11,28,0,25,0
06-04 08:17:43,79.343,20.459,0.250,0,0,1613836,650748,179108,5475456,3419.230,485.040,0,199.605,0,10.978,5282,3680,1.690,1.100,0.620,6,0,257.490,0,0,11,28,0,25,0
06-04 08:17:44,84.548,11.256,4.503,0,0,1783740,480736,179108,5475564,27758.688,24849.043,0,156.088,0,10.006,5905,5800,1.960,1.160,0.640,4,0,0,0,0,11,34,0,25,0
06-04 08:17:45,73.352,10.264,15.021,0,0,1776200,487912,179108,5475928,43683.480,38481.277,0,1914.651,0,128.177,9744,14914,1.960,1.160,0.640,4,0,100.139,0,0,11,30,0,29,0
06-04 08:17:46,45.981,13.994,39.483,0,0,1558220,705860,179108,5475960,7598.819,3776.419,0,359.849,0,25.989,4743,4118,1.960,1.160,0.640,2,0,197.917,0,0,11,28,0,30,0
06-04 08:17:47,36.405,4.239,58.347,0,0,1573248,690816,179116,5475968,12232.005,9253.795,0,151.603,0,10.971,2914,2091,1.960,1.160,0.640,2,0,0,0,0,11,30,0,30,0
06-04 08:17:48,32.270,19.262,47.529,0,0,1494632,769256,179116,5476140,16038.842,12166.466,0,856.526,0,52.032,6733,7830,1.960,1.160,0.640,3,0,378.232,0,0,11,28,0,32,0
06-04 08:17:49,60.723,9.496,29.487,0.250,0,1602564,661304,179116,5476160,7982.509,4881.865,0,127.944,0,10.995,3595,1679,2.040,1.190,0.660,1,0,1.999,0,0,11,30,0,32,0
06-04 08:17:50,45.299,5.506,47.050,0,0,1597396,666404,179116,5476228,29973.109,24669.428,0,320.343,0,23.025,7255,9935,2.040,1.190,0.660,3,0,0,0,0,11,29,0,32,0
06-04 08:17:51,73.898,21.543,5.261,0.251,0,1550472,713308,179124,5476240,5624.281,1764.539,0,3531.082,0,213.428,5936,4689,2.040,1.190,0.660,5,0,259.521,0,0,11,28,0,32,0
06-04 08:17:52,64.489,7.470,27.140,0,0,1640272,623456,179124,5476288,26226.027,23342.678,0,239.034,0,18.924,6241,6258,2.040,1.190,0.660,5,0,0,0,0,11,32,0,32,0
06-04 08:17:53,58.486,17.320,23.093,0.251,0,1540296,723340,179140,5476364,24926.624,20228.659,0,1951.879,0,126.511,8850,11929,2.040,1.190,0.660,3,0,325.313,0,0,11,28,0,35,0
06-04 08:17:54,53.095,7.229,38.887,0,0,1603088,660464,179140,5476448,11581.227,9909.104,0,0,0,0,3370,1952,2.120,1.220,0.670,2,0,0,0,0,11,31,0,31,0
06-04 08:17:55,52.403,9.026,37.860,0.251,0,1580328,682960,179144,5476772,27674.672,22175.643,0,6133.880,0,355.035,7839,10172,2.120,1.220,0.670,3,0,73.213,0,0,11,28,0,33,0
06-04 08:17:56,60.322,18.196,20.440,0,0.249,1594284,668984,179152,5476784,4205.558,1453.699,0,199.410,0,16.950,4204,2753,2.120,1.220,0.670,3,0,225.333,0,0,11,28,0,33,0
06-04 08:17:57,46.760,4.751,48.010,0,0,1631296,631904,179152,5476844,27045.630,24300.058,0,108.022,0,6.001,6579,7910,2.120,1.220,0.670,3,0,0,0,0,11,31,0,33,0
06-04 08:17:58,55.999,19.250,24.500,0,0,1525296,737604,179152,5477144,10851.883,6651.928,0,271.997,0,25.000,5546,5023,2.120,1.220,0.670,3,0,286.997,0,0,11,28,0,33,0
06-04 08:17:59,54.565,6.257,39.047,0,0,1599812,663064,179152,5477168,17232.546,14058.762,0,152.181,0,7.008,4240,3232,2.190,1.250,0.680,4,0,0,0,0,11,31,0,33,0
06-04 08:18:00,51.072,11.766,36.051,0.250,0,1540308,722376,179152,5477360,18567.026,14721.636,0,1249.752,0,100.140,7593,9116,2.190,1.250,0.680,3,0,112.157,0,0,11,28,0,35,0
06-04 08:18:01,54.447,7.493,37.713,0,0,1620512,642152,179152,5477380,14905.402,11755.487,0,2189.855,0,85.916,4028,2510,2.190,1.250,0.680,3,0,0.999,0,0,11,31,0,35,0
06-04 08:18:02,51.800,11.761,35.534,0,0,1561632,700948,179152,5477456,21048.116,17028.274,0,280.268,0,32.031,7851,9426,2.190,1.250,0.680,5,0,190.182,0,0,11,28,0,37,0
06-04 08:18:03,71.006,26.502,2.000,0,0,1592252,670288,179152,5477496,4946.423,1620.139,0,204.017,0,21.002,5479,4468,2.190,1.250,0.680,8,0,442.038,0,0,11,28,0,37,0
06-04 08:18:04,78.996,19.249,1.000,0,0,1772840,489640,179152,5477524,19156.061,14310.299,0,147.993,0,6.000,6066,5370,2.650,1.370,0.720,6,0,392.981,0,0,11,32,0,37,0
06-04 08:18:05,74.276,19.691,5.733,0,0,1798180,464048,179152,5477764,46587.645,40768.177,0,1463.591,0,65.802,8611,10999,2.650,1.370,0.720,10,0,421.729,0,0,11,30,0,38,0
06-04 08:18:06,76.228,24.072,0.251,0,0,1620572,641448,179152,5477972,17814.334,13210.551,0,308.925,0,22.066,6810,6588,2.650,1.370,0.720,5,0,407.219,0,0,11,28,0,36,0
06-04 08:18:07,81.401,11.236,7.241,0,0,1699836,562124,179152,5478028,18495.528,16421.048,0,35.956,0,0.999,5163,3479,2.650,1.370,0.720,4,0,0,0,0,11,32,0,36,0
06-04 08:18:08,69.268,12.253,16.754,0,0,1647524,614184,179152,5478272,44200.768,39243.448,0,8.002,0,2.001,9136,15430,2.650,1.370,0.720,5,0,160.043,0,0,11,29,0,39,1
06-04 08:18:09,20.981,23.979,52.953,0,0,1533648,728036,179152,5478296,9198.834,5716.925,0,11.989,0,2.997,5853,5247,2.920,1.440,0.750,1,0,496.559,0,0,11,28,0,41,0
06-04 08:18:10,29.554,35.064,34.063,0,0.250,1512560,749100,179152,5478316,4225.756,1460.681,0,64.118,0,13.024,6068,5172,2.920,1.440,0.750,8,0,763.401,0,0,11,28,0,41,0
06-04 08:18:11,73.999,14.750,11.000,0,0,1633540,628072,179152,5478360,13782.726,11828.765,0,403.992,0,19.000,5034,3586,2.920,1.440,0.750,2,0,183.996,0,0,11,31,0,41,0
06-04 08:18:12,61.477,10.246,27.489,0.250,0,1581524,679868,179164,5478560,26887.726,22457.419,0,979.626,0,85.967,7344,10589,2.920,1.440,0.750,3,0,87.966,0,0,11,29,0,44,0
06-04 08:18:13,75.036,16.508,8.754,0,0,1605356,656008,179168,5478584,8529.040,5678.690,0,332.157,0,28.013,5525,4007,2.920,1.440,0.750,4,0,180.085,0,0,11,29,0,45,0
06-04 08:18:14,63.942,6.744,28.724,0,0,1627024,634268,179168,5478656,31193.527,27015.341,0,175.839,0,9.991,6679,8990,3.010,1.490,0.770,3,0,0,0,0,11,32,0,45,0
06-04 08:18:15,50.452,7.243,41.211,0,0,1612088,648800,179172,5479052,44542.782,39679.392,0,743.295,0,22.978,13389,20368,3.010,1.490,0.770,5,0,14.986,0,0,11,31,0,45,0
06-04 08:18:16,75.890,15.028,8.015,0,0,1552716,708108,179184,5479096,13598.060,9199.954,0,3193.886,0,165.305,6584,6961,3.010,1.490,0.770,4,0,105.194,0,0,11,28,0,45,0
06-04 08:18:17,68.120,7.985,22.457,0,0,1645716,615080,179184,5479124,25198.753,21627.590,0,191.633,0,10.979,5720,5734,3.010,1.490,0.770,6,0,0,0,0,11,32,0,45,0
06-04 08:18:18,54.804,6.006,37.287,0,0,1650112,610408,179192,5479384,42616.965,37614.039,0,172.170,0,10.010,10953,17144,3.010,1.490,0.770,4,0,0,0,0,11,31,0,46,0
06-04 08:18:19,66.561,18.517,15.264,0,0,1561596,698724,179192,5479580,26694.282,21914.934,0,160.146,0,9.008,8830,11368,3.090,1.530,0.780,4,0,260.237,0,0,11,28,0,49,0
06-04 08:18:20,72.438,9.708,16.429,0,0,1643560,616712,179196,5479624,16790.582,14485.524,0,151.347,0,7.966,5023,3693,3.090,1.530,0.780,4,0,0,0,0,11,32,0,49,0
06-04 08:18:21,62.426,8.023,29.082,0,0,1591988,668056,179196,5479840,38782.498,33889.684,0,505.427,0,12.034,10000,15090,3.090,1.530,0.780,3,0,45.127,0,0,11,30,0,51,0
06-04 08:18:22,79.613,14.771,5.257,0,0,1576988,682884,179200,5480004,13374.942,8674.285,0,328.465,0,33.047,5957,5940,3.090,1.530,0.780,4,0,84.119,0,0,11,28,0,51,0
06-04 08:18:23,64.671,7.990,27.217,0.499,0,1664940,594888,179200,5480048,22645.369,19713.946,0,319.610,0,34.957,5138,4884,3.090,1.530,0.780,3,0,0,0,0,11,30,0,53,0
06-04 08:18:24,64.003,14.942,18.927,0,0,1734156,525600,179200,5480116,25620.071,20005.750,0,159.385,0,9.962,8023,10734,3.160,1.570,0.800,3,0,119.538,0,0,11,30,0,53,0
06-04 08:18:25,63.042,11.805,24.363,0.251,0,1740920,518612,179200,5480300,33316.157,27684.097,0,317.469,0,31.144,6425,9727,3.160,1.570,0.800,7,0,130.604,0,0,11,34,0,55,0
06-04 08:18:26,75.037,15.007,10.505,0,0,1610044,649456,179200,5480336,17873.757,13840.781,0,284.139,0,43.021,5431,5710,3.160,1.570,0.800,4,0,101.050,0,0,11,33,0,57,0
06-04 08:18:27,67.502,11.000,20.751,0,0,1689056,570260,179204,5480516,25607.933,21592.787,0,120.004,0,8.000,6399,7007,3.160,1.570,0.800,4,0,40.001,0,0,11,34,0,56,0
06-04 08:18:28,66.993,9.999,20.998,0,0,1648556,610692,179208,5480580,21027.884,17592.230,0,335.966,0,36.996,7528,8865,3.160,1.570,0.800,4,0,43.996,0,0,11,33,0,58,0
06-04 08:18:29,52.992,13.998,32.995,0,0,1559016,700220,179208,5480588,13959.767,10761.278,0,283.955,0,23.996,4693,4207,3.310,1.630,0.820,3,0,187.970,0,0,11,33,0,59,0
06-04 08:18:30,53.078,10.715,35.884,0,0,1587628,671420,179208,5480772,14324.570,10973.432,0,466.488,0,58.809,4772,4145,3.310,1.630,0.820,1,0,59.806,0,0,11,34,0,60,0
06-04 08:18:31,51.079,10.266,37.057,0.250,0,1583008,675988,179212,5480820,23027.694,17932.796,0,705.093,0,17.026,7001,7615,3.310,1.630,0.820,3,0,97.151,0,0,11,33,0,59,1
06-04 08:18:32,54.824,11.516,34.046,0,0,1519580,739252,179212,5480980,16395.131,12701.145,0,3212.336,0,144.195,4794,5251,3.310,1.630,0.820,3,0,86.116,0,0,11,33,0,61,0
06-04 08:18:33,58.161,9.735,31.452,0,0,1595768,662984,179216,5481056,16442.797,13857.760,0,211.676,0,14.977,5541,14742,3.310,1.630,0.820,1,0,55.914,0,0,11,34,0,63,0
06-04 08:18:34,30.269,9.756,58.287,0.250,0,1583928,674760,179224,5481104,19862.656,15158.659,0,308.196,0,23.015,6266,7633,3.280,1.650,0.840,1,0,133.085,0,0,11,33,0,64,0
06-04 08:18:35,39.638,10.720,48.861,0,0,1494416,764260,179224,5481116,7782.917,2987.523,0,275.219,0,21.938,3750,2633,3.280,1.650,0.840,2,0,67.808,0,0,11,32,0,58,0
06-04 08:18:36,34.512,4.752,59.520,0,0,1507744,750912,179224,5481136,19062.519,14983.124,0,316.108,0,13.004,4159,4189,3.280,1.650,0.840,2,0,0,0,0,11,33,0,59,0
06-04 08:18:37,35.636,11.795,52.200,0,0,1502036,756488,179224,5481264,9844.666,5803.203,0,220.845,0,19.073,4967,4610,3.280,1.650,0.840,2,0,134.515,0,0,11,32,0,60,0
06-04 08:18:38,36.458,5.743,56.685,0.250,0,1523008,735508,179224,5481272,11101.354,7074.941,0,219.750,0,16.981,2798,2321,3.280,1.650,0.840,3,0,3.995,0,0,11,33,0,60,0
06-04 08:18:39,34.923,8.232,56.625,0,0,1488588,769776,179224,5481424,15849.935,11738.032,0,243.461,0,21.951,4369,4790,3.260,1.670,0.850,1,0,59.868,0,0,11,33,0,59,0
06-04 08:18:40,38.008,5.751,55.261,0.250,0,1482640,775588,179224,5481560,12219.472,7678.553,0,256.052,0,19.004,3440,2778,3.260,1.670,0.850,4,0,5.001,0,0,11,33,0,60,0
06-04 08:18:41,35.093,6.517,57.401,0,0,1483920,774280,179224,5481588,17011.887,13072.492,0,545.439,0,13.034,4989,5472,3.260,1.670,0.850,2,0,44.116,0,0,11,33,0,61,0
06-04 08:18:42,38.107,5.729,54.546,0,0,1508596,749560,179228,5481624,11058.581,7774.880,0,310.836,0,27.896,4230,4139,3.260,1.670,0.850,3,0,4.981,0,0,11,33,0,62,0
06-04 08:18:43,35.518,4.252,58.279,0.500,0,1552692,705436,179232,5481648,16703.394,13318.693,0,2185.098,0,130.065,3730,4604,3.260,1.670,0.850,1,0,0,0,0,11,34,0,61,0
06-04 08:18:44,26.096,15.808,57.211,0,0,1510388,747640,179236,5481740,16488.766,11283.584,0,228.843,0,22.081,5988,6487,3.080,1.660,0.850,3,0,266.984,0,0,11,33,0,62,0
06-04 08:18:45,22.172,3.986,72.994,0,0,1468080,789944,179240,5481740,5411.054,1584.452,0,147.484,0,9.965,2130,1631,3.080,1.660,0.850,1,0,15.944,0,0,11,32,0,63,0
06-04 08:18:46,17.264,2.252,79.315,0,0,1475576,782312,179240,5481876,11551.474,8375.870,0,112.092,0,8.007,2276,2297,3.080,1.660,0.850,2,0,0,0,0,11,33,0,63,0
06-04 08:18:47,13.501,9.500,75.004,0.250,0,1463032,794828,179244,5481896,8880.464,5538.289,0,2564.134,0,164.009,4093,3983,3.080,1.660,0.850,1,0,142.007,0,0,11,32,0,59,0
06-04 08:18:48,16.538,11.526,71.664,0,0,1470972,786884,179244,5481900,4588.484,1461.339,0,112.256,0,11.025,3285,2383,3.080,1.660,0.850,1,0,142.325,0,0,11,32,0,59,0
06-04 08:18:49,18.208,2.494,78.569,0,0,1493064,764780,179244,5481912,10843.086,6636.751,0,71.835,0,5.986,1938,1616,2.910,1.650,0.850,1,0,0,0,0,11,33,0,59,0
06-04 08:18:50,16.998,5.499,75.993,0,0,1421712,836116,179244,5481928,11726.861,7299.291,0,4.000,0,1.000,3767,4076,2.910,1.650,0.850,1,0,45.996,0,0,11,32,0,60,0
06-04 08:18:51,20.490,1.999,75.713,0,0,1462188,795636,179244,5481932,6287.937,3626.234,0,43.979,0,1.000,1719,1255,2.910,1.650,0.850,0,0,1.000,0,0,11,33,0,57,0
06-04 08:18:52,18.237,2.748,78.695,0.500,0,1454352,803440,179244,5481960,14254.128,10546.696,0,279.806,0,12.991,3742,4955,2.910,1.650,0.850,1,0,0,0,0,11,33,0,57,0
06-04 08:18:53,13.536,13.285,71.688,0,0,1421460,836200,179248,5482084,7770.404,4666.253,0,200.527,0,22.058,4828,4461,2.910,1.650,0.850,1,0,203.534,0,0,11,32,0,57,0
06-04 08:18:54,13.479,23.963,61.157,0.250,0,1405612,851984,179260,5482136,4310.410,1078.351,0,451.310,0,29.954,5899,4453,2.840,1.660,0.860,2,0,422.354,0,0,11,32,0,59,0
06-04 08:18:55,43.733,6.747,48.482,0,0,1519696,737188,179340,5482760,3498.678,539.796,0,655.752,0,25.990,2812,1571,2.840,1.660,0.860,2,0,0,0,0,11,32,0,55,0
06-04 08:18:56,38.255,6.751,45.005,8.251,0,1555576,695024,179772,5488068,4278.517,1458.176,0,20066.425,0,1904.230,9170,16503,2.840,1.660,0.860,3,0,89.011,0,0,11,36,0,55,0
06-04 08:18:57,34.606,9.278,39.622,14.043,0,1575456,672092,180000,5490796,4874.972,1667.120,0,46707.445,0,4271.117,16099,32530,2.840,1.660,0.860,3,0,76.234,0,0,11,36,0,55,0
06-04 08:18:58,43.124,6.980,42.126,6.481,0,1515320,732620,180064,5490320,4564.612,1453.736,0,22402.293,0,1830.631,7922,13536,2.840,1.660,0.860,3,0,12.962,0,0,11,32,0,55,0
06-04 08:18:59,42.518,6.753,47.270,2.001,0,1508432,739392,180084,5490416,4999.134,1690.722,0,3433.466,0,521.223,5636,7113,2.770,1.660,0.860,2,1,2.001,0,0,11,34,0,51,0
06-04 08:19:00,37.228,7.745,42.724,10.244,0,1538492,708696,180288,5490844,4215.473,1457.127,0,18936.650,0,2470.519,14913,25936,2.770,1.660,0.860,2,0,1.999,0,0,11,34,0,51,0
06-04 08:19:01,28.245,9.998,61.239,0.250,0,1463644,783516,180288,5490872,4739.117,1619.698,0,2687.499,0,141.974,3521,2881,2.770,1.660,0.860,1,0,99.981,0,0,11,32,0,51,0
06-04 08:19:02,22.230,3.747,72.433,0.500,0,1504900,742224,180288,5490904,4735.636,1618.509,0,1306.796,0,79.926,1979,1469,2.770,1.660,0.860,1,0,1.998,0,0,11,32,0,51,0
06-04 08:19:03,22.074,5.017,71.742,0.502,0,1506424,740660,180300,5490928,3405.484,596.010,0,6313.290,0,423.428,2395,2593,2.770,1.660,0.860,1,0,1.003,0,0,11,32,0,51,0
06-04 08:19:04,22.188,3.739,73.294,0.249,0,1535024,712060,180300,5490928,5884.432,1400.058,0,47.865,0,3.989,1784,1189,2.630,1.650,0.860,1,0,1.994,0,0,11,32,0,47,0
06-04 08:19:05,22.002,3.500,73.505,0,0,1487760,759312,180300,5490940,6780.492,1620.118,0,8.001,0,2.000,1803,1187,2.630,1.650,0.860,2,0,1.000,0,0,11,32,0,47,0
06-04 08:19:06,22.047,3.758,73.405,0,0,1537148,709920,180308,5490932,6553.833,1623.427,0,0,0,0,1862,1268,2.630,1.650,0.860,1,0,2.004,0,0,11,32,0,47,0
06-04 08:19:07,23.460,2.246,73.375,0,0,1486356,760588,180308,5491016,4274.736,1239.893,0,35.939,0,0.998,1764,1133,2.630,1.650,0.860,1,0,0.998,0,0,11,32,0,47,0
06-04 08:19:08,22.478,3.746,73.427,0,0,1508016,738928,180308,5491016,4531.516,1294.719,0,0,0,0,1818,1274,2.630,1.650,0.860,1,0,1.998,0,0,11,32,0,46,0
06-04 08:19:09,23.027,3.004,73.337,0.250,0,1507308,739536,180316,5491096,4688.572,1567.863,0,220.262,0,3.004,1801,1254,2.500,1.640,0.860,1,0,1.001,0,0,11,32,0,46,0
06-04 08:19:10,21.749,4.250,73.496,0,0,1450208,796612,180320,5491116,4051.757,1511.909,0,411.975,0,26.998,1991,1677,2.500,1.640,0.860,1,0,1.000,0,0,11,32,0,46,0
06-04 08:19:11,21.768,3.753,73.061,0,0,1512276,734500,180320,5491128,3749.114,1026.853,0,60.050,0,5.004,1877,1286,2.500,1.640,0.860,1,0,3.002,0,0,11,32,0,46,0
06-04 08:19:12,22.238,3.498,73.459,0,0,1493716,753040,180324,5491144,4917.242,1619.092,0,7.996,0,1.999,1780,1237,2.500,1.640,0.860,3,0,0.999,0,0,11,32,0,41,0
06-04 08:19:13,22.501,3.250,73.754,0,0,1524696,722016,180324,5491156,4278.236,1500.083,0,0,0,0,1754,1188,2.500,1.640,0.860,1,0,1.000,0,0,11,32,0,41,0
06-04 08:19:14,22.253,3.500,73.508,0,0,1520420,726268,180324,5491180,5157.594,1620.187,0,148.017,0,33.004,1803,1245,2.380,1.630,0.870,1,0,2.000,0,0,11,32,0,41,0
06-04 08:19:15,19.300,7.018,73.441,0,0,1512312,734268,180324,5491288,4603.972,1515.942,0,4.010,0,1.003,2691,1823,2.380,1.630,0.870,2,0,83.216,0,0,11,32,0,41,0
06-04 08:19:16,8.236,21.963,68.386,0,0,1487140,759372,180324,5491344,5077.527,1563.391,0,878.534,0,9.983,6194,4749,2.380,1.630,0.870,1,0,488.185,0,0,11,32,0,37,0
06-04 08:19:17,8.267,21.044,69.144,0,0,1468616,777844,180328,5491388,4411.187,1244.592,0,805.678,0,14.029,5877,4372,2.380,1.630,0.870,1,0,411.858,0,0,11,32,0,37,0
06-04 08:19:18,9.220,19.936,69.526,0,0,1450956,795476,180328,5491416,4595.201,1387.532,0,0,0,0,5597,4112,2.380,1.630,0.870,1,0,384.761,0,0,11,32,0,37,0
06-04 08:19:19,21.255,4.501,74.018,0,0,1479196,767248,180328,5491404,5898.446,1620.397,0,0,0,0,1790,1280,2.270,1.620,0.870,1,0,0,0,0,11,32,0,37,0
06-04 08:19:20,22.046,3.758,73.152,0.251,0,1476236,770184,180328,5491428,5397.217,1569.261,0,593.233,0,37.077,2077,1693,2.270,1.620,0.870,3,0,3.006,0,0,11,32,0,33,0
06-04 08:19:21,22.204,3.742,73.598,0,0,1539092,707348,180328,5491408,4969.734,1616.660,0,63.868,0,5.988,1892,1396,2.270,1.620,0.870,3,0,2.994,0,0,11,32,0,33,0
06-04 08:19:22,22.537,3.005,73.870,0,0,1528612,717824,180328,5491408,5140.343,1514.458,0,24.039,0,2.003,1757,1159,2.270,1.620,0.870,1,0,1.002,0,0,11,32,0,33,0
06-04 08:19:23,20.710,4.491,73.359,0,0.250,1587320,659108,180328,5491416,5076.249,1562.998,0,3.992,0,0.998,1813,1246,2.270,1.620,0.870,1,0,1.996,0,0,11,32,0,33,0
06-04 08:19:24,22.810,3.259,73.693,0,0,1555620,690796,180328,5491428,4522.817,1136.971,0,12.031,0,1.003,1752,1096,2.170,1.610,0.870,1,0,1.003,0,0,11,32,0,29,0
06-04 08:19:25,22.197,3.492,73.824,0,0,1559252,687180,180328,5491412,4395.509,1023.557,0,462.895,0,95.771,1775,1217,2.170,1.610,0.870,2,0,1.995,0,0,11,32,0,29,0
06-04 08:19:26,22.000,3.500,73.751,0,0,1529856,716556,180328,5491432,4458.074,1458.024,0,20.000,0,1.000,1734,1173,2.170,1.610,0.870,3,0,1.000,0,0,11,32,0,29,0
06-04 08:19:27,22.499,5.000,71.997,0,0,1542436,703968,180328,5491420,4457.821,1457.942,0,2611.895,0,107.996,1974,1355,2.170,1.610,0.870,2,0,8.000,0,0,11,32,0,29,0
06-04 08:19:28,22.052,3.258,73.925,0,0,1515192,731200,180328,5491432,4390.367,1623.834,0,12.028,0,1.002,1720,1129,2.170,1.610,0.870,1,0,1.002,0,0,11,32,0,23,0
06-04 08:19:29,21.954,3.493,74.096,0,0,1561848,684572,180328,5491404,4469.736,1239.431,0,7.983,0,1.996,1788,1228,2.070,1.600,0.870,2,0,1.996,0,0,11,32,0,23,0
06-04 08:19:30,22.497,3.000,72.989,0.250,0,1522264,724128,180328,5491432,3995.399,1295.805,0,483.927,0,30.995,2003,1674,2.070,1.600,0.870,1,0,1.000,0,0,11,32,0,23,0
06-04 08:19:31,22.497,3.999,73.239,0,0,1545712,700764,180328,5491344,4591.301,1511.770,0,43.993,0,3.999,1861,1226,2.070,1.600,0.870,1,0,3.000,0,0,11,32,0,23,0
06-04 08:19:32,22.751,2.500,74.002,0,0,1513944,732444,180328,5491432,4680.148,1620.051,0,88.003,0,1.000,1775,1148,2.070,1.600,0.870,3,0,1.000,0,0,11,32,0,16,0
06-04 08:19:33,24.257,5.001,69.770,0,0,1532352,714036,180328,5493632,4607.340,1566.456,0,16.005,0,2.001,2239,3846,2.070,1.600,0.870,3,0,35.010,0,0,11,32,0,16,0
06-04 08:19:34,24.244,5.749,69.732,0,0,1537160,709248,180328,5491412,4755.761,1619.578,0,0,0,0,2690,6286,1.990,1.590,0.870,2,0,3.999,0,0,11,32,0,17,0
06-04 08:19:35,21.984,2.998,73.696,0,0,1512340,734048,180328,5491432,5072.270,1604.820,0,23.982,0,1.999,1773,1138,1.990,1.590,0.870,1,0,0.999,0,0,11,32,0,17,0
06-04 08:19:36,22.786,3.005,73.365,0,0,1524440,721968,180328,5491412,5274.244,1568.452,0,24.038,0,1.002,1818,1341,1.990,1.590,0.870,2,0,0,0,0,11,32,0,13,0
06-04 08:19:37,21.726,3.996,73.420,0,0,1503876,742520,180328,5491424,5140.403,1564.297,0,95.896,0,2.997,1835,1274,1.990,1.590,0.870,1,0,0.999,0,0,11,32,0,13,0
06-04 08:19:38,22.274,3.254,73.579,0,0,1522956,723440,180328,5491424,5137.548,1513.635,0,12.013,0,1.001,1749,1080,1.990,1.590,0.870,1,0,2.002,0,0,11,32,0,13,0
06-04 08:19:39,9.266,22.038,68.119,0,0,1492696,753640,180328,5491484,5712.942,1568.730,0,248.432,0,11.019,5937,4477,1.990,1.590,0.880,2,0,452.788,0,0,11,32,0,13,0
06-04 08:19:40,21.455,4.740,73.595,0,0,1540032,706296,180328,5491492,6019.348,1508.829,0,690.549,0,70.851,2153,1856,1.990,1.590,0.880,1,0,7.983,0,0,11,32,0,9,0
06-04 08:19:41,23.489,2.249,73.215,0,0,1546080,700052,180332,5491684,5037.613,1619.233,0,59.972,0,4.998,1807,1177,1.990,1.590,0.880,2,0,1.000,0,0,11,32,0,9,0
06-04 08:19:42,20.749,4.750,73.497,0,0,1486688,759372,180332,5491752,5377.801,1457.946,0,12.000,0,1.000,1922,1413,1.990,1.590,0.880,1,0,9.000,0,0,11,32,0,9,0
06-04 08:19:43,19.794,9.020,70.656,0,0,1486896,759080,180332,5491836,3864.526,757.672,40.088,0,2.004,0,3001,2245,1.990,1.590,0.880,3,0,183.405,0,0,11,32,0,9,0
06-04 08:19:44,8.507,21.268,68.808,0,0,1473104,772804,180332,5491900,4931.139,1080.907,0,196.165,0,7.006,5964,4515,1.910,1.580,0.880,1,0,432.363,0,0,11,32,0,6,0
06-04 08:19:45,7.979,22.192,68.821,0,0,1459020,786856,180332,5491932,5058.820,1238.773,0,335.127,0,31.917,6102,4505,1.910,1.580,0.880,1,0,459.802,0,0,11,32,0,6,0
06-04 08:19:46,9.268,21.793,68.385,0.250,0,1447820,798012,180332,5491968,4749.343,1623.193,0,901.774,0,11.022,6432,5266,1.910,1.580,0.880,4,0,564.110,0,0,11,32,0,6,0
06-04 08:19:47,8.746,21.990,68.470,0,0,1429112,816692,180332,5491992,4737.945,1619.298,0,1567.320,0,17.992,6525,5383,1.910,1.580,0.880,1,0,601.739,0,0,11,32,0,6,0
06-04 08:19:48,8.505,20.763,69.292,0,0,1422664,823108,180332,5492024,4933.020,1620.993,0,1076.659,0,13.008,6006,4673,1.910,1.580,0.880,4,0,467.286,0,0,11,32,0,6,0
06-04 08:19:49,8.229,21.195,69.571,0,0,1408956,836780,180332,5492060,5674.387,1508.116,0,223.425,0,7.979,6146,4849,1.840,1.570,0.880,2,0,482.757,0,0,11,32,0,4,0
06-04 08:19:50,8.018,22.300,67.650,0.251,0,1401880,843812,180336,5492096,5518.256,1569.486,0,785.745,0,41.091,6064,4838,1.840,1.570,0.880,1,0,445.991,0,0,11,32,0,4,0
06-04 08:19:51,8.750,22.000,68.251,0,0,1394380,851272,180336,5492132,5220.048,1620.015,0,416.004,0,79.001,5990,4388,1.840,1.570,0.880,1,0,432.004,0,0,11,32,0,4,0
06-04 08:19:52,16.237,23.981,58.703,0,0,1375888,869736,180344,5492160,4634.276,1456.829,0,427.656,0,19.984,6519,5535,1.840,1.570,0.880,3,0,564.546,0,0,11,32,0,6,0
06-04 08:19:53,54.807,21.272,22.774,0.250,0,1522384,723200,180384,5492160,4744.910,1621.678,0,2634.726,0,138.143,5570,4756,1.840,1.570,0.880,3,0,402.416,0,0,11,32,0,9,0
06-04 08:19:54,64.000,11.500,24.000,0.250,0,1668828,572200,180640,5495924,4775.018,1458.005,372.001,1940.007,3.000,51.000,3959,2070,1.930,1.600,0.890,3,0,4.000,0,0,11,36,0,9,0
06-04 08:19:55,27.507,8.002,44.761,17.004,0,1668064,560160,181140,5507400,4801.231,1620.415,0,77923.976,0,5413.388,21140,41983,1.930,1.600,0.890,2,2,133.034,0,0,11,38,0,11,0
06-04 08:19:56,36.232,11.744,33.484,15.992,0,1701928,516564,181252,5516608,4695.689,1457.283,0,76718.245,0,5407.339,19038,38904,1.930,1.600,0.890,3,3,143.929,0,0,11,36,0,11,0
06-04 08:19:57,37.764,8.503,35.263,14.755,0,1722100,487692,181368,5524896,10120.688,7217.630,0,75183.399,0,5694.075,18870,37322,1.930,1.600,0.890,5,0,36.013,0,0,11,37,0,9,0
06-04 08:19:58,34.768,19.510,33.517,9.755,0,1653496,550832,181544,5530300,9058.693,5047.615,296.153,47432.575,4.002,3180.648,17021,30149,1.930,1.600,0.890,3,0,393.204,0,0,11,34,0,10,0
06-04 08:19:59,46.993,16.747,24.246,10.748,0,1701196,496984,181692,5535652,6654.965,3315.484,931.855,46849.714,14.998,3380.474,14915,30493,2.010,1.620,0.900,1,1,164.974,0,0,11,35,0,10,0
06-04 08:20:00,30.243,10.497,44.739,12.247,0,1682064,512028,181760,5539552,14474.419,10451.414,667.835,48440.016,11.997,3665.093,16610,31737,2.010,1.620,0.900,2,0,142.965,0,0,11,35,0,10,0
06-04 08:20:01,29.229,8.244,46.967,11.991,0,1659052,530588,181800,5543808,14190.905,10149.780,0,46199.135,0,3697.370,17614,33024,2.010,1.620,0.900,4,0,57.959,0,0,11,34,0,10,0
06-04 08:20:02,34.732,10.245,40.979,11.494,0,1683920,506408,181848,5543060,4963.440,1649.149,0,43517.553,0,3937.969,15875,29999,2.010,1.620,0.900,3,0,47.975,0,0,11,34,0,10,0
06-04 08:20:03,29.789,7.510,46.811,12.767,0,1678212,511016,181996,5543968,13824.107,9956.040,0,46733.211,0,4140.423,17721,33664,2.010,1.620,0.900,5,0,42.055,0,0,11,35,0,10,0
06-04 08:20:04,28.452,7.238,49.916,10.982,0,1663596,523928,182060,5545588,19761.902,13475.431,0,45679.494,0,3781.666,18853,35241,2.010,1.630,0.910,8,0,29.950,0,0,11,34,0,11,0
06-04 08:20:05,38.293,10.011,39.544,10.512,0,1607864,577316,182080,5547852,6953.772,1567.752,0,37541.959,0,3467.876,14047,27137,2.010,1.630,0.910,2,1,116.130,0,0,11,36,0,11,0
06-04 08:20:06,32.771,9.006,44.028,11.758,0,1616272,565968,182084,5550696,12127.754,7173.587,0,65073.606,0,5044.225,17027,34441,2.010,1.630,0.910,0,1,51.033,0,0,11,37,0,11,0
06-04 08:20:07,26.986,8.995,48.975,12.494,0,1607300,571916,182132,5553596,17007.270,13039.307,0,66114.062,0,4985.441,20687,40115,2.010,1.630,0.910,2,1,53.972,0,0,11,37,0,11,0
06-04 08:20:08,30.639,9.964,43.592,12.455,0,1531820,644412,182180,5556424,7642.218,3850.004,0,38125.403,0,3562.051,16693,31345,2.010,1.630,0.910,2,0,125.544,0,0,11,36,0,11,0
06-04 08:20:09,32.364,7.276,43.905,13.548,0,1566072,607872,182208,5558628,9981.223,6567.175,0,55792.887,0,4723.669,17701,34182,2.090,1.650,0.920,4,0,54.191,0,0,11,37,0,11,0
06-04 08:20:10,29.704,8.487,48.425,11.233,0,1572816,606388,182212,5553356,16199.878,12425.731,0,53421.156,0,4465.076,19409,38447,2.090,1.650,0.920,4,0,8.986,0,0,11,37,0,11,0
06-04 08:20:11,34.720,9.492,44.212,8.992,0,1532748,645728,182220,5554064,8272.827,5331.377,0,49037.482,0,3719.775,15009,27800,2.090,1.650,0.920,3,0,91.920,0,0,11,34,0,13,0
06-04 08:20:12,29.305,15.529,53.350,1.002,0,1443576,734840,182220,5554124,9580.903,6556.251,0,7786.550,0,508.951,5328,4920,2.090,1.650,0.920,2,0,212.397,0,0,11,33,0,13,0
06-04 08:20:13,19.019,4.254,75.074,0.250,0,1433428,744976,182220,5554136,8073.975,5016.955,0,1593.574,0,80.079,3338,3537,2.090,1.650,0.920,2,0,34.034,0,0,11,32,0,14,0
06-04 08:20:14,18.697,2.742,77.030,0,0.499,1433832,744564,182220,5554140,7473.682,3798.166,0,989.178,0,56.838,1781,1401,2,1.640,0.920,2,0,0,0,0,11,33,0,14,0
06-04 08:20:15,16.988,6.246,75.698,0.500,0,1390516,787620,182220,5554400,9644.434,5974.932,0,607.586,0,41.971,3027,2827,2,1.640,0.920,2,0,59.959,0,0,11,32,0,15,0
06-04 08:20:16,20.766,5.004,73.556,0,0,1458808,719328,182220,5554400,4669.537,1567.187,0,756.573,0,88.067,1868,1397,2,1.640,0.920,1,0,0,0,0,11,32,0,15,0
06-04 08:20:17,17.294,2.506,79.702,0.251,0,1460692,717344,182220,5554500,13427.083,9983.341,0,505.283,0,34.087,2859,3150,2,1.640,0.920,1,0,0,0,0,11,33,0,15,0
06-04 08:20:18,18.445,6.231,73.530,0,0,1474472,703548,182220,5554516,6679.007,3636.116,0,574.281,0,25.922,2947,2761,2,1.640,0.920,1,0,42.872,0,0,11,32,0,16,0
06-04 08:20:19,17.254,3.501,77.769,0.250,0,1502740,675272,182220,5554524,10475.540,6714.628,0,368.089,0,24.006,1962,1611,1.920,1.630,0.920,1,0,0,0,0,11,33,0,16,0
06-04 08:20:20,19.005,1.750,77.270,0.500,0,1487696,690172,182220,5554668,10993.782,7310.850,0,2232.565,0,142.036,3550,4582,1.920,1.630,0.920,1,0,0,0,0,11,32,0,17,0
06-04 08:20:21,8.501,22.002,67.756,0,0,1459768,718000,182220,5554768,5096.442,1566.136,0,188.016,0,10.001,5192,3331,1.920,1.630,0.920,2,0,299.026,0,0,11,32,0,17,0
06-04 08:20:22,10.277,25.317,62.667,0.251,0,1450128,727560,182224,5554844,4477.912,1028.737,0,409.088,0,28.075,5656,4072,1.920,1.630,0.920,2,0,397.056,0,0,11,32,0,19,0
06-04 08:20:23,60.245,14.749,24.248,0,0,1572156,605168,182240,5555192,4951.569,1511.868,0,911.921,0,53.995,4682,2931,1.920,1.630,0.920,4,0,105.991,0,0,11,32,0,23,0
06-04 08:20:24,65.079,9.974,24.685,0,0,1707504,466616,182356,5558068,5075.672,1508.040,0,1703.527,0,52.861,3770,1730,2.010,1.650,0.930,4,0,0,0,0,11,32,0,23,0
06-04 08:20:25,58.347,7.763,29.549,3.756,0,1811360,356272,182508,5563900,4928.188,1622.696,0,14183.564,0,938.559,7658,9696,2.010,1.650,0.930,4,0,60.100,0,0,11,38,0,23,0
06-04 08:20:26,29.208,9.986,44.186,14.229,0,1804644,349720,182584,5576620,4631.288,1455.890,0,107108.774,0,7531.086,26442,53068,2.010,1.650,0.930,2,1,224.674,0,0,11,38,0,23,0
06-04 08:20:27,27.307,10.272,45.345,14.530,0,1804776,340900,182624,5584972,4629.694,1623.399,0,82232.178,0,6463.533,25557,50481,2.010,1.650,0.930,4,1,204.428,0,0,11,38,0,23,0
06-04 08:20:28,36.218,11.990,34.220,14.238,0,1725176,412724,182680,5592388,4781.818,1564.632,0,77260.432,0,5614.090,21827,41487,2.010,1.650,0.930,1,1,221.806,0,0,11,36,0,23,0
06-04 08:20:29,40.309,11.517,32.297,14.271,0,1787736,341412,182740,5600792,4856.056,1514.200,0,81009.715,0,5364.796,20267,39130,2.010,1.660,0.940,2,1,121.176,0,0,11,36,0,23,0
06-04 08:20:30,39.252,9.750,34.502,14.251,0,1839564,276076,182768,5613756,4620.212,1620.074,0,90948.181,0,5884.271,18979,39007,2.010,1.660,0.940,1,1,2.000,0,0,11,36,0,23,0
06-04 08:20:31,32.995,10.248,38.994,14.498,0,1777160,332588,182784,5619464,4259.365,1619.759,0,83695.532,0,6358.053,22701,44617,2.010,1.660,0.940,1,1,162.976,0,0,11,36,0,23,0
06-04 08:20:32,37.625,7.724,46.346,5.980,0,1536280,572020,182788,5620864,4724.299,1614.634,0,42466.860,0,3072.788,11496,20611,2.010,1.660,0.940,2,0,133.556,0,0,11,32,0,23,0
06-04 08:20:33,16.042,12.784,71.188,0,0,1514152,594128,182788,5620884,4798.697,1570.154,0,1006.663,0,54.143,3517,2531,2.010,1.660,0.940,1,0,160.424,0,0,11,32,0,23,0
06-04 08:20:34,26.443,6.236,64.859,0.748,0,1545556,562704,182788,5620884,4479.269,1550.631,0,5935.107,0,364.209,3268,9887,2.010,1.660,0.940,2,0,36.920,0,0,11,32,0,23,0
06-04 08:20:35,23.749,2.000,73.248,0,0,1573800,534448,182788,5620896,5269.836,1659.948,0,123.996,0,11.000,2102,1737,2.010,1.660,0.940,2,0,2.000,0,0,11,38,0,23,0
06-04 08:20:36,21.504,4.751,73.263,0.250,0,1529944,578304,182788,5620896,5673.027,1512.274,0,80.014,0,6.001,2168,1405,2.010,1.660,0.940,2,0,27.005,0,0,11,32,0,23,0
06-04 08:20:37,22.248,3.000,73.244,0,0,1584572,523676,182788,5620896,5085.576,1565.869,0,31.997,0,4.000,1761,1166,2.010,1.660,0.940,3,0,1.000,0,0,11,32,0,23,0
06-04 08:20:38,23.287,3.255,73.115,0,0,1544812,563424,182788,5620908,4398.946,973.537,0,564.892,0,40.063,2130,1771,2.010,1.660,0.940,2,0,12.019,0,0,11,32,0,23,0
06-04 08:20:39,12.017,39.555,46.565,0.250,0,1522156,586012,182788,5620976,5905.194,1622.251,0,200.278,0,20.028,7609,6750,1.930,1.650,0.940,3,0,961.334,0,0,11,32,0,23,0
06-04 08:20:40,9.221,25.669,63.800,0,0,1505096,602928,182788,5621120,4511.842,1022.790,0,251.212,0,21.931,5735,4290,1.930,1.650,0.940,1,0,473.514,0,0,11,32,0,23,0
06-04 08:20:41,7.754,22.511,67.532,0,0,1494828,613116,182788,5621180,4354.078,1512.722,0,116.055,0,12.006,5329,3567,1.930,1.650,0.940,3,0,336.160,0,0,11,32,0,23,0
06-04 08:20:42,7.756,20.516,70.554,0,0,1461136,646780,182788,5621208,4789.686,1567.206,0,356.274,0,74.057,5366,3734,1.930,1.650,0.940,1,0,305.235,0,0,11,32,0,23,0
06-04 08:20:43,7.993,21.730,68.437,0,0,1439380,668504,182788,5621236,4587.791,1510.614,0,31.971,0,7.993,5227,3585,1.930,1.650,0.940,2,0,283.740,0,0,11,32,0,23,0
06-04 08:20:44,15.518,19.022,64.075,0,0,1435868,671924,182788,5621660,5363.292,1621.903,0,16.019,0,4.005,6342,6932,1.770,1.620,0.940,11,0,270.317,0,0,11,32,0,23,0
06-04 08:20:45,35.882,12.957,50.334,0,0,1491300,616308,182796,5621840,5248.686,1560.851,0,39.868,0,0.997,3919,2978,1.770,1.620,0.940,3,0,139.540,0,0,11,33,0,23,0
06-04 08:20:46,42.203,8.792,49.237,0,0,1601204,506452,182800,5621896,5004.105,1627.842,0,168.813,0,2.010,2570,1367,1.770,1.620,0.940,2,0,0,0,0,11,33,0,23,0
06-04 08:20:47,44.571,5.976,47.559,0.249,0,1647044,460212,182840,5622208,5079.627,1613.528,0,2147.387,0,274.897,3887,3098,1.770,1.620,0.940,2,0,18.924,0,0,11,49,0,23,0
06-04 08:20:48,28.541,13.519,56.080,0,0.250,1678060,425004,182872,5625984,5139.349,1514.165,0,1470.102,0,125.179,7182,10584,1.770,1.620,0.940,1,0,144.206,0,0,11,48,0,23,0
06-04 08:20:49,11.500,20.249,66.248,0.250,0,1691772,411264,182872,5626004,4102.867,485.984,0,151.995,0,8.000,5023,5019,1.710,1.610,0.940,0,0,258.992,0,0,11,48,0,23,0
06-04 08:20:50,9.495,7.496,81.457,0,0,1680164,422852,182872,5626000,5295.237,1457.240,0,115.939,0,12.993,3172,5052,1.710,1.610,0.940,0,0,88.954,0,0,11,48,0,23,0
06-04 08:20:51,0.750,0.999,97.445,0.250,0,1679536,423480,182872,5626000,4723.325,1565.114,0,35.980,0,3.998,777,1045,1.710,1.610,0.940,0,0,3.998,0,0,11,48,0,23,0
06-04 08:20:52,0.750,0.500,98.029,0,0,1677492,425520,182872,5626004,4417.300,1296.382,0,0,0,0,739,974,1.710,1.610,0.940,0,0,3.001,0,0,11,48,0,23,0
06-04 08:20:53,0.750,0.250,98.500,0,0,1675708,427304,182872,5626004,4087.981,1187.995,0,4.000,0,1.000,640,925,1.710,1.610,0.940,1,0,1.000,0,0,11,48,0,23,0
06-04 08:20:54,3.000,4.751,91.513,0,0,1626036,476984,182872,5625988,4623.656,1566.222,0,2076.295,0,19.003,1842,1858,1.570,1.590,0.930,1,0,53.008,0,0,11,48,0,17,0
06-04 08:20:55,20.039,18.286,60.369,0,0,1685912,416892,182872,5626124,4587.022,1460.873,0,0,0,0,5987,7233,1.570,1.590,0.930,1,0,247.487,0,0,11,48,0,17,0
06-04 08:20:56,9.480,17.713,71.102,0,0,1708272,394480,182872,5626156,4388.878,1454.976,0,163.660,0,3.992,4716,3916,1.570,1.590,0.930,1,0,255.469,0,0,12,48,0,17,0
06-04 08:20:57,16.542,19.550,61.907,0,0,1721592,381104,182872,5626536,5141.053,1754.455,0,288.733,0,27.069,6771,7788,1.570,1.590,0.930,2,0,269.685,0,0,12,64,0,17,0
06-04 08:20:58,11.719,12.716,73.054,0,0,1724348,378232,182872,5626336,4653.527,1561.814,0,694.140,0,38.896,3781,3896,1.570,1.590,0.930,0,0,212.431,0,0,12,64,0,14,0
06-04 08:20:59,5.515,11.531,81.720,0,0,1710076,392372,182872,5626484,4982.424,1516.085,0,1451.912,0,20.054,3207,2460,1.450,1.560,0.930,1,0,145.392,0,0,14,64,0,14,0
06-04 08:21:00,17.963,13.722,66.363,0,0.249,1711100,391336,182872,5626484,4850.005,1616.668,0,19.959,0,3.992,5633,7194,1.450,1.560,0.930,1,0,158.673,0,0,14,64,0,14,0
06-04 08:21:01,9.252,20.506,68.769,0,0,1703696,398700,182872,5626528,4787.293,1608.434,0,16.004,0,4.001,5316,3746,1.450,1.560,0.930,1,0,318.086,0,0,14,66,0,14,0
06-04 08:21:02,8.504,21.261,68.285,0,0,1672340,429984,182872,5626596,5016.562,1596.815,0,5394.755,0,421.215,5632,3938,1.450,1.560,0.930,1,0,328.168,0,0,14,66,0,14,0
06-04 08:21:03,19.522,16.269,61.821,0,0,1672776,429524,182872,5626612,4851.544,1567.791,0,32.037,0,7.008,5905,6588,1.450,1.560,0.930,4,0,213.244,0,0,14,66,0,14,0
06-04 08:21:04,28.252,25.752,45.503,0.250,0,1754012,348260,182880,5626628,5689.397,1512.106,0,1140.080,0,83.006,6204,4689,1.490,1.570,0.930,2,0,447.031,0,0,14,66,0,14,0
06-04 08:21:05,28.516,25.765,44.525,0,0,1826392,274252,182952,5628100,5623.188,1080.613,0,1044.592,0,5.003,7263,7457,1.490,1.570,0.930,2,0,447.254,0,0,14,68,0,15,0
06-04 08:21:06,29.505,25.504,44.507,0,0,1897580,202992,182956,5628152,6859.122,1458.238,0,60.010,0,12.002,6412,5206,1.490,1.570,0.930,2,0,482.079,0,0,14,70,0,15,0
06-04 08:21:07,38.786,17.293,42.245,0,0,1930392,169960,182956,5628344,4551.573,1636.432,0,63.244,0,6.917,6015,6140,1.490,1.570,0.930,5,0,268.786,0,0,14,70,0,15,0
06-04 08:21:08,50.606,27.580,22.520,0,0,2034640,252284,176380,5451388,3295.485,765.168,4.049,5319.738,1.012,360.317,6783,5737,1.490,1.570,0.930,4,0,542.500,0,0,14,70,0,15,0
06-04 08:21:09,61.665,20.722,16.727,0.499,0,2137072,148848,176524,5452364,4353.022,1240.297,331.545,651.106,34.952,3.995,6425,8031,1.690,1.610,0.950,5,0,277.619,0,0,14,70,0,15,0
06-04 08:21:10,68.200,27.980,2.748,0.749,0,2270172,175160,173376,5299052,4214.914,1456.933,3265.609,999.268,186.863,54.960,5988,7017,1.690,1.610,0.950,7,0,530.612,0,0,14,74,0,15,0
06-04 08:21:11,74.689,21.732,1.998,0.999,0,2387664,196252,172528,5163584,4588.222,1552.722,159.868,8616.905,21.982,846.303,9024,13181,1.690,1.610,0.950,9,0,203.832,0,0,14,74,0,15,0
06-04 08:21:12,64.425,27.218,5.494,1.748,0,2460212,187412,171504,5103008,4660.563,1606.126,683.203,35127.020,41.951,2433.161,15079,27827,1.690,1.610,0.950,7,0,432.495,0,0,14,76,0,15,0
06-04 08:21:13,72.897,23.717,2.996,0.250,0,2616704,153832,170548,4983468,4136.172,1617.721,1098.452,3071.672,41.941,210.703,10378,17098,1.690,1.610,0.950,5,0,237.665,0,0,14,84,0,21,0
06-04 08:21:14,60.064,25.885,13.320,0.251,0,2724696,192816,170556,4839800,4651.333,1628.519,64.337,772.039,10.053,48.252,7909,10171,2.040,1.680,0.980,3,0,498.608,0,0,14,93,0,25,0
06-04 08:21:15,45.199,27.220,27.220,0,0,2819180,166232,170556,4773820,4674.765,1618.188,0,607.320,0,38.956,9602,13204,2.040,1.680,0.980,11,0,487.454,0,0,14,93,0,22,0
06-04 08:21:16,49.989,16.996,30.993,0.750,0,2909600,139924,170560,4711076,4531.019,1511.673,2971.357,2939.364,31.993,156.966,5404,6054,2.040,1.680,0.980,3,0,198.957,0,0,14,96,0,22,0
06-04 08:21:17,51.602,10.969,36.645,0,0,3046760,136864,170576,4579972,4592.831,1651.265,3.989,167.520,0.997,3.989,5032,7232,2.040,1.680,0.980,3,0,8.974,0,0,14,98,0,25,0
06-04 08:21:18,14.550,18.063,66.230,0.502,0,3057956,193404,170584,4513900,4264.783,1354.696,24.083,1497.190,3.010,95.330,5388,4728,2.040,1.680,0.980,3,0,231.804,0,0,14,101,0,26,0
06-04 08:21:19,6.987,19.714,70.621,0,0,3073704,177628,170584,4513952,4710.404,1239.738,7.985,123.774,1.996,12.976,5145,3742,1.950,1.670,0.980,2,0,268.510,0,0,14,101,0,24,0
06-04 08:21:20,7.750,19.251,70.754,0.250,0,3075848,175456,170584,4513980,5026.261,1566.081,0,44.002,0,5.000,4981,3505,1.950,1.670,0.980,1,0,268.014,0,0,14,101,0,24,0
06-04 08:21:21,9.517,18.282,70.123,0,0,3090784,160504,170584,4513996,4419.782,1514.667,0,0,0,0,4537,3143,1.950,1.670,0.980,1,0,224.395,0,0,14,101,0,24,0
06-04 08:21:22,18.958,3.243,76.831,0,0,3135992,180748,170584,4450004,6805.992,3802.615,7.982,55.877,0.998,0.998,1698,1207,1.950,1.670,0.980,1,0,0,0,0,14,102,0,24,0
06-04 08:21:23,20.039,4.258,74.894,0,0,3073264,243408,170588,4450068,26433.966,21912.248,48.093,304.587,6.012,26.050,3098,3133,1.950,1.670,0.980,2,0,27.052,0,0,14,105,0,18,0
06-04 08:21:24,21.957,5.240,72.357,0,0,3146556,170104,170588,4450080,5585.970,1616.807,0,5353.429,0,29.941,2337,1800,1.880,1.660,0.980,1,0,37.925,0,0,14,107,0,18,0
06-04 08:21:25,16.236,2.748,80.179,0.250,0,3158400,158260,170588,4450084,11538.728,7990.887,0,407.637,0,26.976,2350,2423,1.880,1.660,0.980,2,0,0.999,0,0,14,112,0,18,0
06-04 08:21:26,25.025,4.755,66.317,2.252,0,3163848,151272,170600,4451564,4924.981,1621.640,1009.020,6790.868,44.045,473.479,5424,8205,1.880,1.660,0.980,2,0,5.005,0,0,14,119,0,18,0
06-04 08:21:27,33.511,11.254,53.267,1.000,0,3185944,128960,170600,4451764,5714.816,2799.890,128.041,4453.415,7.002,277.088,5755,6793,1.880,1.660,0.980,3,0,120.038,0,0,14,120,0,20,0
06-04 08:21:28,19.997,3.249,75.237,0.250,0,3237620,142224,170600,4388032,7503.728,3949.331,55.991,479.919,4.999,45.992,2532,2533,1.880,1.660,0.980,1,0,2.999,0,0,14,125,0,20,0
06-04 08:21:29,19.206,3.243,76.574,0.249,0,3240284,139480,170600,4388112,11143.446,7584.607,0,11170.384,0,581.666,2563,2343,1.810,1.650,0.980,1,0,0.998,0,0,14,125,0,20,0
06-04 08:21:30,28.093,4.515,64.715,1.003,0,3265264,179664,170600,4324964,5983.893,2823.386,48.160,1248.149,2.007,140.467,4902,6580,1.810,1.650,0.980,3,0,5.017,0,0,14,128,0,21,0
06-04 08:21:31,41.190,10.984,47.930,0,0,3322264,122644,170600,4324984,4852.917,1617.639,0,487.289,0,31.953,3650,2420,1.810,1.650,0.980,2,0,96.859,0,0,14,128,0,21,0
06-04 08:21:32,30.575,4.010,64.658,0,0,3354324,154660,170600,4262660,27362.758,24240.140,0,356.871,0,18.044,2548,1623,1.810,1.650,0.980,3,0,0,0,0,14,128,0,22,0
06-04 08:21:33,20.205,5.987,72.836,0,0,3358712,150256,170600,4262676,4475.925,1562.483,0,339.236,0,16.962,2323,1729,1.810,1.650,0.980,3,0,54.876,0,0,14,128,0,22,0
06-04 08:21:34,22.050,5.262,71.411,0.501,0,3338632,170268,170600,4262680,28014.239,24289.832,40.090,292.661,3.007,14.032,3082,9467,1.740,1.640,0.980,4,0,49.111,0,0,14,128,0,24,0
06-04 08:21:35,21.206,4.491,73.349,0,0,3348860,160008,170600,4262760,5087.507,1225.473,0,263.457,0,11.975,2113,1558,1.740,1.640,0.980,1,0,37.922,0,0,14,128,0,23,0
06-04 08:21:36,15.996,3.249,79.482,0.500,0,3357820,150988,170600,4262820,12930.148,8956.024,59.987,807.822,5.999,97.978,2899,3476,1.740,1.640,0.980,1,0,0,0,0,14,128,0,23,1
06-04 08:21:37,29.281,9.260,60.314,0,0,3343580,228188,170604,4201440,4408.695,1039.107,36.038,584.623,3.003,43.046,7654,12323,1.740,1.640,0.980,1,0,113.120,0,0,14,136,0,29,0
06-04 08:21:38,17.970,1.997,78.618,0,0,3365600,206056,170704,4201452,27817.390,24116.591,95.839,315.471,4.992,18.968,2068,1680,1.740,1.640,0.980,1,0,0,0,0,14,136,0,30,0
06-04 08:21:39,19.508,7.253,72.780,0.250,0,3399548,172092,170704,4201468,5687.331,1500.615,0,2777.138,0,298.122,2567,1674,1.680,1.630,0.980,1,0,55.023,0,0,14,136,0,30,0
06-04 08:21:40,15.999,2.500,80.246,0,0.250,3414108,157528,170704,4201472,11936.376,8337.564,0,291.985,0,15.999,1885,1605,1.680,1.630,0.980,1,0,0,0,0,14,137,0,30,0
06-04 08:21:41,27.495,5.249,62.987,2.000,0,3412268,158964,170704,4201892,4477.106,1511.698,119.976,3083.384,7.998,362.928,6977,10882,1.680,1.630,0.980,1,0,2.000,0,0,14,140,0,31,0
06-04 08:21:42,22.259,7.003,68.028,1.501,0,3423612,147408,170704,4202104,5746.367,2320.956,32.013,5570.294,2.001,355.146,4553,6140,1.680,1.630,0.980,1,0,53.022,0,0,14,139,0,32,0
06-04 08:21:43,18.995,2.999,76.981,0.250,0,3408564,224800,170704,4141280,10361.397,7275.172,35.991,447.887,2.999,31.992,2066,1799,1.680,1.630,0.980,2,0,1.000,0,0,14,140,0,32,0
06-04 08:21:44,19.255,4.751,73.270,0.500,0,3406552,226648,170704,4141444,10136.760,6008.636,164.045,1144.312,11.003,117.032,4633,6156,1.550,1.600,0.970,3,0,1.000,0,0,14,140,0,32,0
06-04 08:21:45,30.827,8.521,58.396,1.003,0.251,3364712,268376,170704,4141556,5555.888,2113.282,0,1900.751,0,131.328,6671,9536,1.550,1.600,0.970,1,0,69.173,0,0,14,139,0,33,0
06-04 08:21:46,18.739,2.499,77.456,0,0,3414528,218540,170704,4141576,5698.732,3031.261,0,475.727,0,21.987,1733,1409,1.550,1.600,0.970,1,0,0,0,0,14,140,0,33,0
06-04 08:21:47,21.721,2.996,73.151,0.749,0,3413100,219700,170704,4141844,10281.044,7754.474,31.957,1018.617,1.997,108.852,3487,4462,1.550,1.600,0.970,1,0,0,0,0,14,139,0,33,1
06-04 08:21:48,17.508,11.506,70.034,0.250,0,3371892,260888,170704,4141864,4780.320,1092.530,0,904.439,0,53.026,3672,3059,1.550,1.600,0.970,1,0,147.071,0,0,14,139,0,34,0
06-04 08:21:49,18.469,2.496,77.370,0,0,3409788,222980,170708,4141872,11453.730,7264.778,0,503.153,0,24.958,1829,1456,1.500,1.590,0.980,1,0,0,0,0,14,140,0,34,0
06-04 08:21:50,17.526,3.756,76.615,0.501,0,3410892,221864,170712,4141880,11223.903,7245.912,0,857.291,0,80.121,3722,4633,1.500,1.590,0.980,1,0,0,0,0,14,140,0,34,0
06-04 08:21:51,27.537,6.258,63.584,0.501,0,3413100,219596,170712,4141940,5527.335,1622.153,16.021,1686.238,1.001,147.195,6256,8293,1.500,1.590,0.980,1,0,1.001,0,0,14,140,0,34,0
06-04 08:21:52,39.789,15.765,41.290,0.751,0,3352396,279504,170728,4142696,6632.418,3105.005,420.407,2250.177,69.067,179.173,12240,19077,1.500,1.590,0.980,2,0,221.214,0,0,14,143,0,35,0
06-04 08:21:53,24.157,6.973,67.988,0.498,0,3409528,222316,170728,4142720,5090.369,2062.048,0,689.342,0,43.831,3057,3021,1.500,1.590,0.980,1,0,67.739,0,0,14,143,0,35,0
06-04 08:21:54,18.266,2.752,78.067,0,0,3410260,221572,170728,4142732,10729.232,7830.738,0,464.400,0,21.018,2094,1752,1.380,1.560,0.970,2,0,4.003,0,0,14,143,0,36,0
06-04 08:21:55,7.741,20.226,70.168,0,0,3414852,216952,170728,4142760,4143.174,1186.618,0,559.348,0,29.965,5111,3762,1.380,1.560,0.970,2,0,281.672,0,0,14,143,0,36,0
06-04 08:21:56,9.015,21.035,67.112,0,0,3366768,264996,170728,4142784,4836.096,1622.717,0,520.872,0,39.065,5369,3799,1.380,1.560,0.970,1,0,277.464,0,0,14,143,0,36,0
06-04 08:21:57,19.720,16.975,60.909,0.499,0,3349584,281980,170732,4143436,4539.204,1605.596,0,2084.879,0,113.830,6447,8058,1.380,1.560,0.970,1,0,202.697,0,0,14,143,0,36,0
06-04 08:21:58,27.749,22.749,48.248,0.250,0,3416608,214912,170732,4143028,4859.777,1689.923,0,323.985,0,20.999,5975,4629,1.380,1.560,0.970,2,0,341.984,0,0,14,143,0,36,0
06-04 08:21:59,30.029,24.523,44.292,0.250,0,3459532,171632,170748,4143368,5001.771,1621.547,80.076,676.645,5.005,49.047,6928,6574,1.430,1.570,0.980,1,0,416.397,0,0,14,149,0,36,0
06-04 08:22:00,25.702,17.218,53.399,0.749,0,3492036,138928,170748,4143924,4850.847,1509.153,3.992,8515.932,0.998,585.895,6948,9277,1.430,1.570,0.980,4,0,204.614,0,0,16,149,0,36,0
06-04 08:22:01,54.491,29.631,15.569,0.251,0,3641600,118252,170748,4016580,4240.723,1247.508,108.479,610.696,8.035,36.160,8256,10941,1.430,1.570,0.980,4,0,471.080,0,0,16,155,0,36,0
06-04 08:22:02,53.767,26.635,18.669,0,0,3726096,139684,170748,3912840,4456.726,1290.419,183.208,521.744,15.931,33.854,7532,8449,1.430,1.570,0.980,7,0,375.377,0,0,16,169,0,36,0
06-04 08:22:03,33.080,22.053,43.104,0,0,3776788,132016,170748,3870116,4376.569,1660.009,8.019,561.356,1.002,13.031,7297,11551,1.430,1.570,0.980,3,0,263.637,0,0,16,171,0,36,0
06-04 08:22:04,33.737,24.490,40.734,0,0,3845364,116532,170748,3817700,5806.680,1511.396,3.998,363.855,1.000,16.993,6300,4418,1.800,1.640,1,3,0,379.848,0,0,16,171,0,36,0
06-04 08:22:05,9.987,21.472,66.164,0.250,0,3836232,171216,170756,3772860,5512.847,1617.901,0,846.901,0,124.838,5233,3736,1.800,1.640,1,1,0,279.637,0,0,17,171,0,36,0
06-04 08:22:06,12.756,21.010,64.781,0.250,0,3848680,158740,170756,3773356,6080.882,1528.724,8.004,424.201,2.001,30.014,6288,6268,1.800,1.640,1,1,0,278.132,0,0,17,171,0,36,0
06-04 08:22:07,24.539,18.780,55.339,0,0,3866976,192052,170760,3721628,4252.832,1568.520,4.006,232.373,1.002,16.026,5916,6102,1.800,1.640,1,2,0,276.444,0,0,17,171,0,36,0
06-04 08:22:08,30.289,24.531,44.306,0,0,3928096,184464,170760,3669548,4625.893,1513.928,8.010,320.408,2.003,26.033,6427,5286,1.800,1.640,1,2,0,443.565,0,0,17,171,0,34,0
06-04 08:22:09,34.246,16.498,47.745,0.250,0,3990824,121324,170764,3669932,4682.494,1565.831,4.000,303.967,1.000,20.998,5995,8294,1.810,1.650,1.010,2,0,219.976,0,0,17,183,0,34,0
06-04 08:22:10,36.445,28.707,33.949,0.250,0,4099656,123804,170764,3561444,4285.551,1509.728,55.916,239.639,4.992,21.967,8955,12826,1.810,1.650,1.010,2,0,598.100,0,0,17,189,0,34,0
06-04 08:22:11,29.524,25.771,43.536,0.250,0,4166692,158336,170764,3462412,4503.697,1663.366,20.016,984.808,5.004,75.062,9308,12801,1.810,1.650,1.010,1,0,531.436,0,0,17,195,0,34,0
06-04 08:22:12,10.953,21.159,64.472,0,0.249,4163656,161288,170764,3462476,4600.154,1654.861,3.983,700.976,0.996,37.837,5842,5029,1.810,1.650,1.010,5,0,315.638,0,0,17,205,0,34,0
06-04 08:22:13,18.825,17.319,63.002,0.251,0,4172572,152276,170764,3462556,4202.812,1662.651,64.257,441.767,4.016,35.141,6500,8304,1.810,1.650,1.010,2,0,222.892,0,0,17,211,0,34,0
06-04 08:22:14,39.673,13.723,45.661,0.250,0,4299900,142900,170764,3347280,4787.718,1616.865,415.195,307.404,8.983,23.954,4122,2867,1.750,1.640,1.010,2,0,105.795,0,0,17,211,0,34,0
06-04 08:22:15,43.077,9.767,46.333,0.501,0,4423868,136352,170764,3231784,4540.096,1514.701,192.343,1178.101,10.018,109.195,3221,1845,1.750,1.640,1.010,3,0,2.004,0,0,17,211,0,34,0
06-04 08:22:16,33.034,13.514,52.304,0,0,4343968,237680,170776,3211040,3249.331,486.499,76.078,4464.576,7.007,50.051,4409,4350,1.750,1.640,1.010,4,0,222.228,0,0,17,218,0,24,0
06-04 08:22:17,30.505,24.254,44.008,0.250,0,4399036,181436,170780,3212196,5395.965,2233.399,920.165,312.056,10.002,18.003,6205,5412,1.750,1.640,1.010,2,0,379.068,0,0,17,220,0,24,0
06-04 08:22:18,35.484,25.988,37.233,0,0,4435964,142640,170808,3214512,12847.160,9525.670,835.620,395.820,22.990,24.989,7142,8245,1.750,1.640,1.010,3,0,445.797,0,0,17,221,0,25,0
06-04 08:22:19,59.237,20.658,19.663,0,0,4488036,133140,170816,3172792,4895.256,1075.224,135.399,979.649,5.973,22.898,5679,6193,2.330,1.760,1.050,4,0,233.961,0,0,17,228,0,25,0
06-04 08:22:20,64.436,16.046,18.554,0.501,0,4623308,141904,170840,3033004,13935.304,9802.351,1805.221,661.914,49.142,29.084,5039,3968,2.330,1.760,1.050,4,0,20.058,0,0,17,233,0,21,0
06-04 08:22:21,64.125,12.274,17.284,4.759,0,4628216,165528,170912,3005004,7892.351,3858.505,6200.059,18720.412,483.941,1064.070,7203,8378,2.330,1.760,1.050,3,0,35.068,0,0,17,236,0,26,0
06-04 08:22:22,34.141,25.668,38.876,0,0,4651432,183240,170916,2965432,11162.432,7202.051,203.352,414.679,2.990,15.949,7043,6934,2.330,1.760,1.050,3,0,388.761,0,0,17,236,0,27,0
06-04 08:22:23,33.089,23.563,41.612,0.251,0,4604228,228696,170920,2967492,10381.919,6860.449,88.237,9020.257,5.013,79.213,8061,10728,2.330,1.760,1.050,3,0,356.960,0,0,17,235,0,28,0
06-04 08:22:24,50.493,23.747,25.246,0,0.250,4704592,168284,170920,2928232,7523.907,3518.489,3.999,467.932,1.000,25.996,5713,5323,2.300,1.760,1.060,4,0,362.947,0,0,17,236,0,27,0
06-04 08:22:25,49.585,28.156,21.678,0.249,0,4704116,199032,171064,2899384,13540.857,9934.879,1172.092,1084.385,51.827,78.738,7201,8512,2.300,1.760,1.060,5,0,405.648,0,0,17,241,0,28,2
06-04 08:22:26,55.761,22.104,20.345,0.251,0,4797668,179540,171064,2826656,5124.026,1627.632,309.451,683.204,16.075,43.203,7000,11138,2.300,1.760,1.060,3,0,239.121,0,0,17,245,0,30,0
06-04 08:22:27,44.858,28.659,25.668,0,0,4875396,129564,171064,2799624,15865.624,12583.047,91.709,925.063,6.978,57.816,6941,7286,2.300,1.760,1.060,4,0,403.718,0,0,17,247,0,33,0
06-04 08:22:28,51.733,21.493,25.242,0.500,0,4866344,164796,171076,2774312,4738.440,1619.467,439.855,715.764,26.991,56.981,8836,14631,2.300,1.760,1.060,2,0,273.910,0,0,17,253,0,30,0
06-04 08:22:29,56.841,20.283,22.035,0,0,4973072,157780,171080,2676164,12771.520,9654.512,476.766,821.320,12.019,36.058,6052,7295,2.440,1.800,1.070,6,0,192.309,0,0,17,254,0,30,0
06-04 08:22:30,62.114,12.722,24.447,0.499,0,5050620,142764,171088,2615160,13430.656,10025.097,606.675,710.448,24.945,41.908,7058,10742,2.440,1.800,1.070,4,0,13.969,0,0,17,256,0,32,0
06-04 08:22:31,56.205,10.539,31.616,0.502,0,5120132,152972,171088,2537496,12817.830,9949.350,1862.806,794.904,79.290,62.227,5789,7489,2.440,1.800,1.070,2,0,16.059,0,0,17,264,0,36,0
06-04 08:22:32,51.487,25.244,22.244,0.250,0,5080032,189272,171208,2541136,10598.366,7188.214,4130.973,1502.627,66.983,88.978,7305,7832,2.440,1.800,1.070,3,0,372.907,0,0,17,265,0,35,0
06-04 08:22:33,45.665,28.697,24.704,0,0,5121088,147824,171208,2541840,11648.312,9239.797,1054.038,614.855,9.981,41.922,7497,9066,2.440,1.800,1.070,7,0,470.125,0,0,17,266,0,35,0
06-04 08:22:34,58.575,22.279,17.272,0.501,0,5097612,170984,171212,2542032,8829.353,4719.068,953.226,1169.504,18.023,50.064,7156,18991,2.480,1.820,1.080,5,0,295.380,0,0,18,265,0,37,0
06-04 08:22:35,79.432,15.986,3.497,0.250,0,5205040,126768,171212,2481136,11364.311,7258.811,2130.184,799.319,86.926,54.953,6046,4893,2.480,1.820,1.080,7,0,41.964,0,0,18,273,0,37,0
06-04 08:22:36,79.623,12.519,6.760,1.002,0,5273804,163468,171236,2379628,10589.399,6881.657,2567.977,7868.185,120.186,394.611,7089,7510,2.480,1.820,1.080,5,0,20.031,0,0,18,276,0,38,0
06-04 08:22:37,56.565,18.689,23.174,0.249,0,5332812,143616,171256,2341464,6124.929,3097.848,1124.316,928.956,34.886,68.775,7479,9153,2.480,1.820,1.080,2,0,223.268,0,0,18,283,0,37,0
06-04 08:22:38,31.709,7.740,58.674,0.499,0,5346184,138524,171280,2333720,20681.368,13551.549,834.925,9323.993,13.982,72.906,4349,4259,2.480,1.820,1.080,2,0,9.987,0,0,18,288,0,38,0
06-04 08:22:39,41.742,9.998,47.991,0,0,5363648,120456,171280,2334324,634559.623,9481.142,767.849,419.918,5.999,27.995,3708,2185,2.530,1.840,1.090,2,0,11.998,0,0,18,287,0,38,0
06-04 08:22:40,27.129,11.052,60.035,0.251,0,5328372,162684,171284,2328220,16012386.452,145661.242,2544.073,550.613,28.134,41.195,9680,5632,2.530,1.840,1.090,2,0,116.553,0,0,18,287,0,38,0
06-04 08:22:41,36.000,13.500,49.500,0.250,0,5349632,141332,171284,2328312,6763.960,2661.984,16.000,16843.900,1.000,1356.992,4980,3740,2.530,1.840,1.090,2,0,150.999,0,0,18,290,0,32,0
06-04 08:22:42,36.965,5.495,55.698,0.250,0,5386964,130616,171284,2302540,20034.276,17176.947,0,419.608,0,34.967,3842,3545,2.530,1.840,1.090,2,0,1.998,0,0,18,292,0,34,0
06-04 08:22:43,23.428,4.985,69.039,0.748,0,5315080,201992,171284,2303052,85459.239,3303736.684,478.534,2938.998,26.918,83.743,5275,6767,2.530,1.840,1.090,0,0,38.881,0,0,18,294,0,37,0
06-04 08:22:44,1.749,1.249,93.945,0.250,0,5313508,203528,171284,2303088,334370.118,13073000.637,0,415.758,0,30.982,2262,1922,2.320,1.810,1.090,0,0,0.999,0,0,18,294,0,37,0
06-04 08:22:45,1.250,0.500,96.997,0,0,5315272,201764,171284,2303088,3161.906,161.995,0,615.982,0,21.999,1013,1482,2.320,1.810,1.090,0,0,1.000,0,0,18,296,0,35,0
06-04 08:22:46,6.024,1.757,90.363,0.753,0,5319584,197452,171284,2303104,4447237.912,111178.664,0,3530.183,0,303.218,6253,3866,2.320,1.810,1.090,2,0,0,0,0,18,301,0,35,0
06-04 08:22:47,24.161,5.978,66.505,0.249,0,5316220,184680,171296,2319228,12594061.222,193757.900,31.882,980.387,1.993,80.703,18815,14233,2.320,1.810,1.090,1,0,1.993,0,0,18,300,0,38,0
06-04 08:22:48,10.523,19.293,68.652,0.251,0,5265296,235352,171296,2319448,5051.148,1623.583,48.106,296.655,4.009,15.033,5247,4012,2.320,1.810,1.090,2,0,317.701,0,0,18,300,0,38,0
06-04 08:22:49,16.213,10.726,70.340,0,0,5315096,185528,171300,2319468,5085.398,1077.542,0,203.536,0,11.973,3362,2743,2.220,1.800,1.090,1,0,147.663,0,0,18,300,0,36,0
06-04 08:22:50,19.038,9.769,70.390,0,0,5282964,217652,171300,2319476,5488.881,1460.896,0,2713.379,0,397.789,3602,2709,2.220,1.800,1.090,1,0,99.197,0,0,18,304,0,36,0
06-04 08:22:51,8.017,19.791,69.644,0.251,0,5285828,214740,171300,2319524,4888.098,1461.018,4.008,368.762,1.002,55.114,5219,3900,2.220,1.800,1.090,1,0,259.536,0,0,18,304,0,36,0
06-04 08:22:52,8.988,21.471,67.658,0,0,5283236,217220,171300,2319636,5212.905,1617.798,11.984,15938.306,0.999,30.958,5594,4599,2.220,1.800,1.090,1,0,288.607,0,0,18,304,0,36,0
06-04 08:22:53,2.244,2.244,93.231,0.499,0,5282456,217992,171300,2319644,4698.460,1507.655,0,275.207,0,33.902,1505,1792,2.220,1.800,1.090,0,0,26.922,0,0,18,304,0,35,0
06-04 08:22:54,19.508,5.252,74.781,0,0,5347880,152564,171300,2319648,4925.029,1566.646,0,60.025,0,6.002,2081,1692,2.120,1.780,1.090,1,0,9.004,0,0,18,304,0,35,0
06-04 08:22:55,17.801,2.507,78.727,0,0,5357632,142736,171300,2319724,14248.136,10650.750,64.185,0,4.012,0,2340,2205,2.120,1.780,1.090,1,0,3.009,0,0,18,308,0,36,0
06-04 08:22:56,13.483,14.731,70.159,0,0,5334812,165344,171304,2319932,5165.326,1749.739,7.990,119.845,1.997,13.982,5009,3885,2.120,1.780,1.090,1,0,199.742,0,0,18,308,0,36,0
06-04 08:22:57,13.782,17.791,68.157,0.501,0,5323032,176600,171304,2320440,4843.158,1585.653,32.074,420.970,1.002,36.083,6056,5482,2.120,1.780,1.090,2,0,234.540,0,0,18,310,0,35,0
06-04 08:22:58,15.163,12.677,70.099,0,0,5334488,165040,171304,2320512,4937.724,1557.083,3.977,274.428,0.994,22.869,4748,3935,2.120,1.780,1.090,1,0,165.055,0,0,18,310,0,35,0
06-04 08:22:59,23.535,5.007,70.355,0,0,5335804,194432,171304,2290820,5457.137,1556.321,0,220.329,0,22.033,2510,2234,2.110,1.790,1.090,1,0,3.004,0,0,18,310,0,35,0
06-04 08:23:00,23.756,3.001,72.017,0.250,0,5391560,138360,171304,2291136,5147.203,1608.376,388.091,368.086,12.003,38.009,2497,2343,2.110,1.790,1.090,1,0,4.001,0,0,18,314,0,35,0
06-04 08:23:01,25.207,2.496,71.379,0,0,5331192,198632,171304,2291232,5123.299,1509.436,0,439.254,0,26.954,2276,1781,2.110,1.790,1.090,1,0,4.992,0,0,18,310,0,35,0
06-04 08:23:02,25.004,3.751,69.512,0.250,0,5333388,196364,171304,2291304,4906.821,1566.262,24.004,108.018,4.001,8.001,2419,2749,2.110,1.790,1.090,1,0,1.000,0,0,18,310,0,35,0
06-04 08:23:03,17.307,4.264,77.253,0.251,0,5366788,162876,171304,2291392,11504.688,8641.308,16.053,72.237,1.003,6.020,2276,2095,2.110,1.790,1.090,0,0,3.010,0,0,18,313,0,36,0
06-04 08:23:04,17.774,1.752,80.110,0,0,5371068,158592,171304,2291396,18194.968,12967.795,0,0,0,0,2308,1990,1.940,1.760,1.090,1,0,1.001,0,0,18,310,0,37,0
06-04 08:23:05,22.682,4.985,71.038,0,0,5371204,158440,171308,2291408,5483.612,1076.782,0,135.595,0,12.961,2438,2000,1.940,1.760,1.090,1,0,16.949,0,0,18,310,0,37,0
06-04 08:23:06,24.574,3.260,71.464,0.251,0,5316092,213552,171308,2291408,5975.928,1462.387,0,152.457,0,22.066,2374,1985,1.940,1.760,1.090,2,0,17.051,0,0,18,312,0,37,0
06-04 08:23:07,9.750,20.751,67.753,0,0,5313100,216024,171316,2291920,4338.202,1458.068,452.021,1972.092,9.000,45.002,6694,6197,1.940,1.760,1.090,2,0,448.021,0,0,18,312,0,37,0
06-04 08:23:08,17.985,9.492,71.189,0,0,5350340,178760,171316,2291944,4735.943,1618.614,0,135.884,0,12.989,3485,2695,1.940,1.760,1.090,2,0,134.884,0,0,18,312,0,37,0
06-04 08:23:09,19.031,3.506,76.626,0,0,5381920,143560,171316,2295564,9960.392,3736.149,0,196.323,0,9.015,2003,1665,1.860,1.750,1.090,1,0,16.026,0,0,18,313,0,37,0
06-04 08:23:10,21.975,3.496,73.667,0,0,5372448,150796,171316,2297672,5681.568,2326.366,0,595.326,0,5.993,2309,1829,1.860,1.750,1.090,1,0,18.979,0,0,18,313,0,37,0
06-04 08:23:11,18.753,3.250,76.761,0.250,0,5369140,149060,171316,2302604,10922.541,4242.599,0,17154.421,0,43.006,2055,1667,1.860,1.750,1.090,2,0,6.001,0,0,18,312,0,37,0
06-04 08:23:12,21.436,5.484,71.786,0.249,0.249,5368644,148820,171328,2303312,10041.002,4427.772,11.964,3684.991,1.994,442.677,10498,19210,1.860,1.750,1.090,0,0,8.973,0,0,18,313,0,37,0
06-04 08:23:13,21.591,7.030,69.292,0.502,0,5364644,152468,171336,2303656,5716.062,1693.127,0,626.638,0,27.114,8288,15557,1.860,1.750,1.090,1,0,21.089,0,0,18,313,0,37,0
06-04 08:23:14,19.683,8.222,70.759,0.249,0,5321172,205956,171476,2293652,5318.878,1626.458,0,1152.075,0,55.810,3455,2941,1.800,1.730,1.080,1,0,94.677,0,0,18,312,0,37,0
06-04 08:23:15,16.742,11.494,70.216,0,0,5354568,172544,171476,2293668,5097.532,1619.216,0,543.737,0,10.995,3803,3155,1.800,1.730,1.080,2,0,175.915,0,0,18,314,0,37,0
06-04 08:23:16,22.992,4.498,71.225,0.250,0,5362540,164264,171480,2293972,10640.304,7168.510,0,1275.557,0,135.953,3904,4723,1.800,1.730,1.080,1,0,2.999,0,0,18,317,0,37,0
06-04 08:23:17,23.739,7.247,67.718,0.250,0,5305800,220744,171480,2294248,9307.645,6237.082,59.972,3010.592,3.998,146.931,4417,4623,1.800,1.730,1.080,1,0,117.945,0,0,18,316,0,41,0
06-04 08:23:18,22.265,5.254,71.048,0.250,0,5371540,155000,171480,2294252,4729.181,1567.054,0,268.180,0,24.016,2340,1995,1.800,1.730,1.080,1,0,1.001,0,0,18,316,0,41,0
06-04 08:23:19,17.066,4.768,77.300,0.251,0,5293148,233376,171480,2294268,14337.569,10175.438,0,84.327,0,6.023,2555,2169,1.650,1.700,1.080,2,0,60.233,0,0,18,316,0,42,0
06-04 08:23:20,21.729,4.995,72.680,0,0,5362448,164072,171480,2294272,5874.323,1618.436,0,3.996,0,0.999,2224,1771,1.650,1.700,1.080,1,0,9.990,0,0,18,316,0,42,0
06-04 08:23:21,18.655,2.239,77.606,0,0,5367872,158640,171480,2294280,18676.194,14410.846,0,0,0,0,2219,1829,1.650,1.700,1.080,1,0,0,0,0,18,316,0,43,0
06-04 08:23:22,21.282,8.012,69.856,0,0,5361828,164612,171480,2294352,5528.389,1622.462,0,584.888,0,5.008,3041,3108,1.650,1.700,1.080,5,0,57.087,0,0,18,316,0,36,0
06-04 08:23:23,18.255,2.751,78.271,0,0,5361816,164612,171480,2294364,15558.109,11778.111,112.030,128.034,7.002,10.003,2245,1982,1.650,1.700,1.080,2,0,0,0,0,18,317,0,38,0
06-04 08:23:24,20.751,6.250,71.755,0,0,5366216,160076,171480,2294500,5549.375,1752.119,12.001,80.005,1.000,6.000,2464,1843,1.600,1.690,1.080,2,0,32.002,0,0,18,316,0,39,0
06-04 08:23:25,18.004,1.750,79.268,0,0,5387280,138880,171480,2294632,12198.811,9259.134,0,36.008,0,3.001,1959,1681,1.600,1.690,1.080,1,0,1.000,0,0,18,319,0,39,0
06-04 08:23:26,17.000,5.500,75.248,0.500,0,5402776,123376,171480,2294640,8539.776,4783.874,0,643.983,0,56.999,3232,3311,1.600,1.690,1.080,2,0,46.999,0,0,18,318,0,36,0
06-04 08:23:27,20.996,4.999,72.237,0.250,0,5429332,124816,171484,2267368,10372.088,7397.636,31.994,2871.471,1.000,375.931,2926,2904,1.600,1.690,1.080,1,0,5.999,0,0,18,319,0,36,0
06-04 08:23:28,20.838,5.774,72.806,0,0,5384940,169208,171484,2267368,7340.860,4960.855,0,241.013,0,23.097,2976,2756,1.600,1.690,1.080,1,0,33.139,0,0,18,318,0,39,0
06-04 08:23:29,19.177,2.989,75.959,0,0,5413392,140736,171484,2267388,9998.696,6886.618,0,215.176,0,21.916,2270,2103,1.550,1.680,1.080,2,0,0.996,0,0,18,319,0,39,0
06-04 08:23:30,15.275,4.758,79.378,0.250,0,5367312,186800,171484,2267404,10194.441,6786.945,0,328.530,0,34.055,2899,2816,1.550,1.680,1.080,1,0,50.081,0,0,18,318,0,37,0
06-04 08:23:31,5.240,8.235,82.845,1.248,0,5362544,190304,172072,2268080,9070.080,4008.522,1121.907,235.561,250.533,12.976,3251,3168,1.550,1.680,1.080,0,0,129.758,0,0,18,320,0,37,0
06-04 08:23:32,6.016,8.022,83.729,0,0,5351168,201412,172104,2268316,15048.130,3023.263,0,433.184,0,28.077,3240,3296,1.550,1.680,1.080,1,0,113.310,0,0,18,318,0,38,0
06-04 08:23:33,3.498,4.498,90.707,0.250,0,5343692,208880,172104,2268324,10695.892,4634.787,0,187.910,0,5.997,1841,1820,1.550,1.680,1.080,1,0,45.978,0,0,18,318,0,39,0
06-04 08:23:34,19.213,16.468,62.629,0.499,0,5339212,212984,172128,2268676,5003.339,1347.398,287.445,415.198,22.956,24.952,5279,11690,1.590,1.690,1.080,1,0,214.586,0,0,18,318,0,34,0
06-04 08:23:35,22.277,3.504,71.586,1.252,0,5349192,189320,172852,2281524,5456.559,1661.998,2334.807,853.025,187.225,12.014,2433,2253,1.590,1.690,1.080,1,0,10.012,0,0,18,318,0,34,0
06-04 08:23:36,14.776,2.755,81.140,0.250,0.250,5345720,189072,172912,2285028,16520.563,5953.293,4.007,1081.870,1.002,29.050,2161,2170,1.590,1.690,1.080,1,0,11.019,0,0,18,318,0,34,0
06-04 08:23:37,14.742,14.242,67.962,0.999,0,5311088,220296,173056,2288256,4903.286,1565.134,1475.184,3813.889,24.986,134.925,5671,5733,1.590,1.690,1.080,3,0,236.869,0,0,18,318,0,34,0
06-04 08:23:38,19.697,7.729,71.058,0,0,5370604,160780,173056,2288256,4966.580,1657.521,0,227.386,0,16.954,2742,2260,1.590,1.690,1.080,1,0,65.822,0,0,18,318,0,30,0
06-04 08:23:39,19.007,2.001,77.779,0.250,0,5384836,146544,173056,2288264,28065.420,24165.972,0,52.019,0,6.002,2197,1930,1.540,1.670,1.080,2,0,0,0,0,18,318,0,32,0
06-04 08:23:40,20.575,7.528,70.760,0,0,5390392,171816,173056,2258340,5540.326,1625.965,0,184.678,0,24.088,2701,2260,1.540,1.670,1.080,1,0,47.173,0,0,18,318,0,32,0
06-04 08:23:41,18.181,1.992,79.198,0,0,5384364,177840,173056,2258348,13511.415,10272.780,0,0,0,0,2238,2001,1.540,1.670,1.080,1,0,0,0,0,18,318,0,34,0
06-04 08:23:42,21.992,5.748,70.225,0,0,5370072,191936,173056,2258544,4918.281,1619.434,0,11.996,0,1.000,2645,2969,1.540,1.670,1.080,2,0,14.995,0,0,18,318,0,32,0
06-04 08:23:43,17.497,2.750,78.239,0.500,0,5380244,180300,173056,2260008,11377.331,8072.816,1455.787,2459.639,46.993,374.945,2877,3054,1.540,1.670,1.080,2,0,1.000,0,0,18,319,0,32,0
06-04 08:23:44,25.261,5.002,66.778,1.000,0,5403608,156192,173056,2260752,6923.931,2927.239,656.278,1608.681,39.017,181.077,5220,7071,1.580,1.680,1.090,1,0,8.003,0,0,18,320,0,33,0
06-04 08:23:45,19.496,2.749,76.986,0.250,0,5435044,124748,173056,2260760,11267.889,7169.656,0,415.922,0,13.997,1943,1601,1.580,1.680,1.090,1,0,0,0,0,18,321,0,33,0
06-04 08:23:46,19.999,4.250,72.997,1.000,0,5425564,133820,173056,2261164,7321.701,4425.819,351.986,3779.846,19.999,282.988,5274,7400,1.580,1.680,1.090,1,1,0,0,0,18,321,0,28,0
06-04 08:23:47,13.283,19.799,66.162,0,0,5384200,174680,173056,2261668,6289.442,2690.606,0,3352.230,0,147.362,5597,5119,1.580,1.680,1.090,2,0,339.834,0,0,18,320,0,29,0
06-04 08:23:48,8.767,22.545,66.882,0.250,0,5376740,182124,173056,2261684,5591.052,1623.209,0,545.077,0,19.038,5866,4342,1.580,1.680,1.090,2,0,386.765,0,0,18,320,0,29,0
06-04 08:23:49,8.482,22.952,65.611,0.499,0,5372044,186800,173056,2261704,5483.415,1454.926,0,1085.706,0,79.831,6108,4930,1.610,1.690,1.090,1,0,414.125,0,0,18,320,0,29,0
06-04 08:23:50,7.990,23.719,66.413,0,0,5369588,189236,173056,2261724,5752.471,1617.883,0,223.707,0,24.967,5714,4394,1.610,1.690,1.090,1,0,371.514,0,0,18,320,0,26,0
06-04 08:23:51,9.243,21.733,66.697,0,0,5353792,205012,173056,2261744,4796.172,1618.708,0,31.974,0,7.994,5809,4535,1.610,1.690,1.090,1,0,398.682,0,0,18,320,0,26,0
06-04 08:23:52,10.273,21.549,65.899,0,0,5353084,205504,173056,2261960,4418.015,1461.312,0,264.600,0,11.025,5849,4903,1.610,1.690,1.090,2,0,374.850,0,0,18,320,0,26,0
06-04 08:23:53,8.744,22.986,67.208,0,0,5336048,222520,173056,2261980,4796.975,1618.979,0,27.982,0,6.996,5923,4502,1.610,1.690,1.090,1,0,401.747,0,0,18,320,0,26,0
06-04 08:23:54,8.992,21.730,67.687,0,0,5336580,221960,173056,2262008,4932.440,1618.504,0,119.889,0,11.989,5955,4580,1.560,1.670,1.090,1,0,409.621,0,0,18,320,0,26,0
06-04 08:23:55,8.268,23.052,66.649,0,0,5328872,229648,173056,2262028,5051.289,1623.629,0,92.206,0,10.022,6021,4722,1.560,1.670,1.090,1,0,427.956,0,0,18,320,0,26,0
06-04 08:23:56,12.195,18.168,67.696,0.249,0,5328340,230112,173056,2262096,4677.018,1451.488,15.929,903.945,0.996,71.678,5661,4964,1.560,1.670,1.090,4,0,307.620,0,0,18,320,0,26,0
06-04 08:23:57,21.062,7.773,70.457,0,0,5326120,330444,173432,2174388,4573.412,1624.765,0,144.424,0,14.041,2815,2944,1.560,1.670,1.090,1,0,43.126,0,0,18,320,0,26,0
06-04 08:23:58,31.941,6.239,60.139,0.499,0,5342456,310968,173556,2177404,9102.257,3524.517,271.501,6891.324,4.991,487.104,3655,3072,1.560,1.670,1.090,1,0,21.960,0,0,18,321,0,25,0
06-04 08:23:59,29.626,7.783,60.257,1.255,0,5377348,274944,173556,2178536,25553.792,14425.414,1642.995,2100.944,70.299,77.329,3379,2632,1.520,1.660,1.090,0,0,8.034,0,0,18,321,0,25,0
06-04 08:24:00,15.999,1.750,80.745,0.750,0,5403364,247704,173556,2179768,20679.700,11299.290,891.944,1455.908,43.997,46.997,1853,1667,1.520,1.660,1.090,0,0,0,0,0,18,321,0,25,0
06-04 08:24:01,14.703,1.495,81.490,0.748,0,5400156,249936,173556,2180736,23502.092,13076.322,881.191,2488.070,53.828,97.689,2080,2072,1.520,1.660,1.090,1,0,0,0,0,18,321,0,25,0
06-04 08:24:02,17.459,2.245,78.315,0.748,0,5399000,242748,173556,2189076,21580.930,12196.138,3619.435,1484.487,49.882,42.898,2303,2375,1.520,1.660,1.090,1,0,1.995,0,0,18,321,0,25,0
06-04 08:24:03,22.779,2.753,72.341,1.252,0,5402768,206988,173852,2220464,5226.610,1734.193,8670.967,1437.818,102.129,61.077,2445,2145,1.520,1.660,1.090,2,0,1.001,0,0,18,321,0,25,0
06-04 08:24:04,23.492,2.499,72.224,0.500,0,5405008,188584,173968,2236300,6572.653,1457.480,0,1295.537,0,29.989,2306,2000,1.470,1.650,1.090,1,0,0,0,0,18,321,0,25,0
06-04 08:24:05,22.603,3.265,71.828,1.005,0,5421704,150652,173972,2257232,4936.532,1139.200,0,2483.335,0,102.468,2555,2458,1.470,1.650,1.090,1,0,2.009,0,0,18,321,0,25,0
06-04 08:24:06,24.166,2.741,69.260,1.246,0,5408616,142348,173972,2278376,5088.390,484.324,15.945,3747.032,0.997,166.424,3263,3687,1.470,1.650,1.090,1,0,0,0,0,18,321,0,25,0
06-04 08:24:07,24.753,3.000,70.508,1.000,0,5422368,128964,173972,2277692,5322.588,1794.198,0,2224.246,0,73.008,2759,2891,1.470,1.650,1.090,2,0,0,0,0,18,320,0,23,0
06-04 08:24:08,23.741,4.998,70.974,0,0,5394296,157100,173972,2277612,5116.114,1457.463,0,14686.587,0,76.972,2575,2014,1.470,1.650,1.090,1,0,18.993,0,0,18,320,0,23,0
06-04 08:24:09,18.997,2.999,76.736,0.250,0,5395260,150512,173972,2283200,10285.123,3903.288,0,1351.753,0,29.995,2228,1923,1.440,1.640,1.090,1,0,17.997,0,0,18,320,0,23,0
06-04 08:24:10,18.569,2.760,78.042,0,0,5398948,146660,173972,2283348,11402.652,4578.125,0,417.562,0,6.023,1986,1659,1.440,1.640,1.090,1,0,17.064,0,0,18,321,0,23,0
06-04 08:24:11,23.432,5.235,69.547,0,0,5392736,147340,173972,2288720,4606.534,1627.243,0,789.692,0,11.965,8574,16222,1.440,1.640,1.090,1,0,13.959,0,0,18,320,0,23,0
06-04 08:24:12,24.323,6.018,68.206,0,0,5384776,154988,173972,2289032,4694.169,1709.159,0,84.254,0,1.003,10977,19723,1.440,1.640,1.090,1,0,14.042,0,0,18,320,0,23,0
06-04 08:24:13,21.927,6.229,71.264,0.249,0,5316608,234520,173972,2277780,4503.078,1453.185,0,1782.095,0,25.914,2819,2410,1.440,1.640,1.090,2,0,17.941,0,0,18,320,0,23,0
06-04 08:24:14,22.993,4.998,68.479,0,0,5336224,214868,173972,2277816,5035.469,1619.508,0,2191.334,0,227.931,10809,19642,1.400,1.630,1.090,1,0,48.985,0,0,18,320,0,23,0
06-04 08:24:15,19.507,3.251,76.276,0.250,0,5362312,187908,173972,2278688,9955.358,3677.240,0,272.092,0,15.005,2400,2191,1.400,1.630,1.090,2,0,33.011,0,0,18,321,0,23,0
06-04 08:24:16,24.549,3.757,70.139,0.250,0,5354648,190684,173972,2283576,4731.351,1797.553,16.032,1863.683,1.002,72.143,2945,2963,1.400,1.630,1.090,1,0,19.038,0,0,18,320,0,23,0
06-04 08:24:17,21.464,3.494,73.628,0,0,5378092,161748,173972,2288960,11407.109,4565.439,0,1122.142,0,25.957,7589,14099,1.400,1.630,1.090,3,0,5.990,0,0,18,320,0,23,0
06-04 08:24:18,23.488,6.497,67.965,0,0,5383312,155964,173972,2289520,4917.437,1619.156,0,83.956,0,0.999,14048,25750,1.400,1.630,1.090,1,0,21.989,0,0,18,320,0,23,0
06-04 08:24:19,22.247,6.999,69.741,0.250,0,5324396,226264,173976,2278260,5296.331,1619.795,0,1267.840,0,27.996,3651,4057,1.450,1.640,1.100,2,0,14.998,0,0,18,320,0,19,0
06-04 08:24:20,23.577,5.769,69.728,0,0,5316184,234440,173976,2278296,5315.394,1462.787,0,16.053,0,4.013,3191,2649,1.450,1.640,1.100,2,0,72.236,0,0,18,320,0,21,0
06-04 08:24:21,22.498,5.000,71.743,0.250,0,5348216,193376,174544,2286732,4919.549,1619.852,0,627.942,0,16.998,2965,3002,1.450,1.640,1.100,2,0,43.996,0,0,18,320,0,21,0
06-04 08:24:22,20.160,2.738,75.662,0,0,5358208,180524,174704,2289320,11610.149,5083.298,3.982,1019.447,0.996,5.973,2268,2317,1.450,1.640,1.100,1,0,16.924,0,0,18,321,0,21,0
06-04 08:24:23,13.269,1.753,83.622,0.751,0,5372400,165908,174704,2289728,29046.266,15875.100,0,9141.302,0,300.437,1958,1875,1.450,1.640,1.100,1,0,0,0,0,18,321,0,19,0
06-04 08:24:24,4.000,1.000,93.495,0.500,0,5370372,167968,174736,2289800,59291.793,6659.640,0,879.952,0,42.998,1341,1658,1.330,1.610,1.090,1,0,0,0,0,18,322,0,19,0
06-04 08:24:25,10.504,1.501,86.782,0.750,0,5374164,163796,174800,2290116,112959.042,12623.698,0,1528.569,0,61.023,1715,1794,1.330,1.610,1.090,1,0,0,0,0,18,322,0,19,0
06-04 08:24:26,17.485,1.998,78.433,0.250,0,5390816,146884,174800,2290376,19763.044,11661.994,31.973,1714.529,0.999,82.929,2307,2541,1.330,1.610,1.090,1,0,0,0,0,18,322,0,19,0
06-04 08:24:27,12.511,2.252,84.075,0.250,0,5404476,132576,174820,2291004,288365.539,14078.622,0,1084.973,0,30.027,2388,2481,1.330,1.610,1.090,1,0,6.005,0,0,18,322,0,15,0
06-04 08:24:28,9.280,2.257,85.773,1.505,0,5404136,132324,175084,2291332,121925.703,21656.040,28.090,14100.954,4.013,214.684,2506,2962,1.330,1.610,1.090,0,0,1.003,0,0,18,322,0,15,0
06-04 08:24:29,13.947,1.743,82.190,0.498,0,5403416,124020,175120,2300288,41539.262,14061.941,103.609,3247.745,5.977,299.869,2219,2317,1.230,1.580,1.080,0,0,1.992,0,0,18,322,0,15,0
06-04 08:24:30,3.252,2.001,91.816,0.250,0.250,5391092,163012,175136,2275328,2777569.765,59874.849,0,1937.386,0,28.020,4369,3226,1.230,1.580,1.080,1,0,1.001,0,0,18,322,0,15,0
06-04 08:24:31,4.994,2.746,88.635,0.499,0,5394756,147840,175188,2286784,6251657.292,98510.463,0,4797.789,0,41.946,6846,4098,1.230,1.580,1.080,1,0,1.997,0,0,18,322,0,11,0
06-04 08:24:32,7.995,3.748,84.197,0.500,0,5386712,131620,175268,2310872,9334645.985,143944.603,163.896,12244.226,3.997,41.973,10076,6015,1.230,1.580,1.080,0,1,1.999,0,0,18,322,0,11,0
06-04 08:24:33,20.277,3.254,74.350,1.001,0,5382244,122548,178124,2321352,306221.930,7639.276,0,12889.339,0,161.217,2605,2401,1.230,1.580,1.080,1,0,1.001,0,0,18,322,0,11,0
06-04 08:24:34,24.324,4.514,70.464,0,0,5400460,121008,178896,2305136,4548.821,1462.444,0,1348.096,0,36.110,2586,2230,1.210,1.570,1.080,2,0,11.034,0,0,18,322,0,11,0
06-04 08:24:35,27.625,5.973,64.458,0.498,0,5400340,131304,179336,2294384,5439.355,1706.269,0,1087.075,0,30.860,3302,10577,1.210,1.570,1.080,1,0,24.887,0,0,18,322,0,9,0
06-04 08:24:36,23.038,4.758,70.617,1.002,0,5421444,114180,180236,2289368,5048.356,1622.686,0,2992.954,0,133.221,2879,3003,1.210,1.570,1.080,1,0,0,0,0,18,322,0,9,0
06-04 08:24:37,24.752,5.501,68.507,0.750,0,5414744,113376,181024,2295252,4758.475,1458.145,0,78679.848,0,527.053,3043,3747,1.210,1.570,1.080,1,0,0,0,0,18,322,0,9,0
06-04 08:24:38,23.451,3.243,71.601,0,0,5419344,128960,182300,2273616,5089.443,1616.647,0,1868.125,0,31.934,2306,1955,1.210,1.570,1.080,1,0,0,0,0,18,322,0,9,0
06-04 08:24:39,23.544,3.256,70.882,1.002,0,5413244,123064,183176,2284036,5306.897,1623.027,0,4620.617,0,267.499,2746,2656,1.190,1.560,1.080,2,0,0,0,0,18,322,0,7,0
06-04 08:24:40,20.246,2.749,75.733,0.500,0,5414544,120408,183900,2284080,11028.576,3530.224,0,1991.562,0,75.983,2343,2390,1.190,1.560,1.080,1,0,0,0,0,18,323,0,7,0
06-04 08:24:41,22.758,4.001,72.027,0,0,5340516,229316,183900,2249236,5227.939,2208.819,4.001,56.021,1.000,4.001,2308,1720,1.190,1.560,1.080,2,0,19.007,0,0,18,320,0,7,0
06-04 08:24:42,21.578,4.516,72.765,0.502,0,5367796,196868,183900,2254408,10391.776,3821.893,0,36018.935,0,437.591,3385,3798,1.190,1.560,1.080,3,0,19.069,0,0,18,320,0,7,0
06-04 08:24:43,18.176,4.731,74.697,0.249,0,5385404,178684,183900,2255032,10901.756,4476.831,0,87030.793,0,1205.109,5349,6542,1.190,1.560,1.080,1,0,18.923,0,0,18,321,0,5,0
06-04 08:24:44,23.017,5.254,69.050,0,0,5383728,174064,183900,2260412,5190.777,1699.236,0,1084.789,0,31.023,10491,18860,1.180,1.550,1.080,2,0,15.011,0,0,18,320,0,5,0
06-04 08:24:45,22.238,6.746,69.962,0,0,5373656,183848,183900,2260664,3674.025,797.571,0,83.955,0,0.999,10406,18862,1.180,1.550,1.080,2,0,12.993,0,0,18,320,0,5,0
06-04 08:24:46,21.495,6.998,70.733,0.250,0,5373452,183972,183900,2260744,4564.922,1403.668,0,3191.246,0,71.983,2722,2651,1.180,1.550,1.080,2,0,6.998,0,0,18,320,0,5,0
06-04 08:24:47,24.228,4.246,69.686,0.749,0,5347788,220408,184044,2250684,4333.990,1456.652,247.771,3005.219,3.996,159.852,2808,2915,1.180,1.550,1.080,2,0,5.994,0,0,18,320,0,5,0
06-04 08:24:48,23.038,4.007,71.367,0.501,0,5363728,202012,184336,2252848,4757.824,1622.668,468.771,1955.215,14.023,60.099,4213,5414,1.180,1.550,1.080,1,0,0,0,0,18,322,0,5,0
06-04 08:24:49,24.246,6.249,65.489,2.000,0,5325772,238884,184340,2253912,4984.163,1565.737,895.850,2131.642,47.992,273.954,7701,11143,1.160,1.540,1.080,1,0,42.993,0,0,18,322,0,9,0
06-04 08:24:50,10.253,19.256,68.772,0.500,0,5322848,240732,184340,2254988,6121.946,1620.515,900.286,4021.278,11.003,464.148,6381,5374,1.160,1.540,1.080,1,0,387.123,0,0,18,324,0,9,0
06-04 08:24:51,11.484,4.993,71.150,10.985,0.499,5278476,252532,184340,2287560,4645.474,1509.879,32478.374,834.827,1827.433,19.972,4229,5770,1.160,1.540,1.080,0,1,19.972,0,0,18,322,0,11,0
06-04 08:24:52,8.004,4.002,76.788,10.005,0,5270392,250748,184340,2297428,5354.664,2174.082,9840.896,4134.057,1654.823,162.081,3882,6256,1.160,1.540,1.080,1,0,7.003,0,0,18,323,0,11,0
06-04 08:24:53,2.001,0.250,96.528,0,0,5270392,250748,184340,2297428,8941.599,2690.782,0,8.002,0,1.000,947,1355,1.160,1.540,1.080,0,0,0,0,0,18,323,0,11,0
06-04 08:24:54,2.749,1.250,95.717,0,0,5271652,249488,184340,2297428,43573.987,5960.946,0,11.996,0,2.999,1111,1391,1.070,1.520,1.080,0,0,0,0,0,18,323,0,11,0
06-04 08:24:55,3.998,1.999,91.959,0,0,5257500,263728,184400,2297328,204934.572,128679.964,35.984,859.612,3.998,14.993,1769,1907,1.070,1.520,1.080,0,0,14.993,0,0,18,322,0,11,0
06-04 08:24:56,2.501,1.000,96.040,0.250,0,5257360,263860,184400,2297336,4737.970,1566.651,0,384.160,0,25.010,1237,1820,1.070,1.520,1.080,0,0,0,0,0,18,322,0,11,0
06-04 08:24:57,3.001,0.750,94.522,0,0,5247148,274016,184400,2297392,5023.154,1554.357,0,176.040,0,11.003,1488,2221,1.070,1.520,1.080,0,0,0,0,0,18,322,0,11,0
06-04 08:24:58,12.504,4.251,81.526,0,0,5280332,240824,184400,2297400,4873.555,1566.500,256.082,88.028,2.001,12.004,2136,2186,1.070,1.520,1.080,1,0,6.002,0,0,18,322,0,11,0
06-04 08:24:59,19.745,6.748,72.733,0.500,0,5304168,216968,184400,2297420,5173.801,1511.650,767.822,323.925,5.999,44.990,2972,2799,1.060,1.510,1.070,1,0,7.998,0,0,18,322,0,11,0
06-04 08:25:00,1.250,0.750,96.751,0,0,5292436,228700,184400,2297420,5366.043,1620.013,0,112.001,0,9.000,992,1413,1.060,1.510,1.070,0,0,0,0,0,18,322,0,11,0
06-04 08:25:01,1.249,0.500,96.203,0.250,0,5286616,234520,184400,2297420,4781.670,1457.290,0,111.945,0,7.996,1116,1540,1.060,1.510,1.070,1,0,0,0,0,18,322,0,11,0
06-04 08:25:02,3.501,2.000,93.271,0,0,5281052,239864,184400,2297640,4921.117,1620.368,0,408.093,0,29.007,1636,2299,1.060,1.510,1.070,0,0,4.001,0,0,18,322,0,11,0
06-04 08:25:03,1.501,0.500,97.316,0,0,5262936,257980,184400,2297640,5371.628,1458.985,0,32.022,0,3.002,977,1368,1.060,1.510,1.070,0,0,0,0,0,18,322,0,11,0
06-04 08:25:04,1.249,0.750,97.439,0,0,5260708,260204,184400,2297644,6972.621,1618.983,0,31.980,0,2.998,1080,1466,0.980,1.480,1.070,0,0,0,0,0,18,322,0,11,0
06-04 08:25:05,2.000,0.500,96.505,0,0,5258800,262108,184400,2297648,6406.364,1566.089,0,0,0,0,1088,1501,0.980,1.480,1.070,0,0,2.000,0,0,18,322,0,11,0
06-04 08:25:06,1.251,0.750,96.793,0,0,5257136,263772,184400,2297648,6094.719,1512.675,0,96.043,0,12.005,1235,1801,0.980,1.480,1.070,0,0,0,0,0,18,322,0,11,0
06-04 08:25:07,2.998,0.999,94.686,0.250,0,5255648,265228,184400,2297680,4976.615,1618.899,0,231.842,0,11.992,1386,2233,0.980,1.480,1.070,0,0,0,0,0,18,322,0,11,0
06-04 08:25:08,1.000,0.250,97.261,0,0,5254340,266504,184400,2297712,4620.516,1620.181,0,100.011,0,15.002,1019,1445,0.980,1.480,1.070,0,0,0,0,0,18,322,0,11,0
06-04 08:25:09,1.250,3.751,93.265,0.500,0,5253564,267256,184400,2297736,4415.695,1458.230,16.003,27412.316,1.000,377.059,2169,2666,0.900,1.460,1.060,1,0,0,0,0,18,322,0,11,0
06-04 08:25:10,1.000,0.500,97.216,0.250,0,5253552,267256,184400,2297748,4558.400,1619.432,0,283.900,0,18.993,935,1414,0.900,1.460,1.060,0,0,0,0,0,18,322,0,11,0
06-04 08:25:11,1.500,0.750,96.742,0.250,0,5253776,267032,184400,2297748,4097.674,1457.884,0,1915.847,0,291.977,1067,1423,0.900,1.460,1.060,0,0,0,0,0,18,322,0,11,0
06-04 08:25:12,3.750,1.750,94.256,0,0,5253728,267032,184400,2297796,4680.309,1620.107,0,0,0,0,1401,1957,0.900,1.460,1.060,0,0,1.000,0,0,18,322,0,11,0
06-04 08:25:13,1.500,0.750,95.747,0,0,5253712,267032,184400,2297812,3917.869,1457.951,0,87.997,0,12.000,1349,1884,0.900,1.460,1.060,0,0,1.000,0,0,18,322,0,11,0
06-04 08:25:14,1.999,1.750,94.725,0.500,0,5254364,266556,184400,2297812,5035.695,1619.580,0,41885.149,0,335.913,1820,2162,0.830,1.430,1.060,0,0,1.000,0,0,18,322,0,11,0
06-04 08:25:15,1.500,1.000,96.262,0,0,5254364,266556,184400,2297812,4578.589,1458.188,0,32.004,0,3.000,1049,1515,0.830,1.430,1.060,0,0,0,0,0,18,322,0,11,0
06-04 08:25:16,1.751,0.250,96.031,0,0,5254364,266556,184400,2297812,3409.085,648.206,0,356.113,0,32.010,1300,1912,0.830,1.430,1.060,0,0,0,0,0,18,322,0,11,0
06-04 08:25:17,3.762,1.254,94.304,0,0,5254208,266556,184400,2297968,4317.905,1462.710,0,746.404,0,12.039,1482,2392,0.830,1.430,1.060,0,0,0,0,0,18,322,0,11,0
06-04 08:25:18,1.000,0.250,96.995,0,0,5254172,266556,184400,2298004,4257.791,1511.926,0,43.998,0,4.000,967,1373,0.830,1.430,1.060,0,0,0,0,0,18,322,0,11,0
06-04 08:25:19,1.248,1.248,96.596,0,0,5254164,266556,184400,2298012,5194.703,1659.350,0,2787.548,0,20.967,1265,1788,0.760,1.410,1.050,0,0,0,0,0,18,322,0,11,0
06-04 08:25:20,1.748,0.749,96.666,0.500,0,5254164,266556,184400,2298012,5301.385,1618.591,0,287.750,0,18.983,1074,1560,0.760,1.410,1.050,0,0,0,0,0,18,322,0,9,0
06-04 08:25:21,2.249,0.750,95.939,0,0,5254164,266556,184400,2298012,4988.816,1618.967,0,43.972,0,3.997,1170,1614,0.760,1.410,1.050,0,0,0.999,0,0,18,322,0,9,0
06-04 08:25:22,6.497,2.499,89.956,0,0,5254040,266556,184400,2298136,5235.425,1457.283,0,0,0,0,2890,4453,0.760,1.410,1.050,0,0,3.998,0,0,18,322,0,9,0
06-04 08:25:23,4.251,1.500,92.524,0,0,5253972,266556,184400,2298204,4277.123,756.198,0,160.042,0,18.005,1687,2208,0.760,1.410,1.050,1,0,2.001,0,0,18,322,0,11,0
06-04 08:25:24,2.250,1.000,96.019,0,0,5253968,266556,184400,2298208,4307.849,810.160,0,68.013,0,11.002,1035,1472,0.700,1.390,1.050,0,0,0,0,0,18,322,0,11,0
06-04 08:25:25,1.500,0.750,96.991,0,0,5253968,266556,184400,2298208,3897.650,917.918,0,43.996,0,3.000,952,1367,0.700,1.390,1.050,1,0,0,0,0,18,322,0,11,0
06-04 08:25:26,3.764,2.008,92.856,0.251,0,5264272,256252,184400,2298208,133879.657,1875.195,0,1638.286,0,225.867,1495,2136,0.700,1.390,1.050,1,0,3.012,0,0,18,322,0,11,0
06-04 08:25:27,14.449,4.983,78.226,0.498,0,5276220,244160,184412,2298340,280671.175,7011.398,0,3523.636,0,159.441,3192,3533,0.700,1.390,1.050,1,0,28.899,0,0,18,322,0,11,0
06-04 08:25:28,10.785,4.766,82.770,0,0.251,5276248,244048,184416,2298420,291807.020,9129.755,120.392,357.164,5.016,22.072,2720,2610,0.700,1.390,1.050,1,0,25.082,0,0,18,322,0,11,0
