"pcp-dstat 5.3.6 CSV Output"
"Author:","PCP team <pcp@groups.io> and Dag Wieers <dag@wieers.com>",,,,"URL:","https://pcp.io/ and http://dag.wieers.com/home-made/dstat/"
"Host:","jammy-provider-cloud-0000007457",,,,"User:","ubuntu"
"Cmdline:","dstat -tcmndrylpg --tcp --output /tmp/devstack_logs/dstat-csv.log",,,,"Date:","13 Aug 2024 07:49:56 UTC"
"system","total usage",,,,,"memory usage",,,,"net/total",,"dsk/total",,"io/total",,"system",,"load avg",,,"procs",,,"paging",,"tcp sockets",,,,
"time","total usage:usr","total usage:sys","total usage:idl","total usage:wai","total usage:stl","used","free","buf","cach","net/total:recv","net/total:send","dsk/total:read","dsk/total:writ","read","writ","int","csw","1m","5m","15m","run","blk","new","in","out","lis","act","syn","tim","clo"
13-08 07:49:56,,930820,1893008,167708,4815104,,,,,,,1.330,0.920,0.490,2,0,,,,9,2,0,17,0
13-08 07:49:57,7.486,20.213,70.370,0,0,936616,1887020,167716,4815096,6176.549,1617.002,0,447.171,0,16.969,2949,4613,1.220,0.910,0.490,1,0,401.256,0,0,9,2,0,17,0
13-08 07:49:58,11.768,17.276,70.357,0.250,0,931792,1891612,167720,4815496,41750.670,1706.603,0,244.373,0,20.031,3175,5136,1.220,0.910,0.490,0,0,356.544,0,0,9,2,0,17,0
13-08 07:49:59,17.737,14.239,65.951,0,0,928964,1894632,167720,4815352,5428.950,1702.730,0,15.988,0,3.997,5431,9609,1.220,0.910,0.490,9,0,251.812,0,0,9,2,0,17,0
13-08 07:50:00,7.495,6.496,84.694,0,0,1053540,1769728,167720,4940324,6388.777,1618.930,0,0,0,0,2691,5897,1.220,0.910,0.490,2,0,81.946,0,0,10,4,0,17,0
13-08 07:50:01,16.508,10.755,72.786,0,0,1060452,1762792,167720,4940348,5940.899,1704.832,80.039,36.018,1.000,9.004,1938,2550,1.220,0.910,0.490,1,0,163.080,0,0,10,4,0,17,0
13-08 07:50:02,19.248,7.249,73.491,0,0,1113340,1709420,167732,4940736,6138.227,1457.816,0,12682.402,0,146.981,1745,2724,1.200,0.910,0.490,1,0,70.991,0,0,10,4,0,19,0
13-08 07:50:03,22.278,1.502,73.092,1.752,0,1162332,1658796,167848,4942184,5463.906,1622.050,0,5442.880,0,430.544,2668,5010,1.200,0.910,0.490,1,0,10.013,0,0,10,6,0,13,0
13-08 07:50:04,12.996,6.748,66.732,11.997,0,1167804,1643676,168528,4951148,7367.959,1619.551,0,52301.512,0,4336.799,13734,31906,1.200,0.910,0.490,2,0,59.983,0,0,10,6,0,13,0
13-08 07:50:05,21.500,5.250,72.499,1.000,0,1126756,1684664,168584,4951152,5917.888,1619.969,0,9367.822,0,615.988,2514,4095,1.200,0.910,0.490,1,0,76.999,0,0,10,4,0,13,0
13-08 07:50:06,24.232,0.999,73.697,0,0,1170580,1640816,168584,4951176,8591.788,1618.830,0,703.491,0,32.976,921,1218,1.200,0.910,0.490,1,0,0,0,0,10,4,0,13,0
13-08 07:50:07,22.752,4.750,72.505,0,0,1154816,1656568,168604,4951168,5012.341,1620.110,0,17589.196,0,407.028,1512,2746,1.190,0.910,0.490,1,0,12.001,0,0,10,4,0,13,0
13-08 07:50:08,21.263,5.003,73.293,0,0,1084072,1727168,168604,4951228,6925.086,1458.861,0,700.413,0,13.008,1361,1896,1.190,0.910,0.490,1,0,96.057,0,0,10,4,0,13,0
13-08 07:50:09,10.749,17.998,70.493,0,0,1083912,1727152,168604,4951392,6586.381,1619.848,0,23.998,0,5.999,2759,4327,1.190,0.910,0.490,1,0,375.965,0,0,10,4,0,12,0
13-08 07:50:10,15.244,16.494,66.474,0,0,1090060,1720872,168604,4951820,8318.731,1619.364,0,107.958,0,9.996,4724,9105,1.190,0.910,0.490,1,0,315.876,0,0,10,4,0,12,0
13-08 07:50:11,42.959,8.742,47.455,0,0,1203464,1607388,168604,4951968,7897.505,1618.464,0,0,0,0,2007,3035,1.190,0.910,0.490,3,0,129.877,0,0,10,5,0,12,0
13-08 07:50:12,47.510,4.001,48.511,0,0,1263756,1546180,168604,4952828,10847.365,1620.353,0,33815.372,0,169.037,1508,1773,1.250,0.930,0.500,2,0,0,0,0,10,5,0,12,0
13-08 07:50:13,25.513,7.504,67.283,0,0,1279372,1527844,168604,4955192,5506.704,1620.796,0,564.277,0,46.023,1774,6062,1.250,0.930,0.500,0,0,118.058,0,0,10,4,0,13,0
13-08 07:50:14,9.500,2.500,87.500,0.250,0,1310264,1496888,168612,4955192,5779.971,1619.992,0,1927.990,0,18.000,1224,1640,1.250,0.930,0.500,2,0,21.000,0,0,10,4,0,13,0
13-08 07:50:15,23.492,2.499,73.974,0,0,1365524,1441700,168616,4955192,5495.077,1661.419,0,371.870,0,25.991,955,1268,1.250,0.930,0.500,1,0,0,0,0,10,4,0,13,0
13-08 07:50:16,22.497,2.750,72.241,1.000,0,1283372,1523592,168628,4955436,15299.103,1499.814,0,1291.840,0,188.977,2687,5017,1.250,0.930,0.500,1,0,16.998,0,0,10,4,0,15,0
13-08 07:50:17,23.012,4.502,73.287,0,0,1347092,1459432,168628,4955812,5926.969,1620.812,0,0,0,0,1179,1558,1.230,0.930,0.510,4,0,28.014,0,0,10,11,0,15,0
13-08 07:50:18,21.751,3.750,72.754,0.750,0,1322068,1484084,168632,4956064,5935.332,1620.091,232.013,13500.756,58.003,302.017,2012,3552,1.230,0.930,0.510,2,0,46.003,0,0,10,28,0,15,0
13-08 07:50:19,20.771,7.007,72.573,0,0,1306544,1499580,168632,4956088,5669.670,1621.622,0,12.012,0,3.003,1595,2601,1.230,0.930,0.510,3,0,128.128,0,0,10,28,0,15,0
13-08 07:50:20,46.689,4.744,48.936,0,0,1426004,1380108,168632,4956100,5609.719,1617.900,0,7.990,0,1.997,1636,2700,1.230,0.930,0.510,2,0,27.964,0,0,10,29,0,15,0
13-08 07:50:21,56.017,17.755,25.257,0.250,0,1425284,1380556,168636,4956320,7219.137,1620.480,0,556.165,0,44.013,5022,10159,1.230,0.930,0.510,5,0,434.129,0,0,10,28,0,14,0
13-08 07:50:22,82.248,14.000,3.000,0,0,1617080,1188592,168644,4956480,8121.797,1619.960,0,195.995,0,21.999,4056,7286,1.530,1,0.530,7,0,143.996,0,0,10,29,0,14,0
13-08 07:50:23,70.251,11.000,17.250,0,0,1446076,1359372,168648,4956716,7800.125,1512.024,0,71409.143,0,620.010,5812,11232,1.530,1,0.530,2,0,200.003,0,0,10,30,0,14,0
13-08 07:50:24,29.940,5.240,65.120,0,0,1371896,1433528,168656,4956732,9278.443,1562.874,0,123.752,0,15.968,2144,3626,1.530,1,0.530,1,0,109.780,0,0,10,28,0,15,0
13-08 07:50:25,21.256,5.752,72.521,0.250,0,1347340,1458060,168660,4956752,7367.181,1620.480,0,232.069,0,19.006,2266,3987,1.530,1,0.530,1,0,68.020,0,0,10,28,0,16,0
13-08 07:50:26,24.021,1.501,73.063,0,0,1321460,1483916,168660,4956772,7735.653,1621.394,0,188.162,0,23.020,1895,3386,1.530,1,0.530,1,0,1.001,0,0,10,28,0,16,0
13-08 07:50:27,21.287,25.544,52.340,0,0,1368728,1436604,168660,4956796,8584.749,1622.788,0,260.447,0,18.031,3789,6879,1.570,1.020,0.540,4,0,912.568,0,0,10,28,0,16,0
13-08 07:50:28,85.166,12.987,1.748,0,0,1600760,1204540,168660,4956828,41044.284,1618.395,0,2849.174,0,18.981,2399,3668,1.570,1.020,0.540,5,0,127.873,0,0,10,29,0,16,0
13-08 07:50:29,77.251,8.250,13.250,0,0,1489720,1315232,168664,4957172,5154.041,1620.013,0,2812.022,0,75.001,6778,16025,1.570,1.020,0.540,5,0,73.001,0,0,10,29,0,22,0
13-08 07:50:30,81.757,15.454,2.243,0,0.249,1569108,1235608,168664,4957404,5175.634,1615.204,0,307.088,0,20.938,3579,6653,1.570,1.020,0.540,6,0,236.298,0,0,10,30,0,22,0
13-08 07:50:31,84.736,10.279,4.262,0,0,1559880,1244400,168664,4957832,6125.077,1516.227,0,200.559,0,13.036,7227,13984,1.570,1.020,0.540,4,0,100.280,0,0,10,29,0,22,0
13-08 07:50:32,55.995,10.249,33.997,0.250,0,1362588,1441464,168676,4958040,5063.504,1565.847,0,395.961,0,32.997,4716,10281,1.850,1.080,0.560,2,0,197.981,0,0,10,28,0,23,0
13-08 07:50:33,46.299,5.005,48.802,0.250,0,1445164,1358864,168680,4958052,6391.750,1621.713,0,1301.374,0,22.023,2745,5174,1.850,1.080,0.560,2,0,0,0,0,10,29,0,25,0
13-08 07:50:34,58.432,17.979,24.472,0,0,1478844,1325108,168684,4958120,7625.170,1618.126,0,3467.984,0,109.873,2885,5629,1.850,1.080,0.560,3,0,377.563,0,0,10,28,0,25,0
13-08 07:50:35,58.275,13.756,26.762,0,0,1373860,1429824,168696,4958376,6771.953,1620.707,0,520.227,0,52.023,6674,13501,1.850,1.080,0.560,4,0,258.113,0,0,10,28,0,24,0
13-08 07:50:36,87.498,8.250,4.250,0,0,1575892,1227748,168696,4958420,10584.767,1619.964,0,215.995,0,9.000,2811,4810,1.850,1.080,0.560,3,0,0,0,0,10,31,0,25,0
13-08 07:50:37,66.310,13.262,18.517,0,0,1422564,1380828,168696,4958660,4747.287,1621.464,0,480.434,0,44.040,5760,13679,2.020,1.130,0.580,3,0,326.295,0,0,10,28,0,27,0
13-08 07:50:38,64.168,8.489,27.215,0.250,0,1459252,1343896,168700,4958896,7294.663,1603.947,0,531.320,0,36.953,5570,10379,2.020,1.130,0.580,4,0,65.916,0,0,10,29,0,29,0
13-08 07:50:39,68.595,13.519,17.524,0,0,1508380,1294592,168708,4959064,6893.513,1568.164,0,300.415,0,23.032,2781,4715,2.020,1.130,0.580,3,0,233.322,0,0,10,29,0,29,0
13-08 07:50:40,63.198,13.739,23.231,0,0,1404992,1397756,168708,4959280,10329.509,1618.669,0,327.731,0,24.979,6339,13302,2.020,1.130,0.580,3,0,286.764,0,0,10,28,0,30,0
13-08 07:50:41,62.726,5.748,30.738,0.250,0,1511160,1291024,168708,4959844,8255.780,1619.368,0,303.881,0,18.993,2907,7504,2.020,1.130,0.580,4,0,0,0,0,10,30,0,32,0
13-08 07:50:42,64.263,10.002,25.005,0,0,1500452,1301568,168720,4959996,5148.035,1620.326,0,324.065,0,26.005,2345,3846,2.100,1.160,0.590,4,0,112.023,0,0,10,28,0,32,0
13-08 07:50:43,65.752,13.000,19.751,0,0,1409960,1391832,168764,4960172,5556.183,1620.053,0,3424.113,0,219.007,5488,12491,2.100,1.160,0.590,7,0,381.013,0,0,10,28,0,36,0
13-08 07:50:44,85.998,11.750,2.500,0,0,1607928,1193788,168764,4960244,4806.865,1619.955,0,451.987,0,28.999,3458,6168,2.100,1.160,0.590,8,0,206.994,0,0,10,29,0,36,0
13-08 07:50:45,81.245,17.499,0.750,0,0,1540432,1261016,168784,4960492,8308.535,1511.915,0,1535.914,0,34.998,3908,7293,2.100,1.160,0.590,6,0,287.984,0,0,10,28,0,37,0
13-08 07:50:46,84.087,12.012,4.254,0,0,1543056,1258172,168788,4960704,8517.773,1621.670,0,456.470,0,32.033,4993,10923,2.100,1.160,0.590,7,0,239.246,0,0,10,29,0,37,0
13-08 07:50:47,73.450,16.489,8.744,0,0,1456812,1344208,168796,4960900,6055.840,1564.925,0,535.632,0,13.990,4680,12693,2.410,1.240,0.620,4,0,473.675,0,0,10,28,0,37,0
13-08 07:50:48,44.221,24.484,31.229,0,0,1330196,1470568,168796,4961060,6142.927,1618.927,0,735.512,0,11.992,6077,19070,2.410,1.240,0.620,1,0,838.444,0,0,10,28,0,40,0
13-08 07:50:49,30.543,28.039,39.805,0,0,1402948,1397764,168796,4961184,6097.500,1622.261,0,212.296,0,19.027,3722,6771,2.410,1.240,0.620,5,0,916.277,0,0,10,28,0,40,0
13-08 07:50:50,80.075,12.972,6.486,0,0,1573860,1226792,168800,4961236,6675.441,1616.474,0,594.703,0,38.915,3074,6734,2.410,1.240,0.620,3,0,152.667,0,0,10,31,0,39,0
13-08 07:50:51,80.916,13.528,5.511,0.251,0,1487960,1312460,168816,4961448,5806.898,1623.326,0,493.010,0,52.107,3482,8372,2.410,1.240,0.620,5,0,268.550,0,0,10,28,0,39,0
13-08 07:50:52,72.187,7.493,18.734,0,0,1574072,1226108,168820,4961672,5658.032,1510.674,0,151.867,0,8.992,4720,14462,2.540,1.290,0.640,3,0,0,0,0,10,32,0,42,0
13-08 07:50:53,70.739,7.249,22.247,0,0,1506808,1293012,168828,4962016,8145.754,1619.752,0,2151.671,0,89.986,8138,19063,2.540,1.290,0.640,4,0,59.991,0,0,10,28,0,51,0
13-08 07:50:54,82.247,11.500,5.500,0,0,1563924,1235820,168832,4962100,7455.709,1619.937,0,4719.816,0,136.995,5395,8965,2.540,1.290,0.640,5,0,59.998,0,0,10,30,0,48,0
13-08 07:50:55,67.505,8.751,24.502,0,0,1534388,1265172,168836,4962308,4908.329,1620.109,0,148.010,0,9.001,6980,18820,2.540,1.290,0.640,4,0,71.005,0,0,10,30,0,53,0
13-08 07:50:56,81.502,13.500,5.500,0,0,1496780,1302372,168836,4962712,7954.151,1566.030,0,4.000,0,1.000,4970,11416,2.540,1.290,0.640,4,0,196.004,0,0,10,29,0,53,0
13-08 07:50:57,77.998,10.750,11.000,0.250,0,1483840,1315092,168840,4962920,6414.827,1619.956,0,239.994,0,19.999,5973,12922,2.660,1.330,0.660,5,0,65.998,0,0,10,28,0,53,0
13-08 07:50:58,87.257,9.751,3.500,0,0,1560984,1237780,168840,4963088,42443.353,1620.128,0,148.012,0,9.001,2475,3517,2.660,1.330,0.660,5,0,68.005,0,0,10,30,0,53,0
13-08 07:50:59,78.745,11.999,9.249,0,0,1488528,1310144,168856,4963160,6429.595,1511.905,0,523.967,0,53.997,6204,12773,2.660,1.330,0.660,5,0,183.988,0,0,10,28,0,53,0
13-08 07:51:00,83.700,9.744,6.496,0,0,1519368,1279128,168856,4963332,8369.986,1619.030,0,147.911,0,7.995,4338,8809,2.660,1.330,0.660,5,0,74.955,0,0,10,31,0,54,0
13-08 07:51:01,82.303,11.257,6.254,0,0,1510068,1288200,168864,4963544,5813.779,1621.054,0,148.096,0,8.005,3384,6864,2.660,1.330,0.660,5,0,151.098,0,0,10,29,0,54,0
13-08 07:51:02,76.498,11.500,11.500,0,0,1417836,1380224,168872,4963736,7027.831,1619.961,0,603.986,0,65.998,5325,12512,2.760,1.380,0.680,4,0,186.996,0,0,10,28,0,52,0
13-08 07:51:03,65.255,10.251,25.002,0.250,0,1514120,1283888,168880,4963776,5587.430,1620.125,0,284.022,0,16.001,2511,4200,2.760,1.380,0.680,4,0,74.006,0,0,10,29,0,52,0
13-08 07:51:04,62.841,11.471,26.932,0,0,1434768,1362804,168884,4964188,6567.404,1562.053,0,255.355,0,14.962,4188,9051,2.760,1.380,0.680,4,0,180.544,0,0,10,28,0,54,0
13-08 07:51:05,64.684,9.527,26.074,0,0,1406548,1390976,168884,4964236,4786.580,1624.609,0,328.933,0,35.100,3489,8668,2.760,1.380,0.680,4,0,65.185,0,0,10,29,0,57,0
13-08 07:51:06,63.707,12.492,24.484,0,0,1507768,1289732,168892,4964252,8107.552,1510.985,0,227.847,0,19.987,2105,2965,2.760,1.380,0.680,4,0,66.955,0,0,10,30,0,57,0
13-08 07:51:07,64.578,8.260,27.784,0,0,1427068,1370208,168900,4964460,5872.129,1621.969,0,316.384,0,27.033,4390,9193,3.100,1.470,0.710,4,0,84.102,0,0,10,28,0,57,0
13-08 07:51:08,63.937,6.743,28.971,0.250,0,1457372,1339748,168908,4964604,6838.230,1618.398,0,411.593,0,42.957,4007,8669,3.100,1.470,0.710,3,0,1.998,0,0,10,28,0,58,0
13-08 07:51:09,65.319,11.262,24.526,0,0,1510656,1286304,168908,4964760,5700.036,1621.717,0,244.259,0,16.017,2195,2835,3.100,1.470,0.710,4,0,135.143,0,0,10,28,0,58,0
13-08 07:51:10,54.752,15.751,28.001,0,0,1396148,1400444,168916,4965112,9164.339,1620.060,0,460.017,0,36.001,4407,11767,3.100,1.470,0.710,4,0,423.016,0,0,10,28,0,64,0
13-08 07:51:11,66.248,6.500,27.249,0,0,1523888,1272468,168920,4965312,6762.844,1619.963,0,243.994,0,14.000,2722,6674,3.100,1.470,0.710,4,0,0,0,0,10,30,0,66,1
13-08 07:51:12,36.207,11.736,51.439,0.250,0,1376744,1419504,168920,4965408,8360.152,1564.157,0,359.576,0,25.969,3475,7091,3.090,1.500,0.720,1,0,408.519,0,0,10,28,0,67,0
13-08 07:51:13,22.989,3.498,73.214,0,0,1398224,1397860,168924,4965568,7427.375,1511.263,0,259.873,0,19.990,2329,6163,3.090,1.500,0.720,1,0,0,0,0,10,28,0,68,0
13-08 07:51:14,12.508,20.262,66.540,0.250,0,1336000,1459924,168924,4965724,8049.870,1620.981,0,432.262,0,32.019,3390,5435,3.090,1.500,0.720,2,0,562.340,0,0,10,28,0,69,0
13-08 07:51:15,44.995,5.999,49.495,0,0,1481824,1313504,168924,4966248,5933.401,1661.832,0,435.956,0,11.999,1355,1783,3.090,1.500,0.720,2,0,34.996,0,0,10,28,0,69,0
13-08 07:51:16,39.709,6.993,45.703,7.992,0,1433076,1355748,169452,4971652,6927.809,1618.320,0,31495.308,0,2521.383,9322,20932,3.090,1.500,0.720,2,1,105.890,0,0,10,32,0,67,0
13-08 07:51:17,41.808,6.259,43.811,7.260,0,1428280,1357952,169944,4973660,6392.944,1622.270,0,38545.926,0,3150.407,10866,24081,3.010,1.510,0.730,2,0,48.067,0,0,10,28,0,67,0
13-08 07:51:18,45.429,5.741,49.174,0.250,0,1437372,1348808,169976,4973680,5834.933,1617.486,0,8011.550,0,451.299,1636,2893,3.010,1.510,0.730,2,0,0.998,0,0,10,28,0,67,0
13-08 07:51:19,36.778,9.257,46.285,7.506,0,1515440,1269960,170460,4973972,5187.932,1621.229,0,19430.728,0,2573.951,13041,27976,3.010,1.510,0.730,3,0,3.002,0,0,10,30,0,67,0
13-08 07:51:20,29.724,4.996,64.195,0,0,1388076,1397104,170464,4974180,6122.722,1456.744,0,6106.736,0,274.763,1932,2825,3.010,1.510,0.730,1,0,98.915,0,0,10,28,0,67,0
13-08 07:51:21,22.507,3.501,73.523,0.250,0,1457880,1327300,170464,4974180,5001.550,1620.502,0,780.242,0,54.017,1039,1530,3.010,1.510,0.730,1,0,2.001,0,0,10,28,0,66,0
13-08 07:51:22,23.749,2.500,72.998,0.250,0,1408060,1377088,170484,4974192,8213.803,1661.960,0,5059.879,0,270.993,1294,2245,2.850,1.500,0.730,1,0,1.000,0,0,10,28,0,66,0
13-08 07:51:23,24.003,2.750,73.509,0,0,1353068,1432060,170500,4974196,6000.726,1620.196,0,128.015,0,18.002,1087,1384,2.850,1.500,0.730,1,0,3.000,0,0,10,32,0,66,0
13-08 07:51:24,23.250,3.250,73.500,0,0,1436184,1348928,170500,4974212,8461.008,1620.002,0,1948.002,0,170.000,1045,1186,2.850,1.500,0.730,1,0,2.000,0,0,10,32,0,66,0
13-08 07:51:25,23.739,2.249,73.966,0,0,1381424,1403676,170500,4974224,7529.567,1619.262,0,0,0,0,910,1061,2.850,1.500,0.730,2,0,1.000,0,0,10,32,0,65,0
13-08 07:51:26,23.498,2.500,73.745,0,0,1454252,1330848,170500,4974224,7117.523,1619.891,0,4.000,0,1.000,961,1162,2.850,1.500,0.730,1,0,2.000,0,0,10,32,0,65,0
13-08 07:51:27,23.483,3.248,73.698,0,0,1393332,1391720,170500,4974272,8235.145,1456.964,0,0,0,0,932,1151,2.780,1.510,0.740,1,0,2.998,0,0,10,32,0,64,0
13-08 07:51:28,23.270,2.752,73.814,0,0,1461816,1323232,170500,4974272,41669.294,1621.412,0,200.174,0,2.002,963,1103,2.780,1.510,0.740,1,0,2.002,0,0,10,32,0,64,0
13-08 07:51:29,23.757,2.751,73.522,0.250,0,1350444,1434444,170504,4974396,6712.014,1620.486,0,428.128,0,36.011,1089,1554,2.780,1.510,0.740,1,0,2.001,0,0,10,32,0,64,0
13-08 07:51:30,22.744,3.249,73.980,0,0,1426868,1358008,170504,4974408,5491.495,1619.556,0,0,0,0,980,1184,2.780,1.510,0.740,1,0,1.999,0,0,10,32,0,64,0
13-08 07:51:31,24.039,3.005,73.370,0,0,1375884,1408964,170504,4974428,6291.248,1622.643,0,0,0,0,963,1145,2.780,1.510,0.740,1,0,1.002,0,0,10,32,0,58,0
13-08 07:51:32,23.466,2.996,73.642,0,0,1384028,1400784,170504,4974464,5108.506,1617.627,0,7.988,0,1.997,962,1178,2.640,1.500,0.740,1,0,0.999,0,0,10,32,0,58,0
13-08 07:51:33,22.498,4.250,74.243,0,0,1449772,1335040,170504,4974464,5507.499,1619.853,0,0,0,0,972,1186,2.640,1.500,0.740,1,0,2.000,0,0,10,32,0,57,0
13-08 07:51:34,15.511,14.010,71.049,0,0,1353732,1430932,170504,4974608,6500.485,1459.007,0,700.483,0,8.006,2564,3991,2.640,1.500,0.740,1,0,359.248,0,0,10,32,0,57,0
13-08 07:51:35,8.004,20.261,70.539,0,0,1355424,1429192,170504,4974636,5868.274,1620.904,0,656.366,0,10.006,2937,4694,2.640,1.500,0.740,1,0,434.242,0,0,10,32,0,54,0
13-08 07:51:36,9.249,20.748,69.743,0,0,1354572,1429932,170504,4974680,11191.870,1619.836,0,183.981,0,2.000,2996,4704,2.640,1.500,0.740,1,0,430.956,0,0,10,32,0,54,0
13-08 07:51:37,18.978,8.740,72.416,0,0,1416484,1367996,170504,4974688,5607.501,1618.125,0,0,0,0,1699,2485,2.660,1.520,0.750,1,0,152.823,0,0,10,32,0,49,0
13-08 07:51:38,23.746,2.500,73.738,0,0,1464112,1320368,170504,4974688,6115.966,1619.726,0,19.997,0,2.000,919,1105,2.660,1.520,0.750,1,0,2.000,0,0,10,32,0,49,0
13-08 07:51:39,23.004,3.001,73.264,0.250,0,1433940,1350524,170516,4974692,8344.544,1714.317,0,460.085,0,32.006,1189,1630,2.660,1.520,0.750,1,0,3.001,0,0,10,32,0,47,0
13-08 07:51:40,24.015,2.251,73.796,0,0,1385224,1399220,170516,4974712,6739.205,1621.012,0,20.012,0,1.001,939,1091,2.660,1.520,0.750,1,0,1.001,0,0,10,32,0,47,0
13-08 07:51:41,22.027,3.504,73.589,0,0,1459580,1324880,170516,4974696,6343.676,1459.766,0,612.741,0,119.144,1064,1208,2.660,1.520,0.750,1,0,2.002,0,0,10,32,0,46,0
13-08 07:51:42,23.498,2.250,73.993,0,0,1405016,1379428,170516,4974712,5529.497,1619.853,0,15.999,0,1.000,943,1142,2.530,1.510,0.760,2,0,1.000,0,0,10,32,0,46,0
13-08 07:51:43,23.746,2.250,73.487,0,0,1457180,1327264,170516,4974712,6920.754,1619.708,0,11.998,0,1.000,937,1117,2.530,1.510,0.760,2,0,2.000,0,0,10,32,0,40,0
13-08 07:51:44,22.502,3.000,73.756,0,0,1434440,1350004,170516,4974712,6146.516,1620.136,0,4.000,0,1.000,961,1148,2.530,1.510,0.760,2,0,3.000,0,0,10,32,0,40,0
13-08 07:51:45,23.251,2.750,74.004,0,0,1376700,1407744,170516,4974712,5170.300,1620.094,0,124.007,0,5.000,924,1119,2.530,1.510,0.760,2,0,1.000,0,0,10,32,0,39,0
13-08 07:51:46,23.741,3.249,72.971,0,0,1456352,1328112,170520,4974688,7629.986,1619.360,0,239.905,0,11.995,1080,1861,2.530,1.510,0.760,2,0,1.999,0,0,10,32,0,39,0
13-08 07:51:47,23.224,2.247,73.918,0,0,1404092,1380312,170520,4974748,7410.730,1618.194,0,31.964,0,2.997,1010,1251,2.490,1.520,0.760,2,0,2.997,0,0,10,32,0,39,0
13-08 07:51:48,27.023,5.254,66.806,0,0,1453764,1330640,170520,4974748,6940.789,1459.217,0,24.020,0,1.001,1542,3788,2.490,1.520,0.760,1,0,36.030,0,0,10,32,0,40,0
13-08 07:51:49,22.990,2.749,73.717,0,0,1401300,1383168,170520,4974680,4542.938,1619.265,0,411.813,0,31.985,1136,1634,2.490,1.520,0.760,2,0,1.000,0,0,10,32,0,37,0
13-08 07:51:50,23.759,2.501,73.527,0,0,1346884,1437576,170520,4974680,5836.183,1620.606,0,1672.626,0,4.001,997,1211,2.490,1.520,0.760,2,0,3.001,0,0,10,32,0,37,0
13-08 07:51:51,23.734,2.248,73.699,0,0,1367056,1417312,170520,4974772,6556.483,1618.885,0,31.978,0,3.997,976,1182,2.490,1.520,0.760,1,0,0.999,0,0,10,32,0,37,0
13-08 07:51:52,22.732,2.748,73.441,0,0,1442140,1342248,170520,4974752,4863.105,1618.703,0,151.878,0,30.975,925,1167,2.370,1.510,0.760,1,0,1.998,0,0,10,32,0,37,0
13-08 07:51:53,23.744,2.249,73.731,0,0,1392164,1392204,170520,4974772,6503.368,1619.593,0,19.995,0,1.000,952,1166,2.370,1.510,0.760,1,0,1.000,0,0,10,32,0,25,0
13-08 07:51:54,23.278,2.753,73.588,0,0,1398284,1386096,170524,4974756,6295.567,1621.950,0,152.183,0,3.004,985,1201,2.370,1.510,0.760,1,0,1.001,0,0,10,32,0,25,0
13-08 07:51:55,23.244,2.000,73.732,0,0,1453180,1331188,170528,4974760,6870.351,1511.637,0,71.983,0,2.000,960,1143,2.370,1.510,0.760,1,0,2.000,0,0,10,32,0,20,0
13-08 07:51:56,12.987,16.733,70.178,0,0,1363228,1421092,170528,4974808,6439.355,1564.386,0,99.897,0,8.991,2733,4149,2.370,1.510,0.760,1,0,391.596,0,0,10,32,0,20,0
13-08 07:51:57,23.244,2.749,73.232,0,0,1440096,1344036,170528,4974996,7189.188,1619.592,0,0,0,0,999,1231,2.260,1.500,0.770,1,0,1.999,0,0,10,32,0,20,0
13-08 07:51:58,23.504,2.500,73.511,0,0,1412056,1372020,170528,4975048,43664.768,1620.251,0,0,0,0,1060,1195,2.260,1.500,0.770,1,0,9.001,0,0,10,32,0,20,0
13-08 07:51:59,19.540,9.269,70.644,0.251,0,1355632,1428440,170536,4975044,5419.049,1623.310,0,561.144,0,36.074,2154,3447,2.260,1.500,0.770,2,0,242.494,0,0,10,32,0,20,0
13-08 07:52:00,9.001,20.253,69.761,0,0,1354600,1429344,170536,4975168,6449.058,1620.266,0,616.101,0,78.013,3124,5112,2.260,1.500,0.770,1,0,477.078,0,0,10,32,0,20,0
13-08 07:52:01,8.753,21.257,69.774,0,0,1356632,1427284,170536,4975192,6708.274,1620.549,0,384.130,0,8.003,3259,5153,2.260,1.500,0.770,1,0,511.173,0,0,10,32,0,20,0
13-08 07:52:02,11.253,19.505,69.019,0,0,1355292,1428588,170536,4975224,6667.827,1620.444,0,1432.392,0,42.012,3138,4879,2.160,1.500,0.770,1,0,497.136,0,0,10,32,0,19,0
13-08 07:52:03,8.738,21.720,68.656,0,0,1355108,1428748,170536,4975248,5275.804,1456.014,0,1286.246,0,13.981,3248,5210,2.160,1.500,0.770,1,0,528.279,0,0,10,32,0,19,0
13-08 07:52:04,9.764,19.779,70.605,0,0,1353900,1429924,170544,4975268,5149.627,1622.403,0,713.056,0,10.015,2939,4537,2.160,1.500,0.770,2,0,436.647,0,0,10,32,0,19,0
13-08 07:52:05,7.242,21.974,70.418,0,0,1355376,1428408,170544,4975308,8388.219,1618.113,0,319.627,0,8.990,2835,4339,2.160,1.500,0.770,1,0,406.526,0,0,10,32,0,19,0
13-08 07:52:06,11.507,23.514,63.787,0,0,1367532,1416224,170548,4975332,8576.949,1620.935,0,464.268,0,22.013,3558,5889,2.160,1.500,0.770,2,0,585.338,0,0,10,32,0,16,0
13-08 07:52:07,55.000,18.750,26.000,0.250,0,1524556,1259040,170560,4975476,5358.032,1620.010,0,992.006,0,58.000,3205,5649,2.390,1.550,0.790,4,0,489.003,0,0,10,32,0,20,0
13-08 07:52:08,59.245,10.249,23.748,5.000,0,1642348,1133568,170880,4982100,6436.498,1457.886,399.969,29125.728,4.000,2078.838,8305,17586,2.390,1.550,0.790,4,0,54.996,0,0,10,36,0,22,0
13-08 07:52:09,43.522,11.006,33.267,12.006,0.250,1633812,1127300,171400,4995740,6334.249,1620.831,0,88477.389,0,6839.509,21178,47166,2.390,1.550,0.790,3,0,191.098,0,0,10,36,0,22,0
13-08 07:52:10,44.231,12.495,32.736,11.745,0,1600956,1148432,172104,5006228,5588.569,1619.296,0,87018.147,0,6707.082,20241,47209,2.390,1.550,0.790,3,1,129.943,0,0,10,36,0,20,0
13-08 07:52:11,46.749,12.000,28.000,11.500,0,1575772,1162844,172464,5016332,5775.902,1619.972,255.996,66478.870,2.000,5284.910,15247,36678,2.390,1.550,0.790,2,1,237.996,0,0,10,35,0,20,0
13-08 07:52:12,43.996,16.749,27.998,7.749,0,1572464,1158912,172876,5022612,4655.595,1619.859,619.946,71109.813,8.999,5014.564,18987,47412,2.520,1.600,0.810,5,1,162.986,0,0,10,35,0,17,0
13-08 07:52:13,41.501,14.500,34.001,10.250,0,1565240,1161400,173064,5027020,8018.176,1620.036,1100.024,61338.349,19.000,5227.115,15120,37128,2.520,1.600,0.810,4,0,198.004,0,0,10,34,0,18,0
13-08 07:52:14,39.770,6.253,43.771,9.255,0,1574396,1150816,173320,5028136,8278.065,1620.796,0,40587.929,0,3959.944,16335,36860,2.520,1.600,0.810,2,0,39.019,0,0,10,35,0,19,0
13-08 07:52:15,36.984,8.996,43.482,9.246,0,1549984,1173572,173552,5029488,6986.052,1619.317,0,47188.087,0,4585.065,15942,35414,2.520,1.600,0.810,1,1,94.960,0,0,10,34,0,20,0
13-08 07:52:16,44.045,5.506,40.792,10.010,0,1571828,1148400,173704,5032576,6541.666,1513.542,0,43119.939,0,4047.124,15013,34465,2.520,1.600,0.810,3,0,48.049,0,0,10,35,0,20,0
13-08 07:52:17,38.738,7.498,42.737,10.997,0,1542704,1173244,173864,5036688,6320.104,1565.530,0,54959.512,0,4735.579,14582,36217,2.550,1.620,0.820,3,1,82.975,0,0,10,34,0,21,0
13-08 07:52:18,38.483,5.997,43.981,10.745,0,1567944,1143760,174100,5040576,6198.341,1619.305,0,46304.136,0,4207.195,15647,37284,2.550,1.620,0.820,4,0,86.963,0,0,10,37,0,25,0
13-08 07:52:19,38.488,7.248,42.736,10.747,0,1535388,1173068,174280,5043568,5788.136,1619.479,0,53426.797,0,4429.574,16296,36348,2.550,1.620,0.820,3,1,93.970,0,0,10,36,0,25,0
13-08 07:52:20,39.248,6.000,42.748,10.750,0,1574920,1138828,174344,5038204,8003.688,1661.935,0,52781.942,0,4615.820,15586,35675,2.550,1.620,0.820,3,0,17.999,0,0,10,34,0,26,0
13-08 07:52:21,31.440,10.230,57.639,0.250,0,1457020,1256684,174344,5038248,8130.398,1616.897,0,2810.606,0,171.671,2474,3976,2.550,1.620,0.820,1,0,245.529,0,0,10,33,0,26,0
13-08 07:52:22,21.049,5.763,72.918,0.501,0,1428112,1285580,174348,5038256,6093.063,1623.748,0,5280.187,0,328.759,2000,3589,2.510,1.630,0.830,1,0,60.139,0,0,10,32,0,26,0
13-08 07:52:23,21.967,4.244,72.641,0,0,1396420,1317248,174348,5038280,6141.800,1509.738,0,1981.032,0,186.720,2087,3965,2.510,1.630,0.830,1,0,42.936,0,0,10,32,0,27,0
13-08 07:52:24,24.291,2.504,73.875,0,0,1449840,1263824,174348,5038284,6718.347,1622.741,0,0,0,0,1366,2109,2.510,1.630,0.830,1,0,0,0,0,10,33,0,27,0
13-08 07:52:25,13.490,15.239,69.699,0,0,1392876,1320600,174348,5038472,7482.538,1564.858,0,259.810,0,17.987,3020,5004,2.510,1.630,0.830,1,0,340.751,0,0,10,32,0,27,0
13-08 07:52:26,35.543,17.771,45.305,0.250,0.250,1472508,1240792,174360,5038636,6886.305,1621.956,0,1073.294,0,59.071,3353,5409,2.510,1.630,0.830,3,0,457.552,0,0,10,32,0,33,0
13-08 07:52:27,66.179,8.990,24.474,0,0,1695652,1016084,174400,5040092,9284.075,1660.225,0,407.564,0,13.985,1526,1531,2.550,1.650,0.840,4,0,3.996,0,0,10,32,0,33,0
13-08 07:52:28,61.755,6.000,28.252,2.750,0,1781348,923728,174544,5046020,43785.284,1620.122,0,21693.627,0,1530.115,6393,11707,2.550,1.650,0.840,2,0,57.004,0,0,10,38,0,33,0
13-08 07:52:29,29.750,10.250,44.999,14.500,0,1786240,902852,174776,5061356,7043.915,1619.981,0,116690.600,0,8792.894,26127,58824,2.550,1.650,0.840,2,0,299.996,0,0,10,38,0,33,0
13-08 07:52:30,39.999,11.000,35.249,12.500,0,1673068,1004196,174956,5072560,7865.717,1511.946,0,83784.984,0,6832.754,21680,47677,2.550,1.650,0.840,4,0,251.991,0,0,10,36,0,33,0
13-08 07:52:31,48.755,9.251,30.003,12.501,0,1731440,933888,175092,5083940,6495.669,1620.167,0,100534.355,0,7346.757,20162,46270,2.550,1.650,0.840,4,0,166.017,0,0,10,36,0,33,0
13-08 07:52:32,49.951,8.742,28.722,12.488,0,1783024,866380,175216,5099236,5637.520,1618.427,0,107723.293,0,7510.700,19844,47197,2.590,1.670,0.850,5,0,14.985,0,0,10,38,0,33,0
13-08 07:52:33,43.544,8.509,42.043,5.506,0.250,1402996,1242532,175256,5102848,6544.656,1621.649,0,56012.965,0,4255.328,12714,28106,2.590,1.670,0.850,1,0,174.177,0,0,10,32,0,33,0
13-08 07:52:34,18.240,8.495,72.460,0,0,1451312,1194192,175256,5102872,5698.826,1565.128,0,907.495,0,48.973,1814,2632,2.590,1.670,0.850,1,0,177.901,0,0,10,32,0,33,0
13-08 07:52:35,23.732,2.248,72.943,0.250,0,1511288,1134216,175256,5102872,8141.658,1618.739,0,1618.739,0,104.918,1194,1616,2.590,1.670,0.850,1,0,0,0,0,10,32,0,33,0
13-08 07:52:36,22.512,3.502,73.038,0.750,0,1420760,1224740,175256,5102872,9413.914,1620.846,0,5278.756,0,337.176,1877,2890,2.590,1.670,0.850,1,0,27.014,0,0,10,32,0,33,0
13-08 07:52:37,22.008,3.501,73.527,0,0,1485516,1159976,175256,5102880,6246.267,1512.549,0,104.038,0,10.004,1007,1222,2.460,1.660,0.850,1,0,3.001,0,0,10,32,0,33,0
13-08 07:52:38,22.236,3.748,72.955,0,0,1402152,1243332,175260,5102884,7062.635,1618.999,0,111.931,0,14.991,1370,1974,2.460,1.660,0.850,1,0,48.970,0,0,10,32,0,33,0
13-08 07:52:39,13.510,34.276,52.290,0.250,0,1409328,1236004,175260,5102956,8956.861,1715.314,0,732.561,0,56.043,5565,9632,2.460,1.660,0.850,2,0,1269.973,0,0,10,32,0,33,0
13-08 07:52:40,10.248,20.246,69.237,0,0.250,1410204,1235060,175260,5103016,7745.575,1619.702,0,231.957,0,17.997,3061,4609,2.460,1.660,0.850,1,0,481.911,0,0,10,32,0,33,0
13-08 07:52:41,9.504,18.758,71.281,0,0,1409492,1235684,175260,5103056,8894.807,1620.694,0,3257.394,0,14.006,2786,4259,2.460,1.660,0.850,1,0,355.152,0,0,10,32,0,33,0
13-08 07:52:42,11.248,18.747,68.239,0,0,1412904,1231480,175260,5104160,5611.063,1565.739,0,35.994,0,8.998,3871,7348,2.340,1.650,0.850,1,0,368.938,0,0,10,32,0,33,0
13-08 07:52:43,36.959,10.239,51.942,0,0,1481464,1162704,175268,5104432,4967.456,1618.194,0,27.969,0,0.999,3981,8166,2.340,1.650,0.850,2,0,164.816,0,0,10,33,0,33,0
13-08 07:52:44,46.977,3.998,48.976,0,0,1591260,1052832,175268,5104504,4558.725,1511.246,0,1583.210,0,228.886,1347,1170,2.340,1.650,0.850,2,0,0,0,0,10,33,0,33,0
13-08 07:52:45,49.990,5.499,45.241,0,0,1648052,991664,175340,5108516,6284.756,1619.679,0,1303.742,0,139.972,2008,12885,2.340,1.650,0.850,2,0,6.999,0,0,10,49,0,33,0
13-08 07:52:46,20.782,13.020,65.602,0,0,1659916,979560,175340,5108680,7772.031,1622.512,0,508.788,0,21.033,2467,3536,2.340,1.650,0.850,1,0,255.395,0,0,10,48,0,33,0
13-08 07:52:47,9.491,1.748,88.914,0,0,1675688,963752,175340,5108712,39773.340,3474.623,0,195.810,0,10.989,942,1212,2.230,1.640,0.850,0,0,3.996,0,0,10,49,0,33,0
13-08 07:52:48,3.254,1.502,93.852,0.250,0,1696056,943340,175340,5110804,54363.985,2546.763,0,104.113,0,9.010,1155,2471,2.230,1.640,0.850,1,0,32.035,0,0,10,49,0,33,0
13-08 07:52:49,1.748,1.998,95.895,0,0,1677180,962176,175340,5108792,59439.973,2739.004,0,1142.750,0,25.972,1096,1682,2.230,1.640,0.850,0,0,1.998,0,0,10,49,0,33,0
13-08 07:52:50,10.765,7.009,81.110,0.751,0,1688232,949736,175432,5109812,53403.362,2823.826,4.005,4365.916,1.001,298.404,2187,3399,2.230,1.640,0.850,2,0,58.079,0,0,10,48,0,34,0
13-08 07:52:51,16.481,9.489,72.414,1.748,0,1710260,876580,175456,5158820,8116.398,1552.164,0,4846.267,0,144.829,1930,2752,2.230,1.640,0.850,1,0,36.956,0,0,10,48,0,34,0
13-08 07:52:52,12.758,13.258,73.297,0,0,1698152,888660,175456,5158820,5744.665,1663.061,0,0,0,0,1828,2134,2.130,1.630,0.850,1,0,78.050,0,0,10,48,0,34,0
13-08 07:52:53,22.731,3.247,73.939,0,0,1732044,854752,175456,5158832,7841.546,1618.668,0,0,0,0,1120,1262,2.130,1.630,0.850,1,0,22.981,0,0,10,48,0,34,0
13-08 07:52:54,17.518,7.508,74.327,0,0,1657924,978340,175604,5110188,5430.637,1621.683,160.166,20.021,10.010,3.003,1558,2025,2.130,1.630,0.850,2,0,90.094,0,0,10,48,0,34,0
13-08 07:52:55,17.006,16.005,66.023,0,0,1661124,975080,175608,5110212,5131.750,1620.553,0,0,0,0,4477,8872,2.130,1.630,0.850,1,0,286.098,0,0,10,48,0,34,0
13-08 07:52:56,0.749,0.998,97.833,0,0,1660808,975348,175608,5110212,5634.393,1617.243,0,567.033,0,6.988,676,1047,2.130,1.630,0.850,1,0,11.980,0,0,10,48,0,34,0
13-08 07:52:57,0.750,0.750,98.007,0,0,1661032,975124,175608,5110212,6970.530,1620.123,0,4.000,0,1.000,677,984,1.960,1.600,0.850,1,0,5.000,0,0,10,48,0,34,0
13-08 07:52:58,0.250,0.750,98.017,0,0,1661032,975124,175608,5110212,42371.542,1458.260,0,128.023,0,9.002,908,1343,1.960,1.600,0.850,0,0,3.001,0,0,10,48,0,34,0
13-08 07:52:59,0.751,0.501,98.101,0.250,0,1661032,975124,175608,5110212,6950.173,1621.674,0,4961.120,0,323.334,814,1106,1.960,1.600,0.850,0,0,1.001,0,0,10,48,0,34,0
13-08 07:53:00,12.761,13.011,72.312,0,0,1661572,974440,175608,5110520,6016.186,1621.398,0,0,0,0,4056,10349,1.960,1.600,0.850,2,0,219.189,0,0,10,48,0,34,0
13-08 07:53:01,10.984,14.978,73.142,0,0,1653436,982344,175608,5110488,6445.499,1617.616,0,1449.863,0,4.993,3257,5901,1.960,1.600,0.850,1,0,317.532,0,0,11,48,0,34,0
13-08 07:53:02,16.242,15.992,67.217,0,0,1665568,970096,175608,5110516,6234.907,1729.142,0,7.996,0,1.999,5390,11434,1.890,1.590,0.850,0,0,255.873,0,0,11,48,0,34,0
13-08 07:53:03,4.754,5.254,89.071,0,0,1663132,972536,175608,5110516,7692.138,1621.294,0,376.300,0,11.009,1447,2311,1.890,1.590,0.850,2,0,129.103,0,0,11,48,0,34,0
13-08 07:53:04,17.250,14.750,67.249,0,0,1665292,970316,175608,5110548,5654.887,1619.968,0,0,0,0,4880,7800,1.890,1.590,0.850,2,0,248.995,0,0,13,50,0,35,0
13-08 07:53:05,9.256,19.012,70.293,0,0,1668560,967012,175608,5110584,6159.764,1458.891,0,52.032,0,12.007,2952,4826,1.890,1.590,0.850,1,0,403.246,0,0,13,50,0,35,0
13-08 07:53:06,18.753,15.002,64.510,0,0,1671120,964272,175612,5110752,10381.599,1620.250,0,32.005,0,8.001,4448,9728,1.890,1.590,0.850,3,0,272.042,0,0,13,50,0,35,0
13-08 07:53:07,37.525,17.512,42.528,0,0,1738124,897020,175624,5110988,5051.334,1707.127,0,1561.030,0,187.124,4017,10586,1.890,1.600,0.860,1,0,389.257,0,0,13,50,0,29,0
13-08 07:53:08,26.977,4.996,68.441,0,0,1797612,836204,175712,5112128,5219.490,1618.602,31.972,711.385,1.998,18.984,1653,4476,1.890,1.600,0.860,1,0,9.991,0,0,13,58,0,33,0
13-08 07:53:09,22.467,3.744,73.142,0,0,1862840,770980,175712,5112132,6666.147,1617.609,0,407.398,0,22.966,1143,1572,1.890,1.600,0.860,2,0,5.991,0,0,13,58,0,31,0
13-08 07:53:10,13.004,1.250,85.779,0,0,1890472,742768,175712,5112692,7873.630,1620.541,0,0,0,0,1614,3988,1.890,1.600,0.860,0,0,3.001,0,0,13,58,0,31,0
13-08 07:53:11,0.250,0.500,98.419,0,0,1890472,742768,175712,5112692,6075.031,1618.676,0,0,0,0,648,983,1.890,1.600,0.860,0,0,1.998,0,0,13,58,0,30,0
13-08 07:53:12,12.775,14.528,72.141,0,0,1894556,738528,175712,5113172,5446.615,1753.417,0,1030.007,0,3.006,4127,8537,1.740,1.570,0.850,1,0,218.426,0,0,13,56,0,30,0
13-08 07:53:13,16.007,13.006,70.032,0,0,1889068,743752,175712,5113164,14197.573,1566.725,0,92.043,0,12.006,4858,9020,1.740,1.570,0.850,5,0,258.120,0,0,13,56,0,25,0
13-08 07:53:14,19.692,17.947,60.321,0.249,0,1898476,734216,175712,5112992,9373.199,1615.209,0,239.290,0,8.973,4393,11951,1.740,1.570,0.850,0,0,299.113,0,0,13,48,0,25,0
13-08 07:53:15,19.249,11.999,68.245,0,0,1902844,729816,175712,5112996,5467.590,1619.879,0,4.000,0,1.000,4796,9752,1.740,1.570,0.850,0,0,200.985,0,0,13,58,0,22,0
13-08 07:53:16,20.056,11.532,67.690,0,0,1690220,942452,175712,5113008,7448.902,1666.677,0,276.777,0,3.008,2061,3813,1.740,1.570,0.850,2,0,291.819,0,0,13,50,0,26,0
13-08 07:53:17,33.237,21.242,45.232,0,0,1759724,872888,175712,5113068,6034.616,1619.360,0,5062.001,0,261.897,4105,7867,1.760,1.580,0.860,2,0,607.760,0,0,13,50,0,23,0
13-08 07:53:18,45.756,17.252,37.005,0,0,1852724,779148,175724,5113740,5498.781,1620.230,0,4.001,0,1.000,4923,11771,1.760,1.580,0.860,2,0,249.035,0,0,13,58,0,27,0
13-08 07:53:19,45.498,4.500,49.248,0,0,1985280,645992,175736,5114308,5535.806,1511.947,0,267.991,0,7.000,1208,4657,1.760,1.580,0.860,1,0,4.000,0,0,13,58,0,23,0
13-08 07:53:20,23.735,2.998,72.955,0.250,0,2030368,598516,176052,5116072,5632.547,1660.982,139.914,6719.881,34.979,436.732,1196,2063,1.760,1.580,0.860,1,0,4.997,0,0,13,60,0,23,0
13-08 07:53:21,23.509,5.502,61.023,8.253,0,2035640,578116,176108,5130860,6999.653,1566.594,0,29755.277,0,2405.912,10684,22395,1.760,1.580,0.860,2,1,4.002,0,0,13,60,0,22,0
13-08 07:53:22,35.292,14.517,46.306,3.254,0,2206996,398684,176240,5138356,5370.439,1712.053,0,65570.619,0,1575.889,10004,28139,1.700,1.570,0.860,2,0,105.126,0,0,14,85,0,33,0
13-08 07:53:23,13.972,19.960,65.867,0,0,2223448,381784,176240,5138712,6726.446,1616.742,0,1584.807,0,91.815,3867,6679,1.700,1.570,0.860,1,0,448.097,0,0,14,85,0,32,0
13-08 07:53:24,13.767,16.771,67.335,0,0,2225004,380044,176240,5139220,7857.972,1622.058,0,2935.725,0,34.043,5052,8427,1.700,1.570,0.860,3,0,287.365,0,0,14,85,0,32,0
13-08 07:53:25,39.998,11.499,48.248,0,0,2327060,277916,176240,5139348,6567.691,1619.924,0,439.979,0,25.999,2944,4576,1.700,1.570,0.860,2,0,155.993,0,0,14,86,0,32,0
13-08 07:53:26,32.721,9.991,56.450,0.500,0,2392428,211744,176256,5140136,6242.426,1510.651,0,2094.130,0,129.884,2897,4843,1.700,1.570,0.860,1,0,151.864,0,0,14,89,0,33,0
13-08 07:53:27,11.259,17.014,71.559,0.500,0,2394248,209896,176256,5140164,6574.430,1663.374,0,936.774,0,48.040,2884,4472,1.650,1.560,0.860,1,0,343.284,0,0,14,89,0,33,0
13-08 07:53:28,8.741,18.480,71.423,0,0,2396196,207916,176256,5140196,41085.628,1618.252,0,107.883,0,9.989,2907,4395,1.650,1.560,0.860,1,0,359.612,0,0,14,89,0,27,0
13-08 07:53:29,17.783,9.267,72.887,0,0,2435844,168248,176256,5140216,7525.162,1568.953,0,0,0,0,1639,2317,1.650,1.560,0.860,1,0,139.262,0,0,14,89,0,27,0
13-08 07:53:30,20.706,5.987,72.095,0,0,2407260,196816,176256,5140232,5615.948,1616.531,0,123.734,0,11.974,2002,3319,1.650,1.560,0.860,1,0,62.865,0,0,14,91,0,28,0
13-08 07:53:31,23.729,2.748,73.684,0,0,2469460,134600,176256,5140248,7149.623,1618.556,0,267.761,0,21.980,1667,2967,1.650,1.560,0.860,1,0,0,0,0,14,96,0,28,0
13-08 07:53:32,30.050,4.758,63.606,1.002,0,2498124,131084,176032,5116308,9584.024,1712.864,4.007,10786.034,1.002,891.491,4379,7894,1.590,1.550,0.860,3,0,12.020,0,0,14,108,0,30,0
13-08 07:53:33,25.978,6.494,65.944,0,0,2508224,120904,176032,5116388,5470.350,1510.716,59.949,791.327,5.995,48.958,1943,3107,1.590,1.550,0.860,1,0,110.906,0,0,14,108,0,30,0
13-08 07:53:34,28.283,7.759,62.573,0.751,0,2485444,169360,174368,5092384,6306.360,1621.893,616.720,3980.645,36.042,561.655,3570,6306,1.590,1.550,0.860,2,0,87.102,0,0,14,108,0,31,0
13-08 07:53:35,43.775,7.504,48.527,0.250,0,2588512,129156,172908,5031296,6378.610,1620.917,1188.673,1280.725,38.022,101.057,1574,2072,1.590,1.550,0.860,1,0,10.006,0,0,14,108,0,32,0
13-08 07:53:36,22.735,4.997,72.453,0.500,0,2569816,148528,172948,5030600,10901.968,1618.956,723.533,555.642,19.987,43.972,1532,2228,1.590,1.550,0.860,1,0,56.963,0,0,14,112,0,33,0
13-08 07:53:37,20.481,6.244,72.434,0,0,2566808,151292,172948,5030844,5918.579,1606.528,219.799,311.714,4.995,19.982,1485,2134,1.630,1.560,0.870,1,0,52.951,0,0,14,112,0,34,0
13-08 07:53:38,24.774,2.753,72.320,0.500,0,2604604,129688,172772,5015128,6014.846,1621.576,0,1793.744,0,141.137,1993,3331,1.630,1.560,0.870,1,0,0,0,0,14,112,0,35,0
13-08 07:53:39,18.766,7.006,72.811,0,0,2587224,146476,172792,5015700,5787.873,1715.444,588.496,268.226,10.008,17.014,1450,2070,1.630,1.560,0.870,1,0,82.069,0,0,14,112,0,35,0
13-08 07:53:40,22.219,4.494,73.147,0,0,2574096,159572,172792,5015732,6812.374,1509.867,0,199.718,0,8.987,1361,1944,1.630,1.560,0.870,1,0,54.922,0,0,14,112,0,36,0
13-08 07:53:41,25.219,3.745,68.166,1.248,0,2596960,136432,172792,5016008,8752.165,1617.997,0,1841.720,0,236.707,3274,6222,1.630,1.560,0.870,1,0,0,0,0,14,112,0,38,0
13-08 07:53:42,21.249,5.500,72.497,0,0,2590888,142500,172792,5016012,5767.792,1709.938,0,1103.960,0,72.997,1607,2409,1.580,1.550,0.870,2,0,52.998,0,0,14,112,0,38,0
13-08 07:53:43,33.503,4.250,61.755,0.750,0,2602832,146180,172556,5000796,6740.580,1620.139,744.064,1200.103,129.011,137.012,3364,6369,1.580,1.550,0.870,2,0,2.000,0,0,14,117,0,39,0
13-08 07:53:44,27.770,5.504,65.048,0.751,0,2638712,125956,172324,4985564,5218.841,1621.193,260.192,4947.641,19.014,323.238,2669,5060,1.580,1.550,0.870,1,0,71.052,0,0,14,120,0,40,0
13-08 07:53:45,21.241,7.747,70.219,0.250,0,2602100,161484,172328,4986644,8198.409,1565.314,895.608,879.615,32.986,111.951,2955,5057,1.580,1.550,0.870,1,0,146.936,0,0,14,120,0,41,0
13-08 07:53:46,24.031,2.253,72.344,0,0,2643604,130292,172084,4976740,7764.117,1622.114,0,504.658,0,25.033,1350,1961,1.580,1.550,0.870,1,0,0,0,0,14,122,0,41,0
13-08 07:53:47,32.257,4.501,61.764,0.750,0,2598800,173892,172084,4977896,7923.743,1620.356,1188.261,1180.260,19.004,139.031,3865,7124,1.770,1.590,0.880,2,0,15.003,0,0,14,120,0,42,0
13-08 07:53:48,37.451,11.485,50.184,0.749,0,2644392,126140,172084,4979992,4795.737,1685.798,1729.741,1681.804,49.935,140.816,4490,8415,1.770,1.590,0.880,1,0,275.640,0,0,14,120,0,42,0
13-08 07:53:49,22.299,9.771,66.647,0,0,2612532,196480,171720,4942316,8980.758,1964.322,184.406,829.826,7.015,52.115,2703,5346,1.770,1.590,0.880,1,0,202.445,0,0,14,120,0,44,0
13-08 07:53:50,9.502,19.254,70.013,0,0,2619652,189204,171728,4942468,9220.761,1620.309,116.022,528.101,5.001,34.006,3044,5012,1.770,1.590,0.880,1,0,426.081,0,0,14,120,0,42,0
13-08 07:53:51,22.729,17.234,59.195,0.250,0,2629520,178036,171728,4943776,7026.444,1618.490,1262.822,431.597,52.951,24.977,5200,10567,1.770,1.590,0.880,2,0,278.740,0,0,14,120,0,42,0
13-08 07:53:52,33.497,19.998,45.247,0.250,0,2677380,131492,171732,4942460,7383.439,1619.877,79.994,7395.438,11.999,554.958,4188,7410,1.790,1.590,0.890,2,0,565.957,0,0,14,120,0,42,0
13-08 07:53:53,48.776,20.261,30.016,0.250,0,2799380,133916,168724,4823652,6270.392,1746.945,1004.543,5943.215,58.031,688.372,7028,14937,1.790,1.590,0.890,3,0,301.163,0,0,16,132,0,42,0
13-08 07:53:54,55.158,21.464,21.714,0.749,0,2914952,125176,166080,4722280,7346.760,1617.306,4009.320,2427.955,250.583,262.563,4395,7228,1.790,1.590,0.890,13,0,619.967,0,0,16,132,0,42,0
13-08 07:53:55,63.635,18.539,16.785,0,0,3005140,125748,163280,4635536,5512.654,1515.203,2449.178,6429.592,172.364,509.076,6851,14204,1.790,1.590,0.890,2,0,369.782,0,0,16,148,0,42,0
13-08 07:53:56,37.976,20.987,40.724,0,0,3065696,132956,163312,4569452,6010.220,1618.982,95.940,2070.698,13.991,271.829,4097,6767,1.790,1.590,0.890,3,0,648.592,0,0,16,148,0,42,0
13-08 07:53:57,26.488,18.492,52.977,0,0,3105032,132272,163320,4531728,6394.199,1619.291,179.921,987.567,5.997,147.935,6490,10812,1.890,1.620,0.900,2,0,343.849,0,0,17,148,0,42,0
13-08 07:53:58,34.759,20.005,44.761,0,0,3173144,132796,163320,4464808,45283.547,1706.435,4.001,252.064,1.000,20.005,4961,8822,1.890,1.620,0.900,2,0,487.124,0,0,17,148,0,42,0
13-08 07:53:59,45.743,21.747,31.995,0.250,0,3290604,129700,163344,4352700,8789.690,1619.759,323.952,6379.050,10.998,606.910,7460,14566,1.890,1.620,0.900,2,0,480.928,0,0,17,164,0,43,0
13-08 07:54:00,32.499,22.249,45.249,0,0,3348348,132992,163344,4292720,6486.831,1619.958,47.999,407.989,3.000,50.999,4406,8047,1.890,1.620,0.900,4,0,751.980,0,0,17,164,0,43,0
13-08 07:54:01,25.705,19.716,53.157,0.499,0,3408652,134196,163348,4232796,7352.141,1687.049,3.993,5530.327,0.998,621.912,7543,14186,1.890,1.620,0.900,0,0,382.331,0,0,17,170,0,43,0
13-08 07:54:02,38.355,11.532,49.386,0.251,0,3502152,127776,163312,4147264,5317.613,1462.018,60.165,2093.754,7.019,326.898,3096,4402,1.820,1.610,0.900,3,0,147.405,0,0,17,172,0,43,0
13-08 07:54:03,46.250,6.750,45.500,0.250,0,3613824,120244,163312,4044944,4733.962,1729.986,223.998,531.996,12.000,74.999,1812,2480,1.820,1.610,0.900,3,0,3.000,0,0,17,178,0,43,0
13-08 07:54:04,34.216,13.736,50.700,0.250,0,3583516,216692,163320,3980468,5930.094,1618.388,1418.587,415.586,42.957,26.973,3126,5497,1.820,1.610,0.900,5,0,313.688,0,0,17,181,0,42,0
13-08 07:54:05,38.495,22.497,38.995,0,0,3643920,154876,163332,3981868,4946.392,1619.801,47.994,491.939,4.999,37.995,6427,13136,1.820,1.610,0.900,3,0,579.929,0,0,17,192,0,43,0
13-08 07:54:06,53.205,17.485,27.227,0.250,0,3705768,121964,163352,3953948,9014.311,1618.619,1642.599,359.693,36.968,27.976,5723,10423,1.820,1.610,0.900,8,0,220.812,0,0,17,194,0,43,0
13-08 07:54:07,79.664,15.983,3.746,0,0,3783388,118608,163364,3881668,7331.068,1618.249,751.187,723.217,13.985,50.945,2837,6067,1.990,1.650,0.920,6,0,110.880,0,0,17,205,0,43,0
13-08 07:54:08,79.412,16.232,4.245,0.499,0,3827312,177360,163476,3780776,6289.993,1618.197,155.826,18159.770,8.990,712.207,3979,8889,1.990,1.650,0.920,4,0,59.933,0,0,17,213,0,44,0
13-08 07:54:09,49.590,24.795,23.292,0,0,3889012,136516,163476,3759912,5179.437,1622.957,0,11376.728,0,525.958,6201,12364,1.990,1.650,0.920,4,0,530.967,0,0,17,218,0,44,0
13-08 07:54:10,47.057,21.526,29.786,0,0,3900948,122376,163480,3762236,6746.224,1459.779,0,772.942,0,42.051,6483,13867,1.990,1.650,0.920,8,0,294.359,0,0,17,218,0,44,0
13-08 07:54:11,58.501,24.000,15.750,0.250,0,3914912,133732,163480,3736968,6316.063,1620.016,88.001,528.005,3.000,43.000,5374,26538,1.990,1.650,0.920,6,0,547.005,0,0,17,220,0,45,0
13-08 07:54:12,65.236,19.246,14.497,0,0,3955996,181432,163556,3649240,7091.504,1619.658,131.972,2035.570,19.996,109.977,6732,14506,2.070,1.670,0.930,6,0,321.932,0,0,17,224,0,49,0
13-08 07:54:13,57.332,21.936,19.942,0.249,0,4053468,133080,163556,3600636,6026.361,1724.951,59.825,490.564,3.988,36.892,5247,12749,2.070,1.670,0.930,5,0,413.789,0,0,17,227,0,50,0
13-08 07:54:14,66.511,17.067,15.812,0.251,0,4138748,124564,163560,3525600,9530.397,1626.382,32.126,883.467,2.008,66.260,5924,16436,2.070,1.670,0.930,3,0,212.835,0,0,17,236,0,51,0
13-08 07:54:15,68.446,8.243,22.732,0,0,4214832,123192,163560,3452632,5234.844,1618.715,0,17318.249,0,904.282,3264,4745,2.070,1.670,0.930,4,0,6.994,0,0,17,239,0,51,0
13-08 07:54:16,62.161,14.979,21.469,0.499,0,4209016,194296,163408,3388976,6354.906,1617.685,1358.057,1042.508,33.951,99.857,5105,12251,2.070,1.670,0.930,4,0,257.631,0,0,17,250,0,58,0
13-08 07:54:17,53.117,22.550,22.800,0.251,0,4201656,200552,163412,3390248,7101.616,1515.332,1186.609,1547.403,47.104,166.366,5241,11259,2.150,1.690,0.940,5,1,554.219,0,0,17,250,0,55,0
13-08 07:54:18,61.694,17.984,17.984,0.250,0,4306364,127104,163492,3359660,6375.205,1564.578,4244.142,1469.664,75.931,67.938,6037,12134,2.150,1.690,0.940,4,0,266.758,0,0,18,255,0,55,0
13-08 07:54:19,83.492,12.499,4.250,0.250,0,4397396,129836,163496,3267864,6966.373,1689.848,771.931,6759.392,6.999,609.945,2835,3911,2.150,1.690,0.940,4,0,15.999,0,0,18,254,0,52,0
13-08 07:54:20,73.251,12.500,13.750,0.250,0,4435980,156580,163528,3203064,8549.094,1620.018,828.009,1568.017,12.000,106.001,4843,12123,2.150,1.690,0.940,2,0,148.002,0,0,18,255,0,53,0
13-08 07:54:21,19.471,8.488,70.397,0,0,4426256,166096,163532,3203272,10290.883,3156.363,834.774,539.208,10.984,28.957,2100,3358,2.150,1.690,0.940,1,0,120.823,0,0,18,256,0,53,0
13-08 07:54:22,21.275,5.006,73.086,0,0,4443936,148372,163532,3203316,19821.250,5393.326,544.639,532.625,6.007,40.047,2047,3056,2.050,1.680,0.940,1,0,10.012,0,0,18,259,0,53,0
13-08 07:54:23,21.014,6.254,71.798,0.500,0,4456156,135056,163532,3204412,1248130.262,11365.524,768.509,2029.343,6.004,136.090,2477,3629,2.050,1.680,0.940,1,0,10.007,0,0,18,260,0,42,0
13-08 07:54:24,22.993,15.246,60.733,0.500,0,4453716,127168,163536,3214820,15297878.403,126983.937,2835.195,13812.077,29.991,470.866,8324,7934,2.050,1.680,0.940,4,0,244.930,0,0,18,264,0,42,0
13-08 07:54:25,31.475,6.745,61.201,0,0,4480296,137876,163532,3177992,7025.366,1660.668,799.359,271.782,15.987,23.981,1999,3003,2.050,1.680,0.940,1,0,26.978,0,0,18,264,0,42,0
13-08 07:54:26,26.518,3.502,68.046,0.500,0,4489456,135876,163532,3170876,7377.988,1609.088,472.319,660.446,24.016,87.059,4075,8692,2.050,1.680,0.940,1,0,4.003,0,0,18,278,0,48,0
13-08 07:54:27,20.991,10.995,68.721,0.250,0,4438804,184848,163532,3172732,5483.719,1661.309,263.890,715.702,8.996,71.970,3504,6478,1.970,1.670,0.940,1,0,201.916,0,0,18,276,0,48,0
13-08 07:54:28,19.469,8.986,70.889,0,0,4488220,135088,163532,3173076,41649.652,1617.462,255.599,291.543,4.992,14.977,2536,4281,1.970,1.670,0.940,1,0,265.583,0,0,18,276,0,48,0
13-08 07:54:29,14.023,13.272,71.366,0,0,4449504,173776,163536,3173100,7832.760,1622.643,8.013,260.424,2.003,13.021,2517,4050,1.970,1.670,0.940,1,0,209.341,0,0,18,276,0,48,0
13-08 07:54:30,10.009,19.767,70.562,0.500,0,4455068,168148,163540,3173160,6981.150,1621.428,32.028,1080.952,2.002,69.061,3464,5677,1.970,1.670,0.940,1,0,385.339,0,0,18,276,0,48,0
13-08 07:54:31,2.746,2.996,92.125,0,0,4453964,169196,163540,3173216,10627.610,1509.956,31.957,135.816,2.996,10.985,1504,2496,1.970,1.670,0.940,0,0,66.909,0,0,18,276,0,47,0
13-08 07:54:32,20.784,3.506,75.623,0,0,4500616,136976,163544,3158780,6454.489,1622.637,0,16058.094,0,26.042,1456,2176,1.890,1.660,0.940,1,0,9.015,0,0,18,276,0,47,0
13-08 07:54:33,16.984,11.739,70.685,0.250,0,4452340,185404,163548,3158740,7713.857,1618.501,27.974,91.915,4.995,11.989,2678,4400,1.890,1.660,0.940,1,0,166.846,0,0,18,280,0,45,0
13-08 07:54:34,13.998,15.497,69.739,0.250,0,4452320,185028,163548,3159136,5208.146,1565.743,0,235.961,0,10.998,2981,4861,1.890,1.660,0.940,1,0,234.961,0,0,18,282,0,45,0
13-08 07:54:35,19.444,8.476,70.796,0,0,4487720,148764,163548,3160000,5634.783,1615.351,853.544,95.725,12.963,5.983,2206,3556,1.890,1.660,0.940,1,0,140.595,0,0,18,282,0,44,0
13-08 07:54:36,23.022,4.004,70.817,0.751,0,4533096,133556,163536,3129996,9146.616,1621.527,732.690,7214.796,44.041,377.355,1849,2725,1.890,1.660,0.940,1,0,3.003,0,0,18,288,0,44,0
13-08 07:54:37,23.794,4.759,71.133,0.250,0,4454452,242920,163556,3099436,5221.749,1623.030,176.329,537.003,18.034,62.116,2004,3227,1.820,1.650,0.950,3,0,10.019,0,0,18,290,0,41,0
13-08 07:54:38,25.279,2.253,70.831,0.250,0,4520416,176896,163556,3099496,6114.031,1513.741,20.023,2130.450,4.005,130.150,1720,2922,1.820,1.650,0.950,1,0,0,0,0,18,290,0,41,0
13-08 07:54:39,25.498,3.000,70.244,0,0,4560900,136328,163556,3099580,8274.288,1713.853,75.993,235.980,3.000,11.999,1996,3135,1.820,1.650,0.950,1,0,2.000,0,0,18,296,0,40,0
13-08 07:54:40,23.228,4.746,72.432,0.250,0,4505604,191576,163556,3099628,7733.715,1618.475,27.974,787.258,0.999,39.962,1594,2386,1.820,1.650,0.950,1,0,14.986,0,0,18,290,0,40,0
13-08 07:54:41,18.736,8.244,71.445,0,0,4446616,249400,163556,3100792,9391.750,1564.792,1418.905,115.911,16.987,10.992,2125,3207,1.820,1.650,0.950,1,0,130.899,0,0,18,290,0,38,0
13-08 07:54:42,11.989,15.736,70.436,0,0,4469880,225992,163568,3100924,4987.441,1618.521,27.974,4120.234,6.994,60.944,3052,4996,1.750,1.640,0.950,1,0,362.669,0,0,18,290,0,38,0
13-08 07:54:43,20.226,6.992,71.913,0.250,0,4490208,205112,163584,3101460,7547.882,1618.045,527.363,0,31.961,0,1897,2964,1.750,1.640,0.950,1,0,91.889,0,0,18,290,0,37,0
13-08 07:54:44,23.527,6.507,69.079,0,0,4510936,184196,163596,3101636,6583.485,1621.844,160.182,4.005,8.009,1.001,9672,19394,1.750,1.640,0.950,2,0,13.015,0,0,18,290,0,37,0
13-08 07:54:45,19.286,2.004,77.395,0,0,4506472,186520,163760,3103348,13487.329,5270.899,0,973.829,0,28.053,1511,2349,1.750,1.640,0.950,1,0,1.002,0,0,18,291,0,34,0
13-08 07:54:46,25.247,4.749,68.493,0.250,0,4524356,168628,163764,3103352,5634.386,1619.823,4.000,175.981,1.000,24.997,9325,19072,1.750,1.640,0.950,1,0,11.999,0,0,18,293,0,34,0
13-08 07:54:47,15.986,12.739,70.188,0,0,4480448,212772,163768,3103112,5992.732,1792.424,0,511.550,0,25.977,2824,4703,1.690,1.620,0.950,1,0,265.766,0,0,18,292,0,33,0
13-08 07:54:48,24.009,3.001,72.026,0.250,0,4526164,166684,163768,3103484,5440.959,1620.583,16.006,156.056,1.000,11.004,1714,2776,1.690,1.620,0.950,1,0,0,0,0,18,292,0,35,0
13-08 07:54:49,25.798,7.264,66.373,0.250,0,4503116,189292,163768,3103924,5496.223,1610.996,260.485,288.537,29.054,20.037,2493,5797,1.690,1.620,0.950,2,0,146.272,0,0,18,292,0,34,0
13-08 07:54:50,22.958,4.991,71.120,0,0,4490488,201912,163768,3103932,5271.343,1617.038,0,159.707,0,11.978,1936,3025,1.690,1.620,0.950,2,0,69.872,0,0,18,292,0,34,0
13-08 07:54:51,23.264,5.503,71.041,0.250,0,4466932,225344,163768,3104056,6580.823,1582.920,96.056,108.063,6.003,12.007,2013,3027,1.690,1.620,0.950,2,0,56.033,0,0,18,292,0,34,0
13-08 07:54:52,25.198,3.493,71.603,0,0,4516316,175952,163768,3104064,4890.964,1616.683,0,179.631,0,19.959,1691,2740,1.640,1.610,0.950,2,0,0,0,0,18,292,0,36,0
13-08 07:54:53,23.765,3.752,71.044,0,0.250,4518844,173420,163768,3104068,6089.733,1620.994,0,192.118,0,11.007,1637,2510,1.640,1.610,0.950,2,0,32.020,0,0,18,292,0,36,0
13-08 07:54:54,23.495,3.999,71.485,0.250,0,4496316,195868,163768,3104148,5430.838,1619.653,55.988,395.915,4.999,45.990,2150,3574,1.640,1.610,0.950,2,0,46.990,0,0,18,292,0,36,0
13-08 07:54:55,22.270,5.004,71.314,0,0,4477252,214792,163768,3104288,4950.450,1621.458,0,148.133,0,8.007,1796,2842,1.640,1.610,0.950,2,0,32.029,0,0,18,292,0,38,0
13-08 07:54:56,26.248,2.000,71.244,0,0,4523076,168956,163768,3104300,6208.485,1619.866,0,427.964,0,53.996,1983,3284,1.640,1.610,0.950,2,0,0,0,0,18,292,0,39,0
13-08 07:54:57,6.753,9.755,82.539,0.250,0,4471728,219920,163808,3104608,12685.975,4680.204,204.096,340.160,6.003,22.010,2419,4133,1.590,1.600,0.950,1,0,182.086,0,0,18,294,0,39,0
13-08 07:54:58,5.997,7.497,85.460,0,0,4474548,217056,163808,3104620,48239.520,5039.652,0,187.912,0,14.993,1971,3114,1.590,1.600,0.950,1,0,118.945,0,0,18,294,0,40,0
13-08 07:54:59,2.498,1.499,94.412,0,0,4474264,217336,163808,3104624,6932.546,2092.052,0,223.792,0,7.993,1324,2186,1.590,1.600,0.950,0,0,19.981,0,0,18,292,0,41,0
13-08 07:55:00,12.745,9.497,76.722,1.000,0,4478012,210964,163872,3106952,5455.020,1619.412,2307.163,5913.853,109.960,39.985,2118,3315,1.590,1.600,0.950,1,0,67.975,0,0,18,292,0,40,0
13-08 07:55:01,15.499,8.249,75.743,0.750,0,4443688,237388,164024,3114664,7071.392,126535.118,3839.670,2431.791,114.990,18.998,3446,16107,1.590,1.600,0.950,0,0,153.987,0,0,18,292,0,40,0
13-08 07:55:02,1.750,0.750,96.253,0,0,4443684,237388,164024,3114668,5729.195,1620.055,0,72.002,0,6.000,1080,1802,1.460,1.580,0.940,0,0,0,0,0,18,292,0,40,0
13-08 07:55:03,2.002,1.001,95.842,0,0,4443684,237388,164024,3114668,6001.762,1621.557,0,0,0,0,1068,1809,1.460,1.580,0.940,0,0,0,0,0,18,292,0,40,0
13-08 07:55:04,4.744,0.999,94.139,0,0,4443900,237164,164024,3114676,5045.037,1618.087,0,0,0,0,1237,1952,1.460,1.580,0.940,0,0,0,0,0,18,292,0,40,0
13-08 07:55:05,4.259,2.004,91.698,0,0,4443788,237164,164024,3114788,4939.640,1461.147,0,2914.277,0,263.568,2345,3670,1.460,1.580,0.940,1,1,2.004,0,0,18,292,0,40,0
13-08 07:55:06,4.740,1.746,92.312,0.249,0,4444032,236912,164024,3114796,8005.676,1616.704,0,4079.682,0,385.215,1882,2798,1.460,1.580,0.940,0,0,0,0,0,18,292,0,39,0
13-08 07:55:07,2.500,1.750,95.242,0.250,0,4444920,235988,164024,3114824,5322.580,1619.872,15.999,7019.445,1.000,423.967,1491,2330,1.340,1.550,0.940,0,0,2.000,0,0,18,292,0,39,0
13-08 07:55:08,3.750,1.000,95.002,0,0,4444888,235988,164024,3114856,6128.104,1620.028,0,292.005,0,10.000,1275,2095,1.340,1.550,0.940,0,0,0,0,0,18,292,0,39,0
13-08 07:55:09,1.751,1.251,96.324,0,0,4444888,235988,164024,3114856,10350.970,1621.248,0,104.080,0,8.006,1116,1747,1.340,1.550,0.940,0,0,0,0,0,18,292,0,39,0
13-08 07:55:10,1.747,0.250,96.345,0.250,0,4444888,235988,164024,3114856,8529.268,1617.396,0,283.543,0,13.977,1090,1832,1.340,1.550,0.940,0,0,0,0,0,18,292,0,34,0
13-08 07:55:11,2.248,0.999,96.185,0,0,4444884,235988,164024,3114860,6976.319,1618.914,0,7.995,0,0.999,1078,1790,1.340,1.550,0.940,0,0,0,0,0,18,292,0,34,0
13-08 07:55:12,1.500,0,96.528,0,0,4444884,235988,164024,3114860,4987.446,1512.439,0,3729.081,0,223.065,1123,1814,1.310,1.540,0.940,0,0,0,0,0,18,292,0,33,0
13-08 07:55:13,2.753,1.251,95.844,0,0,4445024,235988,164024,3114924,5418.310,1567.536,0,76.075,0,7.007,1228,2100,1.310,1.540,0.940,0,0,0,0,0,18,292,0,33,0
13-08 07:55:14,2.499,1.250,95.975,0,0,4445024,235988,164024,3114924,7937.968,1619.585,0,0,0,0,1201,1911,1.310,1.540,0.940,0,0,0,0,0,18,292,0,27,0
13-08 07:55:15,4.003,3.503,91.826,0,0,4446824,233976,164024,3115136,6804.655,1621.347,208.173,132.110,10.008,8.007,1561,2602,1.310,1.540,0.940,0,0,85.071,0,0,18,292,0,27,0
13-08 07:55:16,2.250,1.000,94.762,0,0,4446820,233976,164024,3115140,7431.907,1620.198,0,120.015,0,17.002,1392,2413,1.310,1.540,0.940,0,0,0,0,0,18,292,0,20,0
13-08 07:55:17,1.502,1.502,95.651,0.250,0,4446808,233976,164028,3115148,6062.585,1622.565,0,344.545,0,28.044,1375,2389,1.210,1.520,0.930,0,0,2.003,0,0,18,292,0,20,0
13-08 07:55:18,1.996,0.748,95.808,0,0,4446808,233976,164028,3115148,5353.251,1616.754,0,103.792,0,8.982,1110,1963,1.210,1.520,0.930,1,0,0,0,0,18,292,0,19,0
13-08 07:55:19,2.751,1.000,96.036,0,0,4446808,233976,164028,3115148,7061.683,1512.575,0,0,0,0,1091,1759,1.210,1.520,0.930,0,0,0,0,0,18,292,0,19,0
13-08 07:55:20,2.995,0.499,96.102,0,0,4446808,233976,164028,3115148,5139.060,1563.584,0,227.648,0,18.971,1044,1865,1.210,1.520,0.930,0,0,0,0,0,18,292,0,18,0
13-08 07:55:21,1.250,0.750,96.505,0,0,4446808,233976,164028,3115148,6789.346,1620.083,0,0,0,0,1084,1762,1.210,1.520,0.930,0,0,0,0,0,18,292,0,18,0
13-08 07:55:22,2.503,1.752,95.107,0,0,4446808,233976,164028,3115148,6402.202,1621.825,0,72.081,0,11.012,1312,2180,1.110,1.490,0.930,0,0,0,0,0,18,292,0,17,0
13-08 07:55:23,3.003,1.502,95.359,0.501,0,4446808,233976,164028,3115148,5797.621,1621.852,0,200.229,0,15.017,1273,2188,1.110,1.490,0.930,0,0,0,0,0,18,292,0,17,0
13-08 07:55:24,2.248,1.249,96.394,0,0,4446808,233976,164028,3115148,5287.200,1618.225,0,3.996,0,0.999,1100,1812,1.110,1.490,0.930,0,0,0,0,0,18,292,0,17,0
13-08 07:55:25,2.000,1.000,96.489,0,0,4446808,233976,164028,3115148,6207.261,1619.807,0,0,0,0,1053,1845,1.110,1.490,0.930,0,0,0,0,0,18,292,0,17,0
13-08 07:55:26,4.002,0.250,95.037,0,0,4446732,233976,164032,3115220,7284.834,1512.588,0,216.084,0,30.012,1301,2233,1.110,1.490,0.930,0,0,0,0,0,18,294,0,12,0
13-08 07:55:27,1.752,1.502,95.870,0.250,0,4446716,233976,164032,3115236,8565.724,1622.031,16.020,232.291,1.001,19.024,1283,2237,1.020,1.470,0.920,0,0,2.003,0,0,18,294,0,12,0
13-08 07:55:28,3.248,0.500,95.939,0,0,4446716,233976,164032,3115236,40385.234,1565.002,0,99.936,0,7.995,1097,1862,1.020,1.470,0.920,0,0,0,0,0,18,294,0,10,0
13-08 07:55:29,2.499,0.750,96.199,0,0,4446716,233976,164032,3115236,5789.943,1619.145,0,103.945,0,7.996,1157,1916,1.020,1.470,0.920,0,0,0,0,0,18,294,0,10,0
13-08 07:55:30,2.497,0.499,95.894,0.250,0,4446716,233976,164032,3115236,7374.880,1618.218,0,495.455,0,16.981,1036,1852,1.020,1.470,0.920,0,0,0,0,0,18,294,0,10,0
13-08 07:55:31,2.250,1.250,96.487,0,0,4446716,233976,164032,3115236,14624.040,485.935,0,0,0,0,1154,1891,1.020,1.470,0.920,0,0,0,0,0,18,294,0,10,0
13-08 07:55:32,10.509,2.752,85.326,0,0,4445968,234536,164044,3115412,334190.767,6712.001,180.161,168.150,9.008,9.008,1592,2277,0.940,1.440,0.920,1,0,24.021,0,0,18,294,0,10,0
13-08 07:55:33,13.266,5.256,80.846,0.250,0,4451764,226856,164056,3117252,237992.021,8103.603,288.342,188.223,10.012,42.050,1807,2623,0.940,1.440,0.920,1,0,40.047,0,0,18,294,0,10,0
