"pcp-dstat 6.2.0 CSV Output"
"Author:","PCP team <pcp@groups.io> and Dag Wieers <dag@wieers.com>",,,,"URL:","https://pcp.io/ and http://dag.wieers.com/home-made/dstat/"
"Host:","ubuntu",,,,"User:","ubuntu"
"Cmdline:","dstat -tcmndrylpg --tcp --output /tmp/devstack_logs/dstat-csv.log",,,,"Date:","11 Jun 2026 03:38:41 UTC"
"system","total usage",,,,,"memory usage",,,,"net/total",,"dsk/total",,"io/total",,"system",,"load avg",,,"procs",,,"paging",,"tcp sockets",,,,
"time","total usage:usr","total usage:sys","total usage:idl","total usage:wai","total usage:stl","used","free","buf","cach","net/total:recv","net/total:send","dsk/total:read","dsk/total:writ","read","writ","int","csw","1m","5m","15m","run","blk","new","in","out","lis","act","syn","tim","clo"
11-06 03:38:41,,991264,1385876,167504,5262992,,,,,,,1.310,0.840,0.510,5,0,,,,10,2,0,18,0
11-06 03:38:42,53.437,24.471,20.725,0.250,0,1027252,1344368,167688,5267600,9040.283,3244.154,19.976,3647.676,0.999,55.934,7124,6935,1.310,0.840,0.510,4,0,618.267,0,0,10,3,1,18,0
11-06 03:38:43,28.005,19.004,52.260,0.250,0,1025520,1344060,167720,5269396,20053.853,8318.598,0,764.147,0,26.005,6189,6396,1.310,0.840,0.510,2,0,387.074,0,0,10,4,1,18,0
11-06 03:38:44,38.407,16.709,42.397,0.249,0,1073536,1295808,167732,5309664,230473.482,7784.103,0,11607.820,0,497.792,7149,7321,1.310,0.840,0.510,2,0,225.453,0,0,11,4,1,18,0
11-06 03:38:45,27.018,4.003,66.795,0.500,0,1145636,1223260,167808,5394752,28515.416,9814.683,0,1000.681,0,29.020,2475,1593,1.310,0.840,0.510,1,0,17.012,0,0,11,5,1,18,0
11-06 03:38:46,24.747,9.749,63.492,0.500,0.250,1148604,1219944,167940,5394940,36412.509,10746.675,0,1111.863,0,40.995,3519,2535,1.370,0.860,0.520,1,0,110.986,0,0,11,8,1,18,0
11-06 03:38:47,30.956,10.984,56.170,0.499,0,1177172,1190652,168120,5395332,24725.636,12997.410,31.954,2428.527,1.997,80.884,4330,3228,1.370,0.860,0.520,2,0,170.756,0,0,11,8,1,20,0
11-06 03:38:48,34.452,5.243,59.417,0.749,0.250,1231624,1133728,168464,5396892,45966.852,14967.113,0,3722.805,0,64.909,2791,1924,1.370,0.860,0.520,3,0,0,0,0,11,8,1,20,0
11-06 03:38:49,32.929,4.022,55.803,5.027,0,1253884,1099260,169028,5408000,23949.983,13928.595,0,13646.061,0,1039.642,6443,9797,1.370,0.860,0.520,2,0,10.055,0,0,11,9,1,20,1
11-06 03:38:50,32.744,8.249,42.992,13.248,0,1253316,1071636,170976,5432620,173292.472,4445.217,0,60069.418,0,4368.230,17520,34043,1.370,0.860,0.520,2,0,72.987,0,0,11,8,1,20,2
11-06 03:38:51,41.724,8.994,47.220,1.249,0,1220240,1080412,172052,5452716,4352.274,1457.087,0,9921.786,0,513.678,4582,4537,1.420,0.880,0.520,2,0,74.953,0,0,11,6,1,20,2
11-06 03:38:52,44.359,4.984,48.596,0.498,0,1273956,1006660,172416,5470816,4324.287,1453.391,0,2153.172,0,78.750,2819,1802,1.420,0.880,0.520,1,1,0,0,0,11,6,1,20,2
11-06 03:38:53,44.205,5.744,47.951,1.498,0,1242228,1021316,173516,5484132,4361.529,1638.320,0,9102.668,0,465.523,3658,3507,1.420,0.880,0.520,2,0,9.990,0,0,11,6,1,20,2
11-06 03:38:54,44.850,5.262,48.358,0.752,0,1261340,972356,174420,5510400,4762.634,1515.383,0,2850.364,0,179.401,2871,1837,1.420,0.880,0.520,3,0,0,0,0,11,6,1,20,2
11-06 03:38:55,41.306,9.012,48.316,0.751,0,1250932,992488,174948,5499160,5357.284,2048.786,0,1397.901,0,51.069,3928,2589,1.420,0.880,0.520,3,0,134.182,0,0,11,4,1,20,0
11-06 03:38:56,26.493,22.994,49.237,0.250,0,1255516,985096,174988,5501948,11801.900,4559.802,0,651.829,0,14.996,6206,5031,1.390,0.880,0.530,4,0,488.872,0,0,11,5,1,20,0
11-06 03:38:57,40.651,18.954,38.905,0.249,0,1255516,980336,175140,5506152,5249.186,1789.631,0,2086.905,0,99.756,11576,18127,1.390,0.880,0.530,5,0,258.369,0,0,11,4,1,16,0
11-06 03:38:58,65.095,14.271,19.028,0,0,1320960,913672,175168,5507212,4728.892,1514.207,0,92.134,0,2.003,11020,16917,1.390,0.880,0.530,3,0,109.159,0,0,11,5,1,16,0
11-06 03:38:59,63.500,11.000,23.750,0.250,0,1278524,963284,175196,5500432,4741.988,1619.996,0,2859.993,0,104.000,5717,5573,1.390,0.880,0.530,4,0,16.000,0,0,11,5,1,16,0
11-06 03:39:00,60.842,12.018,26.540,0,0,1313140,926216,175260,5502792,3853.823,919.389,0,18335.703,0,294.445,4847,4804,1.390,0.880,0.530,2,0,101.153,0,0,11,4,1,16,0
11-06 03:39:01,19.720,8.737,69.895,0.250,0,1361440,877900,175268,5502804,4310.521,1194.205,0,2823.756,0,86.869,2976,2402,1.350,0.890,0.530,3,0,113.829,0,0,11,4,1,14,0
11-06 03:39:02,23.000,2.500,73.499,0,0,1385012,854324,175268,5502808,4905.931,1565.978,0,20.000,0,3.000,1730,1168,1.350,0.890,0.530,3,0,0,0,0,11,4,1,14,0
11-06 03:39:03,22.797,2.255,72.398,1.002,0,1400376,838700,175292,5503044,5262.740,1515.092,0,1350.757,0,211.431,3021,3629,1.350,0.890,0.530,2,0,1.002,0,0,11,10,1,14,0
11-06 03:39:04,21.213,4.991,71.873,0.998,0.250,1332312,906740,175304,5503056,5436.416,1563.244,0,3230.305,0,283.500,3184,3393,1.350,0.890,0.530,1,0,41.926,0,0,11,4,1,16,0
11-06 03:39:05,22.242,3.499,74.474,0,0,1385476,853312,175304,5503244,5748.030,2215.241,0,1227.579,0,60.979,1886,1362,1.350,0.890,0.530,0,0,0,0,0,11,5,1,16,0
11-06 03:39:06,18.749,2.500,76.496,0.750,0,1392068,846256,175348,5503608,9486.517,4510.770,267.986,935.952,65.997,68.996,2558,2615,1.330,0.890,0.530,2,0,2.000,0,0,11,27,1,16,0
11-06 03:39:07,19.244,5.498,74.227,0,0,1394252,844048,175348,5503628,9131.221,5448.342,0,327.900,0,57.982,2622,2130,1.330,0.890,0.530,1,0,44.986,0,0,11,28,1,17,0
11-06 03:39:08,18.499,2.750,76.745,0,0,1450804,787496,175348,5503628,6288.612,3744.769,0,0,0,0,1683,1248,1.330,0.890,0.530,0,0,0,0,0,11,29,1,17,0
11-06 03:39:09,18.808,6.771,72.976,0.251,0,1420448,817824,175352,5503652,10144.456,6313.577,0,1456.516,0,81.252,3233,2728,1.330,0.890,0.530,3,0,140.435,0,0,11,28,1,18,0
11-06 03:39:10,41.498,9.749,47.497,0,0,1481820,756440,175352,5503656,4037.785,1457.922,0,20146.928,0,102.995,3136,1775,1.330,0.890,0.530,3,0,15.999,0,0,11,28,1,17,0
11-06 03:39:11,31.372,4.482,63.242,0,0,1490240,747952,175352,5503720,18022.345,14906.081,0,207.153,0,6.972,4413,4886,1.380,0.910,0.540,2,0,0,0,0,11,30,1,17,0
11-06 03:39:12,41.673,21.841,35.146,0.251,0,1452704,785316,175364,5503872,10001.580,6940.856,0,232.969,0,29.121,6227,6899,1.380,0.910,0.540,7,0,418.741,0,0,11,28,1,18,0
11-06 03:39:13,78.241,18.998,0,0,0.500,1630412,607572,175364,5503908,4619.479,1619.817,0,11.999,0,3.000,5061,3151,1.380,0.910,0.540,6,0,160.982,0,0,11,28,1,18,0
11-06 03:39:14,82.940,13.240,1.999,0,0,1816564,421396,175364,5503924,21892.191,20530.175,0,227.835,0,9.993,6115,4895,1.380,0.910,0.540,2,0,0,0,0,11,33,1,17,0
11-06 03:39:15,79.237,8.970,10.465,0,0,1807244,430468,175384,5504148,33100.147,26942.583,0,35685.566,0,638.880,9372,12831,1.380,0.910,0.540,4,0,49.835,0,0,11,29,1,22,0
11-06 03:39:16,25.344,14.052,59.721,0.251,0,1507988,729840,175384,5504196,7144.423,2814.409,0,2244.300,0,122.453,3847,3675,1.350,0.910,0.540,1,0,260.965,0,0,11,28,1,23,0
11-06 03:39:17,18.934,2.990,77.230,0,0,1518248,719572,175384,5504204,9418.071,5444.963,0,159.443,0,7.972,2048,1730,1.350,0.910,0.540,2,0,0.997,0,0,11,29,1,23,0
11-06 03:39:18,17.519,4.505,76.332,0,0,1470912,766896,175388,5504212,7828.379,4753.087,0,612.656,0,43.046,3066,3127,1.350,0.910,0.540,1,0,35.038,0,0,11,28,1,24,0
11-06 03:39:19,19.977,6.493,72.917,0,0,1488088,749716,175388,5504216,4720.604,1564.212,0,0,0,0,2161,1476,1.350,0.910,0.540,2,0,32.962,0,0,11,28,1,24,0
11-06 03:39:20,14.765,3.003,81.331,0.250,0,1494672,743124,175388,5504224,9421.327,7303.230,0,8100.019,0,62.061,2355,2397,1.350,0.910,0.540,0,0,0,0,0,11,29,1,24,0
11-06 03:39:21,13.777,16.282,68.133,1.002,0,1438488,799240,175440,5504240,6136.979,2277.446,0,4332.457,0,256.501,5494,5321,1.320,0.910,0.550,1,0,322.630,0,0,11,28,1,25,0
11-06 03:39:22,37.546,32.290,30.037,0,0,1494976,742724,175444,5504264,4325.296,1621.986,0,424.520,0,27.033,6208,5198,1.320,0.910,0.550,5,0,716.878,0,0,11,28,1,25,0
11-06 03:39:23,83.749,13.500,2.500,0,0,1696680,540964,175464,5504296,10358.862,8319.889,0,1967.974,0,92.999,5327,3051,1.320,0.910,0.550,3,0,0,0,0,11,31,1,25,0
11-06 03:39:24,74.149,9.237,15.978,0,0,1751108,486292,175472,5504528,42142.534,37604.722,0,355.515,0,38.947,9386,14270,1.320,0.910,0.550,5,0,0,0,0,11,31,1,25,0
11-06 03:39:25,78.101,18.524,3.004,0,0,1551036,686344,175480,5504536,12039.574,7918.243,0,34224.270,0,200.259,7251,7782,1.320,0.910,0.550,11,0,298.386,0,0,11,28,1,26,0
11-06 03:39:26,84.612,15.225,0.250,0,0,1721496,515784,175484,5504632,8378.367,5413.192,0,53397.111,0,237.613,5574,3491,1.620,0.980,0.570,7,0,11.981,0,0,11,29,1,26,0
11-06 03:39:27,82.251,10.000,7.000,0,0,1835740,401192,175500,5504964,38994.663,35125.597,0,696.012,0,41.001,8335,10658,1.620,0.980,0.570,6,0,1.000,0,0,11,33,1,27,0
11-06 03:39:28,71.863,14.773,13.021,0,0,1606652,630196,175508,5505040,31421.516,26535.817,0,1362.147,0,37.058,8645,13374,1.620,0.980,0.570,5,0,234.369,0,0,11,28,1,31,0
11-06 03:39:29,47.366,11.468,40.386,0,0,1580572,656128,175508,5505188,4118.371,927.381,0,235.335,0,8.975,4046,16423,1.620,0.980,0.570,2,0,99.718,0,0,11,28,1,32,0
11-06 03:39:30,33.743,4.249,61.237,0.250,0,1611488,625192,175508,5505208,16449.427,13200.133,0,199.957,0,17.996,3833,3824,1.620,0.980,0.570,2,0,0,0,0,11,29,1,32,0
11-06 03:39:31,47.000,23.000,29.250,0.250,0,1500608,736032,175508,5505248,11824.898,8353.928,0,499.996,0,22.000,6405,6554,1.810,1.030,0.590,3,0,377.997,0,0,11,28,1,33,0
11-06 03:39:32,54.370,8.268,36.832,0,0,1598376,638236,175512,5505268,12983.751,10200.588,0,2076.598,0,105.233,3700,1937,1.810,1.030,0.590,5,0,0,0,0,11,31,1,33,0
11-06 03:39:33,52.271,7.753,38.266,0.250,0,1497812,738588,175520,5505472,25008.267,21292.742,0,884.363,0,62.025,7634,10506,1.810,1.030,0.590,7,0,49.020,0,0,11,28,1,34,0
11-06 03:39:34,76.777,22.008,2.001,0,0,1572276,664108,175536,5505472,4801.714,1620.578,0,264.094,0,24.009,5248,3020,1.810,1.030,0.590,5,0,209.075,0,0,11,28,1,29,0
11-06 03:39:35,65.962,9.245,23.986,0,0,1650224,586064,175536,5505528,26174.000,22953.846,0,183.895,0,8.995,5861,5666,1.810,1.030,0.590,2,0,5.997,0,0,11,32,1,29,0
11-06 03:39:36,60.533,17.760,21.011,0.250,0,1539972,696128,175540,5505712,25323.721,20045.862,0,764.414,0,40.022,8674,11707,2.060,1.100,0.610,4,0,300.163,0,0,11,28,1,32,0
11-06 03:39:37,63.039,9.219,27.159,0,0,1651572,584500,175540,5505744,8693.836,6184.254,0,239.198,0,12.957,3783,1614,2.060,1.100,0.610,0,0,24.916,0,0,11,31,1,32,0
11-06 03:39:38,46.335,5.009,47.337,0,0,1651512,584500,175540,5505804,29259.979,24398.010,0,240.444,0,22.041,6917,9341,2.060,1.100,0.610,3,0,0,0,0,11,30,1,29,0
11-06 03:39:39,62.687,18.232,18.731,0.250,0,1546588,689284,175540,5505944,6472.534,3213.789,0,323.677,0,25.974,5093,4226,2.060,1.100,0.610,3,0,298.702,0,0,11,28,1,30,0
11-06 03:39:40,54.094,6.010,39.068,0,0,1644312,591532,175540,5505972,16569.649,13397.164,0,148.256,0,10.017,3965,2726,2.060,1.100,0.610,3,0,0,0,0,11,31,1,30,0
11-06 03:39:41,50.541,16.013,32.777,0,0,1582608,652896,175544,5506308,21781.780,17677.430,0,1000.817,0,72.059,8219,10639,2.140,1.130,0.630,4,0,269.220,0,0,11,28,1,33,0
11-06 03:39:42,64.740,10.998,23.996,0,0,1630588,604900,175544,5506324,4351.313,1585.750,0,3.999,0,1.000,3767,1513,2.140,1.130,0.630,3,0,17.997,0,0,11,28,1,33,0
11-06 03:39:43,43.884,5.486,49.370,0,0,1650260,585060,175544,5506492,27237.132,23617.683,0,0,0,0,6401,7483,2.140,1.130,0.630,2,0,0,0,0,11,31,1,33,0
11-06 03:39:44,59.635,13.781,26.059,0,0,1522604,712676,175552,5506524,8343.891,5222.825,0,465.053,0,38.086,5454,4373,2.140,1.130,0.630,3,0,112.254,0,0,11,28,1,35,0
11-06 03:39:45,53.146,6.737,39.174,0,0,1620592,614664,175552,5506548,16522.744,13409.821,0,107.790,0,7.984,4166,2845,2.140,1.130,0.630,3,0,0,0,0,11,31,1,35,0
11-06 03:39:46,49.878,13.535,35.340,0,0,1549364,685820,175564,5506608,19975.100,15488.623,0,3200.187,0,122.313,7573,9583,2.210,1.160,0.640,5,0,240.616,0,0,11,28,1,37,0
11-06 03:39:47,73.754,25.752,0.500,0,0.250,1615444,619712,175564,5506636,5460.320,1694.099,0,48.003,0,12.001,5459,4391,2.210,1.160,0.640,9,0,428.025,0,0,11,28,1,37,0
11-06 03:39:48,80.248,18.750,0.500,0,0,1781696,453420,175564,5506676,17616.534,13755.636,0,0,0,0,5726,4942,2.210,1.160,0.640,8,0,334.991,0,0,11,31,1,37,0
11-06 03:39:49,73.871,19.716,6.239,0.499,0,1839188,395712,175572,5506900,39734.501,35073.654,0,439.232,0,30.946,8107,9619,2.210,1.160,0.640,7,0,393.312,0,0,11,31,1,38,0
11-06 03:39:50,75.378,22.288,1.753,0,0,1596420,638260,175588,5507112,23145.316,19829.684,0,617.048,0,48.082,7111,7631,2.210,1.160,0.640,5,0,430.732,0,0,11,28,1,38,0
11-06 03:39:51,83.285,14.961,1.496,0,0,1694472,540168,175592,5507148,12496.712,9821.623,0,123.680,0,7.979,5198,2951,2.350,1.210,0.660,4,0,27.928,0,0,11,31,1,36,0
11-06 03:39:52,74.352,9.012,16.022,0,0,1747876,486544,175592,5507368,37673.523,33719.114,0,8.011,0,2.003,7737,11609,2.350,1.210,0.660,5,0,0,0,0,11,31,1,38,0
11-06 03:39:53,49.933,24.218,23.718,0,0.250,1496588,737772,175592,5507428,22021.642,17860.190,0,19.973,0,4.993,8070,10604,2.350,1.210,0.660,1,0,578.229,0,0,11,28,1,41,0
11-06 03:39:54,18.294,31.827,48.868,0,0,1490692,743636,175592,5507460,4823.651,1515.661,0,36.087,0,9.022,6150,5110,2.350,1.210,0.660,5,0,676.634,0,0,11,28,1,41,0
11-06 03:39:55,73.950,21.735,3.997,0,0,1603996,630292,175592,5507500,6094.916,3558.616,0,11.992,0,2.998,4900,3210,2.350,1.210,0.660,3,0,347.767,0,0,11,29,1,41,0
11-06 03:39:56,63.292,7.755,28.769,0,0,1672372,561724,175600,5507680,27948.393,24355.028,0,768.506,0,56.037,6384,8732,2.400,1.240,0.670,3,0,0,0,0,11,31,1,42,0
11-06 03:39:57,71.138,17.473,11.732,0,0,1547680,686372,175616,5507704,13159.324,8596.493,0,523.178,0,50.920,6141,6546,2.400,1.240,0.670,5,0,268.578,0,0,11,28,1,45,0
11-06 03:39:58,77.787,9.755,12.006,0,0,1648144,585864,175616,5507744,13651.443,10798.096,0,160.076,0,10.005,4802,2600,2.400,1.240,0.670,4,0,0,0,0,11,31,1,45,0
11-06 03:39:59,56.544,8.256,33.776,0.250,0,1661988,571752,175620,5508004,39858.154,35257.558,0,796.623,0,52.041,9444,14853,2.400,1.240,0.670,2,0,0,0,0,11,32,1,45,0
11-06 03:40:00,55.416,8.237,35.446,0,0,1655388,578100,175624,5508248,37682.727,31586.991,0,319.514,0,38.941,12592,19135,2.400,1.240,0.670,4,0,31.951,0,0,11,29,2,45,0
11-06 03:40:01,82.906,16.531,0.250,0,0,1556784,676684,175628,5508264,6414.041,1784.350,0,216.406,0,21.039,5191,2819,2.530,1.280,0.690,4,0,92.173,0,0,11,28,1,45,0
11-06 03:40:02,69.751,8.500,21.000,0,0,1670612,562824,175628,5508272,25883.276,22099.236,0,392.004,0,11.000,5759,5747,2.530,1.280,0.690,3,0,0,0,0,11,32,1,45,0
11-06 03:40:03,53.228,5.748,39.734,0,0,1670344,562824,175628,5508540,47104.937,40247.712,0,3514.578,0,130.947,13389,21129,2.530,1.280,0.690,5,0,0,0,0,11,31,1,46,0
11-06 03:40:04,70.781,16.257,12.756,0,0,1543508,689496,175628,5508700,24172.525,18396.010,0,1316.573,0,11.005,7182,9295,2.530,1.280,0.690,4,0,260.113,0,0,11,28,1,49,0
11-06 03:40:05,78.458,11.208,9.963,0,0,1647188,585764,175628,5508748,13761.761,9190.780,0,346.709,0,47.822,4603,2160,2.530,1.280,0.690,3,0,0,0,0,11,31,1,49,0
11-06 03:40:06,60.703,7.023,30.602,0.251,0,1661268,571440,175636,5508976,39047.613,32835.835,0,144.483,0,14.047,10188,14534,2.570,1.310,0.700,5,0,1.003,0,0,11,32,1,51,0
11-06 03:40:07,75.279,14.005,10.254,0,0,1518892,713736,175656,5509032,19872.669,14980.781,0,444.171,0,39.015,6780,8794,2.570,1.310,0.700,5,0,111.043,0,0,11,32,1,48,0
11-06 03:40:08,76.168,10.489,13.236,0,0,1657760,574724,175656,5509176,13916.074,11482.684,0,123.867,0,7.991,4882,3011,2.570,1.310,0.700,2,0,18.980,0,0,11,35,1,48,0
11-06 03:40:09,68.558,13.261,17.765,0.250,0,1703292,529128,175664,5509232,25506.669,20760.637,0,376.320,0,40.034,6262,8791,2.570,1.310,0.700,3,0,120.102,0,0,11,34,1,50,0
11-06 03:40:10,71.016,10.002,18.504,0,0,1774008,458188,175672,5509440,32751.605,28352.584,0,120.028,0,9.002,5715,10611,2.570,1.310,0.700,3,0,49.011,0,0,11,34,1,52,0
11-06 03:40:11,73.731,12.997,12.747,0,0,1627032,605104,175672,5509500,20996.636,16838.699,0,0,0,0,6207,8018,2.680,1.360,0.720,4,0,99.974,0,0,11,32,1,53,0
11-06 03:40:12,73.505,13.251,12.501,0,0,1614216,617892,175672,5509524,17097.264,13559.002,0,20.001,0,2.000,5290,4607,2.680,1.360,0.720,4,0,78.006,0,0,11,33,1,53,1
11-06 03:40:13,72.195,11.491,16.737,0,0,1653364,578572,175672,5509696,20445.427,16590.363,0,0,0,0,6337,6160,2.680,1.360,0.720,4,0,67.948,0,0,11,34,1,55,0
11-06 03:40:14,68.492,11.249,19.498,0,0,1595300,636436,175684,5509880,20845.424,16828.920,0,407.950,0,40.995,6369,7345,2.680,1.360,0.720,3,0,76.990,0,0,11,33,1,57,0
11-06 03:40:15,50.159,13.226,35.686,0,0,1572836,658872,175696,5509896,13297.979,9421.980,0,383.308,0,31.942,5026,4483,2.680,1.360,0.720,3,0,120.782,0,0,11,32,1,56,0
11-06 03:40:16,53.400,9.527,36.352,0,0,1614988,616708,175696,5509908,14896.790,11779.044,0,152.428,0,11.031,3942,2917,2.710,1.380,0.730,4,0,60.169,0,0,11,34,1,56,0
11-06 03:40:17,52.751,10.500,36.251,0.500,0,1628140,603448,175712,5509996,22417.540,18026.434,0,2160.052,0,145.003,5274,8212,2.710,1.380,0.730,3,0,97.002,0,0,11,33,1,58,0
11-06 03:40:18,56.341,12.465,30.414,0,0,1570448,660980,175712,5510152,11166.567,8249.778,0,0,0,0,4923,4315,2.710,1.380,0.730,2,0,85.759,0,0,11,33,1,59,0
11-06 03:40:19,53.251,5.750,39.751,0,0,1599336,631880,175712,5510356,19306.379,16069.315,0,736.014,0,7.000,5269,5499,2.710,1.380,0.730,2,0,0,0,0,11,34,1,55,0
11-06 03:40:20,35.325,8.769,54.616,0,0,1497212,733948,175716,5510400,19994.445,15899.752,0,280.596,0,23.049,6405,7523,2.710,1.380,0.730,1,0,127.270,0,0,11,33,1,56,0
11-06 03:40:21,37.672,12.474,48.649,0.499,0,1551220,679928,175724,5510404,6211.127,2556.701,0,211.562,0,17.963,4006,3007,2.650,1.390,0.740,2,0,93.806,0,0,11,32,1,57,0
11-06 03:40:22,35.479,4.497,58.466,0,0,1568092,663040,175728,5510416,16042.621,13118.331,0,331.806,0,42.975,3701,3408,2.650,1.390,0.740,3,0,0,0,0,11,34,1,57,0
11-06 03:40:23,37.759,8.002,53.263,0,0,1467044,763884,175736,5510612,11307.699,7700.838,0,180.043,0,14.003,4213,4292,2.650,1.390,0.740,2,0,58.014,0,0,11,32,1,58,0
11-06 03:40:24,36.745,9.499,52.493,0.250,0,1568296,662612,175740,5510624,9496.651,6410.089,0,255.964,0,19.997,3513,2705,2.650,1.390,0.740,2,0,79.989,0,0,11,33,1,58,0
11-06 03:40:25,33.565,8.266,57.111,0,0.250,1564564,666316,175744,5510648,14642.533,10796.038,0,196.383,0,21.041,4022,4060,2.650,1.390,0.740,2,0,60.117,0,0,11,33,1,59,0
11-06 03:40:26,38.016,6.753,54.773,0,0,1534516,696348,175744,5510664,9681.129,6701.858,0,244.104,0,22.009,3173,2585,2.600,1.400,0.750,1,0,5.002,0,0,11,33,1,60,0
11-06 03:40:27,35.961,4.745,57.937,0,0,1533084,697744,175752,5510692,16786.771,12770.133,0,199.783,0,8.990,4006,4617,2.600,1.400,0.750,3,0,0.999,0,0,11,34,1,59,0
11-06 03:40:28,39.197,6.991,53.428,0.250,0,1519324,711476,175752,5510720,14670.222,10667.618,0,275.628,0,24.966,4960,5137,2.600,1.400,0.750,2,0,42.942,0,0,11,32,1,61,0
11-06 03:40:29,41.047,8.009,50.558,0,0,1528340,702444,175752,5511964,11218.953,6394.383,0,144.166,0,10.012,3223,4549,2.600,1.400,0.750,5,0,39.045,0,0,11,33,1,61,0
11-06 03:40:30,36.556,5.508,56.587,0,0,1529356,701260,175756,5510896,20029.775,15165.301,0,244.375,0,21.032,5989,14001,2.600,1.400,0.750,3,0,2.003,0,0,11,33,1,63,0
11-06 03:40:31,25.662,16.195,56.806,0.249,0,1370036,860560,175764,5510908,8896.609,5337.766,0,275.060,0,20.929,5624,5316,2.470,1.400,0.750,2,0,281.040,0,0,11,32,1,56,0
11-06 03:40:32,21.309,3.008,74.958,0,0,1430404,800124,175768,5510968,6077.851,3541.820,0,148.411,0,8.022,1785,1223,2.470,1.400,0.750,1,0,0,0,0,11,33,1,56,0
11-06 03:40:33,16.488,1.999,80.441,0.250,0,1427696,802800,175780,5510988,12870.609,9289.222,0,527.615,0,36.973,3111,3775,2.470,1.400,0.750,0,0,0,0,0,11,33,1,56,0
11-06 03:40:34,13.262,16.265,69.563,0,0,1395472,835004,175784,5511000,6791.160,2635.390,0,3895.533,0,184.167,4659,3572,2.470,1.400,0.750,1,0,222.202,0,0,11,32,1,57,0
11-06 03:40:35,20.184,6.977,71.266,0,0,1443276,787184,175784,5511004,5188.968,1560.877,0,299.019,0,1.993,2483,1699,2.470,1.400,0.750,1,0,67.778,0,0,11,32,1,57,0
11-06 03:40:36,17.519,2.252,79.585,0.250,0,1467104,763348,175784,5511012,11192.960,7180.673,0,220.235,0,8.009,1847,1639,2.350,1.390,0.750,1,0,0,0,0,11,33,1,56,0
11-06 03:40:37,18.050,6.017,74.958,0,0,1376700,853732,175784,5511032,10746.848,6904.175,0,4.011,0,1.003,3677,3770,2.350,1.390,0.750,1,0,47.131,0,0,11,32,1,57,0
11-06 03:40:38,22.445,3.491,72.822,0,0,1446232,784180,175796,5511040,4760.366,1508.314,0,231.434,0,22.944,1921,1635,2.350,1.390,0.750,3,0,0,0,0,11,32,1,57,0
11-06 03:40:39,15.746,2.249,79.980,0.250,0,1442900,787364,175800,5511184,14295.447,10999.267,0,471.883,0,30.992,3172,3739,2.350,1.390,0.750,1,0,0,0,0,11,33,1,57,0
11-06 03:40:40,17.022,8.511,73.343,0,0,1398616,831552,175800,5511276,9321.874,6059.719,0,104.133,0,14.018,4671,4800,2.350,1.390,0.750,1,0,120.153,0,0,11,32,1,52,0
11-06 03:40:41,7.240,22.969,67.909,0,0,1400412,829676,175800,5511356,4990.290,1659.768,0,63.914,0,0.999,5304,3365,2.160,1.370,0.740,2,0,317.573,0,0,11,32,1,52,0
11-06 03:40:42,35.006,15.003,48.758,0.250,0,1437196,792852,175848,5511344,4740.807,1694.288,0,656.112,0,35.006,4102,3016,2.160,1.370,0.740,2,0,188.032,0,0,11,32,1,55,0
11-06 03:40:43,41.352,7.268,48.119,2.757,0,1533536,693564,176012,5513944,5172.802,1698.203,0,5698.102,0,428.059,4933,5789,2.160,1.370,0.740,3,0,26.065,0,0,11,36,1,55,0
11-06 03:40:44,35.403,6.981,42.384,12.217,0,1492392,728872,176808,5518572,4966.438,1689.387,0,46680.525,0,3637.068,15753,28823,2.160,1.370,0.740,2,0,105.711,0,0,11,36,1,50,0
11-06 03:40:45,36.259,8.752,42.760,10.753,0,1548080,671412,177516,5519568,4773.137,1586.378,0,32707.792,0,3137.747,14602,27158,2.160,1.370,0.740,2,0,39.009,0,0,11,36,1,50,0
11-06 03:40:46,42.617,8.774,46.127,1.253,0,1526836,692580,177588,5519568,5357.754,1644.529,0,13252.495,0,699.927,3832,4443,2.150,1.380,0.750,3,0,7.019,0,0,11,32,1,50,0
11-06 03:40:47,40.992,6.749,45.491,4.999,0,1553852,665080,177852,5519788,5310.941,1585.684,0,7130.578,0,1148.771,9280,13544,2.150,1.380,0.750,5,0,2.999,0,0,11,34,1,50,0
11-06 03:40:48,38.655,8.230,44.142,6.733,0,1534256,684112,178104,5520092,5492.522,1562.167,0,16164.335,0,1869.413,11893,18854,2.150,1.380,0.750,2,0,10.973,0,0,11,32,1,48,0
11-06 03:40:49,24.454,7.236,67.124,0.499,0,1480484,737856,178120,5520104,5809.074,1690.820,0,1221.702,0,72.863,2972,2298,2.150,1.380,0.750,1,0,89.831,0,0,11,32,1,48,0
11-06 03:40:50,23.421,3.987,72.006,0.249,0,1511252,707080,178124,5520104,3268.940,1076.358,0,916.898,0,50.828,2008,1519,2.150,1.380,0.750,1,0,1.993,0,0,11,32,1,48,0
11-06 03:40:51,23.048,3.257,71.397,1.253,0,1492016,726252,178164,5520128,4364.011,1461.017,0,7431.344,0,390.807,2599,2921,2.060,1.370,0.750,1,0,1.002,0,0,11,32,1,48,0
11-06 03:40:52,22.035,3.756,72.865,0,0,1484664,733604,178164,5520128,4719.423,1514.382,0,180.284,0,15.024,1837,1346,2.060,1.370,0.750,2,0,2.003,0,0,11,32,1,47,0
11-06 03:40:53,23.002,3.250,73.007,0,0,1446928,771340,178164,5520128,4966.446,1640.147,0,1808.163,0,203.018,1853,1058,2.060,1.370,0.750,1,0,1.000,0,0,11,32,1,47,0
11-06 03:40:54,22.977,2.997,73.177,0,0,1452572,765684,178164,5520140,4627.390,1510.495,0,0,0,0,1815,1247,2.060,1.370,0.750,1,0,0,0,0,11,32,1,47,0
11-06 03:40:55,22.549,3.508,72.907,0,0,1475672,742584,178164,5520140,4948.675,1461.152,0,0,0,0,1791,1065,2.060,1.370,0.750,1,0,2.004,0,0,11,32,1,47,0
11-06 03:40:56,21.503,4.251,73.512,0,0,1476988,741192,178164,5520216,5237.845,1620.261,0,0,0,0,1830,1180,1.970,1.360,0.750,1,0,3.000,0,0,11,32,1,42,0
11-06 03:40:57,23.004,3.251,73.261,0,0,1519616,698576,178164,5520216,4906.764,1608.250,0,256.040,0,13.002,2056,1605,1.970,1.360,0.750,1,0,0,0,0,11,32,1,42,0
11-06 03:40:58,23.999,3.000,72.496,0,0,1410112,807988,178168,5520308,4661.711,1511.906,0,439.973,0,29.998,2025,1444,1.970,1.360,0.750,1,0,3.000,0,0,11,32,1,42,0
11-06 03:40:59,22.753,4.001,72.510,0.250,0,1456708,761336,178168,5520364,4440.597,1620.218,0,1068.144,0,152.020,1973,1342,1.970,1.360,0.750,1,0,1.000,0,0,11,32,1,42,0
11-06 03:41:00,21.505,3.751,73.266,0,0,1485172,732860,178168,5520376,4620.982,1620.344,0,0,0,0,1821,1191,1.970,1.360,0.750,1,0,2.000,0,0,11,32,1,38,0
11-06 03:41:01,23.489,2.499,73.714,0,0,1468140,749868,178168,5520400,5124.504,1693.175,0,43.979,0,1.999,1723,1043,1.900,1.360,0.760,1,0,1.000,0,0,11,32,1,38,0
11-06 03:41:02,22.504,4.001,73.763,0,0.500,1455232,762764,178168,5520408,5370.974,1620.294,0,0,0,0,1828,1358,1.900,1.360,0.760,1,0,0,0,0,11,32,1,38,0
11-06 03:41:03,21.997,3.500,72.991,0.250,0,1447428,770532,178168,5520440,5279.343,1619.798,0,203.975,0,36.995,1769,1263,1.900,1.360,0.760,1,0,1.000,0,0,11,32,1,38,0
11-06 03:41:04,22.252,3.500,73.756,0,0,1491380,726580,178168,5520440,5400.461,1620.138,0,4.000,0,1.000,1804,1244,1.900,1.360,0.760,1,0,2.000,0,0,11,32,1,34,0
11-06 03:41:05,15.767,11.763,72.078,0,0,1439404,778392,178168,5520588,5483.925,1459.577,0,140.151,0,3.003,3425,2214,1.900,1.360,0.760,1,0,146.158,0,0,11,32,1,34,0
11-06 03:41:06,8.512,21.030,67.847,0,0,1438856,778916,178168,5520608,5454.804,1622.321,0,705.009,0,8.011,5472,3824,1.740,1.330,0.750,1,0,357.511,0,0,11,32,1,34,0
11-06 03:41:07,8.207,20.642,69.138,0,0,1405824,811772,178172,5520772,4613.823,1450.400,0,668.497,0,18.901,5438,4044,1.740,1.330,0.750,1,0,302.415,0,0,11,32,1,34,0
11-06 03:41:08,8.517,21.794,67.637,0,0,1404252,813320,178172,5520796,4940.017,1623.292,0,513.040,0,26.053,5395,3830,1.740,1.330,0.750,1,0,323.656,0,0,11,32,1,32,0
11-06 03:41:09,10.760,16.765,70.813,0,0,1395268,822276,178172,5520816,3981.527,1459.293,0,0,0,0,4480,3128,1.740,1.330,0.750,1,0,240.213,0,0,11,32,1,32,0
11-06 03:41:10,21.501,4.500,73.503,0,0,1448176,769384,178172,5520800,4380.155,1620.057,0,488.017,0,90.003,1920,1324,1.740,1.330,0.750,1,0,2.000,0,0,11,32,1,32,0
11-06 03:41:11,22.804,2.756,73.673,0,0,1446100,771444,178172,5520816,4665.983,1503.539,0,28.066,0,3.007,1773,1116,1.680,1.330,0.750,1,0,1.002,0,0,11,32,1,32,0
11-06 03:41:12,21.945,4.239,72.816,0,0,1445740,771824,178172,5520796,4227.334,1454.330,0,0,0,0,1904,1370,1.680,1.330,0.750,2,0,0,0,0,11,32,1,26,0
11-06 03:41:13,22.236,3.248,73.205,0.250,0,1469380,748180,178172,5520796,2500.477,161.901,0,1623.012,0,17.989,1750,1158,1.680,1.330,0.750,1,0,1.999,0,0,11,32,1,26,0
11-06 03:41:14,22.515,3.502,73.300,0,0,1432392,785148,178172,5520816,3650.512,648.446,0,0,0,0,1832,1326,1.680,1.330,0.750,1,0,1.001,0,0,11,32,1,26,0
11-06 03:41:15,22.219,3.994,73.399,0,0,1453604,763948,178172,5520804,3918.597,323.554,0,11.983,0,0.999,1786,1196,1.680,1.330,0.750,1,0,1.997,0,0,11,32,1,26,0
11-06 03:41:16,21.535,3.756,73.619,0,0,1446484,771080,178172,5520792,3809.158,486.787,0,4.006,0,1.002,1858,1260,1.630,1.320,0.750,1,0,3.005,0,0,11,32,1,26,0
11-06 03:41:17,22.940,3.740,73.059,0,0,1457556,759992,178176,5520804,5445.750,1657.662,0,215.436,0,10.971,1936,1463,1.630,1.320,0.750,1,0,0,0,0,11,32,1,20,0
11-06 03:41:18,22.865,3.015,73.368,0,0,1445688,771836,178176,5520828,4824.191,1702.537,0,321.613,0,22.111,1861,1303,1.630,1.320,0.750,1,0,2.010,0,0,11,32,1,20,0
11-06 03:41:19,22.186,3.739,73.039,0,0,1454016,763520,178176,5520816,4666.505,1615.329,0,542.431,0,1.994,1772,1140,1.630,1.320,0.750,1,0,1.994,0,0,11,32,1,20,0
11-06 03:41:20,22.761,3.001,73.535,0,0,1411892,805632,178176,5520828,4622.183,1620.765,0,156.074,0,32.015,1878,1199,1.630,1.320,0.750,1,0,1.000,0,0,11,32,1,20,0
11-06 03:41:21,21.995,3.749,73.982,0,0,1437624,779928,178176,5520800,4755.839,1619.605,0,0,0,0,1781,1195,1.580,1.320,0.760,1,0,2.000,0,0,11,32,1,15,0
11-06 03:41:22,23.002,2.750,73.255,0,0,1426256,791268,178176,5520828,4578.340,1458.108,0,32.002,0,2.000,1759,1145,1.580,1.320,0.760,1,0,1.000,0,0,11,32,1,15,0
11-06 03:41:23,21.192,4.488,73.797,0,0,1479448,738164,178176,5520740,4607.351,1657.450,0,3.989,0,0.997,1733,1097,1.580,1.320,0.760,1,0,1.995,0,0,11,32,1,15,0
11-06 03:41:24,24.010,2.501,73.030,0,0,1505052,712560,178176,5520740,4699.951,1458.606,0,280.116,0,5.002,1685,961,1.580,1.320,0.760,1,0,0,0,0,11,32,1,15,0
11-06 03:41:25,21.797,4.510,73.409,0,0,1469640,747884,178176,5520828,4509.766,1623.516,0,0,0,0,1788,1269,1.580,1.320,0.760,1,0,1.002,0,0,11,32,1,12,0
11-06 03:41:26,21.697,4.988,72.573,0,0,1462692,754832,178176,5520828,4763.369,1454.449,0,227.445,0,30.924,1877,1338,1.530,1.310,0.760,1,0,0.998,0,0,11,32,1,12,0
11-06 03:41:27,23.563,3.008,71.692,0.752,0,1500964,716580,178188,5520796,4993.399,1624.359,0,3701.934,0,174.468,2257,2094,1.530,1.310,0.760,1,0,2.005,0,0,11,32,1,12,0
11-06 03:41:28,22.558,3.760,73.188,0.251,0,1486560,730944,178188,5520836,6336.302,1461.761,0,405.042,0,26.067,1857,1357,1.530,1.310,0.760,1,0,2.005,0,0,11,32,1,12,0
11-06 03:41:29,22.994,2.999,73.981,0,0,1526396,691132,178188,5520812,4724.773,1565.593,0,579.849,0,78.979,1749,1186,1.530,1.310,0.760,3,0,0,0,0,11,32,1,8,0
11-06 03:41:30,27.183,5.736,65.589,0,0,1447492,770016,178188,5520836,4814.212,1023.494,0,0,0,0,3109,13804,1.530,1.310,0.760,2,0,36.910,0,0,11,32,1,9,0
11-06 03:41:31,22.751,3.250,73.754,0,0,1487572,729948,178188,5520824,4383.262,1566.094,0,136.008,0,28.002,1764,1098,1.490,1.310,0.760,1,0,2.000,0,0,11,32,1,9,0
11-06 03:41:32,12.031,18.798,68.676,0,0,1443848,773576,178188,5520884,4710.058,1461.742,0,252.647,0,12.031,5511,4318,1.490,1.310,0.760,1,0,442.132,0,0,11,32,1,9,0
11-06 03:41:33,20.450,4.738,73.571,0,0,1490084,727332,178188,5520892,4580.827,1508.321,0,0,0,0,1945,1405,1.490,1.310,0.760,1,0,18.954,0,0,11,32,1,6,0
11-06 03:41:34,24.252,1.500,73.505,0,0,1513576,703644,178188,5521088,5240.336,1620.104,0,24.002,0,3.000,1718,976,1.490,1.310,0.760,1,0,0,0,0,11,32,1,6,0
11-06 03:41:35,21.249,6.000,72.246,0,0.250,1489428,727660,178188,5521152,5039.696,1619.902,0,159.990,0,3.000,2049,1409,1.490,1.310,0.760,1,0,14.999,0,0,11,32,1,6,0
11-06 03:41:36,21.566,6.520,70.966,0.251,0,1467640,749420,178188,5521180,5493.700,1624.940,40.122,0,2.006,0,2481,1677,1.450,1.300,0.760,1,0,121.369,0,0,11,32,1,6,0
11-06 03:41:37,8.500,21.749,68.748,0,0,1460500,756420,178188,5521320,5681.830,1659.950,0,519.984,0,46.999,6395,5178,1.450,1.300,0.760,2,0,491.985,0,0,11,32,1,5,0
11-06 03:41:38,7.742,22.228,68.182,0.250,0,1445756,771132,178188,5521344,4881.099,1618.375,0,679.318,0,27.972,5909,4534,1.450,1.300,0.760,1,0,412.586,0,0,11,32,1,5,0
11-06 03:41:39,8.485,22.461,67.883,0,0,1435420,781440,178188,5521368,4757.810,1617.216,0,191.670,0,4.991,5590,3915,1.450,1.300,0.760,3,0,363.374,0,0,11,32,1,5,0
11-06 03:41:40,8.249,22.246,67.739,0,0,1431976,784864,178188,5521384,4651.213,1511.744,0,707.880,0,8.998,5404,3684,1.450,1.300,0.760,1,0,342.942,0,0,11,32,1,5,0
11-06 03:41:41,8.953,21.637,68.145,0,0,1415512,801308,178188,5521400,3958.374,698.361,0,791.874,0,9.948,5266,3546,1.410,1.300,0.760,2,0,322.321,0,0,11,32,1,4,0
11-06 03:41:42,7.539,22.115,67.601,0,0,1408152,808652,178188,5521416,4587.837,1485.719,0,707.677,0,8.042,5138,3488,1.410,1.300,0.760,1,0,309.609,0,0,11,32,1,4,0
11-06 03:41:43,8.504,21.509,68.779,0,0,1380308,836476,178188,5521436,5074.103,1586.657,0,620.257,0,8.003,5251,3554,1.410,1.300,0.760,2,0,317.131,0,0,11,32,1,4,0
11-06 03:41:44,8.007,20.768,68.808,0,0,1368788,847980,178188,5521452,5210.403,1641.387,0,112.095,0,4.003,4947,3241,1.410,1.300,0.760,1,0,252.213,0,0,11,32,1,4,0
11-06 03:41:45,8.477,20.944,69.315,0,0,1375068,841676,178188,5521476,4878.977,1581.778,0,167.553,0,5.984,5216,3670,1.410,1.300,0.760,1,0,324.135,0,0,11,32,1,1,0
11-06 03:41:46,7.524,21.317,68.464,0,0,1369928,846784,178188,5521500,5179.192,1645.143,0,220.690,0,7.022,5090,3456,1.380,1.290,0.760,1,0,296.928,0,0,11,32,1,1,0
11-06 03:41:47,8.244,22.733,67.201,0,0,1365764,850936,178188,5521512,6807.005,1584.837,0,51.962,0,12.990,5290,3578,1.380,1.290,0.760,1,0,330.757,0,0,11,32,1,1,0
11-06 03:41:48,8.479,20.699,68.829,0,0,1341348,875328,178188,5521536,5851.449,1562.115,0,111.722,0,5.985,4957,3309,1.380,1.290,0.760,1,0,269.330,0,0,11,32,1,1,0
11-06 03:41:49,16.021,26.033,55.822,0.250,0,1328436,888196,178196,5521568,5979.671,1588.037,0,392.503,0,21.027,5995,4699,1.380,1.290,0.760,3,0,452.581,0,0,11,32,1,3,0
11-06 03:41:50,44.847,27.560,27.059,0.251,0,1455672,760916,178208,5521600,4495.735,1569.398,0,777.684,0,50.109,5715,4783,1.380,1.290,0.760,3,0,458.994,0,0,11,32,1,7,0
11-06 03:41:51,61.807,13.262,24.022,0,0.250,1632684,581492,178220,5523764,4493.163,1513.402,372.345,1349.250,3.003,32.030,3763,1837,1.510,1.320,0.780,3,0,4.004,0,0,11,34,1,7,0
11-06 03:41:52,40.622,8.972,33.893,13.707,0,1645508,556652,179060,5533888,4665.297,1614.910,3.987,56485.975,0.997,4044.254,17318,33186,1.510,1.320,0.780,2,1,111.648,0,0,11,38,1,8,0
11-06 03:41:53,36.519,12.256,35.018,14.257,0,1650384,542824,179504,5542068,4442.286,1694.872,0,72261.180,0,4966.555,19029,36666,1.510,1.320,0.780,2,1,126.065,0,0,11,36,1,8,0
11-06 03:41:54,36.810,10.768,33.805,15.025,0,1648828,534072,179812,5551716,9947.274,7172.735,0,84474.203,0,6286.285,20914,42441,1.510,1.320,0.780,3,0,54.088,0,0,11,37,1,8,0
11-06 03:41:55,40.287,13.512,32.029,12.762,0,1578044,598260,180260,5557636,10185.241,5361.865,0,61748.026,0,4464.050,17434,33128,1.510,1.320,0.780,3,1,174.158,0,0,11,34,1,9,0
11-06 03:41:56,42.252,23.001,24.501,9.501,0,1601344,569008,180648,5563252,5709.315,1620.089,296.016,42030.318,4.000,3041.168,15538,29479,1.950,1.410,0.810,3,1,309.017,0,0,11,34,1,9,0
11-06 03:41:57,35.684,18.965,31.442,10.730,0,1634312,531020,180860,5567472,14751.568,11082.391,1597.030,51469.286,26.950,3663.188,17431,33350,1.950,1.410,0.810,2,1,219.592,0,0,11,35,1,9,0
11-06 03:41:58,29.052,6.762,48.087,13.023,0,1629896,530544,181012,5572084,16224.249,11536.799,0,46235.353,0,3754.769,17476,32141,1.950,1.410,0.810,2,1,50.090,0,0,11,34,1,9,0
11-06 03:41:59,33.423,10.975,40.905,12.721,0,1634572,524472,181160,5573260,4437.711,1269.058,0,49177.974,0,3866.036,15459,28878,1.950,1.410,0.810,4,0,65.847,0,0,11,34,1,9,0
11-06 03:42:00,33.079,7.267,44.356,12.780,0,1649680,508668,181404,5573700,9489.644,6397.265,0,43323.376,0,3624.649,13996,26647,1.950,1.410,0.810,2,0,30.072,0,0,11,35,1,9,0
11-06 03:42:01,28.692,6.487,47.654,12.475,0,1636896,520612,181624,5574292,16961.913,12719.438,0,44654.261,0,3773.417,18298,34880,1.950,1.420,0.820,4,0,29.940,0,0,11,35,1,9,0
11-06 03:42:02,36.321,9.268,40.830,11.022,0,1571572,584048,181728,5576024,9198.023,5617.006,0,46459.035,0,3597.048,16223,30258,1.950,1.420,0.820,6,0,107.210,0,0,11,36,1,10,0
11-06 03:42:03,39.954,6.992,40.953,9.489,0,1596264,557616,181764,5577688,4646.629,1510.254,0,34424.206,0,2994.538,12945,23731,1.950,1.420,0.820,2,0,41.952,0,0,11,36,1,10,0
11-06 03:42:04,27.959,7.489,47.930,12.232,0,1604384,546700,181844,5580336,13474.407,9864.656,0,41950.998,0,3463.963,15770,28783,1.950,1.420,0.820,3,1,41.939,0,0,11,37,1,10,0
11-06 03:42:05,27.317,7.519,49.121,12.531,0,1598340,549516,181996,5583320,16008.448,12265.224,0,51755.538,0,4213.383,18882,36244,1.950,1.420,0.820,1,0,51.126,0,0,11,37,1,10,0
11-06 03:42:06,33.722,9.742,40.217,12.739,0.250,1564756,579636,182092,5586584,6930.249,2227.152,0,45222.474,0,4004.677,16752,32366,2.120,1.470,0.830,1,1,128.893,0,0,11,36,1,10,0
11-06 03:42:07,30.256,8.752,44.259,13.753,0,1594296,547892,182128,5588692,9925.073,6545.367,0,50054.455,0,4271.892,16449,32017,2.120,1.470,0.830,3,0,42.009,0,0,11,37,1,10,0
11-06 03:42:08,30.965,7.991,45.198,12.486,0,1593804,552412,182164,5584616,13731.309,10063.500,0,51732.884,0,4219.179,18588,35572,2.120,1.470,0.830,5,0,12.985,0,0,11,37,1,10,0
11-06 03:42:09,31.293,10.014,44.562,11.766,0,1550424,594824,182180,5585564,11511.919,8269.435,0,45959.552,0,3647.043,16852,31053,2.120,1.470,0.830,2,0,79.109,0,0,11,36,1,11,0
11-06 03:42:10,39.979,8.995,44.976,4.997,0,1451408,693788,182200,5585596,3989.911,1511.209,0,12345.536,0,1154.396,7547,10568,2.120,1.470,0.830,2,1,78.959,0,0,11,32,1,12,0
11-06 03:42:11,19.417,10.206,67.709,0.747,0,1453408,691492,182204,5585888,13535.830,10395.326,0,8475.576,0,475.955,5393,6433,2.030,1.460,0.830,1,0,150.354,0,0,11,32,1,13,0
11-06 03:42:12,20.038,5.761,72.637,0,0,1409016,735808,182204,5585964,4694.832,1689.178,0,677.274,0,39.074,2353,1658,2.030,1.460,0.830,1,0,34.064,0,0,11,32,1,13,0
11-06 03:42:13,18.706,3.242,77.568,0.249,0,1440232,704588,182204,5585968,9748.089,6636.402,0,562.678,0,35.916,2080,1854,2.030,1.460,0.830,1,0,0,0,0,11,33,1,13,0
11-06 03:42:14,16.991,6.247,75.211,0.500,0.250,1420976,723832,182204,5585980,6696.492,3296.273,0,571.700,0,40.979,2982,2700,2.030,1.460,0.830,1,0,59.969,0,0,11,32,1,14,0
11-06 03:42:15,22.036,4.007,73.620,0,0,1427284,717524,182204,5585980,5168.401,1622.638,0,152.247,0,13.021,1790,1166,2.030,1.460,0.830,1,0,0,0,0,11,32,1,14,0
11-06 03:42:16,17.529,2.755,78.129,0.501,0,1434236,710464,182204,5586088,15086.840,11352.692,0,3409.614,0,204.336,4019,5309,1.950,1.450,0.840,1,0,0,0,0,11,33,1,14,0
11-06 03:42:17,20.697,5.735,72.814,0,0,1444040,700652,182204,5586096,6065.542,2500.627,0,0,0,0,2289,1519,1.950,1.450,0.840,1,0,42.891,0,0,11,32,1,15,0
11-06 03:42:18,19.514,2.502,76.807,0,0,1478296,666260,182204,5586228,10159.494,6651.906,0,192.142,0,18.013,2212,2064,1.950,1.450,0.840,1,0,1.001,0,0,11,33,1,15,0
11-06 03:42:19,17.305,3.010,78.749,0.251,0,1445676,698864,182204,5586244,10544.360,7265.988,0,196.622,0,20.063,3407,4001,1.950,1.450,0.840,1,0,14.044,0,0,11,32,1,16,0
11-06 03:42:20,7.983,22.701,67.355,0.249,0,1430856,713524,182204,5586404,4107.185,1293.224,0,251.460,0,17.961,5353,3534,1.950,1.450,0.840,1,0,354.240,0,0,11,32,1,16,0
11-06 03:42:21,23.525,24.777,50.554,0,0,1437124,707040,182220,5586604,4197.495,1297.389,0,1033.106,0,77.083,6142,5046,2.030,1.480,0.850,4,0,428.459,0,0,11,32,1,22,0
11-06 03:42:22,64.437,12.035,23.568,0,0,1577808,565468,182232,5587468,4170.079,1462.236,0,473.371,0,15.044,3757,1699,2.030,1.480,0.850,3,0,3.009,0,0,11,32,1,22,0
11-06 03:42:23,66.354,8.980,24.197,0.499,0,1701628,438964,182320,5589956,4849.320,1658.348,0,3887.438,0,114.747,3893,1855,2.030,1.480,0.850,3,0,0,0,0,11,32,1,22,0
11-06 03:42:24,53.605,8.517,30.059,5.761,0,1809152,322372,182456,5598100,4827.457,1460.862,0,27858.576,0,1926.775,10837,16913,2.030,1.480,0.850,5,0,96.188,0,0,11,38,1,22,0
11-06 03:42:25,25.225,8.991,47.703,14.985,0,1808952,310808,182564,5609356,4795.306,1618.416,0,90942.987,0,6424.712,24456,47355,2.030,1.480,0.850,2,0,227.777,0,0,11,38,1,22,0
11-06 03:42:26,23.727,8.742,48.203,15.235,0,1810368,300504,182616,5617844,4650.509,1456.593,0,92914.271,0,7039.202,24776,48093,1.950,1.470,0.850,3,0,178.827,0,0,11,38,1,22,0
11-06 03:42:27,37.701,11.984,33.207,13.482,0,1718164,384168,182728,5626004,4554.061,1617.890,0,77514.905,0,5694.573,21417,41162,1.950,1.470,0.850,2,1,245.680,0,0,11,36,1,22,0
11-06 03:42:28,41.990,11.497,31.742,12.997,0,1735360,357204,182764,5635368,5236.699,1457.638,0,77468.755,0,5349.671,18599,37557,1.950,1.470,0.850,4,0,79.980,0,0,11,36,1,22,0
11-06 03:42:29,39.351,11.780,33.586,14.036,0,1789684,289668,182812,5648036,5052.954,1624.164,0,94093.222,0,6340.254,20862,43140,1.950,1.470,0.850,2,0,21.054,0,0,11,36,1,22,0
11-06 03:42:30,44.273,13.257,29.266,11.006,0,1775988,300644,182840,5650620,5703.025,1620.860,0,83308.195,0,6005.186,21402,49956,1.950,1.470,0.850,3,1,157.083,0,0,11,36,1,22,0
11-06 03:42:31,39.271,6.003,48.776,4.502,0,1501384,573660,182856,5652148,4399.374,1620.875,0,24921.446,0,2063.113,9542,15981,1.950,1.480,0.850,3,0,116.063,0,0,11,32,1,22,0
11-06 03:42:32,16.911,12.435,67.395,1.492,0,1493240,581772,182856,5652180,4476.435,1611.516,0,11487.526,0,671.465,4728,5826,1.950,1.480,0.850,2,0,211.885,0,0,11,32,1,22,0
11-06 03:42:33,21.997,4.000,72.992,0.500,0,1553100,521912,182856,5652180,4499.484,1619.814,0,1359.844,0,86.990,1972,1512,1.950,1.480,0.850,1,0,0,0,0,11,32,1,22,0
11-06 03:42:34,23.773,2.502,72.070,0.751,0,1572468,502536,182856,5652188,4984.826,1621.570,0,4996.838,0,300.291,2751,2987,1.950,1.480,0.850,1,0,2.002,0,0,11,38,1,22,0
11-06 03:42:35,23.537,5.008,71.611,0.250,0,1504692,570284,182856,5652188,4645.211,1460.267,0,68.106,0,6.009,2345,1511,1.950,1.480,0.850,3,0,33.051,0,0,11,32,1,22,0
11-06 03:42:36,21.973,4.245,73.160,0,0,1548856,525988,182856,5652320,5290.523,1618.019,0,39.951,0,3.995,1877,1346,1.880,1.470,0.860,2,0,0.999,0,0,11,32,1,22,0
11-06 03:42:37,22.770,3.253,72.814,0,0,1581684,493140,182856,5652336,5126.516,1553.368,0,152.134,0,19.017,2053,1742,1.880,1.470,0.860,2,0,2.002,0,0,11,34,1,22,0
11-06 03:42:38,17.051,20.310,61.934,0.251,0,1440352,634456,182860,5652348,4513.424,1624.833,0,497.480,0,35.104,4652,3727,1.880,1.470,0.860,4,0,412.226,0,0,11,32,1,22,0
11-06 03:42:39,11.972,36.415,50.132,0,0,1440368,634372,182860,5652416,4517.402,1454.588,0,566.671,0,91.785,7229,6408,1.880,1.470,0.860,1,0,890.910,0,0,11,32,1,22,0
11-06 03:42:40,8.015,21.289,67.875,0,0,1435732,638996,182860,5652424,4229.799,1244.294,0,236.436,0,21.039,4981,3219,1.880,1.470,0.860,3,0,300.554,0,0,11,32,1,22,0
11-06 03:42:41,7.000,23.000,68.751,0,0,1436696,637964,182860,5652492,4507.076,1350.023,0,8.000,0,2.000,5220,3540,1.810,1.460,0.860,1,0,321.005,0,0,11,32,1,22,0
11-06 03:42:42,9.253,19.756,68.770,0,0,1400376,674268,182860,5652524,4127.208,1640.480,0,20.006,0,5.001,5227,3630,1.810,1.460,0.860,3,0,298.087,0,0,11,32,1,22,0
11-06 03:42:43,8.728,21.197,67.831,0,0,1399872,674752,182860,5652544,4221.510,1582.069,0,27.931,0,6.983,5205,3430,1.810,1.460,0.860,1,0,269.331,0,0,11,32,1,22,0
11-06 03:42:44,26.818,17.294,54.389,0,0,1414592,659976,182864,5652904,4677.919,1644.189,0,1347.433,0,193.493,6426,7811,1.810,1.460,0.860,3,0,238.608,0,0,11,32,1,22,0
11-06 03:42:45,43.378,7.978,48.364,0,0,1523804,550648,182868,5653124,4758.599,1581.546,0,51.854,0,1.994,2779,1401,1.810,1.460,0.860,2,0,7.978,0,0,11,33,1,22,0
11-06 03:42:46,49.749,4.750,44.499,0,0,1609672,464744,182876,5653148,5536.873,1693.961,0,959.978,0,28.999,3813,2777,1.820,1.470,0.860,3,0,17.000,0,0,11,49,1,22,0
11-06 03:42:47,45.898,7.273,45.397,0.251,0,1657020,412916,182936,5657180,5774.639,1645.311,0,1440.650,0,134.434,4354,7310,1.820,1.470,0.860,1,0,7.023,0,0,11,48,1,23,0
11-06 03:42:48,8.241,20.228,69.675,0,0,1665996,403884,182940,5657212,6413.128,1618.266,0,235.747,0,13.985,5142,3661,1.820,1.470,0.860,2,0,294.684,0,0,11,48,1,23,0
11-06 03:42:49,17.961,14.718,65.856,0,0,1666820,402972,182940,5657224,5148.715,1690.295,0,227.501,0,13.969,5649,7088,1.820,1.470,0.860,0,0,193.576,0,0,11,48,1,23,0
11-06 03:42:50,1.000,0.750,97.501,0,0,1666820,402972,182940,5657224,4440.066,1620.024,0,0,0,0,741,968,1.820,1.470,0.860,0,0,3.000,0,0,11,48,1,23,0
11-06 03:42:51,0.750,0.250,98.498,0,0,1666816,402972,182940,5657228,4336.924,1619.972,0,799.986,0,4.000,665,938,1.670,1.450,0.860,0,0,1.000,0,0,11,48,1,17,0
11-06 03:42:52,0.500,1.000,98.215,0,0,1666816,402972,182940,5657228,4180.503,1511.459,0,7.997,0,1.999,770,1017,1.670,1.450,0.860,0,0,2.999,0,0,11,48,1,17,0
11-06 03:42:53,0.750,0,98.024,0,0,1666816,402972,182940,5657224,4094.998,1208.294,0,0,0,0,744,975,1.670,1.450,0.860,0,0,1.000,0,0,11,48,1,17,0
11-06 03:42:54,13.039,15.546,69.957,0,0,1658200,411588,182940,5657576,3963.725,1017.008,0,96.285,0,2.006,4522,5738,1.670,1.450,0.860,3,0,215.638,0,0,11,48,1,17,0
11-06 03:42:55,13.692,14.937,69.953,0,0.249,1658628,411096,182940,5657296,4917.102,1451.830,0,3.983,0,0.996,4292,4813,1.670,1.450,0.860,2,0,228.031,0,0,11,48,1,16,0
11-06 03:42:56,22.784,22.533,52.577,0,0,1704084,365408,182940,5657832,5661.343,1860.742,0,2495.678,0,50.074,5949,5463,1.700,1.460,0.860,2,0,313.462,0,0,12,64,1,16,0
11-06 03:42:57,16.755,16.005,65.271,1.250,0,1718400,351080,182940,5657480,5337.739,1608.524,0,7170.336,0,352.115,6121,7908,1.700,1.460,0.860,1,0,198.065,0,0,12,64,1,16,0
11-06 03:42:58,5.762,8.518,83.424,0.501,0,1720324,349156,182940,5657504,4481.357,1515.164,0,4028.412,0,194.406,2937,3271,1.700,1.460,0.860,1,0,160.335,0,0,12,64,1,16,0
11-06 03:42:59,17.951,17.453,62.581,0,0,1720728,348692,182940,5657908,4573.614,1615.625,0,5078.247,0,358.030,5680,7208,1.700,1.460,0.860,1,0,211.427,0,0,14,64,1,15,0
11-06 03:43:00,10.506,17.511,70.042,0,0.500,1708980,360404,182940,5657588,4606.785,1458.882,0,4.002,0,1.001,4660,3481,1.700,1.460,0.860,1,0,237.143,0,0,14,66,1,15,0
11-06 03:43:01,7.760,20.526,69.587,0,0,1702248,366976,182944,5657744,5089.380,1780.232,0,640.803,0,86.108,5026,3351,1.730,1.470,0.870,1,0,259.325,0,0,14,66,1,15,0
11-06 03:43:02,10.711,20.925,66.262,0,0,1679492,389712,182944,5658108,4888.411,1452.773,0,23.914,0,5.978,5431,4031,1.730,1.470,0.870,7,0,256.079,0,0,14,66,1,15,0
11-06 03:43:03,22.610,18.088,57.780,0,0.251,1702152,367008,182944,5657784,5245.429,1627.892,0,144.701,0,7.034,5596,6323,1.730,1.470,0.870,2,0,238.155,0,0,14,66,1,14,0
11-06 03:43:04,28.238,25.989,44.981,0,0,1754892,314084,182952,5657956,5517.684,1619.320,0,387.837,0,8.996,6023,4474,1.730,1.470,0.870,3,0,422.823,0,0,14,66,1,14,0
11-06 03:43:05,28.014,26.263,44.522,0,0,1816860,250736,183020,5659204,5328.646,1566.778,0,656.326,0,7.003,6779,8000,1.730,1.470,0.870,2,0,449.223,0,0,14,66,1,14,0
11-06 03:43:06,29.237,26.489,43.231,0,0,1865040,202276,183032,5659456,5414.650,1709.258,0,31.986,0,7.997,6025,4699,1.750,1.470,0.880,2,0,394.829,0,0,14,70,1,16,0
11-06 03:43:07,39.410,18.590,40.401,0,0,1912192,155084,183032,5659916,5042.491,1552.603,0,15.863,0,3.966,6130,6618,1.750,1.470,0.880,2,0,250.836,0,0,14,70,1,16,0
11-06 03:43:08,49.940,27.997,21.691,0.504,0,2007172,194072,178240,5533812,4586.428,1650.549,64.569,613.407,11.098,8.071,6240,5772,1.750,1.470,0.880,3,0,495.367,0,0,14,70,1,16,0
11-06 03:43:09,60.862,19.456,18.209,0,0,2091984,164072,175608,5482716,4749.232,1616.335,83.810,786.217,2.993,7.982,6070,8122,1.750,1.470,0.880,6,0,247.439,0,0,14,70,1,16,0
11-06 03:43:10,68.457,29.232,1.999,0,0,2221384,144128,174336,5377432,4497.195,1618.990,507.683,7011.627,24.984,536.665,5602,5575,1.750,1.470,0.880,6,0,556.653,0,0,14,70,1,16,0
11-06 03:43:11,76.179,21.050,2.005,1.002,0,2372724,139508,174612,5233656,5131.070,1665.919,713.679,545.283,75.177,20.047,7277,7486,1.930,1.520,0.890,5,0,189.446,0,0,14,74,1,14,0
11-06 03:43:12,65.317,26.027,5.005,2.753,0,2500888,128904,174016,5119136,4402.510,1459.495,560.574,24641.242,14.014,1651.692,11726,20841,1.930,1.520,0.890,7,0,379.389,0,0,14,76,1,14,0
11-06 03:43:13,64.538,23.921,8.970,2.243,0,2574620,122856,174124,5053404,4337.722,1507.039,410.648,19886.541,21.928,1459.197,12630,23649,1.930,1.520,0.890,3,0,305.993,0,0,14,76,1,16,0
11-06 03:43:14,76.542,21.012,2.752,0,0,2667668,176556,174124,4909504,3882.129,1080.593,444.244,876.481,8.004,51.028,8179,11692,1.930,1.520,0.890,6,0,294.161,0,0,14,80,1,20,0
11-06 03:43:15,51.851,27.053,20.039,0,0,2774328,138300,174132,4842436,5576.910,1569.069,16.031,933.827,4.008,61.120,8334,12965,1.930,1.520,0.890,2,0,440.862,0,0,14,91,1,27,0
11-06 03:43:16,32.955,22.469,42.692,0,0,2824064,158796,174132,4774112,5980.840,1509.940,0,711.030,0,40.944,6375,6187,1.930,1.520,0.900,2,0,305.583,0,0,14,93,1,27,0
11-06 03:43:17,55.339,16.777,27.544,0.250,0,2923696,124848,174136,4709832,5334.605,1774.863,3117.028,580.937,34.055,28.045,6532,11155,1.930,1.520,0.900,3,0,204.330,0,0,14,96,1,30,0
11-06 03:43:18,44.858,7.726,46.353,0.498,0,3022164,164216,174164,4575128,4577.495,1507.224,7.975,3002.486,1.994,164.479,3729,3361,1.930,1.520,0.900,2,0,10.965,0,0,14,99,1,31,0
11-06 03:43:19,8.008,19.771,69.573,0,0,3033208,153080,174164,4575220,5271.531,1567.645,0,728.765,0,44.046,5050,3699,1.930,1.520,0.900,1,0,262.275,0,0,14,99,1,29,0
11-06 03:43:20,7.744,19.984,70.194,0,0,3038444,147804,174164,4575244,4648.286,1510.793,0,71.943,0,6.994,4923,3465,1.930,1.520,0.900,1,0,244.804,0,0,14,99,1,29,0
11-06 03:43:21,7.525,19.564,70.731,0,0,3042704,143524,174164,4575264,4587.963,1571.124,0,104.340,0,10.033,4871,3342,1.780,1.500,0.900,1,0,252.825,0,0,14,99,1,29,0
11-06 03:43:22,8.723,18.692,70.031,0,0,3050108,136100,174164,4575284,3277.770,645.984,0,370.843,0,1.994,4512,3037,1.780,1.500,0.900,2,0,221.309,0,0,14,99,1,29,0
11-06 03:43:23,21.493,3.999,73.476,0,0,3120260,133712,174168,4509064,6336.914,2941.032,3.999,55.982,1.000,1.000,1828,1227,1.780,1.500,0.900,1,0,0,0,0,14,100,1,23,0
11-06 03:43:24,20.737,3.248,74.704,0,0,3122732,131268,174168,4509072,9990.830,6399.048,71.956,199.877,5.996,17.989,2699,2678,1.780,1.500,0.900,1,0,0.999,0,0,14,104,1,23,0
11-06 03:43:25,24.764,7.004,67.287,0.500,0,3092504,161484,174168,4509084,22227.339,18523.283,4.002,380.211,1.001,39.022,3033,2351,1.780,1.500,0.900,1,0,67.037,0,0,14,111,1,24,0
11-06 03:43:26,18.698,2.742,77.034,0.249,0,3130256,123696,174168,4509104,10797.758,7317.505,0,119.665,0,11.966,2195,2039,1.720,1.490,0.900,1,0,0,0,0,14,112,1,24,0
11-06 03:43:27,22.632,4.275,71.667,0.754,0,3131684,121944,174180,4509404,5914.454,2546.836,112.656,901.250,7.041,102.598,3311,3942,1.720,1.490,0.900,1,0,1.006,0,0,14,116,1,24,0
11-06 03:43:28,35.184,8.484,53.151,0.998,0,3216888,170004,174180,4379884,5150.375,1658.900,722.649,1441.306,29.944,176.670,5622,7064,1.720,1.490,0.900,4,0,6.987,0,0,14,119,1,24,0
11-06 03:43:29,22.513,10.506,65.538,0,0,3171300,215556,174180,4379920,6228.630,2602.517,0,1196.697,0,114.066,4571,4748,1.720,1.490,0.900,1,0,114.066,0,0,14,124,1,26,0
11-06 03:43:30,25.170,6.729,66.787,0.498,0,3236496,150328,174180,4379952,7303.705,3991.270,23.924,498.410,1.994,32.895,3518,11584,1.720,1.490,0.900,1,0,36.882,0,0,14,125,1,27,0
11-06 03:43:31,18.752,2.750,76.507,0.250,0,3231308,155396,174180,4380072,10806.970,7585.681,64.006,10288.923,4.000,606.054,2810,2720,1.660,1.480,0.900,1,1,0,0,0,14,125,1,27,0
11-06 03:43:32,29.772,7.005,61.046,0.500,0,3266836,131160,174192,4368940,5608.187,2816.103,4.003,1092.816,1.001,120.090,4791,6057,1.660,1.480,0.900,3,0,4.003,0,0,14,124,1,27,0
11-06 03:43:33,38.994,12.748,47.242,0,0,3316728,135240,174192,4316384,4037.330,1457.758,0,583.903,0,34.994,3607,2345,1.660,1.480,0.900,3,0,94.984,0,0,14,124,1,27,0
11-06 03:43:34,34.226,4.747,60.457,0.250,0,3345752,170460,174192,4253680,28090.944,24960.179,0,427.695,0,26.981,2636,1687,1.660,1.480,0.900,1,0,0,0,0,14,125,1,27,0
11-06 03:43:35,21.090,7.532,69.548,0.502,0,3307928,208264,174192,4253700,4878.913,1705.310,8.034,3631.566,2.009,108.465,2847,2294,1.660,1.480,0.900,1,0,61.263,0,0,14,124,1,28,0
11-06 03:43:36,20.141,2.487,76.587,0.249,0.249,3349108,166948,174192,4253836,10544.133,7132.533,0,107.421,0,9.946,1817,1319,1.530,1.460,0.890,1,0,0,0,0,14,125,1,28,0
11-06 03:43:37,19.547,6.766,72.425,0,0,3338284,177728,174192,4253864,23050.679,19153.264,0,64.155,0,3.007,2746,1990,1.530,1.460,0.890,2,0,51.123,0,0,14,124,1,29,0
11-06 03:43:38,31.002,5.750,62.005,0.250,0,3344212,171676,174192,4253988,4218.318,1458.110,36.003,1468.111,3.000,87.007,3785,5144,1.530,1.460,0.890,2,0,9.001,0,0,14,126,1,30,0
11-06 03:43:39,16.803,3.260,77.496,0.752,0,3353552,162152,174192,4254172,10861.518,8129.837,0,918.920,0,102.325,2986,3690,1.530,1.460,0.890,1,0,0,0,0,14,127,1,30,0
11-06 03:43:40,18.688,8.223,72.261,0,0,3309660,206036,174192,4254180,3380.841,1210.006,0,1112.329,0,53.822,2990,2461,1.530,1.460,0.890,2,0,81.730,0,0,14,126,1,31,0
11-06 03:43:41,18.505,2.751,77.272,0.250,0,3361556,154136,174192,4254184,10393.924,7401.082,0,3168.891,0,26.007,1780,1355,1.400,1.430,0.890,2,0,0,0,0,14,127,1,31,0
11-06 03:43:42,18.249,7.250,72.747,0.500,0,3339100,176568,174192,4254204,22162.057,19108.187,15.999,2051.913,1.000,119.995,2794,2326,1.400,1.430,0.890,1,0,56.998,0,0,14,126,0,32,0
11-06 03:43:43,22.486,3.748,73.205,0,0,3356192,159472,174192,4254208,4852.035,2231.636,0,139.915,0,9.994,1804,1300,1.400,1.430,0.890,0,1,0,0,0,14,127,0,32,0
11-06 03:43:44,17.255,3.251,77.272,1.000,0,3360396,155188,174196,4254284,10937.163,7661.215,0,1360.393,0,198.057,4114,5762,1.400,1.430,0.890,2,0,1.000,0,0,14,128,0,32,0
11-06 03:43:45,25.726,4.246,67.436,1.249,0,3333616,181900,174196,4254352,6292.045,2857.296,3.996,1542.540,0.999,194.816,5392,7638,1.400,1.430,0.890,2,0,4.995,0,0,14,127,0,34,0
11-06 03:43:46,21.058,6.769,71.947,0.251,0,3399068,167892,174196,4203464,5137.074,1690.632,0,3228.846,0,323.887,2687,2077,1.370,1.430,0.890,1,0,48.132,0,0,14,127,0,34,0
11-06 03:43:47,16.475,2.247,79.629,0.250,0,3410840,156284,174200,4203436,14659.696,11441.592,0,523.204,0,32.950,2050,1754,1.370,1.430,0.890,0,0,0,0,0,14,128,0,34,0
11-06 03:43:48,25.567,4.762,67.176,1.253,0,3409736,157208,174200,4203616,7470.599,1721.516,8.021,3701.711,2.005,287.755,5019,6511,1.370,1.430,0.890,1,0,3.008,0,0,14,132,0,33,0
11-06 03:43:49,33.150,7.976,57.079,0.748,0,3346524,220348,174200,4203688,6809.556,2544.361,0,1256.229,0,122.632,7363,10221,1.370,1.430,0.890,1,0,77.767,0,0,14,133,0,34,0
11-06 03:43:50,22.751,3.000,72.502,0,0,3408984,157880,174200,4203696,6367.197,3424.106,0,432.013,0,26.001,1995,1486,1.370,1.430,0.890,1,0,2.000,0,0,14,136,0,34,0
11-06 03:43:51,17.786,2.505,78.410,0.501,0,3408944,157880,174200,4203736,13234.072,9295.014,0,877.796,0,97.199,3069,3811,1.340,1.420,0.890,1,0,0,0,0,14,135,0,35,0
11-06 03:43:52,17.714,10.728,70.606,0,0,3364008,202800,174200,4203752,4748.337,1455.039,0,3213.461,0,336.316,3529,2661,1.340,1.420,0.890,1,0,146.701,0,0,14,135,0,35,0
11-06 03:43:53,18.746,2.749,77.235,0,0,3405068,161736,174200,4203756,9904.032,7029.603,0,467.907,0,27.994,1814,1371,1.340,1.420,0.890,1,0,0,0,0,14,136,0,35,0
11-06 03:43:54,19.240,3.748,75.461,0.500,0.250,3405060,161736,174200,4203764,10311.602,6421.639,0,719.623,0,68.964,3839,4828,1.340,1.420,0.890,1,0,0,0,0,14,136,0,35,0
11-06 03:43:55,27.011,6.503,63.026,1.501,0,3407988,158720,174204,4203848,4309.802,690.289,32.013,6654.783,2.001,414.173,7249,10941,1.340,1.420,0.890,1,0,0,0,0,14,136,0,35,0
11-06 03:43:56,41.622,16.548,39.365,1.003,0,3378452,187524,174220,4204548,7055.627,2731.987,421.231,1749.113,69.202,181.531,12190,17867,1.390,1.430,0.900,2,0,218.639,0,0,14,137,0,36,0
11-06 03:43:57,23.319,7.194,68.469,0,0,3442576,123348,174220,4204584,5161.961,2010.406,0,762.089,0,55.569,2962,3279,1.390,1.430,0.900,1,0,72.438,0,0,14,137,0,36,0
11-06 03:43:58,19.387,2.770,77.044,0,0,3437680,159240,174220,4173772,12044.084,8977.420,8.057,527.728,2.014,29.206,2122,1723,1.390,1.430,0.900,2,0,1.007,0,0,14,137,0,37,0
11-06 03:43:59,13.472,16.716,67.362,0,0.249,3356880,240300,174220,4173644,4730.275,1866.163,0,490.991,0,37.922,4711,3540,1.390,1.430,0.900,1,0,202.583,0,0,14,137,0,37,0
11-06 03:44:00,9.506,21.014,67.544,0.250,0,3340956,256160,174220,4173708,4456.933,1567.031,0,580.382,0,46.030,5621,4307,1.390,1.430,0.900,1,0,294.194,0,0,14,137,0,37,0
11-06 03:44:01,15.052,19.316,64.220,0,0,3339760,257336,174220,4174072,4833.565,1625.571,0,469.609,0,31.107,6656,7427,1.360,1.420,0.900,1,0,248.853,0,0,14,137,0,37,0
11-06 03:44:02,25.192,20.453,53.128,0.249,0,3386404,210668,174220,4173760,4908.761,1616.299,0,379.132,0,18.957,5026,3692,1.360,1.420,0.900,2,0,256.413,0,0,14,137,0,37,0
11-06 03:44:03,30.564,23.800,44.093,0.752,0,3433332,163436,174224,4174056,4842.173,1585.331,20.042,1675.520,2.004,101.213,6145,4817,1.360,1.420,0.900,2,0,353.743,0,0,14,139,0,37,0
11-06 03:44:04,24.169,19.435,54.816,0,0,3444908,151616,174232,4174640,5419.826,1614.586,63.786,442.516,3.987,27.906,6459,8450,1.360,1.420,0.900,1,0,298.997,0,0,14,143,0,37,0
11-06 03:44:05,48.629,26.069,24.816,0,0,3583676,166508,174240,4023512,5725.196,1624.311,120.319,461.224,10.027,31.082,7306,13302,1.360,1.420,0.900,4,0,337.897,0,0,16,149,0,37,0
11-06 03:44:06,51.790,26.771,20.266,0,0,3681008,172052,174240,3921968,5259.105,1459.139,88.069,264.206,2.002,19.015,6378,5125,1.490,1.450,0.910,4,0,488.381,0,0,16,149,0,37,0
11-06 03:44:07,46.748,20.249,32.749,0,0,3763460,136228,174240,3876020,5149.833,1439.953,8.000,615.980,2.000,24.999,9314,15101,1.490,1.450,0.910,2,0,237.992,0,0,16,165,0,37,0
11-06 03:44:08,32.990,23.993,41.238,0.250,0,3818360,135948,174240,3822300,4354.733,1295.623,3.999,9741.165,1.000,791.770,14677,4431,1.490,1.450,0.910,4,0,351.898,0,0,16,165,0,37,0
11-06 03:44:09,21.735,23.734,52.964,0,0,3850272,159660,174244,3768128,4123.235,1564.950,0,371.751,0,24.983,5784,4433,1.490,1.450,0.910,2,0,376.747,0,0,17,165,0,35,0
11-06 03:44:10,10.243,22.234,65.204,0,0,3842984,166888,174244,3768168,4049.155,1510.938,7.994,667.531,1.999,44.968,5487,4099,1.490,1.450,0.910,1,0,269.810,0,0,17,167,0,35,0
11-06 03:44:11,22.645,17.170,58.977,0,0,3869764,140096,174244,3768184,4362.770,1670.255,3.982,306.578,0.995,17.917,5301,7164,1.370,1.420,0.900,2,0,214.008,0,0,17,167,0,35,0
11-06 03:44:12,28.057,26.304,44.842,0.501,0,3926268,136836,174244,3716036,4388.973,1515.097,4.008,2260.622,1.002,16.033,6044,4517,1.370,1.420,0.900,3,0,379.776,0,0,17,167,0,35,0
11-06 03:44:13,30.128,20.838,47.702,0,0,3968228,126976,174248,3685048,4444.826,1572.661,4.017,224.953,1.004,8.034,6467,8475,1.370,1.420,0.900,2,1,333.412,0,0,17,173,0,35,0
11-06 03:44:14,40.503,22.752,35.252,0,0,4057384,139080,174256,3585888,4786.335,1566.110,48.003,516.036,6.000,45.003,6990,11795,1.370,1.420,0.900,3,0,354.025,0,0,17,184,0,35,0
11-06 03:44:15,29.595,26.362,42.776,0.249,0,4115592,147572,174256,3520480,4926.259,1504.141,59.688,592.902,4.974,44.766,7069,6579,1.370,1.420,0.900,2,0,506.354,0,0,17,187,0,35,0
11-06 03:44:16,17.817,24.593,55.209,0.251,0,4170224,153252,174256,3461564,5543.955,1571.942,12.046,1401.297,3.011,123.467,8016,11033,1.340,1.420,0.900,2,0,355.343,0,0,17,191,0,35,0
11-06 03:44:17,21.439,20.442,55.842,0.249,0.249,4172172,151232,174256,3461604,5191.348,1693.221,3.989,833.647,0.997,50.856,6054,4995,1.340,1.420,0.900,2,0,366.964,0,0,17,207,0,20,0
11-06 03:44:18,22.329,16.559,60.214,0,0,4198284,125116,174256,3461612,5238.595,1625.771,0,216.769,0,12.043,5584,6570,1.340,1.420,0.900,2,0,210.748,0,0,17,207,0,20,0
11-06 03:44:19,41.224,11.424,46.191,0.497,0,4320356,124884,174256,3341780,4589.314,1609.240,1704.602,321.848,22.847,17.880,3400,2129,1.340,1.420,0.900,3,0,52.648,0,0,17,207,0,20,0
11-06 03:44:20,44.630,9.277,44.630,0.251,0,4424652,125348,174264,3239960,4573.342,1624.740,96.281,433.264,4.012,44.129,3417,2602,1.340,1.420,0.900,1,0,9.026,0,0,17,214,0,20,0
11-06 03:44:21,31.018,6.003,61.536,0.250,0,4323168,271256,174264,3196716,4565.638,1566.905,64.037,324.187,6.003,25.014,3199,2650,1.400,1.430,0.910,1,0,34.020,0,0,17,215,0,16,0
11-06 03:44:22,27.332,28.836,42.627,0,0,4409108,185196,174268,3196820,4633.836,1624.852,48.144,248.743,3.009,19.057,6713,5777,1.400,1.430,0.910,5,0,589.761,0,0,17,215,0,16,0
11-06 03:44:23,38.619,27.656,32.390,0,0,4446820,144660,174292,3200056,12544.507,9507.793,996.624,11548.879,19.932,903.938,7832,8950,1.400,1.430,0.910,3,0,410.609,0,0,17,224,0,17,0
11-06 03:44:24,53.882,20.300,25.813,0.251,0,4490688,139656,174292,3162784,5209.771,2228.463,44.108,256.629,7.017,12.029,5287,6575,1.400,1.430,0.910,3,0,225.553,0,0,17,224,0,18,0
11-06 03:44:25,66.708,15.490,16.490,0.500,0,4623136,132484,174292,3040836,6455.932,3408.852,1654.957,519.673,36.977,22.986,4741,3820,1.400,1.430,0.910,4,0,26.983,0,0,17,229,0,17,0
11-06 03:44:26,62.018,11.003,21.506,4.751,0,4694932,139356,174392,2965072,12855.824,9283.762,6505.935,2484.739,534.159,118.035,6458,7460,1.600,1.470,0.930,3,0,20.006,0,0,17,237,0,17,0
11-06 03:44:27,44.711,24.978,29.724,0.250,0,4714632,134568,174408,2950320,5660.099,2558.784,59.948,2993.408,3.997,24.978,6852,7470,1.600,1.470,0.930,3,2,332.712,0,0,17,231,0,23,0
11-06 03:44:28,35.190,25.207,37.935,0,0,4699636,147552,174412,2952756,12854.143,9337.123,7.986,6085.652,1.997,31.946,7129,7619,1.600,1.470,0.930,1,1,375.362,0,0,17,232,0,23,0
11-06 03:44:29,42.693,21.849,35.159,0.251,0,4677440,175404,174412,2946636,9390.403,4554.566,164.744,731.302,11.050,65.295,6664,8036,1.600,1.470,0.930,4,0,296.338,0,0,17,231,0,22,0
11-06 03:44:30,59.489,28.995,9.998,0,0,4784896,166184,174420,2852120,5345.042,2647.526,171.969,2867.486,9.998,173.969,7098,12796,1.600,1.470,0.930,3,0,466.916,0,0,17,236,0,22,0
11-06 03:44:31,56.121,19.705,22.947,0.748,0,4799684,148548,174432,2852504,14669.301,10740.327,1245.140,1121.424,61.858,67.844,8441,17579,1.640,1.480,0.930,5,0,213.510,0,0,17,237,0,26,0
11-06 03:44:32,55.830,29.042,14.521,0,0,4863208,122856,174444,2815752,4232.086,1622.333,136.196,508.732,2.003,29.042,6449,6754,1.640,1.480,0.930,3,0,444.639,0,0,17,239,0,26,0
11-06 03:44:33,55.756,25.253,16.752,0.750,0,4925604,135736,174448,2743136,10231.112,7480.813,512.056,896.097,28.003,42.005,9881,14879,1.640,1.480,0.930,3,0,340.037,0,0,17,248,0,25,0
11-06 03:44:34,52.992,22.497,23.996,0,0,4913412,172336,174456,2718884,9954.505,6472.028,703.894,2247.662,12.998,128.981,11014,17804,1.640,1.480,0.930,3,0,188.972,0,0,17,247,0,26,0
11-06 03:44:35,62.118,10.478,26.444,0.249,0,5074548,133444,174456,2599600,12262.906,9279.255,379.193,1021.826,6.985,22.951,4255,2320,1.640,1.480,0.930,3,0,3.992,0,0,17,249,0,26,0
11-06 03:44:36,55.994,9.999,31.997,1.000,0,5130240,130928,174460,2547948,16556.304,12765.692,1131.884,955.902,85.991,90.991,6741,8099,1.830,1.520,0.950,4,0,15.998,0,0,17,254,0,31,0
11-06 03:44:37,60.803,14.513,23.521,0.250,0,5074880,185840,174460,2548396,6668.840,2553.236,1321.157,612.536,20.018,32.028,5546,4753,1.830,1.520,0.950,4,0,110.096,0,0,17,259,0,30,0
11-06 03:44:38,43.094,29.314,25.556,0.752,0,5130064,126820,174604,2551956,15933.893,12501.376,4313.446,19549.811,67.147,1259.759,8321,8050,1.830,1.520,0.950,3,0,530.161,0,0,17,259,0,31,0
11-06 03:44:39,54.158,24.958,20.216,0,0,5118940,137796,174604,2552460,4791.878,1617.259,766.700,846.565,5.990,28.951,5972,7747,1.830,1.520,0.950,4,0,344.416,0,0,17,259,0,31,0
11-06 03:44:40,71.490,19.858,8.688,0.248,0,5196476,146104,174608,2470004,11918.916,9417.771,758.585,738.727,21.844,55.603,6033,5807,1.830,1.520,0.950,3,0,167.802,0,0,18,267,0,32,0
11-06 03:44:41,77.656,14.780,6.012,0.752,0.251,5239860,152016,174620,2422612,8609.330,4702.466,3270.584,1787.598,160.323,222.448,6771,7197,2.080,1.580,0.970,4,0,17.034,0,0,18,266,0,32,0
11-06 03:44:42,74.387,17.843,7.288,0.251,0,5318960,142060,174644,2355704,10253.309,7371.325,1186.167,997.185,33.172,68.355,6713,9597,2.080,1.580,0.970,3,0,167.873,0,0,18,272,0,33,0
11-06 03:44:43,38.478,11.743,48.223,0.500,0,5311976,164440,174660,2341352,13901.117,8489.186,567.678,10222.203,8.995,73.958,4375,3697,2.080,1.580,0.970,4,0,72.959,0,0,18,274,0,34,0
11-06 03:44:44,41.573,10.518,46.081,0.250,0,5355996,133548,174660,2329460,3048748.371,52202.544,512.899,448.787,4.007,33.058,5604,3237,2.080,1.580,0.970,3,0,6.011,0,0,18,274,0,34,0
11-06 03:44:45,38.289,20.636,38.538,0.249,0,5388604,117704,174664,2313888,13603364.727,238174.014,3043.249,1364.489,32.819,49.726,15635,11116,2.080,1.580,0.970,5,0,265.538,0,0,18,277,0,31,0
11-06 03:44:46,59.541,11.258,28.269,0.500,0,5394220,136516,174668,2289668,8518.876,4382.023,512.353,2309.593,4.003,155.107,4697,3490,2.150,1.600,0.980,2,0,10.007,0,0,18,281,0,32,0
11-06 03:44:47,38.022,5.003,55.782,0.250,0,5425080,124868,174668,2270876,18444.515,14337.173,0,2517.435,0,243.139,4035,4620,2.150,1.600,0.980,4,0,1.001,0,0,18,287,0,34,0
11-06 03:44:48,22.751,5.000,68.254,0.500,0,5368424,181464,174668,2270936,417258.247,16395031.416,464.026,2216.123,26.001,63.004,5268,4814,2.150,1.600,0.980,1,0,7.000,0,0,18,284,0,36,0
11-06 03:44:49,37.563,6.010,55.093,0.250,0,5436644,125656,174676,2258784,8333979.320,86929.273,144.243,456.769,6.010,39.066,11099,6014,2.150,1.600,0.980,2,0,1.002,0,0,18,291,0,36,0
11-06 03:44:50,30.892,8.719,58.295,0.249,0,5341424,204700,174676,2274928,8725292.390,197533.548,79.720,769.299,4.983,60.787,15578,10792,2.150,1.600,0.980,3,0,65.769,0,0,18,286,0,39,0
11-06 03:44:51,11.772,20.037,66.625,0.250,0,5263000,282956,174680,2275092,4483.381,1502.809,32.060,653.221,3.006,51.096,5818,5018,2.140,1.610,0.990,1,0,357.669,0,0,18,286,0,39,0
11-06 03:44:52,20.994,6.748,70.231,0.500,0,5328760,217188,174680,2275100,4516.755,1457.598,0,3123.139,0,183.949,2900,2911,2.140,1.610,0.990,1,0,78.978,0,0,18,286,0,39,0
11-06 03:44:53,16.261,11.007,71.548,0,0,5303268,242660,174680,2275120,4923.299,1621.086,0,184.123,0,10.007,3608,2466,2.140,1.610,0.990,2,0,126.084,0,0,18,286,0,39,0
11-06 03:44:54,8.750,19.751,69.504,0.250,0,5297884,248000,174680,2275148,4858.254,1458.076,4.000,6436.336,1.000,757.040,5647,4206,2.140,1.610,0.990,1,0,287.015,0,0,18,286,0,38,0
11-06 03:44:55,7.741,16.482,73.418,0.250,0,5297624,248208,174680,2275200,5232.185,1456.381,11.987,16229.962,0.999,42.952,4660,3740,2.140,1.610,0.990,2,0,256.715,0,0,18,288,0,38,0
11-06 03:44:56,5.757,2.253,90.615,0,0,5297524,248300,174680,2275208,5483.976,1622.063,0,56.071,0,6.008,1478,1673,2.130,1.620,1,1,0,9.011,0,0,18,288,0,38,0
11-06 03:44:57,21.498,4.000,73.744,0,0,5346916,198908,174680,2275208,7128.431,3627.710,0,23.998,0,1.000,2024,1466,2.130,1.620,1,0,0,0,0,0,18,289,0,38,0
11-06 03:44:58,18.740,2.998,76.957,0.250,0,5325664,220076,174680,2275292,12003.357,8583.250,63.965,215.881,3.998,2.998,2689,2373,2.130,1.620,1,3,0,36.980,0,0,18,292,0,38,0
11-06 03:44:59,11.792,17.814,69.499,0.251,0,5312012,233424,174684,2275576,4576.413,1696.083,40.144,429.541,3.011,34.122,5174,4118,2.130,1.620,1,1,0,192.691,0,0,18,292,0,38,0
11-06 03:45:00,14.455,16.948,66.295,0.249,0,5292540,252812,174684,2275660,4683.524,1495.378,0,490.484,0,48.849,5481,4500,2.130,1.620,1,1,0,205.365,0,0,18,296,0,38,0
11-06 03:45:01,13.748,16.498,67.991,0,0,5289244,256012,174684,2275740,5356.300,1619.788,3.999,323.958,1.000,29.996,4867,3781,2.120,1.620,1,1,0,169.978,0,0,18,298,0,38,0
11-06 03:45:02,23.250,4.500,70.999,0,0.250,5342024,203208,174684,2275748,4877.938,1457.981,4.000,155.998,1.000,10.000,2286,1822,2.120,1.620,1,2,0,5.000,0,0,18,298,0,37,0
11-06 03:45:03,22.690,3.740,72.059,0,0,5390492,154736,174684,2275752,5086.535,1657.612,103.725,139.630,0.997,8.976,2127,1732,2.120,1.620,1,1,0,0,0,0,18,298,0,37,0
11-06 03:45:04,24.259,2.251,71.778,0.250,0,5418440,126384,174684,2276156,4999.947,1458.568,284.111,384.150,11.004,37.014,2426,2291,2.120,1.620,1,1,0,4.002,0,0,18,302,0,37,0
11-06 03:45:05,22.549,4.259,72.155,0.251,0,5381092,163692,174684,2276196,5351.532,1623.499,24.052,469.011,4.009,31.067,2308,1912,2.120,1.620,1,1,0,5.011,0,0,18,298,0,37,0
11-06 03:45:06,24.257,2.501,72.522,0.250,0,5414888,129892,174684,2276200,5376.601,1458.434,0,120.036,0,11.003,2121,1668,2.030,1.610,1,3,0,2.001,0,0,18,298,0,37,0
11-06 03:45:07,18.322,4.769,76.048,0,0,5398104,147188,174684,2275688,7189.169,3847.074,0,0,0,0,2022,1702,2.030,1.610,1,2,0,3.012,0,0,18,301,0,37,0
11-06 03:45:08,17.432,1.245,79.937,0.249,0.249,5400460,144816,174684,2275704,21540.689,18080.233,0,183.283,0,23.906,2563,2471,2.030,1.610,1,1,0,1.992,0,0,18,304,0,39,0
11-06 03:45:09,22.003,4.501,71.759,0,0,5317408,227816,174684,2275756,4254.535,1134.143,32.004,608.076,1.000,93.012,2261,1985,2.030,1.610,1,1,0,15.002,0,0,18,298,0,39,0
11-06 03:45:10,22.992,3.749,72.975,0.250,0.250,5358952,186268,174684,2275760,2733.067,323.889,0,203.930,0,18.994,2032,1571,2.030,1.610,1,1,0,0,0,0,18,298,0,39,0
11-06 03:45:11,18.260,9.755,70.539,0,0,5297812,247268,174696,2275888,4177.330,1458.814,392.219,336.188,5.003,22.012,3688,2994,1.950,1.600,1,1,0,134.075,0,0,18,298,0,39,0
11-06 03:45:12,8.495,23.235,66.458,0.250,0,5301096,243816,174696,2276056,4317.282,1618.981,31.980,471.703,1.999,22.986,5585,4321,1.950,1.600,1,1,0,353.777,0,0,18,298,0,39,0
11-06 03:45:13,19.136,8.201,70.827,0,0,5341732,202992,174720,2276220,4831.156,1610.385,79.525,79.525,4.970,4.970,3132,2517,1.950,1.600,1,4,0,111.335,0,0,18,298,0,39,0
11-06 03:45:14,19.950,3.030,77.526,0,0,5354460,184556,175148,2281500,11549.549,4607.092,8.081,597.983,2.020,34.344,2217,2068,1.950,1.600,1,1,0,17.172,0,0,18,299,0,39,0
11-06 03:45:15,23.655,4.731,68.974,0.249,0,5369452,168112,175328,2282628,5539.831,1786.850,0,1294.819,0,26.892,8842,15225,1.950,1.600,1,3,0,6.972,0,0,18,298,0,39,0
11-06 03:45:16,18.527,4.256,76.363,0.250,0,5388744,147696,175380,2283668,12010.756,4633.851,12.018,693.025,2.003,22.033,4500,6636,1.790,1.570,0.990,2,0,8.012,0,0,18,299,0,39,0
11-06 03:45:17,21.303,7.268,69.673,0,0,5386020,150072,175464,2283932,5232.964,1624.023,0,469.162,0,13.032,10370,18435,1.790,1.570,0.990,2,0,20.050,0,0,18,299,0,39,0
11-06 03:45:18,18.479,9.239,70.420,0.749,0,5335840,206208,175552,2277900,5034.253,1630.139,3.995,17907.557,0.999,154.823,3429,2573,1.790,1.570,0.990,1,0,99.886,0,0,18,298,0,39,0
11-06 03:45:19,16.156,11.682,69.846,0,0,5360872,181108,175552,2277952,5189.947,1652.431,31.816,3157.715,0.994,425.536,3857,3142,1.790,1.570,0.990,1,0,169.021,0,0,18,298,0,39,0
11-06 03:45:20,21.055,3.259,75.448,0,0,5391520,150272,175552,2278140,7353.330,4015.556,0,340.896,0,22.058,2131,1726,1.790,1.570,0.990,1,0,1.003,0,0,18,299,0,39,0
11-06 03:45:21,23.608,6.781,68.562,0.251,0,5366036,175556,175552,2278340,11599.824,8575.050,28.128,212.970,2.009,21.096,3643,3435,1.730,1.560,1,1,0,58.265,0,0,18,300,0,42,0
11-06 03:45:22,20.744,8.498,69.230,0,0,5424120,125184,175552,2270800,3850.868,1349.603,15.995,175.948,1.000,10.997,2775,2265,1.730,1.560,1,1,0,61.982,0,0,18,300,0,42,0
11-06 03:45:23,21.159,2.489,74.430,0,0,5423196,129364,175552,2267632,13269.940,10349.497,0,868.266,0,28.876,2477,2261,1.730,1.560,1,1,0,0.996,0,0,18,300,0,43,0
11-06 03:45:24,20.250,8.000,71.002,0.250,0,5380956,171596,175552,2267640,4578.110,1458.035,0,184.004,0,14.000,2677,2089,1.730,1.560,1,1,0,70.002,0,0,18,300,0,43,0
11-06 03:45:25,19.196,2.992,76.536,0,0,5390436,162108,175552,2267648,10969.340,7778.259,0,207.420,0,19.944,2080,1695,1.730,1.560,1,0,0,0,0,0,18,301,0,43,0
11-06 03:45:26,19.548,6.767,72.680,0,0,5319264,233132,175552,2267796,12440.728,8408.769,0,8.020,0,1.002,3011,2423,1.670,1.560,1,1,0,56.139,0,0,18,300,0,42,0
11-06 03:45:27,20.083,3.264,76.316,0,0,5373008,179384,175552,2267800,7063.235,7230.929,0,96.399,0,5.021,2071,1584,1.670,1.560,1,0,0,0,0,0,18,301,0,42,0
11-06 03:45:28,20.134,4.971,72.830,0,0,5370920,181464,175552,2267808,13386.770,6063.021,0,7.954,0,1.989,2624,2033,1.670,1.560,1,4,0,32.811,0,0,18,300,0,45,0
11-06 03:45:29,21.543,5.010,72.645,0.501,0,5348304,299388,174868,2175252,7257.457,3593.158,80.160,312.623,3.006,34.068,2508,2485,1.670,1.560,1,0,0,0,0,0,18,301,0,45,0
11-06 03:45:30,17.239,2.249,78.951,0.250,0,5348492,299504,174868,2175100,14623.837,10548.391,31.980,419.737,1.999,46.971,2759,2988,1.670,1.560,1,1,0,0,0,0,18,300,0,39,0
11-06 03:45:31,25.273,8.758,63.808,0,0,5390196,257672,174868,2175228,3720.387,1080.984,88.080,248.226,3.003,21.019,4032,12929,1.610,1.550,1,1,0,83.076,0,0,18,300,0,40,0
11-06 03:45:32,18.501,3.000,77.504,0.500,0,5405316,242536,174868,2175244,13216.711,10255.552,0,192.010,0,15.001,2043,1780,1.610,1.550,1,2,0,0,0,0,18,304,0,41,0
11-06 03:45:33,21.002,6.001,72.007,0,0,5383388,264460,174868,2175248,6236.644,3152.326,0,200.021,0,10.001,2454,1896,1.610,1.550,1,1,0,32.003,0,0,18,300,0,43,0
11-06 03:45:34,17.249,2.750,78.495,0,0,5384100,263744,174868,2175252,10319.360,7332.545,0,163.990,0,10.999,1863,1596,1.610,1.550,1,1,0,0,0,0,18,301,0,43,0
11-06 03:45:35,14.247,1.500,82.732,0.250,0,5383780,264008,174868,2175308,10523.657,6784.490,0,2639.412,0,372.917,2312,2457,1.610,1.550,1,1,0,0,0,0,18,300,0,38,0
11-06 03:45:36,5.000,8.500,83.999,1.750,0,5323108,322832,175408,2176616,10698.845,4386.936,1743.975,139.998,267.996,12.000,3362,3414,1.490,1.520,0.990,0,0,185.997,0,0,18,302,0,38,0
11-06 03:45:37,2.760,3.513,92.582,0,0,5306792,339120,175408,2176644,14435.809,2765.927,0,357.282,0,20.072,1815,1897,1.490,1.520,0.990,2,0,58.209,0,0,18,300,0,39,0
11-06 03:45:38,4.998,4.998,88.971,0,0,5319208,326676,175408,2176672,10831.456,5025.356,0,403.868,0,21.993,2564,2511,1.490,1.520,0.990,1,0,108.964,0,0,18,300,0,40,0
11-06 03:45:39,14.705,11.216,71.284,0.997,0,5333400,304648,175436,2184464,4592.070,1561.264,1164.468,598.185,98.701,25.921,4026,3595,1.490,1.520,0.990,1,0,171.480,0,0,18,300,0,33,0
11-06 03:45:40,22.996,3.999,72.488,0.250,0,5343056,290420,175516,2188812,5165.128,2695.545,7.999,1371.768,1.000,31.995,2388,1962,1.490,1.520,0.990,1,0,16.997,0,0,18,301,0,33,0
11-06 03:45:41,17.256,2.251,79.028,0.250,0,5330812,299084,175604,2192288,15338.444,5018.781,0,628.223,0,30.011,2193,2075,1.450,1.510,0.990,1,0,3.001,0,0,18,300,0,33,0
11-06 03:45:42,11.982,16.725,68.899,0.999,0,5302388,324228,175740,2195400,4443.485,1659.567,1425.909,3391.028,25.962,109.839,5634,5156,1.450,1.510,0.990,1,0,300.559,0,0,18,300,0,33,0
11-06 03:45:43,22.499,4.250,72.246,0,0,5371184,255432,175740,2195400,4919.712,1661.903,0,267.984,0,8.999,2049,1517,1.450,1.510,0.990,1,0,0,0,0,18,300,0,29,0
11-06 03:45:44,18.344,3.769,76.641,0.251,0,5354752,271828,175740,2195436,27999.890,24949.322,0,192.985,0,20.103,2701,2468,1.450,1.510,0.990,1,0,41.210,0,0,18,300,0,31,0
11-06 03:45:45,22.123,4.474,71.091,0.249,0,5419232,207348,175740,2195436,4611.496,1449.668,0,361.920,0,43.749,2345,2164,1.450,1.510,0.990,1,0,5.966,0,0,18,300,0,31,0
11-06 03:45:46,19.536,3.006,76.893,0,0,5429200,197044,175740,2195772,14152.244,10331.158,320.595,184.342,20.037,15.028,2491,2220,1.490,1.520,1,3,0,0,0,0,18,300,0,33,0
11-06 03:45:47,22.702,4.490,71.598,0.499,0,5399240,227004,175740,2195772,5540.233,1508.796,0,2179.371,0,129.724,2487,2281,1.490,1.520,1,3,0,13.970,0,0,18,300,0,31,0
11-06 03:45:48,17.793,3.007,78.187,0,0,5412928,213288,175740,2195800,12202.228,8081.357,16.038,3143.530,1.002,119.286,2403,2137,1.490,1.520,1,2,0,1.002,0,0,18,301,0,31,0
11-06 03:45:49,26.066,5.765,65.667,1.504,0,5395652,228368,175744,2197992,7021.876,2799.126,2017.135,2221.656,76.194,224.572,5294,7081,1.490,1.520,1,2,0,6.015,0,0,18,302,0,32,0
11-06 03:45:50,23.317,3.473,71.936,0.496,0,5391616,232376,175744,2198020,3639.488,1178.766,0,1905.076,0,323.466,2242,1566,1.490,1.520,1,1,0,0,0,0,18,302,0,32,0
11-06 03:45:51,16.278,2.254,79.389,0,0,5403876,220104,175744,2198032,12242.393,10425.217,0,392.686,0,30.053,2434,2416,1.370,1.490,0.990,0,0,0,0,0,18,303,0,24,0
11-06 03:45:52,21.393,7.802,68.457,1.007,0,5349080,274712,175744,2198220,5307.424,2116.124,144.968,3358.416,7.047,258.727,5536,7178,1.370,1.490,0.990,2,0,65.437,0,0,18,302,0,25,0
11-06 03:45:53,8.242,23.226,66.682,0,0,5344320,279436,175748,2198252,3252.682,755.230,0,275.719,0,17.982,5849,4472,1.370,1.490,0.990,1,0,421.570,0,0,18,302,0,25,0
11-06 03:45:54,8.487,22.216,66.400,0.499,0,5335624,288108,175748,2198276,4565.096,1509.717,0,623.058,0,28.956,5853,4428,1.370,1.490,0.990,2,0,392.407,0,0,18,302,0,25,0
11-06 03:45:55,7.266,23.551,67.144,0,0,5329832,293884,175748,2198292,5277.320,1569.366,0,929.995,0,60.129,5830,4555,1.370,1.490,0.990,2,0,374.804,0,0,18,302,0,25,0
11-06 03:45:56,8.986,27.208,62.404,0,0,5341632,282064,175748,2198312,5081.177,1509.676,0,239.631,0,19.969,5939,4574,1.420,1.500,1,1,0,406.374,0,0,18,302,0,25,0
11-06 03:45:57,8.235,22.459,67.128,0,0,5328344,295332,175748,2198332,5040.818,1617.054,0,35.935,0,8.984,5617,4179,1.420,1.500,1,1,0,371.324,0,0,18,302,0,25,0
11-06 03:45:58,8.279,23.332,66.985,0,0,5327640,296020,175748,2198348,5180.193,1625.709,0,36.127,0,9.032,5532,4168,1.420,1.500,1,1,0,363.276,0,0,18,302,0,25,0
11-06 03:45:59,9.259,22.523,65.317,0.250,0,5331944,291648,175748,2198416,4684.784,1621.656,0,680.695,0,45.046,6018,5031,1.420,1.500,1,1,0,364.372,0,0,18,302,0,24,0
11-06 03:46:00,9.205,21.893,66.176,0.249,0,5324388,299180,175748,2198440,4597.485,1653.900,0,322.421,0,25.873,5666,4356,1.420,1.500,1,1,0,335.358,0,0,18,302,0,24,0
11-06 03:46:01,9.771,22.799,66.142,0,0,5319820,303720,175748,2198468,4632.953,1569.372,0,456.982,0,35.075,6029,4926,1.550,1.530,1.010,1,0,396.853,0,0,18,302,0,24,0
11-06 03:46:02,13.219,21.449,62.850,0,0,5323480,299972,175748,2198556,4728.747,1616.154,31.924,311.259,1.995,24.941,5749,4464,1.550,1.530,1.010,3,0,342.186,0,0,18,302,0,24,0
11-06 03:46:03,36.390,14.305,48.939,0.502,0,5367256,362404,176076,2103732,4672.026,1588.128,1124.338,357.379,19.074,11.043,3702,2487,1.550,1.530,1.010,2,0,52.201,0,0,18,302,0,24,0
11-06 03:46:04,29.914,3.989,64.564,0,0,5394640,331436,176144,2107248,5809.306,2730.155,259.255,3202.796,2.991,36.894,2691,1895,1.550,1.530,1.010,0,0,16.951,0,0,18,303,0,24,0
11-06 03:46:05,12.745,1.499,83.968,0.500,0,5390196,334816,176204,2108248,27084.712,13060.039,803.695,1383.474,49.981,44.983,1799,1759,1.550,1.530,1.010,1,0,0,0,0,18,303,0,24,0
11-06 03:46:06,16.270,2.002,80.349,1.001,0,5411656,311996,176236,2109568,22953.187,13048.024,977.200,2847.497,54.066,306.376,2098,1899,1.420,1.500,1,1,0,2.002,0,0,18,303,0,24,0
11-06 03:46:07,15.741,0.999,81.451,0.750,0,5407588,314740,176328,2110792,23971.546,13805.675,931.438,1491.101,56.966,47.971,1832,1650,1.420,1.500,1,1,0,0,0,0,18,303,0,24,0
11-06 03:46:08,15.488,1.749,80.936,0.749,0,5406356,313148,176388,2113540,22672.077,13122.626,1762.607,1410.885,44.964,44.964,1887,1659,1.420,1.500,1,1,0,0.999,0,0,18,303,0,24,0
11-06 03:46:09,22.286,3.756,72.115,1.502,0,5399860,282924,176424,2150128,3904.251,961.540,11362.193,1758.816,114.183,73.117,2427,2138,1.420,1.500,1,1,0,1.002,0,0,18,303,0,24,0
11-06 03:46:10,24.215,3.245,70.149,0.749,0,5395664,266964,176560,2169800,3814.529,1078.453,0,1997.135,0,60.913,2509,2353,1.420,1.500,1,2,0,0,0,0,18,303,0,24,0
11-06 03:46:11,24.518,3.002,71.051,0.500,0,5400740,242708,176612,2188608,4598.310,1459.050,0,1929.389,0,83.060,2614,2694,1.390,1.490,1,3,0,0,0,0,18,303,0,22,0
11-06 03:46:12,22.334,3.262,72.273,1.004,0,5385760,243796,177280,2201620,4757.955,1626.136,0,3264.318,0,131.496,2672,2782,1.390,1.490,1,1,0,0,0,0,18,303,0,22,0
11-06 03:46:13,22.841,2.483,72.248,0.745,0,5389964,213064,177388,2227692,4427.268,1447.949,0,1966.350,0,69.517,2239,1982,1.390,1.490,1,1,0,0,0,0,18,303,0,22,0
11-06 03:46:14,23.059,3.760,71.684,0.501,0,5324504,289668,177612,2216160,4052.392,1257.224,4.010,16815.123,1.003,178.458,2712,2676,1.390,1.490,1,1,0,2.005,0,0,18,302,0,22,0
11-06 03:46:15,19.038,4.008,76.150,0.250,0,5373092,240028,177612,2217212,11826.300,4407.684,0,889.753,0,18.036,2404,2164,1.390,1.490,1,1,0,33.065,0,0,18,303,0,22,0
11-06 03:46:16,23.265,5.253,70.044,0.250,0,5365224,242312,177784,2222564,5642.575,1795.137,0,1585.004,0,28.018,9328,16604,1.360,1.490,1,3,0,8.005,0,0,18,302,0,22,0
11-06 03:46:17,21.701,5.488,71.090,0,0,5381724,224768,177804,2223568,5208.269,1616.359,0,87.802,0,0.998,6394,10555,1.360,1.490,1,1,0,12.971,0,0,18,302,0,22,0
11-06 03:46:18,20.838,7.030,71.050,0.251,0,5367360,246092,177812,2216600,5635.826,1518.419,0,1747.387,0,12.051,7269,12334,1.360,1.490,1,1,0,17.072,0,0,18,302,0,22,0
11-06 03:46:19,22.655,4.730,71.947,0,0.249,5365600,248232,177812,2216268,4706.196,1559.438,0,5915.109,0,234.015,2919,2603,1.360,1.490,1,4,0,50.786,0,0,18,302,0,22,0
11-06 03:46:20,24.336,6.021,68.242,0.502,0,5397284,216568,177812,2216300,5180.379,1667.917,0,1019.617,0,37.132,10663,19623,1.360,1.490,1,1,0,24.085,0,0,18,302,0,22,0
11-06 03:46:21,18.493,3.749,75.720,0,0,5360316,248256,177812,2221580,12149.145,4733.108,0,1799.281,0,178.928,2413,2193,1.490,1.510,1.010,2,0,17.993,0,0,18,302,0,22,0
11-06 03:46:22,23.207,5.490,68.624,0.250,0,5405052,201676,177812,2223408,4970.839,1658.943,19.963,898.344,1.996,39.926,10395,19596,1.490,1.510,1.010,1,0,6.987,0,0,18,302,0,22,0
11-06 03:46:23,22.558,7.519,68.427,0,0,5382004,224368,177812,2223748,4391.377,1624.208,0,481.247,0,5.013,10213,18776,1.490,1.510,1.010,1,0,21.055,0,0,18,302,0,22,0
11-06 03:46:24,22.410,6.225,69.968,0,0,5359016,254716,177816,2216368,4541.723,1613.507,0,633.451,0,25.896,2488,2300,1.490,1.510,1.010,1,0,10.956,0,0,18,302,0,18,0
11-06 03:46:25,24.854,5.523,68.286,0.251,0,5348296,265444,177816,2216376,4699.672,1626.809,0,642.690,0,21.088,3179,2869,1.490,1.510,1.010,2,0,67.282,0,0,18,302,0,20,0
11-06 03:46:26,22.669,5.231,71.496,0,0,5358452,247300,177816,2224348,4698.314,1452.840,0,697.523,0,7.972,2791,2481,1.450,1.500,1.010,1,0,52.812,0,0,18,302,0,20,0
11-06 03:46:27,20.948,2.494,75.813,0,0,5355700,247048,177832,2227272,10633.790,3815.595,0,574.584,0,2.993,2065,1675,1.450,1.500,1.010,1,0,15.961,0,0,18,303,0,20,0
11-06 03:46:28,17.282,1.753,79.649,0.501,0,5372128,230292,177844,2227572,17006.850,7621.273,4.008,937.756,1.002,33.062,1840,1586,1.450,1.500,1.010,1,0,1.002,0,0,18,303,0,19,0
11-06 03:46:29,10.998,1.750,84.733,1.000,0,5371596,230292,177972,2227976,26090.752,15011.981,0,4943.006,0,209.958,2122,2584,1.450,1.500,1.010,0,0,0,0,0,18,303,0,19,0
11-06 03:46:30,7.999,1.000,88.742,0.250,0,5370052,231656,177996,2228132,139899.404,9123.179,0,1119.899,0,55.995,1848,2137,1.450,1.500,1.010,1,0,0,0,0,18,304,0,19,0
11-06 03:46:31,18.003,4.501,76.263,0.500,0,5371096,230268,178112,2228328,31536.186,10256.687,0,1376.226,0,61.010,3091,10812,1.410,1.490,1.010,0,0,36.006,0,0,18,304,0,20,0
11-06 03:46:32,14.466,1.497,81.061,0.748,0,5370852,230016,178256,2228660,24064.006,13890.678,31.926,2550.066,0.998,227.471,2043,2068,1.410,1.490,1.010,0,0,0,0,0,18,304,0,15,0
11-06 03:46:33,11.763,1.251,85.849,0,0,5377724,222708,178296,2229056,317637.518,11966.733,0,832.956,0,24.028,1850,1789,1.410,1.490,1.010,1,0,0,0,0,18,304,0,15,0
11-06 03:46:34,6.784,2.764,87.934,1.256,0,5377220,222456,178712,2229396,134856.236,22795.618,28.139,14941.818,4.020,233.152,2321,2524,1.410,1.490,1.010,1,0,0,0,0,18,304,0,15,0
11-06 03:46:35,14.242,1.749,81.952,0.999,0.500,5378048,214152,178888,2236696,32663.924,14202.706,103.939,1695.010,5.996,62.963,1896,1749,1.410,1.490,1.010,1,0,0,0,0,18,304,0,15,0
11-06 03:46:36,4.237,3.489,89.470,0,0,5379116,205840,178912,2243868,3182127.517,66055.259,0,1762.484,0,13.956,4949,3372,1.300,1.470,1.010,1,0,7.975,0,0,18,304,0,11,0
11-06 03:46:37,6.004,2.752,87.314,0.250,0,5376180,190468,178968,2262068,9720078.475,143321.138,0,4971.647,0,27.020,8356,4465,1.300,1.470,1.010,1,0,2.001,0,0,18,304,0,11,0
11-06 03:46:38,10.981,3.744,81.609,0.749,0,5384528,161544,179128,2282420,6120686.927,65769.173,163.717,13472.683,3.993,77.865,5116,2944,1.300,1.470,1.010,1,0,1.997,0,0,18,304,0,11,0
11-06 03:46:39,22.973,3.496,71.665,1.249,0,5387420,142656,181984,2295312,4734.388,1618.082,0,4626.516,0,102.878,2496,2247,1.300,1.470,1.010,1,0,0.999,0,0,18,304,0,11,0
11-06 03:46:40,24.008,5.002,69.274,0.500,0,5360560,203976,182324,2260836,4835.690,1512.529,0,15953.575,0,135.047,2646,2194,1.300,1.470,1.010,1,0,0,0,0,18,304,0,9,0
11-06 03:46:41,24.026,3.254,71.328,0.250,0,5378692,167252,182656,2278864,4818.290,1567.721,0,1017.117,0,37.041,2453,2235,1.360,1.480,1.010,1,0,0,0,0,18,304,0,9,0
11-06 03:46:42,21.571,4.711,71.161,0.992,0,5368048,184624,183016,2271824,4879.621,1606.705,0,2880.167,0,126.949,2638,2610,1.360,1.480,1.010,1,0,0,0,0,18,304,0,9,0
11-06 03:46:43,23.944,8.821,64.774,1.512,0,5383392,147012,183880,2293076,4718.164,1633.211,4.033,143186.209,1.008,1168.451,4277,3720,1.360,1.480,1.010,1,0,0,0,0,18,304,0,9,0
11-06 03:46:44,25.003,3.500,69.760,0.500,0,5386336,162232,183360,2275564,4680.655,1620.227,8.001,2440.341,2.000,61.009,2598,2296,1.360,1.480,1.010,2,0,0,0,0,18,304,0,7,0
11-06 03:46:45,26.699,1.996,69.866,0.499,0,5383936,151676,183884,2287856,4561.246,1616.897,0,1537.050,0,41.920,2520,2280,1.360,1.480,1.010,1,0,0,0,0,18,304,0,7,0
11-06 03:46:46,23.668,4.235,69.012,1.246,0,5384868,158900,183164,2280252,5218.995,1614.430,0,3137.177,0,120.584,2920,3003,1.490,1.500,1.020,2,0,0,0,0,18,304,0,7,0
11-06 03:46:47,24.147,5.534,69.926,0,0,5357460,220492,183284,2245704,6682.737,1817.077,0,825.029,0,26.159,2669,2306,1.490,1.500,1.020,1,0,20.123,0,0,18,302,0,7,0
11-06 03:46:48,18.255,6.252,73.520,0.750,0,5362292,210216,183352,2250776,12838.420,4802.279,4.001,92676.691,1.000,813.217,3592,3399,1.490,1.500,1.020,1,0,19.005,0,0,18,302,0,5,0
11-06 03:46:49,24.068,5.014,69.445,0,0,5380260,190180,183384,2252652,5383.145,1462.114,0,0,0,0,10887,20010,1.490,1.500,1.020,1,0,7.020,0,0,18,302,0,5,0
11-06 03:46:50,20.522,6.257,71.578,0.250,0,5373284,196536,183404,2253144,4685.078,1621.758,0,3271.546,0,25.027,3640,4476,1.490,1.500,1.020,1,0,12.013,0,0,18,302,0,5,0
11-06 03:46:51,20.763,7.505,69.543,0.250,0,5379260,190520,183408,2253180,4327.671,1458.900,0,276.170,0,16.010,9090,15750,1.450,1.490,1.020,3,0,15.009,0,0,18,302,0,5,0
11-06 03:46:52,20.908,5.476,71.932,0.249,0,5325424,252176,183408,2245856,4729.101,1612.872,0,884.093,0,51.771,2356,2155,1.450,1.490,1.020,2,0,4.978,0,0,18,302,0,3,0
11-06 03:46:53,21.991,4.248,72.721,0,0,5361192,213248,183564,2248796,4586.195,1499.410,639.748,575.773,13.994,131.948,2106,1658,1.450,1.490,1.020,1,0,1.000,0,0,18,302,0,3,0
11-06 03:46:54,26.044,4.257,67.114,1.503,0,5351292,222300,183584,2249624,5148.764,1622.762,593.009,3341.688,35.060,214.365,7394,10584,1.450,1.490,1.020,7,0,1.002,0,0,18,305,0,8,0
11-06 03:46:55,15.035,14.534,67.910,0.752,0,5280636,291936,183592,2250632,5190.247,1461.449,681.608,926.185,29.069,103.244,6566,7023,1.450,1.490,1.020,1,0,294.695,0,0,18,304,0,8,0
11-06 03:46:56,14.194,13.198,68.980,2.739,0,5294432,274888,183612,2253832,5620.993,1559.893,3143.692,1573.838,359.592,99.610,4612,4171,1.410,1.490,1.020,1,0,153.399,0,0,18,304,0,10,0
11-06 03:46:57,6.001,3.500,72.510,16.002,0,5269332,261960,183612,2291860,4282.600,972.136,38029.324,488.068,2603.364,13.002,4319,6738,1.410,1.490,1.020,4,0,0,0,0,18,304,0,10,0
11-06 03:46:58,5.746,3.498,85.446,3.997,0,5279712,247788,183612,2295652,5888.302,2633.346,3805.610,1479.071,606.619,15.990,2155,2808,1.410,1.490,1.020,0,0,6.996,0,0,18,305,0,10,0
11-06 03:46:59,2.500,1.500,94.012,0.500,0,5280420,247032,183620,2295692,46198.742,5219.649,8.001,3088.384,2.000,174.022,1657,2476,1.410,1.490,1.020,0,0,0,0,0,18,305,0,10,0
11-06 03:47:00,2.750,1.250,94.759,0,0,5281092,246024,183624,2296024,355119.975,5754.567,0,132.013,0,16.002,1620,2141,1.410,1.490,1.020,0,0,2.000,0,0,18,305,0,10,0
11-06 03:47:01,5.004,2.002,91.323,0.500,0,5262888,263680,183628,2296508,117809.769,127183.229,376.300,1797.431,10.008,42.033,1761,2044,1.300,1.460,1.020,0,0,13.010,0,0,18,304,0,10,0
11-06 03:47:02,5.502,1.751,92.281,0,0,5277988,248572,183632,2296512,4835.612,1512.504,8.003,0,2.001,0,1217,1406,1.300,1.460,1.020,1,0,2.001,0,0,18,304,0,10,0
11-06 03:47:03,19.823,7.277,72.015,0.502,0,5265904,260552,183632,2296616,5044.590,1613.948,859.166,1561.755,10.037,103.381,2897,2635,1.300,1.460,1.020,2,0,9.033,0,0,18,304,0,10,0
11-06 03:47:04,8.710,2.488,87.097,0,0,5273280,253172,183632,2296620,5168.093,1505.038,254.821,2420.802,1.991,360.333,1574,1590,1.300,1.460,1.020,0,0,0.995,0,0,18,304,0,10,0
11-06 03:47:05,2.500,1.000,94.754,0.500,0,5271588,254836,183640,2296640,5146.213,1566.065,16.001,2004.083,1.000,109.005,1471,2210,1.300,1.460,1.020,0,0,0,0,0,18,304,0,10,0
11-06 03:47:06,2.500,1.000,95.501,0.250,0,5264532,261888,183640,2296644,5449.039,1512.011,0,316.002,0,23.000,1206,1567,1.200,1.440,1.010,0,0,2.000,0,0,18,304,0,10,0
11-06 03:47:07,1.000,0.750,97.496,0,0,5263496,262924,183640,2296644,4725.787,1565.929,0,0,0,0,874,1254,1.200,1.440,1.010,0,0,0,0,0,18,304,0,10,0
11-06 03:47:08,1.000,0.250,97.252,0,0,5262404,264016,183640,2296644,5012.093,1512.028,0,4.000,0,1.000,990,1263,1.200,1.440,1.010,0,0,1.000,0,0,18,304,0,10,0
11-06 03:47:09,1.250,0.750,97.483,0,0,5262404,264016,183640,2296644,4305.229,1565.720,0,0,0,0,818,1152,1.200,1.440,1.010,1,0,0,0,0,18,304,0,10,0
11-06 03:47:10,1.250,0.500,97.020,0,0,5262400,264016,183640,2296648,4532.948,1512.316,0,72.015,0,10.002,1025,1381,1.200,1.440,1.010,0,0,0,0,0,18,304,0,10,0
11-06 03:47:11,2.000,0.750,95.513,0,0,5262396,264016,183644,2296648,4443.628,1566.221,0,108.015,0,12.002,1192,1734,1.180,1.430,1.010,0,0,0,0,0,18,304,0,10,0
11-06 03:47:12,1.750,1.000,97.234,0,0,5262132,264280,183644,2296648,4499.262,1619.734,0,199.967,0,14.998,997,1356,1.180,1.430,1.010,0,0,0,0,0,18,304,0,10,0
11-06 03:47:13,0.500,0.250,97.503,0,0,5260496,265908,183644,2296656,3626.113,1026.032,0,76.002,0,9.000,976,1355,1.180,1.430,1.010,0,0,0,0,0,18,304,0,10,0
11-06 03:47:14,2.000,2.000,95.009,0.750,0,5259068,267332,183652,2296652,4832.460,1512.144,0,34371.275,0,547.052,2477,3411,1.180,1.430,1.010,0,0,0,0,0,18,304,0,10,0
11-06 03:47:15,1.499,1.250,95.717,0.250,0,5253268,273096,183664,2296676,4978.289,1619.443,0,843.710,0,25.991,1533,2273,1.180,1.430,1.010,0,0,0,0,0,18,304,0,10,0
11-06 03:47:16,1.500,4.500,93.007,0,0.250,5248464,277896,183668,2296676,5237.416,1620.129,0,452.036,0,33.003,1200,1435,1.080,1.410,1,0,0,0,0,0,18,304,0,10,0
11-06 03:47:17,1.001,0.250,97.802,0,0,5248464,277896,183668,2296676,4774.523,1512.799,0,0,0,0,873,1254,1.080,1.410,1,0,0,0,0,0,18,304,0,10,0
11-06 03:47:18,1.500,0.750,96.984,0,0,5248464,277896,183668,2296676,5399.109,1619.733,0,0,0,0,1078,1462,1.080,1.410,1,0,0,1.000,0,0,18,304,0,10,0
11-06 03:47:19,1.250,0.750,97.987,0,0,5248464,277896,183668,2296676,4919.369,1619.792,0,0,0,0,832,1175,1.080,1.410,1,0,0,0,0,0,18,304,0,10,0
11-06 03:47:20,0.750,2.000,94.742,1.000,0,5244324,282028,183668,2296684,4919.609,1619.871,0,48768.125,0,670.947,1645,1862,1.080,1.410,1,0,0,0,0,0,18,304,0,10,0
11-06 03:47:21,2.000,0.500,95.496,0.250,0,5244556,282028,183672,2296688,4922.784,1565.931,0,831.964,0,25.999,1200,1721,1.080,1.400,1,0,0,0,0,0,18,304,0,10,0
11-06 03:47:22,1.500,0.750,97.484,0.250,0,5244564,282028,183672,2296688,4291.292,1511.751,0,211.965,0,15.997,917,1279,1.080,1.400,1,0,0,0,0,0,18,304,0,10,0
11-06 03:47:23,1.001,0.500,97.807,0,0,5244564,282028,183672,2296688,4488.610,1608.935,0,0,0,0,828,1157,1.080,1.400,1,0,0,0,0,0,18,304,0,10,0
11-06 03:47:24,1.250,0.750,97.220,0,0,5244560,282028,183672,2296692,3966.780,1187.635,0,63.980,0,5.998,884,1251,1.080,1.400,1,0,0,0,0,0,18,304,0,10,0
11-06 03:47:25,1.750,1.500,95.743,0,0,5244784,281804,183672,2296692,4503.661,1403.894,0,2991.775,0,37.997,1291,1815,1.080,1.400,1,0,0,0,0,0,18,304,0,8,0
11-06 03:47:26,4.500,2.000,92.002,0,0,5245004,281552,183672,2296724,4475.117,1458.038,0,288.008,0,17.000,1671,2108,1.070,1.390,1,0,0,3.000,0,0,18,304,0,8,0
11-06 03:47:27,4.500,1.000,93.243,0,0,5245004,281552,183672,2296724,4485.677,1565.887,0,719.948,0,143.990,1575,1791,1.070,1.390,1,0,0,4.000,0,0,18,304,0,10,0
11-06 03:47:28,2.750,0.750,95.499,0.250,0,5244996,281552,183672,2296732,6571.930,1511.984,0,115.999,0,13.000,1384,1819,1.070,1.390,1,0,0,2.000,0,0,18,304,0,10,0
11-06 03:47:29,1.250,1.000,96.516,0,0,5244988,281552,183672,2296740,5238.873,1458.243,0,132.022,0,17.003,1107,1646,1.070,1.390,1,0,0,0,0,0,18,304,0,10,0
11-06 03:47:30,1.500,0.750,96.252,0,0,5244984,281552,183672,2296744,4896.121,1338.033,0,92.002,0,16.000,1161,1631,1.070,1.390,1,0,0,0,0,0,18,304,0,10,0
11-06 03:47:31,7.251,3.250,87.763,0.500,0,5249388,277148,183672,2296560,3041.468,324.050,20.003,476.073,1.000,38.006,2475,9850,0.990,1.370,1,0,0,36.006,0,0,18,304,0,11,0
11-06 03:47:32,9.740,4.246,85.162,0,0,5242584,283928,183676,2296764,273307.147,5552.254,3.996,0,0.999,0,1965,1703,0.990,1.370,1,0,0,19.979,0,0,18,304,0,11,0
11-06 03:47:33,11.005,4.502,83.287,0,0,5249832,276532,183676,2296912,282908.023,7891.515,208.093,120.053,8.004,5.002,2437,1960,0.990,1.370,1,0,0,24.011,0,0,18,304,0,10,0
