"pcp-dstat 5.3.6 CSV Output"
"Author:","PCP team <pcp@groups.io> and Dag Wieers <dag@wieers.com>",,,,"URL:","https://pcp.io/ and http://dag.wieers.com/home-made/dstat/"
"Host:","jammy-provider-cloud-0000007890",,,,"User:","ubuntu"
"Cmdline:","dstat -tcmndrylpg --tcp --output /tmp/devstack_logs/dstat-csv.log",,,,"Date:","07 Jan 2025 08:30:31 UTC"
"system","total usage",,,,,"memory usage",,,,"net/total",,"dsk/total",,"io/total",,"system",,"load avg",,,"procs",,,"paging",,"tcp sockets",,,,
"time","total usage:usr","total usage:sys","total usage:idl","total usage:wai","total usage:stl","used","free","buf","cach","net/total:recv","net/total:send","dsk/total:read","dsk/total:writ","read","writ","int","csw","1m","5m","15m","run","blk","new","in","out","lis","act","syn","tim","clo"
07-01 08:30:31,,985888,1987560,163056,4680168,,,,,,,1.300,0.810,0.430,3,0,,,,9,5,5,16,1
07-01 08:30:32,19.240,18.490,60.468,0.250,0,1003532,1969588,163104,4680432,39004.133,10171.558,0,2230.807,0,97.948,3900,6988,1.300,0.810,0.430,2,0,467.750,0,0,9,4,5,16,2
07-01 08:30:33,20.502,20.002,58.756,0.500,0,1008996,1951540,163152,4693172,4252708.260,51750.968,0,5424.521,0,63.006,4750,6979,1.300,0.810,0.430,7,0,313.030,0,0,9,4,5,16,2
07-01 08:30:34,29.499,19.499,49.248,1.000,0,1015804,1930168,163292,4706224,984374.703,12200.451,0,3735.832,0,93.996,4489,7146,1.360,0.830,0.440,2,0,237.989,0,0,9,4,5,16,2
07-01 08:30:35,27.440,7.484,62.613,1.497,0,1153420,1760508,164000,4859368,5792.280,1616.450,0,3903.428,0,161.645,3851,8739,1.360,0.830,0.440,1,0,42.906,0,0,10,4,5,16,2
07-01 08:30:36,36.817,11.271,49.841,0.751,0,1160820,1720316,165416,4887220,5185.453,1622.959,80.146,6896.572,1.002,129.236,2304,3291,1.360,0.830,0.440,2,0,142.259,0,0,10,6,5,16,2
07-01 08:30:37,34.453,10.735,55.175,0.499,0,1111124,1783904,165420,4873368,13013.315,4353.084,0,647.121,0,23.967,2114,2897,1.360,0.830,0.440,2,0,148.798,0,0,10,4,5,18,0
07-01 08:30:38,46.005,6.501,46.505,0,0,1195936,1696516,165476,4875700,5663.555,1566.153,0,2624.257,0,23.002,9610,18700,1.360,0.830,0.440,3,0,16.002,0,0,10,4,4,18,0
07-01 08:30:39,35.772,8.005,46.779,9.506,0,1221120,1664956,166124,4881108,6634.080,1779.094,0,23262.306,0,2183.343,16755,35621,1.410,0.850,0.450,1,1,56.034,0,0,10,6,4,18,0
07-01 08:30:40,36.541,9.010,44.049,10.261,0,1086484,1795320,166764,4884624,5387.033,1513.695,0,42499.600,0,3364.769,10846,23790,1.410,0.850,0.450,2,0,53.059,0,0,10,4,4,18,0
07-01 08:30:41,38.182,5.989,54.403,0.749,0,1142644,1739040,166772,4884660,5559.110,1784.825,0,2064.328,0,118.789,1811,2539,1.410,0.850,0.450,1,0,113.798,0,0,10,4,4,18,0
07-01 08:30:42,23.744,2.249,73.480,0.250,0,1098172,1783488,166776,4884676,7078.103,1661.555,0,723.806,0,33.991,996,1275,1.410,0.850,0.450,1,0,9.997,0,0,10,4,4,18,0
07-01 08:30:43,23.234,3.498,72.450,0.999,0,1169468,1712172,166800,4884672,6787.290,1618.876,0,5524.166,0,318.779,1600,2762,1.410,0.850,0.450,1,0,2.998,0,0,10,4,4,18,0
07-01 08:30:44,17.516,9.259,72.567,0,0,1086892,1794724,166804,4884692,5360.964,1621.502,0,340.315,0,30.028,1789,2613,1.370,0.860,0.450,1,0,164.152,0,0,10,4,4,18,0
07-01 08:30:45,13.023,17.030,70.122,0,0,1086316,1795128,166804,4884852,6004.442,1622.822,0,32.056,0,8.014,2790,4461,1.370,0.860,0.450,1,0,384.669,0,0,10,4,4,18,0
07-01 08:30:46,17.223,14.977,67.145,0,0,1088184,1793072,166804,4884908,6064.491,1649.414,0,8746.286,0,369.421,5065,8486,1.370,0.860,0.450,1,0,238.626,0,0,10,4,4,18,0
07-01 08:30:47,46.242,8.249,45.492,0,0,1216260,1664888,166804,4885444,35227.659,1511.728,0,0,0,0,1939,2304,1.370,0.860,0.450,2,0,130.976,0,0,10,5,4,18,0
07-01 08:30:48,49.003,3.000,47.503,0,0,1271536,1607232,166904,4887524,18136.251,1620.112,0,928.064,0,100.007,1443,3577,1.370,0.860,0.450,2,0,0,0,0,10,5,4,16,0
07-01 08:30:49,13.265,7.508,78.337,0,0,1282476,1594988,166956,4888404,6852.600,1621.799,0,1918.127,0,168.187,1560,3065,1.420,0.880,0.460,0,0,118.131,0,0,10,4,4,16,0
07-01 08:30:50,11.477,3.493,83.835,0,0,1315960,1561552,166984,4888392,7260.667,1616.808,0,534.944,0,13.972,1379,1801,1.420,0.880,0.460,1,0,22.955,0,0,10,4,4,12,0
07-01 08:30:51,23.803,2.975,72.401,0.248,0,1373060,1504268,166984,4888404,5510.385,1699.928,0,20914.867,0,69.425,1064,1300,1.420,0.880,0.460,1,0,0,0,0,10,4,4,12,0
07-01 08:30:52,22.197,4.540,70.627,2.018,0,1289556,1587440,167044,4888776,5580.527,1634.506,0,7022.323,0,443.940,2822,6180,1.420,0.880,0.460,1,0,43.385,0,0,10,4,4,14,0
07-01 08:30:53,23.475,2.497,72.921,0.250,0,1345932,1530820,167048,4888980,5321.269,1618.257,0,1766.098,0,63.931,1299,1987,1.420,0.880,0.460,2,0,3.996,0,0,10,13,4,14,0
07-01 08:30:54,22.519,4.504,71.812,0.500,0,1332040,1544300,167048,4889280,5432.678,1459.256,232.200,1897.634,58.050,48.041,1727,2799,1.550,0.910,0.480,1,0,47.041,0,0,10,28,4,15,0
07-01 08:30:55,20.541,8.266,70.639,0,0,1312820,1563508,167048,4889292,9240.231,1623.203,0,412.814,0,25.049,1868,2984,1.550,0.910,0.480,3,0,156.308,0,0,10,28,4,15,0
07-01 08:30:56,45.007,7.251,47.258,0.250,0,1426332,1450016,167080,4889324,9591.592,1694.281,0,38038.314,0,352.058,2570,4031,1.550,0.910,0.480,3,0,4.001,0,0,10,29,4,15,0
07-01 08:30:57,56.756,17.752,26.253,0.250,0,1437160,1438944,167080,4889520,4869.492,1788.181,0,1088.110,0,28.003,4629,9572,1.550,0.910,0.480,6,0,442.045,0,0,10,28,4,16,0
07-01 08:30:58,84.766,13.002,2.250,0,0,1621168,1254764,167080,4889688,5127.949,1620.300,0,3816.706,0,64.012,4226,8580,1.550,0.910,0.480,7,0,148.027,0,0,10,31,4,16,0
07-01 08:30:59,64.334,10.722,23.938,0,0,1443616,1432040,167096,4889936,5414.053,1615.838,0,3259.603,0,95.753,4223,9073,1.910,1,0.510,3,0,199.486,0,0,10,29,4,16,0
07-01 08:31:00,21.491,7.497,70.721,0,0,1368340,1507300,167096,4889952,8164.693,1619.344,0,271.890,0,21.991,2202,3661,1.910,1,0.510,2,0,111.955,0,0,10,28,4,15,0
07-01 08:31:01,21.245,5.749,72.232,0.250,0.250,1336128,1539500,167096,4889960,5459.624,1457.633,0,103.974,0,12.997,2169,3923,1.910,1,0.510,4,0,67.983,0,0,10,28,4,15,0
07-01 08:31:02,23.525,2.503,73.329,0.250,0,1380188,1495400,167100,4889992,5739.193,1621.750,0,644.696,0,31.033,1710,3483,1.910,1,0.510,1,0,2.002,0,0,10,28,4,15,0
07-01 08:31:03,11.252,18.504,69.015,0,0,1323928,1551656,167100,4889996,5219.153,1694.374,0,216.048,0,8.002,2978,4524,1.910,1,0.510,1,0,509.113,0,0,10,28,4,14,0
07-01 08:31:04,66.617,21.538,11.520,0,0,1522972,1352564,167100,4890044,4824.467,1622.848,0,268.471,0,23.040,2758,4926,1.750,0.980,0.500,5,0,538.946,0,0,10,29,4,14,0
07-01 08:31:05,79.751,9.000,11.750,0,0,1566120,1309060,167116,4890380,5059.071,1714.024,0,832.012,0,64.001,6072,15015,1.750,0.980,0.500,6,0,31.000,0,0,10,30,4,19,0
07-01 08:31:06,84.745,12.249,2.750,0,0,1521116,1354016,167136,4890408,5816.645,1619.901,0,343.979,0,32.998,3586,5959,1.750,0.980,0.500,6,0,123.992,0,0,10,28,4,19,0
07-01 08:31:07,78.251,12.500,7.500,0,0,1510356,1364396,167140,4890780,6196.068,1788.020,0,63788.702,0,201.002,8667,17294,1.750,0.980,0.500,8,0,193.002,0,0,10,29,4,19,0
07-01 08:31:08,57.024,9.004,33.514,0.250,0,1393588,1480692,167140,4891224,5967.560,1680.721,0,352.151,0,25.011,4784,9234,1.750,0.980,0.500,3,0,186.080,0,0,10,29,4,19,0
07-01 08:31:09,43.226,7.246,48.723,0,0,1432620,1441644,167140,4891240,7535.855,1565.139,0,247.864,0,20.988,2372,3954,1.770,1,0.510,2,0,91.949,0,0,10,28,4,19,0
07-01 08:31:10,53.257,15.502,30.504,0,0,1416524,1457720,167140,4891260,6302.813,1788.231,0,1112.143,0,80.010,4578,9183,1.770,1,0.510,6,0,384.050,0,0,10,28,4,19,0
07-01 08:31:11,66.495,5.500,28.248,0,0,1510668,1363512,167144,4891316,5507.592,1619.880,0,359.973,0,29.998,4459,10033,1.770,1,0.510,3,0,0,0,0,10,29,4,19,0
07-01 08:31:12,80.757,14.501,5.000,0,0,1548864,1325012,167144,4891584,5901.525,1620.144,0,2984.266,0,31.003,2383,3849,1.770,1,0.510,4,0,266.024,0,0,10,29,4,19,0
07-01 08:31:13,63.296,11.759,24.017,0.250,0,1332792,1540860,167148,4891796,6614.802,1621.177,0,3854.799,0,125.091,6343,14770,1.770,1,0.510,6,0,263.191,0,0,10,28,4,24,0
07-01 08:31:14,67.123,7.486,25.202,0,0,1504524,1369084,167152,4891832,5423.722,1826.539,0,227.569,0,11.977,2251,3319,2.110,1.080,0.540,3,0,67.871,0,0,10,29,4,26,0
07-01 08:31:15,65.575,12.514,22.526,0,0,1439928,1433528,167160,4891968,5545.344,1621.855,0,524.600,0,44.050,4363,9976,2.110,1.080,0.540,3,0,305.349,0,0,10,28,4,28,0
07-01 08:31:16,62.498,10.000,27.249,0,0,1459204,1413924,167176,4892276,4837.869,1511.959,0,339.991,0,31.999,5070,10511,2.110,1.080,0.540,4,0,148.996,0,0,10,28,4,30,0
07-01 08:31:17,66.672,9.988,22.224,0.250,0,1511480,1361572,167180,4892344,20854.538,1564.165,0,395.536,0,19.977,2300,3652,2.110,1.080,0.540,4,0,143.831,0,0,10,29,4,31,0
07-01 08:31:18,62.069,8.760,29.783,0,0,1431708,1440660,167184,4893020,29027.220,1621.800,0,372.413,0,40.044,5130,9549,2.110,1.080,0.540,4,0,118.131,0,0,10,28,4,35,0
07-01 08:31:19,63.494,9.499,26.248,0.250,0,1458604,1413572,167192,4893200,5876.459,1619.851,0,511.953,0,45.996,4315,10089,2.260,1.130,0.560,5,0,144.987,0,0,10,28,4,35,0
07-01 08:31:20,82.513,15.252,1.500,0,0,1571664,1300424,167196,4893264,6298.976,1620.251,0,292.045,0,25.004,2399,4392,2.260,1.130,0.560,8,0,362.056,0,0,10,28,4,35,0
07-01 08:31:21,84.751,14.250,2.000,0,0,1479824,1392016,167212,4893488,7521.113,1620.024,0,1100.017,0,58.001,4815,9688,2.260,1.130,0.560,8,0,272.004,0,0,10,28,4,33,0
07-01 08:31:22,80.752,14.500,3.750,0,0,1537984,1333740,167220,4893660,11315.339,1788.054,0,5932.178,0,390.012,4826,8435,2.260,1.130,0.560,7,0,239.007,0,0,10,29,4,33,0
07-01 08:31:23,74.989,17.747,6.749,0,0,1427164,1444396,167220,4893912,5934.104,1511.772,0,579.912,0,13.998,4443,11398,2.260,1.130,0.560,5,0,512.923,0,0,10,28,4,33,0
07-01 08:31:24,48.504,24.252,25.252,0.250,0,1331344,1539944,167224,4893988,5402.421,1694.132,0,252.020,0,13.001,6041,16349,2.400,1.180,0.580,4,0,876.068,0,0,10,28,4,34,0
07-01 08:31:25,34.752,26.002,39.252,0,0,1407916,1463348,167224,4894180,7917.499,1640.103,0,248.016,0,23.001,3690,6964,2.400,1.180,0.580,5,0,957.060,0,0,10,28,4,33,0
07-01 08:31:26,79.490,13.998,5.499,0,0.250,1565824,1305372,167236,4894236,5387.321,1619.796,0,523.934,0,22.997,3148,7429,2.400,1.180,0.580,5,0,160.980,0,0,10,29,4,33,0
07-01 08:31:27,80.744,13.999,6.250,0.250,0,1486128,1384856,167248,4894432,5890.576,1821.869,0,1807.870,0,121.991,4031,8683,2.400,1.180,0.580,6,0,275.980,0,0,10,29,4,31,0
07-01 08:31:28,68.525,9.003,21.758,0,0,1563452,1307268,167252,4894684,5250.906,1620.588,0,192.070,0,11.004,4786,12544,2.400,1.180,0.580,3,0,0,0,0,10,32,4,37,0
07-01 08:31:29,53.760,6.751,37.757,0.250,0,1530984,1339332,167252,4895080,5701.015,1620.288,0,308.055,0,31.006,8246,18981,2.450,1.210,0.590,10,0,32.006,0,0,10,30,4,44,0
07-01 08:31:30,83.715,11.745,3.748,0,0,1524168,1346096,167268,4895116,5843.575,1619.328,0,347.856,0,33.986,4045,8069,2.450,1.210,0.590,5,0,95.960,0,0,10,29,4,45,0
07-01 08:31:31,63.996,9.999,24.749,0,0,1514084,1355852,167268,4895440,7260.593,1753.902,0,387.978,0,3.000,8704,17526,2.450,1.210,0.590,4,0,70.996,0,0,10,31,4,52,0
07-01 08:31:32,71.752,14.250,14.500,0,0,1432000,1437644,167268,4895724,5385.183,1620.055,0,8.000,0,1.000,5600,14437,2.450,1.210,0.590,6,0,206.007,0,0,10,28,4,55,0
07-01 08:31:33,81.424,9.741,8.742,0,0,1569348,1300052,167268,4895964,5048.300,1564.543,0,0,0,0,6539,12106,2.450,1.210,0.590,4,0,6.993,0,0,10,31,4,55,0
07-01 08:31:34,79.569,10.009,9.508,0,0,1485136,1384084,167272,4896136,7045.101,1621.404,0,284.246,0,20.017,3710,8285,2.500,1.240,0.610,5,0,140.121,0,0,10,28,4,56,0
07-01 08:31:35,77.508,10.251,11.751,0,0,1415892,1453268,167284,4896184,5407.573,1620.172,0,424.045,0,50.005,4812,11681,2.500,1.240,0.610,6,0,160.017,0,0,10,29,4,58,0
07-01 08:31:36,83.909,11.702,3.984,0,0.249,1547068,1321908,167288,4896360,7035.415,1613.445,0,2501.835,0,131.466,3027,6429,2.500,1.240,0.610,6,0,86.648,0,0,10,30,4,59,0
07-01 08:31:37,78.061,10.291,12.048,0,0,1424108,1444648,167292,4896572,5227.796,1626.470,0,361.438,0,19.076,6523,13725,2.500,1.240,0.610,5,0,171.683,0,0,10,28,4,59,0
07-01 08:31:38,78.002,9.750,11.750,0,0,1570800,1297732,167300,4896784,5169.160,1722.053,0,228.007,0,22.001,4752,8650,2.500,1.240,0.610,6,0,2.000,0,0,10,30,4,61,0
07-01 08:31:39,65.749,12.000,22.000,0,0,1459032,1409436,167316,4896824,5185.912,1735.970,0,5907.900,0,176.997,3380,6595,2.700,1.300,0.630,4,0,271.995,0,0,10,28,4,62,0
07-01 08:31:40,59.002,10.250,29.751,0.250,0,1346096,1521896,167316,4897272,5366.215,1620.065,0,268.011,0,22.001,5072,11058,2.700,1.300,0.630,5,0,161.006,0,0,10,28,4,65,0
07-01 08:31:41,66.238,9.248,24.996,0,0,1512328,1355496,167316,4897436,6385.882,1565.726,0,511.910,0,10.998,2053,3162,2.700,1.300,0.630,5,0,87.985,0,0,10,30,4,66,0
07-01 08:31:42,54.660,7.737,36.440,0,0,1415476,1451992,167324,4897776,5560.814,1617.328,0,447.261,0,43.927,5522,10021,2.700,1.300,0.630,5,0,161.733,0,0,10,28,4,69,0
07-01 08:31:43,45.778,4.253,48.279,0.250,0,1352804,1514612,167328,4897824,5274.170,1620.974,0,384.231,0,29.017,3682,7341,2.700,1.300,0.630,4,0,19.011,0,0,10,28,4,72,0
07-01 08:31:44,46.300,5.506,48.552,0,0,1450796,1416616,167328,4897828,5315.698,1621.739,0,220.236,0,12.013,2185,4156,2.640,1.310,0.640,3,0,25.027,0,0,10,29,4,74,0
07-01 08:31:45,44.140,6.484,48.629,0,0,1436396,1430840,167336,4897996,5636.947,1508.240,0,315.214,0,26.933,2141,3391,2.640,1.310,0.640,3,0,68.828,0,0,10,28,4,75,0
07-01 08:31:46,40.098,13.032,47.366,0.251,0,1349280,1517916,167336,4898036,5398.242,1623.984,0,288.708,0,28.069,3954,8873,2.640,1.310,0.640,3,0,327.804,0,0,10,28,4,79,0
07-01 08:31:47,44.500,5.750,49.500,0,0,1458620,1408548,167336,4898060,21258.064,1620.005,0,236.001,0,11.000,1831,3085,2.640,1.310,0.640,3,0,4.000,0,0,10,29,4,80,0
07-01 08:31:48,32.505,11.502,55.008,0,0,1376260,1490668,167340,4898292,26759.853,1620.233,0,332.048,0,28.004,3486,7131,2.640,1.310,0.640,2,0,325.047,0,0,10,28,4,82,0
07-01 08:31:49,23.949,3.493,72.346,0,0,1398120,1468772,167340,4898324,5827.634,1562.684,0,211.551,0,9.979,2730,6004,2.590,1.320,0.640,2,0,0,0,0,10,29,4,83,0
07-01 08:31:50,12.261,18.766,69.060,0.250,0,1339580,1527304,167340,4898332,6069.244,1621.401,0,256.221,0,21.018,3126,4821,2.590,1.320,0.640,1,0,418.361,0,0,10,28,4,83,0
07-01 08:31:51,38.791,10.761,50.053,0.250,0,1462788,1403548,167404,4898808,5696.999,1715.807,0,780.822,0,29.031,2169,3288,2.590,1.320,0.640,2,0,212.223,0,0,10,28,4,85,0
07-01 08:31:52,38.019,6.253,47.773,8.004,0,1522908,1337116,168024,4903964,6980.413,1512.740,0,15455.558,0,1402.686,6991,15135,2.590,1.320,0.640,2,0,80.039,0,0,10,32,4,85,0
07-01 08:31:53,37.233,7.996,41.481,12.494,0,1482240,1373700,168636,4907296,4990.699,1619.254,0,35043.845,0,3183.532,12335,25571,2.590,1.320,0.640,4,0,66.969,0,0,10,32,4,85,0
07-01 08:31:54,44.748,5.500,46.748,3.250,0,1498580,1357840,168860,4906572,7538.631,1619.921,0,15011.264,0,1129.945,4671,8978,2.540,1.330,0.650,2,0,10.000,0,0,10,28,4,82,0
07-01 08:31:55,39.422,6.238,49.651,4.741,0,1483040,1372764,169184,4906848,5638.813,1616.792,0,9668.817,0,1441.141,8301,16332,2.540,1.330,0.650,4,0,5.988,0,0,10,30,4,82,0
07-01 08:31:56,34.836,7.268,52.630,4.762,0,1353672,1501504,169424,4907188,5879.570,2019.003,0,12081.939,0,1393.453,7856,16202,2.540,1.330,0.650,1,0,101.251,0,0,10,28,5,82,0
07-01 08:31:57,22.187,3.989,72.046,1.246,0,1434640,1420456,169456,4907232,5507.420,1729.108,0,10661.838,0,578.364,2173,3999,2.540,1.330,0.650,1,0,3.989,0,0,10,28,5,82,0
07-01 08:31:58,23.233,2.248,73.696,0,0.250,1384952,1470132,169456,4907244,5307.105,1618.812,0,387.715,0,17.987,919,1194,2.540,1.330,0.650,1,0,0.999,0,0,10,28,5,81,0
07-01 08:31:59,24.269,2.252,72.806,0.250,0,1456472,1398596,169472,4907244,6870.290,1681.295,0,1925.483,0,116.089,1235,1781,2.420,1.330,0.650,2,0,4.003,0,0,10,30,5,81,0
07-01 08:32:00,23.747,2.500,73.991,0,0,1415028,1440016,169476,4907264,5801.310,1619.807,0,63.992,0,8.999,1029,1284,2.420,1.330,0.650,1,0,3.000,0,0,10,32,5,81,0
07-01 08:32:01,23.250,2.750,73.749,0,0,1361812,1493220,169476,4907276,9640.807,1703.966,0,4.000,0,1.000,998,1119,2.420,1.330,0.650,1,0,3.000,0,0,10,32,5,81,0
07-01 08:32:02,22.502,3.000,73.506,0,0,1442952,1412080,169476,4907276,5794.504,1620.141,0,0,0,0,958,1233,2.420,1.330,0.650,2,0,4.000,0,0,10,32,5,81,0
07-01 08:32:03,24.750,1.500,73.999,0,0,1393224,1461756,169476,4907324,5154.918,1787.971,0,4.000,0,1.000,928,1178,2.420,1.330,0.650,2,0,2.000,0,0,10,32,5,81,0
07-01 08:32:04,22.999,2.750,73.498,0,0,1464032,1390948,169476,4907324,6448.794,1651.947,0,0,0,0,1023,1245,2.300,1.320,0.660,2,0,4.000,0,0,10,32,5,81,0
07-01 08:32:05,23.309,2.256,73.686,0,0,1412496,1442392,169484,4907404,6315.967,1624.106,0,300.760,0,13.033,1116,1511,2.300,1.320,0.660,2,0,3.008,0,0,10,32,5,81,0
07-01 08:32:06,24.191,1.247,73.570,0.249,0,1419048,1435780,169484,4907456,5679.081,1508.303,0,323.208,0,21.946,951,1335,2.300,1.320,0.660,2,0,2.993,0,0,10,32,5,76,0
07-01 08:32:07,22.007,3.251,73.773,0,0,1372620,1482180,169492,4907472,7255.264,1620.506,0,8.002,0,2.001,940,1208,2.300,1.320,0.660,1,0,3.001,0,0,10,32,5,76,0
07-01 08:32:08,23.237,2.499,73.708,0,0,1380248,1474516,169492,4907508,6638.196,1619.072,0,0,0,0,1068,1339,2.300,1.320,0.660,1,0,4.997,0,0,10,32,4,76,0
07-01 08:32:09,22.754,3.000,74.012,0,0,1454080,1400680,169492,4907508,6299.002,1620.258,0,0,0,0,838,1155,2.200,1.320,0.660,1,0,2.000,0,0,10,32,4,76,0
07-01 08:32:10,14.533,13.531,71.161,0,0,1355516,1499124,169500,4907604,7255.455,1623.683,0,529.200,0,6.014,2683,4291,2.200,1.320,0.660,2,0,397.902,0,0,10,32,4,76,0
07-01 08:32:11,9.997,19.495,69.980,0,0,1357568,1496972,169504,4907676,5615.422,1787.498,0,715.799,0,10.997,3496,5972,2.200,1.320,0.660,1,0,586.835,0,0,10,32,4,76,0
07-01 08:32:12,12.975,15.470,70.865,0,0,1378884,1475520,169504,4907748,7023.599,1784.595,0,147.718,0,1.996,2735,4344,2.200,1.320,0.660,1,0,390.255,0,0,10,32,4,76,0
07-01 08:32:13,23.250,2.250,73.249,0,0,1459036,1395384,169504,4907732,6443.878,1457.972,0,195.996,0,2.000,1000,1257,2.200,1.320,0.660,1,0,5.000,0,0,10,32,4,76,0
07-01 08:32:14,23.998,1.750,73.745,0,0,1407072,1447328,169504,4907748,6001.592,1661.887,0,15.999,0,1.000,942,1158,2.100,1.310,0.660,1,0,3.000,0,0,10,32,4,71,0
07-01 08:32:15,23.997,2.000,73.742,0,0,1461764,1392644,169508,4907736,5731.387,1619.827,0,159.983,0,14.998,1139,1558,2.100,1.310,0.660,1,0,2.000,0,0,10,32,4,71,0
07-01 08:32:16,23.061,3.259,73.444,0,0,1436520,1417880,169516,4907732,5006.196,1624.282,0,316.835,0,23.061,1044,1367,2.100,1.310,0.660,1,0,5.013,0,0,10,32,4,65,0
07-01 08:32:17,22.752,3.000,74.258,0,0,1385556,1468820,169516,4907756,5628.597,1662.176,0,16.002,0,1.000,994,1213,2.100,1.310,0.660,1,0,3.000,0,0,10,32,4,65,0
07-01 08:32:18,22.993,1.999,74.226,0,0,1457136,1397252,169516,4907744,41414.706,1619.480,0,0,0,0,1045,1191,2.100,1.310,0.660,1,0,1.999,0,0,10,32,4,60,0
07-01 08:32:19,23.255,2.250,74.516,0,0,1415024,1439372,169516,4907736,5004.056,1512.319,0,16.003,0,2.000,972,1146,2.020,1.310,0.660,1,0,3.001,0,0,10,32,4,60,0
07-01 08:32:20,22.948,1.746,73.834,0,0,1356504,1497872,169516,4907756,5774.008,1562.484,0,19.955,0,0.998,972,1140,2.020,1.310,0.660,1,0,2.993,0,0,10,32,4,59,0
07-01 08:32:21,23.501,2.000,73.752,0,0,1437376,1417012,169516,4907744,5598.129,1620.037,0,0,0,0,978,1218,2.020,1.310,0.660,1,0,4.000,0,0,10,32,4,59,0
07-01 08:32:22,23.807,2.005,74.178,0,0,1385916,1468456,169516,4907756,8841.254,1623.904,0,76.183,0,4.010,976,1204,2.020,1.310,0.660,1,0,3.007,0,0,10,32,4,58,0
07-01 08:32:23,24.198,1.746,73.344,0.249,0,1459944,1394452,169516,4907732,8234.436,1616.552,0,2358.968,0,86.815,1055,1255,2.020,1.310,0.660,1,0,2.994,0,0,10,32,4,58,0
07-01 08:32:24,26.537,4.256,68.847,0,0,1428692,1425768,169516,4910764,9503.400,1696.392,0,0,0,0,1533,2892,1.930,1.300,0.660,5,0,37.052,0,0,11,33,4,57,0
07-01 08:32:25,23.498,2.500,73.492,0,0,1454120,1400340,169516,4907668,6419.332,1693.824,0,987.897,0,144.985,1242,1712,1.930,1.300,0.660,1,0,2.000,0,0,10,32,4,58,0
07-01 08:32:26,23.213,3.245,73.383,0,0,1350216,1504144,169528,4907756,6852.044,1455.672,0,710.863,0,38.938,1199,1558,1.930,1.300,0.660,1,0,3.994,0,0,10,32,4,58,0
07-01 08:32:27,23.244,2.499,73.732,0,0,1432320,1421996,169528,4907800,6584.400,1767.570,0,0,0,0,978,1200,1.930,1.300,0.660,3,0,3.999,0,0,10,32,4,58,0
07-01 08:32:28,23.013,2.251,73.291,0,0,1389932,1464364,169528,4907820,6460.579,1714.950,0,20.011,0,1.001,946,1137,1.930,1.300,0.660,1,0,1.001,0,0,10,32,4,58,0
07-01 08:32:29,23.275,2.503,74.581,0,0,1391544,1462744,169528,4907824,6707.311,1621.768,0,64.070,0,3.003,1077,1294,1.860,1.300,0.670,1,0,5.005,0,0,10,32,4,51,0
07-01 08:32:30,24.746,1.000,73.989,0,0,1447752,1406548,169528,4907812,5925.153,1619.768,0,11.998,0,1.000,954,1161,1.860,1.300,0.670,1,0,2.000,0,0,10,32,4,51,0
07-01 08:32:31,15.503,13.253,71.013,0,0,1385904,1468352,169532,4907852,5219.992,1694.322,0,100.019,0,9.002,2543,4140,1.860,1.300,0.670,1,0,392.074,0,0,10,32,4,43,0
07-01 08:32:32,22.509,3.251,74.028,0,0,1353312,1500748,169536,4908044,5507.104,1620.619,0,96.037,0,2.001,938,1230,1.860,1.300,0.670,1,0,9.003,0,0,10,32,4,43,0
07-01 08:32:33,22.454,2.744,73.599,0,0,1434148,1419840,169536,4908112,4825.084,1508.899,0,0,0,0,969,1260,1.860,1.300,0.670,1,0,4.990,0,0,10,32,4,33,0
07-01 08:32:34,14.026,15.028,69.881,0,0,1357936,1496048,169536,4908116,5532.406,1568.951,0,116.219,0,5.009,2803,4727,1.790,1.290,0.670,1,0,465.876,0,0,10,32,4,33,0
07-01 08:32:35,9.507,21.265,69.048,0.500,0,1356728,1497128,169536,4908228,5331.684,1621.120,0,500.346,0,22.015,3920,6988,1.790,1.290,0.670,2,0,686.474,0,0,10,32,4,32,0
07-01 08:32:36,9.498,20.246,69.237,0,0,1358568,1495224,169540,4908276,4862.096,1619.699,0,2155.599,0,69.987,3754,6380,1.790,1.290,0.670,2,0,685.872,0,0,10,32,4,32,0
07-01 08:32:37,10.751,20.002,69.257,0,0,1358776,1494976,169540,4908312,5736.597,1830.190,0,1592.166,0,20.002,3677,6197,1.790,1.290,0.670,1,0,662.069,0,0,10,32,4,29,0
07-01 08:32:38,10.245,19.490,70.713,0,0,1358876,1494840,169540,4908348,5371.207,1787.071,0,143.925,0,5.997,3023,4784,1.790,1.290,0.670,1,0,450.766,0,0,10,32,4,29,0
07-01 08:32:39,9.488,19.976,69.915,0,0,1358532,1495156,169540,4908376,5485.341,1618.036,0,319.612,0,8.989,2994,4589,1.730,1.290,0.670,3,0,447.457,0,0,10,32,4,24,0
07-01 08:32:40,43.498,24.249,31.999,0,0,1480556,1373052,169632,4908356,5261.795,1795.930,0,1083.958,0,64.997,4049,7491,1.730,1.290,0.670,3,0,733.971,0,0,10,32,4,30,0
07-01 08:32:41,63.354,9.265,23.789,3.255,0,1639732,1208816,169976,4912540,5700.360,1622.664,400.658,8922.651,4.007,617.013,3721,7134,1.730,1.290,0.670,4,0,34.056,0,0,10,36,4,27,0
07-01 08:32:42,35.762,10.504,37.763,15.755,0,1612484,1222732,170980,4924032,6142.082,1652.560,0,81063.481,0,6097.067,19933,43908,1.730,1.290,0.670,2,0,166.056,0,0,10,36,4,28,0
07-01 08:32:43,38.001,9.750,35.751,14.500,0,1652476,1170820,171648,4934864,6799.129,1620.031,0,89041.692,0,6531.124,21018,47069,1.730,1.290,0.670,2,2,84.002,0,0,10,37,4,25,0
07-01 08:32:44,50.752,7.500,28.751,12.250,0,1556056,1258436,171932,4943180,6021.211,1788.063,0,56061.962,0,4426.155,14236,32249,1.830,1.310,0.680,3,0,130.005,0,0,10,34,4,25,0
07-01 08:32:45,41.749,17.499,30.249,10.000,0,1578740,1228528,172272,4949728,5801.820,1619.950,363.989,54658.306,7.000,4173.871,18107,39845,1.830,1.310,0.680,8,0,318.990,0,0,10,35,4,20,0
07-01 08:32:46,38.265,15.256,34.263,10.754,0,1541472,1258800,172752,4955944,5778.236,1620.627,1612.624,57415.220,23.009,4229.637,15318,35739,1.830,1.310,0.680,3,0,229.089,0,0,10,34,4,22,0
07-01 08:32:47,36.988,5.998,41.986,12.496,0,1570916,1225072,172960,4959792,6023.061,1619.479,0,43162.102,0,3697.809,12277,30926,1.830,1.310,0.680,3,0,17.994,0,0,10,35,4,19,0
07-01 08:32:48,35.247,7.749,43.996,13.499,0,1540124,1256140,173252,4959184,44364.874,1511.859,0,40944.192,0,3706.655,14297,32241,1.830,1.310,0.680,1,1,90.992,0,0,10,34,4,21,0
07-01 08:32:49,36.752,7.000,43.002,13.251,0,1575444,1219376,173472,4960352,5754.276,1620.078,0,54574.620,0,4652.223,14863,34885,1.920,1.340,0.690,2,1,33.002,0,0,10,35,4,19,0
07-01 08:32:50,38.974,7.745,42.471,9.743,0,1520776,1269904,173620,4964256,6387.701,1564.947,0,46328.821,0,3832.421,14450,33372,1.920,1.340,0.690,2,0,62.958,0,0,10,34,4,19,0
07-01 08:32:51,38.749,6.000,42.499,13.000,0,1570088,1216984,173772,4967648,6834.809,1713.952,0,39106.905,0,3444.904,11754,27137,1.920,1.340,0.690,2,0,40.999,0,0,10,35,4,17,0
07-01 08:32:52,33.772,6.254,44.780,13.009,0,1514716,1268268,174052,4971344,5479.638,1789.188,0,52242.689,0,4341.883,16719,38395,1.920,1.340,0.690,1,1,100.066,0,0,10,36,4,22,0
07-01 08:32:53,33.027,8.007,42.785,14.262,0,1573268,1206024,174224,4974768,5207.249,1621.323,0,58179.474,0,4723.855,15068,35455,1.920,1.340,0.690,9,0,81.066,0,0,10,36,4,22,0
07-01 08:32:54,36.930,7.486,43.668,11.728,0,1553660,1222252,174372,4977840,6930.942,1616.954,0,42400.118,0,3810.820,14502,31787,2.010,1.370,0.710,1,1,77.853,0,0,10,36,4,22,0
07-01 08:32:55,33.304,10.016,45.574,11.519,0,1537356,1243736,174496,4972500,5384.723,1514.453,0,52749.454,0,4621.487,15946,36277,2.010,1.370,0.710,1,1,69.112,0,0,10,36,4,22,0
07-01 08:32:56,37.740,10.247,47.987,2.499,0,1460648,1319764,174516,4973172,6906.156,1693.548,0,20302.579,0,1571.580,6997,15529,2.010,1.370,0.710,4,0,199.947,0,0,10,32,4,24,0
07-01 08:32:57,22.235,5.246,72.200,0.250,0,1444560,1335788,174520,4973232,6738.364,1618.886,0,651.552,0,38.973,1858,3136,2.010,1.370,0.710,1,0,70.951,0,0,10,32,4,24,0
07-01 08:32:58,18.743,8.997,71.725,0,0,1396944,1383260,174524,4973372,5660.036,1565.457,0,819.716,0,50.982,3005,5196,2.010,1.370,0.710,1,0,147.949,0,0,10,32,4,26,0
07-01 08:32:59,12.510,23.519,63.302,0.500,0,1408416,1371680,174544,4973460,5314.406,1621.344,0,1044.866,0,78.065,3626,5883,1.850,1.350,0.700,4,0,623.517,0,0,10,34,4,28,0
07-01 08:33:00,66.746,7.750,24.748,0.250,0,1610500,1168660,174572,4974360,5430.652,1619.896,0,4627.704,0,267.983,2093,3112,1.850,1.350,0.700,3,0,34.998,0,0,10,32,4,32,0
07-01 08:33:01,66.501,8.250,24.500,0,0,1791236,984576,174764,4977348,8504.119,1788.025,0,4844.068,0,217.003,1852,2265,1.850,1.350,0.700,4,0,0,0,0,10,32,4,32,0
07-01 08:33:02,38.749,8.500,39.249,13.000,0,1792912,970504,174944,4988864,5233.906,1511.973,0,66870.796,0,5180.907,17054,37853,1.850,1.350,0.700,4,0,191.997,0,0,10,38,4,32,0
07-01 08:33:03,24.232,7.245,48.714,16.987,0,1791460,958968,175160,5001192,5228.116,1618.797,0,83066.282,0,6651.058,22015,48205,1.850,1.350,0.700,4,1,237.823,0,0,10,38,4,32,0
07-01 08:33:04,38.779,9.257,33.275,17.263,0,1695528,1044516,175260,5011168,6510.844,1621.206,0,82873.658,0,6312.697,18781,42013,2.340,1.460,0.740,3,1,237.176,0,0,10,36,4,32,0
07-01 08:33:05,43.242,7.249,31.744,16.497,0,1768140,963412,175388,5019172,5795.957,1619.708,0,59621.268,0,4700.154,14486,33407,2.340,1.460,0.740,5,1,110.980,0,0,10,36,4,32,0
07-01 08:33:06,34.007,10.002,35.507,19.754,0,1675048,1041016,175512,5033992,5720.161,1566.318,0,88069.878,0,6312.281,18373,43858,2.340,1.460,0.740,5,0,87.018,0,0,10,36,4,32,0
07-01 08:33:07,33.995,6.749,46.243,13.748,0,1671328,1038552,175568,5039996,6997.999,1619.768,0,76053.124,0,5793.172,17056,38964,2.340,1.460,0.740,2,0,41.994,0,0,10,36,4,32,0
07-01 08:33:08,24.425,9.720,64.302,0.498,0,1441864,1267936,175568,5040052,7327.439,1782.512,0,3453.367,0,210.352,2440,3857,2.340,1.460,0.740,2,0,248.236,0,0,10,32,4,32,0
07-01 08:33:09,23.265,3.002,73.799,0.250,0,1514568,1195212,175572,5040064,6370.198,1512.997,0,1256.828,0,73.048,1051,1417,2.230,1.450,0.740,2,0,3.002,0,0,10,32,4,32,0
07-01 08:33:10,22.554,3.007,72.675,0.501,0,1416508,1293264,175572,5040072,6992.804,1623.902,0,4546.926,0,279.672,1742,2887,2.230,1.450,0.740,1,0,27.065,0,0,10,32,4,32,0
07-01 08:33:11,22.194,3.491,73.566,0,0,1487040,1222732,175572,5040072,5517.201,1615.958,0,99.751,0,9.975,943,1204,2.230,1.450,0.740,1,0,2.993,0,0,10,32,4,32,0
07-01 08:33:12,23.544,2.254,73.388,0,0,1410588,1299184,175572,5040072,6964.127,1623.059,0,100.189,0,16.030,1072,1627,2.230,1.450,0.740,1,0,7.013,0,0,10,32,4,32,0
07-01 08:33:13,14.756,33.513,52.271,0.250,0,1409340,1300384,175580,5040108,8612.454,1662.667,0,708.284,0,53.021,5435,9488,2.230,1.450,0.740,2,0,1248.501,0,0,10,32,4,32,0
07-01 08:33:14,9.733,19.466,69.380,0,0,1411672,1297968,175584,5040152,5440.610,1605.229,0,179.690,0,15.972,2936,4455,2.130,1.440,0.750,1,0,481.170,0,0,10,32,4,32,0
07-01 08:33:15,10.272,18.038,70.899,0,0,1412768,1296760,175584,5040232,6902.551,1623.422,0,3595.579,0,25.053,2729,4222,2.130,1.440,0.750,1,0,351.741,0,0,10,32,4,32,0
07-01 08:33:16,10.500,19.751,69.753,0,0,1410896,1298592,175584,5040260,4282.158,1512.056,0,40.001,0,10.000,2796,4427,2.130,1.440,0.750,2,0,386.014,0,0,10,32,4,32,0
07-01 08:33:17,27.497,14.748,56.744,0,0,1457448,1251776,175592,5040756,10323.844,1619.819,0,15.998,0,3.000,4425,7296,2.130,1.440,0.750,2,0,211.976,0,0,10,33,4,32,0
07-01 08:33:18,46.250,4.500,49.000,0,0,1576292,1132832,175592,5040972,35903.323,1788.016,0,44.000,0,3.000,1183,1287,2.130,1.440,0.750,2,0,4.000,0,0,10,33,4,32,0
07-01 08:33:19,51.498,2.750,46.248,0,0,1638952,1066080,175608,5044940,5511.802,1787.936,0,683.975,0,28.999,1680,9221,2.120,1.450,0.750,2,0,5.000,0,0,10,49,4,32,0
07-01 08:33:20,28.722,10.739,59.442,0,0,1682164,1021428,175664,5046044,5993.121,1618.412,0,1258.765,0,153.849,2192,3252,2.120,1.450,0.750,1,0,167.835,0,0,10,48,4,32,0
07-01 08:33:21,12.477,6.488,80.103,0.250,0,1698608,1004920,175664,5046068,7602.027,1879.545,0,119.780,0,6.987,1383,2083,2.120,1.450,0.750,0,0,90.833,0,0,10,48,4,32,0
07-01 08:33:22,0.750,0.750,97.748,0.250,0,1698580,1004920,175664,5046092,20895.561,2320.951,0,4867.898,0,281.994,950,1505,2.120,1.450,0.750,0,0,0,0,0,10,49,4,32,0
07-01 08:33:23,0.250,0.750,97.764,0.250,0,1698564,1004920,175664,5046108,111125.558,4388.614,0,504.071,0,27.004,885,1265,2.120,1.450,0.750,0,0,1.000,0,0,10,49,4,32,0
07-01 08:33:24,0.750,0.250,98.271,0,0,1698392,1004920,175664,5046244,65171.012,3034.652,0,696.150,0,6.001,677,1044,1.950,1.430,0.750,0,0,0,0,0,10,49,3,32,0
07-01 08:33:25,21.508,10.004,65.275,2.001,0,1709216,992388,175772,5047580,10160.871,2080.793,4.002,5266.006,1.000,360.137,3167,5780,1.950,1.430,0.750,1,0,104.040,0,0,10,48,3,34,0
07-01 08:33:26,15.028,9.768,73.137,1.002,0,1734032,914604,175776,5098456,7152.382,1985.715,0,4263.978,0,100.187,1979,2808,1.950,1.430,0.750,1,0,48.090,0,0,10,48,4,33,0
07-01 08:33:27,16.998,8.749,73.991,0,0,1733748,914712,175776,5098632,8624.948,1923.765,0,0,0,0,1564,1727,1.950,1.430,0.750,1,0,67.992,0,0,10,48,4,33,0
07-01 08:33:28,22.712,2.496,73.627,0,0,1753608,894828,175776,5098464,5021.594,1617.293,0,0,0,0,1134,1235,1.950,1.430,0.750,1,0,14.975,0,0,10,48,4,33,0
07-01 08:33:29,20.540,5.260,73.894,0,0,1741364,907124,175776,5098464,5126.982,1683.277,0,4.008,0,1.002,1287,1392,1.880,1.420,0.750,1,0,26.051,0,0,10,48,4,33,0
07-01 08:33:30,14.467,10.975,73.084,0,0,1688372,1011948,175928,5048100,6181.948,1562.449,159.637,1448.707,9.977,163.628,2781,4748,1.880,1.420,0.750,0,0,287.347,0,0,10,48,4,33,0
07-01 08:33:31,12.994,6.747,78.715,0,0,1689332,1010804,175928,5047856,5056.770,1713.244,0,271.880,0,3.998,3665,6568,1.880,1.420,0.750,0,0,89.960,0,0,10,48,4,33,0
07-01 08:33:32,1.000,1.000,97.774,0,0,1689556,1010580,175928,5047856,5373.343,1620.405,0,92.023,0,9.002,820,1416,1.880,1.420,0.750,0,0,3.001,0,0,10,48,4,33,0
07-01 08:33:33,1.000,0.750,97.737,0.250,0,1689556,1010580,175928,5047856,6162.162,1955.734,0,347.953,0,23.997,725,1134,1.880,1.420,0.750,0,0,3.999,0,0,10,48,4,33,0
07-01 08:33:34,0.500,0.500,98.748,0,0,1689556,1010580,175928,5047856,6772.858,1619.966,0,12.000,0,2.000,596,908,1.730,1.400,0.750,0,0,1.000,0,0,10,48,4,33,0
07-01 08:33:35,3.000,3.250,92.989,0,0,1625332,1074824,175928,5047852,5150.413,1619.815,0,1523.826,0,4.999,1186,1778,1.730,1.400,0.750,1,0,50.994,0,0,10,48,4,33,0
07-01 08:33:36,16.028,14.776,67.870,0,0,1628208,1071980,175928,5047856,5365.475,1460.579,0,4.007,0,1.002,5054,11454,1.730,1.400,0.750,1,0,287.508,0,0,10,48,4,33,0
07-01 08:33:37,16.749,16.250,66.248,0,0,1680996,1018896,175928,5048092,6723.798,1729.948,0,4.000,0,1.000,5228,9480,1.730,1.400,0.750,4,0,347.990,0,0,11,48,4,33,0
07-01 08:33:38,8.738,8.238,81.136,0,0,1681904,1017924,175928,5048040,5138.749,1617.717,0,351.504,0,11.983,2545,4146,1.730,1.400,0.750,0,0,177.749,0,0,11,48,4,33,0
07-01 08:33:39,10.507,13.509,76.302,0,0,1686068,1013792,175928,5048060,5590.802,1799.223,0,28.019,0,2.001,3725,7952,1.590,1.370,0.740,3,0,177.120,0,0,13,50,4,33,0
07-01 08:33:40,12.255,15.756,71.027,0,0,1691820,1008004,175928,5048068,5493.126,1620.627,0,344.133,0,8.003,3898,8058,1.590,1.370,0.740,1,0,286.111,0,0,13,50,4,28,0
07-01 08:33:41,11.766,18.275,69.596,0,0,1686200,1013512,175928,5048116,6616.097,1696.332,0,68.094,0,15.021,2865,4633,1.590,1.370,0.740,1,0,383.527,0,0,13,50,4,28,0
07-01 08:33:42,25.254,17.253,56.009,0,0,1718504,980996,175944,5048244,6397.017,1882.299,0,3416.543,0,378.060,5052,8307,1.590,1.370,0.740,3,0,368.059,0,0,13,50,4,27,0
07-01 08:33:43,34.663,12.469,51.371,0.249,0,1783980,915128,175972,5048648,4977.482,1454.342,0,538.645,0,32.917,3245,9493,1.590,1.370,0.740,1,0,146.631,0,0,13,50,4,27,0
07-01 08:33:44,25.749,4.000,69.497,0,0,1857304,840576,176032,5049740,5589.737,1619.924,31.998,0,2.000,0,1583,3099,1.540,1.370,0.740,2,0,10.000,0,0,13,58,4,30,0
07-01 08:33:45,22.250,4.250,73.250,0,0,1899108,798596,176036,5049912,5763.012,1620.003,0,28.000,0,1.000,1138,1394,1.540,1.370,0.740,2,0,8.000,0,0,13,58,4,30,0
07-01 08:33:46,3.499,0.750,94.485,0,0,1903496,793808,176036,5050308,4909.210,1619.739,0,279.955,0,3.999,1345,3047,1.540,1.370,0.740,1,0,2.000,0,0,13,58,4,27,0
07-01 08:33:47,3.002,2.751,94.550,0,0,1846464,850844,176036,5050304,7623.048,1858.987,0,1008.536,0,6.003,1063,1648,1.540,1.370,0.740,1,0,31.016,0,0,13,58,4,27,0
07-01 08:33:48,17.248,14.499,67.494,0,0,1841356,855804,176036,5050308,40042.236,1619.848,0,551.948,0,11.999,4519,9200,1.540,1.370,0.740,1,0,283.973,0,0,12,56,4,24,0
07-01 08:33:49,19.499,16.500,62.498,0,0,1905160,791924,176036,5050668,5165.855,1679.953,0,8.000,0,2.000,6333,14592,1.580,1.380,0.750,1,0,299.992,0,0,12,56,4,24,0
07-01 08:33:50,20.792,13.026,63.629,0,0,1905556,791368,176036,5050484,7847.947,1569.189,0,32.065,0,6.012,5728,9523,1.580,1.380,0.750,1,0,327.666,0,0,13,48,4,23,0
07-01 08:33:51,8.479,5.736,84.787,0,0,1909796,787108,176036,5050480,7344.572,1709.710,0,3.990,0,0.997,1870,3958,1.580,1.380,0.750,0,0,36.907,0,0,13,58,4,23,0
07-01 08:33:52,31.351,19.312,49.409,0,0,1731308,965576,176036,5050500,5545.852,1625.232,0,264.853,0,3.010,3183,5425,1.580,1.380,0.750,2,0,518.670,0,0,13,50,4,27,0
07-01 08:33:53,37.256,19.003,44.007,0,0,1794976,901232,176040,5051216,6539.053,1620.261,0,524.084,0,13.002,4264,10073,1.580,1.380,0.750,5,0,421.068,0,0,13,54,4,23,0
07-01 08:33:54,47.099,13.208,39.374,0,0,1910032,786068,176048,5051276,8785.798,1614.816,0,7.974,0,1.994,3654,5771,1.610,1.390,0.760,3,0,212.318,0,0,13,58,4,25,0
07-01 08:33:55,38.524,5.003,55.785,0,0,2014976,680256,176080,5052112,7529.759,1621.024,0,44.028,0,10.006,1576,3763,1.610,1.390,0.760,2,0,6.004,0,0,13,58,4,25,0
07-01 08:33:56,23.981,3.747,71.944,0.500,0,2066792,626144,176372,5053736,6878.662,1712.671,139.891,1498.837,34.973,19.984,1275,1919,1.610,1.390,0.760,2,0,4.996,0,0,13,60,4,25,0
07-01 08:33:57,23.755,5.751,52.762,16.254,0,2065256,611076,176408,5069968,4494.998,1622.360,0,31627.021,0,2497.554,11854,24753,1.610,1.390,0.760,1,1,4.001,0,0,13,60,4,23,0
07-01 08:33:58,38.367,13.541,43.132,5.015,0,2236404,433368,176528,5075916,6256.156,1719.264,0,15551.619,0,1283.931,9184,21500,1.610,1.390,0.760,4,0,126.387,0,0,14,85,4,34,0
07-01 08:33:59,11.492,20.487,66.956,1.749,0,2249036,420244,176528,5076332,5507.404,1618.943,0,12623.757,0,573.625,4188,8193,1.640,1.400,0.760,2,0,451.705,0,0,14,85,4,32,0
07-01 08:34:00,17.493,16.243,65.222,0,0,2253496,415520,176528,5076584,7476.837,1619.315,0,591.750,0,26.989,4746,9329,1.640,1.400,0.760,3,0,287.878,0,0,14,85,4,32,0
07-01 08:34:01,45.513,10.503,43.762,0,0,2375176,293840,176532,5076988,6162.713,1706.474,0,51618.350,0,133.037,2018,3065,1.640,1.400,0.760,3,0,131.036,0,0,14,86,4,26,0
07-01 08:34:02,19.480,15.984,63.686,0.499,0,2413772,254348,176556,5077776,8014.889,1618.362,0,1958.018,0,60.938,2871,4783,1.640,1.400,0.760,2,0,237.759,0,0,14,89,4,27,0
07-01 08:34:03,9.500,18.000,71.500,0,0,2413544,254532,176556,5077820,6806.966,1619.992,0,783.996,0,54.000,2845,4552,1.640,1.400,0.760,2,0,333.998,0,0,14,89,4,27,0
07-01 08:34:04,7.744,19.484,71.942,0.250,0,2416344,251716,176556,5077836,5894.243,1456.824,0,123.900,0,10.991,2677,3967,1.510,1.370,0.760,3,0,331.732,0,0,14,89,4,27,0
07-01 08:34:05,19.986,6.495,72.949,0,0,2471472,196564,176556,5077860,7698.580,1618.860,0,0,0,0,1404,1953,1.510,1.370,0.760,3,0,90.936,0,0,14,89,4,27,0
07-01 08:34:06,21.305,5.765,72.438,0,0,2439468,228556,176556,5077872,6070.717,1624.205,0,2606.749,0,324.841,2223,3386,1.510,1.370,0.760,2,0,63.164,0,0,14,91,4,28,0
07-01 08:34:07,22.934,3.989,72.044,0,0,2489064,178940,176568,5077876,6771.606,1782.894,0,430.766,0,36.894,2281,3872,1.510,1.370,0.760,2,0,1.994,0,0,14,93,4,28,0
07-01 08:34:08,28.082,7.271,61.930,1.504,0,2473488,194012,176572,5078340,7569.991,1883.471,0,2086.060,0,274.798,4859,9181,1.510,1.370,0.760,2,0,118.344,0,0,14,104,4,30,0
07-01 08:34:09,25.940,3.492,69.840,0.499,0,2535540,131768,176572,5078496,6779.428,1616.287,0,1209.222,0,82.810,1806,3032,1.470,1.370,0.760,1,0,1.995,0,0,14,106,4,30,0
07-01 08:34:10,33.231,7.496,57.967,0.750,0,2534548,137176,176576,5074072,6193.451,1786.976,15.991,1962.875,1.999,175.899,3446,6053,1.470,1.370,0.760,3,0,92.947,0,0,14,104,4,31,0
07-01 08:34:11,43.737,8.248,47.486,0,0,2598052,127676,174516,5023052,5244.453,1511.554,231.932,7405.815,16.995,503.851,1806,2102,1.470,1.370,0.760,3,0,7.998,0,0,14,104,4,32,0
07-01 08:34:12,24.568,5.515,68.941,0.501,0,2606768,134692,174076,5008036,5762.935,1612.458,1472.070,521.442,35.097,43.119,1629,2393,1.470,1.370,0.760,2,0,59.164,0,0,14,108,4,32,0
07-01 08:34:13,21.444,4.738,72.562,0.249,0,2599896,141568,174084,5008136,5459.864,1615.817,15.959,315.184,3.990,20.946,1471,1949,1.470,1.370,0.760,1,0,53.861,0,0,14,108,4,33,0
07-01 08:34:14,22.797,4.509,71.897,0.251,0,2574988,188984,173900,4985812,5536.355,1791.675,4.008,1631.346,1.002,238.489,2071,3335,1.430,1.360,0.760,1,0,9.018,0,0,14,110,4,34,0
07-01 08:34:15,21.985,3.997,72.451,0.500,0,2638116,125892,173920,4985804,5590.255,1618.915,71.952,1862.752,7.995,115.922,1702,2686,1.430,1.360,0.760,1,0,74.950,0,0,14,111,4,34,0
07-01 08:34:16,21.476,4.245,73.417,0,0,2629732,134200,173920,4985880,6608.559,1618.178,0,71.919,0,5.993,1421,2013,1.430,1.360,0.760,2,0,56.936,0,0,14,110,4,36,0
07-01 08:34:17,26.311,4.009,67.656,1.503,0,2592132,187544,173780,4970480,7456.239,1665.851,16.037,1479.420,4.009,239.554,3854,7071,1.430,1.360,0.760,1,0,3.007,0,0,14,110,4,37,0
07-01 08:34:18,21.704,5.738,71.347,0.748,0,2654300,124268,173780,4971588,41663.756,1598.576,858.162,3903.638,12.972,239.487,2145,3398,1.430,1.360,0.760,1,0,51.889,0,0,14,111,4,37,0
07-01 08:34:19,26.246,2.500,69.489,0.250,0,2664976,129840,173608,4955604,6624.927,1565.746,0,2391.613,0,330.946,3242,5773,1.320,1.340,0.760,1,0,3.999,0,0,14,117,4,38,0
07-01 08:34:20,34.009,5.251,59.766,0.250,0,2670828,122868,173612,4956720,5471.450,1620.429,1032.274,764.203,148.039,70.019,2801,4777,1.320,1.340,0.760,1,0,72.019,0,0,14,117,4,39,0
07-01 08:34:21,22.031,8.011,69.098,1.752,0,2624580,184752,173440,4941444,5988.528,1622.310,0,4750.765,0,342.488,3202,6038,1.320,1.340,0.760,1,0,138.197,0,0,14,117,4,40,0
07-01 08:34:22,21.966,3.744,73.387,0,0,2685048,124268,173444,4941456,6911.377,1785.256,3.994,878.650,0.998,53.917,1321,1991,1.320,1.340,0.760,1,0,10.983,0,0,14,120,4,40,0
07-01 08:34:23,26.986,1.499,69.464,0.250,0,2688696,120524,173444,4941552,8813.470,1787.081,47.975,907.534,2.998,97.950,3273,5885,1.320,1.340,0.760,1,0,1.999,0,0,14,121,4,40,0
07-01 08:34:24,37.590,12.279,49.368,1.002,0,2657724,163244,173280,4930208,8719.814,1808.316,3716.872,1419.388,101.242,131.313,5160,9590,2.090,1.500,0.810,1,0,289.691,0,0,14,119,4,41,0
07-01 08:34:25,28.423,2.992,67.317,0,0,2707576,127248,173096,4916808,5711.471,1777.168,23.935,801.820,2.992,50.862,1882,4177,2.090,1.500,0.810,1,0,35.902,0,0,14,119,4,41,0
07-01 08:34:26,17.796,17.796,63.914,0.501,0,2663320,171320,173108,4916980,5788.819,1784.568,76.195,585.499,8.021,39.100,3444,5948,2.090,1.500,0.810,1,0,409.047,0,0,14,119,4,41,0
07-01 08:34:27,14.979,16.977,66.908,0,0,2668080,165932,173112,4917952,5443.493,1747.590,367.493,479.339,14.979,32.955,4871,8312,2.090,1.500,0.810,13,0,280.613,0,0,14,119,4,41,0
07-01 08:34:28,29.537,19.775,50.563,0.250,0,2713340,128708,173116,4909568,6789.487,1774.218,112.140,700.876,13.016,48.060,3867,6716,2.090,1.500,0.810,3,0,469.587,0,0,14,119,4,41,0
07-01 08:34:29,34.727,20.486,43.222,0.250,0,2753960,133576,172828,4865292,5172.591,1618.933,627.586,6411.775,38.974,512.662,5921,11281,2.080,1.510,0.820,4,0,359.763,0,0,14,125,4,41,0
07-01 08:34:30,53.810,24.027,21.023,0,0,2893048,119752,172624,4742588,5764.433,1691.888,1321.475,5898.583,105.117,698.780,7053,12105,2.080,1.510,0.820,5,0,570.637,0,0,16,131,4,41,0
07-01 08:34:31,58.525,18.508,21.759,0.500,0,2999652,131048,172576,4627604,6463.779,1882.810,6626.850,2345.008,444.191,252.108,5118,9865,2.080,1.510,0.820,5,0,317.136,0,0,16,131,4,41,0
07-01 08:34:32,56.745,21.998,21.248,0,0,3093840,128228,172580,4538044,6015.459,1511.864,443.960,8423.242,11.999,662.940,6783,15393,2.080,1.510,0.820,4,0,630.943,0,0,16,147,4,41,0
07-01 08:34:33,28.502,18.501,51.754,0,0,3145732,126280,172580,4489784,5518.381,1620.112,12.001,356.025,3.000,16.001,4201,7816,2.080,1.510,0.820,4,0,473.033,0,0,17,147,4,41,0
07-01 08:34:34,25.720,18.728,54.687,0,0,3173076,128684,172580,4460344,5449.695,1618.128,11.986,299.653,0.999,15.982,5299,10635,2,1.500,0.820,2,0,379.561,0,0,17,147,4,41,0
07-01 08:34:35,37.447,18.474,42.191,0.499,0,3244456,132656,172588,4386592,6333.102,1563.803,0,559.214,0,41.941,5759,10760,2,1.500,0.820,2,0,365.486,0,0,17,148,4,41,0
07-01 08:34:36,40.353,23.310,35.591,0,0,3348156,124008,172596,4293224,6071.561,1624.163,60.154,5494.081,5.013,475.218,6551,12180,2,1.500,0.820,4,0,636.632,0,0,17,159,4,41,0
07-01 08:34:37,34.247,24.748,41.247,0,0,3435744,129020,172604,4202384,6647.468,1705.864,4.000,1811.855,1.000,240.981,6209,12959,2,1.500,0.820,3,0,694.944,0,0,17,165,4,41,0
07-01 08:34:38,16.448,16.697,64.795,0,0,3451328,127732,172608,4188552,4917.417,1892.004,43.861,641.966,4.984,66.788,5129,9010,2,1.500,0.820,1,0,281.109,0,0,17,169,4,41,0
07-01 08:34:39,39.625,11.536,49.154,0,0,3551792,130148,172608,4087760,5633.701,1681.283,44.139,252.794,7.022,13.041,2440,3619,2,1.510,0.830,3,0,122.385,0,0,17,171,4,41,0
07-01 08:34:40,45.992,7.499,45.742,0.500,0,3655820,124688,172608,3991004,7291.658,1619.702,1251.770,547.899,30.994,41.992,1817,2457,2,1.510,0.830,3,0,2.999,0,0,17,175,4,41,0
07-01 08:34:41,35.006,14.252,51.259,0.250,0,3629272,192944,172612,3950284,9018.542,1620.277,236.040,4828.826,9.002,372.064,3354,5725,2,1.510,0.830,2,0,326.056,0,0,17,179,4,41,0
07-01 08:34:42,39.191,21.468,37.444,0.250,0,3670056,150876,172616,3951912,5237.134,1617.570,0,690.962,0,50.924,5488,16648,2,1.510,0.830,3,0,559.160,0,0,17,190,4,40,0
07-01 08:34:43,59.338,17.526,21.782,0,0,3736524,132492,172632,3905044,5576.286,1568.331,1530.274,328.488,32.048,17.025,5231,11712,2,1.510,0.830,6,0,231.344,0,0,17,191,4,40,0
07-01 08:34:44,77.330,14.468,8.232,0.499,0,3813484,146924,172648,3816008,9024.192,1658.360,790.265,830.178,16.963,58.871,3256,6374,2.240,1.570,0.850,4,0,87.807,0,0,17,204,4,40,0
07-01 08:34:45,77.061,18.264,4.754,0,0,3918528,119732,172752,3739244,5682.501,1621.284,120.095,15872.571,7.006,579.459,5219,16040,2.240,1.570,0.850,5,0,134.106,0,0,17,209,4,46,0
07-01 08:34:46,49.058,25.530,24.529,0,0,3924152,132292,172760,3721048,5221.161,1513.786,4.005,568.671,1.001,39.046,5208,11384,2.240,1.570,0.850,3,0,575.679,0,0,17,215,4,42,0
07-01 08:34:47,56.010,22.254,21.504,0.250,0,3932632,136440,172760,3708512,7699.417,1620.298,0,720.133,0,44.008,6489,22627,2.240,1.570,0.850,8,0,308.057,0,0,17,217,4,43,0
07-01 08:34:48,56.557,21.676,19.434,0.498,0,3971296,133892,172764,3672796,44497.043,1781.915,39.864,22220.118,6.976,726.519,6091,27373,2.240,1.570,0.850,4,0,446.475,0,0,17,217,4,43,0
07-01 08:34:49,63.466,21.323,15.051,0.251,0,4018056,154880,172836,3605812,5966.297,1904.479,192.655,2030.909,24.082,243.830,6398,18370,2.700,1.670,0.890,4,0,367.249,0,0,17,223,4,46,0
07-01 08:34:50,55.534,22.013,21.763,0.250,0,4120172,128564,172840,3531356,8868.365,1620.981,0,1044.632,0,68.041,6306,12549,2.700,1.670,0.890,6,0,376.228,0,0,17,226,4,47,0
07-01 08:34:51,66.206,14.740,18.987,0,0,4217840,131396,172840,3433028,6045.943,1826.774,615.587,707.525,6.995,46.968,5142,16493,2.700,1.670,0.890,4,0,185.875,0,0,17,235,4,48,0
07-01 08:34:52,68.742,6.725,24.408,0,0,4277140,135440,172856,3371000,7016.687,1613.948,195.268,976.339,11.955,82.690,3489,6035,2.700,1.670,0.890,7,0,10.959,0,0,17,244,4,45,0
07-01 08:34:53,55.194,20.071,22.830,0.502,0,4251748,211420,172860,3321384,6758.771,1517.336,590.075,891.134,10.035,76.268,5789,13683,2.700,1.670,0.890,5,0,393.384,0,0,17,250,4,49,0
07-01 08:34:54,49.700,21.978,26.224,0.499,0,4268408,192968,172868,3323460,5466.490,1618.369,1814.171,3067.908,67.932,254.743,6795,13181,2.810,1.710,0.900,4,0,478.518,0,0,17,249,4,46,0
07-01 08:34:55,67.828,18.521,13.516,0.501,0,4370808,131240,172944,3283740,5202.008,1884.176,3568.121,11841.677,49.057,959.108,5336,10732,2.810,1.710,0.900,4,0,212.245,0,0,18,251,4,46,0
07-01 08:34:56,83.747,10.750,5.250,0.250,0,4466900,131188,172952,3189128,5111.790,1939.920,927.962,1055.957,12.000,61.997,2814,4425,2.810,1.710,0.900,4,0,17.999,0,0,18,251,5,48,0
07-01 08:34:57,61.375,17.714,19.959,0,0,4481372,146380,172988,3159704,5154.490,2025.869,914.136,1405.135,17.963,93.809,5091,13537,2.810,1.710,0.900,2,0,259.471,0,0,18,252,6,51,0
07-01 08:34:58,19.715,6.239,73.370,0.250,0,4481948,145576,172988,3159944,10704.043,2983.716,766.642,606.925,5.989,48.913,1938,3045,2.810,1.710,0.900,1,0,8.984,0,0,18,253,5,51,0
07-01 08:34:59,20.255,6.502,72.517,0,0,4479204,148268,172988,3159996,22378.169,5368.240,544.126,496.115,6.001,33.008,1940,2958,2.660,1.700,0.910,2,0,10.002,0,0,18,258,5,51,1
07-01 08:35:00,20.246,5.749,72.487,0.250,0,4477648,149812,172988,3160008,6650.829,1565.724,767.865,479.916,5.999,37.993,2157,4427,2.660,1.700,0.910,1,0,9.998,0,0,18,261,5,40,0
07-01 08:35:01,24.316,13.286,61.166,0.501,0,4477148,137976,172988,3172360,16595436.588,131553.826,2919.942,609.658,35.095,32.087,7925,6155,2.660,1.700,0.910,3,0,250.682,0,0,18,261,5,40,0
07-01 08:35:02,26.683,5.736,64.837,0.499,0,4518432,145376,172988,3124108,9173.891,1615.929,1508.201,590.512,25.935,52.867,2128,3363,2.660,1.700,0.910,2,0,21.945,0,0,18,263,5,39,0
07-01 08:35:03,24.759,4.752,69.274,0.500,0,4535692,130596,172988,3121716,8373.897,1956.677,452.156,768.266,23.008,85.029,4581,9465,2.660,1.700,0.910,1,0,4.001,0,0,18,275,5,43,0
07-01 08:35:04,18.259,12.506,68.035,0.250,0,4483708,177648,172988,3126668,9760.998,1620.830,208.107,7059.615,10.005,628.322,4323,7459,2.450,1.670,0.900,1,0,270.138,0,0,18,275,5,44,0
07-01 08:35:05,19.973,8.489,70.655,0.250,0,4533792,127500,172988,3126716,8231.912,1617.821,95.871,503.322,0.999,30.958,2334,3964,2.450,1.670,0.900,1,0,200.730,0,0,18,279,5,44,0
07-01 08:35:06,14.537,13.535,71.433,0,0,4494296,166876,172992,3126832,10887.928,1624.166,0,384.987,0,26.067,2750,4171,2.450,1.670,0.900,1,0,240.617,0,0,18,279,5,43,0
07-01 08:35:07,10.249,19.249,69.995,0.500,0,4496952,164196,172992,3126856,6957.506,1457.896,7.999,1819.871,1.000,105.992,3508,5776,2.450,1.670,0.900,1,0,380.973,0,0,18,279,5,43,0
07-01 08:35:08,3.241,1.496,93.254,0,0,4496412,164652,172992,3126908,5684.997,1615.736,11.968,207.453,1.995,21.942,1447,2346,2.450,1.670,0.900,0,0,39.895,0,0,18,279,5,41,0
07-01 08:35:09,21.832,3.764,73.776,0,0,4539056,131932,172992,3117020,6396.937,1626.085,0,32216.554,0,44.165,1575,2329,2.330,1.660,0.900,1,0,11.041,0,0,18,279,5,41,0
07-01 08:35:10,16.242,13.743,70.465,0.250,0,4488652,182320,172996,3117032,7472.241,1619.186,11.994,255.871,2.998,18.990,2806,4474,2.330,1.660,0.900,1,0,195.901,0,0,18,285,5,40,0
07-01 08:35:11,12.510,16.513,70.554,0,0,4491484,179232,172996,3117288,5872.528,1789.380,0,0,0,0,3023,4754,2.330,1.660,0.900,2,0,236.182,0,0,18,285,5,40,0
07-01 08:35:12,19.923,8.467,70.728,0.498,0,4539316,130952,172996,3117720,6924.396,1781.157,502.071,243.066,7.969,29.885,2309,3598,2.330,1.660,0.900,1,0,114.560,0,0,18,289,5,39,0
07-01 08:35:13,23.509,3.501,71.277,0.250,0,4597972,131456,172996,3058828,4793.802,1620.609,340.128,228.086,45.017,20.008,1563,2429,2.330,1.660,0.900,1,0,2.001,0,0,18,291,5,39,0
07-01 08:35:14,24.498,3.250,70.993,0.250,0,4504516,236968,172996,3046784,5452.477,1619.844,99.990,2959.716,6.999,393.962,1983,3125,2.220,1.650,0.900,1,0,7.999,0,0,18,293,5,37,0
07-01 08:35:15,25.754,2.500,72.010,0.500,0,4568492,172960,172996,3046816,8794.266,1458.210,60.009,252.036,14.002,15.002,1561,2119,2.220,1.650,0.900,2,0,2.000,0,0,18,293,5,37,0
07-01 08:35:16,24.497,2.750,70.990,0,0,4598512,142724,172996,3047032,8476.822,1705.763,35.995,175.976,3.000,11.998,1823,2745,2.220,1.650,0.900,1,0,2.000,0,0,18,295,5,36,0
07-01 08:35:17,23.743,3.999,71.979,0.250,0,4550536,190664,172996,3047068,18105.641,1661.508,27.992,335.901,1.000,16.995,1462,2157,2.220,1.650,0.900,1,0,16.995,0,0,18,293,5,36,0
07-01 08:35:18,15.292,12.284,71.448,0,0,4499900,240072,173004,3048288,31367.732,1666.608,1500.148,264.732,20.055,7.019,2457,3789,2.220,1.650,0.900,1,0,199.552,0,0,18,293,5,36,0
07-01 08:35:19,13.973,15.471,70.366,0,0,4509420,230408,173004,3048432,5079.319,1784.599,15.970,139.734,3.992,4.990,3057,5014,2.210,1.660,0.910,2,0,354.325,0,0,18,293,5,35,0
07-01 08:35:20,24.225,3.746,71.677,0.749,0,4537032,202388,173032,3048812,6523.392,1618.361,515.478,2721.243,26.973,138.859,1725,2731,2.210,1.660,0.910,1,0,32.967,0,0,18,293,5,35,0
07-01 08:35:21,22.491,6.248,70.223,0,0.250,4515548,223412,173040,3049232,7829.962,2674.962,159.938,87.966,7.997,1.999,9277,18388,2.210,1.660,0.910,0,0,11.995,0,0,18,294,5,33,0
07-01 08:35:22,19.829,3.514,76.808,0.502,0,4541960,194976,173212,3050828,13191.820,4233.953,8.032,943.779,2.008,45.181,1564,2405,2.210,1.660,0.910,1,0,1.004,0,0,18,294,5,33,0
07-01 08:35:23,23.497,5.249,69.491,0,0,4551024,185904,173212,3050836,6668.153,1565.801,0,299.962,0,17.998,9195,18563,2.210,1.660,0.910,1,0,12.998,0,0,18,294,5,32,0
07-01 08:35:24,13.973,14.472,70.612,0,0,4499364,237784,173212,3050616,10205.019,1884.311,31.937,215.578,0.998,9.980,2750,4245,2.110,1.640,0.910,2,0,216.576,0,0,18,293,5,32,0
07-01 08:35:25,29.713,7.990,63.422,0.250,0,4542596,194108,173212,3051060,5769.903,1711.894,247.695,403.504,26.967,28.964,2290,5798,2.110,1.640,0.910,1,0,82.898,0,0,18,294,5,32,0
07-01 08:35:26,21.248,8.749,68.993,0,0,4518612,218052,173212,3051100,5007.484,1619.833,23.998,443.954,2.000,15.998,2379,3780,2.110,1.640,0.910,1,0,113.988,0,0,18,293,5,36,0
07-01 08:35:27,23.757,4.001,72.021,0,0,4492560,244080,173212,3051124,5799.699,1882.552,0,0,0,0,1797,2835,2.110,1.640,0.910,1,0,70.021,0,0,18,293,5,34,0
07-01 08:35:28,25.998,2.750,71.494,0.250,0,4548740,187884,173212,3051140,5110.581,1511.876,0,263.978,0,32.997,1917,3066,2.110,1.640,0.910,2,0,2.000,0,0,18,293,5,34,0
07-01 08:35:29,21.255,5.501,71.768,0,0,4537808,198796,173212,3051160,4757.208,1788.454,0,160.041,0,10.003,1744,2609,2.020,1.630,0.910,1,0,58.015,0,0,18,293,5,34,0
07-01 08:35:30,22.728,4.745,71.430,0,0,4525704,210884,173212,3051176,6242.863,1786.244,0,151.851,0,8.991,1815,2787,2.020,1.630,0.910,1,0,33.967,0,0,18,293,5,37,0
07-01 08:35:31,23.256,4.251,71.017,0,0,4511964,224484,173212,3051316,6411.564,1660.405,0,352.086,0,37.009,2064,3444,2.020,1.630,0.910,1,0,47.011,0,0,18,293,5,37,0
07-01 08:35:32,23.815,3.760,71.445,0.501,0.251,4496840,239568,173212,3051340,5013.697,1792.898,0,300.822,0,30.082,1906,3245,2.020,1.630,0.910,1,0,27.074,0,0,18,293,5,40,0
07-01 08:35:33,23.261,3.001,72.534,0,0,4551204,185200,173212,3051344,6897.242,1620.762,0,144.068,0,10.005,1660,2531,2.020,1.630,0.910,1,0,10.005,0,0,18,293,5,40,0
07-01 08:35:34,22.771,4.754,72.317,0,0,4540800,195556,173212,3051392,5100.723,1621.502,16.015,436.404,1.001,40.037,2265,3908,1.940,1.620,0.910,1,0,90.083,0,0,18,293,5,40,0
07-01 08:35:35,22.749,4.500,72.496,0,0,4517084,219264,173212,3051400,5636.701,1581.916,0,175.991,0,10.999,1776,2730,1.940,1.620,0.910,1,0,48.997,0,0,18,293,5,42,0
07-01 08:35:36,23.974,3.746,70.923,0.250,0,4487728,248488,173212,3051532,5142.426,1786.064,119.870,287.688,11.987,12.986,1652,2667,1.940,1.620,0.910,1,0,13.985,0,0,18,293,5,43,0
07-01 08:35:37,25.473,2.248,71.674,0.250,0,4538332,197836,173212,3051580,5239.430,1786.101,47.949,227.758,6.993,18.980,1667,2647,1.940,1.620,0.910,1,0,1.998,0,0,18,295,5,43,0
07-01 08:35:38,27.179,2.743,68.072,0.748,0,4516076,219500,173216,3052164,7368.753,1783.342,327.145,1312.572,21.943,156.591,3528,6572,1.940,1.620,0.910,1,0,6.982,0,0,18,295,5,44,0
07-01 08:35:39,27.263,2.751,68.784,0.750,0,4541248,194076,173216,3052416,5770.851,1566.774,52.026,1036.512,4.002,117.058,3196,5813,1.860,1.610,0.910,1,0,0,0,0,18,295,5,46,0
07-01 08:35:40,12.295,18.820,68.253,0,0,4491752,243564,173216,3052424,7265.884,1888.989,0,847.134,0,67.249,4164,7276,1.860,1.610,0.910,1,0,658.436,0,0,18,295,5,46,0
07-01 08:35:41,10.753,20.506,67.269,0,0,4498956,236320,173216,3052464,5101.444,1620.459,0,664.188,0,43.012,4264,7417,1.860,1.610,0.910,2,0,692.196,0,0,18,295,5,46,0
07-01 08:35:42,11.009,21.767,65.551,0.751,0,4506524,228588,173216,3052612,5193.014,1513.170,0,3094.392,0,201.155,5504,10691,1.860,1.610,0.910,1,0,763.590,0,0,18,295,5,46,0
07-01 08:35:43,12.243,19.739,67.214,0,0,4504624,230448,173216,3052652,5611.958,1619.122,0,267.855,0,27.985,4601,8513,1.860,1.610,0.910,1,0,776.579,0,0,18,295,5,46,0
07-01 08:35:44,11.251,20.002,68.257,0.250,0,4506412,228608,173216,3052704,5205.547,2040.214,4.000,1248.131,1.000,119.012,4390,7766,1.870,1.620,0.920,1,0,736.077,0,0,18,295,5,46,0
07-01 08:35:45,16.179,12.445,69.693,0,0,4510248,300404,173744,2984284,5310.580,1612.887,19.912,3130.196,3.982,358.419,15394,30400,1.870,1.620,0.920,1,0,111.508,0,0,18,295,5,43,0
07-01 08:35:46,18.516,2.752,77.566,0,0,4540776,265480,173824,2988064,6866.830,2681.276,0,3130.658,0,14.012,1379,2101,1.870,1.620,0.920,0,0,3.003,0,0,18,296,5,43,0
07-01 08:35:47,2.249,0.250,95.939,0,0,4540776,265480,173824,2988064,12127.299,2615.339,0,0,0,0,1028,1685,1.870,1.620,0.920,0,0,0,0,0,18,296,5,39,0
07-01 08:35:48,2.250,1.250,95.006,0.250,0,4540768,265480,173824,2988072,45335.992,1620.107,0,324.021,0,31.002,1423,2269,1.870,1.620,0.920,0,0,0,0,0,18,296,5,39,0
07-01 08:35:49,2.750,0.750,94.245,0.250,0,4540728,265480,173824,2988112,4586.757,1511.920,31.998,291.985,1.000,40.998,1515,2720,1.720,1.590,0.910,0,0,0,0,0,18,296,5,36,0
07-01 08:35:50,1.751,1.001,95.824,0,0.250,4540724,265480,173824,2988116,7839.075,1621.256,0,472.366,0,24.019,1133,1837,1.720,1.590,0.910,0,0,0,0,0,18,296,5,36,0
07-01 08:35:51,2.498,0.999,95.934,0,0,4540724,265480,173824,2988116,6209.722,1796.762,0,35.975,0,4.997,1167,1919,1.720,1.590,0.910,0,0,0,0,0,18,296,5,34,0
07-01 08:35:52,2.250,1.000,95.494,0.250,0,4540724,265480,173824,2988116,4861.694,1787.887,0,119.992,0,16.999,1226,2131,1.720,1.590,0.910,0,0,0,0,0,18,296,5,34,0
07-01 08:35:53,3.501,0.500,95.514,0.250,0,4540716,265480,173824,2988124,4522.647,1788.256,0,240.034,0,17.002,1293,2213,1.720,1.590,0.910,0,0,1.000,0,0,18,296,5,29,0
07-01 08:35:54,2.250,1.250,95.259,0,0,4540940,265256,173824,2988124,5489.516,1566.147,0,32.003,0,4.000,1114,1836,1.590,1.560,0.910,0,0,0,0,0,18,296,5,29,0
07-01 08:35:55,3.500,1.250,93.998,0.250,0,4541036,265032,173824,2988252,5301.905,1619.971,79.999,1459.974,5.000,5.000,1283,2129,1.590,1.560,0.910,0,0,0,0,0,18,296,5,28,0
07-01 08:35:56,3.501,0.500,94.519,0.250,0.250,4541036,265032,173824,2988252,5679.153,1672.339,0,136.028,0,14.003,1120,1895,1.590,1.560,0.910,1,0,0,0,0,18,296,5,28,0
07-01 08:35:57,13.290,2.006,84.505,0,0,4542492,263268,173836,2988548,20591.082,7876.748,104.315,742.238,13.039,19.057,1319,1981,1.590,1.560,0.910,1,0,0,0,0,18,297,5,23,0
07-01 08:35:58,15.180,0.995,81.377,0.498,0,4544840,260496,173876,2988904,21716.430,10484.927,350.393,1202.487,32.849,56.740,1706,2695,1.590,1.560,0.910,1,0,0,0,0,18,297,5,23,0
07-01 08:35:59,13.011,2.002,83.323,1.251,0,4560928,243360,173920,2989872,19518.059,11523.071,828.724,1565.368,45.039,74.065,1758,2814,1.540,1.550,0.910,2,0,0,0,0,18,296,5,23,1
07-01 08:36:00,16.254,1.250,80.018,0.500,0,4564428,239328,173960,2990332,16902.820,9337.110,228.052,1164.263,25.006,38.009,1563,2422,1.540,1.550,0.910,1,0,0,0,0,18,296,5,23,1
07-01 08:36:01,15.505,1.000,82.024,0.500,0,4573804,229248,173972,2990988,16526.908,9673.873,552.164,980.291,30.009,37.011,1483,2270,1.540,1.550,0.910,1,0,1.000,0,0,18,296,5,23,1
07-01 08:36:02,18.650,2.238,76.590,1.492,0,4581316,199252,174012,3013256,12084.385,6535.057,7571.515,1316.958,115.383,74.601,1763,2817,1.540,1.550,0.910,1,0,0,0,0,18,296,5,23,1
07-01 08:36:03,22.113,5.026,72.118,1.508,0,4594764,156884,174048,3039992,7848.049,1628.309,0,6006.652,0,258.318,2032,3518,1.540,1.550,0.910,1,0,1.005,0,0,18,296,5,23,1
07-01 08:36:04,21.729,2.997,72.930,1.249,0,4590828,128708,174244,3069916,7341.944,1618.445,0,3260.866,0,143.862,1752,2936,1.490,1.550,0.910,2,0,0,0,0,18,296,5,19,1
07-01 08:36:05,23.795,2.755,72.386,0.501,0,4526844,199888,174256,3061668,6020.288,1863.494,448.842,1963.682,6.011,60.113,1518,2328,1.490,1.550,0.910,1,0,2.004,0,0,18,295,5,19,0
07-01 08:36:06,25.008,4.501,70.023,0,0,4569304,156056,174256,3062992,5450.772,1620.527,0,4.001,0,1.000,9397,18718,1.490,1.550,0.910,1,0,16.005,0,0,18,295,5,18,0
07-01 08:36:07,24.477,4.746,69.685,0,0,4569384,155812,174256,3063136,6655.817,1618.496,0,107.900,0,6.994,8923,17920,1.490,1.550,0.910,1,0,12.988,0,0,18,295,5,18,0
07-01 08:36:08,23.258,4.752,71.526,0,0,4515760,209452,174256,3063116,5256.887,1626.584,0,1768.635,0,17.006,1833,2839,1.490,1.550,0.910,1,0,49.018,0,0,18,295,5,18,0
07-01 08:36:09,23.244,7.248,68.982,0,0,4538624,186580,174256,3063120,9453.580,1619.585,0,155.960,0,8.998,8895,18251,1.450,1.540,0.910,1,0,11.997,0,0,18,295,5,18,0
07-01 08:36:10,23.077,5.268,70.486,0,0,4551804,173272,174256,3063248,5863.643,1625.445,0,425.425,0,20.067,9142,18168,1.450,1.540,0.910,1,0,14.047,0,0,18,295,5,18,0
07-01 08:36:11,23.184,4.986,70.050,0,0,4527696,197348,174256,3063276,5472.415,1615.399,0,263.250,0,12.963,8972,17891,1.450,1.540,0.910,1,0,15.955,0,0,18,295,5,18,0
07-01 08:36:12,25.732,3.248,71.450,0,0,4545436,179736,174256,3063148,5261.296,1618.860,0,343.758,0,21.985,1544,2342,1.450,1.540,0.910,1,0,4.996,0,0,18,295,5,18,0
07-01 08:36:13,22.506,7.002,69.019,0.250,0,4525876,183620,174984,3076520,5355.473,1620.446,4.001,248.068,1.000,15.004,15823,31075,1.450,1.540,0.910,1,0,102.028,0,0,18,295,5,18,0
07-01 08:36:14,14.494,1.749,82.468,0.250,0,4547296,159244,175056,3078976,6137.655,2677.977,0,1239.527,0,6.997,1339,2095,1.420,1.530,0.910,1,0,2.999,0,0,18,296,5,18,0
07-01 08:36:15,9.749,1.250,87.994,0,0,4547372,158992,175076,3079128,11117.200,3625.739,0,123.991,0,5.000,1253,1917,1.420,1.530,0.910,0,0,0,0,0,18,297,5,18,0
07-01 08:36:16,12.515,2.253,84.352,0.250,0,4559784,146392,175112,3079184,18634.455,9047.903,0,1565.887,0,180.217,1452,2098,1.420,1.530,0.910,0,0,0,0,0,18,297,5,18,0
07-01 08:36:17,11.981,0.998,85.614,0.499,0,4560500,145412,175172,3079352,21068.648,12207.675,0,1170.148,0,38.938,1455,2232,1.420,1.530,0.910,0,0,0,0,0,18,297,5,18,0
07-01 08:36:18,4.756,0.751,92.867,0.250,0,4560792,144936,175216,3079456,84896.885,6828.597,0,472.595,0,18.023,1414,2132,1.420,1.530,0.910,0,0,0,0,0,18,298,5,17,0
07-01 08:36:19,12.535,2.006,83.982,0.752,0,4570484,134876,175336,3079664,116172.403,11480.664,4.011,1508.160,1.003,75.207,1647,2706,1.380,1.520,0.910,1,0,0,0,0,18,298,5,17,0
07-01 08:36:20,16.237,1.998,80.184,0.500,0,4571444,133756,175380,3079732,17207.855,9159.471,0,23564.630,0,364.700,1610,2290,1.380,1.520,0.910,1,0,0,0,0,18,297,5,17,1
07-01 08:36:21,15.967,0.499,81.581,0.499,0,4578000,126952,175412,3079968,18886.829,9776.723,0,914.104,0,34.928,1564,2292,1.380,1.520,0.910,1,0,0,0,0,18,297,5,17,1
07-01 08:36:22,11.033,2.006,86.007,1.003,0,4583088,121420,175624,3080240,265624.420,18362.850,24.072,2078.208,4.012,102.306,1835,2787,1.380,1.520,0.910,0,0,0,0,0,18,297,5,17,1
07-01 08:36:23,6.975,1.246,88.685,0.747,0,4582632,121168,175832,3080532,107986.217,13055.600,0,1861.385,0,91.674,1779,2826,1.380,1.520,0.910,0,0,0.996,0,0,18,297,5,17,1
07-01 08:36:24,15.001,1.750,81.755,0.250,0,4574868,132340,175884,3077080,1091053.645,22759.411,96.006,740.046,6.000,31.002,1844,2346,1.270,1.490,0.900,0,0,1.000,0,0,18,297,5,17,1
07-01 08:36:25,13.245,5.498,79.469,1.499,0,4593040,131616,176032,3059144,16399305.070,122591.435,135.947,18348.881,1.999,84.967,7877,7866,1.270,1.490,0.900,0,0,38.985,0,0,18,297,5,18,1
07-01 08:36:26,19.323,3.262,75.034,0.753,0,4596044,145804,176704,3040292,401033.108,6167.331,28.106,2878.891,2.008,101.384,1804,2769,1.270,1.490,0.900,1,0,0,0,0,18,297,6,13,1
07-01 08:36:27,34.634,8.970,55.564,0.498,0,4614340,131656,179596,3030284,4889.673,1875.737,518.269,3859.114,5.980,78.737,1820,2641,1.270,1.490,0.900,2,0,7.973,0,0,18,297,6,13,1
07-01 08:36:28,34.257,7.001,58.012,0.500,0,4624796,134316,180456,3015724,4927.025,1458.303,512.107,3312.689,4.001,135.028,2239,3439,1.270,1.490,0.900,1,0,4.001,0,0,18,297,6,13,1
07-01 08:36:29,21.498,4.250,72.245,1.000,0,4611276,121292,181480,3038428,6469.521,1787.868,0,3015.777,0,119.991,1911,3154,1.250,1.480,0.910,1,0,0,0,0,18,297,6,13,1
07-01 08:36:30,23.741,3.249,71.724,0.500,0,4610784,135176,183288,3021112,5897.835,1619.406,0,2838.958,0,57.979,1643,2662,1.250,1.480,0.910,1,0,0,0,0,18,297,6,10,1
07-01 08:36:31,16.502,3.250,78.760,0.750,0,4613100,154636,183904,2997556,24526.139,4429.567,20.003,2424.310,3.000,75.010,1673,2478,1.250,1.480,0.910,2,0,0,0,0,18,295,6,10,0
07-01 08:36:32,25.008,3.001,71.521,0,0,4556964,209720,183908,2998680,7038.111,1620.486,0,1472.442,0,44.013,1595,2359,1.250,1.480,0.910,1,0,9.003,0,0,18,295,6,10,0
07-01 08:36:33,25.250,5.250,68.501,0.500,0,4547688,218772,183908,2998856,18209.291,1956.031,0,404.006,0,15.000,9923,19948,1.250,1.480,0.910,1,0,10.000,0,0,18,295,6,10,0
07-01 08:36:34,23.496,6.249,69.739,0,0,4568156,198212,183908,2998944,6813.923,1873.704,0,1971.688,0,10.998,8785,18200,1.230,1.480,0.910,1,0,12.998,0,0,18,295,6,7,0
07-01 08:36:35,23.998,4.250,70.744,0.250,0,4532316,233500,183908,2999448,7070.392,1457.875,167.986,535.954,4.000,28.998,1709,2616,1.230,1.480,0.910,1,0,5.999,0,0,18,295,6,7,0
07-01 08:36:36,23.508,4.752,68.774,0.500,0,4554556,207492,184180,3002300,6248.199,1620.570,928.327,66599.443,34.012,441.155,3971,7437,1.230,1.480,0.910,1,0,2.001,0,0,18,297,6,12,0
07-01 08:36:37,23.302,8.018,66.899,1.754,0,4500796,260352,184184,3003192,5669.643,1623.621,657.466,4518.075,38.085,400.894,5230,10276,1.230,1.480,0.910,3,0,165.369,0,0,18,297,6,14,0
07-01 08:36:38,12.234,13.982,70.158,2.497,0,4495640,261324,184184,3007336,5352.005,1617.885,4106.633,1078.590,426.443,63.916,3353,5636,1.230,1.480,0.910,1,0,285.627,0,0,18,297,6,15,0
07-01 08:36:39,6.492,4.994,72.162,16.230,0,4487516,232624,184184,3044144,5465.371,1711.923,36727.450,583.292,2529.931,12.984,3937,7084,1.210,1.470,0.910,0,1,0,0,0,18,297,6,15,0
07-01 08:36:40,7.000,3.000,85.496,3.250,0,4488196,228372,184184,3047696,17045.233,3246.854,3539.841,2387.893,560.975,74.997,2110,3537,1.210,1.470,0.910,0,0,6.000,0,0,18,298,6,13,0
07-01 08:36:41,3.749,0.500,94.727,0,0,4488192,228372,184184,3047696,45819.049,4473.931,0,1603.617,0,21.995,1449,2401,1.210,1.470,0.910,3,0,0,0,0,18,298,6,13,0
07-01 08:36:42,2.752,1.501,94.553,0,0,4488316,228148,184184,3047796,125164.842,4223.357,0,188.105,0,22.012,1343,2226,1.210,1.470,0.910,0,0,2.001,0,0,18,298,6,13,0
07-01 08:36:43,7.248,2.249,89.222,0.250,0,4471912,242820,184416,3049220,168007.742,130752.551,959.696,1003.682,18.994,19.994,1764,2652,1.210,1.470,0.910,0,0,13.996,0,0,18,297,6,13,0
07-01 08:36:44,4.250,1.250,92.258,0,0,4471888,242820,184416,3049244,18216.639,1620.146,0,4.000,0,1.000,1989,3687,1.110,1.440,0.900,1,0,0,0,0,18,297,6,13,0
07-01 08:36:45,4.498,0.250,93.710,0,0,4471796,242820,184416,3049336,12929.427,1619.302,0,379.836,0,8.996,1433,2166,1.110,1.440,0.900,1,0,0,0,0,18,298,6,14,0
07-01 08:36:46,4.000,2.000,93.511,0,0,4472588,241924,184416,3049340,5961.692,1620.188,0,15961.852,0,42.005,1426,2248,1.110,1.440,0.900,1,0,0,0,0,18,297,6,15,0
07-01 08:36:47,3.000,2.000,92.762,0.750,0,4472440,241924,184416,3049488,6452.800,1620.201,0,2184.271,0,301.037,1802,3088,1.110,1.440,0.900,0,0,0,0,0,18,297,6,15,0
07-01 08:36:48,2.001,0.750,95.779,0.500,0,4472440,241924,184416,3049488,43750.431,1620.497,0,1172.360,0,71.022,1161,1961,1.110,1.440,0.900,1,0,0,0,0,18,297,6,15,0
07-01 08:36:49,1.748,1.498,95.651,0,0,4472664,241700,184416,3049488,5400.438,1748.199,0,467.518,0,18.980,1014,1727,1.110,1.440,0.900,1,0,0,0,0,18,297,6,15,0
07-01 08:36:50,2.002,0.250,95.827,0.250,0,4472664,241700,184416,3049488,6423.177,1567.263,0,2197.771,0,110.089,1182,2168,1.110,1.440,0.900,0,0,0,0,0,18,297,6,15,0
07-01 08:36:51,2.753,1.001,95.361,0,0,4472908,241448,184416,3049492,5526.411,1621.881,0,13415.562,0,326.379,1229,1919,1.110,1.440,0.900,0,0,0,0,0,18,297,6,15,0
07-01 08:36:52,2.996,0.250,95.633,0.250,0,4473252,241448,184416,3049492,8081.109,1618.020,0,91.888,0,12.984,1180,2007,1.110,1.440,0.900,1,0,0,0,0,18,297,6,15,0
07-01 08:36:53,2.250,1.250,95.513,0,0,4473300,241448,184416,3049492,5179.689,1620.215,0,172.023,0,11.001,1150,1968,1.110,1.440,0.900,0,0,1.000,0,0,18,297,6,15,0
07-01 08:36:54,2.250,0.750,95.759,0,0,4473776,240972,184416,3049492,8778.825,1620.152,0,60.006,0,7.001,1100,1787,1.020,1.410,0.900,0,0,0,0,0,18,297,6,15,0
07-01 08:36:55,2.748,0.500,95.671,0,0,4473740,240972,184416,3049528,5144.756,1510.754,0,0,0,0,1074,1754,1.020,1.410,0.900,0,0,0,0,0,18,297,6,15,0
07-01 08:36:56,2.001,1.000,95.543,0.250,0,4473732,240972,184416,3049536,6507.961,1714.780,0,516.235,0,28.013,1178,1947,1.020,1.410,0.900,0,0,0,0,0,18,297,6,15,0
07-01 08:36:57,1.750,0.750,95.982,0,0,4473728,240972,184416,3049540,5262.016,1693.683,19.996,91.983,2.000,10.998,1156,2067,1.020,1.410,0.900,0,0,0,0,0,18,297,6,15,0
07-01 08:36:58,2.749,1.250,93.964,0.500,0,4473696,240972,184416,3049572,5615.860,1659.368,0,431.835,0,41.984,1414,2457,1.020,1.410,0.900,0,0,0,0,0,18,297,6,15,0
07-01 08:36:59,2.252,0.250,95.817,0,0,4473696,240972,184416,3049572,6216.339,1789.249,0,44.031,0,2.001,1168,1939,0.930,1.390,0.890,0,0,0,0,0,18,297,6,15,0
07-01 08:37:00,3.250,1.000,94.995,0,0,4473692,240972,184420,3049572,19829.009,1787.911,0,91.995,0,11.999,1530,2370,0.930,1.390,0.890,0,0,0,0,0,18,297,6,15,0
07-01 08:37:01,2.250,3.250,91.747,1.000,0,4476272,238220,184420,3049572,5881.794,1619.943,0,137467.189,0,778.973,3389,5455,0.930,1.390,0.890,0,0,0,0,0,18,297,6,15,0
07-01 08:37:02,3.501,1.500,94.519,0.250,0,4476200,238356,184420,3049576,4717.925,1680.329,0,892.175,0,167.033,1410,2390,0.930,1.390,0.890,0,0,0,0,0,18,297,6,15,0
07-01 08:37:03,1.750,0.250,95.991,0,0,4476448,238108,184420,3049576,8817.206,1619.854,0,99.991,0,6.999,1132,1967,0.930,1.390,0.890,0,0,1.000,0,0,18,297,6,15,0
07-01 08:37:04,1.500,1.000,96.247,0,0,4476444,238108,184420,3049580,5270.810,1619.942,0,103.996,0,7.000,1080,1817,0.860,1.360,0.890,1,0,0,0,0,18,297,6,15,0
07-01 08:37:05,1.750,0.250,95.743,0.250,0,4476444,238108,184420,3049580,6047.540,1639.875,0,311.976,0,21.998,1121,1916,0.860,1.360,0.890,1,0,0,0,0,18,297,6,15,0
07-01 08:37:06,2.000,0.750,96.739,0,0,4476444,238108,184420,3049580,8360.080,1861.795,0,0,0,0,1081,1767,0.860,1.360,0.890,0,0,0,0,0,18,297,6,15,0
07-01 08:37:07,2.250,0.750,96.009,0,0,4476300,238200,184420,3049580,5891.536,1714.156,4.000,3940.359,1.000,17.002,1202,2106,0.860,1.360,0.890,0,0,0,0,0,18,297,6,15,0
07-01 08:37:08,2.239,0.746,94.789,0.249,0,4476288,238200,184420,3049592,7794.090,1671.868,0,386.122,0,34.831,1251,2125,0.860,1.360,0.890,0,0,0,0,0,18,297,6,15,0
07-01 08:37:09,2.763,0.502,96.219,0,0,4476288,238200,184420,3049592,6457.506,1627.943,0,0,0,0,1057,1754,0.790,1.340,0.880,0,0,0,0,0,18,297,6,15,0
07-01 08:37:10,2.750,1.000,95.740,0,0,4476288,238200,184420,3049592,7595.195,1839.805,0,47.995,0,5.999,1021,1698,0.790,1.340,0.880,0,0,0,0,0,18,297,6,15,0
07-01 08:37:11,3.000,0.250,95.512,0,0,4476288,238200,184420,3049592,4808.620,1706.220,0,48.006,0,6.001,1037,1741,0.790,1.340,0.880,0,0,0,0,0,18,297,6,15,0
07-01 08:37:12,3.000,1.250,95.241,0.250,0,4476280,238200,184420,3049600,6070.429,1639.846,0,203.981,0,26.997,1174,2031,0.790,1.340,0.880,1,1,0,0,0,18,297,6,15,0
07-01 08:37:13,1.501,0.750,96.559,0,0,4476280,238200,184420,3049600,4094.514,972.597,0,584.359,0,91.056,1099,1943,0.790,1.340,0.880,0,0,1.001,0,0,18,297,6,15,0
07-01 08:37:14,6.497,2.249,90.455,0,0,4485092,229368,184432,3049608,222329.058,2946.530,19.990,127.936,1.000,5.997,1239,1869,0.730,1.320,0.880,1,0,6.997,0,0,18,297,6,15,0
07-01 08:37:15,11.499,4.250,83.245,0,0,4481012,233168,184468,3049844,234457.401,11847.313,219.987,4.000,10.999,1.000,1916,2488,0.730,1.320,0.880,0,0,35.998,0,0,18,297,6,15,0
