"pcp-dstat 5.3.6 CSV Output"
"Author:","PCP team <pcp@groups.io> and Dag Wieers <dag@wieers.com>",,,,"URL:","https://pcp.io/ and http://dag.wieers.com/home-made/dstat/"
"Host:","jammy-provider-cloud-0000007798",,,,"User:","ubuntu"
"Cmdline:","dstat -tcmndrylpg --tcp --output /tmp/devstack_logs/dstat-csv.log",,,,"Date:","10 Dec 2024 16:42:31 UTC"
"system","total usage",,,,,"memory usage",,,,"net/total",,"dsk/total",,"io/total",,"system",,"load avg",,,"procs",,,"paging",,"tcp sockets",,,,
"time","total usage:usr","total usage:sys","total usage:idl","total usage:wai","total usage:stl","used","free","buf","cach","net/total:recv","net/total:send","dsk/total:read","dsk/total:writ","read","writ","int","csw","1m","5m","15m","run","blk","new","in","out","lis","act","syn","tim","clo"
10-12 16:42:31,,984904,1979484,163472,4688380,,,,,,,1.110,0.830,0.450,1,0,,,,9,5,4,16,1
10-12 16:42:32,23.240,19.741,56.225,0.500,0,1009220,1954808,163600,4688584,54383.071,13855.903,0,2854.744,0,118.948,4182,7743,1.110,0.830,0.450,2,0,618.728,0,0,9,5,4,16,1
10-12 16:42:33,22.700,17.711,58.122,0.499,0,1013820,1930856,163708,4707456,5232940.899,54988.640,0,7267.960,0,89.802,6874,10003,1.100,0.830,0.450,4,0,353.220,0,0,9,4,4,16,2
10-12 16:42:34,33.572,12.026,53.616,1.002,0,1159652,1755080,164040,4858356,5100.001,1461.152,0,4918.609,0,118.255,3722,7275,1.100,0.830,0.450,2,0,100.216,0,0,10,6,4,16,2
10-12 16:42:35,37.515,12.505,48.270,1.501,0,1160012,1718300,165364,4889948,4848.998,1714.706,80.033,4613.901,1.000,171.070,2632,4227,1.100,0.830,0.450,2,0,218.090,0,0,10,6,4,16,2
10-12 16:42:36,37.975,6.496,54.215,0.999,0,1225368,1659064,165956,4882068,10580.081,4356.151,0,3705.577,0,80.947,1689,2574,1.100,0.830,0.450,2,0,45.970,0,0,10,4,4,18,0
10-12 16:42:37,43.246,5.750,48.496,1.500,0,1216288,1664236,166296,4885376,4556.622,1661.862,0,8123.326,0,587.951,9040,17955,1.100,0.830,0.450,2,1,19.998,0,0,10,6,4,18,0
10-12 16:42:38,34.756,9.502,42.758,12.252,0,1223272,1648932,167064,4892748,6071.123,1620.300,0,36814.811,0,3497.647,21404,47766,1.250,0.870,0.460,5,0,74.014,0,0,10,6,4,18,0
10-12 16:42:39,43.745,8.249,45.495,2.000,0.250,1123692,1748100,167192,4892920,4675.472,1787.798,0,23065.394,0,1203.864,4638,10324,1.250,0.870,0.460,2,0,94.989,0,0,10,4,4,18,0
10-12 16:42:40,44.397,4.240,50.383,0,0,1168024,1703748,167192,4892928,4697.117,1658.158,0,1061.540,0,35.917,1436,1663,1.250,0.870,0.460,1,0,52.877,0,0,10,4,4,18,0
10-12 16:42:41,23.264,2.501,72.793,0.500,0,1148724,1723008,167228,4892932,5338.139,1458.858,0,6984.107,0,372.219,1466,2852,1.250,0.870,0.460,1,0,12.007,0,0,10,4,4,18,0
10-12 16:42:42,23.012,2.751,73.540,0.250,0,1085700,1786028,167232,4892928,6821.691,1620.877,0,332.180,0,18.010,1092,1436,1.250,0.870,0.460,1,0,43.023,0,0,10,4,4,18,0
10-12 16:42:43,10.763,17.771,70.335,0,0,1086988,1784716,167232,4892952,5638.783,1621.951,0,24.029,0,6.007,2749,4206,1.230,0.870,0.470,1,0,367.442,0,0,10,4,4,18,0
10-12 16:42:44,13.223,15.718,68.858,0,0,1088244,1783008,167232,4893624,5642.377,1616.670,0,31.934,0,7.984,3011,6989,1.230,0.870,0.470,1,0,338.303,0,0,10,4,4,18,0
10-12 16:42:45,35.330,12.027,51.366,0,0,1177048,1693992,167232,4893768,6884.580,1623.674,0,2654.006,0,220.499,3249,6015,1.230,0.870,0.470,2,0,169.383,0,0,10,5,4,18,0
10-12 16:42:46,47.982,2.749,49.232,0,0,1246200,1624504,167248,4894208,4963.159,1787.337,0,379.859,0,35.987,1156,1168,1.230,0.870,0.470,2,0,0,0,0,10,5,4,18,0
10-12 16:42:47,31.678,8.730,59.614,0,0,1279756,1588012,167284,4896632,4884.824,1616.302,0,798.174,0,102.765,1932,5517,1.230,0.870,0.470,0,0,117.731,0,0,10,4,4,18,0
10-12 16:42:48,0.500,0,97.770,0,0,1279732,1588012,167284,4896632,4883.021,1512.316,0,1348.282,0,13.003,653,1135,1.130,0.860,0.460,0,0,1.000,0,0,10,4,4,18,0
10-12 16:42:49,16.003,4.251,79.016,0,0,1326888,1540900,167296,4896632,5211.063,1566.320,0,468.095,0,27.006,1290,1705,1.130,0.860,0.460,1,0,23.005,0,0,10,4,4,18,0
10-12 16:42:50,23.998,2.000,73.743,0,0,1370792,1496772,167296,4896808,8150.185,1619.838,0,11486.851,0,26.997,978,1217,1.130,0.860,0.460,1,0,0,0,0,10,4,4,18,0
10-12 16:42:51,22.238,4.248,71.461,1.499,0,1291344,1576012,167368,4896876,5319.064,1705.059,0,3993.795,0,337.814,2988,5632,1.130,0.860,0.460,1,0,44.975,0,0,10,4,4,20,0
10-12 16:42:52,22.063,3.259,72.958,0.251,0,1331260,1535536,167372,4897300,6381.199,1624.633,232.664,1797.125,58.166,19.054,1696,2721,1.130,0.860,0.460,1,0,2.006,0,0,10,27,4,20,0
10-12 16:42:53,21.697,4.240,73.073,0.249,0.249,1334680,1531944,167372,4897456,5372.000,1616.089,0,311.247,0,10.973,1334,1879,1.120,0.860,0.470,1,0,45.889,0,0,10,28,4,20,0
10-12 16:42:54,27.249,8.000,63.498,0,0,1356916,1509684,167372,4897480,4820.851,1713.947,0,12.000,0,3.000,1941,2937,1.120,0.860,0.470,2,0,159.995,0,0,10,28,4,20,0
10-12 16:42:55,45.520,6.753,47.771,0,0,1428112,1438380,167376,4897540,4672.018,1626.703,0,43526.804,0,203.088,4581,8638,1.120,0.860,0.470,2,0,0,0,0,10,29,4,16,0
10-12 16:42:56,69.391,18.788,11.273,0,0,1511936,1354388,167380,4897680,10738.757,1791.630,0,144.292,0,19.039,2632,4684,1.120,0.860,0.470,6,0,504.021,0,0,10,28,4,16,0
10-12 16:42:57,82.036,12.756,5.502,0,0,1579060,1286816,167400,4898060,14344.283,1620.710,0,316.138,0,32.014,6190,12897,1.120,0.860,0.470,6,0,99.043,0,0,10,28,4,16,0
10-12 16:42:58,44.690,9.238,44.690,0.250,0,1321372,1544532,167400,4898112,5094.128,1785.591,0,279.623,0,29.960,3219,6476,1.190,0.880,0.480,2,0,251.661,0,0,10,28,4,17,0
10-12 16:42:59,21.717,4.493,73.388,0,0,1381532,1484356,167400,4898124,5051.292,1617.532,0,227.653,0,1.997,1281,2066,1.190,0.880,0.480,1,0,48.925,0,0,10,28,4,18,0
10-12 16:43:00,19.999,6.000,72.247,0.250,0,1357772,1508144,167400,4898132,5284.778,1619.932,0,10003.580,0,668.972,2279,3624,1.190,0.880,0.480,1,0,69.997,0,0,10,28,4,18,0
10-12 16:43:01,19.789,8.517,71.640,0.250,0,1321096,1544808,167404,4898140,5216.213,1623.178,0,4108.044,0,160.314,2481,4351,1.190,0.880,0.480,1,0,131.257,0,0,10,28,4,18,0
10-12 16:43:02,16.509,25.764,56.280,0,0,1350196,1515844,167404,4898164,6661.591,1458.786,0,260.140,0,22.012,3397,5711,1.190,0.880,0.480,4,0,769.415,0,0,10,28,4,18,0
10-12 16:43:03,85.012,12.002,3.751,0,0,1570824,1295156,167412,4898216,5423.776,1788.256,0,3264.467,0,75.011,2611,5918,1.500,0.950,0.500,5,0,148.021,0,0,10,29,4,18,0
10-12 16:43:04,82.488,9.999,6.999,0,0,1445996,1419616,167424,4898568,5922.124,1713.746,0,499.926,0,58.991,4057,13640,1.500,0.950,0.500,5,0,121.982,0,0,10,29,4,17,0
10-12 16:43:05,83.252,14.000,2.250,0,0,1567276,1298128,167424,4898772,5283.116,1714.038,0,40300.887,0,157.003,4419,7655,1.500,0.950,0.500,6,0,196.004,0,0,10,31,4,17,0
10-12 16:43:06,79.698,12.492,7.495,0,0,1433848,1431112,167428,4899220,4927.792,1618.946,0,199.870,0,13.991,5367,11870,1.500,0.950,0.500,2,0,203.867,0,0,10,28,4,17,0
10-12 16:43:07,42.027,7.255,48.781,0.250,0,1374972,1489980,167432,4899224,4895.089,1715.082,0,400.253,0,36.023,4455,8905,1.500,0.950,0.500,2,0,102.064,0,0,10,28,4,17,0
10-12 16:43:08,42.001,10.250,46.751,0.250,0,1381660,1483100,167432,4899416,7927.143,1458.026,0,236.004,0,25.000,3808,7791,1.540,0.960,0.510,5,0,194.003,0,0,10,29,4,18,0
10-12 16:43:09,66.748,11.250,22.249,0,0,1495892,1368812,167440,4899464,5224.869,1619.960,0,203.995,0,12.000,2135,4025,1.540,0.960,0.510,3,0,190.995,0,0,10,31,4,18,0
10-12 16:43:10,66.500,13.500,19.250,0,0,1439396,1425068,167444,4899700,5468.978,1619.994,0,26823.893,0,105.000,4217,11054,1.540,0.960,0.510,5,0,265.999,0,0,10,28,4,21,0
10-12 16:43:11,75.810,8.257,15.763,0,0,1557572,1306628,167444,4899940,4936.925,1883.497,0,780.621,0,19.015,3979,9440,1.540,0.960,0.510,5,0,0,0,0,10,30,4,24,0
10-12 16:43:12,68.289,14.206,16.948,0,0,1474776,1389372,167448,4899980,7635.414,1615.011,0,446.620,0,29.908,3217,7150,1.540,0.960,0.510,4,0,328.984,0,0,10,28,4,25,0
10-12 16:43:13,64.909,13.533,21.302,0,0,1386680,1477252,167448,4900196,8510.877,1623.984,0,449.102,0,38.093,4402,12242,1.660,1,0.520,4,0,305.750,0,0,10,28,4,27,0
10-12 16:43:14,63.727,7.497,28.740,0.250,0,1497484,1366204,167452,4900436,7566.253,1619.412,0,379.862,0,34.987,3561,7635,1.660,1,0.520,4,0,0,0,0,10,30,4,29,0
10-12 16:43:15,64.262,15.503,20.504,0,0,1485452,1378188,167452,4900484,4654.903,1458.283,0,248.048,0,15.003,2960,5704,1.660,1,0.520,4,0,293.057,0,0,10,28,4,30,0
10-12 16:43:16,61.499,9.500,28.999,0,0,1399032,1464004,167464,4901076,4678.906,1619.968,0,667.987,0,40.999,4441,10211,1.660,1,0.520,4,0,117.998,0,0,10,28,4,33,0
10-12 16:43:17,63.250,8.750,27.500,0.250,0,1443324,1419492,167476,4901252,4498.978,1619.992,0,379.998,0,33.000,3866,8563,1.660,1,0.520,5,0,63.000,0,0,10,30,4,35,0
10-12 16:43:18,82.002,15.000,2.500,0.250,0,1539744,1322848,167480,4901456,6439.193,1620.049,0,344.010,0,26.001,2453,5194,2.080,1.100,0.560,6,0,377.011,0,0,10,28,4,35,0
10-12 16:43:19,82.498,14.000,2.500,0,0,1456612,1405760,167484,4901656,7929.794,1713.955,0,767.980,0,67.998,5280,10537,2.080,1.100,0.560,8,0,285.993,0,0,10,28,4,35,0
10-12 16:43:20,82.714,13.494,3.498,0,0,1553676,1308436,167496,4901900,6991.931,1787.215,0,2890.731,0,171.925,4520,8486,2.080,1.100,0.560,6,0,328.856,0,0,10,30,4,34,0
10-12 16:43:21,75.779,16.506,6.503,0,0,1478660,1383216,167500,4902128,10053.911,1620.630,0,4873.896,0,128.050,6287,12811,2.080,1.100,0.560,6,0,402.156,0,0,10,28,4,34,0
10-12 16:43:22,47.003,23.001,28.752,0,0,1383340,1478316,167504,4902356,6514.358,1458.080,0,184.010,0,9.000,6357,13549,2.080,1.100,0.560,3,0,777.043,0,0,10,28,4,31,0
10-12 16:43:23,25.271,28.774,44.787,0,0,1380924,1480704,167504,4902384,9927.150,1621.331,0,204.168,0,19.016,4021,7551,1.920,1.080,0.550,6,0,1009.829,0,0,10,28,4,31,0
10-12 16:43:24,82.010,12.252,5.251,0,0,1551264,1310304,167504,4902440,6358.801,1620.204,0,240.030,0,19.002,3121,7472,1.920,1.080,0.550,7,0,248.031,0,0,10,30,4,32,0
10-12 16:43:25,79.969,14.744,5.748,0,0,1479444,1381892,167520,4902648,5506.896,1661.365,0,495.811,0,55.979,3777,9172,1.920,1.080,0.550,5,0,275.895,0,0,10,28,4,32,0
10-12 16:43:26,67.207,8.245,23.485,0,0,1553760,1307300,167520,4902912,6129.053,1618.957,0,415.732,0,13.991,5824,14132,1.920,1.080,0.550,4,0,0,0,0,10,32,4,40,0
10-12 16:43:27,57.502,6.750,34.751,0,0,1455852,1404808,167528,4903296,11413.434,1788.068,0,400.015,0,41.002,9439,20603,1.920,1.080,0.550,8,0,48.002,0,0,10,28,4,47,0
10-12 16:43:28,84.749,10.500,5.000,0,0,1538856,1321628,167544,4903452,7108.922,1619.982,0,283.997,0,21.000,3254,6610,2.080,1.130,0.570,5,0,80.999,0,0,10,29,4,44,0
10-12 16:43:29,59.553,7.507,32.779,0,0,1585720,1274560,167548,4906164,5845.231,1459.306,0,144.129,0,8.007,8688,24124,2.080,1.130,0.570,5,0,34.030,0,0,10,31,4,52,0
10-12 16:43:30,73.930,14.237,10.740,0,0,1455448,1404764,167552,4903708,5185.085,1618.466,0,159.848,0,8.991,4810,11740,2.080,1.130,0.570,5,0,280.734,0,0,10,28,4,55,0
10-12 16:43:31,76.243,7.749,15.999,0,0,1559764,1299960,167552,4904180,5148.557,1619.861,0,2707.767,0,59.995,5192,11792,2.080,1.130,0.570,3,0,2.000,0,0,10,31,4,61,0
10-12 16:43:32,84.496,10.249,5.250,0,0,1513008,1346564,167556,4904324,5495.709,1619.914,0,3863.795,0,128.993,2822,6291,2.080,1.130,0.570,4,0,139.993,0,0,10,28,4,62,0
10-12 16:43:33,78.698,11.742,9.244,0,0,1470012,1389532,167588,4904340,5919.064,1618.923,0,483.678,0,46.969,5305,11448,2.240,1.180,0.590,5,0,185.876,0,0,10,29,4,63,0
10-12 16:43:34,83.061,9.507,6.755,0,0,1539596,1319648,167596,4904624,5789.249,1621.190,0,188.138,0,12.009,4314,11771,2.240,1.180,0.590,5,0,61.045,0,0,10,30,4,66,0
10-12 16:43:35,82.250,12.750,4.250,0,0,1496052,1363024,167604,4904780,7384.007,1714.002,0,156.000,0,10.000,2983,6483,2.240,1.180,0.590,4,0,169.000,0,0,10,28,4,67,0
10-12 16:43:36,74.504,12.001,13.501,0,0,1408492,1450344,167624,4904992,6833.321,1554.073,0,928.044,0,64.003,6033,13014,2.240,1.180,0.590,3,0,208.010,0,0,10,28,3,68,0
10-12 16:43:37,65.484,9.248,24.494,0.250,0,1507928,1350680,167628,4905208,5429.713,1619.616,0,279.934,0,20.995,2663,4847,2.240,1.180,0.590,6,0,65.984,0,0,10,31,3,68,0
10-12 16:43:38,60.626,11.975,26.196,0,0,1445208,1413064,167628,4905532,5507.715,1562.798,0,287.411,0,17.963,3135,7582,2.220,1.190,0.600,3,0,249.489,0,0,10,28,3,68,0
10-12 16:43:39,59.923,9.987,30.960,0,0,1405352,1452440,167656,4905968,4453.278,1617.921,0,495.363,0,38.950,3668,10080,2.220,1.190,0.600,2,0,90.883,0,0,10,28,3,69,0
10-12 16:43:40,44.392,5.518,48.656,0,0,1446564,1411228,167656,4905968,5026.063,1753.605,0,180.577,0,10.032,2032,3290,2.220,1.190,0.600,2,0,71.228,0,0,10,29,3,69,0
10-12 16:43:41,44.451,5.993,48.446,0.250,0,1417768,1439964,167672,4906012,6421.878,1618.205,0,367.592,0,30.966,2673,5769,2.220,1.190,0.600,2,0,42.952,0,0,10,28,3,70,0
10-12 16:43:42,43.317,7.512,49.076,0.250,0,1374388,1483316,167684,4906028,6563.133,1622.505,0,356.551,0,36.056,2969,6392,2.220,1.190,0.600,5,0,67.104,0,0,10,28,3,71,0
10-12 16:43:43,45.247,4.750,49.497,0,0,1448272,1409256,167688,4906196,4427.690,1511.894,0,303.979,0,23.998,3230,7248,2.200,1.200,0.610,3,0,2.000,0,0,10,29,3,73,0
10-12 16:43:44,37.736,13.745,47.732,0,0,1426532,1430940,167688,4906248,4867.146,1619.383,0,247.906,0,14.994,3027,5185,2.200,1.200,0.610,2,0,330.874,0,0,10,28,3,73,0
10-12 16:43:45,41.267,11.505,46.770,0,0,1345772,1511520,167692,4906420,5172.193,1788.758,0,304.129,0,27.011,4283,9495,2.200,1.200,0.610,3,0,292.124,0,0,10,28,3,75,0
10-12 16:43:46,23.489,3.498,72.717,0,0,1391992,1465208,167696,4906504,6707.921,1733.204,0,231.894,0,8.996,1404,3138,2.200,1.200,0.610,3,0,32.985,0,0,10,29,3,75,0
10-12 16:43:47,17.253,11.752,71.012,0.250,0,1333592,1523580,167696,4906532,5616.932,1620.269,0,272.045,0,23.004,2731,6178,2.200,1.200,0.610,1,0,276.046,0,0,10,28,3,76,0
10-12 16:43:48,28.758,14.754,55.516,0,0,1427548,1429280,167736,4906828,5108.466,1788.513,0,456.131,0,26.007,2740,4204,2.100,1.200,0.610,2,0,353.101,0,0,10,28,3,78,0
10-12 16:43:49,41.258,6.501,50.260,2.501,0,1524472,1328296,168156,4910068,5164.048,1620.329,0,9557.940,0,984.200,4734,9906,2.100,1.200,0.610,2,0,58.012,0,0,10,32,3,78,0
10-12 16:43:50,37.740,5.998,42.738,12.996,0,1475704,1371380,168892,4914708,4961.660,1511.592,0,38613.574,0,3380.087,10428,26054,2.100,1.200,0.610,5,0,86.977,0,0,10,32,3,78,0
10-12 16:43:51,44.501,6.500,44.001,6.000,0,1489000,1357900,169172,4914588,6908.187,1620.044,0,19376.523,0,1503.041,5211,11699,2.100,1.200,0.610,2,0,13.000,0,0,10,28,3,78,0
10-12 16:43:52,42.262,5.252,46.764,4.751,0,1496892,1349580,169364,4914816,5188.525,1788.526,0,11999.528,0,1347.396,6346,13497,2.100,1.200,0.610,2,1,6.002,0,0,10,30,3,78,0
10-12 16:43:53,37.640,7.229,48.110,7.478,0,1370316,1475424,169768,4915140,4482.955,1615.299,0,11929.286,0,1732.957,8702,19554,2.100,1.210,0.620,1,0,100.707,0,0,10,28,3,76,0
10-12 16:43:54,23.000,2.500,73.501,0.250,0,1451600,1394032,169784,4915232,4528.077,1660.028,0,940.016,0,49.001,1046,1458,2.100,1.210,0.620,2,0,4.000,0,0,10,28,3,76,0
10-12 16:43:55,22.750,3.000,72.501,0.500,0,1402348,1443216,169820,4915260,4466.067,1620.024,0,6572.099,0,332.005,1398,2627,2.100,1.210,0.620,2,0,3.000,0,0,10,28,3,76,0
10-12 16:43:56,22.500,2.750,74.001,0,0,1346424,1499140,169820,4915260,6571.092,1512.021,0,136.002,0,5.000,952,1184,2.100,1.210,0.620,2,0,3.000,0,0,10,28,3,76,0
10-12 16:43:57,22.800,3.007,73.409,0.251,0,1425752,1419776,169836,4915276,10721.287,1623.526,0,156.340,0,18.039,1101,1444,2.100,1.210,0.620,1,0,4.009,0,0,10,32,3,74,0
10-12 16:43:58,23.448,2.494,73.337,0,0,1373076,1472436,169836,4915292,7578.124,1616.400,0,0,0,0,977,1222,2.010,1.210,0.620,1,0,3.991,0,0,10,32,3,74,0
10-12 16:43:59,21.991,3.499,73.720,0,0,1445904,1399608,169836,4915292,7274.003,1619.333,0,0,0,0,994,1210,2.010,1.210,0.620,1,0,1.999,0,0,10,32,3,73,0
10-12 16:44:00,23.785,1.753,74.110,0,0,1399224,1446228,169844,4915340,5256.822,1790.665,0,0,0,0,971,1156,2.010,1.210,0.620,1,0,3.004,0,0,10,32,3,73,0
10-12 16:44:01,23.274,2.252,73.825,0,0,1348336,1497112,169844,4915340,4884.948,1735.758,0,8.008,0,2.002,916,1060,2.010,1.210,0.620,1,0,3.003,0,0,10,32,3,72,0
10-12 16:44:02,22.454,3.243,73.599,0,0,1370156,1475164,169860,4915452,4978.769,1616.678,0,275.434,0,13.971,1122,1488,2.010,1.210,0.620,1,0,2.994,0,0,10,32,3,72,0
10-12 16:44:03,22.501,2.750,73.252,0,0,1450004,1395284,169864,4915472,4846.116,1512.036,0,328.008,0,23.001,1028,1363,1.930,1.210,0.620,1,0,4.000,0,0,10,32,3,72,0
10-12 16:44:04,23.311,2.507,74.445,0,0,1399332,1445932,169868,4915488,5752.030,1624.244,0,0,0,0,978,1174,1.930,1.210,0.620,1,0,3.008,0,0,10,32,3,72,0
10-12 16:44:05,22.937,2.244,73.548,0,0,1401156,1444072,169868,4915524,6847.239,1689.371,0,0,0,0,962,1163,1.930,1.210,0.620,1,0,2.992,0,0,10,32,4,72,0
10-12 16:44:06,22.012,4.002,73.790,0,0,1339616,1505612,169868,4915524,7392.014,1694.920,0,0,0,0,1052,1324,1.930,1.210,0.620,1,0,28.015,0,0,10,32,4,72,0
10-12 16:44:07,8.262,21.281,69.602,0.250,0,1349772,1495264,169884,4915668,5104.509,1622.387,0,2715.995,0,222.327,3203,5078,1.930,1.210,0.620,1,0,494.728,0,0,10,32,4,71,0
10-12 16:44:08,9.993,18.987,70.200,0,0,1352848,1492096,169888,4915692,7319.803,1692.798,0,539.617,0,8.994,3005,4868,1.850,1.200,0.620,1,0,441.686,0,0,10,32,4,71,0
10-12 16:44:09,7.990,21.223,70.159,0,0,1352516,1492372,169892,4915740,5058.470,1617.911,0,179.768,0,2.996,2865,4649,1.850,1.200,0.620,1,0,413.466,0,0,10,32,4,70,0
10-12 16:44:10,22.755,2.501,73.767,0,0,1433016,1411860,169892,4915748,6375.473,1458.337,0,0,0,0,988,1263,1.850,1.200,0.620,1,0,4.001,0,0,10,32,4,70,0
10-12 16:44:11,22.295,3.257,74.149,0,0,1376776,1468084,169892,4915764,6643.380,1623.269,0,16.032,0,1.002,995,1205,1.850,1.200,0.620,1,0,3.006,0,0,10,32,4,66,0
10-12 16:44:12,23.750,2.750,73.500,0.250,0,1450632,1394248,169892,4915744,6479.006,1694.002,0,140.000,0,15.000,1134,1556,1.850,1.200,0.620,1,0,2.000,0,0,10,32,4,66,0
10-12 16:44:13,23.263,2.501,73.791,0,0,1406516,1438344,169892,4915764,8810.864,1662.918,0,316.175,0,23.013,1077,1341,1.780,1.200,0.630,2,0,3.002,0,0,10,32,4,61,0
10-12 16:44:14,22.441,2.493,74.054,0,0,1352316,1492544,169892,4915764,6818.937,1615.720,0,15.958,0,0.997,905,1156,1.780,1.200,0.630,2,0,2.992,0,0,10,32,4,61,0
10-12 16:44:15,23.501,2.750,73.752,0,0,1435232,1409640,169892,4915752,5827.192,1620.053,0,0,0,0,993,1212,1.780,1.200,0.630,2,0,4.000,0,0,10,32,4,58,0
10-12 16:44:16,24.748,2.000,73.493,0,0,1386000,1458860,169892,4915764,8804.208,1679.849,0,11.999,0,1.000,969,1159,1.780,1.200,0.630,1,0,3.000,0,0,10,32,4,58,0
10-12 16:44:17,24.500,1.250,73.749,0,0,1446960,1397876,169892,4915788,6388.955,1565.989,0,20.000,0,1.000,898,1094,1.780,1.200,0.630,2,0,2.000,0,0,10,32,4,54,0
10-12 16:44:18,22.523,3.504,73.325,0,0,1419476,1425340,169892,4915808,5323.467,1621.665,0,0,0,0,1001,1283,1.720,1.200,0.630,2,0,6.006,0,0,10,32,4,54,0
10-12 16:44:19,23.230,2.498,73.685,0,0,1367540,1477272,169892,4915808,5230.413,1618.581,0,55.951,0,3.996,939,1151,1.720,1.200,0.630,2,0,2.997,0,0,10,32,4,53,0
10-12 16:44:20,22.750,2.500,74,0,0,1446160,1398676,169892,4915784,5130,1694,0,0,0,0,883,1084,1.720,1.200,0.630,2,0,2,0,0,10,32,4,53,0
10-12 16:44:21,23.060,2.757,73.942,0,0,1390640,1454168,169892,4915812,4726.303,1710.452,0,80.209,0,4.010,899,1089,1.720,1.200,0.630,2,0,3.008,0,0,10,32,4,53,0
10-12 16:44:22,23.736,1.999,73.206,0,0,1454204,1390692,169896,4915720,4480.325,1619.033,0,2114.738,0,14.991,1059,1456,1.720,1.200,0.630,1,0,1.999,0,0,10,32,4,53,0
10-12 16:44:23,22.253,3.250,73.759,0,0,1354452,1490344,169904,4915812,5030.634,1458.184,0,1024.129,0,155.020,1058,1348,1.660,1.190,0.630,1,0,4.001,0,0,10,32,4,53,0
10-12 16:44:24,23.501,2.000,74.002,0,0,1436584,1408224,169904,4915800,4815.159,1620.053,0,0,0,0,954,1206,1.660,1.190,0.630,1,0,4.000,0,0,10,32,4,53,0
10-12 16:44:25,23.696,2.245,73.584,0,0,1385664,1459120,169904,4915820,4693.384,1783.965,0,23.946,0,1.995,934,1146,1.660,1.190,0.630,1,0,0.998,0,0,10,32,4,52,0
10-12 16:44:26,23.051,4.009,73.663,0,0,1395112,1449672,169904,4915820,5466.091,1791.964,0,72.160,0,4.009,1112,1391,1.660,1.190,0.630,1,0,5.011,0,0,10,32,4,52,0
10-12 16:44:27,24.216,1.748,73.396,0.250,0,1340932,1503800,169908,4915868,11500.635,1617.698,0,3938.396,0,194.723,1151,1841,1.660,1.190,0.630,1,0,4.993,0,0,10,32,4,52,0
10-12 16:44:28,13.491,15.740,69.955,0,0,1374080,1470600,169920,4915904,5481.470,1618.957,0,347.776,0,19.987,2698,4875,1.530,1.170,0.630,1,0,389.749,0,0,10,32,4,37,0
10-12 16:44:29,24.496,1.750,73.739,0,0,1441172,1403316,169924,4916092,5363.201,1787.734,0,0,0,0,965,1177,1.530,1.170,0.630,1,0,2.000,0,0,10,32,4,37,0
10-12 16:44:30,26.505,5.001,67.513,0,0,1418900,1425516,169924,4916156,4294.829,1458.281,0,0,0,0,1524,4268,1.530,1.170,0.630,1,0,45.009,0,0,10,32,4,28,0
10-12 16:44:31,15.750,13.250,70.500,0,0,1356900,1487516,169924,4916156,6344.975,1619.994,0,52.000,0,3.000,2252,3385,1.530,1.170,0.630,2,0,297.999,0,0,10,32,4,28,0
10-12 16:44:32,9.277,19.807,69.199,0.251,0,1354076,1490224,169928,4916268,4869.008,1624.674,0,409.177,0,19.055,3173,5051,1.530,1.170,0.630,1,0,452.301,0,0,10,32,4,19,0
10-12 16:44:33,8.990,20.477,68.923,0,0,1351448,1492820,169928,4916296,5281.138,1786.018,0,743.175,0,29.967,3128,5005,1.410,1.150,0.620,1,0,475.472,0,0,10,32,4,19,0
10-12 16:44:34,11.242,18.737,69.201,0.250,0,1353224,1491020,169928,4916320,4942.506,1618.855,0,1323.065,0,17.987,3080,4974,1.410,1.150,0.620,1,0,490.653,0,0,10,32,4,18,0
10-12 16:44:35,8.753,21.508,69.027,0,0,1356512,1487700,169928,4916348,4517.757,1620.630,0,1144.445,0,13.005,3218,5195,1.410,1.150,0.620,1,0,534.208,0,0,10,32,4,18,0
10-12 16:44:36,8.740,19.477,70.668,0,0,1354776,1489408,169928,4916372,4577.694,1530.226,0,663.231,0,8.990,2894,4588,1.410,1.150,0.620,1,0,434.496,0,0,10,32,4,14,0
10-12 16:44:37,8.265,21.539,70.127,0,0,1354748,1489408,169928,4916400,6040.928,1622.936,0,536.971,0,11.020,2823,4338,1.410,1.150,0.620,1,0,399.723,0,0,10,32,4,14,0
10-12 16:44:38,12.517,22.280,63.585,0,0,1365976,1478148,169932,4916428,4822.419,1664.215,0,636.848,0,24.032,3481,5765,1.450,1.170,0.630,2,0,566.754,0,0,10,32,4,13,0
10-12 16:44:39,56.082,17.198,25.922,0,0,1526700,1317368,170000,4916408,4528.437,1615.163,0,933.205,0,52.842,3091,5269,1.450,1.170,0.630,3,0,483.552,0,0,10,32,4,17,0
10-12 16:44:40,56.864,8.768,27.305,7.515,0,1653144,1181376,170632,4924236,5709.453,1665.341,400.804,26789.740,4.008,1896.805,7917,17073,1.450,1.170,0.630,0,1,63.127,0,0,10,38,4,17,0
10-12 16:44:41,34.976,9.493,35.475,15.739,0,1627512,1194716,171236,4935616,5268.339,1786.758,0,89665.682,0,6572.432,20261,44885,1.450,1.170,0.630,3,0,169.882,0,0,10,36,4,17,0
10-12 16:44:42,39.029,9.507,32.524,14.761,0,1603964,1206692,171908,4945988,5462.108,1621.219,0,92913.871,0,6885.178,19961,46758,1.450,1.170,0.630,2,1,136.102,0,0,10,36,4,16,0
10-12 16:44:43,45.514,13.754,30.509,9.253,0,1564992,1237432,172248,4953644,5489.652,1554.468,256.077,51543.515,2.001,4070.225,13310,31426,1.660,1.210,0.650,2,0,242.073,0,0,10,35,4,16,0
10-12 16:44:44,41.690,14.729,33.202,8.987,0,1569616,1223936,173712,4960492,7046.803,1563.737,619.104,50399.073,8.987,3768.547,19216,43988,1.660,1.210,0.650,2,2,164.762,0,0,10,35,4,14,0
10-12 16:44:45,39.981,11.994,41.230,5.997,0,1543228,1245908,173028,4965460,5884.199,1619.229,1099.477,38866.500,18.991,3249.453,12155,27675,1.660,1.210,0.650,2,0,195.907,0,0,10,34,4,14,0
10-12 16:44:46,36.070,7.765,46.591,8.517,0,1552080,1235072,173208,4967180,5235.219,1623.168,0,46041.874,0,3946.704,16422,36406,1.660,1.210,0.650,3,0,15.029,0,0,10,34,4,14,0
10-12 16:44:47,36.653,8.228,42.388,11.719,0,1543484,1241064,173372,4969576,4554.952,1615.726,0,45842.746,0,3940.577,13893,30089,1.660,1.210,0.650,1,1,114.697,0,0,10,34,4,15,0
10-12 16:44:48,38.008,6.251,43.259,10.502,0,1557748,1225244,173648,4970840,5360.067,1620.322,0,45493.053,0,4093.815,16178,36908,1.930,1.280,0.670,1,1,19.004,0,0,10,35,4,15,0
10-12 16:44:49,40.828,7.765,45.587,5.761,0,1535208,1244836,173800,4973588,4984.565,1623.115,0,34201.633,0,3461.643,13274,28339,1.930,1.280,0.670,2,0,74.142,0,0,10,34,4,17,0
10-12 16:44:50,36.434,7.237,47.664,8.734,0,1558692,1217792,173920,4976872,5813.524,1784.784,0,43046.430,0,3858.048,14702,32804,1.930,1.280,0.670,2,0,32.941,0,0,10,37,4,18,0
10-12 16:44:51,34.569,8.517,44.339,12.525,0,1532404,1240420,174188,4980208,8603.224,1515.033,0,44304.698,0,4072.152,14962,34725,1.930,1.280,0.670,1,1,96.193,0,0,10,36,4,21,0
10-12 16:44:52,34.998,8.499,42.997,12.999,0,1503964,1265672,174352,4983128,5260.669,1565.901,0,45013.164,0,4018.747,14764,34005,1.930,1.280,0.670,5,0,123.992,0,0,10,36,4,22,0
10-12 16:44:53,37.003,7.251,40.753,13.251,0,1562552,1206260,174476,4983744,4858.369,1620.123,0,48975.722,0,4366.332,13261,33283,2.250,1.360,0.700,2,1,23.002,0,0,10,37,4,22,0
10-12 16:44:54,35.747,8.999,44.247,11.499,0,1547632,1224520,174580,4980328,4731.655,1713.875,0,38625.180,0,3465.747,12795,29949,2.250,1.360,0.700,2,0,79.994,0,0,10,34,4,23,0
10-12 16:44:55,32.170,10.225,55.862,0.748,0,1392152,1379972,174584,4980348,4700.376,1616.004,0,6416.133,0,371.082,3536,7202,2.250,1.360,0.700,1,0,256.366,0,0,10,32,4,23,0
10-12 16:44:56,24.271,2.502,72.563,0.500,0,1424656,1347420,174588,4980392,4870.257,1621.417,0,760.665,0,62.054,1832,3732,2.250,1.360,0.700,1,0,0,0,0,10,32,4,23,0
10-12 16:44:57,10.263,21.026,67.833,0.250,0,1380056,1391872,174604,4980524,9594.792,1790.200,0,7128.761,0,398.490,3831,6331,2.250,1.360,0.700,1,0,493.607,0,0,10,32,4,23,0
10-12 16:44:58,53.905,13.227,32.443,0,0,1515704,1256028,174632,4980684,5493.343,1509.347,0,1888.680,0,110.805,2887,4463,2.310,1.380,0.720,3,0,313.449,0,0,10,32,4,29,0
10-12 16:44:59,69.002,6.000,24.501,0.500,0,1695500,1073200,174760,4983332,5379.129,1566.038,0,3092.074,0,137.003,1559,1780,2.310,1.380,0.720,3,0,0,0,0,10,32,4,29,0
10-12 16:45:00,48.880,7.520,34.843,7.269,0,1765132,991888,174972,4994244,4898.043,1624.326,0,47462.392,0,3565.495,12790,26653,2.310,1.380,0.720,3,1,147.393,0,0,10,38,4,29,0
10-12 16:45:01,31.734,8.246,43.977,14.742,0,1764224,979064,175216,5007220,5083.367,1619.161,0,106912.619,0,7979.866,24205,53928,2.310,1.380,0.720,5,0,263.863,0,0,10,38,4,29,0
10-12 16:45:02,46.001,9.750,29.250,14.000,0,1665644,1065720,175432,5018544,5672.085,1748.026,0,91589.374,0,7195.108,22291,50344,2.310,1.380,0.720,3,0,261.004,0,0,10,36,4,29,0
10-12 16:45:03,46.250,7.250,32.750,11.500,0,1732352,987372,175584,5029648,5803.994,1619.998,0,84143.916,0,6233.994,18487,41698,2.610,1.460,0.750,4,0,105.000,0,0,10,36,4,29,0
10-12 16:45:04,37.013,11.004,34.012,15.756,0.250,1650972,1054936,175700,5042844,5869.107,1620.582,0,111728.110,0,8033.884,22347,52686,2.610,1.460,0.750,2,3,93.033,0,0,10,36,4,29,0
10-12 16:45:05,37.909,4.739,47.635,8.729,0,1385044,1316168,175740,5047368,6491.349,1689.926,0,44440.853,0,3407.784,11002,24480,2.610,1.460,0.750,1,0,77.812,0,0,10,32,4,29,0
10-12 16:45:06,17.035,11.023,71.649,0,0,1426992,1274192,175740,5047392,6971.487,1589.303,0,1595.315,0,105.219,2068,3206,2.610,1.460,0.750,1,0,210.437,0,0,10,32,3,29,0
10-12 16:45:07,22.750,3.000,73.249,0.250,0,1501828,1199348,175744,5047388,5443.935,1619.981,0,4695.944,0,284.997,1256,2262,2.610,1.460,0.750,1,0,0,0,0,10,32,3,29,0
10-12 16:45:08,22.502,3.000,73.505,0,0,1401284,1299880,175744,5047400,5334.379,1640.116,0,488.035,0,14.001,1404,2011,2.480,1.450,0.750,1,0,28.002,0,0,10,32,3,29,0
10-12 16:45:09,21.696,2.993,73.816,0,0,1468036,1233128,175744,5047400,5517.229,1615.967,0,31.920,0,3.990,978,1234,2.480,1.450,0.750,1,0,2.993,0,0,10,32,3,29,0
10-12 16:45:10,22.535,3.255,73.363,0.501,0,1394440,1306724,175748,5047396,5512.528,1622.510,0,616.954,0,44.068,1265,1948,2.480,1.450,0.750,2,0,31.048,0,0,10,32,3,29,0
10-12 16:45:11,13.999,33.497,51.496,0,0,1404852,1296296,175748,5047412,5285.567,1619.867,0,303.975,0,31.997,5522,9554,2.480,1.450,0.750,1,0,1238.898,0,0,10,32,3,29,0
10-12 16:45:12,8.764,21.535,69.362,0,0,1403688,1297372,175748,5047480,5239.441,1696.733,0,132.213,0,13.021,3073,4688,2.480,1.450,0.750,1,0,506.816,0,0,10,32,3,29,0
10-12 16:45:13,9.983,18.967,70.629,0,0,1406824,1294168,175748,5047548,6828.276,1509.408,0,3649.733,0,64.889,2769,4276,2.360,1.440,0.750,1,0,367.369,0,0,10,32,3,29,0
10-12 16:45:14,12.263,17.519,67.822,0,0,1410624,1290168,175748,5048060,9510.090,1621.721,0,36.038,0,9.010,3829,6654,2.360,1.440,0.750,5,0,376.399,0,0,10,32,3,29,0
10-12 16:45:15,32.998,11.499,53.747,0,0,1467252,1233248,175756,5048252,5139.738,1565.920,0,0,0,0,3468,6656,2.360,1.440,0.750,3,0,164.992,0,0,10,33,3,29,0
10-12 16:45:16,46.751,3.250,49.501,0,0,1589396,1111136,175760,5048292,4872.127,1620.042,0,20.001,0,1.000,1202,1297,2.360,1.440,0.750,2,0,4.000,0,0,10,33,3,29,0
10-12 16:45:17,47.379,5.735,46.132,0.249,0,1652348,1043136,175820,5053020,4800.744,1615.875,0,1344.567,0,47.878,3626,9135,2.360,1.440,0.750,3,0,6.982,0,0,10,49,3,29,0
10-12 16:45:18,22.540,12.272,63.361,0.250,0,1674228,1020724,175832,5053392,5386.469,1622.853,0,1166.050,0,31.055,2310,3394,2.250,1.440,0.750,3,0,230.405,0,0,10,48,3,30,0
10-12 16:45:19,12.476,1.996,85.588,0,0,1691288,1003616,175836,5053412,4939.659,2309.632,0,91.826,0,4.991,918,1268,2.250,1.440,0.750,0,0,27.947,0,0,10,49,3,30,0
10-12 16:45:20,1.249,0.750,97.442,0,0,1691256,1003616,175836,5053440,80660.249,3869.709,0,5216.912,0,315.813,977,1490,2.250,1.440,0.750,0,0,0,0,0,10,49,3,30,0
10-12 16:45:21,0.500,0.750,98.037,0.250,0,1691364,1003392,175840,5053552,59693.445,2875.081,0,212.080,0,6.002,738,1066,2.250,1.440,0.750,0,0,0,0,0,10,49,3,30,0
10-12 16:45:22,10.759,7.256,81.318,1.251,0,1697960,995336,175928,5054732,52191.946,3140.644,4.003,4391.698,1.001,296.249,1972,3233,2.250,1.440,0.750,2,0,55.046,0,0,10,48,3,31,0
10-12 16:45:23,16.242,9.495,71.716,1.249,0,1726500,914188,175948,5105384,4619.778,1565.247,0,4765.708,0,144.930,1941,2836,2.150,1.430,0.750,1,0,35.983,0,0,10,48,3,31,0
10-12 16:45:24,14.514,12.012,73.073,0,0,1727452,912844,175948,5105384,4395.365,1705.694,0,0,0,0,1841,2157,2.150,1.430,0.750,1,0,74.074,0,0,10,48,3,31,0
10-12 16:45:25,22.723,2.996,73.913,0,0,1749716,890536,175948,5105392,6409.462,1618.097,0,7.991,0,1.998,1147,1308,2.150,1.430,0.750,3,0,26.968,0,0,10,48,3,31,0
10-12 16:45:26,21.802,4.511,73.676,0,0,1755572,884636,175948,5105392,5924.165,1515.624,0,0,0,0,1242,1416,2.150,1.430,0.750,1,0,27.065,0,0,10,48,3,31,0
10-12 16:45:27,15.997,9.498,73.735,0,0,1682476,1008908,176100,5055004,10751.839,1661.666,159.968,19.996,9.998,2.999,1758,2255,2.150,1.430,0.750,1,0,115.977,0,0,10,48,3,31,0
10-12 16:45:28,17.474,14.728,66.400,0.250,0,1684224,1007172,176100,5055108,9567.601,1617.566,0,411.381,0,4.992,4972,9799,2.060,1.420,0.750,1,0,248.626,0,0,10,48,3,31,0
10-12 16:45:29,0.500,0.999,97.414,0,0,1684832,1006396,176100,5055204,6626.129,1618.566,0,0,0,0,723,1192,2.060,1.420,0.750,0,0,21.981,0,0,10,48,3,31,0
10-12 16:45:30,4.250,3.750,91.006,0.250,0,1672252,1018968,176100,5055212,5321.367,1620.112,0,504.035,0,35.002,1454,2815,2.060,1.420,0.750,0,0,37.003,0,0,10,48,3,32,0
10-12 16:45:31,1.000,0.500,97.999,0,0,1672252,1018968,176100,5055212,4934.956,1733.984,0,40.000,0,5.000,647,997,2.060,1.420,0.750,0,0,3.000,0,0,10,48,3,31,0
10-12 16:45:32,0.250,0,98.498,0,0,1672252,1018968,176100,5055212,5160.912,1619.972,0,0,0,0,575,901,2.060,1.420,0.750,0,0,1.000,0,0,10,48,3,31,0
10-12 16:45:33,13.028,14.782,73.158,0,0,1670256,1021012,176100,5055412,5811.588,1515.282,0,0,0,0,4050,8638,1.970,1.410,0.750,1,0,221.480,0,0,10,48,3,31,0
10-12 16:45:34,11.506,14.757,73.287,0,0,1661416,1030028,176100,5055216,5626.830,1620.815,0,1512.761,0,7.004,3168,5199,1.970,1.410,0.750,1,0,283.142,0,0,11,48,3,31,0
10-12 16:45:35,18.960,13.222,64.614,0,0,1673304,1017864,176100,5055440,6939.434,1726.376,0,0,0,0,5658,9956,1.970,1.410,0.750,0,0,258.457,0,0,11,48,3,31,0
10-12 16:45:36,2.749,5.247,90.954,0,0,1669416,1021736,176100,5055408,6093.929,1735.125,0,2630.674,0,334.831,1464,2192,1.970,1.410,0.750,1,0,105.947,0,0,11,48,3,31,0
10-12 16:45:37,17.797,15.040,65.422,0,0,1674276,1016844,176100,5055456,6121.086,1624.269,0,4.011,0,1.003,5027,7433,1.970,1.410,0.750,2,0,237.624,0,0,13,50,3,31,0
10-12 16:45:38,9.501,17.002,72.508,0,0,1679532,1011588,176100,5055424,6418.738,1566.180,0,40.005,0,9.001,2787,4210,1.980,1.420,0.760,2,0,350.040,0,0,13,50,3,32,0
10-12 16:45:39,12.500,18.250,67.748,0,0,1682480,1008408,176100,5055948,5730.868,1511.965,0,343.992,0,13.000,3936,6619,1.980,1.420,0.760,4,0,296.993,0,0,13,50,3,26,0
10-12 16:45:40,30.253,18.002,50.256,0,0,1733628,957276,176112,5055944,4874.546,1620.181,0,820.092,0,41.005,5044,12499,1.980,1.420,0.760,3,0,411.046,0,0,13,50,3,26,0
10-12 16:45:41,31.250,8.250,59.500,0,0,1793944,895992,176184,5056464,5030.025,1620.008,0,244.001,0,6.000,3257,9824,1.980,1.420,0.760,3,0,61.000,0,0,13,50,3,25,0
10-12 16:45:42,23.935,6.482,69.313,0,0,1850344,839008,176200,5056960,8373.392,1615.638,31.914,0,1.995,0,1675,3102,1.980,1.420,0.760,2,0,13.962,0,0,13,58,3,29,0
10-12 16:45:43,19.249,3.500,77.246,0,0,1902396,786592,176208,5057316,6512.635,1619.909,0,47.997,0,2.000,1356,3004,1.900,1.420,0.760,1,0,5.000,0,0,13,58,3,29,0
10-12 16:45:44,0.500,0.250,98.487,0,0,1902660,786116,176208,5057520,5482.271,1619.785,0,27.996,0,1.000,603,904,1.900,1.420,0.760,0,0,2.000,0,0,13,58,3,29,0
10-12 16:45:45,4.750,5.000,89.992,0,0,1837552,851100,176208,5057640,7216.394,1857.844,0,1007.915,0,4.000,1512,2265,1.900,1.420,0.760,5,0,93.992,0,0,13,56,3,28,0
10-12 16:45:46,18.285,12.775,67.631,0,0,1845220,843268,176208,5057656,7440.412,1460.830,0,541.048,0,6.012,4715,8545,1.900,1.420,0.760,1,0,249.483,0,0,12,56,3,28,0
10-12 16:45:47,17.225,15.477,65.903,0,0,1897540,790832,176208,5058140,5576.769,1617.612,0,0,0,0,6028,13497,1.900,1.420,0.760,1,0,237.649,0,0,13,56,3,25,0
10-12 16:45:48,18.546,18.045,62.406,0,0,1904472,783908,176208,5058180,5872.664,1624.055,0,340.851,0,11.028,5097,10592,1.830,1.410,0.760,2,0,358.896,0,0,13,50,3,25,0
10-12 16:45:49,17.493,10.246,70.471,0,0,1777560,910792,176208,5057832,5222.817,1619.323,0,1711.285,0,229.904,3137,6122,1.830,1.410,0.760,4,0,88.963,0,0,13,50,3,24,0
10-12 16:45:50,32.990,23.493,42.987,0,0,1764600,923740,176208,5057844,6856.881,1619.500,0,275.915,0,5.998,3670,6681,1.830,1.410,0.760,4,0,656.797,0,0,13,50,3,24,0
10-12 16:45:51,39.778,19.514,39.528,0.250,0,1854284,833308,176212,5058556,4689.315,1621.146,0,6404.528,0,378.267,5554,12996,1.830,1.410,0.760,4,0,309.219,0,0,13,58,3,24,0
10-12 16:45:52,44.250,11.250,44.250,0,0,1969416,718156,176220,5058572,7662.916,1619.982,0,0,0,0,1855,2491,1.830,1.410,0.760,3,0,139.998,0,0,13,58,3,24,0
10-12 16:45:53,29.500,4.250,65.749,0,0,2029164,656204,176340,5060492,4824.947,1457.984,0,32.000,0,8.000,2211,4462,1.760,1.400,0.770,2,0,4.000,0,0,13,58,3,24,0
10-12 16:45:54,21.735,3.997,64.955,7.495,0,2050420,622520,176556,5072196,7808.534,1712.801,139.902,71645.848,34.976,1287.099,6299,12329,1.760,1.400,0.770,6,0,4.997,0,0,13,60,3,23,0
10-12 16:45:55,24.956,5.241,56.150,11.480,0,2054700,608184,176664,5081740,4457.080,1706.967,0,20639.324,0,2072.317,9894,23783,1.760,1.400,0.770,1,0,3.993,0,0,13,60,3,23,0
10-12 16:45:56,29.308,23.296,47.595,0.250,0,2235524,425476,176680,5083404,5160.248,1791.558,0,1627.232,0,106.211,5197,15898,1.760,1.400,0.770,2,0,351.698,0,0,14,85,3,33,0
10-12 16:45:57,9.997,19.494,68.979,0,0,2239712,421008,176680,5083640,10107.927,1787.457,0,3314.992,0,53.984,3094,5013,1.760,1.400,0.770,2,0,397.879,0,0,14,85,3,33,0
10-12 16:45:58,26.770,16.012,55.042,0,0,2281852,378564,176684,5084264,4941.776,1621.239,0,4355.327,0,240.184,5832,10419,1.940,1.450,0.780,2,0,242.185,0,0,14,86,3,33,0
10-12 16:45:59,43.977,5.747,48.974,0.250,0,2401880,257720,176700,5085020,5410.122,1787.049,0,1958.958,0,58.969,1628,2722,1.940,1.450,0.780,1,0,19.989,0,0,14,89,3,33,0
10-12 16:46:00,8.245,19.738,71.708,0.250,0,2405560,253976,176700,5085088,5401.840,1553.091,0,783.542,0,47.972,2806,4465,1.940,1.450,0.780,1,0,351.794,0,0,14,89,3,27,0
10-12 16:46:01,8.002,19.005,71.517,0,0,2406000,253508,176700,5085116,5512.306,1652.392,0,140.033,0,19.005,2819,4240,1.940,1.450,0.780,1,0,340.081,0,0,14,89,3,27,0
10-12 16:46:02,10.230,16.467,71.607,0,0,2425764,233712,176700,5085148,5259.476,1616.765,0,39.920,0,3.992,2463,3537,1.940,1.450,0.780,1,0,284.431,0,0,14,89,3,27,0
10-12 16:46:03,22.792,2.755,73.386,0.250,0,2474892,184584,176700,5085148,5883.915,1791.323,0,565.048,0,25.046,1721,2713,1.860,1.440,0.780,1,0,2.004,0,0,14,93,3,27,0
10-12 16:46:04,21.224,5.493,72.162,0,0,2466556,192888,176700,5085176,6663.857,1618.023,0,3.995,0,0.999,1646,2218,1.860,1.440,0.780,1,0,64.921,0,0,14,91,3,28,0
10-12 16:46:05,26.055,4.509,66.890,1.503,0,2504332,154680,176720,5085512,5554.665,1787.754,0,6577.813,0,515.082,4587,9170,1.860,1.440,0.780,1,0,2.004,0,0,14,96,3,28,0
10-12 16:46:06,29.201,6.489,63.145,0.499,0,2500868,157872,176720,5085780,5928.106,1691.177,0,1265.887,0,124.792,2978,5282,1.860,1.440,0.780,1,0,117.803,0,0,14,104,3,30,0
10-12 16:46:07,23.482,3.747,71.444,0.500,0,2541500,129964,176728,5073228,4870.187,1510.817,0,9876.267,0,763.402,2404,3994,1.860,1.440,0.780,1,0,3.997,0,0,14,109,3,31,0
10-12 16:46:08,34.752,7.750,55.753,0.500,0,2569368,120884,175152,5056536,5611.314,1640.092,448.025,1676.094,20.001,248.014,2909,4777,1.870,1.450,0.790,2,0,97.005,0,0,14,107,3,33,0
10-12 16:46:09,41.353,10.275,48.119,0,0,2571928,171076,174304,5005048,5603.892,1624.026,1515.758,541.342,40.099,35.087,2062,2913,1.870,1.450,0.790,2,0,62.154,0,0,14,111,3,34,0
10-12 16:46:10,23.198,4.241,72.090,0.249,0,2630456,129240,174156,4988736,5485.816,1616.410,191.575,933.926,16.962,140.688,1403,1932,1.870,1.450,0.790,1,0,1.996,0,0,14,113,3,35,0
10-12 16:46:11,21.482,4.496,73.439,0,0,2630256,129424,174172,4988736,4852.962,1786.514,19.983,223.814,4.996,13.988,1262,1714,1.870,1.450,0.790,1,0,52.956,0,0,14,111,3,36,0
10-12 16:46:12,21.761,6.003,71.288,0.500,0,2620972,138652,174172,4988792,6121.226,1694.893,0,1824.962,0,136.072,2305,3931,1.870,1.450,0.790,1,0,84.044,0,0,14,111,3,38,0
10-12 16:46:13,20.488,6.246,72.459,0,0,2590864,184396,173896,4973560,5990.615,1619.085,0,719.593,0,134.924,1403,2002,1.800,1.440,0.790,1,0,54.969,0,0,14,111,3,39,0
10-12 16:46:14,22.761,3.252,72.534,0.750,0,2642524,131832,173900,4974460,8371.943,1512.712,860.405,496.234,13.006,54.025,1623,2503,1.800,1.440,0.790,3,0,2.001,0,0,14,113,3,39,0
10-12 16:46:15,25.237,4.997,67.466,1.249,0,2623784,150308,173900,4974720,6057.941,1565.210,0,2258.859,0,255.871,3965,7714,1.800,1.440,0.790,1,0,54.972,0,0,14,111,3,40,0
10-12 16:46:16,26.299,2.755,69.881,0.501,0,2654656,119436,173900,4974720,5224.765,1713.202,0,1362.547,0,123.230,2078,4138,1.800,1.440,0.790,1,0,2.004,0,0,14,117,3,40,0
10-12 16:46:17,35.025,4.753,60.043,0.751,0,2633560,155380,173736,4960120,7067.081,1621.166,288.207,2685.931,15.011,316.227,3232,5911,1.800,1.440,0.790,1,0,72.052,0,0,14,117,3,41,0
10-12 16:46:18,24.994,3.249,69.984,1.000,0,2668932,119124,173736,4961004,5831.659,1619.627,739.830,3379.223,127.971,264.939,2761,5444,1.740,1.430,0.790,2,0,1.000,0,0,14,117,3,41,0
10-12 16:46:19,18.455,7.981,71.577,0.499,0,2662516,124576,173736,4961968,6969.176,1616.099,873.890,3232.197,18.954,192.535,2078,3449,1.740,1.430,0.790,1,0,148.641,0,0,14,117,3,41,0
10-12 16:46:20,25.564,4.010,69.423,0.501,0,2673944,128388,173572,4947160,6951.351,1698.239,0,4587.450,0,406.013,3271,6222,1.740,1.430,0.790,1,0,0,0,0,14,119,3,41,0
10-12 16:46:21,34.517,7.004,56.528,0.500,0,2637040,163436,173572,4949016,4729.384,1512.762,1768.892,708.357,62.031,70.035,4079,7699,1.740,1.430,0.790,3,1,194.098,0,0,14,119,3,42,0
10-12 16:46:22,29.740,6.748,62.230,0.500,0.250,2686828,134216,173424,4928828,5132.317,1885.382,1047.656,2299.246,13.995,320.895,2629,4565,1.740,1.430,0.790,2,0,97.968,0,0,14,120,3,41,0
10-12 16:46:23,17.250,13.250,66.999,0.500,0,2636472,187100,173428,4926324,8113.838,1725.965,499.990,907.982,36.999,136.997,3048,4870,1.680,1.430,0.800,1,0,233.995,0,0,14,119,3,42,0
10-12 16:46:24,11.251,18.002,69.757,0,0,2640684,182520,173432,4926688,6062.643,1710.181,144.015,304.032,7.001,21.002,2877,4864,1.680,1.430,0.800,2,0,384.041,0,0,14,119,3,42,0
10-12 16:46:25,23.258,18.006,58.021,0.250,0,2668036,154420,173432,4927448,4705.671,1620.575,620.220,836.297,37.013,46.016,5487,8699,1.680,1.430,0.800,2,0,275.098,0,0,14,119,3,42,0
10-12 16:46:26,31.751,21.751,45.502,0,0,2729116,132496,172640,4889428,9455.425,1730.078,52.002,436.020,5.000,34.002,3572,6793,1.680,1.430,0.800,2,0,539.024,0,0,14,119,3,42,0
10-12 16:46:27,46.246,18.998,32.997,0.250,0,2832944,136032,169980,4787072,14123.743,1857.835,1331.881,6047.462,75.993,440.961,7620,19246,1.680,1.430,0.800,3,0,292.974,0,0,16,131,3,42,0
10-12 16:46:28,57.150,21.618,21.121,0.497,0,2945664,134708,166944,4681552,7757.539,1502.806,3955.798,254.443,239.535,14.909,4753,8293,1.870,1.470,0.810,7,1,635.114,0,0,16,131,3,42,0
10-12 16:46:29,61.377,18.866,18.111,0.252,0,3040160,130704,165392,4594124,5901.240,1672.269,2527.522,7369.255,184.131,546.355,5861,19817,1.870,1.470,0.810,2,0,349.144,0,0,16,147,3,42,0
10-12 16:46:30,40.499,20.999,37.249,0.250,0,3107352,130984,165408,4528044,4707.826,1619.940,363.987,515.981,32.999,51.998,4180,9125,1.870,1.470,0.810,2,0,650.976,0,0,16,147,3,42,0
10-12 16:46:31,20.491,16.243,60.975,0,0,3127952,125016,165432,4513984,4587.083,1607.328,123.948,151.936,12.995,7.997,5660,10436,1.870,1.470,0.810,2,0,250.895,0,0,17,147,3,42,0
10-12 16:46:32,32.279,22.020,45.290,0,0,3191480,129796,165436,4447108,6839.114,1621.450,32.029,436.390,8.007,30.027,4070,7382,1.870,1.470,0.810,2,0,598.535,0,0,17,147,3,42,0
10-12 16:46:33,45.515,19.506,33.261,0.250,0,3301796,131096,165460,4337680,5375.736,1620.523,216.070,848.274,13.004,75.024,8333,18502,1.960,1.490,0.830,2,0,314.101,0,0,17,163,3,42,0
10-12 16:46:34,32.962,22.225,44.699,0,0,3369236,137332,165460,4265380,4623.710,1688.069,83.904,227.739,5.993,19.977,4284,7152,1.960,1.490,0.830,2,0,762.128,0,0,17,163,3,42,0
10-12 16:46:35,23.685,22.688,53.104,0,0,3437744,126680,165472,4208620,7712.805,1507.856,3.989,805.786,0.997,46.871,6148,11852,1.960,1.490,0.830,1,0,533.534,0,0,17,169,3,42,2
10-12 16:46:36,26.002,15.001,57.755,0.250,0,3477144,132792,165472,4164324,5002.415,1804.150,4.000,308.026,1.000,27.002,5582,10675,1.960,1.490,0.830,2,0,189.016,0,0,17,169,3,42,2
10-12 16:46:37,45.249,7.250,46.249,0,0,3607568,130024,165472,4039312,5773.925,1619.979,12.000,663.991,3.000,43.999,1916,2639,1.960,1.490,0.830,2,0,8.000,0,0,17,175,2,42,2
10-12 16:46:38,40.566,6.511,51.834,0.250,0,3577768,236592,165480,3964056,4494.290,1622.632,1334.164,324.526,34.055,24.039,1932,2910,1.960,1.500,0.830,1,0,13.021,0,0,17,178,2,42,2
10-12 16:46:39,32.043,24.533,42.557,0,0,3663264,150956,165496,3964272,5450.314,1568.104,32.043,280.376,7.009,18.024,4763,9312,1.960,1.500,0.830,3,0,628.844,0,0,17,182,2,41,2
10-12 16:46:40,42.731,19.492,35.984,0.750,0,3641436,169548,165528,3967680,5537.602,1619.299,1587.313,743.678,38.983,46.980,7406,17008,1.960,1.500,0.830,2,0,348.849,0,0,17,193,2,41,2
10-12 16:46:41,72.527,15.506,11.254,0,0,3724556,158120,165548,3897900,5233.973,1748.659,300.113,680.256,10.004,49.018,3630,7171,1.960,1.500,0.830,5,0,184.069,0,0,17,204,2,41,2
10-12 16:46:42,78.997,15.749,4.500,0.250,0,3867700,144332,165628,3771672,5949.750,1511.936,711.970,20515.138,15.999,747.969,3562,7245,1.960,1.500,0.830,5,0,64.997,0,0,17,212,2,42,2
10-12 16:46:43,65.761,19.253,14.252,0,0,3904676,147656,165668,3731548,5763.980,1620.275,728.124,720.122,11.002,27.005,5332,14782,2.200,1.560,0.850,3,0,385.065,0,0,17,217,2,43,2
10-12 16:46:44,46.243,22.996,29.245,0,0,3891500,158120,165680,3734448,5312.166,1619.746,0,783.877,0,45.993,6738,13318,2.200,1.560,0.850,2,0,373.941,0,0,17,217,2,44,2
10-12 16:46:45,59.782,21.011,18.510,0,0,3919212,141232,165680,3723400,5435.870,1620.856,0,14603.711,0,550.291,9650,36278,2.200,1.560,0.850,3,0,396.209,0,0,17,219,2,44,2
10-12 16:46:46,55.722,21.989,21.489,0.500,0,3972440,159012,165756,3653032,6865.505,1729.120,67.965,9159.338,16.991,458.766,5915,11132,2.200,1.560,0.850,4,0,326.834,0,0,17,221,2,44,2
10-12 16:46:47,58.497,21.499,18.249,0,0,4017344,161956,165760,3605580,7091.695,1565.933,191.992,2931.874,13.999,184.992,7531,15797,2.200,1.560,0.850,4,0,522.978,0,0,17,223,2,48,2
10-12 16:46:48,61.242,19.997,18.498,0,0,4110104,124592,165764,3550748,5331.328,1619.796,43.994,787.901,4.999,47.994,7225,16961,2.750,1.680,0.900,5,0,264.967,0,0,17,235,2,50,2
10-12 16:46:49,65.039,12.460,22.677,0,0,4230880,123512,165764,3434064,4939.994,1576.891,0,737.610,0,65.787,2814,4225,2.750,1.680,0.900,6,0,100.674,0,0,17,238,2,49,2
10-12 16:46:50,69.901,8.769,20.043,0.501,0,4295616,130904,165776,3363168,7162.478,1623.508,240.520,9604.756,16.035,800.730,5122,9823,2.750,1.680,0.900,4,0,19.041,0,0,17,249,2,56,2
10-12 16:46:51,51.042,23.520,24.520,0.500,0,4271104,155584,165784,3363128,5372.459,1621.346,996.827,1060.881,21.017,80.066,5033,10096,2.750,1.680,0.900,3,0,614.510,0,0,17,253,2,52,2
10-12 16:46:52,51.987,20.995,24.994,0.750,0,4258536,188720,165872,3343072,8458.944,1619.606,4646.871,2674.350,105.974,231.944,6590,16397,2.750,1.680,0.900,4,0,299.927,0,0,17,254,2,54,2
10-12 16:46:53,77.309,17.013,5.004,0,0,4393652,146004,165876,3252996,8042.152,1621.240,824.631,716.548,11.008,44.034,2592,4432,2.930,1.740,0.920,6,0,168.129,0,0,18,257,2,51,2
10-12 16:46:54,66.274,10.254,23.258,0,0,4435160,148492,165912,3209460,7491.697,1714.617,1480.533,908.327,22.008,43.015,2452,3443,2.930,1.740,0.920,4,0,49.018,0,0,18,259,2,51,2
10-12 16:46:55,26.982,11.992,59.461,0,0,4466080,123260,165924,3203928,6817.494,2493.352,839.445,967.361,12.991,50.966,5033,9066,2.930,1.740,0.920,2,0,219.855,0,0,18,259,2,52,2
10-12 16:46:56,18.479,6.243,73.916,0.499,0,4464132,125204,165924,3203932,18553.867,4012.430,767.126,499.431,5.993,41.952,1885,2715,2.930,1.740,0.920,2,0,8.990,0,0,18,259,3,52,3
10-12 16:46:57,21.691,5.485,71.557,0,0,4469040,135376,165924,3189024,14028.138,3416.778,542.536,510.622,5.984,41.887,2102,3184,2.930,1.740,0.920,1,0,9.973,0,0,18,264,2,41,2
10-12 16:46:58,22.053,7.518,70.670,0.501,0,4463024,145832,165928,3184772,10646632.799,89958.440,769.852,9486.825,6.014,767.847,5969,5195,2.940,1.760,0.930,1,0,12.029,0,0,18,268,2,41,2
10-12 16:46:59,26.197,13.473,58.132,0,0,4473856,143368,165924,3176472,5915816.146,44208.125,3025.848,375.237,36.925,27.943,4410,5111,2.940,1.760,0.930,1,0,266.458,0,0,18,267,2,41,2
10-12 16:47:00,26.992,3.249,68.729,0.750,0,4506164,132456,165924,3155248,5234.414,1703.484,75.977,687.792,2.999,74.977,2813,5082,2.940,1.760,0.930,1,0,2.999,0,0,18,279,2,43,2
10-12 16:47:01,25.032,4.756,68.086,0.250,0,4518696,127672,165924,3147760,7988.113,1790.266,496.629,764.968,30.038,71.090,4224,8678,2.940,1.760,0.930,3,0,2.003,0,0,18,282,2,44,2
10-12 16:47:02,11.254,16.756,69.023,0.250,0,4474200,179428,165924,3140608,5210.720,1458.481,248.082,652.215,10.003,49.016,3555,5888,2.940,1.760,0.930,2,0,434.143,0,0,18,279,2,45,2
10-12 16:47:03,24.511,3.251,71.783,0.250,0,4474988,178532,165924,3140716,4922.264,1620.746,156.072,16363.527,3.001,41.019,1627,2438,2.780,1.750,0.930,2,0,41.019,0,0,18,279,2,45,2
10-12 16:47:04,9.754,17.507,71.279,0,0,4480284,173056,165928,3140892,5833.357,1620.655,4.002,1748.706,1.000,99.040,3277,5313,2.780,1.750,0.930,1,0,344.139,0,0,18,279,2,45,2
10-12 16:47:05,7.727,12.462,78.512,0.249,0,4482480,170768,165928,3140984,5206.241,1688.888,39.879,155.529,3.988,13.958,2904,4829,2.780,1.750,0.930,1,0,308.067,0,0,18,279,2,44,2
10-12 16:47:06,9.752,2.251,87.269,0,0,4499364,153884,165928,3140984,4931.100,1694.378,0,9618.145,0,24.005,1440,2144,2.780,1.750,0.930,1,0,11.002,0,0,18,279,2,44,2
10-12 16:47:07,24.555,4.260,70.909,0.251,0,4473692,194664,165928,3125948,4953.075,1623.630,0,6626.818,0,27.061,1809,2761,2.780,1.750,0.930,2,0,18.040,0,0,18,285,2,41,2
10-12 16:47:08,11.242,15.738,70.448,0,0,4474312,193564,165932,3126424,5630.816,1530.863,475.647,83.938,11.991,5.996,3062,4865,2.640,1.740,0.930,1,0,263.804,0,0,18,285,2,41,2
10-12 16:47:09,12.478,16.222,69.880,0,0,4491480,176100,165932,3126704,5312.846,1617.214,11.979,127.780,1.997,14.974,2959,4856,2.640,1.740,0.930,1,0,262.548,0,0,18,289,2,38,2
10-12 16:47:10,23.085,4.266,71.766,0.753,0,4549940,131776,165932,3112568,5502.359,1626.016,786.912,433.604,44.163,44.163,1676,2613,2.640,1.740,0.930,1,0,4.015,0,0,18,291,2,38,2
10-12 16:47:11,24.996,3.249,70.988,0.250,0,4596812,133092,165932,3064704,8559.545,1619.725,323.945,367.937,17.997,39.993,1811,2680,2.640,1.740,0.930,1,0,2.999,0,0,18,297,2,36,2
10-12 16:47:12,24.417,2.990,71.008,0,0,4524216,205596,165932,3064796,5566.037,1688.248,83.715,287.022,7.973,23.919,1658,2346,2.640,1.740,0.930,1,0,7.973,0,0,18,295,2,36,2
10-12 16:47:13,24.007,3.251,71.771,0,0,4585912,143856,165932,3064840,6231.801,1620.468,4.001,140.040,1.000,10.003,1301,1918,2.510,1.720,0.930,1,0,1.000,0,0,18,298,2,33,2
10-12 16:47:14,25.494,2.749,71.483,0.250,0,4500532,229224,165932,3064852,6327.494,1619.615,35.991,243.942,2.999,13.997,1776,2719,2.510,1.720,0.930,1,0,17.996,0,0,18,295,2,34,2
10-12 16:47:15,23.309,3.759,72.432,0,0,4472464,257128,165932,3065016,7492.852,1461.678,0,120.303,0,12.030,1490,2209,2.510,1.720,0.930,1,0,27.068,0,0,18,295,2,33,2
10-12 16:47:16,10.500,17.250,70.500,0,0,4483088,245392,165936,3066124,7112.979,1619.995,1491.996,223.999,19.000,4.000,3361,5525,2.510,1.720,0.930,1,0,408.999,0,0,18,295,2,33,2
10-12 16:47:17,19.751,8.001,71.505,0,0,4507648,220312,165940,3066640,4559.328,1620.117,500.036,112.008,25.002,4.000,2193,3338,2.510,1.720,0.930,1,0,150.011,0,0,18,295,2,33,2
10-12 16:47:18,24.275,5.506,69.321,0.250,0,4531488,196148,166004,3066892,5430.539,1621.654,212.216,0,21.021,0,9163,18571,2.390,1.710,0.930,1,0,7.007,0,0,18,295,2,32,2
10-12 16:47:19,15.441,2.989,78.950,0.498,0,4520532,206560,166152,3067256,12701.657,5360.598,123.530,422.392,30.882,10.958,1615,2400,2.390,1.710,0.930,1,0,6.973,0,0,18,296,2,32,2
10-12 16:47:20,26.013,4.252,68.284,0.500,0,4547912,177368,166300,3068664,4946.444,1764.872,0,864.427,0,44.022,9407,18656,2.390,1.710,0.930,1,0,6.003,0,0,18,296,2,31,2
10-12 16:47:21,20.779,6.509,71.851,0.250,0,4490536,234884,166304,3068520,4947.932,1796.517,4.006,284.398,1.001,12.017,2015,2947,2.390,1.710,0.930,3,0,87.122,0,0,18,295,2,31,2
10-12 16:47:22,18.029,11.268,70.112,0.250,0,4536756,188732,166304,3068436,5169.250,1460.331,0,2704.316,0,146.233,2660,4465,2.390,1.710,0.930,2,0,186.297,0,0,18,295,2,30,2
10-12 16:47:23,21.434,6.729,71.030,0,0,4508260,217028,166304,3068636,4810.113,1615.002,23.926,0,1.994,0,2250,3521,2.270,1.700,0.930,2,0,111.654,0,0,18,295,2,32,2
10-12 16:47:24,23.998,2.500,72.743,0,0,4551676,173436,166304,3068812,5023.493,1619.836,0,0,0,0,1606,2438,2.270,1.700,0.930,2,0,2.000,0,0,18,295,2,31,2
10-12 16:47:25,21.512,6.253,72.540,0,0,4547524,177572,166304,3068828,4708.585,1620.890,0,0,0,0,1624,2499,2.270,1.700,0.930,2,0,72.040,0,0,18,296,2,31,2
10-12 16:47:26,23.747,5.249,70.990,0.250,0,4508976,216096,166304,3068852,5488.193,1619.762,0,467.931,0,37.994,2197,3443,2.270,1.700,0.930,2,0,57.991,0,0,18,297,2,31,2
10-12 16:47:27,23.762,4.002,70.785,0,0,4501124,223948,166304,3068852,11539.643,1620.793,0,0,0,0,2007,2918,2.270,1.700,0.930,3,0,34.017,0,0,18,297,2,33,2
10-12 16:47:28,22.041,5.009,71.384,0,0,4477840,247204,166304,3068880,6410.038,1460.743,20.038,388.730,2.004,43.081,2166,3562,2.250,1.700,0.940,2,0,48.090,0,0,18,297,2,34,2
10-12 16:47:29,23.931,2.742,71.793,0.249,0,4532976,192044,166304,3068904,8027.840,1657.219,0,4738.330,0,487.593,1740,2545,2.250,1.700,0.940,2,0,1.994,0,0,18,297,2,36,2
10-12 16:47:30,27.351,6.524,65.993,0.251,0,4515704,208924,166304,3069296,5508.281,1625.987,248.917,297.094,27.100,28.103,2436,4580,2.250,1.700,0.940,1,0,68.251,0,0,18,297,2,37,2
10-12 16:47:31,21.924,5.730,71.254,0,0,4496176,228428,166304,3069320,5055.518,1614.417,0,430.511,0,38.866,2355,3818,2.250,1.700,0.940,1,0,89.690,0,0,18,297,2,37,2
10-12 16:47:32,22.245,5.499,70.734,0.250,0,4482496,242076,166304,3069352,5588.765,1661.633,15.996,267.941,1.000,16.996,2012,3003,2.250,1.700,0.940,1,0,46.990,0,0,18,297,2,38,2
10-12 16:47:33,24.745,2.999,71.237,0.250,0,4530988,193440,166304,3069496,7706.597,1619.705,139.975,263.952,13.997,14.997,1767,2690,2.150,1.690,0.940,1,0,2.000,0,0,18,297,2,39,2
10-12 16:47:34,23.015,3.502,72.047,0,0,4529660,194736,166304,3069528,5278.457,1621.062,0,444.291,0,13.009,1662,2425,2.150,1.690,0.940,2,0,16.010,0,0,18,297,2,39,2
10-12 16:47:35,28.505,3.251,66.012,1.000,0,4503728,219972,166308,3070220,5165.951,1458.268,432.080,1712.315,31.006,210.039,3857,7055,2.150,1.690,0.940,1,0,7.001,0,0,18,299,2,41,2
10-12 16:47:36,25.574,2.507,70.955,0.501,0,4522336,201352,166308,3070232,5656.330,1698.905,16.046,1472.250,4.012,118.342,2565,4550,2.150,1.690,0.940,1,0,0,0,0,18,301,2,42,1
10-12 16:47:37,15.257,15.507,67.780,0.250,0,4487000,236500,166312,3070416,6911.069,1620.720,0,784.348,0,71.032,4017,7032,2.150,1.690,0.940,1,0,455.202,0,0,18,299,2,43,1
10-12 16:47:38,9.995,21.240,67.718,0,0,4493436,230000,166312,3070448,5428.427,1619.232,0,487.769,0,36.982,4139,7081,2.060,1.680,0.940,1,0,650.692,0,0,18,299,2,43,1
10-12 16:47:39,11.757,20.262,66.290,0.500,0,4495332,228072,166312,3070480,12128.228,1620.966,0,488.291,0,39.023,4937,8665,2.060,1.680,0.940,1,0,609.363,0,0,18,299,2,43,1
10-12 16:47:40,13.225,19.463,66.624,0,0,4492020,231240,166312,3070624,6711.349,1616.952,0,762.563,0,51.902,4508,7907,2.060,1.680,0.940,1,0,675.726,0,0,18,299,2,43,1
10-12 16:47:41,10.503,21.256,68.019,0,0,4494184,229032,166312,3070668,4803.359,1458.413,0,608.172,0,44.012,4077,7353,2.060,1.680,0.940,1,0,603.171,0,0,18,299,2,43,1
10-12 16:47:42,10.243,20.986,68.205,0,0,4493372,229780,166312,3070716,5400.463,1618.940,0,31.979,0,7.995,3850,6554,2.060,1.680,0.940,1,0,566.629,0,0,18,299,2,43,1
10-12 16:47:43,15.224,12.229,70.129,0.499,0,4521008,285700,166404,2995928,5379.709,1617.207,63.890,3973.138,7.986,102.822,8415,16059,1.890,1.650,0.940,2,0,172.702,0,0,18,299,2,43,1
10-12 16:47:44,21.492,4.998,72.474,0,0,4541812,253428,166552,3005996,6673.584,2678.031,7.997,1455.473,1.000,16.994,8731,16907,1.890,1.650,0.940,1,0,3.999,0,0,18,300,2,36,1
10-12 16:47:45,7.752,1.000,89.278,0.250,0,4541632,253428,166552,3006176,10010.103,2737.849,32.010,636.197,1.000,58.018,1646,2774,1.890,1.650,0.940,1,0,0,0,0,18,300,2,36,1
10-12 16:47:46,15.498,1.500,81.237,0.500,0,4554324,240352,166600,3006480,20541.693,10157.365,163.974,863.861,19.997,36.994,1659,2583,1.890,1.650,0.940,0,0,0,0,0,18,301,2,36,1
10-12 16:47:47,12.999,2.000,82.492,1.250,0.250,4554876,238840,166668,3007308,24985.476,14524.533,547.945,1643.834,49.995,74.992,1801,2836,1.890,1.650,0.940,0,0,0,0,0,18,301,2,36,1
10-12 16:47:48,19.001,1.500,78.004,0.500,0,4574000,218932,166704,3008056,17082.922,9009.487,652.035,796.043,31.002,27.001,1524,2171,1.820,1.640,0.940,1,0,1.000,0,0,18,301,2,31,1
10-12 16:47:49,13.000,1.250,85.501,0.750,0.250,4575056,217420,166752,3008428,18289.256,10554.148,412.006,1080.015,29.000,37.001,1502,2295,1.820,1.640,0.940,1,0,0,0,0,18,301,2,31,1
10-12 16:47:50,18.009,1.751,76.787,1.251,0,4579432,191492,166792,3029932,16366.856,9141.388,7807.748,1472.707,125.060,62.030,1935,2989,1.820,1.640,0.940,3,0,0,0,0,18,300,2,29,2
10-12 16:47:51,23.996,2.250,71.489,0.750,0,4603960,149464,167276,3045196,6217.036,1619.749,0,2679.585,0,105.984,1704,2674,1.820,1.640,0.940,2,0,0,0,0,18,300,2,29,2
10-12 16:47:52,22.477,3.496,71.426,1.748,0,4590588,137656,167636,3067916,5771.980,1618.312,0,4527.278,0,168.824,1833,2993,1.820,1.640,0.940,2,0,0,0,0,18,300,2,22,2
10-12 16:47:53,24.026,2.503,71.327,1.001,0,4503020,232920,167884,3058488,7603.227,1862.015,416.451,2330.522,5.005,62.067,1595,2262,1.760,1.630,0.940,3,0,2.002,0,0,18,299,2,22,1
10-12 16:47:54,26.341,4.516,69.991,0,0,4541992,192140,167920,3060260,6225.478,1557.373,489.689,0,4.014,0,9152,18107,1.760,1.630,0.940,2,0,9.031,0,0,18,299,2,21,1
10-12 16:47:55,23.169,5.979,68.510,0.249,0,4545892,187944,167920,3060524,4962.586,1614.335,31.888,4001.957,0.997,41.853,8871,18523,1.760,1.630,0.940,1,0,12.955,0,0,18,299,2,21,1
10-12 16:47:56,24.498,3.750,70.494,0.250,0,4495732,238084,167920,3060540,5188.569,1619.866,79.993,603.950,5.000,31.997,1951,2946,1.760,1.630,0.940,2,0,16.999,0,0,18,299,2,20,1
10-12 16:47:57,24.503,4.500,69.757,0,0,4522012,211680,167920,3060640,10096.070,1620.172,0,180.019,0,8.001,9292,18672,1.760,1.630,0.940,2,0,48.005,0,0,18,299,2,20,1
10-12 16:47:58,24.305,5.262,69.157,0,0,4533388,200292,167920,3060644,9159.802,1623.687,0,200.455,0,6.014,9503,18850,1.780,1.640,0.940,1,0,17.039,0,0,18,299,2,20,1
10-12 16:47:59,22.197,6.235,69.334,0,0,4510568,222984,167920,3060772,9258.871,1616.137,0,115.723,0,8.979,9168,18276,1.780,1.640,0.940,1,0,14.964,0,0,18,299,2,20,1
10-12 16:48:00,24.087,4.015,71.509,0.502,0,4533852,199884,167920,3060660,4833.502,1625.887,0,8097.320,0,675.446,1857,2541,1.780,1.640,0.940,1,0,8.029,0,0,18,299,2,20,1
10-12 16:48:01,21.750,7.500,70.000,0,0,4501868,220956,168212,3070176,4517.005,1458.001,8.000,148.000,2.000,5.000,10991,21861,1.780,1.640,0.940,1,0,100.000,0,0,18,299,2,18,1
10-12 16:48:02,21.171,2.740,75.221,0,0,4527040,187920,168608,3076476,6580.586,2669.098,0,7.970,0,1.993,2272,3829,1.780,1.640,0.940,1,0,3.985,0,0,18,300,2,18,1
10-12 16:48:03,6.499,0.500,91.493,0,0,4527036,187920,168608,3076480,11977.030,2731.779,0,1327.892,0,6.999,1205,1870,1.630,1.610,0.940,1,0,0,0,0,18,300,2,16,1
10-12 16:48:04,14.502,1.250,82.011,0.500,0,4539300,175320,168644,3076692,17746.467,9187.277,0,668.093,0,23.003,1411,2051,1.630,1.610,0.940,0,0,0,0,0,18,301,2,16,1
10-12 16:48:05,14.505,1.250,81.027,1.250,0,4541472,172828,168692,3076920,27000.910,14646.833,32.011,4705.553,1.000,230.076,2051,3329,1.630,1.610,0.940,0,0,0,0,0,18,301,2,16,1
10-12 16:48:06,4.498,1.499,92.959,0.250,0,4542180,172072,168740,3076920,105138.319,7416.707,0,759.663,0,45.980,1451,2265,1.630,1.610,0.940,1,0,0,0,0,18,302,2,16,1
10-12 16:48:07,13.502,0.500,84.513,0.750,0,4557596,156224,168792,3077204,57639.531,9172.358,0,1116.165,0,42.006,1489,2335,1.630,1.610,0.940,1,0,0,0,0,18,302,1,16,1
10-12 16:48:08,16.761,1.501,80.302,0.250,0,4566164,147468,168844,3077300,21722.011,11572.464,0,1040.671,0,36.023,1519,2162,1.660,1.620,0.940,1,0,1.001,0,0,18,301,1,16,2
10-12 16:48:09,17.990,0.999,79.206,0.500,0,4579268,133900,168928,3077620,223484.190,13808.350,0,1211.329,0,38.978,1529,2134,1.660,1.620,0.940,0,0,0,0,0,18,301,1,16,2
10-12 16:48:10,8.999,2.500,85.987,2.000,0.250,4579792,132696,169172,3077896,127346.134,18312.143,23.996,3227.497,3.999,161.975,2038,3202,1.660,1.620,0.940,1,0,0,0,0,18,301,1,16,2
10-12 16:48:11,16.248,1.750,80.488,0.250,0,4577392,139832,169272,3072916,107479.308,13280.061,99.985,1363.801,6.999,55.992,1535,2264,1.660,1.620,0.940,1,0,1.000,0,0,18,301,1,16,2
10-12 16:48:12,9.773,4.009,83.444,1.002,0,4571076,151428,169392,3067760,17312540.281,109245.214,136.317,18258.488,2.005,79.184,6428,4513,1.660,1.620,0.940,1,0,5.012,0,0,18,301,1,16,2
10-12 16:48:13,18.278,2.504,77.370,1.002,0,4580868,132304,169804,3075484,521945.972,7547.684,28.043,2487.851,2.003,84.130,1681,2461,1.610,1.610,0.940,1,0,0,0,0,18,301,1,16,2
10-12 16:48:14,21.730,3.747,71.686,0.999,0,4577720,135212,172624,3069476,7185.547,1618.547,0,5107.414,0,89.919,1620,2573,1.610,1.610,0.940,1,0,0,0,0,18,301,1,16,2
10-12 16:48:15,22.936,4.737,70.804,0.748,0,4594100,136260,173420,3050072,7891.149,1453.974,3.989,31301.327,0.997,263.271,1947,3128,1.610,1.610,0.940,1,0,0,0,0,18,301,1,15,2
10-12 16:48:16,21.999,4.000,72.247,1.250,0,4589184,134292,174440,3053332,5092.766,1619.925,0,3099.857,0,107.995,1671,2730,1.610,1.610,0.940,1,0,0,0,0,18,301,1,15,2
10-12 16:48:17,22.253,3.250,73.011,0.500,0,4580004,135348,176016,3057940,5660.849,1620.243,0,2704.406,0,49.007,1521,2432,1.610,1.610,0.940,1,0,0,0,0,18,301,1,15,2
10-12 16:48:18,17.520,3.254,76.588,1.001,0,4595200,141808,176888,3033692,11532.251,4297.938,20.023,3087.548,3.003,79.091,1697,2647,1.560,1.600,0.940,2,0,1.001,0,0,18,299,1,15,1
10-12 16:48:19,25.560,2.756,71.919,0,0,4520208,216792,176928,3033688,5244.298,1693.972,4.009,28.066,1.002,2.005,1438,2033,1.560,1.600,0.940,1,0,6.014,0,0,18,299,1,15,1
10-12 16:48:20,23.747,6.249,68.243,0.250,0,4536340,199408,176976,3034856,8613.061,1693.815,0,31912.522,0,93.990,9845,19826,1.560,1.600,0.940,4,0,11.999,0,0,18,299,1,15,1
10-12 16:48:21,23.426,7.476,67.785,0.498,0,4539512,196076,176988,3035012,8438.251,1614.881,3.987,97861.778,0.997,806.444,9930,19102,1.560,1.600,0.940,1,0,9.968,0,0,18,299,1,15,1
10-12 16:48:22,23.006,5.251,71.017,0,0,4487864,247828,176988,3034980,7903.913,1512.366,0,204.049,0,7.002,1547,2291,1.560,1.600,0.940,1,0,8.002,0,0,18,299,1,15,1
10-12 16:48:23,25.275,3.003,71.822,0.250,0,4526104,205384,177384,3038112,8564.625,1567.579,808.814,2630.649,20.020,80.081,2356,4459,1.520,1.590,0.940,1,0,3.003,0,0,18,300,1,13,1
10-12 16:48:24,27.044,4.257,66.609,1.753,0,4525764,204628,177388,3039204,4841.926,1622.656,781.279,2636.316,50.082,316.518,4765,10468,1.520,1.590,0.940,1,2,0,0,0,18,301,1,18,1
10-12 16:48:25,11.970,16.958,69.078,0.748,0,4473856,255444,177392,3040292,5193.090,1615.983,1033.431,1328.697,13.965,81.797,3525,5977,1.520,1.590,0.940,1,0,437.911,0,0,18,301,1,20,1
10-12 16:48:26,9.529,5.266,70.964,13.541,0,4456420,237316,177392,3075820,5437.416,1624.906,35751.935,4337.094,1994.020,374.129,3775,6822,1.520,1.590,0.940,1,0,10.030,0,0,18,301,1,20,1
10-12 16:48:27,6.738,3.743,77.359,9.233,0,4455748,228524,177396,3085280,11292.380,2634.190,9414.809,1030.119,1527.211,16.969,3131,5459,1.520,1.590,0.940,1,0,5.989,0,0,18,302,1,18,1
10-12 16:48:28,2.744,0.748,94.795,0,0,4455884,228272,177396,3085396,24621.694,3468.491,0,39.914,0,4.989,1218,1956,1.390,1.560,0.940,0,0,0.998,0,0,18,302,1,18,1
10-12 16:48:29,3.001,1.000,95.537,0,0,4457116,227040,177396,3085396,48338.755,5169.006,0,24.009,0,5.002,1203,1835,1.390,1.560,0.940,2,0,2.001,0,0,18,302,1,17,1
10-12 16:48:30,9.249,4.249,83.487,0.500,0,4442192,238888,177580,3088220,74067.297,129741.501,2967.531,1127.822,45.993,28.995,2352,4968,1.390,1.560,0.940,0,0,58.991,0,0,18,301,1,18,1
10-12 16:48:31,0.751,0.500,96.331,0,0,4442192,238888,177580,3088220,4846.076,1621.364,0,32.027,0,4.003,1080,1831,1.390,1.560,0.940,0,0,0,0,0,18,301,1,15,1
10-12 16:48:32,1.998,0.499,95.403,0,0,4442188,238888,177580,3088224,4991.923,1660.311,0,259.736,0,22.977,1268,2218,1.390,1.560,0.940,0,0,0,0,0,18,301,1,15,1
10-12 16:48:33,2.000,0.250,95.996,0,0,4442408,238664,177580,3088228,4575.831,1619.940,0,51.998,0,6.000,1119,1885,1.280,1.530,0.930,0,0,0,0,0,18,301,1,13,1
10-12 16:48:34,3.000,1.000,94.503,0.750,0,4442404,238664,177580,3088232,4587.170,1620.060,84.003,604.022,3.000,67.002,1475,2640,1.280,1.530,0.930,1,0,0,0,0,18,301,1,13,1
10-12 16:48:35,2.000,0.750,96.250,0,0,4442308,238664,177580,3088328,6178.031,1512.008,0,4.000,0,1.000,1180,2004,1.280,1.530,0.930,0,0,0,0,0,18,301,1,10,1
10-12 16:48:36,1.750,1.250,95.512,0,0,4442308,238664,177580,3088328,4902.593,1694.205,0,160.019,0,25.003,1183,2008,1.280,1.530,0.930,0,0,0,0,0,18,301,1,10,1
10-12 16:48:37,0.750,0.500,96.272,0,0,4442308,238664,177580,3088328,5854.317,1566.352,0,0,0,0,1025,1755,1.280,1.530,0.930,0,0,0,0,0,18,301,1,8,1
10-12 16:48:38,2.249,0.750,95.703,0,0,4442560,238412,177580,3088328,5542.279,1619.205,0,247.878,0,22.989,1269,2201,1.180,1.510,0.930,0,0,1.000,0,0,18,301,1,8,1
10-12 16:48:39,1.250,0.250,96.004,0.250,0,4442560,238412,177580,3088328,6086.250,1620.066,0,36.001,0,5.000,1060,1780,1.180,1.510,0.930,0,0,0,0,0,18,301,1,8,1
10-12 16:48:40,2.501,0.750,95.525,0,0,4442552,238412,177580,3088336,5202.342,1620.418,0,360.093,0,39.010,1268,2220,1.180,1.510,0.930,1,0,0,0,0,18,301,1,8,1
10-12 16:48:41,2.500,0.750,95.250,0,0,4442552,238412,177580,3088336,5494.989,1619.997,0,0,0,0,1093,1838,1.180,1.510,0.930,0,0,0,0,0,18,301,1,8,1
10-12 16:48:42,5.500,1.750,91.501,0.500,0,4442716,238160,177580,3088424,4812.077,1512.024,0,776.012,0,149.002,2128,3989,1.180,1.510,0.930,1,0,0,0,0,18,301,1,8,1
10-12 16:48:43,3.000,0.750,94.993,0,0,4442684,238160,177580,3088456,6295.528,1619.879,0,0,0,0,1224,1963,1.080,1.480,0.920,1,0,0,0,0,18,302,1,10,1
10-12 16:48:44,3.500,1.000,93.263,0.250,0,4442680,238160,177580,3088460,5330.720,1566.211,0,280.038,0,31.004,1612,2732,1.080,1.480,0.920,0,0,0,0,0,18,301,1,10,1
10-12 16:48:45,2.000,1.500,96.009,0,0,4442664,238160,177580,3088476,6194.595,1620.156,0,112.011,0,9.001,1125,1928,1.080,1.480,0.920,1,0,0,0,0,18,301,1,10,1
10-12 16:48:46,1.499,1.749,95.194,0.500,0,4444484,236340,177584,3088472,4473.361,1619.045,3.998,37497.876,0.999,230.864,1509,2459,1.080,1.480,0.920,0,0,0,0,0,18,301,1,10,1
10-12 16:48:47,1.500,0.500,96.265,0,0,4444436,236340,177584,3088476,6307.965,1620.248,0,92.014,0,5.001,1038,1751,1.080,1.480,0.920,0,0,0,0,0,18,301,1,10,1
10-12 16:48:48,3.250,0.750,95.255,0.250,0,4444436,236340,177584,3088476,6706.329,1620.079,0,72.004,0,9.000,1107,1826,1,1.460,0.920,0,0,1.000,0,0,18,301,1,10,1
10-12 16:48:49,2.251,1.000,94.534,0,0,4445184,235584,177584,3088480,4828.743,1512.546,0,4.001,0,1.000,1097,1786,1,1.460,0.920,1,0,2.001,0,0,18,301,1,10,1
10-12 16:48:50,19.069,6.022,74.519,0,0,4450676,230092,177584,3088480,6172.263,1625.864,770.780,92.333,6.022,13.047,1744,2551,1,1.460,0.920,2,0,7.025,0,0,18,301,1,10,1
10-12 16:48:51,7.469,3.486,86.147,0,0,4450560,230200,177584,3088488,5021.417,1559.607,254.955,53448.913,1.992,199.184,1823,2682,1,1.460,0.920,0,0,2.988,0,0,18,301,1,10,1
10-12 16:48:52,2.001,0.750,96.027,0.250,0,4450460,230200,177584,3088488,5337.494,1620.454,0,2080.583,0,185.052,1185,1811,1,1.460,0.920,0,0,0,0,0,18,301,1,10,1
10-12 16:48:53,2.250,0.500,96.015,0,0,4450460,230200,177584,3088488,7062.137,1620.261,0,56.009,0,7.001,1070,1756,0.920,1.430,0.910,0,0,0,0,0,18,301,1,10,1
10-12 16:48:54,2.000,1.250,95.243,0.250,0,4450460,230200,177584,3088488,9044.358,1619.885,0,1703.879,0,96.993,1309,2213,0.920,1.430,0.910,1,0,0,0,0,18,301,1,10,1
10-12 16:48:55,1.000,0.250,95.737,0.500,0,4450452,230200,177584,3088496,5391.240,1511.787,0,1971.722,0,100.986,1266,2220,0.920,1.430,0.910,0,0,0,0,0,18,301,1,10,1
10-12 16:48:56,2.500,1.500,94.752,0.250,0,4451212,229304,177584,3088608,6634.153,1620.037,0,8412.193,0,266.006,1395,2314,0.920,1.430,0.910,0,0,0,0,0,18,301,1,10,1
10-12 16:48:57,2.250,0.500,94.742,0,0,4451460,229304,177584,3088608,12147.955,1619.861,0,111.990,0,15.999,1416,2348,0.920,1.430,0.910,0,0,0,0,0,18,301,1,10,1
10-12 16:48:58,2.502,0.751,96.078,0,0,4451452,229304,177584,3088616,4602.728,1567.269,0,0,0,0,1155,1902,0.840,1.410,0.910,0,0,1.001,0,0,18,301,1,10,1
10-12 16:48:59,2.750,0.500,94.258,0.250,0,4451444,229304,177584,3088624,7003.560,1620.130,0,504.040,0,49.004,1375,2413,0.840,1.410,0.910,0,0,0,0,0,18,301,1,10,1
10-12 16:49:00,2.499,0.750,95.721,0.250,0,4451444,229304,177584,3088624,4531.613,1187.637,0,119.963,0,19.994,1308,2343,0.840,1.410,0.910,0,0,0,0,0,18,301,1,10,1
10-12 16:49:01,5.498,1.249,92.460,0,0,4454028,226452,177600,3088876,107863.726,1719.262,267.885,143.938,5.997,1.000,1167,1880,0.840,1.410,0.910,0,0,3.998,0,0,18,301,1,10,1
10-12 16:49:02,12.270,4.507,81.883,0,0,4467556,212528,177640,3089232,348698.286,12053.575,220.358,288.468,11.018,12.020,1863,2457,0.840,1.410,0.910,0,0,39.063,0,0,18,301,1,10,1
