"pcp-dstat 5.3.6 CSV Output"
"Author:","PCP team <pcp@groups.io> and Dag Wieers <dag@wieers.com>",,,,"URL:","https://pcp.io/ and http://dag.wieers.com/home-made/dstat/"
"Host:","jammy-provider-cloud-0000007222",,,,"User:","ubuntu"
"Cmdline:","dstat -tcmndrylpg --tcp --output /tmp/devstack_logs/dstat-csv.log",,,,"Date:","14 Jun 2024 14:52:25 UTC"
"system","total usage",,,,,"memory usage",,,,"net/total",,"dsk/total",,"io/total",,"system",,"load avg",,,"procs",,,"paging",,"tcp sockets",,,,
"time","total usage:usr","total usage:sys","total usage:idl","total usage:wai","total usage:stl","used","free","buf","cach","net/total:recv","net/total:send","dsk/total:read","dsk/total:writ","read","writ","int","csw","1m","5m","15m","run","blk","new","in","out","lis","act","syn","tim","clo"
14-06 14:52:25,,1005160,2033312,158964,4625900,,,,,,,1.860,1.020,0.500,2,0,,,,9,4,3,18,2
14-06 14:52:26,29.722,22.729,46.956,0.749,0,1019408,1986388,159404,4654892,11405.427,1550.563,0,4931.429,0,194.819,4150,7025,1.860,1.020,0.500,2,0,613.431,0,0,9,4,3,18,2
14-06 14:52:27,34.200,18.972,45.184,0.749,0,1021484,1953256,160580,4681904,43613.107,1583.680,0,4297.704,0,213.687,5124,11867,1.860,1.020,0.500,2,0,367.462,0,0,9,4,3,18,2
14-06 14:52:28,28.530,9.009,61.815,0.250,0,1065488,1916488,161064,4797680,10625.156,4263.477,424.446,1569.648,4.004,50.053,4551,9390,1.860,1.020,0.500,2,0,57.060,0,0,10,4,3,18,0
14-06 14:52:29,36.250,16.000,45.750,0,0,1120328,1860556,161128,4798564,5651.034,1458.009,80.000,1092.007,1.000,14.000,9966,19947,1.860,1.020,0.500,1,1,265.002,0,0,10,6,3,19,0
14-06 14:52:30,44.518,8.754,46.269,0.250,0,1181624,1797640,161148,4799936,5545.301,1458.605,328.136,6434.670,17.007,39.016,9146,18430,1.880,1.030,0.500,2,0,35.015,0,0,10,4,3,20,0
14-06 14:52:31,41.008,6.001,48.510,3.751,0,1180248,1794032,161536,4804472,4749.959,1404.284,12.002,15955.223,1.000,1134.229,5284,10672,1.880,1.030,0.500,2,0,22.004,0,0,10,6,3,20,0
14-06 14:52:32,38.245,6.999,45.994,8.249,0,1106604,1861456,162352,4809728,5116.340,1457.812,0,36567.283,0,2948.620,11428,23236,1.880,1.030,0.500,3,0,119.985,0,0,10,4,3,20,0
14-06 14:52:33,35.183,4.491,59.637,0.499,0,1144248,1823812,162404,4809668,4773.925,1551.051,0,8827.219,0,574.907,2213,3625,1.880,1.030,0.500,2,0,75.856,0,0,10,4,3,20,0
14-06 14:52:34,23.761,2.001,72.534,1.000,0,1093192,1874648,162480,4809772,5043.365,1242.583,0,7063.313,0,357.168,1673,3021,1.880,1.030,0.500,3,0,10.005,0,0,10,4,3,20,0
14-06 14:52:35,23.751,2.000,73.254,0,0,1150648,1817192,162500,4809752,5503.314,1350.077,0,5916.337,0,281.016,1227,2190,1.810,1.030,0.510,1,0,0,0,0,10,4,3,14,0
14-06 14:52:36,15.502,12.002,72.011,0,0,1082228,1885524,162500,4809808,5465.803,1620.238,0,0,0,0,2091,3182,1.810,1.030,0.510,4,0,241.035,0,0,10,4,3,14,0
14-06 14:52:37,10.758,18.514,69.051,0,0,1087644,1879928,162500,4809968,5465.061,1621.205,0,44.033,0,11.008,2821,4575,1.810,1.030,0.510,1,0,407.303,0,0,10,4,3,14,0
14-06 14:52:38,26.263,16.258,57.029,0,0,1128016,1839296,162500,4810532,4715.367,1566.787,56.028,32.016,1.001,4.002,4156,8429,1.810,1.030,0.510,3,0,270.136,0,0,10,5,3,14,0
14-06 14:52:39,45.752,4.250,49.252,0,0,1234564,1731524,162524,4811736,4111.140,1512.051,588.020,332.011,25.001,32.001,1220,1232,1.810,1.030,0.510,3,0,0,0,0,10,5,3,14,0
14-06 14:52:40,47.467,4.997,47.467,0,0,1268604,1694912,162596,4813920,5159.419,1658.849,0,11579.964,0,154.893,2244,5798,1.820,1.050,0.520,2,2,7.994,0,0,10,4,3,15,0
14-06 14:52:41,2.496,4.243,92.098,0,0,1272108,1691136,162596,4814064,4524.521,1509.505,0,1393.696,0,42.929,1163,2074,1.820,1.050,0.520,2,0,109.818,0,0,10,4,3,15,0
14-06 14:52:42,10.502,3.751,85.017,0.500,0,1302388,1660856,162616,4814044,4435.874,1458.287,0,640.126,0,48.009,1347,1856,1.820,1.050,0.520,1,0,23.005,0,0,10,4,3,15,0
14-06 14:52:43,23.489,1.999,73.717,0,0,1356248,1606988,162616,4814068,4883.788,1565.291,0,347.842,0,3.998,921,1083,1.820,1.050,0.520,5,0,0,0,0,10,4,3,15,0
14-06 14:52:44,23.804,2.506,72.666,1.002,0,1371112,1591868,162700,4814236,5123.682,1515.455,0,3860.803,0,364.832,2654,5229,1.820,1.050,0.520,1,0,1.002,0,0,10,4,3,16,0
14-06 14:52:45,19.710,7.734,71.356,0,0,1337352,1625524,162700,4814504,5221.442,1455.058,39.919,50230.434,3.992,524.939,1614,2131,1.760,1.050,0.520,1,0,41.915,0,0,10,11,3,16,0
14-06 14:52:46,22.007,4.251,72.524,0.500,0,1314724,1647660,162708,4814804,5900.989,1512.510,232.078,1180.398,58.020,14.005,1925,3023,1.760,1.050,0.520,1,0,46.016,0,0,10,28,3,16,0
14-06 14:52:47,21.285,4.758,72.871,0,0,1293240,1669120,162708,4814828,5512.167,1610.679,0,8.013,0,2.003,1489,2302,1.760,1.050,0.520,4,0,87.145,0,0,10,28,3,16,0
14-06 14:52:48,43.263,8.002,49.265,0,0,1414680,1547652,162708,4814852,5279.589,1458.439,0,3477.047,0,137.041,2065,2933,1.760,1.050,0.520,2,0,69.021,0,0,10,29,3,16,0
14-06 14:52:49,55.997,17.249,26.498,0.250,0,1428416,1533476,162720,4815248,5560.683,1457.917,0,387.978,0,29.998,4318,9931,1.760,1.050,0.520,6,0,420.976,0,0,10,28,3,18,0
14-06 14:52:50,81.505,14.501,3.750,0,0,1611536,1350108,162720,4815492,8378.478,1296.074,0,3860.220,0,16.001,4512,9246,2.020,1.110,0.540,6,0,157.009,0,0,10,31,3,18,0
14-06 14:52:51,67.109,10.228,21.954,0.249,0,1424360,1537056,162728,4815700,5127.217,1293.280,0,359.245,0,39.916,4181,9581,2.020,1.110,0.540,4,0,199.580,0,0,10,28,3,18,0
14-06 14:52:52,22.207,7.735,69.364,0,0,1340172,1621232,162728,4815712,7760.820,1732.611,0,183.641,0,17.965,2220,3945,2.020,1.110,0.540,4,0,111.781,0,0,10,28,3,19,0
14-06 14:52:53,20.534,5.509,72.118,0,0,1314976,1646296,162736,4815836,4683.648,1696.771,0,84.137,0,11.018,2285,4068,2.020,1.110,0.540,1,0,68.111,0,0,10,28,3,21,0
14-06 14:52:54,23.502,3.500,72.757,0,0,1369628,1591612,162740,4815864,4820.448,1640.153,0,160.015,0,10.001,1291,2095,2.020,1.110,0.540,2,0,0,0,0,10,29,3,21,0
14-06 14:52:55,12.274,17.535,69.387,0.250,0,1313016,1648208,162740,4815880,5781.401,1589.134,0,1955.857,0,40.079,3299,5153,1.930,1.110,0.550,2,0,442.873,0,0,10,28,3,21,0
14-06 14:52:56,60.268,22.007,18.256,0,0,1490136,1471040,162740,4815916,6660.025,1566.476,0,260.079,0,22.007,2834,4779,1.930,1.110,0.550,6,0,584.178,0,0,10,28,3,20,0
14-06 14:52:57,81.089,11.477,7.236,0,0,1554620,1405944,162756,4816504,42155.238,1550.918,0,3449.147,0,99.802,6502,14131,1.930,1.110,0.550,6,0,41.917,0,0,10,30,3,22,0
14-06 14:52:58,84.421,10.521,4.008,0,0,1483596,1476788,162760,4816680,5653.426,1569.171,0,472.956,0,46.093,3755,7228,1.930,1.110,0.550,5,0,113.229,0,0,10,29,3,22,0
14-06 14:52:59,79.495,14.499,5.250,0,0,1553932,1406092,162760,4817036,4886.692,1585.900,0,231.985,0,12.999,5072,13471,1.930,1.110,0.550,7,0,199.987,0,0,10,30,3,22,0
14-06 14:53:00,69.460,11.743,18.739,0,0,1439020,1520960,162764,4817216,7398.761,1619.072,0,48568.170,0,193.889,4790,14129,2.100,1.160,0.560,3,0,166.904,0,0,10,29,3,24,0
14-06 14:53:01,40.705,9.989,48.446,0,0,1430424,1529428,162768,4817340,8034.122,1456.391,0,14983.443,0,45.949,2032,3188,2.100,1.160,0.560,2,0,97.892,0,0,10,28,3,24,0
14-06 14:53:02,44.249,17.250,37.750,0,0,1365288,1594260,162768,4817548,4502.941,1619.979,0,299.996,0,25.000,4599,10863,2.100,1.160,0.560,3,0,379.995,0,0,10,28,3,24,0
14-06 14:53:03,68.111,8.764,23.037,0,0,1498508,1460500,162768,4818068,4405.163,1460.375,0,184.300,0,8.013,2975,9236,2.100,1.160,0.560,2,0,34.055,0,0,10,31,3,26,0
14-06 14:53:04,69.505,16.751,13.751,0.250,0,1474248,1484456,162776,4818356,4602.364,1620.128,0,4980.393,0,129.010,3538,7900,2.100,1.160,0.560,4,0,258.020,0,0,10,28,3,28,0
14-06 14:53:05,73.955,11.493,13.742,0,0,1440404,1518008,162784,4818632,4969.993,1457.118,0,399.758,0,31.981,3938,13003,2.250,1.210,0.580,4,0,64.961,0,0,10,29,3,30,0
14-06 14:53:06,67.032,14.757,18.259,0.250,0,1489120,1469132,162784,4818788,5248.467,1620.762,0,588.276,0,15.007,2517,5011,2.250,1.210,0.580,3,0,259.122,0,0,10,28,3,30,0
14-06 14:53:07,54.754,17.251,28.502,0,0,1366992,1591000,162800,4819028,5419.390,1694.122,0,516.037,0,48.003,5415,12986,2.250,1.210,0.580,3,0,299.022,0,0,10,28,3,35,0
14-06 14:53:08,65.753,6.250,27.001,0,0,1500444,1457508,162800,4819068,5076.264,1714.089,0,176.009,0,7.000,3174,6306,2.250,1.210,0.580,3,0,0,0,0,10,31,3,36,0
14-06 14:53:09,59.250,15.500,24.500,0.250,0,1438396,1519380,162800,4819244,5444.022,1714.007,0,344.001,0,26.000,3797,8051,2.250,1.210,0.580,3,0,287.001,0,0,10,28,3,36,0
14-06 14:53:10,59.502,9.750,29.501,0,0,1330204,1627332,162808,4819468,4978.144,1566.045,0,440.013,0,43.001,3823,9704,2.230,1.220,0.590,4,0,112.003,0,0,10,28,3,35,0
14-06 14:53:11,67.543,6.504,25.266,0,0,1495488,1462020,162808,4819496,7725.898,1607.019,0,356.226,0,12.008,2318,3615,2.230,1.220,0.590,4,0,0,0,0,10,31,3,37,0
14-06 14:53:12,67.948,16.987,14.739,0,0,1466124,1491152,162824,4819712,6553.940,1618.750,0,491.620,0,49.961,3804,8310,2.230,1.220,0.590,6,0,397.693,0,0,10,28,3,39,0
14-06 14:53:13,81.997,13.499,4.250,0,0,1488040,1469040,162828,4819904,4889.809,1457.943,0,611.976,0,52.998,4653,9915,2.230,1.220,0.590,9,0,196.992,0,0,10,28,3,40,0
14-06 14:53:14,83.043,15.258,1.501,0.250,0,1508604,1448208,162836,4820140,4226.210,1706.893,0,364.190,0,24.013,2943,5127,2.230,1.220,0.590,7,0,263.138,0,0,10,28,3,40,0
14-06 14:53:15,76.207,16.990,5.747,0,0,1579684,1376824,162836,4820444,5116.120,1457.180,0,327.815,0,21.988,5945,12223,2.690,1.330,0.630,9,0,283.840,0,0,10,30,3,40,0
14-06 14:53:16,67.806,21.268,10.258,0,0,1452040,1504072,162836,4820820,6778.592,1715.415,0,4503.716,0,284.234,6783,16796,2.690,1.330,0.630,5,0,511.422,0,0,10,30,3,40,0
14-06 14:53:17,23.479,25.227,51.453,0,0,1322744,1633384,162848,4820900,10823.118,1456.670,0,207.810,0,10.990,4536,7978,2.690,1.330,0.630,2,0,615.438,0,0,10,28,3,40,0
14-06 14:53:18,9.001,20.252,68.758,0,0,1318360,1637732,162852,4820928,8679.990,1620.185,0,188.021,0,9.001,2448,3241,2.690,1.330,0.630,2,0,309.035,0,0,10,28,3,40,0
14-06 14:53:19,53.754,26.502,19.751,0.250,0,1465544,1490548,162880,4820900,5926.427,1726.124,0,2424.175,0,59.004,3291,6757,2.690,1.330,0.630,6,0,831.060,0,0,10,28,4,40,0
14-06 14:53:20,74.503,13.500,10.250,0,0,1458664,1496980,162900,4821292,9421.320,1532.052,0,932.032,0,83.003,5244,11837,2.880,1.390,0.660,5,0,187.006,0,0,10,29,4,40,0
14-06 14:53:21,82.751,13.750,4.000,0,0,1538572,1416964,162908,4821360,9147.119,1458.019,0,340.004,0,24.000,3274,5852,2.880,1.390,0.660,6,0,134.002,0,0,10,29,4,40,0
14-06 14:53:22,56.880,7.484,34.677,0,0,1557292,1397336,162912,4822244,5777.763,1528.762,0,143.696,0,8.981,8896,20604,2.880,1.390,0.660,3,0,1.996,0,0,10,32,4,39,0
14-06 14:53:23,77.661,12.777,9.269,0,0,1464260,1490008,162944,4822568,5105.609,1577.278,0,2224.623,0,161.335,5834,12300,2.880,1.390,0.660,5,0,120.250,0,0,10,28,4,41,0
14-06 14:53:24,73.002,6.750,19.251,0.250,0,1556624,1397048,162944,4823144,7149.186,1636.043,0,5796.151,0,128.003,5793,14986,2.880,1.390,0.660,5,0,0,0,0,10,31,4,42,0
14-06 14:53:25,58.764,12.003,28.507,0,0,1476784,1475656,162944,4824364,5476.260,1620.373,0,60.014,0,4.001,7156,18617,2.890,1.420,0.670,5,0,157.036,0,0,10,30,4,48,0
14-06 14:53:26,81.977,11.997,5.748,0,0,1523520,1428568,162944,4824708,6463.152,1625.535,0,15.995,0,1.000,3739,7442,2.890,1.420,0.670,6,0,109.969,0,0,10,29,4,48,0
14-06 14:53:27,77.501,12.000,10.000,0,0,1394040,1557636,162956,4825100,43093.345,1458.012,0,288.002,0,21.000,4163,11044,2.890,1.420,0.670,5,0,123.001,0,0,10,28,4,48,0
14-06 14:53:28,82.005,10.751,7.000,0,0,1518072,1433292,162956,4825408,5186.290,1458.082,0,316.018,0,24.001,3516,6700,2.890,1.420,0.670,5,0,69.004,0,0,10,30,4,48,0
14-06 14:53:29,78.665,10.489,9.490,0,0,1469688,1480028,162964,4827032,5401.145,1294.597,0,367.602,0,35.961,5083,11415,2.890,1.420,0.670,6,0,130.858,0,0,10,29,4,50,0
14-06 14:53:30,78.816,12.260,8.257,0,0,1485408,1464100,162964,4827240,4741.998,1459.230,0,156.132,0,10.008,3634,10172,3.220,1.510,0.700,6,0,142.120,0,0,10,29,4,50,0
14-06 14:53:31,79.768,12.753,7.002,0,0,1533704,1415504,162976,4827520,4697.080,1458.335,0,320.074,0,27.006,4071,8907,3.220,1.510,0.700,5,0,77.018,0,0,10,30,4,48,0
14-06 14:53:32,70.751,16.250,13.250,0,0,1421104,1527884,162980,4827732,4290.047,1458.016,0,524.006,0,48.001,4291,11027,3.220,1.510,0.700,4,0,263.003,0,0,10,28,4,48,0
14-06 14:53:33,63.510,10.752,26.004,0,0,1463360,1485240,162980,4828096,5446.850,1458.227,0,292.046,0,18.003,3597,9939,3.220,1.510,0.700,6,0,104.016,0,0,10,29,3,48,0
14-06 14:53:34,65.488,9.248,25.246,0,0,1480868,1467592,162980,4828232,5923.957,1369.759,0,151.973,0,7.999,2529,6618,3.220,1.510,0.700,4,0,76.986,0,0,10,29,3,48,0
14-06 14:53:35,62.749,11.250,24.750,0,0,1427292,1520912,163000,4828464,7639.862,1457.974,0,459.992,0,44.999,2738,6505,3.200,1.540,0.710,4,0,131.998,0,0,10,28,3,48,0
14-06 14:53:36,67.250,8.000,25.250,0.250,0,1418972,1529008,163008,4828668,5351.005,1458.001,0,484.000,0,27.000,3421,8986,3.200,1.540,0.710,3,0,48.000,0,0,10,28,3,49,0
14-06 14:53:37,66.253,6.500,26.251,0,0,1421564,1526412,163008,4828672,4379.201,1458.067,0,296.014,0,26.001,3171,7681,3.200,1.540,0.710,3,0,39.002,0,0,10,28,3,49,0
14-06 14:53:38,63.225,10.746,25.240,0.250,0,1433104,1514632,163020,4828892,3736.494,1295.478,0,387.844,0,35.985,3053,7315,3.200,1.540,0.710,3,0,131.947,0,0,10,29,3,50,0
14-06 14:53:39,59.270,15.255,25.509,0,0,1469328,1478004,163020,4829272,5720.939,1500.509,0,452.153,0,35.012,4791,11919,3.200,1.540,0.710,3,0,284.096,0,0,10,29,3,50,0
14-06 14:53:40,62.495,11.749,25.498,0,0,1492744,1454540,163020,4829316,5402.525,1713.849,0,191.983,0,8.999,2346,5294,3.180,1.560,0.730,3,0,138.988,0,0,10,29,3,50,0
14-06 14:53:41,53.506,15.002,30.503,0.250,0,1376452,1570428,163020,4829700,6316.689,1620.177,0,568.062,0,35.004,3234,9655,3.180,1.560,0.730,2,0,254.028,0,0,10,28,3,51,0
14-06 14:53:42,26.214,8.988,64.163,0,0,1330456,1616060,163024,4830052,4519.867,1617.805,0,271.631,0,22.969,2421,6707,3.180,1.560,0.730,2,0,157.786,0,0,10,28,3,51,0
14-06 14:53:43,9.744,20.737,67.958,0,0,1329128,1617300,163024,4830140,4616.152,1619.001,0,195.879,0,11.993,2417,3224,3.180,1.560,0.730,2,0,311.808,0,0,10,28,3,51,0
14-06 14:53:44,25.491,17.244,56.729,0.250,0,1398112,1548116,163072,4830256,4939.212,1619.414,0,487.823,0,26.990,2449,3673,3.180,1.560,0.730,2,0,281.898,0,0,10,28,3,53,0
14-06 14:53:45,41.128,7.022,48.401,2.508,0,1508620,1434264,163308,4833008,4759.865,1516.737,316.990,6688.889,18.056,612.914,3298,6709,3.090,1.570,0.730,6,1,40.125,0,0,10,32,3,51,0
14-06 14:53:46,41.685,5.741,41.934,9.236,0,1445300,1490968,164292,4838272,6145.401,1563.558,0,46131.942,0,3889.924,11922,28335,3.090,1.570,0.730,3,0,102.839,0,0,10,32,3,51,0
14-06 14:53:47,43.678,6.489,46.423,2.995,0,1479244,1456520,164648,4838380,6446.376,1617.335,0,19116.496,0,1620.330,4735,11416,3.090,1.570,0.730,2,0,12.979,0,0,10,28,3,51,0
14-06 14:53:48,44.342,3.758,46.095,4.509,0,1443896,1491316,165028,4838552,4974.302,1461.026,0,12068.995,0,1437.978,6988,15219,3.090,1.570,0.730,6,0,2.004,0,0,10,30,3,51,0
14-06 14:53:49,36.667,9.229,49.389,5.238,0,1439428,1494924,165420,4839012,5130.436,1616.357,0,8983.751,0,1343.971,8059,16877,3.090,1.570,0.730,3,0,99.775,0,0,10,28,3,49,0
14-06 14:53:50,24.009,2.501,73.528,0.250,0,1372108,1562228,165428,4839020,5014.931,1532.590,0,9359.603,0,264.102,1125,1421,2.920,1.560,0.740,4,0,1.000,0,0,10,28,3,49,0
14-06 14:53:51,22.504,3.251,72.264,0.500,0,1443604,1490688,165464,4839028,7558.497,1620.321,0,6657.318,0,318.063,1414,2709,2.920,1.560,0.740,2,0,2.000,0,0,10,28,3,49,0
14-06 14:53:52,23.495,2.999,72.985,0,0.250,1399976,1534304,165468,4839036,9195.161,1457.708,0,251.950,0,15.997,1036,1405,2.920,1.560,0.740,5,0,2.999,0,0,10,32,3,49,0
14-06 14:53:53,23.247,2.500,73.741,0,0,1447596,1486676,165468,4839040,4975.373,1241.844,0,0,0,0,912,1106,2.920,1.560,0.740,2,0,2.000,0,0,10,32,3,46,0
14-06 14:53:54,22.751,2.750,74.002,0,0,1403204,1531048,165468,4839060,5033.126,1350.034,0,0,0,0,822,1007,2.920,1.560,0.740,1,0,1.000,0,0,10,32,3,46,0
14-06 14:53:55,22.994,2.749,73.480,0,0,1343872,1590380,165468,4839060,5980.409,1565.584,0,3.999,0,1.000,884,1075,2.770,1.550,0.740,3,0,2.999,0,0,10,32,3,45,0
14-06 14:53:56,23.012,3.002,73.790,0,0.250,1422032,1512172,165468,4839072,5340.868,1512.812,0,0,0,0,896,1146,2.770,1.550,0.740,2,0,2.001,0,0,10,32,3,45,0
14-06 14:53:57,24.244,1.500,73.732,0,0,1451264,1482940,165472,4839068,41946.807,1639.602,0,3.999,0,1.000,914,1036,2.770,1.550,0.740,4,0,0,0,0,10,32,3,44,0
14-06 14:53:58,22.761,3.502,73.536,0.250,0,1416168,1517972,165472,4839120,4454.174,1512.738,0,544.266,0,32.016,1077,1544,2.770,1.550,0.740,1,0,1.000,0,0,10,32,3,44,0
14-06 14:53:59,21.987,4.247,73.206,0,0,1352824,1581196,165480,4839232,4950.055,1692.993,0,0,0,0,935,1106,2.770,1.550,0.740,2,0,2.998,0,0,10,32,3,43,0
14-06 14:54:00,22.498,2.500,73.745,0,0,1372572,1561456,165480,4839248,5254.616,1639.880,0,0,0,0,904,1124,2.630,1.540,0.740,1,0,1.000,0,0,10,32,3,43,0
14-06 14:54:01,23.248,3.000,73.745,0,0,1443888,1490140,165484,4839244,10508.243,1121.919,0,7.999,0,2.000,962,1181,2.630,1.540,0.740,1,0,2.000,0,0,10,32,3,41,0
14-06 14:54:02,23.551,3.257,73.408,0.251,0,1395672,1538304,165488,4839256,7656.477,1589.420,0,304.656,0,12.026,1026,1883,2.630,1.540,0.740,1,0,3.006,0,0,10,32,3,41,0
14-06 14:54:03,27.196,5.240,67.866,0,0,1407344,1526596,165492,4839208,4192.698,1023.973,0,0,0,0,1315,9318,2.630,1.540,0.740,2,0,34.931,0,0,10,32,3,41,0
14-06 14:54:04,22.250,3.500,73.749,0,0,1444368,1489552,165492,4839308,6117.945,1565.986,0,0,0,0,841,1069,2.630,1.540,0.740,2,0,2.000,0,0,10,32,3,41,0
14-06 14:54:05,10.023,18.792,71.160,0,0,1345036,1588712,165500,4839472,6380.388,1515.417,0,276.624,0,3.007,2265,3221,2.420,1.520,0.730,1,0,275.622,0,0,10,32,3,35,0
14-06 14:54:06,8.742,20.981,68.686,0,0,1347772,1585972,165500,4839448,6876.612,1564.547,0,643.402,0,6.994,2594,3734,2.420,1.520,0.730,1,0,341.683,0,0,10,32,3,35,0
14-06 14:54:07,9.002,19.754,70.266,0,0,1349736,1583956,165504,4839496,7572.689,1586.354,0,352.079,0,8.002,2463,3613,2.420,1.520,0.730,2,0,288.064,0,0,10,32,3,35,0
14-06 14:54:08,9.496,20.990,68.968,0,0,1346744,1586848,165504,4839588,5337.486,1659.219,0,551.740,0,34.984,2665,3947,2.420,1.520,0.730,2,0,295.861,0,0,10,32,3,30,0
14-06 14:54:09,16.733,10.239,72.176,0,0,1396148,1537428,165504,4839604,4536.346,1658.299,0,0,0,0,1689,2405,2.420,1.520,0.730,2,0,137.859,0,0,10,32,3,30,0
14-06 14:54:10,23.699,1.996,73.591,0,0,1450416,1483176,165504,4839588,5192.784,1508.741,0,0,0,0,942,1167,2.300,1.510,0.740,1,0,1.996,0,0,10,32,3,29,0
14-06 14:54:11,23.268,2.502,73.808,0,0,1401936,1531660,165504,4839584,8707.836,1715.347,0,32.025,0,3.002,855,1073,2.300,1.510,0.740,1,0,1.001,0,0,10,32,3,29,0
14-06 14:54:12,23.480,2.498,73.437,0,0,1450300,1483276,165504,4839604,3438.050,1025.120,0,219.811,0,2.997,913,1177,2.300,1.510,0.740,1,0,3.997,0,0,10,32,3,24,0
14-06 14:54:13,21.312,4.262,73.964,0,0,1421552,1512024,165504,4839604,5253.229,1602.646,0,80.233,0,3.009,969,1197,2.300,1.510,0.740,1,1,3.009,0,0,10,32,3,24,0
14-06 14:54:14,23.751,1.500,73.753,0,0,1346952,1586640,165504,4839588,4135.170,1662.068,0,20.001,0,2.000,917,1109,2.300,1.510,0.740,1,0,1.000,0,0,10,32,3,21,0
14-06 14:54:15,22.217,3.495,73.890,0,0,1429320,1504268,165504,4839592,5081.429,1785.340,0,0,0,0,960,1205,2.200,1.500,0.740,1,0,1.997,0,0,10,32,3,21,0
14-06 14:54:16,22.533,3.255,73.608,0,0,1376852,1556724,165504,4839604,7410.909,1622.388,0,12.018,0,1.001,899,1120,2.200,1.500,0.740,1,0,1.001,0,0,10,32,3,21,0
14-06 14:54:17,22.442,3.491,73.561,0,0,1439060,1494536,165504,4839584,4677.968,1454.260,0,2234.253,0,98.746,971,1177,2.200,1.500,0.740,1,0,1.995,0,0,10,32,3,21,0
14-06 14:54:18,22.812,2.758,73.701,0.251,0,1374540,1559040,165512,4839592,6136.723,1516.131,0,465.268,0,34.093,1099,1491,2.200,1.500,0.740,2,0,1.003,0,0,10,32,3,21,0
14-06 14:54:19,22.220,3.495,73.151,0,0,1446828,1486744,165512,4839600,6159.691,1563.890,0,3.995,0,0.999,924,1153,2.200,1.500,0.740,1,0,1.997,0,0,10,32,3,21,0
14-06 14:54:20,23.274,2.753,73.574,0,0,1406684,1526840,165512,4839644,7418.493,1555.571,0,12.012,0,1.001,929,1087,2.100,1.490,0.740,1,0,1.001,0,0,10,32,3,21,0
14-06 14:54:21,22.521,3.503,73.819,0,0.250,1453704,1479716,165512,4839748,6222.787,1459.357,0,700.652,0,131.122,964,1156,2.100,1.490,0.740,1,0,2.002,0,0,10,32,3,21,0
14-06 14:54:22,23.391,2.986,73.409,0,0,1411260,1522132,165512,4839776,6366.460,1505.017,0,39.815,0,0.995,990,1223,2.100,1.490,0.740,1,0,2.986,0,0,10,32,3,20,0
14-06 14:54:23,23.575,2.508,73.735,0,0,1458128,1475260,165512,4839776,7722.627,1462.664,0,100.320,0,2.006,910,1089,2.100,1.490,0.740,2,0,2.006,0,0,10,32,3,20,0
14-06 14:54:24,22.762,2.501,73.538,0,0,1375632,1557756,165512,4839776,5696.974,1680.877,0,88.046,0,3.002,927,1110,2.100,1.490,0.740,2,0,1.001,0,0,10,32,3,16,0
14-06 14:54:25,21.752,3.500,73.507,0,0,1419732,1513676,165512,4839756,6320.607,1404.135,0,4.000,0,1.000,953,1136,2.010,1.480,0.740,2,0,1.000,0,0,10,32,3,16,0
14-06 14:54:26,22.999,2.750,73.498,0,0,1363012,1570372,165512,4839780,6106.811,1551.952,0,19.999,0,1.000,898,1124,2.010,1.480,0.740,2,0,3.000,0,0,10,32,3,9,0
14-06 14:54:27,22.501,3.250,73.755,0,0,1378520,1554864,165512,4839780,41981.729,1404.091,0,40.003,0,2.000,928,1170,2.010,1.480,0.740,3,0,1.000,0,0,10,32,3,9,0
14-06 14:54:28,22.993,2.999,73.477,0,0,1444304,1489092,165516,4839764,5836.162,1457.541,0,315.900,0,25.992,1134,1638,2.010,1.480,0.740,2,0,1.999,0,0,10,32,3,9,0
14-06 14:54:29,16.023,12.518,70.349,0,0,1349344,1584048,165516,4839768,5682.006,1622.286,0,288.406,0,20.028,2396,3711,2.010,1.480,0.740,2,0,325.459,0,0,10,32,3,9,0
14-06 14:54:30,20.220,5.492,73.390,0,0,1415596,1517748,165520,4839812,8585.079,1617.566,0,0,0,0,1310,1774,1.930,1.470,0.740,2,0,66.899,0,0,10,32,3,7,0
14-06 14:54:31,22.800,3.007,73.912,0,0,1376964,1556128,165524,4840056,11157.524,1643.613,0,8.018,0,2.004,1022,1257,1.930,1.470,0.740,2,0,9.020,0,0,10,32,3,7,0
14-06 14:54:32,22.938,2.493,73.552,0,0,1345432,1587660,165524,4840056,7926.646,1615.647,0,19.946,0,2.992,955,1238,1.930,1.470,0.740,2,0,5.984,0,0,10,32,3,7,0
14-06 14:54:33,10.757,19.513,68.295,0,0,1349536,1583536,165524,4840076,6678.414,1621.072,0,116.077,0,5.003,2999,4526,1.930,1.470,0.740,1,0,438.290,0,0,10,32,3,7,0
14-06 14:54:34,9.493,19.986,69.200,0,0,1350928,1582064,165524,4840152,7022.950,1510.914,0,319.770,0,6.995,2666,3884,1.930,1.470,0.740,3,0,346.751,0,0,10,32,3,7,0
14-06 14:54:35,9.519,20.290,69.388,0,0,1348808,1584128,165524,4840200,11424.701,1569.118,0,204.406,0,7.014,2820,4177,1.860,1.470,0.740,2,0,371.739,0,0,10,32,3,7,0
14-06 14:54:36,9.739,20.727,68.924,0,0,1348248,1584644,165524,4840224,6524.829,1510.340,0,1194.687,0,12.986,3176,5144,1.860,1.470,0.740,2,0,509.440,0,0,10,32,3,6,0
14-06 14:54:37,8.510,22.276,69.079,0,0,1348576,1584300,165524,4840236,6033.909,1567.795,0,1201.376,0,14.016,3069,4878,1.860,1.470,0.740,1,0,489.561,0,0,10,32,3,6,0
14-06 14:54:38,9.256,20.012,69.042,0.500,0,1348908,1583952,165528,4840244,4927.976,1458.881,0,3830.314,0,157.095,3524,5758,1.860,1.470,0.740,1,0,502.303,0,0,10,32,3,5,0
14-06 14:54:39,8.745,20.739,70.212,0,0,1350224,1582592,165528,4840288,7350.031,1511.184,0,167.909,0,6.996,2938,4486,1.860,1.470,0.740,1,0,425.770,0,0,10,32,3,5,0
14-06 14:54:40,16.510,21.764,61.789,0,0,1365084,1567664,165548,4840336,5156.254,1552.980,0,784.495,0,37.023,3759,6220,1.790,1.460,0.740,2,0,619.391,0,0,10,32,3,7,0
14-06 14:54:41,55.001,21.750,23.500,0,0,1531128,1401216,165648,4840580,4860.087,1458.026,0,844.015,0,51.001,2710,4713,1.790,1.460,0.740,6,0,420.008,0,0,10,32,3,12,0
14-06 14:54:42,56.489,10.498,29.244,3.999,0,1639464,1283944,166528,4847732,6008.780,1457.704,411.916,32653.371,4.999,2337.525,8815,20521,1.790,1.460,0.740,1,1,64.987,0,0,10,38,3,12,0
14-06 14:54:43,43.508,10.252,32.256,11.752,0,1621184,1287136,167628,4861104,3882.734,1458.276,0,91417.278,0,6977.319,20219,47372,1.790,1.460,0.740,2,1,192.036,0,0,10,36,3,12,0
14-06 14:54:44,51.747,10.999,26.499,8.500,0,1582892,1312932,168228,4872552,7367.587,1457.918,0,100314.382,0,7367.587,21119,51279,1.790,1.460,0.740,2,1,61.997,0,0,10,36,3,10,0
14-06 14:54:45,45.280,16.261,26.518,9.506,0,1555568,1330788,168744,4881236,5705.800,1404.936,0,35755.813,0,3307.203,11549,26821,2.120,1.530,0.770,2,1,228.152,0,0,10,35,3,10,0
14-06 14:54:46,45.224,18.989,27.984,7.246,0,1566872,1312176,169312,4887572,5814.703,1511.143,363.794,62400.619,6.996,4473.464,17505,43066,2.120,1.530,0.770,4,0,212.879,0,0,10,35,3,11,0
14-06 14:54:47,40.530,16.262,32.524,8.256,0,1551124,1323832,169680,4891024,7023.218,1567.164,1621.205,47820.531,25.019,4135.072,15021,33431,2.120,1.530,0.770,3,1,214.159,0,0,10,34,3,11,0
14-06 14:54:48,41.220,7.994,42.219,8.244,0,1568492,1305968,170004,4891148,5654.844,1564.850,0,52185.644,0,4205.909,16687,35876,2.120,1.530,0.770,1,1,23.982,0,0,10,35,3,13,0
14-06 14:54:49,37.713,10.490,44.207,6.494,0,1535672,1336856,170348,4892684,5955.164,1736.298,0,52196.847,0,4635.457,15124,36788,2.120,1.530,0.770,5,0,100.901,0,0,10,34,4,13,0
14-06 14:54:50,43.809,7.510,42.807,7.009,0,1565628,1304348,170464,4895072,6442.627,1642.199,0,28834.610,0,2800.750,11404,26965,2.600,1.640,0.810,2,1,42.056,0,0,10,35,4,13,0
14-06 14:54:51,37.987,9.747,40.236,10.246,0,1530576,1335488,170732,4898596,5471.058,1511.463,0,53521.000,0,4641.352,16292,37913,2.600,1.640,0.810,1,1,65.977,0,0,10,34,4,13,0
14-06 14:54:52,37.267,9.004,40.769,10.505,0,1560616,1301244,171012,4902408,7624.530,1640.760,0,58371.026,0,5010.320,16390,39058,2.600,1.640,0.810,5,0,50.023,0,0,10,37,4,13,0
14-06 14:54:53,36.517,9.504,42.270,10.505,0,1521288,1336648,171296,4905944,7937.683,1566.727,0,50783.564,0,4380.032,17362,38859,2.600,1.640,0.810,3,0,145.067,0,0,10,36,4,13,0
14-06 14:54:54,39.143,6.732,39.642,10.721,0,1566092,1293304,171484,4904216,6193.118,1645.514,0,50430.526,0,4379.063,14105,34786,2.600,1.640,0.810,3,0,20.943,0,0,10,36,4,13,0
14-06 14:54:55,39.310,8.012,48.074,4.006,0,1440284,1420740,171592,4902456,5778.882,1514.328,0,28235.398,0,2458.779,8797,19967,2.550,1.650,0.820,2,0,59.091,0,0,10,32,4,15,0
14-06 14:54:56,23.257,14.254,61.018,0.250,0,1418268,1442684,171612,4902508,6272.850,1640.484,0,13075.857,0,813.240,3503,6553,2.550,1.650,0.820,2,0,265.078,0,0,10,32,4,15,0
14-06 14:54:57,22.197,3.741,72.326,0.249,0,1445836,1414964,171616,4902656,42797.900,1604.136,0,610.529,0,33.918,2395,4238,2.550,1.650,0.820,3,0,0,0,0,10,32,4,15,0
14-06 14:54:58,21.044,6.263,73.155,0,0,1446212,1414576,171616,4902668,6269.247,1515.202,0,633.338,0,36.076,1282,1801,2.550,1.650,0.820,1,0,43.091,0,0,10,33,4,15,0
14-06 14:54:59,16.980,9.739,70.167,0,0,1387848,1472904,171616,4902708,6373.492,1510.221,0,695.181,0,48.942,2891,5037,2.550,1.650,0.820,2,0,148.825,0,0,10,32,4,15,0
14-06 14:55:00,10.247,24.742,64.728,0,0,1386312,1474368,171620,4902776,7654.420,1565.472,0,719.757,0,35.988,3227,5206,2.420,1.640,0.820,2,0,529.821,0,0,10,32,4,15,0
14-06 14:55:01,53.741,15.497,30.745,0.250,0,1532556,1327836,171652,4903032,5445.112,1619.736,0,1127.816,0,76.987,2645,4013,2.420,1.640,0.820,3,0,263.957,0,0,10,32,4,21,0
14-06 14:55:02,66.508,8.501,23.753,0.250,0,1706816,1151028,171776,4905248,6351.737,1662.193,0,1768.205,0,84.010,1493,1632,2.420,1.640,0.820,6,0,2.000,0,0,10,32,4,21,0
14-06 14:55:03,48.082,10.017,34.308,6.010,0,1788084,1058360,171992,4915896,5830.918,1568.668,0,52677.605,0,3749.378,13457,27808,2.420,1.640,0.820,2,0,150.256,0,0,10,38,3,21,0
14-06 14:55:04,35.593,10.952,39.576,11.947,0,1781364,1051068,172232,4929208,5187.176,1686.579,0,87092.792,0,6911.589,21381,49777,2.420,1.640,0.820,4,0,287.734,0,0,10,38,3,22,0
14-06 14:55:05,40.930,13.057,34.150,8.286,0,1672300,1147532,172480,4941208,8837.887,1647.248,0,89092.005,0,6995.781,21202,48146,2.550,1.680,0.840,1,2,232.021,0,0,10,36,3,21,0
14-06 14:55:06,47.252,10.750,30.001,9.750,0,1732304,1077040,172628,4951148,5121.195,1620.062,0,79751.031,0,6278.239,17476,40389,2.550,1.680,0.840,6,0,139.005,0,0,10,36,3,21,0
14-06 14:55:07,45.747,10.999,28.498,13.749,0,1775676,1016812,172736,4967236,5329.627,1565.890,0,129530.933,0,9418.341,21976,56069,2.550,1.680,0.840,6,2,17.999,0,0,10,38,3,21,0
14-06 14:55:08,38.898,12.467,44.383,3.740,0,1390860,1399420,172756,4969352,5624.197,1601.784,0,31114.108,0,2119.422,7075,15111,2.550,1.680,0.840,1,0,226.404,0,0,10,32,3,21,0
14-06 14:55:09,18.485,9.242,71.190,0,0,1437940,1352328,172760,4969360,4428.294,1550.702,0,1019.147,0,61.948,1578,2284,2.550,1.680,0.840,1,0,121.898,0,0,10,32,3,21,0
14-06 14:55:10,24.283,5.007,69.844,0.501,0,1504672,1285580,172768,4969360,4553.115,1459.961,0,5219.009,0,315.424,1850,3233,2.430,1.660,0.840,1,0,85.114,0,0,10,32,3,21,0
14-06 14:55:11,22.220,3.745,73.151,0,0,1417244,1372980,172768,4969372,5679.282,1549.894,0,195.734,0,12.982,1372,1947,2.430,1.660,0.840,2,0,26.963,0,0,10,32,3,21,0
14-06 14:55:12,22.246,3.499,73.486,0,0,1484024,1306200,172768,4969372,5245.003,1445.725,0,0,0,0,966,1263,2.430,1.660,0.840,4,0,2.999,0,0,10,32,3,21,0
14-06 14:55:13,22.568,3.761,72.720,0,0,1400496,1389720,172768,4969380,3768.377,1462.415,0,152.460,0,21.064,1256,1945,2.430,1.660,0.840,3,0,35.106,0,0,10,32,3,21,0
14-06 14:55:14,13.509,37.026,48.784,0,0,1400552,1389652,172768,4969392,5614.930,1545.082,0,3930.752,0,52.036,4744,8287,2.430,1.660,0.840,2,0,1040.729,0,0,10,32,3,21,0
14-06 14:55:15,9.738,22.473,66.920,0.250,0,1405312,1384808,172768,4969464,5200.769,1456.255,0,291.651,0,20.975,2612,3719,2.390,1.670,0.840,3,0,374.551,0,0,10,32,3,21,0
14-06 14:55:16,8.499,21.499,68.746,0,0,1405676,1384384,172768,4969524,4966.697,1551.905,0,87.995,0,8.999,2505,3522,2.390,1.670,0.840,1,0,319.980,0,0,10,32,3,21,0
14-06 14:55:17,8.260,20.274,70.834,0,0,1402044,1387980,172768,4969528,5120.067,1459.730,0,12.014,0,3.004,2644,4032,2.390,1.670,0.840,1,0,343.407,0,0,10,32,3,21,0
14-06 14:55:18,9.730,18.213,69.358,0,0,1404188,1385764,172768,4969576,4661.439,1455.016,0,27.943,0,6.986,2383,3794,2.390,1.670,0.840,2,0,271.443,0,0,10,32,3,21,0
14-06 14:55:19,16.497,18.247,63.990,0,0,1406512,1383304,172768,4969640,6297.992,1457.767,0,535.914,0,25.996,2838,6838,2.390,1.670,0.840,1,0,178.971,0,0,10,32,3,21,0
14-06 14:55:20,46.002,8.750,44.502,0,0,1507504,1282168,172776,4970152,6269.332,1586.084,0,0,0,0,1743,2279,2.360,1.680,0.850,3,0,125.007,0,0,10,33,3,21,0
14-06 14:55:21,51.046,4.254,45.041,0,0,1598512,1188956,172776,4972284,6327.708,1567.414,0,0,0,0,2219,10202,2.360,1.680,0.850,3,0,3.003,0,0,10,45,3,21,0
14-06 14:55:22,42.538,5.755,51.046,0,0.250,1652916,1133212,172840,4973288,5313.750,1621.450,84.075,5456.878,1.001,294.263,2098,2882,2.360,1.680,0.850,2,0,104.093,0,0,10,48,3,21,0
14-06 14:55:23,15.478,11.483,71.647,0.250,0,1672928,1113024,172844,4973440,5544.000,1617.666,0,371.464,0,23.965,1989,2988,2.360,1.680,0.850,2,0,156.774,0,0,10,48,3,21,0
14-06 14:55:24,1.249,1.249,96.673,0,0,1675404,1110504,172844,4973476,36251.035,3569.148,0,1215.029,0,98.921,737,1050,2.360,1.680,0.850,1,0,1.998,0,0,10,49,3,21,0
14-06 14:55:25,0.750,0.500,98.265,0,0,1675852,1110056,172844,4973476,68202.367,2820.429,0,984.150,0,6.001,684,1014,2.170,1.650,0.850,4,0,0,0,0,10,49,3,21,0
14-06 14:55:26,0.250,0.500,98.226,0,0,1675740,1110056,172844,4973584,55160.596,2769.327,0,79.981,0,1.000,641,962,2.170,1.650,0.850,2,0,0,0,0,10,49,3,21,0
14-06 14:55:27,7.254,2.501,89.554,0,0,1676488,1109276,172844,4973616,78478.930,2545.522,0,60.036,0,1.001,870,1075,2.170,1.650,0.850,3,0,8.005,0,0,10,48,3,22,0
14-06 14:55:28,15.752,9.751,70.760,2.750,0,1738836,1031168,172948,4988724,4787.699,1566.229,4.001,9177.340,1.000,437.064,2654,4535,2.170,1.650,0.850,1,0,67.010,0,0,10,48,3,22,0
14-06 14:55:29,15.996,9.998,72.983,0,0,1710544,1024364,172948,5022240,4863.886,1639.625,63.985,0,3.999,0,1588,2057,2.170,1.650,0.850,1,0,51.988,0,0,10,48,3,22,0
14-06 14:55:30,14.998,10.249,73.490,0,0,1711772,1023076,172948,5022244,5770.244,1639.785,0,0,0,0,1432,1713,2.080,1.640,0.850,2,0,61.992,0,0,10,48,3,22,0
14-06 14:55:31,22.295,3.758,73.649,0,0,1726568,1008276,172948,5022244,4622.323,1352.728,0,4.008,0,1.002,958,1141,2.080,1.640,0.850,1,0,12.024,0,0,10,48,3,22,0
14-06 14:55:32,15.997,9.498,72.987,0,0,1660348,1122240,173100,4975140,5069.118,1531.733,295.949,19.997,13.998,2.999,1712,2336,2.080,1.640,0.850,1,0,125.978,0,0,10,48,3,22,0
14-06 14:55:33,15.221,14.722,68.868,0,0,1664828,1117452,173100,4975296,4451.458,1563.001,0,351.326,0,13.973,4710,11773,2.080,1.640,0.850,2,0,257.506,0,0,10,48,3,22,0
14-06 14:55:34,0.250,1.250,97.244,0,0,1664808,1117472,173100,4975296,6906.599,1511.912,0,2267.868,0,24.999,681,1104,2.080,1.640,0.850,1,0,3.000,0,0,10,48,3,22,0
14-06 14:55:35,0.500,0.750,98.499,0,0,1664764,1117516,173100,4975296,8124.886,1457.980,0,123.998,0,4.000,686,1048,1.910,1.610,0.840,2,0,1.000,0,0,10,48,3,22,0
14-06 14:55:36,0.500,0,98.264,0,0,1664764,1117516,173100,4975296,8195.131,1566.216,0,0,0,0,677,992,1.910,1.610,0.840,1,0,3.000,0,0,10,48,3,22,0
14-06 14:55:37,0.500,0.500,98.259,0,0,1664764,1117516,173100,4975296,4574.435,1532.146,0,4.000,0,1.000,639,1000,1.910,1.610,0.840,1,0,1.000,0,0,10,48,3,22,0
14-06 14:55:38,13.749,18.499,65.746,0,0,1663988,1118372,173100,4975512,4855.689,1511.903,0,595.962,0,1.000,3832,7684,1.910,1.610,0.840,2,0,249.984,0,0,10,48,3,22,0
14-06 14:55:39,3.500,2.250,92.997,0,0,1663948,1118412,173100,4975300,13907.513,1457.949,0,275.990,0,3.000,1216,2016,1.910,1.610,0.840,1,0,25.999,0,0,10,48,3,22,0
14-06 14:55:40,0,0.750,97.754,0,0,1663948,1118412,173100,4975308,7017.316,1552.070,0,100.005,0,2.000,654,978,1.760,1.580,0.840,1,0,3.000,0,0,10,48,3,22,0
14-06 14:55:41,0.500,0.750,98.222,0,0,1663948,1118412,173100,4975308,4837.645,1457.592,0,0,0,0,640,985,1.760,1.580,0.840,1,0,2.999,0,0,10,48,3,22,0
14-06 14:55:42,0.500,0.250,98.492,0,0,1664172,1118188,173100,4975308,4980.612,1619.874,0,0,0,0,668,1056,1.760,1.580,0.840,1,0,3.000,0,0,10,48,3,15,0
14-06 14:55:43,6.769,11.783,79.476,0.752,0,1656344,1126044,173100,4975296,5465.522,1624.614,0,1793.092,0,300.854,2520,4011,1.760,1.580,0.840,1,0,221.629,0,0,11,48,3,15,0
14-06 14:55:44,11.450,18.669,68.452,0.249,0,1666048,1116216,173100,4975688,6204.013,1722.507,0,358.441,0,20.909,3494,5929,1.760,1.580,0.840,16,0,229.004,0,0,11,48,3,13,0
14-06 14:55:45,15.566,14.060,69.294,0,0,1659452,1122716,173100,4975308,5227.195,1646.993,0,88.375,0,4.017,3310,6247,1.700,1.570,0.840,3,0,173.738,0,0,11,48,3,13,0
14-06 14:55:46,4.741,7.984,86.081,0,0,1662944,1119056,173104,4975496,4945.312,1509.044,0,199.609,0,9.980,1423,2102,1.700,1.570,0.840,2,0,115.773,0,0,13,48,3,13,0
14-06 14:55:47,16.511,14.509,67.294,0,0,1663656,1118380,173104,4975524,5795.750,1621.049,0,0,0,0,5009,8748,1.700,1.570,0.840,2,0,223.144,0,0,13,50,3,14,0
14-06 14:55:48,8.756,19.263,70.799,0,0,1664440,1117584,173104,4975536,4674.249,1621.127,0,64.045,0,8.006,2356,3387,1.700,1.570,0.840,2,0,265.184,0,0,13,50,3,13,0
14-06 14:55:49,10.997,20.245,67.234,0,0,1667560,1114320,173104,4976056,4799.882,1705.603,0,55.987,0,13.997,2963,4525,1.700,1.570,0.840,1,0,290.932,0,0,13,50,3,13,0
14-06 14:55:50,25.720,16.730,54.935,0,0,1705068,1076776,173120,4975688,5801.149,1564.153,0,35.958,0,2.996,4056,7340,1.720,1.580,0.840,3,0,268.683,0,0,13,50,3,11,0
14-06 14:55:51,34.481,16.741,47.724,0,0,1769756,1011648,173148,4976088,5512.984,1511.173,0,259.858,0,6.996,3991,8161,1.720,1.580,0.840,2,0,172.905,0,0,13,50,3,11,0
14-06 14:55:52,25.302,6.263,68.139,0,0,1860752,919668,173204,4976944,8690.781,1623.321,32.066,0,2.004,0,1409,2865,1.720,1.580,0.840,1,0,13.027,0,0,13,58,3,15,0
14-06 14:55:53,23.205,2.745,73.109,0,0,1880840,899364,173208,4977160,8705.164,1455.186,0,0,0,0,1045,1275,1.720,1.580,0.840,1,0,5.988,0,0,13,58,3,15,0
14-06 14:55:54,7.248,1.999,90.224,0,0,1895404,884612,173208,4977348,6647.112,1931.451,0,0,0,0,1400,2844,1.720,1.580,0.840,1,0,1.999,0,0,13,58,3,15,0
14-06 14:55:55,2.005,2.005,95.749,0,0,1885560,894248,173208,4977552,6365.531,1461.796,0,1764.583,0,144.375,932,1455,1.580,1.550,0.840,1,0,25.065,0,0,13,58,3,15,0
14-06 14:55:56,15.237,16.736,65.944,0,0,1900872,878856,173208,4977556,4808.951,1456.773,0,519.563,0,9.992,3805,10244,1.580,1.550,0.840,2,0,232.804,0,0,13,56,3,13,0
14-06 14:55:57,12.508,16.260,69.294,0.500,0,1907880,871792,173208,4977584,9512.993,1621.021,0,5071.195,0,249.157,3720,6044,1.580,1.550,0.840,3,0,218.137,0,0,13,56,3,13,0
14-06 14:55:58,18.741,16.243,62.222,0,0,1910904,868512,173208,4977804,42389.670,1565.286,0,87.960,0,10.995,4301,13351,1.580,1.550,0.840,5,0,192.912,0,0,11,48,3,13,0
14-06 14:55:59,18.965,16.720,61.887,0,0,1913492,865936,173208,4978080,5538.903,1593.096,0,3.993,0,0.998,4928,8174,1.580,1.550,0.840,1,0,303.447,0,0,13,56,3,13,0
14-06 14:56:00,31.085,17.298,51.893,0,0,1718124,1061212,173208,4977820,9506.113,1462.016,80.220,47113.421,3.008,53.146,2891,4625,1.620,1.560,0.850,2,0,331.912,0,0,13,50,3,17,0
14-06 14:56:01,30.499,22.499,46.499,0,0,1775884,1003428,173208,4977844,9890.733,1735.953,0,23.999,0,6.000,2957,5186,1.620,1.560,0.850,3,0,445.988,0,0,13,50,3,17,0
14-06 14:56:02,39.749,22.999,35.749,0,0,1850832,927764,173212,4978532,4945.891,1619.964,0,16.000,0,4.000,6104,12045,1.620,1.560,0.850,4,0,338.993,0,0,13,58,3,15,0
14-06 14:56:03,44.752,7.500,47.252,0,0,1992900,785284,173212,4978876,4966.174,1458.051,0,6212.217,0,380.013,1853,3165,1.620,1.560,0.850,5,0,40.001,0,0,13,58,3,15,0
14-06 14:56:04,28.748,4.500,65.244,0,0,2031000,745248,173336,4980500,6758.426,1709.855,0,7.999,0,2.000,2031,5934,1.620,1.560,0.850,3,0,37.997,0,0,13,58,3,15,0
14-06 14:56:05,22.998,5.250,65.994,5.500,0,2046200,717556,173596,4992496,6199.448,1619.856,151.986,21842.056,37.997,1759.843,7623,17221,1.730,1.590,0.860,2,1,5.000,0,0,13,60,3,15,0
14-06 14:56:06,26.687,5.736,54.870,9.228,0,2050684,703220,173768,5001788,5936.894,1658.060,0,24210.476,0,2359.394,11390,24744,1.730,1.590,0.860,4,0,4.988,0,0,14,58,3,16,0
14-06 14:56:07,31.283,22.273,45.298,0.250,0,2230900,521332,173776,5003380,7562.971,1621.709,0,2114.228,0,127.134,6277,12998,1.730,1.590,0.860,2,0,259.273,0,0,14,85,3,26,0
14-06 14:56:08,9.985,19.720,69.396,0,0,2237068,515112,173776,5003396,4449.308,1617.567,0,2819.759,0,26.959,2554,3701,1.730,1.590,0.860,2,0,284.572,0,0,14,85,3,26,0
14-06 14:56:09,10.252,20.504,68.263,0.250,0,2236852,515152,173776,5003544,4412.843,1694.324,0,1764.337,0,33.006,2469,3538,1.730,1.590,0.860,2,0,259.049,0,0,14,85,4,26,0
14-06 14:56:10,29.821,16.790,52.124,0.251,0,2299256,452544,173780,5004032,5672.472,1609.823,0,1503.571,0,72.171,4090,9781,1.830,1.610,0.870,2,0,191.455,0,0,14,86,4,26,0
14-06 14:56:11,45.410,5.988,48.404,0,0,2401488,349812,173800,5004488,5451.212,1690.654,0,506.997,0,33.933,1475,2000,1.830,1.610,0.870,1,1,2.994,0,0,14,90,4,26,0
14-06 14:56:12,8.513,18.778,70.353,0.250,0,2398816,352080,173800,5004840,5956.762,1738.557,0,1309.927,0,85.125,3048,4903,1.830,1.610,0.870,1,0,317.467,0,0,14,89,4,26,0
14-06 14:56:13,9.251,17.502,71.508,0,0.500,2402920,347972,173804,5004840,4297.451,1532.161,0,132.014,0,15.002,2814,4215,1.830,1.610,0.870,2,0,345.036,0,0,14,89,4,26,0
14-06 14:56:14,10.752,16.502,71.761,0,0,2416028,334824,173804,5004880,4002.592,1620.240,0,52.008,0,9.001,2580,3897,1.830,1.610,0.870,1,0,329.049,0,0,14,89,4,26,0
14-06 14:56:15,23.503,2.750,73.010,0,0,2469124,281708,173804,5004896,4613.646,1548.217,0,356.050,0,3.000,1837,2959,1.760,1.600,0.870,1,0,0,0,0,14,93,4,26,0
14-06 14:56:16,22.489,4.498,72.966,0,0,2462392,288408,173804,5004928,5719.323,1619.242,0,107.949,0,5.997,1575,2464,1.760,1.600,0.870,1,0,63.970,0,0,14,93,4,27,0
14-06 14:56:17,32.781,3.253,62.559,0.751,0,2513260,237320,173816,5005132,5027.781,1533.458,0,1305.241,0,181.172,3301,6464,1.760,1.600,0.870,1,0,9.009,0,0,14,114,4,27,0
14-06 14:56:18,21.225,5.993,70.665,0.250,0,2499516,250600,173816,5005520,5863.981,1691.975,0,1162.608,0,103.876,2276,4240,1.760,1.600,0.870,4,0,110.867,0,0,14,112,4,29,0
14-06 14:56:19,23.512,3.502,71.037,0.750,0,2532276,217840,173816,5005520,8580.479,1684.880,0,1272.664,0,109.057,2457,4553,1.760,1.600,0.870,3,0,0,0,0,14,114,5,29,0
14-06 14:56:20,44.644,8.230,47.138,0.249,0,2577040,172812,173820,5005748,9491.448,1528.369,0,1496.444,0,113.730,2588,4088,1.780,1.610,0.880,2,0,96.770,0,0,14,112,5,30,0
14-06 14:56:21,26.823,4.763,68.187,0,0,2577660,172180,173820,5005760,6582.008,1462.000,0,352.966,0,17.047,1434,2100,1.780,1.610,0.880,1,0,55.151,0,0,14,112,5,31,0
14-06 14:56:22,22.646,4.977,71.671,0.249,0,2561128,188676,173820,5005796,4954.225,1524.990,0,457.895,0,38.822,1581,2352,1.780,1.610,0.880,1,0,54.748,0,0,14,116,5,32,0
14-06 14:56:23,23.556,3.258,71.920,0.251,0,2607928,141844,173820,5005824,6849.171,1461.450,0,689.628,0,75.177,1701,2889,1.780,1.610,0.880,2,0,0,0,0,14,116,5,33,0
14-06 14:56:24,20.226,6.992,72.416,0.250,0,2603252,146496,173820,5005848,5646.428,1618.117,0,335.609,0,18.978,1431,2043,1.780,1.610,0.880,1,0,81.905,0,0,14,116,5,33,0
14-06 14:56:25,21.747,5.249,71.990,0,0,2582964,166772,173820,5005856,5436.228,1783.747,0,323.954,0,14.998,1540,2122,1.720,1.600,0.880,2,0,54.992,0,0,14,116,5,34,0
14-06 14:56:26,27.468,3.496,67.920,0.749,0,2550592,198840,173820,5006152,6255.625,1859.807,0,1422.323,0,201.762,3189,5905,1.720,1.600,0.880,2,0,0,0,0,14,116,5,35,0
14-06 14:56:27,21.510,5.753,71.533,0.250,0,2614532,134892,173820,5006160,7569.482,1620.746,0,1448.666,0,102.047,1665,2581,1.720,1.600,0.880,3,0,54.025,0,0,14,118,5,35,0
14-06 14:56:28,25.030,4.255,69.332,0.751,0,2627372,126352,173820,5001860,43297.221,1513.791,0,1509.786,0,144.171,3000,5388,1.720,1.600,0.880,1,0,2.002,0,0,14,123,5,36,0
14-06 14:56:29,28.578,5.264,63.924,1.003,0,2609992,143608,173820,5001984,5710.538,1624.420,152.415,5129.959,6.016,334.911,3006,5505,1.720,1.600,0.880,2,0,70.191,0,0,14,123,5,36,0
14-06 14:56:30,23.002,5.001,71.757,0.250,0,2581828,185008,173068,4989624,5265.548,1566.163,188.020,3044.317,6.001,366.038,2335,4220,1.660,1.590,0.880,2,0,63.007,0,0,14,123,5,37,0
14-06 14:56:31,21.236,4.747,72.703,0.500,0,2641140,125076,173068,4990244,6247.002,1618.964,479.693,615.606,27.982,33.978,1460,2267,1.660,1.590,0.880,1,0,83.946,0,0,14,123,5,37,0
14-06 14:56:32,27.451,2.745,68.128,0.250,0,2647472,118536,173068,4990452,6834.793,1509.304,171.693,1293.689,4.991,127.772,3131,5706,1.660,1.590,0.880,6,0,2.995,0,0,14,125,5,37,0
14-06 14:56:33,32.705,11.235,53.177,0.499,0,2619380,155132,172628,4983192,4293.136,1330.183,858.827,1434.041,30.958,138.810,4475,8564,1.660,1.590,0.880,1,0,288.606,0,0,14,125,5,38,0
14-06 14:56:34,26.331,5.015,67.960,0,0,2604844,169636,172632,4983220,6467.941,1550.781,4.012,7739.862,1.003,421.299,2278,3263,1.660,1.590,0.880,1,0,51.158,0,0,14,125,5,39,0
14-06 14:56:35,10.985,18.474,69.653,0.250,0,2611632,162852,172632,4983252,6768.585,1799.497,7.989,471.344,1.997,30.957,2997,4885,1.530,1.560,0.870,3,0,382.468,0,0,14,125,5,39,0
14-06 14:56:36,16.228,16.228,65.660,0.250,0,2618176,155788,172636,4984140,7624.577,1545.887,371.492,483.339,7.989,30.958,4667,7416,1.530,1.560,0.870,2,0,264.638,0,0,14,125,5,39,0
14-06 14:56:37,28.105,23.337,48.431,0.251,0,2655872,127872,172440,4974212,4786.932,1463.482,20.075,638.391,2.008,43.162,4119,7449,1.530,1.560,0.870,2,0,529.985,0,0,14,125,5,39,0
14-06 14:56:38,36.369,18.683,42.597,0.249,0,2710192,127072,171704,4921580,4885.461,1452.785,1952.989,3925.906,91.671,387.608,5390,11290,1.530,1.560,0.870,6,0,292.948,0,0,14,131,5,39,0
14-06 14:56:39,55.187,25.587,19.316,0.502,0,2857312,131056,168888,4775888,6614.469,1533.208,3391.521,7308.828,160.545,518.762,6215,12842,1.530,1.560,0.870,3,0,617.096,0,0,16,137,5,39,0
14-06 14:56:40,60.459,19.237,18.487,0,0.250,2958516,125324,165748,4685456,6377.670,1542.952,4393.017,1834.754,250.830,309.790,5855,10395,1.650,1.580,0.890,5,1,315.786,0,0,16,137,5,39,0
14-06 14:56:41,48.276,26.014,24.013,0.250,0,3042368,129116,162620,4602980,5581.981,1532.819,1128.603,5967.186,136.073,395.211,4140,16156,1.650,1.580,0.890,2,0,653.349,0,0,16,153,5,39,0
14-06 14:56:42,26.986,18.241,52.223,0.750,0,3080140,131520,162288,4563896,5587.117,1531.210,2138.896,31.983,123.936,7.996,5130,8494,1.650,1.580,0.890,1,0,407.790,0,0,17,153,5,39,0
14-06 14:56:43,26.001,20.251,52.002,0.500,0,3126788,127036,162292,4522768,4731.208,1404.062,1528.067,2064.091,90.004,285.013,5055,9025,1.650,1.580,0.890,2,0,459.020,0,0,17,153,5,39,0
14-06 14:56:44,40.276,16.761,42.027,0.250,0,3179416,126624,162300,4471768,5066.253,1350.867,2489.598,2377.526,104.067,382.245,5785,13577,1.650,1.580,0.890,3,0,285.183,0,0,17,154,5,39,0
14-06 14:56:45,42.756,23.753,32.755,0.500,0,3301760,139148,162320,4339712,6029.838,1730.241,1348.187,6476.900,30.004,719.100,6223,12055,1.750,1.610,0.900,2,0,702.098,0,0,17,165,5,39,0
14-06 14:56:46,33.999,23.749,40.748,0,0,3389788,135376,162320,4257472,5777.757,1661.930,0,547.977,0,34.999,5455,11281,1.750,1.610,0.900,2,0,663.972,0,0,17,171,5,39,0
14-06 14:56:47,18.235,14.987,64.696,0.250,0,3410736,125540,162324,4246596,6628.425,1688.580,3.997,531.553,0.999,36.969,5970,10011,1.750,1.610,0.900,1,0,237.800,0,0,17,171,5,38,0
14-06 14:56:48,42.360,9.718,46.346,0,0,3520920,130192,162324,4133968,5628.348,1614.649,522.269,4720.357,31.894,397.682,2347,3261,1.750,1.610,0.900,4,0,112.627,0,0,17,177,5,38,0
14-06 14:56:49,47.340,6.262,46.338,0.501,0,3615336,127448,162580,4044016,6556.424,1623.076,1815.440,1017.929,43.082,96.182,1979,2738,1.750,1.610,0.900,2,0,1.002,0,0,17,177,5,38,0
14-06 14:56:50,34.827,15.534,48.607,0.251,0,3587648,186988,162600,4012856,5795.815,1623.590,533.179,368.815,15.033,26.058,3372,6349,1.850,1.630,0.910,2,0,385.853,0,0,17,181,5,38,0
14-06 14:56:51,36.438,21.463,40.181,0,0,3561156,210968,162604,4015732,8525.387,1691.101,55.904,730.747,2.995,47.918,5202,12045,1.850,1.630,0.910,4,0,539.076,0,0,17,191,5,38,0
14-06 14:56:52,54.346,20.787,24.794,0,0,3676320,140108,162620,3972172,5634.957,1460.581,1995.526,288.510,48.085,14.025,6016,10360,1.850,1.630,0.910,8,0,208.368,0,0,17,195,5,38,0
14-06 14:56:53,78.885,16.476,3.994,0.250,0,3783764,119516,162640,3887388,7325.364,1617.651,1805.379,9630.017,43.936,497.278,2828,5188,1.850,1.630,0.910,6,0,99.855,0,0,17,204,5,34,0
14-06 14:56:54,76.795,15.509,6.754,0.500,0,3833028,145568,162736,3813876,6812.986,702.411,1244.728,4658.725,162.095,270.158,4105,9159,1.850,1.630,0.910,6,0,53.031,0,0,17,212,5,40,0
14-06 14:56:55,52.068,24.532,22.029,0,0,3841060,161696,162748,3790300,7614.930,1243.622,24.031,13369.434,4.005,421.550,6069,12144,2.030,1.670,0.930,4,0,583.761,0,0,17,217,5,40,0
14-06 14:56:56,51.470,21.987,25.735,0,0,3874348,144108,162756,3775076,5877.614,1675.035,47.972,779.551,1.999,41.976,7391,17050,2.030,1.670,0.930,6,0,309.822,0,0,17,219,5,41,0
14-06 14:56:57,56.007,28.754,15.002,0,0,3928808,132580,162756,3732816,42131.561,1512.200,32.004,14809.955,3.000,460.061,5467,30210,2.030,1.670,0.930,7,0,420.055,0,0,17,220,5,41,0
14-06 14:56:58,57.258,21.003,20.003,0.500,0,3958824,133072,162844,3702300,4974.687,1458.201,376.052,5808.802,37.005,459.063,5972,17004,2.030,1.670,0.930,3,0,212.029,0,0,17,223,5,44,0
14-06 14:56:59,52.694,24.724,21.977,0,0,4009128,133028,162844,3652420,6972.630,485.487,123.869,555.413,6.993,34.963,3756,7176,2.030,1.670,0.930,3,0,510.460,0,0,17,223,5,44,0
14-06 14:57:00,60.050,20.767,18.515,0,0,4042932,167408,162852,3584992,5681.710,1587.316,56.046,1096.909,8.007,77.064,7986,21383,2.180,1.710,0.940,3,0,289.240,0,0,17,235,5,46,0
14-06 14:57:01,66.505,11.501,22.002,0,0,4214028,136024,162852,3448088,6436.508,1764.139,0,6272.496,0,515.041,2664,3373,2.180,1.710,0.940,4,0,1.000,0,0,17,240,5,46,0
14-06 14:57:02,68.494,10.999,18.748,0.500,0.250,4232376,167676,162860,3399336,4703.614,1457.880,443.964,2699.779,27.998,310.975,5482,10197,2.180,1.710,0.940,4,0,80.993,0,0,17,252,5,49,0
14-06 14:57:03,50.003,23.251,26.751,0.500,0,4218720,180648,162860,3400024,4780.239,1736.087,1272.064,1636.082,41.002,173.009,5148,10332,2.180,1.710,0.940,5,0,535.027,0,0,17,251,5,50,0
14-06 14:57:04,51.388,25.694,20.705,0.499,0,4223616,196280,162956,3380128,4067.126,1562.590,4777.575,1771.135,117.743,97.787,6555,18363,2.180,1.710,0.940,5,0,341.255,0,0,17,252,5,47,0
14-06 14:57:05,77.406,15.531,6.263,0,0,4300568,169472,162956,3331068,7779.668,1515.051,629.267,5811.705,9.018,558.124,3165,4977,2.330,1.750,0.960,4,0,190.383,0,0,18,255,5,47,0
14-06 14:57:06,61.747,11.249,25.749,0,0,4398236,135540,162972,3268428,6840.692,1619.927,771.965,579.974,7.000,27.999,2105,2849,2.330,1.750,0.960,3,0,23.999,0,0,18,255,5,46,0
14-06 14:57:07,43.451,13.904,40.471,0.248,0,4414692,139116,162996,3249008,7109.033,2658.687,881.925,1072.612,14.897,76.473,5619,10776,2.330,1.750,0.960,2,0,221.474,0,0,18,257,5,47,0
14-06 14:57:08,19.550,6.517,72.936,0.251,0,4412492,141276,162996,3249048,28140.900,3664.362,802.049,501.281,8.020,33.085,1893,2560,2.330,1.750,0.960,2,0,11.028,0,0,18,262,5,36,0
14-06 14:57:09,19.247,6.499,72.489,0.250,0,4424072,137516,163000,3241440,15305.781,3899.435,767.889,7486.914,5.999,581.916,2347,3464,2.330,1.750,0.960,3,0,6.999,0,0,18,262,5,36,0
14-06 14:57:10,20.574,6.197,70.151,0.248,0,4433700,142188,163000,3227372,1178801.289,21359.737,507.668,285.563,3.966,21.814,2872,4652,2.380,1.770,0.970,2,0,10.907,0,0,18,266,5,36,0
14-06 14:57:11,16.155,6.563,76.230,0,0,4420080,155040,163004,3228136,806202.811,16695.913,775.427,197.895,6.058,24.232,2546,3221,2.380,1.770,0.970,1,0,7.068,0,0,18,266,5,36,0
14-06 14:57:12,3.247,1.998,91.916,0.250,0,4421896,152664,163004,3228696,650176.788,14412.783,0,447.590,0,40.962,2128,2956,2.380,1.770,0.970,2,0,5.995,0,0,18,274,5,36,0
14-06 14:57:13,1.997,1.997,93.591,0.749,0,4422204,151292,163004,3229760,914819.296,18616.464,15.973,195.669,0.998,24.958,2201,2841,2.380,1.770,0.970,1,0,0,0,0,18,274,5,36,0
14-06 14:57:14,2.755,0.501,93.676,0,0,4422860,149848,163004,3230548,1017929.780,20636.880,0,416.785,0,29.055,1949,2611,2.380,1.770,0.970,1,0,0,0,0,18,274,5,36,0
14-06 14:57:15,4.249,1.250,92.974,0,0,4423528,148196,163004,3231532,988715.137,19814.492,0,71.980,0,7.998,2177,2652,2.190,1.740,0.960,1,0,0,0,0,18,274,5,36,0
14-06 14:57:16,2.751,0.250,94.042,0,0,4423136,147748,163004,3232372,808172.445,16541.377,0,36.016,0,4.002,1656,2324,2.190,1.740,0.960,1,0,0,0,0,18,274,5,35,0
14-06 14:57:17,4.250,1.250,91.758,0.250,0,4424068,146096,163004,3233092,866072.813,17857.625,0,120.011,0,12.001,2071,2654,2.190,1.740,0.960,1,0,2.000,0,0,18,278,5,35,0
14-06 14:57:18,2.750,1.500,94.515,0,0,4424696,144668,163004,3233892,771164.700,15716.562,0,0,0,0,1780,2218,2.190,1.740,0.960,1,0,0,0,0,18,278,5,33,0
14-06 14:57:19,3.750,1.000,93.489,0.250,0,4424216,144668,163004,3234372,523313.249,13006.465,0,51.994,0,5.999,1493,2206,2.190,1.740,0.960,1,0,1.000,0,0,18,280,5,33,0
14-06 14:57:20,3.500,2.000,92.747,0,0,4423568,144444,163004,3235244,909716.160,21059.263,0,79.997,0,6.000,1931,2542,2.020,1.710,0.960,1,0,1.000,0,0,18,282,5,32,0
14-06 14:57:21,3.249,1.749,91.460,0.250,0,4423616,143324,163004,3236316,1171089.234,26262.523,0,279.878,0,39.983,2439,3083,2.020,1.710,0.960,1,0,1.999,0,0,18,286,5,32,0
14-06 14:57:22,3.002,1.751,93.806,0,0,4424412,141672,163008,3237168,881635.573,20478.185,0,280.167,0,18.011,2138,2735,2.020,1.710,0.960,1,0,2.001,0,0,18,286,5,30,0
14-06 14:57:23,3.247,1.499,93.167,0,0,4424736,140468,163008,3238048,940806.445,22096.423,15.986,119.894,0.999,14.987,2063,2682,2.020,1.710,0.960,1,0,0,0,0,18,286,5,30,0
14-06 14:57:24,2.751,0.750,93.528,0.250,0,4425280,139516,163008,3238456,413099.343,10973.303,0,344.104,0,22.007,1713,2416,2.020,1.710,0.960,1,0,0,0,0,18,286,5,29,0
14-06 14:57:25,2.499,2.249,94.705,0,0,4425432,138788,163008,3239032,622612.881,15714.551,0,31.985,0,3.998,1540,2215,1.860,1.680,0.950,2,0,0,0,0,18,286,5,29,0
14-06 14:57:26,3.254,1.001,94.357,0,0,4425768,137668,163008,3239816,906699.918,21286.202,0,0,0,0,2010,2344,1.860,1.680,0.950,1,0,0,0,0,18,286,5,28,0
14-06 14:57:27,3.248,1.499,93.679,0,0,4425812,136660,163008,3240780,874665.129,20174.687,79.939,47.964,4.996,3.997,1766,2517,1.860,1.680,0.950,2,0,0,0,0,18,286,5,28,0
14-06 14:57:28,1.980,1.485,93.297,0,0,4425780,135988,163008,3241484,798451.423,18174.295,0,75.231,0,5.939,1998,2408,1.860,1.680,0.950,2,0,0,0,0,18,286,5,26,0
14-06 14:57:29,2.526,1.263,93.981,0,0,4426692,134336,163008,3242224,1012577.345,23483.235,0,32.338,0,4.042,2009,2529,1.860,1.680,0.950,1,0,0,0,0,18,286,5,26,0
14-06 14:57:30,9.006,16.511,72.549,0.250,0,4430356,128296,163012,3244596,91559.169,3218.185,2105.430,4.003,26.018,1.001,2844,4410,1.870,1.690,0.960,3,0,257.175,0,0,18,285,5,25,0
14-06 14:57:31,23.578,5.267,70.482,0,0,4472556,138488,163012,3192800,4607.185,1537.066,124.410,180.595,8.026,21.069,1648,2601,1.870,1.690,0.960,2,0,0,0,0,18,285,5,25,0
14-06 14:57:32,25.217,4.744,68.161,0.250,0,4483732,126568,163012,3193532,7917.707,1526.016,419.455,359.533,22.970,35.953,3921,7648,1.870,1.690,0.960,3,0,2.996,0,0,18,293,5,26,0
14-06 14:57:33,21.747,9.499,67.740,0.500,0,4438012,178132,163012,3187744,4301.363,1457.784,231.966,2855.577,7.999,181.973,3716,6758,1.870,1.690,0.960,4,0,105.984,0,0,18,291,5,27,0
14-06 14:57:34,13.773,15.777,69.617,0.250,0,4463788,152136,163012,3187988,4854.179,1460.461,196.331,284.479,12.020,13.022,2945,5116,1.870,1.690,0.960,1,0,360.608,0,0,18,291,5,25,0
14-06 14:57:35,18.458,8.730,71.339,0.249,0,4448788,166848,163012,3188276,6946.343,1562.478,151.658,2230.971,4.989,316.287,2012,2916,1.720,1.660,0.950,1,0,93.789,0,0,18,291,5,25,0
14-06 14:57:36,10.226,18.457,70.586,0,0,4453552,162044,163012,3188316,5587.055,1454.630,0,838.058,0,47.889,2888,4627,1.720,1.660,0.950,3,0,289.330,0,0,18,291,5,25,0
14-06 14:57:37,8.253,17.506,72.275,0,0,4452708,162812,163012,3188392,4570.595,1350.471,40.014,368.128,4.001,29.010,2913,4794,1.720,1.660,0.950,1,0,277.097,0,0,18,291,5,25,0
14-06 14:57:38,5.519,1.254,92.569,0,0,4460520,155000,163012,3188392,6719.120,1463.034,0,16111.439,0,32.110,1269,2070,1.720,1.660,0.950,1,0,9.031,0,0,18,291,5,25,0
14-06 14:57:39,24.753,3.000,70.760,0.500,0,4502588,136128,163012,3165376,5210.714,1458.200,0,156.021,0,17.002,1742,2737,1.720,1.660,0.950,1,0,1.000,0,0,18,295,5,25,0
14-06 14:57:40,12.475,16.717,69.612,0,0,4449232,189448,163016,3165408,5649.802,1616.796,63.873,16463.370,4.990,70.860,2696,4037,1.580,1.630,0.950,2,0,209.585,0,0,18,295,5,25,0
14-06 14:57:41,12.982,16.477,68.654,0.250,0,4444716,193732,163016,3165640,5959.674,1765.534,0,215.699,0,20.971,2729,4218,1.580,1.630,0.950,2,0,170.761,0,0,18,295,5,25,0
14-06 14:57:42,15.052,13.797,70.241,0,0,4471112,167068,163016,3165892,8465.001,1645.638,4.014,244.839,1.003,17.058,2483,3803,1.580,1.630,0.950,1,0,161.553,0,0,18,295,5,25,0
14-06 14:57:43,23.250,4.000,72.251,0.250,0,4522044,138096,163016,3144200,5131.067,1620.021,216.003,2472.032,6.000,338.004,1488,2470,1.580,1.630,0.950,4,0,1.000,0,0,18,295,5,25,0
14-06 14:57:44,25.409,1.246,70.746,0,0,4555732,133336,163016,3115612,7377.529,1687.944,143.485,617.783,9.964,78.718,1776,2865,1.580,1.630,0.950,2,0,1.993,0,0,18,297,5,25,0
14-06 14:57:45,24.824,4.263,71.463,0.251,0,4504652,183740,163016,3116288,5231.564,1516.512,665.981,188.561,19.057,10.030,1460,2205,1.530,1.620,0.950,3,0,5.015,0,0,18,295,5,25,0
14-06 14:57:46,24.200,2.744,71.851,0.249,0,4552124,136140,163016,3116416,5733.098,1604.669,119.751,107.776,5.988,7.983,1637,2721,1.530,1.620,0.950,1,0,1.996,0,0,18,301,5,25,0
14-06 14:57:47,24.221,3.995,71.164,0,0,4479088,209160,163016,3116432,5022.932,1510.176,0,339.590,0,20.975,1558,2232,1.530,1.620,0.950,2,0,14.982,0,0,18,295,5,25,0
14-06 14:57:48,20.315,6.270,72.733,0.251,0,4446796,240244,163016,3117640,5265.888,1645.276,1460.684,112.360,24.077,13.042,1845,2993,1.530,1.620,0.950,4,0,101.325,0,0,18,295,5,25,0
14-06 14:57:49,13.748,14.748,70.739,0.250,0,4471560,215344,163024,3117768,4989.197,1737.720,135.978,603.903,33.995,18.997,3195,5390,1.530,1.620,0.950,1,0,392.937,0,0,18,295,6,25,0
14-06 14:57:50,20.464,6.239,71.625,0.250,0,4499116,187468,163040,3118072,5295.727,1529.322,323.434,3.993,46.918,0.998,1812,2807,1.490,1.610,0.950,2,0,91.839,0,0,18,295,6,25,0
14-06 14:57:51,25.563,3.759,68.668,0,0,4518616,167664,163052,3118364,6187.152,1623.977,156.383,276.678,7.017,22.054,9910,20068,1.490,1.610,0.950,2,0,10.025,0,0,18,295,6,25,0
14-06 14:57:52,19.496,3.249,76.484,0.250,0,4489384,196380,163068,3118800,13544.223,5279.918,271.944,455.907,4.999,18.996,1560,2414,1.490,1.610,0.950,1,0,4.999,0,0,18,296,6,25,0
14-06 14:57:53,26.752,0.500,72.506,0,0,4495168,190332,163072,3119060,7818.602,1620.125,88.007,296.023,4.000,19.001,1399,2313,1.490,1.610,0.950,2,0,0,0,0,18,296,6,25,0
14-06 14:57:54,22.634,5.969,68.649,0.249,0,4520572,163144,163220,3120468,8990.034,1599.820,3.980,608.887,0.995,30.842,9926,20039,1.490,1.610,0.950,4,0,9.949,0,0,18,296,6,25,0
14-06 14:57:55,17.599,8.548,72.657,0,0,4441968,242020,163220,3120196,6885.552,1695.493,0,362.027,0,14.079,2154,3544,1.450,1.600,0.950,1,0,186.042,0,0,18,295,6,19,0
14-06 14:57:56,22.228,5.744,71.429,0,0,4503976,179804,163220,3120404,5612.461,1754.269,0,163.838,0,10.989,1741,2781,1.450,1.600,0.950,1,0,81.919,0,0,18,295,6,19,0
14-06 14:57:57,21.501,4.250,71.754,0,0,4479280,204488,163220,3120416,41613.330,1512.085,24.001,0,2.000,0,2098,3390,1.450,1.600,0.950,3,0,112.006,0,0,18,295,6,20,0
14-06 14:57:58,22.269,6.005,71.810,0,0,4469952,213780,163220,3120452,4750.977,1621.357,0,0,0,0,1804,2839,1.450,1.600,0.950,1,0,70.059,0,0,18,295,6,20,0
14-06 14:57:59,23.941,3.242,71.325,0,0,4442360,241216,163220,3120608,5842.680,1616.039,0,115.716,0,8.978,1607,2526,1.450,1.600,0.950,3,0,25.936,0,0,18,295,6,17,0
14-06 14:58:00,23.057,4.511,72.428,0,0,4503424,180012,163220,3120748,5518.531,1569.849,0,0,0,0,1712,2562,1.410,1.590,0.950,1,0,30.074,0,0,18,295,6,18,0
14-06 14:58:01,23.655,4.482,70.467,0,0,4492876,190560,163220,3120748,6029.808,1505.958,0,235.057,0,26.892,1758,2831,1.410,1.590,0.950,1,0,27.888,0,0,18,297,6,18,0
14-06 14:58:02,24.773,4.504,68.815,0.250,0,4478684,204708,163220,3120792,5103.787,1567.470,4.004,376.353,1.001,45.042,2420,3879,1.410,1.590,0.950,2,0,49.046,0,0,18,297,6,18,0
14-06 14:58:03,25.208,5.491,67.887,0,0,4452892,230412,163220,3120880,4127.128,1509.487,15.973,275.541,0.998,18.968,2906,4956,1.410,1.590,0.950,1,0,27.953,0,0,18,297,6,13,0
14-06 14:58:04,30.155,5.277,63.326,0.251,0,4445828,237260,163220,3120992,8659.519,1702.754,0,337.736,0,31.160,2768,6120,1.410,1.590,0.950,1,0,45.233,0,0,18,297,6,16,0
14-06 14:58:05,23.702,4.740,70.107,0,0,4510004,173032,163220,3121148,7111.485,1528.880,0,2470.957,0,334.318,2144,3352,1.380,1.580,0.950,2,0,76.843,0,0,18,297,6,15,0
14-06 14:58:06,22.489,4.748,71.714,0,0,4482308,200724,163220,3121152,7429.278,1619.189,0,195.902,0,10.994,1616,2466,1.380,1.580,0.950,4,0,46.976,0,0,18,297,6,18,0
14-06 14:58:07,26.500,4.250,68.499,0.250,0,4474448,208468,163220,3121268,6839.911,1457.981,99.999,279.996,7.000,23.000,2006,3017,1.380,1.580,0.950,2,0,14.000,0,0,18,297,6,18,0
14-06 14:58:08,27.032,4.005,67.080,1.001,0,4503696,178376,163220,3122096,7305.672,1567.861,440.523,1249.483,32.038,169.201,3382,6326,1.380,1.580,0.950,2,0,0,0,0,18,299,6,19,0
14-06 14:58:09,23.962,3.994,70.389,0,0,4500984,180936,163220,3122248,5501.313,1583.500,0,702.890,0,44.929,1848,2901,1.380,1.580,0.950,3,0,4.992,0,0,18,299,6,19,0
14-06 14:58:10,22.071,8.528,67.468,0.752,0,4454656,227240,163220,3122272,5608.125,1536.967,56.182,1914.187,5.016,179.580,3611,6770,1.350,1.570,0.950,1,0,180.584,0,0,18,299,6,20,0
14-06 14:58:11,9.750,21.500,67.748,0.250,0,4459128,222640,163220,3122416,4302.901,1457.966,0,679.984,0,49.999,4217,7314,1.350,1.570,0.950,1,0,659.985,0,0,18,299,6,20,0
14-06 14:58:12,10.496,21.243,68.227,0.750,0,4466008,215736,163220,3122440,4993.297,1647.438,0,3482.812,0,219.925,4435,8032,1.350,1.570,0.950,2,0,650.778,0,0,18,299,6,20,0
14-06 14:58:13,9.500,21.250,67.750,0,0,4464000,217728,163228,3122448,4273.004,1662.002,4.000,392.000,1.000,35.000,4164,7192,1.350,1.570,0.950,1,0,679.001,0,0,18,299,6,20,0
14-06 14:58:14,12.250,19.249,67.998,0.250,0,4464264,217428,163228,3122484,4505.883,1619.958,0,1279.967,0,73.998,4278,7503,1.350,1.570,0.950,1,0,689.982,0,0,18,299,6,20,0
14-06 14:58:15,8.998,20.246,68.736,0,0,4469336,212172,163228,3122668,5272.940,1457.707,0,1587.681,0,123.975,4265,7267,1.240,1.540,0.950,0,0,642.871,0,0,18,299,6,20,0
14-06 14:58:16,14.216,14.216,70.833,0,0,4476784,252484,163236,3077468,6023.766,1616.181,155.632,107.745,14.965,8.979,2935,4759,1.240,1.540,0.950,1,0,341.194,0,0,18,299,6,20,0
14-06 14:58:17,21.480,6.244,70.435,0,0,4504456,248356,164040,3058128,4751.638,1530.595,51.952,1590.540,1.998,5.994,9635,18787,1.240,1.540,0.950,2,0,7.993,0,0,18,299,6,20,0
14-06 14:58:18,9.751,1.500,87.508,0,0,4512292,238836,164144,3059420,10258.964,3564.335,0,1172.110,0,19.002,1369,2194,1.240,1.540,0.950,2,0,4.000,0,0,18,300,6,20,0
14-06 14:58:19,17.736,1.249,79.685,0.500,0,4514640,236316,164180,3059556,17211.989,7031.277,83.932,955.222,10.991,35.971,1407,2110,1.240,1.540,0.950,2,0,0,0,0,18,301,6,20,0
14-06 14:58:20,21.772,4.254,72.073,1.001,0,4536008,213692,164252,3060676,25868.230,14598.803,784.796,2174.205,55.056,108.110,2163,3402,1.220,1.530,0.950,2,0,2.002,0,0,18,301,6,20,0
14-06 14:58:21,37.784,5.755,55.049,0.500,0,4553900,194872,164316,3061476,21327.173,12059.842,1397.256,1457.310,46.041,56.050,2042,2852,1.220,1.530,0.950,2,0,9.008,0,0,18,301,6,20,0
14-06 14:58:22,24.052,1.754,71.153,0.752,0,4552740,195448,164376,3062000,23340.205,13740.556,669.440,1483.190,36.078,56.121,1779,2682,1.220,1.530,0.950,2,0,3.006,0,0,18,301,6,20,0
14-06 14:58:23,23.418,1.744,72.995,0.498,0,4566624,156668,164428,3086812,12107.732,4851.065,11125.162,378.678,213.256,16.941,1564,2314,1.220,1.530,0.950,4,0,0,0,0,18,301,6,20,0
14-06 14:58:24,20.722,4.244,71.653,1.248,0,4548564,146000,165472,3112492,5901.979,1479.989,0,11172.816,0,631.142,1925,3133,1.220,1.530,0.950,2,1,0,0,0,18,300,6,20,1
14-06 14:58:25,21.828,3.011,73.261,1.505,0,4535624,128404,166680,3139712,6132.827,1557.543,0,3331.858,0,146.521,1712,2967,1.200,1.520,0.950,2,0,0,0,0,18,300,6,20,1
14-06 14:58:26,22.749,4.250,71.996,0.500,0,4480728,205484,167108,3116420,6029.686,1791.907,187.990,1075.944,12.999,40.998,1422,2252,1.200,1.520,0.950,2,0,3.000,0,0,18,299,6,20,0
14-06 14:58:27,23.486,4.497,69.959,0,0,4505872,178304,167228,3118320,37774.637,1457.137,3.998,0,0.999,0,9083,18194,1.200,1.520,0.950,3,0,14.991,0,0,18,299,6,20,0
14-06 14:58:28,25.233,4.247,68.704,0,0,4505728,178248,167236,3118480,13125.127,1349.088,0,83.943,0,0.999,9313,18703,1.200,1.520,0.950,3,0,8.994,0,0,18,299,6,20,0
14-06 14:58:29,22.786,4.507,71.863,0,0,4441388,242520,167236,3118448,6682.538,1642.590,0,43156.057,0,155.245,1792,2629,1.200,1.520,0.950,2,0,12.019,0,0,18,299,6,20,0
14-06 14:58:30,24.276,4.505,69.073,0,0,4471168,212724,167240,3118460,5233.511,1765.859,4.004,1906.007,1.001,33.035,9783,19262,1.190,1.510,0.950,1,0,50.053,0,0,18,299,6,20,0
14-06 14:58:31,23.666,5.481,68.757,0,0,4490576,193272,167240,3118496,5413.884,1688.040,0,342.790,0,22.919,8398,17270,1.190,1.510,0.950,2,0,15.944,0,0,18,299,6,20,0
14-06 14:58:32,22.781,6.259,69.094,0.250,0,4487648,196104,167248,3118576,5730.794,1622.206,0,416.567,0,22.030,9613,19278,1.190,1.510,0.950,2,0,15.020,0,0,18,299,6,19,0
14-06 14:58:33,23.005,3.751,71.766,0,0,4477808,206052,167248,3118468,4630.037,1586.355,0,124.028,0,6.001,1476,2089,1.190,1.510,0.950,3,0,9.002,0,0,18,299,6,19,0
14-06 14:58:34,23.234,3.498,71.701,0,0,4449796,234064,167248,3118468,6845.304,1564.926,0,3.997,0,0.999,1649,2482,1.190,1.510,0.950,3,0,53.963,0,0,18,299,6,17,0
14-06 14:58:35,23.059,5.013,70.682,0,0,4480224,187320,167804,3132472,5695.683,1461.768,4.010,8.021,1.003,2.005,9641,19686,1.170,1.510,0.950,1,0,47.121,0,0,18,299,6,17,0
14-06 14:58:36,14.445,2.491,82.936,0,0,4496700,167732,167960,3135036,6149.699,2507.499,0,3.985,0,0.996,1248,1961,1.170,1.510,0.950,1,0,2.989,0,0,18,300,6,17,0
14-06 14:58:37,14.731,0.999,82.641,0.250,0,4497708,166724,167968,3135028,13070.747,4026.685,0,1398.154,0,28.962,1506,2392,1.170,1.510,0.950,1,0,0,0,0,18,301,6,17,0
14-06 14:58:38,19.795,1.754,77.426,0.251,0,4509932,154136,168036,3135228,24519.684,15232.593,0,1591.615,0,58.132,1597,2323,1.170,1.510,0.950,3,0,0,0,0,18,301,6,17,0
14-06 14:58:39,13.993,1.499,81.460,1.000,0,4512188,151392,168204,3135544,154980.130,19351.402,0,1883.066,0,77.961,1797,2644,1.170,1.510,0.950,2,0,0,0,0,18,302,6,17,0
14-06 14:58:40,22.000,1.500,75.250,0.750,0,4528672,134520,168252,3135748,18401.037,10635.021,0,1460.003,0,71.000,1674,2720,1.160,1.500,0.950,3,0,0,0,0,18,302,6,17,0
14-06 14:58:41,19.253,1.250,78.510,0.750,0,4526784,136132,168412,3135732,225334.970,19852.640,0,1956.260,0,85.011,1790,2635,1.160,1.500,0.950,2,0,0,0,0,18,302,6,17,0
14-06 14:58:42,11.500,1.750,84.499,1.500,0,4527340,134928,168716,3135920,120140.558,17315.792,28.000,2575.969,5.000,131.998,1751,2861,1.160,1.500,0.950,3,0,2.000,0,0,18,301,6,17,1
14-06 14:58:43,22.299,1.503,75.415,0,0,4525200,127716,168756,3145160,528342.958,17227.660,76.166,645.411,6.013,26.057,1855,2272,1.160,1.500,0.950,2,0,1.002,0,0,18,301,6,17,1
14-06 14:58:44,11.218,6.482,78.527,1.496,0,4523020,145592,168964,3129384,17625241.812,198980.101,219.376,91715.162,18.946,589.324,18857,10119,1.160,1.500,0.950,1,0,10.969,0,0,18,301,6,17,1
14-06 14:58:45,23.254,3.251,71.762,0.750,0,4527828,136840,169392,3131288,99731.256,1436.234,32.005,34257.584,3.000,234.038,1838,2727,1.150,1.490,0.950,2,0,1.000,0,0,18,301,6,17,1
14-06 14:58:46,22.288,3.756,71.371,1.002,0,4532372,134388,172384,3123116,5233.882,1696.880,4.007,7949.490,1.002,140.238,1642,2650,1.150,1.490,0.950,2,0,2.003,0,0,18,301,6,17,1
14-06 14:58:47,20.918,6.475,70.225,0.996,0,4549088,142764,173320,3094844,7473.785,1452.323,23.907,27867.068,2.988,286.879,2076,3253,1.150,1.490,0.950,3,0,0,0,0,18,301,6,17,1
14-06 14:58:48,22.557,2.757,72.182,1.003,0,4549208,137836,174948,3095340,4621.637,1624.089,0,2558.442,0,98.247,1540,2694,1.150,1.490,0.950,3,0,0,0,0,18,301,6,17,1
14-06 14:58:49,23.673,2.741,72.016,0.498,0,4542292,139400,176068,3097376,4993.790,1614.758,0,2830.811,0,61.799,1548,2510,1.150,1.490,0.950,2,0,0,0,0,18,301,6,17,1
14-06 14:58:50,20.874,2.263,74.444,0.754,0,4449588,258092,176440,3070392,12539.712,4151.736,136.815,2080.395,18.108,92.551,1856,2998,1.210,1.500,0.960,2,0,2.012,0,0,18,299,6,17,0
14-06 14:58:51,23.525,5.756,70.075,0.250,0,4500780,204932,176568,3072220,5051.420,1621.740,12.013,1001.074,3.003,20.021,7328,14341,1.210,1.500,0.960,4,0,8.009,0,0,18,299,6,17,0
14-06 14:58:52,22.168,5.231,70.988,0,0,4476068,229344,176572,3072424,3802.944,1452.631,0,1406.800,0,16.937,3417,6241,1.210,1.500,0.960,3,0,9.963,0,0,18,299,6,17,0
14-06 14:58:53,25.035,5.007,69.096,0,0,4503528,201876,176572,3072432,6665.305,1696.368,0,1013.415,0,12.017,8817,18013,1.210,1.500,0.960,2,0,13.018,0,0,18,299,6,17,0
14-06 14:58:54,24.969,2.996,69.913,0,0,4444724,260644,176572,3072464,8236.704,1530.087,0,379.526,0,11.985,1878,2794,1.210,1.500,0.960,2,0,5.993,0,0,18,299,6,17,0
14-06 14:58:55,25.600,4.267,69.270,0.251,0,4483340,217676,177032,3075628,8534.275,1626.341,939.664,1674.529,23.090,26.102,2561,5051,1.200,1.490,0.960,4,0,0,0,0,18,299,6,17,1
14-06 14:58:56,31.114,2.489,63.721,0.996,0,4483520,216416,177032,3076708,5488.001,1559.182,716.865,1871.815,45.800,244.929,5829,11359,1.200,1.490,0.960,4,0,0,0,0,18,301,6,25,0
14-06 14:58:57,12.798,16.562,69.509,0.753,0,4454324,244360,177032,3077956,42176.402,1517.664,1385.169,3015.253,38.142,353.319,3793,6050,1.200,1.490,0.960,2,0,440.644,0,0,18,301,6,27,0
14-06 14:58:58,5.986,3.741,71.834,15.963,0,4433144,227280,177036,3116212,5068.323,1658.180,38124.162,873.986,2971.154,18.956,4442,8060,1.200,1.490,0.960,1,1,9.977,0,0,18,301,6,25,0
14-06 14:58:59,5.497,2.748,88.199,2.249,0,4434644,223024,177044,3118932,10553.931,3514.979,2782.400,3761.837,387.777,161.907,1909,3380,1.200,1.490,0.960,1,0,5.997,0,0,18,302,6,25,0
14-06 14:59:00,4.996,0.999,92.170,0.250,0,4437440,220000,177044,3119160,41912.578,8729.414,0,2901.479,0,147.871,1614,2720,1.100,1.460,0.950,2,0,0,0,0,18,302,6,25,0
14-06 14:59:01,2.500,0.750,94.758,0.250,0,4437664,219776,177048,3119156,193507.835,4598.400,0,284.025,0,30.003,1422,2391,1.100,1.460,0.950,2,0,2.000,0,0,18,302,6,25,0
14-06 14:59:02,6.498,1.749,90.472,0.500,0,4423036,233476,177148,3119984,94065.934,129735.912,55.983,1231.619,6.998,18.994,1635,2563,1.100,1.460,0.950,1,0,14.995,0,0,18,301,6,22,0
14-06 14:59:03,1.500,1.000,95.984,0,0,4422980,233476,177148,3119960,8178.610,1619.725,0,43.993,0,6.999,1065,1809,1.100,1.460,0.950,2,0,0,0,0,18,301,6,22,0
14-06 14:59:04,6.008,2.754,89.116,0,0,4402132,254324,177148,3119724,7253.444,1568.042,0,0,0,0,1747,4402,1.100,1.460,0.950,1,0,34.044,0,0,18,301,6,17,0
14-06 14:59:05,2.498,0.500,96.169,0,0,4402356,254100,177148,3119960,5707.166,1618.629,0,3.997,0,0.999,1053,1789,1.010,1.440,0.950,1,0,0,0,0,18,301,6,17,0
14-06 14:59:06,2.503,1.001,93.854,0.250,0.250,4402348,254100,177148,3119968,4655.135,1621.789,0,552.610,0,80.088,1521,2792,1.010,1.440,0.950,0,0,0,0,0,18,301,6,17,0
14-06 14:59:07,2.500,0.750,95.759,0,0,4402340,254100,177148,3119976,4619.453,1512.148,0,452.044,0,39.004,1408,2431,1.010,1.440,0.950,1,0,0,0,0,18,301,6,14,0
14-06 14:59:08,1.498,0.999,96.124,0,0,4402340,254100,177148,3119976,4153.559,1563.951,0,27.963,0,3.995,1028,1813,1.010,1.440,0.950,1,0,0,0,0,18,301,6,14,0
14-06 14:59:09,2.999,0.250,94.459,0.250,0,4402340,254100,177148,3119976,4936.848,937.591,0,267.883,0,22.990,1409,2430,1.010,1.440,0.950,2,0,0,0,0,18,301,6,12,0
14-06 14:59:10,3.255,0.751,95.386,0,0,4402340,254100,177148,3119976,6757.663,1209.730,0,88.126,0,12.017,1249,2110,0.930,1.420,0.940,2,0,0,0,0,18,301,6,12,0
14-06 14:59:11,2.751,0.500,95.021,0.250,0,4402340,254100,177148,3119976,7761.677,1694.366,0,320.069,0,35.008,1395,2341,0.930,1.420,0.940,1,0,0,0,0,18,301,6,11,0
14-06 14:59:12,3.254,0.751,96.104,0,0,4402336,254100,177148,3119980,6428.930,1607.733,0,104.112,0,7.008,1167,1949,0.930,1.420,0.940,1,0,2.002,0,0,18,301,6,11,0
14-06 14:59:13,1.992,0.747,95.856,0,0,4402336,254100,177148,3119980,4623.013,1613.374,0,776.810,0,146.399,1058,1787,0.930,1.420,0.940,1,0,0,0,0,18,301,6,11,0
14-06 14:59:14,2.000,0.500,96.007,0,0,4402336,254100,177148,3119980,5792.411,1586.113,0,224.016,0,17.001,1101,1834,0.930,1.420,0.940,1,0,0,0,0,18,301,6,11,0
14-06 14:59:15,3.250,1.000,96.006,0.250,0,4402336,254100,177148,3119980,6458.426,1566.103,0,68.004,0,10.001,1143,1871,0.860,1.390,0.930,1,0,0,0,0,18,301,6,11,0
14-06 14:59:16,2.252,1.001,96.088,0.250,0,4402324,254100,177148,3119992,5729.242,1513.385,4.004,96.088,1.001,12.011,1203,2084,0.860,1.390,0.930,2,0,0,0,0,18,301,6,11,0
14-06 14:59:17,2.252,0.751,95.105,0,0,4402320,254100,177148,3119996,5694.281,1101.215,0,324.358,0,26.029,1260,2192,0.860,1.390,0.930,1,0,0,0,0,18,301,6,11,0
14-06 14:59:18,1.752,1.502,95.851,0.250,0,4403212,253204,177148,3120000,6048.393,1587.678,0,46801.469,0,313.331,1339,2002,0.860,1.390,0.930,1,0,0,0,0,18,301,6,11,0
14-06 14:59:19,2.000,1.500,94.734,0.250,0,4403212,253204,177148,3120000,5495.055,1791.692,0,319.945,0,16.997,1248,2096,0.860,1.390,0.930,1,0,0,0,0,18,301,7,11,0
14-06 14:59:20,4.253,1.751,92.324,0,0,4414420,241360,177148,3120720,6966.587,1641.316,768.616,56.045,8.006,6.005,1262,1910,0.790,1.370,0.930,4,0,2.002,0,0,18,301,7,11,0
14-06 14:59:21,19.496,5.999,73.236,0,0,4423368,232308,177148,3120816,5445.927,1565.692,771.848,211.958,6.999,25.995,1751,2560,0.790,1.370,0.930,2,0,8.998,0,0,18,303,7,11,0
14-06 14:59:22,5.746,2.498,89.943,0.250,0,4412776,242896,177148,3120820,7106.466,1638.954,255.837,203.870,1.999,13.991,1395,2218,0.790,1.370,0.930,2,0,2.998,0,0,18,303,7,11,0
14-06 14:59:23,1.500,2.250,94.737,0,0,4416876,239060,177148,3120820,5476.228,1457.794,0,57855.842,0,178.975,1512,2470,0.790,1.370,0.930,2,0,0,0,0,18,303,7,11,0
14-06 14:59:24,2.500,1.000,96.017,0.250,0.250,4416876,239060,177148,3120820,5160.934,1512.274,0,664.120,0,123.022,1223,1926,0.790,1.370,0.930,1,0,0,0,0,18,303,7,11,0
14-06 14:59:25,1.250,0.500,96.489,0,0,4416876,239060,177148,3120820,6067.333,1639.820,0,0,0,0,1084,1718,0.720,1.350,0.920,1,0,0,0,0,18,303,7,11,0
14-06 14:59:26,2.250,0,96,0,0,4416876,239060,177148,3120820,5558,1606,0,1064,0,7,1090,1926,0.720,1.350,0.920,1,0,0,0,0,18,303,7,11,0
14-06 14:59:27,1.998,0.749,96.152,0.250,0,4416876,239060,177148,3120820,41825.213,1530.434,0,303.689,0,21.978,1224,2001,0.720,1.350,0.920,1,0,0,0,0,18,303,7,11,0
14-06 14:59:28,2.001,0.500,95.802,0,0,4417524,238388,177148,3120820,6641.613,1458.794,0,2209.202,0,11.006,1073,1708,0.720,1.350,0.920,2,0,0,0,0,18,303,7,11,0
14-06 14:59:29,1.499,0.750,96.216,0,0,4417524,238388,177148,3120820,5782.930,1553.444,0,3.999,0,1.000,1051,1730,0.720,1.350,0.920,3,0,0,0,0,18,303,7,11,0
14-06 14:59:30,1.500,0.500,95.988,0,0,4417524,238388,177148,3120820,5372.339,1457.821,0,0,0,0,1114,1808,0.670,1.320,0.920,1,0,0,0,0,18,303,7,11,0
14-06 14:59:31,2.001,0.750,95.532,0,0,4417520,238388,177148,3120824,5160.724,1458.487,0,248.083,0,9.003,1152,2000,0.670,1.320,0.920,1,0,0,0,0,18,303,7,11,0
14-06 14:59:32,2.750,0.500,95.504,0,0,4417520,238388,177148,3120824,6759.311,540.025,0,196.009,0,14.001,1269,2185,0.670,1.320,0.920,1,0,0,0,0,18,303,7,11,0
14-06 14:59:33,7.499,2.000,87.733,0.250,0,4429316,226548,177180,3120836,226332.960,5492.907,19.996,839.833,4.999,7.998,1387,2009,0.670,1.320,0.920,1,0,9.998,0,0,18,303,7,11,0
14-06 14:59:34,8.248,4.249,85.979,0,0,4430832,224788,177212,3121044,235604.277,9725.617,211.948,407.900,8.998,85.979,1744,2264,0.670,1.320,0.920,1,0,34.991,0,0,18,303,7,11,0
