"pcp-dstat 6.2.0 CSV Output"
"Author:","PCP team <pcp@groups.io> and Dag Wieers <dag@wieers.com>",,,,"URL:","https://pcp.io/ and http://dag.wieers.com/home-made/dstat/"
"Host:","ubuntu",,,,"User:","ubuntu"
"Cmdline:","dstat -tcmndrylpg --tcp --output /tmp/devstack_logs/dstat-csv.log",,,,"Date:","23 Apr 2026 12:26:29 UTC"
"system","total usage",,,,,"memory usage",,,,"net/total",,"dsk/total",,"io/total",,"system",,"load avg",,,"procs",,,"paging",,"tcp sockets",,,,
"time","total usage:usr","total usage:sys","total usage:idl","total usage:wai","total usage:stl","used","free","buf","cach","net/total:recv","net/total:send","dsk/total:read","dsk/total:writ","read","writ","int","csw","1m","5m","15m","run","blk","new","in","out","lis","act","syn","tim","clo"
23-04 12:26:29,,1013312,1375060,167724,5251440,,,,,,,1.370,0.980,0.520,2,0,,,,10,5,0,17,0
23-04 12:26:30,18.234,22.480,57.449,0.500,0,1010956,1376732,167760,5251924,36380.719,15272.448,0,2018.209,0,66.941,5639,4324,1.500,1.010,0.530,1,0,378.664,0,0,10,6,0,17,0
23-04 12:26:31,22.955,21.208,54.144,0.250,0,1012624,1374604,167808,5252224,42249.189,13047.426,0,1956.166,0,58.885,5368,3730,1.500,1.010,0.530,2,0,314.384,0,0,10,6,0,17,0
23-04 12:26:32,28.580,20.558,48.636,0.752,0,1029028,1357416,167816,5252784,22427.871,14207.828,0,1696.756,0,50.141,6169,6134,1.500,1.010,0.530,1,0,279.784,0,0,10,5,0,17,1
23-04 12:26:33,33.491,18.495,45.738,1.000,0,1161324,1199548,168384,5400684,174605.834,10040.288,0,15327.860,0,660.821,7476,8772,1.500,1.010,0.530,1,0,185.950,0,0,11,4,0,17,2
23-04 12:26:34,34.753,10.501,53.755,0.500,0,1166268,1173100,169152,5418868,4518.429,1458.138,0,1516.144,0,41.004,3787,2542,1.500,1.010,0.530,2,0,97.009,0,0,11,6,0,17,2
23-04 12:26:35,36.248,14.999,47.497,0.500,0,1183712,1134416,169616,5437904,4439.695,1619.889,0,2459.831,0,193.987,5001,3479,1.540,1.030,0.540,2,0,184.987,0,0,11,6,0,19,2
23-04 12:26:36,41.585,7.719,48.309,0.996,0,1241812,1058784,170608,5451824,5188.446,1506.034,31.874,4605.754,1.992,132.475,3336,2450,1.540,1.030,0.540,2,0,0,0,0,11,6,0,19,2
23-04 12:26:37,43.510,6.251,48.762,0.500,0,1273860,997224,171740,5477360,5207.247,1566.375,0,3520.843,0,78.019,3116,1977,1.540,1.030,0.540,5,0,0,0,0,11,8,0,19,2
23-04 12:26:38,27.545,7.262,48.829,12.520,0,1276312,1000788,172944,5469688,11200.197,4312.006,0,32945.528,0,2452.985,12293,21844,1.540,1.030,0.540,2,0,41.067,0,0,11,6,0,19,0
23-04 12:26:39,33.697,9.984,44.430,10.483,0,1328984,944068,173432,5473136,9066.708,2899.430,0,42728.647,0,3169.005,13373,24763,1.540,1.030,0.540,1,0,76.879,0,0,11,5,0,19,0
23-04 12:26:40,37.995,11.998,48.244,0.750,0,1257672,1008796,173444,5478868,5818.249,2469.681,0,3555.541,0,129.983,3856,2641,1.570,1.050,0.550,2,0,77.990,0,0,11,4,0,19,0
23-04 12:26:41,40.767,5.502,53.023,0.250,0,1307068,953260,173460,5483796,11730.006,4737.022,0,1824.779,0,52.022,2979,1655,1.570,1.050,0.550,2,0,18.008,0,0,11,4,0,19,0
23-04 12:26:42,43.374,9.778,45.631,0,0.251,1335072,924388,173516,5484428,4771.672,1462.190,0,8468.265,0,391.121,12228,20726,1.570,1.050,0.550,2,0,23.066,0,0,11,4,0,19,0
23-04 12:26:43,43.913,8.931,45.897,0,0,1307288,952804,173544,5483728,5835.174,1607.650,0,710.542,0,22.825,11599,19275,1.570,1.050,0.550,2,0,18.855,0,0,11,4,0,19,0
23-04 12:26:44,36.751,14.600,47.574,0,0,1213880,1058356,173548,5473288,6059.310,1468.008,0,16.110,0,2.014,4376,2825,1.570,1.050,0.550,2,0,207.414,0,0,11,4,0,19,0
23-04 12:26:45,14.982,22.722,60.676,0,0,1130560,1141644,173548,5473320,5693.041,1618.022,0,31.961,0,7.990,5727,4324,1.610,1.060,0.560,1,0,406.503,0,0,11,4,0,19,0
23-04 12:26:46,13.267,19.776,66.336,0,0,1114824,1157228,173548,5473896,3831.966,811.051,0,40.052,0,7.009,5160,4172,1.610,1.060,0.560,1,0,242.314,0,0,11,4,0,19,0
23-04 12:26:47,32.953,15.478,50.179,0,0,1136640,1135348,173552,5473956,4202.045,1186.319,0,7.989,0,1.997,4804,4830,1.610,1.060,0.560,2,0,191.728,0,0,11,5,0,19,0
23-04 12:26:48,45.006,5.751,48.256,0,0,1202792,1069072,173568,5474056,4510.578,1620.208,0,14433.849,0,93.012,2802,1417,1.610,1.060,0.560,2,0,0,0,0,11,5,0,19,0
23-04 12:26:49,42.002,10.250,47.502,0.500,0,1235240,1035932,173616,5474704,4260.182,1620.069,0,3292.140,0,178.008,3035,2005,1.610,1.060,0.560,2,0,1.000,0,0,11,5,0,19,0
23-04 12:26:50,23.248,10.749,64.996,0,0,1268868,1000000,173724,5476824,4199.724,1619.894,0,1583.896,0,78.995,3619,4023,1.560,1.060,0.560,1,0,117.992,0,0,11,4,0,20,0
23-04 12:26:51,18.498,5.000,75.743,0,0,1330344,938512,173732,5476824,4636.583,1619.854,0,387.965,0,4.000,1959,1675,1.560,1.060,0.560,2,0,21.998,0,0,11,4,0,20,0
23-04 12:26:52,22.002,3.500,73.758,0,0,1365796,903060,173732,5476824,4038.439,1458.159,0,0,0,0,1729,1315,1.560,1.060,0.560,2,0,0,0,0,11,4,0,20,0
23-04 12:26:53,23.251,3.250,70.504,1.500,0,1388100,880464,173784,5477064,4440.224,1620.082,0,13708.693,0,338.017,3997,5303,1.560,1.060,0.560,1,0,1.000,0,0,11,10,0,14,0
23-04 12:26:54,20.049,5.764,73.180,0,0,1378472,890088,173784,5477068,4388.777,1461.589,0,144.354,0,8.020,2261,1627,1.560,1.060,0.560,1,0,42.103,0,0,11,4,0,16,0
23-04 12:26:55,19.700,1.995,77.551,0.249,0,1398292,869728,173920,5477392,6196.135,3414.258,143.632,0,6.982,0,1667,1154,1.520,1.060,0.560,3,0,0,0,0,11,11,0,16,0
23-04 12:26:56,19.499,2.500,74.996,1.000,0,1398652,869000,173968,5477632,8247.605,5282.747,267.987,4075.805,65.997,213.990,2866,3284,1.520,1.060,0.560,1,0,3.000,0,0,11,29,0,16,0
23-04 12:26:57,19.988,6.246,72.705,0.250,0,1395420,872212,173972,5477648,4508.188,1376.142,0,2822.240,0,76.952,2449,1836,1.520,1.060,0.560,1,0,42.973,0,0,11,28,0,17,0
23-04 12:26:58,17.265,4.254,77.567,0,0,1414072,853544,173972,5477656,9719.439,6525.666,0,30026.070,0,421.366,2883,3002,1.520,1.060,0.560,1,0,0,0,0,11,29,0,17,0
23-04 12:26:59,23.566,12.535,62.677,0,0,1425996,841600,173972,5477676,6603.611,3595.132,0,2182.150,0,54.153,3758,2689,1.520,1.060,0.560,2,0,157.444,0,0,11,28,0,18,0
23-04 12:27:00,36.970,5.745,56.954,0,0.250,1480556,787028,173972,5477684,10366.561,7820.633,0,0,0,0,3185,2362,1.390,1.040,0.560,3,0,0,0,0,11,30,0,18,0
23-04 12:27:01,42.400,6.235,48.635,0.249,0,1453752,813588,173976,5477888,18016.581,13899.275,0,1037.557,0,33.920,6881,13010,1.390,1.040,0.560,3,0,40.904,0,0,11,28,0,18,0
23-04 12:27:02,60.940,30.345,8.777,0,0,1529216,738080,173976,5477932,4086.745,1137.548,0,48.150,0,12.038,5736,4662,1.390,1.040,0.560,7,0,574.793,0,0,11,28,0,18,0
23-04 12:27:03,81.249,14.750,2.750,0,0,1744864,522408,173976,5477948,14638.812,12544.839,0,0,0,0,5164,3284,1.390,1.040,0.560,6,0,0,0,0,11,32,0,18,0
23-04 12:27:04,77.559,10.973,9.975,0,0,1759196,508004,173988,5478184,36008.490,31399.818,0,18949.422,0,524.710,8580,12400,1.390,1.040,0.560,6,0,55.863,0,0,11,31,0,21,0
23-04 12:27:05,37.058,13.021,48.577,0,0,1527908,739252,173996,5478216,8634.618,5113.064,0,616.973,0,57.090,5082,5188,1.360,1.040,0.560,1,0,254.401,0,0,11,28,0,23,0
23-04 12:27:06,17.965,2.994,78.596,0,0,1536264,730888,174000,5478220,9122.121,5585.054,0,151.703,0,7.984,1927,1601,1.360,1.040,0.560,2,0,0,0,0,11,29,0,23,0
23-04 12:27:07,16.027,6.261,75.879,0.501,0,1521376,745752,174004,5478240,7939.463,4627.848,0,1073.821,0,112.190,3556,3469,1.360,1.040,0.560,2,0,68.116,0,0,11,28,0,24,0
23-04 12:27:08,19.716,3.494,75.372,0,0,1492968,774160,174004,5478240,6571.814,3579.907,0,0,0,0,1760,1199,1.360,1.040,0.560,0,0,0,0,0,11,29,0,24,0
23-04 12:27:09,17.732,3.996,77.174,0.250,0,1477080,790012,174020,5478260,10102.996,6744.322,0,77651.110,0,483.521,4056,4690,1.360,1.040,0.560,1,0,0.999,0,0,11,28,0,25,0
23-04 12:27:10,7.514,23.545,66.127,0.751,0,1429660,837340,174048,5478312,3805.291,1460.799,0,3747.180,0,196.376,5668,4340,1.410,1.060,0.570,1,0,341.655,0,0,11,28,0,25,0
23-04 12:27:11,21.535,32.554,45.825,0,0,1443724,823228,174052,5478356,4344.142,1622.668,0,332.547,0,26.043,5938,4592,1.410,1.060,0.570,7,0,623.024,0,0,11,28,0,25,0
23-04 12:27:12,83.010,16.002,0.250,0,0,1643724,623212,174060,5478364,7821.980,5302.664,0,1564.196,0,61.008,5372,3311,1.410,1.060,0.570,5,0,75.009,0,0,11,29,0,25,0
23-04 12:27:13,72.495,7.000,19.249,0,0,1705824,560776,174064,5478692,37923.446,34434.681,0,199.987,0,17.999,7526,10778,1.410,1.060,0.570,3,0,0,0,0,11,32,0,25,0
23-04 12:27:14,71.870,20.214,7.487,0,0,1612712,653652,174088,5478904,18263.084,14101.584,0,714.712,0,73.867,8365,10439,1.410,1.060,0.570,8,0,300.458,0,0,11,28,0,26,0
23-04 12:27:15,86.415,14.027,0,0,0,1716440,549924,174088,5478904,10391.799,7510.309,0,2180.154,0,96.183,5336,3121,1.700,1.120,0.590,5,0,9.017,0,0,11,30,0,26,0
23-04 12:27:16,80.158,10.488,8.990,0,0,1795852,470292,174088,5479124,42520.131,39899.143,0,727.164,0,39.954,9254,12166,1.700,1.120,0.590,4,0,0,0,0,11,33,0,27,0
23-04 12:27:17,60.638,16.220,22.459,0,0,1519532,746504,174100,5479216,26791.714,20246.754,0,439.192,0,37.930,7816,11154,1.700,1.120,0.590,2,0,275.493,0,0,11,28,0,31,0
23-04 12:27:18,39.979,6.996,51.723,0,0,1589480,676552,174100,5479220,6617.538,3476.181,0,139.927,0,8.995,2873,1525,1.700,1.120,0.590,2,0,21.988,0,0,11,29,0,31,0
23-04 12:27:19,31.023,4.754,63.298,0.250,0,1580712,685148,174104,5479384,21670.357,17906.516,0,324.245,0,25.019,5358,6740,1.700,1.120,0.590,3,0,1.001,0,0,11,28,0,31,2
23-04 12:27:20,40.082,22.296,37.076,0,0,1530312,735512,174104,5479420,4713.698,1755.612,0,1643.381,0,137.282,5185,3835,1.810,1.150,0.610,3,0,378.779,0,0,11,28,0,33,0
23-04 12:27:21,54.622,6.984,37.413,0,0,1592316,673492,174104,5479436,15267.352,11763.533,0,123.711,0,5.986,3950,2415,1.810,1.150,0.610,3,0,0,0,0,11,31,0,28,0
23-04 12:27:22,52.163,8.777,37.868,0.251,0,1490244,775484,174116,5479500,23723.105,19786.809,0,902.820,0,74.232,8117,10825,1.810,1.150,0.610,4,0,88.276,0,0,11,28,0,29,0
23-04 12:27:23,77.847,20.210,2.246,0,0,1584520,681208,174116,5479500,5857.520,3355.424,0,347.319,0,6.986,5020,2527,1.810,1.150,0.610,4,0,169.667,0,0,11,29,0,29,0
23-04 12:27:24,57.843,7.512,33.804,0,0,1633848,631788,174120,5479580,33348.752,30314.862,0,761.227,0,24.039,6533,9113,1.810,1.150,0.610,3,0,0,0,0,11,31,0,29,1
23-04 12:27:25,55.741,19.997,23.496,0,0,1555484,710052,174140,5479644,14333.766,11220.252,0,491.923,0,38.994,6598,7655,1.900,1.180,0.620,3,0,323.950,0,0,11,28,0,32,0
23-04 12:27:26,54.606,7.480,37.152,0,0,1583328,682132,174140,5479720,14570.610,11586.472,0,155.590,0,8.976,3873,2452,1.900,1.180,0.620,3,0,0,0,0,11,31,0,29,0
23-04 12:27:27,52.872,7.517,38.088,0.251,0,1481452,783660,174152,5480052,24179.666,20412.994,0,1058.437,0,78.180,7296,10025,1.900,1.180,0.620,6,0,86.198,0,0,11,28,0,31,0
23-04 12:27:28,62.026,17.758,20.259,0,0,1580536,684564,174152,5480064,4653.970,1512.640,0,8.003,0,2.001,3989,2332,1.900,1.180,0.620,3,0,213.090,0,0,11,28,0,31,0
23-04 12:27:29,46.016,5.502,48.267,0,0.250,1595656,669400,174152,5480108,24144.331,20698.142,0,192.066,0,3.001,5560,6009,1.900,1.180,0.620,2,0,1.000,0,0,11,31,0,31,0
23-04 12:27:30,56.506,17.752,24.253,0,0,1536444,728272,174160,5480436,13859.530,10215.128,0,332.037,0,25.003,6540,6832,1.990,1.210,0.630,3,0,287.032,0,0,11,28,0,34,0
23-04 12:27:31,54.002,7.000,39.001,0,0,1593976,670600,174160,5480576,16692.617,13296.492,0,120.004,0,6.000,3815,2593,1.990,1.210,0.630,3,0,0,0,0,11,31,0,34,0
23-04 12:27:32,50.467,11.742,36.226,0.500,0,1457856,806580,174164,5480644,19256.407,15478.877,0,431.718,0,36.976,7392,8928,1.990,1.210,0.630,3,0,117.923,0,0,11,28,0,36,0
23-04 12:27:33,58.612,9.228,32.424,0,0,1596784,667640,174168,5480652,7607.071,5815.294,0,151.643,0,8.979,3407,1424,1.990,1.210,0.630,1,0,0,0,0,11,30,1,36,0
23-04 12:27:34,49.366,6.515,42.099,0.251,0,1586268,678104,174176,5480716,27186.758,22490.745,0,2806.582,0,117.275,6894,9471,1.990,1.210,0.630,3,0,37.087,0,0,11,28,0,38,0
23-04 12:27:35,67.005,31.002,2.000,0,0,1561328,702936,174176,5480776,4292.302,1512.106,0,68.005,0,17.001,5571,4716,2.310,1.290,0.660,8,0,553.039,0,0,11,28,0,38,0
23-04 12:27:36,78.296,21.262,0.750,0,0,1735484,528608,174176,5480948,15055.755,12677.372,0,2145.247,0,105.061,5786,4693,2.310,1.290,0.660,6,0,354.206,0,0,11,32,0,38,0
23-04 12:27:37,76.829,20.454,2.245,0,0,1770056,493780,174180,5481192,43491.212,39632.799,0,802.215,0,57.871,9005,11146,2.310,1.290,0.660,9,0,371.174,0,0,11,31,0,38,0
23-04 12:27:38,75.663,23.551,0.752,0,0,1711780,551972,174188,5481284,21443.092,16401.255,0,424.913,0,33.071,7024,7376,2.310,1.290,0.660,6,0,411.885,0,0,11,28,0,37,0
23-04 12:27:39,81.723,15.245,3.499,0,0,1686612,577136,174188,5481288,14276.344,11468.260,0,0,0,0,5231,3556,2.310,1.290,0.660,4,0,127.958,0,0,11,31,0,37,0
23-04 12:27:40,74.532,9.472,14.458,0,0,1692392,571128,174188,5481512,36573.013,32678.406,0,0,0,0,8268,11390,2.450,1.340,0.680,6,0,8.974,0,0,11,31,0,39,0
23-04 12:27:41,41.123,25.326,32.096,0,0,1471652,791804,174188,5481576,21256.373,17104.996,0,80.239,0,10.030,7794,9650,2.450,1.340,0.680,2,0,562.678,0,0,11,28,0,42,0
23-04 12:27:42,17.754,30.756,50.510,0,0,1463632,799796,174188,5481604,4518.903,1458.291,0,36.007,0,9.002,6056,4688,2.450,1.340,0.680,4,0,584.117,0,0,11,28,0,42,0
23-04 12:27:43,67.786,25.171,5.732,0,0,1583660,679712,174204,5481640,9447.228,5458.797,0,1375.665,0,23.925,5188,4084,2.450,1.340,0.680,5,0,446.593,0,0,11,29,0,42,0
23-04 12:27:44,62.712,8.245,28.983,0,0,1648172,615012,174208,5481824,26689.983,22927.241,0,947.431,0,58.965,5974,7947,2.450,1.340,0.680,4,0,26.984,0,0,11,31,0,43,0
23-04 12:27:45,71.462,17.552,10.030,0.251,0,1587352,675764,174216,5481880,14538.090,9025.752,0,561.665,0,53.158,6198,6381,2.570,1.380,0.700,4,0,241.716,0,0,11,28,0,46,0
23-04 12:27:46,68.568,8.695,22.608,0,0,1653836,609248,174220,5481904,21866.366,19956.388,0,155.024,0,8.944,4886,4446,2.570,1.380,0.700,4,0,0,0,0,11,32,0,46,0
23-04 12:27:47,53.331,6.792,38.237,0,0,1653572,609248,174220,5482164,42497.700,36225.783,0,144.899,0,8.050,11155,17120,2.570,1.380,0.700,4,0,0,0,0,11,32,0,46,0
23-04 12:27:48,64.396,11.481,22.713,0.250,0,1576772,685820,174232,5482380,26555.133,22256.073,0,551.110,0,58.905,9540,13447,2.570,1.380,0.700,4,0,89.855,0,0,11,28,0,46,0
23-04 12:27:49,78.403,12.274,9.268,0,0,1633476,629100,174232,5482396,10699.836,8030.638,0,180.351,0,11.021,4705,2591,2.570,1.380,0.700,3,0,31.060,0,0,11,30,0,46,0
23-04 12:27:50,54.960,6.245,37.972,0,0,1658440,603928,174232,5482600,34098.978,29902.058,0,143.894,0,8.993,8764,11278,2.610,1.410,0.710,2,0,0,0,0,11,32,0,45,0
23-04 12:27:51,52.743,7.749,37.245,0,0,1632212,629868,174236,5482876,45811.309,40145.013,0,2975.630,0,110.986,11718,19146,2.610,1.410,0.710,4,0,70.991,0,0,11,29,0,48,0
23-04 12:27:52,78.611,18.276,3.004,0,0,1593468,668592,174240,5482888,7842.040,5150.250,0,120.169,0,8.011,5440,3821,2.610,1.410,0.710,3,0,189.266,0,0,11,29,0,49,0
23-04 12:27:53,64.712,6.996,27.734,0,0,1656016,605868,174240,5483064,28666.275,25054.382,0,115.932,0,6.996,5533,6576,2.610,1.410,0.710,4,0,0,0,0,11,32,0,49,0
23-04 12:27:54,62.672,11.985,23.970,0,0,1548788,712840,174244,5483272,32521.739,27531.916,0,311.614,0,27.965,9617,14994,2.610,1.410,0.710,4,0,101.874,0,0,11,29,0,49,0
23-04 12:27:55,76.334,12.514,10.762,0.250,0,1612340,649260,174248,5483292,12159.456,9598.622,0,496.549,0,24.027,5079,3410,2.640,1.440,0.720,3,0,30.033,0,0,11,30,0,49,0
23-04 12:27:56,63.801,12.010,22.768,0,0,1612820,648732,174256,5483340,23944.104,20706.521,0,528.422,0,58.046,5924,7482,2.640,1.440,0.720,3,0,122.097,0,0,11,34,0,51,0
23-04 12:27:57,68.942,8.992,21.732,0,0,1728476,532852,174256,5483560,32006.968,27790.529,0,147.875,0,8.992,5597,10773,2.640,1.440,0.720,2,0,0,0,0,11,35,0,52,0
23-04 12:27:58,70.473,14.494,14.494,0,0,1703176,558084,174256,5483628,26420.921,21328.864,0,155.941,0,7.997,6075,9029,2.640,1.440,0.720,4,0,140.946,0,0,11,32,0,54,0
23-04 12:27:59,73.422,13.735,12.986,0,0,1603368,657744,174256,5483772,15882.117,11738.522,0,15.983,0,1.998,4876,3716,2.640,1.440,0.720,4,0,86.908,0,0,11,34,0,54,0
23-04 12:28:00,68.094,12.517,18.526,0,0,1660840,600224,174256,5483820,23638.570,20167.788,0,124.171,0,3.004,5319,6738,2.670,1.460,0.740,3,0,68.094,0,0,11,34,0,56,0
23-04 12:28:01,65.278,13.006,21.759,0,0,1598104,662872,174272,5483884,21908.496,17453.565,0,436.189,0,43.019,6258,14679,2.670,1.460,0.740,4,0,139.060,0,0,11,34,0,59,0
23-04 12:28:02,52.783,14.939,30.624,0,0,1476520,784424,174292,5483900,10747.907,7069.000,0,374.464,0,33.861,4961,4234,2.670,1.460,0.740,3,0,154.367,0,0,11,32,0,58,0
23-04 12:28:03,52.731,7.533,39.423,0,0.251,1570332,690452,174304,5484044,17361.173,13627.793,0,1972.655,0,125.551,4314,3671,2.670,1.460,0.740,2,0,0,0,0,11,35,0,58,0
23-04 12:28:04,50.752,9.951,37.816,0,0,1544300,716240,174308,5484276,25542.432,20721.941,0,75.631,0,6.966,7456,10130,2.670,1.460,0.740,4,0,95.534,0,0,11,32,0,61,0
23-04 12:28:05,57.757,13.309,28.627,0,0,1583176,677352,174308,5484288,7513.402,3988.733,0,140.625,0,31.138,4019,2117,2.610,1.470,0.740,3,0,86.384,0,0,11,33,0,61,0
23-04 12:28:06,50.925,5.991,42.438,0,0,1626756,633552,174320,5484492,24673.670,20207.246,0,235.653,0,13.979,5127,6211,2.610,1.470,0.740,3,0,0,0,0,11,34,0,62,0
23-04 12:28:07,30.310,14.278,52.854,0.501,0,1530752,729508,174324,5484532,15467.375,11359.308,0,3182.249,0,156.307,6184,7125,2.610,1.470,0.740,3,0,221.435,0,0,11,32,0,58,0
23-04 12:28:08,40.871,6.230,52.584,0,0,1541708,718548,174324,5484536,6075.776,3765.087,0,115.634,0,7.975,2534,1275,2.610,1.470,0.740,3,0,0,0,0,11,33,0,58,0
23-04 12:28:09,35.098,5.515,58.665,0,0,1494468,765580,174324,5484740,21434.109,17107.977,0,521.462,0,33.093,5813,7035,2.610,1.470,0.740,2,0,35.098,0,0,11,32,0,60,0
23-04 12:28:10,39.409,12.222,47.391,0,0,1515128,744880,174324,5484780,4739.086,1616.278,0,115.733,0,9.977,3685,2218,2.560,1.480,0.750,2,0,103.761,0,0,11,32,0,60,0
23-04 12:28:11,32.833,4.511,62.157,0.251,0,1523176,736804,174332,5484800,16185.863,12946.686,0,300.759,0,30.076,3327,3230,2.560,1.480,0.750,3,0,0,0,0,11,33,0,59,0
23-04 12:28:12,34.454,9.238,54.177,0,0,1509304,750648,174336,5484824,9608.066,6889.725,0,267.640,0,20.972,4302,4258,2.560,1.480,0.750,3,0,64.913,0,0,11,32,0,60,0
23-04 12:28:13,39.299,6.508,54.318,0,0.250,1530472,729468,174336,5484836,9714.125,7432.277,0,116.145,0,7.009,3184,2504,2.560,1.480,0.750,2,0,0,0,0,11,33,0,60,0
23-04 12:28:14,32.505,7.251,59.508,0.250,0,1505392,754504,174336,5484876,19429.754,15573.207,0,1468.208,0,11.002,4815,5961,2.560,1.480,0.750,1,0,43.006,0,0,11,33,0,61,0
23-04 12:28:15,38.233,5.997,54.475,0,0,1470260,789488,174340,5485020,7912.408,4863.792,0,395.820,0,27.987,3281,2476,2.520,1.490,0.760,1,0,4.998,0,0,11,33,0,61,0
23-04 12:28:16,33.374,4.981,60.521,0.249,0,1503180,756540,174340,5485048,19770.175,15221.391,0,115.563,0,7.970,3791,4124,2.520,1.490,0.760,2,0,0,0,0,11,34,0,61,0
23-04 12:28:17,28.522,15.012,55.293,0,0,1385332,874276,174352,5485144,11935.367,8266.488,0,404.317,0,32.025,6254,6474,2.520,1.490,0.760,2,0,282.221,0,0,11,32,0,63,0
23-04 12:28:18,21.970,3.745,73.399,0,0,1398908,860692,174356,5485144,5019.091,1563.847,0,143.802,0,7.989,1721,1150,2.520,1.490,0.760,2,0,0,0,0,11,32,0,63,0
23-04 12:28:19,17.529,2.003,78.381,0.250,0,1413468,846116,174356,5485160,13041.816,9801.396,0,500.838,0,36.060,3078,3501,2.520,1.490,0.760,2,0,1.002,0,0,11,33,0,58,0
23-04 12:28:20,13.268,12.267,73.852,0,0,1373376,886188,174360,5485176,6723.287,3953.461,0,284.393,0,24.033,4124,3499,2.400,1.480,0.760,1,0,170.235,0,0,11,32,0,59,0
23-04 12:28:21,16.471,10.731,71.624,0,0,1430672,828888,174360,5485180,4509.042,1617.146,0,11.979,0,2.995,2937,1917,2.400,1.480,0.760,2,0,113.799,0,0,11,32,0,59,0
23-04 12:28:22,17.009,2.501,78.790,0,0,1449864,809688,174360,5485188,9955.062,7122.621,0,220.112,0,8.004,1946,1697,2.400,1.480,0.760,2,0,0,0,0,11,33,0,59,0
23-04 12:28:23,18.498,6.249,74.992,0,0,1437668,821860,174360,5485212,9885.958,6736.290,0,7.999,0,2.000,3537,3666,2.400,1.480,0.760,1,0,45.995,0,0,11,32,0,57,0
23-04 12:28:24,19.730,2.498,76.424,0,0,1428692,830836,174360,5485212,5983.070,3624.408,0,99.901,0,6.993,1675,1225,2.400,1.480,0.760,0,0,0,0,0,11,33,0,57,0
23-04 12:28:25,17.523,3.004,77.604,0.501,0,1424712,834640,174372,5485372,14223.001,10634.207,0,660.883,0,43.058,3889,4958,2.280,1.470,0.760,2,0,0,0,0,11,33,0,57,0
23-04 12:28:26,15.520,10.764,72.093,0,0,1381256,877940,174372,5485524,7999.342,4888.320,0,128.166,0,13.017,4506,4131,2.280,1.470,0.760,2,0,175.227,0,0,11,32,0,57,0
23-04 12:28:27,12.767,24.533,61.834,0,0,1389544,869576,174384,5485584,4926.676,1622.198,0,452.613,0,49.066,5995,4570,2.280,1.470,0.760,2,0,451.612,0,0,11,32,0,56,0
23-04 12:28:28,42.972,7.452,48.685,0,0,1520180,738484,174448,5485948,6098.604,1448.642,0,782.942,0,22.852,2748,1601,2.280,1.470,0.760,2,0,0,0,0,11,32,0,56,0
23-04 12:28:29,37.784,7.757,44.290,7.757,0,1565924,686904,175276,5490356,4720.242,1297.166,0,19589.603,0,1685.515,9589,15514,2.280,1.470,0.760,4,1,66.059,0,0,11,36,0,56,0
23-04 12:28:30,34.199,9.053,41.492,13.328,0,1554976,693804,176140,5493428,2860.666,325.899,0,39534.330,0,3395.784,14908,27006,2.260,1.480,0.770,3,1,85.498,0,0,11,36,0,56,0
23-04 12:28:31,38.429,8.484,40.426,9.732,0,1540624,707488,176464,5493740,4706.361,1455.328,0,29090.599,0,2476.454,11528,19485,2.260,1.480,0.770,3,0,27.949,0,0,11,32,0,51,0
23-04 12:28:32,44.699,6.992,47.695,0,0,1595864,652248,176464,5493740,4794.496,1618.142,0,2720.876,0,172.802,2959,1572,2.260,1.480,0.770,2,0,6.992,0,0,11,32,0,51,0
23-04 12:28:33,36.103,8.274,42.622,11.282,0,1635764,611624,176776,5494148,4966.220,1556.457,0,20298.120,0,2724.802,14707,26796,2.260,1.480,0.770,3,0,3.009,0,0,11,34,0,51,0
23-04 12:28:34,31.158,8.974,58.328,0.997,0,1550504,696740,176816,5494252,5035.146,1615.235,0,4275.388,0,369.909,4344,4649,2.260,1.480,0.770,2,0,98.709,0,0,11,32,0,51,0
23-04 12:28:35,21.747,3.749,72.740,0,0,1600812,646428,176820,5494252,4887.326,1457.799,0,863.881,0,46.994,1954,1524,2.160,1.470,0.770,4,0,2.000,0,0,11,32,0,47,0
23-04 12:28:36,22.752,3.250,72.507,0.500,0,1541600,705580,176852,5494276,5417.510,1620.153,0,6420.605,0,345.033,2310,2637,2.160,1.470,0.770,3,0,1.000,0,0,11,32,0,47,0
23-04 12:28:37,21.967,4.244,73.640,0,0,1591668,655512,176852,5494276,4750.910,1455.827,0,0,0,0,1811,1139,2.160,1.470,0.770,4,0,1.997,0,0,11,32,0,47,0
23-04 12:28:38,22.284,3.255,73.363,0,0,1540376,706756,176852,5494292,4747.332,1622.506,0,0,0,0,1753,1164,2.160,1.470,0.770,1,0,1.002,0,0,11,32,0,47,0
23-04 12:28:39,22.252,4.000,74.006,0,0,1563916,683216,176852,5494292,4158.357,1458.125,0,0,0,0,1805,1175,2.160,1.470,0.770,3,0,3.000,0,0,11,32,0,46,0
23-04 12:28:40,22.484,2.998,73.449,0,0,1522156,724892,176860,5494368,3957.248,1618.874,0,0,0,0,1754,1114,2.070,1.470,0.770,2,0,0.999,0,0,11,32,0,46,0
23-04 12:28:41,22.267,3.753,73.555,0.250,0,1558608,688436,176860,5494372,4530.386,1621.212,0,1653.236,0,186.139,1914,1251,2.070,1.470,0.770,2,0,2.001,0,0,11,32,0,46,0
23-04 12:28:42,22.485,2.998,73.450,0,0,1514096,732832,176872,5494472,4197.139,1618.896,0,183.875,0,1.999,1731,1103,2.070,1.470,0.770,2,0,0.999,0,0,11,32,0,46,0
23-04 12:28:43,22.008,4.002,72.778,0.250,0,1490836,756080,176872,5494492,5642.158,1620.620,0,624.239,0,46.018,2056,1695,2.070,1.470,0.770,2,0,1.000,0,0,11,32,0,41,0
23-04 12:28:44,21.494,3.749,73.728,0,0,1503580,743336,176872,5494492,5236.427,1457.562,0,179.946,0,1.000,1802,1159,2.070,1.470,0.770,2,0,1.999,0,0,11,32,0,41,0
23-04 12:28:45,23.248,2.750,73.743,0,0,1482196,764700,176872,5494512,5459.460,1619.840,0,0,0,0,1741,1076,1.980,1.460,0.770,2,0,1.000,0,0,11,32,0,41,0
23-04 12:28:46,22.245,3.249,73.483,0,0,1482752,764144,176876,5494508,5013.808,1457.653,0,15.996,0,2.000,1726,1174,1.980,1.460,0.770,2,0,0,0,0,11,32,0,41,0
23-04 12:28:47,22.518,3.503,73.559,0,0,1479812,767044,176876,5494548,4983.996,1621.300,0,4.003,0,1.001,1777,1191,1.980,1.460,0.770,2,0,1.001,0,0,11,32,0,37,0
23-04 12:28:48,21.541,3.757,73.641,0,0,1509424,737420,176876,5494560,4226.072,1460.790,0,0,0,0,1752,1095,1.980,1.460,0.770,2,0,2.004,0,0,11,32,0,37,0
23-04 12:28:49,10.985,18.225,69.903,0,0,1453220,793476,176880,5494700,4032.403,1455.979,0,455.368,0,5.992,4898,3402,1.980,1.460,0.770,3,0,295.590,0,0,11,32,0,37,0
23-04 12:28:50,7.748,22.496,67.487,0,0,1428392,818280,176880,5494716,3857.243,1457.714,0,615.879,0,6.999,5258,3542,1.900,1.450,0.770,1,0,324.936,0,0,11,32,0,37,0
23-04 12:28:51,8.247,20.241,69.970,0,0,1431172,815328,176880,5494880,4353.157,1457.383,0,199.915,0,6.997,4914,3214,1.900,1.450,0.770,2,0,253.893,0,0,11,32,0,37,0
23-04 12:28:52,7.256,22.268,68.306,0,0,1419612,826868,176880,5494900,4351.549,1459.190,0,88.072,0,1.001,5176,3456,1.900,1.450,0.770,1,0,304.248,0,0,11,32,0,34,0
23-04 12:28:53,12.731,16.475,69.895,0.499,0,1424068,822400,176888,5494896,4672.986,1617.572,0,611.083,0,35.946,4221,3173,1.900,1.450,0.770,1,0,190.714,0,0,11,32,0,34,0
23-04 12:28:54,21.820,4.013,73.736,0,0,1501308,745160,176888,5494896,4271.685,1462.686,0,0,0,0,1778,1126,1.900,1.450,0.770,1,0,2.006,0,0,11,32,0,34,0
23-04 12:28:55,22.195,2.743,73.568,0,0,1422932,823536,176888,5494892,3477.392,484.800,0,15.960,0,0.998,1690,1093,1.830,1.440,0.770,1,0,0.998,0,0,11,32,0,34,0
23-04 12:28:56,21.504,4.251,73.763,0,0,1503580,742876,176888,5494904,5177.913,1620.286,0,192.034,0,2.000,1777,1160,1.830,1.440,0.770,2,0,2.000,0,0,11,32,0,31,0
23-04 12:28:57,22.899,3.485,73.177,0,0,1498548,747900,176888,5494912,5127.372,1612.882,0,19.912,0,0.996,1747,1096,1.830,1.440,0.770,2,0,0.996,0,0,11,32,0,31,0
23-04 12:28:58,22.072,3.511,73.489,0,0,1550408,696036,176888,5494916,4843.750,1559.069,0,0,0,0,1722,1137,1.830,1.440,0.770,1,0,2.007,0,0,11,32,0,31,0
23-04 12:28:59,22.779,2.753,73.342,0,0.250,1453648,792804,176888,5494908,5046.357,1622.043,0,88.111,0,5.006,1781,1191,1.830,1.440,0.770,3,0,2.003,0,0,11,32,0,31,0
23-04 12:29:00,21.730,4.246,73.682,0,0,1477084,769368,176888,5494908,4435.926,1618.513,0,7.993,0,0.999,1736,1159,1.760,1.430,0.780,2,0,1.998,0,0,11,32,0,24,0
23-04 12:29:01,28.519,5.754,64.792,0,0,1415528,830912,176888,5494916,5046.292,1567.022,0,2085.360,0,11.007,2725,11569,1.760,1.430,0.780,2,0,37.024,0,0,11,32,0,25,0
23-04 12:29:02,21.501,3.750,73.755,0,0,1501280,745160,176888,5494916,4532.278,1512.093,0,0,0,0,1794,1289,1.760,1.430,0.780,3,0,2.000,0,0,11,32,0,25,0
23-04 12:29:03,23.507,3.251,72.773,0,0,1498792,747644,176900,5494908,4547.449,1608.513,0,1168.372,0,150.048,2036,1725,1.760,1.430,0.780,3,0,1.000,0,0,11,32,0,25,0
23-04 12:29:04,21.247,4.499,73.490,0,0,1497692,748744,176900,5494908,4411.422,1511.802,0,0,0,0,1868,1349,1.760,1.430,0.780,3,0,2.000,0,0,11,32,0,18,0
23-04 12:29:05,22.995,2.499,73.483,0,0,1488824,757584,176900,5494936,4604.964,1565.648,0,31.993,0,2.000,1727,1074,1.700,1.430,0.780,2,0,1.000,0,0,11,32,0,18,0
23-04 12:29:06,22.251,3.750,73.254,0,0,1485180,761316,176900,5494848,5209.317,1512.092,0,48.003,0,1.000,1806,1277,1.700,1.430,0.780,2,0,2.000,0,0,11,32,0,18,0
23-04 12:29:07,22.488,2.748,73.709,0,0.250,1476144,770264,176900,5494936,4695.401,1457.193,0,87.951,0,0.999,1746,1101,1.700,1.430,0.780,1,0,0.999,0,0,11,32,0,18,0
23-04 12:29:08,22.018,4.003,73.308,0,0,1446248,800156,176900,5494940,4503.583,1621.290,0,12.010,0,1.001,1860,1334,1.700,1.430,0.780,2,0,1.001,0,0,11,32,0,13,0
23-04 12:29:09,22.482,4.247,72.443,0.500,0,1459776,786624,176924,5494920,4454.525,1456.863,0,3413.337,0,158.876,2194,2088,1.700,1.430,0.780,2,0,0.999,0,0,11,32,0,13,0
23-04 12:29:10,23.022,2.753,73.070,0,0,1483500,762848,176924,5494972,4454.296,1621.564,0,20.019,0,1.001,1767,1083,1.640,1.420,0.780,1,0,2.002,0,0,11,32,0,13,0
23-04 12:29:11,20.495,5.249,73.481,0,0.250,1437284,809088,176924,5494948,4713.775,1457.621,0,3.999,0,1.000,1804,1312,1.640,1.420,0.780,2,0,1.000,0,0,11,32,0,13,0
23-04 12:29:12,22.251,3.750,73.752,0,0,1480864,765492,176924,5494964,4080.102,1620.041,0,464.012,0,63.002,1794,1205,1.640,1.420,0.780,3,0,1.000,0,0,11,32,0,10,0
23-04 12:29:13,22.500,3.500,72.501,0,0,1531896,714452,176936,5494972,4510.064,1620.023,0,472.007,0,35.000,2008,1633,1.640,1.420,0.780,4,0,2.000,0,0,11,32,0,10,0
23-04 12:29:14,15.758,12.006,70.785,0,0,1474532,771752,176936,5495020,4848.383,1566.770,0,340.167,0,43.021,3544,2374,1.640,1.420,0.780,3,0,172.085,0,0,11,32,0,10,0
23-04 12:29:15,9.244,20.486,68.952,0,0,1468352,777916,176936,5495036,5488.217,1510.958,0,155.893,0,6.995,4842,3380,1.510,1.400,0.770,5,0,287.802,0,0,11,32,0,10,0
23-04 12:29:16,21.750,4.250,73.251,0,0,1474676,771568,176936,5495060,5297.041,1620.013,0,4.000,0,1.000,1779,1324,1.510,1.400,0.770,3,0,0,0,0,11,32,0,7,0
23-04 12:29:17,22.495,3.499,73.484,0,0,1460412,785588,176940,5495296,4876.933,1457.681,0,19.996,0,1.000,1863,1143,1.510,1.400,0.770,2,0,8.998,0,0,11,32,0,7,0
23-04 12:29:18,22.003,4.001,73.760,0,0,1504820,741180,176940,5495296,5230.737,1620.228,0,0,0,0,1777,1286,1.510,1.400,0.770,1,0,0,0,0,11,32,0,7,0
23-04 12:29:19,17.261,12.008,69.046,0.250,0,1450696,795176,176940,5495420,4881.223,1458.963,40.026,168.111,2.001,2.001,3490,2577,1.510,1.400,0.770,1,0,195.129,0,0,11,32,0,7,0
23-04 12:29:20,6.749,22.246,68.987,0,0,1444812,801008,176940,5495440,5219.020,1619.696,0,267.950,0,32.994,5115,3437,1.470,1.390,0.780,1,0,287.946,0,0,11,32,0,4,0
23-04 12:29:21,7.260,22.531,68.345,0,0,1432376,813420,176940,5495464,3545.937,594.828,0,84.117,0,3.004,5379,3810,1.470,1.390,0.780,2,0,346.482,0,0,11,32,0,4,0
23-04 12:29:22,7.998,22.494,67.232,0,0.250,1417120,828656,176940,5495484,4308.863,1349.644,0,199.947,0,6.998,5383,3720,1.470,1.390,0.780,1,0,337.911,0,0,11,32,0,4,0
23-04 12:29:23,7.990,22.723,67.918,0.250,0,1412544,833192,176944,5495520,4586.458,1510.175,0,986.808,0,42.948,5627,4360,1.470,1.390,0.780,3,0,347.580,0,0,11,32,0,4,0
23-04 12:29:24,7.752,22.506,67.269,0,0,1398468,847248,176944,5495536,4127.169,1608.456,0,792.224,0,9.003,5310,3505,1.470,1.390,0.780,1,0,326.092,0,0,11,32,0,3,0
23-04 12:29:25,7.518,22.803,68.660,0,0.251,1392764,852936,176944,5495552,4047.428,1461.404,0,809.887,0,9.021,5176,3478,1.590,1.420,0.790,1,0,323.754,0,0,11,32,0,3,0
23-04 12:29:26,8.726,21.690,67.562,0,0,1385652,860032,176944,5495568,4103.584,1453.955,0,733.958,0,7.978,5306,3525,1.590,1.420,0.790,1,0,330.082,0,0,11,32,0,3,0
23-04 12:29:27,7.773,21.564,69.456,0,0,1388340,857288,176944,5495592,4495.352,1516.504,0,497.478,0,6.018,5191,3586,1.590,1.420,0.790,1,0,311.926,0,0,11,32,0,3,0
23-04 12:29:28,7.244,21.231,68.940,0,0,1381700,863904,176944,5495616,4901.717,1564.633,0,267.766,0,8.992,5348,3779,1.590,1.420,0.790,1,0,335.707,0,0,11,32,0,1,0
23-04 12:29:29,8.732,20.957,68.361,0,0,1367668,877904,176944,5495640,4490.863,1616.711,0,271.448,0,5.988,5361,3841,1.590,1.420,0.790,2,0,335.318,0,0,11,32,0,1,0
23-04 12:29:30,8.020,22.806,67.667,0,0,1361728,883828,176944,5495656,4751.703,1624.000,0,344.849,0,76.188,5535,3876,1.550,1.410,0.790,1,0,369.911,0,0,11,32,0,1,0
23-04 12:29:31,8.480,20.453,68.841,0,0,1359088,886444,176944,5495680,4925.634,1616.270,0,23.945,0,5.986,5252,3571,1.550,1.410,0.790,1,0,303.300,0,0,11,32,0,1,0
23-04 12:29:32,16.797,26.825,55.405,0,0,1331080,914404,176956,5495712,4693.131,1624.545,0,633.773,0,28.079,6238,4946,1.550,1.410,0.790,2,0,475.330,0,0,11,32,0,3,0
23-04 12:29:33,46.993,26.246,25.496,0.250,0,1487736,757480,177016,5495876,4821.308,1551.777,0,651.906,0,43.994,5669,4614,1.550,1.410,0.790,3,0,449.935,0,0,11,32,0,7,0
23-04 12:29:34,60.990,12.248,23.996,1.750,0,1642956,598016,177316,5499384,4471.302,1511.764,371.942,5119.201,3.000,330.948,4889,4412,1.550,1.410,0.790,3,0,18.997,0,0,11,34,0,7,0
23-04 12:29:35,35.959,9.239,38.456,14.234,0,1608012,620660,178180,5509876,4480.868,1564.209,0,65772.674,0,4803.499,19704,37756,1.820,1.470,0.810,1,1,113.870,0,0,11,36,0,8,0
23-04 12:29:36,36.784,13.512,32.530,14.764,0,1625116,593508,178736,5519084,4899.486,1459.336,0,79921.178,0,5575.105,18899,38446,1.820,1.470,0.810,4,0,141.129,0,0,11,36,0,8,0
23-04 12:29:37,40.496,9.499,33.246,14.748,0,1639680,569316,179052,5528024,12094.666,8422.071,0,76335.583,0,6154.321,20582,41488,1.820,1.470,0.810,4,0,44.995,0,0,11,37,0,8,0
23-04 12:29:38,36.218,19.483,31.722,10.241,0,1535696,666916,179396,5533840,7798.159,4061.437,295.741,37067.482,3.996,2763.576,14826,25191,1.820,1.470,0.810,2,1,317.721,0,0,11,34,0,9,0
23-04 12:29:39,42.291,20.770,26.275,8.508,0,1589036,606380,179828,5540296,6958.671,3812.655,676.649,56647.303,13.012,3778.622,16996,34312,1.820,1.470,0.810,2,1,188.180,0,0,11,35,0,9,0
23-04 12:29:40,33.504,15.752,37.255,11.251,0,1578392,612656,180000,5544364,14544.758,11272.362,924.112,42181.097,14.002,3522.426,17274,32091,2.240,1.560,0.850,1,1,199.024,0,0,11,35,0,9,0
23-04 12:29:41,29.917,7.230,47.617,12.216,0,1561008,626688,180108,5547448,12896.102,8810.475,0,30060.322,0,2933.833,15869,28946,2.240,1.560,0.850,6,0,80.775,0,0,11,34,0,9,0
23-04 12:29:42,37.026,9.256,40.028,11.758,0,1575040,613360,180248,5546600,4881.380,1501.039,0,45495.506,0,3795.629,14453,28717,2.240,1.560,0.850,2,0,18.012,0,0,11,34,0,9,0
23-04 12:29:43,28.569,7.769,47.615,12.530,0,1569148,618216,180504,5547340,16767.474,12395.922,0,55826.758,0,4704.356,19248,36715,2.240,1.560,0.850,5,0,45.109,0,0,11,35,0,9,0
23-04 12:29:44,32.462,7.241,45.197,12.985,0,1565372,619864,180708,5549228,15568.575,10792.227,0,52086.356,0,4188.043,17977,34430,2.240,1.560,0.850,2,0,32.961,0,0,11,34,0,10,0
23-04 12:29:45,34.779,11.259,39.032,11.510,0,1574540,608492,180804,5551276,5464.545,1621.348,0,34664.829,0,3167.634,14476,26935,2.220,1.570,0.850,1,1,119.099,0,0,11,36,0,10,0
23-04 12:29:46,31.180,7.733,45.648,13.220,0,1585644,594376,180848,5554160,10102.332,7326.560,0,55898.572,0,4631.607,17572,32981,2.220,1.570,0.850,2,0,44.899,0,0,11,37,0,10,0
23-04 12:29:47,25.315,7.269,50.380,13.034,0,1584524,592360,180956,5557108,16711.090,13340.399,0,51949.956,0,4114.610,19440,36312,2.220,1.570,0.850,1,0,51.132,0,0,11,37,0,10,0
23-04 12:29:48,32.933,9.980,41.666,13.223,0,1528076,645612,181016,5560152,7410.980,3716.468,0,55323.877,0,4610.656,17238,35242,2.220,1.570,0.850,5,1,125.745,0,0,11,36,0,10,0
23-04 12:29:49,32.037,7.759,43.050,14.016,0,1566780,604536,181084,5562380,9459.914,6551.559,0,58263.219,0,4650.365,15784,33176,2.220,1.570,0.850,2,1,49.057,0,0,11,37,0,10,0
23-04 12:29:50,30.281,7.257,48.549,11.512,0,1564744,611904,181116,5556992,13496.624,10460.559,0,29517.797,0,3008.036,16518,30950,2.280,1.590,0.860,2,0,9.009,0,0,11,37,0,10,0
23-04 12:29:51,30.406,9.471,45.609,10.717,0,1533956,641956,181164,5557676,11557.388,7721.208,0,42532.942,0,3389.556,15911,29204,2.280,1.590,0.860,2,0,93.711,0,0,11,34,0,12,0
23-04 12:29:52,34.754,13.501,48.005,2.250,0,1432412,743456,181164,5557720,6001.654,3424.373,0,16921.843,0,887.097,5856,6734,2.280,1.590,0.860,0,0,212.023,0,0,11,33,0,12,0
23-04 12:29:53,19.716,2.496,76.369,0.250,0,1430188,745348,181168,5558048,11977.452,8387.611,0,970.335,0,50.913,3132,3562,2.280,1.590,0.860,1,0,0,0,0,11,32,0,13,0
23-04 12:29:54,18.279,8.013,72.367,0,0,1453120,722412,181168,5558052,4691.561,1526.460,0,693.117,0,41.066,2257,1582,2.280,1.590,0.860,1,0,34.055,0,0,11,32,0,13,0
23-04 12:29:55,16.794,2.005,80.711,0.251,0,1464204,711228,181172,5558148,10985.667,7359.204,0,473.235,0,24.063,2234,2124,2.100,1.570,0.860,1,0,0,0,0,11,33,0,13,0
23-04 12:29:56,18.202,7.730,72.560,0,0,1431808,743620,181172,5558152,5791.802,2280.017,0,275.278,0,20.945,2700,2098,2.100,1.570,0.860,1,0,59.843,0,0,11,32,0,14,0
23-04 12:29:57,18.746,2.749,77.982,0.250,0,1431804,743620,181172,5558156,9649.812,6591.505,0,135.969,0,7.998,1741,1508,2.100,1.570,0.860,1,0,0,0,0,11,33,0,14,0
23-04 12:29:58,18.505,4.751,74.519,0.750,0,1383732,791536,181172,5558312,10266.604,6971.769,0,2812.714,0,148.038,3971,4495,2.100,1.570,0.860,1,0,43.011,0,0,11,32,0,15,0
23-04 12:29:59,21.994,4.249,73.730,0,0,1435392,739876,181172,5558312,4576.730,1457.595,0,39.989,0,3.999,1649,1179,2.100,1.570,0.860,1,0,1.000,0,0,11,32,0,15,0
23-04 12:30:00,15.501,2.250,80.004,0,0,1435836,739412,181172,5558328,13808.643,10980.511,0,192.009,0,18.001,3251,3918,2.010,1.560,0.860,0,0,0,0,0,11,33,0,15,0
23-04 12:30:01,17.555,16.050,64.954,0.251,0,1384160,790972,181172,5561500,7670.035,2919.148,0,1793.621,0,166.522,4947,9596,2.010,1.560,0.860,4,0,246.773,0,0,11,32,0,16,0
23-04 12:30:02,8.989,22.722,66.667,0,0,1387264,787676,181172,5558636,4853.949,1617.983,0,183.771,0,9.988,5607,7035,2.010,1.560,0.860,2,0,339.577,0,0,11,32,0,17,0
23-04 12:30:03,52.917,17.722,28.455,0,0,1504816,669916,181184,5558832,4912.261,1659.386,0,1146.194,0,79.874,5183,3896,2.010,1.560,0.860,4,0,249.607,0,0,11,32,0,23,0
23-04 12:30:04,63.236,12.747,23.745,0,0,1667368,504632,181280,5561284,4858.921,1619.640,0,963.786,0,20.995,3853,1582,2.010,1.560,0.860,4,0,2.000,0,0,11,32,0,23,0
23-04 12:30:05,63.363,8.766,25.545,1.002,0,1794844,372400,181428,5565372,4886.687,1460.596,0,7841.941,0,290.516,4694,3315,2.090,1.580,0.870,3,0,6.011,0,0,11,38,0,22,0
23-04 12:30:06,28.230,8.244,45.468,14.490,0,1789484,366100,181552,5576532,5413.242,1618.876,0,75635.490,0,5481.195,22130,42768,2.090,1.580,0.870,4,0,212.852,0,0,11,38,0,22,0
23-04 12:30:07,25.040,8.514,46.825,15.275,0,1787496,357784,181612,5586452,4705.577,1460.351,0,97028.237,0,7046.346,25176,49720,2.090,1.580,0.870,4,0,216.348,0,0,11,38,0,22,0
23-04 12:30:08,30.258,9.002,42.262,15.754,0,1787864,349468,181680,5594064,4501.248,1620.449,0,84011.301,0,6115.696,21982,42803,2.090,1.580,0.870,1,1,159.044,0,0,11,38,0,22,0
23-04 12:30:09,38.402,12.468,31.420,14.214,0,1695168,431900,181764,5603864,4326.965,1454.291,0,88769.615,0,6161.287,21344,43879,2.090,1.580,0.870,3,1,222.433,0,0,11,36,0,22,0
23-04 12:30:10,42.343,10.774,32.822,12.528,0,1748912,366884,181804,5614720,3505.734,1461.223,0,87152.255,0,5670.509,19735,38152,2.240,1.620,0.890,3,1,10.022,0,0,11,36,0,22,0
23-04 12:30:11,38.263,9.253,35.012,15.005,0,1792992,316484,181820,5620744,4578.584,1690.585,0,85405.538,0,6005.077,20744,41175,2.240,1.620,0.890,3,1,65.022,0,0,11,38,0,22,0
23-04 12:30:12,31.166,9.225,42.885,12.466,0,1721432,383724,181832,5624936,3907.493,1454.090,0,66576.981,0,4838.988,18302,34712,2.240,1.620,0.890,2,0,155.582,0,0,11,36,0,22,0
23-04 12:30:13,24.529,16.019,58.070,0.250,0,1464788,640332,181832,5624964,4505.408,1621.947,0,893.072,0,51.061,4408,3043,2.240,1.620,0.890,1,0,249.299,0,0,11,32,0,22,0
23-04 12:30:14,22.462,3.494,72.877,0.499,0,1513380,591736,181832,5624968,4330.676,1455.539,0,1249.886,0,74.873,1985,1648,2.240,1.620,0.890,1,0,0.998,0,0,11,32,0,22,0
23-04 12:30:15,22.758,3.751,72.525,0.500,0,1560268,544844,181836,5624968,4621.597,1620.560,0,4625.599,0,270.093,2336,2355,2.140,1.610,0.890,1,0,2.001,0,0,11,34,0,22,0
23-04 12:30:16,22.976,3.496,72.174,0,0,1498116,606988,181836,5624976,4044.738,970.977,0,155.836,0,12.986,2496,1923,2.140,1.610,0.890,1,0,26.972,0,0,11,32,0,22,0
23-04 12:30:17,22.034,3.505,74.115,0,0,1554520,550580,181836,5624976,4853.527,1568.432,0,68.106,0,5.008,1681,1227,2.140,1.610,0.890,1,0,1.002,0,0,11,32,0,22,0
23-04 12:30:18,22.201,3.991,73.090,0,0,1601904,503196,181836,5624976,4609.896,1616.457,0,279.388,0,34.923,1883,1291,2.140,1.610,0.890,2,0,1.996,0,0,11,32,0,22,0
23-04 12:30:19,19.591,10.047,69.573,0.251,0,1445544,659548,181836,5624984,4892.689,1627.547,0,647.000,0,49.228,3296,2548,2.140,1.610,0.890,2,0,140.652,0,0,11,32,0,22,0
23-04 12:30:20,13.247,41.989,42.239,0,0,1435988,669040,181836,5625048,4230.922,1511.615,0,187.952,0,18.995,7412,6505,2.210,1.630,0.900,4,0,937.761,0,0,11,32,0,22,0
23-04 12:30:21,7.743,25.975,65.188,0,0,1428752,676264,181836,5625060,4378.825,1564.508,0,231.779,0,18.982,5687,4039,2.210,1.630,0.900,1,0,439.581,0,0,11,32,0,22,0
23-04 12:30:22,7.249,21.996,67.987,0,0,1417596,687352,181836,5625124,4139.203,1565.699,0,31.994,0,7.998,5269,3674,2.210,1.630,0.900,1,0,340.934,0,0,11,32,0,22,0
23-04 12:30:23,8.507,19.767,69.810,0,0.500,1413392,691524,181836,5625156,2888.476,540.463,0,456.391,0,63.054,5433,3803,2.210,1.630,0.900,1,0,310.266,0,0,11,32,0,22,0
23-04 12:30:24,9.731,21.458,68.365,0,0,1393972,710916,181836,5625184,4642.841,1550.940,0,31.937,0,7.984,5508,3895,2.210,1.630,0.900,1,0,324.360,0,0,11,32,0,22,0
23-04 12:30:25,19.431,14.698,63.773,0,0,1388724,716120,181836,5625580,4410.312,1506.641,0,3.986,0,0.996,6200,8112,2.120,1.620,0.900,4,0,165.412,0,0,11,32,0,22,0
23-04 12:30:26,45.143,11.787,42.635,0,0,1500920,603796,181840,5625776,4322.696,1570.978,0,36.114,0,2.006,3728,2226,2.120,1.620,0.900,2,0,120.381,0,0,11,33,0,22,0
23-04 12:30:27,45.246,6.749,46.746,1.000,0,1585436,519244,181840,5625812,4771.571,1511.864,0,7239.348,0,341.969,3840,3454,2.120,1.620,0.900,3,0,10.999,0,0,11,47,0,22,0
23-04 12:30:28,45.526,6.504,47.027,0.250,0,1649908,452520,181912,5627632,4912.831,1350.778,0,4566.631,0,251.145,3749,3346,2.120,1.620,0.900,5,0,7.004,0,0,11,49,0,22,0
23-04 12:30:29,14.022,18.279,65.103,0,0,1664456,435660,181912,5629876,4034.411,1189.891,0,400.637,0,26.041,8284,9757,2.120,1.620,0.900,1,0,275.438,0,0,11,48,0,22,0
23-04 12:30:30,19.206,15.465,64.853,0.249,0,1657556,442484,181912,5629892,2695.885,700.411,0,159.638,0,11.973,6290,8133,2.110,1.630,0.910,0,0,216.509,0,0,11,48,0,22,0
23-04 12:30:31,0.250,0.250,97.760,0,0,1657428,442484,181912,5630020,4193.426,1296.132,0,0,0,0,697,932,2.110,1.630,0.910,0,0,3.000,0,0,11,48,0,22,0
23-04 12:30:32,0.500,0.750,98.205,0,0,1657428,442484,181912,5630020,2748.743,647.704,0,0,0,0,631,920,2.110,1.630,0.910,1,0,1.999,0,0,11,48,0,22,0
23-04 12:30:33,1.504,1.504,96.517,0.251,0,1657420,442484,181912,5630020,4474.358,1556.299,0,5226.436,0,332.920,1012,1103,2.110,1.630,0.910,0,0,8.022,0,0,11,48,0,22,0
23-04 12:30:34,0.498,0.249,98.419,0,0,1657644,442260,181912,5630020,4185.921,1614.570,0,3.987,0,0.997,645,891,2.110,1.630,0.910,1,0,0,0,0,11,48,0,16,0
23-04 12:30:35,13.048,12.295,73.267,0,0,1611356,488568,181912,5630024,4817.583,1625.934,0,0,0,0,4584,5361,2.020,1.620,0.910,2,0,209.766,0,0,11,48,0,16,0
23-04 12:30:36,13.707,15.451,69.779,0,0,1627716,472176,181912,5630032,4801.816,1614.894,0,119.622,0,2.991,4807,6058,2.020,1.620,0.910,1,0,235.256,0,0,11,48,0,16,0
23-04 12:30:37,12.793,21.573,64.216,0,0,1675872,423808,181912,5630208,5173.410,1864.274,0,156.527,0,10.034,5706,4589,2.020,1.620,0.910,4,0,303.020,0,0,12,56,0,16,0
23-04 12:30:38,18.973,13.731,65.159,0.250,0,1684848,414820,181912,5630188,4511.675,1455.959,0,171.759,0,18.973,6034,7442,2.020,1.620,0.910,0,0,198.721,0,0,12,64,0,14,0
23-04 12:30:39,4.243,8.986,84.119,0,0,1679224,420436,181912,5630216,4912.349,1617.481,0,3889.942,0,60.905,2863,2987,2.020,1.620,0.910,1,0,155.757,0,0,12,64,0,14,0
23-04 12:30:40,17.003,18.253,64.010,0,0,1687096,412544,181912,5630676,4158.622,1458.218,0,40.006,0,9.001,5715,6640,2.020,1.620,0.920,1,0,220.033,0,0,14,64,0,14,0
23-04 12:30:41,10.234,17.223,70.389,0,0.250,1696580,403008,181912,5630276,4749.499,1617.446,0,0,0,0,4671,3688,2.020,1.620,0.920,1,0,242.617,0,0,14,66,0,14,0
23-04 12:30:42,8.267,20.542,69.642,0,0,1697484,402076,181912,5630304,4948.063,1503.057,0,28.057,0,7.014,5292,3679,2.020,1.620,0.920,1,0,293.597,0,0,14,66,0,14,0
23-04 12:30:43,11.236,20.724,65.416,0,0,1686436,413096,181912,5630760,5512.960,1701.827,0,23.969,0,5.992,5975,5633,2.020,1.620,0.920,1,0,261.666,0,0,14,66,0,14,0
23-04 12:30:44,23.839,19.573,55.708,0,0,1725324,374136,181920,5630356,5076.989,1463.474,0,48.180,0,6.023,5574,5635,2.020,1.620,0.920,2,0,253.950,0,0,14,66,0,14,0
23-04 12:30:45,29.504,25.004,45.256,0,0,1799036,300296,181944,5630456,5178.727,1458.205,0,540.076,0,10.001,6129,4524,2.010,1.630,0.920,2,0,424.059,0,0,14,66,0,14,0
23-04 12:30:46,29.390,25.156,44.085,0,0,1849780,248016,181996,5631832,4559.935,1613.960,0,31.881,0,4.981,6849,7768,2.010,1.630,0.920,4,0,473.229,0,0,14,70,0,15,0
23-04 12:30:47,28.597,25.837,43.648,0,0,1922728,175000,181996,5631876,4663.761,1553.249,0,40.136,0,10.034,6022,4662,2.010,1.630,0.920,4,0,415.404,0,0,14,70,0,15,0
23-04 12:30:48,37.496,17.248,43.495,0,0,1934752,162620,181996,5632664,4337.524,1457.840,0,7.999,0,2.000,5742,8015,2.010,1.630,0.920,3,0,211.977,0,0,14,70,0,15,0
23-04 12:30:49,49.762,29.007,20.255,0,0,2054392,183012,173524,5504088,4561.086,1620.386,20.005,536.128,2.000,67.016,6360,5209,2.010,1.630,0.920,3,0,506.121,0,0,14,70,0,15,0
23-04 12:30:50,62.589,21.445,15.710,0.499,0,2136924,150816,172812,5455736,3770.285,1615.837,247.363,1552.001,7.979,23.938,6109,8742,2.090,1.650,0.930,4,0,292.247,0,0,14,70,0,15,0
23-04 12:30:51,67.347,28.579,2.237,0.497,0,2261528,122688,172904,5361452,5026.896,1610.356,922.476,1411.547,87.476,86.482,6225,7324,2.090,1.650,0.930,15,0,526.845,0,0,14,74,0,15,0
23-04 12:30:52,72.332,22.430,4.032,1.764,0,2410928,132384,172340,5206288,4355.034,1633.138,16.130,8657.646,3.024,683.498,8932,12912,2.090,1.650,0.930,5,0,193.557,0,0,14,74,0,15,0
23-04 12:30:53,64.366,27.443,4.491,1.996,0,2510256,144920,171668,5097556,4568.496,1454.973,554.846,31602.254,12.973,2268.281,14121,26761,2.090,1.650,0.930,8,0,420.126,0,0,14,76,0,15,0
23-04 12:30:54,73.395,21.543,4.759,0.501,0,2603760,123412,171768,5027168,4368.653,1623.215,853.691,11286.355,29.058,659.306,10311,18218,2.090,1.650,0.930,5,0,225.447,0,0,14,87,0,18,0
23-04 12:30:55,62.744,24.748,11.499,0.250,0,2732908,142044,171776,4882656,3287.708,647.942,19.998,1311.883,5.000,71.994,7056,8227,2.170,1.680,0.940,3,0,517.954,0,0,14,93,0,21,0
23-04 12:30:56,37.635,26.740,34.168,0,0,2800576,140912,171776,4817440,3433.676,802.214,0,1838.161,0,60.414,8759,10941,2.170,1.680,0.940,4,0,408.040,0,0,14,93,0,21,0
23-04 12:30:57,45.959,18.939,34.595,0,0,2886036,122376,171788,4752340,4727.205,1636.340,1995.931,1074.732,20.202,44.444,5643,7513,2.170,1.680,0.940,4,0,224.239,0,0,14,95,0,21,0
23-04 12:30:58,53.109,11.968,34.408,0,0,3017200,128412,171792,4618380,4386.319,1543.889,993.355,1041.227,11.968,48.870,4767,7527,2.170,1.680,0.940,2,0,57.846,0,0,14,98,0,24,0
23-04 12:30:59,20.744,15.746,60.234,1.250,0,3051088,160700,171808,4553608,4876.679,1457.605,7.998,5698.456,1.999,312.915,5668,5652,2.170,1.680,0.940,3,0,195.947,0,0,14,101,0,23,0
23-04 12:31:00,8.258,19.519,70.317,0,0,3060736,151080,171808,4553664,4984.729,1663.578,0,0,0,0,5047,3438,2.070,1.660,0.940,2,0,265.252,0,0,14,101,0,23,0
23-04 12:31:01,7.765,19.537,70.634,0,0,3057940,153844,171808,4553696,5505.479,1460.780,4.008,132.252,1.002,13.025,5169,3713,2.070,1.660,0.940,1,0,274.523,0,0,14,101,0,23,0
23-04 12:31:02,14.462,19.698,63.332,0,0,3080092,131648,171808,4553740,4446.220,1454.147,23.937,31.915,1.995,3.989,5282,14070,2.070,1.660,0.940,1,0,292.226,0,0,14,101,0,24,0
23-04 12:31:03,18.740,3.998,76.461,0,0,3127268,150956,171808,4488468,6585.616,3904.993,7.996,55.971,0.999,0.999,1723,1148,2.070,1.660,0.940,0,0,0,0,0,14,102,0,21,0
23-04 12:31:04,22.256,3.001,73.520,0.500,0,3100636,177536,171808,4488520,26101.033,21954.916,40.011,9074.445,4.001,557.150,3307,2829,2.070,1.660,0.940,1,0,1.000,0,0,14,105,0,22,0
23-04 12:31:05,19.762,8.255,71.292,0,0,3150052,128096,171808,4488544,4932.898,1620.952,0,128.075,0,12.007,2727,2004,2.070,1.670,0.950,1,0,65.038,0,0,14,109,0,22,0
23-04 12:31:06,16.741,2.499,78.459,0,0,3148524,129608,171808,4488564,11655.982,8089.823,3.998,359.814,0.999,38.980,2577,2721,2.070,1.670,0.950,1,0,1.999,0,0,14,116,0,22,0
23-04 12:31:07,24.750,5.000,67.500,2.000,0,3152320,125140,171916,4489064,4560.001,1620.000,284.000,2132.000,17.000,234.000,4930,6827,2.070,1.670,0.950,1,0,3.000,0,0,14,119,0,17,0
23-04 12:31:08,36.117,9.280,53.173,0,0,3163780,246564,171920,4360036,5805.885,2904.448,16.052,1135.694,1.003,108.352,5554,6664,2.070,1.670,0.950,2,0,80.261,0,0,14,122,0,19,0
23-04 12:31:09,21.427,5.980,71.257,0.498,0,3213632,196696,171920,4360052,4245.518,1656.350,3.986,3252.904,0.997,62.786,2708,2538,2.070,1.670,0.950,3,0,37.871,0,0,14,124,0,19,0
23-04 12:31:10,19.993,3.249,75.725,0.250,0,3222816,187400,171920,4360164,10620.497,7850.410,67.978,575.810,4.998,46.985,2558,2609,1.980,1.660,0.950,2,0,1.999,0,0,14,127,0,19,0
23-04 12:31:11,18.508,3.752,74.530,0.750,0,3228996,181100,171924,4360280,6665.716,3605.469,52.021,1368.558,4.002,116.047,3696,4898,1.980,1.660,0.950,1,0,0,0,0,14,127,0,19,0
23-04 12:31:12,37.380,12.795,47.666,1.003,0,3262592,147472,171924,4360312,5302.477,2498.707,0,3448.015,0,243.850,5108,5169,1.980,1.660,0.950,3,0,100.350,0,0,14,128,0,20,0
23-04 12:31:13,38.612,6.726,53.808,0.249,0,3368240,170432,171924,4234884,9534.007,6930.290,0,350.749,0,12.954,2875,1713,1.980,1.660,0.950,2,0,0,0,0,14,129,0,20,0
23-04 12:31:14,18.719,7.238,72.631,0.250,0,3306668,231988,171924,4234900,22086.717,18318.907,0,3278.614,0,82.864,2780,2178,1.980,1.660,0.950,1,0,54.910,0,0,14,128,0,21,0
23-04 12:31:15,18.048,2.757,77.957,0.251,0,3357544,181096,171924,4234916,10566.009,7310.379,8.021,244.649,2.005,13.035,1840,1574,1.820,1.630,0.950,1,0,0,0,0,14,129,0,21,0
23-04 12:31:16,18.732,6.494,73.181,0,0,3358924,179696,171924,4234936,22213.182,18439.718,0,3.996,0,0.999,2575,1789,1.820,1.630,0.950,1,0,50.952,0,0,14,128,0,22,0
23-04 12:31:17,19.001,3.250,78.254,0,0,3401932,136676,171924,4234948,7184.368,7032.360,4.000,64.003,1.000,3.000,1717,1311,1.820,1.630,0.950,1,0,0,0,0,14,129,0,22,0
23-04 12:31:18,25.503,4.501,67.508,0.250,0,3373916,164424,171924,4235216,10324.172,3666.416,0,2508.285,0,187.021,5020,7451,1.820,1.630,0.950,2,0,16.002,0,0,14,130,0,23,0
23-04 12:31:19,19.496,7.998,72.484,0,0,3399052,139288,171924,4235216,4650.969,1511.665,0,155.965,0,9.998,2652,1933,1.820,1.630,0.950,2,0,73.984,0,0,14,130,0,23,0
23-04 12:31:20,18.001,2.250,78.003,0.500,0,3404220,134128,171924,4235224,27258.019,24368.911,0,2368.089,0,294.011,1999,1650,1.760,1.620,0.950,3,0,0,0,0,14,130,0,24,0
23-04 12:31:21,19.731,6.494,73.181,0,0.250,3385252,153076,171924,4235244,5264.011,1510.568,0,0,0,0,2444,1678,1.760,1.620,0.950,1,0,54.948,0,0,14,130,0,24,0
23-04 12:31:22,15.526,2.755,79.131,0.501,0,3393784,144368,171924,4235420,11175.544,8285.749,0,673.117,0,94.156,2580,3141,1.760,1.620,0.950,4,0,0,0,0,14,131,0,24,0
23-04 12:31:23,26.530,4.755,65.824,1.752,0,3397440,140588,171924,4235544,4491.056,2610.939,16.018,2999.376,1.001,323.364,6804,10519,1.760,1.620,0.950,5,0,2.002,0,0,14,134,0,25,0
23-04 12:31:24,19.778,7.511,71.602,0.250,0,3384840,153172,171924,4235560,5712.147,1886.691,0,721.028,0,55.079,2989,2694,1.760,1.620,0.950,1,0,53.076,0,0,14,133,0,26,0
23-04 12:31:25,18.186,2.242,77.977,0,0,3404496,133492,171924,4235584,11844.538,9472.840,0,1088.191,0,118.585,2172,2059,1.700,1.610,0.950,1,0,0,0,0,14,134,0,26,0
23-04 12:31:26,21.249,3.500,72.497,1.000,0,3404616,133288,171924,4235668,6193.704,2781.867,47.998,1287.939,3.000,139.993,4536,6458,1.700,1.610,0.950,1,0,0,0,0,14,134,0,26,0
23-04 12:31:27,34.277,5.504,58.046,0.250,0,3408264,129424,171924,4235884,5878.630,2313.822,0,1297.022,0,132.104,8206,12792,1.700,1.610,0.950,3,0,0,0,0,14,133,0,27,0
23-04 12:31:28,19.739,7.996,71.211,0.250,0,3385572,152100,171928,4235896,5355.056,1457.199,0,671.631,0,43.976,2875,2438,1.700,1.610,0.950,2,0,77.957,0,0,14,135,0,27,0
23-04 12:31:29,15.748,2.250,80.738,0,0,3397596,140064,171928,4235908,12273.219,9899.563,0,447.935,0,27.996,1901,1647,1.700,1.610,0.950,1,0,1.000,0,0,14,136,0,27,0
23-04 12:31:30,18.065,10.789,68.496,1.756,0,3360540,177064,171928,4235964,5836.978,2333.386,16.058,6274.550,1.004,422.519,5156,6334,1.640,1.600,0.950,4,0,147.530,0,0,14,135,0,28,0
23-04 12:31:31,19.190,2.741,77.258,0,0,3407648,129940,171928,4235980,6677.112,3453.197,0,398.753,0,18.941,1730,1260,1.640,1.600,0.950,2,0,0,0,0,14,136,0,28,0
23-04 12:31:32,17.725,2.496,78.639,0,0,3404308,133252,171928,4235992,14425.558,11050.341,0,451.360,0,29.958,2590,2758,1.640,1.600,0.950,1,0,0,0,0,14,136,0,28,0
23-04 12:31:33,28.562,7.015,61.884,0.752,0,3406404,131108,171928,4236040,5519.977,1934.197,0,1491.236,0,152.331,8353,13168,1.640,1.600,0.950,1,0,7.015,0,0,14,138,0,28,0
23-04 12:31:34,41.097,11.527,44.856,0.251,0,3334344,202412,171944,4236748,6008.192,3410.055,425.004,1603.788,70.166,161.381,12410,20071,1.640,1.600,0.950,4,0,127.301,0,0,14,137,0,29,0
23-04 12:31:35,26.390,10.705,60.996,0.498,0,3394668,141972,171944,4236800,4734.250,1953.849,15.934,4158.651,0.996,376.430,4615,5448,1.590,1.590,0.950,1,0,161.327,0,0,14,137,0,29,0
23-04 12:31:36,19.252,2.000,77.508,0.250,0,3412804,123828,171944,4236808,12305.335,9096.987,0,664.072,0,25.003,2158,1793,1.590,1.590,0.950,1,0,0,0,0,14,137,0,30,0
23-04 12:31:37,11.784,17.300,69.201,0,0,3339764,196844,171944,4236832,5004.556,1714.988,0,461.342,0,25.073,4804,3496,1.590,1.590,0.950,1,0,259.756,0,0,14,137,0,30,0
23-04 12:31:38,8.250,21.250,68.000,0.250,0,3313332,223244,171948,4236860,4828.023,1620.008,0,500.002,0,32.000,5311,3689,1.590,1.590,0.950,1,0,283.001,0,0,14,137,0,30,0
23-04 12:31:39,17.934,16.937,62.519,0.498,0,3324772,211772,171952,4237328,4732.500,1614.032,0,2319.423,0,138.488,6109,8155,1.590,1.590,0.950,1,0,224.171,0,0,14,137,0,30,0
23-04 12:31:40,28.124,22.851,48.464,0,0,3388520,147968,171952,4236936,4023.804,1643.271,0,401.778,0,33.147,6201,5197,1.620,1.600,0.950,2,0,374.658,0,0,14,137,0,30,0
23-04 12:31:41,31.249,24.749,42.498,0.500,0.500,3434116,156748,171964,4183744,4996.814,1619.940,39.999,447.983,4.000,28.999,6948,7700,1.620,1.600,0.950,1,0,445.983,0,0,14,143,0,30,0
23-04 12:31:42,28.861,16.421,53.244,0,0,3483900,139564,171964,4151584,4898.416,1504.755,0,238.850,0,10.947,4765,5107,1.620,1.600,0.950,7,0,170.181,0,0,16,143,0,30,0
23-04 12:31:43,54.614,30.063,15.532,0,0,3629188,144192,171964,4003996,6118.756,1569.272,52.109,5828.150,6.013,557.162,7636,12268,1.620,1.600,0.950,4,0,435.909,0,0,16,149,0,30,0
23-04 12:31:44,52.064,26.032,19.774,0,0,3729104,144708,171968,3905116,6099.547,1513.873,12.015,404.500,3.004,32.040,6604,7378,1.620,1.600,0.950,4,0,383.474,0,0,16,165,0,30,0
23-04 12:31:45,30.251,20.250,49.001,0.250,0,3764108,153432,171968,3861632,4966.096,1656.032,8.000,444.009,1.000,22.000,7096,11975,1.730,1.620,0.960,2,0,275.005,0,0,16,165,0,30,0
23-04 12:31:46,34.313,24.795,40.073,0,0,3821964,147964,171968,3809732,4737.636,1514.761,12.022,320.584,3.005,19.035,6551,4825,1.730,1.620,0.960,3,0,429.783,0,0,16,165,0,30,0
23-04 12:31:47,16.461,22.198,60.357,0,0,3833784,191292,171976,3755932,4176.128,1562.307,3.991,63.849,0.998,9.976,5703,4314,1.730,1.620,0.960,3,0,357.156,0,0,17,165,0,30,0
23-04 12:31:48,20.047,15.787,63.398,0,0,3848176,176880,171976,3755952,4121.643,1627.808,8.019,2100.915,2.005,33.077,7004,9356,1.730,1.620,0.960,3,0,225.528,0,0,17,165,0,28,0
23-04 12:31:49,28.998,24.499,44.997,0,0,3915632,159864,171976,3706888,4315.758,1565.912,0,175.990,0,18.999,6648,5526,1.730,1.620,0.960,2,0,523.971,0,0,17,165,0,28,0
23-04 12:31:50,36.502,18.501,43.502,0.250,0,3960624,146908,171980,3675488,4200.175,1512.063,8.000,264.011,2.000,20.001,6715,8060,1.750,1.630,0.970,1,0,265.011,0,0,17,171,0,28,0
23-04 12:31:51,30.715,26.470,41.702,0,0,4021780,146100,171980,3616496,4409.922,1456.323,51.940,271.687,3.995,15.982,7756,8241,1.750,1.630,0.970,5,0,663.236,0,0,17,177,0,28,0
23-04 12:31:52,36.705,26.218,36.205,0,0,4115620,170020,171980,3501448,3963.100,1228.481,7.990,499.383,1.998,28.964,8933,12447,1.750,1.630,0.970,3,0,554.315,0,0,17,185,0,28,0
23-04 12:31:53,20.297,24.557,53.876,0.501,0,4167312,129684,171980,3490896,4542.626,1515.545,48.113,653.529,5.012,54.127,9129,13094,1.750,1.630,0.970,2,0,423.992,0,0,17,189,0,28,0
23-04 12:31:54,25.637,15.432,56.999,0.249,0,4201568,123720,171980,3463092,4731.189,1505.378,79.650,828.356,2.987,58.742,5782,6935,1.750,1.630,0.970,3,0,196.137,0,0,17,205,0,28,0
23-04 12:31:55,43.402,10.788,44.656,0.251,0,4322096,165316,171980,3304064,4622.187,1703.967,975.416,321.125,17.060,29.102,3376,2065,1.770,1.630,0.980,2,0,1.004,0,0,17,205,0,28,0
23-04 12:31:56,41.233,9.246,48.980,0,0,4426796,163080,171988,3204304,4755.060,1619.339,115.953,243.900,8.996,11.995,3189,2083,1.770,1.630,0.980,1,0,8.996,0,0,17,208,0,19,0
23-04 12:31:57,30.034,13.015,55.564,0.501,0,4333744,256052,171996,3204376,4865.565,1621.855,32.037,640.733,5.006,42.048,4211,3578,1.770,1.630,0.980,3,0,202.231,0,0,17,209,0,19,0
23-04 12:31:58,31.241,26.493,40.489,0.500,0,4427656,161180,172000,3205340,6239.280,3423.056,919.746,3191.120,12.996,192.947,7024,6564,1.770,1.630,0.980,1,0,443.878,0,0,17,214,0,19,2
23-04 12:31:59,37.856,25.653,33.872,0,0,4436440,149816,172024,3208364,11124.807,7930.920,896.599,1171.557,17.932,31.879,7118,8484,1.770,1.630,0.980,3,0,402.474,0,0,17,215,0,20,2
23-04 12:32:00,57.416,21.813,20.810,0,0,4502800,163416,172028,3129828,3989.538,1462.229,60.174,545.578,8.023,25.073,5179,6137,1.950,1.670,0.990,5,0,236.685,0,0,17,222,0,16,2
23-04 12:32:01,64.065,13.514,20.771,0.501,0,4612344,136536,172028,3050372,14520.641,11436.532,1721.736,808.816,45.045,36.036,4994,4358,1.950,1.670,0.990,2,0,20.020,0,0,17,227,0,16,2
23-04 12:32:02,67.774,15.005,12.254,4.752,0,4626256,181672,172128,2993192,6551.300,2500.878,6402.248,2424.851,488.171,153.054,6752,15989,1.950,1.670,0.990,5,0,69.024,0,0,17,230,0,22,2
23-04 12:32:03,34.497,24.998,38.996,0.250,0,4662704,165728,172132,2973920,10393.008,7012.331,31.997,18918.194,1.000,963.908,7654,7884,1.950,1.670,0.990,5,0,376.964,0,0,17,230,0,22,2
23-04 12:32:04,32.904,23.750,40.821,0.247,0,4608128,218428,172136,2975804,10099.759,6570.880,154.376,9290.274,9.896,72.240,6684,8255,1.950,1.670,0.990,4,0,319.638,0,0,17,231,0,22,0
23-04 12:32:05,51.946,26.225,22.443,0,0,4711824,140364,172136,2950708,6557.345,3598.924,8.069,492.230,2.017,25.217,6385,7420,2.200,1.730,1.010,2,0,362.111,0,0,17,232,0,22,0
23-04 12:32:06,47.290,28.024,23.270,0.250,0,4786852,134220,172156,2883128,14660.382,10395.780,896.757,1257.062,36.030,81.068,6784,7907,2.200,1.730,1.010,6,0,439.371,0,0,17,231,0,23,0
23-04 12:32:07,58.780,21.511,18.759,0.250,0,4805008,147984,172156,2851248,4820.422,1458.733,444.223,768.386,25.013,41.021,7554,11560,2.200,1.730,1.010,3,0,266.134,0,0,17,239,0,25,0
23-04 12:32:08,49.967,28.481,20.487,0.250,0,4882096,140616,172164,2783436,14085.775,11303.597,0,795.479,0,48.968,6730,7145,2.200,1.730,1.010,4,1,486.681,0,0,17,242,0,22,0
23-04 12:32:09,55.838,22.435,20.441,0.249,0,4859684,157104,172176,2789364,5967.642,2654.280,1021.030,901.378,36.893,63.814,11026,22234,2.200,1.730,1.010,8,0,222.353,0,0,17,249,0,24,0
23-04 12:32:10,55.959,16.813,26.098,0.502,0,4998728,148096,172176,2662508,11193.890,9586.876,120.451,790.960,6.023,29.109,5185,6043,2.260,1.750,1.030,2,0,139.522,0,0,17,250,0,24,0
23-04 12:32:11,54.671,8.987,34.450,0.499,0,5031476,142584,172184,2635988,14819.644,11226.822,1162.325,603.131,70.898,41.940,4459,4139,2.260,1.750,1.030,6,0,14.978,0,0,17,252,0,26,2
23-04 12:32:12,58.599,12.271,29.299,0.501,0,5120976,170944,172184,2521384,11424.290,8804.867,1294.185,801.353,36.061,73.123,5635,7685,2.260,1.750,1.030,3,0,17.029,0,0,17,263,0,30,0
23-04 12:32:13,49.133,26.188,22.946,0.499,0,5053596,234484,172308,2524980,10809.363,7481.256,4050.394,3131.573,62.851,254.397,7802,9047,2.260,1.750,1.030,4,0,385.087,0,0,17,261,0,32,0
23-04 12:32:14,46.414,27.699,24.704,0,0,5095984,192068,172308,2525500,10846.004,7319.506,1022.116,467.139,7.985,28.947,6879,6959,2.260,1.750,1.030,4,0,464.144,0,0,17,264,0,32,0
23-04 12:32:15,55.694,20.229,23.226,0,0,5125484,162244,172316,2525720,9515.355,6414.498,671.320,1310.671,15.984,73.925,6473,8664,2.400,1.790,1.040,7,0,160.837,0,0,18,268,0,33,0
23-04 12:32:16,79.845,19.836,0.251,0.251,0,5203476,141112,172316,2471188,3950.071,759.281,1008.358,1860.039,34.148,217.942,6746,7279,2.400,1.790,1.040,5,0,129.560,0,0,18,270,0,31,0
23-04 12:32:17,72.528,12.505,12.755,1.250,0,5304436,138536,172332,2376464,15821.191,12144.752,3305.293,1156.453,150.059,60.023,5625,5030,2.400,1.790,1.040,4,0,14.005,0,0,18,274,0,32,0
23-04 12:32:18,60.512,18.003,20.254,0.500,0.250,5299516,162148,172360,2358072,4517.859,1284.244,952.181,1568.298,25.005,76.014,7349,7885,2.400,1.790,1.040,4,0,227.043,0,0,18,278,0,33,0
23-04 12:32:19,36.066,9.949,52.233,0.249,0,5328388,175796,172380,2317892,15851.089,10691.426,783.998,3223.546,10.944,44.771,3599,2505,2.400,1.790,1.040,2,0,8.954,0,0,18,282,0,33,0
23-04 12:32:20,36.372,10.786,50.669,0,0,5289132,208120,172380,2324900,7677354.172,137000.273,561.880,706.363,7.023,59.198,12539,8463,2.370,1.790,1.050,3,0,13.044,0,0,18,283,0,32,0
23-04 12:32:21,48.574,18.931,30.141,0.249,0,5354108,151888,172380,2317304,9427850.194,174375.541,2789.865,358.697,29.891,16.938,17222,10920,2.370,1.790,1.050,3,0,262.048,0,0,18,283,0,32,0
23-04 12:32:22,38.104,6.267,53.897,1.003,0,5388004,139192,172380,2296860,15447.066,12642.429,256.699,2250.128,2.005,172.470,4053,4001,2.370,1.790,1.050,3,0,9.025,0,0,18,287,0,33,0
23-04 12:32:23,40.260,5.251,53.514,0.250,0,5402004,124412,172380,2297740,11663.028,110228.619,580.151,508.132,26.007,53.014,4080,5489,2.370,1.790,1.050,4,0,1.000,0,0,18,291,0,35,0
23-04 12:32:24,14.981,3.246,78.398,0.250,0,5400536,125864,172380,2297756,2103628.872,16331656.529,0,9132.165,0,76.900,6428,3341,2.370,1.790,1.050,3,0,0,0,0,18,296,0,36,0
23-04 12:32:25,30.679,6.984,59.612,0.748,0,5302516,225840,172388,2295924,15344121.226,226420.893,47.889,3192.610,2.993,212.508,22329,15209,2.260,1.780,1.050,1,0,37.912,0,0,18,292,0,38,0
23-04 12:32:26,10.546,19.334,67.293,0.251,0,5242704,285524,172388,2296036,4588.993,1681.325,48.210,16893.600,4.018,60.263,5130,3822,2.260,1.780,1.050,1,0,294.282,0,0,18,292,0,38,0
23-04 12:32:27,18.204,9.725,70.820,0,0,5312852,215356,172388,2296056,5087.052,1699.674,0,371.056,0,17.954,3407,3035,2.260,1.780,1.050,1,0,171.563,0,0,18,292,0,38,0
23-04 12:32:28,17.507,9.754,70.778,0.500,0,5307300,220884,172388,2296080,4921.981,1620.652,0,1592.641,0,85.034,3833,3198,2.260,1.780,1.050,2,0,134.054,0,0,18,292,0,38,0
23-04 12:32:29,7.994,19.984,69.943,0.250,0,5298632,229524,172388,2296108,4648.243,1510.779,0,16962.291,0,1253.987,5752,4029,2.260,1.780,1.050,1,0,293.763,0,0,18,292,0,37,0
23-04 12:32:30,6.247,14.243,77.959,0,0,5306624,221488,172388,2296152,4483.666,1565.185,11.994,235.877,0.999,16.991,4282,3501,2.080,1.750,1.040,0,0,242.874,0,0,18,292,0,37,0
23-04 12:32:31,7.254,2.501,89.045,0,0,5299852,228260,172388,2296152,4431.246,1512.767,0,36.018,0,6.003,1440,1522,2.080,1.750,1.040,1,0,9.005,0,0,18,292,0,37,0
23-04 12:32:32,20.248,3.750,75.493,0,0,5323876,204228,172388,2296160,6659.400,3950.644,0,131.988,0,14.999,2127,1729,2.080,1.750,1.040,1,0,2.000,0,0,18,297,0,37,0
23-04 12:32:33,20.328,9.035,69.266,0.502,0,5312216,215572,172388,2296476,10696.108,7823.066,160.617,116.448,10.039,9.035,3824,3128,2.080,1.750,1.040,2,0,96.370,0,0,18,302,0,37,0
23-04 12:32:34,12.261,16.515,69.563,0.250,0,5303696,223856,172392,2296692,4295.895,1513.372,8.007,152.138,2.002,18.016,4810,3458,2.080,1.750,1.040,1,0,152.138,0,0,18,302,0,37,0
23-04 12:32:35,12.437,16.915,68.406,0.249,0,5305204,222176,172392,2296848,4762.063,1558.168,95.520,632.819,3.980,53.730,5020,4049,1.990,1.740,1.040,1,0,165.170,0,0,18,306,0,37,0
23-04 12:32:36,10.790,16.813,70.010,0,0,5301280,225976,172392,2296940,4853.056,1463.445,0,0,0,0,4652,3264,1.990,1.740,1.040,2,0,166.620,0,0,18,306,0,37,0
23-04 12:32:37,21.410,4.979,72.446,0,0,5354600,172652,172392,2296944,4521.042,1075.490,3.983,59.749,0.996,6.971,2389,1834,1.990,1.740,1.040,1,0,31.866,0,0,18,306,0,35,0
23-04 12:32:38,23.255,4.501,71.767,0.250,0,5411460,126540,172392,2286296,4306.996,1566.362,104.024,292.068,1.000,24.006,2213,1958,1.990,1.740,1.040,1,0,2.000,0,0,18,306,0,35,0
23-04 12:32:39,24.498,4.000,70.244,0.250,0,5344116,206876,172392,2273564,3755.653,1025.905,283.974,443.959,10.999,44.996,2884,2875,1.990,1.740,1.040,1,0,7.999,0,0,18,306,0,35,0
23-04 12:32:40,22.763,3.752,72.042,0,0,5410716,140248,172392,2273592,4640.720,1458.855,24.014,260.152,4.002,24.014,2233,2001,1.910,1.720,1.040,2,0,0,0,0,18,306,0,35,0
23-04 12:32:41,19.006,4.251,75.775,0,0,5424788,138400,172396,2261564,6848.295,3941.321,0,52.017,0,3.001,2150,1720,1.910,1.720,1.040,2,0,4.001,0,0,18,309,0,35,0
23-04 12:32:42,16.240,1.749,80.702,0,0,5422792,140384,172396,2261576,21376.196,18206.095,0,0,0,0,2342,2168,1.910,1.720,1.040,1,0,0.999,0,0,18,312,0,37,0
23-04 12:32:43,22.769,5.755,70.809,0.250,0,5354276,208892,172396,2261584,6717.552,1621.340,0,264.218,0,28.023,2437,1869,1.910,1.720,1.040,2,0,15.012,0,0,18,308,0,37,0
23-04 12:32:44,24.996,2.250,71.738,0,0,5367420,195612,172396,2261720,5845.023,1619.729,0,963.839,0,121.980,2168,1542,1.910,1.720,1.040,1,0,1.000,0,0,18,308,0,37,0
23-04 12:32:45,8.256,20.014,69.799,0.500,0,5293032,269908,172404,2261804,6270.416,1621.142,444.313,848.598,8.006,36.025,5571,4463,1.840,1.710,1.040,3,0,278.196,0,0,18,308,0,37,0
23-04 12:32:46,11.492,17.737,68.950,0.250,0,5291248,271580,172404,2261952,4573.698,1618.831,39.971,191.862,2.998,9.993,5258,4008,1.840,1.710,1.040,1,0,306.779,0,0,18,308,0,37,0
23-04 12:32:47,21.512,4.002,73.291,0,0.250,5323224,239576,172404,2261980,4826.695,1952.090,16.009,232.130,2.001,11.006,2305,1750,1.840,1.710,1.040,1,0,33.018,0,0,18,309,0,37,0
23-04 12:32:48,20.493,2.749,75.726,0.250,0.250,5318320,238624,172404,2267708,9906.798,3475.877,0,1103.643,0,38.987,2065,1971,1.840,1.710,1.040,2,0,1.000,0,0,18,308,0,37,0
23-04 12:32:49,19.001,3.250,77.003,0,0,5332152,224768,172404,2267716,11084.376,4465.152,0,800.027,0,15.001,2022,1632,1.840,1.710,1.040,4,0,19.001,0,0,18,309,0,37,0
23-04 12:32:50,22.754,5.751,69.511,0.500,0,5354416,196996,172408,2273092,4598.722,1740.273,0,868.136,0,20.003,10671,19350,1.770,1.700,1.040,1,0,14.002,0,0,18,308,0,37,0
23-04 12:32:51,18.794,4.260,75.675,0,0,5356532,194460,172420,2273500,11440.493,4529.489,56.130,521.207,9.021,10.023,5678,9546,1.770,1.700,1.040,3,0,5.012,0,0,18,309,0,37,0
23-04 12:32:52,21.181,5.981,71.020,0,0.249,5320396,230496,172428,2273592,4397.751,1548.981,0,562.178,0,13.955,5857,9219,1.770,1.700,1.040,1,0,14.952,0,0,18,309,0,37,0
23-04 12:32:53,12.515,16.270,69.084,0.250,0,5286168,274612,172568,2263676,4833.904,1784.179,4.005,560.685,1.001,21.026,4225,3191,1.770,1.700,1.040,2,0,186.227,0,0,18,308,0,37,0
23-04 12:32:54,19.961,8.484,69.365,0,0,5337088,223700,172568,2263680,4143.963,1509.073,0,19849.502,0,483.063,3403,2901,1.770,1.700,1.040,1,0,84.835,0,0,18,308,0,37,0
23-04 12:32:55,20.026,2.754,76.350,0.501,0,5343936,216656,172568,2263876,9788.866,7460.806,0,368.484,0,37.049,2330,2256,1.710,1.690,1.040,1,0,0,0,0,18,309,0,37,0
23-04 12:32:56,17.237,9.993,70.199,0,0,5306296,254172,172568,2264000,9220.291,5523.981,31.977,263.808,2.998,21.984,3861,3194,1.710,1.690,1.040,2,0,117.914,0,0,18,312,0,40,0
23-04 12:32:57,23.505,4.751,71.265,0,0,5359676,200668,172568,2264124,6636.428,3532.760,0,188.040,0,17.004,2924,3885,1.710,1.690,1.040,1,0,3.001,0,0,18,315,0,40,0
23-04 12:32:58,20.752,6.751,70.508,0,0,5333160,227168,172568,2264140,12385.414,8344.953,0,260.030,0,21.002,3459,3060,1.710,1.690,1.040,3,0,72.008,0,0,18,314,0,41,0
23-04 12:32:59,23.733,3.997,71.199,0.250,0,5391072,169244,172568,2264152,5967.740,3077.803,0,259.815,0,22.984,2423,2072,1.710,1.690,1.040,3,0,1.999,0,0,18,315,0,41,0
23-04 12:33:00,17.346,4.274,77.931,0,0,5369364,190788,172568,2264316,17881.828,13259.280,16.089,1468.114,1.006,262.450,2847,2254,1.650,1.670,1.040,1,0,56.311,0,0,18,314,0,42,0
23-04 12:33:01,22.138,4.229,72.136,0,0,5411060,149088,172568,2264320,5389.778,1611.859,0,115.417,0,7.960,2094,1679,1.650,1.670,1.040,1,0,0,0,0,18,314,0,41,0
23-04 12:33:02,21.765,6.254,71.048,0,0,5374352,185784,172568,2264332,15594.468,11860.962,0,36.024,0,4.003,3330,8712,1.650,1.670,1.040,2,0,59.040,0,0,18,314,0,45,0
23-04 12:33:03,22.224,3.746,72.664,0,0,5386728,173404,172568,2264336,4672.485,1510.217,0,0,0,0,2031,1584,1.650,1.670,1.040,4,0,8.989,0,0,18,314,0,45,0
23-04 12:33:04,12.997,2.249,83.228,0.250,0,5386368,173592,172568,2264508,14883.147,11786.948,31.992,151.961,1.999,17.995,2119,2165,1.650,1.670,1.040,1,0,0,0,0,18,315,0,45,0
23-04 12:33:05,20.766,6.005,71.806,0.751,0,5322312,237596,172568,2264560,5665.452,2318.822,32.025,396.311,1.001,32.025,2841,2660,1.600,1.660,1.040,1,0,47.037,0,0,18,314,0,46,0
23-04 12:33:06,19.002,3.500,77.259,0,0,5344188,215712,172572,2264564,11164.321,7345.869,0,296.035,0,39.005,2050,1728,1.600,1.660,1.040,1,0,1.000,0,0,18,317,0,39,0
23-04 12:33:07,20.490,4.998,72.964,0,0,5350516,209380,172572,2264568,9947.042,6017.001,0,163.918,0,9.995,2619,2142,1.600,1.660,1.040,1,0,31.984,0,0,18,316,0,42,0
23-04 12:33:08,18.760,3.002,77.041,0,0,5384172,175704,172572,2264588,10671.744,7348.955,0,288.155,0,28.015,2164,1992,1.600,1.660,1.040,1,0,0,0,0,18,317,0,42,0
23-04 12:33:09,16.062,4.016,78.304,0.502,0,5359640,200092,172572,2264732,10587.035,6724.062,0,421.634,0,45.175,3123,3225,1.600,1.660,1.040,1,0,66.257,0,0,18,316,0,43,0
23-04 12:33:10,4.730,6.224,84.645,1.743,0,5360756,197676,173164,2265440,9691.372,4350.761,1119.308,366.464,249.952,25.891,2949,3240,1.470,1.640,1.030,0,0,114.520,0,0,18,318,0,38,0
23-04 12:33:11,5.753,7.753,85.038,0,0,5352228,206120,173196,2265492,14570.477,4193.864,0,156.069,0,14.006,2992,2505,1.470,1.640,1.030,0,0,125.056,0,0,18,318,0,39,0
23-04 12:33:12,5.017,7.776,86.292,0.251,0.251,5340812,217520,173204,2265500,9294.428,3400.498,0,710.402,0,34.115,2899,2634,1.470,1.640,1.030,4,0,114.387,0,0,18,316,0,40,0
23-04 12:33:13,17.193,8.970,71.263,0.249,0,5350332,200020,173732,2272840,4263.849,1453.177,239.206,566.121,17.940,17.940,3188,2671,1.470,1.640,1.030,1,0,99.669,0,0,18,316,0,40,0
23-04 12:33:14,18.746,2.749,77.734,0,0,5364200,182036,173964,2276624,9870.987,3695.247,3.999,447.909,1.000,3.999,2060,1787,1.470,1.640,1.030,2,0,15.997,0,0,18,317,0,31,0
23-04 12:33:15,17.052,4.514,76.233,0.752,0,5339712,202572,174012,2280524,10769.970,4185.814,16.049,6961.311,1.003,334.023,2982,3229,1.510,1.640,1.040,1,0,19.058,0,0,18,316,0,31,0
23-04 12:33:16,14.706,13.211,69.793,0.748,0,5324948,214712,174148,2282980,5161.725,1657.096,1443.728,3286.275,23.929,340.991,5037,4543,1.510,1.640,1.040,1,0,283.162,0,0,18,316,0,31,0
23-04 12:33:17,20.012,2.501,76.295,0,0,5365256,174392,174148,2282992,10692.247,7379.311,0,120.070,0,7.004,2018,1594,1.510,1.640,1.040,1,0,0,0,0,18,317,0,31,0
23-04 12:33:18,21.001,5.750,72.004,0.250,0,5311520,228108,174148,2283012,21746.336,18434.133,0,292.018,0,23.001,2863,2443,1.510,1.640,1.040,1,0,47.003,0,0,18,316,0,31,0
23-04 12:33:19,20.052,3.008,76.700,0.251,0,5353168,186452,174148,2283020,10411.148,7243.889,0,220.575,0,31.081,2153,1919,1.510,1.640,1.040,3,0,1.003,0,0,18,317,0,31,0
23-04 12:33:20,21.490,3.498,73.964,0.250,0.250,5295968,243292,174148,2283380,7853.183,4704.714,351.829,67.967,21.989,6.997,2471,2088,1.470,1.630,1.040,2,0,13.993,0,0,18,316,0,33,0
23-04 12:33:21,19.204,2.743,77.313,0,0,5343580,195676,174148,2283384,10256.178,7207.557,0,0,0,0,1970,1555,1.470,1.630,1.040,1,0,0,0,0,18,317,0,33,0
23-04 12:33:22,23.243,4.249,69.479,1.500,0,5344908,191924,174152,2285804,6662.947,3707.857,2191.325,3434.942,86.973,281.913,5093,7437,1.470,1.630,1.040,2,0,1.999,0,0,18,318,0,32,0
23-04 12:33:23,22.251,4.000,72.503,0,0,5377424,159404,174152,2285808,4412.166,1512.057,0,180.007,0,11.000,2115,1639,1.470,1.630,1.040,3,0,5.000,0,0,18,318,0,32,0
23-04 12:33:24,17.010,2.752,79.048,0.250,0,5384660,152144,174152,2285832,12673.749,10593.477,0,332.203,0,34.021,2674,2830,1.470,1.630,1.040,0,0,0,0,0,18,319,0,32,0
23-04 12:33:25,19.540,7.014,70.144,0.752,0.251,5295392,241236,174152,2286008,6136.628,2847.860,112.231,3214.615,6.012,161.332,5547,7393,1.430,1.620,1.040,1,0,76.157,0,0,18,318,0,33,0
23-04 12:33:26,8.765,23.040,67.116,0.250,0,5307240,229368,174152,2286028,4765.222,1622.800,0,576.996,0,36.062,6541,5382,1.430,1.620,1.040,2,0,544.940,0,0,18,318,0,25,0
23-04 12:33:27,8.487,22.467,67.150,0.250,0,5300296,236284,174152,2286056,5110.403,1455.836,0,2244.663,0,133.801,6763,5882,1.430,1.620,1.040,1,0,533.207,0,0,18,318,0,25,0
23-04 12:33:28,8.988,23.220,65.915,0.250,0.250,5296420,240132,174156,2286080,4973.601,1659.864,0,687.116,0,55.928,6692,5820,1.430,1.620,1.040,2,0,516.336,0,0,18,318,0,25,0
23-04 12:33:29,8.522,23.311,67.176,0,0,5308500,228020,174156,2286112,4080.679,1353.542,0,56.147,0,14.037,6607,5615,1.430,1.620,1.040,1,0,567.485,0,0,18,318,0,25,0
23-04 12:33:30,7.748,22.743,67.478,0,0,5293664,242828,174156,2286140,4146.663,1187.617,0,227.927,0,16.995,6592,5544,1.400,1.610,1.040,2,0,553.821,0,0,18,318,0,25,0
23-04 12:33:31,8.743,22.232,67.696,0,0,5301740,234720,174156,2286172,5052.949,1618.702,0,43.965,0,10.991,6454,5408,1.400,1.610,1.040,3,0,516.586,0,0,18,318,0,25,0
23-04 12:33:32,8.719,21.673,68.009,0,0,5298868,237540,174156,2286224,4842.873,1614.291,15.944,115.591,0.996,9.965,6266,5060,1.400,1.610,1.040,1,0,479.305,0,0,18,318,0,25,0
23-04 12:33:33,32.793,14.269,52.319,0,0,5342352,292280,174536,2197972,5128.733,1554.040,528.694,20.026,8.011,3.004,3932,2621,1.400,1.610,1.040,3,0,100.131,0,0,18,318,0,25,0
23-04 12:33:34,38.501,7.750,53.751,0,0,5370580,259720,174604,2202232,4920.091,1620.030,528.010,2820.052,7.000,8.000,3204,1978,1.400,1.610,1.040,1,0,21.000,0,0,18,318,0,24,0
23-04 12:33:35,14.244,2.249,81.467,1.000,0,5374284,254928,174604,2203316,27452.768,14201.190,831.660,2107.138,58.976,99.959,2131,2301,1.290,1.580,1.030,1,0,0,0,0,18,319,0,24,0
23-04 12:33:36,16.487,1.749,79.189,0.749,0,5391600,236100,174604,2204824,23592.955,14454.944,1083.172,1530.829,65.950,47.963,1950,1760,1.290,1.580,1.030,1,0,0,0,0,18,319,0,24,0
23-04 12:33:37,16.054,1.756,80.773,1.254,0,5410628,215388,174604,2206496,25260.413,13927.092,1348.560,1681.686,71.241,56.190,1939,1757,1.290,1.580,1.030,1,0,0,0,0,18,319,0,24,0
23-04 12:33:38,17.949,2.244,76.534,0.997,0,5406000,191952,174604,2234556,19138.871,10764.555,11862.450,1547.623,150.574,58.834,2249,2177,1.290,1.580,1.030,2,0,0,0,0,18,319,0,24,0
23-04 12:33:39,22.490,3.998,71.467,1.000,0,5427640,157428,174604,2247428,4961.704,1457.326,0,2542.823,0,85.960,2721,2693,1.290,1.580,1.030,3,0,1.999,0,0,18,319,0,24,0
23-04 12:33:40,23.498,2.750,72.244,0.250,0,5419208,150088,174604,2262940,4345.665,1703.869,0,1287.901,0,42.997,2447,2340,1.260,1.570,1.030,1,0,0,0,0,18,319,0,24,0
23-04 12:33:41,22.250,3.250,72.000,1.250,0,5423084,127784,174608,2281136,5075.025,1458.007,0,3120.016,0,126.001,2548,2437,1.260,1.570,1.030,3,0,0,0,0,18,319,0,24,0
23-04 12:33:42,23.474,2.997,71.671,0.499,0,5401776,135684,175280,2293700,5232.196,1456.385,0,2860.827,0,101.887,2562,2388,1.260,1.570,1.030,1,0,0,0,0,18,319,0,22,0
23-04 12:33:43,23.521,2.753,72.566,0.250,0,5432616,121504,175772,2276592,6347.796,1795.640,0,1765.612,0,59.054,2234,1943,1.260,1.570,1.030,1,0,0,0,0,18,318,0,22,0
23-04 12:33:44,21.499,4.750,72.246,0,0,5376496,177608,175772,2276608,5783.651,1950.882,0,19.999,0,2.000,2262,1773,1.260,1.570,1.030,1,0,34.998,0,0,18,319,0,22,0
23-04 12:33:45,20.102,4.272,74.880,0.503,0,5369944,178376,175772,2282352,11588.853,3494.748,16.082,22269.092,1.005,417.118,2352,2174,1.240,1.560,1.030,3,0,2.010,0,0,18,318,0,22,0
23-04 12:33:46,17.672,3.485,76.662,0.249,0,5377656,165092,175772,2287908,11452.529,4606.698,0,1202.700,0,12.943,2151,1835,1.240,1.560,1.030,2,0,19.912,0,0,18,319,0,22,0
23-04 12:33:47,22.981,6.495,68.692,0,0,5371468,171296,175772,2287896,4897.883,1792.493,0,2561.847,0,378.682,8828,16569,1.240,1.560,1.030,1,0,12.989,0,0,18,318,0,22,0
23-04 12:33:48,21.992,7.747,67.976,0.500,0,5390916,151676,175772,2288068,4498.393,1619.422,0,2043.270,0,39.986,10173,17819,1.240,1.560,1.030,1,0,19.993,0,0,18,318,0,22,0
23-04 12:33:49,22.614,5.277,71.862,0,0,5314008,240040,175784,2276744,3877.527,1465.380,0,820.130,0,20.101,2647,2297,1.240,1.560,1.030,2,0,34.172,0,0,18,318,0,22,0
23-04 12:33:50,23.427,5.234,69.285,0,0,5336968,217072,175784,2276752,4187.010,1614.990,0,223.307,0,5.981,10153,18936,1.220,1.550,1.030,3,0,30.904,0,0,18,318,0,22,0
23-04 12:33:51,19.478,3.995,75.415,0.250,0,5345276,204332,175784,2281184,10041.651,4035.439,0,946.930,0,17.980,2273,1749,1.220,1.550,1.030,1,0,27.968,0,0,18,318,0,22,0
23-04 12:33:52,20.763,3.252,74.798,0,0,5373704,174600,175784,2282488,8278.337,2797.804,0,0,0,0,2195,1673,1.220,1.550,1.030,0,0,18.012,0,0,18,319,0,22,0
23-04 12:33:53,20.754,4.751,72.513,0,0,5364444,178436,175784,2287788,6994.222,3397.594,0,1200.210,0,18.003,10200,18816,1.220,1.550,1.030,1,0,11.002,0,0,18,318,0,22,0
23-04 12:33:54,22.994,7.498,68.733,0,0,5363868,178660,175784,2288120,4446.908,1457.642,0,695.829,0,23.994,11377,20148,1.220,1.550,1.030,1,0,15.996,0,0,18,318,0,22,0
23-04 12:33:55,21.745,5.999,69.733,0.750,0,5314800,239136,175796,2276780,3735.108,755.820,0,3903.068,0,191.954,2984,3103,1.200,1.540,1.030,1,0,12.997,0,0,18,318,0,22,0
23-04 12:33:56,21.340,5.774,71.803,0.251,0,5329140,224788,175796,2276788,4558.247,1289.445,0,413.747,0,13.055,2740,2056,1.200,1.540,1.030,2,0,70.297,0,0,18,318,0,22,0
23-04 12:33:57,23.412,4.483,70.485,0.249,0,5325592,219552,176372,2284964,5021.129,1613.934,0,1597.994,0,51.805,3097,2943,1.200,1.540,1.030,1,0,42.839,0,0,18,318,0,22,0
23-04 12:33:58,20.743,2.749,74.974,0.250,0,5325444,216808,176540,2287620,10035.559,4374.500,3.999,1231.578,1.000,42.985,2329,2234,1.200,1.540,1.030,0,0,15.995,0,0,18,319,0,22,0
23-04 12:33:59,13.250,1.750,83.002,0.250,0,5338624,203464,176540,2287764,20398.422,10551.218,0,1340.028,0,42.001,1869,1880,1.200,1.540,1.030,1,0,2.000,0,0,18,319,0,18,0
23-04 12:34:00,10.766,3.255,85.126,0.501,0,5339160,202456,176548,2288224,47416.263,11171.554,0,1329.971,0,45.067,2563,3437,1.190,1.540,1.030,0,0,3.004,0,0,18,320,0,18,0
23-04 12:34:01,10.736,1.748,85.639,0.499,0,5349056,192124,176628,2288556,127621.870,10163.849,0,1342.263,0,58.924,2243,2447,1.190,1.540,1.030,1,0,1.997,0,0,18,320,0,20,0
23-04 12:34:02,19.252,4.250,74.757,0.250,0,5381320,159672,176628,2288740,16790.504,9352.838,0,1000.090,0,30.003,2779,7420,1.190,1.540,1.030,1,0,36.003,0,0,18,320,0,21,0
23-04 12:34:03,15.994,1.999,80.220,0.500,0.250,5393808,146864,176628,2289040,21662.859,12527.292,0,1411.470,0,45.983,1831,1616,1.190,1.540,1.030,2,0,0,0,0,18,320,0,16,0
23-04 12:34:04,7.753,1.501,89.286,0.750,0,5394076,145988,176792,2289476,332863.817,21217.594,0,2236.906,0,89.036,2042,2123,1.190,1.540,1.030,0,0,0,0,0,18,320,0,16,0
23-04 12:34:05,11.250,1.250,85.250,1.000,0,5395928,143508,176940,2289944,97127.554,19729.112,132.001,3212.018,10.000,140.001,2270,2609,1.170,1.530,1.030,1,0,0,0,0,18,320,0,16,0
23-04 12:34:06,7.262,2.755,88.395,0,0,5406040,121864,176960,2301408,1610144.363,44903.551,0,13285.762,0,103.169,3532,2719,1.170,1.530,1.030,2,0,2.003,0,0,18,320,0,16,0
23-04 12:34:07,5.488,3.742,88.056,0.499,0,5388888,126876,177012,2313544,7792113.395,121206.801,0,4681.679,0,44.901,7098,4645,1.170,1.530,1.030,1,0,1.996,0,0,18,320,0,12,0
23-04 12:34:08,7.754,5.753,82.045,1.001,0,5381164,215336,176780,2236916,8919174.038,132994.632,164.091,13667.567,4.002,99.055,8138,5334,1.170,1.530,1.030,1,0,1.001,0,0,18,320,0,12,0
23-04 12:34:09,22.478,3.746,71.430,1.249,0,5390144,194284,179620,2245920,4539.530,1456.566,0,4883.191,0,117.884,2763,2750,1.170,1.530,1.030,1,0,1.998,0,0,18,320,0,12,0
23-04 12:34:10,24.003,3.750,71.509,0.500,0,5392380,170544,180536,2266080,4638.576,1458.181,4.000,1884.234,1.000,55.007,2412,2360,1.160,1.520,1.030,1,0,0,0,0,18,320,0,12,0
23-04 12:34:11,23.776,3.504,71.579,0.501,0,5399624,144436,180916,2284344,5062.572,1621.785,0,46963.693,0,301.332,2890,2648,1.160,1.520,1.030,1,0,0,0,0,18,320,0,10,0
23-04 12:34:12,21.744,4.749,71.479,0.750,0,5397840,161604,181160,2269204,4336.735,1457.575,0,2079.393,0,78.977,2371,2106,1.160,1.520,1.030,1,0,0,0,0,18,320,0,10,0
23-04 12:34:13,22.974,3.246,72.417,0.749,0,5402656,137704,181896,2287244,4614.732,1618.153,3.995,3352.174,0.999,303.653,2370,2149,1.160,1.520,1.030,3,0,0,0,0,18,320,0,10,0
23-04 12:34:14,23.734,3.248,71.952,0.250,0,5404052,163124,182568,2259928,4395.054,1457.023,0,503.662,0,17.988,2206,1832,1.160,1.520,1.030,3,0,0,0,0,18,320,0,10,0
23-04 12:34:15,22.518,6.505,68.556,2.002,0,5405572,134916,183480,2285360,4924.015,1621.322,40.033,114425.305,3.002,771.629,3551,3510,1.150,1.510,1.030,2,0,0,0,0,18,320,0,9,0
23-04 12:34:16,19.268,2.502,76.573,0.500,0.250,5423408,183116,182388,2221272,11125.564,4122.915,0,1797.707,0,61.058,2156,1953,1.150,1.510,1.030,1,0,0,0,0,18,318,0,9,0
23-04 12:34:17,22.506,4.001,72.268,0,0,5344192,262288,182392,2221312,4861.228,1620.409,28.007,240.061,2.001,5.001,2195,1658,1.150,1.510,1.030,1,0,19.005,0,0,18,318,0,9,0
23-04 12:34:18,19.503,3.001,76.263,0.500,0,5356152,244968,182392,2226624,10697.837,4012.689,8.001,1700.292,2.000,50.009,2372,2220,1.150,1.510,1.030,1,0,17.003,0,0,18,318,0,9,0
23-04 12:34:19,17.988,3.498,76.951,0,0,5364128,236532,182396,2227060,11376.705,4396.181,0,487.687,0,12.992,2135,1749,1.150,1.510,1.030,2,0,18.988,0,0,18,319,0,7,0
23-04 12:34:20,22.998,8.249,65.993,0.750,0,5355328,239796,182400,2232452,5091.455,1793.808,4.000,117755.394,1.000,1615.827,12044,19816,1.210,1.520,1.030,1,0,13.999,0,0,18,318,0,7,0
23-04 12:34:21,21.769,7.256,69.559,0,0,5378760,216108,182400,2232704,4881.170,1621.385,0,84.072,0,1.001,8784,16697,1.210,1.520,1.030,2,0,13.011,0,0,18,318,0,7,0
23-04 12:34:22,21.734,6.495,70.448,0.250,0,5379424,215352,182424,2232784,3897.108,1618.799,0,3433.452,0,62.953,2666,2474,1.210,1.520,1.030,1,0,7.994,0,0,18,318,0,7,0
23-04 12:34:23,21.259,4.252,73.030,0.250,0,5343028,261980,182572,2222548,4201.743,1620.672,252.105,224.093,5.002,11.005,2123,1744,1.210,1.520,1.030,1,0,6.002,0,0,18,318,0,4,0
23-04 12:34:24,24.086,5.269,70.001,0.753,0,5350916,251704,182868,2224668,3811.642,1463.237,441.580,3604.902,13.047,197.708,4132,5151,1.210,1.520,1.030,1,0,0,0,0,18,320,0,5,0
23-04 12:34:25,24.912,4.982,65.270,1.993,0,5299524,302012,182872,2225732,4075.667,1614.323,876.916,3220.674,47.832,350.766,7454,11157,1.200,1.510,1.030,1,0,0.996,0,0,18,320,0,9,0
23-04 12:34:26,9.250,20.751,68.252,0.250,0,5310932,290292,182872,2226044,4055.099,1458.035,128.003,292.007,7.000,19.000,5516,4158,1.200,1.510,1.030,2,0,326.008,0,0,18,320,0,9,0
23-04 12:34:27,12.494,12.244,69.966,2.999,0,5298512,298364,182872,2230412,4209.943,1013.505,4345.877,375.816,526.743,17.991,4267,3815,1.200,1.510,1.030,3,1,122.940,0,0,18,320,0,10,0
23-04 12:34:28,6.751,4.501,72.014,16.003,0,5267364,290384,182884,2269528,4068.793,648.126,39119.622,4832.942,2902.566,213.042,5197,8512,1.200,1.510,1.030,0,1,0,0,0,18,320,0,10,0
23-04 12:34:29,6.750,2.500,88.496,1.250,0,5261464,293052,182884,2272760,4805.804,2148.912,3243.868,1895.923,162.993,69.997,1810,2254,1.200,1.510,1.030,0,0,7.000,0,0,18,321,0,10,0
23-04 12:34:30,1.999,0.500,94.963,0.500,0,5262116,292296,182888,2272860,45440.358,4401.291,95.963,2762.927,2.999,123.952,1319,1876,1.100,1.480,1.020,1,0,0,0,0,18,321,0,10,0
23-04 12:34:31,4.750,2.750,90.751,0,0,5241376,312076,183188,2273556,156155.151,128832.949,452.003,1084.008,10.000,17.000,1909,2026,1.100,1.480,1.020,0,0,12.000,0,0,18,320,0,10,0
23-04 12:34:32,1.498,0.749,96.872,0,0,5239924,313528,183188,2273556,4719.776,1563.938,0,75.900,0,9.987,986,1398,1.100,1.480,1.020,1,0,0,0,0,18,320,0,10,0
23-04 12:34:33,15.533,6.764,76.662,0.251,0,5272332,278308,183188,2276368,4226.952,1461.094,3302.995,0,36.076,0,2240,1788,1.100,1.480,1.020,1,0,12.025,0,0,18,320,0,10,0
23-04 12:34:34,17.491,5.747,74.962,0.250,0,5266996,283656,183188,2276356,4695.646,1541.227,511.743,2034.980,3.998,332.833,2683,1925,1.100,1.480,1.020,0,0,5.997,0,0,18,320,0,10,0
23-04 12:34:35,2.250,1.000,94.998,0.250,0,5258020,292604,183196,2276376,4979.900,1619.968,0,399.992,0,52.999,1361,1952,1.170,1.490,1.030,2,0,0,0,0,18,320,0,10,0
23-04 12:34:36,1.250,0.500,97.273,0.500,0,5256684,293936,183200,2276376,5298.227,1620.375,0,460.107,0,32.007,1041,1488,1.170,1.490,1.030,0,0,0,0,0,18,320,0,10,0
23-04 12:34:37,0.750,0.750,97.489,0,0,5248532,302084,183204,2276376,5339.392,1619.815,0,27.997,0,4.000,884,1290,1.170,1.490,1.030,0,0,0,0,0,18,320,0,10,0
23-04 12:34:38,1.499,0.500,96.461,0.250,0,5248188,302424,183208,2276376,4858.055,1619.352,0,351.859,0,29.988,1126,1741,1.170,1.490,1.030,0,0,0,0,0,18,320,0,10,0
23-04 12:34:39,1.749,2.748,94.196,0,0,5241808,308796,183212,2276380,4275.533,1457.159,0,91.947,0,11.993,1379,1875,1.170,1.490,1.030,0,0,0.999,0,0,18,320,0,10,0
23-04 12:34:40,1.751,0.751,96.567,0.250,0,5240560,310040,183212,2276384,4923.412,1621.123,0,88.061,0,12.008,1192,1659,1.080,1.470,1.020,1,0,0,0,0,18,320,0,10,0
23-04 12:34:41,1.000,0.750,96.721,0,0,5239692,310904,183216,2276384,2836.147,0,0,39.988,0,1.000,845,1230,1.080,1.470,1.020,0,0,0,0,0,18,320,0,10,0
23-04 12:34:42,1.254,0.752,97.044,0,0,5239692,310904,183216,2276384,4317.084,1462.432,0,312.948,0,21.064,1012,1441,1.080,1.470,1.020,1,0,0,0,0,18,320,0,10,0
23-04 12:34:43,0.997,0.498,97.447,0,0,5239688,310904,183220,2276384,6246.609,1614.987,0,23.926,0,3.988,867,1234,1.080,1.470,1.020,1,0,0,0,0,18,320,0,10,0
23-04 12:34:44,0.750,0.750,97.499,0,0,5239688,310904,183220,2276384,6223.935,1457.985,0,0,0,0,908,1253,1.080,1.470,1.020,0,0,0,0,0,18,320,0,10,0
23-04 12:34:45,1.500,0.500,96.764,0.250,0,5239672,310904,183220,2276400,6566.935,1620.231,0,112.016,0,12.002,1114,1604,0.990,1.440,1.020,0,0,0,0,0,18,320,0,10,0
23-04 12:34:46,1.495,1.994,94.961,0.249,0,5231972,318600,183224,2276400,4281.966,1453.575,0,28584.989,0,128.609,1366,1758,0.990,1.440,1.020,0,0,1.994,0,0,18,320,0,10,0
23-04 12:34:47,1.254,1.003,97.559,0.251,0,5231968,318600,183224,2276404,4546.422,1516.812,0,521.655,0,4.013,927,1310,0.990,1.440,1.020,0,0,0,0,0,18,320,0,10,0
23-04 12:34:48,2.000,0.500,95.749,0,0,5231960,318600,183228,2276408,4397.959,1187.989,0,315.997,0,30.000,1184,1761,0.990,1.440,1.020,0,0,0,0,0,18,320,0,10,0
23-04 12:34:49,1.500,0.500,97.240,0,0,5231960,318600,183228,2276408,3939.612,1079.894,0,47.995,0,5.999,958,1331,0.990,1.440,1.020,0,0,1.000,0,0,18,320,0,10,0
23-04 12:34:50,1.500,0.750,96.528,0.250,0,5231960,318600,183228,2276408,4011.157,1350.389,0,1016.293,0,205.059,1019,1328,0.910,1.420,1.010,0,0,0,0,0,18,320,0,10,0
23-04 12:34:51,1.749,0.500,96.716,0,0,5231956,318600,183228,2276412,5115.197,1619.429,0,0,0,0,1041,1331,0.910,1.420,1.010,3,0,0,0,0,18,320,0,10,0
23-04 12:34:52,0.500,1.000,97.269,0,0,5232208,318348,183228,2276412,4560.870,1620.309,0,5677.083,0,180.034,969,1253,0.910,1.420,1.010,0,0,0,0,0,18,320,0,10,0
23-04 12:34:53,1.500,0,97.782,0,0,5232208,318348,183228,2276412,4861.615,1620.538,0,0,0,0,862,1244,0.910,1.420,1.010,0,0,0,0,0,18,320,0,10,0
23-04 12:34:54,2.000,1.000,96.248,0,0,5232380,318348,183232,2276408,4359.909,1661.965,0,287.994,0,24.999,1280,1847,0.910,1.420,1.010,0,0,0,0,0,18,320,0,10,0
23-04 12:34:55,1.250,0.500,96.498,0.250,0,5232472,318348,183240,2276464,4517.911,1457.971,47.999,163.997,2.000,21.000,1338,2015,0.840,1.390,1.010,0,0,0,0,0,18,320,0,10,0
23-04 12:34:56,1.499,0.500,96.692,0,0,5232464,318348,183248,2276464,4772.159,1457.133,0,155.907,0,12.992,1063,1592,0.840,1.390,1.010,0,0,0,0,0,18,320,0,10,0
23-04 12:34:57,1.250,0.750,96.786,0,0,5232464,318348,183248,2276464,2923.094,162.061,0,2580.966,0,16.006,978,1388,0.840,1.390,1.010,2,0,0,0,0,18,320,0,10,0
23-04 12:34:58,1.750,1.000,96.232,0.250,0,5232456,318348,183256,2276464,4697.116,1499.718,0,687.871,0,39.992,1175,1745,0.840,1.390,1.010,0,0,0,0,0,18,320,0,10,0
23-04 12:34:59,1.250,0.750,96.786,0,0,5232456,318348,183256,2276464,4441.648,1620.601,0,68.025,0,5.002,1005,1362,0.840,1.390,1.010,0,0,1.000,0,0,18,320,0,10,0
23-04 12:35:00,1.250,0.250,97.480,0,0,5232456,318348,183256,2276464,4457.108,1457.708,0,3.999,0,1.000,881,1251,0.770,1.370,1,1,0,0,0,0,18,320,0,10,0
23-04 12:35:01,1.498,0.749,96.384,0,0,5232456,318348,183256,2276464,4667.372,1294.439,0,3.995,0,0.999,986,1380,0.770,1.370,1,0,0,0,0,0,18,320,0,10,0
23-04 12:35:02,9.270,5.011,85.432,0,0,5261532,289124,183256,2277128,133015.667,2429.180,24.051,849.812,2.004,12.026,2408,5135,0.770,1.370,1,10,0,44.094,0,0,18,320,0,10,0
23-04 12:35:03,16.994,6.248,74.725,0,0,5250064,300360,183272,2276828,283187.754,9978.609,207.929,0,7.997,0,3916,9267,0.770,1.370,1,1,0,32.989,0,0,18,320,0,13,0
23-04 12:35:04,14.993,6.747,76.712,0.250,0,5252456,296168,183276,2278624,285040.464,5241.397,151.925,411.796,2.999,22.989,3075,2791,0.770,1.370,1,1,0,34.983,0,0,18,320,0,10,0
