"pcp-dstat 5.3.6 CSV Output"
"Author:","PCP team <pcp@groups.io> and Dag Wieers <dag@wieers.com>",,,,"URL:","https://pcp.io/ and http://dag.wieers.com/home-made/dstat/"
"Host:","jammy-provider-cloud-0000007466",,,,"User:","ubuntu"
"Cmdline:","dstat -tcmndrylpg --tcp --output /tmp/devstack_logs/dstat-csv.log",,,,"Date:","14 Aug 2024 13:25:32 UTC"
"system","total usage",,,,,"memory usage",,,,"net/total",,"dsk/total",,"io/total",,"system",,"load avg",,,"procs",,,"paging",,"tcp sockets",,,,
"time","total usage:usr","total usage:sys","total usage:idl","total usage:wai","total usage:stl","used","free","buf","cach","net/total:recv","net/total:send","dsk/total:read","dsk/total:writ","read","writ","int","csw","1m","5m","15m","run","blk","new","in","out","lis","act","syn","tim","clo"
14-08 13:25:32,,1060368,1871952,162056,4721936,,,,,,,2.030,0.860,0.450,3,0,,,,9,4,5,17,2
14-08 13:25:33,47.707,26.226,24.728,0.999,0,1081692,1837988,162128,4734224,7289.389,1692.465,11765.329,2106.090,132.879,49.955,4126,7136,2.030,0.860,0.450,3,0,756.314,0,0,9,4,5,17,2
14-08 13:25:34,40.004,24.503,33.754,0,0,1118868,1794840,162152,4740284,2396580.641,27973.937,1164.122,3416.359,14.001,107.011,5562,10134,2.030,0.860,0.450,3,0,438.046,0,0,9,4,5,17,2
14-08 13:25:35,51.480,9.746,37.236,0.500,0,1191984,1695264,163024,4887772,5768.756,1619.370,0,3010.829,0,100.961,3571,7158,2.030,0.860,0.450,2,0,52.979,0,0,10,4,5,17,2
14-08 13:25:36,48.285,14.260,35.776,1.501,0,1177464,1681280,164268,4911892,2407075.944,27426.939,80.058,6905.020,1.001,193.140,3712,4586,2.030,0.860,0.450,3,0,234.170,0,0,10,6,5,17,2
14-08 13:25:37,63.988,6.499,27.995,0.750,0,1273548,1578412,165104,4915860,11039.947,4300.200,0,4087.240,0,92.983,1880,2662,2.020,0.880,0.460,3,0,59.989,0,0,10,4,5,19,0
14-08 13:25:38,53.248,6.750,39.499,0.750,0,1283788,1563824,165348,4919896,290147.586,10144.706,0,12231.645,0,584.983,8379,15592,2.020,0.880,0.460,1,1,20.999,0,0,10,8,5,19,0
14-08 13:25:39,34.753,8.001,45.004,11.501,0,1295980,1542708,166116,4927772,209184.408,6726.592,0,38555.393,0,3687.324,19494,42932,2.020,0.880,0.460,2,0,73.006,0,0,10,8,5,19,0
14-08 13:25:40,43.745,8.749,43.745,2.750,0,1169956,1667784,166272,4928532,284684.254,9670.956,0,26773.109,0,1608.826,6771,15553,2.020,0.880,0.460,2,0,92.990,0,0,10,6,5,19,0
14-08 13:25:41,54.995,5.500,39.497,0.250,0,1205100,1632464,166280,4928616,201025.712,7255.376,0,1867.839,0,51.996,1774,2004,2.020,0.880,0.460,2,0,53.995,0,0,10,4,5,19,0
14-08 13:25:42,42.774,4.502,52.529,0,0,1189632,1647616,166300,4928912,12574.916,3644.004,0,6215.418,0,339.187,1557,2535,2.100,0.910,0.480,2,0,13.007,0,0,10,5,5,19,0
14-08 13:25:43,29.964,3.246,66.669,0,0,1083972,1751644,166320,4930476,960668.512,13884.228,0,1254.485,0,18.977,1365,1412,2.100,0.910,0.480,2,0,24.970,0,0,10,4,5,19,0
14-08 13:25:44,10.989,17.482,70.178,0,0,1086056,1749388,166320,4930640,6145.670,1618.333,0,19.979,0,4.995,2811,4385,2.100,0.910,0.480,1,0,372.616,0,0,10,4,5,19,0
14-08 13:25:45,13.022,16.778,69.116,0,0,1088688,1746540,166320,4931068,8335.996,1568.634,0,48.081,0,10.017,3459,7158,2.100,0.910,0.480,1,0,355.597,0,0,10,4,5,19,0
14-08 13:25:46,36.948,11.484,50.429,0,0,1173680,1661332,166320,4931340,6454.918,1509.876,0,0,0,0,3256,5216,2.100,0.910,0.480,2,0,166.765,0,0,10,5,5,19,0
14-08 13:25:47,47.978,2.499,49.227,0,0,1243588,1590828,166360,4931796,4796.774,1619.249,0,399.814,0,38.982,1081,1084,2.090,0.930,0.480,2,0,0,0,0,10,5,5,19,0
14-08 13:25:48,40.498,11.249,47.997,0,0,1281472,1549832,166464,4934436,7738.551,1661.904,0,17718.972,0,586.966,2953,13715,2.090,0.930,0.480,0,0,151.991,0,0,10,4,5,18,0
14-08 13:25:49,0.750,0.500,98.737,0.250,0,1281584,1549720,166464,4934436,5504.301,1619.794,0,611.922,0,7.999,620,1009,2.090,0.930,0.480,0,0,0,0,0,10,4,5,18,0
14-08 13:25:50,9.001,3.250,87.008,0,0,1312624,1518780,166488,4934448,7938.691,1768.154,0,860.075,0,35.003,1266,1671,2.090,0.930,0.480,1,0,21.002,0,0,10,4,5,14,0
14-08 13:25:51,23.754,2.000,73.761,0,0,1369576,1461828,166488,4934448,7248.080,1694.252,0,0,0,0,918,1080,2.090,0.930,0.480,1,0,0,0,0,10,4,5,14,0
14-08 13:25:52,22.254,3.251,72.263,1.500,0,1283228,1547884,166532,4934688,5146.906,1620.285,0,3660.644,0,333.059,2703,5329,2.010,0.930,0.490,1,0,12.002,0,0,10,4,5,16,0
14-08 13:25:53,21.526,4.756,72.588,0,0.250,1347312,1483360,166536,4935068,5919.168,1533.858,0,14713.818,0,38.046,1179,1704,2.010,0.930,0.490,1,0,31.038,0,0,10,9,5,16,0
14-08 13:25:54,22.459,4.492,71.869,0.250,0,1315776,1514504,166540,4935328,5215.492,1617.052,231.578,2184.019,57.894,34.936,1999,3303,2.010,0.930,0.490,1,0,45.916,0,0,10,28,5,16,0
14-08 13:25:55,22.309,4.261,73.445,0,0,1299236,1531028,166540,4935340,5117.567,1624.306,0,344.914,0,66.175,1383,2007,2.010,0.930,0.490,1,0,45.120,0,0,10,28,5,16,0
14-08 13:25:56,41.977,7.996,49.722,0.250,0,1423928,1406320,166540,4935356,5239.082,1619.098,0,111.938,0,8.995,1910,2592,2.010,0.930,0.490,2,0,112.937,0,0,10,28,5,16,0
14-08 13:25:57,48.772,14.256,35.016,0,0,1393320,1436672,166540,4935576,4955.195,1662.737,0,480.213,0,43.019,4778,10490,1.920,0.930,0.490,5,0,406.180,0,0,10,28,5,15,0
14-08 13:25:58,83.248,14.500,2.750,0,0,1591836,1237964,166540,4935748,7206.863,1693.968,0,12.000,0,3.000,3456,6055,1.920,0.930,0.490,5,0,171.997,0,0,10,31,5,15,0
14-08 13:25:59,73.747,11.749,13.999,0,0,1438200,1391252,166540,4935960,5460.760,1619.929,0,34134.498,0,99.996,3472,9148,1.920,0.930,0.490,2,0,199.991,0,0,10,28,5,15,0
14-08 13:26:00,30.929,6.734,61.608,0,0,1344412,1485016,166540,4935984,7336.105,1454.650,0,4098.561,0,75.825,2497,5292,1.920,0.930,0.490,1,0,109.747,0,0,10,28,5,15,0
14-08 13:26:01,22.745,4.249,72.734,0.250,0,1384184,1445228,166544,4935996,45167.289,1619.652,0,227.951,0,19.996,1784,3249,1.920,0.930,0.490,1,0,0,0,0,10,28,5,15,0
14-08 13:26:02,20.527,6.258,73.096,0,0,1379508,1449892,166544,4936008,4810.335,1622.136,0,136.179,0,11.015,1308,1784,1.850,0.930,0.490,2,0,68.090,0,0,10,28,5,15,0
14-08 13:26:03,17.521,10.262,70.583,0,0,1328488,1500876,166548,4936036,6901.123,1621.909,0,304.358,0,28.033,2458,4439,1.850,0.930,0.490,2,0,230.271,0,0,10,28,5,16,0
14-08 13:26:04,34.002,23.752,41.503,0,0,1420724,1408580,166548,4936080,6613.436,1620.107,0,10884.718,0,50.003,3274,5704,1.850,0.930,0.490,5,0,779.051,0,0,10,28,5,16,0
14-08 13:26:05,84.957,11.244,3.748,0.250,0,1612256,1216868,166568,4936236,7089.391,1619.176,0,791.597,0,44.977,4135,6837,1.850,0.930,0.490,5,0,28.985,0,0,10,31,5,15,0
14-08 13:26:06,79.792,11.256,9.005,0,0,1473584,1355244,166624,4936472,7138.726,1694.885,0,560.292,0,71.037,6486,14358,1.850,0.930,0.490,5,0,122.064,0,0,10,28,5,16,0
14-08 13:26:07,83.747,13.500,2.750,0,0,1590944,1237516,166632,4936828,6009.820,1531.954,0,207.994,0,14.000,4511,8693,2.100,1,0.520,5,0,189.994,0,0,10,31,5,15,0
14-08 13:26:08,83.250,11.250,4.750,0,0,1430580,1397444,166636,4937252,6814.027,1620.006,0,204.001,0,13.000,5020,14716,2.100,1,0.520,3,0,162.001,0,0,10,28,5,15,0
14-08 13:26:09,41.901,10.226,46.890,0,0,1367284,1460656,166644,4937296,4608.143,1616.192,0,66327.732,0,231.455,3364,7842,2.100,1,0.520,2,0,135.680,0,0,10,28,5,16,0
14-08 13:26:10,45.062,6.509,48.817,0.501,0,1388776,1439136,166644,4937320,5130.018,1664.277,0,236.323,0,23.032,2387,4801,2.100,1,0.520,2,0,60.082,0,0,10,29,5,16,0
14-08 13:26:11,65.836,15.771,18.023,0,0,1499368,1328464,166644,4937368,5396.020,1622.110,0,220.287,0,16.021,3722,7213,2.100,1,0.520,4,0,318.414,0,0,10,29,5,16,0
14-08 13:26:12,59.482,11.746,27.242,0,0,1379460,1447936,166652,4937784,5714.229,1619.498,0,499.845,0,45.986,6197,12485,2.260,1.050,0.540,4,0,257.920,0,0,10,28,5,17,0
14-08 13:26:13,84.231,8.498,6.499,0,0,1575464,1251908,166652,4937808,5207.849,1457.678,0,151.966,0,5.999,3181,5165,2.260,1.050,0.540,4,0,0,0,0,10,30,5,17,0
14-08 13:26:14,67.765,13.753,18.254,0,0,1416044,1411208,166668,4937908,4558.021,1620.363,0,2444.548,0,44.010,5257,12633,2.260,1.050,0.540,4,0,324.073,0,0,10,28,5,21,0
14-08 13:26:15,62.247,6.000,31.499,0,0,1511304,1315700,166680,4938144,5237.754,1693.920,0,251.988,0,16.999,4589,8216,2.260,1.050,0.540,4,0,0,0,0,10,30,5,24,0
14-08 13:26:16,65.740,13.998,20.247,0,0,1475392,1351432,166680,4938320,5594.172,1619.760,0,3735.447,0,129.981,4202,7620,2.260,1.050,0.540,6,0,298.956,0,0,10,28,5,25,0
14-08 13:26:17,60.554,11.761,28.025,0.250,0,1412920,1413668,166696,4938540,5469.923,1621.459,0,300.270,0,25.023,5848,12120,2.320,1.080,0.550,6,0,239.215,0,0,10,28,5,27,0
14-08 13:26:18,69.435,7.992,22.978,0,0,1515180,1311000,166708,4938932,6660.739,1618.479,0,223.790,0,10.990,2505,3863,2.320,1.080,0.550,3,0,49.953,0,0,10,29,5,27,0
14-08 13:26:19,61.756,9.001,28.003,0,0,1447544,1378220,166740,4939288,8347.785,1694.159,0,476.045,0,37.003,4022,7803,2.320,1.080,0.550,3,0,112.011,0,0,10,28,5,28,0
14-08 13:26:20,62.004,12.001,25.502,0,0,1409992,1415536,166768,4939484,10516.694,1724.114,0,496.033,0,47.003,4151,9743,2.320,1.080,0.550,5,0,225.015,0,0,10,28,5,30,0
14-08 13:26:21,84.504,14.001,1.500,0,0,1583820,1241664,166772,4939524,8642.398,1512.070,0,1248.057,0,21.001,2320,3570,2.320,1.080,0.550,7,0,271.012,0,0,10,28,5,29,0
14-08 13:26:22,82.496,15.499,1.750,0,0,1487812,1337392,166784,4939784,5555.722,1767.912,0,983.951,0,52.997,4906,9632,2.690,1.180,0.590,9,0,295.985,0,0,10,28,5,29,0
14-08 13:26:23,84.007,13.751,1.750,0,0,1597172,1227968,166804,4939824,8755.744,1620.138,0,496.042,0,31.003,3553,6336,2.690,1.180,0.590,7,0,212.018,0,0,10,30,5,26,0
14-08 13:26:24,79.045,15.759,4.753,0,0,1564940,1259888,166820,4940204,6182.555,1620.932,0,5387.098,0,341.196,5674,15133,2.690,1.180,0.590,9,0,305.175,0,0,10,28,5,26,0
14-08 13:26:25,51.219,26.234,22.736,0,0,1398516,1426060,166820,4940444,5971.423,1619.030,0,219.868,0,11.993,6651,15417,2.690,1.180,0.590,3,0,859.485,0,0,10,28,5,27,0
14-08 13:26:26,19.000,27.750,53.750,0,0,1361860,1462684,166824,4940472,7389.933,1693.985,0,287.997,0,21.000,3965,6820,2.690,1.180,0.590,5,0,877.992,0,0,10,28,5,27,0
14-08 13:26:27,78.937,17.486,2.998,0,0,1554308,1270184,166828,4940520,5433.642,1618.702,0,175.859,0,10.991,2864,6487,2.800,1.230,0.600,5,0,414.667,0,0,10,31,5,27,0
14-08 13:26:28,77.560,15.262,8.006,0.500,0,1443292,1380956,166844,4940728,6772.269,1459.135,0,600.467,0,64.050,4213,10045,2.800,1.230,0.600,5,0,268.209,0,0,10,28,5,27,0
14-08 13:26:29,76.002,10.250,12.500,0,0.250,1571808,1252344,166876,4940788,5255.163,1620.050,0,2844.088,0,170.005,6693,13001,2.800,1.230,0.600,3,0,0,0,0,10,32,5,27,0
14-08 13:26:30,64.989,7.749,26.246,0,0,1552292,1271420,166888,4941200,7868.678,1619.728,0,347.942,0,43.993,8772,20797,2.800,1.230,0.600,5,0,29.995,0,0,10,29,5,33,0
14-08 13:26:31,82.762,10.502,6.001,0,0,1542684,1280848,166892,4941376,43465.563,1694.256,0,196.030,0,19.003,4602,8919,2.800,1.230,0.600,4,0,90.014,0,0,10,29,5,33,0
14-08 13:26:32,67.197,12.490,20.234,0,0,1535748,1287572,166892,4941576,6261.016,1692.653,0,3.997,0,0.999,6618,17707,2.730,1.240,0.610,8,0,70.944,0,0,10,31,5,42,0
14-08 13:26:33,73.559,10.759,15.262,0,0,1447712,1375180,166892,4942000,5382.284,1621.291,0,0,0,0,4874,13682,2.730,1.240,0.610,7,0,196.156,0,0,10,29,5,46,0
14-08 13:26:34,82.746,10.999,6.250,0,0,1526464,1296204,166900,4942208,5140.738,1767.910,0,511.974,0,21.999,4443,11165,2.730,1.240,0.610,5,0,29.998,0,0,10,29,5,46,0
14-08 13:26:35,84.990,10.749,4.499,0,0,1539368,1283260,166900,4942244,5550.373,1551.825,0,0,0,0,2489,4276,2.730,1.240,0.610,5,0,101.988,0,0,10,28,5,46,0
14-08 13:26:36,76.509,12.502,12.001,0.250,0,1452564,1369832,166908,4942464,6504.794,1620.198,0,516.063,0,51.006,5568,13752,2.730,1.240,0.610,5,0,176.021,0,0,10,28,5,46,0
14-08 13:26:37,84.752,11.250,4.000,0,0,1575132,1247088,166908,4942632,5642.102,1620.029,0,5000.090,0,139.003,3957,8506,2.830,1.290,0.630,6,0,73.001,0,0,10,30,5,44,0
14-08 13:26:38,80.996,11.999,6.500,0,0,1481944,1340060,166912,4942840,8388.539,1693.907,0,127.993,0,9.000,3685,9036,2.830,1.290,0.630,5,0,162.991,0,0,10,28,5,45,0
14-08 13:26:39,78.158,10.238,11.237,0,0,1464340,1357428,166948,4943028,6764.045,1618.097,0,451.469,0,48.942,4508,12114,2.830,1.290,0.630,6,0,118.860,0,0,10,29,5,46,0
14-08 13:26:40,69.313,11.260,19.267,0,0,1511356,1310372,166952,4943064,7908.141,1847.668,0,536.484,0,33.030,2565,4667,2.830,1.290,0.630,4,0,142.128,0,0,10,28,6,46,0
14-08 13:26:41,61.267,11.503,26.758,0,0,1422664,1398692,166956,4943416,8261.354,1694.483,0,248.071,0,18.005,3731,9998,2.830,1.290,0.630,4,0,181.052,0,0,10,28,6,46,0
14-08 13:26:42,64.994,8.499,26.747,0,0.250,1471236,1349952,166964,4943576,7469.275,1511.853,0,2723.736,0,190.981,3366,7861,2.930,1.330,0.650,4,0,59.994,0,0,10,28,6,47,1
14-08 13:26:43,66.440,8.492,24.728,0,0,1502640,1318484,166980,4943620,6028.586,1638.529,0,251.774,0,21.980,2598,5029,2.930,1.330,0.650,4,0,71.935,0,0,10,29,6,48,0
14-08 13:26:44,64.316,10.761,25.526,0.250,0,1430280,1390704,166984,4943752,6560.698,1621.656,0,328.335,0,27.028,3207,8340,2.930,1.330,0.650,3,0,82.084,0,0,10,28,6,48,0
14-08 13:26:45,62.496,9.499,27.248,0,0,1399716,1420940,166996,4944068,8683.427,1703.888,0,463.969,0,44.997,4405,9685,2.930,1.330,0.650,3,0,74.995,0,0,10,28,6,49,0
14-08 13:26:46,65.229,9.497,24.492,0.250,0,1513212,1307408,167012,4944080,5770.182,1619.490,0,459.855,0,24.992,2421,3784,2.930,1.330,0.650,3,0,61.980,0,0,10,28,6,49,0
14-08 13:26:47,55.518,17.006,28.259,0,0,1404832,1415552,167016,4944304,5980.974,1768.584,0,436.144,0,36.012,6675,12911,2.930,1.360,0.660,3,0,425.140,0,0,10,28,6,54,0
14-08 13:26:48,69.512,9.434,21.847,0,0,1465500,1354676,167020,4944496,6048.569,1608.715,0,274.077,0,13.902,3047,9610,2.930,1.360,0.660,3,0,33.763,0,0,10,30,6,55,0
14-08 13:26:49,31.222,14.352,53.127,0,0,1386492,1433448,167024,4944724,5011.562,1631.578,0,406.887,0,26.186,4063,7950,2.930,1.360,0.660,2,0,411.923,0,0,10,28,6,56,0
14-08 13:26:50,23.680,2.991,72.285,0.249,0,1405764,1414132,167032,4944756,7626.304,1581.294,0,223.335,0,19.941,2674,6020,2.930,1.360,0.660,1,0,0,0,0,10,28,6,56,0
14-08 13:26:51,11.032,20.560,67.948,0,0,1341376,1478356,167040,4944904,5076.819,1570.585,0,256.749,0,20.059,3154,4818,2.930,1.360,0.660,3,0,505.475,0,0,10,28,6,56,0
14-08 13:26:52,43.654,6.735,48.893,0,0,1475220,1344060,167132,4945188,6314.178,1616.462,0,2346.863,0,24.945,1652,2409,2.860,1.370,0.670,2,0,90.801,0,0,10,28,6,58,0
14-08 13:26:53,41.075,6.762,45.583,7.263,0.250,1428172,1385044,167796,4950100,6728.205,1622.944,0,24416.291,0,1963.562,7640,16801,2.860,1.370,0.670,2,1,84.153,0,0,10,32,6,58,0
14-08 13:26:54,38.249,7.000,41.498,12.000,0,1505596,1303820,168568,4952964,7909.699,1619.938,0,40478.462,0,3721.859,12681,29557,2.860,1.370,0.670,1,1,64.998,0,0,10,32,6,56,0
14-08 13:26:55,44.249,6.250,48.249,0.750,0,1423112,1386324,168604,4952896,7086.865,1693.968,0,12303.766,0,905.983,2752,5198,2.860,1.370,0.670,2,0,6.000,0,0,10,28,6,56,0
14-08 13:26:56,44.299,5.756,46.051,5.506,0,1515208,1293616,168988,4953112,6903.677,1695.886,0,13110.579,0,1695.886,8826,19275,2.860,1.370,0.670,1,1,3.003,0,0,10,30,6,56,0
14-08 13:26:57,31.724,7.994,54.706,3.247,0,1384944,1423264,169304,4953396,5262.742,1552.744,0,8964.748,0,1096.113,6161,12389,2.710,1.370,0.670,1,0,100.918,0,0,10,28,6,56,0
14-08 13:26:58,22.954,2.745,74.103,0.499,0,1457760,1350436,169316,4953396,6430.230,1616.789,0,834.343,0,49.901,1112,1515,2.710,1.370,0.670,1,0,1.996,0,0,10,28,6,56,0
14-08 13:26:59,23.485,2.998,72.453,0.500,0,1407324,1400840,169336,4953408,5428.504,1564.992,0,6459.840,0,331.786,1515,2526,2.710,1.370,0.670,1,0,0.999,0,0,10,28,6,56,0
14-08 13:27:00,23.495,2.499,73.484,0,0,1456188,1351952,169348,4953420,6252.643,1619.649,0,195.957,0,9.998,1049,1283,2.710,1.370,0.670,2,0,2.000,0,0,10,32,6,56,0
14-08 13:27:01,23.259,3.251,73.278,0,0,1427676,1380452,169348,4953432,44236.075,1662.642,0,60.023,0,9.003,1146,1287,2.710,1.370,0.670,1,0,3.001,0,0,10,32,6,56,0
14-08 13:27:02,23.008,2.501,73.776,0,0,1370972,1437144,169348,4953444,5082.815,1620.579,0,4.001,0,1.000,937,1086,2.570,1.360,0.670,1,0,1.000,0,0,10,32,6,56,0
14-08 13:27:03,23.496,2.749,73.987,0,0,1448840,1359276,169348,4953444,6132.884,1693.692,0,0,0,0,943,1156,2.570,1.360,0.670,1,0,2.000,0,0,10,32,6,56,0
14-08 13:27:04,21.497,4.249,73.740,0,0,1390584,1417480,169348,4953492,5775.255,1511.805,0,0,0,0,912,1155,2.570,1.360,0.670,1,0,1.000,0,0,10,32,6,55,0
14-08 13:27:05,23.468,2.497,73.400,0,0,1457640,1350476,169348,4953492,6416.255,1617.795,0,3.995,0,0.999,944,1139,2.570,1.360,0.670,1,0,1.997,0,0,10,32,6,55,0
14-08 13:27:06,23.766,2.001,73.049,0.250,0,1405080,1402864,169392,4953612,6342.224,1567.044,0,584.389,0,35.023,1142,1631,2.570,1.360,0.670,1,0,1.001,0,0,10,32,6,54,0
14-08 13:27:07,23.500,2.250,73.249,0,0,1415280,1392648,169392,4953628,6807.939,1619.985,0,0,0,0,917,1129,2.450,1.350,0.670,1,0,3.000,0,0,10,32,6,54,0
14-08 13:27:08,22.518,3.253,73.809,0,0,1355500,1452384,169396,4953648,6574.246,1621.294,0,8.006,0,2.002,932,1121,2.450,1.350,0.670,1,0,3.002,0,0,10,32,6,54,0
14-08 13:27:09,23.247,2.500,73.741,0,0,1367920,1439928,169400,4953680,4622.436,1619.802,0,0,0,0,955,1150,2.450,1.350,0.670,1,0,1.000,0,0,10,32,6,54,0
14-08 13:27:10,22.978,3.497,73.431,0.250,0,1442752,1365088,169404,4953684,5560.767,1618.477,0,707.334,0,16.984,1108,1409,2.450,1.350,0.670,2,0,1.998,0,0,10,32,6,53,0
14-08 13:27:11,16.532,9.769,72.391,0,0.250,1356168,1451520,169412,4953824,6508.633,1665.232,0,0,0,0,1726,2392,2.450,1.350,0.670,1,0,153.298,0,0,10,32,6,53,0
14-08 13:27:12,8.244,21.234,69.446,0,0,1360628,1446996,169412,4953852,4732.332,1658.714,0,1011.216,0,10.991,3142,4975,2.250,1.330,0.670,1,0,508.606,0,0,10,32,6,52,0
14-08 13:27:13,10.268,19.284,70.125,0,0,1358460,1448912,169416,4954100,5645.054,1697.022,0,288.514,0,6.011,2904,4692,2.250,1.330,0.670,1,0,430.767,0,0,10,32,6,52,0
14-08 13:27:14,12.477,14.972,71.617,0,0,1386284,1421072,169416,4954108,5341.071,1563.094,0,3.993,0,0.998,2259,3498,2.250,1.330,0.670,2,0,282.475,0,0,10,32,6,48,0
14-08 13:27:15,23.250,3.000,73.999,0,0,1460592,1346760,169416,4954108,4991.920,1693.973,0,0,0,0,836,1185,2.250,1.330,0.670,2,0,2.000,0,0,10,32,6,48,0
14-08 13:27:16,23.501,2.000,73.254,0,0,1401640,1405704,169428,4954104,6243.343,1620.089,0,536.029,0,38.002,1136,1647,2.250,1.330,0.670,2,0,1.000,0,0,10,32,6,44,0
14-08 13:27:17,23.496,2.500,73.488,0,0,1462616,1344724,169428,4954108,5163.189,1619.746,0,19.997,0,1.000,945,1208,2.150,1.330,0.670,2,0,3.999,0,0,10,32,6,44,0
14-08 13:27:18,23.562,3.008,73.946,0,0,1422992,1384340,169428,4954112,5895.588,1516.008,0,605.601,0,112.297,974,1109,2.150,1.330,0.670,2,0,1.003,0,0,10,32,6,42,0
14-08 13:27:19,22.690,2.743,73.306,0,0,1360680,1446604,169428,4954160,7182.039,1805.234,0,15.958,0,0.997,960,1138,2.150,1.330,0.670,1,0,2.992,0,0,10,32,6,42,0
14-08 13:27:20,21.999,3.750,73.997,0,0,1444328,1362968,169428,4954148,9352.617,1767.928,0,4.000,0,1.000,950,1168,2.150,1.330,0.670,1,0,2.000,0,0,10,32,6,39,0
14-08 13:27:21,22.805,3.007,73.679,0,0,1390384,1416920,169428,4954140,4075.884,1569.807,0,12.029,0,1.002,877,1083,2.150,1.330,0.670,1,0,1.002,0,0,10,32,6,39,0
14-08 13:27:22,22.251,3.250,74.003,0,0,1459684,1347620,169428,4954140,5974.209,1768.062,0,68.002,0,2.000,939,1140,2.060,1.320,0.670,1,0,2.000,0,0,10,32,6,39,0
14-08 13:27:23,22.694,2.993,73.819,0,0,1417348,1389948,169428,4954148,7341.997,1616.037,0,39.902,0,2.993,848,1095,2.060,1.320,0.670,1,0,0.998,0,0,10,32,6,39,0
14-08 13:27:24,23.753,3.000,73.760,0,0,1357764,1449520,169428,4954160,5982.820,1694.232,0,52.007,0,3.000,880,1181,2.060,1.320,0.670,1,0,3.000,0,0,10,32,6,39,0
14-08 13:27:25,21.746,3.749,73.986,0,0,1437248,1370060,169428,4954136,6917.706,1511.717,0,0,0,0,1000,1194,2.060,1.320,0.670,1,0,2.000,0,0,10,32,6,39,0
14-08 13:27:26,22.550,3.257,73.161,0.251,0,1381024,1426332,169436,4954076,6696.766,1697.744,0,2717.993,0,127.281,1277,1728,2.060,1.320,0.670,1,0,1.002,0,0,10,32,6,39,0
14-08 13:27:27,21.959,3.993,73.612,0,0,1454604,1352752,169436,4954076,8050.921,1616.971,0,0,0,0,987,1202,1.970,1.310,0.680,2,0,3.993,0,0,10,32,6,38,0
14-08 13:27:28,22.504,3.751,73.513,0,0,1393188,1413960,169436,4954284,7495.282,1768.302,0,244.042,0,30.005,969,1095,1.970,1.310,0.680,2,0,1.000,0,0,10,32,6,38,0
14-08 13:27:29,23.244,2.999,73.732,0,0,1409432,1397724,169436,4954276,5005.769,1565.615,0,11.997,0,1.000,927,1114,1.970,1.310,0.680,2,0,1.000,0,0,10,32,6,38,0
14-08 13:27:30,22.998,3.500,73.995,0,0,1462076,1345060,169436,4954296,5780.572,1619.880,0,19.999,0,1.000,904,1093,1.970,1.310,0.680,2,0,2.000,0,0,10,32,6,38,0
14-08 13:27:31,23.011,2.501,73.786,0,0,1361100,1446036,169436,4954296,42674.081,1620.801,0,20.010,0,1.000,1025,1121,1.970,1.310,0.680,2,0,2.001,0,0,10,32,6,29,0
14-08 13:27:32,23.242,3.499,73.974,0,0,1442256,1364892,169436,4954284,8256.127,1511.474,0,79.972,0,2.999,988,1164,1.890,1.310,0.680,2,0,1.999,0,0,10,32,6,29,0
14-08 13:27:33,19.544,8.018,71.914,0,0,1359524,1447588,169436,4954320,10493.863,1623.692,0,60.137,0,5.011,1737,2442,1.890,1.310,0.680,2,0,167.381,0,0,10,32,6,17,0
14-08 13:27:34,16.711,10.974,71.832,0,0,1412040,1395020,169440,4954352,5473.225,1690.055,0,47.888,0,3.991,1938,2885,1.890,1.310,0.680,1,0,224.476,0,0,10,32,6,17,0
14-08 13:27:35,22.000,3.750,73.751,0,0,1373684,1433148,169444,4954576,7482.090,1714.021,0,0,0,0,1022,1253,1.890,1.310,0.680,1,0,9.000,0,0,10,32,6,16,0
14-08 13:27:36,22.774,3.253,73.326,0,0,1446232,1360600,169444,4954576,6922.199,1641.707,0,500.521,0,35.036,1144,1663,1.890,1.310,0.680,1,0,0,0,0,10,32,6,16,0
14-08 13:27:37,12.254,18.756,68.523,0,0,1357348,1449388,169444,4954672,6618.197,1694.563,0,96.032,0,4.001,2957,4721,1.900,1.320,0.690,2,0,456.151,0,0,10,32,6,16,0
14-08 13:27:38,9.257,21.515,69.300,0,0,1359380,1447328,169444,4954700,6274.505,1621.164,0,292.210,0,9.006,3131,5151,1.900,1.320,0.690,1,0,496.356,0,0,10,32,6,16,0
14-08 13:27:39,10.246,19.243,69.476,0,0,1355600,1451068,169444,4954736,7619.318,1553.453,0,747.737,0,10.996,3126,4853,1.900,1.320,0.690,1,0,485.829,0,0,10,32,6,15,0
14-08 13:27:40,8.503,21.008,68.777,0,0,1359632,1446992,169444,4954764,6922.762,1620.647,0,1288.514,0,14.006,3258,5247,1.900,1.320,0.690,1,0,545.218,0,0,10,32,6,15,0
14-08 13:27:41,9.750,20.000,69.751,0,0,1360128,1446456,169444,4954784,7424.082,1620.018,0,1308.014,0,15.000,3185,5092,1.900,1.320,0.690,1,0,515.006,0,0,10,32,6,14,0
14-08 13:27:42,9.243,18.486,70.696,0.250,0,1359440,1447112,169444,4954816,6863.797,1618.773,0,227.827,0,6.995,2807,4189,1.830,1.320,0.690,2,0,384.708,0,0,10,32,6,14,0
14-08 13:27:43,8.749,20.248,69.742,0,0,1360132,1446392,169444,4954844,6101.304,1619.815,0,327.963,0,7.999,2945,4612,1.830,1.320,0.690,2,0,436.950,0,0,10,32,6,13,0
14-08 13:27:44,28.029,28.780,41.794,0,0,1434392,1371996,169496,4954896,5263.511,1641.719,0,1317.379,0,107.112,4523,8237,1.830,1.320,0.690,4,0,853.894,0,0,10,32,6,19,0
14-08 13:27:45,65.563,9.009,25.024,0.751,0,1622332,1182104,169644,4956448,6163.924,1695.629,0,2586.486,0,212.204,2431,3500,1.830,1.320,0.690,3,0,12.012,0,0,10,34,6,18,0
14-08 13:27:46,47.215,11.242,29.478,12.241,0,1614376,1176784,170416,4967972,7929.109,1510.877,399.703,64552.038,3.997,4893.364,16630,37338,1.830,1.320,0.690,3,1,164.877,0,0,10,36,6,19,0
14-08 13:27:47,42.472,9.744,29.480,16.239,0,1662604,1113304,171612,4981460,7439.060,1618.925,0,108859.717,0,8052.653,21277,52396,2.080,1.380,0.710,3,1,103.931,0,0,10,36,6,13,0
14-08 13:27:48,52.012,10.753,28.757,6.752,0,1640252,1126264,171984,4990124,5800.380,1620.386,0,67856.150,0,5243.248,16352,47639,2.080,1.380,0.710,2,2,143.034,0,0,10,36,6,14,0
14-08 13:27:49,40.749,19.749,30.999,7.250,0,1579320,1178052,172500,4998516,5979.833,1619.955,363.990,51550.557,7.000,4213.882,16024,36339,2.080,1.380,0.710,2,1,313.991,0,0,10,35,6,13,0
14-08 13:27:50,46.011,14.253,30.507,7.252,0,1525892,1225660,172832,5003696,8094.975,1694.413,1084.265,62220.182,15.004,4553.111,16654,40117,2.080,1.380,0.710,8,0,171.042,0,0,10,34,6,17,0
14-08 13:27:51,37.432,8.984,41.425,9.233,0,1579096,1171180,173008,5004704,5146.705,1617.080,527.048,46655.740,7.986,4152.501,13703,32745,2.080,1.380,0.710,8,0,102.814,0,0,10,35,6,16,0
14-08 13:27:52,39.091,7.768,44.103,9.272,0,1517896,1229708,173376,5006984,4973.564,1697.948,0,49463.001,0,4331.070,16720,38131,2.080,1.390,0.720,6,0,67.156,0,0,10,34,6,24,0
14-08 13:27:53,40.973,6.995,44.221,8.245,0,1576008,1169820,173584,5008480,5125.638,1564.973,0,45022.465,0,3798.508,11682,28018,2.080,1.390,0.720,3,0,69.954,0,0,10,34,6,22,0
14-08 13:27:54,40.996,6.499,42.495,9.499,0,1576232,1166352,173752,5011464,4648.498,1511.837,0,52722.306,0,4645.498,16932,38406,2.080,1.390,0.720,2,0,50.994,0,0,10,35,6,27,0
14-08 13:27:55,36.269,8.504,41.522,12.006,0,1567600,1170500,174020,5015568,5866.056,1620.844,0,53315.778,0,4425.306,14461,32972,2.080,1.390,0.720,2,0,75.039,0,0,10,34,6,27,0
14-08 13:27:56,37.973,8.744,42.970,10.992,0,1577604,1156388,174316,5019276,6091.681,1618.852,0,58578.468,0,4989.462,16202,40308,2.080,1.390,0.720,2,1,98.930,0,0,10,37,6,30,0
14-08 13:27:57,37.239,9.747,42.237,10.747,0,1549936,1182476,174436,5020648,8719.419,1661.508,0,44930.701,0,3958.828,12769,32076,2.070,1.400,0.730,3,0,80.976,0,0,10,36,6,30,0
14-08 13:27:58,38.278,7.756,43.032,10.007,0,1524248,1212328,174556,5016348,4993.685,1621.196,0,55380.871,0,4697.467,14676,35427,2.070,1.400,0.730,2,0,52.038,0,0,10,34,6,32,0
14-08 13:27:59,31.491,8.997,59.233,0,0,1462328,1274080,174556,5016516,5274.470,1619.530,0,815.763,0,41.988,2044,3118,2.070,1.400,0.730,1,0,211.939,0,0,10,32,6,32,0
14-08 13:28:00,19.716,5.990,73.374,0,0,1445804,1290600,174556,5016520,6261.237,1617.220,0,1784.932,0,103.822,1587,2566,2.070,1.400,0.730,1,0,59.897,0,0,10,32,6,32,0
14-08 13:28:01,21.993,4.748,72.476,0.250,0,1413880,1322484,174556,5016544,42702.908,1531.495,0,547.819,0,27.991,2166,4229,2.070,1.400,0.730,1,0,42.986,0,0,10,32,6,33,0
14-08 13:28:02,23.020,3.253,73.315,0.250,0,1459484,1276872,174556,5016552,6046.375,1695.507,0,504.448,0,33.029,1635,2859,1.980,1.390,0.730,1,0,0,0,0,10,33,6,33,0
14-08 13:28:03,13.753,16.004,69.766,0,0,1396804,1339376,174564,5016720,8325.915,1620.373,0,848.195,0,56.013,3450,5927,1.980,1.390,0.730,3,0,468.108,0,0,10,32,6,33,0
14-08 13:28:04,48.061,16.771,35.295,0,0,1506268,1229740,174588,5016868,5909.541,1696.164,0,1013.293,0,73.093,2992,4579,1.980,1.390,0.730,3,0,332.424,0,0,10,32,6,39,0
14-08 13:28:05,66.227,9.247,24.491,0,0,1699516,1034284,174696,5018744,5412.111,1619.435,0,2207.230,0,98.965,1557,1712,1.980,1.390,0.730,3,0,0,0,0,10,32,6,39,0
14-08 13:28:06,57.206,6.745,31.226,4.746,0,1780696,945128,174920,5025944,5704.642,1618.763,0,40612.972,0,2848.823,9670,20614,1.980,1.390,0.730,4,2,83.936,0,0,10,38,6,39,0
14-08 13:28:07,30.057,7.264,47.841,15.028,0,1785472,924216,175152,5041324,4567.660,1623.077,0,97577.006,0,7506.232,24168,52754,1.910,1.380,0.730,3,2,293.557,0,0,10,38,6,39,0
14-08 13:28:08,42.466,9.492,33.473,12.240,0,1675524,1021456,175400,5053432,5530.592,1618.710,0,106339.248,0,7817.769,22053,50813,1.910,1.380,0.730,2,1,239.809,0,0,10,36,6,39,0
14-08 13:28:09,47.501,9.000,30.000,11.250,0,1732092,954464,175584,5063300,3915.043,1532.017,0,86956.957,0,6715.074,18457,42868,1.910,1.380,0.730,4,0,160.002,0,0,10,36,6,39,0
14-08 13:28:10,40.003,8.251,34.503,14.251,0,1784016,887460,175748,5077712,5011.381,1846.140,0,103383.857,0,7550.574,19830,48316,1.910,1.380,0.730,7,0,3.000,0,0,10,38,7,39,0
14-08 13:28:11,43.151,6.485,39.410,9.229,0,1667976,997316,175800,5083588,5697.974,1732.041,0,49582.654,0,4166.475,13564,30843,1.910,1.380,0.730,2,0,113.740,0,0,10,32,7,39,0
14-08 13:28:12,18.786,11.272,67.630,1.002,0,1449516,1215724,175800,5083608,5106.810,1623.118,0,9754.739,0,596.145,2993,5300,1.830,1.380,0.730,1,0,250.481,0,0,10,32,7,39,0
14-08 13:28:13,22.748,3.500,73.245,0.250,0,1515284,1149952,175800,5083612,5895.558,1693.873,0,1207.909,0,87.993,1179,1641,1.830,1.380,0.730,1,0,0,0,0,10,32,7,39,0
14-08 13:28:14,22.704,2.744,72.851,0.249,0,1415040,1250184,175804,5083620,5858.050,1616.702,0,4371.083,0,276.436,1824,3030,1.830,1.380,0.730,1,0,26.945,0,0,10,32,7,39,0
14-08 13:28:15,22.496,2.999,73.738,0.250,0,1479552,1185672,175804,5083620,5273.109,1745.705,0,99.983,0,9.998,969,1207,1.830,1.380,0.730,1,0,1.000,0,0,10,32,7,39,0
14-08 13:28:16,23.503,3.250,73.508,0,0,1398196,1267020,175804,5083628,7349.801,1620.177,0,120.013,0,15.002,1185,1652,1.830,1.380,0.730,1,0,9.001,0,0,10,32,7,39,0
14-08 13:28:17,14.031,33.074,51.114,0,0,1412136,1253096,175808,5083700,5814.012,1609.602,0,4205.412,0,67.150,5584,9701,2.010,1.420,0.750,1,0,1262.826,0,0,10,32,7,39,0
14-08 13:28:18,9.744,19.987,68.956,0,0,1410272,1254904,175808,5083756,6245.028,1692.923,0,251.840,0,18.988,2962,4392,2.010,1.420,0.750,2,0,479.695,0,0,10,32,7,39,0
14-08 13:28:19,9.489,17.729,70.165,0,0,1413116,1251968,175808,5083836,6115.618,1711.934,0,7.990,0,1.998,2788,4285,2.010,1.420,0.750,1,0,376.546,0,0,10,32,6,39,0
14-08 13:28:20,10.498,18.747,69.238,0,0,1414428,1249804,175808,5084984,10775.147,1755.698,0,43.992,0,10.998,3463,6232,2.010,1.420,0.750,0,0,370.936,0,0,10,32,6,39,0
14-08 13:28:21,32.245,14.498,52.242,0,0,1471596,1192260,175812,5085264,7872.725,1619.738,0,39.994,0,3.000,4315,6817,2.010,1.420,0.750,2,0,193.969,0,0,10,33,6,39,0
14-08 13:28:22,45.727,5.497,49.226,0,0,1581584,1082164,175812,5085336,6499.783,1713.152,0,519.743,0,7.996,1158,1153,2.010,1.430,0.760,2,0,0,0,0,10,33,6,39,0
14-08 13:28:23,49.206,4.996,45.709,0,0,1645408,1014680,175860,5088832,8105.762,1618.555,0,791.293,0,87.921,1874,9275,2.010,1.430,0.760,2,0,6.994,0,0,10,49,6,39,0
14-08 13:28:24,24.784,11.766,62.334,0,0,1671620,987516,175884,5089484,5798.852,1708.313,0,981.329,0,91.123,2313,3487,2.010,1.430,0.760,1,0,214.290,0,0,10,48,6,40,0
14-08 13:28:25,10.245,2.999,85.712,0.250,0,1688900,970188,175888,5089492,6360.202,2205.030,0,151.933,0,9.996,1022,1505,2.010,1.430,0.760,0,0,42.981,0,0,10,49,6,40,0
14-08 13:28:26,0.750,0.750,97.763,0,0,1689152,969936,175888,5089492,135406.467,5018.647,0,240.031,0,12.002,948,1418,2.010,1.430,0.760,0,0,0,0,0,10,49,6,40,0
14-08 13:28:27,13.525,7.013,76.392,1.252,0,1700804,956880,175980,5090640,54649.429,2813.221,4.007,5850.859,1.002,428.796,2467,3697,1.930,1.420,0.760,1,0,64.119,0,0,10,48,6,41,0
14-08 13:28:28,16.264,9.758,72.311,0.751,0,1721372,885312,175996,5139636,7030.927,1621.367,0,4507.800,0,130.110,1917,2693,1.930,1.420,0.760,1,0,42.035,0,0,10,48,6,41,0
14-08 13:28:29,13.985,12.486,73.420,0,0,1708660,898000,175996,5139644,8131.153,1618.239,0,639.304,0,1.998,1773,1995,1.930,1.420,0.760,1,0,81.911,0,0,10,48,6,41,0
14-08 13:28:30,22.477,3.247,73.674,0,0,1739680,866876,175996,5139644,6153.656,1618.332,0,0,0,0,1066,1189,1.930,1.420,0.760,1,0,11.988,0,0,10,48,6,41,0
14-08 13:28:31,17.279,7.763,74.125,0,0,1676208,979812,176144,5090996,43370.906,1622.728,160.269,20.034,10.017,3.005,1657,2036,1.930,1.420,0.760,2,0,91.153,0,0,10,48,6,41,0
14-08 13:28:32,14.970,16.716,66.864,0,0,1679540,976400,176148,5091364,7471.855,1508.941,0,7.984,0,1.996,5310,12036,1.850,1.420,0.760,1,0,270.452,0,0,10,48,6,41,0
14-08 13:28:33,3.000,2.000,94.990,0,0,1679872,976056,176148,5091020,6526.302,1639.825,0,275.970,0,2.000,1246,1838,1.850,1.420,0.760,0,0,25.997,0,0,10,48,6,41,0
14-08 13:28:34,1.000,1.000,97.985,0,0,1679816,976112,176148,5091020,5640.143,1713.740,0,0,0,0,663,1018,1.850,1.420,0.760,0,0,3.000,0,0,10,48,6,41,0
14-08 13:28:35,0.500,0.500,98.501,0,0,1679756,976168,176148,5091024,5358.080,1714.026,0,0,0,0,667,1039,1.850,1.420,0.760,0,0,3.000,0,0,10,48,6,41,0
14-08 13:28:36,0.500,0.250,97.761,0.250,0,1679756,976168,176148,5091024,6161.678,1620.178,0,72.008,0,10.001,791,1329,1.850,1.420,0.760,0,0,1.000,0,0,10,48,6,41,0
14-08 13:28:37,10.776,10.024,77.687,0.251,0,1630484,1025396,176152,5091152,6418.436,1623.905,0,1928.638,0,29.070,2850,6418,2.020,1.460,0.780,2,0,182.439,0,0,10,48,6,41,0
14-08 13:28:38,12.752,17.002,70.259,0,0,1670256,985528,176152,5091236,7465.008,1620.219,0,8.001,0,2.000,3337,9822,2.020,1.460,0.780,1,0,293.040,0,0,11,48,6,41,0
14-08 13:28:39,16.975,18.472,63.655,0,0,1678092,977356,176152,5091396,6607.096,1619.572,0,0,0,0,5414,9635,2.020,1.460,0.780,3,0,277.584,0,0,11,48,6,41,0
14-08 13:28:40,3.497,4.496,90.171,0.250,0,1675668,979768,176152,5091396,7552.346,1618.574,0,659.419,0,26.976,1494,2400,2.020,1.460,0.780,1,0,111.901,0,0,11,48,6,41,0
14-08 13:28:41,16.999,14.249,67.497,0.250,0,1680508,974724,176152,5091556,6901.738,1565.940,0,4639.824,0,250.990,5678,9330,2.020,1.460,0.780,1,0,246.991,0,0,13,48,6,42,0
14-08 13:28:42,9.501,17.502,72.007,0,0,1678384,976844,176152,5091596,7607.791,1768.184,0,44.005,0,10.001,2921,4696,1.940,1.450,0.780,1,0,393.041,0,0,13,50,6,42,0
14-08 13:28:43,17.003,15.753,67.012,0,0,1681332,973800,176152,5092096,5479.997,1694.308,0,40.007,0,10.002,5069,8563,1.940,1.450,0.780,1,0,277.050,0,0,13,50,6,42,0
14-08 13:28:44,33.003,17.501,48.504,0,0,1748308,906772,176168,5092144,5241.409,1620.126,0,64.005,0,6.000,4959,11278,1.940,1.450,0.780,1,0,386.030,0,0,13,50,6,36,0
14-08 13:28:45,30.486,5.997,63.720,0,0,1792396,861276,176248,5093072,6412.986,1693.204,31.985,419.803,1.999,5.997,1805,4131,1.940,1.450,0.780,1,0,56.973,0,0,13,53,6,39,0
14-08 13:28:46,24.483,5.246,69.202,0.250,0,1865176,788468,176256,5093092,9216.613,1510.953,0,375.740,0,12.991,1426,2043,1.940,1.450,0.780,1,0,11.992,0,0,13,58,6,39,0
14-08 13:28:47,16.765,2.753,79.572,0.250,0,1908200,744876,176260,5093656,7032.407,1621.477,0,6634.044,0,336.306,1826,4164,1.790,1.430,0.770,0,0,5.005,0,0,13,58,6,39,0
14-08 13:28:48,1.250,0.750,97.264,0,0,1908952,744124,176260,5093656,5471.761,1620.225,0,556.077,0,28.004,690,1147,1.790,1.430,0.770,1,0,10.001,0,0,13,58,6,39,0
14-08 13:28:49,12.505,10.755,76.782,0,0,1849100,803992,176260,5094004,7397.114,1804.760,0,1000.421,0,4.002,2960,7300,1.790,1.430,0.770,1,0,192.081,0,0,13,56,6,39,0
14-08 13:28:50,15.263,14.763,68.560,0,0,1908516,744344,176260,5093804,7838.835,1789.560,0,44.038,0,10.009,3937,6738,1.790,1.430,0.770,1,0,274.239,0,0,13,56,6,39,0
14-08 13:28:51,21.020,15.765,62.809,0,0,1916000,736800,176260,5094148,6220.816,1695.585,0,1853.733,0,157.147,4504,17093,1.790,1.430,0.770,2,0,192.180,0,0,12,56,6,34,0
14-08 13:28:52,17.479,15.731,64.174,0,0,1923028,729688,176260,5094172,5998.867,1691.988,0,15.981,0,1.998,5893,10541,1.720,1.420,0.770,1,0,314.626,0,0,13,50,6,34,0
14-08 13:28:53,21.773,9.510,69.072,0,0,1802028,850668,176260,5093844,6138.433,1621.700,0,4.004,0,1.001,2272,3622,1.720,1.420,0.770,4,0,161.169,0,0,13,50,6,29,0
14-08 13:28:54,31.000,23.250,45.999,0,0,1772012,880520,176260,5094032,8073.903,1627.980,0,419.995,0,10.000,3634,5760,1.720,1.420,0.770,4,0,628.992,0,0,13,50,6,29,0
14-08 13:28:55,42.987,18.245,38.488,0,0,1870884,780904,176264,5094696,5514.351,1705.490,0,19.994,0,4.999,4334,11573,1.720,1.420,0.770,4,0,309.907,0,0,13,58,6,28,0
14-08 13:28:56,43.900,9.977,45.646,0,0,1988396,663348,176276,5094728,14708.333,1616.300,0,287.342,0,11.973,1775,2433,1.720,1.420,0.770,3,0,80.815,0,0,13,58,6,28,0
14-08 13:28:57,29.009,5.752,64.770,0,0,2042744,606932,176376,5096528,5670.792,1608.508,0,1168.369,0,27.009,1923,6308,1.660,1.410,0.780,2,0,6.002,0,0,13,58,6,25,0
14-08 13:28:58,22.552,4.510,63.898,7.267,0,2069696,567144,176632,5108784,5563.880,1772.102,140.325,22696.542,35.081,1571.638,7050,15919,1.660,1.410,0.780,2,0,5.012,0,0,13,60,6,25,0
14-08 13:28:59,24.750,7.000,57.000,10.000,0,2094108,532940,176752,5118004,7339.971,1709.993,0,24215.903,0,2431.990,9672,25305,1.660,1.410,0.780,5,0,8.000,0,0,14,60,6,25,0
14-08 13:29:00,32.457,20.972,45.440,0,0,2252044,373156,176756,5119676,5392.822,1617.847,0,1769.645,0,101.864,5958,16992,1.660,1.410,0.780,2,0,436.419,0,0,14,85,6,34,0
14-08 13:29:01,12.766,19.275,67.587,0.250,0,2254028,370936,176756,5120184,44434.142,1513.947,0,10845.948,0,520.670,4472,6550,1.660,1.410,0.780,1,0,392.505,0,0,14,85,6,34,0
14-08 13:29:02,37.485,11.745,49.730,0.250,0,2332820,292176,176756,5120316,5628.765,1619.357,0,467.814,0,20.992,3729,5323,1.690,1.420,0.780,2,0,160.936,0,0,14,86,6,34,0
14-08 13:29:03,36.734,9.996,52.726,0.250,0,2414852,209248,176784,5121100,6817.939,1661.254,0,51189.016,0,175.921,2288,3701,1.690,1.420,0.780,1,0,85.961,0,0,14,89,6,34,0
14-08 13:29:04,7.998,18.995,71.483,0,0,2420088,203980,176784,5121132,6612.420,1619.613,0,743.822,0,46.989,3016,4778,1.690,1.420,0.780,1,0,393.906,0,0,14,89,6,34,0
14-08 13:29:05,8.739,17.478,71.661,0,0,2419020,205016,176784,5121164,6345.094,1564.051,0,107.866,0,10.986,2797,4154,1.690,1.420,0.780,1,0,327.592,0,0,14,89,6,28,0
14-08 13:29:06,16.783,10.020,72.394,0,0,2454308,169708,176784,5121184,4942.856,1697.385,0,0,0,0,1866,2725,1.690,1.420,0.780,1,0,185.370,0,0,14,89,6,28,0
14-08 13:29:07,22.503,3.250,73.009,0,0,2424916,199088,176784,5121196,5210.646,1694.210,0,452.056,0,72.009,1748,2806,1.640,1.410,0.780,2,0,22.003,0,0,14,91,6,29,0
14-08 13:29:08,22.759,5.252,72.778,0.250,0,2489752,134100,176784,5121344,6486.497,1512.582,0,232.089,0,19.007,1605,2646,1.640,1.410,0.780,2,0,45.017,0,0,14,92,6,29,0
14-08 13:29:09,29.247,3.250,65.242,0.500,0,2435256,192184,176796,5117708,5084.405,1709.800,0,5851.315,0,713.916,4451,8057,1.640,1.410,0.780,2,0,8.999,0,0,14,96,6,31,0
14-08 13:29:10,28.181,7.731,62.597,0.499,0,2508884,118480,176796,5117752,4925.981,1657.955,15.961,865.887,1.995,64.842,2368,3576,1.640,1.410,0.780,1,0,113.723,0,0,14,104,6,31,0
14-08 13:29:11,28.502,5.000,65.004,1.000,0,2530856,122416,175844,5093684,4117.226,1620.089,608.033,4704.259,37.002,580.032,3514,5934,1.640,1.410,0.780,2,0,2.000,0,0,14,104,6,32,0
14-08 13:29:12,40.534,11.259,47.790,0,0,2590840,128264,174744,5029356,6642.540,1621.352,484.404,688.574,15.013,41.034,1789,2469,1.670,1.420,0.790,3,0,95.079,0,0,14,104,6,32,0
14-08 13:29:13,23.523,7.007,68.568,0.250,0,2580812,156008,174520,5012288,5055.030,1567.560,1825.817,448.446,46.046,33.033,1751,2590,1.670,1.420,0.790,1,0,57.057,0,0,14,110,6,33,0
14-08 13:29:14,22.700,3.991,73.337,0.499,0,2543704,193080,174532,5012312,5754.231,1690.249,15.965,283.371,3.991,15.965,1452,2104,1.670,1.420,0.790,1,0,50.887,0,0,14,110,6,34,0
14-08 13:29:15,23.305,2.756,72.670,0,0,2597376,139404,174532,5012316,6357.877,1589.720,0,1487.481,0,94.220,1369,2056,1.670,1.420,0.790,1,0,0,0,0,14,112,6,34,0
14-08 13:29:16,22.946,4.988,71.332,0.499,0,2592448,144272,174540,5012368,6620.449,1616.204,7.981,602.585,1.995,75.822,2240,3635,1.670,1.420,0.790,1,0,81.808,0,0,14,110,6,35,0
14-08 13:29:17,21.557,5.013,72.693,0,0,2579636,172604,174400,4997116,7059.729,1624.309,8.021,240.638,2.005,16.043,1439,2072,1.610,1.420,0.790,1,0,57.152,0,0,14,110,6,36,0
14-08 13:29:18,23.753,3.000,72.509,0.250,0,2625828,126236,174400,4997292,7990.039,1620.211,0,776.101,0,101.013,1838,3085,1.610,1.420,0.790,1,0,0,0,0,14,112,6,36,0
14-08 13:29:19,25.429,4.737,67.810,1.745,0,2614108,136872,174412,4998364,6293.397,1709.219,933.389,4902.288,130.635,387.915,3153,5964,1.610,1.420,0.790,1,0,53.849,0,0,14,112,6,37,0
14-08 13:29:20,26.499,3.500,69.999,0.250,0,2632488,133688,174240,4983596,10340.793,1845.963,0,955.981,0,101.998,2302,4061,1.610,1.420,0.790,1,0,2.000,0,0,14,118,6,37,0
14-08 13:29:21,36.999,3.500,57.749,0.250,0,2617172,148920,174240,4983680,6504.850,1565.964,0,1823.958,0,115.997,3253,5682,1.610,1.420,0.790,1,0,70.998,0,0,14,119,6,39,0
14-08 13:29:22,21.807,5.765,71.939,0.752,0,2589124,176768,174240,4983880,5422.261,1684.430,0,818.152,0,102.269,2457,4267,1.560,1.410,0.790,2,0,63.166,0,0,14,119,6,40,0
14-08 13:29:23,21.746,5.499,71.988,0.250,0,2650464,130188,174216,4969348,6176.950,1619.725,0,3403.421,0,330.944,1562,2211,1.560,1.410,0.790,1,0,83.986,0,0,14,120,5,40,0
14-08 13:29:24,25.680,1.995,69.311,0.249,0,2654920,125680,174216,4969400,7642.213,1615.606,0,1112.973,0,106.710,3383,5879,1.560,1.410,0.790,1,0,0,0,0,14,121,5,40,0
14-08 13:29:25,39.100,12.281,47.622,0.752,0,2637132,140388,174216,4972420,5447.930,1890.835,2759.055,1892.840,70.179,158.405,4970,9224,1.560,1.410,0.790,1,0,289.741,0,0,14,119,5,40,0
14-08 13:29:26,30.919,3.740,64.581,0,0,2667500,128408,174004,4954376,8984.497,1795.303,15.958,2716.893,1.995,336.121,2294,3427,1.560,1.410,0.790,1,0,0,0,0,14,119,5,41,0
14-08 13:29:27,10.532,17.804,70.464,0.502,0,2633888,161920,174016,4954464,5812.688,1785.433,56.171,557.697,5.015,29.089,3173,5122,1.600,1.420,0.800,1,0,452.377,0,0,14,119,5,40,0
14-08 13:29:28,16.744,15.244,66.226,0,0,2639420,155852,174016,4955012,8505.904,1709.378,387.859,463.831,12.995,29.989,4409,8737,1.600,1.420,0.800,3,0,249.909,0,0,14,119,5,40,0
14-08 13:29:29,31.268,21.012,45.527,0.500,0,2685500,127452,173996,4937428,4737.767,1620.947,528.309,2577.505,22.013,156.091,4234,7556,1.600,1.420,0.800,3,0,634.370,0,0,14,119,5,40,0
14-08 13:29:30,43.966,17.736,38.471,0,0,2755252,120592,173684,4876276,6916.716,1566.803,799.389,643.508,38.970,41.968,6952,12847,1.600,1.420,0.800,4,0,255.805,0,0,16,125,5,40,0
14-08 13:29:31,58.546,26.270,14.011,0,0,2883156,130608,173444,4741508,44743.855,1691.318,152.119,7301.688,36.028,642.501,5296,12457,1.600,1.420,0.800,3,0,643.501,0,0,16,131,5,40,0
14-08 13:29:32,60.471,20.740,17.492,0.250,0.250,2991464,124748,173428,4641180,7340.506,1693.194,5849.216,239.886,285.864,10.995,7075,18501,1.950,1.500,0.830,5,0,281.866,0,0,16,133,5,40,0
14-08 13:29:33,46.252,22.001,31.001,0,0,3062836,129892,173436,4566540,5481.197,1694.061,904.033,7344.264,127.005,605.022,4702,8770,1.950,1.500,0.830,2,0,701.025,0,0,16,147,5,40,0
14-08 13:29:34,28.280,15.516,54.807,0,0,3096608,131752,173440,4532108,5538.810,1715.800,644.676,296.311,33.035,14.015,5000,10492,1.950,1.500,0.830,2,0,319.335,0,0,17,147,5,40,0
14-08 13:29:35,32.167,20.946,46.380,0.249,0,3151188,129144,173440,4480788,6249.875,1783.399,578.507,211.454,6.982,15.959,4181,7222,1.950,1.500,0.830,3,0,555.567,0,0,17,147,5,40,0
14-08 13:29:36,43.252,21.251,35.002,0.250,0,3271844,119144,173460,4372644,6469.349,1620.087,56.003,808.044,7.000,70.004,5159,14688,1.950,1.500,0.830,9,0,310.017,0,0,17,160,5,41,0
14-08 13:29:37,33.555,26.293,38.814,0,0,3343796,124640,173460,4296660,7963.035,1514.479,48.079,340.557,3.005,24.039,5302,11676,1.950,1.510,0.840,3,0,759.243,0,0,17,163,5,41,0
14-08 13:29:38,28.703,21.465,48.671,0.250,0,3415896,128744,173464,4222044,5468.125,1633.349,0,5858.492,0,468.240,5645,11154,1.950,1.510,0.840,1,0,582.055,0,0,17,169,5,41,0
14-08 13:29:39,23.790,15.526,59.600,0,0,3448084,128708,173464,4190504,6799.430,1696.852,0,212.357,0,12.020,4610,9802,1.950,1.510,0.840,2,0,229.386,0,0,17,169,5,41,0
14-08 13:29:40,45.608,8.723,44.860,0.249,0,3572044,133200,173600,4064356,6891.505,1949.918,223.304,606.110,11.963,43.863,1936,2667,1.950,1.510,0.840,2,0,3.988,0,0,17,175,6,41,0
14-08 13:29:41,45.495,6.499,47.495,0.250,0,3668464,133512,173604,3969956,5857.379,1693.820,1327.859,519.945,35.996,38.996,2065,2993,1.950,1.510,0.840,3,0,6.999,0,0,17,184,6,41,0
14-08 13:29:42,30.359,21.327,46.919,0.251,0,3637872,163948,173616,3970068,6670.032,1625.858,44.159,489.765,9.033,34.123,4241,7259,1.960,1.510,0.840,5,0,602.170,0,0,17,183,6,40,0
14-08 13:29:43,43.975,21.987,32.482,0.250,0,3654776,143716,173628,3973740,7267.865,1693.037,1543.122,551.686,35.980,43.975,7762,18930,1.960,1.510,0.840,3,0,412.765,0,0,17,195,6,41,0
14-08 13:29:44,71.748,17.499,10.000,0,0,3780860,129092,173640,3864968,5670.830,1661.950,351.989,3371.899,14.000,197.994,3891,7541,1.960,1.510,0.840,5,0,173.995,0,0,17,206,6,42,0
14-08 13:29:45,80.025,18.006,2.251,0.250,0,3864336,120724,173708,3791172,5427.699,1542.483,536.168,904.283,9.003,23.007,2430,5512,1.960,1.510,0.840,6,0,65.020,0,0,17,210,6,42,0
14-08 13:29:46,66.482,16.495,15.246,0.500,0,3883384,126432,173760,3766484,6762.147,1619.556,123.966,21530.101,7.998,844.769,6407,14051,1.960,1.510,0.840,7,0,248.932,0,0,17,219,6,49,0
14-08 13:29:47,50.915,24.210,23.211,0,0,3851260,181080,173764,3744352,8992.019,1765.059,83.860,838.603,1.997,54.909,7290,21559,2.360,1.600,0.870,7,0,484.193,0,0,17,221,6,49,0
14-08 13:29:48,55.623,20.545,22.049,0.251,0,3864228,194060,173764,3718004,12950.556,1697.744,0,17189.904,0,571.260,6446,31973,2.360,1.600,0.870,8,0,387.855,0,0,17,223,6,49,0
14-08 13:29:49,60.465,20.988,17.490,0,0,3980436,128284,173764,3668676,9472.515,1619.063,11.993,611.646,1.999,37.978,5522,18090,2.360,1.600,0.870,4,0,380.780,0,0,17,224,6,50,0
14-08 13:29:50,61.984,21.994,15.996,0,0,4024624,132572,173840,3620388,7918.909,1823.519,175.954,879.768,22.994,58.984,5764,16366,2.360,1.600,0.870,4,0,452.880,0,0,17,227,6,54,0
14-08 13:29:51,58.257,20.503,20.002,0.250,0,4067248,146940,173840,3564720,6657.826,1620.201,0,780.097,0,50.006,8013,18499,2.360,1.600,0.870,4,0,272.034,0,0,17,229,6,56,0
14-08 13:29:52,67.251,11.750,20.250,0,0,4209240,135072,173844,3437344,6417.103,1512.024,32.001,728.012,2.000,58.001,3478,7269,2.490,1.640,0.890,4,0,157.003,0,0,17,237,6,58,0
14-08 13:29:53,69.677,9.740,20.478,0.250,0,4280692,137376,173852,3365220,5563.136,1564.351,439.537,863.090,24.974,74.921,3469,7092,2.490,1.640,0.890,3,0,8.991,0,0,17,250,6,61,0
14-08 13:29:54,53.059,21.774,23.526,0.250,0,4247740,180704,173860,3355032,6567.309,1691.883,892.994,12233.616,30.033,973.083,6214,14267,2.490,1.640,0.890,3,0,408.455,0,0,17,252,6,59,0
14-08 13:29:55,45.772,20.510,31.265,0.250,0,4263756,163596,173876,3356088,5979.828,1780.842,1336.632,1823.863,38.018,101.048,6042,11627,2.490,1.640,0.890,2,0,457.216,0,0,17,252,6,59,0
14-08 13:29:56,69.455,17.489,12.242,0.250,0,4293688,185184,173952,3306268,5466.485,1692.911,3581.697,663.573,49.968,47.969,4830,8212,2.490,1.640,0.890,4,0,211.864,0,0,18,255,6,55,0
14-08 13:29:57,81.255,15.251,2.750,0,0,4442800,127880,173968,3215616,5941.356,1662.100,788.047,2504.150,11.001,146.009,2535,3804,2.610,1.680,0.910,6,0,15.001,0,0,18,255,6,55,0
14-08 13:29:58,56.546,15.693,27.401,0.249,0,4427384,170680,173996,3188520,7071.486,2647.448,884.808,1076.117,15.942,73.734,4801,10373,2.610,1.680,0.910,1,0,260.062,0,0,18,257,6,56,0
14-08 13:29:59,19.284,5.510,73.879,0.250,0,4427040,170976,173996,3188568,15317.791,3595.288,769.346,340.596,6.011,23.040,1787,2675,2.610,1.680,0.910,1,0,9.016,0,0,18,258,6,56,0
14-08 13:30:00,21.454,4.989,72.593,0,0,4454780,143192,173996,3188612,14768.042,3763.855,798.273,423.084,7.983,37.918,2185,3364,2.610,1.680,0.910,0,0,8.981,0,0,18,262,6,45,0
14-08 13:30:01,20.762,6.754,70.790,0,0,4455604,131988,173996,3198992,10673612.285,94649.856,512.291,720.410,4.002,15.009,5722,4926,2.610,1.680,0.910,2,0,9.005,0,0,18,264,6,45,0
14-08 13:30:02,35.120,11.790,51.927,0.502,0,4473780,136068,173996,3177016,5952111.413,54582.454,3399.613,541.851,49.168,33.113,4574,5324,2.570,1.690,0.910,2,0,267.915,0,0,18,265,6,45,0
14-08 13:30:03,28.696,6.238,63.631,0.250,0,4495808,143216,173996,3148064,6435.913,1690.825,379.288,586.898,9.981,67.873,3344,6435,2.570,1.690,0.910,1,0,3.993,0,0,18,275,6,47,0
14-08 13:30:04,25.691,3.991,68.095,0.249,0,4499952,123404,174004,3163664,8819.882,1616.313,562.716,830.107,27.936,90.793,4247,8308,2.570,1.690,0.910,1,0,3.991,0,0,18,282,6,47,0
14-08 13:30:05,12.539,17.555,68.715,0.502,0,4449672,173444,174004,3163888,6078.006,1625.082,160.502,405.267,7.022,29.091,3560,5987,2.570,1.690,0.910,1,0,466.459,0,0,18,279,6,48,0
14-08 13:30:06,22.252,4.500,72.005,0.250,0,4444904,192092,174000,3150072,6423.462,1620.117,780.056,260.019,11.001,16.001,1521,2210,2.570,1.690,0.910,1,0,7.001,0,0,18,279,6,48,0
14-08 13:30:07,10.737,16.980,70.667,0,0,4457188,179792,174000,3150108,5775.214,1510.225,0,950.883,0,56.933,3262,5209,2.600,1.710,0.930,1,0,355.582,0,0,18,279,6,48,0
14-08 13:30:08,8.233,13.472,76.341,0.249,0,4458252,178672,174000,3150164,5235.069,1616.624,19.958,163.658,2.994,15.967,2926,4753,2.600,1.710,0.930,0,0,299.375,0,0,18,279,6,47,0
14-08 13:30:09,7.027,1.506,89.844,0,0,4477328,159580,174000,3150180,7548.882,1572.015,0,16780.201,0,36.138,1263,2058,2.600,1.710,0.930,1,0,10.038,0,0,18,281,6,47,0
14-08 13:30:10,25.656,2.989,70.989,0.249,0,4516492,120268,174000,3150328,4646.923,1614.068,0,553.964,0,33.876,1839,2884,2.600,1.710,0.930,1,0,0.996,0,0,18,285,6,45,0
14-08 13:30:11,11.252,16.253,70.262,0,0,4457480,179048,174004,3150556,6755.108,1694.278,12.002,72.012,3.000,3.000,3149,4959,2.600,1.710,0.930,1,0,269.044,0,0,18,285,6,45,0
14-08 13:30:12,13.275,15.780,70.382,0.250,0,4459400,177028,174004,3150656,7082.329,1623.055,4.008,4.008,1.002,1.002,3213,4933,2.550,1.720,0.930,1,0,271.511,0,0,18,285,6,45,0
14-08 13:30:13,24.681,4.238,70.303,0.249,0,4512424,126684,174004,3147976,5218.357,1689.260,630.232,279.217,39.888,37.894,1744,2759,2.550,1.720,0.930,3,0,3.989,0,0,18,291,6,44,0
14-08 13:30:14,23.781,4.005,70.093,0.501,0,4562912,136088,173988,3088460,5471.222,1588.096,352.465,24207.954,22.029,849.121,1968,2728,2.550,1.720,0.930,3,0,3.004,0,0,18,297,6,44,0
14-08 13:30:15,25.345,3.011,70.513,0.502,0.251,4488548,210384,174004,3088512,5562.760,1626.068,36.135,2272.481,8.030,143.536,1884,3126,2.550,1.720,0.930,1,0,6.022,0,0,18,295,6,42,0
14-08 13:30:16,23.985,3.998,71.706,0.250,0,4542940,155952,174004,3088552,8682.730,1734.947,39.976,271.835,9.994,11.993,1457,2040,2.550,1.720,0.930,1,0,0.999,0,0,18,295,6,42,0
14-08 13:30:17,23.676,4.486,70.778,0,0,4461976,236856,174004,3088612,5485.813,1561.109,31.900,865.289,1.994,43.863,1833,2967,2.430,1.700,0.930,1,0,17.944,0,0,18,295,6,43,0
14-08 13:30:18,23.998,2.500,71.995,0,0,4504312,194520,174004,3088612,6612.550,1619.890,0,143.990,0,12.999,1443,2065,2.430,1.700,0.930,1,0,0,0,0,18,295,6,43,0
14-08 13:30:19,12.007,17.010,70.793,0.250,0,4456996,240420,174012,3090020,6408.903,1715.044,1496.912,244.149,20.012,7.004,2773,4365,2.430,1.700,0.930,1,0,277.169,0,0,18,295,6,42,0
14-08 13:30:20,15.791,13.033,70.681,0,0,4474376,222920,174012,3090140,8783.539,1792.600,44.113,32.082,11.028,3.008,2722,4349,2.430,1.700,0.930,1,0,306.787,0,0,18,295,6,42,0
14-08 13:30:21,22.916,3.736,71.986,0,0,4506104,190664,174032,3090648,8478.942,1580.212,482.234,0,22.916,0,1410,2078,2.430,1.700,0.930,1,0,3.985,0,0,18,295,6,41,0
14-08 13:30:22,20.501,5.000,72.255,0.250,0,4499508,196964,174052,3090924,11030.695,4639.292,164.010,308.019,9.001,5.000,9363,18718,2.230,1.680,0.930,0,0,12.001,0,0,18,296,6,41,0
14-08 13:30:23,24.512,3.752,70.286,0,0,4514824,179616,174208,3092528,8308.229,2519.282,0,816.416,0,36.018,7343,14444,2.230,1.680,0.930,2,0,5.003,0,0,18,296,6,38,0
14-08 13:30:24,21.747,6.999,70.991,0.250,0,4450764,243948,174208,3092256,6924.162,1867.774,0,411.950,0,25.997,3891,7168,2.230,1.680,0.930,1,1,47.994,0,0,18,295,6,38,0
14-08 13:30:25,16.994,10.996,70.474,0.250,0,4496324,198344,174208,3092300,6095.732,1635.392,15.994,347.871,1.000,17.993,2634,4407,2.230,1.680,0.930,1,0,223.917,0,0,18,295,6,37,0
14-08 13:30:26,21.560,6.268,71.200,0,0,4466016,228204,174208,3092716,7556.195,1718.821,24.068,196.551,2.006,11.031,2237,3488,2.230,1.680,0.930,2,0,87.245,0,0,18,295,6,39,0
14-08 13:30:27,23.689,3.990,71.814,0,0,4526204,168004,174208,3092728,6526.091,1743.483,0,175.545,0,9.974,1631,2512,2.210,1.680,0.930,1,0,26.930,0,0,18,295,6,38,0
14-08 13:30:28,21.570,5.518,72.737,0,0,4515824,178380,174208,3092732,6110.946,1773.790,0,40.131,0,4.013,1612,2609,2.210,1.680,0.930,1,0,70.229,0,0,18,295,6,38,0
14-08 13:30:29,21.677,5.980,71.509,0,0,4494508,199632,174208,3092796,5537.301,1506.911,31.892,99.663,0.997,8.970,1744,2622,2.210,1.680,0.930,1,0,55.812,0,0,18,295,6,38,0
14-08 13:30:30,24.318,4.262,70.446,0.251,0,4475480,218648,174208,3092808,6471.002,1624.519,0,240.670,0,21.059,1988,3132,2.210,1.680,0.930,2,0,31.086,0,0,18,295,6,40,0
14-08 13:30:31,23.946,2.744,71.589,0,0,4530204,163920,174208,3092812,44802.508,1616.374,0,167.624,0,8.980,1542,2187,2.210,1.680,0.930,1,0,0.998,0,0,18,295,6,40,0
14-08 13:30:32,22.240,4.998,71.217,0.250,0.250,4504912,189092,174208,3092932,6414.062,1619.258,95.956,387.822,5.997,45.979,2001,3246,2.120,1.670,0.930,1,0,46.978,0,0,18,295,6,41,0
14-08 13:30:33,23.241,4.498,70.723,0,0,4488808,205044,174208,3093084,6666.440,1565.399,0,287.889,0,29.988,1860,2958,2.120,1.670,0.930,1,0,31.988,0,0,18,295,6,44,0
14-08 13:30:34,21.775,6.507,71.082,0.501,0,4466324,227512,174208,3093100,6289.220,1715.970,0,288.331,0,28.032,2091,3451,2.120,1.670,0.930,1,0,75.086,0,0,18,295,6,45,0
14-08 13:30:35,5.012,8.269,86.452,0,0,4469700,223804,174236,3093372,12082.224,5246.255,184.431,2241.236,6.014,309.724,2308,3652,2.120,1.670,0.930,1,0,141.330,0,0,18,295,6,46,0
14-08 13:30:36,5.232,5.481,87.448,0,0,4470272,223216,174236,3093388,14688.296,5164.173,0,211.271,0,7.972,1838,2889,2.120,1.670,0.930,0,0,102.646,0,0,18,295,6,47,0
14-08 13:30:37,3.001,1.000,94.523,0.250,0,4470224,223264,174236,3093388,5880.417,1694.408,8.002,556.134,2.000,31.007,1279,2210,1.950,1.640,0.930,1,0,5.001,0,0,18,295,6,46,0
14-08 13:30:38,21.811,12.786,63.677,0.752,0,4434856,251708,174508,3099872,7399.571,126964.963,4524.578,276.769,174.485,14.039,4477,12942,1.950,1.640,0.930,3,0,76.212,0,0,18,295,6,46,0
14-08 13:30:39,1.744,1.495,94.700,0,0,4434716,250196,174508,3101528,6720.682,1656.745,0,7360.652,0,10.965,1655,6846,1.950,1.640,0.930,0,0,0,0,0,18,295,6,46,0
14-08 13:30:40,2.500,0.750,95.514,0,0,4434716,250196,174508,3101528,6519.958,1566.230,0,52.008,0,6.001,1145,1910,1.950,1.640,0.930,0,0,0,0,0,18,295,6,46,0
14-08 13:30:41,2.000,0.750,95.271,0,0,4434712,250196,174508,3101532,6860.530,1620.361,8.002,0,2.000,0,1118,1893,1.950,1.640,0.930,1,0,0,0,0,18,295,6,46,0
14-08 13:30:42,4.008,1.753,92.682,0,0,4434948,249944,174508,3101548,7215.192,1569.086,0,0,0,0,1982,3747,1.790,1.620,0.920,2,0,0,0,0,18,295,6,46,0
14-08 13:30:43,2.744,0.499,94.305,0.249,0,4434840,249944,174508,3101656,7755.953,1562.767,0,427.116,0,16.965,1379,2407,1.790,1.620,0.920,0,0,0,0,0,18,295,6,45,0
14-08 13:30:44,4.750,1.000,93.245,0,0,4434828,249944,174508,3101668,5795.675,1693.905,0,223.987,0,20.999,1378,2310,1.790,1.620,0.920,0,0,0,0,0,18,295,6,45,0
14-08 13:30:45,2.509,1.505,95.838,0,0,4434800,249944,174508,3101696,4984.601,1700.003,16.057,8285.255,1.004,572.020,1442,2396,1.790,1.620,0.920,0,0,0,0,0,18,295,6,44,0
14-08 13:30:46,2.242,0,95.912,0.249,0,4435508,249440,174508,3101696,5710.846,1614.303,0,139.508,0,8.968,1068,1821,1.790,1.620,0.920,0,0,0,0,0,18,295,6,44,0
14-08 13:30:47,0.750,1.000,96.263,0,0,4435504,249440,174508,3101700,6657.925,1620.225,0,280.039,0,12.002,1058,1845,1.650,1.590,0.920,0,0,2.000,0,0,18,295,6,33,0
14-08 13:30:48,2.500,0.750,94.743,0,0,4436260,248684,174508,3101700,8914.349,1565.886,0,47.996,0,5.000,1119,1845,1.650,1.590,0.920,0,0,0,0,0,18,295,6,33,0
14-08 13:30:49,5.248,3.749,89.716,0.250,0,4432556,252148,174508,3101940,7009.378,1619.394,239.910,7.997,25.990,1.000,1798,4042,1.650,1.590,0.920,0,0,33.987,0,0,18,295,6,33,0
14-08 13:30:50,2.252,0.500,96.086,0,0,4432480,252148,174508,3102016,6772.047,1607.435,0,220.197,0,8.007,1087,1779,1.650,1.590,0.920,1,0,0,0,0,18,295,6,33,0
14-08 13:30:51,1.749,0.750,95.942,0,0,4432632,251896,174508,3102116,5521.670,1619.024,0,0,0,0,1051,1695,1.650,1.590,0.920,0,0,0,0,0,18,295,6,26,0
14-08 13:30:52,2.750,0.500,96.003,0,0,4432632,251896,174508,3102116,6073.176,1694.049,0,0,0,0,1089,1869,1.590,1.580,0.920,0,0,0,0,0,18,295,6,26,0
14-08 13:30:53,2.500,0.750,95.256,0.250,0,4432632,251896,174508,3102116,5750.345,1620.097,0,164.010,0,20.001,1242,2137,1.590,1.580,0.920,0,0,0,0,0,18,295,5,22,0
14-08 13:30:54,2.999,0.500,95.728,0.250,0,4432628,251896,174508,3102120,7895.184,1619.627,0,267.938,0,20.995,1230,2061,1.590,1.580,0.920,0,0,0,0,0,18,295,5,22,0
14-08 13:30:55,2.251,0.750,95.534,0,0,4432844,251672,174508,3102128,4920.757,1566.559,0,1532.547,0,21.007,1254,2229,1.590,1.580,0.920,0,0,0,0,0,18,295,5,22,0
14-08 13:30:56,2.000,0.750,96.007,0.250,0,4432844,251672,174508,3102128,5368.403,1512.113,0,192.014,0,9.001,1014,1777,1.590,1.580,0.920,0,0,0,0,0,18,295,5,19,0
14-08 13:30:57,1.250,0,95.990,0,0,4432844,251672,174508,3102128,5253.480,1619.840,0,139.986,0,9.999,1060,1835,1.470,1.550,0.910,0,0,2.000,0,0,18,295,5,19,0
14-08 13:30:58,2.250,0.750,96.245,0,0,4432844,251672,174508,3102128,6217.708,1619.924,0,51.998,0,7.000,1042,1788,1.470,1.550,0.910,0,0,0,0,0,18,295,5,19,0
14-08 13:30:59,2.250,0.500,96.508,0,0,4432844,251672,174508,3102128,6086.505,1620.134,0,0,0,0,997,1741,1.470,1.550,0.910,0,0,0,0,0,18,295,5,19,0
14-08 13:31:00,2.500,1.250,94.740,0.250,0,4433096,251420,174508,3102128,6228.352,1619.832,0,647.933,0,26.997,1486,2555,1.470,1.550,0.910,0,0,0,0,0,18,295,5,18,0
14-08 13:31:01,2.000,0.250,96.014,0,0,4433092,251420,174508,3102132,43196.307,1620.237,0,44.006,0,4.001,1141,1845,1.470,1.550,0.910,0,0,0,0,0,18,295,5,18,0
14-08 13:31:02,2.250,0.750,95.245,0,0,4433008,251420,174508,3102216,6986.644,1693.914,79.996,43.998,5.000,4.000,1153,1974,1.350,1.530,0.910,0,0,0,0,0,18,295,5,18,0
14-08 13:31:03,2.250,1.000,95.497,0,0,4433008,251420,174508,3102216,5435.821,1531.949,0,127.996,0,16.999,1166,2123,1.350,1.530,0.910,0,0,0,0,0,18,295,5,18,0
14-08 13:31:04,0.750,0.750,96.491,0,0,4433008,251420,174508,3102216,6773.397,1619.856,0,175.984,0,10.999,990,1759,1.350,1.530,0.910,2,0,0,0,0,18,295,5,15,0
14-08 13:31:05,1.249,0.999,95.697,0.250,0,4432984,251420,174508,3102240,5901.736,1693.064,15.991,171.905,0.999,16.991,1240,2213,1.350,1.530,0.910,0,0,0,0,0,18,295,5,15,0
14-08 13:31:06,2.001,1.001,95.806,0,0,4433236,251168,174508,3102240,6365.743,1620.953,0,5935.490,0,468.275,1242,1874,1.350,1.530,0.910,1,0,0,0,0,18,295,5,14,0
14-08 13:31:07,0.500,1.000,96.499,0,0,4433236,251168,174508,3102240,7312.898,1619.977,0,179.997,0,11.000,1105,1891,1.240,1.500,0.900,0,0,2.000,0,0,18,295,5,14,0
14-08 13:31:08,1.500,1.000,96.518,0,0,4433236,251168,174508,3102240,6900.256,1620.295,0,32.006,0,5.001,1041,1802,1.240,1.500,0.900,0,0,0,0,0,18,295,5,14,0
14-08 13:31:09,2.251,1.250,95.275,0,0,4436764,247640,174508,3102240,110328.458,850.227,144.038,0,2.001,0,1092,1858,1.240,1.500,0.900,1,0,3.001,0,0,18,295,5,14,0
14-08 13:31:10,12.996,3.999,82.474,0.750,0,4454552,229400,174536,3102616,233039.825,10234.786,219.931,455.857,10.997,21.993,1967,2709,1.240,1.500,0.900,0,0,29.991,0,0,18,295,6,14,0
14-08 13:31:11,16.533,6.012,77.404,0,0,4451636,226464,174544,3108460,232878.895,4268.503,80.160,296.591,2.004,5.010,1766,2429,1.240,1.500,0.900,1,0,41.082,0,0,18,295,6,14,0
