"pcp-dstat 5.3.6 CSV Output"
"Author:","PCP team <pcp@groups.io> and Dag Wieers <dag@wieers.com>",,,,"URL:","https://pcp.io/ and http://dag.wieers.com/home-made/dstat/"
"Host:","jammy-provider-cloud-0000007405",,,,"User:","ubuntu"
"Cmdline:","dstat -tcmndrylpg --tcp --output /tmp/devstack_logs/dstat-csv.log",,,,"Date:","25 Jul 2024 21:35:05 UTC"
"system","total usage",,,,,"memory usage",,,,"net/total",,"dsk/total",,"io/total",,"system",,"load avg",,,"procs",,,"paging",,"tcp sockets",,,,
"time","total usage:usr","total usage:sys","total usage:idl","total usage:wai","total usage:stl","used","free","buf","cach","net/total:recv","net/total:send","dsk/total:read","dsk/total:writ","read","writ","int","csw","1m","5m","15m","run","blk","new","in","out","lis","act","syn","tim","clo"
25-07 21:35:05,,1042980,1897484,162804,4712448,,,,,,,1.020,0.770,0.410,3,0,,,,9,7,0,17,1
25-07 21:35:06,21.962,23.959,51.911,1.497,0,1076344,1836400,162848,4739664,1538483.578,30537.689,11432.416,5067.320,129.778,238.591,4450,6504,1.020,0.770,0.410,2,0,458.215,0,0,9,6,0,17,2
25-07 21:35:07,27.257,26.257,45.012,0,0,1077408,1833916,162856,4741228,434475.308,12843.468,324.088,1996.539,3.001,51.014,3795,6823,1.260,0.830,0.430,4,0,470.127,0,0,9,6,0,17,2
25-07 21:35:08,35.585,19.547,44.105,0.501,0,1056260,1848328,162912,4747612,447890.427,12237.137,1166.778,934.224,14.033,35.084,4324,10448,1.260,0.830,0.430,3,0,279.666,0,0,9,6,0,17,2
25-07 21:35:09,46.505,11.251,40.005,1.000,0,1194188,1679260,163436,4899232,95224.236,4240.500,0,6340.748,0,149.018,2844,4843,1.260,0.830,0.430,4,0,90.011,0,0,10,6,0,17,2
25-07 21:35:10,48.244,15.998,34.496,1.000,0.250,1197936,1640712,164720,4929336,992915.914,16124.920,79.990,3767.514,1.000,156.980,3021,4050,1.260,0.830,0.430,3,0,212.973,0,0,10,8,0,19,2
25-07 21:35:11,60.716,6.996,31.982,0.500,0,1184016,1660368,165200,4922132,1417145.067,15084.613,0,5057.188,0,63.964,1951,1810,1.260,0.830,0.430,4,0,2.998,0,0,10,4,0,19,0
25-07 21:35:12,55.093,9.224,30.912,3.241,0,1271344,1568284,165476,4926664,402144.291,9840.963,0,17286.750,0,1048.014,14658,29423,1.320,0.840,0.430,4,0,28.918,0,0,10,8,0,19,0
25-07 21:35:13,57.217,10.791,26.350,6.023,0,1269664,1562028,166528,4933424,547728.988,7361.916,0,55410.115,0,4320.383,20447,43718,1.320,0.840,0.430,4,0,74.282,0,0,10,6,0,19,0
25-07 21:35:14,56.213,9.494,34.228,0.250,0,1197988,1633432,166576,4933612,22451.407,6462.799,0,5104.682,0,318.793,2215,3052,1.320,0.840,0.430,3,0,87.943,0,0,10,6,0,19,0
25-07 21:35:15,60.916,5.243,33.204,0,0,1204608,1624916,166584,4935344,948897.879,10916.858,0,1609.767,0,22.968,1779,1723,1.320,0.840,0.430,2,0,53.925,0,0,10,4,0,19,0
25-07 21:35:16,35.924,5.488,57.877,0.249,0,1177648,1651488,166636,4935640,126639.145,7798.444,0,5324.696,0,339.280,1828,2546,1.320,0.840,0.430,5,0,12.972,0,0,10,6,0,19,0
25-07 21:35:17,23.007,3.751,72.022,0,0,1117736,1710580,166644,4936560,515327.660,11193.403,0,8314.528,0,475.144,1667,1747,1.290,0.850,0.440,2,0,39.012,0,0,10,6,0,19,0
25-07 21:35:18,20.830,18.069,59.478,0,0,1100884,1726896,166660,4937072,349197.569,8534.765,0,1064.085,0,11.042,3227,4780,1.290,0.850,0.440,4,0,398.530,0,0,10,4,0,19,0
25-07 21:35:19,36.319,16.169,46.270,0,0,1127020,1700116,166664,4937744,9891.739,2696.571,0,31.841,0,7.960,4821,9668,1.290,0.850,0.440,2,0,356.226,0,0,10,5,0,19,0
25-07 21:35:20,53.576,9.764,37.303,0,0,1193320,1632104,166672,4939632,915801.027,14175.029,0,2287.232,0,166.235,2448,2989,1.290,0.850,0.440,3,0,130.184,0,0,10,5,0,19,0
25-07 21:35:21,47.740,3.499,48.740,0,0,1247912,1576448,166704,4940588,8585.197,1619.660,0,695.854,0,80.983,1372,1544,1.290,0.850,0.440,4,0,0,0,0,10,5,0,13,0
25-07 21:35:22,22.195,9.975,67.832,0,0,1267672,1554512,166768,4942464,5076.411,1615.992,0,11032.639,0,26.933,2780,8671,1.350,0.870,0.450,1,0,117.708,0,0,10,4,0,13,0
25-07 21:35:23,0.500,0,97.694,0.250,0,1267244,1554940,166768,4942464,5788.666,1619.067,0,1579.090,0,15.991,768,1323,1.350,0.870,0.450,0,0,0,0,0,10,4,0,13,0
25-07 21:35:24,19.550,4.010,76.193,0,0,1308908,1513236,166780,4942468,7017.776,1760.459,0,481.219,0,29.074,1347,1640,1.350,0.870,0.450,2,0,22.056,0,0,10,4,0,13,0
25-07 21:35:25,24.239,1.499,73.216,0,0,1345020,1476948,166780,4942644,7699.458,1619.255,0,0,0,0,917,1152,1.350,0.870,0.450,2,0,0,0,0,10,6,0,13,0
25-07 21:35:26,21.355,5.527,71.602,1.005,0,1275128,1546688,166860,4942712,7287.864,1465.210,0,3175.627,0,309.523,3035,5537,1.350,0.870,0.450,2,0,43.213,0,0,10,4,0,15,0
25-07 21:35:27,22.645,4.230,72.664,0,0,1323068,1498304,166860,4943080,7449.576,1612.548,0,10762.268,0,24.885,1153,1471,1.320,0.870,0.450,2,0,0.995,0,0,10,11,0,15,0
25-07 21:35:28,20.260,5.003,71.787,0.250,0,1291152,1529664,166864,4943400,6339.252,1620.831,232.119,1796.922,58.030,9.005,1847,2887,1.320,0.870,0.450,2,0,47.024,0,0,10,28,0,15,0
25-07 21:35:29,22.559,3.509,73.692,0,0,1271908,1548908,166864,4943400,4964.909,1624.223,0,8.021,0,2.005,1241,1843,1.320,0.870,0.450,2,0,16.042,0,0,10,28,0,14,0
25-07 21:35:30,38.287,11.685,50.469,0,0,1392548,1428240,166864,4943428,5039.928,1611.027,0,11.934,0,2.983,1687,2198,1.320,0.870,0.450,4,0,139.225,0,0,10,29,0,14,0
25-07 21:35:31,45.062,14.601,40.279,0,0.252,1327348,1493000,166880,4943840,41117.492,1631.287,0,841.825,0,24.167,4600,9906,1.320,0.870,0.450,5,0,324.243,0,0,10,28,0,14,0
25-07 21:35:32,81.497,17.999,0.250,0,0,1551896,1268344,166880,4943932,4347.843,1619.942,0,35370.727,0,77.997,2218,3872,1.700,0.950,0.480,9,0,245.991,0,0,10,30,0,14,0
25-07 21:35:33,79.914,15.983,3.247,0,0,1483088,1336800,166884,4944264,6122.449,1618.268,0,966.965,0,31.966,5513,12579,1.700,0.950,0.480,3,0,159.829,0,0,10,28,0,14,0
25-07 21:35:34,32.025,9.758,57.045,0.751,0,1326420,1493364,166892,4944360,5143.089,1459.160,0,392.312,0,35.028,3615,6538,1.700,0.950,0.480,1,0,160.127,0,0,10,28,0,15,0
25-07 21:35:35,22.473,3.496,73.163,0,0,1360128,1459652,166896,4944360,7247.426,1618.086,0,183.783,0,8.989,1862,2938,1.700,0.950,0.480,2,0,0,0,0,10,29,0,15,0
25-07 21:35:36,19.205,6.485,72.580,0,0,1347684,1472068,166904,4944376,6226.412,1616.213,0,267.374,0,22.946,1523,2193,1.700,0.950,0.480,2,0,67.841,0,0,10,28,0,16,0
25-07 21:35:37,19.556,9.527,70.952,0.251,0,1303528,1516220,166908,4944376,4881.928,1624.635,0,5636.080,0,88.252,2925,4823,1.640,0.960,0.480,2,0,197.564,0,0,10,28,0,17,0
25-07 21:35:38,29.226,27.228,43.965,0,0,1375712,1443996,166916,4944408,6095.093,1702.629,0,2613.896,0,34.972,3448,6094,1.640,0.960,0.480,7,0,831.331,0,0,10,28,0,17,0
25-07 21:35:39,85.139,11.769,4.257,0,0,1585080,1234360,166916,4944676,5858.532,1622.640,0,216.352,0,10.016,2894,4745,1.640,0.960,0.480,7,0,11.018,0,0,10,29,0,15,0
25-07 21:35:40,79.241,13.498,6.499,0,0,1411592,1407304,166940,4945192,6949.187,1713.799,0,1543.819,0,119.986,5996,16605,1.640,0.960,0.480,7,0,155.982,0,0,10,28,0,15,0
25-07 21:35:41,86.501,12.250,0.750,0,0,1583268,1235528,166940,4945260,6900.083,1512.018,0,192.002,0,13.000,2770,4586,1.640,0.960,0.480,7,0,154.002,0,0,10,30,0,15,0
25-07 21:35:42,79.709,12.244,7.496,0,0,1623244,1194928,166940,4945716,6135.865,1565.200,0,68185.157,0,169.913,6938,17163,1.910,1.020,0.510,3,1,49.974,0,0,10,32,0,15,0
25-07 21:35:43,63.218,14.187,20.907,0,0,1368324,1449628,166944,4945908,4335.654,1612.804,0,1839.791,0,36.836,4597,10899,1.910,1.020,0.510,4,0,246.898,0,0,10,28,0,15,0
25-07 21:35:44,45.795,4.504,48.798,0.250,0,1426852,1390912,166948,4946088,4897.864,1621.610,0,928.922,0,24.024,3837,7901,1.910,1.020,0.510,3,0,0,0,0,10,28,0,19,0
25-07 21:35:45,49.407,17.305,32.854,0,0,1440292,1377432,166956,4946116,5590.751,1625.160,0,1063.376,0,20.064,2612,3839,1.910,1.020,0.510,4,0,379.204,0,0,10,28,0,19,0
25-07 21:35:46,59.785,9.506,30.268,0,0,1432304,1384780,166964,4946740,5239.070,1620.950,0,556.326,0,49.029,5713,11352,1.910,1.020,0.510,6,0,102.060,0,0,10,28,0,20,0
25-07 21:35:47,83.249,14.000,2.250,0,0,1546080,1270776,166968,4946928,6897.897,1619.976,0,2679.960,0,140.998,2435,3748,2.080,1.070,0.530,5,0,155.998,0,0,10,28,1,20,0
25-07 21:35:48,62.455,15.239,21.485,0.250,0.250,1323620,1493068,166984,4947152,5954.725,1618.838,0,7262.785,0,411.704,6615,15082,2.080,1.070,0.530,9,0,270.806,0,0,10,28,0,23,0
25-07 21:35:49,68.722,9.462,21.662,0,0,1485504,1330960,166988,4947448,6778.574,1505.907,0,326.678,0,14.940,2354,6177,2.080,1.070,0.530,4,0,88.641,0,0,10,29,0,23,0
25-07 21:35:50,59.731,14.556,24.846,0,0,1393564,1422704,166992,4947532,5270.407,1572.087,0,650.519,0,50.194,5522,11586,2.080,1.070,0.530,5,0,300.162,0,0,10,28,0,25,0
25-07 21:35:51,62.020,7.252,32.010,0,0,1489716,1326480,166996,4947600,9494.038,1620.519,0,384.123,0,22.007,2538,5488,2.080,1.070,0.530,4,0,0,0,0,10,30,0,25,0
25-07 21:35:52,66.542,13.508,19.512,0,0,1452108,1363884,166996,4947796,6910.340,1621.018,0,372.234,0,22.014,3531,6905,2.150,1.110,0.540,4,0,287.180,0,0,10,28,0,25,0
25-07 21:35:53,57.468,10.494,31.233,0,0,1332540,1483384,167000,4947860,5414.973,1619.095,0,2546.576,0,100.944,5706,10701,2.150,1.110,0.540,4,0,102.942,0,0,10,28,0,27,0
25-07 21:35:54,65.264,8.220,26.155,0.249,0,1494516,1321252,167000,4948012,8721.420,1614.155,0,251.091,0,12.953,1971,2854,2.150,1.110,0.540,5,0,8.968,0,0,10,29,0,29,0
25-07 21:35:55,65.353,16.526,17.528,0,0,1421060,1394500,167016,4948196,5501.632,1622.546,0,520.817,0,51.080,4331,10215,2.150,1.110,0.540,6,0,409.643,0,0,10,28,0,29,0
25-07 21:35:56,81.622,17.276,1.753,0,0,1539068,1276436,167036,4948232,9773.572,1514.258,0,608.908,0,44.066,3941,7550,2.150,1.110,0.540,8,0,165.246,0,0,10,30,0,29,0
25-07 21:35:57,79.368,18.527,2.253,0,0,1451076,1363984,167048,4948652,4715.984,1622.403,0,496.736,0,40.059,3555,8099,2.620,1.220,0.580,8,0,301.446,0,0,10,28,0,29,0
25-07 21:35:58,83.401,12.985,2.747,0,0,1612672,1202272,167048,4948768,5137.901,1564.143,0,807.042,0,15.981,4497,10305,2.620,1.220,0.580,6,0,190.774,0,0,10,31,0,29,0
25-07 21:35:59,72.088,20.024,8.761,0,0,1412448,1401996,167048,4949260,8201.990,1621.976,0,356.434,0,27.033,6596,17270,2.620,1.220,0.580,5,0,480.585,0,0,10,29,0,29,0
25-07 21:36:00,37.499,24.499,37.749,0,0,1371260,1443096,167048,4949340,12339.605,1619.948,0,235.992,0,13.000,5155,10753,2.620,1.220,0.580,4,0,656.979,0,0,10,28,0,29,0
25-07 21:36:01,26.002,31.502,42.003,0,0,1358740,1455456,167052,4949480,40927.783,1620.110,0,284.019,0,23.002,4226,7686,2.620,1.220,0.580,9,0,1010.069,0,0,10,28,0,29,0
25-07 21:36:02,82.185,13.240,3.747,0,0,1545072,1269032,167052,4949568,7490.075,1618.720,0,291.769,0,17.986,3503,6739,2.810,1.280,0.600,5,0,248.803,0,0,10,28,0,26,1
25-07 21:36:03,78.562,12.760,8.757,0.250,0,1423132,1390884,167068,4949636,7215.672,1607.263,0,1569.233,0,110.087,5032,11010,2.810,1.280,0.600,6,0,268.211,0,0,10,28,0,27,0
25-07 21:36:04,79.684,9.242,10.991,0,0,1546920,1266424,167068,4950304,5775.195,1618.653,0,183.847,0,7.993,5561,13650,2.810,1.280,0.600,5,0,0,0,0,10,31,0,28,0
25-07 21:36:05,61.535,8.505,29.767,0,0,1526676,1286144,167068,4950808,7803.471,1620.929,0,224.128,0,25.014,9228,23052,2.810,1.280,0.600,5,0,30.017,0,0,10,30,0,37,0
25-07 21:36:06,83.508,11.001,4.500,0,0,1504152,1308360,167072,4951104,6129.558,1620.147,0,296.027,0,28.003,5135,11335,2.810,1.280,0.600,5,0,90.008,0,0,10,29,0,38,0
25-07 21:36:07,70.527,9.685,18.625,0,0,1512640,1299348,167072,4951620,4763.054,1555.567,0,182.774,0,9.933,7224,19478,2.830,1.310,0.620,3,0,70.527,0,0,10,31,0,42,0
25-07 21:36:08,70.417,10.311,18.610,0,0,1449732,1360940,167076,4952912,7301.216,1629.646,0,7995.324,0,158.941,7659,19004,2.830,1.310,0.620,6,0,133.792,0,0,10,29,0,47,0
25-07 21:36:09,81.299,14.008,4.503,0,0,1495384,1315060,167080,4953128,4901.956,1695.022,0,288.174,0,21.013,4765,10042,2.830,1.310,0.620,6,0,95.057,0,0,10,28,1,47,0
25-07 21:36:10,79.465,12.245,7.747,0,0,1448368,1361668,167080,4953532,7653.671,1693.263,0,143.937,0,7.997,4042,8752,2.830,1.310,0.620,7,0,101.956,0,0,10,28,1,48,0
25-07 21:36:11,76.012,12.502,9.501,0,0,1495096,1313152,167084,4955312,4774.750,1512.237,0,332.052,0,33.005,6649,13513,2.830,1.310,0.620,7,0,32.005,0,0,10,29,1,50,0
25-07 21:36:12,81.259,16.752,2.000,0,0,1532240,1275824,167088,4955484,4488.498,1694.188,0,272.030,0,22.002,2443,3702,2.920,1.360,0.640,6,0,215.024,0,0,10,28,1,48,0
25-07 21:36:13,71.979,9.247,16.995,0,0,1410964,1396748,167088,4955832,5382.450,1619.534,0,175.949,0,9.997,5499,13367,2.920,1.360,0.640,6,0,119.965,0,0,10,28,1,53,0
25-07 21:36:14,86.167,9.491,4.246,0,0,1550884,1256752,167096,4955896,5658.562,1660.404,0,227.781,0,18.982,2908,4773,2.920,1.360,0.640,6,0,42.959,0,0,10,28,1,53,0
25-07 21:36:15,72.106,16.274,12.268,0,0,1417652,1389744,167104,4956120,5051.451,1568.313,0,2671.941,0,53.078,5246,11349,2.920,1.360,0.640,4,0,261.386,0,0,10,28,1,54,0
25-07 21:36:16,63.984,8.498,27.993,0,0,1438648,1368568,167104,4956296,5890.563,1693.587,0,279.932,0,16.996,4061,9419,2.920,1.360,0.640,5,0,42.990,0,0,10,29,1,55,0
25-07 21:36:17,61.465,14.184,25.133,0.249,0,1473788,1333064,167104,4956632,4404.545,1612.511,0,226.946,0,14.931,2017,2862,2.930,1.380,0.650,5,0,137.362,0,0,10,28,1,55,0
25-07 21:36:18,63.796,10.298,25.619,0.251,0,1392716,1414056,167128,4956684,5872.241,1519.047,0,663.076,0,87.405,4919,9308,2.930,1.380,0.650,4,0,134.625,0,0,10,28,1,55,0
25-07 21:36:19,63.823,6.482,28.670,0,0,1498596,1307992,167136,4956872,5241.424,1615.507,0,187.479,0,9.972,4402,7903,2.930,1.380,0.650,5,0,0,0,0,10,30,1,57,0
25-07 21:36:20,63.849,9.264,25.039,0,0,1463304,1343088,167136,4957056,6227.665,1622.518,0,292.454,0,28.044,2988,4869,2.930,1.380,0.650,3,0,82.127,0,0,10,28,1,59,0
25-07 21:36:21,61.816,11.762,26.278,0.250,0,1368348,1438012,167140,4957084,10625.263,1621.719,0,432.458,0,47.050,4633,10010,2.930,1.380,0.650,6,0,137.145,0,0,10,28,1,58,0
25-07 21:36:22,65.510,8.501,26.004,0,0,1435220,1370852,167144,4957360,5623.877,1620.253,0,184.029,0,12.002,2742,5434,2.850,1.390,0.660,5,0,2.000,0,0,10,28,1,58,0
25-07 21:36:23,56.993,17.998,23.747,0,0,1427792,1377940,167148,4957692,6733.199,1565.814,0,479.943,0,42.995,4231,8523,2.850,1.390,0.660,5,0,420.950,0,0,10,28,1,61,0
25-07 21:36:24,62.242,12.748,24.747,0.250,0,1443796,1361668,167152,4957952,4938.378,1619.796,0,391.951,0,28.996,4611,10092,2.850,1.390,0.660,4,0,250.968,0,0,10,29,1,61,0
25-07 21:36:25,22.644,9.456,67.434,0,0,1355004,1450180,167152,4958220,7801.489,1578.612,0,258.789,0,13.935,2340,4112,2.850,1.390,0.660,2,0,157.264,0,0,10,28,1,61,0
25-07 21:36:26,24.765,3.002,71.793,0,0,1376416,1428760,167156,4958224,7298.379,1620.973,0,228.137,0,18.011,3289,6828,2.850,1.390,0.660,3,0,0,0,0,10,28,1,61,0
25-07 21:36:27,12.031,18.047,68.176,0,0,1316648,1488276,167164,4958464,6585.029,1624.200,0,982.541,0,59.153,2628,3792,2.620,1.370,0.650,2,0,320.830,0,0,10,28,1,61,0
25-07 21:36:28,28.243,15.996,54.486,0.250,0,1403744,1401068,167196,4958536,5986.509,1619.597,0,395.901,0,27.993,2407,3634,2.620,1.370,0.650,2,0,276.931,0,0,10,28,1,63,0
25-07 21:36:29,41.810,6.259,48.320,3.004,0,1504548,1296556,167532,4961492,5134.404,1622.339,0,7675.067,0,644.930,3694,7322,2.620,1.370,0.650,6,0,44.064,0,0,10,32,1,63,0
25-07 21:36:30,40.758,7.501,41.508,9.752,0,1448844,1346316,168220,4966512,7314.360,1620.301,0,34470.411,0,3315.617,12430,27486,2.620,1.370,0.650,4,0,100.019,0,0,10,32,1,63,0
25-07 21:36:31,43.756,7.251,46.006,3.000,0,1476248,1318532,168584,4966488,41532.275,1566.199,0,27051.436,0,1908.242,5771,12872,2.620,1.370,0.650,2,0,10.001,0,0,10,28,1,63,0
25-07 21:36:32,42.071,5.477,46.302,3.983,0,1462124,1332088,168896,4966732,5549.327,1505.577,0,6042.224,0,1140.136,6780,13953,2.490,1.360,0.650,5,0,1.992,0,0,10,30,1,63,0
25-07 21:36:33,36.022,9.756,49.780,3.502,0,1435992,1357764,169104,4966972,5014.064,1620.990,0,16398.019,0,1739.063,8128,17248,2.490,1.360,0.650,2,0,100.061,0,0,10,28,1,63,0
25-07 21:36:34,23.101,2.511,73.070,0.502,0,1399836,1393860,169112,4967024,5041.090,1627.130,0,8698.115,0,356.562,1304,1961,2.490,1.360,0.650,2,0,1.004,0,0,10,28,1,62,0
25-07 21:36:35,24.230,1.749,73.688,0,0,1437356,1356340,169112,4967024,4393.327,1618.647,0,59.950,0,7.993,1000,1322,2.490,1.360,0.650,1,0,1.998,0,0,10,28,1,62,0
25-07 21:36:36,23.905,3.486,71.965,0.498,0,1411564,1382108,169132,4967028,4448.402,1613.617,0,5681.524,0,324.715,1335,2496,2.490,1.360,0.650,2,0,0.996,0,0,10,32,1,61,0
25-07 21:36:37,22.579,2.509,74.008,0,0,1337084,1456560,169132,4967056,6140.430,1709.968,0,0,0,0,889,1080,2.370,1.360,0.660,2,0,3.011,0,0,10,32,1,61,0
25-07 21:36:38,23.192,2.992,73.564,0,0,1412432,1381212,169132,4967056,5635.787,1615.925,0,0,0,0,943,1159,2.370,1.360,0.660,2,0,3.990,0,0,10,32,1,60,0
25-07 21:36:39,22.967,2.746,73.645,0,0,1356440,1437192,169132,4967068,8106.408,1509.841,0,139.800,0,0.999,884,1046,2.370,1.360,0.660,2,0,0.999,0,0,10,32,1,60,0
25-07 21:36:40,23.014,2.752,73.795,0,0,1431280,1362348,169132,4967072,6643.026,1566.950,0,0,0,0,900,1068,2.370,1.360,0.660,2,0,2.001,0,0,10,32,1,60,0
25-07 21:36:41,22.904,3.236,73.443,0,0,1357192,1436348,169140,4967120,6352.466,1686.954,0,7.967,0,1.992,907,1072,2.370,1.360,0.660,2,0,0.996,0,0,10,32,1,60,0
25-07 21:36:42,23.974,2.497,73.170,0,0,1427232,1366292,169144,4967124,5001.533,1618.231,0,275.699,0,14.984,1057,1461,2.260,1.350,0.660,3,0,1.998,0,0,10,32,1,60,0
25-07 21:36:43,23.551,2.004,73.158,0,0,1370564,1422852,169160,4967212,5298.413,1623.497,0,304.656,0,22.047,951,1198,2.260,1.350,0.660,4,0,1.002,0,0,10,32,1,60,0
25-07 21:36:44,24.278,2.753,73.835,0,0,1384800,1408572,169160,4967256,5707.541,1621.859,0,0,0,0,952,1128,2.260,1.350,0.660,2,0,1.001,0,0,10,32,1,60,0
25-07 21:36:45,22.729,2.997,73.680,0,0,1439484,1353888,169160,4967256,6151.187,1618.471,0,655.381,0,0.999,926,1108,2.260,1.350,0.660,3,0,1.998,0,0,10,32,1,56,0
25-07 21:36:46,22.773,2.753,74.076,0,0,1396828,1396508,169164,4967288,6019.206,1621.672,0,0,0,0,870,1039,2.260,1.350,0.660,4,0,1.001,0,0,10,32,1,56,0
25-07 21:36:47,22.108,3.517,73.611,0,0,1406220,1387096,169164,4967308,7133.964,1465.181,0,4.020,0,1.005,915,1118,2.160,1.350,0.660,1,0,3.015,0,0,10,32,1,55,0
25-07 21:36:48,21.422,4.733,72.984,0.249,0,1330532,1462788,169164,4967300,5917.437,1614.118,0,306.882,0,11.956,1454,2066,2.160,1.350,0.660,2,0,52.808,0,0,10,32,1,55,0
25-07 21:36:49,10.281,21.816,66.451,0.251,0,1346592,1446544,169172,4969108,5467.550,1624.919,0,2487.530,0,206.625,2907,5817,2.160,1.350,0.660,3,0,384.163,0,0,10,32,1,52,0
25-07 21:36:50,11.265,19.026,68.092,0,0,1333216,1459900,169180,4967460,6814.186,1622.187,0,472.637,0,8.011,3018,4590,2.160,1.350,0.660,3,0,367.495,0,0,10,32,1,53,0
25-07 21:36:51,8.218,21.418,68.736,0,0,1332012,1460916,169180,4967644,9888.957,1613.792,0,183.295,0,1.992,2576,3641,2.160,1.350,0.660,2,0,323.755,0,0,10,32,1,50,0
25-07 21:36:52,8.995,18.241,70.463,0,0,1338940,1453968,169184,4967660,6064.858,1619.161,0,259.865,0,9.995,2442,3442,2.150,1.360,0.670,2,0,246.872,0,0,10,32,1,50,0
25-07 21:36:53,23.248,3.500,73.493,0,0,1416024,1376884,169200,4967644,7008.369,1619.854,0,1011.909,0,153.986,1112,1385,2.150,1.360,0.670,2,0,4.000,0,0,10,32,1,50,0
25-07 21:36:54,22.275,2.753,73.583,0,0,1349360,1443524,169200,4967664,5626.380,1513.717,0,44.050,0,5.006,895,1098,2.150,1.360,0.670,2,0,1.001,0,0,10,32,1,50,0
25-07 21:36:55,23.813,2.507,73.946,0,0,1426744,1366160,169200,4967644,7039.620,1612.264,0,0,0,0,962,1147,2.150,1.360,0.670,2,0,2.005,0,0,10,32,1,42,0
25-07 21:36:56,22.689,3.491,73.053,0,0,1374528,1418356,169200,4967664,6278.087,1615.647,0,19.946,0,0.997,938,1136,2.150,1.360,0.670,2,0,0.997,0,0,10,32,1,42,0
25-07 21:36:57,24.228,2.997,73.433,0,0,1433008,1359892,169200,4967648,5657.846,1618.526,0,0,0,0,934,1144,2.060,1.350,0.670,2,0,1.998,0,0,10,32,1,42,0
25-07 21:36:58,23.526,1.251,73.580,0,0,1392636,1400244,169200,4967664,6050.613,1621.773,0,16.018,0,1.001,918,1091,2.060,1.350,0.670,2,0,3.003,0,0,10,32,1,42,0
25-07 21:36:59,23.465,3.245,73.891,0,0,1434672,1358216,169204,4967652,5787.440,1617.608,0,1250.151,0,5.991,892,1074,2.060,1.350,0.670,2,0,1.997,0,0,10,32,1,42,0
25-07 21:37:00,22.763,2.752,73.541,0,0,1404624,1388264,169204,4967648,5919.285,1620.900,0,0,0,0,891,1068,2.060,1.350,0.670,2,0,1.001,0,0,10,32,1,42,0
25-07 21:37:01,23.269,2.752,73.811,0,0,1338924,1453816,169204,4967796,40919.882,1513.253,0,24.020,0,2.002,950,1139,2.060,1.350,0.670,2,0,3.002,0,0,10,32,1,42,0
25-07 21:37:02,23.463,2.746,73.133,0,0,1412268,1380484,169212,4967776,8456.495,1617.417,0,155.751,0,11.981,1101,1513,1.970,1.350,0.670,2,0,1.997,0,0,10,32,1,42,0
25-07 21:37:03,22.585,2.509,74.030,0.251,0,1349208,1443516,169212,4967804,5695.518,1666.295,0,309.168,0,24.091,960,1228,1.970,1.350,0.670,2,0,1.004,0,0,10,32,1,41,0
25-07 21:37:04,23.271,2.502,73.565,0,0,1429872,1362876,169212,4967780,5566.921,1621.433,0,460.407,0,1.001,892,1081,1.970,1.350,0.670,3,0,2.002,0,0,10,32,1,41,0
25-07 21:37:05,23.655,2.490,73.952,0,0,1360940,1431784,169212,4967804,6581.496,1613.502,0,191.230,0,33.864,888,1040,1.970,1.350,0.670,2,0,0.996,0,0,10,32,1,35,0
25-07 21:37:06,22.494,2.749,73.231,0,0,1428312,1364500,169212,4967716,5913.462,1619.579,0,0,0,0,894,1102,1.970,1.350,0.670,2,0,1.999,0,0,10,32,1,35,0
25-07 21:37:07,23.491,2.999,73.721,0,0,1372412,1420304,169212,4967808,7060.197,1553.383,0,91.963,0,1.000,851,1079,1.890,1.340,0.670,3,0,1.000,0,0,10,32,1,28,0
25-07 21:37:08,23.765,2.752,73.547,0,0.250,1382092,1410624,169212,4967808,7099.544,1621.037,0,104.067,0,3.002,977,1220,1.890,1.340,0.670,3,0,3.002,0,0,10,32,1,28,0
25-07 21:37:09,24.002,2.500,73.255,0,0,1438272,1354464,169212,4967788,4794.336,1736.122,0,60.004,0,1.000,925,1173,1.890,1.340,0.670,3,0,2.000,0,0,10,32,1,21,0
25-07 21:37:10,23.516,2.001,73.552,0,0,1390844,1401872,169212,4967808,6633.650,1695.188,0,20.014,0,1.001,790,1036,1.890,1.340,0.670,3,0,1.001,0,0,10,32,1,21,0
25-07 21:37:11,22.499,3.250,73.996,0,0,1391716,1401000,169212,4967808,6560.619,1565.909,0,27.998,0,3.000,946,1071,1.890,1.340,0.670,3,0,1.000,0,0,10,32,1,19,0
25-07 21:37:12,23.165,2.242,73.232,0,0,1436836,1355892,169216,4967792,4938.904,1687.816,0,139.489,0,12.953,969,1305,1.820,1.330,0.680,2,0,1.993,0,0,10,32,1,19,0
25-07 21:37:13,9.540,21.089,68.538,0,0,1332828,1459852,169224,4967832,4657.580,1518.383,0,478.010,0,31.131,2531,3786,1.820,1.330,0.680,2,0,340.431,0,0,10,32,1,13,0
25-07 21:37:14,20.565,5.267,73.481,0,0,1398684,1393960,169228,4967864,4605.493,1667.247,0,4.013,0,1.003,1189,1592,1.820,1.330,0.680,2,0,53.167,0,0,10,32,1,13,0
25-07 21:37:15,22.161,3.486,73.454,0,0,1364276,1428140,169228,4968092,5233.881,1613.490,0,31.871,0,0.996,996,1254,1.820,1.330,0.680,2,0,8.964,0,0,10,32,1,12,0
25-07 21:37:16,22.011,3.752,73.535,0,0,1331020,1461396,169228,4968092,5403.599,1694.815,0,8.004,0,1.000,979,1236,1.820,1.330,0.680,2,0,12.006,0,0,10,32,1,12,0
25-07 21:37:17,7.491,22.473,68.417,0,0,1333332,1459000,169228,4968176,5063.842,1618.032,0,75.908,0,3.995,2709,4131,1.680,1.310,0.670,3,0,365.555,0,0,10,32,1,11,0
25-07 21:37:18,7.261,21.783,69.605,0,0,1333712,1458592,169228,4968200,5744.692,1622.455,0,264.400,0,7.011,2517,3558,1.680,1.310,0.670,3,0,310.470,0,0,10,32,1,11,0
25-07 21:37:19,9.499,21.248,68.243,0,0,1336296,1455992,169228,4968212,6562.285,1565.829,0,187.980,0,3.000,2657,3884,1.680,1.310,0.670,2,0,350.962,0,0,10,32,1,10,0
25-07 21:37:20,8.754,20.010,69.285,0,0,1334880,1457364,169228,4968248,8085.043,1512.756,0,584.292,0,10.005,2463,3393,1.680,1.310,0.670,3,0,301.151,0,0,10,32,1,10,0
25-07 21:37:21,11.774,19.039,68.140,0,0,1335232,1456996,169228,4968256,10772.094,1623.329,0,737.513,0,8.016,2410,3395,1.680,1.310,0.670,2,0,299.615,0,0,10,32,1,8,0
25-07 21:37:22,9.002,20.755,68.518,0,0,1336496,1455708,169228,4968276,4945.291,1620.423,0,828.216,0,9.002,2501,3598,1.780,1.340,0.680,2,0,323.084,0,0,10,32,1,8,0
25-07 21:37:23,9.984,20.718,67.894,0,0,1335748,1456408,169228,4968320,6781.455,1659.420,0,850.677,0,10.983,2538,3552,1.780,1.340,0.680,3,0,312.514,0,0,10,32,1,8,0
25-07 21:37:24,9.991,19.483,69.940,0,0,1334116,1458028,169228,4968332,7969.210,1618.621,0,551.530,0,5.995,2488,3556,1.780,1.340,0.680,2,0,320.727,0,0,10,32,1,5,0
25-07 21:37:25,8.534,20.330,70.277,0,0,1334984,1457120,169228,4968356,6448.420,1700.704,0,421.662,0,52.206,2557,3683,1.780,1.340,0.680,1,0,309.219,0,0,10,32,1,5,0
25-07 21:37:26,9.717,18.189,70.264,0,0,1333680,1458404,169228,4968376,6794.212,1614.585,0,143.519,0,5.980,2498,3536,1.780,1.340,0.680,2,0,304.977,0,0,10,32,1,5,0
25-07 21:37:27,15.048,21.318,62.449,0,0,1349468,1442596,169236,4968388,6170.629,1462.653,0,521.659,0,23.073,3264,5186,1.720,1.330,0.690,4,0,498.586,0,0,10,32,1,7,0
25-07 21:37:28,56.981,18.244,24.992,0,0,1507808,1283864,169296,4968676,6126.972,1661.450,0,823.727,0,49.983,3119,5236,1.720,1.330,0.690,4,0,467.845,0,0,10,32,1,9,0
25-07 21:37:29,56.985,11.497,29.242,2.749,0,1629452,1154676,169880,4975092,5865.416,1619.563,399.892,17251.342,3.999,1514.591,7159,15105,1.720,1.330,0.690,6,0,58.984,0,0,10,38,1,9,0
25-07 21:37:30,45.006,9.501,34.005,10.752,0,1617140,1153160,170812,4987132,6774.976,1620.233,0,83560.033,0,6281.905,17985,42694,1.720,1.330,0.690,5,1,175.025,0,0,10,36,1,8,0
25-07 21:37:31,46.001,11.500,31.501,10.000,0,1581984,1177956,171316,4996576,40928.023,1620.041,0,71093.777,0,5616.140,18408,42059,1.720,1.330,0.690,3,1,133.003,0,0,10,36,1,8,0
25-07 21:37:32,48.505,15.752,23.252,13.001,0,1544360,1206404,171772,5005124,5358.552,1620.167,0,74783.703,0,5745.592,16850,39160,1.820,1.360,0.700,4,0,197.020,0,0,10,34,1,9,0
25-07 21:37:33,44.014,19.006,27.759,8.253,0,1554748,1188548,172104,5011760,6272.064,1620.533,364.120,54325.873,7.002,4179.375,16472,40025,1.820,1.360,0.700,4,0,202.066,0,0,10,34,1,13,0
25-07 21:37:34,38.704,17.978,31.962,9.239,0,1549120,1188932,172564,5016300,6538.148,1510.186,1610.066,62386.074,22.972,4717.334,14211,35915,1.820,1.360,0.700,4,0,197.762,0,0,10,34,1,13,0
25-07 21:37:35,38.952,7.241,45.693,7.241,0,1554812,1182660,172780,5016628,6656.732,1564.057,0,30685.888,0,2891.409,13254,30631,1.820,1.360,0.700,4,0,14.981,0,0,10,35,1,13,0
25-07 21:37:36,34.150,10.220,45.865,7.229,0,1525548,1210740,172952,5017580,6744.186,1615.254,0,37465.925,0,3374.087,12418,27502,1.820,1.360,0.700,4,0,112.669,0,0,10,34,1,13,0
25-07 21:37:37,38.668,7.533,45.196,6.026,0,1552524,1181312,173144,5019804,6413.797,1669.234,0,46220.319,0,3951.124,14059,31531,1.920,1.390,0.710,6,0,21.091,0,0,10,34,1,16,1
25-07 21:37:38,39.025,10.006,41.277,9.756,0,1516448,1214912,173292,5022064,6092.954,1621.052,0,44112.629,0,4011.604,14814,33359,1.920,1.390,0.710,6,0,74.048,0,0,10,34,1,17,0
25-07 21:37:39,37.739,7.998,44.736,10.747,0,1551252,1176132,173436,5025792,6053.166,1619.509,0,38220.419,0,3331.990,12016,28085,1.920,1.390,0.710,4,0,44.986,0,0,10,35,1,17,0
25-07 21:37:40,37.465,8.492,43.209,10.990,0,1491640,1231628,173628,5029612,9538.986,1618.471,0,58864.373,0,4804.460,16631,39922,1.920,1.390,0.710,3,1,78.925,0,0,10,36,1,17,0
25-07 21:37:41,36.997,8.939,41.963,12.167,0,1552788,1167384,173848,5032376,8310.101,1682.480,0,46453.930,0,3807.927,11676,29666,1.920,1.390,0.710,3,0,98.327,0,0,10,36,1,17,0
25-07 21:37:42,37.803,9.325,42.087,9.829,0,1533060,1191940,173948,5027412,6677.480,1633.079,0,42322.965,0,3921.407,13080,33851,2.160,1.450,0.740,2,1,43.347,0,0,10,36,1,19,0
25-07 21:37:43,41.486,7.997,44.235,5.248,0,1377924,1346400,174032,5028008,4723.427,1457.515,0,36179.952,0,2558.148,8874,19345,2.160,1.450,0.740,4,0,69.977,0,0,10,32,1,20,0
25-07 21:37:44,22.172,11.709,64.524,0.249,0,1433296,1290984,174032,5028052,4698.569,1614.355,0,1582.466,0,103.638,2010,3054,2.160,1.450,0.740,2,0,219.233,0,0,10,32,1,20,0
25-07 21:37:45,20.812,5.516,72.466,0.251,0,1397272,1326856,174036,5028200,6353.947,1624.845,0,1175.505,0,58.173,2033,4004,2.160,1.450,0.740,2,0,43.129,0,0,10,32,1,20,0
25-07 21:37:46,23.148,3.236,72.680,0,0,1437768,1286332,174036,5028228,5130.441,1654.724,0,513.741,0,33.851,1797,3063,2.160,1.450,0.740,2,0,0,0,0,10,33,1,22,0
25-07 21:37:47,13.549,16.309,69.502,0.251,0,1379244,1344848,174040,5028232,5547.131,1625.900,0,2950.708,0,238.867,2795,4326,2.150,1.460,0.740,4,0,281.020,0,0,10,32,1,22,0
25-07 21:37:48,24.795,21.539,53.097,0.250,0,1428764,1295168,174060,5028372,7723.071,1622.957,0,1178.147,0,81.148,3700,6040,2.150,1.460,0.740,4,0,519.947,0,0,10,32,1,28,0
25-07 21:37:49,66.255,9.751,24.752,0,0,1604684,1118296,174096,5029216,5561.456,1512.124,0,2692.221,0,165.014,1618,1807,2.150,1.460,0.740,4,0,3.000,0,0,10,32,1,28,0
25-07 21:37:50,70.225,9.996,18.743,0.250,0,1762440,956888,174284,5032464,7036.474,1565.438,0,6181.781,0,371.866,2490,7329,2.150,1.460,0.740,4,0,33.988,0,0,10,32,1,28,0
25-07 21:37:51,32.472,7.494,44.711,12.989,0,1760232,943800,174528,5046856,9252.996,1618.600,0,74471.582,0,5888.906,19768,43751,2.150,1.460,0.740,3,2,254.780,0,0,10,38,1,28,0
25-07 21:37:52,33.771,9.256,41.776,12.508,0,1767040,923896,174728,5059348,6327.879,1620.994,0,92192.514,0,7067.332,20672,47140,2.220,1.480,0.750,5,0,189.116,0,0,10,38,1,28,0
25-07 21:37:53,41.483,12.245,33.986,9.996,0,1676332,1002588,174924,5070780,6837.197,1661.319,0,92286.163,0,7039.114,21237,46161,2.220,1.480,0.750,4,1,264.891,0,0,10,36,1,28,0
25-07 21:37:54,47.809,9.011,32.540,9.512,0,1735436,933328,175048,5080500,6087.555,1622.013,0,74472.420,0,5436.747,14346,34596,2.220,1.480,0.750,5,1,66.082,0,0,10,36,1,28,0
25-07 21:37:55,41.432,10.233,33.944,11.980,0,1765648,889480,175100,5093496,5200.424,1617.333,0,103193.833,0,7258.032,19212,46244,2.220,1.480,0.750,7,0,17.970,0,0,10,38,1,28,0
25-07 21:37:56,38.215,10.490,45.208,3.747,0,1385604,1267396,175124,5095536,5414.025,1618.513,0,23062.805,0,1675.460,6428,12969,2.220,1.480,0.750,2,0,274.748,0,0,10,32,1,28,0
25-07 21:37:57,20.502,7.751,71.757,0,0,1436352,1216616,175128,5095560,7402.733,1512.150,0,784.078,0,49.005,1534,2081,2.120,1.480,0.760,1,0,74.007,0,0,10,32,1,28,0
25-07 21:37:58,23.441,3.990,72.319,0.748,0,1499572,1153392,175128,5095560,6771.032,1562.085,0,6276.272,0,377.055,1642,2645,2.120,1.480,0.760,2,0,1.995,0,0,10,32,1,28,0
25-07 21:37:59,21.830,3.513,72.767,0.251,0,1400752,1252204,175128,5095568,6835.105,1625.972,0,176.649,0,14.052,1497,2047,2.120,1.480,0.760,2,0,27.100,0,0,10,32,1,28,0
25-07 21:38:00,23.659,2.989,73.717,0,0,1465012,1187944,175128,5095568,5279.726,1613.803,0,51.801,0,4.981,987,1214,2.120,1.480,0.760,2,0,0.996,0,0,10,32,1,28,0
25-07 21:38:01,24.094,2.259,73.285,0.251,0,1503184,1149724,175128,5095576,43152.821,1626.325,0,4425.210,0,116.453,1373,1831,2.120,1.480,0.760,2,0,0,0,0,10,34,1,28,0
25-07 21:38:02,14.265,32.784,51.803,0,0,1389112,1263772,175128,5095592,4588.708,1621.664,0,56.058,0,14.014,4281,7429,1.950,1.450,0.750,4,0,929.954,0,0,10,32,1,28,0
25-07 21:38:03,11.496,23.493,63.980,0,0,1394388,1258436,175128,5095648,5541.232,1713.453,0,635.797,0,97.969,3131,4654,1.950,1.450,0.750,2,0,511.837,0,0,10,32,1,28,0
25-07 21:38:04,9.498,19.246,68.737,0.250,0,1391212,1261596,175128,5095664,4751.116,1511.719,0,115.978,0,8.998,2476,3427,1.950,1.450,0.750,1,0,321.940,0,0,10,32,1,28,0
25-07 21:38:05,7.743,19.981,71.183,0,0,1394220,1258520,175128,5095732,7330.132,1564.534,0,3.996,0,0.999,2392,3455,1.950,1.450,0.750,2,0,279.738,0,0,10,32,1,28,0
25-07 21:38:06,11.255,18.258,68.030,0,0,1395472,1257208,175128,5095752,6312.765,1620.710,0,80.035,0,13.006,2491,3629,1.950,1.450,0.750,2,0,280.123,0,0,10,32,1,28,0
25-07 21:38:07,14.212,17.703,66.323,0,0,1391216,1261204,175128,5096108,5677.857,1615.691,0,15.957,0,3.989,3275,5711,1.870,1.440,0.750,5,0,207.447,0,0,10,32,1,28,0
25-07 21:38:08,37.943,9.985,50.174,0,0,1469684,1182764,175140,5096264,5919.039,1617.551,0,0,0,0,3584,7769,1.870,1.440,0.750,3,0,160.757,0,0,10,33,1,28,0
25-07 21:38:09,44.704,6.493,48.699,0,0,1573912,1078436,175140,5096476,4942.869,1692.243,0,1414.532,0,167.826,1211,1287,1.870,1.440,0.750,3,0,0,0,0,10,33,1,28,0
25-07 21:38:10,49.187,5.992,44.942,0,0,1635424,1013768,175208,5099300,4513.183,1691.819,0,970.749,0,79.897,2561,10845,1.870,1.440,0.750,4,0,6.991,0,0,10,49,1,28,0
25-07 21:38:11,20.878,14.086,64.646,0,0,1655152,993832,175208,5099388,6677.869,1521.310,0,1283.857,0,36.222,2556,3986,1.870,1.440,0.750,4,0,253.552,0,0,10,48,1,29,0
25-07 21:38:12,11.952,0.996,85.659,0,0,1670396,978548,175208,5099396,38412.120,3735.134,0,31.873,0,0.996,944,1265,1.720,1.420,0.750,1,0,4.980,0,0,10,49,1,29,0
25-07 21:38:13,1.751,1.000,96.787,0.250,0,1671524,977240,175208,5099568,152522.721,4735.823,0,348.134,0,12.005,877,1183,1.720,1.420,0.750,2,0,0,0,0,10,48,1,30,0
25-07 21:38:14,17.314,9.535,70.760,1.255,0,1682616,964404,175320,5100892,4460.361,1625.964,4.015,4717.303,1.004,318.167,2361,3676,1.720,1.420,0.750,2,0,70.258,0,0,10,48,1,30,0
25-07 21:38:15,13.984,10.988,73.167,1.249,0,1702640,894088,175320,5149204,5339.955,1618.168,0,4470.939,0,124.859,1838,2711,1.720,1.420,0.750,2,0,41.953,0,0,10,48,1,30,0
25-07 21:38:16,14.029,12.275,73.402,0,0,1692700,904024,175320,5149208,5997.427,1623.364,0,0,0,0,1682,1903,1.720,1.420,0.750,1,0,74.154,0,0,10,48,1,30,0
25-07 21:38:17,23.226,2.747,73.173,0,0,1724716,871944,175320,5149212,5792.906,1776.132,0,3.996,0,0.999,965,1158,1.670,1.410,0.750,2,0,10.988,0,0,10,48,1,30,0
25-07 21:38:18,16.749,9.249,72.994,0.250,0,1665120,980420,175468,5100908,5796.536,1511.879,159.987,19.998,9.999,3.000,1477,1972,1.670,1.410,0.750,0,0,91.993,0,0,10,48,1,30,0
25-07 21:38:19,14.267,15.268,68.580,0,0,1662868,982636,175472,5101104,6036.050,1621.894,0,0,0,0,3290,6914,1.670,1.410,0.750,3,0,243.284,0,0,10,48,1,30,0
25-07 21:38:20,7.464,4.478,86.825,0,0,1663028,982400,175472,5100932,5326.951,1612.117,0,270.676,0,1.990,1968,4400,1.670,1.410,0.750,1,0,55.727,0,0,10,48,1,30,0
25-07 21:38:21,1.251,1.001,97.326,0.250,0,1663348,981952,175472,5101060,9047.066,1567.224,0,1909.491,0,41.032,895,1525,1.670,1.410,0.750,1,0,3.002,0,0,10,48,1,30,0
25-07 21:38:22,0.749,0.500,97.673,0,0,1663348,981952,175472,5101060,5444.699,1618.721,0,39.968,0,4.996,764,1085,1.530,1.390,0.750,1,0,2.998,0,0,10,48,1,30,0
25-07 21:38:23,0.500,0.500,98.524,0,0,1663316,981952,175472,5101092,7444.802,1620.392,0,8.002,0,2.000,595,966,1.530,1.390,0.750,1,0,1.000,0,0,10,48,1,30,0
25-07 21:38:24,4.999,6.999,84.982,0,0,1613220,1031908,175472,5101552,6443.653,1619.661,0,4007.163,0,180.962,2646,4393,1.530,1.390,0.750,1,0,137.971,0,0,10,48,1,30,0
25-07 21:38:25,15.569,14.815,68.050,0,0,1638752,1006336,175472,5101220,7250.977,1593.025,0,4.018,0,1.004,4429,7149,1.530,1.390,0.750,2,0,256.130,0,0,10,48,1,30,0
25-07 21:38:26,15.741,18.490,65.213,0,0,1663364,981584,175472,5101620,8225.353,1729.023,0,3.998,0,0.999,4394,8174,1.530,1.390,0.750,0,0,292.835,0,0,11,48,1,30,0
25-07 21:38:27,7.717,10.952,81.148,0,0,1666024,978984,175472,5101272,6363.402,1613.004,0,322.601,0,14.935,2450,4137,1.570,1.400,0.750,1,0,176.236,0,0,11,48,1,30,0
25-07 21:38:28,9.548,13.066,75.882,0,0,1669140,975836,175472,5101308,6175.123,1616.145,0,36.182,0,1.005,2436,5938,1.570,1.400,0.750,2,0,182.922,0,0,13,50,1,30,0
25-07 21:38:29,13.216,15.210,70.815,0,0,1670160,974716,175472,5101428,6089.132,1615.789,0,27.927,0,5.984,3138,6038,1.570,1.400,0.750,3,0,303.210,0,0,13,50,1,25,0
25-07 21:38:30,10.742,18.735,69.196,0,0,1672248,972584,175472,5101816,6487.894,1618.726,0,67.947,0,15.987,2895,4551,1.570,1.400,0.750,5,0,368.710,0,0,13,50,1,25,0
25-07 21:38:31,22.842,17.068,58.234,0,0,1693932,950724,175476,5101596,42626.977,1712.870,0,2136.570,0,231.930,5658,10314,1.570,1.400,0.750,4,0,285.144,0,0,13,50,1,24,0
25-07 21:38:32,37.259,12.420,50.424,0,0,1767568,876908,175488,5101840,6262.563,1609.607,0,166.922,0,7.949,4143,9276,1.600,1.410,0.760,2,0,184.807,0,0,13,50,1,24,0
25-07 21:38:33,24.205,5.739,68.872,0,0,1831772,811460,175576,5102908,4659.320,1509.188,31.940,0,1.996,0,1389,2641,1.600,1.410,0.760,2,0,9.981,0,0,13,58,1,23,0
25-07 21:38:34,23.920,3.239,72.508,0,0,1879240,763948,175576,5102952,5064.121,1614.618,0,0,0,0,1059,1295,1.600,1.410,0.760,2,0,5.980,0,0,13,58,1,23,0
25-07 21:38:35,6.818,2.778,89.142,0,0,1897564,745048,175580,5103524,8041.512,1636.383,0,153.537,0,4.040,1489,3316,1.600,1.410,0.760,0,0,2.020,0,0,13,58,1,23,0
25-07 21:38:36,1.991,1.991,95.082,0,0,1846216,796396,175580,5103520,5641.224,1891.692,0,1027.487,0,6.969,964,1510,1.600,1.410,0.760,1,0,24.891,0,0,13,58,1,23,0
25-07 21:38:37,16.349,16.601,65.901,0,0,1846312,796240,175580,5103576,5289.185,1575.587,0,563.428,0,11.067,4118,11537,1.880,1.470,0.780,0,0,257.567,0,0,13,56,1,21,0
25-07 21:38:38,15.696,12.956,68.516,0,0,1904276,738176,175580,5103908,5768.296,1614.485,0,1853.668,0,162.445,5565,9813,1.880,1.470,0.780,3,0,238.186,0,0,13,56,1,21,0
25-07 21:38:39,18.784,14.526,66.619,0,0,1903660,738792,175580,5103532,5780.318,1514.704,0,88.157,0,2.004,5058,10896,1.880,1.470,0.780,1,0,218.390,0,0,11,48,1,19,0
25-07 21:38:40,19.938,12.960,65.297,0,0,1909984,732244,175580,5103700,6752.055,1614.990,0,3.988,0,0.997,5126,10456,1.880,1.470,0.780,1,0,255.208,0,0,13,56,1,19,0
25-07 21:38:41,24.588,14.552,60.465,0,0,1702656,939516,175580,5103704,7578.008,1742.209,0,281.001,0,4.014,2385,4148,1.880,1.470,0.780,3,0,344.227,0,0,13,50,1,23,0
25-07 21:38:42,32.793,20.777,45.810,0,0,1771292,870848,175584,5104092,5608.347,1622.125,0,344.451,0,13.017,3599,6117,1.890,1.480,0.790,4,0,556.729,0,0,13,50,1,23,0
25-07 21:38:43,43.888,17.954,37.155,0,0,1866780,774752,175588,5104292,5204.723,1615.878,0,3.990,0,0.997,4728,10751,1.890,1.480,0.790,3,0,246.372,0,0,13,58,1,24,0
25-07 21:38:44,44.270,6.003,49.022,0,0,1997388,643564,175604,5104852,5282.388,1566.708,0,688.311,0,4.002,1551,4685,1.890,1.480,0.790,2,0,4.002,0,0,13,58,1,24,0
25-07 21:38:45,22.746,3.499,72.738,0.250,0,2044020,594508,175920,5106744,4833.227,1619.741,139.978,471.924,34.994,8.999,1001,1934,1.890,1.480,0.790,2,0,4.999,0,0,13,60,1,24,0
25-07 21:38:46,24.027,4.505,61.068,10.512,0,2050120,573884,175972,5121028,9168.241,1603.791,0,31503.189,0,2423.707,10751,23451,1.890,1.480,0.790,4,0,4.004,0,0,13,60,1,24,0
25-07 21:38:47,34.489,11.746,46.735,6.498,0,2182692,433304,176100,5128584,7483.665,1619.495,0,61088.940,0,1340.582,11142,22569,1.900,1.490,0.800,7,0,41.987,0,0,14,79,1,34,0
25-07 21:38:48,20.496,20.996,56.990,1.250,0,2233388,382016,176108,5129044,9412.390,1619.723,0,14553.511,0,881.849,5821,11182,1.900,1.490,0.800,2,0,550.906,0,0,14,85,1,33,0
25-07 21:38:49,14.925,17.661,65.671,0,0,2237720,377400,176108,5129412,5356.128,1611.913,0,2861.643,0,29.850,4926,8852,1.900,1.490,0.800,2,0,277.607,0,0,14,85,1,33,0
25-07 21:38:50,47.204,10.797,41.429,0,0,2348924,266008,176108,5129824,5773.967,1627.035,0,1466.340,0,73.317,2853,6136,1.900,1.490,0.800,3,0,160.695,0,0,14,86,1,28,0
25-07 21:38:51,26.842,14.167,57.909,0.249,0,2396808,217396,176128,5130452,8388.641,1610.524,0,1638.360,0,115.321,2745,4357,1.900,1.490,0.800,2,0,165.029,0,0,14,89,1,28,0
25-07 21:38:52,9.756,17.511,71.797,0,0,2402664,211360,176128,5130628,6201.062,1621.062,0,24.016,0,6.004,2700,3978,1.740,1.460,0.790,2,0,331.217,0,0,14,89,1,27,0
25-07 21:38:53,8.307,19.131,71.743,0,0,2403480,210516,176128,5130656,6024.406,1576.838,0,128.886,0,14.097,2814,4281,1.740,1.460,0.790,2,0,341.346,0,0,14,89,1,27,0
25-07 21:38:54,16.721,10.482,72.125,0,0,2441224,172740,176128,5130688,5747.029,1509.381,0,43.924,0,3.993,1768,2443,1.740,1.460,0.790,3,0,156.728,0,0,14,89,1,27,0
25-07 21:38:55,23.014,3.752,72.795,0,0,2412008,201812,176128,5130832,7178.451,1663.031,0,716.444,0,2.001,1639,2547,1.740,1.460,0.790,2,0,20.012,0,0,14,91,1,29,0
25-07 21:38:56,21.698,4.988,72.077,0,0,2473704,140100,176128,5130848,7756.400,1616.125,0,3.990,0,0.998,1682,2624,1.740,1.460,0.790,2,0,42.897,0,0,14,92,1,29,0
25-07 21:38:57,25.521,5.755,66.055,1.501,0,2506292,132316,176140,5107052,5371.453,1711.419,4.003,3631.010,1.001,322.267,3792,7170,2.330,1.590,0.840,7,0,5.004,0,0,14,104,1,29,0
25-07 21:38:58,30.310,7.264,61.623,0.501,0,2495128,154408,176140,5096208,7690.296,1623.229,16.032,3751.462,2.004,339.676,2707,5081,2.330,1.590,0.840,2,0,116.231,0,0,14,108,1,31,0
25-07 21:38:59,23.742,3.499,70.975,0.500,0,2526272,135456,174996,5085160,5042.245,1619.436,19.993,3158.901,2.999,448.844,2582,4385,2.330,1.590,0.840,3,0,1.999,0,0,14,110,1,31,0
25-07 21:39:00,39.516,10.754,49.020,0.250,0,2557992,146516,174608,5042996,6136.516,1458.598,2096.860,2697.106,65.027,310.127,2511,3906,2.330,1.590,0.840,3,0,97.040,0,0,14,108,1,32,0
25-07 21:39:01,31.989,5.998,61.478,0.500,0,2566392,169164,174596,5012504,43378.471,1619.420,1079.613,711.745,20.992,96.965,1697,2298,2.330,1.590,0.840,2,0,55.980,0,0,14,110,1,33,0
25-07 21:39:02,23.515,2.752,73.045,0,0,2612204,123064,174596,5012792,5106.166,1621.005,268.166,304.189,3.002,23.014,1261,1883,2.140,1.560,0.830,1,0,1.001,0,0,14,112,1,34,0
25-07 21:39:03,20.972,5.243,72.902,0,0,2609924,124816,174596,5013320,5534.550,1711.696,567.236,215.710,4.993,10.985,1301,1715,2.140,1.560,0.830,2,0,50.931,0,0,14,113,1,34,0
25-07 21:39:04,22.749,6.000,70.497,0.750,0,2589152,161288,174588,4997704,5866.777,1619.938,12.000,2215.916,3.000,165.994,2450,4350,2.140,1.560,0.830,3,0,81.997,0,0,14,112,1,35,0
25-07 21:39:05,21.786,4.257,73.371,0.250,0,2564508,185928,174588,4997708,6059.987,1622.674,0,116.191,0,14.023,1353,1917,2.140,1.560,0.830,2,0,17.028,0,0,14,112,1,37,0
25-07 21:39:06,22.127,4.226,73.093,0,0,2627552,122856,174588,4997736,5733.067,1611.027,0,0,0,0,1247,1750,2.140,1.560,0.830,2,0,37.790,0,0,14,112,1,37,0
25-07 21:39:07,25.378,5.779,66.333,1.508,0,2595456,154608,174596,4998072,6357.961,1555.821,56.283,5157.929,3.015,459.309,4101,8081,1.970,1.530,0.830,2,0,53.268,0,0,14,112,1,38,0
25-07 21:39:08,24.159,2.740,71.979,0,0,2630380,136044,174596,4982064,9945.595,1613.930,0,99.625,0,14.944,1438,2242,1.970,1.530,0.830,2,0,2.989,0,0,14,116,1,38,0
25-07 21:39:09,31.299,3.756,63.599,0.751,0,2594800,171388,174596,4982300,14610.837,1696.652,0,1141.785,0,127.199,3346,6097,1.970,1.530,0.830,2,0,31.049,0,0,14,114,1,39,0
25-07 21:39:10,21.262,4.753,73.042,0,0,2654488,126828,174596,4967344,5276.013,1694.968,0,292.167,0,17.010,1320,1835,1.970,1.530,0.830,2,0,38.022,0,0,14,114,1,39,0
25-07 21:39:11,20.785,8.514,69.366,1.252,0,2625780,154656,174596,4968244,4936.248,1622.712,797.332,5497.186,136.228,399.668,3362,6204,1.970,1.530,0.830,2,0,147.246,0,0,14,114,1,40,0
25-07 21:39:12,23.712,2.496,72.383,0.250,0,2660936,119432,174596,4968312,6727.116,1733.196,7.987,666.921,0.998,47.922,1591,2708,1.890,1.520,0.830,1,0,0,0,0,14,116,1,39,0
25-07 21:39:13,33.312,4.759,61.115,0.751,0,2616888,177308,174596,4954584,4670.753,1623.042,1162.178,1194.238,14.026,134.252,3512,6706,1.890,1.520,0.830,5,0,9.017,0,0,14,117,1,41,0
25-07 21:39:14,29.480,9.743,60.209,0.500,0,2664280,126880,174600,4957616,5776.032,1686.841,2890.015,1091.250,83.942,86.940,3688,6958,1.890,1.520,0.830,2,0,281.806,0,0,14,117,1,40,0
25-07 21:39:15,25.217,8.988,64.665,0.250,0,2626988,179376,174508,4942540,5529.690,1813.602,135.820,643.150,5.992,48.935,2564,4320,1.890,1.520,0.830,2,0,127.831,0,0,14,117,1,42,0
25-07 21:39:16,11.012,17.769,70.076,0,0,2640660,165536,174512,4942704,8049.750,1785.941,12.013,468.509,2.002,29.032,2909,4418,1.890,1.520,0.830,3,0,360.392,0,0,14,117,1,42,0
25-07 21:39:17,18.271,16.769,64.574,0.250,0,2643656,161500,174512,4943776,6981.035,1731.994,816.940,2286.632,33.038,150.173,5370,10511,1.980,1.550,0.840,3,0,216.249,0,0,14,117,1,42,0
25-07 21:39:18,32.509,21.756,46.263,0,0,2691272,122600,174460,4935084,7877.261,1620.465,100.029,48.014,6.002,12.003,3750,6501,1.980,1.550,0.840,4,0,584.168,0,0,14,117,1,42,0
25-07 21:39:19,39.255,18.252,40.505,0.250,0,2751396,126696,174288,4872400,5940.760,1690.216,1148.147,6348.813,96.012,616.079,6598,10766,1.980,1.550,0.840,5,0,279.036,0,0,16,123,1,42,0
25-07 21:39:20,57.486,26.743,15.996,0.250,0,2883504,132128,174292,4737832,5763.559,1619.595,1679.580,4062.984,225.944,256.936,5683,11918,1.980,1.550,0.840,4,0,634.841,0,0,16,129,1,42,0
25-07 21:39:21,63.495,17.749,17.499,0.250,0,2990192,135672,174240,4629972,9681.187,1619.864,2855.760,5303.555,142.988,542.954,8305,14331,1.980,1.550,0.840,5,0,297.975,0,0,16,129,1,42,0
25-07 21:39:22,48.726,20.990,29.486,0.250,0,3068576,137472,174244,4551408,5308.415,1597.222,19.990,3830.135,1.000,287.860,5545,10004,2.060,1.570,0.850,3,0,681.668,0,0,16,145,1,42,0
25-07 21:39:23,29.353,18.408,51.244,0,0,3115000,131120,174244,4512976,8253.797,1611.953,0,294.530,0,19.901,6111,10351,2.060,1.570,0.850,3,0,352.242,0,0,17,145,1,42,0
25-07 21:39:24,32.184,18.355,48.779,0,0,3163136,132036,174248,4464280,8374.896,1575.007,0,100.575,0,8.046,3995,6800,2.060,1.570,0.850,3,0,498.853,0,0,17,145,1,42,0
25-07 21:39:25,42.742,17.247,38.493,0,0,3258592,126668,174268,4376308,5679.995,1693.700,0,855.849,0,63.989,6495,10943,2.060,1.570,0.850,7,1,276.951,0,0,17,159,1,42,0
25-07 21:39:26,35.747,23.998,39.747,0,0.250,3345584,134336,174268,4283356,8820.250,1619.862,83.993,379.968,6.999,28.998,5177,11086,2.060,1.570,0.850,4,0,732.938,0,0,17,161,1,42,0
25-07 21:39:27,31.453,23.465,43.185,0.250,0,3423996,135008,174272,4205896,9773.311,1727.404,51.922,6618.053,6.989,524.212,6679,12058,2.460,1.660,0.880,3,0,624.062,0,0,17,169,1,43,0
25-07 21:39:28,19.779,16.775,62.091,0,0,3445068,129984,174272,4190256,5305.784,1734.545,12.018,212.311,1.001,11.016,5303,8372,2.460,1.660,0.880,3,0,252.370,0,0,17,169,1,43,0
25-07 21:39:29,43.501,8.203,47.727,0,0,3564824,119620,174272,4082968,4976.505,1610.777,15.909,163.066,3.977,9.943,1663,2386,2.460,1.660,0.880,3,0,56.675,0,0,17,171,1,43,0
25-07 21:39:30,45.926,6.455,46.671,0.248,0,3674996,139796,174276,3955552,5183.488,1501.424,1314.739,401.174,34.755,32.769,1845,2765,2.460,1.660,0.880,2,0,5.958,0,0,17,177,1,42,0
25-07 21:39:31,31.395,17.723,49.878,0.253,0,3629864,184964,174280,3955624,42299.466,1640.653,20.255,482.068,4.051,32.408,3776,6451,2.460,1.660,0.880,3,0,477.005,0,0,17,179,1,42,0
25-07 21:39:32,37.993,21.746,39.493,0,0.250,3627116,185280,174288,3958412,4505.198,1565.721,43.992,599.893,3.999,48.991,6727,14385,2.420,1.670,0.890,4,0,499.911,0,0,17,191,1,43,0
25-07 21:39:33,60.267,18.255,21.006,0.500,0,3729428,129720,174312,3912944,6032.701,1620.457,2620.739,9102.567,48.014,562.159,5986,13365,2.420,1.670,0.890,6,0,200.056,0,0,17,193,1,43,0
25-07 21:39:34,79.761,14.752,4.251,0,0,3826856,133892,174328,3813500,4625.652,1620.228,492.069,672.095,10.001,50.007,2881,5809,2.420,1.670,0.890,5,0,66.009,0,0,17,204,1,43,0
25-07 21:39:35,78.000,16.750,5.000,0,0,3855896,158780,174424,3759880,5965.006,1620.002,144.000,2440.002,4.000,143.000,5151,14838,2.420,1.670,0.890,6,0,61.000,0,0,17,216,1,45,0
25-07 21:39:36,46.251,25.750,26.000,0,0,3879476,175732,174436,3719356,5749.063,1620.018,4.000,784.009,1.000,48.001,5784,12133,2.420,1.670,0.890,4,0,548.006,0,0,17,215,1,46,0
25-07 21:39:37,51.743,23.997,23.247,0,0,3924816,122420,174436,3727488,6486.079,1511.785,0,543.923,0,40.994,10702,41266,2.390,1.680,0.900,6,0,288.959,0,0,17,219,1,47,0
25-07 21:39:38,57.756,22.752,18.752,0,0,3967124,142520,174440,3666128,6806.722,1730.183,4.000,392.042,1.000,26.003,4455,8801,2.390,1.680,0.900,6,0,552.059,0,0,17,219,1,47,0
25-07 21:39:39,67.566,20.369,11.923,0.248,0,4000104,137700,174460,3638012,5875.228,1609.652,79.489,27813.189,7.949,729.311,6781,17771,2.390,1.680,0.900,4,0,334.847,0,0,17,221,1,50,0
25-07 21:39:40,55.101,23.650,19.625,0,0,4054036,163916,174460,3559480,5613.714,1618.296,56.359,398.535,4.026,26.166,6100,12271,2.390,1.680,0.900,6,0,377.401,0,0,17,223,1,50,0
25-07 21:39:41,64.220,16.742,16.992,0,0,4179196,134660,174476,3465568,6426.992,1693.208,47.978,3198.503,1.999,220.897,6251,16716,2.390,1.680,0.900,16,0,204.904,0,0,17,233,1,51,0
25-07 21:39:42,66.788,11.256,22.263,0,0,4267356,129424,174484,3384476,5287.045,1620.934,4.002,9541.496,1.001,722.416,2651,4387,2.520,1.720,0.910,6,0,7.004,0,0,17,236,1,51,0
25-07 21:39:43,59.233,18.495,20.994,0.750,0,4257144,172256,174496,3352424,5259.517,1619.543,827.767,1171.670,29.992,103.971,5501,11000,2.520,1.720,0.910,4,0,253.928,0,0,17,247,1,53,0
25-07 21:39:44,48.765,27.258,23.757,0.500,0.250,4239064,189520,174496,3353224,4275.295,1512.458,828.251,1548.469,26.008,161.049,4803,9443,2.520,1.720,0.910,5,0,474.144,0,0,17,248,1,53,0
25-07 21:39:45,49.169,21.465,26.956,0.250,0,4314040,126332,174576,3341996,6001.098,1617.331,4364.798,1492.537,80.867,66.890,6603,15834,2.520,1.720,0.910,7,0,229.621,0,0,18,249,1,51,0
25-07 21:39:46,80.091,17.019,2.503,0,0,4375932,121956,174576,3285724,5388.132,1663.894,512.583,748.852,4.005,52.059,2448,3705,2.520,1.720,0.910,6,0,127.145,0,0,18,251,1,52,0
25-07 21:39:47,76.257,13.751,10.251,0,0,4430680,177496,174592,3176508,4848.441,1690.154,820.075,6872.625,16.001,632.058,2937,4432,2.630,1.750,0.930,4,0,52.005,0,0,18,251,1,53,0
25-07 21:39:48,38.369,18.437,41.857,0.249,0,4458748,148164,174616,3177744,7910.960,2594.133,952.744,861.057,15.945,61.789,4314,10993,2.630,1.750,0.930,3,0,223.237,0,0,18,253,1,54,0
25-07 21:39:49,18.955,5.986,72.829,0,0,4450116,156784,174616,3177756,14239.537,3646.431,766.199,446.950,5.986,36.913,1900,2870,2.630,1.750,0.930,5,0,7.981,0,0,18,256,1,43,0
25-07 21:39:50,25.217,8.489,65.164,0.499,0,4474752,146340,174612,3163676,14002.489,3874.877,938.759,423.440,34.954,29.960,2563,6044,2.630,1.750,0.930,4,0,42.943,0,0,18,258,1,44,0
25-07 21:39:51,22.396,9.311,67.189,0,0,4465220,143244,174612,3176272,16669558.915,138334.709,773.056,394.581,6.039,26.171,7742,5338,2.630,1.750,0.930,5,0,21.138,0,0,18,261,1,43,0
25-07 21:39:52,31.507,17.254,50.511,0,0,4494556,132680,174612,3157764,5118.131,1620.358,3912.865,468.103,55.012,40.009,2972,4958,2.580,1.760,0.940,3,0,255.056,0,0,18,261,1,43,0
25-07 21:39:53,26.307,3.723,68.498,0.248,0,4524236,131052,174612,3129832,5565.207,1649.906,71.476,393.118,0.993,37.723,2423,4395,2.580,1.760,0.940,2,0,2.978,0,0,18,273,1,44,0
25-07 21:39:54,25.186,5.289,68.254,0.756,0,4540972,132224,174616,3111948,5623.513,1716.672,459.391,6927.136,24.178,604.462,4094,9114,2.580,1.760,0.940,3,0,3.022,0,0,18,279,1,46,0
25-07 21:39:55,16.211,14.465,67.338,0,0,4477332,182952,174616,3124952,5242.376,1616.108,203.510,554.664,6.983,42.897,2572,4035,2.580,1.760,0.940,3,0,166.599,0,0,18,275,1,46,0
25-07 21:39:56,14.928,14.182,69.168,0,0,4509468,150568,174616,3125184,5196.074,1612.266,15.924,278.663,1.990,14.928,2753,4649,2.580,1.760,0.940,3,0,296.577,0,0,18,275,1,46,0
25-07 21:39:57,20.004,9.252,69.015,0.500,0,4462544,197836,174616,3124840,5799.235,1458.311,0,1668.355,0,100.021,1900,3139,2.540,1.760,0.940,2,0,78.017,0,0,18,275,1,45,0
25-07 21:39:58,10.006,18.512,69.544,0,0,4467040,193412,174616,3124768,6331.970,1621.016,0,116.073,0,12.008,2954,4737,2.540,1.760,0.940,2,0,258.162,0,0,18,275,1,45,0
25-07 21:39:59,11.277,18.794,69.163,0,0,4471828,188564,174616,3124828,6082.336,1623.827,12.028,16222.236,2.005,40.095,2885,4392,2.540,1.760,0.940,3,0,278.657,0,0,18,277,1,43,0
25-07 21:40:00,3.739,3.989,90.992,0,0,4471672,188696,174616,3124852,5354.819,1615.420,11.966,15918.870,1.994,29.915,1439,2317,2.540,1.760,0.940,1,0,49.859,0,0,18,277,1,43,0
25-07 21:40:01,19.499,3.750,74.996,0,0,4522292,138072,174616,3124856,41168.818,1619.914,0,87.995,0,6.000,1522,2094,2.540,1.760,0.940,4,0,9.999,0,0,18,279,1,41,0
25-07 21:40:02,19.612,9.555,69.146,0.503,0,4474588,185624,174616,3125008,8765.260,1629.343,0,547.137,0,53.306,2389,3873,2.330,1.730,0.940,3,0,97.559,0,0,18,283,1,41,0
25-07 21:40:03,12.476,17.216,68.865,0.250,0,4474132,186000,174620,3125084,7321.628,1710.642,7.984,0,1.996,0,2572,3745,2.330,1.730,0.940,2,0,145.714,0,0,18,283,1,40,0
25-07 21:40:04,13.686,15.179,68.928,0,0,4480900,179172,174620,3125144,5369.944,1451.229,0,107.498,0,9.954,2768,4178,2.330,1.730,0.940,3,0,175.183,0,0,18,285,1,40,0
25-07 21:40:05,17.740,13.492,68.210,0.250,0,4497584,162396,174620,3125236,4967.084,1619.050,23.986,323.810,2.998,25.985,2425,3770,2.330,1.730,0.940,4,0,123.927,0,0,18,287,1,38,0
25-07 21:40:06,23.963,3.245,71.389,0.250,0,4538432,128376,174620,3118408,5516.438,1617.490,631.021,107.833,39.938,8.986,1369,2036,2.330,1.730,0.940,4,0,0.998,0,0,18,287,1,38,0
25-07 21:40:07,26.030,3.254,70.082,0.250,0,4583380,131936,174620,3070044,6100.131,1621.896,380.445,3323.886,17.020,395.462,1663,2508,2.310,1.740,0.940,2,0,2.002,0,0,18,291,1,36,0
25-07 21:40:08,25.958,2.772,70.819,0,0,4508396,206916,174620,3070048,6783.478,1633.116,20.162,250.008,4.032,20.162,1540,2465,2.310,1.740,0.940,2,0,7.057,0,0,18,287,1,36,0
25-07 21:40:09,24.830,3.476,70.765,0.248,0,4566324,148956,174620,3070080,5122.878,1682.465,39.728,111.237,9.932,7.946,1387,2194,2.310,1.740,0.940,2,0,0.993,0,0,18,287,1,35,0
25-07 21:40:10,24.290,4.507,69.865,0,0,4486180,228904,174620,3070276,8121.311,1696.781,16.026,0,2.003,0,1770,2729,2.310,1.740,0.940,4,0,16.026,0,0,18,287,1,35,0
25-07 21:40:11,24.821,3.761,71.955,0,0,4538080,176992,174620,3070288,7198.494,1462.163,0,132.377,0,12.034,1521,2253,2.310,1.740,0.940,1,0,0,0,0,18,287,1,34,0
25-07 21:40:12,12.955,15.197,69.260,0,0,4489120,224892,174628,3071324,5338.523,1688.157,1299.502,625.834,27.903,31.890,2527,3945,2.200,1.720,0.940,2,0,185.358,0,0,18,287,1,34,0
25-07 21:40:13,11.050,19.589,68.311,0,0,4490580,223316,174628,3071440,8581.113,1627.418,4.018,28.128,1.005,3.014,2903,4375,2.200,1.720,0.940,2,0,291.328,0,0,18,287,1,34,0
25-07 21:40:14,19.241,8.746,70.966,0,0,4513792,199712,174632,3071828,5624.283,1619.218,519.749,119.942,31.985,7.996,2040,3048,2.200,1.720,0.940,1,0,109.947,0,0,18,287,1,32,0
25-07 21:40:15,25.257,5.502,68.270,0.500,0,4537152,176024,174648,3072140,5911.691,1620.463,160.046,2640.755,5.001,151.043,9372,19147,2.200,1.720,0.940,5,0,6.002,0,0,18,287,1,32,0
25-07 21:40:16,19.481,2.997,75.427,0.250,0,4520940,191900,174672,3072464,12586.803,5449.719,11.988,391.621,2.997,13.986,1480,2151,2.200,1.720,0.940,1,0,6.993,0,0,18,288,1,30,0
25-07 21:40:17,24.049,7.265,67.888,0.251,0,4546996,163996,174816,3073868,4925.037,1623.308,0,829.691,0,40.082,8875,17765,2.100,1.710,0.940,2,0,6.012,0,0,18,288,1,30,0
25-07 21:40:18,20.650,7.713,71.157,0,0,4479400,231728,174816,3073732,5847.796,1677.907,0,111.462,0,7.962,1832,2730,2.100,1.710,0.940,2,0,64.688,0,0,18,287,1,30,0
25-07 21:40:19,12.990,15.988,69.947,0,0,4512416,198812,174816,3073632,5362.913,1564.808,0,207.842,0,5.995,2399,3661,2.100,1.710,0.940,3,0,207.842,0,0,18,287,1,30,0
25-07 21:40:20,25.748,2.500,71.244,0,0,4547768,163056,174816,3074036,5899.493,1619.861,15.999,91.992,1.000,5.999,1857,3004,2.100,1.710,0.940,4,0,0,0,0,18,287,1,32,0
25-07 21:40:21,19.751,8.750,71.253,0,0,4529588,181212,174816,3074060,9441.425,1704.077,8.000,0,1.000,0,1975,3025,2.100,1.710,0.940,3,0,112.005,0,0,18,287,1,32,0
25-07 21:40:22,23.746,6.249,69.738,0.250,0,4509656,201140,174816,3074064,7353.743,1689.711,0,331.943,0,25.996,2123,3298,2.020,1.700,0.940,2,0,69.988,0,0,18,287,1,33,0
25-07 21:40:23,24.302,3.758,71.403,0.251,0,4489924,220804,174816,3074132,9641.672,1623.481,16.034,1386.974,1.002,260.559,1865,2726,2.020,1.700,0.940,2,0,14.030,0,0,18,287,1,33,0
25-07 21:40:24,22.086,4.769,72.031,0,0,4551616,159104,174816,3074140,8865.558,1626.339,0,0,0,0,1544,2317,2.020,1.700,0.940,3,0,42.164,0,0,18,288,1,33,0
25-07 21:40:25,23.261,4.752,71.284,0,0,4537516,172956,174816,3074388,6008.902,1586.766,32.015,468.226,1.000,32.015,1878,2957,2.020,1.700,0.940,2,0,32.015,0,0,18,287,1,36,0
25-07 21:40:26,22.811,4.711,70.911,0.248,0,4509124,201252,174816,3074484,7603.842,1606.655,31.736,420.507,1.984,47.605,2254,3623,2.020,1.700,0.940,2,0,46.613,0,0,18,287,1,36,0
25-07 21:40:27,24.191,3.528,72.071,0,0,4482696,227660,174816,3074504,6258.543,1578.495,0,205.628,0,20.160,1613,2529,1.930,1.690,0.940,2,0,1.008,0,0,18,287,1,39,0
25-07 21:40:28,22.895,5.226,71.174,0,0,4547696,162544,174816,3074620,6037.319,1654.415,0,175.197,0,10.950,1559,2442,1.930,1.690,0.940,4,0,32.849,0,0,18,287,1,38,0
25-07 21:40:29,21.712,7.237,70.376,0.250,0,4511580,198648,174816,3074632,7079.547,1617.155,0,578.982,0,48.914,2286,3637,1.930,1.690,0.940,4,0,87.845,0,0,18,287,1,38,0
25-07 21:40:30,23.110,4.522,71.340,0,0,4487588,222628,174816,3074644,6640.636,1627.755,0,196.938,0,14.067,1844,2825,1.930,1.690,0.940,2,0,45.215,0,0,18,287,1,40,0
25-07 21:40:31,25.293,3.005,70.369,0,0,4547936,162124,174816,3074800,44636.391,1622.741,0,12.020,0,2.003,1623,2225,1.930,1.690,0.940,2,0,2.003,0,0,18,287,1,40,0
25-07 21:40:32,26.583,4.969,67.825,0.248,0,4531700,177992,174816,3075168,5537.298,1609.911,119.253,286.206,11.925,30.807,2741,4614,1.940,1.690,0.950,3,0,13.913,0,0,18,287,1,41,0
25-07 21:40:33,31.261,4.001,62.772,1.250,0,4493208,216020,174816,3075632,5581.937,1512.525,428.149,1756.610,38.013,214.074,3890,7501,1.940,1.690,0.950,2,0,5.002,0,0,18,289,1,43,0
25-07 21:40:34,24.401,3.773,71.443,0,0,4546132,162864,174816,3075864,6875.629,1630.107,0,450.795,0,29.181,1420,2195,1.940,1.690,0.950,2,0,0,0,0,18,291,1,42,0
25-07 21:40:35,22.660,6.474,66.985,0.498,0,4481600,227292,174816,3075968,4518.108,1559.823,59.763,1617.594,5.976,145.424,3542,6394,1.940,1.690,0.950,2,0,79.684,0,0,18,289,1,43,0
25-07 21:40:36,10.788,21.074,67.238,0,0,4494120,214740,174816,3076000,5858.711,1625.747,0,513.816,0,33.117,2996,4639,1.940,1.690,0.950,6,0,355.256,0,0,18,289,1,37,0
25-07 21:40:37,10.758,20.266,66.551,0.751,0,4491924,216920,174816,3076016,6666.113,1621.243,0,2874.205,0,175.134,3262,5326,1.940,1.700,0.960,2,0,325.249,0,0,18,289,1,37,0
25-07 21:40:38,9.714,20.424,67.251,0,0,4496324,212504,174820,3076028,7363.776,1614.033,0,3646.519,0,432.401,3402,5096,1.940,1.700,0.960,2,0,392.549,0,0,18,289,1,35,0
25-07 21:40:39,9.520,20.794,67.893,0,0,4495964,212836,174820,3076056,5990.598,1623.414,0,44.093,0,11.023,3213,5089,1.940,1.700,0.960,3,0,416.877,0,0,18,289,1,35,0
25-07 21:40:40,10.000,21.250,67.998,0,0,4494472,214308,174820,3076076,6470.851,1511.965,0,39.999,0,10.000,3201,4974,1.940,1.700,0.960,2,0,394.991,0,0,18,289,1,32,0
25-07 21:40:41,10.741,20.483,67.195,0,0,4494540,214220,174820,3076096,6137.985,1734.583,0,31.974,0,7.993,3167,4912,1.940,1.700,0.960,4,0,361.704,0,0,18,289,1,32,0
25-07 21:40:42,11.224,20.452,66.595,0,0,4493004,215744,174820,3076108,4719.009,1616.236,0,367.145,0,27.935,3098,4813,1.870,1.690,0.960,2,0,310.277,0,0,18,289,1,31,0
25-07 21:40:43,11.249,20.748,67.242,0.250,0.250,4494336,214248,174824,3076268,5607.333,1565.814,4.000,655.922,1.000,40.995,3375,5504,1.870,1.690,0.960,3,0,377.955,0,0,18,289,1,31,0
25-07 21:40:44,10.995,20.991,66.970,0.250,0,4497316,211248,174824,3076288,6844.913,1619.270,0,155.930,0,10.995,2887,4475,1.870,1.690,0.960,3,0,316.857,0,0,18,289,1,23,0
25-07 21:40:45,8.767,22.043,66.879,0,0,4498032,210488,174824,3076332,7187.909,1623.141,36.070,709.373,2.004,58.112,3347,5440,1.870,1.690,0.960,2,0,307.595,0,0,18,289,1,23,0
25-07 21:40:46,18.477,9.738,69.665,0.250,0,4527624,258968,175244,3005992,7215.154,1659.965,7.990,119.853,1.998,4.994,9249,18022,1.870,1.690,0.960,2,0,96.881,0,0,18,289,1,22,0
25-07 21:40:47,19.773,3.504,75.589,0,0,4552556,227100,175664,3011664,5948.972,2574.017,8.009,2779.257,1.001,29.034,1586,2454,1.720,1.660,0.950,0,0,4.005,0,0,18,290,1,22,0
25-07 21:40:48,10.218,1.745,87.229,0,0,4552724,226672,175688,3011900,14027.389,3972.649,79.752,1670.805,4.985,16.947,1443,2315,1.720,1.660,0.950,1,0,1.994,0,0,18,291,1,20,0
25-07 21:40:49,17.500,1.250,79.501,0.750,0,4564736,213820,175744,3012612,23124.185,13117.105,632.005,1340.011,45.000,46.000,1505,2257,1.720,1.660,0.950,1,0,0,0,0,18,291,1,20,0
25-07 21:40:50,15.011,3.753,79.807,0.500,0,4551956,226036,175796,3013212,18574.318,10479.514,400.287,1000.718,40.029,33.024,2117,3845,1.720,1.660,0.950,1,0,34.024,0,0,18,291,1,20,0
25-07 21:40:51,20.232,1.998,76.431,0.749,0,4568416,208648,175848,3013960,25387.973,11587.490,639.420,1210.902,39.964,38.965,1633,2354,1.720,1.660,0.950,3,0,0.999,0,0,18,291,1,20,0
25-07 21:40:52,19.841,1.507,77.355,1.005,0,4577416,198820,175924,3014644,25480.004,14713.565,534.454,1804.285,38.175,81.374,1852,2920,1.740,1.670,0.960,2,0,0,0,0,18,291,1,20,0
25-07 21:40:53,20.661,6.223,71.192,1.494,0,4575000,149800,176736,3063492,5233.334,2292.073,11526.081,2676.408,219.051,86.625,1864,2959,1.740,1.670,0.960,3,0,0,0,0,18,290,1,20,1
25-07 21:40:54,20.999,4.500,71.495,1.500,0,4592640,133960,177684,3059168,4130.727,1511.900,0,3567.765,0,159.989,1739,3005,1.740,1.670,0.960,3,0,0,0,0,18,290,1,17,1
25-07 21:40:55,24.003,2.500,71.760,0.750,0,4593124,145804,178632,3044264,5345.759,1860.264,16.002,2856.406,1.000,100.014,1670,2844,1.740,1.670,0.960,3,0,0,0,0,18,289,1,17,0
25-07 21:40:56,23.791,3.757,71.624,0,0,4552252,184668,178636,3046268,7874.655,1622.814,416.723,777.348,6.010,11.019,1634,2410,1.740,1.670,0.960,2,0,9.016,0,0,18,289,1,17,0
25-07 21:40:57,23.734,6.496,68.455,0.250,0,4548004,188564,178636,3046556,5084.639,1618.930,0,1419.062,0,22.985,10131,20265,1.680,1.650,0.960,5,0,13.991,0,0,18,289,1,16,0
25-07 21:40:58,24.437,5.236,68.821,0,0,4528124,208356,178640,3046636,6038.331,1701.584,0,279.275,0,17.953,7689,14728,1.680,1.650,0.960,4,0,10.972,0,0,18,289,1,16,0
25-07 21:40:59,25.054,6.013,68.648,0,0,4518580,217964,178640,3046548,5451.770,1569.388,0,4.009,0,1.002,8484,17296,1.680,1.650,0.960,2,0,55.119,0,0,18,289,1,16,0
25-07 21:41:00,25.211,4.743,69.143,0,0,4553064,183472,178640,3046556,7949.678,1617.493,0,0,0,0,9405,18522,1.680,1.650,0.960,2,0,14.977,0,0,18,289,1,16,0
25-07 21:41:01,22.645,7.045,69.948,0,0,4557408,179012,178640,3046664,43341.341,1521.738,0,112.721,0,8.052,9246,18739,1.680,1.650,0.960,2,0,16.103,0,0,18,289,1,16,0
25-07 21:41:02,23.881,4.229,70.398,0.249,0,4521700,214760,178644,3046556,5766.175,1611.942,0,656.717,0,40.796,1633,2472,1.630,1.640,0.960,3,0,8.955,0,0,18,289,1,16,0
25-07 21:41:03,23.189,4.987,70.814,0,0,4490796,245632,178644,3046572,5530.477,1946.887,7.979,3.990,1.995,0.997,1925,3034,1.630,1.640,0.960,3,0,85.775,0,0,18,289,1,16,0
25-07 21:41:04,23.523,5.756,70.070,0.250,0,4522632,198040,179348,3059884,5955.914,1621.610,0,2134.119,0,181.180,10211,19952,1.630,1.640,0.960,3,0,15.015,0,0,18,291,1,16,0
25-07 21:41:05,7.036,1.759,89.454,0.251,0,4531724,187988,179392,3060596,11120.414,3673.636,32.163,3481.662,1.005,165.841,1567,2978,1.630,1.640,0.960,2,0,3.015,0,0,18,292,1,16,0
25-07 21:41:06,17.405,1.243,80.560,0.497,0,4541752,177656,179436,3060788,18934.485,7897.823,0,712.107,0,25.859,1372,2100,1.630,1.640,0.960,2,0,0,0,0,18,293,1,16,0
25-07 21:41:07,18.495,0.500,79.978,0.500,0,4541604,177432,179512,3061016,24267.424,15281.859,0,1443.609,0,48.987,1482,2276,1.500,1.620,0.950,1,0,0,0,0,18,293,1,16,0
25-07 21:41:08,6.796,1.762,90.114,0.503,0,4541996,176676,179620,3061196,142692.738,11279.816,0,1002.829,0,43.295,1372,2305,1.500,1.620,0.950,2,0,2.014,0,0,18,294,1,16,0
25-07 21:41:09,17.903,1.492,79.816,0.497,0,4558176,160352,179672,3061252,20109.564,9001.016,0,1141.786,0,35.805,1458,2211,1.500,1.620,0.950,2,0,0,0,0,18,294,0,16,0
25-07 21:41:10,19.090,1.256,77.866,0.502,0,4561740,156612,179744,3061348,24168.738,15532.094,0,1450.828,0,48.227,1510,2302,1.500,1.620,0.950,1,0,0,0,0,18,294,0,16,0
25-07 21:41:11,11.270,2.004,84.151,1.002,0,4565840,151628,180008,3061784,277076.521,20781.240,24.043,2412.323,4.007,105.188,1870,2977,1.500,1.620,0.950,2,0,0,0,0,18,293,0,16,1
25-07 21:41:12,14.670,2.238,81.555,0.746,0,4569120,147876,180176,3062012,61012.748,14602.243,79.565,2009.027,6.962,107.413,1712,2911,1.540,1.620,0.960,2,0,0,0,0,18,293,0,16,1
25-07 21:41:13,10.760,3.503,83.829,0.500,0,4573876,121316,180264,3083584,6961010.389,64917.958,8.008,5280.959,1.001,44.041,4221,3729,1.540,1.620,0.960,2,0,4.004,0,0,18,293,0,16,1
25-07 21:41:14,7.980,2.743,85.535,0.748,0,4574296,124520,180400,3079744,10698792.741,69957.776,135.658,21797.093,4.987,272.314,4810,3397,1.540,1.620,0.960,2,0,7.980,0,0,18,293,0,16,1
25-07 21:41:15,22.756,3.751,71.768,1.500,0,4573872,121072,181148,3081212,107085.343,2482.611,32.008,3232.795,3.001,207.051,1927,3137,1.540,1.620,0.960,2,0,1.000,0,0,18,293,0,16,1
25-07 21:41:16,23.267,3.252,71.552,0.751,0,4567888,128068,183952,3074644,7338.372,1607.176,0,3994.924,0,76.056,1595,2570,1.540,1.620,0.960,2,0,0,0,0,18,293,0,16,1
25-07 21:41:17,22.723,4.744,70.417,0.749,0,4583136,124852,184892,3059708,7998.610,1618.100,0,2944.543,0,130.846,1910,3101,1.740,1.660,0.970,3,0,0,0,0,18,293,0,16,1
25-07 21:41:18,21.791,5.761,70.632,1.002,0,4582524,130548,186680,3050304,5248.789,1623.027,0,2356.395,0,98.183,1673,2814,1.740,1.660,0.970,3,0,2.004,0,0,18,293,0,16,1
25-07 21:41:19,23.743,3.749,70.730,0.750,0,4566448,131456,187636,3062848,5322.531,1619.553,0,17575.149,0,108.970,1590,2388,1.740,1.660,0.970,3,0,0,0,0,18,293,0,16,1
25-07 21:41:20,20.974,2.747,75.658,0.499,0,4500268,225764,187932,3033820,14262.657,4283.791,19.976,1454.232,2.996,41.949,1583,2397,1.740,1.660,0.970,2,0,1.998,0,0,18,291,0,16,0
25-07 21:41:21,22.138,7.547,69.684,0,0,4550544,173644,187940,3035628,9433.810,1630.162,0,0,0,0,9313,18656,1.740,1.660,0.970,2,0,16.100,0,0,18,291,0,14,0
25-07 21:41:22,23.338,5.462,69.765,0,0,4543460,180560,187948,3035772,5291.205,1694.218,0,2514.514,0,32.772,4721,10288,1.840,1.680,0.990,5,0,4.965,0,0,18,291,0,14,0
25-07 21:41:23,23.748,4.250,70.745,0,0,4502320,221552,187948,3035900,6076.593,1457.902,0,115.992,0,7.999,4069,8370,1.840,1.680,0.990,2,0,8.999,0,0,18,291,0,13,0
25-07 21:41:24,24.265,4.002,71.044,0.250,0,4535488,184896,188128,3038572,6537.027,1711.054,652.402,35225.699,14.009,90.055,1511,2276,1.840,1.680,0.990,2,0,5.003,0,0,18,291,0,13,0
25-07 21:41:25,26.149,4.274,67.636,1.257,0,4535960,183384,188132,3039468,8468.346,1808.324,450.572,6939.618,24.138,566.233,5470,10613,1.840,1.680,0.990,2,0,0,0,0,18,295,0,15,0
25-07 21:41:26,14.268,14.018,68.836,0.751,0,4493856,224964,188132,3039992,6963.712,1622.029,484.606,1381.729,23.029,130.163,4317,8043,1.840,1.680,0.990,3,0,398.499,0,0,18,293,0,16,0
25-07 21:41:27,11.186,5.966,72.584,9.943,0,4475696,220068,188132,3063024,6035.423,2230.223,22968.414,1368.162,1976.676,16.903,3810,6575,1.770,1.670,0.990,2,0,56.675,0,0,18,294,0,18,0
25-07 21:41:28,3.258,0.752,93.725,0,0,4475804,219816,188132,3063164,10199.530,3674.838,0,1102.652,0,64.154,1309,2320,1.770,1.670,0.990,1,0,2.005,0,0,18,294,0,18,0
25-07 21:41:29,3.987,3.239,90.703,0.748,0,4469960,225032,188188,3063772,80461.248,129273.242,645.883,29981.720,15.948,74.755,1603,2463,1.770,1.670,0.990,1,0,26.912,0,0,18,293,0,15,0
25-07 21:41:30,1.751,0.500,96.788,0,0,4470092,224888,188188,3063768,4347.700,1458.570,0,60.023,0,7.003,966,1709,1.770,1.670,0.990,1,0,0,0,0,18,293,0,15,0
25-07 21:41:31,2.999,1.250,94.468,0,0,4470344,224636,188188,3063768,42777.627,1619.456,0,255.914,0,23.992,1418,2502,1.770,1.670,0.990,1,0,0,0,0,18,293,0,13,0
25-07 21:41:32,1.999,0.750,95.217,0.250,0,4470336,224636,188188,3063772,4458.435,1619.432,0,119.958,0,17.994,1161,2067,1.870,1.700,1,1,0,0,0,0,18,293,0,13,0
25-07 21:41:33,1.749,0.750,96.464,0,0,4470336,224636,188188,3063772,5626.912,1619.399,0,0,0,0,1137,2007,1.870,1.700,1,1,0,0,0,0,18,293,0,10,0
25-07 21:41:34,5.278,1.759,92.740,0,0,4470328,224636,188188,3063780,6014.758,1719.077,20.106,13527.425,2.011,38.202,1367,2188,1.870,1.700,1,0,0,0,0,0,18,293,0,10,0
25-07 21:41:35,5.260,3.005,89.412,0.250,0,4471824,222872,188188,3064048,5726.365,1622.938,0,1242.248,0,224.406,2447,4333,1.870,1.700,1,2,0,2.004,0,0,18,293,0,9,0
25-07 21:41:36,22.753,6.001,70.759,0.250,0,4457304,237356,188188,3064080,5408.687,1620.206,788.100,504.064,8.001,55.007,2217,3681,1.870,1.700,1,4,0,8.001,0,0,18,293,0,11,0
25-07 21:41:37,7.737,1.498,88.605,0,0,4454108,240528,188188,3064104,4731.245,1455.614,255.581,319.476,1.997,16.972,1337,2216,1.720,1.670,0.990,2,0,1.997,0,0,18,293,0,11,0
25-07 21:41:38,2.239,0.995,95.759,0.249,0,4454108,240528,188188,3064104,5783.372,1611.743,0,103.470,0,7.959,1100,1951,1.720,1.670,0.990,1,0,1.990,0,0,18,293,0,11,0
25-07 21:41:39,2.002,0.250,96.353,0,0,4454332,240304,188188,3064104,6270.691,1621.730,0,248.265,0,18.019,1049,1831,1.720,1.670,0.990,1,0,0,0,0,18,293,0,11,0
25-07 21:41:40,3.003,0.500,95.337,0,0,4454524,240112,188188,3064104,5043.580,1621.472,0,1329.207,0,8.007,1112,1874,1.720,1.670,0.990,1,0,0,0,0,18,293,0,11,0
25-07 21:41:41,2.497,1.248,95.118,0,0,4454772,239860,188188,3064108,6201.417,1711.631,0,127.823,0,15.978,1246,2246,1.720,1.670,0.990,1,0,0,0,0,18,293,0,11,0
25-07 21:41:42,2.008,0.502,95.607,0.251,0,4454772,239860,188188,3064108,5334.931,1626.075,0,244.915,0,23.086,1164,2167,1.580,1.640,0.990,2,0,0,0,0,18,293,0,11,0
25-07 21:41:43,1.991,0.996,96.088,0,0,4454772,239860,188188,3064108,5582.092,1613.091,0,3.983,0,0.996,1172,1947,1.580,1.640,0.990,1,0,0,0,0,18,293,0,11,0
25-07 21:41:44,1.000,0.250,95.963,0,0,4454772,239860,188188,3064108,5132.019,1621.374,0,31.988,0,3.998,985,1727,1.580,1.640,0.990,1,0,0,0,0,18,293,0,11,0
25-07 21:41:45,2.002,1.251,96.328,0.250,0,4455196,239608,188188,3064108,5673.618,1567.276,0,11637.473,0,206.168,1115,1818,1.580,1.640,0.990,1,0,0,0,0,18,293,0,11,0
25-07 21:41:46,2.499,0.750,95.211,0.250,0,4455228,239608,188196,3064116,6347.379,1705.296,0,439.818,0,38.984,1276,2444,1.580,1.640,0.990,1,0,0,0,0,18,293,0,11,0
25-07 21:41:47,1.751,0.750,95.550,0.250,0,4455224,239608,188196,3064120,4380.291,1620.848,0,112.059,0,16.008,1187,2115,1.450,1.610,0.980,1,0,0,0,0,18,293,0,11,0
25-07 21:41:48,2.009,0.753,95.935,0,0,4455468,239360,188196,3064124,5530.096,1627.385,0,0,0,0,1177,2003,1.450,1.610,0.980,1,0,2.009,0,0,18,293,0,11,0
25-07 21:41:49,2.237,0.994,94.960,0,0,4455468,239360,188196,3064124,7554.033,1610.838,0,369.896,0,31.819,1342,2306,1.450,1.610,0.980,1,0,0,0,0,18,293,0,11,0
25-07 21:41:50,1.999,3.999,90.968,0,0,4456112,238672,188196,3064476,7465.357,1619.427,0,133344.796,0,377.866,2316,3568,1.450,1.610,0.980,2,0,11.996,0,0,18,293,0,11,0
25-07 21:41:51,5.254,2.002,91.319,0,0,4437300,257484,188196,3064132,13051.893,1513.147,0,3334.528,0,228.173,1809,4514,1.450,1.610,0.980,2,0,22.017,0,0,18,293,0,12,0
25-07 21:41:52,3.501,0.500,93.527,0.500,0.250,4437548,257232,188196,3064136,8793.559,1620.472,0,516.150,0,59.017,1486,2730,1.340,1.580,0.980,2,0,0,0,0,18,293,0,11,0
25-07 21:41:53,2.518,1.007,95.173,0.252,0,4437548,257232,188196,3064136,6159.579,1577.158,0,1502.631,0,99.705,1406,2626,1.340,1.580,0.980,1,0,0,0,0,18,293,0,11,0
25-07 21:41:54,1.240,0.744,95.751,0.248,0,4437548,257232,188196,3064136,8421.163,1716.580,0,464.370,0,56.558,1105,1889,1.340,1.580,0.980,1,0,1.984,0,0,18,293,0,11,0
25-07 21:41:55,2.015,1.008,94.968,0.252,0,4437544,257232,188196,3064136,7191.338,1674.654,0,5944.920,0,89.678,1144,1968,1.340,1.580,0.980,1,0,0,0,0,18,293,0,11,0
25-07 21:41:56,2.746,0,95.114,0,0,4437508,257232,188196,3064172,5048.790,1617.690,19.971,103.852,1.997,13.980,1272,2447,1.340,1.580,0.980,1,0,0,0,0,18,293,0,11,0
25-07 21:41:57,2.733,0.994,95.422,0,0,4437504,257232,188196,3064176,5048.427,1610.248,0,47.711,0,5.964,1004,1757,1.310,1.580,0.980,1,0,0,0,0,18,293,0,11,0
25-07 21:41:58,2.500,1.250,95.747,0,0,4437500,257232,188196,3064180,5902.793,1511.947,0,275.990,0,18.999,1168,1946,1.310,1.580,0.980,1,0,2.000,0,0,18,293,0,11,0
25-07 21:41:59,2.001,0.250,96.567,0,0,4437500,257232,188196,3064180,12657.810,1567.091,0,32.022,0,4.003,1022,1651,1.310,1.580,0.980,2,0,0,0,0,18,293,0,11,0
25-07 21:42:00,2.752,2.002,93.829,0,0,4451860,242872,188204,3064172,109632.201,1231.035,20.017,120.101,1.001,3.003,1053,1695,1.310,1.580,0.980,2,0,3.003,0,0,18,293,0,11,0
25-07 21:42:01,10.495,3.498,84.463,0,0,4470832,223600,188240,3064428,269651.814,9801.668,219.903,7.996,10.995,1.000,1776,2449,1.310,1.580,0.980,2,0,30.986,0,0,18,293,0,11,0
25-07 21:42:02,17.269,6.507,75.082,0.250,0,4470176,217380,188248,3071280,231643.650,4260.665,128.140,688.754,12.013,44.048,1963,2825,1.280,1.570,0.980,2,0,42.046,0,0,18,293,0,11,0
