"pcp-dstat 5.3.6 CSV Output"
"Author:","PCP team <pcp@groups.io> and Dag Wieers <dag@wieers.com>",,,,"URL:","https://pcp.io/ and http://dag.wieers.com/home-made/dstat/"
"Host:","jammy-provider-cloud-0000007570",,,,"User:","ubuntu"
"Cmdline:","dstat -tcmndrylpg --tcp --output /tmp/devstack_logs/dstat-csv.log",,,,"Date:","03 Sep 2024 10:16:25 UTC"
"system","total usage",,,,,"memory usage",,,,"net/total",,"dsk/total",,"io/total",,"system",,"load avg",,,"procs",,,"paging",,"tcp sockets",,,,
"time","total usage:usr","total usage:sys","total usage:idl","total usage:wai","total usage:stl","used","free","buf","cach","net/total:recv","net/total:send","dsk/total:read","dsk/total:writ","read","writ","int","csw","1m","5m","15m","run","blk","new","in","out","lis","act","syn","tim","clo"
03-09 10:16:25,,1006568,1980696,162628,4668676,,,,,,,1.110,0.860,0.460,4,0,,,,9,4,4,17,0
03-09 10:16:26,29.968,19.229,50.196,0.250,0,998472,1983944,162644,4673348,2413235.664,32098.719,0,4243.468,0,82.911,4327,6844,1.110,0.860,0.460,3,0,586.374,0,0,9,5,4,17,0
03-09 10:16:27,44.320,18.923,35.855,0,0,1027876,1954168,162660,4674072,33459.356,11960.512,0,1422.234,0,53.782,4919,10688,1.110,0.860,0.460,17,0,396.393,0,0,9,7,4,17,0
03-09 10:16:28,41.125,12.789,45.388,1.003,0,1138524,1838456,162692,4803368,2435599.172,40090.595,0,4533.751,0,78.237,5471,10908,1.110,0.860,0.460,4,0,133.405,0,0,10,8,4,17,0
03-09 10:16:29,49.288,9.507,40.782,0,0,1187204,1789084,162716,4804044,209175.529,11610.021,80.062,2429.888,1.001,170.132,2790,3619,1.110,0.860,0.460,2,0,208.162,0,0,10,8,4,19,1
03-09 10:16:30,42.172,4.242,51.654,0.499,0,1271248,1701608,162816,4806796,494351.966,23102.192,0,4020.550,0,77.856,1776,2059,1.100,0.860,0.460,3,0,0.998,0,0,10,9,4,19,1
03-09 10:16:31,32.818,5.010,55.365,6.013,0,1290952,1665052,163412,4822360,456382.645,23118.155,0,26535.273,0,1957.077,8338,17174,1.100,0.860,0.460,1,0,31.065,0,0,10,10,4,19,2
03-09 10:16:32,30.994,10.998,50.490,7.749,0,1233568,1700000,164256,4843280,910988.179,13072.477,11449.790,44687.375,129.975,3320.359,12319,25274,1.100,0.860,0.460,2,0,130.975,0,0,10,8,4,19,2
03-09 10:16:33,38.005,12.502,48.756,0,0,1307252,1625012,164256,4844412,319540.499,10531.401,324.043,2740.364,3.000,135.018,2443,2569,1.100,0.860,0.460,5,0,124.016,0,0,10,8,4,19,2
03-09 10:16:34,43.423,7.237,47.416,0.998,0,1225968,1691500,164436,4858360,378817.387,11565.587,1161.949,19505.573,13.975,882.442,3191,3973,1.100,0.860,0.460,2,0,37.933,0,0,10,8,4,19,2
03-09 10:16:35,43.818,5.258,48.576,1.502,0.250,1313996,1578212,165428,4879124,150234.516,5662.840,0,3729.822,0,169.264,1816,2412,1.250,0.890,0.470,2,0,0,0,0,10,8,4,19,2
03-09 10:16:36,39.260,12.503,48.262,1.000,0,1218136,1641304,166784,4907072,239029.191,8090.071,0,3416.875,0,115.029,2867,4720,1.250,0.890,0.470,2,0,309.079,0,0,10,8,4,19,2
03-09 10:16:37,29.240,20.743,49.483,0,0,1171416,1701856,166784,4893756,137785.739,8018.250,0,731.749,0,25.991,3795,7587,1.250,0.890,0.470,2,0,448.846,0,0,10,6,4,19,0
03-09 10:16:38,59.589,15.957,23.935,0,0,1277300,1594348,166844,4895428,281772.342,9251.059,0,107.710,0,2.992,10686,22112,1.250,0.890,0.470,3,0,177.521,0,0,10,7,4,19,0
03-09 10:16:39,72.515,8.252,19.004,0,0,1273916,1597076,166892,4896004,192634.912,7711.558,0,4752.960,0,35.007,9440,17884,1.250,0.890,0.470,6,0,15.003,0,0,10,5,4,19,0
03-09 10:16:40,76.216,11.282,12.285,0,0,1355088,1512756,166900,4898956,5314.033,1624.596,0,946.678,0,97.275,2917,4938,1.470,0.950,0.490,5,0,131.372,0,0,10,4,4,20,0
03-09 10:16:41,19.213,4.242,75.852,0.250,0,1280720,1582620,166904,4903248,2387846.088,25768.777,0,3429.316,0,17.965,1842,1824,1.470,0.950,0.490,1,0,53.895,0,0,10,4,4,20,0
03-09 10:16:42,19.274,3.504,76.596,0.250,0,1326976,1536416,166912,4903248,6938.666,1664.078,0,560.700,0,41.051,1495,1962,1.470,0.950,0.490,1,0,21.026,0,0,10,4,4,18,0
03-09 10:16:43,23.477,1.748,73.679,0,0,1367088,1496096,166912,4903456,5761.423,1618.433,0,351.660,0,3.996,907,1193,1.470,0.950,0.490,5,0,0.999,0,0,10,6,4,18,0
03-09 10:16:44,21.981,4.246,71.440,1.249,0,1310444,1552620,166988,4903492,5699.201,1456.773,0,14955.408,0,369.689,2981,5792,1.470,0.950,0.490,1,0,41.965,0,0,10,4,4,16,0
03-09 10:16:45,22.781,2.253,73.351,0.751,0,1341236,1521232,166992,4903924,6692.222,1622.235,232.320,1281.766,58.080,14.019,1538,2528,1.430,0.950,0.500,1,0,2.003,0,0,10,27,4,16,0
03-09 10:16:46,20.980,5.245,73.679,0,0,1340364,1522080,166992,4903940,7027.254,1618.446,0,0,0,0,1245,1781,1.430,0.950,0.500,1,0,43.958,0,0,10,28,4,16,0
03-09 10:16:47,27.556,9.018,62.125,0,0,1357776,1504624,166992,4903968,5862.837,1623.277,0,12.024,0,3.006,1911,2813,1.430,0.950,0.500,2,0,156.316,0,0,10,28,4,16,0
03-09 10:16:48,47.161,4.991,48.159,0.250,0,1412260,1449900,166996,4904168,6281.116,1616.941,0,990.127,0,17.966,3440,7688,1.430,0.950,0.500,2,0,0,0,0,10,28,4,17,0
03-09 10:16:49,74.127,18.281,7.763,0,0,1516372,1345720,166996,4904204,6341.857,1664.850,0,10882.631,0,35.060,2694,4265,1.430,0.950,0.500,6,0,462.792,0,0,10,28,4,18,0
03-09 10:16:50,81.018,14.003,4.251,0,0,1392256,1469492,166996,4904580,6239.423,1694.386,0,904.206,0,33.008,5733,12281,1.880,1.050,0.530,6,0,165.038,0,0,10,28,4,16,0
03-09 10:16:51,39.923,10.729,48.407,0,0,1317840,1543872,167000,4904612,8148.371,1529.067,0,259.502,0,28.944,3472,6625,1.880,1.050,0.530,1,0,262.497,0,0,10,28,4,19,0
03-09 10:16:52,22.495,3.249,72.984,0,0,1372740,1488964,167000,4904620,7144.393,1693.619,0,0,0,0,1707,2631,1.880,1.050,0.530,1,0,0,0,0,10,29,4,19,0
03-09 10:16:53,22.263,5.003,73.294,0,0,1359056,1502632,167004,4904632,6373.818,1620.971,0,124.074,0,11.007,1680,2543,1.880,1.050,0.530,3,0,68.041,0,0,10,28,4,19,0
03-09 10:16:54,18.278,10.766,70.858,0.250,0,1317852,1543804,167008,4904660,7977.117,1696.577,0,376.572,0,33.050,2932,5256,1.880,1.050,0.530,2,0,237.361,0,0,10,28,4,19,0
03-09 10:16:55,38.251,25.001,36.001,0,0,1434000,1427556,167008,4904712,6393.230,1620.058,0,31605.138,0,95.003,3516,6118,1.810,1.050,0.540,6,0,801.029,0,0,10,28,4,19,0
03-09 10:16:56,82.831,10.010,6.757,0,0,1612216,1249168,167012,4904880,7619.482,1621.592,0,1897.864,0,86.085,4063,8088,1.810,1.050,0.540,6,0,0,0,0,10,30,4,19,0
03-09 10:16:57,81.917,10.739,6.993,0,0,1442056,1419096,167016,4905100,5831.116,1660.325,0,2793.182,0,76.922,4078,12275,1.810,1.050,0.540,7,0,176.822,0,0,10,28,4,21,0
03-09 10:16:58,88.250,9.250,3.250,0,0,1620008,1240712,167016,4905532,6055.994,1531.998,0,204.000,0,13.000,3440,8618,1.810,1.050,0.540,7,0,133.000,0,0,10,29,4,21,0
03-09 10:16:59,78.780,11.004,9.254,0,0,1440000,1420352,167016,4905900,9489.625,1620.619,0,348.133,0,26.010,7231,18529,1.810,1.050,0.540,3,0,200.076,0,0,10,29,4,22,0
03-09 10:17:00,43.778,6.965,48.256,0,0,1431288,1429036,167016,4905928,8766.588,1611.834,0,5161.850,0,30.844,2115,3654,1.820,1.060,0.540,5,0,97.506,0,0,10,28,5,24,0
03-09 10:17:01,52.495,14.317,32.904,0,0,1398996,1461252,167020,4906000,7046.916,1627.603,0,305.427,0,27.127,4382,9867,1.820,1.060,0.540,4,0,381.783,0,0,10,28,4,23,0
03-09 10:17:02,65.745,5.750,28.748,0.250,0,1492996,1367004,167024,4906244,4858.650,1619.883,7.999,359.974,2.000,29.998,2889,8190,1.820,1.060,0.540,5,0,3.000,0,0,10,29,4,27,0
03-09 10:17:03,79.744,14.999,4.000,0,0,1544724,1315108,167024,4906412,7263.484,1619.885,0,371.974,0,26.998,2731,4257,1.820,1.060,0.540,5,0,257.982,0,0,10,29,4,27,0
03-09 10:17:04,62.740,12.498,23.746,0,0,1465060,1394640,167028,4906536,5617.135,1713.736,0,5283.186,0,95.985,8143,17603,1.820,1.060,0.540,7,0,205.968,0,0,10,28,4,30,0
03-09 10:17:05,66.238,10.748,22.996,0,0,1492616,1367148,167028,4906616,5616.966,1511.722,0,30334.418,0,452.917,3602,5837,1.920,1.100,0.560,3,0,117.978,0,0,10,30,4,31,0
03-09 10:17:06,67.097,13.719,18.707,0,0,1431060,1428352,167032,4906952,6628.906,1690.152,0,395.100,0,39.909,5990,11404,1.920,1.100,0.560,4,0,298.321,0,0,10,28,4,32,0
03-09 10:17:07,58.131,8.519,33.325,0,0,1414872,1444316,167040,4907160,8147.364,1569.538,0,424.958,0,45.102,6034,12429,1.920,1.100,0.560,4,0,58.131,0,0,10,29,4,36,0
03-09 10:17:08,65.532,12.006,22.011,0,0,1500696,1358076,167056,4907560,5841.816,1620.781,0,2909.402,0,241.116,2453,4114,1.920,1.100,0.560,4,0,229.110,0,0,10,30,4,37,0
03-09 10:17:09,61.252,8.250,29.251,0,0,1427844,1430608,167060,4907872,6452.206,1620.052,0,1380.044,0,39.001,4093,8299,1.920,1.100,0.560,4,0,112.004,0,0,10,28,4,39,0
03-09 10:17:10,61.746,13.749,23.749,0.500,0,1404552,1453528,167072,4908084,5441.673,1619.903,0,42545.447,0,142.991,5749,11198,2,1.130,0.570,5,0,226.986,0,0,10,28,4,42,0
03-09 10:17:11,83.250,14.250,1.750,0,0,1569736,1288296,167072,4908132,6357.038,1620.010,0,308.002,0,19.000,2426,3972,2,1.130,0.570,7,0,261.002,0,0,10,29,4,42,0
03-09 10:17:12,81.750,15.000,3.250,0.250,0,1499660,1358120,167072,4908380,4926.030,1512.009,0,780.005,0,53.000,4117,8660,2,1.130,0.570,7,0,327.002,0,0,10,28,4,42,0
03-09 10:17:13,83.243,12.749,4.250,0,0,1575392,1282128,167084,4908620,6214.472,1619.862,0,447.962,0,26.998,4256,10579,2,1.130,0.570,7,0,226.981,0,0,10,31,4,42,0
03-09 10:17:14,70.007,20.502,9.251,0,0,1415840,1441440,167084,4908852,5577.535,1566.150,0,876.084,0,34.003,4584,13807,2,1.130,0.570,4,0,697.067,0,0,10,28,4,42,0
03-09 10:17:15,41.264,20.257,38.013,0,0,1386288,1470780,167088,4909056,6462.229,1694.585,0,2961.022,0,17.006,5282,11633,2.080,1.160,0.580,3,0,649.224,0,0,10,29,4,41,0
03-09 10:17:16,20.493,21.742,56.730,0,0,1351400,1505616,167088,4909104,5967.846,1619.415,0,279.899,0,20.992,3462,5929,2.080,1.160,0.580,6,0,658.762,0,0,10,28,4,41,0
03-09 10:17:17,78.492,16.498,4.000,0.250,0,1538956,1317996,167092,4909160,6359.383,1619.843,0,303.971,0,24.998,2950,7102,2.080,1.160,0.580,9,0,414.960,0,0,10,29,4,38,0
03-09 10:17:18,77.755,12.001,9.751,0,0,1449704,1407004,167112,4909364,8493.569,1620.109,0,680.046,0,62.004,4157,9839,2.080,1.160,0.580,5,0,268.018,0,0,10,28,4,39,0
03-09 10:17:19,73.755,10.251,15.501,0.250,0,1553296,1303180,167124,4909576,6805.463,1846.126,0,808.055,0,41.003,6717,14180,2.080,1.160,0.580,3,0,0,0,0,10,32,5,42,0
03-09 10:17:20,63.990,10.498,24.496,0,0,1430220,1425832,167140,4909972,7958.750,1659.739,0,715.888,0,47.992,9163,19807,2.160,1.190,0.600,5,0,79.987,0,0,10,29,5,51,0
03-09 10:17:21,84.714,8.746,6.747,0,0,1550756,1305240,167144,4910020,7526.794,1693.279,0,275.882,0,22.990,4534,9802,2.160,1.190,0.600,7,0,41.982,0,0,10,30,5,51,0
03-09 10:17:22,64.034,10.005,25.263,0,0,1529308,1326400,167144,4910296,5130.709,1714.905,0,184.097,0,9.005,7395,23627,2.160,1.190,0.600,7,0,105.055,0,0,10,30,5,55,0
03-09 10:17:23,75.252,13.750,10.250,0,0,1469516,1385828,167144,4910652,7199.194,1694.046,0,4828.130,0,137.004,6418,13557,2.160,1.190,0.600,5,0,196.005,0,0,10,29,5,51,0
03-09 10:17:24,78.784,10.505,10.755,0.250,0,1474188,1380936,167148,4910864,5461.370,1662.722,0,268.116,0,22.010,6720,13096,2.160,1.190,0.600,5,0,64.028,0,0,10,29,5,53,0
03-09 10:17:25,83.462,10.495,5.498,0,0,1542696,1312256,167148,4911032,7446.642,1619.270,0,135.939,0,3.998,4142,7062,2.310,1.240,0.620,5,0,67.969,0,0,10,29,5,53,0
03-09 10:17:26,79.748,12.750,7.000,0,0,1454468,1400280,167148,4911232,6096.878,1693.966,0,515.990,0,51.999,4411,10661,2.310,1.240,0.620,5,0,246.995,0,0,10,28,5,54,0
03-09 10:17:27,81.226,11.497,7.498,0,0,1460144,1394388,167152,4911440,6660.069,1585.540,0,171.950,0,8.997,6930,13174,2.310,1.240,0.620,5,0,85.975,0,0,10,30,5,54,0
03-09 10:17:28,82.762,10.251,6.501,0,0,1534284,1320196,167156,4911484,6101.873,1620.232,0,156.022,0,10.001,3630,6420,2.310,1.240,0.620,6,0,77.011,0,0,10,29,5,54,0
03-09 10:17:29,72.762,14.252,12.002,0.250,0,1423188,1431068,167172,4911688,9456.608,1620.275,0,624.106,0,69.012,6011,13149,2.310,1.240,0.620,4,0,261.044,0,0,10,28,5,53,0
03-09 10:17:30,64.500,8.000,28.000,0,0,1394504,1459504,167180,4911900,6600.033,1608.008,0,308.002,0,21.000,3781,8726,2.360,1.270,0.630,5,0,50.000,0,0,10,29,5,55,0
03-09 10:17:31,63.987,9.748,25.245,0,0,1493916,1360064,167184,4911924,7553.497,1661.669,0,295.941,0,22.995,2934,4602,2.360,1.270,0.630,4,0,132.974,0,0,10,29,4,55,0
03-09 10:17:32,64.758,9.501,25.253,0,0,1443564,1410136,167200,4912184,5496.687,1620.203,0,416.052,0,40.005,4027,8284,2.360,1.270,0.630,5,0,132.017,0,0,10,28,4,57,0
03-09 10:17:33,65.499,8.500,26.250,0,0,1419160,1434192,167208,4912520,6629.927,1619.982,0,371.996,0,37.000,4224,10053,2.360,1.270,0.630,3,0,47.999,0,0,10,28,4,58,0
03-09 10:17:34,67.764,6.251,26.005,0,0,1498176,1355148,167212,4912540,6662.339,1586.319,0,240.048,0,20.004,3051,5656,2.360,1.270,0.630,5,0,34.007,0,0,10,29,4,59,0
03-09 10:17:35,64.450,10.242,24.731,0.250,0,1470584,1382544,167224,4912720,7674.990,1692.675,0,387.696,0,38.969,3436,5730,2.410,1.290,0.640,3,0,136.893,0,0,10,28,4,59,0
03-09 10:17:36,57.779,14.507,27.514,0,0,1359412,1493488,167244,4912952,6338.169,1620.810,0,1852.926,0,90.045,5444,12722,2.410,1.290,0.640,3,0,340.170,0,0,10,28,4,60,0
03-09 10:17:37,62.928,10.738,26.719,0,0,1510040,1342640,167244,4913132,7380.520,1618.141,0,319.633,0,23.972,3272,5611,2.410,1.290,0.640,3,0,82.905,0,0,10,31,4,60,0
03-09 10:17:38,37.923,12.973,48.651,0,0,1362356,1490068,167248,4913380,5295.182,1562.807,0,435.111,0,26.945,3989,9235,2.410,1.290,0.640,2,0,408.166,0,0,10,28,4,61,0
03-09 10:17:39,24.736,2.249,72.960,0,0,1389532,1462852,167252,4913412,7757.733,1619.109,0,4349.608,0,136.925,2657,5604,2.410,1.290,0.640,2,0,0,0,0,10,29,4,62,0
03-09 10:17:40,13.302,18.572,68.014,0.251,0,1333504,1518712,167256,4913572,5631.840,1626.307,0,2072.035,0,29.113,3120,5192,2.300,1.290,0.640,2,0,509.978,0,0,10,30,4,62,0
03-09 10:17:41,42.848,6.975,49.076,0,0,1469572,1382180,167280,4913952,5852.300,1614.290,0,645.716,0,25.908,1664,2395,2.300,1.290,0.640,2,0,88.686,0,0,10,28,4,64,0
03-09 10:17:42,38.383,7.275,45.909,8.279,0,1522332,1323544,167852,4918720,7014.312,1517.259,0,28314.137,0,2367.205,9149,19896,2.300,1.290,0.640,3,0,77.268,0,0,10,32,4,63,0
03-09 10:17:43,39.751,6.500,41.251,11.750,0,1493256,1348884,168524,4921636,5210.125,1620.039,0,36140.867,0,3355.081,12406,26518,2.300,1.290,0.640,2,0,70.002,0,0,10,32,4,63,0
03-09 10:17:44,45.394,4.739,48.387,0.499,0,1425144,1416928,168564,4921656,5283.626,1616.215,0,4876.579,0,266.376,1772,2564,2.300,1.290,0.640,2,0,7.981,0,0,10,28,4,63,0
03-09 10:17:45,38.544,7.258,47.304,5.757,0,1509164,1332284,168896,4921940,13987.988,1621.854,0,15677.920,0,2185.498,11032,22885,2.360,1.320,0.660,3,1,3.003,0,0,10,30,4,63,0
03-09 10:17:46,30.047,7.261,59.843,1.753,0,1366288,1474828,168992,4922168,6355.871,1568.436,0,4535.043,0,695.079,4687,8823,2.360,1.320,0.660,2,0,99.154,0,0,10,28,4,61,0
03-09 10:17:47,22.243,2.999,73.476,0.250,0,1441120,1399984,169004,4922168,5914.102,1619.480,0,911.707,0,53.983,1074,1527,2.360,1.320,0.660,1,0,1.999,0,0,10,28,4,61,0
03-09 10:17:48,23.453,2.744,73.352,0.249,0,1394620,1446464,169012,4922180,6092.729,1616.744,0,6419.072,0,321.353,1369,2459,2.360,1.320,0.660,1,0,0.998,0,0,10,28,4,61,0
03-09 10:17:49,22.983,3.248,72.945,0,0,1442704,1398336,169036,4922200,6149.327,1552.820,0,419.681,0,24.981,1062,1389,2.360,1.320,0.660,3,0,1.998,0,0,10,30,4,61,0
03-09 10:17:50,23.271,2.502,73.316,0.250,0,1410804,1430232,169040,4922200,5727.154,1695.526,0,56.050,0,9.008,1020,1329,2.250,1.310,0.660,1,0,1.001,0,0,10,32,4,60,0
03-09 10:17:51,23.542,3.005,73.883,0,0,1358568,1482456,169040,4922212,7782.978,1697.048,0,108.194,0,1.002,1013,1191,2.250,1.310,0.660,5,0,5.009,0,0,10,32,4,60,0
03-09 10:17:52,22.502,3.500,73.757,0,0,1439208,1401816,169040,4922212,6540.654,1620.162,0,0,0,0,935,1114,2.250,1.310,0.660,1,0,2.000,0,0,10,32,4,57,0
03-09 10:17:53,22.952,1.746,73.846,0,0,1374284,1466692,169040,4922260,6216.015,1616.623,0,0,0,0,844,1030,2.250,1.310,0.660,2,0,0.998,0,0,10,32,4,57,0
03-09 10:17:54,23.995,2.999,73.736,0,0,1443580,1397392,169040,4922260,6028.861,1565.704,0,0,0,0,912,1133,2.250,1.310,0.660,2,0,2.000,0,0,10,32,4,57,0
03-09 10:17:55,23.052,3.007,73.665,0.501,0,1398460,1442388,169048,4922372,5438.203,1515.401,0,577.295,0,35.079,1132,1602,2.150,1.310,0.660,1,0,1.002,0,0,10,32,4,57,0
03-09 10:17:56,23.696,2.744,73.582,0,0,1414520,1426316,169048,4922384,7272.419,1732.051,0,3.991,0,0.998,952,1150,2.150,1.310,0.660,2,0,0.998,0,0,10,32,4,57,0
03-09 10:17:57,22.057,3.509,74.192,0,0,1356708,1484092,169052,4922416,5872.203,1624.205,0,0,0,0,959,1147,2.150,1.310,0.660,1,0,3.008,0,0,10,32,4,57,0
03-09 10:17:58,23.628,2.487,73.371,0,0,1364612,1476164,169052,4922436,8120.100,1611.684,0,0,0,0,986,1175,2.150,1.310,0.660,1,0,0.995,0,0,10,32,4,55,0
03-09 10:17:59,23.331,3.261,73.755,0,0,1437684,1403084,169056,4922436,8761.332,1625.628,0,838.904,0,129.448,1090,1273,2.150,1.310,0.660,1,0,2.007,0,0,10,32,4,55,0
03-09 10:18:00,15.022,12.018,71.606,0.250,0,1347668,1492900,169072,4922600,4746.997,1622.391,0,6141.052,0,290.428,2847,4788,2.050,1.300,0.660,1,0,327.483,0,0,10,32,4,52,0
03-09 10:18:01,9.490,19.728,69.923,0,0,1348044,1492360,169080,4922728,5840.575,1618.220,0,1130.756,0,15.982,3211,5154,2.050,1.300,0.660,1,0,504.445,0,0,10,32,4,52,0
03-09 10:18:02,9.244,19.238,70.207,0,0,1349600,1490776,169080,4922756,9369.294,1457.113,0,91.944,0,0.999,2966,4540,2.050,1.300,0.660,2,0,430.738,0,0,10,32,4,52,0
03-09 10:18:03,19.741,6.747,72.467,0,0,1410928,1429312,169080,4922880,9719.558,1619.260,0,0,0,0,1525,2051,2.050,1.300,0.660,2,0,113.948,0,0,10,32,4,52,0
03-09 10:18:04,22.039,3.256,74.381,0,0,1354100,1486124,169080,4922896,6540.485,1717.015,0,16.028,0,1.002,939,1157,2.050,1.300,0.660,1,0,3.005,0,0,10,32,4,44,0
03-09 10:18:05,22.977,2.997,72.927,0.250,0,1436008,1404224,169084,4922884,8866.081,1618.372,0,495.502,0,31.968,1051,1638,1.970,1.300,0.660,2,0,1.998,0,0,10,32,4,44,0
03-09 10:18:06,22.983,2.498,73.696,0,0,1378516,1461712,169084,4922888,7789.252,1618.805,0,1930.575,0,232.828,1054,1093,1.970,1.300,0.660,3,0,0.999,0,0,10,32,4,42,0
03-09 10:18:07,23.246,2.999,74.236,0,0,1448320,1391908,169084,4922888,7035.712,1619.704,0,3.999,0,1.000,926,1123,1.970,1.300,0.660,3,0,2.000,0,0,10,32,4,42,0
03-09 10:18:08,23.502,2.250,73.506,0,0,1406200,1434024,169084,4922892,8237.725,1620.143,0,16.001,0,1.000,903,1084,1.970,1.300,0.660,3,0,1.000,0,0,10,32,4,38,0
03-09 10:18:09,23.249,3.000,73.747,0,0,1348304,1491908,169084,4922904,5692.789,1457.946,0,12.000,0,1.000,912,1120,1.970,1.300,0.660,3,0,3.000,0,0,10,32,4,38,0
03-09 10:18:10,22.979,2.747,73.682,0,0,1429108,1411124,169084,4922884,5590.868,1618.514,0,0,0,0,925,1191,1.890,1.290,0.670,1,0,1.998,0,0,10,32,4,32,0
03-09 10:18:11,23.033,2.504,73.606,0,0,1376140,1464084,169084,4922892,8276.927,1622.338,0,352.508,0,5.007,899,1138,1.890,1.290,0.670,1,0,3.004,0,0,10,32,4,32,0
03-09 10:18:12,22.743,2.999,73.477,0,0,1448460,1391760,169088,4922892,5644.205,1619.485,0,87.972,0,1.999,916,1149,1.890,1.290,0.670,1,0,1.999,0,0,10,32,4,32,0
03-09 10:18:13,23.238,3.248,73.462,0,0,1405776,1434408,169088,4922924,5215.304,1619.163,0,15.992,0,1.999,842,1083,1.890,1.290,0.670,2,0,0.999,0,0,10,32,4,32,0
03-09 10:18:14,23.256,2.251,74.018,0,0,1453880,1386276,169088,4922948,5489.312,1620.387,0,24.006,0,1.000,796,1140,1.890,1.290,0.670,3,0,2.000,0,0,10,32,4,32,0
03-09 10:18:15,23.255,3.001,73.265,0,0,1412784,1427464,169088,4922856,5631.115,1458.289,0,924.183,0,134.027,1189,1705,1.820,1.290,0.670,1,0,1.000,0,0,10,32,4,32,0
03-09 10:18:16,23.256,2.751,73.770,0,0,1361180,1478984,169088,4922936,5668.570,1620.449,0,92.025,0,1.000,891,1101,1.820,1.290,0.670,2,0,3.001,0,0,10,32,4,32,0
03-09 10:18:17,21.994,3.499,73.980,0,0,1379184,1460988,169088,4922928,6781.128,1619.553,0,1519.581,0,3.999,827,1088,1.820,1.290,0.670,1,0,1.000,0,0,10,32,4,32,0
03-09 10:18:18,22.750,2.750,73.500,0,0,1449996,1390176,169088,4922928,8705.956,1619.992,0,56.000,0,3.000,923,1159,1.820,1.290,0.670,1,0,2.000,0,0,10,32,4,32,0
03-09 10:18:19,23.749,2.750,74.247,0,0,1409640,1430528,169088,4922932,8404.672,1619.937,0,43.998,0,3.000,902,1083,1.820,1.290,0.670,3,0,1.000,0,0,10,32,4,31,0
03-09 10:18:20,24.250,2.250,73.249,0.250,0,1418060,1422096,169096,4922932,6918.945,1693.986,0,335.997,0,12.000,880,1774,1.750,1.280,0.670,3,0,1.000,0,0,10,32,4,31,0
03-09 10:18:21,19.541,7.015,72.903,0,0,1348588,1491520,169096,4922964,7542.855,1771.724,0,176.371,0,28.059,1522,2267,1.750,1.280,0.670,3,0,150.316,0,0,10,32,4,19,0
03-09 10:18:22,20.449,12.718,65.587,0,0,1387528,1452548,169100,4922992,6393.132,1528.207,0,59.851,0,4.988,2489,6566,1.750,1.280,0.670,2,0,279.307,0,0,10,32,4,20,0
03-09 10:18:23,22.762,2.251,74.038,0,0,1354384,1485468,169100,4923216,9415.840,1768.909,0,0,0,0,912,1102,1.750,1.280,0.670,4,0,9.005,0,0,10,32,4,16,0
03-09 10:18:24,24.248,2.250,73.995,0,0,1429732,1410120,169100,4923216,8037.470,1693.888,0,0,0,0,873,1090,1.750,1.280,0.670,4,0,0,0,0,10,32,4,16,0
03-09 10:18:25,12.279,19.546,68.410,0,0,1350300,1489420,169108,4923320,6339.803,1665.890,0,725.694,0,41.096,3189,5226,1.690,1.280,0.670,2,0,462.079,0,0,10,32,4,14,0
03-09 10:18:26,7.499,22.746,69.489,0,0,1348916,1490768,169108,4923356,6858.916,1619.744,0,407.936,0,28.995,3231,5175,1.690,1.280,0.670,2,0,514.919,0,0,10,32,4,14,0
03-09 10:18:27,11.744,17.741,69.464,0,0,1349616,1489900,169108,4923516,6637.555,1693.121,0,779.595,0,11.994,3017,4758,1.690,1.280,0.670,1,0,470.756,0,0,10,32,4,13,0
03-09 10:18:28,10.744,19.239,68.960,0,0,1349424,1490064,169108,4923544,6497.264,1693.027,0,1379.207,0,14.991,3285,5224,1.690,1.280,0.670,1,0,541.689,0,0,10,32,4,13,0
03-09 10:18:29,9.496,19.992,69.222,0,0,1349808,1489656,169108,4923568,8868.453,1457.417,0,1195.522,0,12.995,3276,5260,1.690,1.280,0.670,3,0,528.788,0,0,10,32,4,12,0
03-09 10:18:30,10.004,18.507,70.277,0.250,0,1350048,1489388,169108,4923596,5836.282,1620.634,0,244.095,0,8.003,2835,4445,1.640,1.270,0.670,1,0,399.156,0,0,10,32,4,12,0
03-09 10:18:31,8.755,20.011,70.037,0,0,1349496,1489908,169108,4923628,8389.438,1620.857,0,312.165,0,9.005,3004,4821,1.640,1.270,0.670,4,0,449.238,0,0,10,32,4,10,0
03-09 10:18:32,39.633,24.677,35.395,0,0,1452920,1386248,169160,4923776,6441.951,1615.224,0,1603.259,0,97.711,4171,7571,1.640,1.270,0.670,3,0,764.739,0,0,10,32,4,16,0
03-09 10:18:33,64.679,8.022,24.568,2.758,0,1624272,1210716,169520,4927248,6471.934,1624.501,401.111,7392.485,4.011,540.498,3266,6059,1.640,1.270,0.670,2,1,31.086,0,0,10,34,4,14,0
03-09 10:18:34,46.472,8.995,30.482,12.992,0,1606288,1215368,170656,4938512,5941.435,1619.029,0,77361.583,0,5661.603,16992,39888,1.640,1.270,0.670,3,1,157.905,0,0,10,36,4,15,0
03-09 10:18:35,44.801,10.762,31.035,13.766,0,1642488,1165472,171448,4950872,6434.316,1695.928,0,101423.318,0,7346.353,20642,48868,1.910,1.330,0.700,3,1,93.106,0,0,10,37,4,13,0
03-09 10:18:36,50.250,10.000,27.250,12.250,0,1543528,1255500,171792,4959144,6354.032,1670.008,0,73400.367,0,5536.028,14797,35940,1.910,1.330,0.700,5,0,157.001,0,0,10,34,4,13,0
03-09 10:18:37,41.006,20.503,26.754,9.501,0,1569900,1220740,172044,4966956,6314.960,1620.246,364.055,62701.531,7.001,4866.740,18349,42185,1.910,1.330,0.700,9,0,290.044,0,0,10,35,4,12,0
03-09 10:18:38,41.034,14.762,34.778,8.007,0,1541568,1242920,172488,4972284,7609.224,1567.282,1613.320,45282.041,23.019,3797.106,14509,33300,1.910,1.330,0.700,1,2,229.187,0,0,10,34,4,13,0
03-09 10:18:39,37.717,6.744,44.211,9.991,0,1568056,1215032,172868,4973264,5703.010,1618.584,0,53205.445,0,4598.976,14921,36831,1.910,1.330,0.700,2,1,20.982,0,0,10,35,4,13,0
03-09 10:18:40,35.227,8.495,44.721,8.245,0,1528252,1252948,173176,4974784,5316.592,1618.962,0,50219.809,0,4620.039,17170,38403,2,1.360,0.710,2,0,115.926,0,0,10,34,4,17,0
03-09 10:18:41,43.212,6.744,40.964,8.243,0,1564692,1213888,173412,4977120,5959.779,1618.582,0,50951.367,0,4349.190,13310,33408,2,1.360,0.710,3,0,22.980,0,0,10,35,4,14,0
03-09 10:18:42,38.812,7.011,42.318,10.266,0,1522924,1252360,173612,4980124,5241.386,1622.596,0,39975.962,0,3900.240,14826,34177,2,1.360,0.710,3,0,81.130,0,0,10,34,4,16,0
03-09 10:18:43,37.778,6.505,42.781,12.509,0,1557936,1213060,173844,4984072,5423.992,1513.114,0,58879.335,0,4938.635,16605,37765,2,1.360,0.710,1,1,45.033,0,0,10,35,4,17,0
03-09 10:18:44,37.908,7.232,42.646,10.724,0,1514660,1252180,174124,4987836,5778.899,1616.057,0,58748.653,0,4915.007,19060,42556,2,1.360,0.710,7,0,153.625,0,0,10,36,4,18,0
03-09 10:18:45,40.068,7.763,42.071,10.017,0,1563920,1200800,174332,4989604,7237.274,1622.752,0,52332.756,0,4632.857,14729,35878,2,1.370,0.720,1,1,24.041,0,0,10,37,4,18,0
03-09 10:18:46,38.723,8.494,42.721,9.743,0,1553780,1214216,174412,4986228,6588.474,1564.925,0,47783.173,0,3936.296,11395,28520,2,1.370,0.720,2,0,51.964,0,0,10,34,4,20,0
03-09 10:18:47,25.500,10.500,62.501,0.250,0,1414108,1353844,174416,4986268,6237.112,1620.029,0,1720.031,0,99.002,2873,4785,2,1.370,0.720,1,0,272.005,0,0,10,32,4,20,0
03-09 10:18:48,22.742,2.499,73.723,0,0,1443916,1323884,174416,4986420,5896.854,1619.411,0,427.844,0,25.991,2494,4467,2,1.370,0.720,2,0,0,0,0,10,32,4,20,0
03-09 10:18:49,21.263,5.253,73.045,0,0,1442336,1325460,174416,4986424,6634.093,1847.140,0,1052.649,0,51.031,1338,2018,2,1.370,0.720,2,0,43.027,0,0,10,33,5,20,0
03-09 10:18:50,15.243,12.744,70.468,0,0,1387052,1380620,174416,4986544,6557.023,1585.280,0,803.635,0,43.980,3466,5782,1.920,1.370,0.720,1,0,259.882,0,0,10,32,5,22,0
03-09 10:18:51,27.267,19.012,53.033,0.500,0,1447568,1319872,174436,4986756,8085.094,1695.068,0,960.605,0,69.043,3644,6015,1.920,1.370,0.720,3,0,539.340,0,0,10,32,5,28,0
03-09 10:18:52,67.278,9.004,24.260,0,0,1627532,1138712,174488,4987796,6605.755,1768.738,0,504.210,0,22.009,1532,1518,1.920,1.370,0.720,3,0,3.001,0,0,10,32,5,28,0
03-09 10:18:53,67.484,6.249,24.994,1.000,0,1783444,978584,174680,4991372,6390.492,1619.618,3.999,8238.056,1.000,466.890,2632,3976,1.920,1.370,0.720,2,1,2.999,0,0,10,38,5,28,0
03-09 10:18:54,28.749,8.250,45.998,14.499,0,1779328,967788,174944,5005580,8204.680,1691.934,0,91088.448,0,6930.730,22517,49992,1.920,1.370,0.720,1,1,257.990,0,0,10,38,5,28,0
03-09 10:18:55,33.950,8.238,40.191,15.228,0,1781348,953928,175132,5016904,6237.855,1617.629,0,92192.845,0,7083.615,21404,48253,2,1.390,0.730,7,0,191.719,0,0,10,38,5,28,0
03-09 10:18:56,40.307,10.264,33.547,14.520,0,1699780,1023628,175296,5028224,6107.612,1696.392,0,82900.890,0,6588.289,20071,43716,2,1.390,0.730,3,0,256.361,0,0,10,36,5,28,0
03-09 10:18:57,43.998,9.500,32.499,12.750,0,1764552,948532,175404,5038060,7831.710,1619.940,0,80933.005,0,5815.785,17322,39293,2,1.390,0.730,2,1,65.998,0,0,10,36,5,28,0
03-09 10:18:58,36.749,8.750,37.499,15.750,0,1664740,1034740,175480,5051048,6156.846,1511.962,0,91657.709,0,6880.828,20612,46615,2,1.390,0.730,3,1,95.998,0,0,10,36,5,28,0
03-09 10:18:59,33.737,9.496,51.979,3.998,0,1414224,1283080,175484,5053136,10603.780,1619.355,0,18948.459,0,1589.367,7020,14261,2,1.390,0.730,3,0,269.893,0,0,10,32,5,28,0
03-09 10:19:00,23.979,3.247,70.689,1.499,0,1471676,1225624,175488,5053136,7130.810,1618.595,0,16437.732,0,970.158,2798,5393,1.920,1.390,0.730,3,0,0.999,0,0,10,32,5,28,0
03-09 10:19:01,24.279,2.002,73.587,0.250,0,1523580,1173712,175488,5053144,7779.164,1621.911,0,1541.816,0,79.093,1377,2084,1.920,1.390,0.730,3,0,2.002,0,0,10,38,5,28,0
03-09 10:19:02,21.958,3.493,73.359,0,0,1449464,1247828,175488,5053144,4715.927,1562.993,0,2599.000,0,150.710,1395,1997,1.920,1.390,0.730,3,0,27.946,0,0,10,32,4,28,0
03-09 10:19:03,23.491,1.999,73.971,0,0,1514956,1182336,175488,5053144,5934.685,1661.352,0,455.822,0,4.998,892,1124,1.920,1.390,0.730,3,0,0,0,0,10,32,4,28,0
03-09 10:19:04,18.800,18.800,61.665,0.251,0,1401576,1295660,175492,5053192,7278.514,1792.807,0,737.979,0,54.145,3655,6300,1.920,1.390,0.730,4,0,676.815,0,0,10,32,4,28,0
03-09 10:19:05,11.490,26.726,61.196,0,0,1406368,1290808,175492,5053236,7541.326,1510.663,0,303.731,0,30.973,4184,6751,1.850,1.380,0.730,1,0,850.248,0,0,10,32,4,28,0
03-09 10:19:06,9.733,18.219,70.380,0,0,1405676,1291420,175492,5053312,10146.771,1617.254,0,115.803,0,7.986,2961,4500,1.850,1.380,0.730,1,0,424.280,0,0,10,32,4,28,0
03-09 10:19:07,9.273,19.297,69.419,0,0,1405784,1291128,175492,5053472,9024.931,1623.946,0,44.107,0,9.022,2881,4579,1.850,1.380,0.730,1,0,401.977,0,0,10,32,4,28,0
03-09 10:19:08,19.250,14.750,64.752,0,0,1418120,1277980,175500,5054604,8687.208,1620.039,0,3516.084,0,60.001,5348,9550,1.850,1.380,0.730,4,0,229.005,0,0,10,32,4,28,0
03-09 10:19:09,46.905,8.233,44.410,0,0,1524436,1171424,175500,5054820,5853.165,1616.731,0,63.871,0,3.992,1574,2168,1.850,1.380,0.730,3,0,107.782,0,0,10,33,4,28,0
03-09 10:19:10,49.333,5.509,45.577,0.250,0,1611652,1081048,175500,5057904,5108.593,1460.456,0,661.112,0,29.049,1568,12192,1.860,1.390,0.740,3,0,5.008,0,0,10,49,4,28,0
03-09 10:19:11,39.507,7.501,52.759,0,0,1658896,1032400,175572,5058956,6577.151,1620.284,0,1336.234,0,151.026,1843,2552,1.860,1.390,0.740,2,0,73.013,0,0,10,48,4,28,0
03-09 10:19:12,14.471,10.978,72.852,0,0,1682140,1009092,175572,5058976,5885.018,2309.298,0,942.082,0,14.970,1952,2910,1.860,1.390,0.740,2,0,187.618,0,0,10,49,4,28,0
03-09 10:19:13,0.500,1.000,97.546,0.500,0,1682028,1009092,175572,5059088,87599.997,4039.891,0,4734.216,0,273.128,814,1147,1.860,1.390,0.740,0,0,0,0,0,10,49,4,28,0
03-09 10:19:14,7.752,1.500,90.022,0,0,1695232,995772,175572,5059188,103149.168,4129.007,0,576.141,0,34.008,1069,1654,1.860,1.390,0.740,2,0,8.002,0,0,10,48,4,29,0
03-09 10:19:15,16.517,9.510,71.575,2.252,0,1705556,933384,175676,5109448,6033.347,1621.706,4.004,9233.714,1.001,439.462,2717,4699,1.790,1.380,0.740,1,0,80.084,0,0,10,48,4,29,0
03-09 10:19:16,16.731,9.239,73.417,0,0,1719004,919464,175676,5109448,5887.306,1456.344,0,0,0,0,1679,1984,1.790,1.380,0.740,1,0,57.934,0,0,10,48,4,29,0
03-09 10:19:17,20.985,5.746,73.448,0,0,1732744,905716,175676,5109452,6381.463,1618.849,0,0,0,0,1290,1465,1.790,1.380,0.740,1,0,42.969,0,0,10,48,4,29,0
03-09 10:19:18,22.284,3.255,73.612,0,0,1720416,918004,175676,5109452,5487.346,1622.468,0,44.067,0,3.005,1148,1357,1.790,1.380,0.740,1,0,21.032,0,0,10,48,4,29,0
03-09 10:19:19,13.248,13.498,72.241,0.250,0,1671312,1016636,175828,5060536,6704.195,1619.806,159.981,551.934,9.999,17.998,2296,3476,1.790,1.380,0.740,1,0,245.970,0,0,10,48,4,29,0
03-09 10:19:20,14.228,10.234,74.134,0,0,1673680,1013880,175828,5060800,6879.220,1711.318,0,3.994,0,0.998,5040,8805,1.730,1.380,0.740,2,0,133.790,0,0,10,48,3,29,0
03-09 10:19:21,0.750,1.000,97.743,0,0,1673680,1013880,175828,5060800,7544.464,1787.873,0,0,0,0,687,1056,1.730,1.380,0.740,1,0,5.000,0,0,10,48,3,29,0
03-09 10:19:22,5.001,3.001,92.267,0,0,1670188,1017372,175828,5060800,6791.229,1620.293,0,0,0,0,1298,3204,1.730,1.380,0.740,1,0,36.007,0,0,10,48,3,30,0
03-09 10:19:23,0.250,0.250,98.210,0,0,1670636,1016924,175828,5060800,6391.424,1551.375,0,1627.344,0,4.998,647,942,1.730,1.380,0.740,1,0,1.999,0,0,10,48,3,30,0
03-09 10:19:24,2.000,2.501,94.270,0,0,1626616,1060972,175828,5060792,9556.035,1620.345,0,592.126,0,30.006,1171,1916,1.730,1.380,0.740,1,0,26.006,0,0,10,48,3,29,0
03-09 10:19:25,17.504,15.003,67.516,0,0,1615468,1072104,175828,5060812,7170.656,1706.394,0,88.020,0,5.001,4584,9558,1.670,1.370,0.750,0,0,254.059,0,0,10,48,3,29,0
03-09 10:19:26,11.024,16.787,71.156,0,0,1673904,1013596,175828,5060848,7330.023,1807.952,0,8.018,0,2.004,3039,5127,1.670,1.370,0.750,1,0,356.780,0,0,11,48,3,29,0
03-09 10:19:27,17.214,10.977,70.603,0,0,1672564,1014964,175828,5060800,9747.676,1710.434,0,43.908,0,1.996,3921,8419,1.670,1.370,0.750,5,0,163.659,0,0,11,48,3,29,0
03-09 10:19:28,5.008,7.763,86.143,0,0,1674632,1012848,175828,5060864,7990.272,1696.818,0,332.552,0,12.020,1586,2593,1.670,1.370,0.750,1,0,169.281,0,0,13,48,3,29,0
03-09 10:19:29,17.004,14.004,67.768,0,0,1671604,1015804,175828,5060892,10763.820,1694.444,0,16.004,0,3.001,5571,9271,1.670,1.370,0.750,1,0,253.066,0,0,13,50,3,30,0
03-09 10:19:30,8.500,19.999,69.997,0,0,1672212,1015144,175828,5060928,10587.587,1553.939,0,67.997,0,15.999,2864,4468,1.700,1.380,0.750,3,0,373.985,0,0,13,50,3,30,0
03-09 10:19:31,18.256,17.505,64.270,0,0,1671588,1015488,175832,5061200,6146.918,1640.512,0,16.005,0,4.001,4159,9019,1.700,1.380,0.750,2,0,244.076,0,0,13,50,3,30,0
03-09 10:19:32,37.197,18.473,43.687,0,0,1736152,950808,175840,5061260,5248.453,1617.674,0,59.914,0,4.993,5217,10640,1.700,1.380,0.750,2,0,383.449,0,0,13,50,3,25,0
03-09 10:19:33,25.996,3.749,69.739,0,0,1790824,894712,175928,5062524,5215.202,1619.752,31.995,267.959,2.000,5.999,1698,3114,1.700,1.380,0.750,4,0,6.999,0,0,13,58,3,29,0
03-09 10:19:34,23.031,4.506,72.096,0.501,0,1853568,831952,175932,5062536,6595.825,1622.170,0,793.061,0,26.035,1294,1873,1.700,1.380,0.750,3,0,8.011,0,0,13,58,3,27,0
03-09 10:19:35,14.216,1.995,83.053,0,0,1883244,801712,175932,5063100,5105.884,1783.767,0,371.119,0,6.983,1147,2631,1.880,1.420,0.770,2,0,2.993,0,0,13,58,3,27,0
03-09 10:19:36,0.500,0.500,97.773,0,0,1883244,801712,175932,5063100,6505.561,1858.446,0,4.001,0,1.000,650,986,1.880,1.420,0.770,1,0,2.000,0,0,13,58,3,27,0
03-09 10:19:37,14.280,13.278,71.649,0,0,1897336,787440,175932,5063560,8350.344,1557.234,0,1002.081,0,2.004,3439,8773,1.880,1.420,0.770,1,0,218.454,0,0,13,56,3,27,0
03-09 10:19:38,14.704,13.458,70.781,0,0,1902276,782420,175932,5063600,5082.245,1614.994,0,406.739,0,13.957,3587,7729,1.880,1.420,0.770,1,0,262.187,0,0,13,56,3,26,0
03-09 10:19:39,23.777,15.768,59.318,0,0,1907432,777212,175932,5063232,6548.524,1567.801,0,44.051,0,7.008,5924,12982,1.880,1.420,0.770,5,0,267.307,0,0,11,48,3,26,0
03-09 10:19:40,19.002,15.502,64.508,0,0,1912960,771568,175932,5063288,6778.827,1620.198,0,148.018,0,4.000,5558,9539,1.810,1.420,0.770,1,0,239.029,0,0,13,58,3,21,0
03-09 10:19:41,17.804,9.278,72.970,0,0,1688808,995696,175932,5063304,6268.869,1751.271,0,92.278,0,1.003,1756,2843,1.810,1.420,0.770,3,0,204.616,0,0,13,50,3,25,0
03-09 10:19:42,31.743,22.245,45.989,0,0,1768320,916176,175932,5063356,5313.751,1619.619,0,215.949,0,9.998,3602,5779,1.810,1.420,0.770,3,0,605.858,0,0,13,50,3,25,0
03-09 10:19:43,44.741,18.496,36.492,0,0,1874108,809748,175932,5064024,5018.961,1619.665,0,11.998,0,2.999,6534,12791,1.810,1.420,0.770,5,0,293.939,0,0,13,58,3,27,0
03-09 10:19:44,44.469,7.745,47.467,0.250,0,1983024,700784,175944,5064060,5467.184,1584.894,0,6707.318,0,451.685,1726,2190,1.810,1.420,0.770,3,0,45.968,0,0,13,58,3,27,0
03-09 10:19:45,27.707,3.994,68.143,0,0,2032908,648396,176100,5066152,6189.295,1617.464,0,686.923,0,10.983,1888,4228,1.740,1.410,0.770,5,0,3.994,0,0,13,58,3,25,0
03-09 10:19:46,23.302,4.761,61.137,9.521,0,2048900,619696,176320,5078524,6521.576,1623.629,140.314,23408.318,35.078,2139.782,8656,18896,1.740,1.410,0.770,3,3,5.011,0,0,13,60,3,25,0
03-09 10:19:47,28.488,8.996,53.228,9.246,0,2137608,521224,176456,5087692,6043.528,1655.323,0,21691.128,0,2360.035,10265,25015,1.740,1.410,0.770,9,1,10.996,0,0,14,66,3,28,0
03-09 10:19:48,24.736,19.739,52.720,0,0,2237560,419792,176460,5089008,6132.529,1619.084,0,923.477,0,62.964,6002,13970,1.740,1.410,0.770,1,1,413.766,0,0,14,85,3,34,0
03-09 10:19:49,10.259,20.268,69.311,0.250,0,2235232,421944,176460,5089512,6161.422,1621.427,0,54539.995,0,303.267,3191,5288,1.740,1.410,0.770,0,0,383.337,0,0,14,85,3,34,0
03-09 10:19:50,31.445,13.726,53.407,0,0,2299996,356868,176460,5089776,5889.746,1617.184,0,519.096,0,28.950,4198,8927,1.680,1.400,0.770,4,0,190.668,0,0,14,86,3,34,0
03-09 10:19:51,45.050,5.756,48.553,0.250,0,2401336,254624,176484,5090548,9116.028,1607.769,0,5662.228,0,266.293,2255,3862,1.680,1.400,0.770,2,1,21.023,0,0,14,89,3,33,0
03-09 10:19:52,8.723,18.942,71.031,0.249,0,2413428,242496,176484,5090588,6374.373,1615.027,0,3485.269,0,188.420,2944,4769,1.680,1.400,0.770,2,0,357.898,0,0,14,89,3,33,0
03-09 10:19:53,8.268,18.792,71.659,0,0,2410048,245844,176484,5090616,7844.375,1697.761,0,120.266,0,14.031,2785,4135,1.680,1.400,0.770,1,0,340.755,0,0,14,89,3,27,0
03-09 10:19:54,11.759,15.762,71.303,0,0,2433816,222032,176484,5090644,6128.541,1621.201,0,44.033,0,5.004,2387,3530,1.680,1.400,0.770,1,0,274.203,0,0,14,89,3,27,0
03-09 10:19:55,23.191,3.242,72.565,0.249,0,2475384,180452,176484,5090656,5765.327,1562.025,0,299.238,0,23.939,1831,2874,1.630,1.400,0.780,1,0,0,0,0,14,93,3,28,0
03-09 10:19:56,21.000,5.250,72.749,0,0,2470272,185552,176484,5090668,6227.944,1619.985,0,44.000,0,4.000,1572,2292,1.630,1.400,0.780,1,0,62.999,0,0,14,91,3,29,0
03-09 10:19:57,26.339,4.014,67.478,1.254,0,2509784,145580,176500,5091076,6102.651,1715.806,0,1517.134,0,186.632,4218,7801,1.630,1.400,0.780,6,0,2.007,0,0,14,96,3,29,0
03-09 10:19:58,29.412,6.730,62.562,0.249,0,2518280,136880,176504,5091268,5287.096,1549.340,0,2947.135,0,218.343,2968,5046,1.630,1.400,0.780,3,1,115.652,0,0,14,104,3,31,0
03-09 10:19:59,23.504,3.001,72.263,0.750,0,2545008,132716,176504,5069528,8812.595,1620.293,0,10141.836,0,742.134,2270,3815,1.630,1.400,0.780,1,1,1.000,0,0,14,109,3,31,0
03-09 10:20:00,39.040,9.510,51.052,0.250,0,2570572,137632,175268,5040656,5168.251,1695.723,980.997,1393.416,40.041,187.190,2525,3975,1.660,1.410,0.780,3,1,98.100,0,0,14,107,3,33,0
03-09 10:20:01,33.215,6.243,58.688,0.499,0,2586888,168636,173932,4994868,6946.706,1618.301,1818.091,671.295,39.958,102.892,1864,2486,1.660,1.410,0.780,3,1,58.938,0,0,14,111,3,34,0
03-09 10:20:02,23.479,2.997,73.186,0,0,2585280,170140,173932,4994972,5477.175,1564.622,91.919,423.627,3.996,24.978,1214,1825,1.660,1.410,0.780,2,0,0.999,0,0,14,111,3,35,0
03-09 10:20:03,21.572,5.017,72.741,0,0,2626064,129148,173932,4995180,6371.139,1625.393,192.639,64.213,2.007,1.003,1256,1731,1.660,1.410,0.780,1,1,50.166,0,0,14,111,3,35,0
03-09 10:20:04,20.691,6.481,71.545,0.499,0,2607136,147564,173936,4995688,6460.484,1709.102,458.685,646.148,6.980,73.789,1957,3278,1.660,1.410,0.780,2,1,81.766,0,0,14,111,3,36,0
03-09 10:20:05,21.507,5.002,72.024,0,0,2586548,168004,173936,4995836,6024.994,1512.501,0,328.109,0,17.006,1482,2199,1.610,1.400,0.780,2,1,55.018,0,0,14,111,3,37,0
03-09 10:20:06,24.791,2.755,72.120,0.250,0,2631272,123232,173936,4995884,6701.110,1622.690,0,689.143,0,91.151,1647,2784,1.610,1.400,0.780,3,1,0,0,0,14,113,3,37,0
03-09 10:20:07,22.704,5.738,68.612,0.998,0,2618772,135620,173936,4995996,7514.933,1706.578,0,1221.551,0,147.704,2881,5500,1.610,1.400,0.780,4,0,52.894,0,0,14,111,3,38,0
03-09 10:20:08,24.807,3.759,69.660,0.501,0,2642748,127840,173788,4980120,5607.887,1665.828,0,1383.179,0,126.290,2569,4583,1.610,1.400,0.780,2,0,2.005,0,0,14,117,3,38,0
03-09 10:20:09,33.751,4.750,60.252,0.250,0,2609260,161188,173804,4980260,8418.278,1620.053,128.004,1548.051,8.000,121.004,3233,5600,1.610,1.400,0.780,2,0,70.002,0,0,14,117,3,39,0
03-09 10:20:10,23.674,2.741,71.522,0.249,0.249,2641272,128232,173812,4981196,5780.548,1561.017,745.620,1128.398,129.586,142.545,2330,4107,1.560,1.390,0.790,2,1,0,0,0,14,117,3,40,0
03-09 10:20:11,20.756,7.252,71.271,0.750,0,2633488,135996,173816,4981212,5850.761,1512.455,0,5545.669,0,348.105,2360,4061,1.560,1.390,0.790,2,1,149.045,0,0,14,117,3,40,0
03-09 10:20:12,26.262,2.751,70.281,0.250,0,2640708,128716,173816,4981272,5948.611,1662.730,0,784.344,0,87.038,2917,5219,1.560,1.390,0.790,3,1,0,0,0,14,119,3,40,0
03-09 10:20:13,37.699,11.235,49.682,0.999,0,2625024,149712,173688,4976096,5230.870,1707.672,2732.276,3790.833,67.907,268.634,5333,10451,1.560,1.390,0.790,7,0,288.607,0,0,14,117,3,41,0
03-09 10:20:14,24.256,3.001,72.518,0,0,2662844,129560,173508,4958756,5914.496,1796.455,4.001,300.076,1.000,17.004,1295,1819,1.560,1.390,0.790,3,1,0,0,0,14,117,3,42,0
03-09 10:20:15,16.567,18.324,64.008,0.251,0,2622100,170048,173516,4959004,6681.935,1787.204,60.243,437.765,6.024,45.182,3598,6382,1.590,1.400,0.790,1,0,457.846,0,0,14,117,3,41,0
03-09 10:20:16,15.956,15.956,65.819,0,0,2618992,172836,173516,4959388,7749.742,1705.322,355.026,430.818,16.953,21.940,4369,11046,1.590,1.400,0.790,6,1,242.335,0,0,14,117,3,41,0
03-09 10:20:17,30.321,22.302,47.111,0,0,2668236,131868,173392,4951452,6640.579,1734.068,40.094,284.668,4.009,24.056,3927,6283,1.590,1.400,0.790,2,0,537.260,0,0,14,117,3,41,0
03-09 10:20:18,40.158,16.462,42.653,0.499,0,2714748,126476,172972,4911172,6291.649,1454.682,1313.005,5591.246,64.852,427.026,5610,10904,1.590,1.400,0.790,2,0,286.347,0,0,16,123,3,41,0
03-09 10:20:19,57.628,27.311,14.532,0.251,0,2867572,133908,172740,4754364,8358.556,1920.263,1483.293,2950.550,187.416,344.765,6550,12118,1.590,1.400,0.790,3,0,610.355,0,0,16,129,4,41,0
03-09 10:20:20,60.964,18.339,19.330,0.496,0.248,2968468,129020,172708,4660696,6578.178,1772.420,6122.186,4516.302,325.142,407.419,7629,12685,1.710,1.430,0.810,7,0,286.482,0,0,16,129,4,41,0
03-09 10:20:21,48.434,21.190,29.767,0,0,3054124,131120,172692,4574800,7236.864,1729.502,108.977,113.013,9.081,12.109,4992,9127,1.710,1.430,0.810,2,0,630.653,0,0,16,145,4,41,0
03-09 10:20:22,32.684,19.710,45.657,0.249,0,3098432,153412,172700,4509972,6617.580,1690.572,7.984,6626.561,1.996,457.073,5265,10543,1.710,1.430,0.810,3,0,493.000,0,0,17,145,4,42,0
03-09 10:20:23,28.799,18.782,51.588,0,0,3138112,120292,172700,4503560,6101.366,1803.063,4.007,216.368,1.002,12.020,4936,9946,1.710,1.430,0.810,6,0,442.752,0,0,17,145,4,41,0
03-09 10:20:24,36.033,18.767,42.538,0,0,3197112,129436,172704,4437152,6294.690,1705.542,0,304.275,0,25.023,4808,10374,1.710,1.430,0.810,3,0,298.270,0,0,17,145,4,42,0
03-09 10:20:25,39.736,24.241,34.738,0.250,0,3300660,132012,172720,4333072,8322.071,1511.468,59.979,5530.053,4.998,419.852,6973,13531,1.730,1.440,0.810,3,0,700.753,0,0,17,159,4,42,0
03-09 10:20:26,33.496,22.247,42.744,0,0,3396072,124440,172720,4246752,6533.125,1639.780,0,507.932,0,30.996,4587,9523,1.730,1.440,0.810,3,0,666.911,0,0,17,165,4,42,0
03-09 10:20:27,22.003,18.253,59.509,0.250,0,3411820,131460,172720,4224388,8069.170,1714.249,0,500.073,0,42.006,6248,14254,1.730,1.440,0.810,4,0,263.038,0,0,17,165,4,42,0
03-09 10:20:28,42.187,10.235,46.181,0,0,3528804,126560,172720,4114748,10482.298,1797.308,75.886,215.677,6.990,10.984,2044,2950,1.730,1.440,0.810,5,0,95.856,0,0,17,167,4,42,0
03-09 10:20:29,45.691,7.490,47.189,0.250,0,3637528,127768,172724,4006928,10082.912,1617.900,1330.273,4733.855,33.956,406.472,2156,2686,1.730,1.440,0.810,4,0,4.994,0,0,17,173,4,42,0
03-09 10:20:30,31.093,17.302,50.150,0,0,3602368,184188,172732,3986200,7307.902,1666.996,20.060,686.056,4.012,40.120,3765,6454,1.750,1.450,0.820,4,0,425.275,0,0,17,175,4,41,0
03-09 10:20:31,38.991,21.495,38.242,0.250,0,3580636,204528,172736,3987920,10248.756,1619.645,63.986,595.870,4.999,44.990,5052,14432,1.750,1.450,0.820,7,0,500.890,0,0,17,185,4,41,0
03-09 10:20:32,58.747,18.749,20.499,0.250,0,3712204,130808,172760,3931588,6546.705,1511.932,1823.918,395.982,43.998,28.999,5121,9977,1.750,1.450,0.820,4,0,250.989,0,0,17,201,3,41,0
03-09 10:20:33,76.431,16.235,6.994,0.250,0,3790760,120696,172784,3864892,6183.404,1618.535,495.552,439.602,10.990,44.959,3081,5683,1.750,1.450,0.820,4,0,62.943,0,0,17,200,3,41,0
03-09 10:20:34,78.313,15.262,5.504,0.250,0,3839360,146572,172876,3791992,6299.064,1769.423,68.055,16877.570,8.006,742.597,5345,11747,1.750,1.450,0.820,6,0,60.048,0,0,17,212,3,38,0
03-09 10:20:35,56.702,22.731,19.733,0,0,3838992,180428,172876,3758884,7020.117,1658.610,51.956,1410.818,2.997,53.955,5192,10833,1.850,1.480,0.830,3,0,477.600,0,0,17,213,3,42,0
03-09 10:20:36,47.526,19.761,30.017,0,0,3880640,131036,172876,3766976,8246.552,1662.918,0,760.420,0,51.028,8203,35273,1.850,1.480,0.830,3,0,248.137,0,0,17,215,3,42,0
03-09 10:20:37,57.018,21.757,21.257,0.250,0,3927136,130732,172876,3720616,8523.719,1620.517,4.001,19354.174,1.000,614.196,4208,6936,1.850,1.480,0.830,3,0,540.172,0,0,17,215,3,42,0
03-09 10:20:38,59.500,17.750,21.250,0.250,0,3963572,126728,172952,3688220,8713.948,1729.990,207.999,4475.973,21.000,420.997,5184,14621,1.850,1.480,0.830,5,0,252.998,0,0,17,217,3,46,0
03-09 10:20:39,55.473,23.988,18.741,0,0,4020276,128428,172952,3630768,6767.670,1553.236,51.974,5345.370,3.998,405.800,5045,11120,1.850,1.480,0.830,3,0,539.734,0,0,17,219,3,47,0
03-09 10:20:40,61.275,20.258,17.757,0.250,0,4095648,132780,172964,3552132,7970.316,1620.674,88.037,2961.232,7.003,374.156,5980,17012,2.740,1.670,0.900,4,0,251.104,0,0,17,229,3,48,0
03-09 10:20:41,68.131,10.981,19.965,0,0,4209864,129816,172964,3443448,11556.822,1617.176,0,5602.219,0,487.149,2318,2542,2.740,1.670,0.900,6,0,7.986,0,0,17,229,3,48,0
03-09 10:20:42,68.364,11.269,19.282,0.250,0,4266000,129624,172980,3388684,7117.887,1622.710,633.057,2387.988,38.064,272.455,4550,10293,2.740,1.670,0.900,5,0,15.025,0,0,17,245,3,51,0
03-09 10:20:43,49.275,24.262,25.263,0.250,0,4230468,172844,172984,3381104,8011.990,1566.780,616.307,5246.613,12.006,533.266,5515,10250,2.740,1.670,0.900,4,0,560.279,0,0,17,246,3,52,0
03-09 10:20:44,43.839,22.291,30.217,0.495,0,4223172,176020,173068,3385512,6081.015,1604.960,4315.559,1699.078,81.239,92.137,6038,12711,2.740,1.670,0.900,3,0,341.797,0,0,17,246,3,49,0
03-09 10:20:45,76.093,16.378,7.559,0,0,4354184,138932,173064,3293580,6380.757,1632.732,798.225,701.470,8.063,45.354,3356,5435,2.930,1.720,0.920,6,0,166.297,0,0,18,249,3,49,0
03-09 10:20:46,64.860,14.606,21.290,0,0,4412936,140788,173080,3234224,6548.400,1673.491,764.459,1093.215,6.932,45.551,2271,3105,2.930,1.720,0.920,4,1,49.512,0,0,18,249,3,49,0
03-09 10:20:47,46.299,16.267,35.287,0.501,0,4431616,135576,173100,3220972,6505.864,2000.110,640.676,872.921,16.017,68.072,5474,9734,2.930,1.720,0.920,4,0,222.234,0,0,18,251,3,51,0
03-09 10:20:48,20.012,6.254,72.294,0.500,0,4424268,142920,173100,3220976,13704.319,3633.205,768.466,2337.419,6.004,144.087,2284,3476,2.930,1.720,0.920,3,0,9.005,0,0,18,252,3,40,0
03-09 10:20:49,19.807,6.268,72.457,0,0,4439188,135168,173096,3213820,23705.799,4600.156,802.295,533.526,8.023,32.092,1978,2893,2.930,1.720,0.920,3,0,9.026,0,0,18,256,3,40,0
03-09 10:20:50,22.515,7.005,67.795,0.250,0,4459928,130856,173072,3197448,13327998.135,113477.122,512.339,208.138,4.003,24.016,6780,5304,2.770,1.710,0.920,4,0,12.008,0,0,18,260,3,40,0
03-09 10:20:51,31.382,18.578,49.208,0.251,0,4478288,130708,173064,3179544,3243725.766,23448.978,3149.293,6776.604,46.195,630.662,3832,4759,2.770,1.710,0.920,3,0,269.136,0,0,18,259,3,40,0
03-09 10:20:52,27.011,4.002,66.777,0.500,0.250,4490868,134456,173060,3163528,8074.286,1620.660,340.138,652.265,7.003,70.029,2892,5302,2.770,1.710,0.920,1,0,3.001,0,0,18,271,3,41,0
03-09 10:20:53,25.428,4.487,67.558,0.499,0,4503844,135352,173056,3149744,7672.249,1657.302,602.293,961.275,31.910,111.683,4287,8031,2.770,1.710,0.920,2,0,2.992,0,0,18,277,3,43,0
03-09 10:20:54,17.743,12.745,67.724,0,0,4440004,184728,173056,3164196,5419.908,1511.417,175.932,371.856,6.997,29.988,3246,5272,2.770,1.710,0.920,2,0,174.932,0,0,18,273,3,44,0
03-09 10:20:55,15.502,13.501,69.257,0.500,0,4477332,147208,173056,3164372,5433.538,1620.160,240.024,296.029,5.000,16.002,2714,4474,2.710,1.720,0.920,3,0,290.029,0,0,18,273,3,44,0
03-09 10:20:56,17.791,9.773,71.665,0,0,4449916,174516,173056,3164480,5689.108,1623.741,4.009,216.499,1.002,13.030,2015,3038,2.710,1.720,0.920,1,0,124.286,0,0,18,273,3,42,0
03-09 10:20:57,10.263,17.773,69.089,0.250,0,4452620,171784,173056,3164508,5443.027,1664.148,0,17254.275,0,94.122,3048,4776,2.710,1.720,0.920,2,0,281.363,0,0,18,273,3,42,0
03-09 10:20:58,8.467,18.179,70.722,0,0,4451240,173112,173056,3164560,5563.153,1687.374,19.922,135.468,2.988,9.961,2836,4298,2.710,1.720,0.920,1,0,254.999,0,0,18,273,3,40,0
03-09 10:20:59,3.503,2.002,94.075,0,0,4452720,171632,173056,3164560,8787.960,1641.300,0,15968.647,0,17.013,1141,1804,2.710,1.720,0.920,4,0,9.007,0,0,18,273,3,40,0
03-09 10:21:00,25.326,4.012,70.712,0,0,4500928,138124,173052,3149976,5215.647,1516.550,0,160.481,0,15.045,1730,2777,2.570,1.700,0.930,1,0,1.003,0,0,18,277,3,38,0
03-09 10:21:01,13.984,15.482,70.171,0,0,4448252,190740,173056,3150032,6377.780,1692.085,19.977,0,3.995,0,2550,3673,2.570,1.700,0.930,3,0,174.802,0,0,18,277,3,38,0
03-09 10:21:02,12.741,16.488,68.950,0,0.250,4450928,187964,173056,3150132,4924.415,1618.821,0,523.619,0,42.969,3049,4713,2.570,1.700,0.930,2,0,190.861,0,0,18,283,3,36,0
03-09 10:21:03,11.991,18.236,68.696,0.500,0,4457964,180036,173056,3151024,5985.296,1618.728,771.394,311.755,8.993,23.981,2828,4298,2.570,1.700,0.930,2,0,179.859,0,0,18,285,3,36,0
03-09 10:21:04,23.285,3.255,70.857,0.250,0,4510564,126640,173056,3151820,6622.974,1716.585,717.080,372.561,46.069,32.048,1755,2738,2.570,1.700,0.930,3,0,2.003,0,0,18,287,3,35,0
03-09 10:21:05,23.744,4.999,70.982,0.500,0,4559564,142600,173036,3087272,5537.616,1693.577,459.885,3499.125,22.994,423.894,1731,2494,2.450,1.690,0.930,2,0,2.000,0,0,18,291,3,35,0
03-09 10:21:06,24.397,3.236,71.200,0.249,0,4485796,216320,173048,3087308,7038.326,1613.199,31.866,334.589,6.971,26.887,1601,2377,2.450,1.690,0.930,2,0,4.979,0,0,18,287,3,34,0
03-09 10:21:07,23.830,3.261,72.243,0,0,4542096,159872,173048,3087456,5710.169,1462.911,148.499,176.593,3.010,8.027,1369,1976,2.450,1.690,0.930,2,0,1.003,0,0,18,287,3,34,0
03-09 10:21:08,24.524,4.504,70.068,0,0,4461556,240348,173048,3087520,5304.124,1621.566,32.031,48.046,2.002,3.003,1840,2960,2.450,1.690,0.930,3,0,16.015,0,0,18,287,3,34,0
03-09 10:21:09,24.234,3.248,71.202,0.500,0,4505124,196780,173048,3087520,8394.367,1618.914,0,2726.171,0,143.903,1606,2504,2.450,1.690,0.930,1,0,0,0,0,18,287,3,33,0
03-09 10:21:10,13.260,14.511,70.553,0,0,4459404,241236,173056,3088776,6032.518,1621.214,1497.121,360.270,20.015,13.010,2683,4230,2.330,1.680,0.930,1,0,222.166,0,0,18,287,3,33,0
03-09 10:21:11,11.772,17.032,70.133,0,0,4458592,241924,173056,3088900,8151.431,1623.072,24.046,32.061,5.009,3.006,2713,4202,2.330,1.680,0.930,3,0,293.556,0,0,18,287,3,31,0
03-09 10:21:12,22.484,5.746,70.699,0.250,0,4491580,208376,173076,3089440,6808.064,1618.826,527.617,315.771,31.977,27.980,1969,3109,2.330,1.680,0.930,1,0,73.946,0,0,18,289,3,31,0
03-09 10:21:13,24.178,6.231,67.549,0,0,4492360,207316,173084,3089712,5266.343,1615.198,211.372,406.791,10.967,19.941,9434,18736,2.330,1.680,0.930,2,0,11.964,0,0,18,289,3,31,0
03-09 10:21:14,20.846,2.260,76.603,0.502,0,4513268,184252,173248,3091400,13631.761,5305.426,0,1004.625,0,44.204,1499,2412,2.330,1.680,0.930,5,0,1.005,0,0,18,290,3,31,0
03-09 10:21:15,23.482,5.746,69.696,0,0,4522332,175184,173248,3091404,6147.199,1618.736,0,123.903,0,15.988,7549,14971,2.220,1.670,0.930,4,0,11.991,0,0,18,290,3,29,0
03-09 10:21:16,13.729,14.229,70.894,0.250,0,4469004,228772,173248,3091148,6023.976,1791.317,0,259.611,0,9.985,2484,3773,2.220,1.670,0.930,3,0,203.695,0,0,18,289,3,29,0
03-09 10:21:17,21.489,6.247,70.964,0,0,4526640,170948,173248,3091336,6328.766,1619.173,0,291.851,0,16.991,1646,2517,2.220,1.670,0.930,4,0,59.969,0,0,18,289,3,29,0
03-09 10:21:18,19.738,7.745,71.208,0,0,4498332,199200,173248,3091392,6668.066,1661.020,23.986,163.903,1.999,11.993,2369,3796,2.220,1.670,0.930,3,0,111.934,0,0,18,289,3,31,0
03-09 10:21:19,23.255,6.001,70.265,0,0,4473576,223904,173252,3091424,9283.977,1620.345,20.004,192.041,2.000,12.003,2066,3153,2.220,1.670,0.930,2,0,70.015,0,0,18,289,3,31,0
03-09 10:21:20,24.982,3.498,70.950,0,0,4517496,179832,173252,3091576,6237.627,1712.799,0,119.916,0,8.994,1646,2547,2.120,1.660,0.930,2,0,0,0,0,18,289,3,32,0
03-09 10:21:21,21.497,6.749,70.742,0,0,4515984,181336,173252,3091584,6245.257,1551.815,0,0,0,0,1682,2368,2.120,1.660,0.930,4,0,57.993,0,0,18,289,3,32,0
03-09 10:21:22,24.960,4.742,70.138,0.250,0,4506200,190932,173252,3091772,5065.884,1617.409,167.731,279.552,6.989,32.947,2076,3257,2.120,1.660,0.930,3,0,43.930,0,0,18,291,3,34,0
03-09 10:21:23,25.980,7.744,65.699,0.250,0,4463880,233092,173252,3091932,6177.250,1856.572,131.899,535.588,23.982,56.956,2895,6032,2.120,1.660,0.930,2,0,68.947,0,0,18,291,3,34,0
03-09 10:21:24,25.367,3.014,71.581,0,0,4513736,183224,173252,3091944,5673.239,1627.527,0,233.078,0,18.084,1623,2614,2.120,1.660,0.930,1,0,0,0,0,18,291,3,36,1
03-09 10:21:25,22.256,5.001,71.520,0.250,0,4503052,193908,173252,3091944,8007.210,1706.471,0,176.049,0,11.003,1673,2445,2.030,1.650,0.930,3,0,32.009,0,0,18,291,3,35,0
03-09 10:21:26,22.249,6.250,70.998,0,0,4481768,215128,173252,3091976,6771.824,1619.958,0,2375.938,0,338.991,2493,3606,2.030,1.650,0.930,2,0,87.998,0,0,18,291,3,35,0
03-09 10:21:27,23.193,5.487,70.327,0,0,4456392,240348,173252,3092132,6610.784,1548.202,0,790.062,0,51.873,1836,2814,2.030,1.650,0.930,2,0,46.885,0,0,18,291,3,37,0
03-09 10:21:28,25.326,3.009,71.214,0.251,0,4509728,186672,173252,3092472,7903.719,1624.876,268.807,60.181,23.069,2.006,1679,2473,2.030,1.650,0.930,3,0,0,0,0,18,291,3,37,2
03-09 10:21:29,25.432,3.241,71.061,0,0,4507212,189180,173252,3092480,9507.700,1615.701,0,135.639,0,12.965,1571,2244,2.030,1.650,0.930,2,0,13.963,0,0,18,292,3,38,0
03-09 10:21:30,29.567,3.759,64.897,1.002,0,4481188,214404,173252,3093280,8014.192,1697.854,432.983,1170.657,33.075,171.389,3733,7033,1.950,1.630,0.930,3,0,6.014,0,0,18,295,3,41,0
03-09 10:21:31,26.253,4.251,68.008,0,0,4520896,174364,173252,3093612,7608.898,1662.196,52.006,884.104,4.000,78.009,3291,5998,1.950,1.630,0.930,1,0,2.000,0,0,18,297,3,41,0
03-09 10:21:32,19.005,13.253,64.766,0.500,0,4482792,212324,173260,3093716,5864.472,1620.407,20.005,1680.422,2.001,168.042,4643,8434,1.950,1.630,0.930,1,0,397.100,0,0,18,295,3,42,0
03-09 10:21:33,9.996,20.493,67.976,0,0,4489644,205444,173260,3093744,5918.887,1619.422,0,747.733,0,48.983,4047,6887,1.950,1.630,0.930,3,0,629.775,0,0,18,295,3,42,0
03-09 10:21:34,10.745,20.739,67.216,0,0,4491192,203864,173260,3093776,5680.115,1619.177,0,563.714,0,48.975,4249,7483,1.950,1.630,0.930,3,0,633.678,0,0,18,295,3,42,0
03-09 10:21:35,10.514,21.029,67.592,0.751,0,4491800,203220,173264,3093808,5939.119,1554.124,0,2871.926,0,185.253,4331,7557,1.870,1.620,0.930,1,0,631.864,0,0,18,295,3,37,0
03-09 10:21:36,10.492,20.235,68.700,0,0,4485740,209244,173264,3093844,5961.696,1660.801,0,1099.206,0,109.921,4069,6767,1.870,1.620,0.930,1,0,621.551,0,0,18,295,3,37,0
03-09 10:21:37,8.748,22.494,67.982,0,0,4492048,202900,173264,3093880,5517.560,1619.577,0,39.990,0,9.997,3874,6599,1.870,1.620,0.930,1,0,591.846,0,0,18,295,3,37,0
03-09 10:21:38,14.617,12.140,71.352,0,0,4510496,268436,173268,3017984,5912.322,1605.424,11.892,23.784,2.973,2.973,2436,3816,1.870,1.620,0.930,3,0,220.003,0,0,18,295,3,37,0
03-09 10:21:39,22.725,7.575,69.437,0,0,4522136,242184,173312,3031844,9914.050,1710.921,8.080,1628.102,1.010,7.070,10280,20122,1.870,1.620,0.930,1,0,10.100,0,0,18,295,3,32,0
03-09 10:21:40,6.230,1.246,90.957,0.249,0,4523460,240700,173312,3031972,11080.255,3853.568,0,1303.794,0,31.897,1575,2602,1.720,1.600,0.920,2,0,0,0,0,18,296,3,32,0
03-09 10:21:41,18.512,1.001,78.801,0.750,0,4531272,232188,173316,3032604,20224.004,9490.102,424.273,980.631,24.015,38.024,1626,2484,1.720,1.600,0.920,2,0,2.001,0,0,18,297,3,31,0
03-09 10:21:42,8.247,1.499,87.718,0.250,0,4530984,232188,173320,3032888,12141.580,6402.669,227.917,3250.817,20.992,384.860,2057,3354,1.720,1.600,0.920,1,0,1.000,0,0,18,299,3,31,0
03-09 10:21:43,9.250,2.000,87.246,0.750,0,4530824,231712,173364,3033444,17984.137,9595.539,363.983,1047.950,36.998,40.998,1417,2211,1.720,1.600,0.920,2,0,0,0,0,18,299,3,23,0
03-09 10:21:44,19.235,1.249,77.941,0.500,0,4544160,217600,173388,3034192,20484.555,10789.864,655.506,975.265,36.972,32.975,1479,2160,1.720,1.600,0.920,2,0,0,0,0,18,299,3,23,0
03-09 10:21:45,13.027,1.503,84.172,0.752,0,4547108,214220,173420,3034552,19450.835,11569.695,280.575,1302.668,27.055,53.109,1531,2205,1.670,1.590,0.920,1,0,0,0,0,18,298,3,22,1
03-09 10:21:46,13.435,2.239,81.854,0.498,0,4552100,192884,173424,3050892,15873.126,7560.385,8164.460,2093.859,143.306,30.851,1422,2173,1.670,1.590,0.920,4,0,0,0,0,18,298,3,22,1
03-09 10:21:47,24.400,3.270,72.445,1.509,0,4559876,152828,173788,3081064,6184.951,1630.002,3034.620,2640.200,100.617,105.648,1716,2829,1.670,1.590,0.920,1,0,0,0,0,18,298,3,20,1
03-09 10:21:48,21.128,4.723,70.839,1.740,0,4568336,138004,174348,3085136,5708.905,1610.663,0,8240.231,0,447.406,2035,3305,1.670,1.590,0.920,5,0,0,0,0,18,298,3,20,1
03-09 10:21:49,23.548,3.507,70.645,0.752,0,4479676,233268,174824,3076572,6485.347,1907.927,0,2765.692,0,95.196,1917,2897,1.670,1.590,0.920,5,0,1.002,0,0,18,297,3,20,0
03-09 10:21:50,25.257,5.001,70.020,0,0,4530660,179880,174936,3078820,6219.810,1620.472,368.107,4.001,5.001,1.000,7368,14342,1.610,1.580,0.920,4,0,10.003,0,0,18,297,3,20,0
03-09 10:21:51,24.507,5.002,68.271,0,0,4547840,162540,174944,3078964,7058.132,1660.501,0,84.025,0,1.000,10535,21716,1.610,1.580,0.920,2,0,16.005,0,0,18,297,3,20,0
03-09 10:21:52,21.993,4.749,71.479,0.250,0,4488940,221448,174944,3078956,6058.189,1619.516,0,1991.405,0,43.987,1758,2784,1.610,1.580,0.920,3,0,16.995,0,0,18,297,3,20,0
03-09 10:21:53,24.318,6.268,68.191,0,0,4513148,197284,174944,3078972,6357.808,1698.758,0,46205.421,0,109.306,10013,19676,1.610,1.580,0.920,4,0,48.135,0,0,18,297,4,20,0
03-09 10:21:54,24.937,5.486,68.576,0,0,4520300,190036,174944,3079080,6665.077,1689.710,0,1240.849,0,11.970,6774,15706,1.610,1.580,0.920,3,0,16.957,0,0,18,297,4,16,0
03-09 10:21:55,23.252,5.500,69.505,0,0,4500572,209836,174944,3078976,5366.370,1586.109,0,420.029,0,24.002,7623,15984,1.560,1.570,0.920,2,0,13.001,0,0,18,297,4,16,0
03-09 10:21:56,23.461,3.494,72.131,0,0,4530792,179596,174944,3078992,6460.379,1691.220,0,131.783,0,3.993,1411,2145,1.560,1.570,0.920,1,0,7.987,0,0,18,297,4,15,0
03-09 10:21:57,22.611,7.286,69.341,0,0,4494040,204180,175340,3089420,8119.893,1627.998,4.020,844.147,1.005,12.059,10435,20128,1.560,1.570,0.920,1,0,101.499,0,0,18,297,4,15,0
03-09 10:21:58,16.928,2.489,79.661,0,0,4520324,173552,175580,3092952,7493.087,2655.689,0,0,0,0,1328,2052,1.560,1.570,0.920,1,0,2.987,0,0,18,298,4,15,0
03-09 10:21:59,10.257,1.001,87.809,0.250,0,4520076,173552,175604,3093120,19278.013,4024.717,0,1080.729,0,66.045,1246,1871,1.560,1.570,0.920,1,0,0,0,0,18,299,4,15,0
03-09 10:22:00,18.718,1.497,77.118,0.998,0,4531052,162464,175644,3093192,21949.554,13168.534,0,4208.820,0,188.678,1856,2981,1.520,1.560,0.930,1,0,0,0,0,18,299,4,15,0
03-09 10:22:01,10.512,2.002,86.596,0.501,0,4533788,159440,175672,3093412,52359.910,13073.459,0,1209.338,0,46.051,1425,2220,1.520,1.560,0.930,1,0,2.002,0,0,18,300,4,15,0
03-09 10:22:02,11.542,2.007,85.562,0.251,0,4533832,158976,175788,3093628,118159.519,12104.205,4.015,1537.615,1.004,86.315,1768,3022,1.520,1.560,0.930,1,0,0,0,0,18,300,4,15,0
03-09 10:22:03,19.959,1.746,77.091,0.499,0,4549632,142972,175840,3093740,20245.376,10667.069,0,1397.128,0,57.881,1471,2246,1.520,1.560,0.930,4,0,0,0,0,18,300,4,15,0
03-09 10:22:04,17.028,1.502,80.383,0.751,0,4554948,137204,175972,3094020,218390.310,18096.021,0,1734.878,0,67.111,1760,2560,1.520,1.560,0.930,3,0,0,0,0,18,299,4,15,1
03-09 10:22:05,13.238,2.248,81.428,1.249,0,4554768,136504,176280,3094340,132919.366,22578.018,91.919,2869.461,7.993,135.880,1914,2903,1.480,1.550,0.930,2,0,0,0,0,18,299,4,15,1
03-09 10:22:06,15.774,3.756,78.371,0.250,0,4560196,138168,176388,3087008,12949274.426,77064.373,8.012,10159.737,2.003,343.532,4571,2855,1.480,1.550,0.930,2,0,4.006,0,0,18,299,4,15,1
03-09 10:22:07,18.975,3.495,75.399,1.498,0,4568360,132676,176640,3083776,4904104.213,22574.817,167.776,14744.287,7.989,107.856,2963,3323,1.480,1.550,0.930,2,0,8.988,0,0,18,299,4,15,1
03-09 10:22:08,22.028,3.755,72.093,1.252,0,4569464,134252,180020,3073448,5772.441,1696.186,0,20350.231,0,188.243,1778,2884,1.480,1.550,0.930,2,0,0,0,0,18,299,4,15,1
03-09 10:22:09,22.498,4.000,71.993,0.500,0,4587172,129960,180756,3057964,6619.312,1619.832,0,2215.770,0,95.990,1627,2614,1.480,1.550,0.930,0,1,0,0,0,18,299,4,15,1
03-09 10:22:10,19.711,5.739,71.608,0.998,0,4586940,124508,181744,3060424,8410.272,1508.999,0,2694.640,0,98.803,1691,2645,1.440,1.540,0.930,2,0,0,0,0,18,299,4,15,1
03-09 10:22:11,24.501,3.500,72.002,0.500,0,4579992,128416,183356,3060020,7048.169,1694.041,0,2600.062,0,55.001,1506,2248,1.440,1.540,0.930,2,0,2.000,0,0,18,299,4,15,1
03-09 10:22:12,20.466,2.995,73.627,0.749,0,4568620,162504,184184,3035136,12572.030,4227.948,19.967,2847.251,2.995,104.825,1888,3282,1.440,1.540,0.930,4,0,0,0,0,18,297,4,15,0
03-09 10:22:13,23.259,5.502,70.527,0.250,0,4538620,191464,184184,3036220,5694.164,1620.616,0,35677.557,0,204.078,1732,2404,1.440,1.540,0.930,2,0,6.002,0,0,18,297,4,15,0
03-09 10:22:14,22.747,5.749,69.739,0,0.250,4531796,197268,184184,3037196,6744.982,1619.755,0,95.986,0,3.000,8554,17418,1.440,1.540,0.930,3,0,11.998,0,0,18,297,4,15,0
03-09 10:22:15,25.501,5.500,69.004,0,0,4560580,168340,184184,3037340,6304.366,1620.094,0,24.001,0,6.000,9896,19853,1.400,1.530,0.930,3,0,13.001,0,0,18,297,4,15,0
03-09 10:22:16,24.208,2.995,72.124,0,0,4526016,202532,184184,3037628,8014.998,1617.175,167.707,99.826,3.993,2.995,1389,1995,1.400,1.530,0.930,1,0,5.990,0,0,18,297,4,15,0
03-09 10:22:17,24.890,4.525,70.144,0.503,0,4545536,179192,184524,3040424,7890.320,1562.778,768.316,4026.618,23.130,91.514,3205,6115,1.400,1.530,0.930,1,0,0,0,0,18,300,4,25,0
03-09 10:22:18,21.704,8.731,67.356,1.247,0,4492128,231592,184524,3041428,6432.241,1616.542,674.557,2602.433,33.927,253.458,4692,9100,1.400,1.530,0.930,1,0,133.714,0,0,18,301,4,27,0
03-09 10:22:19,12.226,12.725,69.113,3.743,0,4470876,239104,184524,3055200,7122.925,1616.805,13856.619,2906.257,564.884,303.400,3816,6502,1.400,1.530,0.930,1,1,316.375,0,0,18,301,4,29,0
03-09 10:22:20,5.999,3.999,82.982,7.248,0,4474732,228524,184524,3061924,11425.498,2744.399,6570.561,1059.768,1319.711,16.996,2726,4688,1.290,1.500,0.920,2,0,5.999,0,0,18,302,4,29,0
03-09 10:22:21,3.251,1.750,94.024,0.250,0,4474956,228300,184524,3061924,42359.717,6855.735,0,1968.498,0,98.025,1332,2192,1.290,1.500,0.920,1,0,2.001,0,0,18,302,4,29,0
03-09 10:22:22,3.752,2.251,92.544,0,0,4458420,243236,184668,3063348,13331.386,129129.853,1604.769,552.265,42.020,19.009,1528,2422,1.290,1.500,0.920,1,0,12.006,0,0,18,301,4,26,0
03-09 10:22:23,21.763,7.004,70.041,0.250,0,4455532,246120,184668,3063352,5651.278,1714.995,512.297,404.234,4.002,19.011,2317,5241,1.290,1.500,0.920,2,0,42.024,0,0,18,301,4,27,0
03-09 10:22:24,11.250,4.250,83.751,0,0,4445884,255764,184668,3063356,5765.046,1512.012,512.004,144.001,4.000,16.000,1588,2442,1.290,1.500,0.920,1,0,4.000,0,0,18,301,4,26,0
03-09 10:22:25,2.999,1.250,95.966,0,0,4445884,255764,184668,3063356,6352.777,1779.377,0,3.999,0,1.000,1095,1766,1.190,1.480,0.920,1,0,0,0,0,18,301,4,26,0
03-09 10:22:26,2.749,0.250,96.229,0,0,4445884,255764,184668,3063356,12311.304,1619.645,0,19.996,0,2.999,1082,1727,1.190,1.480,0.920,1,0,0,0,0,18,301,4,24,0
03-09 10:22:27,2.252,0.500,95.317,0,0,4445880,255764,184668,3063360,10202.152,1661.164,0,252.177,0,21.015,1168,1890,1.190,1.480,0.920,1,0,0,0,0,18,301,4,24,0
03-09 10:22:28,4.493,1.747,92.615,0.749,0,4445856,255764,184668,3063384,6825.015,1691.525,3.994,459.328,0.999,64.905,1726,3004,1.190,1.480,0.920,1,0,0,0,0,18,301,4,22,0
03-09 10:22:29,1.999,1.000,96.208,0.250,0,4445856,255764,184668,3063384,9618.835,1693.267,0,347.849,0,22.990,1048,1814,1.190,1.480,0.920,1,0,0,0,0,18,301,4,22,0
03-09 10:22:30,3.503,0.751,94.334,0,0,4445856,255764,184668,3063384,6047.382,1513.347,0,100.089,0,16.014,1389,2325,1.090,1.450,0.910,2,0,0,0,0,18,301,4,18,0
03-09 10:22:31,2.249,0.750,95.965,0,0,4445856,255764,184668,3063384,7398.307,1693.384,0,175.936,0,10.996,1049,1756,1.090,1.450,0.910,1,0,1.999,0,0,18,301,4,18,0
03-09 10:22:32,3.003,0.500,94.833,0,0,4445856,255764,184668,3063384,7082.204,1621.420,0,180.158,0,27.024,1275,2185,1.090,1.450,0.910,2,0,0,0,0,18,301,4,18,0
03-09 10:22:33,3.498,0.750,92.947,0.250,0,4445844,255764,184668,3063396,6782.148,1619.080,0,235.866,0,17.990,1326,2137,1.090,1.450,0.910,1,0,0,0,0,18,301,4,17,0
03-09 10:22:34,6.264,1.754,90.954,0.251,0,4445728,255764,184668,3063512,7099.932,1623.643,0,112.252,0,12.027,2314,4129,1.090,1.450,0.910,0,0,0,0,0,18,301,4,17,0
03-09 10:22:35,5.236,1.496,93.000,0,0,4445724,255764,184668,3063516,6103.600,1725.364,0,0,0,0,1403,2188,1,1.430,0.910,3,0,0,0,0,18,301,4,19,0
03-09 10:22:36,2.501,0.750,95.287,0,0,4445720,255764,184668,3063520,5973.330,1694.661,0,112.044,0,12.005,1277,2176,1,1.430,0.910,2,0,0,0,0,18,301,4,19,0
03-09 10:22:37,2.747,0.749,96.643,0,0,4445720,255764,184668,3063520,7463.708,1510.322,0,0,0,0,992,1629,1,1.430,0.910,1,0,0,0,0,18,301,4,19,0
03-09 10:22:38,3.510,0.752,95.527,0.251,0,4445712,255764,184668,3063528,12104.065,1624.707,0,320.930,0,28.081,1359,2219,1,1.430,0.910,1,0,0,0,0,18,301,4,19,0
03-09 10:22:39,2.254,1.503,94.917,0.250,0,4448676,252796,184668,3063528,5958.457,1622.848,0,33915.522,0,304.534,1314,2069,1,1.430,0.910,0,0,0,0,0,18,301,4,19,0
03-09 10:22:40,3.239,0.997,95.168,0,0,4448668,252796,184668,3063536,8521.235,1614.361,0,916.798,0,16.941,1271,2043,0.920,1.410,0.900,2,0,0,0,0,18,301,4,19,0
03-09 10:22:41,2.000,1.250,96.258,0,0,4448668,252796,184668,3063536,6858.590,1620.139,0,0,0,0,1103,1796,0.920,1.410,0.900,3,0,2.000,0,0,18,301,4,19,0
03-09 10:22:42,2.996,0.999,95.117,0.250,0,4448668,252796,184668,3063536,5394.432,1563.806,0,167.765,0,17.975,1236,2184,0.920,1.410,0.900,1,0,0,0,0,18,301,4,19,0
03-09 10:22:43,3.002,1.251,96.076,0,0,4448668,252796,184668,3063536,4559.598,1621.279,0,156.123,0,13.010,1156,1901,0.920,1.410,0.900,1,0,0,0,0,18,301,4,19,0
03-09 10:22:44,2.760,4.015,92.591,0,0,4454556,246860,184668,3063536,5112.825,1591.861,0,108234.520,0,517.907,1988,3187,0.920,1.410,0.900,0,0,0,0,0,18,303,4,19,0
03-09 10:22:45,1.745,0.997,94.740,0.499,0,4454572,246860,184668,3063664,5292.483,1689.366,0,2888.078,0,152.581,1242,2294,0.850,1.380,0.900,1,0,0,0,0,18,303,4,19,0
03-09 10:22:46,1.500,0.750,96.759,0,0,4454568,246860,184668,3063668,6635.610,1620.149,0,48.004,0,6.001,1000,1648,0.850,1.380,0.900,1,0,0,0,0,18,303,4,19,0
03-09 10:22:47,1.996,0.748,95.287,0,0,4454564,246860,184668,3063672,5782.083,1616.389,0,83.813,0,8.980,1070,1806,0.850,1.380,0.900,1,0,0,0,0,18,303,4,19,0
03-09 10:22:48,3.504,1.502,94.114,0.250,0,4454560,246860,184668,3063676,5757.990,1621.969,4.005,264.321,1.001,29.035,1591,2737,0.850,1.380,0.900,1,0,0,0,0,18,303,4,19,0
03-09 10:22:49,2.501,0.500,95.556,0,0,4454544,246860,184668,3063676,6062.547,1608.941,0,2637.543,0,28.016,1192,1938,0.850,1.380,0.900,1,0,0,0,0,18,303,4,19,0
03-09 10:22:50,2.495,1.497,95.554,0,0,4454544,246860,184668,3063676,6884.859,1550.815,0,518.934,0,104.785,1195,1882,0.780,1.360,0.890,1,0,0,0,0,18,303,4,19,0
03-09 10:22:51,2.255,0,95.441,0,0,4454796,246608,184668,3063676,7515.015,1717.431,0,472.945,0,27.054,1290,2198,0.780,1.360,0.890,1,0,2.004,0,0,18,303,4,19,0
03-09 10:22:52,3.492,1.746,93.784,0.249,0,4454796,246608,184668,3063676,5678.904,1077.515,0,339.218,0,40.906,1427,2556,0.780,1.360,0.890,1,0,0,0,0,18,303,4,19,0
03-09 10:22:53,6.270,2.257,90.284,0,0,4469408,231808,184672,3063860,225646.432,2628.263,176.555,104.328,2.006,7.022,1228,1906,0.780,1.360,0.890,2,0,7.022,0,0,18,303,4,19,0
03-09 10:22:54,9.750,5.000,83.504,0,0,4469024,231920,184712,3064092,233855.523,10866.489,220.010,64.003,11.000,3.000,1712,2378,0.780,1.360,0.890,1,0,36.002,0,0,18,303,4,19,0
