"pcp-dstat 6.2.0 CSV Output"
"Author:","PCP team <pcp@groups.io> and Dag Wieers <dag@wieers.com>",,,,"URL:","https://pcp.io/ and http://dag.wieers.com/home-made/dstat/"
"Host:","ubuntu",,,,"User:","ubuntu"
"Cmdline:","dstat -tcmndrylpg --tcp --output /tmp/devstack_logs/dstat-csv.log",,,,"Date:","13 Apr 2026 12:32:29 UTC"
"system","total usage",,,,,"memory usage",,,,"net/total",,"dsk/total",,"io/total",,"system",,"load avg",,,"procs",,,"paging",,"tcp sockets",,,,
"time","total usage:usr","total usage:sys","total usage:idl","total usage:wai","total usage:stl","used","free","buf","cach","net/total:recv","net/total:send","dsk/total:read","dsk/total:writ","read","writ","int","csw","1m","5m","15m","run","blk","new","in","out","lis","act","syn","tim","clo"
13-04 12:32:29,,996604,1406280,166808,5239408,,,,,,,1.290,0.960,0.520,2,0,,,,10,6,0,17,0
13-04 12:32:30,18.240,20.738,59.467,0.500,0,1007984,1394120,167000,5239904,36022.861,14647.811,0,2290.719,0,130.927,5842,4529,1.350,0.980,0.520,1,0,394.779,0,0,10,6,0,17,0
13-04 12:32:31,22.498,20.999,54.246,0.500,0,1016136,1385336,167136,5240304,24627.295,12367.144,0,4955.657,0,60.996,5687,4203,1.350,0.980,0.520,1,0,379.974,0,0,10,6,0,17,0
13-04 12:32:32,27.259,20.257,50.767,0.500,0,1040896,1359896,167300,5240988,36300.215,11947.020,0,1676.564,0,53.018,6323,6903,1.350,0.980,0.520,9,0,293.099,0,0,10,5,0,17,1
13-04 12:32:33,30.509,12.754,55.017,0.500,0,1154724,1224636,167636,5385300,177235.801,10614.222,0,2260.686,0,74.022,4880,5776,1.350,0.980,0.520,1,1,90.027,0,0,11,4,0,17,2
13-04 12:32:34,38.131,12.212,48.349,0.498,0,1181736,1172964,168664,5405892,4751.153,1022.804,0,1921.994,0,56.822,4019,2640,1.350,0.980,0.520,2,0,110.654,0,0,11,6,0,17,2
13-04 12:32:35,38.266,12.755,47.270,1.000,0,1225144,1107400,169204,5425400,5148.201,1566.670,32.014,4225.807,2.001,139.059,4476,3392,1.640,1.050,0.550,3,0,170.073,0,0,11,6,0,19,2
13-04 12:32:36,41.842,7.015,49.108,1.253,0,1281720,1032020,170376,5440184,5446.969,1461.211,0,4974.931,0,131.288,3020,2296,1.640,1.050,0.550,4,0,0,0,0,11,6,0,19,2
13-04 12:32:37,39.695,7.240,46.686,5.492,0,1311244,969004,171956,5469108,5318.666,1563.844,0,24769.845,0,1680.683,7684,11990,1.640,1.050,0.550,4,0,9.986,0,0,11,8,0,19,2
13-04 12:32:38,28.797,7.012,47.829,14.023,0,1308400,979868,172820,5459876,11184.447,4246.003,0,44549.479,0,3978.562,15164,28126,1.640,1.050,0.550,4,0,74.122,0,0,11,6,0,19,0
13-04 12:32:39,38.023,9.005,50.530,1.251,0,1300620,987504,172864,5459992,10686.393,3624.168,0,14712.801,0,775.464,5020,6442,1.640,1.050,0.550,2,0,109.065,0,0,11,5,0,19,0
13-04 12:32:40,43.213,6.744,48.958,0.250,0,1347352,934224,172992,5465708,5243.536,1738.520,0,1798.469,0,39.966,2926,1607,1.750,1.080,0.560,2,0,2.997,0,0,11,4,0,19,0
13-04 12:32:41,44.525,7.504,46.276,0.750,0,1238144,1036732,173424,5470760,11851.774,4737.708,0,6923.958,0,391.224,4461,14302,1.750,1.080,0.560,4,0,68.039,0,0,11,4,0,20,0
13-04 12:32:42,42.005,11.001,45.506,0,0,1275128,999056,173480,5471268,5040.626,1620.201,0,2084.259,0,86.011,9833,17274,1.750,1.080,0.560,3,0,13.002,0,0,11,4,0,20,0
13-04 12:32:43,43.228,8.746,45.977,0,0,1296300,977600,173528,5471432,4797.601,1661.169,0,175.912,0,2.999,9003,14717,1.750,1.080,0.560,2,0,14.993,0,0,11,4,0,19,0
13-04 12:32:44,30.019,22.264,46.530,0.250,0,1203500,1083196,173548,5460144,4354.805,1512.975,0,336.217,0,23.015,5572,3994,1.750,1.080,0.560,2,0,342.220,0,0,11,4,0,19,0
13-04 12:32:45,16.712,22.947,57.867,0,0,1152520,1134080,173548,5460304,4848.889,1616.296,0,47.890,0,11.973,6070,4685,2.010,1.150,0.590,1,0,450.967,0,0,11,4,0,19,0
13-04 12:32:46,26.522,17.514,55.296,0,0,1167052,1119532,173548,5460656,5047.159,1567.292,0,0,0,0,5719,7419,2.010,1.150,0.590,4,0,232.191,0,0,11,4,0,19,0
13-04 12:32:47,44.395,7.482,46.889,0.249,0,1230272,1056292,173552,5460788,5193.709,1508.430,0,21552.994,0,365.136,3201,1666,2.010,1.150,0.590,3,0,19.953,0,0,11,5,0,19,0
13-04 12:32:48,44.777,7.004,48.029,0,0,1253648,1032480,173560,5461328,5137.074,1566.938,0,1713.025,0,67.040,2930,1770,2.010,1.150,0.590,3,0,0,0,0,11,5,0,13,0
13-04 12:32:49,32.822,11.525,55.120,0,0,1284624,999096,173592,5463652,4972.863,1515.310,0,833.821,0,59.129,4102,4400,2.010,1.150,0.590,2,0,119.261,0,0,11,4,0,14,0
13-04 12:32:50,17.452,5.734,75.792,0.249,0,1347060,936632,173616,5463656,5131.906,1603.596,0,3067.576,0,57.841,2021,1725,1.850,1.130,0.580,1,0,21.940,0,0,11,4,0,14,0
13-04 12:32:51,23.273,2.753,73.071,0,0,1378508,905184,173616,5463656,4779.671,1459.426,0,0,0,0,1785,1284,1.850,1.130,0.580,1,0,0,0,0,11,4,0,14,0
13-04 12:32:52,23.232,3.747,69.697,1.249,0,1391844,891572,173648,5463900,4768.354,1510.845,0,14025.276,0,389.702,4091,5492,1.850,1.130,0.580,1,0,0.999,0,0,11,10,0,14,0
13-04 12:32:53,20.517,6.255,72.559,0,0,1315948,967468,173648,5463900,4161.408,1459.195,0,8.007,0,2.002,2274,1562,1.850,1.130,0.580,1,0,42.034,0,0,11,4,0,16,0
13-04 12:32:54,18.497,2.500,77.989,0,0,1355824,927080,173784,5464224,7045.032,3842.472,143.980,1287.823,6.999,16.998,1673,1205,1.850,1.130,0.580,1,0,0,0,0,11,9,0,16,0
13-04 12:32:55,21.751,2.500,73.253,0.750,0,1363772,918732,173824,5464468,6970.304,3934.172,268.012,1564.068,66.003,38.002,2740,2896,1.940,1.160,0.600,1,0,3.000,0,0,11,29,0,16,0
13-04 12:32:56,18.218,5.989,75.118,0,0,1393364,889140,173824,5464484,8733.614,5212.817,0,323.430,0,62.889,2472,1891,1.940,1.160,0.600,1,0,42.924,0,0,11,28,0,17,0
13-04 12:32:57,18.029,3.756,77.122,0,0,1431288,851204,173824,5464492,9019.322,5612.913,0,29911.497,0,168.267,2249,1751,1.940,1.160,0.600,1,0,0,0,0,11,29,0,17,0
13-04 12:32:58,18.550,12.032,68.433,0,0,1386908,895560,173824,5464516,8078.603,4416.811,0,2278.092,0,19.051,3546,2617,1.940,1.160,0.600,2,0,156.418,0,0,11,28,0,18,0
13-04 12:32:59,39.673,5.489,53.147,0,0,1478764,803700,173824,5464520,8481.595,5625.120,0,674.695,0,3.992,2772,1442,1.940,1.160,0.600,0,0,0.998,0,0,11,30,0,18,0
13-04 12:33:00,32.749,4.500,60.748,0,0.250,1481852,800376,173824,5464724,20917.284,15861.457,0,211.993,0,16.999,6089,7587,1.870,1.160,0.600,3,0,6.000,0,0,11,29,0,17,0
13-04 12:33:01,54.881,28.318,17.041,0.251,0,1473516,808680,173828,5464752,5553.279,2156.156,0,136.326,0,24.058,5792,5221,1.870,1.160,0.600,6,0,570.364,0,0,11,28,0,17,0
13-04 12:33:02,82.928,15.487,1.499,0,0,1712756,569412,173828,5464776,12705.010,9921.418,0,223.806,0,1.998,5049,2926,1.870,1.160,0.600,5,0,8.992,0,0,11,31,0,17,0
13-04 12:33:03,78.241,9.249,12.749,0,0,1777080,504968,173840,5464876,36128.971,30193.633,0,319.964,0,27.997,8516,11625,1.870,1.160,0.600,5,0,0,0,0,11,32,0,19,0
13-04 12:33:04,50.718,13.991,33.979,0.250,0,1573180,708692,173860,5465044,15142.486,9815.833,0,623.608,0,56.964,6340,7063,1.870,1.160,0.600,1,0,266.832,0,0,11,28,0,23,0
13-04 12:33:05,20.024,6.007,73.338,0,0,1550748,731124,173860,5465044,5318.394,1513.820,0,160.193,0,11.013,2254,1641,1.800,1.150,0.600,1,0,43.052,0,0,11,28,0,23,0
13-04 12:33:06,16.477,2.497,80.139,0.250,0,1534740,747112,173868,5465056,9979.138,7297.862,0,555.229,0,33.953,2258,2348,1.800,1.150,0.600,0,0,0,0,0,11,29,0,23,0
13-04 12:33:07,17.772,8.511,72.841,0,0,1466416,815424,173872,5465064,6707.354,2725.395,0,79519.044,0,413.515,3768,3663,1.800,1.150,0.600,1,0,68.085,0,0,11,28,0,24,0
13-04 12:33:08,18.212,2.495,77.839,0,0,1498236,783596,173872,5465072,7117.266,3801.131,0,0,0,0,1752,1394,1.800,1.150,0.600,1,0,0,0,0,11,29,0,24,0
13-04 12:33:09,16.785,4.509,76.909,0.251,0,1465280,816520,173888,5465088,9333.239,6270.926,0,2364.875,0,75.155,3268,3499,1.800,1.150,0.600,1,0,52.107,0,0,11,28,0,25,0
13-04 12:33:10,8.219,22.165,66.993,0,0,1443720,838068,173888,5465100,4648.196,1560.025,0,0,0,0,5484,3565,1.810,1.170,0.610,1,0,371.577,0,0,11,28,0,25,0
13-04 12:33:11,37.665,31.889,30.383,0,0,1471524,810236,173892,5465124,4795.955,1464.398,0,2016.812,0,108.474,5900,4709,1.810,1.170,0.610,5,0,616.695,0,0,11,28,0,25,0
13-04 12:33:12,84.708,13.493,1.499,0,0,1684700,596980,173896,5465192,11384.397,8381.874,0,7316.399,0,42.979,5153,2892,1.810,1.170,0.610,4,0,0,0,0,11,31,0,25,0
13-04 12:33:13,65.485,8.498,25.244,0,0,1690268,591160,173904,5465436,43306.320,39254.226,0,535.880,0,29.993,8061,13651,1.810,1.170,0.610,6,0,17.996,0,0,11,31,0,25,0
13-04 12:33:14,76.512,22.254,1.000,0,0,1561232,720076,173924,5465536,11154.781,6686.068,0,476.076,0,48.008,6232,6830,1.810,1.170,0.610,8,0,292.047,0,0,11,28,0,26,0
13-04 12:33:15,85.852,13.477,0,0,0,1750772,530524,173928,5465544,15079.940,11836.545,0,155.731,0,9.983,5623,3763,2.150,1.250,0.640,6,0,0,0,0,11,31,0,26,0
13-04 12:33:16,80.749,9.000,10.000,0,0,1769532,511384,173932,5465920,46818.687,43449.710,0,143.999,0,10.000,9798,14088,2.150,1.250,0.640,3,0,8.000,0,0,11,31,0,29,0
13-04 12:33:17,53.342,17.280,28.800,0.250,0,1548948,731756,173948,5466116,18649.099,12493.504,0,769.324,0,45.078,6514,8170,2.150,1.250,0.640,2,0,290.500,0,0,11,28,0,31,0
13-04 12:33:18,35.632,4.983,57.808,0.249,0,1563568,717124,173948,5466124,14059.346,9408.778,0,151.497,0,6.977,3081,2321,2.150,1.250,0.640,2,0,0,0,0,11,30,0,31,0
13-04 12:33:19,33.049,11.016,54.832,0,0,1407436,873224,173948,5466156,16960.290,12441.552,0,268.400,0,21.031,5980,6951,2.150,1.250,0.640,3,0,187.279,0,0,11,28,0,33,0
13-04 12:33:20,56.558,17.939,25.414,0,0,1522972,757656,173948,5466188,6589.605,1560.696,0,199.323,0,11.959,4343,2464,2.380,1.310,0.660,4,0,191.350,0,0,11,28,0,28,0
13-04 12:33:21,44.223,5.779,48.243,0,0,1565080,715372,173952,5466360,26543.943,23227.207,0,607.063,0,32.162,6271,6967,2.380,1.310,0.660,0,0,0,0,0,11,31,0,28,0
13-04 12:33:22,61.154,20.718,17.972,0.250,0,1503844,776544,174012,5466364,14329.546,8560.586,0,9209.569,0,607.049,7758,8607,2.380,1.310,0.660,6,0,257.596,0,0,11,28,0,29,0
13-04 12:33:23,70.823,8.509,20.271,0,0,1633436,647016,174012,5466436,20791.450,17343.893,0,196.202,0,14.014,5052,3439,2.380,1.310,0.660,4,0,0,0,0,11,32,0,29,0
13-04 12:33:24,63.086,9.513,26.286,0,0,1581732,698496,174024,5466648,30872.116,26329.919,0,476.650,0,42.057,9265,13225,2.380,1.310,0.660,5,0,140.191,0,0,11,28,0,29,0
13-04 12:33:25,60.087,17.203,21.940,0,0.249,1582804,697392,174024,5466680,4685.278,1495.938,0,985.325,0,12.965,4017,2158,2.590,1.370,0.680,3,0,183.502,0,0,11,28,0,29,0
13-04 12:33:26,42.724,5.747,49.970,0.500,0,1601432,678704,174036,5466728,25824.463,22882.233,0,1003.396,0,55.966,5265,6593,2.590,1.370,0.680,4,0,0,0,0,11,31,0,29,0
13-04 12:33:27,57.915,17.801,24.069,0,0,1493352,786600,174052,5466896,13868.527,9508.099,0,401.143,0,36.103,6227,6583,2.590,1.370,0.680,3,0,299.855,0,0,11,28,0,31,0
13-04 12:33:28,52.738,6.998,39.241,0,0,1610472,669460,174052,5466916,16517.300,13251.031,0,183.959,0,2.000,3903,2615,2.590,1.370,0.680,3,0,0,0,0,11,31,0,31,0
13-04 12:33:29,51.987,7.498,39.740,0.250,0,1555820,723780,174064,5467236,21779.705,17880.653,0,243.941,0,18.995,6985,8583,2.590,1.370,0.680,3,0,63.984,0,0,11,28,0,34,0
13-04 12:33:30,57.463,17.988,23.485,0,0,1568292,711276,174064,5467268,6482.772,3048.012,0,163.893,0,9.993,4145,2499,2.620,1.400,0.700,3,0,224.853,0,0,11,29,0,34,0
13-04 12:33:31,47.921,5.241,45.175,0,0,1599044,680340,174068,5467444,22631.541,19356.961,0,531.121,0,37.937,5490,6221,2.620,1.400,0.700,5,0,0,0,0,11,30,0,34,0
13-04 12:33:32,55.101,15.528,29.053,0,0,1542800,736552,174068,5467476,12976.813,7818.347,0,2993.493,0,129.237,5947,5554,2.620,1.400,0.700,3,0,112.206,0,0,11,28,0,36,0
13-04 12:33:33,52.025,7.003,40.270,0,0,1590852,688472,174076,5467496,19128.286,15161.361,0,160.078,0,8.004,3844,3077,2.620,1.400,0.700,2,0,0,0,0,11,31,0,36,0
13-04 12:33:34,46.036,15.262,38.781,0.250,0,1496748,782492,174096,5467560,18925.911,13701.795,0,496.391,0,49.039,7352,9163,2.620,1.400,0.700,5,0,280.221,0,0,11,28,0,38,0
13-04 12:33:35,73.908,25.468,0.250,0,0,1606304,672892,174100,5467600,5361.358,1617.995,0,223.723,0,17.978,5344,4301,2.810,1.460,0.720,8,0,435.461,0,0,11,28,0,38,0
13-04 12:33:36,80.100,18.523,1.001,0,0,1767560,511468,174112,5467756,18886.626,15323.168,0,660.827,0,37.046,6281,5828,2.810,1.460,0.720,7,0,358.448,0,0,11,32,0,38,0
13-04 12:33:37,74.495,21.499,3.750,0,0,1776396,502364,174140,5467996,45876.053,39634.454,0,647.958,0,52.997,9235,11797,2.810,1.460,0.720,7,0,467.970,0,0,11,30,0,37,0
13-04 12:33:38,76.509,22.003,1.250,0.250,0,1636804,641824,174144,5468124,17292.972,13130.497,0,1896.216,0,141.016,6481,5883,2.810,1.460,0.720,6,0,312.036,0,0,11,28,0,37,0
13-04 12:33:39,80.761,10.501,8.001,0,0,1701416,577196,174144,5468140,18246.534,15330.129,0,0,0,0,4997,3215,2.810,1.460,0.720,5,0,1.000,0,0,11,32,0,37,0
13-04 12:33:40,69.650,7.240,21.968,0,0,1720056,558336,174144,5468360,43308.554,37769.541,0,519.251,0,0.999,10056,14926,2.910,1.500,0.740,6,0,0,0,0,11,30,0,40,0
13-04 12:33:41,31.971,26.226,39.963,0,0,1492760,785568,174144,5468424,12389.613,8176.485,0,27.974,0,6.994,6807,14055,2.910,1.500,0.740,1,0,567.478,0,0,11,28,0,42,0
13-04 12:33:42,14.019,29.790,55.073,0,0.501,1486100,792212,174144,5468440,5573.413,1568.086,0,24.032,0,6.008,6000,4508,2.910,1.500,0.740,3,0,564.751,0,0,11,28,0,42,0
13-04 12:33:43,65.796,29.271,4.753,0,0,1560880,717384,174152,5468480,6261.398,3426.407,0,344.242,0,21.015,5156,3854,2.910,1.500,0.740,3,0,506.356,0,0,11,29,0,42,0
13-04 12:33:44,65.620,7.485,24.951,0,0,1636032,642048,174160,5468656,25832.755,22727.914,0,1002.012,0,71.857,5866,6879,2.910,1.500,0.740,3,0,0,0,0,11,31,0,43,0
13-04 12:33:45,66.608,18.029,15.775,0.250,0,1555712,722304,174176,5468704,15205.545,11195.071,0,552.892,0,53.086,6560,7964,2.830,1.510,0.750,4,0,236.382,0,0,11,28,0,46,0
13-04 12:33:46,73.964,11.994,13.993,0,0,1607972,670012,174180,5468732,13485.371,11799.200,0,155.923,0,8.996,4652,2652,2.830,1.510,0.750,2,0,31.984,0,0,11,31,0,46,0
13-04 12:33:47,56.805,6.006,36.035,0,0,1626116,651644,174180,5468956,37291.280,31566.710,0,156.152,0,8.008,8519,13165,2.830,1.510,0.750,2,0,0,0,0,11,32,0,46,0
13-04 12:33:48,55.752,7.965,34.596,0,0,1628236,649268,174184,5469204,38802.639,32712.691,0,609.294,0,46.792,12511,18640,2.830,1.510,0.750,6,0,29.867,0,0,11,29,0,46,0
13-04 12:33:49,81.588,14.811,3.515,0,0,1570404,707068,174188,5469232,8823.512,5822.092,0,281.163,0,26.108,5339,3661,2.830,1.510,0.750,3,0,91.378,0,0,11,29,0,46,0
13-04 12:33:50,65.912,8.239,24.967,0.250,0,1644932,632488,174192,5469244,26145.090,22520.929,0,155.792,0,9.987,5453,5811,2.850,1.540,0.760,3,0,1.997,0,0,11,32,0,46,0
13-04 12:33:51,51.221,6.746,39.477,0,0,1645272,631760,174192,5469624,42675.502,38299.014,0,143.917,0,7.995,12301,18826,2.850,1.540,0.760,2,0,0,0,0,11,31,0,47,0
13-04 12:33:52,67.656,16.789,14.784,0,0,1495504,781448,174192,5469700,23876.072,18363.357,0,124.287,0,8.018,8151,10047,2.850,1.540,0.760,4,0,260.601,0,0,11,28,0,50,0
13-04 12:33:53,73.923,11.449,13.192,0,0,1626516,650424,174192,5469716,13069.176,10222.770,0,3241.657,0,164.273,4609,2445,2.850,1.540,0.760,3,0,0,0,0,11,31,0,47,0
13-04 12:33:54,59.117,7.264,33.316,0,0,1638852,637852,174196,5469944,38998.909,34264.572,0,116.229,0,9.018,9216,14774,2.850,1.540,0.760,4,0,0,0,0,11,30,0,48,1
13-04 12:33:55,72.429,16.541,10.275,0,0,1529920,746604,174212,5470108,17035.162,12564.096,0,405.002,0,45.112,6909,7954,2.940,1.580,0.780,5,0,129.320,0,0,11,30,0,49,0
13-04 12:33:56,70.655,9.487,19.723,0,0,1625260,651216,174220,5470140,16564.726,14249.838,0,163.780,0,12.983,4661,3205,2.940,1.580,0.780,1,0,0.999,0,0,11,35,1,49,0
13-04 12:33:57,64.512,14.003,21.004,0,0,1602776,673616,174236,5470204,24792.801,19264.731,0,344.067,0,35.007,7971,9353,2.940,1.580,0.780,5,0,120.023,0,0,11,34,0,50,0
13-04 12:33:58,60.793,8.756,28.520,0.250,0,1602144,674044,174236,5470404,32198.735,27561.460,0,1857.311,0,136.096,8722,10429,2.940,1.580,0.780,5,0,11.008,0,0,11,35,0,51,0
13-04 12:33:59,71.750,14.000,13.750,0,0,1549912,726216,174236,5470464,19818.928,15892.942,0,4.000,0,1.000,7097,8222,2.940,1.580,0.780,5,0,155.999,0,0,11,32,0,54,0
13-04 12:34:00,73.353,13.723,12.475,0,0,1604300,671684,174236,5470608,16429.120,13423.136,0,0,0,0,5026,4337,3.190,1.650,0.800,3,0,68.862,0,0,11,34,0,54,0
13-04 12:34:01,67.604,12.019,20.532,0,0,1633312,642620,174236,5470660,25276.021,20715.981,0,937.447,0,1.002,5833,7079,3.190,1.650,0.800,4,0,68.105,0,0,11,34,0,54,0
13-04 12:34:02,60.009,13.752,25.504,0.250,0,1585192,690668,174244,5470720,18520.832,15356.348,0,476.073,0,38.006,5426,5958,3.190,1.650,0.800,1,0,138.021,0,0,11,34,0,56,0
13-04 12:34:03,51.962,11.492,35.974,0.250,0,1553648,722192,174248,5470736,14195.663,9139.345,0,407.703,0,37.972,4859,4304,3.190,1.650,0.800,4,0,106.922,0,0,11,33,0,58,0
13-04 12:34:04,55.331,8.225,34.894,0.249,0,1651448,624316,174252,5470796,18312.159,13066.156,0,239.270,0,14.954,4634,4761,3.190,1.650,0.800,3,0,12.960,0,0,11,33,0,59,0
13-04 12:34:05,49.532,12.508,37.024,0,0,1571264,704380,174256,5470908,22212.460,17310.269,0,208.135,0,12.008,7196,7588,3.170,1.670,0.820,5,0,96.063,0,0,11,33,0,54,0
13-04 12:34:06,53.495,12.749,32.997,0,0,1549224,726268,174260,5471056,12336.948,9112.223,0,147.987,0,8.999,4427,3258,3.170,1.670,0.820,3,0,85.993,0,0,11,33,0,55,0
13-04 12:34:07,46.532,9.256,43.029,0,0,1560868,714420,174260,5471260,22244.178,17477.926,0,276.188,0,17.012,5677,6257,3.170,1.670,0.820,5,0,86.059,0,0,11,34,0,56,0
13-04 12:34:08,31.003,8.001,60.257,0,0,1534168,741068,174272,5471300,16568.849,12464.391,0,356.040,0,37.004,4626,6010,3.170,1.670,0.820,2,0,67.007,0,0,11,32,0,58,0
13-04 12:34:09,39.228,9.745,49.722,0,0,1513640,761580,174272,5471312,6285.473,3583.989,0,159.910,0,9.994,3415,1961,3.170,1.670,0.820,2,0,68.961,0,0,11,33,0,56,0
13-04 12:34:10,33.962,2.747,61.931,0.499,0,1531964,743232,174276,5471332,17693.429,13710.834,0,635.297,0,35.960,3553,3905,3,1.660,0.820,3,0,0,0,0,11,33,0,57,0
13-04 12:34:11,36.168,12.558,50.484,0,0,1530012,744992,174276,5471524,8113.616,4994.153,0,136.633,0,16.075,4796,4595,3,1.660,0.820,2,0,138.643,0,0,11,32,0,58,0
13-04 12:34:12,33.860,4.979,59.752,0.249,0,1536912,738000,174312,5471576,13565.725,10269.399,0,1983.771,0,129.463,3324,3423,3,1.660,0.820,2,0,0,0,0,11,33,0,59,0
13-04 12:34:13,35.276,9.007,54.541,0,0,1543708,731036,174324,5471728,13228.932,9862.405,0,108.081,0,12.009,4284,4547,3,1.660,0.820,2,0,60.045,0,0,11,32,0,60,0
13-04 12:34:14,37.873,6.772,54.678,0.251,0,1499508,775228,174324,5471736,10742.927,7082.025,0,2600.454,0,127.414,3032,2082,3,1.660,0.820,3,0,5.016,0,0,11,33,0,60,0
13-04 12:34:15,32.973,7.244,58.952,0,0,1478852,795856,174324,5471764,17134.146,13104.404,0,0,0,0,4101,4774,2.920,1.670,0.820,3,0,42.965,0,0,11,33,0,61,0
13-04 12:34:16,36.922,6.237,55.134,0,0,1441224,833448,174332,5471788,12007.687,7997.141,0,267.436,0,24.947,3913,3612,2.920,1.670,0.820,1,0,4.989,0,0,11,33,0,62,0
13-04 12:34:17,33.986,4.248,60.726,0.250,0,1480724,793924,174332,5471812,16699.289,12864.830,0,115.953,0,6.997,3849,4089,2.920,1.670,0.820,0,0,0,0,0,11,34,0,62,0
13-04 12:34:18,27.328,15.544,55.658,0.251,0,1456716,817820,174340,5471912,17568.979,11074.504,0,413.175,0,37.106,6411,7015,2.920,1.670,0.820,2,0,264.753,0,0,11,32,0,57,1
13-04 12:34:19,21.685,4.736,72.284,0,0,1449508,825020,174348,5471912,6634.158,1573.294,0,251.249,0,12.961,2207,1693,2.920,1.670,0.820,1,0,18.943,0,0,11,32,0,58,0
13-04 12:34:20,17.261,2.001,79.550,0,0,1464988,809396,174352,5472052,12126.578,8416.259,0,112.070,0,8.005,2346,2359,2.760,1.660,0.830,0,0,0,0,0,11,33,0,58,0
13-04 12:34:21,13.511,9.008,75.814,0.250,0,1422452,851908,174356,5472072,10488.814,5566.678,0,288.242,0,24.020,4212,4317,2.760,1.660,0.830,1,0,137.115,0,0,11,32,0,59,0
13-04 12:34:22,16.231,11.986,70.666,0,0,1413840,860516,174356,5472076,4300.863,1564.132,0,159.809,0,11.986,3303,2245,2.760,1.660,0.830,1,0,146.825,0,0,11,32,0,56,0
13-04 12:34:23,18.003,2.500,78.512,0.250,0,1430508,843840,174356,5472084,9772.489,6719.024,0,340.052,0,20.003,1954,1602,2.760,1.660,0.830,1,0,0,0,0,11,33,0,56,0
13-04 12:34:24,17.502,5.251,75.509,0,0,1342752,931568,174356,5472108,10875.279,7192.846,0,244.029,0,43.005,3765,4062,2.760,1.660,0.830,1,0,46.005,0,0,11,32,0,57,0
13-04 12:34:25,20.245,3.499,75.233,0,0,1391576,882740,174356,5472108,6259.563,3531.189,0,95.978,0,6.998,1777,1304,2.620,1.640,0.830,0,0,0,0,0,11,33,0,57,0
13-04 12:34:26,16.751,2.500,79.504,0.250,0,1399608,874676,174356,5472140,14153.777,10240.562,0,592.033,0,42.002,3247,4241,2.620,1.640,0.830,0,0,0,0,0,11,33,0,54,0
13-04 12:34:27,15.799,9.028,73.226,0,0,1377176,897004,174356,5472244,9186.319,5011.449,0,112.346,0,13.040,4187,4065,2.620,1.640,0.830,2,0,115.356,0,0,11,32,0,54,0
13-04 12:34:28,7.989,21.721,67.908,0,0,1367440,906652,174356,5472332,5170.992,1456.027,0,0,0,0,5221,3446,2.620,1.640,0.830,2,0,324.560,0,0,11,32,0,54,0
13-04 12:34:29,33.975,15.489,48.964,0,0,1474156,799848,174372,5472392,4948.363,1510.890,0,775.430,0,35.974,4243,3070,2.620,1.640,0.830,2,0,186.863,0,0,11,32,0,56,0
13-04 12:34:30,42.079,6.763,47.339,3.006,0,1538356,731876,174736,5475496,4855.139,1568.953,0,7938.943,0,639.203,5921,7648,2.570,1.650,0.830,1,0,38.072,0,0,11,36,0,51,0
13-04 12:34:31,35.240,8.747,41.738,11.747,0,1506504,757960,175760,5479900,4487.708,1511.565,0,41831.960,0,3555.977,14660,28228,2.570,1.650,0.830,3,0,99.971,0,0,11,36,0,51,0
13-04 12:34:32,37.525,8.756,40.777,10.757,0,1537028,726220,176240,5480560,4909.280,1567.047,0,31989.373,0,2937.963,13124,24169,2.570,1.650,0.830,2,1,35.023,0,0,11,36,0,51,0
13-04 12:34:33,44.323,6.972,48.058,0.249,0.249,1529160,734044,176264,5480580,4992.042,1505.979,0,3924.310,0,219.124,3375,2510,2.570,1.650,0.830,2,0,5.976,0,0,11,32,0,51,0
13-04 12:34:34,38.070,8.265,43.580,7.514,0.250,1562524,700088,176476,5480944,5526.109,1568.870,0,18301.480,0,2299.206,13497,23342,2.570,1.650,0.830,2,1,3.005,0,0,11,34,0,47,0
13-04 12:34:35,33.168,9.477,54.116,2.743,0,1501744,760596,176588,5481100,5045.547,1454.410,0,6707.446,0,797.033,6541,8384,2.450,1.640,0.830,1,0,98.756,0,0,11,32,0,47,0
13-04 12:34:36,21.283,4.507,72.862,0.501,0,1552504,709828,176596,5481100,5485.436,1622.495,0,612.943,0,30.046,1980,1486,2.450,1.640,0.830,2,0,2.003,0,0,11,32,0,47,0
13-04 12:34:37,22.983,3.747,70.697,0.749,0,1485428,776820,176660,5481120,5935.527,1618.780,0,6770.897,0,366.724,2689,3008,2.450,1.640,0.830,2,0,0.999,0,0,11,32,0,47,0
13-04 12:34:38,21.499,4.000,73.746,0,0,1506240,756008,176660,5481120,5399.715,1619.915,0,27.999,0,4.000,1830,1181,2.450,1.640,0.830,1,0,2.000,0,0,11,32,0,46,0
13-04 12:34:39,22.752,3.250,73.255,0,0,1456840,805396,176660,5481132,4712.327,1512.105,0,0,0,0,1792,1206,2.450,1.640,0.830,1,0,2.000,0,0,11,32,0,46,0
13-04 12:34:40,22.240,4.248,73.467,0,0,1494452,767784,176660,5481132,5217.668,1619.276,0,0,0,0,1787,1218,2.330,1.630,0.830,1,0,1.999,0,0,11,32,0,46,0
13-04 12:34:41,27.023,6.505,65.305,0,0,1452984,809140,176668,5481208,5311.434,1621.354,0,4.003,0,1.001,3390,9750,2.330,1.630,0.830,1,0,37.031,0,0,11,32,0,47,0
13-04 12:34:42,21.814,3.761,73.216,0,0,1509392,752728,176668,5481212,4994.707,1624.784,0,36.106,0,1.003,1888,1286,2.330,1.630,0.830,1,0,2.006,0,0,11,32,0,41,0
13-04 12:34:43,22.935,2.991,73.790,0,0,1477444,784672,176668,5481216,4652.778,1561.563,0,203.422,0,1.994,1728,1083,2.330,1.630,0.830,1,0,0.997,0,0,11,32,0,41,0
13-04 12:34:44,22.493,3.499,72.978,0.250,0,1467836,794136,176676,5481316,4350.665,1511.536,0,579.822,0,38.988,2084,1809,2.330,1.630,0.830,1,0,0,0,0,11,32,0,41,0
13-04 12:34:45,21.507,4.251,73.274,0,0,1504232,757728,176676,5481328,4209.354,1188.382,0,28.009,0,4.001,1884,1367,2.220,1.620,0.840,2,0,1.000,0,0,11,32,0,41,0
13-04 12:34:46,22.757,2.501,73.521,0,0,1525440,736516,176676,5481328,4628.323,1350.386,0,0,0,0,1817,1173,2.220,1.620,0.840,1,0,2.001,0,0,11,32,0,37,0
13-04 12:34:47,22.208,3.992,73.362,0,0,1482960,778960,176684,5481356,5136.333,1563.058,0,15.970,0,2.994,1848,1336,2.220,1.620,0.840,1,0,0.998,0,0,11,32,0,37,0
13-04 12:34:48,22.583,3.262,73.771,0,0,1488980,772912,176684,5481384,4789.616,1517.581,0,0,0,0,1838,1281,2.220,1.620,0.840,1,0,1.004,0,0,11,32,0,37,0
13-04 12:34:49,21.705,4.241,73.099,0,0,1533164,728728,176684,5481384,4670.375,1616.668,0,139.712,0,2.994,1840,1265,2.220,1.620,0.840,1,0,2.994,0,0,11,32,0,37,0
13-04 12:34:50,14.007,14.007,71.035,0,0,1457440,804276,176692,5481532,4400.143,1500.731,0,296.144,0,4.002,4174,2840,2.120,1.610,0.840,1,0,224.109,0,0,11,32,0,37,0
13-04 12:34:51,7.758,22.523,67.568,0,0,1443132,818528,176692,5481548,4581.629,1621.638,0,792.801,0,9.009,5612,4047,2.120,1.610,0.840,1,0,389.393,0,0,11,32,0,37,0
13-04 12:34:52,8.254,20.510,69.034,0,0,1432508,828960,176696,5481724,4340.128,1458.715,0,204.100,0,7.003,4991,3465,2.120,1.610,0.840,1,0,288.141,0,0,11,32,0,37,0
13-04 12:34:53,7.737,21.465,69.386,0,0,1420220,841228,176696,5481744,4778.131,1563.425,0,95.842,0,1.997,5092,3482,2.120,1.610,0.840,1,0,288.525,0,0,11,32,0,37,0
13-04 12:34:54,13.247,14.497,70.236,0,0,1420260,841156,176700,5481764,4890.992,1511.689,0,563.884,0,36.992,4094,3079,2.120,1.610,0.840,1,0,178.963,0,0,11,32,0,37,0
13-04 12:34:55,22.254,3.501,73.513,0,0,1480124,781324,176700,5481748,3288.568,648.112,0,1932.334,0,206.036,1844,1366,2.030,1.600,0.840,1,0,2.000,0,0,11,32,0,31,0
13-04 12:34:56,22.751,3.750,73.252,0,0,1462456,798972,176700,5481768,4785.155,1458.047,0,612.020,0,115.004,1838,1260,2.030,1.600,0.840,1,0,1.000,0,0,11,32,0,31,0
13-04 12:34:57,21.250,4.000,73.498,0,0,1538972,722476,176700,5481748,4619.904,1619.966,0,0,0,0,1794,1204,2.030,1.600,0.840,3,0,2.000,0,0,11,32,0,31,0
13-04 12:34:58,22.052,3.258,73.673,0,0,1517028,744400,176700,5481768,4662.973,1515.566,0,28.066,0,3.007,1797,1246,2.030,1.600,0.840,3,0,1.002,0,0,11,32,0,31,0
13-04 12:34:59,22.168,4.483,71.734,0.747,0,1530092,731336,176712,5481756,4483.388,1614.020,0,4854.015,0,229.151,2403,2308,2.030,1.600,0.840,1,0,2.989,0,0,11,32,0,27,0
13-04 12:35:00,23.324,4.013,72.480,0,0,1495944,765432,176716,5481776,4861.450,1570.993,0,264.842,0,7.022,1923,1266,1.950,1.590,0.840,1,0,7.022,0,0,11,32,0,27,0
13-04 12:35:01,21.274,3.754,73.834,0,0,1541776,719620,176716,5481756,4794.440,1513.718,0,0,0,0,1875,1282,1.950,1.590,0.840,1,0,2.002,0,0,11,32,0,27,0
13-04 12:35:02,23.183,3.739,72.789,0,0,1491296,770076,176716,5481776,4831.963,1561.464,0,107.687,0,3.988,1933,1319,1.950,1.590,0.840,2,0,3.988,0,0,11,32,0,27,0
13-04 12:35:03,21.752,4.000,73.507,0,0,1522992,738392,176716,5481764,5852.548,1512.142,0,0,0,0,1810,1211,1.950,1.590,0.840,2,0,2.000,0,0,11,32,0,20,0
13-04 12:35:04,22.804,3.258,73.423,0.251,0,1516672,744692,176716,5481784,5639.301,1569.702,0,441.040,0,32.076,1956,1563,1.950,1.590,0.840,2,0,1.002,0,0,11,32,0,20,0
13-04 12:35:05,20.949,4.489,73.073,0,0,1565184,696204,176716,5481756,5598.411,1508.339,0,1843.525,0,9.976,1843,1244,1.870,1.580,0.840,1,0,1.995,0,0,11,32,0,20,0
13-04 12:35:06,23.284,3.004,73.107,0,0,1536912,724448,176716,5481784,4721.905,1460.135,0,472.691,0,72.105,1727,1040,1.870,1.580,0.840,1,0,1.001,0,0,11,32,0,20,0
13-04 12:35:07,21.971,3.246,73.901,0,0,1575076,686368,176716,5481700,4438.073,1402.127,0,0,0,0,1782,1241,1.870,1.580,0.840,1,0,0,0,0,11,32,0,16,0
13-04 12:35:08,22.814,2.507,73.958,0,0,1570204,691240,176716,5481700,3724.474,1137.198,0,88.248,0,1.003,1704,1076,1.870,1.580,0.840,2,0,2.006,0,0,11,32,0,16,0
13-04 12:35:09,21.686,3.739,73.532,0,0,1444100,817268,176716,5481776,3551.488,969.132,0,3.988,0,0.997,1926,1393,1.870,1.580,0.840,1,0,1.994,0,0,11,32,0,16,0
13-04 12:35:10,22.001,3.750,73.252,0,0,1420860,840516,176716,5481768,3668.094,1188.030,0,60.002,0,2.000,1810,1285,1.800,1.570,0.840,2,0,1.000,0,0,11,32,0,16,0
13-04 12:35:11,21.737,3.748,73.456,0,0,1464456,796920,176716,5481768,4440.354,1565.067,0,99.940,0,3.998,1807,1186,1.800,1.570,0.840,1,0,1.999,0,0,11,32,0,11,0
13-04 12:35:12,22.257,4.251,73.272,0,0,1481768,779580,176716,5481796,4753.427,1512.454,0,0,0,0,1861,1255,1.800,1.570,0.840,1,0,1.000,0,0,11,32,0,11,0
13-04 12:35:13,21.746,3.749,73.737,0,0,1495820,765500,176716,5481824,4919.112,1619.708,0,59.989,0,2.000,1748,1159,1.800,1.570,0.840,1,0,1.000,0,0,11,32,0,11,0
13-04 12:35:14,22.966,3.495,72.643,0,0,1510556,750760,176724,5481820,5092.480,1659.549,0,499.263,0,34.948,2058,1693,1.800,1.570,0.840,3,0,1.997,0,0,11,32,0,11,0
13-04 12:35:15,18.332,8.538,72.071,0.251,0,1475836,785436,176724,5481864,4821.444,1627.237,0,152.679,0,9.040,2801,1824,1.740,1.560,0.840,2,0,97.433,0,0,11,32,0,9,0
13-04 12:35:16,8.746,22.239,67.717,0,0,1463008,798248,176724,5481880,5312.378,1457.281,0,191.905,0,7.996,5473,3813,1.740,1.560,0.840,1,0,356.824,0,0,11,32,0,9,0
13-04 12:35:17,20.209,5.489,73.351,0,0,1486676,774560,176724,5481900,5448.927,1616.715,0,155.684,0,34.929,1868,1356,1.740,1.560,0.840,1,0,5.988,0,0,11,32,0,9,0
13-04 12:35:18,22.751,2.500,73.753,0,0,1477944,783108,176724,5482084,5130.196,810.031,0,0,0,0,1680,960,1.740,1.560,0.840,1,0,8.000,0,0,11,32,0,9,0
13-04 12:35:19,21.054,5.013,73.188,0,0,1489460,771528,176724,5482140,4559.736,649.672,0,0,0,0,1867,1354,1.740,1.560,0.840,1,0,2.005,0,0,11,32,0,5,0
13-04 12:35:20,18.980,9.490,70.174,0,0,1420796,840072,176724,5482260,7312.123,1660.211,39.957,267.712,1.998,4.995,2856,1912,1.680,1.550,0.840,1,0,139.849,0,0,11,32,0,5,0
13-04 12:35:21,7.989,21.221,68.907,0,0,1412084,848756,176724,5482288,5547.525,1456.038,0,119.839,0,4.993,5322,3669,1.680,1.550,0.840,2,0,324.563,0,0,11,32,0,5,0
13-04 12:35:22,8.265,21.287,68.370,0,0,1398004,862812,176724,5482312,5247.210,1460.563,0,84.148,0,3.005,5216,3467,1.680,1.550,0.840,1,0,303.533,0,0,11,32,0,5,0
13-04 12:35:23,7.749,22.747,68.240,0,0,1397988,862804,176724,5482332,5159.228,1619.758,0,223.966,0,5.999,5467,3795,1.680,1.550,0.840,2,0,348.948,0,0,11,32,0,4,0
13-04 12:35:24,8.496,21.990,67.470,0.500,0,1392688,868076,176724,5482348,4575.993,1457.361,0,895.607,0,36.984,5490,4159,1.680,1.550,0.840,2,0,321.859,0,0,11,32,0,4,0
13-04 12:35:25,8.257,21.268,68.056,0,0,1378116,882620,176724,5482368,4343.599,1459.209,0,1092.906,0,57.047,5319,3594,1.550,1.520,0.840,1,0,325.269,0,0,11,32,0,4,0
13-04 12:35:26,8.739,21.971,67.662,0,0,1376240,884484,176724,5482380,5188.215,1456.096,0,739.033,0,8.988,5362,3630,1.550,1.520,0.840,1,0,324.576,0,0,11,32,0,4,0
13-04 12:35:27,8.755,22.514,67.292,0,0,1373212,887496,176724,5482396,5047.149,1715.070,0,828.517,0,9.006,5308,3601,1.550,1.520,0.840,1,0,327.204,0,0,11,32,0,3,0
13-04 12:35:28,7.486,21.461,68.874,0,0,1366596,894092,176724,5482416,4851.094,1617.031,0,459.157,0,4.991,4954,3336,1.550,1.520,0.840,1,0,282.481,0,0,11,32,0,3,0
13-04 12:35:29,8.020,21.052,69.172,0,0,1356500,904168,176724,5482436,4631.545,1624.048,0,144.360,0,6.015,5021,3442,1.550,1.520,0.840,2,0,292.730,0,0,11,32,0,3,0
13-04 12:35:30,6.993,20.728,69.427,0,0,1353096,907552,176724,5482456,4495.285,1618.303,0,207.782,0,6.993,5087,3413,1.500,1.510,0.840,1,0,285.700,0,0,11,32,0,3,0
13-04 12:35:31,8.258,22.271,68.563,0,0,1356188,904436,176724,5482480,4581.233,1621.498,0,236.218,0,9.008,5514,3900,1.500,1.510,0.840,1,0,361.334,0,0,11,32,0,1,0
13-04 12:35:32,8.004,21.760,68.531,0,0,1355252,905352,176724,5482500,5102.300,1620.730,0,48.022,0,12.005,5724,4061,1.500,1.510,0.840,1,0,396.179,0,0,11,32,0,1,0
13-04 12:35:33,10.505,21.260,67.031,0,0,1326356,934224,176740,5482536,5300.436,1458.670,0,16.007,0,4.002,5306,3994,1.500,1.510,0.840,2,0,361.166,0,0,11,32,0,1,0
13-04 12:35:34,32.227,33.476,32.976,0,0,1410212,850332,176760,5482552,5515.987,1618.822,0,1151.162,0,66.951,6940,6371,1.500,1.510,0.840,3,0,672.511,0,0,11,32,0,7,0
13-04 12:35:35,63.265,12.205,24.160,0,0,1595004,664692,176844,5483252,5039.318,1452.615,0,3.985,0,0.996,3826,1633,1.620,1.540,0.850,4,0,1.993,0,0,11,32,0,7,0
13-04 12:35:36,45.456,9.543,33.150,10.548,0,1637720,609700,177712,5493468,5562.211,1627.376,373.694,40901.385,3.014,3048.819,14956,26679,1.620,1.540,0.850,3,0,99.451,0,0,11,38,0,9,0
13-04 12:35:37,36.489,12.496,34.989,13.496,0,1672748,564052,178496,5502920,5416.296,1457.542,0,67378.807,0,4990.430,18725,37285,1.620,1.540,0.850,3,0,146.954,0,0,11,36,0,9,0
13-04 12:35:38,38.009,10.753,33.758,14.253,0,1699496,528724,178740,5510968,10269.508,6719.641,0,83196.315,0,6250.526,20232,40897,1.620,1.540,0.850,5,2,42.010,0,0,11,37,0,9,0
13-04 12:35:39,43.231,9.246,32.236,12.744,0,1568404,652388,179084,5517768,8994.043,5755.468,0,45991.763,0,3848.307,17059,31288,1.620,1.540,0.850,5,2,101.955,0,0,11,34,0,10,0
13-04 12:35:40,38.998,23.999,24.749,10.000,0.250,1572100,642548,179540,5523216,4679.776,1619.922,295.986,50913.563,4.000,3607.827,16859,29730,1.730,1.560,0.860,6,1,326.984,0,0,11,34,0,10,0
13-04 12:35:41,42.756,22.253,25.004,7.251,0,1621188,586640,179948,5529496,12322.845,8364.252,1600.240,44623.681,27.004,3263.489,17238,39365,1.730,1.560,0.860,5,1,249.037,0,0,11,35,0,11,0
13-04 12:35:42,27.991,9.997,47.734,11.496,0,1616012,589044,180156,5531804,16134.715,12261.983,0,45005.258,0,3767.766,17972,34250,1.730,1.560,0.860,4,0,113.963,0,0,11,35,0,11,0
13-04 12:35:43,31.938,9.981,42.168,12.476,0,1544660,658980,180248,5533068,6830.755,3758.712,0,45320.124,0,4104.042,15744,29737,1.730,1.560,0.860,2,1,65.872,0,0,11,34,0,11,0
13-04 12:35:44,33.056,7.763,43.824,12.020,0,1582248,621128,180420,5533160,9967.935,6663.320,0,41682.816,0,3505.956,13927,26408,1.730,1.560,0.860,1,1,21.036,0,0,11,35,0,10,0
13-04 12:35:45,29.273,7.506,47.287,12.510,0,1578792,623792,180624,5533688,13785.696,10224.933,0,38077.542,0,3471.694,16638,31511,1.910,1.600,0.880,2,0,33.026,0,0,11,35,0,10,0
13-04 12:35:46,31.432,9.978,45.402,11.226,0,1546564,653880,180800,5535608,11687.763,8066.582,0,41530.325,0,3622.179,16667,31093,1.910,1.600,0.880,2,0,106.769,0,0,11,36,0,11,0
13-04 12:35:47,37.485,7.997,38.735,11.995,0,1601396,596480,180884,5538040,4899.102,1861.279,0,35870.101,0,3329.710,13976,27452,1.910,1.600,0.880,2,0,59.977,0,0,11,36,1,11,0
13-04 12:35:48,28.825,8.522,49.378,10.026,0,1596116,598228,180936,5541432,14183.828,10903.310,0,58363.538,0,4827.534,17865,36248,1.910,1.600,0.880,1,1,51.133,0,0,11,37,0,11,0
13-04 12:35:49,28.986,8.246,48.726,10.495,0,1587516,603852,181076,5544180,13777.210,10418.866,0,62305.296,0,4946.562,20154,39413,1.910,1.600,0.880,5,0,66.967,0,0,11,36,0,11,0
13-04 12:35:50,35.669,10.975,40.907,9.728,0,1556132,631840,181164,5547400,3078.975,604.621,0,44626.186,0,4067.720,17265,32943,2,1.630,0.890,4,1,122.720,0,0,11,36,0,11,0
13-04 12:35:51,33.315,7.515,46.090,9.018,0,1569080,619576,181252,5546576,10725.847,7886.328,0,48366.004,0,4338.432,17790,33943,2,1.630,0.890,3,1,24.047,0,0,11,37,0,11,0
13-04 12:35:52,30.281,8.509,49.301,9.760,0,1564276,626992,181284,5543940,15095.649,11247.660,0,63185.501,0,5060.246,21532,41397,2,1.630,0.890,5,0,30.031,0,0,11,37,0,11,0
13-04 12:35:53,35.236,14.744,46.231,2.749,0,1428480,762908,181288,5543812,7528.936,4238.275,0,14773.987,0,1103.551,7800,10425,2,1.630,0.890,3,0,176.928,0,0,11,32,0,14,0
13-04 12:35:54,19.191,7.975,71.280,0.249,0,1429112,762232,181288,5543856,10026.102,6577.729,0,2233.118,0,185.429,2984,2450,2,1.630,0.890,1,0,98.696,0,0,11,33,0,14,0
13-04 12:35:55,18.805,5.015,73.967,0.752,0,1369984,821096,181292,5544116,8817.826,5514.150,0,5708.720,0,344.008,3955,4601,1.920,1.620,0.890,1,0,34.100,0,0,11,32,0,15,0
13-04 12:35:56,21.920,3.487,73.482,0,0,1406516,784556,181292,5544124,4877.196,1452.697,0,3.985,0,0.996,1712,1126,1.920,1.620,0.890,1,0,0,0,0,11,32,0,15,0
13-04 12:35:57,15.761,2.252,80.806,0.250,0,1414724,776252,181292,5544220,12025.267,8389.768,0,240.165,0,25.017,2526,2736,1.920,1.620,0.890,1,0,0,0,0,11,32,0,16,0
13-04 12:35:58,18.249,7.749,73.245,0,0,1440592,750384,181292,5544220,4717.647,1577.882,0,0,0,0,2519,1671,1.920,1.620,0.890,1,0,59.996,0,0,11,32,0,16,0
13-04 12:35:59,17.528,2.754,78.124,0,0,1454392,736580,181292,5544224,10879.328,7356.717,0,4.006,0,1.002,2326,2111,1.920,1.620,0.890,1,0,1.002,0,0,11,33,0,16,0
13-04 12:36:00,17.274,7.010,74.603,0,0,1453372,737416,181292,5544380,9909.684,6400.839,0,0,0,0,3203,3183,1.770,1.590,0.890,1,0,49.068,0,0,11,32,0,17,0
13-04 12:36:01,18.954,2.494,77.563,0,0,1448420,742368,181292,5544380,7291.457,3907.598,0,287.309,0,36.911,1856,1496,1.770,1.590,0.890,3,0,0,0,0,11,33,0,17,0
13-04 12:36:02,17.226,3.246,77.144,0.749,0,1443160,747472,181292,5544536,14165.482,10198.947,0,7190.093,0,361.502,4125,5579,1.770,1.590,0.890,2,0,0,0,0,11,32,0,18,0
13-04 12:36:03,11.047,18.830,68.792,0.502,0,1396400,794116,181292,5544652,5613.847,1626.911,0,964.095,0,48.205,4990,3558,1.770,1.590,0.890,1,0,287.220,0,0,11,32,0,18,0
13-04 12:36:04,11.501,26.001,61.254,0,0.250,1393656,796780,181304,5544720,5470.314,1620.093,0,544.031,0,35.002,6104,4572,1.770,1.590,0.890,4,0,485.028,0,0,11,32,0,20,0
13-04 12:36:05,60.998,13.750,25.249,0,0,1524508,665548,181316,5545088,5219.864,1619.958,0,1819.953,0,99.997,4318,2660,1.790,1.600,0.890,4,0,28.999,0,0,11,32,0,24,0
13-04 12:36:06,64.253,10.751,24.001,0,0,1681548,505556,181424,5547768,4975.268,1458.079,0,7000.377,0,133.007,3980,1884,1.790,1.600,0.890,3,0,0,0,0,11,32,0,24,0
13-04 12:36:07,61.973,8.496,26.988,2.749,0,1788328,393444,181580,5552348,5167.744,1619.293,0,11147.134,0,610.733,5857,5811,1.790,1.600,0.890,2,0,29.987,0,0,11,38,0,24,0
13-04 12:36:08,28.187,7.733,44.401,14.218,0,1788344,379848,181716,5565396,4567.852,1454.768,0,87369.901,0,6450.669,24421,47950,1.790,1.600,0.890,0,1,239.468,0,0,11,38,0,24,0
13-04 12:36:09,24.805,9.020,48.107,15.284,0,1788132,370032,181784,5574976,4768.638,1461.260,0,95128.208,0,7201.064,25235,49619,1.790,1.600,0.890,0,1,205.458,0,0,11,38,0,24,0
13-04 12:36:10,39.239,7.998,34.740,14.496,0.250,1716804,433228,181852,5582808,4678.659,1619.536,0,83340.115,0,6209.220,21470,43149,1.960,1.640,0.910,1,1,167.952,0,0,11,38,0,24,0
13-04 12:36:11,37.007,13.753,34.006,12.252,0,1757276,384396,181928,5590772,4703.871,1458.270,0,71717.286,0,5086.942,18977,38048,1.960,1.640,0.910,4,0,184.034,0,0,11,36,0,24,0
13-04 12:36:12,40.705,9.739,35.211,11.737,0,1803632,325960,181984,5602336,5102.379,1456.396,0,85150.203,0,5530.907,17630,37567,1.960,1.640,0.910,3,1,0,0,0,11,36,0,24,0
13-04 12:36:13,35.807,11.268,35.055,14.523,0,1756248,368364,181996,5607108,4897.745,1622.566,0,83027.297,0,5896.324,21387,41853,1.960,1.640,0.910,3,0,124.196,0,0,11,36,0,24,0
13-04 12:36:14,32.489,7.498,45.485,12.496,0,1744456,375540,182004,5611548,4666.465,1499.507,0,60196.193,0,4419.546,17672,33392,1.960,1.640,0.910,2,0,96.968,0,0,11,36,0,24,0
13-04 12:36:15,19.691,16.700,60.818,1.496,0,1465348,654604,182004,5611592,4394.877,1453.660,0,8769.814,0,501.503,5559,5169,1.970,1.640,0.920,1,0,248.259,0,0,11,32,0,24,0
13-04 12:36:16,21.497,3.999,73.238,0.250,0,1485304,634640,182004,5611596,5024.205,1457.769,0,1463.768,0,72.988,1979,1652,1.970,1.640,0.920,1,0,1.000,0,0,11,32,0,24,0
13-04 12:36:17,22.515,3.502,72.049,0.751,0,1544268,575672,182004,5611600,5163.539,1621.111,0,4831.311,0,252.173,2297,2169,1.970,1.640,0.920,2,0,2.001,0,0,11,32,0,24,0
13-04 12:36:18,23.236,3.248,72.957,0,0,1468528,651408,182004,5611604,6502.171,1619.046,0,163.903,0,15.991,2338,1832,1.970,1.640,0.920,2,0,10.994,0,0,11,32,0,24,0
13-04 12:36:19,20.723,4.994,73.656,0,0,1494348,625584,182004,5611608,6377.833,1617.928,0,0,0,0,2009,1404,1.970,1.640,0.920,2,0,17.977,0,0,11,32,0,24,0
13-04 12:36:20,22.527,3.504,73.840,0,0,1553972,565960,182004,5611608,6523.923,1621.970,0,40.049,0,4.005,1702,1183,1.890,1.630,0.920,1,0,2.002,0,0,11,32,0,24,0
13-04 12:36:21,20.069,8.529,69.991,0.251,0,1499736,620184,182004,5611616,5521.990,1625.590,0,565.946,0,47.162,3163,2494,1.890,1.630,0.920,3,0,130.449,0,0,11,32,0,24,0
13-04 12:36:22,12.467,40.143,45.379,0,0,1482048,637808,182004,5611680,4984.706,1454.122,0,231.383,0,13.963,7869,7177,1.890,1.630,0.920,1,0,1050.199,0,0,11,32,0,24,0
13-04 12:36:23,7.251,23.004,68.511,0.250,0,1477484,642360,182004,5611692,4860.811,1620.270,0,316.053,0,23.004,5398,3657,1.890,1.630,0.920,1,0,347.058,0,0,11,32,0,24,0
13-04 12:36:24,8.011,21.531,68.348,0.250,0,1461668,658112,182004,5611756,4404.312,1460.093,0,176.253,0,9.013,5100,3456,1.890,1.630,0.920,1,0,312.448,0,0,11,32,0,24,0
13-04 12:36:25,7.747,19.993,70.227,0,0,1459248,660508,182004,5611780,4682.443,1403.533,0,355.882,0,78.974,4927,3250,1.900,1.640,0.920,1,0,243.919,0,0,11,32,0,24,0
13-04 12:36:26,8.511,21.278,68.088,0,0,1430616,689100,182004,5611808,4651.020,1231.594,0,28.036,0,7.009,5529,3894,1.900,1.640,0.920,1,0,315.408,0,0,11,32,0,24,0
13-04 12:36:27,15.985,18.233,63.939,0,0,1422784,696876,182004,5612176,5205.049,1658.423,0,15.985,0,3.996,6613,7672,1.900,1.640,0.920,1,0,247.764,0,0,11,32,0,24,0
13-04 12:36:28,36.902,13.215,48.123,0,0,1502840,616816,182016,5612292,4879.106,1508.015,0,47.873,0,2.992,3781,2502,1.900,1.640,0.920,2,0,130.655,0,0,11,33,0,24,0
13-04 12:36:29,41.994,8.999,48.494,0,0,1595600,523940,182016,5612400,5085.324,1565.792,0,187.975,0,3.000,2862,1379,1.900,1.640,0.920,3,0,1.000,0,0,11,33,0,24,0
13-04 12:36:30,44.249,7.500,47.749,0,0,1641116,477376,182072,5613388,4559.898,1619.964,4.000,1283.971,1.000,129.997,4018,3204,1.910,1.640,0.930,2,0,19.000,0,0,11,49,0,24,0
13-04 12:36:31,26.040,15.774,56.336,0.501,0,1665004,449980,182092,5616492,4612.023,1460.224,0,3152.801,0,256.390,8289,9868,1.910,1.640,0.930,2,0,170.259,0,0,11,48,0,24,0
13-04 12:36:32,14.985,20.479,62.687,0,0,1656988,457900,182092,5616940,4947.047,1510.488,0,823.176,0,76.923,6635,7509,1.910,1.640,0.930,1,0,292.707,0,0,11,48,0,24,0
13-04 12:36:33,6.747,2.999,88.707,0,0,1663836,451068,182092,5616512,5385.413,1565.248,0,87.958,0,5.997,1635,1673,1.910,1.640,0.930,0,0,27.987,0,0,11,48,0,24,0
13-04 12:36:34,0.500,0.750,97.512,0,0,1663836,451068,182092,5616512,5220.623,1620.193,0,28.003,0,4.000,765,1010,1.910,1.640,0.930,1,0,3.000,0,0,11,48,0,24,0
13-04 12:36:35,0.750,0.500,98.276,0,0,1663572,451332,182092,5616512,4981.310,1620.426,0,4.001,0,1.000,712,941,1.750,1.620,0.920,0,0,3.001,0,0,11,48,0,24,0
13-04 12:36:36,0.500,0.500,98.530,0,0,1662408,452492,182092,5616516,6018.809,1620.487,0,0,0,0,722,937,1.750,1.620,0.920,0,0,1.000,0,0,11,48,0,24,0
13-04 12:36:37,5.266,8.024,86.011,0,0,1600480,514280,182092,5616644,5594.956,1516.596,0,1805.472,0,14.043,2813,2562,1.750,1.620,0.920,2,0,128.389,0,0,11,48,0,16,0
13-04 12:36:38,17.694,17.196,63.300,0,0,1626664,488028,182092,5616644,5514.549,1561.060,0,3.987,0,0.997,5097,7003,1.750,1.620,0.920,1,0,221.300,0,0,11,48,0,16,0
13-04 12:36:39,10.752,19.254,68.013,0,0,1651800,462712,182092,5616816,4798.915,1512.288,0,180.034,0,2.000,5201,4163,1.750,1.620,0.920,2,0,283.054,0,0,12,48,0,16,0
13-04 12:36:40,18.544,18.795,61.396,0.501,0,1659904,454560,182092,5617276,5262.517,1429.400,0,328.782,0,32.076,6243,7604,1.690,1.610,0.920,1,0,234.558,0,0,12,64,0,16,0
13-04 12:36:41,9.998,12.248,75.738,0,0,1670144,444316,182092,5617444,4820.263,1403.785,0,799.878,0,45.993,4217,5767,1.690,1.610,0.920,2,0,221.966,0,0,12,64,0,15,0
13-04 12:36:42,13.254,19.006,65.769,0,0,1658248,456188,182092,5617296,5623.660,1512.446,0,380.112,0,8.002,5553,7820,1.690,1.610,0.920,1,0,204.060,0,0,14,64,0,16,0
13-04 12:36:43,15.983,13.486,68.928,0,0,1647664,466724,182092,5616888,4513.270,1456.474,0,55.941,0,5.994,4864,4980,1.690,1.610,0.920,1,0,169.822,0,0,14,66,0,16,0
13-04 12:36:44,7.986,20.713,69.626,0,0,1647704,466656,182092,5616912,5027.036,1605.138,0,15.972,0,3.993,5096,3373,1.690,1.610,0.920,1,0,273.512,0,0,14,66,0,16,0
13-04 12:36:45,8.763,20.781,68.102,0,0,1641824,472512,182092,5616936,4598.896,1598.397,0,24.036,0,6.009,5149,3485,1.640,1.600,0.920,1,0,269.404,0,0,14,66,0,15,0
13-04 12:36:46,16.768,16.768,64.069,0,0,1669112,445212,182092,5616948,5006.365,1405.506,0,4833.179,0,356.382,6343,7949,1.640,1.600,0.920,1,0,207.222,0,0,14,66,0,15,0
13-04 12:36:47,26.520,25.269,46.786,0,0,1726596,387676,182100,5616992,4049.113,1026.789,0,380.292,0,9.007,6318,5065,1.640,1.600,0.920,2,0,446.343,0,0,14,66,0,15,0
13-04 12:36:48,28.879,26.140,44.065,0,0,1785468,327884,182160,5617808,4825.724,1559.448,0,183.230,0,1.992,6503,6401,1.640,1.600,0.920,3,0,452.100,0,0,14,66,0,15,0
13-04 12:36:49,27.613,26.860,43.930,0,0,1891748,220808,182184,5618488,4624.911,1572.429,0,56.230,0,11.045,6054,5252,1.640,1.600,0.920,2,0,404.655,0,0,14,70,0,16,0
13-04 12:36:50,33.107,22.901,43.064,0,0,1959572,152808,182184,5619000,4659.896,1702.654,0,27.880,0,6.970,6046,5584,1.670,1.600,0.930,2,0,320.617,0,0,14,70,0,16,0
13-04 12:36:51,38.415,21.342,39.671,0,0,1940652,186124,179860,5607072,5139.112,1627.000,4.017,0,1.004,0,5807,6171,1.670,1.600,0.930,3,0,271.167,0,0,14,70,0,16,0
13-04 12:36:52,52.256,28.253,19.002,0.250,0,2067520,183164,174344,5491972,5026.547,1566.171,180.020,1784.194,3.000,20.002,6548,6506,1.670,1.600,0.930,4,0,420.046,0,0,14,70,0,16,0
13-04 12:36:53,64.006,21.502,14.501,0,0,2150664,154804,173656,5438652,5400.510,1620.153,132.012,184.017,10.001,10.001,5199,4602,1.670,1.600,0.930,5,0,293.028,0,0,14,70,0,13,0
13-04 12:36:54,69.750,27.000,2.250,0.750,0,2301732,174048,173428,5272664,4859.987,1619.996,803.998,2335.994,77.000,53.000,6135,7029,1.670,1.600,0.930,4,0,447.999,0,0,14,74,0,13,0
13-04 12:36:55,64.218,23.988,7.246,3.998,0,2422252,119836,173148,5208152,4793.607,1565.219,67.966,29593.225,8.996,2004.999,12901,24254,1.850,1.640,0.950,7,0,262.869,0,0,14,74,0,13,0
13-04 12:36:56,64.211,26.484,5.996,1.999,0,2526428,213884,172920,5014176,4874.055,1619.022,555.664,13635.760,13.992,1095.338,11092,18424,1.850,1.640,0.950,6,0,402.757,0,0,14,80,0,15,0
13-04 12:36:57,67.901,21.064,9.169,0.248,0,2606580,146128,172924,5002108,5206.062,1540.408,793.003,1316.384,25.773,72.361,8999,16385,1.850,1.640,0.950,7,0,248.805,0,0,14,91,0,19,0
13-04 12:36:58,53.227,26.487,19.676,0.505,0,2747716,137136,172932,4873084,5010.927,1580.168,48.434,1335.978,6.054,54.489,7946,9419,1.850,1.640,0.950,9,0,538.831,0,0,14,93,0,20,0
13-04 12:36:59,34.659,25.433,38.399,0,0,2823024,129120,172936,4807532,4819.315,1508.031,3.989,945.511,0.997,48.871,6725,8136,1.850,1.640,0.950,2,0,382.992,0,0,14,93,0,20,0
13-04 12:37:00,50.358,19.041,30.816,0.251,0,2901144,186040,172944,4675184,5096.899,1659.549,2978.369,649.389,32.069,33.071,6081,9421,1.870,1.650,0.950,3,0,204.437,0,0,14,94,0,21,0
13-04 12:37:01,48.408,7.486,42.919,0.250,0,3033464,122688,172964,4608116,4959.620,1509.146,0,3337.688,0,166.685,3731,2804,1.870,1.650,0.950,2,0,5.989,0,0,14,98,0,23,0
13-04 12:37:02,11.258,19.513,67.046,0.250,0,3046676,176604,172964,4542456,5149.558,1567.083,8.006,12648.740,2.001,606.419,6012,5206,1.870,1.650,0.950,3,0,261.180,0,0,14,101,0,23,0
13-04 12:37:03,7.245,20.485,70.199,0.250,0,3051896,171372,172964,4542484,5428.057,1510.903,3.997,2354.290,0.999,284.793,5182,3660,1.870,1.650,0.950,1,0,251.817,0,0,14,101,0,23,0
13-04 12:37:04,8.513,19.279,70.605,0,0,3061752,161472,172964,4542512,6235.237,1568.323,0,36.053,0,4.006,5228,3681,1.870,1.650,0.950,1,0,291.432,0,0,14,101,0,23,0
13-04 12:37:05,12.271,14.525,71.375,0,0.250,3093708,129504,172964,4542524,6102.657,1514.645,0,8.014,0,2.003,4097,2761,1.800,1.640,0.950,1,0,187.327,0,0,14,101,0,23,0
13-04 12:37:06,17.940,3.738,77.243,0.249,0,3123036,166636,172964,4477324,11257.513,7320.623,75.748,426.580,5.980,4.983,1980,1663,1.800,1.640,0.950,1,0,0.997,0,0,14,104,0,16,0
13-04 12:37:07,19.295,6.515,73.420,0.251,0,3063272,226364,172964,4477364,22074.199,18445.783,4.009,2557.933,1.002,36.084,3260,2851,1.800,1.640,0.950,1,0,63.146,0,0,14,105,0,17,0
13-04 12:37:08,21.944,4.239,72.065,0,0,3140324,149308,172964,4477368,4917.385,1615.855,0,207.468,0,11.969,1960,1419,1.800,1.640,0.950,1,0,1.995,0,0,14,109,0,17,0
13-04 12:37:09,16.756,3.001,79.531,0.500,0,3142688,146788,172976,4477512,11355.395,8097.134,8.003,468.181,2.001,49.019,2834,3028,1.800,1.640,0.950,1,0,3.001,0,0,14,116,0,17,0
13-04 12:37:10,23.810,5.514,67.672,1.253,0,3152780,135668,172980,4478504,4617.724,1660.215,657.670,4543.536,31.079,375.955,4983,7372,1.730,1.630,0.950,2,0,3.008,0,0,14,119,0,17,0
13-04 12:37:11,30.746,12.748,54.243,1.000,0,3155448,200152,172984,4413360,5789.212,2708.631,7.999,3175.568,2.000,231.968,6819,8140,1.730,1.630,0.950,2,0,115.984,0,0,14,122,0,19,0
13-04 12:37:12,22.174,4.734,72.254,0,0,3228184,127364,172984,4413412,4970.051,1801.855,7.973,486.341,1.993,41.857,2130,1737,1.730,1.630,0.950,0,0,2.990,0,0,14,127,0,19,0
13-04 12:37:13,16.258,2.751,78.790,0.250,0,3229872,125600,172984,4413488,12319.246,9381.756,64.032,408.207,4.002,21.011,2217,2297,1.730,1.630,0.950,0,0,0,0,0,14,127,0,19,0
13-04 12:37:14,21.545,4.259,73.153,0.752,0,3230456,191108,172984,4349248,5760.037,1895.962,0,817.709,0,83.174,3834,4771,1.730,1.630,0.950,1,0,0,0,0,14,127,0,19,0
13-04 12:37:15,37.993,13.497,47.741,0.250,0,3290508,130872,172988,4349428,5988.867,2705.488,7.998,919.826,2.000,88.983,4574,4179,1.670,1.620,0.950,2,0,98.981,0,0,14,126,0,20,0
13-04 12:37:16,36.156,5.735,56.105,0.249,0,3343792,142468,172988,4286200,10954.641,7391.864,0,375.029,0,19.948,2740,1565,1.670,1.620,0.950,1,0,0,0,0,14,127,0,20,0
13-04 12:37:17,18.508,7.253,73.530,0,0,3304672,181564,172988,4286224,22712.238,18356.467,0,1620.659,0,96.039,2745,2278,1.670,1.620,0.950,1,0,55.022,0,0,14,126,0,21,0
13-04 12:37:18,18.509,2.751,78.039,0.250,0,3346960,139268,172988,4286232,11037.573,6904.486,8.004,112.057,2.001,13.007,1860,1496,1.670,1.620,0.950,1,0,0,0,0,14,127,0,21,0
13-04 12:37:19,18.008,6.753,73.531,0,0,3348180,138028,172988,4286252,23412.794,18542.757,0,0,0,0,2643,1918,1.670,1.620,0.950,1,0,52.022,0,0,14,126,0,22,0
13-04 12:37:20,18.991,2.499,77.715,0,0,3348660,137536,172992,4286260,11777.664,7172.750,7.996,47.978,1.999,2.999,1876,1383,1.620,1.610,0.950,1,0,0,0,0,14,127,0,22,0
13-04 12:37:21,25.290,8.514,63.852,0.501,0,3274860,211052,172992,4286528,8117.977,3497.591,4.006,2223.555,1.002,189.303,8474,13937,1.620,1.610,0.950,1,0,85.136,0,0,14,134,0,26,0
13-04 12:37:22,20.969,5.242,73.141,0,0,3343908,142004,172992,4286528,5092.425,1617.594,0,2747.912,0,319.525,2264,1577,1.620,1.610,0.950,1,0,27.958,0,0,14,134,0,26,0
13-04 12:37:23,17.270,3.004,79.092,0.250,0,3281408,204496,172992,4286536,27757.361,24198.211,0,532.621,0,18.021,2085,1781,1.620,1.610,0.950,1,0,11.013,0,0,14,134,0,27,0
13-04 12:37:24,19.951,6.983,72.321,0,0,3350936,134944,172992,4286560,5059.485,1508.269,0,0,0,0,2284,1533,1.620,1.610,0.950,2,0,43.891,0,0,14,134,0,27,0
13-04 12:37:25,15.514,2.252,80.071,0.250,0,3360252,125620,172992,4286568,11767.416,8345.387,0,496.439,0,75.066,2481,2878,1.570,1.600,0.950,1,0,0,0,0,14,135,0,27,0
13-04 12:37:26,27.505,5.251,64.762,1.750,0,3361228,124360,172992,4286852,6682.217,2860.521,0,6189.127,0,352.064,7469,11744,1.570,1.600,0.950,1,0,2.000,0,0,14,139,0,29,0
13-04 12:37:27,20.227,6.992,71.169,0.499,0,3341780,143800,172992,4286860,5098.185,1795.952,0,5162.112,0,296.662,3258,3363,1.570,1.600,0.950,1,0,53.938,0,0,14,139,0,29,0
13-04 12:37:28,17.262,2.502,78.805,0,0,3362804,122772,172992,4286864,12708.928,9620.759,0,368.259,0,21.015,1946,1641,1.570,1.600,0.950,0,0,0,0,0,14,140,0,29,0
13-04 12:37:29,20.510,5.503,72.035,0.250,0,3366076,183472,172996,4224452,7798.802,3659.784,4.002,1368.667,1.000,127.062,5682,8229,1.570,1.600,0.950,1,0,1.000,0,0,14,140,0,29,0
13-04 12:37:30,30.293,9.013,58.083,1.001,0,3318520,230956,172996,4224524,5836.357,2393.427,0,1289.847,0,116.166,8048,11689,1.520,1.590,0.950,1,0,77.110,0,0,14,141,0,30,0
13-04 12:37:31,21.961,4.243,73.121,0,0,3391336,158112,172996,4224552,5268.723,1858.727,0,495.128,0,28.949,1943,1492,1.520,1.590,0.950,0,0,0.998,0,0,14,143,1,30,0
13-04 12:37:32,14.997,2.999,79.984,0.500,0,3393512,155900,173000,4224584,14587.032,10901.782,0,1075.781,0,125.974,3112,4046,1.520,1.590,0.950,1,0,0,0,0,14,143,0,31,0
13-04 12:37:33,19.064,10.536,69.485,0,0.251,3407904,141464,173000,4224612,4756.077,1204.070,0,1296.382,0,99.336,3561,2874,1.520,1.590,0.950,1,0,147.499,0,0,14,143,0,31,0
13-04 12:37:34,17.950,3.490,77.034,0,0,3383348,220332,173000,4171064,11270.386,7214.762,0,486.635,0,29.916,1842,1404,1.520,1.590,0.950,1,0,0,0,0,14,144,0,31,0
13-04 12:37:35,22.303,2.506,73.675,0.752,0,3384708,218820,173000,4171216,11502.302,7625.099,8.019,661.570,2.005,62.148,4034,5203,1.480,1.580,0.960,1,0,0,0,0,14,144,0,31,0
13-04 12:37:36,25.189,5.736,67.088,0.499,0,3386408,217056,173000,4171280,5900.768,1454.492,0,1428.555,0,119.711,7958,12645,1.480,1.580,0.960,2,0,0,0,0,14,144,0,31,0
13-04 12:37:37,36.607,9.528,50.648,0.752,0,3318748,284136,173016,4171812,7513.917,3283.578,421.229,2150.272,69.202,196.573,11832,19341,1.480,1.580,0.960,2,0,97.284,0,0,14,143,0,32,0
13-04 12:37:38,21.663,12.450,64.241,0.249,0,3375284,227496,173016,4171868,5332.497,2023.839,15.936,3876.369,0.996,395.406,4939,5841,1.480,1.580,0.960,2,0,191.229,0,0,14,143,0,32,0
13-04 12:37:39,17.772,3.004,77.846,0,0,3401224,201540,173016,4171884,11599.335,8384.362,0,488.604,0,20.025,1981,1637,1.480,1.580,0.960,1,0,1.001,0,0,14,144,0,32,0
13-04 12:37:40,13.287,15.793,69.692,0,0,3377700,225052,173016,4171896,5540.252,2407.628,0,681.877,0,30.083,4378,3224,1.440,1.570,0.960,1,0,207.571,0,0,14,143,0,33,0
13-04 12:37:41,9.486,20.719,67.647,0.250,0,3342084,260500,173016,4172064,4939.511,1509.711,0,651.013,0,42.935,5547,4247,1.440,1.570,0.960,1,0,306.535,0,0,14,143,0,33,2
13-04 12:37:42,21.468,18.972,57.165,0.250,0,3346884,255664,173020,4172452,4639.142,1617.609,23.965,667.014,1.997,51.923,7350,20107,1.440,1.570,0.960,1,0,291.569,0,0,14,143,0,33,2
13-04 12:37:43,28.567,23.305,47.863,0,0,3396428,206032,173020,4172156,5198.236,1693.987,0,408.963,0,20.047,6463,5305,1.440,1.570,0.960,3,0,464.092,0,0,14,143,0,33,2
13-04 12:37:44,34.693,21.715,42.680,0.250,0,3443384,158688,173032,4172892,4804.170,1563.452,79.870,626.978,6.989,41.932,7005,8044,1.440,1.570,0.960,4,0,360.413,0,0,14,149,0,33,2
13-04 12:37:45,40.294,22.024,36.039,0.501,0,3535508,142148,173032,4097896,5159.599,1621.760,44.048,1361.477,2.002,84.091,6441,6507,1.490,1.570,0.960,4,0,464.504,0,0,16,149,0,33,2
13-04 12:37:46,53.763,31.508,13.253,0,0,3685996,142664,173040,3949624,4956.228,1458.361,12.003,4617.144,3.001,287.071,9120,13954,1.490,1.570,0.960,3,0,498.123,0,0,16,155,0,33,2
13-04 12:37:47,57.105,19.451,23.191,0,0,3756016,171696,173040,3851932,4847.683,1615.894,15.959,1951.043,2.992,38.901,8653,13002,1.490,1.570,0.960,2,0,269.316,0,0,16,171,0,33,2
13-04 12:37:48,33.770,24.764,40.273,0,0,3817208,163228,173040,3799768,5181.020,1548.903,0,668.390,0,16.009,6265,4573,1.490,1.570,0.960,2,0,417.243,0,0,16,171,0,33,2
13-04 12:37:49,18.313,22.578,57.197,0.251,0.251,3836280,143940,173044,3799980,5075.478,1463.038,4.014,866.986,1.003,47.162,5678,4312,1.490,1.570,0.960,2,0,325.120,0,0,17,171,0,33,2
13-04 12:37:50,14.959,19.447,63.078,0.249,0.249,3845200,134988,173044,3800432,4639.381,1507.898,3.989,239.349,0.997,16.954,6661,7343,1.450,1.560,0.960,1,0,282.232,0,0,17,171,0,33,2
13-04 12:37:51,26.948,20.710,51.651,0,0,3896772,138724,173044,3746020,4498.356,1347.411,7.985,526.987,1.996,43.916,5434,4442,1.450,1.560,0.960,2,0,249.521,0,0,17,173,0,31,2
13-04 12:37:52,30.618,23.842,43.920,0.251,0,3949396,134744,173052,3698708,4451.193,1208.668,20.078,285.101,4.016,20.078,6066,4736,1.450,1.560,0.960,2,0,394.524,0,0,17,175,0,31,2
13-04 12:37:53,24.238,16.742,57.722,0,0,3985016,131668,173052,3666792,4917.623,1511.269,0,11.994,0,2.999,5824,7768,1.450,1.560,0.960,2,0,212.897,0,0,17,179,0,31,2
13-04 12:37:54,37.759,28.507,32.758,0,0,4095704,128004,173060,3562344,5133.204,1512.355,40.009,11926.798,4.001,917.215,9328,13200,1.450,1.560,0.960,3,0,490.115,0,0,17,187,0,31,2
13-04 12:37:55,28.909,27.912,41.619,0,0,4164792,127528,173060,3495248,5161.813,1453.442,23.925,518.374,2.991,39.875,9188,12986,1.490,1.570,0.970,1,0,491.459,0,0,17,197,0,31,2
13-04 12:37:56,9.273,21.303,67.167,0.501,0,4178200,128488,173060,3481240,5218.010,1461.644,36.090,689.720,2.005,39.097,5595,4475,1.490,1.570,0.970,1,0,286.715,0,0,17,199,0,31,0
13-04 12:37:57,12.749,22.248,62.245,0.500,0.250,4173516,161528,173060,3453968,5013.593,1553.874,0,667.946,0,57.995,6698,6455,1.490,1.570,0.970,1,0,330.973,0,0,17,215,0,31,0
13-04 12:37:58,24.258,16.255,58.019,0,0,4220032,152976,173060,3416048,4741.566,1710.565,144.048,268.089,3.001,14.005,5017,5285,1.490,1.570,0.970,2,0,189.062,0,0,17,215,0,31,0
13-04 12:37:59,43.368,9.970,45.362,0.249,0,4347056,141324,173060,3302896,4905.076,1615.086,965.064,267.187,15.951,24.924,3349,2108,1.490,1.570,0.970,2,0,1.994,0,0,17,215,0,22,0
13-04 12:38:00,40.093,11.026,47.861,0,0,4457764,145356,173060,3190980,5121.932,1623.783,132.308,388.906,11.026,27.063,3642,2724,1.530,1.580,0.970,2,0,16.037,0,0,17,220,0,22,0
13-04 12:38:01,29.560,17.034,52.105,0.251,0,4379060,223520,173068,3191512,4965.036,1460.953,601.215,452.915,7.014,32.065,4726,4054,1.530,1.580,0.970,2,0,304.616,0,0,17,223,0,23,0
13-04 12:38:02,26.986,25.987,45.227,0.250,0,4422992,179084,173072,3192012,10746.485,7329.239,219.887,3018.451,3.998,24.987,6211,5011,1.530,1.580,0.970,5,0,384.803,0,0,17,224,0,23,0
13-04 12:38:03,41.622,24.924,32.650,0.249,0,4470016,129300,173084,3195064,8681.389,4416.462,992.956,1176.394,18.942,30.905,6935,8283,1.530,1.580,0.970,6,0,364.882,0,0,17,231,0,20,0
13-04 12:38:04,59.189,20.978,18.731,0,0,4518628,162180,173088,3116692,5726.078,1510.438,255.735,207.785,9.990,7.992,5269,5908,1.530,1.580,0.970,3,0,218.774,0,0,17,232,0,20,0
13-04 12:38:05,62.309,14.013,22.271,0.500,0,4646784,158628,173116,2995084,15715.881,11700.078,1889.789,648.614,73.069,24.023,5227,4639,1.650,1.600,0.990,1,1,21.020,0,0,17,239,0,20,0
13-04 12:38:06,63.788,14.759,18.011,3.252,0,4624160,191860,173184,2984956,6209.663,2501.476,5771.404,2109.244,427.252,132.078,6664,8593,1.650,1.600,0.990,5,0,87.051,0,0,17,239,0,25,0
13-04 12:38:07,32.302,25.040,41.566,0,0,4682348,132292,173188,2986332,10661.007,7248.563,0,440.703,0,20.032,6496,5845,1.650,1.600,0.990,3,0,382.610,0,0,17,240,0,25,0
13-04 12:38:08,33.987,22.491,41.234,0,0,4603068,209952,173188,2988400,10244.010,6955.291,79.969,9040.478,2.999,68.973,7607,9381,1.650,1.600,0.990,2,0,337.868,0,0,17,239,0,26,0
13-04 12:38:09,52.849,24.045,22.292,0,0,4698448,170640,173188,2933768,4887.111,1572.932,8.015,12936.115,2.004,1117.082,6094,5450,1.650,1.600,0.990,3,0,347.648,0,0,17,243,0,26,0
13-04 12:38:10,47.116,27.173,24.181,0.499,0,4775492,148812,173204,2879756,14814.961,12228.301,1037.057,1336.208,46.867,76.782,7188,9104,1.840,1.640,1,2,0,387.899,0,0,17,244,0,26,0
13-04 12:38:11,61.070,25.780,12.765,0.250,0,4812348,144240,173212,2847512,5672.500,1711.962,304.349,844.968,14.016,47.054,7826,13146,1.840,1.640,1,6,0,342.392,0,0,17,247,0,26,0
13-04 12:38:12,51.035,26.389,21.161,0.249,0,4861688,164868,173216,2779640,11967.634,9325.752,75.681,553.670,2.987,33.858,6490,7035,1.840,1.640,1,3,0,415.252,0,0,17,250,0,26,0
13-04 12:38:13,51.535,24.636,22.122,0.503,0,4907992,153948,173224,2745064,8223.407,4742.185,571.154,872.819,31.172,63.350,9752,14913,1.840,1.640,1,3,0,288.594,0,0,17,255,0,28,0
13-04 12:38:14,64.704,19.486,15.989,0.250,0,5015016,132808,173232,2661048,10432.553,7369.739,879.372,1259.101,14.989,24.982,6799,13279,1.840,1.640,1,3,0,61.956,0,0,17,256,0,28,0
13-04 12:38:15,52.925,7.989,36.948,0.999,0,5013460,161152,173236,2635124,16898.099,13376.081,1258.220,1306.153,76.891,85.879,4855,4914,1.850,1.650,1.010,3,0,14.979,0,0,17,258,0,31,0
13-04 12:38:16,60.905,12.031,25.816,0.251,0,5094280,171732,173368,2545844,9412.983,5958.180,1375.505,922.350,35.089,76.194,6428,6536,1.850,1.650,1.010,2,0,18.046,0,0,17,270,0,35,0
13-04 12:38:17,45.955,26.974,25.225,0.500,0,5031940,230584,173496,2549240,14995.408,10389.890,4048.061,1165.866,62.939,53.948,7126,8635,1.850,1.650,1.010,3,0,426.585,0,0,17,269,0,36,0
13-04 12:38:18,49.841,27.911,21.183,0.249,0,5105068,157208,173496,2549964,7915.806,3574.623,1052.650,578.160,9.968,36.883,6896,7356,1.850,1.650,1.010,3,0,449.569,0,0,17,270,0,36,0
13-04 12:38:19,55.104,22.042,21.791,0,0,5141420,120592,173500,2550004,15773.896,10566.025,529.003,1049.990,7.013,47.089,6072,6468,1.850,1.650,1.010,4,0,247.469,0,0,18,272,0,35,0
13-04 12:38:20,82.560,15.464,1.746,0.748,0,5207724,139564,173500,2468212,6690.566,1562.396,3212.589,798.159,141.673,61.857,6372,5770,2.030,1.690,1.020,5,0,16.961,0,0,18,276,0,35,0
13-04 12:38:21,80.866,12.557,5.776,0.251,0,5314572,134652,173536,2369480,13500.103,9685.839,1418.420,5187.479,61.277,392.778,6430,6972,2.030,1.690,1.020,6,0,13.059,0,0,18,281,0,35,0
13-04 12:38:22,45.186,18.973,33.452,0.749,0,5307288,140540,173544,2370996,8814.460,5075.779,1154.358,898.721,22.967,79.886,7129,8133,2.030,1.690,1.020,3,0,230.672,0,0,18,284,0,38,0
13-04 12:38:23,37.220,9.742,52.458,0,0,5357832,133456,173564,2329440,19223.606,9198.634,531.574,379.696,8.993,20.983,3394,2255,2.030,1.690,1.020,4,0,6.994,0,0,18,288,0,33,0
13-04 12:38:24,35.651,9.972,51.856,0.249,0.249,5299072,188216,173564,2333408,4308398.247,79961.275,813.744,1994.470,8.975,97.729,8261,5770,2.030,1.690,1.020,3,0,11.967,0,0,18,289,0,34,0
13-04 12:38:25,40.812,13.521,44.067,0.250,0,5340884,131980,173564,2347816,12807992.234,224050.920,2788.268,340.521,29.044,27.041,18287,9729,2.100,1.710,1.030,1,0,105.161,0,0,18,289,0,34,0
13-04 12:38:26,31.190,12.725,54.644,0.499,0,5374464,122304,173564,2324380,14676.588,10369.925,15.969,762.524,0.998,73.857,4941,4544,2.100,1.710,1.030,2,0,160.689,0,0,18,292,0,35,0
13-04 12:38:27,39.198,7.287,52.516,0,0,5379236,132480,173564,2309604,12217.861,9699.108,0,321.628,0,34.173,3466,2664,2.100,1.710,1.030,1,0,7.036,0,0,18,293,0,36,0
13-04 12:38:28,27.878,4.729,64.467,0.249,0,5378328,132800,173564,2310232,82096.764,2960327.267,493.833,12373.705,26.882,93.589,4821,6185,2.100,1.710,1.030,0,0,0.996,0,0,18,297,0,36,0
13-04 12:38:29,9.497,3.999,83.471,0,0,5306636,204520,173564,2310236,348380.736,13430754.477,0,419.853,0,32.988,3432,2447,2.100,1.710,1.030,0,0,37.987,0,0,18,296,0,37,0
13-04 12:38:30,1.750,1.000,95.741,0.500,0,5303324,207832,173564,2310236,5117.533,1457.867,0,15390.597,0,1278.883,1382,1779,2.020,1.700,1.030,2,0,0,0,0,18,296,0,37,0
13-04 12:38:31,4.015,1.506,93.102,1.004,0,5304144,206908,173564,2310340,736243.803,8747.073,96.364,1264.782,6.023,78.296,1854,2275,2.020,1.700,1.030,1,0,0,0,0,18,301,0,37,0
13-04 12:38:32,22.929,3.738,70.283,0.249,0,5287800,207120,173572,2326432,15748127.617,110114.782,47.853,709.813,2.991,66.794,10993,10458,2.020,1.700,1.030,1,0,1.994,0,0,18,300,0,39,0
13-04 12:38:33,11.549,19.081,67.536,0,0,5242636,252124,173572,2326556,6212.342,1693.179,48.204,2000.483,4.017,13.055,5963,5046,2.020,1.700,1.030,1,0,466.980,0,0,18,300,0,39,0
13-04 12:38:34,22.898,3.733,72.426,0.249,0,5312104,182652,173572,2326560,5674.609,1612.783,0,298.664,0,20.906,2052,1686,2.020,1.700,1.030,1,0,0.996,0,0,18,302,0,39,0
13-04 12:38:35,12.799,15.559,70.519,0,0,5282960,211756,173572,2326600,5498.942,1463.574,0,16808.012,0,65.248,5103,4095,1.930,1.690,1.030,3,0,286.090,0,0,18,302,0,39,0
13-04 12:38:36,8.219,20.173,69.236,0.249,0,5278088,216588,173572,2326640,5585.708,1613.848,15.939,207.210,1.992,18.928,5429,4120,1.930,1.690,1.030,1,0,296.868,0,0,18,302,0,38,0
13-04 12:38:37,3.248,5.747,89.697,0,0,5273732,220928,173572,2326656,6014.419,1457.133,0,91.945,0,10.993,2267,2044,1.930,1.690,1.030,0,0,85.949,0,0,18,302,0,38,0
13-04 12:38:38,16.006,4.002,78.780,0.250,0,5319168,175492,173572,2326656,6062.345,1662.643,0,56.022,0,3.001,1833,1485,1.930,1.690,1.030,2,0,9.003,0,0,18,302,0,38,0
13-04 12:38:39,16.738,2.498,78.946,0,0,5337268,157244,173572,2326804,13449.747,9451.498,0,123.915,0,20.986,2051,1727,1.930,1.690,1.030,2,0,0.999,0,0,18,303,0,38,0
13-04 12:38:40,14.267,13.265,69.581,0.250,0,5311148,183244,173576,2326920,6353.402,2623.056,72.084,1257.465,6.007,171.199,4594,3749,1.860,1.670,1.030,2,0,156.182,0,0,18,308,0,37,0
13-04 12:38:41,12.247,16.745,69.231,0.250,0,5301888,192220,173576,2327204,5339.514,1527.575,0,319.911,0,27.992,4890,3711,1.860,1.670,1.030,1,0,157.956,0,0,18,308,0,37,0
13-04 12:38:42,16.011,19.764,62.294,0.500,0,5276832,216864,173576,2327600,5730.034,1621.141,184.130,516.364,9.006,47.033,5917,12099,1.860,1.670,1.030,2,0,226.159,0,0,18,310,0,38,0
13-04 12:38:43,17.731,9.739,70.423,0,0,5316704,176952,173576,2327640,5052.496,1456.413,3.996,251.726,0.999,15.983,3564,2857,1.860,1.670,1.030,2,0,100.890,0,0,18,310,0,38,0
13-04 12:38:44,22.201,4.740,72.341,0,0,5341724,151932,173576,2327640,5278.372,1616.439,0,147.675,0,10.976,2013,1509,1.860,1.670,1.030,1,0,0.998,0,0,18,310,0,37,0
13-04 12:38:45,24.019,3.503,71.307,0.500,0,5373536,139096,173576,2309604,4281.442,1459.173,392.315,600.483,13.010,51.041,2490,2332,1.790,1.660,1.030,2,0,4.003,0,0,18,314,0,37,0
13-04 12:38:46,23.025,3.754,72.328,0,0,5328160,184452,173580,2309620,5422.865,1621.754,24.026,144.156,4.004,8.009,2196,1743,1.790,1.660,1.030,1,0,5.005,0,0,18,310,0,37,0
13-04 12:38:47,22.487,3.748,72.458,0.250,0,5381024,131564,173580,2309644,5156.982,1619.052,0,119.930,0,8.995,2077,1648,1.790,1.660,1.030,2,0,0.999,0,0,18,310,0,37,0
13-04 12:38:48,11.766,2.503,84.615,0,0,5377248,157120,173580,2288656,17905.299,14754.023,0,112.152,0,13.018,2204,2194,1.790,1.660,1.030,0,0,2.003,0,0,18,313,0,38,0
13-04 12:38:49,22.005,3.501,73.268,0,0,5264436,269916,173580,2288672,10905.676,7412.819,0,0,0,0,2473,1969,1.790,1.660,1.030,1,0,19.005,0,0,18,310,0,39,0
13-04 12:38:50,23.935,3.989,71.057,0,0,5326556,207764,173580,2288704,5104.126,1454.048,7.978,239.349,1.995,21.940,2389,2121,1.730,1.650,1.030,1,0,0,0,0,18,310,0,39,0
13-04 12:38:51,18.621,12.582,67.186,0.252,0,5310288,223880,173580,2288856,4969.262,1630.586,386.509,265.725,3.020,18.118,3403,2570,1.730,1.650,1.030,2,0,105.686,0,0,18,310,0,39,0
13-04 12:38:52,8.987,20.221,68.902,0.499,0,5308792,225208,173588,2289016,4931.003,1455.934,63.909,627.110,5.991,30.956,5824,4710,1.730,1.650,1.030,2,0,354.497,0,0,18,310,0,39,0
13-04 12:38:53,16.945,9.968,71.270,0,0,5308220,225752,173596,2289036,4623.050,1564.939,15.948,370.801,1.994,13.955,3535,2635,1.730,1.650,1.030,1,0,138.552,0,0,18,310,0,39,0
13-04 12:38:54,18.005,3.751,77.023,0,0,5325712,207356,173628,2289908,9324.804,3244.976,4.001,260.078,1.000,13.004,2004,1551,1.730,1.650,1.030,1,0,17.005,0,0,18,311,0,39,0
13-04 12:38:55,22.499,4.000,71.998,0.250,0,5323808,203840,174124,2294720,4189.855,1361.953,0,16867.416,0,26.999,2168,1726,1.670,1.640,1.030,1,0,3.000,0,0,18,310,0,39,0
13-04 12:38:56,18.986,3.497,76.445,0.250,0,5272080,249832,174624,2299828,11306.849,4449.792,3.997,4496.758,0.999,474.658,2388,1857,1.670,1.640,1.030,4,0,18.986,0,0,18,310,0,39,0
13-04 12:38:57,20.010,5.753,73.036,0.250,0,5284372,237008,174656,2300328,9131.509,3595.776,4.002,636.314,1.000,24.012,10351,19114,1.670,1.640,1.030,0,0,13.006,0,0,18,311,0,39,0
13-04 12:38:58,21.306,6.768,69.684,0,0,5313764,207232,174744,2300604,6513.226,2419.399,20.053,874.312,3.008,91.241,10405,18082,1.670,1.640,1.030,1,0,19.050,0,0,18,311,0,39,0
13-04 12:38:59,19.987,7.495,70.953,0.500,0,5295016,235804,174840,2290712,4367.135,1361.107,7.995,979.357,1.999,41.972,2982,2503,1.670,1.640,1.030,2,0,55.963,0,0,18,312,0,39,0
13-04 12:39:00,12.523,16.780,67.873,0.250,0,5311868,218920,174840,2290744,4257.694,1352.444,0,877.586,0,26.047,4710,3835,1.610,1.630,1.030,3,0,221.400,0,0,18,314,0,39,0
13-04 12:39:01,23.905,3.237,72.463,0,0,5346232,184372,174840,2290928,5004.199,2116.625,0,215.149,0,13.945,2191,1627,1.610,1.630,1.030,0,0,2.988,0,0,18,315,0,39,0
13-04 12:39:02,17.080,3.516,77.864,0,0,5256872,273664,174840,2290996,14561.072,11393.263,52.244,257.202,3.014,19.089,2504,2384,1.610,1.630,1.030,2,0,22.103,0,0,18,314,0,42,0
13-04 12:39:03,18.182,9.216,70.487,0.498,0,5315004,215496,174840,2291032,5545.346,1560.189,11.955,2112.133,0.996,124.536,3271,2935,1.610,1.630,1.030,2,0,93.651,0,0,18,314,0,42,0
13-04 12:39:04,18.489,2.249,77.952,0,0,5334568,195924,174840,2291040,15083.806,10237.760,0,471.712,0,23.985,2131,1776,1.610,1.630,1.030,1,0,0,0,0,18,314,0,41,0
13-04 12:39:05,20.250,7.750,70.999,0,0,5280716,249772,174840,2291044,6179.871,1619.966,0,55.999,0,5.000,2807,2046,1.560,1.620,1.030,3,0,69.999,0,0,18,314,0,41,0
13-04 12:39:06,18.733,2.997,76.928,0,0,5311200,219280,174840,2291052,10513.185,7392.099,0,95.910,0,9.991,2024,1602,1.560,1.620,1.030,1,0,0,0,0,18,315,0,41,0
13-04 12:39:07,19.295,6.766,73.423,0.251,0,5325104,205364,174840,2291064,12285.931,8954.085,0,68.161,0,7.017,2777,2249,1.560,1.620,1.030,1,0,56.132,0,0,18,314,0,42,0
13-04 12:39:08,18.719,2.496,77.623,0,0,5325088,205364,174840,2291080,10089.501,7279.097,0,0,0,0,1914,1543,1.560,1.620,1.030,1,0,0,0,0,18,315,0,42,0
13-04 12:39:09,20.087,5.524,73.319,0,0,5289276,241152,174840,2291104,8191.654,5383.431,16.070,44.192,1.004,3.013,2636,2077,1.560,1.620,1.030,1,0,33.144,0,0,18,316,0,39,0
13-04 12:39:10,22.198,2.744,73.329,0.249,0,5341840,188576,174840,2291116,5591.990,3254.428,0,167.610,0,9.977,2203,1798,1.520,1.610,1.030,2,0,0,0,0,18,317,0,39,0
13-04 12:39:11,13.978,1.747,82.369,0.250,0,5340020,190252,174840,2291260,13901.922,10438.422,0,1269.983,0,132.789,2548,2831,1.520,1.610,1.030,1,0,0.998,0,0,18,316,0,40,0
13-04 12:39:12,20.751,7.500,69.754,0.250,0,5378000,152192,174840,2291340,4966.313,1686.106,32.002,344.022,1.000,35.002,3107,2893,1.520,1.610,1.030,1,0,48.003,0,0,18,316,0,40,0
13-04 12:39:13,17.486,2.748,78.436,0,0,5379176,151008,174840,2291348,13117.259,10204.644,0,167.863,0,12.989,2199,2137,1.520,1.610,1.030,1,0,0,0,0,18,320,0,37,0
13-04 12:39:14,20.821,5.519,72.497,0,0,5344232,185944,174844,2291352,6678.753,3204.918,0,168.574,0,7.024,2673,2094,1.520,1.610,1.030,1,0,32.109,0,0,18,316,0,39,0
13-04 12:39:15,17.196,2.991,78.505,0.249,0,5361240,168928,174844,2291360,11924.757,8600.140,0,191.402,0,8.972,1963,1644,1.480,1.600,1.030,1,0,0,0,0,18,317,0,39,0
13-04 12:39:16,12.478,8.734,76.862,0,0,5272344,257804,174844,2291380,8663.496,4921.193,0,2279.920,0,364.348,4002,3786,1.480,1.600,1.030,2,0,150.730,0,0,18,316,0,40,0
13-04 12:39:17,3.257,2.756,91.699,1.503,0,5274012,254928,175384,2292048,9438.456,3404.378,1126.441,256.556,251.545,15.033,1769,2155,1.480,1.600,1.030,0,0,29.063,0,0,18,318,0,31,0
13-04 12:39:18,6.748,9.248,81.980,0.500,0.250,5266832,262048,175384,2292108,19534.233,5026.773,0,755.816,0,43.989,3249,2968,1.480,1.600,1.030,1,0,126.969,0,0,18,318,0,32,0
13-04 12:39:19,7.502,11.254,79.275,0,0,5268780,259916,175384,2292276,8537.744,2619.842,0,160.051,0,14.005,4403,4891,1.480,1.600,1.030,1,0,159.051,0,0,18,316,0,33,0
13-04 12:39:20,21.578,7.778,67.996,1.756,0,5274320,244752,175388,2301880,6340.964,1463.299,2392.665,1292.681,205.745,38.138,3785,3750,1.440,1.590,1.030,1,0,61.222,0,0,18,316,0,33,0
13-04 12:39:21,19.923,2.988,75.459,0,0,5294168,217576,175388,2309120,11281.516,3681.809,3.985,844.744,0.996,17.931,2306,2020,1.440,1.590,1.030,2,0,15.939,0,0,18,317,0,31,0
13-04 12:39:22,15.557,5.018,76.783,1.506,0,5265480,244068,175520,2311136,10591.012,3989.696,1405.176,2778.234,25.092,105.388,3238,3298,1.440,1.590,1.030,2,0,54.200,0,0,18,316,0,31,0
13-04 12:39:23,12.450,16.434,68.723,0.249,0,5264904,243944,175520,2311820,4661.182,1613.486,15.936,1246.966,1.992,50.795,4898,4079,1.440,1.590,1.030,2,0,249.991,0,0,18,316,0,31,0
13-04 12:39:24,19.086,3.265,76.845,0,0,5314252,194592,175520,2311824,6971.268,7124.957,0,401.802,0,28.126,2022,1757,1.440,1.590,1.030,0,0,0,0,0,18,317,0,31,0
13-04 12:39:25,18.932,6.228,73.486,0,0,5311772,197048,175520,2311848,25507.255,18588.142,0,15.943,0,0.996,2767,2137,1.400,1.580,1.030,1,0,46.832,0,0,18,316,0,29,0
13-04 12:39:26,21.743,3.249,73.727,0.250,0,5362576,146236,175520,2311856,6723.946,3626.892,0,563.828,0,38.988,2329,2079,1.400,1.580,1.030,0,0,1.000,0,0,18,317,0,29,0
13-04 12:39:27,18.753,3.751,76.013,0.500,0,5319400,189160,175520,2312108,11405.903,7901.318,240.040,284.047,15.003,23.004,2734,2628,1.400,1.580,1.030,1,0,15.003,0,0,18,316,0,31,0
13-04 12:39:28,21.732,4.746,72.690,0,0,5381840,126720,175520,2312108,4411.365,1691.606,0,143.881,0,10.991,2178,1910,1.400,1.580,1.030,0,0,0,0,0,18,317,0,31,0
13-04 12:39:29,17.998,3.500,76.241,0.750,0.500,5375576,131208,175520,2313884,10972.662,7460.091,1583.807,887.892,51.994,119.985,3900,5413,1.400,1.580,1.030,1,0,3.000,0,0,18,319,0,26,0
13-04 12:39:30,23.738,4.748,68.965,0.750,0,5342468,164200,175520,2314000,5941.010,2858.562,79.960,1067.463,4.997,116.941,4035,5426,1.530,1.600,1.040,1,0,4.997,0,0,18,318,0,27,0
13-04 12:39:31,19.263,3.002,76.550,0.250,0,5362396,144268,175520,2314004,10193.674,7175.698,0,2085.365,0,25.016,2087,1763,1.530,1.600,1.040,2,0,0,0,0,18,319,0,27,0
13-04 12:39:32,18.767,3.753,74.067,1.001,0,5356664,149740,175524,2314260,10755.749,6738.107,176.160,1457.321,8.007,146.132,4795,6537,1.530,1.600,1.040,1,0,0,0,0,18,318,0,28,0
13-04 12:39:33,11.264,19.274,67.084,0.250,0,5322216,184176,175524,2314272,4513.632,1189.484,0,504.630,0,27.034,5146,3925,1.530,1.600,1.040,1,0,302.377,0,0,18,318,0,25,0
13-04 12:39:34,9.020,23.051,66.397,0,0,5320160,186216,175524,2314288,5051.192,1352.998,0,497.101,0,35.078,5663,4267,1.530,1.600,1.040,1,0,361.802,0,0,18,318,0,25,0
13-04 12:39:35,8.996,22.241,66.224,0.250,0,5314712,191636,175532,2314304,4816.122,1457.432,0,2850.888,0,176.931,5953,4864,1.490,1.590,1.040,1,0,361.859,0,0,18,318,0,25,0
13-04 12:39:36,8.471,22.173,65.772,0,0,5298988,207344,175532,2314320,5816.858,1656.265,0,422.537,0,22.921,5615,4193,1.490,1.590,1.040,2,0,337.830,0,0,18,318,0,25,0
13-04 12:39:37,8.754,22.761,66.532,0,0,5301492,204820,175532,2314340,5822.823,1620.786,0,100.049,0,11.005,5701,4317,1.490,1.590,1.040,2,0,372.180,0,0,18,318,0,25,0
13-04 12:39:38,8.276,23.323,66.960,0,0,5303804,202484,175532,2314364,5477.138,1625.085,0,40.126,0,10.031,5778,4341,1.490,1.590,1.040,1,0,391.224,0,0,18,318,0,25,0
13-04 12:39:39,8.468,23.163,66.750,0,0,5295004,211264,175532,2314384,4901.608,1613.944,0,103.611,0,9.963,5799,4317,1.490,1.590,1.040,1,0,371.606,0,0,18,318,0,25,0
13-04 12:39:40,8.506,22.515,67.546,0,0,5287496,218740,175532,2314416,5043.423,1621.100,0,224.152,0,24.016,6703,5748,1.450,1.580,1.040,3,0,531.361,0,0,18,318,0,25,0
13-04 12:39:41,8.777,22.318,67.205,0.251,0,5273996,232228,175532,2314440,5012.269,1624.950,0,1741.305,0,146.446,6169,5072,1.450,1.580,1.040,1,0,411.253,0,0,18,318,0,24,0
13-04 12:39:42,14.206,23.676,59.814,0.498,0,5259268,246880,175532,2314516,4876.847,1507.317,15.950,2619.860,0.997,172.464,6953,13782,1.450,1.580,1.040,1,0,429.665,0,0,18,318,0,25,0
13-04 12:39:43,19.255,7.252,72.018,0.500,0,5290836,314868,175612,2225744,4907.249,1566.399,0,2172.553,0,17.004,2684,2365,1.450,1.580,1.040,1,0,43.011,0,0,18,318,0,25,0
13-04 12:39:44,21.978,3.247,74.425,0,0,5315344,286676,175628,2229396,8518.377,2847.118,11.988,1022.964,1.998,12.987,2212,1764,1.450,1.580,1.040,0,0,15.984,0,0,18,319,0,25,0
13-04 12:39:45,12.251,1.500,83.006,1.250,0,5328656,272340,175648,2230392,21422.615,12885.972,804.061,2480.187,55.004,89.007,1874,1897,1.330,1.560,1.030,1,0,0,0,0,18,319,0,24,0
13-04 12:39:46,14.060,2.260,81.848,0.753,0,5343196,256464,175656,2231720,23967.792,12979.123,968.112,1626.910,53.226,52.222,1998,1960,1.330,1.560,1.030,1,0,0,0,0,18,319,0,24,0
13-04 12:39:47,16.685,1.245,79.937,0.996,0,5350000,248652,175708,2232668,20400.179,11590.648,693.287,3227.372,50.801,389.476,1962,1723,1.330,1.560,1.030,1,0,0,0,0,18,319,0,24,0
13-04 12:39:48,14.485,1.498,82.164,0.749,0,5368192,229248,175720,2233860,22386.629,12888.545,791.174,1510.423,38.959,44.953,1807,1625,1.330,1.560,1.030,1,0,0,0,0,18,319,0,24,0
13-04 12:39:49,21.011,4.002,72.789,1.501,0,5372568,186672,175720,2271888,6981.730,3098.655,11766.286,1644.879,124.066,67.036,2627,2312,1.330,1.560,1.030,1,0,4.002,0,0,18,319,0,22,0
13-04 12:39:50,24.769,3.002,71.054,0.250,0,5376312,166664,175720,2287948,4183.153,1080.815,0,1753.321,0,48.036,2653,2506,1.310,1.550,1.030,1,0,0,0,0,18,319,0,22,0
13-04 12:39:51,23.493,3.749,69.979,1.000,0,5393740,127976,175788,2308772,4787.593,1511.556,0,2899.148,0,137.959,3035,3107,1.310,1.550,1.030,1,1,0,0,0,18,319,0,22,0
13-04 12:39:52,22.989,3.998,70.467,1.249,0,5369564,145240,176260,2315364,4829.747,1511.295,15.993,17435.866,1.000,196.908,2839,2841,1.310,1.550,1.030,1,0,0,0,0,18,319,0,22,0
13-04 12:39:53,23.250,2.750,72.249,0.500,0,5390080,129892,176820,2309452,4827.947,1739.981,0,2359.974,0,108.999,2497,2289,1.310,1.550,1.030,1,0,0,0,0,18,318,0,22,0
13-04 12:39:54,22.267,4.503,72.305,0,0,5353384,166440,176832,2309468,4729.566,1567.182,0,536.404,0,12.009,2374,1756,1.310,1.550,1.030,1,0,19.014,0,0,18,318,0,22,0
13-04 12:39:55,19.320,3.262,77.280,0.251,0,5343836,170524,176904,2314872,10126.740,3918.215,0,979.554,0,13.047,2061,1721,1.200,1.520,1.030,1,0,17.062,0,0,18,318,0,22,0
13-04 12:39:56,17.195,4.236,77.002,0,0,5391616,122400,176908,2315208,11385.289,4426.726,0,554.213,0,17.942,2213,1926,1.200,1.520,1.030,1,0,18.939,0,0,18,319,0,22,0
13-04 12:39:57,23.761,6.003,68.282,0.250,0,5359752,148340,177316,2320580,5084.378,1836.859,0,2044.956,0,44.021,9929,18083,1.200,1.520,1.030,1,0,15.007,0,0,18,318,0,22,0
13-04 12:39:58,22.558,6.266,69.178,0,0,5358708,149088,177388,2320804,4724.125,1515.891,0,1150.954,0,10.026,9749,17430,1.200,1.520,1.030,1,0,14.036,0,0,18,318,0,22,0
13-04 12:39:59,21.919,5.729,70.987,0.498,0,5301288,217796,177396,2309576,4768.323,1560.216,0,956.454,0,33.874,2654,2247,1.200,1.520,1.030,1,0,16.937,0,0,18,318,0,22,0
13-04 12:40:00,22.499,6.500,68.497,0,0,5323728,195344,177396,2309588,5579.740,1619.925,0,459.979,0,16.999,8999,17335,1.180,1.510,1.030,1,0,47.998,0,0,18,318,0,22,0
13-04 12:40:01,17.979,5.494,74.662,0.499,0,5351436,167624,177396,2309600,10629.492,3725.616,0,543.361,0,28.966,2652,2255,1.180,1.510,1.030,3,0,38.954,0,0,18,319,0,22,0
13-04 12:40:02,23.277,4.005,72.083,0.250,0,5346520,166872,177396,2315268,5614.457,1742.003,32.037,1385.593,1.001,28.032,2371,2103,1.180,1.510,1.030,1,0,3.003,0,0,18,318,0,22,0
13-04 12:40:03,18.792,3.257,75.420,0,0,5342144,165908,177472,2320444,12106.341,4517.202,0,1138.571,0,26.059,4796,7777,1.180,1.510,1.030,3,0,22.050,0,0,18,318,0,22,0
13-04 12:40:04,26.047,9.768,61.861,0,0,5343800,163664,177472,2321016,5469.808,1622.910,0,504.905,0,11.020,14515,28441,1.180,1.510,1.030,4,0,23.041,0,0,18,318,0,22,0
13-04 12:40:05,40.339,12.201,46.564,0.249,0,5336560,182240,177476,2309756,5217.162,1452.200,509.963,466.138,3.984,13.944,3765,2650,1.250,1.520,1.030,2,0,18.924,0,0,18,318,0,22,0
13-04 12:40:06,33.570,6.514,58.622,0,0,5304220,214528,177476,2309808,5099.656,1515.166,513.072,801.675,4.008,29.061,3408,2556,1.250,1.520,1.030,2,0,32.067,0,0,18,318,0,18,0
13-04 12:40:07,19.963,6.987,70.867,0.250,0,5340728,170712,177476,2317116,3419.602,485.092,0,1113.916,0,22.957,3162,2755,1.250,1.520,1.030,1,0,90.830,0,0,18,318,0,18,0
13-04 12:40:08,22.988,1.999,73.713,0,0,5347180,160704,177476,2320608,4983.504,2694.651,3.998,347.826,0.999,3.998,2143,1748,1.250,1.520,1.030,1,0,15.992,0,0,18,319,0,18,0
13-04 12:40:09,14.001,1.750,82.508,0.750,0,5354448,153224,177476,2320804,25154.394,12970.235,0,1780.169,0,54.005,1924,1906,1.250,1.520,1.030,1,0,1.000,0,0,18,319,0,18,0
13-04 12:40:10,9.499,1.750,86.737,0.500,0,5347580,159692,177476,2321188,107018.462,14584.746,0,1515.766,0,61.990,1774,1969,1.150,1.490,1.020,0,0,0,0,0,18,320,0,14,0
13-04 12:40:11,17.004,1.750,79.521,0.750,0,5374724,132252,177492,2321464,74389.335,12190.168,0,1676.436,0,76.020,2160,2212,1.150,1.490,1.020,2,0,1.000,0,0,18,320,0,14,0
13-04 12:40:12,16.301,2.006,79.750,0.752,0,5373944,132596,177624,2321892,22436.216,13965.707,64.201,8723.300,8.025,310.973,2474,2661,1.150,1.490,1.020,0,0,3.009,0,0,18,320,0,14,0
13-04 12:40:13,9.224,1.994,86.756,0.499,0,5373608,149596,177700,2305256,293185.454,11734.000,0,1045.061,0,37.893,1911,2061,1.150,1.490,1.020,2,0,0,0,0,18,320,0,14,0
13-04 12:40:14,8.031,1.255,87.834,1.255,0,5368868,153656,178048,2305584,118048.412,20965.817,32.122,2774.563,5.019,134.512,2120,2305,1.150,1.490,1.020,1,0,0,0,0,18,320,0,10,0
13-04 12:40:15,13.944,1.992,82.172,0.747,0,5382484,131124,178168,2314380,44353.071,12182.403,103.587,1486.072,5.976,58.766,1752,1684,1.140,1.490,1.020,0,0,0.996,0,0,18,320,0,10,0
13-04 12:40:16,4.251,2.250,90.018,0.250,0,5376664,130216,178184,2321040,3613253.134,61824.219,0,1796.355,0,17.003,4296,3000,1.140,1.490,1.020,0,0,1.000,0,0,18,320,0,10,0
13-04 12:40:17,6.250,3.750,86.506,0.250,0,5365028,126052,178240,2336752,8561806.966,119069.913,0,15325.018,0,99.007,8095,3757,1.140,1.490,1.020,2,0,2.000,0,0,18,320,0,10,0
13-04 12:40:18,9.752,5.001,82.017,0.500,0,5354448,159140,178384,2314620,6471745.179,83137.805,164.033,14762.984,4.001,330.067,6579,2779,1.140,1.490,1.020,1,0,1.000,0,0,18,320,0,8,0
13-04 12:40:19,22.584,4.015,72.270,1.004,0,5355472,140744,181612,2328576,5920.117,1463.467,0,4492.785,0,106.397,2562,2295,1.140,1.490,1.020,1,0,2.007,0,0,18,320,0,8,0
13-04 12:40:20,23.726,3.746,70.180,0.500,0,5362292,167164,182116,2295472,5994.025,1618.387,0,1634.371,0,53.946,2609,2528,1.130,1.480,1.020,1,1,0,0,0,18,320,0,8,0
13-04 12:40:21,23.178,3.738,70.531,1.246,0,5368332,141316,182616,2314688,6315.390,1453.487,0,1997.797,0,86.731,2512,2358,1.130,1.480,1.020,1,0,0,0,0,18,320,0,8,0
13-04 12:40:22,21.248,7.499,69.494,0.750,0,5378476,143748,183500,2301520,4997.589,1457.880,0,60471.026,0,405.967,3196,3150,1.130,1.480,1.020,1,0,0,0,0,18,320,0,7,0
13-04 12:40:23,23.242,2.249,72.726,0.500,0,5381052,126148,184112,2315600,4978.348,1619.463,0,1455.517,0,62.979,2299,2064,1.130,1.480,1.020,1,0,0,0,0,18,320,0,7,0
13-04 12:40:24,24.758,3.251,70.524,0.500,0,5380372,131916,185400,2309492,4579.531,1458.488,0,2596.868,0,63.021,2587,2518,1.130,1.480,1.020,2,0,0,0,0,18,320,0,7,0
13-04 12:40:25,22.496,6.999,67.989,1.000,0,5381916,131256,186316,2308016,4979.183,1619.734,0,121424.066,0,904.851,4067,4195,1.120,1.470,1.020,3,0,0,0,0,18,320,0,7,0
13-04 12:40:26,19.254,2.501,76.766,0.750,0,5386120,154160,186880,2280036,10994.269,4053.837,0,1996.412,0,78.016,2285,2275,1.120,1.470,1.020,1,0,1.000,0,0,18,318,0,5,0
13-04 12:40:27,23.561,4.261,70.933,0,0,5327628,212808,186880,2279916,4696.114,1760.541,0,585.510,0,30.078,2570,2339,1.120,1.470,1.020,1,0,21.054,0,0,18,318,0,5,0
13-04 12:40:28,18.206,2.993,76.567,0.499,0,5324896,209880,186944,2285344,10424.076,3894.688,0,1484.451,0,68.835,2234,2017,1.120,1.470,1.020,2,0,16.959,0,0,18,318,0,5,0
13-04 12:40:29,17.990,3.748,77.457,0,0,5340328,194008,186944,2285652,10992.936,4492.522,0,603.667,0,18.990,2170,1842,1.120,1.470,1.020,1,0,18.990,0,0,18,319,0,5,0
13-04 12:40:30,23.108,8.289,67.316,0.251,0,5332336,195420,187220,2291028,4683.983,1802.459,0,65905.302,0,798.749,10320,18958,1.190,1.480,1.030,1,0,14.066,0,0,18,318,0,2,0
13-04 12:40:31,20.667,7.968,67.978,0.249,0,5326716,200724,187256,2291288,5096.580,1697.200,0,49131.147,0,631.470,10668,19567,1.190,1.480,1.030,1,0,12.948,0,0,18,318,0,2,0
13-04 12:40:32,20.496,6.499,71.986,0.500,0,5328052,199212,187288,2291400,5116.981,1457.710,31.994,723.856,1.000,33.993,2296,1982,1.190,1.480,1.030,1,0,6.999,0,0,18,318,0,2,0
13-04 12:40:33,22.315,4.513,72.209,0.251,0,5301844,236564,187376,2281192,6017.422,1624.704,256.743,373.080,6.017,42.122,2279,1862,1.190,1.480,1.030,1,1,6.017,0,0,18,318,0,2,0
13-04 12:40:34,22.199,4.739,69.838,0.499,0,5314888,221248,187440,2283404,5415.449,1454.629,578.659,3463.972,44.896,185.570,3982,4780,1.190,1.480,1.030,1,0,0,0,0,18,320,0,3,0
13-04 12:40:35,26.738,4.998,64.972,1.749,0,5313860,221244,187440,2284436,5577.561,1619.292,703.692,2087.087,42.981,257.887,7188,10843,1.170,1.470,1.030,1,0,1.999,0,0,18,322,0,5,0
13-04 12:40:36,9.008,21.019,67.561,0.500,0,5247080,287836,187440,2284624,5920.312,1459.309,128.115,1325.189,1.001,77.069,5521,4414,1.170,1.470,1.030,1,0,305.274,0,0,18,322,0,5,0
13-04 12:40:37,14.276,12.273,70.379,1.753,0,5257552,267048,187440,2294944,6011.053,1622.984,10294.931,336.619,246.453,17.031,4353,3551,1.170,1.470,1.030,1,0,144.265,0,0,18,322,0,7,0
13-04 12:40:38,6.977,4.485,74.998,11.461,0,5258216,246636,187440,2314692,5738.711,2572.354,19713.739,3942.748,2001.273,167.437,4050,6200,1.170,1.470,1.030,0,0,5.980,0,0,18,323,0,7,0
13-04 12:40:39,1.501,1.000,96.285,0.250,0,5258468,246384,187440,2314692,10085.713,3014.110,0,196.072,0,14.005,1178,1663,1.170,1.470,1.030,0,0,1.000,0,0,18,323,0,7,0
13-04 12:40:40,2.750,1.000,94.734,0,0,5259472,245376,187440,2314696,164651.709,5127.150,0,167.972,0,21.996,1406,1822,1.080,1.450,1.020,0,0,2.000,0,0,18,323,0,7,0
13-04 12:40:41,7.999,3.500,87.243,0.250,0,5271972,232400,187448,2315136,292618.181,132270.137,31.998,1563.883,3.000,38.997,2267,2266,1.080,1.450,1.020,1,0,13.999,0,0,18,322,0,7,0
13-04 12:40:42,7.246,4.248,86.951,0,0,5269012,235408,187448,2315092,4825.301,1457.185,0,99.944,0,11.993,2569,7684,1.080,1.450,1.020,0,0,36.979,0,0,18,322,0,8,0
13-04 12:40:43,1.251,0.500,96.576,0,0,5268584,235836,187448,2315092,4983.901,1621.269,0,168.132,0,9.007,1179,1704,1.080,1.450,1.020,0,0,0,0,0,18,322,0,7,0
13-04 12:40:44,2.500,0.750,96.010,0.250,0,5266044,238372,187448,2315096,4860.512,1620.171,0,1936.204,0,319.034,1407,1836,1.080,1.450,1.020,0,0,0,0,0,18,322,0,7,0
13-04 12:40:45,1.500,1.000,96.027,0.250,0,5257196,247220,187448,2315096,4441.258,1620.459,0,216.061,0,34.010,1286,1862,0.990,1.420,1.020,0,0,0,0,0,18,322,0,7,0
13-04 12:40:46,1.498,0.749,96.347,0.250,0,5245028,259384,187448,2315100,5108.874,1617.427,0,623.009,0,36.941,1190,1697,0.990,1.420,1.020,0,0,0,0,0,18,322,0,7,0
13-04 12:40:47,1.251,0.751,97.334,0.250,0,5243200,261212,187448,2315100,4281.681,1459.255,0,32.028,0,5.004,941,1349,0.990,1.420,1.020,1,0,0,0,0,18,322,0,7,0
13-04 12:40:48,1.000,0.500,97.250,0,0,5241600,262812,187448,2315100,4799.991,1619.997,0,0,0,0,930,1325,0.990,1.420,1.020,1,0,0,0,0,18,322,0,7,0
13-04 12:40:49,1.250,0.750,96.779,0,0,5240196,264212,187448,2315104,4159.251,1458.438,0,4.001,0,1.000,1089,1449,0.990,1.420,1.020,0,0,3.001,0,0,18,322,0,7,0
13-04 12:40:50,2.000,0.750,95.748,0,0,5238972,265436,187448,2315104,4749.901,1619.966,0,87.998,0,10.000,1198,1720,0.910,1.400,1.010,0,0,0,0,0,18,322,0,7,0
13-04 12:40:51,1.757,1.004,96.399,0.251,0,5238216,266184,187448,2315112,4192.356,1464.061,0,265.097,0,23.096,1270,1772,0.910,1.400,1.010,0,0,0,0,0,18,322,0,7,0
13-04 12:40:52,0.996,0.498,97.353,0,0,5238216,266184,187448,2315112,4541.459,1613.413,0,27.886,0,3.984,900,1330,0.910,1.400,1.010,0,0,0,0,0,18,322,0,7,0
13-04 12:40:53,1.000,1.750,96.020,0,0,5247444,256956,187448,2315112,4338.898,1458.302,0,4.001,0,1.000,1000,1341,0.910,1.400,1.010,1,0,0,0,0,18,322,0,7,0
13-04 12:40:54,1.250,2.500,94.982,0,0.250,5243012,261388,187448,2315112,4697.107,1457.723,0,63.988,0,8.998,1132,1456,0.910,1.400,1.010,0,0,0,0,0,18,322,0,7,0
13-04 12:40:55,1.750,0.750,96.515,0,0,5243012,261388,187448,2315112,4680.713,1620.247,0,104.016,0,12.002,1104,1667,0.840,1.370,1,1,0,0,0,0,18,322,0,7,0
13-04 12:40:56,1.750,1.500,96.001,0.250,0,5242752,261640,187448,2315120,5135.035,1458.010,0,13496.093,0,119.001,1379,1906,0.840,1.370,1,0,0,1.000,0,0,18,322,0,7,0
13-04 12:40:57,1.248,0.749,96.131,0,0,5242752,261640,187448,2315120,5453.268,1618.003,0,83.896,0,11.985,1202,1780,0.840,1.370,1,0,0,0.999,0,0,18,322,0,7,0
13-04 12:40:58,0.751,0.501,97.103,0,0,5242748,261640,187448,2315124,4642.937,1459.552,0,136.145,0,11.012,1167,1764,0.840,1.370,1,1,0,0,0,0,18,322,0,7,0
13-04 12:40:59,1.500,0.750,95.743,0,0,5242748,261640,187448,2315124,4439.680,1619.883,0,867.937,0,185.987,1154,1590,0.840,1.370,1,0,0,1.000,0,0,18,322,0,7,0
13-04 12:41:00,2.000,1.000,96.244,0.250,0,5242748,261640,187448,2315124,4619.725,1619.904,0,251.985,0,19.999,1144,1586,0.770,1.350,1,0,0,0,0,0,18,322,0,7,0
13-04 12:41:01,2.000,1.750,94.495,0.250,0.250,5243232,261392,187448,2315136,4756.745,1619.913,0,5403.710,0,186.990,1511,1839,0.770,1.350,1,0,0,6.000,0,0,18,322,0,7,0
13-04 12:41:02,1.250,0.750,97.260,0,0,5243260,261392,187448,2315136,4980.530,1620.172,0,28.003,0,4.000,901,1287,0.770,1.350,1,0,0,0,0,0,18,322,0,7,0
13-04 12:41:03,1.000,0.250,97.293,0,0,5243260,261392,187448,2315136,5540.444,1458.643,0,140.062,0,1.000,882,1295,0.770,1.350,1,0,0,0,0,0,18,322,0,7,0
13-04 12:41:04,3.000,1.500,94.746,0,0,5243752,260900,187448,2315136,5399.797,1661.937,0,0,0,0,1163,1402,0.770,1.350,1,1,0,2.000,0,0,18,322,0,7,0
13-04 12:41:05,19.750,6.750,72.499,0.250,0.250,5281528,223104,187448,2315156,5999.953,1619.987,527.996,131.999,5.000,11.000,2654,2323,0.790,1.350,1,1,0,6.000,0,0,18,322,0,7,0
13-04 12:41:06,11.998,5.749,80.238,0.250,0,5280924,223692,187448,2315172,4594.320,1457.784,511.924,6435.047,3.999,197.971,2626,2806,0.790,1.350,1,0,0,4.999,0,0,18,322,0,7,0
13-04 12:41:07,5.004,3.002,91.073,0,0,5274528,229972,187448,2315288,5044.060,1621.305,0,84.068,0,10.008,2295,3444,0.790,1.350,1,0,0,3.002,0,0,18,322,0,7,0
13-04 12:41:08,3.743,0.749,93.585,0,0,5246640,257852,187448,2315296,4450.132,1455.427,0,99.824,0,8.984,1493,1957,0.790,1.350,1,1,0,1.996,0,0,18,322,0,9,0
13-04 12:41:09,1.501,0.750,96.314,0,0,5244464,260024,187448,2315300,4262.818,1621.071,0,52.034,0,6.004,1197,1740,0.790,1.350,1,0,0,1.001,0,0,18,322,0,9,0
13-04 12:41:10,1.750,1.000,96.022,0.500,0,5242544,261940,187448,2315304,4519.043,1458.337,0,1216.281,0,228.053,1218,1709,0.730,1.320,0.990,0,0,0,0,0,18,322,0,9,0
13-04 12:41:11,1.504,0.752,96.517,0.501,0,5240880,263604,187448,2315304,4034.157,1299.594,0,2053.680,0,49.136,1244,1752,0.730,1.320,0.990,2,0,1.003,0,0,18,322,0,9,0
13-04 12:41:12,5.738,1.746,91.057,0,0,5247932,256520,187452,2315332,132316.148,2229.285,3.992,139.705,0.998,11.975,1502,1911,0.730,1.320,0.990,1,0,4.989,0,0,18,322,0,9,0
13-04 12:41:13,10.246,3.749,83.719,0,0,5236876,267456,187452,2315452,278603.375,7623.192,103.962,75.972,3.999,3.999,2447,2286,0.730,1.320,0.990,0,0,25.990,0,0,18,322,0,9,0
13-04 12:41:14,11.252,5.251,83.512,0,0,5253264,250604,187452,2315916,287611.405,5818.838,96.014,4.001,3.000,1.000,2227,1902,0.730,1.320,0.990,2,0,25.004,0,0,18,322,0,9,0
