"pcp-dstat 6.2.0 CSV Output"
"Author:","PCP team <pcp@groups.io> and Dag Wieers <dag@wieers.com>",,,,"URL:","https://pcp.io/ and http://dag.wieers.com/home-made/dstat/"
"Host:","ubuntu",,,,"User:","ubuntu"
"Cmdline:","dstat -tcmndrylpg --tcp --output /tmp/devstack_logs/dstat-csv.log",,,,"Date:","19 May 2026 18:38:11 UTC"
"system","total usage",,,,,"memory usage",,,,"net/total",,"dsk/total",,"io/total",,"system",,"load avg",,,"procs",,,"paging",,"tcp sockets",,,,
"time","total usage:usr","total usage:sys","total usage:idl","total usage:wai","total usage:stl","used","free","buf","cach","net/total:recv","net/total:send","dsk/total:read","dsk/total:writ","read","writ","int","csw","1m","5m","15m","run","blk","new","in","out","lis","act","syn","tim","clo"
19-05 18:38:11,,999772,1388660,168212,5251744,,,,,,,1.020,0.790,0.460,1,0,,,,10,4,0,17,1
19-05 18:38:12,18.242,22.240,57.474,1.000,0,1030752,1357236,168392,5251952,40553.361,12176.404,0,3266.499,0,173.920,6038,4868,1.020,0.790,0.460,2,0,388.821,0,0,10,5,0,17,1
19-05 18:38:13,22.242,21.992,52.982,0.500,0,1037568,1349640,168564,5252412,21365.560,12067.798,0,1911.334,0,63.978,5445,4056,1.020,0.790,0.460,3,0,349.878,0,0,10,5,0,17,1
19-05 18:38:14,24.020,19.016,55.046,0.500,0,1034796,1351612,168772,5252856,42476.423,13541.293,0,1965.639,0,62.052,5594,5255,1.260,0.840,0.480,2,0,265.221,0,0,10,5,0,17,1
19-05 18:38:15,30.646,14.949,52.073,0.747,0,1142380,1235852,168928,5385284,135050.684,12079.826,0,1459.027,0,42.854,5809,6972,1.260,0.840,0.480,0,0,153.477,0,0,11,5,0,17,1
19-05 18:38:16,30.034,10.011,58.316,0.751,0,1151340,1203052,169920,5405632,51907.118,1273.450,0,5630.413,0,106.121,3483,2675,1.260,0.840,0.480,2,0,88.100,0,0,11,6,0,17,2
19-05 18:38:17,36.500,14.750,47.749,0.500,0,1166496,1169212,170400,5421820,2905.964,0,0,1911.976,0,54.999,4729,3388,1.260,0.840,0.480,5,0,194.998,0,0,11,6,0,19,2
19-05 18:38:18,42.217,6.995,48.462,1.249,0,1254916,1054636,171296,5444312,2663.913,0,31.975,4512.466,1.998,125.901,3230,2255,1.260,0.840,0.480,2,0,0,0,0,11,6,0,19,2
19-05 18:38:19,44.181,5.491,48.425,1.248,0,1270484,1006656,172564,5472240,2721.775,0,0,6350.143,0,333.482,3859,3399,1.320,0.860,0.490,3,0,0.998,0,0,11,8,0,19,2
19-05 18:38:20,30.882,7.030,44.942,14.311,0,1273492,1002528,174332,5469900,2916.471,482.061,0,37817.717,0,2813.029,12349,22815,1.320,0.860,0.490,2,1,52.223,0,0,11,6,0,19,0
19-05 18:38:21,34.681,8.982,45.410,8.982,0,1244620,1028668,174724,5472300,6698.738,1335.356,0,39489.821,0,3014.033,11071,20058,1.320,0.860,0.490,1,0,87.826,0,0,11,5,0,19,0
19-05 18:38:22,39.993,9.498,47.241,2.250,0,1248404,1018184,174944,5478024,4000.279,1011.818,0,17872.779,0,996.820,4892,5993,1.320,0.860,0.490,2,0,54.990,0,0,11,4,0,19,0
19-05 18:38:23,40.079,5.260,53.856,0.501,0.250,1267108,993000,175304,5482960,9566.845,3121.148,0,2003.947,0,93.184,2779,1765,1.320,0.860,0.490,2,0,18.036,0,0,11,4,0,19,0
19-05 18:38:24,42.978,10.745,43.978,0.500,0,1285592,973624,175396,5483596,2638.658,0,0,5257.327,0,281.857,15737,28107,1.380,0.880,0.500,3,0,26.986,0,0,11,4,0,19,0
19-05 18:38:25,42.890,7.980,47.378,0,0,1251056,1020568,175448,5472500,2393.858,0,0,2477.643,0,112.711,7348,10768,1.380,0.880,0.500,2,0,15.959,0,0,11,4,0,19,0
19-05 18:38:26,37.068,15.028,47.337,0,0,1243144,1028644,175452,5472448,2784.134,42.078,0,124.229,0,6.011,4699,3128,1.380,0.880,0.500,3,0,240.443,0,0,11,4,0,19,0
19-05 18:38:27,8.754,23.512,66.033,0,0,1192952,1078800,175452,5472480,2041.009,0,0,36.018,0,9.004,5514,4018,1.380,0.880,0.500,2,0,364.180,0,0,11,4,0,19,0
19-05 18:38:28,14.508,18.259,65.284,0,0,1171068,1100516,175452,5472968,2521.312,0,0,16.008,0,4.002,6472,7669,1.380,0.880,0.500,1,0,248.129,0,0,11,4,0,19,0
19-05 18:38:29,36.454,13.733,49.188,0,0.250,1194028,1077532,175456,5472984,2456.915,0,0,35.955,0,2.996,3776,2825,1.430,0.900,0.510,2,0,154.806,0,0,11,5,0,19,0
19-05 18:38:30,45.719,4.497,48.967,0,0,1245840,1025188,175464,5473620,3427.690,0,0,323.782,0,10.993,2614,1149,1.430,0.900,0.510,2,0,0,0,0,11,5,0,19,0
19-05 18:38:31,43.830,9.016,46.334,0.501,0,1269288,999684,175516,5475624,3142.718,0,0,15696.559,0,190.346,3180,3590,1.430,0.900,0.510,3,0,0,0,0,11,5,0,13,0
19-05 18:38:32,17.213,11.725,69.849,0,0,1302756,965940,175520,5475980,2574.436,0,0,9263.977,0,318.312,3737,3417,1.430,0.900,0.510,1,0,139.698,0,0,11,4,0,14,0
19-05 18:38:33,22.263,3.502,74.042,0,0,1358132,910564,175520,5475980,2881.636,0,0,0,0,0,1708,1285,1.430,0.900,0.510,1,0,0,0,0,11,4,0,14,0
19-05 18:38:34,23.774,2.252,72.572,0.500,0,1380756,887712,175532,5476196,3163.155,0,0,696.695,0,71.071,2216,2267,1.390,0.900,0.510,1,1,1.001,0,0,11,10,0,14,0
19-05 18:38:35,20.970,5.242,71.646,1.248,0,1371520,896856,175592,5476228,3175.403,0,0,3562.842,0,266.614,3571,4397,1.390,0.900,0.510,1,0,41.939,0,0,11,4,0,16,0
19-05 18:38:36,21.254,3.751,74.015,0,0,1418752,849232,175728,5476420,4729.951,753.151,144.029,0,7.001,0,1726,1145,1.390,0.900,0.510,1,0,1.000,0,0,11,5,0,16,0
19-05 18:38:37,18.997,3.999,75.737,0.750,0,1413156,854452,175784,5476660,8606.579,3975.344,267.956,26963.548,65.989,167.972,2925,2917,1.390,0.900,0.510,2,0,2.000,0,0,11,27,0,16,0
19-05 18:38:38,24.007,8.252,66.520,0,0,1384060,883392,175788,5476808,7516.249,3831.146,0,1428.427,0,30.009,3589,9203,1.390,0.900,0.510,1,0,80.024,0,0,11,28,0,18,0
19-05 18:38:39,18.990,2.499,77.710,0.250,0,1398968,868476,175788,5476812,6707.532,4077.891,0,67.965,0,6.996,1719,1495,1.280,0.880,0.510,1,0,0,0,0,11,29,0,18,0
19-05 18:38:40,19.810,12.287,67.453,0.251,0,1412960,854460,175796,5476828,5627.906,2913.753,0,2367.111,0,26.078,3543,2755,1.280,0.880,0.510,3,0,156.470,0,0,11,28,0,18,0
19-05 18:38:41,37.667,5.488,55.627,0,0,1498812,768592,175796,5476840,6445.794,4307.506,0,3.991,0,0.998,2689,1523,1.280,0.880,0.510,1,0,0,0,0,11,30,0,18,0
19-05 18:38:42,35.318,5.010,58.614,0,0,1491836,775356,175804,5477044,18154.171,14217.545,0,20247.226,0,240.466,6232,8430,1.280,0.880,0.510,3,0,0,0,0,11,29,0,19,0
19-05 18:38:43,57.027,27.763,14.507,0,0,1504668,762516,175804,5477052,3298.548,198.093,0,180.085,0,23.011,5606,4795,1.280,0.880,0.510,7,0,578.271,0,0,11,28,0,19,0
19-05 18:38:44,85.482,14.247,0.750,0,0,1709360,557776,175804,5477096,14519.934,11835.501,0,487.897,0,77.984,5317,3729,1.580,0.950,0.530,7,0,0,0,0,11,31,0,17,0
19-05 18:38:45,78.656,8.989,10.987,0,0,1778840,488024,175812,5477348,33104.354,29080.173,0,351.579,0,36.956,8569,11680,1.580,0.950,0.530,7,0,5.993,0,0,11,30,0,21,0
19-05 18:38:46,35.918,15.714,46.892,0,0,1565284,701552,175820,5477368,7639.474,4755.091,0,530.782,0,43.899,5798,6152,1.580,0.950,0.530,1,0,304.302,0,0,11,28,0,23,0
19-05 18:38:47,20.008,4.002,75.029,0,0,1564872,701940,175828,5477384,4850.901,1966.771,0,15778.182,0,101.040,1860,1536,1.580,0.950,0.530,0,0,0,0,0,11,29,0,23,0
19-05 18:38:48,19.249,2.500,76.995,0.500,0,1519664,747100,175864,5477396,8221.474,4973.682,0,3423.781,0,190.988,3094,3919,1.580,0.950,0.530,1,0,2.000,0,0,11,28,0,24,0
19-05 18:38:49,18.481,7.492,72.424,0,0,1516588,750172,175864,5477400,2876.967,0,0,267.718,0,12.986,2557,1793,1.530,0.950,0.530,1,0,65.930,0,0,11,28,0,24,0
19-05 18:38:50,16.270,2.753,80.349,0,0,1517008,749740,175868,5477408,8920.038,6181.650,0,228.282,0,14.017,2453,2703,1.530,0.950,0.530,2,0,0,0,0,11,29,0,24,0
19-05 18:38:51,11.756,19.260,67.033,0.750,0,1464328,802352,175896,5477416,3065.530,857.428,0,1920.959,0,114.057,5277,4234,1.530,0.950,0.530,2,0,295.147,0,0,11,28,0,25,0
19-05 18:38:52,16.793,33.586,48.374,0,0,1446624,820048,175896,5477424,2285.838,0,0,70885.039,0,378.968,6410,5384,1.530,0.950,0.530,5,0,618.580,0,0,11,28,0,25,0
19-05 18:38:53,82.338,16.967,0.499,0,0,1638528,628104,175896,5477464,4435.247,1297.440,0,1700.644,0,95.811,4950,2617,1.530,0.950,0.530,4,0,131.740,0,0,11,30,0,25,0
19-05 18:38:54,74.688,9.492,15.737,0,0,1708540,557888,175896,5477664,39936.899,34498.407,0,0,0,0,6674,9167,1.810,1.020,0.560,6,0,0,0,0,11,33,0,25,0
19-05 18:38:55,72.082,18.208,8.231,0.499,0,1560976,705388,175916,5477708,18745.422,13669.223,0,1835.732,0,77.819,8591,11507,1.810,1.020,0.560,9,0,309.281,0,0,11,28,0,26,0
19-05 18:38:56,85.340,14.809,0,0,0,1691456,574764,175920,5477816,8563.081,5899.480,0,228.911,0,12.048,5171,3010,1.810,1.020,0.560,6,0,0,0,0,11,30,0,26,0
19-05 18:38:57,81.834,9.259,9.009,0,0,1777548,488352,175920,5478132,36032.890,32335.104,0,280.287,0,12.012,8669,10296,1.810,1.020,0.560,6,0,1.001,0,0,11,33,0,27,0
19-05 18:38:58,63.977,13.995,19.743,0,0,1501256,764420,175924,5478360,28384.916,24576.269,0,467.834,0,33.988,8488,13088,1.810,1.020,0.560,4,0,229.918,0,0,11,28,0,31,0
19-05 18:38:59,41.138,10.970,48.119,0,0,1575148,690520,175924,5478368,2213.959,0,0,231.369,0,14.959,2872,1772,1.830,1.040,0.570,2,0,67.815,0,0,11,28,0,31,0
19-05 18:39:00,31.805,3.506,64.111,0,0,1568532,697080,175936,5478412,18974.833,17136.652,0,276.478,0,20.035,5202,6410,1.830,1.040,0.570,1,0,0,0,0,11,29,0,31,0
19-05 18:39:01,45.567,23.034,30.545,0,0,1437868,827720,175944,5478428,5073.449,1253.841,0,909.335,0,59.087,5575,4641,1.830,1.040,0.570,4,0,378.556,0,0,11,28,0,32,0
19-05 18:39:02,54.440,6.992,37.459,0.250,0,1563040,702460,175944,5478500,15311.214,12407.397,0,5294.196,0,359.606,3984,2687,1.830,1.040,0.570,3,0,0,0,0,11,31,0,32,0
19-05 18:39:03,51.166,14.975,32.946,0.250,0,1526992,738412,175952,5478680,18979.727,15828.918,0,291.520,0,38.936,7617,10133,1.830,1.040,0.570,5,0,257.576,0,0,11,28,0,33,0
19-05 18:39:04,81.428,12.026,6.765,0,0,1618524,646840,175956,5478716,8257.045,5257.490,0,184.403,0,8.018,4715,2078,2,1.090,0.580,2,0,0,0,0,11,31,1,29,0
19-05 18:39:05,59.856,6.235,32.921,0.249,0,1626336,638804,175968,5478928,38327.488,33408.361,0,1185.139,0,33.918,9165,13412,2,1.090,0.580,5,0,0,0,0,11,30,0,31,0
19-05 18:39:06,63.943,18.556,17.051,0,0,1536656,728452,175972,5478956,5520.622,1655.986,0,1055.177,0,28.085,4568,3725,2,1.090,0.580,4,0,324.978,0,0,11,28,0,32,0
19-05 18:39:07,51.154,5.490,42.171,0,0,1591904,673160,175972,5479000,20053.268,17504.064,0,598.873,0,13.974,4575,4673,2,1.090,0.580,2,0,0.998,0,0,11,31,0,32,0
19-05 18:39:08,52.822,19.026,27.287,0,0,1496832,768172,175992,5479040,16209.124,11449.628,0,957.307,0,68.093,6887,8329,2,1.090,0.580,3,0,299.409,0,0,11,28,0,31,0
19-05 18:39:09,56.021,7.753,36.014,0.250,0,1595588,669268,175992,5479188,14648.606,11800.516,0,2540.972,0,83.032,4004,2801,2.080,1.120,0.600,4,0,0,0,0,11,31,0,31,0
19-05 18:39:10,51.189,14.732,33.710,0,0,1477440,787228,176004,5479364,19276.059,16237.675,0,255.696,0,24.970,7265,9558,2.080,1.120,0.600,6,0,267.681,0,0,11,28,0,34,0
19-05 18:39:11,63.283,12.006,24.513,0,0,1596640,667848,176012,5479536,2581.365,242.128,0,196.104,0,9.005,3742,1651,2.080,1.120,0.600,2,0,19.010,0,0,11,28,1,34,0
19-05 18:39:12,44.024,5.753,48.527,0,0,1602680,661604,176020,5479732,27292.924,24567.434,0,564.309,0,40.022,6481,8255,2.080,1.120,0.600,4,0,0,0,0,11,29,1,35,0
19-05 18:39:13,61.253,14.001,24.501,0,0,1535112,729140,176040,5479744,3539.174,803.039,0,1004.049,0,64.003,4533,3236,2.080,1.120,0.600,3,0,112.006,0,0,11,28,0,36,0
19-05 18:39:14,50.841,5.981,41.869,0,0,1598968,665240,176044,5479784,20415.022,18245.820,0,1519.239,0,153.519,5349,5329,2.150,1.150,0.610,3,0,0,0,0,11,31,0,36,0
19-05 18:39:15,56.179,24.077,19.311,0,0,1522468,741696,176056,5479816,11965.070,7638.303,0,288.919,0,41.131,7441,8310,2.150,1.150,0.610,7,0,460.465,0,0,11,28,0,38,0
19-05 18:39:16,80.245,19.499,0,0,0,1668584,595492,176056,5479872,4505.738,1965.886,0,219.987,0,11.999,5509,4403,2.150,1.150,0.610,6,0,377.978,0,0,11,29,0,38,0
19-05 18:39:17,74.127,19.967,5.241,0.250,0,1789524,474328,176064,5480088,36118.941,33466.351,0,331.449,0,20.965,7582,8332,2.150,1.150,0.610,6,0,363.396,0,0,11,33,0,38,0
19-05 18:39:18,74.864,23.286,2.003,0,0,1779268,484512,176088,5480136,32927.207,28254.081,0,673.026,0,56.086,8743,10869,2.150,1.150,0.610,7,0,456.696,0,0,11,28,0,39,0
19-05 18:39:19,81.313,18.458,0.249,0,0,1636448,627140,176088,5480360,4424.817,2205.924,0,183.578,0,8.979,5187,3264,2.380,1.210,0.630,4,0,198.543,0,0,11,29,0,39,0
19-05 18:39:20,77.921,9.521,12.026,0,0,1703388,560172,176088,5480404,33225.023,29463.757,0,148.326,0,8.018,7023,8669,2.380,1.210,0.630,5,0,0,0,0,11,32,0,40,0
19-05 18:39:21,57.493,19.498,21.997,0,0,1484860,778460,176096,5480636,28455.356,24724.834,0,127.984,0,11.998,8779,12923,2.380,1.210,0.630,3,0,434.944,0,0,11,28,0,42,0
19-05 18:39:22,12.254,28.260,58.021,0,0,1456512,806776,176100,5480664,2400.849,0,0,196.069,0,13.005,6094,4770,2.380,1.210,0.630,4,0,558.198,0,0,11,28,0,42,0
19-05 18:39:23,63.254,30.252,6.250,0,0,1530472,732788,176104,5480688,2681.161,242.015,0,212.013,0,17.001,5688,4552,2.380,1.210,0.630,3,0,609.037,0,0,11,28,1,42,0
19-05 18:39:24,66.965,8.246,24.487,0,0,1625668,637396,176104,5480884,23993.446,21977.500,0,287.849,0,23.987,5327,6454,2.510,1.260,0.650,3,0,0,0,0,11,31,0,43,0
19-05 18:39:25,67.289,17.010,14.508,0.500,0,1557820,705184,176112,5480936,14363.321,10787.249,0,1000.580,0,88.051,7182,9262,2.510,1.260,0.650,6,0,240.139,0,0,11,28,0,46,0
19-05 18:39:26,75.108,10.979,14.223,0,0,1659156,603808,176112,5480976,14965.736,12087.173,0,223.578,0,12.975,4785,3649,2.510,1.260,0.650,5,0,27.947,0,0,11,31,0,46,0
19-05 18:39:27,56.318,6.758,36.043,0,0,1677260,585452,176120,5481220,38497.365,35685.979,0,897.080,0,13.016,9335,15614,2.510,1.260,0.650,1,0,1.001,0,0,11,32,0,46,0
19-05 18:39:28,66.043,10.757,22.014,0.250,0,1513220,749252,176136,5481440,29873.402,25149.334,0,516.335,0,52.034,9920,15111,2.510,1.260,0.650,3,0,90.058,0,0,11,29,0,46,0
19-05 18:39:29,78.147,12.733,8.988,0,0.250,1614220,648228,176140,5481460,11022.421,7483.102,0,303.598,0,24.967,5214,3693,2.630,1.310,0.670,4,0,29.960,0,0,11,30,0,46,0
19-05 18:39:30,60.833,7.010,30.792,0,0,1649356,612856,176140,5481692,38869.338,35251.373,0,2771.804,0,110.151,8887,14541,2.630,1.310,0.670,2,0,0,0,0,11,32,0,46,0
19-05 18:39:31,59.682,12.236,26.720,0,0,1586764,675212,176140,5481924,35965.238,31570.219,0,191.783,0,8.990,10936,16605,2.630,1.310,0.670,4,0,141.839,0,0,11,29,0,49,0
19-05 18:39:32,75.839,15.018,8.760,0,0,1606500,655436,176140,5481960,10886.748,8854.369,0,244.286,0,14.016,4948,3529,2.630,1.310,0.670,4,0,118.138,0,0,11,30,0,50,0
19-05 18:39:33,64.723,7.997,26.989,0,0,1646364,615368,176148,5482156,34907.177,31970.424,0,251.893,0,11.995,9123,13057,2.630,1.310,0.670,4,0,0,0,0,11,32,0,49,0
19-05 18:39:34,72.518,14.254,12.253,0.250,0,1498036,763592,176148,5482256,19100.809,14383.621,0,412.104,0,37.009,7951,9671,2.740,1.350,0.690,5,0,128.032,0,0,11,28,0,51,0
19-05 18:39:35,71.549,10.969,16.952,0,0,1643372,618100,176148,5482376,17211.621,14192.108,0,155.563,0,10.969,4685,2989,2.740,1.350,0.690,3,0,1.994,0,0,11,32,0,51,0
19-05 18:39:36,64.675,12.785,22.310,0,0,1637996,623424,176160,5482412,28294.355,23031.152,0,356.963,0,37.100,7480,11987,2.740,1.350,0.690,3,0,120.325,0,0,11,30,0,53,0
19-05 18:39:37,70.860,13.426,14.669,0,0,1552972,708216,176160,5482636,23341.472,18804.455,0,190.949,0,12.929,6062,7167,2.740,1.350,0.690,4,0,141.222,0,0,11,30,0,53,0
19-05 18:39:38,74.417,12.570,12.822,0,0,1612008,649088,176184,5482700,22991.728,19113.011,0,2441.671,0,182.019,7027,16902,2.740,1.350,0.690,4,0,81.456,0,0,11,33,0,56,0
19-05 18:39:39,74.618,13.726,10.981,0,0,1635328,625600,176188,5482868,14704.905,11591.430,0,99.823,0,6.988,5565,5962,2.760,1.380,0.700,4,0,76.864,0,0,11,32,0,58,0
19-05 18:39:40,70.762,11.502,17.753,0,0,1628908,631976,176188,5482912,19778.397,17716.043,0,0,0,0,5299,5560,2.760,1.380,0.700,3,0,34.006,0,0,11,35,0,58,0
19-05 18:39:41,59.295,12.259,26.770,0,0,1571744,689088,176200,5482948,20586.730,16332.479,0,524.401,0,55.042,6974,8259,2.760,1.380,0.700,5,0,183.140,0,0,11,32,0,59,0
19-05 18:39:42,59.452,12.240,28.227,0,0,1556004,704804,176200,5482972,7316.065,4625.248,0,139.887,0,8.993,4061,2337,2.760,1.380,0.700,4,0,74.939,0,0,11,33,0,59,0
19-05 18:39:43,48.721,8.745,41.725,0.250,0,1527736,732848,176200,5483188,24835.386,21311.459,0,427.748,0,19.988,6117,7782,2.760,1.380,0.700,5,0,79.953,0,0,11,34,0,60,0
19-05 18:39:44,58.768,14.004,26.508,0,0.250,1519716,740716,176200,5483340,8788.677,5601.706,0,228.069,0,9.003,5177,4553,2.780,1.410,0.710,3,0,102.031,0,0,11,32,0,62,0
19-05 18:39:45,52.325,7.010,40.809,0,0,1572020,688204,176204,5483540,20843.912,18292.250,0,244.351,0,19.027,5306,5676,2.780,1.410,0.710,2,0,0,0,0,11,35,0,60,0
19-05 18:39:46,37.914,11.474,48.639,0.249,0,1480116,780040,176216,5483592,18081.898,13630.018,0,419.047,0,36.916,6544,8610,2.780,1.410,0.710,2,0,152.653,0,0,11,32,0,63,0
19-05 18:39:47,40.137,11.149,47.817,0,0,1473984,786172,176216,5483592,3013.709,239.828,0,150.636,0,10.901,3475,1959,2.780,1.410,0.710,2,0,68.381,0,0,11,32,1,63,0
19-05 18:39:48,33.232,3.525,61.933,0,0,1495692,764416,176216,5483640,17203.144,14547.598,0,221.547,0,14.098,3893,4594,2.780,1.410,0.710,4,0,0,0,0,11,33,0,64,0
19-05 18:39:49,36.878,13.296,48.920,0.251,0,1480620,779304,176224,5483812,6226.593,2774.622,0,610.116,0,40.139,4214,3794,2.720,1.420,0.720,2,0,138.480,0,0,11,32,0,59,0
19-05 18:39:50,34.243,4.249,60.237,0.250,0,1502076,757828,176232,5483824,14534.890,11321.577,0,331.929,0,50.989,3213,3034,2.720,1.420,0.720,2,0,2.000,0,0,11,33,0,60,0
19-05 18:39:51,39.061,7.261,53.584,0.501,0,1533884,725972,176244,5483852,8669.557,5665.860,0,336.526,0,36.056,4412,5104,2.720,1.420,0.720,2,0,66.103,0,0,11,32,0,61,0
19-05 18:39:52,38.487,5.998,53.981,0,0,1484476,775360,176248,5483864,8633.022,5974.939,0,143.950,0,9.997,3132,2526,2.720,1.420,0.720,3,0,4.998,0,0,11,33,0,61,0
19-05 18:39:53,32.383,6.975,59.536,0,0,1433744,826052,176252,5483896,18466.528,14869.476,0,203.268,0,10.961,5123,6159,2.720,1.420,0.720,2,0,42.846,0,0,11,33,0,61,0
19-05 18:39:54,40.214,5.995,52.453,0.250,0,1454620,805136,176264,5483924,8007.822,3399.952,0,291.738,0,23.979,3416,2604,2.660,1.430,0.730,3,0,4.996,0,0,11,33,0,62,0
19-05 18:39:55,35.885,3.764,59.474,0,0,1490448,769140,176268,5484084,19373.969,15038.641,0,3738.079,0,159.601,4752,5264,2.660,1.430,0.730,2,0,0,0,0,11,33,0,63,0
19-05 18:39:56,25.681,15.957,56.597,0.249,0,1416624,842876,176280,5484160,8103.103,5014.449,0,291.213,0,25.930,5663,5808,2.660,1.430,0.730,3,0,281.240,0,0,11,32,0,64,0
19-05 18:39:57,19.015,2.502,77.813,0,0,1433088,826404,176280,5484164,7583.160,5036.091,0,180.146,0,8.007,1943,1679,2.660,1.430,0.730,2,0,1.001,0,0,11,33,0,62,0
19-05 18:39:58,18.743,2.499,78.220,0,0,1437748,821720,176280,5484188,9095.527,5662.838,0,1531.415,0,23.991,3181,3846,2.660,1.430,0.730,1,0,0,0,0,11,32,0,63,0
19-05 18:39:59,9.751,19.502,68.758,0,0,1402176,857284,176280,5484196,2820.308,0,0,176.019,0,17.002,4641,3104,2.450,1.400,0.720,1,0,284.031,0,0,11,32,0,63,0
19-05 18:40:00,20.500,3.750,75.500,0,0,1463344,796112,176284,5484196,4789.012,1966.005,0,152.000,0,8.000,1696,1199,2.450,1.400,0.720,0,0,0,0,0,11,33,0,63,0
19-05 18:40:01,18.257,2.501,77.780,0.250,0,1456464,802956,176292,5484224,12831.921,8815.381,0,1020.391,0,141.054,3558,4325,2.450,1.400,0.720,1,0,0,0,0,11,32,0,64,0
19-05 18:40:02,19.548,7.518,72.176,0.251,0.251,1414012,845376,176292,5484256,3308.074,0,0,84.206,0,7.017,2318,1533,2.450,1.400,0.720,1,0,46.113,0,0,11,32,0,58,0
19-05 18:40:03,18.198,2.244,78.278,0,0.249,1414472,844912,176292,5484260,9063.340,5707.840,0,107.695,0,4.986,1899,1573,2.450,1.400,0.720,0,0,0,0,0,11,33,0,58,0
19-05 18:40:04,19.248,3.000,75.992,0.250,0,1415804,843400,176308,5484420,12064.749,8371.132,0,603.937,0,44.995,4768,6484,2.330,1.390,0.730,1,0,2.000,0,0,11,32,0,58,0
19-05 18:40:05,9.515,21.032,67.603,0,0,1351200,907864,176308,5484560,3485.334,0,0,112.172,0,10.015,5090,3341,2.330,1.390,0.730,1,0,323.495,0,0,11,32,0,58,0
19-05 18:40:06,22.232,20.733,55.705,0,0,1412800,846216,176344,5484568,3374.260,0,0,407.669,0,27.977,4999,3860,2.330,1.390,0.730,2,0,302.754,0,0,11,32,0,56,0
19-05 18:40:07,43.684,6.740,48.427,0.250,0,1528344,729336,176396,5485712,3354.946,0,0,379.428,0,11.982,2891,1555,2.330,1.390,0.730,2,0,3.994,0,0,11,34,0,56,0
19-05 18:40:08,37.614,6.520,42.880,11.535,0,1523148,728524,177168,5490540,3129.468,0,0,20710.657,0,2074.275,10839,20003,2.330,1.390,0.730,1,1,93.282,0,0,11,36,0,56,0
19-05 18:40:09,34.596,8.213,40.818,12.445,0,1523360,724636,178140,5493128,3165.909,0,0,42586.454,0,3679.623,14376,28032,2.380,1.420,0.740,2,1,68.694,0,0,11,36,0,56,0
19-05 18:40:10,41.355,7.519,46.117,4.511,0,1519184,729172,178288,5492612,2650.736,94.239,0,23303.218,0,1657.211,7617,12817,2.380,1.420,0.740,3,0,13.033,0,0,11,32,0,54,0
19-05 18:40:11,41.608,7.520,46.371,3.509,0,1565564,682508,178416,5492748,2433.338,0,0,6889.945,0,892.324,6395,9729,2.380,1.420,0.740,2,1,2.005,0,0,11,34,0,54,0
19-05 18:40:12,36.621,10.214,44.344,7.474,0,1517800,729640,178656,5493132,2451.371,0,0,16673.311,0,2116.550,11742,20545,2.380,1.420,0.740,2,0,43.846,0,0,11,32,0,54,0
19-05 18:40:13,23.074,6.019,68.720,0.502,0,1459308,788056,178712,5493148,2588.271,0,0,4028.875,0,218.699,2739,2726,2.380,1.420,0.740,1,0,57.183,0,0,11,32,0,54,0
19-05 18:40:14,22.688,3.740,72.553,0.249,0,1523304,724036,178736,5493148,2632.841,0,0,1719.325,0,93.745,1997,1607,2.270,1.410,0.740,1,0,1.995,0,0,11,32,0,49,0
19-05 18:40:15,22.762,3.752,72.539,0.750,0,1478284,768992,178780,5493168,2761.486,84.045,0,6099.282,0,318.171,2244,2394,2.270,1.410,0.740,3,0,1.001,0,0,11,32,0,49,0
19-05 18:40:16,22.454,3.992,73.351,0.249,0,1532172,715104,178780,5493168,3250.393,0,0,1021.923,0,168.657,2016,1226,2.270,1.410,0.740,1,0,1.996,0,0,11,32,0,49,0
19-05 18:40:17,22.774,3.504,73.326,0,0,1507544,739732,178780,5493168,2892.991,0,0,8.008,0,2.002,1773,1239,2.270,1.410,0.740,1,0,2.002,0,0,11,32,0,49,0
19-05 18:40:18,22.134,3.482,72.868,0,0,1518592,728672,178780,5493180,2745.612,0,0,0,0,0,1765,1183,2.270,1.410,0.740,1,0,1.990,0,0,11,32,0,46,0
19-05 18:40:19,23.440,2.992,73.063,0,0,1479672,767476,178784,5493256,3122.003,0,0,95.755,0,0.997,1764,1146,2.170,1.410,0.740,2,0,0.997,0,0,11,32,0,46,0
19-05 18:40:20,22.439,3.278,73.367,0,0,1527452,719692,178784,5493256,3267.470,0,0,229.933,0,2.017,1779,1178,2.170,1.410,0.740,1,0,2.017,0,0,11,32,0,46,0
19-05 18:40:21,24.001,2.750,72.754,0,0,1498128,748924,178784,5493344,2657.139,0,0,88.005,0,9.000,1780,1246,2.170,1.410,0.740,3,0,1.000,0,0,11,32,0,46,0
19-05 18:40:22,21.757,4.001,73.275,0.250,0,1491456,755552,178796,5493372,2400.827,0,0,344.119,0,26.009,1868,1543,2.170,1.410,0.740,4,0,1.000,0,0,11,32,0,41,0
19-05 18:40:23,21.747,4.000,73.991,0,0,1493108,753900,178796,5493372,2759.677,0,0,4.000,0,1.000,1810,1376,2.170,1.410,0.740,1,0,0,0,0,11,32,0,41,0
19-05 18:40:24,23.000,2.750,73.248,0,0,1508684,738324,178796,5493372,2639.945,0,0,16.000,0,2.000,1733,1169,2.080,1.400,0.740,1,0,2.000,0,0,11,32,0,41,0
19-05 18:40:25,21.744,3.999,73.729,0,0,1496956,750028,178800,5493388,2519.294,0,0,0,0,0,1766,1316,2.080,1.400,0.740,1,0,1.000,0,0,11,32,0,41,0
19-05 18:40:26,22.529,3.755,73.846,0,0,1483560,763384,178800,5493424,2360.075,0,0,0,0,0,1705,1186,2.080,1.400,0.740,1,0,1.001,0,0,11,32,0,37,0
19-05 18:40:27,22.228,3.497,73.428,0,0,1526800,720144,178800,5493424,1918.126,0,0,0,0,0,1751,1223,2.080,1.400,0.740,1,0,2.997,0,0,11,32,0,37,0
19-05 18:40:28,18.050,8.524,72.702,0,0,1475292,771508,178800,5493568,2296.365,0,0,112.311,0,2.006,3083,2236,2.080,1.400,0.740,2,0,137.381,0,0,11,32,0,37,0
19-05 18:40:29,8.500,21.500,69.001,0,0,1477368,769388,178800,5493596,2040.018,0,0,1060.009,0,15.000,6221,4993,1.910,1.380,0.740,1,0,516.004,0,0,11,32,0,37,0
19-05 18:40:30,8.244,20.735,69.201,0,0,1458124,788460,178800,5493768,2398.307,0,0,275.805,0,5.996,5755,4378,1.910,1.380,0.740,1,0,403.715,0,0,11,32,0,37,0
19-05 18:40:31,12.475,15.470,70.860,0,0,1449156,797396,178804,5493784,2591.890,0,0,195.614,0,9.980,4828,3880,1.910,1.380,0.740,1,0,311.386,0,0,11,32,0,37,0
19-05 18:40:32,21.498,4.250,72.992,0.250,0,1501508,745036,178812,5493784,2639.728,0,0,431.956,0,30.997,1880,1458,1.910,1.380,0.740,1,0,2.000,0,0,11,32,0,37,0
19-05 18:40:33,23.502,2.500,74.005,0,0,1482520,764024,178812,5493784,2820.207,0,0,16.001,0,1.000,1732,1135,1.910,1.380,0.740,1,0,1.000,0,0,11,32,0,37,0
19-05 18:40:34,22.732,2.748,73.442,0,0,1486612,759936,178812,5493780,2857.732,0,0,3.997,0,0.999,1728,1266,1.840,1.370,0.740,1,0,0,0,0,11,32,0,31,0
19-05 18:40:35,22.518,3.503,73.309,0,0,1511056,735492,178812,5493780,4143.330,0,0,24.019,0,2.002,1791,1192,1.840,1.370,0.740,1,0,2.002,0,0,11,32,0,31,0
19-05 18:40:36,21.999,4.250,73.746,0,0,1479548,766992,178812,5493788,4216.784,0,0,0,0,0,1855,1299,1.840,1.370,0.740,1,0,1.000,0,0,11,32,0,31,0
19-05 18:40:37,22.469,3.995,72.401,0,0,1499060,747480,178812,5493788,4194.271,0,0,63.913,0,3.995,1900,1329,1.840,1.370,0.740,1,0,2.996,0,0,11,32,0,31,0
19-05 18:40:38,26.829,6.519,64.942,0.752,0,1476220,770288,178848,5493780,2647.829,0,0,4609.630,0,209.620,3193,12888,1.840,1.370,0.740,1,0,37.110,0,0,11,32,0,26,0
19-05 18:40:39,21.509,4.502,73.782,0,0,1529640,716864,178848,5493784,2761.179,0,0,2561.094,0,95.041,1824,1200,1.770,1.360,0.740,1,0,2.001,0,0,11,32,0,26,0
19-05 18:40:40,22.937,2.742,73.297,0,0,1486776,759704,178848,5493808,2812.230,0,0,19.945,0,0.997,1679,1164,1.770,1.360,0.740,1,0,0.997,0,0,11,32,0,26,0
19-05 18:40:41,21.769,4.003,73.814,0,0,1539460,707020,178852,5493804,3079.669,0,0,212.184,0,9.008,1756,1250,1.770,1.360,0.740,5,0,2.002,0,0,11,32,0,26,0
19-05 18:40:42,22.748,3.500,73.245,0,0,1507072,739396,178852,5493816,2939.798,0,0,311.979,0,21.998,1818,1474,1.770,1.360,0.740,3,0,1.000,0,0,11,32,0,26,0
19-05 18:40:43,22.481,3.247,73.438,0,0,1549992,696504,178852,5493788,2577.840,69.941,0,43.963,0,3.997,1744,1252,1.770,1.360,0.740,2,0,1.998,0,0,11,32,0,19,0
19-05 18:40:44,22.774,2.503,74.078,0,0,1471712,774756,178852,5493816,2282.403,0,0,28.030,0,1.001,1541,1132,1.710,1.360,0.740,2,0,1.001,0,0,11,32,0,19,0
19-05 18:40:45,22.447,3.741,73.578,0,0,1497568,748988,178852,5493728,2933.133,0,0,59.860,0,0.998,1701,1205,1.710,1.360,0.740,1,0,0,0,0,11,32,0,19,0
19-05 18:40:46,22.546,2.756,73.899,0,0,1514248,732308,178852,5493728,3033.133,0,0,88.178,0,1.002,1738,1161,1.710,1.360,0.740,2,0,2.004,0,0,11,32,0,19,0
19-05 18:40:47,22.792,3.468,73.084,0,0,1465656,780812,178852,5493816,2081.033,0,0,574.762,0,101.079,1842,1323,1.710,1.360,0.740,2,0,1.982,0,0,11,32,0,13,0
19-05 18:40:48,21.762,3.796,73.636,0,0,1500944,745524,178852,5493816,2672.167,0,0,12.146,0,1.012,1727,1223,1.710,1.360,0.740,1,0,1.012,0,0,11,32,0,13,0
19-05 18:40:49,22.176,3.488,73.257,0.249,0,1538224,708264,178852,5493796,2451.871,0,0,91.696,0,2.990,1689,1137,1.650,1.350,0.750,2,0,1.993,0,0,11,32,0,13,0
19-05 18:40:50,23.724,3.246,72.422,0,0,1474572,771896,178852,5493816,2707.073,0,0,47.948,0,0.999,1769,1255,1.650,1.350,0.750,1,0,0.999,0,0,11,32,0,13,0
19-05 18:40:51,23.204,3.743,72.355,0,0,1485228,761232,178852,5493804,2292.413,0,0,87.824,0,4.990,1930,1309,1.650,1.350,0.750,4,0,6.986,0,0,11,32,0,10,0
19-05 18:40:52,22.579,3.763,73.257,0.251,0,1541140,705308,178856,5493812,2468.666,0,0,433.522,0,35.123,1945,1725,1.650,1.350,0.750,1,0,2.007,0,0,11,32,0,10,0
19-05 18:40:53,20.253,6.001,72.512,0,0,1524204,722204,178856,5493852,3780.619,0,0,40.007,0,3.000,2310,1560,1.650,1.350,0.750,2,0,60.010,0,0,11,32,0,10,0
19-05 18:40:54,9.247,22.492,67.226,0,0,1505256,741136,178856,5493868,3418.799,0,0,191.933,0,7.997,5385,3778,1.520,1.330,0.740,1,0,351.876,0,0,11,32,0,10,0
19-05 18:40:55,18.758,7.503,72.780,0,0,1517996,728388,178856,5493876,3961.639,0,0,88.036,0,3.001,2325,1750,1.520,1.330,0.740,1,0,48.020,0,0,11,32,0,7,0
19-05 18:40:56,23.999,1.500,73.746,0,0,1526376,719820,178856,5494064,2656.862,0,0,0,0,0,1640,1001,1.520,1.330,0.740,1,0,0,0,0,11,32,0,7,0
19-05 18:40:57,21.748,4.750,73.245,0,0,1501636,744456,178856,5494132,2519.813,0,0,0,0,0,1880,1343,1.520,1.330,0.740,1,0,9.999,0,0,11,32,0,7,0
19-05 18:40:58,24.246,1.500,73.738,0,0.250,1501060,745032,178856,5494132,2949.539,0,0,323.949,0,38.994,1618,968,1.520,1.330,0.740,2,0,0,0,0,11,32,0,7,0
19-05 18:40:59,9.269,22.297,67.642,0,0,1415220,830716,178856,5494284,2645.540,0,40.084,156.327,2.004,7.015,6156,4916,1.480,1.320,0.740,1,0,516.081,0,0,11,32,0,4,0
19-05 18:41:00,8.005,22.014,68.793,0,0,1407360,838528,178856,5494312,2401.496,0,0,280.175,0,7.004,6396,5275,1.480,1.320,0.740,1,0,565.352,0,0,11,32,0,4,0
19-05 18:41:01,8.248,21.744,68.481,0,0,1401096,844748,178856,5494352,2896.196,0,0,619.828,0,7.998,6315,5012,1.480,1.320,0.740,1,0,525.854,0,0,11,32,0,4,0
19-05 18:41:02,8.493,22.232,67.197,0,0,1383716,862080,178856,5494400,2637.903,0,0,1454.843,0,41.967,5727,4394,1.480,1.320,0.740,2,0,374.702,0,0,11,32,0,4,0
19-05 18:41:03,8.760,22.024,68.074,0,0,1390196,855576,178856,5494420,2702.946,0,0,792.864,0,9.010,5458,3873,1.480,1.320,0.740,1,0,374.408,0,0,11,32,0,3,0
19-05 18:41:04,7.733,21.950,69.343,0,0.249,1386688,859068,178856,5494436,3112.965,0,0,770.259,0,35.919,5441,3848,1.360,1.300,0.740,1,0,361.184,0,0,11,32,0,3,0
19-05 18:41:05,7.761,21.030,69.099,0,0,1384328,861404,178856,5494460,2944.206,0,0,116.166,0,5.007,5014,3399,1.360,1.300,0.740,1,0,287.411,0,0,11,32,0,3,0
19-05 18:41:06,7.507,21.021,69.319,0,0.250,1382032,863680,178856,5494480,2959.943,0,0,140.139,0,5.005,4951,3312,1.360,1.300,0.740,1,0,268.267,0,0,11,32,0,3,0
19-05 18:41:07,8.230,21.449,67.589,0,0,1379024,866648,178856,5494508,2633.741,0,0,319.241,0,8.979,5043,3443,1.360,1.300,0.740,2,0,291.308,0,0,11,32,0,1,0
19-05 18:41:08,7.509,23.528,67.081,0,0,1374760,870900,178856,5494520,2282.745,0,0,36.043,0,9.011,5380,3643,1.360,1.300,0.740,1,0,341.411,0,0,11,32,0,1,0
19-05 18:41:09,8.721,19.683,69.515,0,0.249,1372392,873244,178856,5494544,2332.116,0,0,15.946,0,3.987,4887,3241,1.250,1.280,0.730,1,0,252.148,0,0,11,32,0,1,0
19-05 18:41:10,17.563,26.846,53.943,0,0,1333708,911880,178872,5494576,2954.595,94.338,0,429.540,0,20.072,6130,4973,1.250,1.280,0.730,2,0,483.735,0,0,11,32,0,3,0
19-05 18:41:11,48.541,26.022,24.270,0.250,0,1500660,744884,178904,5494572,2659.236,0,0,824.693,0,60.050,5710,4698,1.250,1.280,0.730,3,0,428.360,0,0,11,32,0,7,0
19-05 18:41:12,62.033,11.506,24.263,2.001,0,1645008,596008,179180,5498404,2641.419,0,372.200,5318.858,3.002,343.184,5059,4665,1.250,1.280,0.730,2,1,19.010,0,0,11,34,0,7,0
19-05 18:41:13,36.240,8.747,37.239,14.746,0,1651600,577932,180032,5508108,2519.274,0,0,68380.282,0,4747.631,19039,36715,1.250,1.280,0.730,8,0,105.969,0,0,11,36,0,8,0
19-05 18:41:14,37.088,13.939,32.857,13.690,0,1675980,543700,180552,5517084,2748.002,0,0,84578.726,0,5787.731,19636,40072,1.710,1.370,0.770,3,0,132.422,0,0,11,36,0,8,0
19-05 18:41:15,37.557,10.266,33.300,15.273,0,1703688,506424,180832,5526088,8815.319,5753.694,0,79556.205,0,5981.037,19881,39650,1.710,1.370,0.770,1,1,50.076,0,0,11,37,0,8,0
19-05 18:41:16,39.829,15.030,32.314,11.523,0,1544608,658760,181236,5532152,6743.410,3612.183,0,43791.086,0,3299.562,16273,28995,1.710,1.370,0.770,3,0,201.401,0,0,11,34,0,9,0
19-05 18:41:17,41.510,21.505,25.256,10.503,0,1584716,612228,181568,5538328,4364.047,1966.472,296.071,57645.835,4.001,3891.934,17317,32343,1.710,1.370,0.770,3,0,279.067,0,0,11,35,0,9,0
19-05 18:41:18,35.746,18.498,32.996,9.499,0,1591360,601084,181812,5542020,14870.353,11529.723,1599.823,43612.170,26.997,3314.633,16178,32395,1.710,1.370,0.770,3,1,229.975,0,0,11,35,0,9,0
19-05 18:41:19,30.781,10.010,44.545,13.013,0,1578012,610328,181904,5545900,9926.997,5953.996,0,59872.293,0,4447.479,18773,36095,1.890,1.420,0.780,1,1,82.083,0,0,11,34,0,9,0
19-05 18:41:20,31.970,7.243,43.460,13.737,0,1580636,608168,182068,5545260,4964.396,2048.100,0,46588.791,0,3972.316,15624,29859,1.890,1.420,0.780,1,2,20.981,0,0,11,35,0,9,0
19-05 18:41:21,30.935,7.734,47.400,11.226,0,1576676,610084,182240,5547100,14051.249,10056.707,0,42066.931,0,3566.449,16312,30874,1.890,1.420,0.780,2,1,35.924,0,0,11,35,0,9,0
19-05 18:41:22,29.584,7.772,46.633,12.536,0,1509332,677020,182344,5547384,11164.834,8168.290,0,37430.725,0,3213.162,16397,29829,1.890,1.420,0.780,3,1,53.152,0,0,11,34,0,10,0
19-05 18:41:23,36.490,9.997,39.739,11.247,0,1568468,615924,182428,5549216,2759.219,0,0,28763.860,0,2649.250,13399,24448,1.890,1.420,0.780,6,1,80.977,0,0,11,36,0,10,0
19-05 18:41:24,31.860,7.218,45.550,11.201,0,1583152,598612,182488,5551708,9603.842,6803.136,0,56567.685,0,4466.394,17204,34917,2.060,1.460,0.800,4,0,53.764,0,0,11,37,0,10,0
19-05 18:41:25,26.619,6.529,50.979,13.310,0,1583912,594464,182632,5554852,13842.108,10557.369,0,60527.579,0,4600.642,19464,37689,2.060,1.460,0.800,3,0,48.216,0,0,11,37,0,10,0
19-05 18:41:26,30.508,10.753,42.261,14.004,0,1600340,575452,182720,5557252,5166.402,2158.586,0,53934.637,0,4257.155,17312,33791,2.060,1.460,0.800,1,1,81.022,0,0,11,36,0,10,0
19-05 18:41:27,29.743,7.748,46.739,12.997,0,1629576,543588,182796,5559744,7369.206,5030.775,0,43333.452,0,3611.121,15967,30671,2.060,1.460,0.800,3,1,87.979,0,0,11,37,0,10,0
19-05 18:41:28,29.404,6.230,49.340,12.210,0,1618704,552864,182824,5561260,11800.633,8427.600,0,37848.944,0,3091.947,15231,28692,2.060,1.460,0.800,2,0,32.893,0,0,11,37,0,10,0
19-05 18:41:29,28.755,9.251,47.258,11.752,0,1530176,646984,182844,5555676,9405.520,6627.071,0,38702.253,0,3560.575,17529,32709,2.140,1.490,0.810,2,0,64.010,0,0,11,36,0,11,0
19-05 18:41:30,36.497,7.999,40.247,12.499,0,1594212,581784,182884,5556808,2579.793,0,0,49424.038,0,3539.716,14100,27374,2.140,1.490,0.810,2,0,38.997,0,0,11,34,0,12,0
19-05 18:41:31,29.269,11.007,58.788,0.250,0,1460940,714984,182908,5556848,11561.494,8783.693,0,11775.632,0,706.458,6153,7532,2.140,1.490,0.810,1,0,212.137,0,0,11,32,0,13,0
19-05 18:41:32,20.055,6.017,72.700,0.501,0,1430332,745592,182908,5556848,2587.105,0,0,1536.219,0,84.231,2308,1973,2.140,1.490,0.810,2,0,34.094,0,0,11,32,0,13,0
19-05 18:41:33,15.239,1.999,81.193,0.250,0,1439548,736180,182908,5557044,8293.189,5877.881,0,631.557,0,34.975,2007,2180,2.140,1.490,0.810,1,0,0,0,0,11,33,0,13,0
19-05 18:41:34,19.716,6.739,71.877,0.749,0,1411724,763996,182908,5557052,3346.296,826.591,0,4931.594,0,298.491,3076,3062,2.050,1.480,0.820,1,0,59.898,0,0,11,32,0,14,0
19-05 18:41:35,19.494,2.499,77.477,0,0,1433372,742344,182908,5557056,8371.487,5133.459,0,55.983,0,5.998,1937,1620,2.050,1.480,0.820,2,0,0,0,0,11,33,0,14,0
19-05 18:41:36,19.055,4.764,75.720,0,0,1428632,746976,182908,5557164,9203.756,5419.756,0,4.012,0,1.003,3620,3944,2.050,1.480,0.820,2,0,43.125,0,0,11,32,0,15,0
19-05 18:41:37,19.194,2.991,77.024,0,0,1476604,699004,182908,5557164,5020.238,2204.518,0,0,0,0,1600,1135,2.050,1.480,0.820,1,0,0.997,0,0,11,33,0,15,0
19-05 18:41:38,19.544,4.260,75.672,0,0.251,1486224,689236,182908,5559928,11778.727,8620.561,0,92.209,0,9.020,3694,7573,2.050,1.480,0.820,2,0,34.077,0,0,11,32,0,16,0
19-05 18:41:39,13.004,18.005,66.520,0.500,0,1454148,721212,182908,5557412,2652.799,66.020,0,220.066,0,24.007,5159,9990,2.200,1.520,0.830,3,0,253.076,0,0,11,32,0,17,0
19-05 18:41:40,9.752,23.255,65.263,0,0,1444648,730644,182908,5557480,2640.532,0,0,256.052,0,14.003,5561,4029,2.200,1.520,0.830,4,0,397.080,0,0,11,32,0,17,0
19-05 18:41:41,56.936,15.982,26.221,0,0,1518252,656828,182932,5557668,2953.698,0,0,1094.776,0,80.910,4836,3485,2.200,1.520,0.830,3,0,151.830,0,0,11,32,0,22,0
19-05 18:41:42,65.377,10.231,24.204,0,0,1692900,479208,183000,5560332,2515.260,0,0,1585.013,0,56.893,3632,1540,2.200,1.520,0.830,4,0,0,0,0,11,32,0,22,0
19-05 18:41:43,62.875,8.016,25.801,1.753,0,1801400,365928,183136,5564504,2525.019,0,0,9575.032,0,421.838,5030,3993,2.200,1.520,0.830,3,1,9.018,0,0,11,38,0,22,0
19-05 18:41:44,27.254,8.251,46.757,15.252,0,1798292,357864,183252,5575148,3000.446,0,0,78087.613,0,5497.818,21618,42898,2.270,1.550,0.850,2,1,213.032,0,0,11,38,0,22,0
19-05 18:41:45,23.017,7.756,47.284,17.263,0,1795800,349800,183332,5585308,2641.920,0,0,82656.057,0,6098.431,23701,46114,2.270,1.550,0.850,1,0,216.157,0,0,11,38,0,22,0
19-05 18:41:46,27.478,7.994,44.714,16.237,0,1794492,344256,183388,5591872,3074.527,0,0,78988.471,0,5731.390,20709,39959,2.270,1.550,0.850,4,1,140.887,0,0,11,38,0,22,0
19-05 18:41:47,36.533,13.512,32.529,15.764,0,1678300,450844,183480,5601056,2592.337,0,0,89000.244,0,5945.360,20436,41997,2.270,1.550,0.850,2,1,202.182,0,0,11,36,0,22,0
19-05 18:41:48,42.993,9.499,31.495,13.498,0,1745488,375776,183516,5608580,2579.600,0,0,69557.226,0,4690.274,16918,33968,2.270,1.550,0.850,3,0,45.993,0,0,11,36,0,22,0
19-05 18:41:49,37.465,9.741,34.717,14.736,0,1784732,325124,183560,5619520,2517.628,0,0,85567.389,0,5708.622,18777,39635,2.330,1.570,0.860,3,1,25.976,0,0,11,38,0,22,0
19-05 18:41:50,24.291,10.162,45.359,16.111,0,1720996,385356,183568,5622888,2676.948,0,0,61783.952,0,4881.959,19214,36771,2.330,1.570,0.860,2,0,154.668,0,0,11,36,0,22,0
19-05 18:41:51,34.455,9.808,45.772,7.545,0,1445428,659740,183572,5624028,2517.949,0,0,27229.659,0,2012.951,9887,15589,2.330,1.570,0.860,1,0,137.818,0,0,11,32,0,22,0
19-05 18:41:52,15.018,13.516,70.336,0.501,0,1439924,665192,183572,5624056,3029.688,0,0,1357.653,0,74.090,3622,2627,2.330,1.570,0.860,2,0,157.191,0,0,11,32,0,22,0
19-05 18:41:53,22.221,3.745,72.157,0.749,0,1495752,609364,183572,5624056,3511.480,0,0,4889.707,0,286.631,2350,2563,2.330,1.570,0.860,1,0,0.999,0,0,11,32,0,22,0
19-05 18:41:54,24.258,3.001,72.275,0.250,0,1530360,574744,183572,5624068,4107.414,0,0,280.096,0,36.012,2221,1932,2.220,1.560,0.860,1,0,2.001,0,0,11,38,0,22,0
19-05 18:41:55,21.273,5.005,72.327,0.751,0,1459768,645328,183572,5624072,3423.647,0,0,5714.086,0,296.316,2458,2397,2.220,1.560,0.860,1,0,27.029,0,0,11,32,0,22,0
19-05 18:41:56,21.723,3.745,72.909,0,0,1520368,584716,183572,5624084,2593.765,0,0,1046.695,0,49.938,1760,1310,2.220,1.560,0.860,1,0,0.999,0,0,11,32,0,22,0
19-05 18:41:57,24.267,2.752,72.301,0.500,0,1545568,559516,183572,5624084,2761.952,0,0,4255.008,0,220.156,2252,2280,2.220,1.560,0.860,1,0,3.002,0,0,11,34,0,22,0
19-05 18:41:58,16.298,26.829,55.665,0,0,1482840,622216,183580,5624100,2708.017,0,0,48.143,0,12.036,6346,5771,2.220,1.560,0.860,3,0,812.405,0,0,11,32,0,22,0
19-05 18:41:59,9.468,30.147,59.049,0.249,0,1485476,619516,183580,5624160,2272.246,0,0,358.776,0,27.905,6180,4912,2.200,1.570,0.860,1,0,589.987,0,0,11,32,0,22,0
19-05 18:42:00,8.269,21.801,67.658,0,0,1467004,637804,183580,5624344,2972.961,0,0,92.216,0,9.021,5072,3260,2.200,1.570,0.860,2,0,306.718,0,0,11,32,0,22,0
19-05 18:42:01,7.504,20.761,70.038,0,0,1448880,655900,183580,5624372,3404.831,0,0,268.144,0,5.003,4967,3301,2.200,1.570,0.860,1,0,271.146,0,0,11,32,0,22,0
19-05 18:42:02,8.743,21.483,67.945,0,0,1449932,654788,183580,5624432,2603.909,0,0,575.538,0,112.909,5199,3552,2.200,1.570,0.860,1,0,283.772,0,0,11,32,0,22,0
19-05 18:42:03,10.973,20.949,66.090,0,0,1440736,663936,183580,5624888,3080.548,0,0,63.846,0,6.983,6089,5826,2.200,1.570,0.860,1,0,281.319,0,0,11,32,0,22,0
19-05 18:42:04,31.091,14.793,53.155,0,0,1480752,623900,183580,5624932,3189.291,0,0,0,0,0,5319,5955,2.270,1.590,0.880,2,0,191.558,0,0,11,33,0,22,0
19-05 18:42:05,43.943,6.492,48.937,0,0,1586500,518056,183580,5625024,3545.434,0,0,227.707,0,3.995,2764,1355,2.270,1.590,0.880,2,0,0,0,0,11,33,0,22,0
19-05 18:42:06,46.445,4.744,48.193,0.250,0,1648844,455504,183596,5625204,3133.311,0,0,679.200,0,35.958,3694,3026,2.270,1.590,0.880,3,0,18.978,0,0,11,49,0,22,0
19-05 18:42:07,39.061,9.515,50.078,0,0,1687844,412160,183652,5629104,3365.269,0,0,1606.515,0,151.237,6482,9470,2.270,1.590,0.880,3,0,63.099,0,0,11,48,0,22,0
19-05 18:42:08,7.511,21.031,69.351,0.250,0,1680724,419232,183656,5629128,2886.205,0,0,196.286,0,10.015,4823,3307,2.270,1.590,0.880,1,0,268.391,0,0,11,48,0,22,0
19-05 18:42:09,17.202,13.463,67.812,0,0.249,1683432,416420,183656,5629136,2572.855,0,0,43.878,0,3.989,5261,7591,2.160,1.580,0.880,0,0,160.554,0,0,11,48,0,22,0
19-05 18:42:10,0.750,0.500,97.977,0,0,1683432,416420,183656,5629136,2431.425,93.978,0,0,0,0,691,978,2.160,1.580,0.880,0,0,2.999,0,0,11,48,0,22,0
19-05 18:42:11,0.500,0.500,98.514,0,0,1683428,416420,183656,5629140,2443.335,0,0,4.001,0,1.000,710,998,2.160,1.580,0.880,0,0,2.000,0,0,11,48,0,22,0
19-05 18:42:12,0.500,0.500,98.005,0,0,1683652,416196,183656,5629140,2306.116,0,0,4732.238,0,305.015,817,1049,2.160,1.580,0.880,0,0,2.000,0,0,11,48,0,22,0
19-05 18:42:13,1.000,0.750,97.780,0,0,1683668,416196,183656,5629136,2376.733,0,0,0,0,0,704,973,2.160,1.580,0.880,3,0,2.001,0,0,11,48,0,16,0
19-05 18:42:14,14.537,17.545,66.420,0,0,1669704,430124,183656,5629552,2947.542,0,0,128.328,0,2.005,5840,7799,2.070,1.570,0.880,4,0,277.711,0,0,11,48,0,16,0
19-05 18:42:15,11.492,13.991,72.202,0,0,1694896,404880,183656,5629220,3477.689,83.944,0,3.997,0,0.999,4004,3682,2.070,1.570,0.880,4,0,178.881,0,0,11,48,0,16,0
19-05 18:42:16,11.998,21.996,63.740,0,0,1704712,394876,183656,5629732,3552.415,237.961,0,315.948,0,30.995,5813,5383,2.070,1.570,0.880,1,0,311.949,0,0,12,64,0,16,0
19-05 18:42:17,17.959,14.717,65.851,0.249,0,1697216,402352,183656,5629372,2574.187,0,0,2865.529,0,119.730,6052,7722,2.070,1.570,0.880,0,0,163.630,0,0,12,64,0,14,0
19-05 18:42:18,5.506,7.508,86.347,0,0,1690620,408948,183656,5629396,2582.910,0,0,292.329,0,16.018,2441,2449,2.070,1.570,0.880,2,0,148.167,0,0,12,64,0,14,0
19-05 18:42:19,16.231,17.978,63.674,0,0,1688400,411124,183656,5629852,2696.772,0,0,103.876,0,12.984,6037,7884,1.980,1.560,0.880,1,0,226.729,0,0,14,64,0,14,0
19-05 18:42:20,9.761,17.020,70.333,0,0.250,1680708,418800,183656,5629444,2875.383,0,0,4.005,0,1.001,4640,3540,1.980,1.560,0.880,1,0,235.277,0,0,14,66,0,14,0
19-05 18:42:21,8.513,20.281,69.606,0,0,1683996,415352,183656,5629604,2987.537,126.192,0,16.024,0,4.006,5018,3389,1.980,1.560,0.880,1,0,256.389,0,0,14,66,0,14,0
19-05 18:42:22,8.472,21.928,67.528,0,0,1667664,431656,183656,5629972,2750.942,0,0,27.908,0,6.977,4977,3436,1.980,1.560,0.880,5,0,252.170,0,0,14,66,0,14,0
19-05 18:42:23,21.838,18.826,58.988,0,0,1696256,402920,183656,5629776,2469.961,0,0,24.097,0,4.016,5791,7566,1.980,1.560,0.880,4,0,216.875,0,0,14,66,0,14,0
19-05 18:42:24,27.625,26.131,44.797,0,0,1771460,327664,183668,5629816,2628.072,0,0,557.470,0,9.955,6025,4590,2.070,1.590,0.890,4,0,428.057,0,0,14,66,0,14,0
19-05 18:42:25,29.885,25.113,43.948,0,0,1809420,288072,183736,5631248,2410.864,0,0,36.163,0,6.027,6639,7451,2.070,1.590,0.890,4,0,424.915,0,0,14,66,0,14,0
19-05 18:42:26,27.927,25.933,44.385,0,0,1906248,191180,183748,5631296,2829.651,89.767,0,27.927,0,6.982,6028,4675,2.070,1.590,0.890,2,0,399.961,0,0,14,70,0,15,0
19-05 18:42:27,37.459,20.727,41.454,0,0,1942780,154588,183748,5631764,2157.620,0,0,19.978,0,4.994,5452,7085,2.070,1.590,0.890,2,0,292.677,0,0,14,70,0,15,0
19-05 18:42:28,45.792,25.273,28.276,0.751,0,2033876,153416,174796,5552720,2762.544,0,1040.959,7386.802,57.053,401.370,6078,4627,2.070,1.590,0.890,3,0,339.312,0,0,14,70,0,15,0
19-05 18:42:29,56.152,23.564,18.550,0,0,2100416,148772,168152,5499060,2647.181,0,224.609,673.828,11.030,10.027,5700,7425,2.140,1.610,0.900,4,0,338.919,0,0,14,70,0,15,0
19-05 18:42:30,67.289,26.417,5.981,0.249,0,2222388,139544,167660,5388928,2213.045,0,3999.430,801.481,269.154,51.837,5714,5935,2.140,1.610,0.900,5,0,433.637,0,0,14,70,0,15,0
19-05 18:42:31,73.157,24.052,2.505,1.253,0,2330876,179320,169316,5242684,3213.890,224.481,2104.511,701.504,105.226,36.077,6311,8266,2.140,1.610,0.900,4,0,351.754,0,0,14,74,1,15,0
19-05 18:42:32,63.922,27.966,4.245,2.497,0,2451984,170380,168864,5132996,2576.840,73.909,906.888,35037.034,19.976,2359.107,14089,27172,2.140,1.610,0.900,9,0,369.547,0,0,14,74,1,15,0
19-05 18:42:33,71.013,23.754,4.001,1.250,0,2583200,187852,168968,4988016,2760.487,74.013,444.078,9333.648,25.004,775.137,10199,19238,2.140,1.610,0.900,14,0,360.064,0,0,14,80,1,15,0
19-05 18:42:34,70.576,24.276,5.005,0,0,2642092,126692,168976,4990148,2562.761,74.080,88.095,1137.225,7.008,61.066,8362,11419,2.290,1.650,0.920,3,0,373.402,0,0,14,84,1,20,0
19-05 18:42:35,47.591,26.412,24.169,0.249,0,2731220,178864,168972,4851640,4305.621,73.754,0,629.896,0,37.874,7577,11120,2.290,1.650,0.920,2,0,459.466,0,0,14,84,1,20,0
19-05 18:42:36,38.296,20.024,41.800,0,0,2773520,206504,168960,4783600,4582.530,74.089,0,648.783,0,33.040,6244,6934,2.290,1.650,0.920,2,0,264.319,0,0,14,86,1,20,0
19-05 18:42:37,54.174,15.801,28.843,0,0,2931488,185292,168964,4650084,3611.599,90.290,2981.575,593.907,32.103,29.093,5704,8316,2.290,1.650,0.920,2,0,133.429,0,0,14,85,1,19,0
19-05 18:42:38,29.222,11.489,57.446,0.250,0,2987368,128316,168984,4651100,3176.997,73.930,0,3720.483,0,217.794,4900,4724,2.290,1.650,0.920,1,0,164.844,0,0,14,88,1,20,0
19-05 18:42:39,12.753,21.755,64.515,0,0,2995924,189416,168980,4583128,2710.638,0,24.006,0,2.000,0,6647,12655,2.190,1.640,0.920,1,0,495.117,0,0,14,88,1,21,0
19-05 18:42:40,10.716,16.946,71.273,0.249,0.249,3025904,159400,168980,4583164,2631.634,0,7.975,135.569,1.994,13.956,5305,4464,2.190,1.640,0.920,1,0,365.837,0,0,14,88,1,21,0
19-05 18:42:41,18.281,3.255,77.381,0,0,3073752,177048,168984,4518696,5019.474,2389.033,28.047,40.068,3.005,4.007,1692,1257,2.190,1.640,0.920,2,0,0,0,0,14,89,1,13,0
19-05 18:42:42,19.280,5.008,74.365,0.501,0,3004836,245956,168988,4518772,22786.168,20324.368,76.117,284.439,7.011,23.036,3154,3164,2.190,1.640,0.920,1,0,55.085,0,0,14,90,1,14,0
19-05 18:42:43,21.441,4.238,73.797,0,0,3073088,177692,168988,4518784,2912.971,241.335,0,0,0,0,1804,1291,2.190,1.640,0.920,0,0,7.978,0,0,14,90,2,14,0
19-05 18:42:44,16.750,2.500,79.751,0.250,0,3077404,173196,168996,4518956,8910.100,6298.071,0,488.006,0,38.000,2549,2917,2.090,1.630,0.920,3,0,1.000,0,0,14,95,1,14,0
19-05 18:42:45,24.512,3.502,68.534,1.251,0,3085500,164680,168996,4519332,2401.191,0,200.099,2077.031,14.007,237.118,4813,6965,2.090,1.630,0.920,1,0,3.001,0,0,14,98,1,14,0
19-05 18:42:46,27.488,9.996,60.973,0.750,0,3069188,180668,168996,4519656,4062.182,1208.459,127.943,3238.550,5.997,231.896,5468,6545,2.090,1.630,0.920,2,0,111.950,0,0,14,99,1,16,0
19-05 18:42:47,20.002,3.000,76.256,0,0,3105920,143904,168996,4519688,4807.380,2474.196,0,680.054,0,30.002,1877,1490,2.090,1.630,0.920,1,0,2.000,0,0,14,102,1,16,0
19-05 18:42:48,19.987,3.498,73.953,0.999,0,3109632,140124,168996,4519756,8779.406,6165.071,51.967,1970.744,2.998,152.903,3419,4418,2.090,1.630,0.920,1,0,1.999,0,0,14,104,1,16,0
19-05 18:42:49,31.248,11.999,55.496,0.750,0,3087644,229468,169000,4454028,3557.729,1193.909,19.998,11611.115,2.000,673.949,5486,6019,2.160,1.650,0.930,3,0,96.993,0,0,14,107,1,17,0
19-05 18:42:50,41.294,10.011,48.302,0,0,3201100,182924,169000,4389272,3345.569,1535.638,0,48.051,0,5.005,3002,1631,2.160,1.650,0.930,1,0,5.005,0,0,14,108,1,17,0
19-05 18:42:51,27.488,6.747,63.723,0.250,0,3156436,227536,169000,4389324,24641.673,21135.142,31.987,1571.341,1.999,80.966,3226,2304,2.160,1.650,0.930,2,0,60.974,0,0,14,107,1,18,0
19-05 18:42:52,19.995,3.999,75.480,0,0,3221648,162308,169000,4389376,4241.871,1965.477,0,7.998,0,1.999,1650,1162,2.160,1.650,0.930,1,0,0,0,0,14,108,1,18,0
19-05 18:42:53,18.754,5.251,75.766,0,0,3211296,172644,169000,4389392,24885.123,20642.250,0,0,0,0,2458,1819,2.160,1.650,0.930,1,0,51.011,0,0,14,107,1,19,0
19-05 18:42:54,21.245,4.249,73.733,0,0,3273976,175620,169000,4325400,5087.818,1965.543,0,3147.269,0,5.999,1809,1272,2.150,1.660,0.940,0,0,0,0,0,14,108,1,19,0
19-05 18:42:55,18.244,2.749,75.977,0.750,0,3272016,177336,169000,4325644,9583.047,5652.258,159.951,1727.468,11.996,155.952,3052,3853,2.150,1.660,0.940,1,0,0,0,0,14,107,1,20,0
19-05 18:42:56,18.504,9.002,71.766,0,0,3245168,204160,169000,4325668,2897.649,0,0,304.068,0,26.006,2923,2439,2.150,1.660,0.940,1,0,82.018,0,0,14,107,1,20,0
19-05 18:42:57,17.498,2.250,78.489,0.500,0,3261508,187684,169000,4325804,25011.427,22468.790,0,179.974,0,9.999,1838,1528,2.150,1.660,0.940,1,0,1.000,0,0,14,107,1,20,1
19-05 18:42:58,19.758,6.503,73.531,0,0,3284728,164452,169000,4325816,2953.243,66.028,0,192.081,0,10.004,2130,1641,2.150,1.660,0.940,2,0,55.023,0,0,14,107,1,21,0
19-05 18:42:59,17.004,2.501,79.518,0,0,3292756,156392,169004,4325844,9365.178,6653.548,16.004,1756.409,1.000,206.048,2141,1943,2.060,1.650,0.940,3,0,1.000,0,0,14,110,1,21,0
19-05 18:43:00,25.511,4.502,66.029,2.001,0,3283500,165476,169012,4326008,2701.197,0,32.014,2841.259,3.001,344.153,6134,9138,2.060,1.650,0.940,1,0,1.000,0,0,14,111,1,22,0
19-05 18:43:01,20.233,7.244,71.938,0.500,0,3239560,209392,169012,4326032,4457.171,1238.936,0,1139.022,0,91.921,3237,3328,2.060,1.650,0.940,1,0,52.955,0,0,14,110,1,23,0
19-05 18:43:02,18.731,2.747,76.671,0,0,3263236,185628,169012,4326120,11337.285,8167.560,43.955,555.426,4.995,32.966,2086,1740,2.060,1.650,0.940,1,0,0,0,0,14,111,1,23,0
19-05 18:43:03,22.516,3.503,71.552,1.001,0,3254956,193836,169012,4326192,4649.382,1965.430,48.035,1597.162,3.002,150.109,4764,6883,2.060,1.650,0.940,1,0,0,0,0,14,111,1,23,0
19-05 18:43:04,33.873,6.775,56.705,1.505,0,3255456,193120,169012,4326424,3542.827,869.147,0,9361.895,0,677.453,8768,13235,2.290,1.700,0.960,1,0,1.004,0,0,14,112,1,24,0
19-05 18:43:05,19.418,7.468,70.700,0,0,3262360,186212,169012,4326428,2808.085,0,0,557.634,0,28.877,2786,2255,2.290,1.700,0.960,1,0,76.675,0,0,14,112,1,24,0
19-05 18:43:06,16.014,2.252,80.568,0.250,0,3270844,177712,169016,4326440,10630.967,8272.978,4.003,336.284,1.001,17.014,1883,1600,2.290,1.700,0.960,0,0,0,0,0,14,113,1,24,0
19-05 18:43:07,16.487,12.490,69.196,0.749,0,3234084,214432,169016,4326480,4620.377,1560.776,0,1083.151,0,103.919,4723,4756,2.290,1.700,0.960,1,0,147.884,0,0,14,112,1,25,0
19-05 18:43:08,20.756,3.751,74.771,0,0,3271940,176572,169016,4326484,3650.032,1966.556,0,432.122,0,20.006,1793,1388,2.290,1.700,0.960,0,0,0,0,0,14,113,1,25,0
19-05 18:43:09,22.257,3.001,73.024,0.250,0,3269488,179000,169016,4326508,12828.239,9525.147,0,700.231,0,69.023,3691,4523,2.190,1.690,0.960,1,0,0,0,0,14,113,1,25,0
19-05 18:43:10,24.329,6.521,66.467,0.502,0,3267252,181188,169020,4326552,2592.451,94.307,0,1276.160,0,135.442,8514,13707,2.190,1.690,0.960,2,0,0,0,0,14,113,1,25,0
19-05 18:43:11,35.253,10.251,52.254,1.000,0,3223644,224044,169040,4327268,4031.345,1654.142,468.040,1832.157,73.006,159.014,9939,15008,2.190,1.690,0.960,2,0,79.007,0,0,14,114,1,26,0
19-05 18:43:12,23.150,13.193,61.235,0.498,0,3251892,195708,169040,4327324,2413.562,416.200,0,1182.884,0,97.578,5476,6705,2.190,1.690,0.960,1,0,210.091,0,0,14,114,1,26,0
19-05 18:43:13,19.076,2.761,77.561,0.251,0,3282108,165468,169040,4327332,8888.613,6592.413,0,506.027,0,28.113,1841,1559,2.190,1.690,0.960,1,0,0,0,0,14,116,1,26,0
19-05 18:43:14,13.492,14.991,69.960,0,0,3198996,248564,169040,4327348,3447.012,1018.413,0,475.726,0,23.986,4274,3175,2.100,1.680,0.960,1,0,205.881,0,0,14,114,1,27,0
19-05 18:43:15,7.991,20.726,68.420,0,0,3176916,270608,169040,4327384,2537.043,41.951,0,723.157,0,31.963,5141,3672,2.100,1.680,0.960,1,0,266.689,0,0,14,114,1,27,0
19-05 18:43:16,16.983,17.233,65.186,0.500,0.250,3186136,261352,169044,4327760,2740.309,41.959,0,2157.881,0,132.870,6770,8236,2.100,1.680,0.960,1,0,294.711,0,0,14,114,1,27,0
19-05 18:43:17,28.596,21.572,49.165,0,0,3242000,205316,169044,4327592,2674.988,42.142,0,248.836,0,18.061,6289,5328,2.100,1.680,0.960,2,0,445.497,0,0,14,114,1,27,0
19-05 18:43:18,35.491,20.994,42.989,0.250,0,3290716,156172,169056,4328320,2759.270,69.981,79.979,635.832,4.999,45.988,7050,7765,2.100,1.680,0.960,1,0,383.898,0,0,14,120,1,27,0
19-05 18:43:19,38.218,22.231,37.468,0,0,3380844,130240,169060,4265836,2545.838,0,99.915,331.718,6.994,22.980,6236,6735,2.170,1.700,0.970,4,0,375.681,0,0,16,120,1,27,0
19-05 18:43:20,54.508,30.255,15.002,0,0,3521756,179180,169068,4078696,3086.466,0,60.009,1136.171,8.001,135.020,7765,13214,2.170,1.700,0.970,4,0,487.073,0,0,16,126,1,27,0
19-05 18:43:21,46.511,19.255,33.258,0.250,0,3595992,157192,169068,4027744,2683.640,0,16.004,420.100,3.001,27.006,9004,12999,2.170,1.700,0.970,2,0,239.057,0,0,16,142,1,27,0
19-05 18:43:22,33.240,24.992,40.987,0,0,3658364,136092,169164,3986572,2965.082,89.972,91.972,591.817,4.998,11.996,14627,4678,2.170,1.700,0.970,3,0,402.875,0,0,16,142,1,27,0
19-05 18:43:23,21.017,23.769,53.543,0.250,0,3687836,159040,169164,3934528,3328.651,0,76.061,384.306,2.002,25.020,5771,4414,2.170,1.700,0.970,1,0,365.291,0,0,17,142,1,27,0
19-05 18:43:24,9.503,21.506,67.269,0,0,3690296,156536,169164,3934900,3148.905,0,8.002,252.072,2.001,21.006,5610,4776,2.070,1.690,0.970,6,0,288.083,0,0,17,142,1,27,0
19-05 18:43:25,24.231,15.987,58.454,0,0,3726024,120792,169168,3934584,3083.579,0,3.997,2422.098,0.999,27.978,5776,7084,2.070,1.690,0.970,3,0,185.854,0,0,17,142,1,27,0
19-05 18:43:26,28.775,24.522,45.540,0,0,3772084,173768,169168,3837028,2961.617,0,4.004,96.085,1.001,7.006,6004,4666,2.070,1.690,0.970,3,0,383.339,0,0,17,142,1,25,0
19-05 18:43:27,29.250,20.000,49.749,0,0.250,3818772,182120,169176,3783668,2847.970,69.999,0,87.999,0,6.000,6704,8263,2.070,1.690,0.970,4,0,310.997,0,0,17,148,1,25,0
19-05 18:43:28,34.206,24.968,39.449,0.250,0,3917912,134716,169188,3732912,2456.816,0,43.943,491.363,4.994,38.950,6881,12066,2.070,1.690,0.970,3,0,364.528,0,0,17,162,1,25,2
19-05 18:43:29,29.253,25.752,43.754,0,0,3981928,143896,169188,3661432,2460.237,0,24.002,772.074,3.000,42.004,6526,5371,2.070,1.690,0.980,3,0,484.047,0,0,17,163,1,25,2
19-05 18:43:30,18.764,25.019,53.541,1.001,0,4033348,126168,169188,3628668,2712.054,0,20.015,18958.358,5.004,903.684,8346,14467,2.070,1.690,0.980,3,0,431.327,0,0,17,168,1,25,2
19-05 18:43:31,9.997,22.244,65.482,0.250,0,4029080,130272,169188,3628832,2896.197,73.979,3.999,671.814,1.000,51.986,5627,4541,2.070,1.690,0.980,1,0,317.912,0,0,17,184,1,25,2
19-05 18:43:32,21.253,17.002,59.757,0.250,0,4042680,148724,169188,3597500,2522.310,164.020,0,1024.126,0,48.006,6196,8319,2.070,1.690,0.980,2,0,206.025,0,0,17,186,1,25,0
19-05 18:43:33,39.821,13.689,46.043,0.249,0,4173724,120504,169192,3496612,2926.861,73.669,282.731,457.944,8.960,37.830,3686,2687,2.070,1.690,0.980,6,0,65.705,0,0,17,186,1,25,0
19-05 18:43:34,42.281,10.007,45.783,0,0,4288392,149528,169196,3355900,2922.120,74.054,200.145,368.267,12.009,40.029,3308,2339,2.060,1.700,0.980,2,0,3.002,0,0,17,186,1,25,0
19-05 18:43:35,31.099,6.772,61.196,0.502,0,4185508,252036,169200,3356272,3611.552,74.237,84.270,1368.377,8.026,135.433,3717,3486,2.060,1.700,0.980,3,0,57.183,0,0,17,194,1,17,0
19-05 18:43:36,26.768,28.770,43.530,0,0,4264016,172596,169208,3357212,3619.478,74.051,952.652,248.170,12.008,16.011,6240,5159,2.060,1.700,0.980,5,0,477.327,0,0,17,194,1,17,0
19-05 18:43:37,33.258,29.758,35.509,0.250,0,4304124,169280,169228,3321244,11999.025,8687.190,1028.259,436.110,24.006,24.006,7468,8326,2.060,1.700,0.980,5,0,481.121,0,0,17,202,1,18,0
19-05 18:43:38,52.686,20.225,26.218,0,0,4327628,144360,169236,3322732,2456.999,73.910,3.995,906.892,0.999,18.977,6412,7659,2.060,1.700,0.980,3,0,254.689,0,0,17,205,1,18,0
19-05 18:43:39,66.990,17.747,14.498,0.250,0,4478352,139500,169240,3181016,11895.149,9837.469,1495.767,447.930,35.994,21.997,5182,12897,2.300,1.750,1.010,4,0,60.991,0,0,17,206,1,17,0
19-05 18:43:40,65.380,12.727,16.220,4.991,0,4494524,152300,169332,3153484,4183.334,1040.094,6923.313,2539.347,514.058,172.684,6366,7746,2.300,1.750,1.010,3,0,26.951,0,0,17,217,1,18,0
19-05 18:43:41,42.588,22.296,34.070,0,0,4520300,162996,169344,3117972,8836.280,7117.725,256.531,440.912,6.012,12.025,6419,7424,2.300,1.750,1.010,1,0,329.682,0,0,17,213,1,23,0
19-05 18:43:42,34.014,24.760,40.266,0,0,4484320,197208,169352,3120040,7457.973,3889.551,52.021,10092.023,6.002,77.031,7382,9155,2.300,1.750,1.010,2,0,381.152,0,0,17,214,1,24,0
19-05 18:43:43,48.502,21.251,29.001,0,0,4565248,159640,169352,3077424,8040.336,5803.242,4.000,432.018,1.000,24.001,6653,7669,2.300,1.750,1.010,3,0,340.014,0,0,17,215,1,22,0
19-05 18:43:44,50.877,28.930,19.204,0.249,0,4581976,184376,169352,3037704,7896.890,5257.278,47.884,1584.166,4.988,105.744,7606,9587,2.430,1.790,1.020,14,0,474.851,0,0,17,218,1,24,0
19-05 18:43:45,57.919,21.563,19.306,0.752,0,4647788,156952,169372,2999928,4321.616,2041.961,1263.689,609.780,54.158,35.102,7105,11783,2.430,1.790,1.020,2,0,249.729,0,0,17,223,1,27,0
19-05 18:43:46,50.460,29.477,19.235,0.500,0,4629564,264296,169392,2913072,12374.299,8902.021,91.928,923.276,6.995,51.959,6838,7751,2.430,1.790,1.020,3,0,498.609,0,0,17,224,1,28,0
19-05 18:43:47,56.268,22.757,19.756,0.250,0,4740124,150208,169404,2916672,2520.816,0,500.162,740.240,31.010,40.013,7782,14567,2.430,1.790,1.020,3,0,287.093,0,0,17,230,1,27,0
19-05 18:43:48,57.056,16.693,25.413,0,0,4880136,141476,169404,2787588,12906.058,10838.099,853.095,932.824,12.956,55.810,9840,14518,2.430,1.790,1.020,5,0,64.779,0,0,17,230,1,28,0
19-05 18:43:49,58.701,10.787,29.350,0.753,0,4912240,159612,169416,2739024,8671.677,6549.414,1155.956,590.019,70.240,45.155,4589,4439,2.400,1.800,1.030,3,0,15.052,0,0,17,235,1,29,0
19-05 18:43:50,59.240,10.248,28.995,0,0,4978312,153208,169416,2680676,15799.233,13282.674,1127.802,14949.382,26.995,1273.777,5846,6753,2.400,1.800,1.030,3,0,15.997,0,0,17,240,1,35,0
19-05 18:43:51,48.875,30.422,19.700,0.499,0,4928360,199408,169544,2684224,2351.000,0,4109.513,5943.831,63.837,78.799,7566,8606,2.400,1.800,1.030,4,0,524.661,0,0,17,240,1,34,0
19-05 18:43:52,42.598,25.409,30.890,0.498,0,4982260,145100,169548,2684668,12804.310,10043.163,1024.345,884.843,8.968,38.861,6516,7735,2.400,1.800,1.030,4,0,358.720,0,0,17,241,1,34,0
19-05 18:43:53,65.977,23.080,10.285,0,0,4980716,146584,169552,2684896,4733.315,795.743,529.826,557.923,7.024,31.107,6139,6384,2.400,1.800,1.030,6,0,234.809,0,0,18,244,1,35,0
19-05 18:43:54,77.628,16.277,5.259,0.751,0,5112284,131536,169560,2571676,10869.874,7811.845,3601.923,1722.833,194.320,183.301,6845,7322,2.530,1.830,1.040,4,0,28.046,0,0,18,248,1,36,0
19-05 18:43:55,81.546,12.219,4.738,0.499,0,5137276,132124,169600,2546568,8202.473,3137.149,1400.495,1647.876,48.878,118.703,6512,6210,2.530,1.830,1.040,4,0,26.933,0,0,18,255,1,35,0
19-05 18:43:56,43.971,17.488,37.475,0.500,0,5205972,147988,169604,2465492,8652.281,6194.905,963.363,567.625,13.991,32.978,6254,6935,2.530,1.830,1.040,2,0,214.858,0,0,18,256,1,36,0
19-05 18:43:57,35.320,10.020,53.355,0.250,0,5172096,181812,169624,2465628,16396.368,7454.716,533.052,653.290,9.018,58.115,3734,3229,2.530,1.830,1.040,3,0,15.030,0,0,18,258,1,37,0
19-05 18:43:58,41.619,10.279,46.634,0.251,0,5195208,172820,169628,2452472,16597359.077,156584.820,565.621,445.276,8.023,31.089,9532,5480,2.530,1.830,1.040,4,0,19.055,0,0,18,260,1,37,0
19-05 18:43:59,44.468,20.236,34.725,0.250,0,5193460,204568,169628,2423372,8333.081,5227.287,3053.831,755.463,31.977,66.952,5922,5333,2.570,1.850,1.050,3,0,255.818,0,0,18,259,1,36,0
19-05 18:44:00,38.245,5.999,54.242,0.500,0,5237156,160860,169632,2423388,10379.537,7956.878,0,3055.569,0,183.974,3545,3304,2.570,1.850,1.050,1,0,3.999,0,0,18,267,1,36,0
19-05 18:44:01,33.718,4.995,58.943,0.250,0,5225780,171324,169632,2424288,18973.812,146596.476,575.448,723.307,31.969,71.931,5456,6558,2.570,1.850,1.050,3,0,19.981,0,0,18,269,1,39,0
19-05 18:44:02,3.240,3.240,91.223,0.249,0,5165984,231092,169640,2424324,404852.093,16205995.531,3.988,9004.645,0.997,38.882,2769,1818,2.570,1.850,1.050,0,0,17.945,0,0,18,269,1,39,0
19-05 18:44:03,24.517,4.003,68.547,0.500,0,5158180,222748,169648,2440436,16520689.198,105193.991,64.044,1344.920,3.002,78.053,10516,9740,2.570,1.850,1.050,1,0,1.001,0,0,18,274,1,38,0
19-05 18:44:04,13.032,15.538,69.922,0.251,0.251,5094096,286816,169648,2440516,6585.218,3139.732,48.119,1038.558,4.010,58.143,4907,4355,2.440,1.840,1.050,1,0,258.637,0,0,18,271,1,41,0
19-05 18:44:05,17.697,11.715,68.047,0.249,0,5149464,231388,169648,2440576,3589.278,0,0,2440.709,0,264.211,4261,4023,2.440,1.840,1.050,2,0,207.380,0,0,18,273,1,41,0
19-05 18:44:06,18.552,8.524,71.701,0,0,5109148,271708,169648,2440588,3627.146,74.208,0,340.954,0,18.050,3106,2287,2.440,1.840,1.050,2,0,88.247,0,0,18,273,1,41,0
19-05 18:44:07,8.251,19.001,70.005,0,0,5108288,272540,169648,2440616,2220.157,0,0,1240.088,0,16.001,4988,3688,2.440,1.840,1.050,1,0,255.018,0,0,18,273,1,39,0
19-05 18:44:08,8.728,19.950,68.081,0.748,0,5111256,269528,169648,2440660,2633.450,0,15.960,17161.316,1.995,93.767,5057,3771,2.440,1.840,1.050,2,0,251.375,0,0,18,273,1,39,0
19-05 18:44:09,3.995,5.992,88.382,0,0,5111688,269024,169648,2440732,2157.129,0,67.910,219.708,3.995,27.963,2267,2320,2.240,1.810,1.050,0,0,76.898,0,0,18,277,1,39,0
19-05 18:44:10,16.830,3.517,78.623,0,0,5168380,212324,169648,2440740,2234.590,94.448,0,20.095,0,2.010,1820,1747,2.240,1.810,1.050,1,0,9.043,0,0,18,277,1,39,0
19-05 18:44:11,19.933,2.741,76.494,0.249,0.249,5188220,192472,169648,2440752,10363.369,8706.904,63.787,6637.819,3.987,851.156,2597,2466,2.240,1.810,1.050,0,0,2.990,0,0,18,282,1,38,0
19-05 18:44:12,12.253,14.754,71.268,0,0,5171292,209148,169652,2441000,3184.811,198.050,8.002,0,2.001,0,4398,3081,2.240,1.810,1.050,1,0,168.043,0,0,18,281,1,39,0
19-05 18:44:13,11.733,16.726,68.651,0,0,5166520,213744,169652,2441164,2216.805,0,0,311.551,0,23.965,5009,3934,2.240,1.810,1.050,1,0,166.760,0,0,18,283,1,39,0
19-05 18:44:14,12.011,17.517,68.815,0.250,0,5153936,226112,169652,2441364,2582.434,0,0,336.317,0,30.028,4818,3507,2.300,1.830,1.060,2,0,158.149,0,0,18,285,1,39,0
19-05 18:44:15,16.998,11.749,69.992,0.250,0,5146748,233252,169652,2441396,2879.661,41.995,4.000,399.953,1.000,29.996,3786,3027,2.300,1.830,1.060,1,0,106.987,0,0,18,285,1,39,0
19-05 18:44:16,22.707,3.743,72.614,0,0,5203696,176300,169652,2441400,3250.900,83.843,0,51.903,0,5.989,2036,1647,2.300,1.830,1.060,1,0,0.998,0,0,18,285,1,38,0
19-05 18:44:17,24.279,2.503,71.837,0.250,0,5245124,134456,169652,2441816,2583.119,0,404.488,568.687,12.015,46.056,2469,2420,2.300,1.830,1.060,1,0,5.006,0,0,18,289,1,38,0
19-05 18:44:18,22.958,3.743,71.618,0,0,5227108,152444,169652,2441844,3174.141,0,23.956,255.528,3.993,20.961,2262,1982,2.300,1.830,1.060,1,0,4.991,0,0,18,285,1,38,0
19-05 18:44:19,22.516,5.003,71.550,0.250,0,5252748,126788,169652,2441860,3002.089,0,0,236.164,0,25.017,2288,2149,2.200,1.810,1.060,1,0,3.002,0,0,18,285,1,38,0
19-05 18:44:20,14.273,1.753,83.135,0,0,5253524,125868,169652,2442004,21723.239,18803.502,0,0,0,0,2433,2419,2.200,1.810,1.060,1,0,1.002,0,0,18,292,1,39,0
19-05 18:44:21,23.504,4.501,70.762,0.250,0,5166064,213328,169652,2442004,2909.504,132.023,80.014,240.042,5.001,20.003,2485,2041,2.200,1.810,1.060,1,0,15.003,0,0,18,285,1,40,0
19-05 18:44:22,24.225,2.747,71.927,0,0,5209572,169732,169652,2442092,2457.500,0,0,895.090,0,15.984,1948,1501,2.200,1.810,1.060,2,0,0,0,0,18,285,1,40,0
19-05 18:44:23,14.051,14.302,69.752,0,0,5205392,173740,169656,2442260,2649.554,0,409.477,670.417,6.022,32.116,4242,3339,2.200,1.810,1.060,1,0,183.662,0,0,18,285,1,40,0
19-05 18:44:24,7.747,20.243,68.977,0,0,5200684,178296,169656,2442412,2279.240,69.977,31.989,83.972,1.000,3.999,5309,3874,2.100,1.800,1.060,3,0,310.896,0,0,18,285,1,40,0
19-05 18:44:25,19.738,9.744,69.458,0.500,0,5217584,161348,169680,2442436,2698.364,41.975,0,387.765,0,26.984,3588,3057,2.100,1.800,1.060,1,0,107.935,0,0,18,285,1,40,0
19-05 18:44:26,19.209,2.744,76.586,0,0,5234904,138928,170116,2446988,8528.682,2279.105,3.991,726.440,0.998,13.970,1934,1562,2.100,1.800,1.060,2,0,16.964,0,0,18,285,1,40,0
19-05 18:44:27,20.509,3.251,75.282,0,0,5221036,151520,170204,2448160,6571.831,1272.548,0,0,0,0,2065,1676,2.100,1.800,1.060,0,0,19.008,0,0,18,286,1,40,0
19-05 18:44:28,22.059,5.264,70.941,0.501,0,5218096,148548,170728,2453416,4906.231,1781.805,0,1367.688,0,26.070,10565,19385,2.100,1.800,1.060,1,0,11.030,0,0,18,285,1,40,0
19-05 18:44:29,18.212,4.241,76.092,0,0,5197716,168328,170780,2453960,9248.855,3000.788,47.901,483.000,6.986,12.973,3898,5763,2.020,1.790,1.060,2,0,7.983,0,0,18,286,1,40,0
19-05 18:44:30,21.753,6.001,70.759,0,0,5177640,188272,170824,2454048,2400.302,0,0,624.079,0,14.002,7941,14105,2.020,1.790,1.060,1,0,15.002,0,0,18,286,1,40,0
19-05 18:44:31,14.242,14.242,70.709,0.250,0,5156336,219460,170908,2444160,2637.487,247.858,0,20104.468,0,471.729,4786,3919,2.020,1.790,1.060,1,0,268.846,0,0,18,285,1,40,0
19-05 18:44:32,23.749,3.000,72.496,0,0,5212108,163516,170908,2444332,2579.868,73.996,0,0,0,0,1996,1578,2.020,1.790,1.060,1,0,0,0,0,18,285,1,40,0
19-05 18:44:33,20.031,3.005,76.370,0.501,0,5199784,175768,170908,2444404,13106.531,10357.224,32.050,753.180,2.003,54.085,2709,2818,2.020,1.790,1.060,1,0,9.014,0,0,18,285,1,43,0
19-05 18:44:34,17.732,9.740,71.177,0,0,5249888,125636,170912,2444428,2797.112,73.924,15.983,271.719,1.998,28.970,3278,2940,1.930,1.770,1.060,1,0,106.890,0,0,18,285,1,43,0
19-05 18:44:35,19.999,3.500,74.746,0.250,0,5200636,207596,170912,2412696,12252.330,8697.524,0,351.981,0,36.998,2655,2738,1.930,1.770,1.060,1,0,1.000,0,0,18,289,1,44,0
19-05 18:44:36,19.493,8.247,71.475,0,0,5188532,219700,170912,2412696,4215.552,73.975,0,347.881,0,9.997,2796,2168,1.930,1.770,1.060,3,0,69.976,0,0,18,289,1,44,0
19-05 18:44:37,19.002,2.750,77.010,0,0.250,5210216,198004,170912,2412708,16813.107,13027.633,0,36.005,0,4.001,2164,1846,1.930,1.770,1.060,2,0,1.000,0,0,18,289,1,44,1
19-05 18:44:38,19.826,6.525,72.777,0,0,5233620,174588,170912,2412720,3083.753,140.536,0,4.015,0,1.004,2535,1889,1.930,1.770,1.060,1,0,56.214,0,0,18,289,1,45,0
19-05 18:44:39,24.203,4.741,70.362,0,0,5230308,177888,170912,2412748,11281.885,8672.001,0,0,0,0,3090,6145,1.860,1.760,1.060,1,0,35.930,0,0,18,292,1,47,1
19-05 18:44:40,21.041,5.511,72.393,0,0,5215164,193012,170912,2412752,4631.117,1535.022,12.024,4.008,1.002,1.002,2492,1998,1.860,1.760,1.060,1,0,32.063,0,0,18,289,1,46,0
19-05 18:44:41,17.916,1.991,79.128,0,0,5215160,193012,170912,2412756,9862.628,7762.502,0,871.901,0,87.588,1857,1597,1.860,1.760,1.060,1,0,0,0,0,18,290,1,46,0
19-05 18:44:42,14.762,6.505,77.060,0.250,0,5160728,247448,170912,2412768,6561.122,3154.462,0,348.272,0,32.025,2864,2919,1.860,1.760,1.060,2,0,47.037,0,0,18,289,1,47,0
19-05 18:44:43,19.749,3.000,75.246,1.000,0,5196624,211480,170912,2412840,5113.709,2384.864,63.996,2619.851,3.000,171.990,2415,2691,1.860,1.760,1.060,3,0,1.000,0,0,18,290,1,47,0
19-05 18:44:44,22.833,5.520,71.260,0,0,5191248,216816,170912,2412880,10490.335,7906.895,16.059,236.866,1.004,20.073,2890,2864,1.790,1.750,1.060,1,0,35.128,0,0,18,289,1,42,0
19-05 18:44:45,22.435,3.490,72.541,0.249,0,5201864,206020,170912,2413060,5169.104,2378.147,15.954,283.184,0.997,23.931,2485,2495,1.790,1.750,1.060,2,0,1.994,0,0,18,292,1,42,0
19-05 18:44:46,16.809,3.261,78.275,0.502,0,5186980,220888,170912,2413076,11503.455,8590.210,0,493.736,0,48.169,2942,3313,1.790,1.750,1.060,2,0,28.099,0,0,18,291,1,43,0
19-05 18:44:47,6.222,9.706,81.627,1.493,0,5194696,211920,171480,2413760,7018.899,2385.092,1118.883,250.853,249.857,11.945,3529,3279,1.790,1.750,1.060,0,0,153.299,0,0,18,293,1,43,0
19-05 18:44:48,4.751,8.502,84.773,0.250,0,5175532,231032,171480,2413816,12970.466,2165.579,0,724.193,0,53.014,3138,2941,1.790,1.750,1.060,0,0,125.033,0,0,18,292,1,39,0
19-05 18:44:49,4.765,6.521,87.027,0,0,5174960,231588,171480,2413832,8486.003,2729.686,0,240.766,0,20.064,2534,2576,1.730,1.730,1.060,1,0,94.300,0,0,18,291,1,40,0
19-05 18:44:50,19.189,11.713,66.789,0.748,0,5214052,184644,171544,2421524,2990.554,73.767,1008.813,2268.833,82.739,359.863,4064,2983,1.730,1.730,1.060,4,0,123.610,0,0,18,291,1,40,0
19-05 18:44:51,38.485,8.497,52.229,0.250,0,5243672,150648,171544,2425812,6709.329,2006.201,771.693,979.610,6.997,8.996,3213,1991,1.730,1.730,1.060,2,0,22.991,0,0,18,292,1,40,0
19-05 18:44:52,24.333,7.275,66.476,0.502,0,5233340,156448,171544,2430308,9978.970,2432.280,674.295,2107.173,10.034,82.280,3264,2854,1.730,1.730,1.060,2,0,38.130,0,0,18,291,1,32,0
19-05 18:44:53,12.506,15.007,70.032,0.500,0,5180672,206780,171676,2432480,3841.742,0,1096.497,2441.107,18.008,85.039,5101,4709,1.730,1.730,1.060,2,0,274.124,0,0,18,291,1,32,0
19-05 18:44:54,18.934,3.239,76.980,0,0,5213636,173808,171676,2432488,6232.117,2376.655,0,67.762,0,6.976,1870,1550,1.590,1.700,1.050,0,0,0,0,0,18,292,1,32,0
19-05 18:44:55,21.244,5.498,71.479,0.500,0,5152708,234716,171676,2432512,23823.836,20146.942,0,323.903,0,28.991,3076,2815,1.590,1.700,1.050,1,0,46.986,0,0,18,291,1,34,0
19-05 18:44:56,20.486,3.498,75.448,0,0,5201936,185484,171676,2432516,4388.992,2243.463,0,363.751,0,32.977,2008,1726,1.590,1.700,1.050,1,0,0,0,0,18,292,1,30,0
19-05 18:44:57,20.268,4.004,74.566,0,0,5141868,245348,171676,2432720,9952.867,6614.893,192.171,0,12.011,0,2452,2073,1.590,1.700,1.050,1,0,15.013,0,0,18,291,1,32,0
19-05 18:44:58,19.984,2.998,75.689,0,0,5195036,192176,171676,2432724,5239.799,2383.090,0,3.997,0,0.999,1957,1634,1.590,1.700,1.050,1,0,0,0,0,18,292,1,32,0
19-05 18:44:59,22.249,4.750,69.997,2.000,0,5196636,188648,171676,2434652,8290.587,5404.730,2111.895,3439.828,85.996,286.986,5086,7315,1.620,1.710,1.060,1,0,1.000,0,0,18,291,1,33,0
19-05 18:45:00,22.011,4.252,72.035,0.250,0,5180856,204156,171676,2434924,2761.332,0,0,276.133,0,18.009,2198,1913,1.620,1.710,1.060,1,0,5.002,0,0,18,291,1,33,0
19-05 18:45:01,16.248,2.750,80.988,0,0,5201596,183280,171676,2435060,12459.229,9663.626,3.999,175.975,1.000,9.999,2154,2008,1.620,1.710,1.060,1,0,3.000,0,0,18,292,1,31,0
19-05 18:45:02,19.767,10.009,67.558,0.751,0,5174064,210660,171684,2435200,4139.539,1227.049,64.055,4976.255,3.003,493.422,5472,6596,1.620,1.710,1.060,2,0,107.092,0,0,18,291,1,32,0
19-05 18:45:03,9.285,23.087,66.751,0.251,0,5172276,212400,171684,2435248,2770.437,42.159,0,598.254,0,45.170,6159,5101,1.620,1.710,1.060,1,0,445.679,0,0,18,291,1,32,0
19-05 18:45:04,8.496,22.488,65.965,0,0,5167600,217052,171688,2435268,3058.384,0,0,695.633,0,44.976,6018,4881,1.570,1.700,1.050,1,0,404.786,0,0,18,291,1,32,0
19-05 18:45:05,9.505,22.762,66.286,0.250,0,5161664,222964,171688,2435292,2701.470,0,0,564.307,0,41.022,6072,5001,1.570,1.700,1.050,2,0,427.232,0,0,18,291,1,25,0
19-05 18:45:06,8.500,23.249,66.748,0,0,5159832,224776,171688,2435312,3256.906,73.998,0,447.987,0,35.999,5850,4746,1.570,1.700,1.050,2,0,371.989,0,0,18,291,1,25,0
19-05 18:45:07,8.477,22.936,66.566,0,0,5160644,223932,171688,2435344,2692.544,0,0,550.476,0,25.928,5616,4289,1.570,1.700,1.050,1,0,376.956,0,0,18,291,1,25,0
19-05 18:45:08,8.020,22.806,67.917,0.251,0,5153184,231372,171688,2435364,2175.334,0,0,1319.235,0,80.197,5859,4635,1.570,1.700,1.050,1,0,392.964,0,0,18,291,1,25,0
19-05 18:45:09,8.001,23.002,66.756,0.250,0.250,5161984,222552,171688,2435384,2400.205,0,0,224.019,0,20.002,5761,4546,1.520,1.690,1.050,2,0,385.033,0,0,18,291,1,25,0
19-05 18:45:10,8.747,21.993,67.480,0,0,5162728,221784,171688,2435408,2343.291,93.972,0,115.965,0,12.996,5760,4574,1.520,1.690,1.050,1,0,386.883,0,0,18,291,1,25,0
19-05 18:45:11,9.746,21.740,66.220,0,0,5152568,231916,171688,2435436,2595.830,0,0,179.919,0,11.995,5594,4289,1.520,1.690,1.050,2,0,371.832,0,0,18,291,1,25,0
19-05 18:45:12,12.233,14.980,70.904,0.250,0,5160948,328536,171712,2341060,2636.426,0,59.919,2149.086,7.989,118.839,4375,3792,1.520,1.690,1.050,1,0,203.724,0,0,18,291,1,25,0
19-05 18:45:13,22.708,4.242,72.116,0,0,5183384,295568,172096,2351356,2515.312,0,0,2379.565,0,7.985,2128,1687,1.520,1.690,1.050,1,0,2.994,0,0,18,291,1,24,0
19-05 18:45:14,18.473,2.496,77.886,0.499,0,5195972,281476,172208,2352744,14139.357,5768.578,567.172,1202.245,28.958,30.955,2025,1747,1.480,1.670,1.050,1,0,15.977,0,0,18,292,1,24,0
19-05 18:45:15,15.028,1.753,81.150,1.753,0,5185700,290332,172400,2353956,27973.822,16777.080,661.225,2360.373,76.141,89.165,2217,2412,1.480,1.670,1.050,0,0,0,0,0,18,292,1,24,0
19-05 18:45:16,17.940,1.744,77.738,0.747,0,5202708,271616,172536,2355524,21659.036,11525.174,1315.568,1694.292,70.762,64.782,2027,1851,1.480,1.670,1.050,2,0,0,0,0,18,292,1,24,0
19-05 18:45:17,17.557,1.254,79.258,1.003,0,5206296,266584,172680,2356812,22098.863,12289.966,878.858,1565.089,44.144,48.157,1833,1713,1.480,1.670,1.050,1,1,1.003,0,0,18,292,1,24,0
19-05 18:45:18,21.728,3.746,72.427,1.498,0,5207780,225848,173548,2395004,4308.664,802.193,11712.213,2113.873,123.875,93.905,2574,2594,1.480,1.670,1.050,3,0,0.999,0,0,18,292,1,24,0
19-05 18:45:19,24.260,3.251,71.278,0.250,0,5208764,208120,174036,2410980,3421.351,42.017,0,1784.705,0,50.020,2483,2375,1.600,1.700,1.060,2,0,0,0,0,18,292,1,24,0
19-05 18:45:20,23.251,2.750,72.002,1.250,0,5227728,167796,174628,2431428,3060.066,0,0,2208.048,0,87.002,2394,2234,1.600,1.700,1.060,1,0,0,0,0,18,292,1,24,0
19-05 18:45:21,22.717,2.996,72.396,0.999,0,5217200,149864,175756,2458368,2773.006,0,0,2744.048,0,105.848,2367,2257,1.600,1.700,1.060,1,0,0,0,0,18,292,1,22,0
19-05 18:45:22,23.455,3.992,70.615,1.497,0,5232992,139068,176556,2452280,2856.549,173.669,0,20696.508,0,316.396,3029,3332,1.600,1.700,1.060,1,0,0,0,0,18,291,1,22,0
19-05 18:45:23,21.589,4.268,73.301,0,0,5246308,125704,176568,2452300,7319.058,1277.245,0,1208.965,0,174.718,2347,1742,1.600,1.700,1.060,0,0,35.144,0,0,18,292,1,22,0
19-05 18:45:24,20.746,3.499,74.984,0.250,0.250,5266520,131276,176756,2427304,4310.075,1011.783,0,955.795,0,8.998,2009,1617,1.560,1.690,1.060,1,0,2.999,0,0,18,291,1,22,0
19-05 18:45:25,20.304,4.512,73.697,0.501,0,5246324,176788,177028,2402656,9206.625,3057.177,0,1768.731,0,64.172,2674,2677,1.560,1.690,1.060,2,0,20.054,0,0,18,291,1,22,0
19-05 18:45:26,21.935,6.730,69.295,0,0,5260184,162344,177084,2403168,2948.278,0,0,303.103,0,4.985,9187,16877,1.560,1.690,1.060,2,0,12.962,0,0,18,291,1,22,0
19-05 18:45:27,21.012,7.254,70.040,0,0,5262296,160096,177132,2403256,2881.642,0,0,248.141,0,8.005,9433,17267,1.560,1.690,1.060,2,0,20.011,0,0,18,291,1,22,0
19-05 18:45:28,21.256,5.502,72.021,0,0,5188912,244808,177140,2392000,2880.842,0,4.001,1920.562,1.000,19.006,2823,2544,1.560,1.690,1.060,1,0,51.015,0,0,18,291,1,22,0
19-05 18:45:29,23.755,5.501,69.266,0,0,5212932,220764,177140,2392024,2820.637,0,0,348.079,0,9.002,9121,17224,1.590,1.690,1.070,1,0,24.005,0,0,18,291,1,22,0
19-05 18:45:30,18.999,2.500,76.746,0.250,0,5214820,213228,177192,2397620,8169.526,2283.867,0,683.960,0,9.999,1976,1592,1.590,1.690,1.070,1,0,16.999,0,0,18,291,1,22,0
19-05 18:45:31,19.240,2.998,76.959,0,0,5221144,205728,177192,2398796,9152.177,2947.447,0,411.783,0,5.997,1976,1587,1.590,1.690,1.070,1,0,17.991,0,0,18,292,1,22,0
19-05 18:45:32,23.036,6.260,68.606,0.250,0,5212192,210084,177196,2403316,2926.542,248.385,16.025,1914.972,1.002,52.081,9321,17755,1.590,1.690,1.070,1,0,15.023,0,0,18,291,1,22,0
19-05 18:45:33,22.177,7.475,68.276,0,0,5208584,213432,177200,2403568,2631.370,73.758,0,797.385,0,30.899,9182,16979,1.590,1.690,1.070,2,1,18.938,0,0,18,291,1,19,0
19-05 18:45:34,22.790,4.257,71.876,0.501,0,5168536,265068,177200,2392052,3045.342,74.130,0,953.673,0,45.079,2566,2391,1.540,1.680,1.070,2,0,22.039,0,0,18,291,1,19,0
19-05 18:45:35,21.584,5.772,71.527,0.502,0,5172916,260664,177200,2392076,3613.997,74.288,0,489.897,0,33.128,3335,3225,1.540,1.680,1.070,1,0,94.365,0,0,18,291,1,19,0
19-05 18:45:36,21.911,3.486,72.457,0,0,5155460,267120,177308,2402964,4434.076,498.983,0,916.296,0,11.952,2250,1814,1.540,1.680,1.070,0,0,18.924,0,0,18,292,1,19,0
19-05 18:45:37,13.941,1.494,83.146,0.249,0,5161688,260568,177312,2403268,19666.198,7564.765,3.983,1238.722,0.996,42.818,1618,1557,1.540,1.680,1.070,2,0,0.996,0,0,18,292,1,18,0
19-05 18:45:38,15.343,2.515,81.242,0.755,0,5179872,241944,177312,2403696,22683.410,13617.491,0,1742.556,0,55.335,2086,2209,1.540,1.680,1.070,1,0,3.018,0,0,18,292,1,18,0
19-05 18:45:39,13.475,4.741,79.849,0,0,5256172,165588,177312,2403748,37990.248,3279.805,0,323.389,0,11.977,2533,6966,1.740,1.720,1.080,0,0,37.928,0,0,18,293,1,19,0
19-05 18:45:40,9.003,1.501,87.780,0.750,0,5256172,165364,177316,2403968,119170.329,8289.805,0,1352.458,0,64.022,2011,2422,1.740,1.720,1.080,0,0,1.000,0,0,18,293,1,19,0
19-05 18:45:41,15.996,2.249,80.982,0.500,0,5275548,145708,177316,2404248,20358.429,11445.430,0,1575.646,0,53.988,1725,1619,1.740,1.720,1.080,0,0,0,0,0,18,293,1,19,0
19-05 18:45:42,12.999,1.000,84.497,0.250,0,5280928,139912,177356,2404620,188182.455,10875.564,15.999,1279.949,1.000,51.998,1765,1895,1.740,1.720,1.080,0,0,0,0,0,18,293,1,14,0
19-05 18:45:43,9.522,2.255,85.198,1.253,0,5279844,140376,177740,2405068,229525.382,21697.422,28.065,12364.734,4.009,325.757,2139,2341,1.740,1.720,1.080,2,0,0,0,0,18,293,1,14,0
19-05 18:45:44,13.468,1.496,82.301,0.748,0,5279172,131896,177928,2414000,87993.739,14781.344,103.750,1759.755,5.986,72.824,1818,1830,1.600,1.690,1.080,0,0,0.998,0,0,18,293,1,14,0
19-05 18:45:45,4.499,2.999,88.721,0.250,0,5268988,131392,177960,2424608,5652960.594,63256.082,0,6010.013,0,43.985,4373,3592,1.600,1.690,1.080,0,0,1.999,0,0,18,293,1,14,0
19-05 18:45:46,7.028,4.769,85.091,0.502,0,5251948,154676,178040,2419316,12263276.718,101390.252,164.660,12815.349,4.016,51.205,5532,3344,1.600,1.690,1.080,1,0,2.008,0,0,18,293,1,10,0
19-05 18:45:47,19.256,2.251,75.522,1.250,0,5254008,139864,178512,2431464,617887.990,8170.380,0,2888.842,0,102.030,2370,2163,1.600,1.690,1.080,1,0,2.001,0,0,18,293,1,10,0
19-05 18:45:48,22.660,4.233,71.467,0.747,0,5243444,133124,181624,2444524,2510.056,0,0,15797.416,0,169.329,2557,2574,1.600,1.690,1.080,1,0,0,0,0,18,293,1,10,0
19-05 18:45:49,24.010,3.251,71.280,0.250,0,5241128,151288,182032,2428208,2160.895,0,0,2557.059,0,281.116,2467,2326,1.550,1.680,1.080,2,0,0,0,0,18,293,1,10,0
19-05 18:45:50,26.081,3.762,68.211,1.254,0,5263840,126632,182848,2429032,2527.810,74.229,0,2463.612,0,96.298,2630,2419,1.550,1.680,1.080,3,0,2.006,0,0,18,293,1,7,0
19-05 18:45:51,37.724,12.491,47.717,0.749,0,5289444,134440,183824,2395408,2295.426,0,767.474,2690.156,5.996,100.931,3614,2465,1.550,1.680,1.080,2,0,6.995,0,0,18,293,1,7,0
19-05 18:45:52,32.366,7.220,58.259,0.249,0,5281496,133736,185160,2402092,2629.141,0,286.815,75496.180,2.988,514.873,3373,3264,1.550,1.680,1.080,1,0,8.963,0,0,18,293,1,7,0
19-05 18:45:53,23.979,3.247,72.187,0.500,0,5274060,128600,185888,2412716,3836.636,0,0,1810.412,0,47.958,2276,1918,1.550,1.680,1.080,3,0,0,0,0,18,293,1,7,0
19-05 18:45:54,21.557,4.261,72.442,1.003,0,5304768,129264,186836,2379816,4415.731,348.927,0,2434.467,0,85.226,2377,2171,1.510,1.670,1.080,1,0,0,0,0,18,291,1,7,0
19-05 18:45:55,23.742,3.999,70.976,0,0,5223140,211156,186836,2379576,3238.913,0,0,943.683,0,33.989,2539,2309,1.510,1.670,1.080,1,0,18.994,0,0,18,291,1,7,0
19-05 18:45:56,19.515,4.003,75.808,0,0,5222104,206428,186892,2385140,8673.618,2285.744,0,1120.855,0,13.010,2045,1676,1.510,1.670,1.080,2,0,18.014,0,0,18,291,1,7,0
19-05 18:45:57,18.800,6.768,74.199,0.251,0,5232856,194400,186908,2386360,9345.041,2948.902,0,138787.901,0,1544.138,4798,5462,1.510,1.670,1.080,1,0,18.048,0,0,18,292,1,7,0
19-05 18:45:58,23.165,8.469,66.008,0.498,0,5229548,191996,187356,2390688,2971.088,173.363,0,1191.624,0,30.887,6424,12502,1.510,1.670,1.080,2,0,13.949,0,0,18,291,1,3,0
19-05 18:45:59,22.845,7.280,67.280,0,0,5233860,187384,187396,2390864,3072.807,0,0,3141.091,0,204.854,9140,17626,1.550,1.670,1.080,1,0,10.042,0,0,18,291,1,3,0
19-05 18:46:00,20.424,7.472,70.487,0.249,0,5233624,187384,187432,2391032,2632.188,0,0,781.088,0,39.851,2498,2231,1.550,1.670,1.080,1,0,10.959,0,0,18,291,1,3,0
19-05 18:46:01,22.690,3.740,72.310,0,0,5201768,230452,187488,2380764,3308.305,41.890,247.350,207.455,3.990,10.971,2209,1805,1.550,1.670,1.080,1,0,5.984,0,0,18,291,1,3,0
19-05 18:46:02,24.342,5.270,68.759,1.004,0,5218356,211580,187576,2382964,3011.360,0,413.560,3581.511,12.045,107.405,4114,5212,1.550,1.670,1.080,1,0,0,0,0,18,293,1,4,0
19-05 18:46:03,24.740,4.998,64.724,2.749,0,5217760,211328,187580,2383808,3538.567,0,719.708,7492.965,44.982,603.755,7789,11828,1.550,1.670,1.080,1,0,1.000,0,0,18,293,1,7,0
19-05 18:46:04,9.760,20.520,67.816,0,0,5184040,244708,187580,2384148,3123.049,0,132.129,436.426,2.002,35.034,5524,4469,1.500,1.660,1.080,1,0,309.302,0,0,18,293,1,7,0
19-05 18:46:05,13.525,13.024,69.630,2.755,0,5170580,247584,187588,2394740,3246.070,0,10736.076,685.281,432.809,34.064,4508,4167,1.500,1.660,1.080,1,0,140.262,0,0,18,293,1,9,0
19-05 18:46:06,4.486,2.991,80.750,8.723,0,5164936,243964,187592,2404036,3916.882,1011.869,9135.735,1339.855,1605.034,19.938,3046,4682,1.500,1.660,1.080,0,0,5.981,0,0,18,294,1,8,0
19-05 18:46:07,1.501,0.750,96.808,0.250,0,5164476,244424,187592,2404036,22176.307,1984.191,0,1184.711,0,65.039,1069,1593,1.500,1.660,1.080,1,0,1.001,0,0,18,294,1,8,0
19-05 18:46:08,4.246,2.248,91.905,0.250,0.250,5145108,263512,187640,2404268,83825.104,126111.269,211.780,990.973,5.994,22.976,1569,1788,1.500,1.660,1.080,0,0,11.988,0,0,18,293,1,8,0
19-05 18:46:09,6.015,1.504,91.729,0,0,5148028,260584,187648,2404268,133153.997,2363.894,4.010,144.360,1.002,10.025,1331,1478,1.540,1.670,1.090,0,0,4.010,0,0,18,293,1,8,0
19-05 18:46:10,10.473,4.738,83.035,0.249,0,5155724,252736,187672,2404396,283180.830,9479.457,119.690,1970.897,4.987,317.179,2590,2219,1.540,1.670,1.090,1,0,30.920,0,0,18,293,1,8,0
19-05 18:46:11,15.747,5.999,77.237,0,0,5156656,248084,187676,2408112,284170.028,4323.285,79.987,3.999,2.000,1.000,2526,1927,1.540,1.670,1.090,1,0,31.995,0,0,18,293,1,8,0
