"pcp-dstat 5.3.6 CSV Output"
"Author:","PCP team <pcp@groups.io> and Dag Wieers <dag@wieers.com>",,,,"URL:","https://pcp.io/ and http://dag.wieers.com/home-made/dstat/"
"Host:","jammy-provider-cloud-0000007550",,,,"User:","ubuntu"
"Cmdline:","dstat -tcmndrylpg --tcp --output /tmp/devstack_logs/dstat-csv.log",,,,"Date:","02 Sep 2024 01:53:33 UTC"
"system","total usage",,,,,"memory usage",,,,"net/total",,"dsk/total",,"io/total",,"system",,"load avg",,,"procs",,,"paging",,"tcp sockets",,,,
"time","total usage:usr","total usage:sys","total usage:idl","total usage:wai","total usage:stl","used","free","buf","cach","net/total:recv","net/total:send","dsk/total:read","dsk/total:writ","read","writ","int","csw","1m","5m","15m","run","blk","new","in","out","lis","act","syn","tim","clo"
02-09 01:53:33,,1109676,1824392,165624,4715472,,,,,,,1.130,0.830,0.480,3,0,,,,9,7,0,17,2
02-09 01:53:34,40.759,26.506,30.257,0.750,0,1121704,1795096,165628,4732276,2587072.788,32718.623,11778.744,3788.883,133.031,60.014,5595,9019,1.130,0.830,0.480,4,0,745.174,0,0,9,6,0,17,2
02-09 01:53:35,48.207,22.230,28.724,0,0,1159476,1755060,165632,4734812,230762.468,9733.289,1154.966,483.567,12.988,37.966,6050,10830,1.130,0.830,0.480,3,0,429.615,0,0,9,7,0,17,2
02-09 01:53:36,54.052,14.764,29.779,0.751,0,1234692,1649908,166044,4886016,2432332.174,28976.760,8.008,10005.585,1.001,335.321,5943,7619,1.130,0.830,0.480,3,0,146.140,0,0,10,8,0,17,2
02-09 01:53:37,57.155,12.978,28.702,1.498,0,1246740,1614240,167124,4905752,309760.108,11897.262,79.867,9424.365,0.998,298.505,3037,4554,1.130,0.830,0.480,2,0,197.672,0,0,10,8,0,19,2
02-09 01:53:38,45.747,4.250,47.997,1.500,0,1249040,1598672,168124,4915328,2398141.130,22892.398,0,9663.324,0,351.975,2751,2771,1.120,0.830,0.480,2,0,0,0,0,10,4,0,19,0
02-09 01:53:39,37.757,5.501,50.010,6.251,0,1233308,1606332,168600,4922876,6562.267,1620.313,0,32222.219,0,2737.528,8922,19347,1.120,0.830,0.480,2,0,53.010,0,0,10,6,0,19,0
02-09 01:53:40,40.066,10.517,45.325,4.007,0,1166584,1669376,169132,4925888,6081.999,1556.559,0,34893.365,0,2740.505,16923,36141,1.120,0.830,0.480,3,0,115.189,0,0,10,4,0,19,0
02-09 01:53:41,46.243,7.249,46.243,0.250,0,1202792,1633104,169140,4925928,6607.969,1661.741,0,1075.832,0,32.995,9353,18454,1.120,0.830,0.480,2,0,12.998,0,0,10,4,0,19,0
02-09 01:53:42,44.244,5.749,48.744,0.250,0,1121592,1714216,169172,4925920,8178.937,1619.789,0,10430.644,0,402.948,1768,2952,1.120,0.830,0.480,2,0,38.995,0,0,10,4,0,19,0
02-09 01:53:43,23.928,2.243,72.781,0,0,1173108,1662672,169176,4925944,6372.843,1615.145,0,175.473,0,12.961,1131,1495,1.110,0.830,0.480,1,0,28.913,0,0,10,4,0,19,0
02-09 01:53:44,13.788,13.036,72.199,0,0,1091256,1744504,169176,4925964,7430.516,1624.485,0,0,0,0,2306,3382,1.110,0.830,0.480,1,0,267.739,0,0,10,4,0,19,0
02-09 01:53:45,9.747,20.994,69.231,0,0,1089368,1746212,169176,4926128,4832.657,1565.565,0,59.983,0,13.996,2869,4756,1.110,0.830,0.480,1,0,406.887,0,0,10,4,0,19,0
02-09 01:53:46,28.767,14.258,55.532,0,0,1137880,1697400,169176,4926700,6817.913,1512.868,0,4.002,0,1.001,5271,10754,1.110,0.830,0.480,2,0,246.141,0,0,10,5,0,19,0
02-09 01:53:47,47.756,2.250,49.256,0,0,1249680,1585260,169184,4927152,6383.792,1620.201,0,8313.031,0,687.085,1517,1301,1.110,0.830,0.480,2,0,0,0,0,10,5,0,19,0
02-09 01:53:48,48.259,5.251,47.009,0,0,1285368,1547024,169292,4929572,7225.402,1620.314,0,940.182,0,94.018,1401,5369,1.180,0.850,0.490,1,0,5.001,0,0,10,4,0,19,0
02-09 01:53:49,2.993,4.739,90.299,0.499,0.249,1286476,1545300,169300,4929920,9388.102,1616.402,0,1137.468,0,5.987,1325,2032,1.180,0.850,0.490,0,0,112.749,0,0,10,4,0,19,0
02-09 01:53:50,18.007,3.001,78.281,0,0,1344420,1487352,169340,4929920,6317.483,1620.637,0,952.374,0,43.017,1355,1999,1.180,0.850,0.490,1,0,21.008,0,0,10,4,0,15,0
02-09 01:53:51,23.751,1.750,74.253,0,0,1386836,1444764,169340,4930092,6725.289,1620.070,0,4.000,0,1.000,774,1182,1.180,0.850,0.490,1,0,0,0,0,10,6,0,15,0
02-09 01:53:52,21.502,4.500,71.757,1.500,0,1325368,1506120,169388,4930152,7130.656,1620.149,0,18613.712,0,514.047,2953,5732,1.180,0.850,0.490,1,0,43.004,0,0,10,4,0,15,0
02-09 01:53:53,21.745,3.249,73.483,0.500,0,1357232,1473668,169392,4930592,7343.282,1499.649,231.946,1423.667,57.986,16.996,1653,2638,1.170,0.860,0.500,1,0,2.000,0,0,10,27,0,16,0
02-09 01:53:54,21.782,4.757,73.107,0,0,1357364,1473512,169392,4930608,7842.521,1622.383,0,0,0,0,1353,1856,1.170,0.860,0.500,2,0,44.065,0,0,10,28,0,18,0
02-09 01:53:55,32.263,7.753,60.274,0,0,1381200,1449664,169392,4930628,4768.908,1620.648,0,12.005,0,3.001,1893,2829,1.170,0.860,0.500,3,0,156.062,0,0,10,28,0,19,0
02-09 01:53:56,45.214,5.745,48.462,0.250,0,1378696,1451924,169400,4930844,4907.104,1618.715,0,627.502,0,17.986,4385,9264,1.170,0.860,0.500,4,0,18.985,0,0,10,28,0,20,0
02-09 01:53:57,73.312,19.016,6.756,0,0,1538004,1292580,169404,4930876,5975.019,1621.362,0,37887.826,0,129.108,3100,5115,1.170,0.860,0.500,10,0,506.425,0,0,10,28,0,20,0
02-09 01:53:58,82.985,11.748,5.499,0,0,1528540,1301712,169424,4931196,6408.859,1619.712,0,2423.569,0,75.986,6525,12974,1.550,0.940,0.530,9,0,131.977,0,0,10,29,0,19,0
02-09 01:53:59,35.745,10.999,51.243,0,0,1327636,1502492,169448,4931268,7736.963,1457.805,0,279.962,0,27.996,3567,6706,1.550,0.940,0.530,3,0,230.969,0,0,10,28,0,19,0
02-09 01:54:00,23.211,2.995,73.627,0,0,1386332,1443776,169448,4931288,6569.043,1617.302,0,0,0,0,1287,1794,1.550,0.940,0.530,1,0,1.997,0,0,10,28,0,19,0
02-09 01:54:01,21.220,5.742,72.648,0,0,1367828,1462256,169456,4931304,8518.041,1617.729,0,91.871,0,10.985,2138,3438,1.550,0.940,0.530,1,0,67.905,0,0,10,28,0,19,0
02-09 01:54:02,18.801,9.275,71.445,0.251,0,1332232,1497824,169464,4931324,8118.146,1624.431,0,4568.463,0,37.101,2611,4463,1.550,0.940,0.530,1,0,174.476,0,0,10,28,0,19,0
02-09 01:54:03,21.764,27.767,51.532,0,0,1383448,1446592,169464,4931340,7133.487,1621.020,0,52.033,0,13.008,3394,5749,1.590,0.960,0.530,5,0,789.497,0,0,10,28,0,19,0
02-09 01:54:04,83.993,11.999,4.000,0,0,1584560,1245244,169484,4931524,6481.488,1713.865,0,967.924,0,60.995,3380,6131,1.590,0.960,0.530,4,0,74.994,0,0,10,31,0,19,0
02-09 01:54:05,81.985,10.998,5.499,0,0,1471920,1357652,169508,4931732,5611.939,1713.676,0,2799.471,0,77.985,5714,13062,1.590,0.960,0.530,5,0,119.977,0,0,10,28,0,19,0
02-09 01:54:06,85.269,12.503,2.250,0,0,1582388,1246868,169520,4932036,7019.544,1620.356,0,224.049,0,14.003,4118,8703,1.590,0.960,0.530,6,0,192.042,0,0,10,29,0,19,0
02-09 01:54:07,81.753,11.750,6.750,0,0,1449364,1379528,169520,4932392,4734.156,1552.051,0,44741.476,0,200.007,6808,16092,1.590,0.960,0.530,3,0,164.005,0,0,10,28,0,18,0
02-09 01:54:08,43.421,8.235,47.414,0,0.250,1399036,1429656,169524,4932576,5447.124,1617.068,0,403.269,0,36.933,2714,6522,1.620,0.980,0.540,2,0,133.757,0,0,10,28,0,18,0
02-09 01:54:09,43.830,10.018,46.335,0,0,1389024,1439624,169536,4932608,6188.287,1803.289,0,264.482,0,27.049,4634,9305,1.620,0.980,0.540,4,0,182.333,0,0,10,28,0,18,0
02-09 01:54:10,64.327,11.469,24.185,0,0,1508516,1320044,169540,4932684,7163.730,1615.654,0,215.421,0,13.962,2242,3418,1.620,0.980,0.540,3,0,195.474,0,0,10,31,0,18,0
02-09 01:54:11,65.419,14.788,18.799,0,0,1452620,1375560,169560,4933040,6784.538,1718.442,0,457.182,0,44.114,4493,10143,1.620,0.980,0.540,5,0,258.669,0,0,10,28,0,21,0
02-09 01:54:12,76.757,8.751,14.251,0.250,0,1507364,1320680,169564,4933156,9326.830,1620.144,0,30882.749,0,76.007,5202,10685,1.620,0.980,0.540,4,0,13.001,0,0,10,31,0,23,0
02-09 01:54:13,69.752,15.250,14.750,0,0,1482596,1345396,169564,4933208,6837.212,1620.050,0,420.013,0,26.001,4517,8516,1.730,1.010,0.560,5,0,311.010,0,0,10,28,0,23,0
02-09 01:54:14,64.751,13.750,21.250,0,0,1392552,1435068,169580,4933560,10119.152,1512.023,0,452.007,0,39.001,5397,13274,1.730,1.010,0.560,5,0,290.004,0,0,10,28,0,25,0
02-09 01:54:15,63.530,6.727,28.651,0,0,1508072,1319428,169588,4933664,6169.659,1560.602,0,1219.781,0,35.876,3333,7110,1.730,1.010,0.560,6,0,8.969,0,0,10,30,0,26,0
02-09 01:54:16,66.978,14.048,18.814,0,0,1494772,1332520,169592,4933860,8341.419,1625.538,0,272.930,0,19.065,3387,6424,1.730,1.010,0.560,4,0,289.988,0,0,10,28,0,27,0
02-09 01:54:17,63.499,11.000,25.000,0.250,0,1405504,1421076,169600,4934632,8180.869,1619.974,0,439.993,0,40.999,4906,12199,1.730,1.010,0.560,3,0,145.998,0,0,10,28,0,29,0
02-09 01:54:18,64.752,7.750,27.001,0.250,0,1452964,1373540,169600,4934620,6875.220,1620.052,0,352.011,0,30.001,4352,9407,1.840,1.040,0.570,6,0,54.002,0,0,10,30,0,30,0
02-09 01:54:19,79.749,15.250,4.250,0,0,1540368,1285956,169604,4934796,7375.904,1713.978,0,431.994,0,33.000,2987,5493,1.840,1.040,0.570,8,0,407.995,0,0,10,28,0,30,0
02-09 01:54:20,83.495,13.499,2.250,0,0,1511760,1314316,169608,4935036,7112.559,1619.900,0,579.964,0,49.997,4445,9197,1.840,1.040,0.570,9,0,280.983,0,0,10,28,0,30,0
02-09 01:54:21,81.752,13.500,4.250,0,0,1566180,1259680,169608,4935244,7353.191,1512.039,0,480.012,0,37.001,3651,6971,1.840,1.040,0.570,7,0,301.008,0,0,10,28,0,29,0
02-09 01:54:22,81.501,14.750,3.500,0,0,1567364,1258456,169608,4935324,6625.106,1620.026,0,628.010,0,15.000,4906,12625,1.840,1.040,0.570,7,0,204.003,0,0,10,29,0,30,0
02-09 01:54:23,52.249,22.500,23.999,0,0,1392280,1433164,169608,4935696,5204.891,1565.967,0,5987.874,0,500.989,6325,14874,1.850,1.060,0.580,3,0,783.984,0,0,10,28,0,27,0
02-09 01:54:24,10.750,23.501,66.003,0,0,1334956,1490572,169620,4935716,5965.227,1620.062,0,2392.091,0,144.005,3670,5938,1.850,1.060,0.580,2,0,627.024,0,0,10,28,0,27,0
02-09 01:54:25,64.466,25.736,9.495,0,0,1518704,1306764,169620,4935768,5033.317,1619.137,0,35.981,0,8.995,2958,6187,1.850,1.060,0.580,4,0,800.573,0,0,10,28,0,27,0
02-09 01:54:26,77.283,11.505,10.755,0.250,0,1451692,1373500,169656,4936004,5730.476,1620.700,0,2060.890,0,119.051,4869,12883,1.850,1.060,0.580,4,0,203.088,0,0,10,28,0,27,0
02-09 01:54:27,81.736,9.998,6.999,0,0,1558948,1266212,169660,4936032,8953.460,1619.721,0,155.973,0,11.998,4760,8385,1.850,1.060,0.580,5,0,66.988,0,0,10,30,0,29,0
02-09 01:54:28,54.510,7.251,37.007,0.500,0,1514564,1310176,169660,4936440,7296.364,1512.283,0,4824.902,0,154.029,8080,22299,1.860,1.080,0.580,8,0,30.006,0,0,10,30,0,36,0
02-09 01:54:29,85.755,10.751,3.500,0,0,1533272,1291252,169668,4936644,8318.458,1620.089,0,272.015,0,30.002,3178,6806,1.860,1.080,0.580,5,0,90.005,0,0,10,29,0,33,0
02-09 01:54:30,60.939,5.744,31.718,0,0,1566620,1257736,169672,4936800,12567.370,1660.331,0,107.892,0,5.994,8730,20484,1.860,1.080,0.580,3,0,0,0,0,10,32,0,38,0
02-09 01:54:31,68.066,11.261,20.270,0,0,1396932,1426940,169672,4937280,6427.260,1567.527,0,136.133,0,8.008,7129,16358,1.860,1.080,0.580,6,0,230.224,0,0,10,28,0,39,0
02-09 01:54:32,83.751,9.750,6.250,0,0,1566172,1257624,169672,4937348,5813.047,1620.013,0,120.001,0,8.000,4182,9197,1.860,1.080,0.580,3,0,37.000,0,0,10,32,0,40,0
02-09 01:54:33,80,11,8.250,0,0,1495880,1327720,169684,4937524,8339,1620,0,568,0,25,3027,7998,2.030,1.120,0.600,5,0,132,0,0,10,28,0,43,0
02-09 01:54:34,77.500,13.000,9.000,0,0,1442100,1381344,169696,4937664,6672.027,1620.006,0,472.002,0,51.000,5267,11797,2.030,1.120,0.600,5,0,184.001,0,0,10,29,0,43,0
02-09 01:54:35,83.913,9.960,6.225,0,0,1547560,1275656,169700,4937884,5929.153,1599.567,0,147.407,0,9.960,4488,8282,2.030,1.120,0.600,6,0,62.748,0,0,10,30,0,45,0
02-09 01:54:36,78.063,12.550,8.032,0,0,1457632,1365356,169700,4938104,5766.087,1626.513,0,915.666,0,10.040,4202,10261,2.030,1.120,0.600,6,0,165.663,0,0,10,28,0,46,0
02-09 01:54:37,79.248,9.250,11.250,0,0,1514324,1308428,169708,4938324,5002.845,1619.950,0,439.986,0,47.999,4609,10241,2.030,1.120,0.600,6,0,37.999,0,0,10,29,0,46,0
02-09 01:54:38,66.251,12.000,21.500,0,0,1507976,1314744,169708,4938352,5303.042,1620.013,0,316.003,0,23.000,2324,3730,2.110,1.160,0.620,5,0,223.002,0,0,10,29,0,46,0
02-09 01:54:39,62.000,10.750,26.500,0,0,1429824,1392588,169708,4938636,4708.009,1566.003,0,252.001,0,18.000,5883,10696,2.110,1.160,0.620,4,0,181.000,0,0,10,28,0,49,0
02-09 01:54:40,64.194,8.742,26.227,0,0,1413640,1408588,169724,4938800,5551.159,1660.552,0,379.669,0,35.969,3555,7931,2.110,1.160,0.620,4,0,64.943,0,0,10,29,0,50,0
02-09 01:54:41,64.808,10.009,25.523,0.250,0,1501572,1320472,169728,4938980,5598.989,1621.445,0,232.207,0,20.018,2626,5462,2.110,1.160,0.620,4,0,67.060,0,0,10,30,0,50,0
02-09 01:54:42,64.498,8.250,26.499,0,0,1455188,1366792,169732,4939032,9212.742,1511.958,0,295.992,0,25.999,3364,7837,2.110,1.160,0.620,6,0,81.998,0,0,10,28,0,50,0
02-09 01:54:43,62.457,10.243,26.732,0.250,0,1370764,1450884,169736,4939352,7438.912,1618.893,0,475.675,0,52.964,4009,9151,2.260,1.200,0.630,4,0,136.906,0,0,10,28,0,53,0
02-09 01:54:44,65.288,8.255,26.516,0,0,1512164,1309328,169740,4939516,5788.392,1662.975,0,204.120,0,16.009,3319,6344,2.260,1.200,0.630,8,0,0,0,0,10,29,0,54,0
02-09 01:54:45,59.007,15.002,25.503,0.250,0,1461732,1359660,169748,4939600,5826.658,1620.183,0,356.040,0,32.004,4209,8378,2.260,1.200,0.630,4,0,423.048,0,0,10,28,0,55,0
02-09 01:54:46,57.240,9.248,32.494,0,0,1403812,1417220,169752,4939952,5881.941,1619.708,0,947.829,0,29.995,5681,11904,2.260,1.200,0.630,4,0,103.981,0,0,10,28,0,55,0
02-09 01:54:47,24.669,10.466,64.787,0,0,1402068,1418884,169752,4940024,6660.135,1614.699,0,215.293,0,11.961,2322,3717,2.260,1.200,0.630,2,0,305.995,0,0,10,28,0,55,0
02-09 01:54:48,18.302,10.028,70.701,0,0,1343844,1477072,169760,4940048,6571.650,1570.457,0,284.808,0,24.068,4293,8081,2.160,1.200,0.640,4,0,230.655,0,0,10,28,0,55,0
02-09 01:54:49,29.736,13.993,54.974,0,0,1442836,1377884,169772,4940208,5628.298,1511.275,0,567.727,0,26.987,2731,4222,2.160,1.200,0.640,2,0,364.825,0,0,10,28,0,57,0
02-09 01:54:50,43.004,5.251,48.005,3.500,0,1540916,1276144,170040,4943220,6133.626,1620.165,0,10069.027,0,833.085,4862,9158,2.160,1.200,0.640,1,1,47.005,0,0,10,32,0,57,0
02-09 01:54:51,40.454,6.742,41.453,11.487,0,1475488,1335008,170556,4948888,5732.476,1618.159,0,49204.006,0,4158.268,14738,32316,2.160,1.200,0.640,2,0,96.890,0,0,10,32,0,57,0
02-09 01:54:52,44.552,5.757,46.554,3.003,0,1508488,1302332,170644,4948456,15593.150,1621.888,0,15814.408,0,1172.365,4717,9195,2.160,1.200,0.640,2,0,10.012,0,0,10,28,0,57,0
02-09 01:54:53,42.539,6.756,46.042,4.254,0,1496176,1314264,170988,4948484,6358.780,1621.474,0,17960.326,0,1827.661,8240,17077,2.150,1.210,0.640,1,1,2.002,0,0,10,30,0,57,0
02-09 01:54:54,33.998,8.750,54.247,4.250,0,1362088,1447656,171160,4948992,6825.659,1619.919,0,7067.647,0,1260.937,7687,15639,2.150,1.210,0.640,1,0,100.995,0,0,10,28,0,52,0
02-09 01:54:55,23.752,1.750,73.506,0,0,1445500,1364244,171172,4948980,4774.392,1620.133,0,888.073,0,56.005,1068,1461,2.150,1.210,0.640,1,0,2.000,0,0,10,28,0,52,0
02-09 01:54:56,22.961,2.995,73.125,0.749,0,1378780,1430940,171180,4948996,6005.760,1455.518,0,6480.950,0,331.435,1614,2703,2.150,1.210,0.640,1,0,2.995,0,0,10,28,0,51,0
02-09 01:54:57,21.962,3.244,73.623,0,0,1451852,1357860,171180,4949004,4968.434,1617.212,0,3.993,0,0.998,952,1151,2.150,1.210,0.640,1,0,1.997,0,0,10,28,0,51,0
02-09 01:54:58,23.753,2.500,73.010,0,0,1414724,1394964,171184,4949020,4785.646,1620.219,0,2312.312,0,333.045,1054,1276,2.060,1.210,0.650,3,0,1.000,0,0,10,32,0,50,0
02-09 01:54:59,23.248,1.750,73.992,0,0,1356776,1452908,171184,4949024,5811.378,1619.827,0,0,0,0,941,1091,2.060,1.210,0.650,2,0,3.000,0,0,10,32,0,50,0
02-09 01:55:00,24.746,6.499,68.490,0,0,1438332,1371328,171184,4949040,5777.133,1619.757,0,0,0,0,1575,2377,2.060,1.210,0.650,1,0,145.978,0,0,10,32,0,50,0
02-09 01:55:01,23.535,2.253,73.859,0,0,1376636,1432976,171184,4949084,6885.128,1622.387,0,0,0,0,912,1092,2.060,1.210,0.650,1,0,1.001,0,0,10,32,0,50,0
02-09 01:55:02,22.467,3.495,73.892,0,0,1448960,1360652,171184,4949084,6554.463,1455.882,0,0,0,0,846,1165,2.060,1.210,0.650,1,0,1.997,0,0,10,32,0,50,0
02-09 01:55:03,23.828,2.257,73.238,0,0,1397580,1411920,171192,4949180,6606.511,1625.292,0,782.548,0,37.121,1072,1517,1.970,1.200,0.650,1,0,1.003,0,0,10,32,0,50,0
02-09 01:55:04,21.977,3.496,74.172,0,0,1411852,1397612,171192,4949216,7577.059,1618.304,0,0,0,0,887,1164,1.970,1.200,0.650,1,0,0.999,0,0,10,32,0,50,0
02-09 01:55:05,23.251,2.500,74.005,0,0,1352444,1457008,171192,4949220,5595.353,1694.107,0,4.000,0,1.000,884,1147,1.970,1.200,0.650,1,0,3.000,0,0,10,32,1,50,0
02-09 01:55:06,22.448,2.494,73.580,0,0,1369168,1440192,171196,4949272,6918.989,1690.089,0,0,0,0,964,1199,1.970,1.200,0.650,1,0,2.993,0,0,10,32,1,50,0
02-09 01:55:07,22.751,3.250,73.752,0,0,1449556,1359804,171196,4949272,5788.191,1620.053,0,0,0,0,960,1172,1.970,1.200,0.650,1,0,2.000,0,0,10,32,1,50,0
02-09 01:55:08,16.797,10.530,71.952,0,0,1358364,1450984,171208,4949272,6403.012,1536.322,0,92.260,0,1.003,1931,2835,1.890,1.200,0.650,1,0,204.575,0,0,10,32,1,50,0
02-09 01:55:09,9.233,20.463,68.876,0.250,0,1357120,1452056,171212,4949424,5875.424,1710.920,0,1177.880,0,16.969,3193,5100,1.890,1.200,0.650,1,0,488.121,0,0,10,32,1,50,0
02-09 01:55:10,10.519,21.790,67.876,0,0,1361500,1447504,171216,4949584,7128.194,1665.082,0,284.527,0,5.009,3253,5439,1.890,1.200,0.650,3,0,519.962,0,0,10,32,1,49,0
02-09 01:55:11,16.972,10.732,71.631,0,0,1407640,1401264,171216,4949624,5665.567,1617.307,0,7.987,0,1.997,2030,3199,1.890,1.200,0.650,1,0,247.588,0,0,10,32,1,49,0
02-09 01:55:12,23.001,2.750,73.753,0,0,1466872,1342044,171216,4949612,9321.354,1694.064,0,16.001,0,1.000,989,1165,1.890,1.200,0.650,1,0,2.000,0,0,10,32,1,46,0
02-09 01:55:13,22.934,3.241,73.289,0,0,1425684,1383236,171232,4949592,6555.102,1615.343,0,590.298,0,32.905,1160,1623,1.820,1.200,0.650,1,0,0.997,0,0,10,32,1,46,0
02-09 01:55:14,24.547,2.254,73.390,0,0,1364764,1444112,171232,4949636,6708.827,1623.103,0,941.801,0,171.328,1156,1191,1.820,1.200,0.650,1,0,3.006,0,0,10,32,1,42,0
02-09 01:55:15,23.247,2.750,73.489,0.250,0,1447180,1361708,171232,4949620,6396.047,1457.783,0,255.962,0,12.998,1238,1631,1.820,1.200,0.650,1,0,2.000,0,0,10,32,1,42,0
02-09 01:55:16,23.282,2.503,73.350,0,0,1398168,1410712,171232,4949628,8845.074,1622.214,0,16.022,0,1.001,1055,1247,1.820,1.200,0.650,1,0,3.004,0,0,10,32,1,40,0
02-09 01:55:17,26.461,4.743,67.901,0,0,1455500,1353392,171232,4949616,7294.321,1659.570,0,83.877,0,0.999,1987,3456,1.820,1.200,0.650,1,0,35.947,0,0,10,32,1,41,0
02-09 01:55:18,23.752,1.750,73.507,0,0,1416528,1392352,171232,4949628,6598.607,1662.153,0,12.001,0,1.000,968,1121,1.750,1.190,0.650,1,0,1.000,0,0,10,32,1,37,0
02-09 01:55:19,24.038,2.504,73.616,0,0,1360800,1448080,171232,4949628,7607.983,1622.556,0,52.082,0,3.005,985,1134,1.750,1.190,0.650,1,0,3.005,0,0,10,32,1,37,0
02-09 01:55:20,23.747,2.500,73.991,0,0,1443720,1365172,171232,4949616,6092.299,1693.805,0,0,0,0,979,1150,1.750,1.190,0.650,1,0,2.000,0,0,10,32,1,37,0
02-09 01:55:21,22.218,3.495,73.645,0,0,1387700,1421180,171232,4949628,6568.627,1617.692,0,99.858,0,3.994,973,1168,1.750,1.190,0.650,1,0,0.999,0,0,10,32,1,37,0
02-09 01:55:22,23.722,2.747,73.663,0,0,1460040,1348860,171232,4949608,5754.204,1510.216,0,7.991,0,0.999,1010,1211,1.750,1.190,0.650,1,0,1.998,0,0,10,32,1,37,0
02-09 01:55:23,23.515,3.002,73.046,0,0,1394888,1413988,171232,4949632,7189.479,1566.976,0,396.247,0,34.021,1152,1588,1.690,1.190,0.660,1,0,1.001,0,0,10,32,1,37,0
02-09 01:55:24,23.259,2.501,73.530,0,0,1463412,1345556,171232,4949540,5823.353,1620.655,0,1880.760,0,4.002,992,1211,1.690,1.190,0.660,1,0,2.001,0,0,10,32,1,36,0
02-09 01:55:25,23.553,2.756,73.917,0,0,1411740,1397140,171232,4949620,6217.026,1623.663,0,156.353,0,31.070,979,1124,1.690,1.190,0.660,1,0,1.002,0,0,10,32,1,36,0
02-09 01:55:26,23.227,2.997,73.677,0,0,1429836,1379052,171232,4949612,5381.694,1618.404,0,0,0,0,1020,1250,1.690,1.190,0.660,1,0,4.995,0,0,10,32,1,36,0
02-09 01:55:27,22.259,3.001,73.780,0,0,1370788,1438080,171232,4949632,5439.181,1620.650,0,24.010,0,2.001,882,1127,1.690,1.190,0.660,1,0,1.000,0,0,10,32,1,36,0
02-09 01:55:28,23.714,1.747,73.639,0,0,1377680,1431188,171232,4949632,5594.535,1617.553,0,19.970,0,0.998,884,1125,1.640,1.190,0.660,2,0,0.998,0,0,10,32,1,36,0
02-09 01:55:29,21.998,3.750,73.992,0,0,1448176,1360628,171232,4949696,5670.410,1511.843,0,131.986,0,2.000,838,1151,1.640,1.190,0.660,2,0,2.000,0,0,10,32,1,27,0
02-09 01:55:30,13.789,15.293,70.449,0,0,1360488,1448304,171232,4949708,6277.760,1570.443,0,108.306,0,9.026,2482,3769,1.640,1.190,0.660,2,0,351.996,0,0,10,32,1,27,0
02-09 01:55:31,21.224,4.494,73.659,0,0,1433580,1375172,171236,4949744,7944.165,1617.997,0,0,0,0,1147,1473,1.640,1.190,0.660,1,0,40.949,0,0,10,32,1,22,0
02-09 01:55:32,23.456,1.996,73.611,0,0,1405144,1403352,171236,4949968,5335.926,1616.947,0,0,0,0,999,1224,1.640,1.190,0.660,2,0,8.983,0,0,10,32,1,22,0
02-09 01:55:33,21.308,6.769,70.944,0,0,1358424,1450068,171236,4949968,8201.431,1624.443,0,677.854,0,62.170,1831,2702,1.590,1.180,0.660,1,1,159.436,0,0,10,32,1,18,0
02-09 01:55:34,9.256,20.764,69.548,0,0,1360280,1448108,171244,4950064,9931.783,1621.107,0,932.637,0,120.082,3374,5200,1.590,1.180,0.660,1,0,525.359,0,0,10,32,1,18,0
02-09 01:55:35,9.003,21.006,69.769,0,0,1360844,1447484,171244,4950104,5803.619,1512.422,0,292.081,0,7.002,3198,5073,1.590,1.180,0.660,2,0,507.141,0,0,10,32,1,16,0
02-09 01:55:36,10.251,19.252,68.757,0.500,0,1360280,1448012,171244,4950140,6716.672,1694.169,0,5260.526,0,189.019,3647,6193,1.590,1.180,0.660,1,0,544.054,0,0,10,32,1,16,0
02-09 01:55:37,9.737,20.722,68.657,0,0,1359208,1449052,171244,4950164,5452.617,1563.883,0,1358.161,0,17.976,3196,5154,1.590,1.180,0.660,1,0,522.293,0,0,10,32,1,14,0
02-09 01:55:38,9.009,20.520,70.068,0,0,1357868,1450368,171244,4950188,5010.886,1621.581,0,600.586,0,8.008,3018,4635,1.460,1.160,0.660,2,0,455.444,0,0,10,32,1,14,0
02-09 01:55:39,9.244,18.987,70.953,0,0,1361364,1446840,171244,4950220,5621.239,1618.917,0,327.781,0,10.993,2819,4296,1.460,1.160,0.660,2,0,395.735,0,0,10,32,1,10,0
02-09 01:55:40,14.517,22.777,61.823,0,0,1380380,1427792,171248,4950248,6735.908,1663.953,0,929.091,0,35.041,3661,6044,1.460,1.160,0.660,2,0,591.695,0,0,10,32,1,12,0
02-09 01:55:41,58.231,16.744,24.492,0.250,0,1545248,1262668,171328,4950420,7672.437,1619.459,0,943.685,0,50.983,2916,4936,1.460,1.160,0.660,3,0,433.855,0,0,10,32,1,14,0
02-09 01:55:42,57.515,9.752,29.508,3.001,0,1658496,1140124,171856,4958072,9771.492,1512.386,400.102,31339.992,4.001,2216.565,8994,19072,1.460,1.160,0.660,12,0,63.016,0,0,10,38,1,15,0
02-09 01:55:43,42.203,12.486,31.715,13.984,0,1644176,1138852,173004,4971984,7219.979,1618.202,0,101343.407,0,7748.392,20591,49910,1.660,1.210,0.670,3,0,191.787,0,0,10,36,1,15,0
02-09 01:55:44,46.237,10.997,31.241,10.247,0,1622300,1149564,173552,4982256,8501.594,1661.530,0,86475.527,0,6479.166,18656,45231,1.660,1.210,0.670,5,0,126.964,0,0,10,36,1,16,0
02-09 01:55:45,44.756,15.502,30.754,7.751,0,1584300,1177440,173836,4992248,6145.873,1620.230,364.052,53599.611,7.001,4553.647,16677,36071,1.660,1.210,0.670,13,1,307.044,0,0,10,35,1,11,0
02-09 01:55:46,44.555,16.771,30.288,7.760,0,1521284,1233844,174132,4997664,5851.261,1567.946,1085.347,70204.123,15.019,4960.156,19316,43540,1.660,1.210,0.670,5,0,166.206,0,0,10,34,1,13,0
02-09 01:55:47,39.968,11.990,36.720,9.992,0,1576540,1176532,174400,4999276,6802.476,1618.686,527.572,49180.066,7.994,4426.406,14235,34731,1.660,1.210,0.670,2,1,120.902,0,0,10,34,1,13,0
02-09 01:55:48,39.602,5.729,42.342,10.212,0,1574548,1175272,174864,5002032,6725.912,1613.980,0,58234.784,0,4820.021,17837,41504,1.530,1.190,0.670,2,0,47.822,0,0,10,34,1,16,0
02-09 01:55:49,38.859,8.524,44.374,7.521,0,1569748,1178368,175128,5003352,5846.376,1516.247,0,28588.075,0,3281.191,11965,29276,1.530,1.190,0.670,3,0,95.267,0,0,10,34,1,14,0
02-09 01:55:50,38.030,7.756,43.034,8.507,0,1572288,1172348,175260,5006628,7454.949,1621.294,0,56793.321,0,4819.846,18492,41125,1.530,1.190,0.670,3,0,48.038,0,0,10,35,1,21,0
02-09 01:55:51,36.749,7.500,43.249,11.250,0,1568840,1171244,175420,5010872,5526.812,1619.945,0,68849.659,0,5821.802,15770,38910,1.530,1.190,0.670,7,0,77.997,0,0,10,34,1,21,0
02-09 01:55:52,36.265,7.253,44.519,8.754,0,1573776,1161696,175568,5015236,5808.480,1620.692,0,60693.916,0,5055.159,18892,43465,1.530,1.190,0.670,3,0,105.045,0,0,10,37,1,22,0
02-09 01:55:53,38.729,6.746,45.226,8.995,0,1564160,1173888,175704,5012440,5902.824,1619.129,0,50740.702,0,4529.563,14490,35770,1.570,1.200,0.680,1,1,69.962,0,0,10,36,1,23,0
02-09 01:55:54,40.786,9.008,45.290,4.754,0,1418824,1319968,175796,5011620,5219.604,1567.382,0,32180.383,0,2572.269,9421,22695,1.570,1.200,0.680,2,0,97.086,0,0,10,32,1,26,0
02-09 01:55:55,23.730,8.493,65.696,1.249,0,1399692,1339060,175804,5011652,8787.759,1618.666,0,13580.809,0,801.340,3325,7095,1.570,1.200,0.680,1,0,179.852,0,0,10,32,1,26,0
02-09 01:55:56,21.503,4.501,73.261,0,0,1459256,1279484,175804,5011664,5174.750,1620.235,0,564.082,0,33.005,1422,2231,1.570,1.200,0.680,1,0,49.007,0,0,10,32,1,26,0
02-09 01:55:57,21.228,5.245,72.926,0,0,1435712,1303008,175804,5011684,6668.192,1510.458,0,511.478,0,30.968,2256,4385,1.570,1.200,0.680,1,0,42.956,0,0,10,32,1,27,0
02-09 01:55:58,20.513,5.754,72.797,0,0,1400044,1338524,175804,5011836,5060.254,1621.042,0,676.435,0,48.031,2440,4827,1.600,1.220,0.680,1,0,65.042,0,0,10,32,1,27,0
02-09 01:55:59,12.006,23.262,65.034,0.250,0,1404532,1333928,175820,5011928,7059.742,1620.859,0,1260.668,0,74.039,3823,6291,1.600,1.220,0.680,4,0,666.353,0,0,10,32,1,29,0
02-09 01:56:00,64.804,10.759,24.270,0,0.250,1596308,1141412,175844,5012644,6441.340,1621.344,0,1024.850,0,68.056,2053,2581,1.600,1.220,0.680,3,0,69.057,0,0,10,32,1,33,0
02-09 01:56:01,69.470,6.747,24.489,0.250,0,1792572,942024,176012,5015432,6805.047,1619.297,0,3910.303,0,185.919,1781,1892,1.600,1.220,0.680,3,0,0,0,0,10,32,1,33,0
02-09 01:56:02,41.254,7.501,39.503,9.501,0,1793420,926968,176240,5028676,7275.626,1620.139,0,78242.729,0,5853.503,18262,41433,1.600,1.220,0.680,5,1,222.019,0,0,10,38,1,33,0
02-09 01:56:03,43.760,8.752,34.508,12.753,0,1795032,911356,176388,5042220,7173.614,1566.352,0,104151.434,0,8379.885,26625,60792,1.870,1.280,0.710,3,1,219.049,0,0,10,38,1,33,0
02-09 01:56:04,46.243,11.748,28.996,11.498,0,1706284,985868,176592,5055700,6331.088,1511.782,0,100673.503,0,7799.877,21179,50216,1.870,1.280,0.710,2,2,279.960,0,0,10,36,1,33,0
02-09 01:56:05,52.956,8.743,27.477,7.993,0,1769576,909008,176784,5068636,4934.899,1692.593,0,103042.372,0,7532.740,18439,46081,1.870,1.280,0.710,4,0,53.955,0,0,10,36,1,33,0
02-09 01:56:06,56.825,9.969,24.425,7.975,0,1679300,988680,176840,5078744,7275.649,1688.812,0,79499.777,0,6171.043,20175,46037,1.870,1.280,0.710,2,0,118.636,0,0,10,36,1,33,0
02-09 01:56:07,25.515,9.256,63.038,1.251,0,1440500,1227328,176844,5078840,5481.327,1620.984,0,17026.335,0,973.591,3631,6576,1.870,1.280,0.710,1,0,249.151,0,0,10,32,1,33,0
02-09 01:56:08,24.252,3.250,73.007,0,0,1509040,1158784,176844,5078844,5300.488,1694.156,0,1244.114,0,78.007,1199,1705,1.800,1.280,0.710,1,0,1.000,0,0,10,32,1,33,0
02-09 01:56:09,24.248,2.750,71.995,0.750,0,1418532,1249256,176844,5078880,7866.402,1713.870,0,4467.660,0,284.978,1671,2839,1.800,1.280,0.710,1,0,0,0,0,10,32,1,33,0
02-09 01:56:10,21.529,4.506,73.851,0,0,1472316,1195468,176844,5078884,6282.601,1706.336,0,636.872,0,60.082,1050,1424,1.800,1.280,0.710,1,0,28.038,0,0,10,32,1,33,0
02-09 01:56:11,22.996,2.500,73.736,0.250,0,1529520,1138264,176844,5078884,7889.540,1457.730,0,131.976,0,20.996,1050,1493,1.800,1.280,0.710,1,0,0,0,0,10,34,1,33,0
02-09 01:56:12,17.023,25.785,56.326,0,0,1413500,1254268,176852,5078892,8803.947,1696.302,0,564.766,0,41.056,4407,7589,1.800,1.280,0.710,2,0,942.279,0,0,10,32,1,33,0
02-09 01:56:13,10.252,23.506,65.516,0,0,1413216,1254480,176852,5078960,8052.941,1620.391,0,288.069,0,25.006,3505,5463,1.660,1.260,0.710,1,0,652.157,0,0,10,32,1,33,0
02-09 01:56:14,8.748,19.995,70.981,0,0,1415540,1252072,176852,5079044,6844.179,1619.569,0,107.971,0,5.998,2886,4488,1.660,1.260,0.710,1,0,401.893,0,0,10,32,1,33,0
02-09 01:56:15,10.240,20.730,69.182,0,0,1416968,1250616,176852,5079064,6213.904,1618.412,0,3320.742,0,26.974,2960,4864,1.660,1.260,0.710,1,0,407.600,0,0,10,32,1,33,0
02-09 01:56:16,20.290,16.282,62.875,0,0,1439168,1227400,176864,5080276,6864.640,1623.225,0,8.016,0,2.004,5092,9456,1.660,1.260,0.710,3,0,213.424,0,0,10,32,1,33,0
02-09 01:56:17,49.659,8.235,41.175,0,0,1548032,1118436,176864,5080492,9030.474,1617.041,0,0,0,0,1883,4666,1.660,1.260,0.710,2,0,108.801,0,0,10,33,1,34,0
02-09 01:56:18,48.579,5.509,45.824,0,0,1622380,1040968,176880,5083528,8100.155,1514.459,0,536.872,0,15.024,1639,8217,1.850,1.300,0.720,2,0,5.008,0,0,10,49,1,33,0
02-09 01:56:19,36.964,6.993,53.947,0.250,0,1667740,994356,176936,5084456,5623.506,1564.472,0,1326.704,0,154.849,1909,2552,1.850,1.300,0.720,1,0,86.915,0,0,10,48,1,33,0
02-09 01:56:20,13.470,11.225,75.334,0.249,0,1688244,973652,176936,5084608,5894.021,2382.753,0,215.525,0,13.969,1897,2778,1.850,1.300,0.720,0,0,171.622,0,0,10,49,1,33,0
02-09 01:56:21,0.750,0.500,97.972,0,0,1688240,973652,176936,5084612,35087.105,2477.301,0,195.945,0,13.996,813,1312,1.850,1.300,0.720,0,0,0,0,0,10,49,1,33,0
02-09 01:56:22,1.000,0.750,97.763,0,0,1688336,973428,176936,5084736,93864.390,4170.551,0,4992.659,0,267.035,947,1331,1.850,1.300,0.720,0,0,0,0,0,10,49,1,33,0
02-09 01:56:23,0.500,0.250,98.497,0,0,1688532,973176,176936,5084792,68080.162,3203.913,0,715.981,0,7.000,747,991,1.700,1.280,0.720,0,0,0,0,0,10,49,1,33,0
02-09 01:56:24,17.306,8.528,72.235,1.254,0,1698720,960304,177044,5087024,14605.453,2088.786,4.013,5413.589,1.003,349.134,2418,3895,1.700,1.280,0.720,1,0,70.228,0,0,10,48,1,34,0
02-09 01:56:25,15.236,10.490,73.182,0.500,0,1719028,890088,177044,5135060,5917.538,1552.567,0,3984.322,0,89.917,1819,2540,1.700,1.280,0.720,1,0,48.955,0,0,10,48,1,34,0
02-09 01:56:26,16.975,8.987,73.393,0,0,1727504,881588,177044,5135064,6168.026,1605.664,0,0,0,0,1540,1781,1.700,1.280,0.720,1,0,68.900,0,0,10,48,1,34,0
02-09 01:56:27,23.514,2.251,73.543,0,0,1746516,862616,177044,5135064,5835.379,1620.939,0,8.005,0,2.001,1051,1168,1.700,1.280,0.720,2,0,16.009,0,0,10,48,1,34,0
02-09 01:56:28,16.225,9.735,73.637,0,0,1676996,981692,177196,5086128,6760.629,1617.519,159.755,19.969,9.985,2.995,1863,2589,1.640,1.270,0.720,1,0,160.753,0,0,10,48,1,34,0
02-09 01:56:29,14.499,13.249,70.494,0,0,1681484,976816,177196,5086408,7253.340,1619.853,0,0,0,0,5071,8557,1.640,1.270,0.720,0,0,222.980,0,0,10,48,1,34,0
02-09 01:56:30,0.500,0.500,98.294,0,0,1681484,976816,177196,5086408,6498.899,1620.723,0,268.120,0,2.001,596,939,1.640,1.270,0.720,0,0,3.001,0,0,10,48,1,34,0
02-09 01:56:31,0.750,0.250,98.209,0,0,1681200,977096,177196,5086408,10132.805,1619.330,0,795.671,0,12.995,769,1284,1.640,1.270,0.720,0,0,1.999,0,0,10,48,1,34,0
02-09 01:56:32,0.750,0.500,98.009,0.250,0,1681200,977096,177196,5086408,6865.611,1512.135,0,284.025,0,18.002,745,1197,1.640,1.270,0.720,0,0,2.000,0,0,10,48,1,34,0
02-09 01:56:33,1.002,1.754,96.733,0,0,1680308,977984,177196,5086408,5920.286,1569.788,0,32.077,0,5.012,804,1234,1.590,1.270,0.720,2,0,20.048,0,0,10,48,1,34,0
02-09 01:56:34,15.518,16.019,68.081,0,0,1668916,989364,177196,5086468,9715.542,1621.927,0,0,0,0,4949,12086,1.590,1.270,0.720,3,0,236.281,0,0,10,48,1,34,0
02-09 01:56:35,9.748,16.247,73.987,0,0,1666984,991252,177196,5086420,6549.860,1729.699,0,3.999,0,1.000,3005,4881,1.590,1.270,0.720,3,0,317.945,0,0,11,48,1,34,0
02-09 01:56:36,17.251,14.251,67.505,0,0,1674176,983944,177196,5086460,7097.539,1694.129,0,1036.079,0,6.000,5141,8664,1.590,1.270,0.720,3,0,256.019,0,0,11,48,1,34,0
02-09 01:56:37,3.246,6.242,89.890,0,0,1673660,984340,177196,5086588,7783.457,1618.016,0,327.598,0,10.987,1328,2011,1.590,1.270,0.720,1,0,115.858,0,0,11,48,1,34,0
02-09 01:56:38,18.015,13.011,67.558,0,0,1673576,984380,177196,5086620,5624.792,1621.381,0,4.003,0,1.001,5486,9327,1.460,1.250,0.720,1,0,240.205,0,0,13,50,1,35,0
02-09 01:56:39,11.002,18.003,70.510,0,0,1677660,980264,177196,5086644,7135.042,1512.221,0,56.008,0,13.002,3021,4897,1.460,1.250,0.720,1,0,419.061,0,0,13,50,1,35,0
02-09 01:56:40,18.255,16.005,64.019,0,0,1687732,969920,177196,5086832,5301.590,1706.512,0,32.010,0,8.002,4733,9854,1.460,1.250,0.720,3,0,245.074,0,0,13,50,1,35,0
02-09 01:56:41,39.484,15.993,44.482,0,0,1761004,896496,177200,5087096,5438.781,1607.344,0,1827.254,0,233.905,5008,12644,1.460,1.250,0.720,1,0,369.849,0,0,13,50,1,35,0
02-09 01:56:42,24.966,5.243,69.404,0,0,1827048,829336,177224,5088060,7430.768,1617.772,31.956,635.125,1.997,20.971,1610,3141,1.460,1.250,0.720,1,0,8.988,0,0,13,58,1,33,0
02-09 01:56:43,21.988,4.747,71.962,0.250,0,1879204,777020,177224,5088220,7951.809,1619.147,0,3018.409,0,157.917,1370,2166,1.430,1.240,0.720,3,0,4.997,0,0,13,58,1,33,0
02-09 01:56:44,9.485,1.997,87.614,0.250,0,1903428,752072,177232,5088908,8043.492,1659.420,0,3678.280,0,180.719,2100,4038,1.430,1.240,0.720,0,0,2.995,0,0,13,58,1,31,0
02-09 01:56:45,0.250,0.250,98.016,0,0,1903428,752072,177232,5088908,6799.081,1858.295,0,36.006,0,5.001,682,1049,1.430,1.240,0.720,0,0,2.000,0,0,13,58,1,31,0
02-09 01:56:46,14.301,12.796,71.757,0,0,1895824,759564,177232,5089276,5030.023,1517.437,0,1168.186,0,7.025,3556,8862,1.430,1.240,0.720,1,0,222.798,0,0,13,56,1,29,0
02-09 01:56:47,14.486,13.487,70.432,0,0,1900732,754572,177232,5088940,5481.672,1618.427,0,115.887,0,8.991,4325,7410,1.430,1.240,0.720,1,0,250.756,0,0,13,56,1,29,0
02-09 01:56:48,21.242,15.994,61.978,0,0,1902124,753136,177232,5088936,5431.034,1619.414,0,23.991,0,5.998,7138,13684,1.390,1.240,0.720,0,0,242.912,0,0,11,48,1,27,0
02-09 01:56:49,18.224,13.730,66.404,0,0,1903564,751636,177232,5088960,6186.080,1563.745,0,3.994,0,0.999,4976,8432,1.390,1.240,0.720,0,0,264.618,0,0,13,56,1,27,0
02-09 01:56:50,24.573,12.286,62.685,0,0,1705024,950172,177232,5088964,5392.920,1666.921,0,441.303,0,6.018,2396,4120,1.390,1.240,0.720,2,0,340.004,0,0,13,50,1,23,0
02-09 01:56:51,33.244,19.746,45.992,0,0,1772692,882280,177232,5089520,5857.957,1619.712,0,47.991,0,11.998,4170,7282,1.390,1.240,0.720,4,0,559.900,0,0,13,50,1,23,0
02-09 01:56:52,45.415,16.968,35.932,0,0,1875124,779472,177232,5089536,6093.532,1616.957,0,219.587,0,1.996,3701,9807,1.390,1.240,0.720,2,0,246.536,0,0,13,58,1,27,0
02-09 01:56:53,42.930,5.491,51.417,0,0,1999220,654536,177240,5090360,9095.266,1617.380,0,4037.459,0,212.655,2260,4881,1.440,1.250,0.730,2,0,3.994,0,0,13,58,1,25,0
02-09 01:56:54,23.254,3.251,72.761,0.250,0,2040160,611484,177440,5092020,9006.414,1512.237,140.022,740.116,35.005,9.001,1210,2090,1.440,1.250,0.730,2,0,5.001,0,0,13,60,1,25,0
02-09 01:56:55,23.307,4.762,58.893,11.277,0,2046860,588568,177452,5108004,5157.517,1623.941,0,33344.928,0,2702.559,10881,25346,1.440,1.250,0.730,2,1,4.010,0,0,13,60,1,22,0
02-09 01:56:56,36.034,15.765,43.791,4.004,0,2219312,409176,177512,5114416,5123.780,1711.597,0,58518.598,0,1019.952,9690,22902,1.440,1.250,0.730,3,0,147.137,0,0,14,85,1,33,0
02-09 01:56:57,11.747,20.496,66.736,0.250,0,2229788,398404,177512,5114668,6378.616,1565.660,0,3923.149,0,101.978,3749,6456,1.440,1.250,0.730,3,0,444.903,0,0,14,85,1,33,0
02-09 01:56:58,14.504,17.504,66.267,0,0,2239152,388924,177512,5115024,5175.299,1620.407,0,940.236,0,47.012,5285,9901,1.410,1.250,0.730,2,0,280.070,0,0,14,85,1,33,0
02-09 01:56:59,41.247,9.499,48.747,0.250,0,2343380,284500,177516,5115444,5589.609,1619.887,0,4207.705,0,226.984,2609,4200,1.410,1.250,0.730,3,0,125.991,0,0,14,86,1,32,0
02-09 01:57:00,31.228,10.992,57.709,0.250,0,2403016,224364,177524,5115892,5447.127,1618.849,0,755.463,0,58.958,2512,4468,1.410,1.250,0.730,2,0,161.885,0,0,14,89,1,32,0
02-09 01:57:01,7.987,19.220,71.637,0,0,2403356,223628,177524,5116252,7301.515,1551.559,0,730.850,0,48.923,2836,4312,1.410,1.250,0.730,1,0,344.458,0,0,14,89,1,26,0
02-09 01:57:02,8.267,19.040,71.150,0.251,0,2403800,223156,177524,5116280,11229.672,1623.422,0,124.262,0,13.027,2858,4341,1.410,1.250,0.730,1,0,340.718,0,0,14,89,1,26,0
02-09 01:57:03,17.466,9.232,72.611,0,0,2449932,176988,177524,5116312,5996.487,1616.896,0,2159.853,0,160.691,1666,2403,1.370,1.240,0.730,1,0,145.720,0,0,14,89,1,26,0
02-09 01:57:04,21.218,5.242,72.642,0.250,0,2426708,200200,177528,5116320,5600.649,1617.588,0,343.488,0,25.961,1991,3539,1.370,1.240,0.730,1,0,62.906,0,0,14,91,1,27,0
02-09 01:57:05,23.509,2.751,72.779,0.250,0,2480640,146108,177536,5116468,6828.725,1640.655,0,1080.431,0,30.012,1959,3422,1.370,1.240,0.730,1,0,0,0,0,14,93,1,27,0
02-09 01:57:06,28.088,7.273,63.449,0.752,0,2454768,171676,177536,5116724,6123.233,1789.621,0,2194.894,0,238.750,4385,8768,1.370,1.240,0.730,3,0,110.347,0,0,14,104,1,29,0
02-09 01:57:07,27.989,3.249,67.973,0.500,0,2512520,124556,177536,5106104,5439.873,1619.367,0,799.687,0,48.981,1660,2956,1.370,1.240,0.730,1,0,9.996,0,0,14,109,1,29,0
02-09 01:57:08,27.231,4.997,66.205,0.749,0,2558456,122596,176116,5064884,6414.600,1584.913,199.863,11436.155,14.990,956.344,3265,6123,1.420,1.260,0.740,2,0,7.995,0,0,14,107,1,32,0
02-09 01:57:09,41.638,9.724,47.871,0,0,2599532,127196,174708,5020664,8211.877,1709.395,1635.594,666.205,39.893,35.903,1807,2499,1.420,1.260,0.740,2,0,94.745,0,0,14,108,1,32,0
02-09 01:57:10,25.744,4.499,68.483,0.500,0,2595716,141424,174612,5010460,5452.664,1619.603,827.797,535.869,26.993,40.990,1701,2545,1.420,1.260,0.740,1,0,56.986,0,0,14,111,1,33,0
02-09 01:57:11,21.327,5.269,73.014,0,0,2592396,160768,174460,4994816,5946.473,1625.871,20.072,1112.015,5.018,160.580,1578,2195,1.420,1.260,0.740,1,0,51.185,0,0,14,111,1,35,0
02-09 01:57:12,23.220,3.495,72.405,0.749,0,2629952,123200,174460,4994828,8278.139,1691.780,7.990,679.109,1.997,76.899,1736,2842,1.420,1.260,0.740,1,0,0,0,0,14,111,1,36,0
02-09 01:57:13,20.256,6.002,72.522,0.250,0,2627592,125516,174464,4994868,6465.927,1566.467,0,1840.548,0,114.034,1522,2405,1.390,1.250,0.740,1,0,82.024,0,0,14,111,1,36,0
02-09 01:57:14,21.003,5.501,73.009,0,0,2609652,143316,174464,4995008,7510.916,1620.198,0,128.016,0,12.001,1453,2208,1.390,1.250,0.740,2,0,55.007,0,0,14,111,1,37,0
02-09 01:57:15,26.666,2.991,68.285,0.997,0,2619988,141312,174304,4986836,7030.832,1507.248,191.397,1256.040,1.994,200.368,3329,6631,1.390,1.250,0.740,1,0,0,0,0,14,111,1,38,0
02-09 01:57:16,22.844,6.276,71.546,0.251,0,2617972,142752,174308,4987492,7583.334,1717.095,751.104,4201.360,130.539,281.162,2238,3859,1.390,1.250,0.740,1,0,57.237,0,0,14,116,1,38,0
02-09 01:57:17,32.261,5.752,60.270,0.750,0,2628036,149012,174112,4971296,8292.820,1620.551,20.007,2732.929,3.001,220.075,4213,9066,1.390,1.250,0.740,2,0,37.013,0,0,14,121,1,40,0
02-09 01:57:18,26.390,4.730,66.472,0.249,0,2639688,137360,174112,4971452,9418.574,1613.247,183.233,553.682,16.929,45.808,2168,3504,1.360,1.250,0.740,1,0,68.712,0,0,14,122,1,40,0
02-09 01:57:19,20.785,7.513,70.369,0.250,0,2610548,166288,174116,4971660,8964.122,1622.738,16.027,1033.744,2.003,128.216,2863,4975,1.360,1.250,0.740,1,0,147.248,0,0,14,121,1,40,0
02-09 01:57:20,24.240,2.499,72.721,0.250,0,2643716,133120,174116,4971660,6494.409,1693.324,0,543.783,0,35.986,1554,2445,1.360,1.250,0.740,1,0,0,0,0,14,123,1,41,0
02-09 01:57:21,26.532,7.008,65.579,1.252,0,2596696,178804,174116,4972996,6058.300,1459.759,1161.399,4609.555,14.017,321.387,3960,7533,1.360,1.250,0.740,1,0,55.066,0,0,14,121,1,42,0
02-09 01:57:22,16.487,13.739,68.447,0,0,2635352,138792,174116,4974304,6170.243,1798.613,1310.989,207.840,35.972,11.991,2335,3822,1.360,1.250,0.740,2,0,233.820,0,0,14,121,1,42,0
02-09 01:57:23,22.742,6.498,69.726,0,0,2616156,171068,173948,4961612,6933.608,1705.412,151.948,3266.873,12.996,333.885,2053,3394,1.410,1.260,0.750,1,0,115.960,0,0,14,121,1,43,0
02-09 01:57:24,9.276,19.305,70.200,0,0,2619040,168004,173956,4961784,5609.983,1875.343,48.137,184.526,4.011,13.037,2774,4585,1.410,1.260,0.750,3,0,377.074,0,0,14,121,1,43,0
02-09 01:57:25,17.992,14.993,65.469,0,0,2624068,162504,173956,4962296,5207.552,1619.239,415.805,171.919,17.992,10.995,5474,9412,1.410,1.260,0.750,3,0,212.900,0,0,14,121,1,42,0
02-09 01:57:26,32.515,22.010,45.770,0.500,0,2670124,131884,173956,4947024,5547.474,1730.772,208.093,260.116,20.009,24.011,3684,6851,1.410,1.260,0.750,4,0,564.252,0,0,14,121,1,42,0
02-09 01:57:27,40.744,19.497,39.245,0,0,2748160,122140,173568,4879960,6109.151,1619.775,1363.810,4351.395,69.990,421.941,5927,16386,1.410,1.260,0.750,7,0,258.964,0,0,16,131,1,42,0
02-09 01:57:28,53.244,25.247,20.748,0,0,2864772,127876,173476,4760524,5316.415,1527.832,575.937,4907.460,72.992,584.936,5997,11150,1.540,1.290,0.760,4,0,670.926,0,0,16,133,1,42,0
02-09 01:57:29,61.506,20.752,17.752,0.500,0,2967224,124152,173412,4663892,6202.589,1620.154,6180.587,1448.138,387.037,233.022,8734,17960,1.540,1.290,0.760,7,0,302.029,0,0,16,133,1,42,0
02-09 01:57:30,49.255,21.502,27.003,0.250,0,3050432,130416,173420,4576400,6972.697,1620.162,216.022,6772.677,32.003,544.054,5377,11067,1.540,1.290,0.760,3,0,709.071,0,0,16,149,1,42,0
02-09 01:57:31,28.927,16.459,53.116,0,0,3094740,125944,173436,4537896,6018.827,1615.926,167.578,27.930,33.915,6.982,4971,10563,1.540,1.290,0.760,2,0,325.180,0,0,17,149,1,42,0
02-09 01:57:32,31.328,18.797,49.373,0,0,3136672,129640,173432,4493000,8252.549,1710.259,0,1916.773,0,268.669,4340,6999,1.540,1.290,0.760,3,0,512.276,0,0,17,149,1,42,0
02-09 01:57:33,40.981,18.876,38.249,0,0,3240032,122172,173440,4398980,5878.379,1609.426,55.634,1927.337,6.954,274.199,6244,11241,1.570,1.300,0.770,5,0,310.957,0,0,17,159,1,42,0
02-09 01:57:34,38.488,24.652,37.230,0.252,0,3331664,126424,173440,4305048,6881.486,1630.064,92.572,551.404,8.050,36.224,5301,12152,1.570,1.300,0.770,2,0,764.721,0,0,17,161,1,42,0
02-09 01:57:35,28.450,22.211,47.167,0,0,3398784,135604,173440,4230068,9990.517,1617.170,3.993,571.001,0.998,37.934,5560,12750,1.570,1.300,0.770,1,0,576.990,0,0,17,167,1,42,0
02-09 01:57:36,21.043,17.286,61.377,0,0,3425256,125956,173444,4213632,6032.451,1605.313,8.017,416.860,2.004,36.074,6308,10354,1.570,1.300,0.770,4,0,273.565,0,0,17,167,1,42,0
02-09 01:57:37,46.209,7.244,45.210,0.500,0,3550236,130676,173444,4086716,8782.166,1728.458,155.861,6877.865,7.993,480.571,1919,2236,1.570,1.300,0.770,8,0,3.996,0,0,17,173,1,42,0
02-09 01:57:38,44.725,7.746,46.724,0,0,3654376,132176,173448,3982948,6145.552,1619.092,1327.255,427.760,33.981,27.984,1818,2330,1.610,1.310,0.780,2,0,3.998,0,0,17,175,1,42,0
02-09 01:57:39,32.789,19.022,47.806,0.250,0,3616336,170180,173448,3983104,6239.362,1621.914,20.024,496.586,4.005,39.046,4028,7242,1.610,1.310,0.780,3,0,541.639,0,0,17,177,1,42,0
02-09 01:57:40,42.454,20.478,36.710,0.250,0,3596552,187928,173452,3985508,8712.460,1618.228,667.269,611.331,14.984,46.949,8091,14729,1.610,1.310,0.780,4,0,442.515,0,0,17,189,1,41,0
02-09 01:57:41,70.674,17.231,11.488,0,0,3738676,129320,173476,3903824,5948.611,1618.262,1130.786,707.240,28.969,51.944,3719,8728,1.610,1.310,0.780,4,0,195.790,0,0,17,200,1,42,0
02-09 01:57:42,81.233,16.996,1.250,0.250,0,3833432,132580,173500,3808468,8586.180,1619.657,491.896,543.885,6.999,30.993,2391,5180,1.610,1.310,0.780,5,0,72.985,0,0,17,204,1,42,0
02-09 01:57:43,73.440,17.545,8.271,0,0,3860852,132276,173556,3781716,6432.641,1461.782,116.301,3096.009,5.013,137.355,6303,14710,1.800,1.360,0.790,5,0,226.586,0,0,17,213,1,51,0
02-09 01:57:44,47.246,27.248,23.748,0.500,0,3855168,162648,173560,3757780,5597.552,1619.870,43.996,26077.914,4.000,854.932,7286,18185,1.800,1.360,0.790,5,0,504.960,0,0,17,213,1,47,0
02-09 01:57:45,55.249,21.500,22.000,0,0,3866076,150676,173564,3758436,7167.885,1661.973,59.999,839.987,4.000,42.999,6311,30776,1.800,1.360,0.790,3,0,413.993,0,0,17,215,1,48,0
02-09 01:57:46,58.243,20.997,19.998,0.250,0,3914444,179384,173564,3681756,5318.351,1619.802,19.998,655.920,3.000,45.994,6125,10762,1.800,1.360,0.790,5,0,332.959,0,0,17,217,1,49,0
02-09 01:57:47,62.261,23.004,13.002,0,0,4032704,130460,173640,3613320,6210.087,1730.303,264.046,13402.345,26.005,655.115,5959,14942,1.800,1.360,0.790,3,0,570.100,0,0,17,221,1,51,0
02-09 01:57:48,62.250,18.500,17.750,0,0,4078436,123268,173644,3575136,8267.066,1620.013,132.001,688.006,7.000,43.000,7213,20801,2.140,1.430,0.820,3,0,267.002,0,0,17,227,1,52,0
02-09 01:57:49,69.404,7.989,21.470,0.250,0,4183224,131848,173520,3464556,7157.109,1617.764,0,6842.544,0,569.213,2892,4171,2.140,1.430,0.820,3,0,39.945,0,0,17,231,1,52,0
02-09 01:57:50,71.090,8.010,20.276,0.250,0,4185968,185560,173528,3409596,6058.695,1459.854,1525.938,1289.638,40.051,122.155,4030,7841,2.140,1.430,0.820,3,0,53.067,0,0,17,245,1,55,0
02-09 01:57:51,51.500,22.500,24.500,0.250,0,4198908,178924,173432,3403376,6030.024,1690.007,876.004,1608.006,29.000,172.001,6172,12752,2.140,1.430,0.820,4,0,569.002,0,0,17,245,1,61,0
02-09 01:57:52,50.480,19.992,27.239,0.750,0,4278740,120228,173512,3383036,6222.523,1619.355,4782.097,7184.141,87.965,586.766,7206,13781,2.140,1.430,0.820,4,0,301.880,0,0,18,246,1,53,0
02-09 01:57:53,80.908,15.982,2.247,0,0,4367472,128724,173512,3288064,9755.966,1618.170,555.372,487.449,5.993,27.968,2458,3634,2.290,1.480,0.840,5,0,161.817,0,0,18,249,1,54,0
02-09 01:57:54,68.517,11.710,19.185,0.249,0,4409044,141516,173524,3234720,5645.838,1614.520,781.348,865.064,9.966,50.827,2616,3797,2.290,1.480,0.840,4,0,48.834,0,0,18,249,1,54,0
02-09 01:57:55,33.291,12.265,53.315,0,0,4431360,132516,173532,3221560,5936.284,2702.316,885.086,897.101,14.017,59.072,5549,9959,2.290,1.480,0.840,3,0,223.274,0,0,18,251,1,55,0
02-09 01:57:56,20.481,5.495,72.684,0,0,4436868,141712,173528,3206960,8948.821,2253.940,767.299,535.511,5.995,37.965,1934,2893,2.290,1.480,0.840,2,0,11.989,0,0,18,253,1,55,0
02-09 01:57:57,20.745,6.249,71.984,0.500,0,4445972,132584,173528,3206984,9481.942,2856.380,799.826,2275.506,7.998,148.968,2311,3791,2.290,1.480,0.840,2,0,10.998,0,0,18,258,1,55,0
02-09 01:57:58,20.523,6.007,73.582,0.250,0,4435552,142988,173528,3207000,15008.660,4016.458,768.853,644.716,6.007,25.028,2189,4023,2.180,1.470,0.840,2,0,11.012,0,0,18,263,1,44,0
02-09 01:57:59,20.325,6.273,73.019,0,0,4442176,148528,173512,3194880,10658713.749,93608.291,770.835,0,6.022,0,5171,3510,2.180,1.470,0.840,2,0,7.026,0,0,18,262,1,44,0
02-09 01:58:00,10.486,10.735,76.396,0.250,0,4454684,131364,173512,3199592,5919788.409,31864.537,2173.036,503.313,29.959,45.937,4349,5444,2.180,1.470,0.840,2,0,259.646,0,0,18,265,1,44,0
02-09 01:58:01,24.406,4.483,69.982,0.747,0,4500236,137192,173504,3148672,9824.314,1613.809,298.854,6586.733,14.943,644.528,2513,3633,2.180,1.470,0.840,3,0,0.996,0,0,18,273,1,45,0
02-09 01:58:02,25.355,2.761,69.537,0.251,0,4508840,128244,173504,3149172,7010.920,1626.710,453.872,514.121,23.095,50.207,3349,8068,2.180,1.470,0.840,1,0,2.008,0,0,18,277,1,47,0
02-09 01:58:03,16.994,13.246,68.977,0.250,0,4445016,186372,173504,3154896,6437.869,1619.464,259.914,519.828,11.996,47.984,4236,7556,2.170,1.480,0.850,1,0,367.878,0,0,18,273,1,49,0
02-09 01:58:04,20.735,5.496,71.697,0,0,4445980,185116,173508,3155232,5890.617,1456.916,159.881,279.792,2.998,12.990,1680,2717,2.170,1.480,0.850,1,0,106.920,0,0,18,273,1,48,0
02-09 01:58:05,9.509,18.017,71.319,0.500,0,4450032,181028,173508,3155268,4911.735,1695.635,0,1069.031,0,67.065,3559,6099,2.170,1.480,0.850,1,0,413.399,0,0,18,275,1,48,0
02-09 01:58:06,6.228,10.463,81.461,0,0,4452056,178924,173508,3155348,6607.576,1688.016,23.915,16250.392,3.986,40.855,2606,4264,2.170,1.480,0.850,0,0,240.149,0,0,18,275,1,46,0
02-09 01:58:07,12.544,2.258,84.292,0,0,4483124,147856,173508,3155348,5065.567,1625.638,0,128.445,0,11.038,1346,2112,2.170,1.480,0.850,1,0,10.035,0,0,18,277,1,46,0
02-09 01:58:08,19.956,7.733,71.095,0,0,4438320,192504,173508,3155504,5667.633,1690.312,79.826,16072.929,1.996,36.919,2306,3670,2.070,1.470,0.850,1,0,105.769,0,0,18,281,1,44,0
02-09 01:58:09,12.037,16.801,70.215,0,0,4449928,180064,173512,3156332,6592.192,1719.266,850.605,0,12.037,0,3335,5472,2.070,1.470,0.850,1,0,286.879,0,0,18,281,1,44,0
02-09 01:58:10,20.407,7.466,70.180,0.249,0,4500160,129484,173512,3156664,6440.599,1451.374,167.237,246.873,2.986,29.864,2416,4007,2.070,1.470,0.850,1,0,151.309,0,0,18,285,1,42,0
02-09 01:58:11,23.502,4.000,71.507,0.250,0,4559376,132524,173500,3094784,5871.605,1620.167,492.051,176.018,39.004,11.001,1432,1945,2.070,1.470,0.850,2,0,0,0,0,18,285,1,42,0
02-09 01:58:12,24.825,2.758,70.963,0.251,0,4466592,246948,173500,3073328,7502.523,1699.101,1031.095,417.253,22.066,45.135,2019,3124,2.070,1.470,0.850,1,0,8.024,0,0,18,287,1,40,0
02-09 01:58:13,24.258,2.501,71.523,0.250,0,4527128,186216,173504,3073520,8038.540,1620.512,192.061,360.114,11.003,31.010,1463,2377,1.990,1.460,0.850,1,0,0,0,0,18,289,1,40,0
02-09 01:58:14,24.749,3.250,71.496,0,0.250,4568620,144412,173504,3073832,6362.663,1619.914,147.992,139.993,3.000,9.999,1686,2652,1.990,1.460,0.850,1,0,3.000,0,0,18,295,1,38,0
02-09 01:58:15,23.767,3.502,71.800,0,0,4522184,190840,173504,3073840,7606.294,1621.128,4.003,332.231,1.001,18.013,1438,2066,1.990,1.460,0.850,1,0,15.010,0,0,18,289,1,38,0
02-09 01:58:16,17.003,10.252,72.013,0.500,0,4474572,237272,173508,3075016,8192.507,1620.298,1432.264,360.066,19.003,17.003,2535,4087,1.990,1.460,0.850,1,0,228.042,0,0,18,289,1,37,0
02-09 01:58:17,18.496,13.247,67.736,0,0,4500104,211068,173508,3077588,6601.640,1511.689,571.882,79.984,41.991,3.999,3197,6173,1.990,1.460,0.850,4,0,388.920,0,0,18,289,1,37,0
02-09 01:58:18,26.390,4.481,68.964,0.249,0,4508396,202332,173528,3076112,7307.651,1559.523,362.495,0,24.897,0,5615,11033,1.990,1.470,0.860,2,0,9.959,0,0,18,289,1,38,0
02-09 01:58:19,18.529,5.258,74.865,0,0,4501652,208916,173536,3076264,15557.944,5311.174,16.025,3072.729,4.006,146.225,5859,11502,1.990,1.470,0.860,1,0,8.012,0,0,18,290,1,36,0
02-09 01:58:20,24.551,4.760,68.894,0.501,0,4532212,176212,173616,3078072,6113.802,1763.693,4.008,885.855,1.002,44.092,9378,19060,1.990,1.470,0.860,2,0,6.013,0,0,18,290,1,36,0
02-09 01:58:21,20.222,6.990,71.653,0,0,4470988,237608,173616,3077900,6861.668,1791.563,0,331.549,0,18.974,1928,3008,1.990,1.470,0.860,1,0,73.899,0,0,18,289,1,34,0
02-09 01:58:22,17.213,10.976,71.347,0,0,4499144,209512,173616,3077824,5604.949,1616.524,0,187.597,0,3.991,2333,3715,1.990,1.470,0.860,1,0,196.577,0,0,18,289,1,34,0
02-09 01:58:23,20.775,8.260,69.585,0.501,0,4473460,234984,173616,3078036,6147.543,1692.076,76.093,512.629,5.006,36.044,2495,4160,1.910,1.460,0.860,1,0,112.138,0,0,18,289,1,36,0
02-09 01:58:24,25.502,2.250,72.507,0,0,4465300,243048,173616,3078132,6683.648,1662.161,0,0,0,0,1539,2292,1.910,1.460,0.860,1,0,1.000,0,0,18,289,1,36,0
02-09 01:58:25,22.038,5.009,71.623,0,0,4523232,185112,173616,3078136,5875.099,1514.604,0,8.014,0,2.003,1788,2757,1.910,1.460,0.860,1,0,69.119,0,0,18,289,1,35,0
02-09 01:58:26,23.259,4.252,71.028,0,0,4502776,205544,173616,3078160,6402.484,1566.608,0,200.078,0,20.008,1990,3138,1.910,1.460,0.860,1,0,58.023,0,0,18,289,1,35,0
02-09 01:58:27,22.661,4.732,71.222,0,0,4485756,222424,173616,3078300,8295.597,1613.697,0,143.440,0,8.965,1832,2865,1.910,1.460,0.860,1,0,31.875,0,0,18,289,1,37,0
02-09 01:58:28,23.841,4.768,71.271,0.251,0,4472628,235524,173616,3078328,10527.055,1626.188,20.076,345.314,2.008,43.164,2126,3510,1.840,1.460,0.860,1,0,47.180,0,0,18,289,1,39,0
02-09 01:58:29,23.911,2.491,71.981,0.249,0,4519480,188652,173616,3078348,7315.669,1613.970,0,179.330,0,13.948,1592,2590,1.840,1.460,0.860,1,0,0,0,0,18,289,1,43,0
02-09 01:58:30,24.758,3.751,70.772,0,0,4517460,190656,173616,3078364,6179.941,1620.509,0,236.074,0,24.008,1819,2856,1.840,1.460,0.860,1,0,32.010,0,0,18,289,1,43,0
02-09 01:58:31,21.752,5.750,71.505,0.250,0,4496628,211344,173616,3078508,7340.506,1620.112,0,360.025,0,29.002,2133,3548,1.840,1.460,0.860,1,0,88.006,0,0,18,289,1,43,0
02-09 01:58:32,23.329,4.766,71.742,0,0,4486940,221000,173616,3078540,10385.980,1517.110,0,4567.383,0,495.669,1935,2748,1.840,1.460,0.860,1,0,47.159,0,0,18,289,1,46,0
02-09 01:58:33,24.202,2.994,70.611,0.250,0,4472092,235664,173616,3078724,8369.512,1616.815,195.615,379.253,15.969,28.943,2026,3176,1.850,1.460,0.860,1,0,13.972,0,0,18,289,1,48,0
02-09 01:58:34,24.464,3.495,71.396,0.250,0,4517064,190304,173620,3079108,7935.470,1563.728,211.692,483.298,14.978,63.907,2011,3396,1.850,1.460,0.860,2,0,0,0,0,18,291,1,49,0
02-09 01:58:35,26.998,3.500,68.496,0.250,0,4510472,196096,173632,3079896,8448.476,1619.900,267.983,1171.927,18.999,135.992,2809,5361,1.850,1.460,0.860,2,0,5.000,0,0,18,293,1,50,0
02-09 01:58:36,26.361,3.515,69.040,0.753,0,4517136,189292,173632,3080036,7478.439,1701.152,48.203,1867.852,3.013,186.785,3613,6497,1.850,1.460,0.860,1,0,2.008,0,0,18,293,1,51,0
02-09 01:58:37,11.002,20.504,68.264,0.250,0,4470012,236396,173632,3080056,8866.756,1620.321,0,884.175,0,49.010,4489,7921,1.850,1.460,0.860,1,0,759.150,0,0,18,293,1,51,0
02-09 01:58:38,12.255,20.258,67.027,0,0,4481428,224944,173632,3080092,6362.545,1620.648,0,568.227,0,49.020,4452,8022,1.780,1.460,0.870,2,0,778.311,0,0,18,293,1,51,0
02-09 01:58:39,11.496,20.743,66.977,0,0,4481012,225288,173632,3080148,5890.015,1619.454,19.993,2607.121,1.999,159.946,4557,8112,1.780,1.460,0.870,2,0,698.765,0,0,18,293,1,51,0
02-09 01:58:40,11.994,21.489,66.215,0.250,0,4481616,224512,173636,3080300,8411.533,1511.198,0,467.752,0,39.979,4845,8953,1.780,1.460,0.870,2,0,613.674,0,0,18,293,1,51,0
02-09 01:58:41,11.010,21.520,67.311,0.250,0,4488544,217524,173636,3080344,5656.153,1621.477,0,240.219,0,21.019,4259,7592,1.780,1.460,0.870,1,0,695.634,0,0,18,293,1,51,0
02-09 01:58:42,16.210,10.973,71.574,0,0,4515948,272312,173644,3006060,10031.353,1562.162,19.951,514.735,4.988,28.929,2550,4100,1.780,1.460,0.870,1,0,185.544,0,0,18,293,1,51,0
02-09 01:58:43,21.693,4.987,72.561,0,0,4523596,249296,173768,3020588,7337.870,2672.034,7.979,3187.690,0.997,9.974,9368,18686,1.640,1.430,0.860,2,0,6.982,0,0,18,294,1,41,0
02-09 01:58:44,7.764,1.252,89.917,0,0,4523592,249296,173768,3020592,10164.907,2738.093,0,1322.460,0,5.009,1071,1713,1.640,1.430,0.860,1,0,0,0,0,18,294,1,41,0
02-09 01:58:45,17.997,1.750,78.485,1.000,0,4535260,236724,173780,3021420,26705.846,13376.418,615.881,1455.719,40.992,65.987,1700,2840,1.640,1.430,0.860,2,0,0,0,0,18,295,1,40,0
02-09 01:58:46,16.222,1.248,80.861,0.749,0,4535632,235496,173796,3022196,25113.679,13743.293,511.118,1681.100,53.907,89.845,2149,3639,1.640,1.430,0.860,0,1,1.997,0,0,18,295,1,40,0
02-09 01:58:47,21.005,1.250,76.767,0.500,0,4553968,216344,173800,3023008,22974.146,13122.940,700.157,1700.381,37.008,64.014,1633,2415,1.640,1.430,0.860,1,0,0,0,0,18,295,1,37,0
02-09 01:58:48,19.279,2.003,75.614,1.252,0,4555348,190708,173812,3047216,20594.056,11663.589,11333.090,1017.534,256.387,40.060,1813,2742,1.590,1.430,0.860,1,0,0,0,0,18,295,1,37,0
02-09 01:58:49,23.464,2.247,72.388,0.998,0,4576108,141652,174220,3072968,5886.864,1695.369,0,4193.492,0,133.792,1765,2856,1.590,1.430,0.860,1,0,0,0,0,18,296,1,36,1
02-09 01:58:50,21.995,3.249,71.734,1.500,0,4571332,128844,174872,3087808,6484.573,1619.644,0,4822.939,0,169.963,2023,3686,1.590,1.430,0.860,1,0,0,0,0,18,296,1,36,1
02-09 01:58:51,22.780,3.755,72.094,0.501,0,4510672,223964,175120,3052368,8204.691,1862.427,384.501,3072.003,5.007,67.087,1599,2486,1.590,1.430,0.860,1,0,2.003,0,0,18,295,1,27,0
02-09 01:58:52,22.468,5.991,69.401,0,0,4537808,194816,175236,3054232,7353.507,1617.692,0,1805.424,0,6.990,9820,19675,1.590,1.430,0.860,2,0,15.977,0,0,18,295,1,27,0
02-09 01:58:53,40.669,9.289,48.702,0,0.251,4564544,167896,175236,3054384,6661.632,1626.748,771.199,2233.264,6.025,314.304,9420,18705,1.590,1.430,0.860,2,0,22.092,0,0,18,295,1,27,0
02-09 01:58:54,30.434,5.488,63.112,0,0,4487740,244624,175240,3054456,6318.233,1508.713,335.269,1824.025,6.985,6.985,2085,3139,1.620,1.430,0.870,1,0,53.883,0,0,18,295,1,27,0
02-09 01:58:55,23.583,5.519,69.746,0,0,4515192,217156,175252,3054460,6266.082,1667.878,0,112.396,0,7.025,10110,20402,1.620,1.430,0.870,2,0,15.053,0,0,18,295,1,25,0
02-09 01:58:56,23.194,7.981,66.091,0,0,4531368,200804,175268,3054588,4998.943,1616.102,3.990,538.701,0.998,28.930,16607,33633,1.620,1.430,0.870,1,0,15.962,0,0,18,295,1,25,0
02-09 01:58:57,24.020,3.503,72.309,0,0,4503416,228860,175272,3054480,6307.153,1567.280,0,840.687,0,40.033,1585,2328,1.620,1.430,0.870,2,0,13.011,0,0,18,295,1,25,0
02-09 01:58:58,23.008,4.001,71.275,0,0,4481328,250912,175284,3054504,4903.706,1620.564,0,124.043,0,5.002,1754,2537,1.620,1.430,0.870,2,0,63.022,0,0,18,295,1,25,0
02-09 01:58:59,23.661,4.732,70.485,0,0,4503820,212856,176032,3067660,8334.662,1613.932,3.985,7.970,0.996,1.993,10089,19707,1.570,1.430,0.870,1,0,40.846,0,0,18,295,1,25,0
02-09 01:59:00,5.505,1.251,90.829,0.250,0,4515632,200008,176072,3068460,12037.424,3724.225,0,1689.463,0,16.014,1380,2475,1.570,1.430,0.870,0,0,4.003,0,0,18,296,1,25,0
02-09 01:59:01,18.731,1.998,77.922,0.500,0,4527432,187940,176108,3068652,19185.814,7825.175,0,3652.348,0,174.825,1679,2742,1.570,1.430,0.870,2,0,0,0,0,18,297,1,25,0
02-09 01:59:02,16.501,0.500,80.753,0.500,0,4527080,187940,176144,3068896,25933.960,16113.596,0,1484.055,0,55.002,1473,2338,1.570,1.430,0.870,0,0,0,0,0,18,297,1,24,0
02-09 01:59:03,4.249,0.250,92.975,0.500,0,4527484,187716,176152,3068920,63618.950,7154.083,0,7997.857,0,563.849,1490,1935,1.570,1.430,0.870,0,0,0,0,0,18,298,1,24,0
02-09 01:59:04,14.525,1.002,82.893,0.501,0,4541712,173128,176228,3069128,97222.514,10701.439,0,1218.099,0,48.083,1446,2155,1.440,1.400,0.860,1,0,0,0,0,18,298,1,20,0
02-09 01:59:05,18.252,1.750,79.008,0.250,0,4546016,168592,176296,3069252,22612.374,14018.472,0,1236.130,0,46.005,1421,2389,1.440,1.400,0.860,1,0,0,0,0,18,298,1,20,0
02-09 01:59:06,11.495,1.749,84.716,0.750,0,4555620,158576,176376,3069516,204301.849,13469.518,0,1287.476,0,55.977,1814,2790,1.440,1.400,0.860,0,0,1.999,0,0,18,297,1,20,1
02-09 01:59:07,3.995,0.749,93.643,0.499,0,4555560,158576,176464,3069484,27842.315,7018.014,0,1222.609,0,56.935,1249,2100,1.440,1.400,0.860,0,0,0,0,0,18,297,1,20,1
02-09 01:59:08,7.759,1.752,89.101,0.501,0,4556156,157372,176636,3069772,94326.343,13258.088,24.027,2614.976,4.005,198.226,1537,2438,1.440,1.400,0.860,0,0,0,0,0,18,297,1,20,1
02-09 01:59:09,12.273,1.252,84.155,0.501,0,4560112,153100,176712,3070008,34486.317,10397.089,184.338,1154.119,7.013,45.083,1505,2255,1.330,1.380,0.860,1,0,0,0,0,18,297,1,20,1
02-09 01:59:10,6.481,0.997,90.737,0,0,4560424,143816,176724,3078848,288267.178,10925.360,0,354.972,0,29.913,1601,2628,1.330,1.380,0.860,0,0,0.997,0,0,18,297,1,20,1
02-09 01:59:11,2.000,1.000,95.511,0,0,4560264,143312,176724,3079512,272807.009,8484.933,0,184.020,0,11.001,1298,2036,1.330,1.380,0.860,0,0,0,0,0,18,297,1,20,1
02-09 01:59:12,3.001,0.750,94.771,0,0,4560596,142820,176724,3079672,100757.368,4334.962,0,36.008,0,4.001,1285,2123,1.330,1.380,0.860,1,0,0,0,0,18,297,1,20,1
02-09 01:59:13,2.751,1.500,94.273,0,0,4562372,140496,176724,3080192,336410.093,10412.572,0,11314.795,0,39.010,1608,2276,1.330,1.380,0.860,1,0,0,0,0,18,297,1,20,1
02-09 01:59:14,3.749,1.000,93.716,0.500,0,4563396,138760,176756,3080840,277665.596,9160.720,0,1867.331,0,11.996,1449,2117,1.300,1.370,0.860,0,0,1.999,0,0,18,297,1,20,1
02-09 01:59:15,1.999,1.250,95.212,0,0,4563832,138032,176756,3081132,204030.000,7449.043,0,35.986,0,1.000,1345,2163,1.300,1.370,0.860,1,0,0,0,0,18,297,1,20,1
02-09 01:59:16,3.002,1.001,94.053,0.250,0,4563916,137560,176756,3081520,174751.210,6573.694,16.009,144.081,1.001,11.006,1622,2530,1.300,1.370,0.860,1,0,2.001,0,0,18,297,1,20,1
02-09 01:59:17,2.501,1.251,94.542,0,0,4563744,137336,176756,3081916,301563.100,9346.187,0,292.131,0,19.009,1546,2151,1.300,1.370,0.860,0,0,0,0,0,18,297,1,20,1
02-09 01:59:18,7.242,3.496,87.897,0,0,4557648,156704,176744,3068736,303021.556,9858.436,0,2832.677,0,9.988,2139,3762,1.300,1.370,0.860,0,0,33.960,0,0,18,297,1,20,1
02-09 01:59:19,3.003,0.250,95.103,0,0,4557152,156704,176744,3069232,283642.618,9682.467,0,4.004,0,1.001,1434,2159,1.200,1.350,0.850,0,0,0,0,0,18,297,1,20,1
02-09 01:59:20,3.497,0.749,93.906,0,0,4556724,156704,176744,3069660,225018.432,8087.928,0,247.753,0,14.985,1524,2645,1.200,1.350,0.850,1,0,0,0,0,18,297,1,20,1
02-09 01:59:21,2.750,0.750,95.011,0,0,4556364,156704,176744,3070020,215423.205,7662.897,0,184.022,0,11.001,1399,2232,1.200,1.350,0.850,0,0,0,0,0,18,297,1,20,1
02-09 01:59:22,2.250,1.250,94.730,0,0,4557112,155260,176744,3070716,348357.238,9999.940,0,35.993,0,3.999,1476,2054,1.200,1.350,0.850,0,0,0,0,0,18,297,1,20,1
02-09 01:59:23,3.005,2.254,93.146,0,0.250,4562496,149772,176744,3070992,245465.153,7770.160,0,60775.113,0,146.229,1796,2545,1.200,1.350,0.850,0,0,0,0,0,18,297,1,20,1
02-09 01:59:24,2.248,0.749,94.649,0,0,4562688,148820,176744,3071644,267441.977,8804.649,0,435.537,0,83.911,1500,2023,1.420,1.400,0.870,0,0,0,0,0,18,297,1,17,1
02-09 01:59:25,3.002,0.751,94.572,0,0,4563308,147616,176744,3072228,318217.846,10538.009,0,4.003,0,1.001,1561,2106,1.420,1.400,0.870,0,0,0,0,0,18,297,1,17,1
02-09 01:59:26,3.747,1.249,92.669,0.749,0,4563780,146388,176744,3072984,396752.239,12371.188,15.986,1634.571,0.999,27.976,2013,2957,1.420,1.400,0.870,0,0,1.998,0,0,18,297,1,17,1
02-09 01:59:27,3.003,1.501,94.332,0,0,4563752,145912,176744,3073488,261641.058,8623.451,0,444.384,0,29.025,1546,2342,1.420,1.400,0.870,0,0,0,0,0,18,297,1,17,1
02-09 01:59:28,2.750,1.500,93.001,0.250,0,4566412,142384,176784,3074264,372074.581,11583.174,0,3968.060,0,27.000,1714,2584,1.420,1.400,0.870,0,0,1.000,0,0,18,297,1,13,1
02-09 01:59:29,2.998,0.500,94.425,0,0,4566596,141656,176784,3074808,364294.572,8345.415,0,0,0,0,1443,2022,1.310,1.370,0.870,1,0,0,0,0,18,297,1,13,1
02-09 01:59:30,2.253,0.250,94.123,0,0,4566684,140928,176784,3075448,269251.643,7239.455,0,164.214,0,12.016,1588,2320,1.310,1.370,0.870,1,0,0,0,0,18,297,1,9,1
02-09 01:59:31,2.496,0.749,95.346,0,0,4566824,140452,176784,3075784,183576.075,6691.214,0,187.697,0,11.981,1373,2042,1.310,1.370,0.870,1,0,0,0,0,18,297,1,9,1
02-09 01:59:32,3.500,0.750,95.012,0,0,4566824,139948,176784,3076288,297314.759,8947.136,0,36.005,0,4.001,1385,2080,1.310,1.370,0.870,0,0,0,0,0,18,297,1,6,1
02-09 01:59:33,3.250,2.000,92.990,0.500,0,4568604,137568,176784,3076888,311024.165,10264.850,0,18049.978,0,443.950,1959,2718,1.310,1.370,0.870,0,0,0,0,0,18,297,1,6,1
02-09 01:59:34,2.000,1.250,94.515,0,0,4568636,137064,176784,3077276,278373.818,9079.462,0,784.126,0,55.009,1449,2321,1.200,1.350,0.860,1,0,0,0,0,18,297,1,4,1
02-09 01:59:35,3.250,0.500,94.745,0,0,4568528,136560,176784,3077888,267385.561,7859.576,0,0,0,0,1425,2143,1.200,1.350,0.860,0,0,0,0,0,18,297,1,4,1
02-09 01:59:36,3.250,1.750,93.257,0.250,0,4568548,135804,176784,3078624,408291.663,12915.033,0,140.011,0,17.001,1872,2825,1.200,1.350,0.860,0,0,2.000,0,0,18,297,1,2,1
02-09 01:59:37,2.251,1.001,95.054,0,0,4568596,135552,176784,3078828,105247.465,4526.558,0,304.172,0,21.012,1208,1957,1.200,1.350,0.860,0,0,0,0,0,18,297,1,2,1
02-09 01:59:38,2.250,0.500,95.006,0,0,4568744,135048,176784,3079184,282054.641,9408.555,0,268.016,0,1.000,1295,2018,1.200,1.350,0.860,0,0,0,0,0,18,297,1,1,1
02-09 01:59:39,2.998,1.749,94.190,0.250,0,4568784,134544,176784,3079648,192545.926,6631.795,0,167.894,0,11.992,1471,2301,1.190,1.340,0.860,1,0,0,0,0,18,297,1,1,1
02-09 01:59:40,3.750,1.250,93.747,0,0,4568716,134040,176784,3080220,281968.567,9539.647,0,183.993,0,21.999,1785,2598,1.190,1.340,0.860,1,0,0,0,0,18,297,1,1,1
02-09 01:59:41,4.253,1.251,93.313,0.250,0,4568848,133060,176784,3081068,451591.469,12422.348,0,296.199,0,20.013,1794,2375,1.190,1.340,0.860,0,0,0,0,0,18,297,1,1,1
02-09 01:59:42,6.002,2.001,90.779,0,0,4569556,131800,176784,3081620,281725.434,9212.957,0,0,0,0,2365,3980,1.190,1.340,0.860,0,0,0,0,0,18,297,1,1,1
02-09 01:59:43,5.494,1.498,90.904,0,0,4570576,130064,176784,3082316,262818.675,8211.304,0,99.894,0,12.986,1822,2600,1.190,1.340,0.860,1,0,0,0,0,18,297,1,3,1
02-09 01:59:44,2.500,1.000,94.763,0,0,4570608,129812,176784,3082536,134736.728,5358.745,0,9485.318,0,26.004,1356,2022,1.170,1.340,0.860,0,0,0,0,0,18,297,1,3,1
02-09 01:59:45,2.000,0.500,95.253,0,0,4570728,129588,176784,3082640,92036.945,4128.132,0,172.006,0,4.000,1255,1974,1.170,1.340,0.860,0,0,0,0,0,18,297,1,3,1
02-09 01:59:46,2.999,0.750,94.221,0,0,4571340,128356,176784,3083260,279415.661,9075.196,19.994,91.972,1.999,8.997,1664,2522,1.170,1.340,0.860,0,0,1.999,0,0,18,297,1,3,1
02-09 01:59:47,2.751,1.250,94.535,0.500,0,4571400,127880,176784,3083676,233051.763,7562.783,0,452.166,0,23.008,1464,2182,1.170,1.340,0.860,0,0,0,0,0,18,297,1,3,1
02-09 01:59:48,3.003,1.001,94.107,0,0,4571924,126676,176784,3084356,381214.441,10842.328,0,44.050,0,5.006,1600,2179,1.170,1.340,0.860,1,0,0,0,0,18,297,1,3,1
02-09 01:59:49,3.247,1.498,94.155,0,0,4562860,142140,176780,3077968,321938.876,9991.878,0,3572.381,0,14.985,1438,2147,1.080,1.310,0.860,0,0,0,0,0,18,297,1,3,1
02-09 01:59:50,3.999,0.750,93.735,0,0,4562340,142140,176780,3078488,331993.553,10462.284,0,119.980,0,11.998,1590,2423,1.080,1.310,0.860,0,0,0,0,0,18,297,1,3,1
02-09 01:59:51,2.500,1.000,94.495,0.250,0,4562052,141916,176780,3079000,305172.910,9077.492,0,183.990,0,10.999,1586,2243,1.080,1.310,0.860,0,0,0,0,0,18,297,1,3,1
02-09 01:59:52,2.754,1.001,94.121,0,0,4562088,141228,176780,3079652,278769.941,8560.992,0,36.046,0,4.005,1505,2079,1.080,1.310,0.860,0,0,0,0,0,18,297,1,3,1
02-09 01:59:53,18.485,6.245,74.189,0,0,4583748,139312,176764,3059916,332996.945,10191.582,767.366,119.901,5.995,8.993,2051,2622,1.080,1.310,0.860,0,0,8.993,0,0,18,297,1,3,1
02-09 01:59:54,9.495,2.748,85.953,0,0,4573028,149424,176764,3060520,307129.000,10098.476,255.860,0,1.999,0,1626,2328,1.070,1.310,0.860,0,0,2.998,0,0,18,297,1,3,1
02-09 01:59:55,4.003,0.751,93.832,0,0,4572928,148948,176764,3061096,316515.318,9260.084,0,4.003,0,1.001,1461,2051,1.070,1.310,0.860,0,0,0,0,0,18,297,1,3,1
02-09 01:59:56,4.247,1.499,92.426,0,0.250,4573128,148196,176764,3061648,302388.392,10455.646,19.984,203.837,1.998,23.981,1851,2904,1.070,1.310,0.860,0,0,1.998,0,0,18,297,1,3,1
02-09 01:59:57,4.001,0.750,93.017,0.250,0,4573076,147692,176764,3062204,292165.466,9937.819,0,600.110,0,47.009,1786,2701,1.070,1.310,0.860,0,0,0,0,0,18,297,1,3,1
02-09 01:59:58,4.250,1.000,93.245,0,0,4573100,146992,176764,3062880,435403.359,11651.394,0,131.993,0,15.999,1837,2664,1.070,1.310,0.860,1,0,0,0,0,18,297,1,3,1
02-09 01:59:59,3.250,1.000,94.003,0,0,4573028,146236,176764,3063708,362180.952,11718.387,0,16780.554,0,35.001,1511,2209,0.980,1.290,0.860,0,0,0,0,0,18,297,1,3,1
02-09 02:00:00,5.250,1.500,92.747,0.250,0,4572880,145984,176764,3064108,240457.508,8153.780,0,251.993,0,31.999,1813,3023,0.980,1.290,0.860,1,0,1.000,0,0,18,299,1,3,1
02-09 02:00:01,2.752,1.001,94.825,0,0,4573068,145480,176764,3064424,201509.596,7073.602,0,120.095,0,9.007,1296,2004,0.980,1.290,0.860,2,0,0,0,0,18,299,1,3,1
02-09 02:00:02,2.750,0.250,94.512,0,0,4572956,144976,176764,3065040,341637.021,11125.368,0,0,0,0,1439,2092,0.980,1.290,0.860,0,0,0,0,0,18,299,1,3,1
02-09 02:00:03,3.993,0.998,92.592,0.250,0,4575664,140452,176776,3066828,298701.921,10097.723,0,9791.247,0,43.925,1633,2320,0.980,1.290,0.860,0,0,0.998,0,0,18,299,1,3,1
02-09 02:00:04,3.250,2.000,93.760,0.500,0,4575616,139764,176776,3067548,381847.621,11521.256,0,2736.298,0,168.018,1895,2684,1.070,1.300,0.860,0,0,0,0,0,18,299,1,3,1
02-09 02:00:05,2.500,0.250,94.516,0.250,0,4575652,139316,176784,3067952,210498.206,7017.207,0,1872.322,0,218.038,1503,2104,1.070,1.300,0.860,0,0,1.000,0,0,18,299,0,3,1
02-09 02:00:06,3.251,0.750,93.769,0.250,0,4575528,138840,176784,3068552,328203.938,10098.090,0,108.022,0,6.001,1678,2295,1.070,1.300,0.860,0,0,2.000,0,0,18,299,0,3,1
02-09 02:00:07,3.500,0.500,95.259,0,0,4575364,138616,176784,3068940,269844.556,9144.832,0,60.005,0,5.000,1504,2071,1.070,1.300,0.860,0,0,0,0,0,18,299,0,3,1
02-09 02:00:08,2.000,1.000,94.499,0,0,4575160,138168,176784,3069592,291033.634,9459.858,0,55.999,0,6.000,1461,2069,1.070,1.300,0.860,0,0,0,0,0,18,299,0,3,1
02-09 02:00:09,3.503,1.501,93.343,0,0,4574172,137720,176820,3070944,235320.144,7705.667,136.135,1265.259,5.005,12.012,1553,2271,0.980,1.280,0.860,0,0,1.001,0,0,18,299,0,3,1
02-09 02:00:10,2.497,0.999,94.154,0.499,0,4573828,137496,176820,3071512,318235.718,7967.881,0,215.780,0,18.981,1713,2510,0.980,1.280,0.860,0,0,0,0,0,18,299,0,3,1
02-09 02:00:11,2.747,0.749,94.657,0,0,4573732,137048,176820,3072056,319957.082,9135.066,0,183.820,0,10.989,1505,2087,0.980,1.280,0.860,0,0,0,0,0,18,299,0,3,1
02-09 02:00:12,3.254,1.502,94.128,0,0,4573388,136600,176820,3072848,398371.183,10902.839,0,36.049,0,4.005,1640,2232,0.980,1.280,0.860,0,0,0,0,0,18,299,0,3,1
02-09 02:00:13,3.249,1.249,94.207,0,0,4571576,136376,176832,3074856,198891.703,7481.603,0,1311.405,0,7.996,1393,2124,0.980,1.280,0.860,0,0,1.000,0,0,18,299,0,3,1
02-09 02:00:14,3.001,0.500,94.276,0.500,0,4571708,135900,176860,3075172,150952.512,6500.788,0,500.138,0,12.003,1370,2061,0.980,1.270,0.860,0,0,2.001,0,0,18,299,0,3,1
02-09 02:00:15,2.250,1.500,94.232,0,0,4572120,134416,176892,3076176,215107.914,7372.592,0,599.885,0,16.997,1462,2147,0.980,1.270,0.860,0,0,2.000,0,0,18,299,0,3,1
02-09 02:00:16,8.289,0.754,89.676,0.251,0,4572448,133156,176928,3077072,191388.521,7728.688,32.153,639.033,3.014,18.086,1578,2296,0.980,1.270,0.860,1,0,3.014,0,0,18,299,0,3,1
02-09 02:00:17,21.482,4.246,72.937,0.999,0,4573004,127060,179188,3076896,7213.811,1618.611,0,7029.968,0,108.907,1648,2698,0.980,1.270,0.860,1,0,0,0,0,18,299,0,3,1
02-09 02:00:18,26.483,6.496,65.709,0.250,0,4594872,139948,179828,3039980,6092.174,1618.983,0,3477.816,0,89.944,2138,5138,0.980,1.270,0.860,2,0,33.979,0,0,18,299,0,4,1
02-09 02:00:19,20.942,4.986,71.553,0.748,0,4590036,137536,180820,3043836,5807.013,1615.552,0,3270.995,0,102.717,1675,2707,0.980,1.270,0.860,1,0,0,0,0,18,299,0,3,1
02-09 02:00:20,23.739,3.998,70.967,0.750,0,4589876,140304,182436,3037496,5904.219,1713.193,0,3790.215,0,81.961,1727,2908,0.980,1.270,0.860,1,0,0,0,0,18,299,0,3,1
02-09 02:00:21,23.523,3.253,72.071,0.751,0,4587536,133008,183580,3043940,8113.984,2678.636,0,4764.688,0,114.112,1738,2686,0.980,1.270,0.860,0,0,0,0,0,18,300,0,3,1
02-09 02:00:22,20.312,3.260,75.982,0,0,4515480,235848,183580,3013164,10885.200,3134.560,20.061,477.456,3.009,13.040,1289,1855,0.980,1.270,0.860,1,0,5.015,0,0,18,297,0,3,0
02-09 02:00:23,23.445,4.988,69.088,0,0,4541704,207624,183696,3015028,6021.891,1616.213,0,0,0,0,9142,18566,0.980,1.270,0.860,1,0,12.970,0,0,18,297,0,3,0
02-09 02:00:24,24.797,4.509,69.633,0,0,4546580,202584,183704,3015176,7113.587,1653.158,0,2861.465,0,12.023,8943,18230,0.990,1.260,0.860,1,0,10.019,0,0,18,297,0,3,0
02-09 02:00:25,21.920,4.484,71.737,0,0,4510332,238812,183704,3015192,6140.483,1614.081,0,99.635,0,2.989,1384,2060,0.990,1.260,0.860,1,0,7.971,0,0,18,297,0,3,0
02-09 02:00:26,23.860,4.772,70.575,0.251,0,4534308,210712,184204,3018092,6675.769,1669.696,811.741,2366.909,20.093,53.245,2592,4684,0.990,1.260,0.860,1,0,3.014,0,0,18,298,0,5,0
02-09 02:00:27,29.415,2.991,66.558,1.246,0,4533856,210208,184204,3019040,5869.062,1657.217,618.216,3489.928,39.885,322.071,5254,10672,0.990,1.260,0.860,1,0,0.997,0,0,18,301,0,13,0
02-09 02:00:28,11.780,17.294,69.929,0,0,4488808,255048,184204,3019248,5786.826,1666.269,144.370,637.634,3.008,38.098,3421,5555,0.990,1.260,0.860,1,0,418.071,0,0,18,301,0,13,0
02-09 02:00:29,11.737,4.245,71.671,11.487,0,4459160,246988,184204,3056944,5601.799,1510.328,37722.241,599.337,2085.691,12.986,3636,6473,0.990,1.260,0.860,0,1,32.964,0,0,18,301,0,15,0
02-09 02:00:30,6.729,3.738,82.489,5.981,0,4458688,239936,184204,3064460,11125.831,3302.561,7356.745,3098.207,1348.737,119.622,3075,5555,0.990,1.260,0.860,0,0,5.981,0,0,18,302,0,15,0
02-09 02:00:31,2.000,1.250,95.005,0.250,0,4458912,239712,184204,3064460,40643.276,4493.252,0,1968.110,0,286.016,1291,2121,0.990,1.260,0.860,0,0,0,0,0,18,302,0,15,0
02-09 02:00:32,3.003,1.001,94.335,0,0,4459816,238704,184204,3064564,222084.320,5676.120,0,64.058,0,9.008,1273,2046,0.990,1.260,0.860,1,0,2.002,0,0,18,302,0,15,0
02-09 02:00:33,5.495,1.998,90.673,0.250,0,4451884,243564,184424,3067328,17820.834,129106.131,2413.946,979.167,36.969,34.970,1512,2318,0.990,1.260,0.860,0,0,14.987,0,0,18,301,0,15,0
02-09 02:00:34,1.250,1.000,96.244,0,0,4451884,243564,184424,3067328,8831.417,1619.893,0,0,0,0,1096,1838,0.910,1.240,0.860,0,0,0,0,0,18,301,0,15,0
02-09 02:00:35,1.000,1.000,95.992,0.500,0,4451884,243564,184424,3067328,7371.381,1619.864,0,11942.997,0,693.942,1431,1894,0.910,1.240,0.860,0,0,0,0,0,18,301,0,15,0
02-09 02:00:36,1.500,0.500,95.518,0,0,4452136,243312,184424,3067328,7670.434,1606.300,0,112.021,0,1.000,1100,1884,0.910,1.240,0.860,0,0,2.000,0,0,18,301,0,15,0
02-09 02:00:37,3.503,0.751,93.590,0.751,0,4452316,243312,184428,3067340,8469.130,1621.557,0,924.888,0,76.073,1628,2893,0.910,1.240,0.860,0,0,0,0,0,18,301,0,15,0
02-09 02:00:38,1.748,0.250,95.655,0,0,4452308,243312,184428,3067348,5523.510,1618.391,0,279.722,0,18.981,1023,1808,0.910,1.240,0.860,0,0,0,0,0,18,301,0,15,0
02-09 02:00:39,2.000,0.750,96.238,0,0,4452308,243312,184428,3067348,5484.293,1565.798,0,27.996,0,3.999,1100,1819,0.840,1.220,0.850,0,0,0,0,0,18,301,0,15,0
02-09 02:00:40,3.254,0.250,95.632,0.250,0,4452308,243312,184428,3067348,9494.083,1622.235,0,164.226,0,25.034,1314,2168,0.840,1.220,0.850,0,0,0,0,0,18,301,0,15,0
02-09 02:00:41,1.498,0.999,96.381,0,0,4452308,243312,184428,3067348,5805.818,1659.947,0,175.783,0,10.986,1013,1784,0.840,1.220,0.850,0,0,0,0,0,18,301,0,15,0
02-09 02:00:42,2.001,0.750,96.045,0,0,4452308,243312,184428,3067348,10944.100,1512.705,0,28.013,0,4.002,1117,1783,0.840,1.220,0.850,1,0,0,0,0,18,301,0,15,0
02-09 02:00:43,1.751,0.250,96.292,0,0,4452308,243312,184428,3067348,7338.214,1620.710,0,4.002,0,1.000,1012,1739,0.840,1.220,0.850,0,0,0,0,0,18,301,0,15,0
02-09 02:00:44,4.500,0.500,93.995,0,0,4452296,243312,184428,3067360,7751.550,1619.906,0,0,0,0,1251,1919,0.770,1.200,0.850,0,0,0,0,0,18,301,0,13,0
02-09 02:00:45,4.251,1.500,93.016,0,0,4452100,243312,184428,3067556,5397.901,1620.271,0,0,0,0,1935,3444,0.770,1.200,0.850,1,0,0,0,0,18,301,0,13,0
02-09 02:00:46,4.499,1.250,93.477,0,0,4452060,243312,184428,3067596,7254.186,1565.609,0,0,0,0,1292,2095,0.770,1.200,0.850,0,0,2.000,0,0,18,301,0,15,0
02-09 02:00:47,1.748,0.999,95.418,0.250,0,4452048,243312,184428,3067608,7257.737,1618.603,0,751.352,0,131.886,1259,2184,0.770,1.200,0.850,0,0,0,0,0,18,301,0,15,0
02-09 02:00:48,2.000,1.000,96.253,0.500,0,4452048,243312,184428,3067608,7891.213,1620.044,0,276.007,0,19.001,1193,2076,0.770,1.200,0.850,2,0,0,0,0,18,301,0,15,0
02-09 02:00:49,1.250,0.750,96.247,0,0,4452044,243312,184428,3067612,8805.718,1511.952,0,143.995,0,6.000,1116,1851,0.710,1.180,0.840,0,0,0,0,0,18,301,0,15,0
02-09 02:00:50,1.502,3.254,91.359,1.251,0,4451632,243704,184436,3067776,6312.556,1621.941,8.010,108658.064,2.002,646.774,2645,4029,0.710,1.180,0.840,0,0,0,0,0,18,301,0,15,0
02-09 02:00:51,1.748,0.499,95.883,0,0,4451752,243480,184436,3067788,7781.475,1618.020,0,179.780,0,11.985,1156,1933,0.710,1.180,0.840,1,0,0,0,0,18,301,0,15,0
02-09 02:00:52,0.750,1.000,95.727,0,0,4451752,243480,184436,3067788,5705.608,1619.605,0,0,0,0,1108,1842,0.710,1.180,0.840,1,0,0,0,0,18,301,0,15,0
02-09 02:00:53,1.251,0.250,96.595,0,0,4451748,243480,184436,3067792,5648.558,1621.596,0,32.032,0,4.004,1047,1757,0.710,1.180,0.840,0,0,0,0,0,18,301,0,15,0
02-09 02:00:54,1.750,0.750,96.241,0,0,4451748,243480,184436,3067792,6359.421,1649.850,0,31.997,0,3.000,1076,1755,0.650,1.160,0.840,0,0,0,0,0,18,301,0,15,0
02-09 02:00:55,1.504,0.752,95.738,0,0,4453540,241688,184436,3067792,6403.939,1515.773,0,22175.194,0,79.197,1258,2076,0.650,1.160,0.840,1,0,0,0,0,18,301,0,15,0
02-09 02:00:56,2.991,1.246,94.208,0.249,0,4453392,241688,184436,3067796,6422.104,1614.997,0,8521.600,0,38.880,1498,2431,0.650,1.160,0.840,0,0,1.994,0,0,18,301,0,15,0
02-09 02:00:57,2.000,1.000,96.003,0.250,0,4453388,241688,184436,3067800,5019.166,1620.053,32.001,628.021,1.000,100.003,1277,2197,0.650,1.160,0.840,0,0,0,0,0,18,301,0,15,0
02-09 02:00:58,2.000,1.500,95.230,0.750,0,4453352,241688,184440,3067832,4887.959,1619.655,0,1255.733,0,79.983,1285,2264,0.650,1.160,0.840,2,0,0,0,0,18,301,0,15,0
02-09 02:00:59,1.251,0.751,96.065,0.250,0.250,4453352,241688,184440,3067832,6891.659,1663.124,0,232.157,0,13.009,1076,1758,0.600,1.140,0.830,0,0,0,0,0,18,301,0,15,0
02-09 02:01:00,2.249,1.000,94.953,0,0,4453348,241688,184440,3067836,9637.191,1661.171,0,1763.120,0,102.949,1370,2503,0.600,1.140,0.830,0,0,0,0,0,18,301,0,15,0
02-09 02:01:01,1.750,1.250,95.742,0.250,0,4454216,240792,184440,3067836,9109.262,1619.869,0,2491.798,0,25.998,1114,1888,0.600,1.140,0.830,0,0,0,0,0,18,301,0,15,0
02-09 02:01:02,2.250,0.500,95.991,0,0,4454216,240792,184440,3067836,6371.433,1457.870,0,31.997,0,4.000,1089,1839,0.600,1.140,0.830,0,0,0,0,0,18,301,0,15,0
02-09 02:01:03,1.750,0.500,96.526,0,0,4454216,240792,184440,3067836,5751.559,810.220,0,264.072,0,55.015,1019,1741,0.600,1.140,0.830,0,0,0,0,0,18,301,0,15,0
02-09 02:01:04,7.754,3.001,88.542,0,0,4460496,234320,184464,3067972,224468.949,4520.134,136.064,0,5.002,0,1394,2067,0.550,1.120,0.830,1,0,11.005,0,0,18,301,0,15,0
02-09 02:01:05,9.995,4.498,83.710,0,0,4473824,220748,184496,3068184,345823.080,10131.198,207.901,3.998,7.996,1.000,1742,2391,0.550,1.120,0.830,1,0,34.983,0,0,18,301,0,15,0
