"pcp-dstat 6.2.0 CSV Output"
"Author:","PCP team <pcp@groups.io> and Dag Wieers <dag@wieers.com>",,,,"URL:","https://pcp.io/ and http://dag.wieers.com/home-made/dstat/"
"Host:","ubuntu",,,,"User:","ubuntu"
"Cmdline:","dstat -tcmndrylpg --tcp --output /tmp/devstack_logs/dstat-csv.log",,,,"Date:","12 Jun 2026 23:27:18 UTC"
"system","total usage",,,,,"memory usage",,,,"net/total",,"dsk/total",,"io/total",,"system",,"load avg",,,"procs",,,"paging",,"tcp sockets",,,,
"time","total usage:usr","total usage:sys","total usage:idl","total usage:wai","total usage:stl","used","free","buf","cach","net/total:recv","net/total:send","dsk/total:read","dsk/total:writ","read","writ","int","csw","1m","5m","15m","run","blk","new","in","out","lis","act","syn","tim","clo"
12-06 23:27:18,,1031224,1352480,168020,5255472,,,,,,,1.380,0.980,0.520,2,0,,,,10,4,0,18,0
12-06 23:27:19,19.987,19.987,57.462,0.250,0,1024432,1358752,168104,5255812,23417.604,7590.010,0,2066.641,0,79.947,5867,4547,1.380,0.980,0.520,2,0,372.755,0,0,10,5,0,18,0
12-06 23:27:20,17.271,22.527,58.570,0.751,0,987476,1394868,168312,5256296,43138.354,15178.069,0,2518.999,0,133.159,5556,4031,1.380,0.980,0.520,2,0,344.410,0,0,10,6,0,18,0
12-06 23:27:21,27.917,18.695,51.846,0.249,0,994236,1387480,168448,5256612,22048.721,12326.505,0,1591.289,0,47.858,5776,5473,1.380,0.980,0.520,2,0,290.141,0,0,10,6,0,18,0
12-06 23:27:22,28.993,11.747,57.235,0.500,0,1105916,1274924,168608,5381996,41692.265,12811.701,0,1663.572,0,50.987,5126,6366,1.380,0.980,0.520,1,0,130.966,0,0,11,5,0,18,1
12-06 23:27:23,27.255,9.502,61.762,0.250,0,1131544,1231324,168808,5399028,187081.599,17106.255,0,2028.386,0,57.011,3718,2525,1.350,0.980,0.530,2,0,100.019,0,0,11,7,0,18,1
12-06 23:27:24,37.080,14.531,47.352,0.501,0,1157928,1186184,169772,5414356,4142.896,1593.422,16.034,2008.312,1.002,86.185,4696,3517,1.350,0.980,0.530,2,0,181.389,0,0,11,6,0,20,2
12-06 23:27:25,44.487,5.748,48.486,0.500,0,1221616,1102392,170404,5431460,4100.840,1241.649,15.995,5910.328,1.000,61.982,2977,1692,1.350,0.980,0.530,2,0,0,0,0,11,6,0,20,2
12-06 23:27:26,42.776,5.754,47.529,3.252,0,1256932,1039316,171432,5455740,4399.717,1350.834,0,12903.970,0,781.483,5719,7397,1.350,0.980,0.530,2,0,10.006,0,0,11,8,0,20,2
12-06 23:27:27,33.501,7.750,42.501,13.750,0,1265792,1007240,173232,5474440,4486.082,1566.028,0,63245.150,0,5021.091,17728,33506,1.350,0.980,0.530,4,1,67.001,0,0,11,8,0,20,2
12-06 23:27:28,40.748,8.750,46.498,3.000,0.250,1222496,1020304,174452,5500808,4831.745,1511.920,0,20970.892,0,1396.926,6706,9111,1.400,1,0.530,2,0,80.996,0,0,11,6,0,20,2
12-06 23:27:29,44.138,6.234,48.377,0.249,0,1248020,1009716,174676,5485416,4147.490,1609.920,0,1619.895,0,96.755,3115,1808,1.400,1,0.530,3,0,18.952,0,0,11,4,0,20,0
12-06 23:27:30,40.260,5.501,51.763,1.250,0,1231328,1020132,174868,5490872,10762.720,4088.033,0,9370.368,0,550.139,3815,3546,1.400,1,0.530,3,0,28.007,0,0,11,4,0,20,0
12-06 23:27:31,42.994,9.749,45.494,0,0,1286892,962324,174916,5492708,4664.348,1457.796,0,607.915,0,39.994,11598,19328,1.400,1,0.530,4,0,13.998,0,0,11,4,0,20,0
12-06 23:27:32,43.240,9.998,45.990,0,0.250,1268476,980520,174924,5492876,5278.823,1619.639,0,95.979,0,2.000,12030,19553,1.400,1,0.530,3,0,71.984,0,0,11,4,0,20,0
12-06 23:27:33,28.335,24.574,45.135,1.003,0,1208196,1048728,174956,5485584,5675.022,1462.386,0,3530.590,0,276.830,6327,4904,1.530,1.030,0.550,4,0,424.273,0,0,11,4,0,20,0
12-06 23:27:34,30.229,21.485,46.219,0,0,1153488,1103328,174956,5486072,3537.599,0,0,27.981,0,6.995,7052,7462,1.530,1.030,0.550,4,0,373.746,0,0,11,4,0,20,0
12-06 23:27:35,37.933,12.977,49.413,0,0,1217844,1038912,174960,5486212,5091.004,1617.143,0,119.788,0,2.995,4030,3520,1.530,1.030,0.550,2,0,157.721,0,0,11,5,0,20,0
12-06 23:27:36,45.750,4.500,48.750,0,0,1288196,968008,174960,5486752,5237.029,1620.009,0,480.003,0,43.000,2804,1286,1.530,1.030,0.550,3,0,0,0,0,11,5,0,20,0
12-06 23:27:37,42.737,9.747,46.736,0.500,0,1318240,936032,174980,5488632,5098.461,1619.511,0,2915.120,0,155.953,3501,3835,1.530,1.030,0.550,6,0,1.000,0,0,11,5,0,20,0
12-06 23:27:38,10.001,8.751,79.010,0.250,0,1311384,942444,174980,5489060,5162.625,1620.196,0,1752.212,0,238.029,3554,3352,1.480,1.030,0.550,1,0,118.014,0,0,11,4,0,21,0
12-06 23:27:39,14.025,4.508,80.893,0,0,1335804,918060,174980,5489064,4748.411,1622.875,0,0,0,0,1698,1531,1.480,1.030,0.550,1,0,23.041,0,0,11,4,0,15,0
12-06 23:27:40,23.207,2.994,73.115,0,0,1373612,880216,174980,5489100,4459.763,1455.312,0,0,0,0,1720,1220,1.480,1.030,0.550,1,0,0,0,0,11,4,0,15,0
12-06 23:27:41,23.296,4.008,70.639,1.002,0,1391028,862648,175020,5489348,5127.091,1623.195,0,32644.251,0,569.120,3880,4862,1.480,1.030,0.550,1,0,1.002,0,0,11,10,0,15,0
12-06 23:27:42,21.247,5.249,72.488,0.250,0,1387592,866044,175060,5489348,4259.305,1619.736,0,2615.573,0,151.975,2568,2342,1.480,1.030,0.550,1,0,41.993,0,0,11,4,0,17,0
12-06 23:27:43,19.217,1.997,77.865,0,0,1420188,833172,175064,5489540,6961.962,3998.087,0,1002.267,0,12.978,1747,1336,1.440,1.030,0.550,2,0,0,0,0,11,9,0,17,0
12-06 23:27:44,22.034,4.006,72.361,1.002,0,1416920,835956,175112,5489904,6836.504,3970.100,268.412,3361.165,66.102,84.129,2875,2884,1.440,1.030,0.550,2,0,9.014,0,0,11,29,0,17,0
12-06 23:27:45,18.776,5.507,74.601,0,0,1435688,817188,175112,5489920,8551.620,5391.325,0,0,0,0,2461,1916,1.440,1.030,0.550,2,0,43.059,0,0,11,28,0,18,0
12-06 23:27:46,19.165,3.733,76.658,0,0,1431268,821604,175112,5489924,8611.608,5674.701,0,32057.085,0,175.219,2156,1719,1.440,1.030,0.550,1,0,0,0,0,11,29,0,18,0
12-06 23:27:47,22.034,11.518,64.849,0,0,1401000,851848,175112,5489948,7073.789,4369.665,0,3725.682,0,24.037,3688,2748,1.440,1.030,0.550,2,0,157.240,0,0,11,28,0,19,0
12-06 23:27:48,38.334,5.512,55.872,0,0,1511156,741684,175116,5489952,8086.695,5992.111,0,76.167,0,5.011,2638,1379,1.490,1.050,0.560,1,0,0,0,0,11,30,0,19,0
12-06 23:27:49,35.799,4.972,58.174,0,0,1510644,741980,175124,5490160,19620.098,15495.204,0,155.131,0,17.900,6377,8204,1.490,1.050,0.560,2,0,0,0,0,11,28,1,20,0
12-06 23:27:50,58.259,26.116,14.816,0,0,1547648,704932,175124,5490204,4526.144,1693.537,0,48.215,0,12.054,5734,4866,1.490,1.050,0.560,7,0,580.584,0,0,11,28,0,20,0
12-06 23:27:51,87.414,13.275,0,0,0,1753004,499564,175124,5490216,12740.857,8970.798,0,2047.835,0,5.009,5429,3431,1.490,1.050,0.560,6,0,0,0,0,11,30,0,18,0
12-06 23:27:52,80.701,10.494,7.495,0,0,1835840,416460,175156,5490452,34715.982,32146.538,0,503.695,0,39.976,7851,10716,1.490,1.050,0.560,4,0,0,0,0,11,32,0,20,0
12-06 23:27:53,54.857,14.712,30.171,0,0,1596680,655548,175180,5490496,13179.552,7483.440,0,710.144,0,51.864,5714,6884,1.690,1.100,0.580,2,0,309.192,0,0,11,28,0,24,0
12-06 23:27:54,19.059,2.508,77.490,0.251,0,1564676,687544,175184,5490500,7039.843,5252.297,0,188.585,0,10.031,1941,1647,1.690,1.100,0.580,1,0,0,0,0,11,29,0,24,0
12-06 23:27:55,17.977,4.494,76.403,0,0,1501000,751180,175212,5490512,9598.834,4841.863,0,1210.466,0,125.841,3005,3117,1.690,1.100,0.580,1,0,26.966,0,0,11,28,0,25,0
12-06 23:27:56,19.476,7.741,71.662,0,0,1497520,754652,175212,5490516,4829.082,1498.164,0,46015.609,0,264.676,2753,2101,1.690,1.100,0.580,1,0,40.950,0,0,11,28,0,25,0
12-06 23:27:57,16.241,2.499,80.455,0,0,1503744,748420,175212,5490524,11362.705,7789.685,0,0,0,0,2421,2510,1.690,1.100,0.580,1,0,0.999,0,0,11,29,0,25,0
12-06 23:27:58,12.026,17.287,69.901,0.501,0,1449444,802692,175228,5490536,5639.173,2482.358,0,1767.816,0,63.136,5737,5265,1.720,1.110,0.590,1,0,462.999,0,0,11,28,0,26,0
12-06 23:27:59,60.039,26.267,12.758,0,0,1527080,724972,175236,5490580,4803.110,1663.077,0,136.088,0,19.012,5993,4821,1.720,1.110,0.590,5,0,576.373,0,0,11,28,0,26,0
12-06 23:28:00,82.995,9.999,7.000,0,0,1739128,512908,175236,5490596,19696.930,17013.076,0,1819.901,0,87.995,5186,3244,1.720,1.110,0.590,4,0,0,0,0,11,33,0,26,0
12-06 23:28:01,68.992,8.999,20.498,0.250,0,1726644,525124,175244,5490844,40784.481,34859.138,0,49166.553,0,290.968,10751,17154,1.720,1.110,0.590,6,0,29.997,0,0,11,29,0,27,0
12-06 23:28:02,81.271,19.005,0.250,0,0.250,1594744,656908,175268,5490936,5818.509,2151.558,0,3424.888,0,196.051,5857,5076,1.720,1.110,0.590,6,0,280.073,0,0,11,28,0,27,0
12-06 23:28:03,88.268,11.002,0.750,0,0,1796724,454916,175268,5490944,14625.937,11474.304,0,256.051,0,13.003,5270,3204,1.980,1.180,0.610,5,0,0,0,0,11,31,0,27,0
12-06 23:28:04,81.694,10.243,7.495,0,0,1817164,434120,175272,5491296,47712.457,43715.184,0,1451.010,0,69.952,8636,14847,1.980,1.180,0.610,3,0,49.966,0,0,11,32,0,29,0
12-06 23:28:05,57.643,15.222,26.201,0,0,1593608,657472,175288,5491488,18211.268,12688.497,0,263.512,0,23.956,6987,8037,1.980,1.180,0.610,2,0,247.541,0,0,11,28,0,32,0
12-06 23:28:06,36.975,5.496,56.462,0,0,1578860,672212,175288,5491496,11599.191,7809.742,0,103.930,0,3.997,2792,1797,1.980,1.180,0.610,2,0,0,0,0,11,30,0,32,0
12-06 23:28:07,36.612,6.269,56.172,0.251,0,1436116,814912,175296,5491532,18365.139,13892.467,0,168.515,0,12.037,6069,7183,1.980,1.180,0.610,3,0,58.178,0,0,11,28,0,34,0
12-06 23:28:08,47.240,21.495,31.243,0,0,1520368,730624,175300,5491560,4936.911,1457.678,0,235.948,0,14.997,4899,3237,2.060,1.210,0.620,3,0,320.929,0,0,11,28,0,33,0
12-06 23:28:09,58.015,8.502,33.009,0,0,1600480,650500,175300,5491572,18013.765,15147.007,0,120.032,0,8.002,4714,13103,2.060,1.210,0.620,2,0,36.010,0,0,11,31,0,34,0
12-06 23:28:10,52.002,15.001,31.501,0.250,0,1482936,767792,175312,5491780,20230.716,16145.572,0,840.030,0,63.002,7592,10198,2.060,1.210,0.620,5,0,258.009,0,0,11,28,0,35,0
12-06 23:28:11,82.963,15.243,1.249,0,0,1632376,618328,175328,5491788,5636.464,3078.615,0,6009.296,0,336.848,5019,2356,2.060,1.210,0.620,3,0,0,0,0,11,29,0,35,0
12-06 23:28:12,59.757,8.001,32.003,0,0,1661492,589108,175328,5491976,33873.697,29880.261,0,184.020,0,8.001,6785,9206,2.060,1.210,0.620,3,0,0,0,0,11,32,0,30,0
12-06 23:28:13,63.550,18.193,17.445,0,0,1517932,732608,175332,5492036,16687.534,11915.537,0,374.822,0,35.887,7032,8111,2.220,1.250,0.640,4,0,322.985,0,0,11,28,0,33,0
12-06 23:28:14,56.317,8.260,34.541,0,0,1614020,636508,175336,5492044,12124.327,9696.458,0,188.222,0,8.009,3694,1926,2.220,1.250,0.640,3,0,0,0,0,11,31,0,33,0
12-06 23:28:15,54.379,5.513,39.344,0.251,0,1566828,683504,175340,5492236,27459.342,22351.187,0,308.735,0,30.072,7077,10053,2.220,1.250,0.640,4,0,2.005,0,0,11,28,0,35,0
12-06 23:28:16,54.107,19.449,25.433,0,0,1519884,730432,175340,5492252,4826.223,1547.902,0,442.828,0,18.950,4987,3343,2.220,1.250,0.640,3,0,296.216,0,0,11,28,0,31,0
12-06 23:28:17,53.485,6.248,40.489,0,0,1595640,654664,175340,5492264,19200.683,15292.765,0,147.959,0,9.997,4458,3613,2.220,1.250,0.640,2,0,1.000,0,0,11,31,0,31,0
12-06 23:28:18,48.017,17.006,32.511,0.250,0,1535564,714352,175368,5492624,19730.856,15745.472,0,1032.359,0,78.027,7431,9687,2.120,1.250,0.640,3,0,287.100,0,0,11,28,0,34,0
12-06 23:28:19,63.907,7.518,28.570,0,0,1609200,640716,175368,5492624,7317.957,3980.768,0,0,0,0,3608,1779,2.120,1.250,0.640,3,0,0,0,0,11,29,0,34,0
12-06 23:28:20,45.749,6.000,46.999,0,0,1578876,670852,175372,5492808,28260.481,23998.559,0,295.995,0,30.999,6298,8867,2.120,1.250,0.640,3,0,29.999,0,0,11,29,0,35,0
12-06 23:28:21,63.078,11.967,24.433,0,0,1553004,696708,175372,5492824,6217.031,2308.698,0,163.554,0,9.973,4262,2312,2.120,1.250,0.640,3,0,81.777,0,0,11,28,0,36,0
12-06 23:28:22,50.998,6.250,42.248,0,0,1610884,638800,175372,5492852,22827.914,19405.077,0,139.993,0,8.000,4574,4865,2.120,1.250,0.640,3,0,0,0,0,11,31,0,36,0
12-06 23:28:23,49.153,20.210,28.943,0.250,0,1516980,732632,175372,5492924,13163.078,9354.578,0,399.214,0,47.906,7032,8139,2.110,1.260,0.650,7,0,410.192,0,0,11,28,0,38,0
12-06 23:28:24,81.893,18.589,0,0,0,1657668,591900,175372,5492968,5004.000,1627.807,0,980.704,0,19.092,5475,4486,2.110,1.260,0.650,8,0,401.928,0,0,11,28,0,37,0
12-06 23:28:25,76.196,20.735,2.748,0,0,1823580,425820,175372,5493132,21080.954,17823.279,0,199.857,0,9.993,6279,5680,2.110,1.260,0.650,7,0,417.702,0,0,11,32,0,37,0
12-06 23:28:26,78.709,17.991,3.498,0,0,1827044,422052,175396,5493408,48443.833,44895.677,0,907.529,0,68.964,8468,11193,2.110,1.260,0.650,5,0,340.823,0,0,11,29,0,38,0
12-06 23:28:27,79.441,19.735,0.250,0,0,1602208,646852,175396,5493444,9743.812,5733.770,0,215.841,0,20.985,5850,4796,2.110,1.260,0.650,5,0,284.790,0,0,11,28,0,38,0
12-06 23:28:28,83.904,11.020,5.260,0,0,1739680,509356,175396,5493468,20753.159,18072.229,0,152.280,0,8.015,5351,4240,2.260,1.310,0.670,3,0,0,0,0,11,32,0,37,0
12-06 23:28:29,71.485,9.748,17.496,0.250,0,1640664,608124,175400,5493712,43723.617,38915.649,0,207.955,0,13.997,8101,14845,2.260,1.310,0.670,4,0,54.988,0,0,11,29,0,40,1
12-06 23:28:30,24.714,25.713,47.681,0,0,1537884,710880,175400,5493732,7492.121,4306.747,0,23.965,0,5.991,6493,5480,2.260,1.310,0.670,4,0,591.142,0,0,11,28,0,42,0
12-06 23:28:31,30.050,34.307,35.058,0,0,1518732,729992,175400,5493772,4927.185,1514.516,0,3325.524,0,117.195,6213,5199,2.260,1.310,0.670,5,0,751.248,0,0,11,28,0,42,0
12-06 23:28:32,76.462,15.742,7.496,0,0,1628804,619892,175400,5493796,9179.448,6603.725,0,15.992,0,1.000,4817,3057,2.260,1.310,0.670,3,0,204.898,0,0,11,30,0,42,0
12-06 23:28:33,63.040,9.006,27.017,0,0,1660076,588404,175424,5493988,30026.074,24583.617,0,756.481,0,57.036,6684,9805,2.160,1.300,0.670,5,0,67.043,0,0,11,30,0,44,0
12-06 23:28:34,78.994,16.999,4.000,0,0,1574364,674048,175448,5494032,9152.269,4110.671,0,351.972,0,36.997,5880,4766,2.160,1.300,0.670,5,0,200.984,0,0,11,28,0,46,0
12-06 23:28:35,68.756,8.501,22.002,0,0.250,1673576,574788,175448,5494076,26007.100,22252.797,0,152.012,0,7.001,5603,6389,2.160,1.300,0.670,5,0,0,0,0,11,32,0,46,0
12-06 23:28:36,55.487,6.498,36.741,0,0,1673300,574788,175460,5494328,42514.080,36483.487,0,243.943,0,18.996,11681,18541,2.160,1.300,0.670,4,0,0,0,0,11,31,0,46,0
12-06 23:28:37,73.004,11.501,15.001,0,0,1566396,681460,175480,5494536,23888.244,18762.977,0,460.024,0,51.003,9442,12658,2.160,1.300,0.670,5,0,115.006,0,0,11,28,0,46,0
12-06 23:28:38,78.939,11.241,9.243,0,0,1666400,581436,175488,5494548,12812.113,10696.745,0,175.864,0,10.992,4911,3325,2.230,1.330,0.680,1,0,5.995,0,0,11,31,0,46,0
12-06 23:28:39,58.759,6.251,34.005,0,0,1680004,567588,175488,5494784,42444.716,37403.919,0,140.022,0,9.001,10732,16042,2.230,1.330,0.680,3,0,0,0,0,11,32,0,46,0
12-06 23:28:40,64.930,9.740,23.475,0.250,0,1695132,552164,175492,5495064,37580.552,32630.880,0,143.845,0,8.990,11204,16412,2.230,1.330,0.680,4,0,70.924,0,0,11,29,0,49,0
12-06 23:28:41,76.892,17.783,5.761,0,0,1574012,673256,175496,5495088,9972.447,5576.315,0,164.304,0,10.019,5100,3067,2.230,1.330,0.680,4,0,189.350,0,0,11,29,0,49,0
12-06 23:28:42,67.157,7.739,23.967,0,0,1657908,589148,175496,5495256,31604.123,28788.033,0,395.451,0,43.939,6414,9415,2.230,1.330,0.680,3,0,1.997,0,0,11,32,0,49,0
12-06 23:28:43,66.079,12.265,20.775,0,0,1590520,656464,175504,5495336,27675.220,22097.525,0,232.279,0,20.024,9194,12569,2.370,1.370,0.700,3,0,98.118,0,0,11,29,0,51,0
12-06 23:28:44,77.263,11.752,10.502,0.250,0,1629372,617444,175520,5495476,13695.330,10632.809,0,288.049,0,33.006,5238,3531,2.370,1.370,0.700,4,0,37.006,0,0,11,33,0,51,0
12-06 23:28:45,69.966,12.494,17.242,0,0,1606940,639800,175544,5495528,23767.320,19587.374,0,375.815,0,39.980,6452,8268,2.370,1.370,0.700,4,0,120.941,0,0,11,34,0,51,0
12-06 23:28:46,74.754,10.251,14.501,0,0,1659624,586912,175548,5495724,26299.348,22082.132,0,152.008,0,9.000,6308,9945,2.370,1.370,0.700,2,0,27.001,0,0,11,35,0,52,0
12-06 23:28:47,66.218,12.945,19.417,0,0,1618776,627688,175552,5495792,28324.353,24072.464,0,374.405,0,12.945,6216,9111,2.370,1.370,0.700,5,0,114.512,0,0,11,34,0,53,0
12-06 23:28:48,73.311,13.055,13.306,0,0,1598332,648100,175552,5495820,15994.887,12815.392,0,196.835,0,11.047,5180,4535,2.500,1.420,0.720,5,0,86.367,0,0,11,34,0,55,0
12-06 23:28:49,76.779,11.254,12.505,0,0,1609956,636308,175552,5495992,19178.296,15951.068,0,124.047,0,8.003,5261,5096,2.500,1.420,0.720,4,0,68.026,0,0,11,34,0,55,0
12-06 23:28:50,72.418,8.740,17.980,0.250,0,1649008,597056,175556,5496184,24079.897,20277.178,0,231.739,0,27.969,5500,7984,2.500,1.420,0.720,3,0,0,0,0,11,33,0,57,0
12-06 23:28:51,53.801,14.263,31.279,0,0,1631828,614204,175564,5496204,11882.189,7722.272,0,412.388,0,34.032,5210,4825,2.500,1.420,0.720,3,0,198.187,0,0,11,32,0,59,0
12-06 23:28:52,53.760,11.002,35.007,0,0,1631928,614092,175564,5496216,15214.965,11184.180,0,3608.703,0,177.035,4146,3009,2.500,1.420,0.720,4,0,60.012,0,0,11,34,0,59,0
12-06 23:28:53,54.705,9.492,35.221,0.250,0,1540396,705400,175568,5496432,23759.399,18173.007,0,267.779,0,20.983,5873,7465,2.460,1.430,0.730,4,0,110.909,0,0,11,33,0,55,0
12-06 23:28:54,58.154,10.982,29.701,0,0,1579184,666540,175608,5496464,12018.220,8450.092,0,1988.727,0,125.793,5374,4848,2.460,1.430,0.730,2,0,70.883,0,0,11,33,0,56,0
12-06 23:28:55,55.362,6.513,37.576,0,0,1650356,595276,175620,5496536,22267.900,17791.875,0,1547.120,0,9.018,5327,6018,2.460,1.430,0.730,3,0,0,0,0,11,34,0,57,0
12-06 23:28:56,32.988,11.746,53.980,0,0,1485708,759868,175628,5496580,18548.187,14048.840,0,279.897,0,21.992,6249,7058,2.460,1.430,0.730,2,0,152.944,0,0,11,33,0,58,0
12-06 23:28:57,40.558,8.958,49.765,0,0,1526380,719184,175636,5496584,7845.884,4102.592,0,218.964,0,18.911,3584,2743,2.460,1.430,0.730,2,0,68.675,0,0,11,33,0,57,0
12-06 23:28:58,36.947,4.273,58.312,0,0,1556176,689364,175636,5496604,17015.900,13337.249,0,124.666,0,7.038,4029,4096,2.420,1.440,0.740,3,0,0,0,0,11,33,0,58,0
12-06 23:28:59,36.588,10.205,52.019,0.249,0,1452532,792876,175644,5496728,9106.609,5755.473,0,183.188,0,14.934,4839,4623,2.420,1.440,0.740,3,0,109.514,0,0,11,32,0,59,0
12-06 23:29:00,35.807,7.011,55.338,0,0,1496340,749028,175664,5496748,11446.185,7919.582,0,304.484,0,28.045,3703,3241,2.420,1.440,0.740,3,0,29.046,0,0,11,32,0,60,0
12-06 23:29:01,37.614,8.275,54.163,0,0,1525536,719684,175668,5496892,12315.167,8333.149,0,176.533,0,12.036,4038,3518,2.420,1.440,0.740,3,0,60.182,0,0,11,33,0,59,0
12-06 23:29:02,36.491,5.749,57.237,0.250,0,1503864,741312,175688,5496908,15830.308,11008.432,0,231.946,0,21.995,4008,3816,2.420,1.440,0.740,2,0,4.999,0,0,11,33,0,60,0
12-06 23:29:03,36.893,6.980,54.591,0,0.249,1505944,739068,175696,5497064,17075.334,12372.014,0,243.292,0,8.974,4808,4979,2.310,1.430,0.740,2,0,42.875,0,0,11,33,0,61,0
12-06 23:29:04,40.566,4.507,53.837,0.250,0,1553668,691300,175704,5497100,12037.525,7978.942,0,236.383,0,22.036,4160,4128,2.310,1.430,0.740,2,0,0,0,0,11,33,0,62,0
12-06 23:29:05,36.947,5.492,56.669,0,0,1541076,703868,175704,5497124,15280.053,11425.589,0,143.793,0,7.989,3762,4302,2.310,1.430,0.740,2,0,4.993,0,0,11,33,0,56,0
12-06 23:29:06,28.498,15.999,54.497,0.250,0.250,1523188,721676,175704,5497204,16155.979,12392.216,0,239.985,0,23.998,6059,6189,2.310,1.430,0.740,1,0,276.982,0,0,11,33,0,57,0
12-06 23:29:07,19.002,3.750,76.507,0,0,1490884,753960,175712,5497212,6683.584,2802.245,0,268.023,0,22.002,2343,2227,2.310,1.430,0.740,1,0,6.001,0,0,11,32,0,58,0
12-06 23:29:08,18.498,2.750,77.490,0,0,1517952,726884,175712,5497216,9891.734,6651.149,0,143.982,0,7.999,1983,1606,2.200,1.420,0.740,1,0,0,0,0,11,33,0,58,0
12-06 23:29:09,24.301,5.512,68.894,0.251,0,1414652,830028,175720,5497364,10709.416,7300.280,0,709.485,0,54.113,4694,8422,2.200,1.420,0.740,1,0,58.122,0,0,11,32,0,57,0
12-06 23:29:10,12.719,15.712,70.330,0,0,1426164,818508,175720,5497372,4728.592,1616.101,0,179.567,0,14.964,4146,2861,2.200,1.420,0.740,1,0,261.369,0,0,11,32,0,57,0
12-06 23:29:11,18.263,3.002,77.305,0,0,1477336,767328,175720,5497380,7502.320,3973.818,0,0,0,0,1815,1431,2.200,1.420,0.740,2,0,0,0,0,11,33,0,57,0
12-06 23:29:12,21.295,2.756,75.659,0,0,1442140,802496,175728,5497400,13345.034,9839.671,0,2613.490,0,134.282,3310,3816,2.200,1.420,0.740,1,0,2.004,0,0,11,32,0,58,0
12-06 23:29:13,19.493,6.498,73.475,0,0,1482836,761800,175728,5497400,4280.570,1241.585,0,55.981,0,2.999,2004,1498,2.110,1.420,0.740,1,0,43.985,0,0,11,32,0,54,0
12-06 23:29:14,16.981,2.997,78.663,0.250,0,1491672,752932,175736,5497420,11546.226,8176.954,0,207.770,0,15.982,2705,3057,2.110,1.420,0.740,1,0,0,0,0,11,33,0,54,0
12-06 23:29:15,19.728,2.497,75.915,0.250,0,1437256,807308,175748,5497448,12847.628,8816.138,0,527.410,0,38.956,4301,5301,2.110,1.420,0.740,2,0,10.988,0,0,11,32,0,54,0
12-06 23:29:16,8.016,22.797,67.389,0,0,1421084,823332,175748,5497592,5706.729,1609.308,0,4.008,0,1.002,5415,3630,2.110,1.420,0.740,2,0,364.750,0,0,11,32,0,54,0
12-06 23:29:17,29.426,17.206,52.617,0.249,0,1471800,772516,175756,5497684,5192.853,1631.869,0,291.263,0,17.955,4628,3431,2.110,1.420,0.740,2,0,251.364,0,0,11,32,0,54,0
12-06 23:29:18,44.140,5.768,48.404,1.003,0,1571444,670760,175860,5499392,4554.493,1083.448,0,4357.867,0,366.165,3974,3939,2.100,1.430,0.750,3,1,17.054,0,0,11,36,0,54,0
12-06 23:29:19,34.094,8.461,43.551,10.950,0,1542204,693396,176592,5504792,4768.180,1385.659,0,31006.108,0,2903.712,14194,25194,2.100,1.430,0.750,2,0,116.467,0,0,11,36,0,54,0
12-06 23:29:20,38.365,8.526,41.374,9.027,0,1596232,638024,176948,5505724,4934.800,1624.873,0,44621.824,0,3597.790,15228,27914,2.100,1.430,0.750,2,0,39.117,0,0,11,36,0,54,0
12-06 23:29:21,44.440,7.490,46.437,1.248,0,1549220,684980,176984,5505744,5197.978,1456.033,0,13477.792,0,749.987,4726,5240,2.100,1.430,0.750,2,0,7.989,0,0,11,32,0,49,0
12-06 23:29:22,40.102,7.770,43.611,5.765,0,1568028,665672,177188,5506036,4872.402,1624.134,0,9816.988,0,1605.086,11097,18013,2.100,1.430,0.750,4,0,1.003,0,0,11,34,0,49,0
12-06 23:29:23,35.638,9.969,48.847,3.489,0,1565012,668232,177428,5506248,4982.407,1453.451,0,12492.902,0,1279.994,8238,12149,2.250,1.470,0.760,1,0,99.688,0,0,11,32,0,49,0
12-06 23:29:24,21.766,4.003,73.054,0.500,0,1512872,720344,177440,5506256,4743.491,1621.193,0,1324.975,0,68.050,2069,1730,2.250,1.470,0.760,2,0,3.002,0,0,11,32,0,49,0
12-06 23:29:25,23.505,3.751,72.016,0.500,0,1550484,682656,177512,5506260,4561.017,1620.361,0,6393.426,0,361.081,2407,2751,2.250,1.470,0.760,2,0,0,0,0,11,32,0,49,0
12-06 23:29:26,22.475,3.246,73.169,0,0,1490556,742560,177512,5506284,4811.641,1618.198,0,347.613,0,0.999,1829,1298,2.250,1.470,0.760,3,0,0.999,0,0,11,32,0,47,0
12-06 23:29:27,22.770,3.003,73.563,0,0,1525772,707344,177512,5506284,4563.916,1621.391,0,0,0,0,1836,1280,2.250,1.470,0.760,3,0,3.003,0,0,11,32,0,47,0
12-06 23:29:28,22.225,3.246,73.418,0,0,1496120,736984,177512,5506296,4854.563,1618.188,0,3.996,0,0.999,1788,1241,2.150,1.460,0.770,3,0,0.999,0,0,11,32,0,47,0
12-06 23:29:29,22.529,3.505,73.596,0,0,1533840,699264,177512,5506296,4565.943,1622.111,0,0,0,0,1791,1227,2.150,1.460,0.770,2,0,2.003,0,0,11,32,0,47,0
12-06 23:29:30,22.999,2.500,73.747,0,0,1474588,758428,177512,5506372,4741.831,1619.942,0,4.000,0,1.000,1741,1118,2.150,1.460,0.770,2,0,1.000,0,0,11,32,0,41,0
12-06 23:29:31,21.743,3.749,73.725,0,0,1475732,757276,177512,5506376,4773.407,1457.514,0,179.940,0,1.999,1750,1143,2.150,1.460,0.770,2,0,1.999,0,0,11,32,0,41,0
12-06 23:29:32,23.753,2.250,73.508,0,0,1363476,869440,177512,5506464,5640.622,1620.179,0,112.012,0,10.001,1854,1397,2.150,1.460,0.770,2,0,1.000,0,0,11,32,0,41,0
12-06 23:29:33,22.989,3.498,73.214,0,0,1426920,805964,177516,5506488,6716.739,1619.214,0,603.707,0,74.964,1891,1429,2.060,1.450,0.770,2,0,1.000,0,0,11,32,0,41,0
12-06 23:29:34,22.518,3.002,73.557,0,0,1488388,744496,177516,5506488,5344.167,1621.264,0,0,0,0,1589,1199,2.060,1.450,0.770,2,0,0,0,0,11,32,0,38,0
12-06 23:29:35,22.734,2.998,73.448,0,0,1471732,761128,177516,5506508,4874.541,1456.966,0,0,0,0,1737,1083,2.060,1.450,0.770,2,0,2.998,0,0,11,32,0,38,0
12-06 23:29:36,22.759,3.001,73.780,0,0,1476848,755996,177516,5506524,5009.023,1620.655,0,4.002,0,1.000,1761,1334,2.060,1.450,0.770,1,0,0,0,0,11,32,0,38,0
12-06 23:29:37,22.503,3.500,73.509,0,0,1472416,760372,177516,5506548,3852.474,972.120,0,0,0,0,1782,1259,2.060,1.450,0.770,1,0,2.000,0,0,11,32,0,38,0
12-06 23:29:38,23.250,2.750,73.251,0,0,1518788,714000,177516,5506548,3546.064,486.009,0,120.002,0,4.000,1689,1159,1.970,1.450,0.770,1,0,2.000,0,0,11,32,0,37,0
12-06 23:29:39,15.278,11.020,72.133,0,0,1471320,761324,177516,5506692,4688.676,1623.003,0,128.237,0,29.054,3496,2328,1.970,1.450,0.770,1,0,151.280,0,0,11,32,0,37,0
12-06 23:29:40,9.247,21.743,67.227,0,0,1451328,781252,177516,5506744,4816.354,1457.502,0,703.759,0,7.997,5525,3846,1.970,1.450,0.770,1,0,369.874,0,0,11,32,0,37,0
12-06 23:29:41,8.501,20.253,69.761,0,0,1428732,803800,177516,5506784,4877.772,1620.256,0,452.072,0,8.001,5088,3442,1.970,1.450,0.770,2,0,276.044,0,0,11,32,0,37,0
12-06 23:29:42,7.739,21.968,67.902,0,0,1417208,815292,177516,5506812,4930.869,1455.894,0,327.526,0,13.980,5540,4110,1.970,1.450,0.770,3,0,325.529,0,0,11,32,0,33,0
12-06 23:29:43,9.999,18.248,69.743,0.250,0,1427196,805268,177516,5506832,4679.553,1619.845,0,407.961,0,28.997,4631,3291,1.970,1.450,0.780,1,0,245.977,0,0,11,32,0,33,0
12-06 23:29:44,22.548,4.760,72.653,0,0,1482284,750168,177516,5506816,4527.565,1461.087,0,0,0,0,1932,1301,1.970,1.450,0.780,1,0,8.017,0,0,11,32,0,33,0
12-06 23:29:45,22.718,2.497,73.647,0,0,1463900,768528,177516,5506836,4553.622,1617.734,0,15.978,0,0.999,1764,1095,1.970,1.450,0.780,1,0,0.999,0,0,11,32,0,33,0
12-06 23:29:46,21.718,3.994,73.890,0,0,1458384,774064,177516,5506816,4690.002,1617.586,0,0,0,0,1787,1274,1.970,1.450,0.780,1,0,0,0,0,11,32,0,29,0
12-06 23:29:47,22.509,3.001,73.278,0,0,1506708,725720,177516,5506836,4321.654,1620.620,0,20.008,0,1.000,1771,1178,1.970,1.450,0.780,2,0,3.001,0,0,11,32,0,29,0
12-06 23:29:48,22.002,4.250,73.258,0,0,1507892,724548,177516,5506824,4080.463,1620.184,0,8.001,0,2.000,1815,1332,1.900,1.450,0.780,2,0,1.000,0,0,11,32,0,29,0
12-06 23:29:49,23.002,3.250,73.258,0,0,1537112,695316,177516,5506836,4200.436,1620.168,0,3516.365,0,214.022,1836,1260,1.900,1.450,0.780,3,0,2.000,0,0,11,32,0,29,0
12-06 23:29:50,20.983,4.246,73.439,0,0,1483980,748472,177516,5506812,4514.258,1456.792,0,0,0,0,1803,1186,1.900,1.450,0.780,1,0,2.998,0,0,11,32,0,23,0
12-06 23:29:51,22.524,3.504,73.827,0,0,1526364,706088,177516,5506812,6123.408,1621.697,0,24.025,0,1.001,1757,1076,1.900,1.450,0.780,2,0,0,0,0,11,32,0,23,0
12-06 23:29:52,22.504,3.251,73.264,0,0,1477776,754668,177516,5506832,5941.150,1620.314,0,212.041,0,12.002,1921,1517,1.900,1.450,0.780,2,0,1.000,0,0,11,32,0,23,0
12-06 23:29:53,22.210,3.743,72.870,0,0,1532936,699508,177516,5506832,6408.583,1617.119,0,447.203,0,29.947,1895,1317,1.820,1.440,0.780,2,0,1.996,0,0,11,32,0,23,0
12-06 23:29:54,22.286,3.756,73.870,0,0,1485244,747216,177516,5506816,4687.625,1622.639,0,428.697,0,5.008,1786,1205,1.820,1.440,0.780,2,0,1.002,0,0,11,32,0,16,0
12-06 23:29:55,21.765,3.502,73.550,0,0,1511568,720892,177516,5506816,4743.253,1663.141,0,0,0,0,1780,1126,1.820,1.440,0.780,2,0,2.001,0,0,11,32,0,16,0
12-06 23:29:56,22.723,2.996,73.911,0,0,1426652,805868,177516,5506756,4589.455,1456.241,0,27.966,0,0.999,1679,1075,1.820,1.440,0.780,1,0,0.999,0,0,11,32,0,16,0
12-06 23:29:57,22.012,3.752,73.540,0,0,1454596,777924,177516,5506756,5102.806,1620.891,0,8.004,0,1.001,1802,1235,1.820,1.440,0.780,2,0,3.002,0,0,11,32,0,16,0
12-06 23:29:58,23.748,2.000,73.744,0,0,1483204,749224,177516,5506848,4457.655,1457.887,0,87.993,0,1.000,1605,954,1.760,1.430,0.780,3,0,0,0,0,11,32,0,12,0
12-06 23:29:59,20.984,4.497,73.194,0,0,1478684,753756,177516,5506836,4736.398,1660.737,0,91.930,0,1.998,1833,1345,1.760,1.430,0.780,2,0,0.999,0,0,11,32,0,12,0
12-06 23:30:00,22.521,3.754,73.569,0,0,1481644,750804,177516,5506828,5064.764,1459.373,0,16.015,0,2.002,1787,1275,1.760,1.430,0.780,1,0,1.001,0,0,11,32,0,12,0
12-06 23:30:01,21.745,3.999,72.984,0,0,1525212,707236,177516,5506828,6255.606,1619.639,0,19.996,0,1.000,1728,1138,1.760,1.430,0.780,1,0,2.000,0,0,11,32,0,12,0
12-06 23:30:02,22.498,3.500,73.492,0.250,0,1470516,761936,177516,5506824,5477.396,1457.839,0,91.990,0,8.999,1923,1556,1.760,1.430,0.780,2,0,1.000,0,0,11,32,0,9,0
12-06 23:30:03,22.752,3.000,73.255,0,0,1470448,761992,177516,5506836,5196.361,1296.090,0,348.024,0,23.002,1797,1238,1.700,1.420,0.780,1,0,1.000,0,0,11,32,0,9,0
12-06 23:30:04,22.259,4.002,73.531,0,0,1490852,741588,177516,5506836,4846.020,864.360,0,60.025,0,1.000,1755,1212,1.700,1.420,0.780,1,0,2.001,0,0,11,32,0,9,0
12-06 23:30:05,20.547,5.763,72.665,0,0,1449744,782640,177516,5506876,5069.491,1461.312,0,36.082,0,2.005,2359,1540,1.700,1.420,0.780,2,0,65.148,0,0,11,32,0,9,0
12-06 23:30:06,8.502,23.505,66.763,0,0,1441412,790932,177516,5506896,5538.066,1620.312,0,292.056,0,13.003,5451,3841,1.700,1.420,0.780,1,0,357.069,0,0,11,32,0,9,0
12-06 23:30:07,19.452,6.733,72.571,0,0,1458212,774116,177516,5506912,4893.945,1562.152,0,0,0,0,2288,1652,1.700,1.420,0.780,1,0,41.897,0,0,11,32,0,6,0
12-06 23:30:08,24.460,1.248,73.878,0,0,1481996,750088,177516,5507152,4764.137,1509.508,0,0,0,0,1687,959,1.640,1.420,0.780,1,0,0,0,0,11,32,0,6,0
12-06 23:30:09,25.288,7.762,66.100,0,0,1439192,792904,177516,5507156,5167.818,1622.454,0,20.030,0,1.002,2902,9220,1.640,1.420,0.780,1,0,45.068,0,0,11,32,0,7,0
12-06 23:30:10,23.253,2.500,73.759,0,0,1456752,775344,177516,5507156,4740.577,1620.197,0,548.067,0,103.013,1651,958,1.640,1.420,0.780,1,0,0,0,0,11,32,0,7,0
12-06 23:30:11,10.771,20.541,66.632,0,0,1433496,798448,177520,5507300,5006.929,1623.219,40.079,288.572,2.004,6.012,5096,3597,1.640,1.420,0.780,3,0,337.670,0,0,11,32,0,4,0
12-06 23:30:12,8.494,21.235,68.450,0,0,1418596,813308,177520,5507324,4676.593,1618.821,0,119.913,0,5.996,5515,3870,1.640,1.420,0.780,1,0,350.744,0,0,11,32,0,4,0
12-06 23:30:13,7.499,22.747,67.992,0,0,1408088,823792,177520,5507344,5159.402,1619.812,0,207.976,0,4.000,5930,4377,1.590,1.410,0.780,1,0,443.949,0,0,11,32,0,4,0
12-06 23:30:14,7.996,22.489,67.966,0,0,1391832,840016,177520,5507372,5217.409,1619.196,0,359.821,0,5.997,5359,3728,1.590,1.410,0.780,1,0,336.833,0,0,11,32,0,4,0
12-06 23:30:15,8.268,22.048,68.648,0,0,1395492,836332,177520,5507392,4888.532,1461.148,0,881.900,0,10.022,5683,4071,1.590,1.410,0.780,1,0,387.836,0,0,11,32,0,3,0
12-06 23:30:16,7.232,22.195,68.332,0,0.249,1398948,832856,177520,5507412,5838.662,1803.571,0,913.756,0,10.973,5482,3700,1.590,1.410,0.780,1,0,343.157,0,0,11,32,0,3,0
12-06 23:30:17,8.751,22.752,67.256,0,0,1391176,840608,177520,5507428,3702.343,162.015,0,964.089,0,13.001,5556,4134,1.590,1.410,0.780,1,0,377.035,0,0,11,32,0,3,0
12-06 23:30:18,8.014,20.284,69.618,0.751,0,1383856,847892,177532,5507452,4904.333,1298.206,0,2175.697,0,100.170,5378,3979,1.460,1.390,0.780,1,0,308.524,0,0,11,32,0,3,0
12-06 23:30:19,8.245,21.236,69.206,0,0,1379392,852336,177532,5507472,3261.918,323.793,0,139.911,0,4.997,5138,3484,1.460,1.390,0.780,1,0,300.808,0,0,11,32,0,1,0
12-06 23:30:20,7.008,22.525,68.575,0,0,1384420,847280,177532,5507492,4480.913,1297.422,0,264.290,0,6.007,5114,3472,1.460,1.390,0.780,1,0,297.326,0,0,11,32,0,1,0
12-06 23:30:21,7.501,23.254,67.762,0,0,1375500,856176,177532,5507512,4877.894,1620.297,0,44.008,0,11.002,5504,3860,1.460,1.390,0.780,1,0,372.068,0,0,11,32,0,1,0
12-06 23:30:22,8.474,19.939,69.537,0,0,1317264,914384,177532,5507196,4384.544,1453.539,0,19.939,0,4.985,5360,3898,1.460,1.390,0.780,1,0,308.055,0,0,11,32,0,1,0
12-06 23:30:23,19.563,29.094,50.412,0.251,0,1372744,858860,177532,5507580,3952.712,1083.485,0,469.510,0,24.077,6448,5327,1.510,1.400,0.790,6,0,598.926,0,0,11,32,0,3,0
12-06 23:30:24,57.970,19.240,20.989,0,0,1527840,703468,177560,5507780,3923.994,1025.476,0,1291.340,0,131.933,5050,3984,1.510,1.400,0.790,3,0,304.844,0,0,11,32,0,7,0
12-06 23:30:25,57.776,12.452,24.903,4.732,0,1645156,578556,177968,5514280,4574.226,1506.148,370.560,15280.624,2.988,1142.560,8700,12057,1.510,1.400,0.790,3,1,49.806,0,0,11,36,0,7,0
12-06 23:30:26,39.523,13.258,33.019,11.507,0,1625300,586648,179052,5524192,4865.779,1566.895,0,89375.046,0,6312.605,20718,43809,1.510,1.400,0.790,1,1,165.094,0,0,11,36,0,8,0
12-06 23:30:27,42.397,12.042,31.610,12.042,0,1674708,522640,179384,5537976,6629.018,3876.461,0,108480.685,0,7847.249,22849,49801,1.510,1.400,0.790,3,0,79.275,0,0,11,37,0,8,0
12-06 23:30:28,42.268,12.505,31.764,11.255,0,1632140,555948,180012,5546296,11942.138,8604.702,0,62879.053,0,4798.064,19220,36340,1.870,1.470,0.810,3,0,174.075,0,0,11,34,0,9,0
12-06 23:30:29,44.204,23.975,21.728,7.992,0,1601524,577964,180504,5554048,4495.371,1618.333,295.695,75654.089,3.996,5244.599,20313,41005,1.870,1.470,0.810,6,0,349.640,0,0,11,34,0,9,0
12-06 23:30:30,38.538,15.515,34.284,9.009,0,1619016,556320,180688,5557856,9900.846,7146.107,1601.593,49710.437,27.027,4086.064,17137,32533,1.870,1.470,0.810,1,1,229.228,0,0,11,35,0,9,0
12-06 23:30:31,29.483,7.745,49.471,10.244,0,1617448,557240,180816,5558328,16556.346,12440.746,0,67008.926,0,5239.944,22125,42515,1.870,1.470,0.810,1,1,35.979,0,0,11,35,0,9,0
12-06 23:30:32,35.739,9.247,41.737,10.747,0,1541836,630516,181112,5560336,9580.981,5154.376,0,54618.792,0,4634.540,16507,33277,1.870,1.470,0.810,2,1,68.978,0,0,11,34,0,9,0
12-06 23:30:33,34.211,7.741,44.200,11.487,0,1595772,575624,181364,5560996,8260.589,4008.433,0,37465.318,0,3922.531,14727,29107,1.800,1.470,0.820,2,0,35.959,0,0,11,35,0,9,0
12-06 23:30:34,39.744,6.499,44.494,6.749,0,1592076,577388,181436,5562796,15810.723,11311.371,0,34335.056,0,2984.570,14671,27110,1.800,1.470,0.820,4,0,32.995,0,0,11,35,0,9,0
12-06 23:30:35,32.311,8.266,46.087,10.019,0.250,1507800,658372,181496,5565944,13911.382,9795.577,0,40192.222,0,3796.199,16962,33463,1.800,1.470,0.820,1,1,86.163,0,0,11,34,0,10,0
12-06 23:30:36,34.743,12.497,38.492,11.248,0,1570152,592628,181644,5569108,4857.965,1511.678,0,62726.640,0,5309.869,19266,36595,1.800,1.470,0.820,1,1,101.978,0,0,11,36,0,10,0
12-06 23:30:37,32.492,9.998,44.989,10.498,0,1585072,573940,181864,5572564,11923.213,8451.025,0,69259.813,0,5905.620,21116,42863,1.800,1.470,0.820,1,2,102.976,0,0,11,37,0,10,0
12-06 23:30:38,32.017,8.004,49.526,8.755,0,1580232,576212,181944,5574964,16314.608,12945.830,0,42658.507,0,3945.081,18856,35888,1.970,1.510,0.830,1,0,51.027,0,0,11,37,0,10,0
12-06 23:30:39,34.981,10.244,41.977,10.494,0,1553984,607456,181956,5569952,6630.311,2415.656,0,59742.760,0,5303.049,19304,38497,1.970,1.510,0.830,5,0,50.972,0,0,11,36,0,10,0
12-06 23:30:40,38.755,5.751,47.006,6.501,0,1584304,575592,181984,5571448,9896.306,6502.858,0,42437.601,0,3462.457,12399,23548,1.970,1.510,0.830,2,0,27.004,0,0,11,35,0,11,0
12-06 23:30:41,24.149,12.448,60.247,0.996,0,1456552,703260,181992,5571524,14949.186,11211.889,0,14291.947,0,809.598,7733,10771,1.970,1.510,0.830,1,0,211.113,0,0,11,33,0,11,0
12-06 23:30:42,18.780,5.258,74.617,0.250,0,1406708,753080,181992,5571548,9877.526,6922.881,0,552.869,0,32.050,3957,4205,1.970,1.510,0.830,2,0,55.087,0,0,11,32,0,12,0
12-06 23:30:43,22.226,3.496,73.671,0.250,0,1437684,722104,181992,5571548,4189.533,1132.792,0,759.191,0,44.952,1887,1552,1.890,1.500,0.830,1,0,0,0,0,11,32,0,12,0
12-06 23:30:44,18.072,3.012,78.060,0,0,1441896,717876,181992,5571564,12672.347,9571.026,0,654.601,0,35.140,3121,3390,1.890,1.500,0.830,2,0,3.012,0,0,11,33,0,12,0
12-06 23:30:45,20.948,5.486,72.570,0.249,0,1423100,736520,181992,5571696,5764.668,2383.075,0,518.710,0,27.931,2360,1793,1.890,1.500,0.830,2,0,36.908,0,0,11,32,0,13,0
12-06 23:30:46,18.976,2.247,77.151,0.250,0,1437420,722012,181992,5571884,10033.121,7016.993,0,207.733,0,11.985,1947,1631,1.890,1.500,0.830,1,0,0,0,0,11,33,0,13,0
12-06 23:30:47,16.556,7.275,75.003,0.251,0,1447296,712128,181992,5571892,6361.482,2771.358,0,2978.056,0,184.623,3254,3349,1.890,1.500,0.830,3,0,61.207,0,0,11,32,0,14,0
12-06 23:30:48,19.736,2.748,77.443,0,0,1492820,666516,181992,5571980,9800.800,6857.962,0,43.968,0,4.996,1966,1605,1.820,1.490,0.840,0,0,0,0,0,11,33,0,14,0
12-06 23:30:49,19.940,2.991,75.023,0,0,1391048,768264,181992,5572004,9999.794,6775.533,0,358.916,0,26.919,3362,3864,1.820,1.490,0.840,1,0,8.973,0,0,11,32,0,15,0
12-06 23:30:50,20.256,6.252,73.273,0,0,1418996,740316,181992,5572004,4621.460,1620.512,0,0,0,0,2157,1408,1.820,1.490,0.840,1,0,34.011,0,0,11,32,0,15,0
12-06 23:30:51,18.045,2.256,78.445,0,0,1438972,720196,181992,5572148,12864.917,9338.167,0,0,0,0,2711,2897,1.820,1.490,0.840,0,0,0,0,0,11,33,0,15,0
12-06 23:30:52,13.508,9.756,75.297,0.250,0.250,1410960,748160,181992,5572196,9849.171,4739.970,0,264.166,0,23.014,4098,3717,1.820,1.490,0.840,2,0,126.079,0,0,11,32,0,16,0
12-06 23:30:53,7.735,22.707,66.872,0,0,1398396,760604,181992,5572316,5629.219,1616.903,0,79.847,0,3.992,5302,3420,1.760,1.480,0.840,2,0,319.388,0,0,11,32,0,16,0
12-06 23:30:54,34.331,22.553,42.851,0.251,0,1459568,699204,182012,5572524,4871.462,1623.821,0,725.707,0,55.130,5653,4354,1.760,1.480,0.840,3,0,351.828,0,0,11,32,0,22,0
12-06 23:30:55,64.289,11.213,23.672,0,0,1613724,543496,182068,5573964,4425.498,1614.709,0,2571.573,0,81.732,3855,1674,1.760,1.480,0.840,5,0,2.990,0,0,11,32,0,22,0
12-06 23:30:56,65.806,9.758,23.770,0,0,1785400,368384,182200,5576872,4538.867,1459.243,0,6017.126,0,300.256,4162,1920,1.760,1.480,0.840,4,0,6.005,0,0,11,32,0,22,0
12-06 23:30:57,46.468,8.244,34.476,8.244,0,1798576,342680,182348,5588668,4796.667,1618.875,0,65038.808,0,4815.654,18501,35646,1.760,1.480,0.840,1,1,191.867,0,0,11,38,0,22,0
12-06 23:30:58,31.549,10.015,41.814,12.770,0,1795412,333636,182436,5600340,4929.587,1622.497,0,99765.555,0,7769.959,28298,57133,1.940,1.520,0.850,5,1,247.381,0,0,11,38,0,22,0
12-06 23:30:59,45.598,8.518,31.067,11.775,0,1796064,322548,182528,5610360,4812.377,1623.501,0,111356.120,0,8360.027,28800,60562,1.940,1.520,0.850,6,0,180.389,0,0,11,38,0,22,0
12-06 23:31:00,41.226,13.242,32.232,11.244,0,1701192,408524,182612,5618820,4737.291,1619.074,0,62852.053,0,4609.364,18894,35398,1.940,1.520,0.850,4,0,201.885,0,0,11,36,0,22,0
12-06 23:31:01,43.259,10.752,29.756,13.503,0,1761888,335220,182648,5630924,4956.034,1458.304,0,111119.178,0,7145.490,21837,45513,1.940,1.520,0.850,7,1,6.001,0,0,11,36,0,22,0
12-06 23:31:02,42.477,8.995,32.732,12.493,0,1793556,297420,182668,5636812,4977.258,1661.085,0,68446.292,0,5208.131,20359,39264,1.940,1.520,0.850,6,0,85.953,0,0,11,38,0,22,0
12-06 23:31:03,40.721,9.493,42.220,5.996,0,1577088,511852,182688,5638768,4934.439,1456.948,0,52438.153,0,3838.230,13730,26237,2.100,1.570,0.870,3,0,133.903,0,0,11,34,0,22,0
12-06 23:31:04,21.709,14.472,61.633,1.497,0,1456168,632704,182692,5638800,5269.962,1616.920,0,12795.627,0,716.635,5295,5952,2.100,1.570,0.870,1,0,243.536,0,0,11,32,0,22,0
12-06 23:31:05,21.505,4.001,73.015,0.250,0,1511252,577492,182692,5638928,5299.122,1458.309,0,1372.290,0,92.019,2012,1676,2.100,1.570,0.870,2,0,1.000,0,0,11,32,0,22,0
12-06 23:31:06,23.500,2.750,72.001,0.250,0,1549072,539668,182692,5638928,5297.087,1620.027,0,4788.078,0,231.004,2393,2310,2.100,1.570,0.870,1,0,2.000,0,0,11,38,0,22,0
12-06 23:31:07,22.237,3.998,72.956,0,0,1465792,622940,182692,5638936,4755.143,1457.125,0,119.928,0,11.993,2399,1787,2.100,1.570,0.870,1,0,26.984,0,0,11,32,0,22,0
12-06 23:31:08,21.765,4.253,73.299,0,0,1489064,599668,182692,5638936,4863.277,1621.092,0,40.027,0,4.003,1751,1194,2.010,1.560,0.870,1,0,2.001,0,0,11,32,0,22,0
12-06 23:31:09,26.578,6.018,66.696,0,0.501,1537720,551008,182692,5642212,5115.068,1624.786,0,0,0,0,2508,8136,2.010,1.560,0.870,6,0,36.106,0,0,11,32,0,22,0
12-06 23:31:10,24.419,2.243,72.012,0,0,1531928,556792,182692,5638944,4921.761,1453.205,0,131.566,0,15.947,2185,4453,2.010,1.560,0.870,1,0,1.993,0,0,11,34,0,23,0
12-06 23:31:11,14.802,27.346,56.448,0.251,0,1412412,676272,182696,5638972,4894.210,1625.717,0,549.934,0,37.131,5764,4722,2.010,1.560,0.870,3,0,600.110,0,0,11,32,0,23,0
12-06 23:31:12,10.718,35.394,52.344,0,0,1426412,662220,182696,5639024,4725.909,1615.184,0,558.335,0,95.715,6717,5588,2.010,1.560,0.870,3,0,730.821,0,0,11,32,0,22,0
12-06 23:31:13,8.270,21.802,67.409,0,0,1423100,665472,182696,5639080,4751.232,1623.839,0,176.417,0,17.040,5156,3240,1.930,1.550,0.870,1,0,308.730,0,0,11,32,0,22,0
12-06 23:31:14,7.982,20.952,69.091,0,0,1421644,666904,182696,5639104,4806.916,1454.646,0,7.982,0,1.995,4963,3251,1.930,1.550,0.870,2,0,265.388,0,0,11,32,0,22,0
12-06 23:31:15,8.256,21.015,68.799,0,0,1383368,705148,182696,5639128,5103.641,1621.156,0,16.011,0,4.003,5068,3457,1.930,1.550,0.870,2,0,267.191,0,0,11,32,0,22,0
12-06 23:31:16,9.265,21.785,67.109,0,0,1376436,712048,182696,5639156,5730.316,1716.791,0,28.046,0,7.011,5336,3633,1.930,1.550,0.870,1,0,293.477,0,0,11,32,0,22,0
12-06 23:31:17,21.721,15.479,61.917,0,0,1379104,709352,182700,5639504,5692.414,1617.844,0,1218.376,0,185.752,5927,7122,1.930,1.550,0.870,3,0,169.774,0,0,11,32,0,22,0
12-06 23:31:18,44.213,11.740,42.964,0,0,1514296,574032,182704,5639736,5095.779,1618.659,0,51.957,0,2.998,3485,2174,1.940,1.550,0.880,2,0,102.915,0,0,11,33,0,22,0
12-06 23:31:19,49.540,5.504,44.536,0,0,1611256,477040,182720,5639752,5224.167,1621.293,0,380.303,0,16.013,3744,2652,1.940,1.550,0.880,3,0,17.014,0,0,11,49,0,22,0
12-06 23:31:20,45.589,7.474,45.838,0.249,0,1648960,434848,182780,5643796,5201.626,1614.298,0,1514.650,0,110.609,4222,7082,1.940,1.550,0.880,4,0,12.954,0,0,11,48,0,22,0
12-06 23:31:21,8.021,19.300,70.432,0.251,0,1664688,419060,182784,5643820,4849.511,1461.771,0,348.900,0,14.036,4843,3269,1.940,1.550,0.880,2,0,240.621,0,0,11,48,0,22,0
12-06 23:31:22,18.033,16.279,64.617,0,0,1655296,428376,182784,5643824,4688.465,1622.930,0,244.441,0,15.027,5788,7375,1.940,1.550,0.880,1,0,212.383,0,0,11,48,0,22,0
12-06 23:31:23,2.994,2.744,93.799,0,0,1655324,428376,182784,5643832,4729.875,1616.540,0,0,0,0,1244,1573,1.780,1.530,0.870,0,0,27.940,0,0,11,48,0,22,0
12-06 23:31:24,0.250,0.250,97.736,0,0,1655324,428376,182784,5643832,4457.366,1457.793,0,3.999,0,1.000,680,942,1.780,1.530,0.870,0,0,3.000,0,0,11,48,0,16,0
12-06 23:31:25,0.999,0.999,97.923,0,0,1655320,428376,182784,5643836,4524.460,1456.860,0,0,0,0,765,979,1.780,1.530,0.870,1,0,2.998,0,0,11,48,0,16,0
12-06 23:31:26,0.250,0.500,98.337,0,0,1655312,428376,182784,5643840,4761.225,1621.439,0,2209.961,0,18.016,690,960,1.780,1.530,0.870,0,0,1.001,0,0,11,48,0,16,0
12-06 23:31:27,8.251,12.251,77.506,0,0,1655184,428520,182784,5644268,4338.312,1458.105,0,172.012,0,2.000,4585,5291,1.780,1.530,0.870,1,0,199.014,0,0,11,48,0,16,0
12-06 23:31:28,15.753,14.502,68.761,0,0,1668368,415152,182784,5643960,3528.584,648.107,0,4.001,0,1.000,4415,4994,1.720,1.520,0.880,1,0,169.028,0,0,11,48,0,14,0
12-06 23:31:29,20.556,21.559,56.405,0.251,0,1687492,395944,182784,5644020,3918.745,1213.327,0,284.781,0,25.069,6001,5298,1.720,1.520,0.880,2,0,381.045,0,0,12,62,0,14,0
12-06 23:31:30,18.232,14.736,64.687,0.250,0,1687412,395976,182784,5644048,4463.630,1456.574,0,195.808,0,18.981,5985,7885,1.720,1.520,0.880,0,0,196.807,0,0,12,64,0,14,0
12-06 23:31:31,4.246,7.992,85.664,0,0,1688960,394468,182784,5644040,4710.264,1456.536,0,1546.445,0,121.877,2549,2557,1.720,1.520,0.880,1,0,151.847,0,0,12,64,0,14,0
12-06 23:31:32,18.008,16.757,64.278,0,0,1694764,388640,182784,5644500,6742.967,1620.713,0,16.007,0,3.001,6228,7467,1.720,1.520,0.880,1,0,223.098,0,0,14,64,0,14,0
12-06 23:31:33,8.246,18.492,70.718,0.250,0,1681620,401744,182784,5644100,6443.043,1619.257,0,5137.642,0,376.827,5220,4035,1.660,1.510,0.880,1,0,304.860,0,0,14,66,0,14,0
12-06 23:31:34,8.742,20.982,68.690,0,0,1678244,404924,182784,5644260,6774.115,1660.557,0,847.264,0,9.991,5075,3471,1.660,1.510,0.880,1,0,265.769,0,0,14,66,0,14,0
12-06 23:31:35,13.529,19.041,66.644,0,0,1667304,415852,182784,5644444,5970.895,1503.247,0,20.043,0,5.011,5558,5301,1.660,1.510,0.880,1,0,235.509,0,0,14,66,0,14,0
12-06 23:31:36,24.262,22.261,52.276,0,0,1721200,361908,182792,5644312,5179.586,1620.809,0,644.322,0,14.007,5582,5312,1.660,1.510,0.880,2,0,322.161,0,0,14,66,0,14,0
12-06 23:31:37,28.196,25.202,45.163,0,0,1792620,290456,182816,5644320,4970.438,1616.889,0,311.401,0,4.990,5987,4381,1.660,1.510,0.880,2,0,406.219,0,0,14,66,0,13,0
12-06 23:31:38,30.070,25.811,43.853,0,0,1878468,202960,182872,5645812,4941.585,1623.807,0,12.028,0,3.007,6916,8596,1.770,1.540,0.890,2,0,519.217,0,0,14,70,0,15,0
12-06 23:31:39,32.132,24.660,42.096,0,0,1888124,193208,182872,5646292,4782.473,1703.756,0,35.869,0,8.967,6387,5758,1.770,1.540,0.890,2,0,391.565,0,0,14,70,0,15,0
12-06 23:31:40,53.204,21.332,25.849,0,0,1960860,201688,176816,5572876,4818.492,1626.241,12.046,16.062,3.012,4.015,5178,4657,1.770,1.540,0.890,4,0,315.210,0,0,14,70,0,15,0
12-06 23:31:41,55.503,24.251,19.751,0,0,2077716,137584,174716,5523812,4697.217,1620.075,228.011,620.029,12.001,11.001,5822,6317,1.770,1.540,0.890,3,0,400.019,0,0,14,70,0,14,0
12-06 23:31:42,66.062,23.682,8.725,0.249,0,2180644,149348,173972,5412296,4206.002,1453.853,502.566,785.759,23.932,6.980,5999,6370,1.770,1.540,0.890,5,0,407.837,0,0,14,70,0,14,0
12-06 23:31:43,73.952,23.314,2.005,0.251,0,2297980,156880,174052,5290112,4873.312,1624.437,717.961,2053.610,76.208,61.167,7434,9283,1.950,1.580,0.910,4,0,372.016,0,0,14,74,0,14,0
12-06 23:31:44,70.665,22.891,4.976,1.493,0,2436964,141084,173336,5170112,4795.248,1451.115,107.490,20518.646,8.957,1197.319,10761,16408,1.950,1.580,0.910,5,0,283.654,0,0,14,74,0,14,0
12-06 23:31:45,66.492,26.346,4.767,2.258,0,2563960,156516,173348,5031600,5359.480,1668.063,863.137,25829.884,29.106,2228.098,14768,27148,1.950,1.580,0.910,6,1,383.394,0,0,14,76,0,12,0
12-06 23:31:46,75.698,21.485,1.999,0.250,0,2664288,126740,173608,4961772,5021.565,1680.850,855.415,1490.980,39.973,73.949,10444,15447,1.950,1.580,0.910,5,0,275.811,0,0,14,82,1,19,0
12-06 23:31:47,64.856,26.794,8.264,0.250,0,2758428,173416,173484,4823800,4044.608,1534.507,20.033,869.420,5.008,57.093,7234,11101,1.950,1.580,0.910,5,0,521.853,0,0,14,93,1,24,0
12-06 23:31:48,44.714,23.481,30.725,0,0,2812616,189188,173484,4755776,4916.045,1734.605,0,9732.171,0,581.532,8792,13994,2.270,1.650,0.930,2,0,406.673,0,0,14,91,1,26,0
12-06 23:31:49,59.880,12.226,26.697,0,0,2925968,142504,173488,4690776,4151.712,1455.095,3105.800,2990.031,33.932,29.940,5324,5180,2.270,1.650,0.930,3,0,127.745,0,0,14,94,1,25,0
12-06 23:31:50,46.307,11.264,41.551,0.250,0,3026856,177340,173512,4557964,4823.943,1624.001,12.015,1093.347,3.004,59.073,4977,6784,2.270,1.650,0.930,1,0,66.081,0,0,14,99,1,29,0
12-06 23:31:51,7.502,20.004,70.015,0.250,0,3038620,165140,173512,4558384,5486.171,1532.327,0,2584.552,0,145.031,5285,4020,2.270,1.650,0.930,1,0,265.057,0,0,14,99,1,29,0
12-06 23:31:52,7.496,19.739,70.213,0,0,3041680,162052,173512,4558412,5295.182,1531.185,3.998,87.953,0.999,6.996,5028,3568,2.270,1.650,0.930,1,0,261.861,0,0,14,99,1,29,0
12-06 23:31:53,7.754,19.510,71.038,0.250,0,3041336,162356,173512,4558436,6363.418,1620.871,0,104.056,0,10.005,5349,3785,2.090,1.620,0.930,3,0,306.164,0,0,14,99,1,27,0
12-06 23:31:54,17.689,9.218,72.002,0,0,3090488,180928,173512,4492400,5501.069,1688.191,0,382.683,0,3.986,2928,2067,2.090,1.620,0.930,1,0,100.654,0,0,14,99,1,27,0
12-06 23:31:55,18.521,2.753,77.839,0,0,3119396,151976,173516,4492440,11733.458,8004.180,36.041,56.064,3.003,1.001,2055,1834,2.090,1.620,0.930,1,0,0,0,0,14,103,1,27,0
12-06 23:31:56,21.506,6.252,71.520,0,0,3090664,180720,173516,4492472,22122.202,18518.191,8.002,364.102,2.001,26.007,3197,2734,2.090,1.620,0.930,1,0,64.018,0,0,14,103,1,28,0
12-06 23:31:57,21.747,3.250,73.990,0,0,3118740,152640,173516,4492476,6486.158,3423.556,3.999,99.987,1.000,12.998,1878,1348,2.090,1.620,0.930,0,0,1.000,0,0,14,106,1,22,0
12-06 23:31:58,22.496,3.499,73.486,0.250,0,3124536,146620,173528,4492692,9740.193,6266.838,31.994,531.901,2.000,49.991,2990,3171,2,1.610,0.930,1,0,3.999,0,0,14,114,1,22,0
12-06 23:31:59,25.006,5.001,66.267,1.750,0,3135932,133808,173532,4494068,3979.031,1458.378,1216.315,1820.472,41.011,222.058,5003,6995,2,1.610,0.930,2,0,3.001,0,0,14,117,1,22,0
12-06 23:32:00,39.130,12.291,48.160,0.502,0,3179184,158212,173620,4428412,5625.733,2928.753,144.481,1725.747,10.033,150.501,5637,6012,2,1.610,0.930,2,0,116.388,0,0,14,122,1,24,0
12-06 23:32:01,19.750,4.500,75.000,0.250,0,3232412,171064,173620,4363964,6954.029,3842.016,0,2628.011,0,163.001,2522,2790,2,1.610,0.930,1,0,1.000,0,0,14,123,1,24,0
12-06 23:32:02,18.998,3.250,75.491,0.500,0,3238628,164540,173620,4364320,10673.699,7530.082,207.975,3163.614,15.998,371.955,3129,3704,2,1.610,0.930,2,0,1.000,0,0,14,123,1,24,0
12-06 23:32:03,33.122,8.716,56.033,0.498,0,3264248,138848,173624,4364388,5349.284,2157.644,19.923,6331.481,1.992,545.886,5499,5964,2.240,1.670,0.950,2,0,94.634,0,0,14,124,1,25,0
12-06 23:32:04,42.711,9.741,47.207,0.500,0,3365976,165224,173624,4239232,5334.093,2035.128,0,415.618,0,21.980,3091,1602,2.240,1.670,0.950,1,0,4.995,0,0,14,125,1,25,0
12-06 23:32:05,25.269,6.255,68.052,0,0,3358112,173036,173624,4239284,29128.223,24219.478,0,324.247,0,19.015,3002,2043,2.240,1.670,0.950,2,0,55.042,0,0,14,124,1,26,0
12-06 23:32:06,21.044,5.261,72.902,0,0,3419596,163876,173624,4187768,4905.233,1535.203,0,2505.226,0,26.054,1868,1299,2.240,1.670,0.950,2,0,0,0,0,14,124,1,26,0
12-06 23:32:07,18.021,3.003,77.839,0,0,3386772,196676,173624,4187792,27784.928,24706.390,0,848.976,0,17.020,2180,1717,2.240,1.670,0.950,1,0,18.021,0,0,14,124,1,27,0
12-06 23:32:08,20.447,5.486,72.812,0,0,3421104,162344,173624,4187792,4626.069,1454.250,0,231.403,0,13.964,2129,1589,2.140,1.660,0.950,1,0,33.913,0,0,14,124,1,27,0
12-06 23:32:09,18.556,3.009,77.734,0.251,0,3428768,154640,173624,4187832,11551.746,8158.540,44.133,613.846,5.015,76.229,2720,2877,2.140,1.660,0.950,2,0,0,0,0,14,125,1,27,0
12-06 23:32:10,33.135,10.962,53.066,0.249,0,3396720,186344,173624,4188160,6080.948,2758.450,23.917,717.516,1.993,60.790,6086,11160,2.140,1.660,0.950,1,0,126.562,0,0,14,128,1,30,0
12-06 23:32:11,19.249,3.250,77.496,0.250,0,3431904,151132,173628,4188168,10956.420,7332.612,4.000,331.982,1.000,17.999,1819,1348,2.140,1.660,0.950,2,0,0,0,0,14,129,1,30,0
12-06 23:32:12,18.762,5.503,74.046,0.250,0,3410224,172796,173628,4188184,22911.377,19120.998,0,284.178,0,16.010,2527,1868,2.140,1.660,0.950,1,0,55.035,0,0,14,128,1,31,0
12-06 23:32:13,18.750,2.750,78.002,0,0,3439116,143892,173628,4188196,10726.237,7279.161,0,268.006,0,15.000,1824,1373,2.050,1.650,0.950,1,0,0,0,0,14,129,1,31,0
12-06 23:32:14,21.983,4.497,70.196,1.499,0,3432648,150220,173628,4188336,6196.267,2449.129,31.976,2498.092,0.999,311.762,5211,7795,2.050,1.650,0.950,1,0,0.999,0,0,14,130,1,30,0
12-06 23:32:15,22.511,6.253,69.284,0.750,0,3382516,200264,173628,4188424,6078.967,2807.370,48.023,2165.057,3.001,175.085,4875,6345,2.050,1.650,0.950,1,0,51.025,0,0,14,129,1,32,0
12-06 23:32:16,22.582,3.722,71.964,0,0,3377872,204904,173628,4188428,4962.048,1594.129,0,639.240,0,46.653,2145,1820,2.050,1.650,0.950,1,0,1.985,0,0,14,129,1,32,0
12-06 23:32:17,17.884,2.015,79.345,0.252,0.252,3380820,201876,173628,4188508,13916.273,11382.286,64.483,523.926,3.023,39.294,2281,2220,2.050,1.650,0.950,1,0,0,0,0,14,130,1,32,0
12-06 23:32:18,22.992,3.999,70.226,0.750,0,3386012,196584,173628,4188608,6156.857,1824.365,51.982,4154.554,3.999,290.899,5043,7195,2.050,1.650,0.960,1,0,1.000,0,0,14,130,1,32,0
12-06 23:32:19,35.497,6.499,55.745,0.750,0,3395684,186756,173628,4188764,5421.512,2377.786,0,3663.670,0,441.960,9243,13974,2.050,1.650,0.960,1,0,1.000,0,0,14,131,1,33,0
12-06 23:32:20,22.052,8.270,67.911,0.752,0,3382784,199640,173636,4188772,4737.256,1569.730,0,5581.261,0,257.612,3483,3444,2.050,1.650,0.960,1,0,78.186,0,0,14,133,1,33,0
12-06 23:32:21,18.216,2.246,78.604,0,0,3416040,166376,173636,4188780,11403.807,7960.207,0,275.488,0,12.976,1869,1505,2.050,1.650,0.960,1,0,0,0,0,14,134,1,33,0
12-06 23:32:22,15.547,10.783,70.966,0.752,0,3396272,186084,173636,4188840,8019.359,4771.493,16.049,3257.896,1.003,228.695,4776,5375,2.050,1.650,0.960,1,0,147.448,0,0,14,133,1,34,0
12-06 23:32:23,22.167,3.487,72.978,0.249,0,3453724,128628,173636,4188844,4606.805,1398.779,0,151.435,0,7.970,1842,1307,2.040,1.660,0.960,2,0,0,0,0,14,133,1,34,0
12-06 23:32:24,20.023,3.003,75.587,0,0,3453308,128892,173636,4188996,14921.248,12408.344,0,404.468,0,45.052,3167,3520,2.040,1.660,0.960,1,0,0,0,0,14,134,1,34,0
12-06 23:32:25,25.743,5.249,66.733,1.000,0,3446184,135812,173640,4189196,5135.655,1307.658,15.996,1063.721,1.000,126.967,7300,11016,2.040,1.660,0.960,1,0,0,0,0,14,134,1,34,0
12-06 23:32:26,34.619,10.285,53.935,0.251,0,3362196,219240,173656,4189708,6212.366,3263.223,425.463,1127.879,70.242,104.359,9640,14208,2.040,1.660,0.960,5,0,47.162,0,0,14,133,1,35,0
12-06 23:32:27,27.897,14.198,55.296,0.747,0,3398696,182628,173656,4189772,4806.263,1940.838,0,1386.882,0,120.555,6656,8549,2.040,1.660,0.960,1,0,241.110,0,0,14,133,1,35,0
12-06 23:32:28,19.248,2.750,77.491,0,0,3438256,143060,173656,4189780,10532.840,7508.173,0,443.951,0,22.997,1917,1487,1.960,1.650,0.960,1,0,1.000,0,0,14,134,1,35,0
12-06 23:32:29,16.026,13.021,70.113,0.250,0,3347044,234252,173656,4189800,6208.995,3322.348,0,432.697,0,26.042,4261,3162,1.960,1.650,0.960,1,0,170.274,0,0,14,133,1,36,0
12-06 23:32:30,8.745,19.989,68.462,0,0,3338388,242880,173656,4189828,4945.243,1709.047,0,399.777,0,24.986,5387,3809,1.960,1.650,0.960,1,0,299.833,0,0,14,133,1,36,0
12-06 23:32:31,14.279,19.289,64.880,0.251,0,3335152,245968,173656,4190320,5099.249,1515.045,0,1895.810,0,121.244,6243,7850,1.960,1.650,0.960,3,0,271.546,0,0,14,133,1,36,0
12-06 23:32:32,27.000,19.500,52.001,0,0,3377712,203380,173656,4190008,6226.080,1566.020,0,628.008,0,70.001,5741,4795,1.960,1.650,0.960,3,0,341.004,0,0,14,133,1,36,0
12-06 23:32:33,30.959,23.718,44.441,0,0,3424032,156760,173668,4190312,6289.646,1579.901,3.995,331.560,0.999,28.962,6217,5068,1.960,1.650,0.970,2,0,423.438,0,0,14,135,1,36,0
12-06 23:32:34,31.769,17.260,49.530,0.250,0.250,3453296,151168,173668,4167100,4540.712,594.355,32.019,3297.970,2.001,337.201,6450,8774,1.960,1.650,0.970,4,0,213.127,0,0,16,139,1,37,0
12-06 23:32:35,56.582,29.293,13.770,0,0,3616636,142236,173672,4015176,5586.122,1514.202,140.204,1902.767,7.010,180.262,7977,11577,1.960,1.650,0.970,5,0,482.702,0,0,16,145,1,37,0
12-06 23:32:36,57.488,23.745,17.746,0.250,0,3725488,138412,173672,3911552,5041.962,1565.678,7.998,719.852,2.000,49.990,6703,8224,1.960,1.650,0.970,10,0,379.922,0,0,16,161,1,37,0
12-06 23:32:37,32.256,22.004,45.008,0,0,3771456,139416,173672,3865128,4472.767,1602.275,0,288.049,0,11.002,8053,10354,1.960,1.650,0.970,3,0,287.049,0,0,16,161,1,37,0
12-06 23:32:38,32.250,25.750,40.500,0,0,3827204,139368,173672,3810408,4966.019,1566.006,12.000,388.001,3.000,23.000,13285,4983,1.970,1.660,0.970,3,0,431.002,0,0,16,161,1,36,0
12-06 23:32:39,15.750,21.500,61.751,0,0,3839244,182960,173680,3756224,4352.046,1512.016,12.000,164.002,2.000,10.000,5427,3815,1.970,1.660,0.970,2,0,291.003,0,0,17,163,1,36,0
12-06 23:32:40,15.250,21.000,61.250,0.250,0,3860592,161420,173680,3756852,3495.993,755.999,16.000,1991.996,4.000,33.000,6343,7224,1.970,1.660,0.970,1,0,268.999,0,0,17,163,1,36,0
12-06 23:32:41,25.735,19.739,52.970,0.250,0,3891032,163464,173680,3724704,4384.519,1419.197,0,4021.724,0,202.885,5705,5032,1.970,1.660,0.970,2,0,315.821,0,0,17,163,1,36,0
12-06 23:32:42,34.268,24.763,40.021,0,0,3958932,141704,173684,3679964,4572.348,1512.777,8.004,272.140,2.001,23.012,6168,6549,1.970,1.660,0.970,3,0,405.208,0,0,17,169,1,35,0
12-06 23:32:43,26.246,17.497,55.242,0,0,3988508,149592,173684,3642944,4803.268,1403.786,31.995,3.999,2.000,1.000,5975,6463,1.890,1.650,0.980,2,0,236.964,0,0,17,169,1,35,0
12-06 23:32:44,42.705,27.222,29.219,0,0,4110620,133508,173696,3539428,4037.779,1240.703,31.967,531.444,4.995,33.964,7934,12351,1.890,1.650,0.980,3,0,559.415,0,0,17,181,1,35,0
12-06 23:32:45,23.983,26.231,47.216,0.749,0,4163728,165444,173696,3456136,4962.473,1564.888,47.966,699.503,4.996,52.962,8985,11498,1.890,1.650,0.980,3,0,434.691,0,0,17,187,1,35,0
12-06 23:32:46,16.751,21.251,59.752,0.250,0,4170132,158972,173696,3456172,4577.174,1694.064,4.000,860.033,1.000,53.002,5756,4712,1.890,1.650,0.980,5,0,335.013,0,0,17,199,1,29,0
12-06 23:32:47,18.766,17.014,62.552,0.250,0,4193380,135700,173696,3456652,4803.975,1827.512,4.003,432.358,1.001,47.039,6760,8808,1.890,1.650,0.980,1,0,246.204,0,0,17,203,1,29,0
12-06 23:32:48,35.428,14.471,48.901,0.249,0,4286288,159528,173696,3340968,4177.546,1636.688,1001.972,602.780,15.968,38.921,4313,2989,2.060,1.690,0.990,4,0,117.762,0,0,17,203,1,29,0
12-06 23:32:49,43.198,9.988,46.195,0,0,4409644,147584,173696,3233084,4420.719,1638.043,219.738,103.876,3.995,11.986,3268,1937,2.060,1.690,0.990,5,0,2.996,0,0,17,203,1,29,0
12-06 23:32:50,35.994,5.499,56.990,0,0,4459172,142052,173700,3190208,4379.240,1619.719,63.989,439.924,6.999,37.993,3480,3170,2.060,1.690,0.990,1,0,13.998,0,0,17,213,1,18,0
12-06 23:32:51,23.330,21.324,54.438,0,0,4430980,169544,173704,3190904,5401.632,1645.676,670.312,309.066,9.031,15.052,5501,4566,2.060,1.690,0.990,4,0,419.447,0,0,17,211,1,18,0
12-06 23:32:52,35.473,30.477,32.725,0.250,0,4436916,160796,173720,3193688,11729.008,7293.409,1019.219,543.583,19.985,32.975,6871,6953,2.060,1.690,0.990,2,0,464.644,0,0,17,216,1,18,0
12-06 23:32:53,43.549,19.772,35.791,0,0,4407352,189408,173724,3194596,9949.261,4543.142,4.005,941.065,1.001,19.022,6021,8597,2.050,1.690,1,3,0,250.283,0,0,17,221,1,19,0
12-06 23:32:54,70.571,19.134,9.194,0.248,0,4593896,126740,173732,3074800,6282.777,3530.521,282.283,242.525,12.921,11.927,4965,3680,2.050,1.690,1,6,0,138.159,0,0,17,223,1,19,0
12-06 23:32:55,58.121,13.587,23.902,3.522,0,4677356,128216,173760,2992756,13856.333,9750.157,6590.011,3369.480,363.316,173.104,5572,5238,2.050,1.690,1,5,1,29.186,0,0,17,231,1,19,0
12-06 23:32:56,56.346,17.951,23.436,0.997,0,4640492,169972,173824,2988308,5949.690,2368.507,1308.413,16989.427,147.595,853.660,7004,8623,2.050,1.690,1,3,0,200.451,0,0,17,229,1,25,0
12-06 23:32:57,35.074,27.558,36.327,0,0,4698272,134684,173836,2966464,10881.095,7426.763,8.017,8337.697,2.004,39.083,6841,6880,2.050,1.690,1,4,0,413.878,0,0,17,230,1,25,0
12-06 23:32:58,35.738,19.744,42.236,0,0,4604276,256836,173836,2938680,9804.781,6745.786,211.930,639.790,13.995,47.984,6521,8820,2.050,1.700,1,3,0,232.924,0,0,17,229,1,26,0
12-06 23:32:59,59.037,27.517,13.008,0.500,0.250,4769112,165984,173836,2865744,4635.879,1755.090,12.007,628.390,3.002,41.025,6649,6887,2.050,1.700,1,3,0,524.326,0,0,17,233,2,25,0
12-06 23:33:00,53.514,19.255,25.507,0.250,0,4784048,179476,173852,2837636,15019.003,11770.137,1128.301,964.257,53.014,64.017,7969,11173,2.050,1.700,1,4,0,244.065,0,0,17,235,1,28,0
12-06 23:33:01,54.687,29.966,13.984,0,0,4851636,145892,173860,2804488,4741.574,1348.457,187.785,599.314,5.993,44.949,7175,10033,2.050,1.700,1,5,0,474.457,0,0,17,237,1,28,0
12-06 23:33:02,55.514,24.506,19.005,0.750,0,4888468,145152,173868,2770220,13005.247,9825.453,588.147,828.207,31.008,57.014,9271,16080,2.050,1.700,1,2,0,344.086,0,0,17,246,1,29,0
12-06 23:33:03,57.051,19.432,22.422,0,0,4946820,122572,173868,2734976,7667.273,4318.945,637.777,1741.928,10.962,116.594,5893,7607,2.370,1.770,1.030,7,0,194.323,0,0,17,245,1,28,0
12-06 23:33:04,60.194,11.537,27.589,0,0,5064832,138840,173868,2603912,16619.692,13088.283,429.387,497.608,8.026,12.039,4769,9451,2.370,1.770,1.030,3,0,4.013,0,0,17,249,1,28,0
12-06 23:33:05,55.503,11.698,30.614,0.747,0,5053848,219220,173876,2536572,11212.036,7562.300,1700.422,2727.844,90.596,237.940,6420,8205,2.370,1.770,1.030,5,1,22.898,0,0,17,250,1,34,0
12-06 23:33:06,60.579,13.071,25.890,0.503,0,5090088,208200,173880,2512748,7279.499,4073.101,615.339,13026.683,10.055,1055.728,6047,4318,2.370,1.770,1.030,6,0,67.366,0,0,17,255,1,35,0
12-06 23:33:07,42.244,30.495,25.746,0.500,0,5044224,250136,174004,2516436,15560.628,12310.124,4675.287,1326.798,66.990,67.990,7713,8741,2.370,1.770,1.030,5,0,510.922,0,0,17,255,1,34,0
12-06 23:33:08,54.205,25.229,19.734,0,0.250,5130604,163608,174004,2516920,4052.656,1294.932,511.578,743.387,3.997,20.983,6575,6993,2.660,1.840,1.060,3,0,340.719,0,0,17,255,1,34,0
12-06 23:33:09,64.979,20.993,13.246,0,0,5170924,154844,174012,2486656,13240.630,10768.446,987.674,1279.578,21.993,60.980,6172,6715,2.660,1.840,1.060,6,0,222.926,0,0,18,264,1,35,0
12-06 23:33:10,81.136,16.726,1.498,0.499,0,5217444,131540,174016,2464432,5835.776,2184.921,3231.446,1797.467,153.783,214.697,7123,18647,2.660,1.840,1.060,4,0,53.924,0,0,18,262,1,37,0
12-06 23:33:11,80.388,12.483,5.992,0.749,0,5310496,167112,174052,2340016,10572.219,7172.972,1386.062,3658.885,47.933,76.892,5800,4863,2.660,1.840,1.060,4,0,19.972,0,0,18,271,1,33,0
12-06 23:33:12,45.682,18.072,36.144,0,0,5267572,208904,174060,2341128,10492.885,7919.613,570.276,9630.442,9.036,97.389,6278,7530,2.660,1.840,1.060,4,0,222.890,0,0,18,272,1,35,0
12-06 23:33:13,41.931,8.985,47.422,0.250,0,5357672,119072,174060,2340880,12502.505,3271.637,511.162,3462.324,3.993,205.663,3633,3927,2.600,1.840,1.060,4,0,5.990,0,0,18,276,1,35,0
12-06 23:33:14,33.329,9.700,54.222,0.249,0,5357440,124148,174060,2336900,10927596.991,211377.342,811.838,334.286,8.954,22.883,17143,10403,2.600,1.840,1.060,1,0,8.954,0,0,18,276,1,35,0
12-06 23:33:15,32.194,13.079,53.070,0.503,0,5302616,199912,174060,2318448,6163248.360,109141.227,2559.436,462.791,28.170,50.303,12172,8450,2.600,1.840,1.060,3,0,179.080,0,0,18,276,1,34,0
12-06 23:33:16,37.604,9.463,50.803,0.498,0,5400300,122808,174060,2298088,13026.535,9410.543,95.630,521.978,4.981,50.803,4059,3744,2.600,1.840,1.060,2,0,87.660,0,0,18,279,1,34,0
12-06 23:33:17,35.156,5.776,58.761,0.251,0,5368616,172320,174060,2280324,18526.436,13776.299,0,2856.711,0,62.277,3670,3638,2.600,1.840,1.060,5,0,5.022,0,0,18,284,1,36,0
12-06 23:33:18,31.133,5.230,61.269,0.249,0,5418844,132780,174060,2269860,298031.991,12214467.916,494.136,438.347,26.899,40.846,5325,5430,2.560,1.850,1.070,1,0,1.992,0,0,18,283,1,37,0
12-06 23:33:19,24.490,4.498,68.972,0.500,0,5338848,212712,174068,2269912,7968321.356,4166804.086,0,707.715,0,61.975,6772,6670,2.560,1.850,1.070,2,0,37.985,0,0,18,288,1,37,0
12-06 23:33:20,18.997,9.749,68.740,0.250,0,5248264,287172,174068,2286016,8664602.090,84875.061,63.990,831.873,3.999,73.989,8688,7854,2.560,1.850,1.070,1,0,121.981,0,0,18,284,1,40,0
12-06 23:33:21,10.254,18.757,68.775,0.250,0,5278872,256504,174068,2286060,4888.794,1620.595,16.006,416.153,2.001,23.008,5197,4287,2.560,1.850,1.070,1,0,343.126,0,0,18,284,1,40,0
12-06 23:33:22,23.499,2.750,72.747,0,0,5339592,195784,174068,2286060,4499.819,1693.932,0,307.988,0,14.999,1957,1450,2.560,1.850,1.070,1,0,0,0,0,18,284,1,40,0
12-06 23:33:23,10.749,16.249,70.747,0.250,0,5335220,200120,174072,2286092,4559.778,1619.921,0,1651.919,0,100.995,5111,4131,2.350,1.810,1.060,1,0,246.988,0,0,18,284,1,38,0
12-06 23:33:24,7.513,21.788,69.873,0,0,5333180,202108,174072,2286144,5275.266,1622.851,16.028,112.197,2.004,10.018,5468,3951,2.350,1.810,1.060,1,0,312.549,0,0,18,284,1,38,0
12-06 23:33:25,5.991,6.490,86.616,0,0,5334596,200672,174076,2286160,5189.983,1633.477,0,16626.318,0,43.932,2772,2596,2.350,1.810,1.060,0,0,111.827,0,0,18,288,1,38,0
12-06 23:33:26,14.999,4.000,79.743,0.250,0,5368764,166496,174076,2286168,5082.534,1619.852,0,11910.908,0,984.910,2264,1691,2.350,1.810,1.060,1,0,8.999,0,0,18,288,1,38,0
12-06 23:33:27,18.503,2.500,77.761,0,0,5395164,139956,174076,2286308,11437.572,9459.300,0,684.094,0,8.001,2001,1635,2.350,1.810,1.060,0,0,0,0,0,18,289,1,37,0
12-06 23:33:28,15.020,11.515,71.847,0.250,0,5344016,190988,174080,2286420,6051.138,2419.254,72.097,0,6.008,0,4136,3164,2.160,1.780,1.060,1,0,135.182,0,0,18,292,1,38,0
12-06 23:33:29,11.499,16.998,69.492,0.250,0,5336296,198492,174080,2286604,4097.546,1457.838,15.998,251.972,1.000,26.997,4971,3697,2.160,1.780,1.060,1,0,153.983,0,0,18,292,1,38,0
12-06 23:33:30,14.030,16.786,67.645,0,0,5332148,202432,174080,2286812,4092.798,1407.025,0,557.198,0,46.099,5317,4255,2.160,1.780,1.060,2,0,190.409,0,0,18,296,1,38,0
12-06 23:33:31,14.940,13.446,69.971,0,0,5327964,206572,174080,2286856,4634.496,1344.631,3.984,12059.848,0.996,34.861,4113,3235,2.160,1.780,1.060,1,0,124.503,0,0,18,296,1,37,0
12-06 23:33:32,22.991,3.749,71.223,0.250,0,5369416,165120,174080,2286856,5022.121,1499.439,0,211.921,0,20.992,2331,2134,2.160,1.780,1.060,2,0,1.000,0,0,18,296,1,37,0
12-06 23:33:33,23.749,4.000,71.748,0.250,0,5412344,134948,174080,2274188,6131.855,1565.963,387.991,327.992,12.000,27.999,2344,2014,2.070,1.770,1.060,1,0,4.000,0,0,18,300,1,37,0
12-06 23:33:34,23.755,3.001,72.264,0,0,5333372,213892,174080,2274216,5939.130,1512.288,0,236.045,0,20.004,2192,1780,2.070,1.770,1.060,1,0,5.001,0,0,18,296,1,37,0
12-06 23:33:35,22.496,3.749,71.986,0.250,0,5353444,193796,174080,2274240,5324.939,1565.688,23.995,195.961,3.999,10.998,2158,1796,2.070,1.770,1.060,2,0,0,0,0,18,296,1,36,0
12-06 23:33:36,21.765,4.753,72.801,0,0,5390484,156756,174080,2274240,5353.772,2118.492,0,184.130,0,16.011,2251,1904,2.070,1.770,1.060,1,0,3.002,0,0,18,299,1,36,0
12-06 23:33:37,11.992,1.999,83.943,0,0,5398556,148540,174080,2274384,23513.083,19918.516,0,79.946,0,5.996,2302,2255,2.070,1.770,1.060,1,0,0.999,0,0,18,302,1,38,0
12-06 23:33:38,23.281,4.256,71.596,0,0,5303140,243944,174080,2274396,4806.464,1514.036,0,152.205,0,18.024,2140,1681,1.980,1.760,1.060,1,0,18.024,0,0,18,296,1,38,0
12-06 23:33:39,22.988,2.998,72.711,0,0,5348952,198108,174080,2274420,4703.469,1619.129,15.991,127.931,0.999,12.993,1967,1684,1.980,1.760,1.060,1,0,0,0,0,18,296,1,38,0
12-06 23:33:40,16.559,14.552,68.244,0.502,0,5331512,215336,174088,2274624,4997.833,1625.801,397.418,666.378,6.021,34.122,4348,3724,1.980,1.760,1.060,1,0,186.666,0,0,18,296,1,38,0
12-06 23:33:41,9.754,18.757,69.778,0.250,0,5337932,208772,174088,2274768,5239.083,1620.644,32.013,212.084,5.002,15.006,5287,4008,1.980,1.760,1.060,1,0,318.126,0,0,18,296,1,38,0
12-06 23:33:42,19.662,6.969,71.430,0,0,5366016,180632,174116,2274796,4539.676,1612.779,3.982,322.556,0.996,20.906,2968,2314,1.980,1.760,1.060,1,0,95.572,0,0,18,296,1,38,0
12-06 23:33:43,17.996,2.749,77.731,0.250,0,5340256,200804,174652,2279736,11025.323,4613.880,3.999,999.757,1.000,17.996,2025,1688,1.900,1.750,1.060,1,0,17.996,0,0,18,296,1,38,0
12-06 23:33:44,22.749,5.000,70.748,0,0,5384332,154956,174772,2281356,4531.842,1511.947,0,0,0,0,10467,19258,1.900,1.750,1.060,1,0,7.000,0,0,18,296,1,38,0
12-06 23:33:45,17.817,4.517,77.039,0,0,5379864,158248,174840,2282448,11447.984,4523.986,48.181,634.382,7.026,7.026,2104,1734,1.900,1.750,1.060,1,0,14.053,0,0,18,297,1,38,0
12-06 23:33:46,22.771,6.256,69.563,0.250,0,5378792,159176,174888,2282544,5273.787,1587.441,0,572.520,0,23.021,11395,20280,1.900,1.750,1.060,1,0,19.017,0,0,18,297,1,38,0
12-06 23:33:47,16.502,12.002,69.010,0.250,0,5334128,209792,174976,2276524,4468.624,1814.253,4.001,3840.537,1.000,453.063,4505,4029,1.900,1.750,1.060,1,0,182.025,0,0,18,298,1,38,0
12-06 23:33:48,19.647,8.207,70.132,0,0,5389056,154780,174976,2276608,4448.626,1577.711,63.665,262.620,1.990,18.901,2949,2519,1.830,1.730,1.050,1,0,88.535,0,0,18,298,1,38,0
12-06 23:33:49,20.015,2.252,77.308,0.250,0,5405976,137624,174976,2276844,9226.907,6840.121,48.036,124.093,2.001,9.007,2012,1766,1.830,1.730,1.050,1,0,0,0,0,18,299,1,38,0
12-06 23:33:50,20.311,9.528,68.455,0,0,5372320,171196,174976,2276924,9237.620,6104.252,32.096,541.619,3.009,41.123,4115,3985,1.830,1.730,1.050,2,0,119.357,0,0,18,300,1,41,0
12-06 23:33:51,23.180,3.240,72.531,0.249,0,5425140,126900,174976,2268532,5656.919,2679.908,0,119.639,0,7.976,2351,1943,1.830,1.730,1.050,1,0,1.994,0,0,18,301,1,41,0
12-06 23:33:52,18.243,6.747,73.722,0,0,5323312,230356,174976,2266968,11695.516,7539.109,0,231.911,0,23.991,3160,2797,1.830,1.730,1.050,2,0,70.973,0,0,18,300,1,41,0
12-06 23:33:53,23.258,4.001,72.275,0,0,5389876,163792,174976,2266968,5581.937,1620.562,0,144.050,0,10.003,2089,1611,1.760,1.720,1.050,1,0,0,0,0,18,300,1,41,0
12-06 23:33:54,18.807,2.508,77.235,0,0,5365564,188084,174976,2266988,17307.728,14668.688,0,84.257,0,7.021,2198,1790,1.760,1.720,1.050,3,0,9.028,0,0,18,300,1,42,0
12-06 23:33:55,20.943,6.482,71.554,0,0,5423612,130028,174976,2266996,4607.404,1615.583,0,83.771,0,4.986,2573,2127,1.760,1.720,1.050,1,0,46.872,0,0,18,300,1,42,0
12-06 23:33:56,19.748,2.750,76.743,0,0,5427948,132692,174976,2260096,15645.578,11839.924,0,1215.889,0,103.991,2363,2011,1.760,1.720,1.050,1,0,0,0,0,18,300,1,43,0
12-06 23:33:57,21.246,5.499,71.737,0,0,5370164,190476,174976,2260096,5399.018,1619.705,0,207.962,0,6.999,2325,1786,1.760,1.720,1.050,3,0,31.994,0,0,18,300,1,43,0
12-06 23:33:58,17.008,2.251,80.035,0,0,5388952,171680,174976,2260104,12127.354,9497.193,0,0,0,0,1833,1502,1.620,1.690,1.050,0,0,1.000,0,0,18,301,1,43,0
12-06 23:33:59,17.997,5.749,74.988,0.750,0,5326728,233720,174980,2260284,8824.590,4697.250,31.995,687.890,1.000,60.990,3175,3386,1.620,1.690,1.050,1,0,46.992,0,0,18,300,1,44,0
12-06 23:34:00,20.998,3.000,74.743,0.500,0,5380512,179936,174980,2260284,6428.425,3938.648,0,2123.810,0,136.988,2449,2553,1.620,1.690,1.050,0,0,0,0,0,18,301,1,38,0
12-06 23:34:01,20.745,5.249,72.732,0.250,0,5301412,259020,174980,2260300,13548.720,9357.734,0,395.904,0,32.992,2929,2729,1.620,1.690,1.050,1,0,31.992,0,0,18,300,1,42,0
12-06 23:34:02,20.992,2.999,74.473,0,0,5360620,199800,174980,2260312,6292.741,3905.598,0,235.915,0,21.992,2211,1981,1.620,1.690,1.050,1,0,0,0,0,18,301,1,42,0
12-06 23:34:03,17.524,3.004,78.358,0.250,0,5320788,239620,174980,2260324,14557.044,10268.139,0,877.208,0,62.085,2616,2701,1.490,1.660,1.040,3,0,4.006,0,0,18,300,1,43,0
12-06 23:34:04,7.243,11.239,78.420,1.249,0,5333672,225516,175520,2261004,9344.459,3916.001,1122.853,139.857,250.744,11.988,3859,3323,1.490,1.660,1.040,0,0,175.820,0,0,18,302,1,38,0
12-06 23:34:05,4.766,8.529,85.044,0.251,0,5325344,233712,175520,2261136,15859.845,3163.941,80.278,393.360,5.017,24.083,3115,2838,1.490,1.660,1.040,1,0,117.406,0,0,18,300,1,39,0
12-06 23:34:06,4.973,7.211,86.040,0,0,5323168,235868,175520,2261156,11900.363,5008.219,0,397.872,0,24.867,2698,2440,1.490,1.660,1.040,2,0,83.553,0,0,18,300,1,40,0
12-06 23:34:07,14.539,11.531,70.939,1.755,0,5351356,204248,175524,2264584,5233.932,1624.324,2406.406,264.705,237.633,13.035,3782,3248,1.490,1.660,1.040,1,0,137.366,0,0,18,300,1,40,0
12-06 23:34:08,21.251,3.500,72.753,2.250,0,5337868,202020,175740,2279928,4158.196,1458.069,5660.267,2136.101,362.017,361.017,2619,2366,1.450,1.650,1.040,1,0,2.000,0,0,18,300,1,32,0
12-06 23:34:09,14.497,2.749,80.984,0,0,5339140,196764,175832,2283768,15801.896,6115.799,119.976,1483.709,7.998,25.995,1980,1816,1.450,1.650,1.040,1,0,17.996,0,0,18,300,1,32,0
12-06 23:34:10,21.504,13.753,63.262,1.000,0,5313452,219160,175968,2286908,3978.746,1458.273,1452.272,3848.721,24.004,148.028,6697,15508,1.450,1.650,1.040,1,0,338.063,0,0,18,300,1,33,0
12-06 23:34:11,22.501,4.250,72.254,0.250,0,5372728,159880,175972,2286908,4877.246,1620.082,0,204.010,0,18.001,2050,1599,1.450,1.650,1.040,2,0,0,0,0,18,300,1,33,0
12-06 23:34:12,17.562,2.760,78.528,0,0,5339044,193536,175972,2286936,28690.660,24880.158,0,317.124,0,17.060,2259,1984,1.450,1.650,1.040,1,0,21.075,0,0,18,300,1,30,0
12-06 23:34:13,22.749,4.750,72.248,0,0,5388204,144368,175972,2286944,4799.884,1619.961,0,199.995,0,27.999,2312,1925,1.420,1.640,1.040,1,0,25.999,0,0,18,300,1,30,0
12-06 23:34:14,17.670,1.991,78.393,0.249,0,5399236,133200,175972,2287080,13376.086,10396.654,127.420,19.909,7.964,0.995,2220,1975,1.420,1.640,1.040,1,0,0,0,0,18,300,1,32,0
12-06 23:34:15,21.751,4.500,72.754,0,0,5364204,168232,175972,2287080,4980.299,1620.097,0,84.005,0,6.000,2190,1702,1.420,1.640,1.040,1,0,14.001,0,0,18,300,1,32,0
12-06 23:34:16,18.016,2.753,78.572,0.250,0,5387844,144408,175972,2287264,12473.382,8271.548,160.146,360.329,9.008,43.039,2554,2652,1.420,1.640,1.040,0,2,0,0,0,18,301,1,31,0
12-06 23:34:17,26.495,4.249,66.986,1.250,0,5356660,174076,175972,2288764,6422.684,2925.401,1423.708,3147.355,43.991,198.959,5485,7907,1.420,1.640,1.040,1,0,5.999,0,0,18,302,1,32,0
12-06 23:34:18,20.250,3.000,75.499,0,0,5404976,136588,175972,2278144,7393.875,7200.878,0,471.992,0,33.999,2262,2141,1.460,1.650,1.050,0,0,1.000,0,0,18,303,1,32,0
12-06 23:34:19,19.062,3.511,75.747,0.502,0,5399540,141832,175972,2278336,12282.036,5656.439,144.471,886.891,6.020,85.278,3971,5120,1.460,1.650,1.050,1,0,0,0,0,18,303,1,32,0
12-06 23:34:20,14.268,15.770,68.086,0,0.250,5354876,186456,175972,2278376,5631.143,2362.998,0,2719.450,0,375.476,6397,6505,1.460,1.650,1.050,1,0,454.577,0,0,18,302,1,26,0
12-06 23:34:21,9.245,22.488,67.215,0,0,5349872,191424,175972,2278412,3339.243,323.830,0,543.714,0,37.980,7112,6497,1.460,1.650,1.050,1,0,694.635,0,0,18,302,1,26,0
12-06 23:34:22,8.252,22.755,67.516,0.250,0,5355116,186144,175976,2278444,4639.114,1458.350,0,692.166,0,44.011,7195,6603,1.460,1.650,1.050,1,0,695.167,0,0,18,302,1,26,0
12-06 23:34:23,8.241,23.225,67.176,0.499,0,5354032,187184,175976,2278484,4854.681,1692.146,0,2637.111,0,164.819,7506,7206,1.510,1.650,1.050,1,0,700.233,0,0,18,302,1,26,0
12-06 23:34:24,8.008,22.772,68.316,0,0,5345584,195592,175976,2278524,4702.573,1459.419,0,228.222,0,25.024,7247,6555,1.510,1.650,1.050,1,0,698.679,0,0,18,302,1,26,0
12-06 23:34:25,9.494,21.737,68.460,0,0,5343004,198124,175976,2278556,4677.257,1619.051,0,75.955,0,9.994,6794,5835,1.510,1.650,1.050,1,0,569.666,0,0,18,302,1,26,0
12-06 23:34:26,17.673,7.716,72.434,0.249,0,5341904,299656,176336,2188896,4768.169,1505.423,19.913,7.965,4.978,1.991,2669,2248,1.510,1.650,1.050,1,0,63.722,0,0,18,302,1,26,0
12-06 23:34:27,36.683,7.035,56.532,0,0,5415424,221816,176508,2193044,4730.632,1817.077,281.406,5937.661,7.035,160.803,3036,2005,1.510,1.650,1.050,1,0,21.105,0,0,18,302,2,26,0
12-06 23:34:28,28.392,5.728,63.509,0.747,0,5414284,221908,176524,2194112,23765.632,12949.759,1597.924,1920.697,61.765,42.837,3051,2173,1.630,1.680,1.060,0,0,7.970,0,0,18,303,1,26,0
12-06 23:34:29,14.051,1.756,81.798,1.004,0,5425576,209156,176564,2195532,24567.620,13324.607,1019.720,1939.074,61.223,79.289,2207,2369,1.630,1.680,1.060,1,0,0,0,0,18,303,1,25,0
12-06 23:34:30,16.730,1.498,79.653,0.999,0,5418476,215148,176564,2196640,22448.734,12940.283,807.020,1985.588,64.921,94.885,2228,2347,1.630,1.680,1.060,1,0,0,0,0,18,303,1,25,0
12-06 23:34:31,13.214,0.997,83.522,0.748,0,5419108,213304,176564,2197852,16585.783,10013.700,913.510,1164.824,43.880,49.864,1875,2014,1.630,1.680,1.060,0,0,0,0,0,18,303,1,25,0
12-06 23:34:32,19.986,3.248,74.948,0.999,0,5419980,178368,176564,2231912,12183.488,5512.149,12423.320,1139.204,133.906,49.965,2462,2336,1.630,1.680,1.060,1,0,0.999,0,0,18,303,1,25,0
12-06 23:34:33,23.743,2.999,71.977,0.500,0,5418712,166836,176564,2244700,5864.159,1565.509,0,2287.282,0,74.976,2421,2216,1.740,1.700,1.070,1,0,0,0,0,18,303,1,25,0
12-06 23:34:34,23.764,2.502,72.544,0.500,0,5410680,158932,176564,2260444,5583.397,1620.986,0,2597.580,0,286.174,2252,1956,1.740,1.700,1.070,1,0,0,0,0,18,303,1,25,0
12-06 23:34:35,22.488,2.749,72.461,0.999,0,5412104,133404,176568,2284220,5577.003,1619.130,0,2890.447,0,126.932,2593,2584,1.740,1.700,1.070,1,0,0,0,0,18,303,1,25,0
12-06 23:34:36,22.976,3.746,71.926,0.749,0,5392924,187524,175996,2250144,5601.207,1618.326,0,2601.309,0,78.918,2413,2222,1.740,1.700,1.070,1,0,0,0,0,18,303,1,25,0
12-06 23:34:37,23.519,2.252,72.307,0.250,0,5410072,177376,176068,2242808,5118.068,1687.341,0,1973.569,0,61.049,2289,2018,1.740,1.700,1.070,2,0,0,0,0,18,302,1,24,0
12-06 23:34:38,20.261,4.503,74.042,0,0,5380428,207000,176068,2242828,9146.172,2905.643,0,24.014,0,2.001,2412,1851,1.680,1.690,1.070,0,0,38.021,0,0,18,303,1,24,0
12-06 23:34:39,21.264,3.002,74.550,0.500,0,5364016,217004,176168,2249088,7089.771,3291.215,0,2001.347,0,33.022,2232,2038,1.680,1.690,1.070,2,0,4.003,0,0,18,302,1,24,0
12-06 23:34:40,23.723,6.742,67.422,0,0,5356548,223236,176192,2250280,4780.479,1564.193,0,4846.403,0,170.803,10517,19513,1.680,1.690,1.070,1,0,11.986,0,0,18,302,1,24,0
12-06 23:34:41,22.113,7.036,69.858,0.251,0,5347136,232544,176200,2250376,4572.407,1519.780,0,715.664,0,21.108,10974,19580,1.680,1.690,1.070,1,0,20.103,0,0,18,302,1,23,0
12-06 23:34:42,21.986,3.997,72.704,0,0,5310076,276948,176200,2243080,4613.054,1565.001,87.944,819.477,1.999,25.983,2441,1961,1.680,1.690,1.070,1,0,17.989,0,0,18,302,1,23,0
12-06 23:34:43,23.415,5.729,68.751,0.498,0,5338372,248640,176200,2243092,4635.224,1548.396,3.986,15125.257,0.996,89.675,10990,19944,1.780,1.710,1.080,1,0,39.856,0,0,18,302,1,23,0
12-06 23:34:44,18.324,3.263,77.310,0,0,5379172,201928,176200,2249000,11231.068,4579.376,0,847.400,0,12.048,2134,1645,1.780,1.710,1.080,1,0,34.137,0,0,18,303,1,23,0
12-06 23:34:45,24.252,8.001,66.256,0.500,0,5383780,196824,176200,2249496,5160.486,1632.154,0,248.023,0,7.001,10326,18830,1.780,1.710,1.080,2,0,13.001,0,0,18,302,1,23,0
12-06 23:34:46,22.694,6.484,69.079,0,0,5403528,176080,176200,2250492,5642.999,1689.807,0,714.228,0,21.946,10134,18732,1.780,1.710,1.080,2,0,16.958,0,0,18,302,1,23,0
12-06 23:34:47,20.485,6.745,70.949,0,0,5344180,242816,176208,2243096,4694.619,1530.897,0,827.404,0,31.977,2677,2504,1.780,1.710,1.080,1,0,11.991,0,0,18,302,1,23,0
12-06 23:34:48,23.725,3.247,71.925,0.250,0,5332756,254212,176208,2243124,4735.074,1692.240,0,607.368,0,15.983,2423,1837,1.880,1.730,1.090,1,0,22.976,0,0,18,302,1,23,0
12-06 23:34:49,20.267,7.506,70.309,0,0,5353056,226592,176208,2250436,4864.050,1695.412,32.027,360.300,4.003,24.020,3512,3360,1.880,1.730,1.090,2,0,96.080,0,0,18,302,1,23,0
12-06 23:34:50,21.221,2.746,74.899,0.499,0,5349092,226840,176224,2254056,10921.275,3861.793,0,2500.628,0,211.715,2533,2491,1.880,1.730,1.090,2,0,15.978,0,0,18,302,1,23,0
12-06 23:34:51,14.747,1.750,82.234,0.500,0,5357516,218048,176236,2254396,22135.600,10450.923,0,1047.792,0,34.993,1654,1519,1.880,1.730,1.090,1,0,0,0,0,18,303,1,23,0
12-06 23:34:52,8.258,1.001,89.582,0.500,0,5355800,219364,176252,2254776,20990.168,12064.017,16.015,1493.364,1.001,56.051,1567,1803,1.880,1.730,1.090,0,0,1.001,0,0,18,303,1,23,0
12-06 23:34:53,6.248,1.499,90.215,0,0,5355888,219124,176256,2254920,106203.363,7339.123,0,627.754,0,25.990,1682,1969,1.810,1.720,1.090,0,0,2.999,0,0,18,304,1,19,0
12-06 23:34:54,15.758,2.251,81.042,0.500,0,5367164,207532,176336,2255156,63696.222,11276.882,0,1404.733,0,57.030,2187,2196,1.810,1.720,1.090,0,1,2.001,0,0,18,304,1,21,0
12-06 23:34:55,16.310,1.255,81.047,0.753,0,5374444,199720,176488,2255536,25342.902,14826.351,0,1870.858,0,63.232,1947,1926,1.810,1.720,1.090,1,0,0,0,0,18,304,1,21,0
12-06 23:34:56,7.973,0.498,89.943,0.249,0,5374036,199720,176544,2255872,323311.168,12145.571,0,793.294,0,29.898,1569,1682,1.810,1.720,1.090,0,0,0,0,0,18,304,1,21,0
12-06 23:34:57,2.249,0.750,95.943,0.250,0.250,5374156,199468,176616,2255928,20358.968,4612.274,0,651.615,0,30.982,1072,1512,1.810,1.720,1.090,0,0,0,0,0,18,304,1,17,0
12-06 23:34:58,2.251,1.751,94.555,0.500,0,5374372,199216,176728,2256000,28159.512,6548.840,0,19367.357,0,472.277,1406,1674,1.750,1.710,1.090,0,0,1.001,0,0,18,304,1,17,0
12-06 23:34:59,4.746,0.999,92.177,0.500,0,5373976,199216,176908,2256216,75980.566,11686.704,59.952,1690.655,4.996,84.932,1677,2229,1.750,1.710,1.090,1,0,0,0,0,18,304,1,17,0
12-06 23:35:00,5.750,1.000,90.508,0.500,0,5373872,198992,177040,2256412,33875.906,9821.842,96.008,2332.200,4.000,227.019,1552,2015,1.750,1.710,1.090,1,0,0,0,0,18,304,1,17,0
12-06 23:35:01,10.242,1.499,86.430,0.500,0,5373016,189932,177124,2266212,697465.463,25305.445,7.994,963.218,1.998,39.968,2567,2448,1.750,1.710,1.090,0,0,0.999,0,0,18,304,1,12,0
12-06 23:35:02,5.498,3.498,86.462,0.500,0,5373876,178856,177156,2276348,5331331.855,85762.872,27.988,5813.416,5.997,34.984,6338,3916,1.750,1.710,1.090,1,0,4.998,0,0,18,304,1,12,0
12-06 23:35:03,6.527,3.013,88.870,0.753,0,5371420,163508,177204,2294056,9643015.056,145864.038,0,15978.497,0,129.539,8476,4762,1.680,1.690,1.090,1,0,1.004,0,0,18,304,1,12,0
12-06 23:35:04,13.467,2.993,80.551,0.748,0,5374232,145112,177360,2309416,3496321.397,60160.667,163.597,13522.658,3.990,83.793,5491,3889,1.680,1.690,1.090,1,0,0.998,0,0,18,304,1,12,0
12-06 23:35:05,22.000,3.500,72.751,1.000,0,5374908,128060,180204,2322680,5312.105,1512.030,0,4604.091,0,98.002,2315,2163,1.680,1.690,1.090,1,0,1.000,0,0,18,304,1,12,0
12-06 23:35:06,22.496,3.999,72.237,0.500,0,5370776,151084,180280,2303916,4856.152,1153.798,0,1695.704,0,47.992,2238,1953,1.680,1.690,1.090,1,0,0,0,0,18,304,1,10,0
12-06 23:35:07,23.749,2.750,71.746,0.250,0,5386128,145184,178908,2295828,4541.723,1511.908,0,1011.938,0,29.998,2375,2045,1.680,1.690,1.090,1,0,0,0,0,18,304,1,10,0
12-06 23:35:08,21.004,7.752,69.014,1.250,0,5404128,132712,178064,2291088,4592.916,1512.301,12.002,81608.269,3.001,448.089,3175,2802,1.630,1.680,1.090,1,0,1.000,0,0,18,304,1,10,0
12-06 23:35:09,21.997,4.249,71.989,1.000,0,5396608,154288,177512,2277952,4859.244,1619.748,31.995,3011.532,1.000,86.986,2524,2457,1.630,1.680,1.090,1,0,0,0,0,18,304,1,10,0
12-06 23:35:10,29.384,6.279,63.791,0.251,0,5426168,135532,177276,2270748,4400.087,1627.429,148.679,1832.365,4.018,50.229,3677,10200,1.630,1.680,1.090,2,0,36.165,0,0,18,304,1,9,0
12-06 23:35:11,23.397,3.733,70.936,0.498,0,5394512,178400,176380,2257568,4676.321,1612.868,258.855,2879.267,2.987,213.058,2608,3784,1.630,1.680,1.090,2,0,0,0,0,18,304,1,10,0
12-06 23:35:12,21.069,6.521,69.728,1.254,0,5398200,192492,177356,2237620,5080.618,1974.458,8.026,89063.314,2.007,694.271,3324,3068,1.630,1.680,1.090,2,0,0,0,0,18,302,1,10,0
12-06 23:35:13,22.178,4.735,72.516,0.498,0,5362380,228484,177360,2237400,5009.814,1560.957,27.910,16578.438,1.994,86.720,2404,1918,1.740,1.700,1.100,1,0,18.939,0,0,18,302,1,10,0
12-06 23:35:14,18.759,3.001,75.786,0.250,0,5362504,221500,177724,2243560,11259.336,4563.162,0,1696.804,0,45.021,2333,2156,1.740,1.700,1.100,1,0,18.009,0,0,18,302,1,7,0
12-06 23:35:15,22.495,6.749,68.486,0,0,5368976,213688,177748,2244680,4785.031,1565.683,0,483.902,0,12.997,9549,17648,1.740,1.700,1.100,1,0,13.997,0,0,18,302,1,7,0
12-06 23:35:16,24.002,6.501,67.756,0,0,5369836,212680,177756,2244804,4209.386,742.068,0,2712.248,0,41.004,8987,16272,1.740,1.700,1.100,2,0,11.001,0,0,18,302,1,7,0
12-06 23:35:17,19.493,7.247,71.723,0,0,5370172,212204,177768,2244900,4858.140,1349.483,0,467.821,0,22.991,2401,1958,1.740,1.700,1.100,2,0,9.996,0,0,18,302,1,7,0
12-06 23:35:18,21.768,7.506,68.807,0.500,0,5330932,259232,177776,2237528,4920.088,1609.337,4.003,126685.261,1.001,1372.140,4715,4696,1.920,1.740,1.120,1,0,7.006,0,0,18,302,1,4,0
12-06 23:35:19,23.067,4.262,72.210,0.251,0.251,5341164,245876,177792,2240636,5207.120,1516.403,690.004,2013.848,17.050,22.064,2660,2843,1.920,1.740,1.120,1,0,0,0,0,18,302,1,4,1
12-06 23:35:20,25.514,6.754,63.785,1.751,0,5343192,243060,177836,2241384,5088.780,1566.856,384.210,4690.562,24.013,375.205,7814,11273,1.920,1.740,1.120,1,0,1.001,0,0,18,305,1,10,0
12-06 23:35:21,13.743,15.242,66.967,1.000,0,5314104,271496,177876,2241996,5440.296,1511.249,511.746,4789.620,23.988,530.736,6054,6323,1.920,1.740,1.120,1,0,236.882,0,0,18,304,1,11,0
12-06 23:35:22,12.253,16.754,70.018,0,0,5312820,271392,177880,2243380,4993.252,1640.411,1396.350,300.075,23.006,13.003,4735,3403,1.920,1.740,1.120,1,0,202.051,0,0,18,304,1,12,0
12-06 23:35:23,7.748,4.999,71.479,13.746,0,5283520,261432,177904,2282616,4916.568,1511.560,39188.589,2115.384,2708.211,89.974,4923,7546,1.930,1.750,1.120,0,1,9.997,0,0,18,304,1,12,0
12-06 23:35:24,6.224,2.739,84.901,4.482,0,5289004,250328,177912,2288228,5158.793,2193.981,5600.975,1135.333,901.295,19.918,2384,3359,1.930,1.750,1.120,0,0,5.975,0,0,18,305,1,12,0
12-06 23:35:25,2.251,0.750,95.780,0,0,5288228,251084,177912,2288248,45936.266,4656.446,12.004,68.021,2.001,6.002,1261,1653,1.930,1.750,1.120,0,0,0,0,0,18,305,1,12,0
12-06 23:35:26,4.500,2.500,92.004,0,0,5277840,260684,177996,2288952,284914.294,128287.085,632.025,904.036,25.001,14.001,1829,1866,1.930,1.750,1.120,0,0,15.001,0,0,18,304,1,12,1
12-06 23:35:27,12.546,5.019,81.050,0.251,0,5301824,233908,178000,2291740,4727.488,1680.215,3059.317,0,35.130,0,1873,1641,1.930,1.750,1.120,1,0,5.019,0,0,18,304,1,12,0
12-06 23:35:28,18.934,6.477,74.240,0,0,5295892,239704,178000,2291876,4663.666,1614.346,765.319,0,5.979,0,2467,1806,1.850,1.730,1.120,0,0,7.972,0,0,18,304,1,12,0
12-06 23:35:29,1.000,0.500,96.971,0,0,5294280,241316,178000,2291876,4858.554,1619.518,0,7.998,0,1.000,945,1295,1.850,1.730,1.120,1,0,0,0,0,18,304,1,12,0
12-06 23:35:30,2.250,1.000,96.008,0.250,0,5292456,243120,178012,2291884,4800.402,1620.136,0,600.050,0,38.003,1268,1884,1.850,1.730,1.120,0,0,0,0,0,18,304,1,12,0
12-06 23:35:31,2.250,0.750,95.016,0.750,0,5289000,246536,178032,2291904,4971.814,1512.247,0,928.152,0,84.014,1546,2414,1.850,1.730,1.120,0,0,0,0,0,18,304,1,12,0
12-06 23:35:32,1.500,0.500,96.718,0,0,5285396,250128,178040,2291908,5458.199,1619.466,0,123.959,0,13.995,1144,1745,1.850,1.730,1.120,0,0,0,0,0,18,304,1,12,0
12-06 23:35:33,1.000,0.750,96.979,0,0,5282904,252616,178044,2291908,6238.662,1619.653,0,195.958,0,14.997,1077,1435,1.860,1.740,1.130,0,0,0,0,0,18,304,1,12,0
12-06 23:35:34,1.250,0.250,97.771,0,0,5281604,253916,178044,2291908,5027.079,1566.336,0,0,0,0,880,1233,1.860,1.740,1.130,0,0,0,0,0,18,304,1,12,0
12-06 23:35:35,1.250,0.750,96.725,0,0,5280468,255052,178044,2291908,5670.546,1511.613,0,3.999,0,1.000,919,1277,1.860,1.740,1.130,0,0,0,0,0,18,304,1,12,0
12-06 23:35:36,1.249,0.500,97.699,0,0,5280192,255328,178044,2291908,5400.157,1565.176,0,0,0,0,903,1247,1.860,1.740,1.130,1,0,0,0,0,18,304,1,12,0
12-06 23:35:37,0.500,0.751,97.326,0,0,5280192,255328,178044,2291908,3975.118,972.763,0,1032.810,0,208.163,958,1324,1.860,1.740,1.130,1,0,0,0,0,18,304,1,12,0
12-06 23:35:38,1.500,0.500,97.267,0,0,5276120,259396,178044,2291912,4088.727,1188.211,0,0,0,0,1001,1349,1.720,1.710,1.120,0,0,3.001,0,0,18,304,1,12,0
12-06 23:35:39,0.750,0.250,97.732,0,0,5276120,259396,178044,2291912,3343.369,863.837,0,43.992,0,2.000,844,1265,1.720,1.710,1.120,0,0,0,0,0,18,304,1,12,0
12-06 23:35:40,2.250,1.250,95.499,0,0,5276308,259172,178048,2291944,4303.965,1457.988,0,99.999,0,12.000,1259,1792,1.720,1.710,1.120,0,0,0,0,0,18,304,1,12,0
12-06 23:35:41,1.249,0.500,96.205,0.250,0,5276264,259172,178052,2291984,4512.896,1511.295,31.985,563.737,1.000,49.977,1242,1897,1.720,1.710,1.120,0,0,0,0,0,18,304,1,12,0
12-06 23:35:42,1.501,0.500,97.289,0.250,0,5276264,259172,178052,2291984,4573.855,1566.635,0,48.019,0,6.002,954,1329,1.720,1.710,1.120,0,0,0,0,0,18,304,1,12,0
12-06 23:35:43,1.250,0.500,97.512,0,0,5276264,259172,178052,2291984,4798.601,1512.189,0,8.001,0,1.000,926,1280,1.580,1.680,1.110,0,0,0,0,0,18,304,1,12,0
12-06 23:35:44,1.750,1.000,96.739,0,0,5276260,259172,178052,2291988,4055.530,1295.850,0,527.939,0,4.000,924,1316,1.580,1.680,1.110,0,0,0,0,0,18,304,1,12,0
12-06 23:35:45,1.250,1.250,96.506,0,0,5268808,266624,178052,2291988,4550.282,1350.084,0,36.002,0,1.000,1040,1291,1.580,1.680,1.110,0,0,6.000,0,0,18,304,1,12,0
12-06 23:35:46,1.749,0.750,96.215,0.250,0,5268800,266624,178056,2291992,5147.111,1585.418,0,287.894,0,20.992,1233,1767,1.580,1.680,1.110,0,0,0,0,0,18,304,1,12,0
12-06 23:35:47,1.501,0.500,96.290,0,0,5268796,266624,178056,2291996,4862.008,1694.700,0,92.038,0,13.005,1222,1743,1.580,1.680,1.110,0,0,0,0,0,18,304,1,12,0
12-06 23:35:48,1.750,0.750,96.518,0,0,5268796,266624,178056,2291996,4740.885,1694.316,0,36.007,0,3.001,1126,1572,1.450,1.650,1.110,0,0,1.000,0,0,18,304,1,12,0
12-06 23:35:49,0.750,0.750,97.189,0,0,5268796,266624,178056,2291996,4497.168,1618.980,0,5752.377,0,297.812,979,1330,1.450,1.650,1.110,0,0,0,0,0,18,304,1,12,0
12-06 23:35:50,2.250,1.000,95.519,0.250,0,5268812,266876,178056,2292004,4920.988,1694.340,0,540.108,0,29.006,1371,1937,1.450,1.650,1.110,0,0,0,0,0,18,304,1,12,0
12-06 23:35:51,1.500,1.000,96.730,0.250,0,5268800,266876,178060,2292012,5441.873,1639.661,0,539.888,0,46.990,1161,1827,1.450,1.650,1.110,0,0,0,0,0,18,304,1,12,0
12-06 23:35:52,0.999,0.500,96.671,0,0.250,5268800,266876,178060,2292012,5585.436,1692.617,0,3.997,0,0.999,913,1298,1.450,1.650,1.110,0,0,0,0,0,18,304,1,12,0
12-06 23:35:53,1.251,0.501,97.348,0,0,5268800,266876,178060,2292012,6126.143,1621.626,0,664.666,0,145.146,964,1276,1.330,1.620,1.100,0,0,0,0,0,18,304,1,12,0
12-06 23:35:54,0.750,0.750,97.259,0,0,5268800,266876,178060,2292012,5012.487,1586.154,0,204.020,0,6.001,888,1216,1.330,1.620,1.100,0,0,0,0,0,18,304,1,12,0
12-06 23:35:55,4.252,2.001,93.544,0,0,5268780,266876,178060,2292032,4622.157,1620.756,0,8.004,0,1.000,1555,2021,1.330,1.620,1.100,0,0,3.001,0,0,18,304,1,10,0
12-06 23:35:56,3.510,0.752,94.525,0.251,0,5268776,266876,178060,2292036,5312.461,1624.729,0,108.315,0,7.020,1347,1642,1.330,1.620,1.100,1,0,1.003,0,0,18,304,1,12,0
12-06 23:35:57,3.490,1.246,93.981,0,0,5268984,266652,178068,2292044,132553.138,851.566,3.989,155.555,0.997,17.949,1416,1998,1.330,1.620,1.100,1,0,4.986,0,0,18,304,1,12,0
12-06 23:35:58,13.124,3.962,80.726,0,0,5268132,267476,178088,2292052,277089.499,7753.664,150.557,99.050,5.943,5.943,2388,1968,1.310,1.610,1.100,1,0,27.734,0,0,18,304,1,12,0
12-06 23:35:59,11.111,6.313,81.312,0.253,0,5275996,258696,178100,2292956,290548.853,5587.789,210.098,444.437,5.050,6.061,2556,1962,1.310,1.610,1.100,1,0,32.323,0,0,18,304,1,12,0
