"pcp-dstat 5.3.6 CSV Output"
"Author:","PCP team <pcp@groups.io> and Dag Wieers <dag@wieers.com>",,,,"URL:","https://pcp.io/ and http://dag.wieers.com/home-made/dstat/"
"Host:","jammy-provider-cloud-0000007525",,,,"User:","ubuntu"
"Cmdline:","dstat -tcmndrylpg --tcp --output /tmp/devstack_logs/dstat-csv.log",,,,"Date:","21 Aug 2024 20:01:45 UTC"
"system","total usage",,,,,"memory usage",,,,"net/total",,"dsk/total",,"io/total",,"system",,"load avg",,,"procs",,,"paging",,"tcp sockets",,,,
"time","total usage:usr","total usage:sys","total usage:idl","total usage:wai","total usage:stl","used","free","buf","cach","net/total:recv","net/total:send","dsk/total:read","dsk/total:writ","read","writ","int","csw","1m","5m","15m","run","blk","new","in","out","lis","act","syn","tim","clo"
21-08 20:01:45,,1059976,1873512,161964,4721636,,,,,,,1.410,0.880,0.480,3,0,,,,9,6,3,17,2
21-08 20:01:46,23.978,27.225,47.956,0.749,0,1081788,1838660,161972,4734324,383350.551,12498.476,11765.153,1786.353,132.877,80.925,4267,6784,1.410,0.880,0.480,5,0,595.451,0,0,9,6,3,17,2
21-08 20:01:47,29.271,25.018,45.033,0,0,1081020,1837156,161976,4736292,241226.130,8424.116,1164.846,768.558,14.010,34.025,4200,8768,1.450,0.900,0.490,4,0,401.291,0,0,9,6,3,17,2
21-08 20:01:48,36.637,17.944,43.615,0.498,0,1197484,1694524,162304,4884352,217370.673,7734.078,0,2922.959,0,102.682,5237,10241,1.450,0.900,0.490,2,0,209.352,0,0,10,6,3,17,2
21-08 20:01:49,25.330,6.521,65.958,1.505,0,1206008,1661508,163412,4904756,302573.831,10009.620,0,3767.903,0,169.536,2288,3297,1.450,0.900,0.490,3,0,76.241,0,0,10,8,3,17,2
21-08 20:01:50,33.244,13.997,51.240,1.000,0,1203320,1657724,164180,4908676,339830.432,12602.606,79.985,6046.851,1.000,82.984,2620,3462,1.450,0.900,0.490,4,0,174.967,0,0,10,8,3,17,0
21-08 20:01:51,43.655,9.230,45.900,0.249,0,1230216,1629424,164192,4910152,273908.974,8333.866,0,3783.767,0,261.431,10145,19033,1.450,0.900,0.490,3,0,48.894,0,0,10,6,3,19,0
21-08 20:01:52,43.053,7.509,45.056,1.752,0,1269612,1586356,164328,4913420,320550.123,9221.453,0,8550.620,0,413.514,11365,22262,1.500,0.920,0.500,4,0,24.030,0,0,10,8,3,19,0
21-08 20:01:53,40.044,9.761,41.295,8.760,0,1210312,1637208,165104,4920788,177372.755,6507.145,0,35386.855,0,3212.527,11854,26228,1.500,0.920,0.500,5,0,65.071,0,0,10,6,3,19,0
21-08 20:01:54,60.306,11.463,28.160,1.246,0,1162500,1683936,165264,4921620,12523.811,2667.440,0,24489.413,0,1660.671,5827,11595,1.500,0.920,0.500,4,0,139.552,0,0,10,5,3,19,0
21-08 20:01:55,32.530,2.252,64.560,0.250,0,1165184,1676812,165280,4925948,2397658.606,25528.921,0,3559.335,0,50.047,1738,1658,1.500,0.920,0.500,2,0,0,0,0,10,4,3,19,0
21-08 20:01:56,23.496,3.499,71.739,0.750,0,1121124,1720784,165296,4925936,9525.581,1619.759,0,7034.952,0,414.938,1731,2923,1.500,0.920,0.500,2,0,11.998,0,0,10,4,3,19,0
21-08 20:01:57,27.707,3.994,68.145,0,0,1165212,1676684,165300,4925940,11075.000,1617.517,0,243.626,0,14.977,1707,5402,1.460,0.920,0.500,3,0,33.948,0,0,10,4,3,20,0
21-08 20:01:58,12.540,15.048,71.730,0,0,1081776,1760104,165300,4925956,8041.830,1625.220,0,4.013,0,1.003,2213,3157,1.460,0.920,0.500,3,0,253.815,0,0,10,4,3,19,0
21-08 20:01:59,8.499,20.999,68.746,0,0,1085848,1755856,165300,4926120,6792.579,1713.894,0,27.998,0,7.000,2476,3661,1.460,0.920,0.500,2,0,293.982,0,0,10,4,3,19,0
21-08 20:02:00,15.011,17.513,66.550,0,0,1084536,1757012,165300,4926384,5706.285,1587.192,0,5011.764,0,19.014,3793,6104,1.460,0.920,0.500,3,0,212.159,0,0,10,4,3,13,0
21-08 20:02:01,40.247,12.999,45.497,0,0,1190152,1651360,165300,4926684,6902.496,1607.883,0,0,0,0,3182,4999,1.460,0.920,0.500,3,0,158.988,0,0,10,5,3,13,0
21-08 20:02:02,46.758,3.501,49.008,0.500,0,1249868,1590948,165324,4927268,5466.902,1620.267,0,2052.339,0,180.030,1270,1277,1.500,0.940,0.510,3,0,0,0,0,10,5,3,13,0
21-08 20:02:03,31.697,11.481,56.157,0,0,1283164,1554688,165436,4929804,4801.021,1617.312,0,626.958,0,57.904,2182,5719,1.500,0.940,0.510,1,0,117.804,0,0,10,4,3,14,0
21-08 20:02:04,0.499,0.749,98.109,0,0,1283236,1554472,165444,4929920,5527.074,1617.680,0,1533.801,0,37.946,826,1458,1.500,0.940,0.510,1,0,0,0,0,10,4,3,14,0
21-08 20:02:05,22.811,4.512,72.442,0,0,1357992,1479416,165472,4929924,6825.128,1624.314,0,15497.160,0,30.080,1428,1607,1.500,0.940,0.510,2,0,21.056,0,0,10,4,3,14,0
21-08 20:02:06,23.967,0.999,72.649,0.499,0,1389768,1447440,165484,4930104,5416.439,1617.742,0,1322.154,0,76.893,1729,2999,1.500,0.940,0.510,2,0,2.996,0,0,10,10,3,14,0
21-08 20:02:07,21.473,3.995,71.908,1.248,0,1316020,1521088,165520,4930168,4990.622,1552.017,0,3064.084,0,253.676,2352,4388,1.460,0.940,0.510,2,0,41.946,0,0,10,4,3,16,0
21-08 20:02:08,23.250,3.000,72.749,0.500,0,1353640,1482840,165524,4930724,6317.905,1565.977,231.997,1531.977,57.999,41.999,1698,2681,1.460,0.940,0.510,3,0,1.000,0,0,10,17,3,15,0
21-08 20:02:09,21.733,4.497,73.194,0,0,1337764,1498564,165524,4930800,5761.564,1618.754,0,791.391,0,31.975,1412,2046,1.460,0.940,0.510,3,0,44.965,0,0,10,28,3,15,0
21-08 20:02:10,19.042,11.525,69.402,0,0,1314780,1521528,165524,4930816,7571.589,1623.557,0,12.026,0,3.007,1814,2695,1.460,0.940,0.510,5,0,146.321,0,0,10,28,3,15,0
21-08 20:02:11,44.633,7.231,47.625,0.249,0,1431388,1404768,165524,4930836,6214.699,1615.762,0,43027.140,0,752.027,1754,2244,1.460,0.940,0.510,4,0,9.974,0,0,10,29,3,16,0
21-08 20:02:12,48.953,19.330,32.887,0.251,0,1400164,1435888,165532,4931032,5022.850,1626.753,0,3394.089,0,104.434,4559,9367,1.660,0.990,0.530,7,0,430.788,0,0,10,28,3,17,0
21-08 20:02:13,84.167,11.704,2.988,0,0,1610472,1225500,165532,4931076,5626.746,1613.618,0,11.953,0,2.988,3175,6440,1.660,0.990,0.530,6,0,148.413,0,0,10,30,3,17,0
21-08 20:02:14,79.792,13.757,6.503,0,0,1453424,1382140,165548,4931432,6634.516,1620.859,0,748.397,0,61.032,4629,11017,1.660,0.990,0.530,4,0,200.106,0,0,10,28,3,18,0
21-08 20:02:15,27.958,8.487,63.654,0.250,0,1367524,1468008,165552,4931460,5043.430,1509.734,0,387.418,0,33.949,2255,4191,1.660,0.990,0.530,3,0,109.835,0,0,10,28,3,18,0
21-08 20:02:16,23.264,3.252,72.795,0,0,1394612,1440908,165552,4931468,5117.137,1566.961,0,7752.752,0,26.016,1627,2998,1.660,0.990,0.530,2,0,2.001,0,0,10,28,3,18,0
21-08 20:02:17,19.837,7.282,73.070,0,0,1379592,1455916,165552,4931480,6706.334,1627.117,0,353.546,0,19.083,1351,1852,1.530,0.980,0.530,2,0,68.299,0,0,10,28,3,18,0
21-08 20:02:18,17.726,9.737,70.655,0.250,0,1327792,1507684,165552,4931512,5326.819,1617.819,0,2420.737,0,35.952,2517,4361,1.530,0.980,0.530,3,0,137.814,0,0,10,28,3,17,0
21-08 20:02:19,10.731,20.463,67.878,0,0,1327536,1507940,165552,4931512,6209.878,1842.700,0,495.113,0,17.968,2663,3741,1.530,0.980,0.530,4,0,368.340,0,0,10,28,4,17,0
21-08 20:02:20,65.458,22.070,13.292,0,0,1523608,1311824,165552,4931556,5305.835,1699.392,0,204.649,0,19.060,2570,4462,1.530,0.980,0.530,6,0,532.690,0,0,10,28,4,16,0
21-08 20:02:21,81.501,11.500,6.250,0,0,1505428,1329756,165556,4931888,4853.049,1512.015,0,61120.611,0,203.002,5903,13848,1.530,0.980,0.530,7,0,38.000,0,0,10,30,4,16,0
21-08 20:02:22,83.998,12.250,3.000,0,0,1503248,1331880,165560,4931940,5537.862,1693.958,0,423.989,0,43.999,3420,6926,1.970,1.080,0.570,7,0,110.997,0,0,10,29,4,16,0
21-08 20:02:23,82.242,13.749,3.500,0,0,1637064,1197596,165560,4932404,6386.393,1619.846,0,215.979,0,12.999,6541,15173,1.970,1.080,0.570,7,0,160.985,0,0,10,29,4,17,0
21-08 20:02:24,66.854,13.720,18.460,0,0,1447636,1386692,165560,4932728,5383.211,1604.486,0,702.462,0,14.967,5584,12058,1.970,1.080,0.570,5,0,199.563,0,0,10,30,4,17,0
21-08 20:02:25,41.846,8.770,48.361,0.251,0,1416600,1417676,165568,4932756,6577.147,1717.956,0,388.896,0,34.078,2778,4614,1.970,1.080,0.570,5,0,98.226,0,0,10,28,4,19,0
21-08 20:02:26,42.727,13.743,42.727,0,0,1342732,1491364,165572,4932916,9236.086,1619.139,0,6824.369,0,34.981,3464,8441,1.970,1.080,0.570,6,0,254.864,0,0,10,28,4,21,0
21-08 20:02:27,65.026,11.004,23.759,0,0,1514744,1319292,165572,4932960,5241.081,1788.710,0,200.079,0,12.005,2202,3713,2.050,1.110,0.580,4,0,125.050,0,0,10,30,4,21,0
21-08 20:02:28,62.253,16.001,21.001,0.250,0,1433136,1400668,165600,4933164,5709.251,1714.075,0,420.018,0,47.002,5518,11381,2.050,1.110,0.580,5,0,258.011,0,0,10,28,4,22,0
21-08 20:02:29,80.496,10.249,9.000,0,0,1576868,1256860,165604,4933236,6658.634,1511.917,0,187.990,0,6.000,4894,9606,2.050,1.110,0.580,4,0,0,0,0,10,31,4,24,0
21-08 20:02:30,62.507,16.252,21.503,0,0,1444028,1389356,165612,4933564,5340.636,1714.204,0,472.056,0,40.005,4216,9294,2.050,1.110,0.580,5,0,324.039,0,0,10,28,4,24,0
21-08 20:02:31,60.497,10.249,28.998,0.250,0,1461916,1371280,165628,4933736,5399.708,1619.913,0,635.966,0,46.997,4271,11366,2.050,1.110,0.580,9,0,90.995,0,0,10,29,4,26,0
21-08 20:02:32,65.502,13.750,20.251,0,0,1516896,1316224,165628,4933792,4731.161,1694.058,0,240.008,0,15.001,1927,3198,2.210,1.160,0.600,5,0,208.007,0,0,10,31,3,25,0
21-08 20:02:33,60.250,13.500,24.000,0,0,1406936,1425948,165636,4934016,5313.005,1620.002,0,300.000,0,28.000,5371,11739,2.210,1.160,0.600,5,0,287.000,0,0,10,28,3,28,0
21-08 20:02:34,63.678,6.992,29.716,0,0,1517496,1314844,165636,4934556,5041.303,1785.982,0,283.679,0,18.979,2960,7159,2.210,1.160,0.600,7,0,0,0,0,10,30,3,26,0
21-08 20:02:35,66.075,10.512,24.278,0,0,1495136,1337024,165640,4934732,7030.007,1695.932,0,2723.102,0,179.204,2533,4211,2.210,1.160,0.600,6,0,112.128,0,0,10,28,3,27,0
21-08 20:02:36,60.621,16.964,21.953,0.249,0,1391636,1440448,165648,4934792,5519.222,1508.780,0,710.484,0,49.894,4769,10771,2.210,1.160,0.600,8,0,372.206,0,0,10,28,3,30,0
21-08 20:02:37,81.156,14.778,3.757,0,0,1596980,1234876,165664,4934952,5368.313,1623.118,0,400.770,0,26.050,2924,4920,2.430,1.220,0.620,9,0,175.337,0,0,10,29,3,30,0
21-08 20:02:38,80.997,15.499,2.000,0,0,1499200,1332372,165676,4935220,5295.815,1619.943,0,399.986,0,33.999,4358,8504,2.430,1.220,0.620,8,0,255.991,0,0,10,28,3,30,0
21-08 20:02:39,82.376,13.979,2.746,0,0,1590376,1240984,165680,4935420,6035.892,1617.559,0,315.524,0,21.967,4874,10707,2.430,1.220,0.620,7,0,221.666,0,0,10,31,3,30,0
21-08 20:02:40,74.131,19.534,5.760,0,0,1498272,1332852,165708,4935620,6577.609,1622.864,0,336.594,0,22.039,4893,11857,2.430,1.220,0.620,6,0,464.820,0,0,10,30,3,30,0
21-08 20:02:41,43.733,27.739,26.989,0,0,1396960,1434004,165712,4935760,6848.261,1565.374,0,2439.024,0,41.983,6377,13848,2.430,1.220,0.620,5,0,659.736,0,0,10,29,3,30,0
21-08 20:02:42,12.717,23.938,62.338,0.249,0,1328552,1502280,165720,4935932,6739.498,1615.804,0,175.544,0,8.977,2828,4272,2.320,1.220,0.620,2,0,423.899,0,0,10,28,3,30,0
21-08 20:02:43,46.385,29.084,24.571,0,0,1451508,1379284,165724,4935968,6287.252,1718.990,0,5110.837,0,123.358,2989,6008,2.320,1.220,0.620,7,0,859.495,0,0,10,28,3,28,0
21-08 20:02:44,81.965,11.495,6.497,0,0,1501932,1328676,165728,4936144,6152.385,1511.358,0,743.684,0,56.976,5241,10370,2.320,1.220,0.620,6,0,96.959,0,0,10,29,3,28,0
21-08 20:02:45,79.266,14.503,5.501,0.250,0,1529008,1301508,165732,4936228,7887.562,1620.321,0,448.089,0,44.009,3321,6930,2.320,1.220,0.620,4,0,201.040,0,0,10,29,3,28,0
21-08 20:02:46,63.039,8.505,27.267,0,0,1574844,1255420,165740,4936468,8420.263,1663.039,0,412.258,0,17.011,6960,17098,2.320,1.220,0.620,5,0,2.001,0,0,10,31,3,31,0
21-08 20:02:47,75.977,9.497,14.496,0,0,1500044,1329976,165760,4936684,6072.197,1619.519,0,435.871,0,42.987,6039,14268,2.370,1.250,0.640,5,0,89.973,0,0,10,28,3,34,0
21-08 20:02:48,77.667,10.738,11.238,0,0,1568476,1261240,165760,4936980,7958.445,1618.260,0,147.841,0,7.991,6182,14244,2.370,1.250,0.640,3,0,29.968,0,0,10,31,3,36,0
21-08 20:02:49,61.332,10.721,27.923,0,0,1552632,1276712,165772,4937332,5051.140,1561.715,0,550.489,0,24.932,9051,21588,2.370,1.250,0.640,4,0,70.806,0,0,10,30,3,41,0
21-08 20:02:50,78.801,13.552,6.525,0,0,1511488,1317684,165776,4937480,6856.184,1626.210,0,148.567,0,8.031,3965,9581,2.370,1.250,0.640,5,0,196.751,0,0,10,29,3,41,0
21-08 20:02:51,75.250,11.000,12.750,0,0,1439572,1389376,165780,4937696,5645.028,1586.008,0,220.001,0,22.000,6124,13058,2.370,1.250,0.640,5,0,98.000,0,0,10,28,3,39,0
21-08 20:02:52,85.939,8.744,5.246,0,0,1554228,1274552,165784,4937856,8996.612,1618.851,0,255.818,0,24.982,4204,7601,2.580,1.310,0.660,7,0,33.976,0,0,10,29,3,39,0
21-08 20:02:53,77.553,14.760,7.255,0,0,1435620,1392924,165792,4938072,5794.958,1621.107,0,392.268,0,37.025,5224,11739,2.580,1.310,0.660,5,0,246.168,0,0,10,28,3,40,0
21-08 20:02:54,80.990,12.249,6.749,0,0,1524932,1303580,165792,4938104,9912.820,1619.807,0,151.982,0,7.999,3296,9020,2.580,1.310,0.660,5,0,43.995,0,0,10,30,3,40,0
21-08 20:02:55,81.755,11.751,5.750,0.250,0.250,1513756,1314524,165804,4938316,7555.453,1620.097,0,2016.121,0,23.001,3548,7735,2.580,1.310,0.660,5,0,120.007,0,0,10,28,3,40,0
21-08 20:02:56,78.253,12.500,9.500,0,0,1498152,1329908,165824,4938508,18956.682,1620.058,0,640.023,0,66.002,6304,12771,2.580,1.310,0.660,5,0,137.005,0,0,10,28,3,40,0
21-08 20:02:57,70.813,12.716,16.207,0,0,1516264,1311712,165836,4938632,8797.818,1561.884,0,307.191,0,19.947,2782,8088,2.700,1.350,0.680,4,0,159.580,0,0,10,29,3,43,0
21-08 20:02:58,63.417,11.781,25.066,0,0,1439972,1387604,165840,4938964,4861.796,1515.990,0,220.581,0,11.029,2501,6539,2.700,1.350,0.680,6,0,181.478,0,0,10,28,3,43,0
21-08 20:02:59,64.330,8.976,25.932,0,0,1422312,1405212,165844,4939008,4934.977,1783.294,0,355.063,0,32.913,3461,6959,2.700,1.350,0.680,6,0,64.829,0,0,10,29,3,44,0
21-08 20:03:00,64.921,11.029,24.565,0,0,1497688,1329680,165844,4939164,4746.478,1698.465,0,288.759,0,25.066,2707,5098,2.700,1.350,0.680,5,0,67.177,0,0,10,30,3,44,0
21-08 20:03:01,64.502,10.500,24.751,0,0,1428856,1398436,165856,4939224,4968.189,1620.062,0,320.012,0,26.001,2514,7428,2.700,1.350,0.680,6,0,82.003,0,0,10,28,3,45,0
21-08 20:03:02,64.994,8.249,25.748,0,0,1410176,1416848,165876,4939468,5917.462,1735.842,0,419.962,0,30.997,3693,7798,2.720,1.380,0.690,6,0,25.998,0,0,10,29,3,48,0
21-08 20:03:03,63.209,10.950,25.134,0.249,0,1508452,1318532,165888,4939496,5919.763,1612.581,0,310.571,0,25.881,2415,3496,2.720,1.380,0.690,6,0,110.492,0,0,10,28,3,48,0
21-08 20:03:04,54.250,19.088,27.627,0,0,1368536,1458068,165892,4939840,6813.396,1627.500,0,353.630,0,36.167,5593,12498,2.720,1.380,0.690,7,0,413.907,0,0,10,28,3,50,0
21-08 20:03:05,67.700,7.494,25.231,0,0,1526344,1300076,165892,4940020,5871.643,1618.799,0,247.816,0,10.992,2111,3825,2.720,1.380,0.690,4,0,10.992,0,0,10,29,3,50,0
21-08 20:03:06,40.531,19.015,38.780,0.250,0,1371144,1455216,165892,4940080,6574.042,1533.176,0,388.298,0,30.023,5002,9651,2.720,1.380,0.690,5,0,399.306,0,0,10,28,3,53,0
21-08 20:03:07,23.156,3.984,72.456,0,0,1402140,1424144,165896,4940148,6104.217,1655.280,0,239.030,0,10.956,2060,4317,2.660,1.390,0.700,2,0,11.951,0,0,10,29,3,51,0
21-08 20:03:08,15.524,14.523,69.859,0.250,0,1343828,1482220,165912,4940368,7041.012,1622.538,0,925.447,0,65.102,2637,4778,2.660,1.390,0.700,2,0,207.324,0,0,10,28,3,52,0
21-08 20:03:09,16.535,22.298,61.381,0,0,1362524,1463424,165948,4940432,5971.786,1623.476,0,248.532,0,19.041,2824,4315,2.660,1.390,0.700,3,0,388.832,0,0,10,28,3,54,0
21-08 20:03:10,45.905,4.990,49.149,0,0,1488712,1336500,166084,4941020,5573.507,1616.666,0,423.128,0,14.969,1190,1365,2.660,1.390,0.700,5,0,1.996,0,0,10,28,3,54,0
21-08 20:03:11,39.577,7.765,49.597,3.757,0,1428676,1390800,166672,4945628,4647.043,1665.241,0,22932.627,0,1816.535,8074,16300,2.660,1.390,0.700,4,0,87.170,0,0,10,32,3,54,0
21-08 20:03:12,39.489,7.748,42.989,8.998,0,1506540,1309264,167252,4948584,5027.663,1619.569,0,38853.665,0,3374.102,11100,25198,2.770,1.440,0.720,3,1,61.984,0,0,10,32,3,54,0
21-08 20:03:13,43.768,6.253,48.270,1.000,0,1410776,1405152,167416,4948264,4890.000,1512.619,0,15474.329,0,1051.430,3393,6918,2.770,1.440,0.720,3,0,6.002,0,0,10,28,3,52,0
21-08 20:03:14,41.982,6.747,47.729,3.498,0,1505476,1310176,167644,4948312,5064.777,1639.280,0,5437.613,0,1021.552,6416,12474,2.770,1.440,0.720,4,0,2.999,0,0,10,30,3,52,0
21-08 20:03:15,36.084,9.457,49.025,4.479,0,1367340,1447540,167916,4948788,5854.124,1612.597,0,13283.018,0,1556.852,8554,17045,2.770,1.440,0.720,2,0,98.548,0,0,10,28,3,51,0
21-08 20:03:16,24.225,2.997,72.674,0.499,0,1445152,1369704,167932,4948792,5875.830,1618.301,0,7200.440,0,389.591,1597,3056,2.770,1.440,0.720,2,0,3.996,0,0,10,28,3,51,0
21-08 20:03:17,23.636,2.263,73.674,0.251,0,1379700,1435140,167936,4948804,6785.027,1629.372,0,394.268,0,20.116,1014,1218,2.630,1.430,0.720,1,0,1.006,0,0,10,28,3,51,0
21-08 20:03:18,23.925,2.991,72.024,0.498,0,1452488,1362340,167948,4948804,6479.693,1614.939,0,1555.126,0,101.681,1171,1761,2.630,1.430,0.720,2,0,1.994,0,0,10,32,3,51,0
21-08 20:03:19,23.097,2.762,74.059,0,0,1392460,1422348,167948,4948824,5090.272,1464.119,0,0,0,0,878,1080,2.630,1.430,0.720,2,0,1.004,0,0,10,32,3,51,0
21-08 20:03:20,23.154,2.490,73.694,0,0,1454168,1360636,167948,4948828,5569.868,1613.300,0,0,0,0,942,1141,2.630,1.430,0.720,2,0,1.992,0,0,10,32,3,51,0
21-08 20:03:21,22.327,2.760,73.505,0,0,1416796,1397992,167952,4948840,4978.245,1625.631,0,8.028,0,2.007,916,1112,2.630,1.430,0.720,3,0,1.003,0,0,10,32,3,51,0
21-08 20:03:22,23.672,3.239,73.757,0,0,1460140,1354648,167956,4948836,5196.887,1614.683,0,0,0,0,938,1134,2.500,1.420,0.720,2,0,1.993,0,0,10,32,3,51,0
21-08 20:03:23,22.281,2.754,73.602,0,0,1407280,1407456,167956,4948888,5786.054,1622.258,0,0,0,0,922,1153,2.500,1.420,0.720,3,0,1.001,0,0,10,32,3,51,0
21-08 20:03:24,24.413,1.246,73.736,0,0,1464228,1350504,167956,4948888,4875.541,1687.955,0,251.101,0,9.964,1115,1498,2.500,1.420,0.720,3,0,1.993,0,0,10,32,3,50,0
21-08 20:03:25,23.494,3.499,72.730,0.250,0,1359584,1455000,167972,4949012,5782.439,1713.537,0,463.875,0,34.991,1147,1504,2.500,1.420,0.720,2,0,1.999,0,0,10,32,3,50,0
21-08 20:03:26,23.554,3.007,72.666,0.501,0,1438904,1375656,167988,4949020,9191.995,1623.709,0,2678.117,0,138.316,1246,1793,2.500,1.420,0.720,2,0,4.009,0,0,10,32,3,48,0
21-08 20:03:27,22.567,3.510,73.216,0,0,1381884,1432640,168008,4949036,5787.095,1556.598,0,3305.765,0,159.471,1112,1673,2.380,1.410,0.720,2,0,1.003,0,0,10,32,3,48,0
21-08 20:03:28,22.688,3.490,73.797,0,0,1378936,1435552,168008,4949072,9180.716,1709.293,0,0,0,0,958,1064,2.380,1.410,0.720,2,0,0.997,0,0,10,32,3,46,0
21-08 20:03:29,22.002,3.500,73.755,0,0,1452772,1361716,168008,4949072,9561.688,1620.117,0,0,0,0,975,1181,2.380,1.410,0.720,2,0,2.000,0,0,10,32,3,46,0
21-08 20:03:30,16.021,11.014,72.343,0,0,1357684,1456680,168016,4949180,5645.232,1790.293,0,0,0,0,1816,2533,2.380,1.410,0.720,2,0,171.219,0,0,10,32,3,43,0
21-08 20:03:31,10.236,19.472,69.152,0,0,1359128,1455160,168016,4949240,6742.459,1617.711,0,734.960,0,7.989,2577,3720,2.380,1.410,0.720,2,0,324.541,0,0,10,32,3,43,0
21-08 20:03:32,8.769,20.293,69.898,0,0,1359268,1454972,168020,4949248,7873.637,1709.612,0,537.135,0,10.021,2512,3722,2.270,1.410,0.720,2,0,298.631,0,0,10,32,3,41,0
21-08 20:03:33,10.225,19.452,69.827,0,0.249,1359436,1454748,168020,4949296,5205.138,1508.273,0,187.537,0,2.993,3017,4808,2.270,1.410,0.720,2,0,449.888,0,0,10,32,3,41,0
21-08 20:03:34,19.732,6.244,72.432,0,0,1422084,1392092,168024,4949300,6145.273,1564.542,0,147.862,0,11.989,1637,2477,2.270,1.410,0.720,2,0,129.879,0,0,10,32,3,38,0
21-08 20:03:35,22.996,2.999,73.737,0,0,1468784,1345384,168028,4949304,7605.639,1713.693,0,311.944,0,23.996,983,1306,2.270,1.410,0.720,2,0,2.000,0,0,10,32,3,38,0
21-08 20:03:36,23.098,2.260,73.814,0,0,1429268,1384840,168028,4949364,6231.534,1626.927,0,0,0,0,1017,1171,2.270,1.410,0.720,4,0,3.013,0,0,10,32,3,36,0
21-08 20:03:37,23.907,1.743,73.962,0,0,1363840,1450248,168028,4949384,7555.601,1613.721,0,19.922,0,0.996,995,1171,2.170,1.400,0.730,2,0,2.988,0,0,10,32,3,36,0
21-08 20:03:38,23.529,3.004,73.590,0,0,1438448,1375656,168028,4949368,5767.030,1621.977,0,136.166,0,1.001,994,1160,2.170,1.400,0.730,2,0,2.002,0,0,10,32,3,33,0
21-08 20:03:39,23.273,2.252,74.075,0,0,1375652,1438436,168028,4949384,5542.587,1621.635,0,20.020,0,2.002,952,1130,2.170,1.400,0.730,2,0,1.001,0,0,10,32,3,33,0
21-08 20:03:40,22.979,2.997,72.932,0,0,1454512,1359588,168028,4949372,4819.532,1584.531,0,0,0,0,937,1212,2.170,1.400,0.730,2,0,1.998,0,0,10,32,3,33,0
21-08 20:03:41,22.512,3.002,73.289,0.250,0,1390148,1423908,168028,4949416,5936.188,1640.881,0,72.039,0,3.002,934,1124,2.170,1.400,0.730,2,0,1.001,0,0,10,32,3,33,0
21-08 20:03:42,23.255,3.001,73.766,0,0,1459468,1354608,168028,4949396,6273.342,1620.347,0,0,0,0,967,1138,2.070,1.390,0.730,2,0,2.000,0,0,10,32,3,32,0
21-08 20:03:43,23.475,2.248,73.672,0,0,1402964,1411092,168028,4949416,6286.336,1786.107,0,2177.692,0,89.905,961,1111,2.070,1.390,0.730,2,0,0.999,0,0,10,32,3,32,0
21-08 20:03:44,22.255,3.251,73.516,0,0,1464840,1349228,168040,4949392,5999.320,1620.356,0,208.046,0,15.003,1133,1570,2.070,1.390,0.730,2,0,2.000,0,0,10,32,3,32,0
21-08 20:03:45,22.747,2.750,73.741,0,0,1418428,1395628,168044,4949400,7151.149,1619.807,0,995.881,0,142.983,1142,1319,2.070,1.390,0.730,3,0,1.000,0,0,10,32,3,32,0
21-08 20:03:46,22.511,3.752,73.285,0,0,1466304,1347748,168044,4949404,9218.453,1662.803,0,72.035,0,3.001,1017,1200,2.070,1.390,0.730,2,0,4.002,0,0,10,32,3,30,0
21-08 20:03:47,22.493,3.249,73.976,0,0,1409028,1405092,168044,4949336,7563.519,1585.480,0,0,0,0,881,1068,1.990,1.390,0.730,2,0,1.000,0,0,10,32,3,30,0
21-08 20:03:48,24.256,1.750,73.769,0,0,1464468,1349652,168044,4949336,8359.098,1608.404,0,92.023,0,1.000,846,1005,1.990,1.390,0.730,2,0,2.001,0,0,10,32,3,26,0
21-08 20:03:49,23.746,2.750,72.987,0.250,0,1365920,1448100,168052,4949428,8164.539,1845.670,0,315.943,0,10.998,1041,1262,1.990,1.390,0.730,2,0,2.000,0,0,10,32,4,26,0
21-08 20:03:50,23.744,2.000,73.983,0,0,1445284,1368752,168052,4949412,7009.367,1619.623,0,0,0,0,852,1059,1.990,1.390,0.730,2,0,2.000,0,0,10,32,4,19,0
21-08 20:03:51,23.694,2.494,73.576,0,0,1383744,1430272,168052,4949432,5524.939,1690.005,0,27.934,0,2.993,832,1110,1.990,1.390,0.730,2,0,0.998,0,0,10,32,4,19,0
21-08 20:03:52,23.814,1.755,73.697,0,0,1384864,1429152,168052,4949432,7039.803,1624.339,0,20.054,0,1.003,837,1066,1.910,1.380,0.730,2,0,1.003,0,0,10,32,4,19,0
21-08 20:03:53,22.754,2.500,73.762,0,0,1455940,1358088,168052,4949420,7995.303,1694.276,0,20.003,0,1.000,921,1152,1.910,1.380,0.730,2,0,2.000,0,0,10,32,4,19,0
21-08 20:03:54,16.552,13.292,70.722,0.251,0,1358932,1455068,168052,4949448,7459.467,1558.904,0,292.922,0,21.066,2424,3790,1.910,1.380,0.730,2,0,316.997,0,0,10,32,4,18,0
21-08 20:03:55,20.174,5.479,73.224,0,0,1429404,1384544,168068,4949484,7148.023,1729.473,0,346.692,0,22.914,1356,1966,1.910,1.380,0.730,2,0,75.714,0,0,10,32,4,18,0
21-08 20:03:56,24.025,2.753,73.576,0,0,1384412,1429300,168068,4949712,9252.567,1567.621,0,0,0,0,1007,1208,1.910,1.380,0.730,2,0,11.011,0,0,10,32,4,18,0
21-08 20:03:57,26.070,4.011,68.684,0,0,1375936,1437776,168068,4952192,5843.643,1698.547,0,4.011,0,1.003,1362,4775,1.830,1.370,0.730,5,0,56.150,0,0,10,32,4,18,0
21-08 20:03:58,10.994,22.238,67.215,0,0,1359472,1454144,168068,4949804,9099.259,1619.156,0,163.915,0,6.996,3348,8293,1.830,1.370,0.730,3,0,519.729,0,0,10,32,4,16,0
21-08 20:03:59,11.742,18.487,69.203,0,0,1359548,1454040,168068,4949832,6221.732,1712.825,0,235.838,0,4.997,3286,5173,1.830,1.370,0.730,3,0,513.648,0,0,10,32,4,16,0
21-08 20:04:00,10.011,19.522,69.077,0,0,1359360,1454188,168068,4949864,5996.668,1621.803,0,973.082,0,14.016,2962,4558,1.830,1.370,0.730,2,0,431.480,0,0,10,32,4,14,0
21-08 20:04:01,9.499,19.998,69.243,0,0,1360932,1452584,168068,4949888,6712.275,1661.821,0,1287.861,0,13.998,3125,5002,1.830,1.370,0.730,2,0,497.946,0,0,10,32,4,14,0
21-08 20:04:02,8.244,21.234,69.448,0,0,1359108,1454380,168068,4949916,7108.711,1510.876,0,1195.111,0,12.990,3198,5067,1.770,1.370,0.730,2,0,512.619,0,0,10,32,4,10,0
21-08 20:04:03,11.008,18.763,70.549,0,0,1359864,1453596,168068,4949944,5052.481,1567.080,0,352.243,0,9.006,2811,4349,1.770,1.370,0.730,2,0,394.272,0,0,10,32,4,10,0
21-08 20:04:04,8.750,19.999,69.998,0,0,1362172,1451260,168068,4949972,8040.775,1693.953,0,327.991,0,8.000,2974,4574,1.770,1.370,0.730,3,0,435.988,0,0,10,32,4,8,0
21-08 20:04:05,36.494,27.745,36.994,0.250,0,1453260,1360076,168136,4949980,5848.012,1693.714,0,1131.809,0,74.987,4345,8104,1.770,1.370,0.730,5,0,801.864,0,0,10,32,4,14,0
21-08 20:04:06,67.293,7.255,24.266,1.501,0,1626036,1184460,168404,4952384,5290.402,1621.042,0,4458.867,0,404.260,2965,4964,1.770,1.370,0.730,6,0,23.015,0,0,10,34,4,14,0
21-08 20:04:07,42.997,10.999,31.498,12.249,0,1609376,1187280,169328,4964256,6973.470,1661.874,399.970,60919.370,4.000,4815.634,16514,37177,1.870,1.390,0.750,2,2,161.988,0,0,10,36,4,11,0
21-08 20:04:08,40.249,11.750,33.749,13.250,0,1656248,1127344,170176,4975912,7381.823,1619.961,0,92069.790,0,7043.831,20038,47738,1.870,1.390,0.750,7,1,95.998,0,0,10,37,4,11,0
21-08 20:04:09,50.508,9.501,28.504,10.502,0,1642556,1131944,170676,4984256,5992.899,1512.227,0,58100.715,0,4659.699,14451,34480,1.870,1.390,0.750,5,0,109.016,0,0,10,36,4,10,0
21-08 20:04:10,43.407,18.710,26.942,8.482,0,1581968,1184048,171004,4992232,4471.413,1616.534,363.221,57472.778,6.985,4632.069,16266,41414,1.870,1.390,0.750,4,0,337.277,0,0,10,35,4,14,0
21-08 20:04:11,42.840,14.781,32.318,8.518,0,1541524,1217452,171572,4998040,6468.545,1643.441,1615.383,47392.239,23.048,4054.490,15838,37750,1.870,1.390,0.750,5,0,217.455,0,0,10,34,4,12,0
21-08 20:04:12,37.980,6.497,42.228,11.994,0,1576592,1179608,171796,5000536,4891.432,1619.150,0,55934.634,0,4761.500,15100,36541,1.960,1.420,0.760,1,1,30.984,0,0,10,35,4,12,0
21-08 20:04:13,38.265,9.504,44.517,8.753,0,1530368,1224072,172032,5002008,5471.084,1620.617,0,41135.673,0,3737.424,14520,33323,1.960,1.420,0.760,3,0,110.042,0,0,10,34,4,16,0
21-08 20:04:14,39.217,7.743,42.714,8.243,0,1577908,1174708,172468,5003364,6622.431,1618.639,0,51436.742,0,4525.194,16076,33663,1.960,1.420,0.760,3,0,26.977,0,0,10,34,4,16,0
21-08 20:04:15,41.538,8.508,43.290,8.258,0,1511232,1238764,172628,5005756,9723.927,1621.489,0,36821.802,0,3560.268,14754,34223,1.960,1.420,0.760,4,0,66.061,0,0,10,34,4,17,0
21-08 20:04:16,35.500,8.500,42.750,12.250,0,1570872,1174380,172856,5010148,6634.033,1512.008,0,57156.286,0,4796.024,13649,32746,1.960,1.420,0.760,2,1,59.000,0,0,10,35,4,17,0
21-08 20:04:17,37.230,8.246,41.978,11.744,0,1571920,1169340,173136,5013752,8309.579,1619.139,0,52659.985,0,4432.642,17451,40431,1.960,1.430,0.770,5,0,71.962,0,0,10,37,4,22,0
21-08 20:04:18,34.522,10.507,42.277,11.507,0,1567872,1170156,173236,5016784,6026.863,1621.039,0,45545.194,0,3846.466,13242,30665,1.960,1.430,0.770,3,0,106.068,0,0,10,36,4,22,0
21-08 20:04:19,35.988,8.247,43.236,12.496,0,1541644,1200200,173392,5012748,6996.712,1565.488,0,48328.197,0,4338.581,14965,36887,1.960,1.430,0.770,2,1,39.987,0,0,10,36,4,24,0
21-08 20:04:20,41.193,7.739,43.440,7.490,0,1401860,1340480,173460,5012192,8532.140,1617.751,0,31068.814,0,2692.258,9419,21999,1.960,1.430,0.770,3,0,68.904,0,0,10,32,4,25,0
21-08 20:04:21,24.517,9.507,67.047,0.250,0,1463312,1278980,173464,5012236,5644.991,1695.199,0,1561.104,0,83.059,2034,3439,1.960,1.430,0.770,3,0,221.156,0,0,10,32,4,25,0
21-08 20:04:22,21.896,3.981,72.158,0,0,1432724,1309412,173468,5012388,5336.693,1612.354,0,1166.469,0,60.712,1917,3673,1.960,1.440,0.770,3,0,42.797,0,0,10,32,4,25,0
21-08 20:04:23,25.006,3.251,72.767,0.250,0,1462456,1279676,173468,5012392,5267.238,1512.355,0,992.233,0,64.015,2250,4067,1.960,1.440,0.770,4,0,0,0,0,10,32,4,25,0
21-08 20:04:24,9.028,20.815,68.964,0,0,1397444,1344576,173468,5012504,5415.843,1625.054,0,822.558,0,43.134,3065,4636,1.960,1.440,0.770,2,0,478.488,0,0,10,32,4,25,0
21-08 20:04:25,49.304,17.019,34.037,0.250,0,1532252,1209540,173496,5012704,5642.156,1715.872,0,1073.171,0,72.079,2921,4417,1.960,1.440,0.770,3,0,323.353,0,0,10,32,4,31,0
21-08 20:04:26,68.540,7.504,24.014,0,0.250,1707888,1031608,173616,5014752,9256.369,1662.965,0,1733.005,0,94.055,1644,1787,1.960,1.440,0.770,3,0,2.001,0,0,10,32,4,31,0
21-08 20:04:27,48.520,8.253,33.514,8.003,0,1784604,945104,173864,5023740,7008.853,1714.698,0,46747.026,0,3242.320,11084,23260,2.050,1.470,0.780,1,2,105.043,0,0,10,38,4,31,0
21-08 20:04:28,24.252,9.001,47.254,17.751,0,1789068,926960,174052,5036780,5135.421,1660.136,0,87651.187,0,6586.540,21088,46810,2.050,1.470,0.780,1,2,246.020,0,0,10,38,4,31,0
21-08 20:04:29,34.483,10.245,39.230,16.242,0,1661596,1043508,174276,5047132,5102.428,1693.147,0,81370.989,0,6253.848,19568,44319,2.050,1.470,0.780,3,1,208.895,0,0,10,36,4,31,0
21-08 20:04:30,42.208,9.241,41.209,8.741,0,1714876,979544,174408,5057296,6593.492,1678.343,0,85183.923,0,6438.645,19867,43481,2.050,1.470,0.780,2,1,196.806,0,0,10,36,4,31,0
21-08 20:04:31,47.006,8.251,32.004,12.252,0,1772388,910244,174520,5068700,5319.729,1620.222,0,80070.970,0,5757.789,16943,38045,2.050,1.470,0.780,2,2,18.002,0,0,10,36,4,31,0
21-08 20:04:32,39.026,9.006,33.773,16.261,0,1669996,1002420,174580,5078288,5156.496,1781.208,0,90645.458,0,6499.407,19155,44737,1.960,1.460,0.790,2,1,102.069,0,0,10,36,4,31,0
21-08 20:04:33,27.430,13.216,53.613,3.740,0,1403688,1267768,174580,5079224,6419.553,1615.860,0,20311.961,0,1430.335,5425,10983,1.960,1.460,0.790,5,0,258.338,0,0,10,32,4,31,0
21-08 20:04:34,22.494,3.499,73.729,0,0,1471704,1199728,174580,5079248,4753.674,1713.522,0,819.771,0,33.991,845,1227,1.960,1.460,0.790,2,0,5.998,0,0,10,32,4,31,0
21-08 20:04:35,23.044,3.006,72.640,0.501,0,1528908,1142524,174580,5079248,5433.438,1623.118,0,5763.071,0,345.664,1562,2773,1.960,1.460,0.790,1,0,0,0,0,10,38,4,31,0
21-08 20:04:36,21.962,3.993,73.374,0,0,1443192,1228232,174580,5079256,5290.926,1637.192,0,139.760,0,11.979,1179,1651,1.960,1.460,0.790,2,0,29.949,0,0,10,32,4,31,0
21-08 20:04:37,23.495,2.000,73.984,0,0,1511988,1159436,174580,5079256,4954.905,1511.666,0,31.993,0,3.999,853,1201,1.890,1.450,0.790,2,0,0,0,0,10,32,4,31,0
21-08 20:04:38,19.070,12.797,67.496,0.502,0,1411324,1260092,174580,5079260,6057.090,1625.930,0,690.518,0,51.187,2217,3427,1.890,1.450,0.790,6,0,257.941,0,0,10,32,4,31,0
21-08 20:04:39,12.468,35.909,50.622,0,0,1411532,1259800,174580,5079316,5948.925,1615.905,0,3714.587,0,39.899,4659,8006,1.890,1.450,0.790,2,0,994.480,0,0,10,32,4,31,0
21-08 20:04:40,8.757,20.766,69.305,0,0,1413380,1257900,174580,5079336,6763.323,1621.276,0,104.082,0,11.009,2334,3095,1.890,1.450,0.790,2,0,304.239,0,0,10,32,4,31,0
21-08 20:04:41,10.244,19.989,69.211,0,0,1416728,1254456,174580,5079432,6024.572,1619.079,0,11.993,0,2.998,2394,3334,1.890,1.450,0.790,2,0,283.838,0,0,10,32,4,31,0
21-08 20:04:42,8.751,19.253,70.759,0,0,1414264,1256900,174580,5079448,5246.682,1620.211,0,8.001,0,2.000,2403,3444,1.730,1.430,0.780,2,0,250.033,0,0,10,32,4,31,0
21-08 20:04:43,9.742,20.233,68.693,0,0,1413152,1257976,174580,5079472,9087.403,1658.613,0,23.980,0,5.995,2402,3419,1.730,1.430,0.780,2,0,259.783,0,0,10,32,4,31,0
21-08 20:04:44,14.790,19.553,65.176,0,0,1415260,1255032,174580,5080556,6089.472,1590.302,0,36.098,0,5.014,3954,10452,1.730,1.430,0.780,2,0,207.561,0,0,10,32,4,31,0
21-08 20:04:45,40.975,13.242,45.722,0,0,1497676,1172508,174592,5080832,9997.951,1692.976,0,235.857,0,5.996,2304,5082,1.730,1.430,0.780,2,0,129.921,0,0,10,33,4,31,0
21-08 20:04:46,47.928,4.244,47.678,0,0,1603788,1064940,174592,5082284,10677.908,1617.562,0,35.946,0,0.998,2031,5419,1.730,1.430,0.780,3,0,1.997,0,0,10,33,4,31,0
21-08 20:04:47,47.727,4.748,46.228,0.250,0,1656720,1008852,174660,5084960,6168.076,1619.232,0,5109.578,0,248.882,2482,6048,1.760,1.440,0.790,3,0,6.997,0,0,10,49,4,31,0
21-08 20:04:48,11.021,18.285,70.383,0,0,1669640,995792,174660,5085064,5241.923,1623.072,0,324.614,0,23.044,2554,3705,1.760,1.440,0.790,2,0,255.484,0,0,10,48,4,31,0
21-08 20:04:49,9.473,0.748,88.502,0,0,1685608,979800,174660,5085064,5958.323,2307.541,0,1396.092,0,70.802,755,1024,1.760,1.440,0.790,1,0,1.994,0,0,10,49,4,31,0
21-08 20:04:50,0.750,1.250,97.746,0.250,0,1686248,979100,174660,5085120,58124.501,3071.868,0,1327.943,0,12.999,670,1029,1.760,1.440,0.790,2,0,0,0,0,10,49,4,31,0
21-08 20:04:51,2.508,1.003,95.061,0,0,1700412,964852,174660,5085204,132978.974,4683.319,0,280.919,0,15.049,915,1334,1.760,1.440,0.790,2,0,0,0,0,10,48,4,32,0
21-08 20:04:52,16.938,8.967,70.990,2.242,0,1697612,965644,174788,5086768,5660.238,1614.080,3.985,7301.219,0.996,401.527,2772,4281,1.620,1.410,0.790,1,1,71.737,0,0,10,48,4,32,0
21-08 20:04:53,15.794,9.777,72.951,0.251,0,1723928,888700,174788,5135476,4857.411,1624.485,0,1909.271,0,40.111,1662,2164,1.620,1.410,0.790,2,0,41.114,0,0,10,48,4,32,0
21-08 20:04:54,15.012,12.010,73.060,0,0,1711112,901432,174788,5135480,8256.837,1779.473,0,0,0,0,1766,1991,1.620,1.410,0.790,2,0,74.061,0,0,10,48,4,32,0
21-08 20:04:55,23.221,1.998,73.659,0,0,1742572,870000,174788,5135484,5694.933,1617.992,0,0,0,0,1036,1237,1.620,1.410,0.790,2,0,12.984,0,0,10,48,4,32,0
21-08 20:04:56,16.734,8.992,72.932,0.250,0,1680780,981484,174936,5086580,10948.850,1618.500,159.852,19.981,9.991,2.997,1630,1967,1.620,1.410,0.790,2,0,89.917,0,0,10,48,4,32,0
21-08 20:04:57,12.286,17.050,69.705,0,0,1675328,986880,174940,5086960,7734.794,1516.469,0,8.024,0,2.006,2952,6044,1.490,1.390,0.780,3,0,239.706,0,0,10,48,4,32,0
21-08 20:04:58,13.927,8.207,76.104,0,0,1671924,990220,174940,5086600,8040.135,1557.888,0,648.623,0,29.845,3871,11636,1.490,1.390,0.780,1,0,94.508,0,0,10,48,4,32,0
21-08 20:04:59,0.500,0.751,97.824,0,0,1672148,989996,174940,5086600,5385.071,1715.297,0,36.027,0,4.003,667,1040,1.490,1.390,0.780,1,0,3.002,0,0,10,48,4,32,0
21-08 20:05:00,0.749,0.749,97.665,0,0,1672592,989548,174940,5086604,4166.363,1618.587,0,2030.228,0,9.991,661,976,1.490,1.390,0.780,1,0,2.997,0,0,10,48,4,32,0
21-08 20:05:01,0.500,0.500,98.792,0,0,1672464,989548,174940,5086732,6826.908,1736.740,0,0,0,0,610,962,1.490,1.390,0.780,2,0,1.000,0,0,10,48,4,32,0
21-08 20:05:02,4.503,4.003,91.307,0,0,1600616,1061388,174940,5086720,4150.611,1621.020,0,0,0,0,1212,1846,1.370,1.360,0.780,2,0,61.038,0,0,10,48,4,32,0
21-08 20:05:03,17.501,18.001,64.002,0,0,1596356,1065592,174940,5086736,6781.244,1620.058,0,12.000,0,3.000,4807,10085,1.370,1.360,0.780,1,0,242.009,0,0,10,48,4,32,0
21-08 20:05:04,11.029,19.301,69.182,0.251,0,1661788,1000180,174940,5086756,5368.156,1626.289,0,232.613,0,3.008,2521,3744,1.370,1.360,0.780,3,0,243.642,0,0,11,48,4,32,0
21-08 20:05:05,19.231,15.235,63.188,0,0,1668260,993640,174940,5086780,5219.885,1564.467,0,23.977,0,2.997,4435,9775,1.370,1.360,0.780,1,0,216.788,0,0,11,48,4,32,0
21-08 20:05:06,4.743,4.493,89.866,0,0,1668180,993640,174940,5086840,7369.042,1659.532,0,275.590,0,9.985,1379,2124,1.370,1.360,0.780,2,0,104.844,0,0,11,48,4,26,0
21-08 20:05:07,14.057,19.077,65.767,0,0,1676964,984792,174940,5087212,5729.232,1626.596,0,20.081,0,4.016,4532,7699,1.260,1.340,0.770,17,0,206.839,0,0,13,48,4,26,0
21-08 20:05:08,10.708,17.681,70.724,0,0,1674768,986996,174940,5086888,7484.802,1613.705,0,593.684,0,40.841,2837,4231,1.260,1.340,0.770,2,0,218.149,0,0,13,50,4,25,0
21-08 20:05:09,7.750,21.749,69.496,0,0,1670976,990760,174940,5086916,5619.702,1619.914,0,103.994,0,9.999,2365,3451,1.260,1.340,0.770,3,0,251.987,0,0,13,50,4,25,0
21-08 20:05:10,13.296,19.066,66.228,0,0,1671236,990332,174940,5087068,4810.563,1699.853,0,228.788,0,7.024,3493,5757,1.260,1.340,0.770,2,0,207.715,0,0,13,50,4,23,0
21-08 20:05:11,28.506,19.754,50.760,0,0,1714440,947112,174956,5087080,6825.386,1586.322,0,80.016,0,7.001,4150,6939,1.260,1.340,0.770,4,0,352.071,0,0,13,50,4,23,0
21-08 20:05:12,35.122,12.704,51.064,0,0,1782740,877880,175028,5087928,4676.953,1614.117,0,11.956,0,2.989,3776,8724,1.320,1.350,0.780,2,0,118.568,0,0,13,50,4,21,0
21-08 20:05:13,24.756,7.252,69.267,0,0,1823604,836440,175044,5088408,7074.712,1640.397,32.008,152.037,2.000,2.000,1454,4400,1.320,1.350,0.780,2,0,14.003,0,0,13,58,4,25,0
21-08 20:05:14,22.536,4.006,73.366,0,0,1888472,771216,175044,5088764,5521.713,1622.560,0,532.841,0,2.003,1700,3318,1.320,1.350,0.780,1,0,3.005,0,0,13,58,4,21,0
21-08 20:05:15,0.749,0.749,98.086,0,0,1888252,771216,175044,5088968,6489.157,1854.900,0,1601.324,0,167.720,766,1056,1.320,1.350,0.780,1,0,1.997,0,0,13,58,4,21,0
21-08 20:05:16,2.248,1.998,94.401,0,0,1824640,834744,175044,5089024,13643.620,1618.294,0,998.947,0,3.996,1099,1577,1.320,1.350,0.780,2,0,28.969,0,0,13,58,4,20,0
21-08 20:05:17,17.519,19.021,62.568,0,0,1840380,818728,175044,5089172,5477.955,1695.843,0,28.030,0,7.008,4982,8350,2.090,1.510,0.830,2,0,252.274,0,0,13,56,4,20,0
21-08 20:05:18,16.246,16.246,65.985,0,0,1897268,761852,175044,5089560,6518.527,1511.658,0,3307.253,0,187.958,4591,7517,2.090,1.510,0.830,3,0,224.949,0,0,13,56,4,15,0
21-08 20:05:19,19.007,15.006,64.775,0.250,0.250,1899304,759728,175044,5089268,6187.413,1620.632,0,168.066,0,10.004,4838,9658,2.090,1.510,0.830,1,0,209.082,0,0,11,48,4,15,0
21-08 20:05:20,19.743,17.494,61.479,0,0,1906232,752768,175044,5089288,5706.026,1791.380,0,6269.831,0,216.925,4018,8786,2.090,1.510,0.830,1,0,265.908,0,0,13,56,5,12,0
21-08 20:05:21,37.130,20.321,41.897,0,0,1739800,919032,175044,5089424,5326.659,1699.955,0,280.984,0,4.014,2875,4721,2.090,1.510,0.830,2,0,416.459,0,0,13,50,5,15,0
21-08 20:05:22,33.248,23.499,42.997,0,0,1812912,845536,175048,5089804,4868.708,1619.903,0,23.999,0,6.000,3423,6318,2.080,1.520,0.840,4,0,419.975,0,0,13,58,5,19,0
21-08 20:05:23,41.516,20.008,37.514,0,0,1892436,765672,175048,5090140,5050.914,1694.642,0,12.005,0,3.001,4804,7671,2.080,1.520,0.840,4,0,266.101,0,0,13,58,5,19,0
21-08 20:05:24,34.376,6.227,59.036,0,0,1996868,660732,175056,5090644,5918.587,1656.009,0,7.971,0,1.993,1430,4070,2.080,1.520,0.840,2,0,46.831,0,0,13,58,5,19,0
21-08 20:05:25,23.548,3.758,71.647,0,0,2034616,620732,175248,5092484,5997.264,1773.627,0,44286.566,0,54.111,1085,3144,2.080,1.520,0.840,1,0,4.008,0,0,13,58,5,19,0
21-08 20:05:26,23.021,4.504,62.807,8.007,0,2045364,598052,175400,5103984,8527.701,1621.464,140.127,22276.115,35.032,1493.348,7011,14517,2.080,1.520,0.840,2,1,7.006,0,0,13,60,5,13,0
21-08 20:05:27,26.006,8.252,57.763,7.502,0,2070268,563096,175520,5113492,6915.514,1694.371,0,19616.296,0,2086.457,8320,27655,2.080,1.530,0.850,3,0,7.002,0,0,14,60,5,14,0
21-08 20:05:28,30.862,23.146,44.550,0,0,2231680,399972,175524,5115084,8075.780,1600.820,0,8398.333,0,469.893,5927,17514,2.080,1.530,0.850,2,0,309.611,0,0,14,85,5,24,0
21-08 20:05:29,9.791,21.339,68.033,0,0,2233304,398296,175524,5115104,6255.981,1701.065,0,3225.395,0,51.213,2522,3592,2.080,1.530,0.850,2,0,243.009,0,0,14,85,6,24,0
21-08 20:05:30,10.213,20.177,68.005,0.498,0,2229948,401500,175524,5115252,6174.740,1687.915,0,4089.258,0,207.253,2582,4107,2.080,1.530,0.850,3,0,244.120,0,0,14,85,6,24,0
21-08 20:05:31,27.359,17.570,53.713,0.251,0,2279624,351780,175524,5115608,6281.952,1626.460,0,1393.535,0,169.674,5290,8555,2.080,1.530,0.850,3,0,194.774,0,0,14,86,6,24,0
21-08 20:05:32,46.696,5.244,48.195,0,0,2388868,241992,175544,5116204,5038.211,1584.180,0,223.743,0,15.982,1315,1959,2.070,1.540,0.850,4,0,0,0,0,14,86,6,24,0
21-08 20:05:33,11.466,18.196,68.298,0,0,2402704,227716,175544,5116536,8312.395,1615.219,0,1276.222,0,92.726,2841,4455,2.070,1.540,0.850,2,0,239.292,0,0,14,89,6,25,0
21-08 20:05:34,9.253,18.257,72.277,0,0,2405648,224752,175544,5116552,6766.531,1620.606,0,112.042,0,12.004,2392,3370,2.070,1.540,0.850,2,0,239.089,0,0,14,89,6,25,0
21-08 20:05:35,8.492,19.982,70.936,0,0,2402248,228132,175544,5116572,6629.021,1856.326,0,39.964,0,3.996,2369,3258,2.070,1.540,0.850,2,0,244.779,0,0,14,89,6,25,0
21-08 20:05:36,8.522,19.050,71.186,0,0,2403744,226608,175544,5116600,8156.263,1644.287,0,4.010,0,1.003,2597,3648,2.070,1.540,0.850,2,0,242.633,0,0,14,89,6,25,0
21-08 20:05:37,22.001,5.750,71.004,0,0,2466144,164204,175544,5116604,8326.425,1620.083,0,60.003,0,6.000,1766,2571,1.990,1.530,0.850,3,0,29.001,0,0,14,92,6,25,0
21-08 20:05:38,26.444,6.486,67.109,0.249,0,2442124,188044,175544,5116780,5971.448,1616.602,0,630.674,0,70.851,2487,4237,1.990,1.530,0.850,2,0,68.855,0,0,14,105,6,26,0
21-08 20:05:39,23.329,3.512,72.494,0.251,0,2489212,140948,175556,5116776,6376.495,1517.114,0,457.542,0,44.149,1647,2689,1.990,1.530,0.850,2,0,0,0,0,14,107,6,26,0
21-08 20:05:40,26.507,6.002,64.516,1.750,0,2444940,189384,175556,5112588,6489.635,1620.408,16.004,4809.212,2.001,418.105,3720,8058,1.990,1.530,0.850,2,0,35.009,0,0,14,108,6,28,0
21-08 20:05:41,18.648,7.957,71.858,0.249,0,2486844,147388,175556,5112664,6111.673,1611.214,0,310.308,0,16.908,1423,1947,1.990,1.530,0.850,2,0,77.577,0,0,14,108,6,28,0
21-08 20:05:42,25.408,3.522,68.928,0.503,0,2508968,125216,175564,5112704,6774.108,1704.596,88.550,2849.714,5.031,210.307,2916,5546,1.990,1.540,0.860,3,0,2.013,0,0,14,110,6,28,0
21-08 20:05:43,41.474,11.993,46.471,0.500,0,2551428,121716,174120,5075984,7767.153,1618.990,563.648,7963.031,23.985,623.611,2468,3415,1.990,1.540,0.860,3,0,99.938,0,0,14,112,6,29,0
21-08 20:05:44,27.997,6.749,64.244,0,0,2533184,175276,172644,5042200,5630.459,1565.850,755.927,203.980,28.997,10.999,1744,2477,1.990,1.540,0.860,1,0,54.995,0,0,14,114,6,30,0
21-08 20:05:45,22.260,4.252,73.282,0,0,2585960,122440,172656,5042248,6350.801,1676.739,12.005,184.081,3.001,12.005,1249,1725,1.990,1.540,0.860,2,0,0,0,0,14,116,6,30,0
21-08 20:05:46,21.658,4.979,72.442,0.249,0,2576124,132256,172656,5042268,5596.222,1613.146,0,330.595,0,16.928,1329,1780,1.990,1.540,0.860,2,0,52.776,0,0,14,114,6,31,0
21-08 20:05:47,21.034,7.512,70.613,0.501,0,2556472,177676,172348,5016884,6674.713,1622.604,480.772,1858.984,12.019,292.469,2075,3636,1.910,1.530,0.860,2,0,54.087,0,0,14,114,6,32,0
21-08 20:05:48,21.959,5.739,71.865,0,0,2613032,129724,172220,5008628,5641.372,1616.954,63.880,279.473,5.989,22.957,1363,1879,1.910,1.530,0.860,2,0,29.944,0,0,14,119,6,32,0
21-08 20:05:49,21.007,5.252,72.775,0.250,0,2601536,141064,172224,5008780,6240.140,1620.556,8.003,632.217,2.001,37.013,1482,1990,1.910,1.530,0.860,2,0,55.019,0,0,14,118,6,33,0
21-08 20:05:50,26.615,4.520,67.041,1.255,0,2623868,135044,172204,4992696,5708.747,1627.053,136.592,1948.447,5.022,235.019,2998,6118,1.910,1.530,0.860,2,0,0,0,0,14,120,6,33,0
21-08 20:05:51,20.741,5.997,71.968,0.250,0,2594908,163952,172204,4992748,5296.659,1713.243,0,923.592,0,68.970,1714,2659,1.910,1.530,0.860,2,0,52.977,0,0,14,118,6,34,0
21-08 20:05:52,24.961,3.744,70.890,0.250,0,2611360,147320,172204,4992928,5239.894,1691.383,0,1050.375,0,87.864,1954,3709,1.830,1.520,0.860,3,0,0,0,0,14,120,6,35,0
21-08 20:05:53,34.267,7.504,57.528,0.250,0,2609440,149168,172204,4993000,5740.790,1512.735,0,1020.496,0,96.047,2982,5841,1.830,1.520,0.860,2,0,71.035,0,0,14,121,6,36,0
21-08 20:05:54,24.920,2.492,71.520,0.249,0,2632556,125256,172204,4993796,8366.128,1688.576,741.618,1068.568,128.587,123.603,2286,3829,1.830,1.520,0.860,2,0,0,0,0,14,121,6,37,0
21-08 20:05:55,18.740,10.994,69.461,0.500,0,2608728,147928,172204,4994952,7219.964,1619.095,1011.435,5233.075,21.988,328.816,2361,4091,1.830,1.520,0.860,3,0,146.918,0,0,14,121,6,37,0
21-08 20:05:56,23.630,3.268,71.393,0.503,0,2633640,122992,172204,4994976,9232.790,1739.569,0,1114.129,0,73.404,2127,3358,1.830,1.520,0.860,3,0,2.011,0,0,14,123,6,37,0
21-08 20:05:57,33.238,4.498,59.978,0.750,0,2590928,180000,172044,4980972,8950.742,1619.411,1439.476,3630.678,28.989,354.871,3211,6266,1.770,1.510,0.860,4,0,37.986,0,0,14,121,6,38,0
21-08 20:05:58,38.828,14.187,46.046,0.249,0,2634764,133860,172044,4983196,8478.474,1951.363,1979.240,1254.448,63.718,111.506,4204,14337,1.770,1.510,0.860,3,0,285.735,0,0,14,125,6,39,0
21-08 20:05:59,20.053,7.770,71.688,0,0,2604268,181952,172008,4965920,7947.839,1696.448,44.116,397.041,3.008,22.058,1570,2331,1.770,1.510,0.860,2,0,72.189,0,0,14,125,6,39,0
21-08 20:06:00,8.486,18.968,70.383,0,0,2618472,167716,172016,4965944,6421.309,1781.035,7.987,371.382,1.997,21.963,2537,3719,1.770,1.510,0.860,3,0,251.581,0,0,14,125,6,39,0
21-08 20:06:01,9.248,21.495,67.985,0,0,2618136,167916,172016,4966120,5699.740,1779.607,23.995,383.915,2.000,19.996,2374,3374,1.770,1.510,0.860,2,0,242.946,0,0,14,125,6,39,0
21-08 20:06:02,19.320,16.560,62.979,0.251,0,2627576,158152,172016,4966472,8731.801,1742.346,345.257,1774.463,14.051,109.398,5203,9876,1.710,1.500,0.860,3,0,166.607,0,0,14,125,6,39,0
21-08 20:06:03,31.494,21.996,45.241,0,0,2668752,141304,171704,4942764,6931.614,1619.676,211.958,3003.399,17.996,381.924,4169,7438,1.710,1.500,0.860,3,0,627.874,0,0,14,125,6,39,0
21-08 20:06:04,47.020,18.258,33.514,0.750,0,2770292,130572,169364,4855896,5410.326,1732.745,1064.458,448.193,75.032,25.011,4511,12132,1.710,1.500,0.860,8,0,298.128,0,0,16,135,6,39,0
21-08 20:06:05,59.005,23.002,18.501,0.250,0,2885652,134352,165980,4742700,7739.611,1662.131,424.033,7624.602,71.006,819.065,5631,10687,1.710,1.500,0.860,5,0,588.046,0,0,16,137,6,39,0
21-08 20:06:06,63.723,18.992,16.493,0.500,0,2974192,130488,163940,4661948,5260.775,1715.274,7388.875,5761.563,307.870,396.832,7090,17455,1.710,1.500,0.860,5,0,269.886,0,0,16,149,6,39,0
21-08 20:06:07,39.002,22.251,37.502,0,0,3050268,125220,163940,4592676,5801.232,1620.065,240.010,1536.061,34.001,179.007,3843,6252,1.650,1.490,0.870,3,0,478.019,0,0,16,153,6,39,0
21-08 20:06:08,23.490,19.492,54.728,0.250,0,3082720,133552,163976,4552940,5645.691,1619.338,307.874,499.796,52.978,92.962,3261,4918,1.650,1.490,0.870,3,0,356.854,0,0,17,155,6,39,0
21-08 20:06:09,20.243,14.995,63.228,0.250,0,3097204,124832,163976,4547432,8161.168,1619.438,243.915,1755.391,18.993,270.906,5692,9382,1.650,1.490,0.870,2,0,187.935,0,0,17,155,6,39,0
21-08 20:06:10,31.274,22.017,46.536,0,0,3150156,133728,163976,4486884,5779.462,1621.252,0,576.445,0,50.039,3998,7230,1.650,1.490,0.870,4,0,569.440,0,0,17,155,6,39,0
21-08 20:06:11,46.015,20.007,33.011,0.250,0,3271956,132372,163996,4369096,4913.621,1620.535,48.016,4449.468,7.002,605.200,6556,14510,1.650,1.490,0.870,5,0,306.101,0,0,17,167,6,39,0
21-08 20:06:12,31.999,23.249,43.749,0,0.250,3332060,130764,163996,4311508,7161.828,1689.959,51.999,2943.929,4.000,248.994,4197,7125,1.920,1.550,0.890,4,0,526.987,0,0,17,167,6,39,0
21-08 20:06:13,30.885,23.163,45.331,0.249,0,3401100,136584,164000,4238212,5696.717,1613.970,7.970,3789.841,1.993,337.738,5084,11683,1.920,1.550,0.890,2,0,495.150,0,0,17,173,6,39,0
21-08 20:06:14,10.756,20.762,67.037,0,0,3414576,123120,164000,4238260,6551.649,1512.843,0,416.232,0,31.017,2981,4574,1.920,1.550,0.890,2,0,275.153,0,0,17,179,6,35,0
21-08 20:06:15,18.056,18.056,64.198,0,0,3418832,124832,164004,4232432,6104.840,1645.077,0,658.031,0,44.136,4988,11482,1.920,1.550,0.890,3,0,157.486,0,0,17,179,6,35,0
21-08 20:06:16,41.705,12.237,46.200,0.250,0,3527960,128396,164004,4122256,5709.799,1802.043,31.965,2649.123,7.991,334.637,2141,3009,1.920,1.550,0.890,5,0,104.886,0,0,17,179,6,35,0
21-08 20:06:17,45.091,6.228,47.334,0.249,0,3644432,128152,164004,4008132,5252.527,1614.322,1323.346,486.290,33.881,62.779,1657,2238,1.930,1.560,0.890,4,0,1.993,0,0,17,179,6,35,0
21-08 20:06:18,31.862,13.547,54.692,0,0,3587440,201496,164012,3992280,5490.227,1625.693,152.534,598.095,6.021,41.144,3007,5247,1.930,1.560,0.890,3,0,243.854,0,0,17,185,6,35,0
21-08 20:06:19,38.040,22.274,39.292,0,0,3635060,152552,164016,3993600,6939.363,1621.721,0,340.361,0,24.025,5293,11002,1.930,1.560,0.890,5,0,444.472,0,0,17,196,6,35,0
21-08 20:06:20,45.637,24.938,28.430,0.249,0,3638428,144972,164040,3998136,5987.230,1616.013,1512.269,522.710,35.911,33.916,6415,14625,1.930,1.560,0.890,3,0,356.121,0,0,17,201,6,35,0
21-08 20:06:21,69.843,19.387,10.191,0,0,3724856,140548,164048,3918160,5318.033,1503.247,266.448,10860.758,7.954,590.561,3722,6856,1.930,1.560,0.890,6,0,180.946,0,0,17,218,6,36,0
21-08 20:06:22,75.505,15.647,6.954,0.248,0,3854424,130468,164084,3801476,5688.733,1682.975,484.824,7820.766,8.941,391.436,2988,6109,2.090,1.600,0.910,4,0,50.668,0,0,17,222,6,33,0
21-08 20:06:23,71.498,16.987,11.156,0.254,0,3868140,138068,164164,3780088,4989.666,1588.174,48.680,8437.809,2.028,366.112,3727,10265,2.090,1.600,0.910,5,0,159.223,0,0,17,223,6,38,0
21-08 20:06:24,47.010,29.006,23.255,0,0,3857656,158420,164168,3770524,5436.201,1694.374,4.001,800.177,1.000,51.011,6088,38170,2.090,1.600,0.910,3,0,500.111,0,0,17,223,6,34,0
21-08 20:06:25,45.756,21.003,32.254,0,0,3873356,141796,164168,3771428,5427.722,1714.228,636.085,588.078,6.001,44.006,6606,10753,2.090,1.600,0.910,5,0,275.037,0,0,17,223,6,34,0
21-08 20:06:26,52.470,24.736,21.738,0.250,0,3950448,129756,164168,3707056,9386.621,1619.072,59.966,15087.355,5.997,802.540,5303,9974,2.090,1.600,0.910,4,0,480.725,0,0,17,227,6,34,0
21-08 20:06:27,66.820,22.273,10.261,0.250,0,4011388,126248,164240,3650060,7357.681,1621.693,320.334,5345.581,30.031,464.485,7440,18475,2.480,1.690,0.940,7,0,398.416,0,0,17,231,6,38,0
21-08 20:06:28,55.488,22.995,19.996,0.250,0,4049192,131864,164240,3607248,5909.753,1511.681,0,3083.349,0,207.956,6420,13228,2.480,1.690,0.940,5,0,343.927,0,0,17,233,6,27,0
21-08 20:06:29,67.001,15.750,17.250,0,0,4123136,130576,164248,3536016,6446.103,1736.028,104.002,4020.064,5.000,466.007,6047,11861,2.480,1.690,0.940,4,0,178.003,0,0,17,237,6,31,0
21-08 20:06:30,70.763,8.502,19.254,0.250,0,4243092,129300,164248,3419964,5545.020,1764.325,300.055,6917.273,20.004,741.136,3902,6583,2.480,1.690,0.940,5,0,1.000,0,0,17,246,6,33,0
21-08 20:06:31,58.422,18.475,21.971,0.250,0,4232172,141688,164268,3418480,5192.032,1637.802,1553.915,5924.050,40.945,564.243,5508,11371,2.480,1.690,0.940,6,0,258.653,0,0,17,252,6,41,0
21-08 20:06:32,47.973,24.736,26.235,0.250,0,4240668,134800,164276,3416968,4971.196,1693.045,1591.103,1032.418,39.977,66.962,3897,7260,2.610,1.730,0.960,3,0,516.709,0,0,17,252,6,42,0
21-08 20:06:33,52.066,23.780,24.030,0.250,0,4245056,161744,164356,3386584,5674.184,1622.054,3316.198,3594.551,48.061,422.535,6176,12888,2.610,1.730,0.960,6,0,299.379,0,0,18,252,6,44,0
21-08 20:06:34,80.549,14.759,4.503,0,0,4399592,131212,164356,3265048,5355.251,1620.984,772.469,584.355,7.004,22.013,2225,3238,2.610,1.730,0.960,5,0,15.009,0,0,18,256,6,43,0
21-08 20:06:35,65.991,11.998,20.497,0.250,0,4419924,125684,164392,3250556,7522.015,1511.802,827.892,2563.664,11.998,171.977,3264,6644,2.610,1.730,0.960,8,0,53.993,0,0,18,259,6,44,0
21-08 20:06:36,26.844,14.913,56.920,0,0,4436064,130436,164400,3229804,5637.276,2641.665,576.653,270.430,9.942,18.890,2872,7882,2.610,1.730,0.960,2,0,217.736,0,0,18,258,6,45,0
21-08 20:06:37,20.508,6.253,72.529,0.250,0,4432428,134064,164400,3229812,22311.969,5817.339,800.322,252.101,8.003,21.008,2078,3059,2.480,1.720,0.960,3,0,10.004,0,0,18,263,6,45,1
21-08 20:06:38,19.597,6.532,72.861,0,0,4434632,139232,164400,3222448,5509.260,1682.324,771.819,6291.129,6.030,565.800,1933,2818,2.480,1.720,0.960,2,0,9.045,0,0,18,263,6,44,0
21-08 20:06:39,23.499,10.750,65.998,0.250,0,4454744,133584,164404,3208392,16539158.982,131810.573,771.980,315.992,7.000,19.999,7266,6209,2.480,1.720,0.960,2,0,69.998,0,0,18,266,6,44,0
21-08 20:06:40,27.287,15.876,54.078,0.496,0,4471100,122340,164408,3203392,6122.186,1680.872,2829.898,293.706,36.713,25.799,2724,4523,2.480,1.720,0.960,2,0,201.427,0,0,18,268,6,43,0
21-08 20:06:41,26.071,5.014,67.934,0.501,0,4494120,133708,164408,3169332,8790.823,1782.831,316.859,17940.619,20.054,326.886,3433,6144,2.480,1.720,0.960,2,0,2.005,0,0,18,277,6,44,0
21-08 20:06:42,22.619,7.791,67.857,0.754,0,4497192,136784,164408,3163428,8378.119,1520.004,229.207,751.960,13.069,77.408,3710,7797,2.360,1.700,0.960,2,0,2.011,0,0,18,281,6,44,0
21-08 20:06:43,13.427,17.654,68.128,0.497,0,4445192,188540,164408,3163672,7774.574,1684.806,214.828,330.198,7.957,18.897,2618,3901,2.360,1.700,0.960,3,0,234.719,0,0,18,278,6,45,0
21-08 20:06:44,17.346,11.564,70.140,0,0,4484964,147864,164416,3164568,8170.395,1629.051,1029.721,249.386,16.089,12.067,2369,3900,2.360,1.700,0.960,3,0,230.279,0,0,18,278,6,43,0
21-08 20:06:45,15.990,12.243,70.457,0.250,0,4448320,184336,164420,3164736,7229.575,1692.964,3.998,1183.276,0.999,69.957,2249,3405,2.360,1.700,0.960,2,0,132.919,0,0,18,278,6,43,0
21-08 20:06:46,9.976,18.206,69.832,0,0,4449836,182792,164420,3164764,9380.403,1562.237,0,207.500,0,22.945,2939,4540,2.360,1.700,0.960,2,0,249.399,0,0,18,280,6,42,0
21-08 20:06:47,9.251,20.502,69.256,0,0,4455424,177164,164420,3164804,6352.584,1694.156,32.003,64.006,3.000,5.000,2758,4116,2.250,1.690,0.960,2,0,254.023,0,0,18,280,6,42,0
21-08 20:06:48,4.745,3.246,91.151,0.250,0,4456396,176152,164420,3164844,5899.587,1660.195,7.991,16418.153,0.999,76.916,1593,2729,2.250,1.690,0.960,2,0,28.969,0,0,18,284,6,41,0
21-08 20:06:49,21.836,3.263,74.042,0,0,4507824,132156,164420,3157484,6909.292,1517.996,80.317,1911.551,5.020,270.067,1550,2259,2.250,1.690,0.960,2,0,9.036,0,0,18,285,6,41,0
21-08 20:06:50,16.422,13.934,68.424,0.249,0,4449940,193240,164424,3154292,6056.142,1837.246,59.715,493.648,4.976,33.839,2758,4267,2.250,1.690,0.960,4,0,148.293,0,0,18,290,7,40,0
21-08 20:06:51,12.023,17.283,69.381,0,0,4451416,191480,164424,3154576,5734.856,1697.213,0,48.091,0,4.008,2668,3906,2.250,1.690,0.960,2,0,157.298,0,0,18,290,7,40,0
21-08 20:06:52,11.463,17.443,68.527,0.249,0,4454676,187992,164424,3154804,6973.288,1614.741,31.896,486.416,1.994,35.883,3002,4605,2.150,1.680,0.960,3,0,164.464,0,0,18,292,7,38,0
21-08 20:06:53,18.731,8.741,71.178,0.250,0,4499336,142740,164424,3155396,5486.415,1692.277,571.418,119.878,24.975,12.987,1916,2921,2.150,1.680,0.960,3,0,73.925,0,0,18,294,7,38,0
21-08 20:06:54,24.007,3.501,72.021,0.250,0,4550012,125928,164424,3121648,8110.344,1566.453,252.073,0,25.007,0,1346,1976,2.150,1.680,0.960,3,0,0,0,0,18,294,7,35,0
21-08 20:06:55,23.268,3.753,71.806,0.250,0,4459912,234764,164424,3103080,11318.772,1587.230,136.105,2898.246,8.006,371.288,1934,3035,2.150,1.680,0.960,2,0,8.006,0,0,18,296,7,35,0
21-08 20:06:56,25.711,2.746,71.393,0.250,0,4520072,174540,164424,3103144,12787.806,1617.572,47.928,131.802,4.993,11.982,1500,2309,2.150,1.680,0.960,2,0,1.997,0,0,18,296,7,35,0
21-08 20:06:57,25.401,3.269,70.419,0,0,4558120,136488,164424,3103148,7137.468,1778.583,4.024,0,1.006,0,1877,2974,2.060,1.670,0.960,2,0,2.012,0,0,18,302,7,35,0
21-08 20:06:58,30.077,6.960,62.640,0.249,0,4477688,216624,164424,3103444,10199.415,1610.748,274.424,346.013,27.840,37.783,2832,8105,2.060,1.670,0.960,2,0,48.720,0,0,18,296,7,36,0
21-08 20:06:59,23.765,5.003,71.795,0,0,4448740,245564,164424,3103452,7700.867,1621.024,0,48.030,0,6.004,1514,2201,2.060,1.670,0.960,2,0,35.022,0,0,18,296,7,34,0
21-08 20:07:00,9.538,19.579,70.283,0.251,0,4462048,230984,164432,3104716,4318.399,1626.553,1502.052,325.311,20.081,10.040,2660,4045,2.060,1.670,0.960,2,0,218.882,0,0,18,296,7,34,0
21-08 20:07:01,13.529,17.288,68.649,0,0,4482944,209992,164432,3104812,7285.861,1697.696,16.035,2729.943,4.009,147.321,2881,4404,2.060,1.670,0.960,2,0,241.526,0,0,18,296,7,33,0
21-08 20:07:02,18.391,10.190,70.335,0.249,0,4503984,188364,164444,3105356,4950.780,1491.199,540.808,425.489,32.806,28.830,2035,3283,1.970,1.660,0.960,2,0,91.460,0,0,18,296,7,33,0
21-08 20:07:03,23.259,6.002,68.776,0.250,0,4525468,166692,164460,3105528,5772.188,1690.641,160.061,100.038,8.003,4.002,9301,18458,1.970,1.660,0.960,3,0,13.005,0,0,18,296,7,33,0
21-08 20:07:04,20.002,2.500,77.259,0.250,0,4506800,183240,164624,3107260,15466.887,5369.655,0,828.101,0,28.003,1435,2210,1.970,1.660,0.960,2,0,1.000,0,0,18,297,7,33,0
21-08 20:07:05,22.757,6.002,68.770,0,0,4527176,162828,164624,3107264,5826.731,1768.525,0,24.007,0,6.002,8029,16385,1.970,1.660,0.960,2,0,12.004,0,0,18,297,7,33,0
21-08 20:07:06,16.265,11.761,71.064,0,0,4470372,219904,164624,3106996,6169.522,1837.645,0,88.079,0,2.002,2313,3504,1.970,1.660,0.960,2,0,172.154,0,0,18,296,7,33,0
21-08 20:07:07,21.233,7.994,69.444,0,0,4505880,184200,164624,3107192,5882.230,1618.687,0,267.783,0,13.989,2007,3057,1.890,1.650,0.960,2,0,93.924,0,0,18,296,7,33,0
21-08 20:07:08,19.992,8.247,69.471,0.500,0,4467128,222592,164624,3107552,5189.805,1661.297,23.990,387.836,1.999,28.988,2419,3934,1.890,1.650,0.960,3,0,84.964,0,0,18,296,7,35,0
21-08 20:07:09,23.634,4.777,71.403,0,0,4525860,163840,164624,3107572,4994.212,1508.522,0,72.409,0,7.040,1577,2420,1.890,1.650,0.960,2,0,27.153,0,0,18,297,7,35,0
21-08 20:07:10,20.373,8.199,70.560,0,0,4488212,201476,164624,3107584,5262.164,1609.954,0,0,0,0,1852,2661,1.890,1.650,0.960,3,0,69.566,0,0,18,296,7,36,0
21-08 20:07:11,22.784,4.006,71.607,0.250,0,4467172,222516,164624,3107584,5762.650,1622.435,0,96.144,0,9.014,1729,2688,1.890,1.650,0.960,2,0,5.008,0,0,18,296,7,36,0
21-08 20:07:12,21.240,5.747,70.966,0,0,4518088,171516,164624,3107668,5004.583,1735.162,51.975,283.863,3.998,21.989,1805,2850,1.820,1.640,0.960,3,0,50.975,0,0,18,296,7,36,0
21-08 20:07:13,22.983,4.497,71.199,0,0,4493108,196484,164624,3107680,6073.609,1618.830,0,147.893,0,8.993,1874,2859,1.820,1.640,0.960,3,0,31.977,0,0,18,296,7,38,0
21-08 20:07:14,22.786,5.509,70.612,0.250,0,4453436,236152,164624,3107684,7122.310,1622.577,0,360.573,0,42.067,2150,3510,1.820,1.640,0.960,2,0,47.075,0,0,18,296,7,38,0
21-08 20:07:15,22.967,3.994,72.145,0,0,4516412,173152,164624,3107708,6287.832,1617.641,0,151.779,0,9.985,1499,2260,1.820,1.640,0.960,2,0,0,0,0,18,296,7,38,0
21-08 20:07:16,24.261,5.002,70.533,0,0,4508088,181464,164624,3107720,5245.476,1512.714,0,256.121,0,12.006,1758,2655,1.820,1.640,0.960,3,0,34.016,0,0,18,296,7,41,0
21-08 20:07:17,19.755,8.002,70.268,0,0,4474176,215224,164624,3107872,5755.456,1566.396,0,344.087,0,33.008,2223,3670,1.840,1.640,0.970,3,0,88.022,0,0,18,296,7,41,0
21-08 20:07:18,27.004,4.251,68.509,0.250,0,4525784,163592,164624,3107896,7004.932,1620.215,20.003,300.040,2.000,28.004,1987,3070,1.840,1.640,0.970,4,0,0,0,0,18,299,7,42,0
21-08 20:07:19,25.996,5.499,68.238,0,0,4510532,178704,164624,3108036,5957.987,1619.725,0,143.976,0,7.999,2306,3977,1.840,1.640,0.970,2,0,46.992,0,0,18,296,7,43,0
21-08 20:07:20,25.746,3.999,68.490,0.250,0,4486536,202636,164624,3108100,7094.914,1619.752,39.994,651.900,3.999,34.995,2186,3431,1.840,1.640,0.970,3,0,13.998,0,0,18,296,7,44,0
21-08 20:07:21,26.844,3.512,68.991,0.502,0,4522356,166600,164624,3108316,5860.500,1774.206,220.772,509.783,18.063,64.225,2322,3856,1.840,1.640,0.970,7,0,0,0,0,18,298,7,43,0
21-08 20:07:22,27.121,5.225,66.932,0.249,0,4500768,187760,164628,3108740,5497.869,1685.987,171.186,1198.304,13.934,127.394,2943,5507,1.770,1.630,0.970,4,0,4.976,0,0,18,296,7,44,0
21-08 20:07:23,25.257,2.751,70.519,0.250,0,4528792,159536,164628,3108940,5336.419,1512.402,84.022,764.203,4.001,80.021,2492,4319,1.770,1.630,0.970,4,0,0,0,0,18,298,7,40,0
21-08 20:07:24,19.037,13.276,66.630,0.751,0,4480064,208168,164632,3109032,5573.891,1697.317,0,1530.992,0,121.237,3338,5814,1.770,1.630,0.970,2,0,225.441,0,0,18,296,7,41,0
21-08 20:07:25,9.781,22.321,66.962,0,0,4477056,210808,164632,3109400,5333.882,1665.271,485.537,1368.331,5.016,135.429,2955,4601,1.770,1.630,0.970,2,0,323.022,0,0,18,296,7,40,0
21-08 20:07:26,11.462,20.682,66.283,0.498,0,4479228,208472,164632,3109564,8822.134,1614.717,0,5916.641,0,533.255,3727,6141,1.770,1.630,0.970,3,0,419.627,0,0,18,296,7,40,0
21-08 20:07:27,12.014,19.773,67.830,0.250,0,4478928,208744,164640,3109584,5484.494,1663.970,4.005,232.275,1.001,28.033,3481,5682,1.790,1.640,0.980,2,0,443.525,0,0,18,296,7,36,0
21-08 20:07:28,12.034,20.307,67.438,0,0,4484312,203332,164640,3109612,5682.861,1698.741,0,810.261,0,59.165,4417,7788,1.790,1.640,0.980,3,0,632.766,0,0,18,296,7,36,0
21-08 20:07:29,9.754,20.008,68.276,0,0,4482168,205436,164640,3109652,6205.408,1768.686,0,160.062,0,19.007,3988,7066,1.790,1.640,0.980,3,0,624.242,0,0,18,296,7,32,0
21-08 20:07:30,11.742,19.487,67.707,0.250,0,4484596,202964,164640,3109696,5395.536,1658.935,0,315.797,0,25.983,3970,6917,1.790,1.640,0.980,2,0,607.610,0,0,18,296,7,32,0
21-08 20:07:31,11.712,18.689,69.771,0,0,4487612,199864,164644,3109776,5331.534,1614.710,51.830,299.020,4.984,13.954,3404,5716,1.790,1.640,0.980,4,0,417.632,0,0,18,296,7,22,0
21-08 20:07:32,19.080,8.536,70.546,0,0,4508328,249576,165080,3046332,6395.798,1721.212,8.034,64.269,1.004,8.034,7059,14221,1.720,1.630,0.980,2,0,45.189,0,0,18,296,7,22,0
21-08 20:07:33,11.182,1.739,84.980,0,0,4525632,230020,165176,3048264,10323.870,3637.755,31.806,2254.215,0.994,22.860,1501,2495,1.720,1.630,0.980,1,0,2.982,0,0,18,297,7,19,0
21-08 20:07:34,14.319,2.010,82.649,0.754,0,4527072,228256,165212,3048520,16944.741,7137.431,120.582,1205.817,17.082,74.359,1632,2686,1.720,1.630,0.980,2,0,0,0,0,18,298,7,19,0
21-08 20:07:35,11.695,0.746,85.346,0.249,0,4536864,217924,165240,3049032,12934.805,7379.090,437.928,521.533,21.896,21.896,1278,2059,1.720,1.630,0.980,1,0,0,0,0,18,298,7,18,0
21-08 20:07:36,17.552,0.251,80.236,1.254,0,4541312,212464,165308,3049932,27676.424,15704.202,830.443,2928.616,65.192,56.165,1600,2627,1.720,1.630,0.980,4,0,2.006,0,0,18,298,7,18,0
21-08 20:07:37,20.413,1.743,76.424,0.249,0,4555796,197148,165352,3050688,17664.660,10511.170,525.758,824.484,31.864,31.864,1572,2442,1.590,1.600,0.970,2,0,0,0,0,18,298,7,17,0
21-08 20:07:38,20.011,1.751,77.793,1.251,0,4564256,187852,165384,3051460,22039.099,13186.239,540.297,1576.866,38.021,80.044,1837,2894,1.590,1.600,0.970,2,0,0,0,0,18,298,7,17,0
21-08 20:07:39,20.997,3.999,72.239,1.750,0,4570184,135644,165452,3096120,5071.239,1817.727,11298.305,2335.650,222.967,87.987,1830,2878,1.590,1.600,0.970,3,0,0,0,0,18,297,7,17,1
21-08 20:07:40,21.001,3.500,71.504,1.500,0,4575400,126092,165560,3098332,6272.332,1566.083,0,8436.447,0,513.027,2052,3194,1.590,1.600,0.970,2,0,0,0,0,18,297,7,17,1
21-08 20:07:41,23.746,3.749,70.987,0.750,0,4483328,238732,165804,3076160,6574.830,1859.669,0,2099.626,0,72.987,1607,2634,1.590,1.600,0.970,2,0,1.000,0,0,18,296,7,17,0
21-08 20:07:42,24.168,5.287,70.743,0,0,4536224,183420,165916,3078348,6316.029,1631.372,394.752,4.028,5.035,1.007,5992,11810,1.540,1.590,0.970,3,0,9.063,0,0,18,296,7,15,0
21-08 20:07:43,23.509,6.002,68.777,0,0,4534144,185348,165928,3078488,6731.686,1620.647,0,1660.663,0,17.007,11155,22705,1.540,1.590,0.970,3,0,13.005,0,0,18,296,7,15,0
21-08 20:07:44,22.373,4.972,70.598,0,0,4482752,236604,165928,3078592,6031.680,1503.445,0,560.809,0,27.842,4396,8002,1.540,1.590,0.970,2,0,17.898,0,0,18,296,7,14,0
21-08 20:07:45,23.230,6.245,68.191,0,0,4505000,214480,165932,3078508,5998.829,1766.477,0,37183.947,0,85.926,9928,19721,1.540,1.590,0.970,5,0,47.959,0,0,18,296,7,14,0
21-08 20:07:46,24.002,6.000,68.005,0.250,0,4542776,176684,165940,3078512,7605.608,1694.136,4.000,2896.232,1.000,143.011,9650,19472,1.540,1.590,0.970,5,0,18.001,0,0,18,296,7,14,0
21-08 20:07:47,24.214,4.493,69.397,0,0,4520328,199000,165940,3078644,5753.450,1617.596,0,347.484,0,12.981,9049,18616,1.500,1.580,0.970,3,0,12.981,0,0,18,296,7,14,0
21-08 20:07:48,24.512,4.252,71.035,0,0,4516572,202888,165940,3078524,7508.657,1608.783,0,392.191,0,27.013,1731,2504,1.500,1.580,0.970,2,0,9.004,0,0,18,296,7,14,0
21-08 20:07:49,22.121,5.782,71.391,0,0,4501788,215964,165980,3080192,5590.631,1628.925,0,112.617,0,5.028,3860,7162,1.500,1.580,0.970,3,0,100.551,0,0,18,296,7,14,0
21-08 20:07:50,23.718,6.491,68.408,0,0,4537252,165556,166528,3092624,7595.791,2675.404,3.995,7.989,0.999,1.997,6213,11870,1.500,1.580,0.970,2,0,6.991,0,0,18,297,7,14,0
21-08 20:07:51,25.670,7.975,65.796,0.249,0,4539688,162916,166552,3092776,11062.628,3664.614,765.621,1004.878,5.981,2.991,1612,2314,1.500,1.580,0.970,4,0,7.975,0,0,18,298,7,14,0
21-08 20:07:52,19.768,2.252,77.319,0.250,0,4544796,157624,166604,3092836,27108.262,12490.179,256.229,1133.014,2.002,38.034,1708,2625,1.380,1.550,0.970,3,0,1.001,0,0,18,298,7,14,0
21-08 20:07:53,11.248,1.250,85.483,0.250,0,4544796,157224,166672,3093104,51002.748,13175.352,0,1235.752,0,47.990,1520,2440,1.380,1.550,0.970,1,0,0,0,0,18,299,7,14,0
21-08 20:07:54,5.998,1.000,90.718,1.000,0.250,4544960,156724,166776,3093264,118568.027,8532.979,0,1299.540,0,66.976,1512,2452,1.380,1.550,0.970,3,0,0,0,0,18,299,7,14,0
21-08 20:07:55,20.026,1.752,77.351,0.250,0,4549268,152284,166828,3093336,19264.140,10812.110,0,1037.354,0,40.052,1445,2183,1.380,1.550,0.970,2,0,0,0,0,18,299,7,14,0
21-08 20:07:56,18.720,1.997,78.623,0.499,0,4558868,142220,166892,3093648,205870.108,16082.994,0,1389.753,0,44.927,1684,2520,1.380,1.550,0.970,3,0,1.997,0,0,18,298,7,14,1
21-08 20:07:57,7.497,1.999,90.961,0.250,0,4560548,140456,166900,3093684,33439.688,8316.441,0,851.636,0,42.982,1314,2241,1.270,1.530,0.960,3,0,0,0,0,18,298,7,14,1
21-08 20:07:58,11.249,4.249,82.239,0.750,0,4562144,152380,166912,3080264,59344.107,8389.884,23.997,1483.803,3.999,102.986,2488,5891,1.270,1.530,0.960,1,0,33.995,0,0,18,298,7,15,1
21-08 20:07:59,6.253,0.500,90.795,0.500,0,4562232,152016,167000,3080228,64931.466,9259.630,0,1112.556,0,54.027,1363,2247,1.270,1.530,0.960,1,0,0,0,0,18,298,7,15,1
21-08 20:08:00,17.233,1.998,79.922,0.250,0,4557272,146288,167088,3090760,1102218.235,22379.158,79.922,2093.956,6.993,46.954,2076,2626,1.270,1.530,0.960,2,0,0.999,0,0,18,298,7,14,1
21-08 20:08:01,11.577,4.782,81.039,1.258,0,4555636,125400,167264,3112900,16762941.561,91335.380,140.937,17947.350,6.040,100.669,5896,4545,1.270,1.530,0.960,2,0,11.074,0,0,18,298,7,14,1
21-08 20:08:02,21.614,6.211,69.562,1.491,0,4557508,133380,167896,3100848,102835.752,3434.384,31.800,92366.644,2.981,717.484,2226,3293,1.320,1.530,0.970,2,0,0.994,0,0,18,298,6,14,1
21-08 20:08:03,22.467,4.493,72.144,0.499,0,4562608,124936,170724,3098340,5522.865,1617.617,15.976,4133.911,0.999,78.884,1550,2607,1.320,1.530,0.970,3,1,0,0,0,18,298,6,14,1
21-08 20:08:04,20.500,6.000,70.751,1.250,0,4559436,138456,171684,3085088,5608.118,1566.033,0,2620.055,0,133.003,1826,3000,1.320,1.530,0.970,2,0,0,0,0,18,298,6,14,1
21-08 20:08:05,22.776,4.505,71.082,1.001,0,4559936,140568,173488,3078312,5451.253,1513.736,0,2663.055,0,108.124,1738,2787,1.320,1.530,0.970,4,0,0,0,0,18,298,6,14,1
21-08 20:08:06,23.505,3.251,71.516,0.500,0,4554876,137552,174436,3083448,5579.266,1662.377,0,3236.735,0,74.017,1548,2632,1.320,1.530,0.970,3,0,2.000,0,0,18,298,6,14,1
21-08 20:08:07,21.498,2.250,75.745,0.500,0,4494076,225620,174740,3055428,12407.119,4288.696,183.987,1247.911,7.000,38.997,1537,2409,1.300,1.530,0.970,3,0,2.000,0,0,18,296,6,14,0
21-08 20:08:08,23.540,6.261,68.365,0.250,0,4532904,184892,174756,3057248,5727.634,1622.729,16.027,1482.494,4.007,30.051,8327,16683,1.300,1.530,0.970,2,0,9.015,0,0,18,296,6,12,0
21-08 20:08:09,23.734,3.997,71.702,0,0,4522284,195304,174756,3057444,10742.856,1618.923,0,1994.674,0,11.992,1579,2293,1.300,1.530,0.970,3,0,7.995,0,0,18,296,6,12,0
21-08 20:08:10,23.013,6.754,68.540,0,0,4514900,202612,174756,3057520,9475.515,1765.027,0,752.438,0,32.019,8274,16453,1.300,1.530,0.970,4,0,12.007,0,0,18,296,6,11,0
21-08 20:08:11,24.457,3.993,71.623,0,0,4520592,193968,174936,3059684,4565.927,1720.957,167.704,606.927,3.993,5.989,1362,2047,1.300,1.530,0.970,2,0,5.989,0,0,18,296,6,11,0
21-08 20:08:12,25.290,4.257,69.360,1.002,0,4524416,188744,175072,3060796,4693.430,1556.464,865.370,4234.704,30.048,358.568,3708,7812,1.270,1.520,0.970,4,0,2.003,0,0,18,301,6,15,0
21-08 20:08:13,23.245,9.248,64.735,1.500,0.250,4472904,239664,175072,3061384,5995.639,1693.616,535.878,1999.546,25.994,237.946,4101,8038,1.270,1.520,0.970,3,0,92.979,0,0,18,300,6,18,0
21-08 20:08:14,10.244,20.239,68.211,0,0,4480876,231508,175072,3061552,6057.565,1619.082,0,343.805,0,17.990,2847,4318,1.270,1.520,0.970,3,0,286.837,0,0,18,300,6,16,0
21-08 20:08:15,11.490,8.243,69.936,8.742,0,4462352,233556,175072,3078028,5539.970,1618.530,16580.945,1942.236,1375.751,98.910,3346,5834,1.270,1.520,0.970,2,1,68.937,0,0,18,300,6,18,0
21-08 20:08:16,9.758,4.754,71.058,12.760,0,4463084,204072,175080,3106760,7052.734,2174.768,28831.440,1377.120,2102.710,21.017,3739,6704,1.270,1.520,0.970,3,0,8.007,0,0,18,301,6,15,0
21-08 20:08:17,3.247,1.499,95.169,0,0,4462888,204072,175080,3106956,20567.435,3628.901,0,327.720,0,21.981,1310,2128,1.170,1.490,0.960,1,0,0,0,0,18,301,6,15,0
21-08 20:08:18,4.000,1.250,93.508,0.250,0,4462884,204072,175080,3106960,39236.453,5099.449,0,196.017,0,26.002,1396,2270,1.170,1.490,0.960,1,0,0,0,0,18,301,6,15,0
21-08 20:08:19,4.250,3.750,91.250,0.250,0,4451708,211476,175600,3109960,110152.110,129712.130,2472.002,440.000,41.000,1.000,1341,1984,1.170,1.490,0.960,1,0,12.000,0,0,18,300,6,15,0
21-08 20:08:20,3.000,0.750,94.265,0.250,0,4451952,211224,175600,3109964,5034.811,1846.297,0,1056.170,0,35.006,1274,2135,1.170,1.490,0.960,1,0,0,0,0,18,300,7,12,0
21-08 20:08:21,4.979,1.494,93.861,0,0,4451948,211224,175600,3109968,5264.164,1687.002,0,0,0,0,1312,2103,1.170,1.490,0.960,1,0,0,0,0,18,300,7,12,0
21-08 20:08:22,5.274,2.260,90.659,0,0,4451828,211224,175600,3110088,5901.604,1627.336,0,0,0,0,2008,3743,1.080,1.470,0.960,1,0,0,0,0,18,300,7,12,0
21-08 20:08:23,5.754,0.751,91.063,0.500,0,4451792,211224,175600,3110124,7477.152,1695.168,20.014,604.416,2.001,80.055,2008,3399,1.080,1.470,0.960,2,0,0,0,0,18,302,7,13,0
21-08 20:08:24,3.501,1.500,94.030,0,0,4451780,211224,175600,3110136,5311.694,1620.517,0,208.066,0,20.006,1277,2240,1.080,1.470,0.960,1,0,0,0,0,18,302,7,13,0
21-08 20:08:25,2.750,0.250,96.240,0.250,0,4451780,211224,175600,3110136,5195.434,1457.841,0,107.988,0,7.999,1001,1646,1.080,1.470,0.960,1,0,0,0,0,18,302,7,12,0
21-08 20:08:26,3.248,1.249,95.199,0,0,4452024,210976,175600,3110140,8467.445,1693.089,0,399.785,0,25.986,1175,2027,1.080,1.470,0.960,1,0,1.999,0,0,18,302,7,12,0
21-08 20:08:27,2.501,0.750,96.027,0,0,4451896,210976,175600,3110268,5022.406,1768.495,0,0,0,0,995,1687,0.990,1.440,0.950,1,0,0,0,0,18,302,7,12,0
21-08 20:08:28,3.751,2.000,93.517,0.500,0,4451892,210976,175600,3110272,5503.018,1620.300,0,1900.352,0,282.052,1699,2824,0.990,1.440,0.950,1,0,0,0,0,18,302,7,12,0
21-08 20:08:29,3.249,1.000,95.221,0.250,0,4451888,210976,175604,3110272,6684.974,1693.487,0,1031.687,0,62.981,1215,2133,0.990,1.440,0.950,1,0,0,0,0,18,302,7,12,0
21-08 20:08:30,4.002,0.750,94.792,0.500,0,4451888,210976,175604,3110272,5138.287,1694.754,0,1984.883,0,97.043,1164,2117,0.990,1.440,0.950,1,0,0,0,0,18,302,7,12,0
21-08 20:08:31,2.250,0.250,96.229,0,0,4451888,210976,175604,3110272,4834.927,1619.640,0,31.993,0,3.999,1052,1792,0.990,1.440,0.950,1,0,0,0,0,18,302,7,12,0
21-08 20:08:32,3.000,0.500,95.496,0,0,4452308,210556,175604,3110272,4537.800,1531.933,0,24746.911,0,343.985,1235,1841,0.910,1.420,0.950,2,0,0,0,0,18,302,7,12,0
21-08 20:08:33,1.750,0.750,95.001,0.250,0,4452520,210556,175604,3110280,5817.087,1620.024,0,668.010,0,39.001,1316,2418,0.910,1.420,0.950,1,0,0,0,0,18,302,7,12,0
21-08 20:08:34,3.001,1.250,96.017,0,0,4452516,210556,175604,3110284,4374.752,1620.279,0,88.015,0,11.002,1021,1826,0.910,1.420,0.950,1,0,0,0,0,18,302,7,12,0
21-08 20:08:35,2.001,1.501,96.300,0,0.250,4452516,210556,175604,3110284,6484.359,1768.916,0,0,0,0,1041,1762,0.910,1.420,0.950,1,0,0,0,0,18,302,7,12,0
21-08 20:08:36,4.501,0.750,94.022,0,0.250,4452512,210556,175604,3110288,5020.180,1694.398,0,100.024,0,12.003,1323,2345,0.910,1.420,0.950,1,0,2.000,0,0,18,302,7,12,0
21-08 20:08:37,2.508,4.263,92.030,0,0,4457928,205140,175608,3110284,5494.720,1624.945,0,118047.218,0,356.084,2006,3259,0.840,1.390,0.940,1,0,0,0,0,18,302,7,12,0
21-08 20:08:38,3.737,0.747,93.911,0.249,0,4457720,205268,175608,3110300,5334.742,1614.173,0,2766.015,0,120.565,1521,2518,0.840,1.390,0.940,1,0,0,0,0,18,302,7,12,0
21-08 20:08:39,2.250,1.000,96.261,0,0,4457720,205268,175608,3110300,5155.593,1458.168,0,0,0,0,1080,1835,0.840,1.390,0.940,2,0,0,0,0,18,302,7,12,0
21-08 20:08:40,2.749,1.500,93.729,0.250,0,4457720,205268,175608,3110300,8917.012,1619.639,0,503.888,0,47.989,1527,2682,0.840,1.390,0.940,1,0,0,0,0,18,302,7,12,0
21-08 20:08:41,2.495,1.248,95.323,0,0,4457912,205044,175608,3110332,5781.247,1658.914,0,0,0,0,1086,1838,0.840,1.390,0.940,1,0,0,0,0,18,302,7,12,0
21-08 20:08:42,3.751,0.750,95.763,0,0,4457912,205044,175608,3110332,6244.849,1736.236,0,0,0,0,1061,1761,0.770,1.370,0.940,3,0,0,0,0,18,302,7,12,0
21-08 20:08:43,2.750,1.500,94.762,0.500,0,4459056,203896,175616,3110324,6256.813,1690.220,0,4808.625,0,51.007,1430,2492,0.770,1.370,0.940,1,0,0,0,0,18,302,7,12,0
21-08 20:08:44,2.501,0.750,96.048,0,0,4458788,204148,175616,3110340,6889.417,1620.804,0,4.002,0,1.000,1065,1787,0.770,1.370,0.940,1,0,0,0,0,18,302,7,12,0
21-08 20:08:45,2.251,0.750,96.533,0,0,4458788,204148,175616,3110340,5946.063,1694.588,0,0,0,0,1028,1709,0.770,1.370,0.940,2,0,0,0,0,18,302,7,12,0
21-08 20:08:46,2.998,0.750,95.202,0.250,0,4459032,203900,175616,3110344,6275.843,1511.240,0,91.954,0,6.996,1172,1953,0.770,1.370,0.940,1,0,1.999,0,0,18,302,7,12,0
21-08 20:08:47,2.501,0.750,96.269,0,0,4459032,203900,175616,3110344,8779.756,1566.313,0,0,0,0,1019,1714,0.710,1.350,0.930,1,0,0,0,0,18,302,7,12,0
21-08 20:08:48,3.502,0.750,94.802,0,0,4459032,203900,175616,3110344,7505.098,1620.885,0,628.343,0,90.049,1385,2333,0.710,1.350,0.930,1,0,0,0,0,18,302,7,12,0
21-08 20:08:49,2.251,0.750,96.062,0,0,4459028,203900,175616,3110348,5369.463,972.627,0,36.023,0,4.003,1046,1782,0.710,1.350,0.930,1,0,0,0,0,18,302,7,12,0
21-08 20:08:50,12.819,3.770,81.688,0.251,0,4464508,198100,175640,3110608,225314.134,3563.105,281.509,538.890,9.049,28.151,1578,2454,0.710,1.350,0.930,3,0,10.054,0,0,18,302,7,12,0
21-08 20:08:51,26.425,8.975,63.321,0,0,4463900,198432,175668,3110840,346912.544,10595.992,973.244,3.989,13.960,0.997,2022,2590,0.710,1.350,0.930,4,0,46.867,0,0,18,302,7,12,0
