"pcp-dstat 5.3.6 CSV Output"
"Author:","PCP team <pcp@groups.io> and Dag Wieers <dag@wieers.com>",,,,"URL:","https://pcp.io/ and http://dag.wieers.com/home-made/dstat/"
"Host:","jammy-provider-cloud-0000007822",,,,"User:","ubuntu"
"Cmdline:","dstat -tcmndrylpg --tcp --output /tmp/devstack_logs/dstat-csv.log",,,,"Date:","12 Dec 2024 20:06:46 UTC"
"system","total usage",,,,,"memory usage",,,,"net/total",,"dsk/total",,"io/total",,"system",,"load avg",,,"procs",,,"paging",,"tcp sockets",,,,
"time","total usage:usr","total usage:sys","total usage:idl","total usage:wai","total usage:stl","used","free","buf","cach","net/total:recv","net/total:send","dsk/total:read","dsk/total:writ","read","writ","int","csw","1m","5m","15m","run","blk","new","in","out","lis","act","syn","tim","clo"
12-12 20:06:46,,987660,1972292,163692,4692248,,,,,,,1.160,0.820,0.440,1,0,,,,9,5,7,16,1
12-12 20:06:47,20.476,20.226,58.431,0.499,0,1005740,1953696,163724,4692724,62882.735,13219.388,0,2620.905,0,112.867,3151,5055,1.230,0.840,0.450,2,0,371.561,0,0,9,5,7,16,1
12-12 20:06:48,20.733,19.734,56.205,0.500,0,1012976,1926508,163748,4712652,5200605.713,55307.533,0,7465.997,0,102.917,5415,6591,1.230,0.840,0.450,2,0,392.684,0,0,9,4,7,16,2
12-12 20:06:49,34.981,18.990,44.976,0.999,0,1035388,1872832,164256,4740196,7528.018,1713.094,0,6824.390,0,116.938,5491,12740,1.230,0.840,0.450,4,0,245.870,0,0,9,4,7,16,2
12-12 20:06:50,29.476,9.992,58.702,1.249,0,1149640,1722212,165716,4895780,5993.146,1618.689,0,3956.795,0,152.876,4701,12064,1.230,0.840,0.450,1,0,47.961,0,0,10,4,7,16,2
12-12 20:06:51,36.331,9.772,53.119,0.251,0,1064768,1815948,166088,4885608,15336.369,4442.957,80.180,1627.648,1.002,53.119,2230,3248,1.230,0.840,0.450,3,0,199.447,0,0,10,4,7,16,0
12-12 20:06:52,42.979,10.995,45.977,0.250,0,1160792,1718344,166112,4887236,9736.200,1605.209,0,1559.231,0,27.986,9625,19535,1.290,0.860,0.460,2,0,105.948,0,0,10,4,7,18,0
12-12 20:06:53,43.252,7.250,46.002,2.000,0,1209468,1667704,166288,4888740,6376.287,1808.081,0,6608.297,0,334.015,9987,20632,1.290,0.860,0.460,2,0,25.001,0,0,10,6,7,18,0
12-12 20:06:54,30.513,7.503,46.270,14.756,0,1173388,1695524,167132,4895884,6396.738,1788.766,0,32950.103,0,2978.275,11300,25080,1.290,0.860,0.460,1,1,55.024,0,0,10,6,7,18,0
12-12 20:06:55,37.450,8.988,45.440,6.741,0,1103824,1763784,167452,4896836,6270.691,1659.801,0,26636.706,0,1934.437,6508,13574,1.290,0.860,0.460,1,0,142.811,0,0,10,4,7,18,0
12-12 20:06:56,24.715,1.498,73.146,0.250,0,1160768,1706832,167464,4896832,7542.328,1659.652,0,1821.423,0,107.847,1077,1336,1.290,0.860,0.460,2,0,1.997,0,0,10,4,7,18,0
12-12 20:06:57,23.009,2.751,72.528,1.000,0,1114428,1753156,167508,4896800,7004.690,1620.622,0,8787.374,0,475.182,1450,2852,1.270,0.870,0.460,1,0,12.005,0,0,10,4,7,18,0
12-12 20:06:58,24.992,0.750,73.727,0,0,1160880,1706644,167508,4896856,12073.269,1619.500,0,383.881,0,25.992,972,1377,1.270,0.870,0.460,1,0,0,0,0,10,4,7,18,0
12-12 20:06:59,11.760,16.764,70.810,0,0,1076032,1791484,167508,4896864,39646.739,1459.242,0,992.845,0,151.129,2594,3840,1.270,0.870,0.460,1,0,312.266,0,0,10,4,7,18,0
12-12 20:07:00,10.748,19.747,69.488,0,0,1073720,1793396,167508,4897400,11410.049,1787.694,0,43.992,0,10.998,3687,6049,1.270,0.870,0.460,0,0,407.930,0,0,10,4,7,18,0
12-12 20:07:01,34.247,13.499,51.495,0,0,1150248,1716992,167508,4897408,6936.348,1881.823,0,0,0,0,4453,7467,1.270,0.870,0.460,3,0,193.982,0,0,10,5,7,18,0
12-12 20:07:02,46.760,4.251,48.761,0,0,1237060,1629616,167544,4897952,7876.757,1620.361,0,424.095,0,45.010,1248,1323,1.320,0.890,0.470,3,0,4.001,0,0,10,5,7,18,0
12-12 20:07:03,38.031,7.006,55.045,0,0,1268092,1595416,167672,4900516,6762.484,1621.315,0,332.269,0,42.034,2345,6450,1.320,0.890,0.470,1,0,119.097,0,0,10,4,7,18,0
12-12 20:07:04,0.749,0.749,97.390,0.250,0,1269072,1594296,167672,4900592,8227.694,1618.170,0,20293.049,0,427.516,848,976,1.320,0.890,0.470,2,0,0,0,0,10,4,7,16,0
12-12 20:07:05,20.264,5.254,73.302,0.250,0,1341944,1521472,167708,4900596,8369.926,1621.148,0,564.400,0,36.026,1578,2041,1.320,0.890,0.470,3,0,24.017,0,0,10,4,7,16,0
12-12 20:07:06,24.009,2.001,73.528,0.750,0,1377492,1485716,167720,4900788,6642.551,1458.560,0,560.215,0,70.027,1413,2393,1.320,0.890,0.470,1,0,1.000,0,0,10,10,7,12,0
12-12 20:07:07,21.238,4.497,71.959,1.249,0,1310076,1553028,167768,4900840,6588.278,1693.043,0,3114.240,0,265.850,2200,4185,1.300,0.890,0.470,2,0,43.975,0,0,10,4,7,14,0
12-12 20:07:08,22.234,3.497,72.698,0.250,0,1347644,1514764,167780,4901408,6468.343,1618.834,231.833,1614.837,57.958,15.988,1740,2810,1.300,0.890,0.470,1,0,2.998,0,0,10,28,7,15,0
12-12 20:07:09,22.050,5.011,72.163,0,0,1352644,1509876,167780,4901416,6691.149,1717.889,0,39982.520,0,144.327,1602,2456,1.300,0.890,0.470,3,0,45.102,0,0,10,28,7,15,0
12-12 20:07:10,32.752,9.251,58.003,0,0,1376612,1485916,167780,4901444,7508.443,1620.096,0,20.001,0,5.000,2050,2967,1.300,0.890,0.470,2,0,160.009,0,0,10,28,7,15,0
12-12 20:07:11,42.501,9.250,46.251,0.250,0,1311616,1550652,167792,4901644,6805.143,1694.036,0,1736.036,0,22.000,4570,9230,1.300,0.890,0.470,3,0,191.004,0,0,10,28,7,16,0
12-12 20:07:12,78.725,17.244,3.999,0,0,1547128,1315100,167792,4901668,7476.615,1619.483,0,35.989,0,8.997,2718,4743,1.680,0.970,0.500,6,0,366.883,0,0,10,29,7,16,0
12-12 20:07:13,81.025,13.754,4.501,0,0,1416020,1445832,167804,4902024,8678.682,1620.501,0,3773.166,0,98.030,5193,12375,1.680,0.970,0.500,5,0,202.062,0,0,10,29,7,16,0
12-12 20:07:14,29.185,7.733,61.614,0,0,1331524,1530268,167828,4902060,8437.345,1540.594,0,2981.408,0,38.914,2601,5743,1.680,0.970,0.500,1,0,140.689,0,0,10,28,7,16,0
12-12 20:07:15,23.308,2.005,73.432,0,0,1370636,1491104,167848,4902092,6902.138,1624.032,0,629.563,0,33.082,1653,3190,1.680,0.970,0.500,5,0,2.005,0,0,10,28,7,17,0
12-12 20:07:16,20.956,5.987,73.097,0,0,1369972,1491760,167852,4902096,6879.601,1658.529,0,187.607,0,13.971,1475,2161,1.680,0.970,0.500,1,0,69.854,0,0,10,28,7,17,0
12-12 20:07:17,18.291,9.772,70.908,0.501,0,1312336,1549380,167856,4902108,8055.924,1866.152,0,376.838,0,42.094,2704,4912,1.620,0.970,0.510,4,0,238.531,0,0,10,28,7,16,0
12-12 20:07:18,30.986,25.238,42.980,0,0,1403548,1458144,167856,4902132,7349.597,1693.216,0,311.856,0,26.988,3296,5763,1.620,0.970,0.510,6,0,779.639,0,0,10,28,7,16,0
12-12 20:07:19,87.003,8.500,4.750,0,0,1596152,1265400,167860,4902180,7147.207,1714.050,0,19320.560,0,120.003,4713,7764,1.620,0.970,0.510,6,0,30.001,0,0,10,30,7,15,0
12-12 20:07:20,84.001,11.000,4.500,0.250,0,1411256,1450032,167872,4902528,6357.108,1626.028,0,1872.032,0,106.002,5613,13742,1.620,0.970,0.510,5,0,151.003,0,0,10,28,7,16,0
12-12 20:07:21,81.518,13.003,4.001,0,0,1594524,1266356,167876,4902924,6079.344,1620.358,0,204.045,0,13.003,5354,10494,1.620,0.970,0.510,8,0,169.037,0,0,10,30,7,16,1
12-12 20:07:22,74.993,10.499,13.499,0,0,1434648,1425864,167876,4903276,7569.273,1713.835,0,147.986,0,11.999,4605,10313,1.730,1.010,0.520,4,0,184.982,0,0,10,29,7,16,0
12-12 20:07:23,43.995,8.249,47.744,0,0,1396192,1464264,167892,4903312,6495.201,1661.796,0,367.955,0,26.997,3959,7109,1.730,1.010,0.520,4,0,119.985,0,0,10,28,7,16,0
12-12 20:07:24,42.999,15.999,39.999,0,0,1354688,1505584,167900,4904864,6532.791,1693.946,0,49086.429,0,144.995,5365,11592,1.730,1.010,0.520,7,0,378.988,0,0,10,28,7,18,0
12-12 20:07:25,64.503,11.501,23.501,0.250,0,1490412,1369784,167900,4903536,6356.311,1788.088,0,1496.073,0,14.001,2626,5929,1.730,1.010,0.520,4,0,39.002,0,0,10,30,7,19,0
12-12 20:07:26,66.498,16.250,17.500,0,0,1447804,1412216,167912,4903696,6608.828,1881.951,0,439.989,0,51.999,3718,10038,1.730,1.010,0.520,5,0,265.993,0,0,10,28,7,22,0
12-12 20:07:27,73.485,8.998,17.247,0,0,1554624,1305144,167912,4903940,8082.384,1619.676,0,183.963,0,5.999,4098,9259,1.830,1.040,0.540,4,0,0,0,0,10,31,7,24,0
12-12 20:07:28,60.380,15.968,21.707,0,0,1449488,1410244,167916,4903972,40837.061,1622.784,0,3764.539,0,132.737,3547,6424,1.830,1.040,0.540,3,0,329.347,0,0,10,28,7,25,0
12-12 20:07:29,58.621,14.280,27.557,0.501,0,1328160,1531548,167920,4903992,7942.417,1623.355,0,360.746,0,37.077,3619,10248,1.830,1.040,0.540,6,0,249.516,0,0,10,28,7,27,0
12-12 20:07:30,67.435,7.742,24.227,0,0,1493864,1365556,167924,4904276,11053.289,1618.432,0,287.721,0,22.978,2466,3949,1.830,1.040,0.540,4,0,55.946,0,0,10,29,7,28,0
12-12 20:07:31,56.536,17.011,25.767,0,0,1416712,1442536,167924,4904444,6668.281,1621.041,0,660.424,0,92.059,4538,9687,1.830,1.040,0.540,3,0,293.188,0,0,10,28,7,34,0
12-12 20:07:32,62.270,8.753,28.009,0,0.250,1438020,1420724,167932,4904936,7651.494,1700.554,0,444.145,0,36.012,4208,8931,1.930,1.070,0.550,4,0,48.016,0,0,10,28,7,34,0
12-12 20:07:33,62.254,11.251,25.752,0,0,1489820,1368788,167932,4905072,8156.538,1620.107,0,196.013,0,12.001,2027,3021,1.930,1.070,0.550,3,0,71.005,0,0,10,28,7,33,0
12-12 20:07:34,65.502,18.251,16.001,0,0,1429776,1428676,167940,4905220,7234.239,1714.057,0,628.021,0,55.002,3861,10182,1.930,1.070,0.550,5,0,392.013,0,0,10,28,7,33,0
12-12 20:07:35,80.244,15.999,3.250,0.250,0,1539208,1319000,167956,4905412,6757.486,1619.877,0,8211.376,0,537.959,4620,8386,1.930,1.070,0.550,7,0,229.983,0,0,10,29,7,34,0
12-12 20:07:36,84.752,13.750,1.250,0,0,1544176,1313856,167956,4905676,6567.190,1662.048,0,296.009,0,22.001,3751,6606,1.930,1.070,0.550,8,0,261.008,0,0,10,28,7,34,0
12-12 20:07:37,73.005,19.251,6.750,0,0,1530344,1327468,167960,4905888,7847.565,1706.123,0,1076.077,0,33.002,5744,12364,2.410,1.190,0.590,6,0,306.022,0,0,10,29,7,32,0
12-12 20:07:38,68.944,19.484,10.242,0,0,1440064,1417536,167960,4906100,7502.878,1618.679,0,187.847,0,9.992,5212,11869,2.410,1.190,0.590,5,0,523.573,0,0,10,30,7,32,0
12-12 20:07:39,24.722,25.221,48.694,0,0,1320932,1536436,167960,4906332,6869.162,1584.192,0,171.804,0,8.990,4385,8919,2.410,1.190,0.590,2,0,556.365,0,0,10,28,7,32,0
12-12 20:07:40,8.752,21.254,69.013,0.250,0,1320060,1537280,167960,4906360,7144.379,1808.349,0,544.105,0,12.002,2432,3200,2.410,1.190,0.590,1,0,310.060,0,0,10,28,7,32,0
12-12 20:07:41,40.571,32.306,26.045,0,0,1428212,1429120,167960,4906352,7872.706,1696.954,0,412.719,0,34.059,3144,6389,2.410,1.190,0.590,5,0,840.463,0,0,10,28,7,32,0
12-12 20:07:42,79.991,13.499,6.249,0,0,1442928,1414172,167964,4906580,7280.206,1693.815,0,327.964,0,28.997,4475,10093,2.620,1.250,0.610,5,0,157.983,0,0,10,30,7,32,0
12-12 20:07:43,78.234,14.997,6.749,0,0,1504588,1352480,167968,4906608,7320.529,1713.656,0,415.916,0,37.992,3600,6981,2.620,1.250,0.610,5,0,189.962,0,0,10,29,7,29,0
12-12 20:07:44,64.263,7.252,27.756,0,0,1549676,1307120,167968,4906876,7149.494,1662.347,0,156.033,0,9.002,5437,14042,2.620,1.250,0.610,2,0,0,0,0,10,32,7,32,0
12-12 20:07:45,62.745,9.749,26.498,0.250,0,1474988,1381444,167984,4907220,7728.374,1619.869,0,863.930,0,55.995,8551,18780,2.620,1.250,0.610,5,0,61.995,0,0,10,29,7,40,0
12-12 20:07:46,82.895,11.700,4.232,0,0,1547792,1308428,167984,4907424,7330.640,1728.605,0,167.284,0,13.940,2865,5974,2.620,1.250,0.610,4,0,65.719,0,0,10,30,7,41,0
12-12 20:07:47,55.735,10.293,32.888,0,0,1499328,1356672,167984,4907640,7263.572,1518.391,0,148.626,0,8.034,6854,18220,2.570,1.260,0.620,5,0,71.300,0,0,10,31,7,47,0
12-12 20:07:48,81.013,13.752,4.751,0,0,1489604,1366180,167988,4907852,6371.026,1640.264,0,164.026,0,10.002,2828,7442,2.570,1.260,0.620,4,0,212.034,0,0,10,28,7,48,0
12-12 20:07:49,70.840,7.982,20.703,0,0,1495372,1359980,167988,4908256,7153.847,1783.972,0,111.748,0,6.984,5957,14019,2.570,1.260,0.620,4,0,30.930,0,0,10,29,7,51,0
12-12 20:07:50,83.690,13.280,2.506,0.251,0,1542544,1312780,167988,4908280,7491.012,1717.901,0,228.519,0,20.046,2373,4102,2.570,1.260,0.620,4,0,109.248,0,0,10,29,7,51,0
12-12 20:07:51,74.037,17.009,7.754,0,0,1492280,1362832,168004,4908476,8929.509,1620.819,0,504.255,0,55.028,4444,11104,2.570,1.260,0.620,4,0,186.094,0,0,10,29,7,51,0
12-12 20:07:52,76.211,11.744,11.744,0,0,1475928,1378948,168004,4908700,6292.797,1619.176,0,155.921,0,8.995,4955,12152,2.610,1.290,0.630,5,0,103.947,0,0,10,29,7,52,0
12-12 20:07:53,81.001,15.750,3.250,0,0,1501964,1352876,168004,4908732,9055.145,1512.024,0,152.002,0,10.000,2972,5563,2.610,1.290,0.630,5,0,127.002,0,0,10,29,7,52,0
12-12 20:07:54,70.232,12.747,15.496,0.250,0,1429284,1425356,168024,4908912,6595.338,1693.573,0,503.873,0,51.987,6242,12901,2.610,1.290,0.630,5,0,211.947,0,0,10,28,7,53,0
12-12 20:07:55,66.620,8.483,24.951,0,0,1484864,1369284,168028,4909388,6126.018,1616.837,0,447.125,0,33.934,3801,8199,2.610,1.290,0.630,4,0,61.879,0,0,10,28,7,54,0
12-12 20:07:56,61.387,13.781,24.555,0.251,0,1446512,1407520,168032,4909464,6506.483,1737.868,0,1956.355,0,16.036,3184,5880,2.610,1.290,0.630,4,0,247.551,0,0,10,28,7,55,0
12-12 20:07:57,61.368,9.729,29.437,0,0,1411480,1442296,168036,4909684,6994.005,1616.534,0,331.290,0,27.940,2830,8405,2.720,1.340,0.650,3,0,94.797,0,0,10,29,7,55,0
12-12 20:07:58,43.338,8.768,48.850,0,0,1414572,1439140,168040,4909740,36040.450,1623.308,0,448.915,0,41.084,2358,6369,2.720,1.340,0.650,3,0,69.141,0,0,10,28,6,56,0
12-12 20:07:59,43.505,7.251,48.256,0,0,1388040,1465572,168044,4909836,18421.118,1620.186,0,6528.751,0,184.021,1873,4132,2.720,1.340,0.650,4,0,41.005,0,0,10,29,6,56,0
12-12 20:08:00,46.246,5.000,47.745,0.250,0,1411748,1441520,168048,4910160,11369.897,1511.853,0,383.963,0,31.997,2719,5767,2.720,1.340,0.650,2,0,8.999,0,0,10,28,6,57,0
12-12 20:08:01,43.251,8.000,48.501,0,0,1375692,1477544,168056,4910184,8621.164,1714.033,0,304.006,0,23.000,2162,4488,2.720,1.340,0.650,4,0,75.001,0,0,10,28,6,57,0
12-12 20:08:02,39.171,12.475,47.653,0,0,1402656,1450540,168056,4910224,6436.939,1616.720,0,259.474,0,18.962,3390,6473,2.660,1.350,0.660,2,0,317.356,0,0,10,28,6,57,0
12-12 20:08:03,46.234,5.248,48.483,0.250,0,1401812,1451192,168064,4910404,8004.199,1619.433,0,279.902,0,18.993,3361,6995,2.660,1.350,0.660,3,0,46.984,0,0,10,28,6,57,0
12-12 20:08:04,28.002,11.001,60.755,0,0,1383412,1469520,168064,4910476,6004.456,1566.119,0,1632.124,0,178.014,2578,4711,2.660,1.350,0.660,3,0,279.021,0,0,10,29,6,57,0
12-12 20:08:05,16.305,11.790,69.986,0,0,1327260,1525496,168080,4910632,6473.823,1625.479,0,598.016,0,58.196,2959,5775,2.660,1.350,0.660,2,0,299.008,0,0,10,28,6,58,0
12-12 20:08:06,29.892,14.946,55.301,0.249,0,1418436,1434140,168132,4910752,6010.351,1781.583,0,462.335,0,26.903,2650,4042,2.660,1.350,0.660,5,0,328.816,0,0,10,28,6,60,0
12-12 20:08:07,39.522,7.504,47.026,5.253,0,1516776,1331656,168540,4914068,8122.459,1680.923,0,9024.955,0,802.441,5121,9634,2.690,1.380,0.670,3,0,58.032,0,0,10,32,6,60,0
12-12 20:08:08,37.098,8.523,40.858,14.037,0,1467680,1375252,169224,4918620,6858.202,1624.311,0,39332.388,0,3447.149,11980,26912,2.690,1.380,0.670,4,1,87.232,0,0,10,32,6,58,0
12-12 20:08:09,42.128,6.232,42.876,7.478,0,1479312,1362980,169564,4918892,7396.557,1782.832,0,20237.332,0,1733.973,6127,13683,2.690,1.380,0.670,2,0,12.962,0,0,10,28,6,58,0
12-12 20:08:10,44.599,4.510,49.861,1.002,0,1479704,1362500,169712,4918816,6979.564,1697.786,0,3503.814,0,607.354,4275,8788,2.690,1.380,0.670,3,1,6.013,0,0,10,30,6,57,0
12-12 20:08:11,37.413,8.231,44.646,8.730,0,1424600,1416700,170176,4919252,6890.999,1743.951,0,15404.231,0,2117.084,11097,24410,2.690,1.380,0.670,4,0,2.993,0,0,10,28,6,57,0
12-12 20:08:12,25.748,6.999,65.995,1.000,0,1425780,1415328,170216,4919380,6870.485,1565.883,0,3383.746,0,184.986,1683,2767,2.550,1.370,0.670,3,0,101.992,0,0,10,28,6,56,0
12-12 20:08:13,22.261,3.752,73.537,0.250,0,1358992,1482104,170228,4919380,8365.174,1680.839,0,744.371,0,50.025,983,1468,2.550,1.370,0.670,1,0,2.001,0,0,10,28,6,56,0
12-12 20:08:14,23.993,2.499,72.980,0.500,0,1436792,1404240,170276,4919392,6815.105,1619.550,0,4602.720,0,251.930,1180,2244,2.550,1.370,0.670,1,0,3.999,0,0,10,28,6,56,0
12-12 20:08:15,24.505,1.750,72.514,0,0,1381280,1459732,170280,4919408,7068.364,1620.313,0,128.025,0,18.003,1002,1318,2.550,1.370,0.670,3,0,3.001,0,0,10,32,6,56,0
12-12 20:08:16,23.990,2.749,73.470,0,0,1440744,1400260,170280,4919416,7270.019,1619.336,0,107.956,0,2.999,916,1098,2.550,1.370,0.670,2,0,1.999,0,0,10,32,6,55,0
12-12 20:08:17,22.753,3.000,73.758,0,0,1410236,1430752,170280,4919428,8567.951,1620.180,0,0,0,0,942,1110,2.430,1.360,0.680,3,0,3.000,0,0,10,32,6,55,0
12-12 20:08:18,22.999,2.250,73.746,0,0,1352456,1488480,170284,4919476,11996.364,1619.914,0,0,0,0,945,1010,2.430,1.360,0.680,1,0,3.000,0,0,10,32,6,55,0
12-12 20:08:19,22.497,3.000,73.742,0,0,1432084,1408852,170284,4919476,8130.073,1619.815,0,0,0,0,932,1147,2.430,1.360,0.680,3,0,4.000,0,0,10,32,6,55,0
12-12 20:08:20,23.752,2.500,73.256,0.250,0,1376268,1464564,170292,4919564,11109.900,1458.118,0,296.024,0,13.001,1120,1423,2.430,1.360,0.680,1,0,1.000,0,0,10,32,6,54,0
12-12 20:08:21,23.500,1.750,73.249,0,0,1393956,1446792,170300,4919600,5683.920,1787.975,0,319.996,0,23.000,1058,1362,2.430,1.360,0.680,3,0,5.000,0,0,10,32,6,54,0
12-12 20:08:22,23.507,2.501,73.771,0,0.250,1449888,1390848,170304,4919608,7773.246,1694.490,0,8.002,0,2.001,945,1096,2.310,1.360,0.680,3,0,2.001,0,0,10,32,6,54,0
12-12 20:08:23,22.501,3.000,73.253,0,0,1345644,1495040,170316,4919644,6256.288,1662.076,0,288.013,0,12.001,1046,1923,2.310,1.360,0.680,3,0,5.000,0,0,10,32,6,54,0
12-12 20:08:24,23.744,2.749,73.982,0,0,1427000,1413676,170316,4919652,6217.446,1713.572,0,0,0,0,985,1204,2.310,1.360,0.680,3,0,3.999,0,0,10,32,6,52,0
12-12 20:08:25,21.252,11.251,67.258,0,0,1340820,1499840,170324,4919584,6366.713,1620.181,0,0,0,0,2161,5039,2.310,1.360,0.680,1,0,186.021,0,0,10,32,6,53,0
12-12 20:08:26,10.259,20.517,69.308,0,0,1345608,1494892,170324,4919800,5691.758,1459.220,0,1217.017,0,13.011,3134,4974,2.310,1.360,0.680,1,0,511.428,0,0,10,32,6,48,0
12-12 20:08:27,9.513,20.277,69.843,0,0,1342044,1498264,170332,4919968,7345.799,1622.164,0,600.801,0,7.009,2912,4613,2.290,1.370,0.690,1,0,420.561,0,0,10,32,6,48,0
12-12 20:08:28,11.981,16.225,71.139,0,0,1361180,1479068,170336,4920020,37534.221,1617.467,0,1309.949,0,168.736,2602,3674,2.290,1.370,0.690,2,0,295.537,0,0,10,32,6,45,0
12-12 20:08:29,22.754,2.250,73.764,0.250,0,1440796,1399464,170340,4920004,12310.302,1620.303,0,32.006,0,3.001,943,1149,2.290,1.370,0.690,2,0,2.000,0,0,10,32,6,45,0
12-12 20:08:30,23.227,2.248,73.927,0,0,1388084,1452156,170340,4920020,12306.792,1786.228,0,107.893,0,11.988,1093,1409,2.290,1.370,0.690,1,0,2.997,0,0,10,32,6,43,0
12-12 20:08:31,23.751,2.000,73.754,0.250,0,1441008,1399236,170352,4920000,7588.379,1620.081,0,320.016,0,23.001,1057,1260,2.290,1.370,0.690,1,0,2.000,0,0,10,32,6,43,0
12-12 20:08:32,22.249,3.750,73.996,0,0,1413284,1426956,170352,4920004,6754.608,1457.915,0,0,0,0,952,1239,2.180,1.360,0.690,2,0,5.000,0,0,10,32,6,36,0
12-12 20:08:33,22.659,2.739,73.454,0,0,1360564,1479656,170352,4920024,7356.361,1613.499,0,15.936,0,0.996,963,1219,2.180,1.360,0.690,2,0,3.984,0,0,10,32,6,36,0
12-12 20:08:34,23.599,2.260,73.560,0,0,1434160,1406072,170352,4920012,7658.241,1626.849,0,4.017,0,1.004,871,1205,2.180,1.360,0.690,1,0,2.008,0,0,10,32,6,36,0
12-12 20:08:35,23.231,2.498,73.689,0,0,1390780,1449440,170352,4920024,7182.068,1618.663,0,127.894,0,26.978,993,1191,2.180,1.360,0.690,2,0,2.998,0,0,10,32,6,36,0
12-12 20:08:36,23.306,2.757,73.927,0,0,1331596,1508644,170352,4920004,6454.471,1665.993,0,1908.575,0,204.490,974,1151,2.180,1.360,0.690,4,0,3.007,0,0,10,32,6,36,0
12-12 20:08:37,22.933,2.243,73.783,0,0,1412688,1427540,170356,4920012,8630.669,1782.768,0,75.778,0,3.988,919,1219,2.090,1.360,0.690,1,0,3.988,0,0,10,32,6,34,0
12-12 20:08:38,22.039,3.506,73.880,0,0,1364012,1476204,170356,4920024,7006.352,1622.861,0,12.021,0,1.002,937,1106,2.090,1.360,0.690,1,0,3.005,0,0,10,32,6,34,0
12-12 20:08:39,22.999,2.750,73.748,0,0,1436108,1404132,170356,4920000,9776.756,1585.960,0,0,0,0,963,1085,2.090,1.360,0.690,1,0,2.000,0,0,10,32,6,34,0
12-12 20:08:40,23.850,1.988,73.290,0,0,1386680,1453520,170364,4920032,6157.314,1629.760,0,131.176,0,10.931,1045,1402,2.090,1.360,0.690,2,0,2.981,0,0,10,32,6,34,0
12-12 20:08:41,23.883,2.765,73.159,0.251,0,1443440,1396848,170376,4919932,6794.950,1629.099,0,2147.997,0,28.157,1013,1296,2.090,1.360,0.690,2,0,2.011,0,0,10,32,6,34,0
12-12 20:08:42,22.740,3.249,73.718,0,0,1340688,1499352,170376,4920160,8536.338,1693.274,0,11.995,0,1.000,1028,1177,2,1.350,0.690,1,0,3.998,0,0,10,32,6,34,0
12-12 20:08:43,21.784,3.505,73.864,0,0,1420840,1419220,170376,4920140,6511.034,1664.565,0,0,0,0,987,1229,2,1.350,0.690,2,0,5.008,0,0,10,32,6,34,0
12-12 20:08:44,22.985,3.498,73.452,0,0,1366644,1473396,170376,4920160,7882.868,1618.946,0,23.984,0,1.999,936,1056,2,1.350,0.690,2,0,0.999,0,0,10,32,6,34,0
12-12 20:08:45,22.903,2.987,73.440,0,0,1373096,1466944,170376,4920160,6679.785,1613.186,0,19.916,0,0.996,1006,1210,2,1.350,0.690,1,0,4.979,0,0,10,32,6,29,0
12-12 20:08:46,22.458,2.745,73.363,0,0,1435324,1404728,170376,4920148,6099.624,1732.768,0,139.739,0,3.993,937,1154,2,1.350,0.690,1,0,1.996,0,0,10,32,6,29,0
12-12 20:08:47,11.830,17.115,70.223,0,0,1350268,1489732,170380,4920192,5986.354,1596.764,0,96.652,0,8.054,2640,4160,2,1.360,0.700,2,0,394.660,0,0,10,32,6,22,0
12-12 20:08:48,22.484,3.248,73.696,0,0,1424668,1415140,170380,4920384,6603.180,1638.804,0,0,0,0,1016,1241,2,1.360,0.700,2,0,1.999,0,0,10,32,6,22,0
12-12 20:08:49,22.253,3.501,73.261,0,0,1399812,1439904,170380,4920444,6498.955,1714.252,0,0,0,0,1036,1261,2,1.360,0.700,2,0,11.002,0,0,10,32,6,15,0
12-12 20:08:50,19.270,9.510,70.574,0,0.250,1339324,1500392,170384,4920440,6387.662,1789.867,0,248.259,0,10.010,2051,3288,2,1.360,0.700,1,0,217.227,0,0,10,32,6,15,0
12-12 20:08:51,8.508,20.520,69.318,0.250,0,1342244,1497368,170384,4920536,6955.824,1621.591,0,516.507,0,29.028,3117,4922,2,1.360,0.700,2,0,453.445,0,0,10,32,6,12,0
12-12 20:08:52,9.251,20.753,69.260,0,0,1341732,1497848,170384,4920568,10402.488,1714.245,0,224.032,0,9.001,3096,4971,1.840,1.340,0.690,2,0,478.068,0,0,10,32,6,12,0
12-12 20:08:53,9.750,21.000,68.999,0,0,1345640,1493892,170384,4920600,8537.846,1511.973,0,1231.978,0,14.000,3122,5040,1.840,1.340,0.690,2,0,517.991,0,0,10,32,6,11,0
12-12 20:08:54,10.488,20.476,69.667,0,0,1345588,1493900,170384,4920632,8130.317,1851.795,0,1170.606,0,14.982,3101,4941,1.840,1.340,0.690,2,0,476.433,0,0,10,32,6,11,0
12-12 20:08:55,9.508,20.016,69.306,0,0,1345300,1494168,170388,4920648,8397.785,1735.402,0,3458.795,0,134.108,3177,5222,1.840,1.340,0.690,1,0,463.374,0,0,10,32,6,8,0
12-12 20:08:56,9.243,18.985,70.693,0,0,1345376,1494060,170388,4920676,6675.586,1880.475,0,143.883,0,5.995,2785,4284,1.840,1.340,0.690,1,0,390.683,0,0,10,32,6,8,0
12-12 20:08:57,11.014,18.273,68.585,0,0,1345932,1493476,170388,4920704,7443.222,1622.010,0,656.814,0,12.015,2934,4567,1.690,1.320,0.690,2,0,453.562,0,0,10,32,6,6,0
12-12 20:08:58,44.735,24.242,30.490,0.250,0,1476940,1362388,170452,4920700,26105.124,1787.392,0,1043.645,0,63.978,4003,7353,1.690,1.320,0.690,3,0,684.767,0,0,10,32,6,12,0
12-12 20:08:59,62.050,9.508,26.521,2.002,0,1626332,1207420,170840,4925376,25178.344,1663.344,400.323,10236.271,4.003,754.610,4290,8288,1.690,1.320,0.690,2,1,36.029,0,0,10,36,6,11,0
12-12 20:09:00,33.747,9.249,40.997,13.999,0,1595304,1226632,171596,4935632,13551.889,1511.876,0,61390.966,0,4730.612,17426,37433,1.690,1.320,0.690,3,1,154.987,0,0,10,36,6,12,0
12-12 20:09:01,39.096,9.214,33.866,17.182,0,1635300,1175264,172284,4945912,6601.975,1707.270,0,80243.679,0,5780.214,19529,42906,1.690,1.320,0.690,2,1,89.647,0,0,10,37,6,13,0
12-12 20:09:02,40.639,9.533,34.869,13.295,0,1635692,1166308,172756,4953716,6985.822,1868.371,0,76902.237,0,5600.096,16414,37721,1.800,1.340,0.700,3,0,105.359,0,0,10,36,6,13,0
12-12 20:09:03,42.986,16.995,27.241,10.997,0,1562824,1232372,173044,4960004,7219.704,1619.485,363.884,47744.817,6.998,3770.801,15706,36498,1.800,1.340,0.700,2,1,312.900,0,0,10,34,6,16,0
12-12 20:09:04,42.009,13.253,30.256,12.753,0,1541224,1246200,173532,4966952,6821.460,1660.355,1608.344,49795.656,22.005,3743.801,13865,35896,1.800,1.340,0.700,2,0,179.038,0,0,10,34,6,17,0
12-12 20:09:05,35.997,9.249,39.497,13.749,0,1567364,1215636,173800,4970860,8442.274,1619.861,15.999,44728.153,4.000,3661.685,13403,33040,1.800,1.340,0.700,1,1,93.992,0,0,10,34,6,17,0
12-12 20:09:06,34.116,8.965,43.081,12.949,0,1538728,1244292,174028,4970552,7783.388,1613.654,0,39169.945,0,3659.607,13390,30620,1.800,1.340,0.700,2,0,87.655,0,0,10,34,6,17,0
12-12 20:09:07,37.935,7.286,43.462,12.561,0,1561248,1219104,174228,4972948,7320.791,1519.428,0,39428.767,0,3711.144,13532,32200,2.130,1.420,0.730,2,1,42.206,0,0,10,35,6,16,0
12-12 20:09:08,37.988,6.998,42.486,12.496,0,1529372,1249232,174376,4974512,8808.164,1619.479,0,40470.968,0,3771.785,12738,32021,2.130,1.420,0.730,2,1,49.984,0,0,10,34,6,18,0
12-12 20:09:09,39.756,5.751,40.006,11.752,0,1558224,1217004,174540,4977644,6738.092,1620.262,0,34469.584,0,3184.516,12799,29512,2.130,1.420,0.730,2,0,39.006,0,0,10,35,6,19,0
12-12 20:09:10,33.224,7.994,44.965,11.991,0,1522216,1249660,174720,4980728,8309.502,1786.603,0,47514.843,0,3942.917,15362,34009,2.130,1.420,0.730,2,0,95.925,0,0,10,36,6,22,0
12-12 20:09:11,34.003,8.001,45.004,13.251,0,1555052,1212896,174936,4984316,6063.491,1904.154,0,40827.307,0,3590.291,11751,28855,2.130,1.420,0.730,3,1,36.003,0,0,10,36,6,24,0
12-12 20:09:12,37.512,7.252,41.514,13.504,0,1554692,1209288,175080,4988028,6494.150,1886.624,0,43014.238,0,3672.216,12490,28909,2.120,1.430,0.740,1,1,123.041,0,0,10,37,7,24,0
12-12 20:09:13,36.237,8.747,40.735,14.495,0,1538404,1224812,175228,4988564,8421.909,1787.344,0,44599.632,0,3979.540,13542,32287,2.120,1.430,0.740,3,1,83.969,0,0,10,36,7,24,0
12-12 20:09:14,35.011,8.253,43.513,13.004,0,1510696,1255924,175380,4984976,6844.108,1512.466,0,41048.643,0,3903.202,13705,34357,2.120,1.430,0.740,3,0,61.019,0,0,10,36,7,26,0
12-12 20:09:15,35.206,10.487,52.685,1.748,0,1446636,1320172,175384,4984780,6913.441,1785.789,0,8193.856,0,523.352,3427,6475,2.120,1.430,0.740,2,0,213.735,0,0,10,33,7,28,0
12-12 20:09:16,13.260,15.511,69.550,0.500,0,1381940,1384856,175384,4984792,7199.162,1621.162,0,1276.916,0,86.062,3524,5988,2.120,1.430,0.740,2,0,364.261,0,0,10,32,7,28,0
12-12 20:09:17,35.761,20.006,44.513,0.250,0,1470648,1295988,175416,4984920,7595.271,1704.510,0,8914.665,0,612.183,4031,6954,2.430,1.510,0.770,4,0,436.130,0,0,10,32,7,34,0
12-12 20:09:18,67.250,8.250,24.500,0,0,1674240,1090480,175500,4986740,7311.029,1694.007,0,1360.005,0,51.000,1531,1508,2.430,1.510,0.770,3,0,6.000,0,0,10,32,7,34,0
12-12 20:09:19,57.767,7.502,30.759,3.751,0,1785264,973116,175692,4992280,8221.376,1694.490,0,20581.948,0,1383.400,6137,11729,2.430,1.510,0.770,1,1,60.017,0,0,10,38,7,34,0
12-12 20:09:20,28.981,8.245,45.220,18.238,0,1783048,963552,175856,5003540,8518.369,1644.913,0,81154.357,0,6174.918,20352,44508,2.430,1.510,0.770,1,2,200.867,0,0,10,38,7,34,0
12-12 20:09:21,31.516,8.504,43.772,17.509,0,1786616,947928,176048,5015052,7222.712,1620.833,0,85171.778,0,6318.248,20563,45067,2.430,1.510,0.770,5,0,177.091,0,0,10,38,7,34,0
12-12 20:09:22,40.254,8.751,33.503,15.501,0,1691816,1032572,176196,5024880,7193.676,1620.152,0,81535.664,0,6241.587,18235,42713,2.400,1.520,0.770,2,1,255.024,0,0,10,36,7,34,0
12-12 20:09:23,42.994,7.999,34.496,12.998,0,1759084,955236,176296,5034388,8693.878,1703.780,0,69998.970,0,5320.314,15876,36792,2.400,1.520,0.770,2,1,84.989,0,0,10,36,7,34,0
12-12 20:09:24,34.999,9.750,38.499,17.750,0,1664948,1036104,176380,5046944,7748.799,1619.958,0,102729.329,0,7091.816,19473,46675,2.400,1.520,0.770,4,0,89.998,0,0,10,36,7,34,0
12-12 20:09:25,38.499,8.250,42.249,9.750,0,1526924,1168812,176432,5051940,6131.908,1619.976,0,41663.375,0,3384.949,12547,28887,2.400,1.520,0.770,3,0,149.998,0,0,10,32,7,35,0
12-12 20:09:26,21.213,7.986,69.627,0.250,0,1440396,1255432,176432,5051952,7462.821,1784.848,0,1161.948,0,75.866,1861,2796,2.400,1.520,0.770,1,0,174.691,0,0,10,32,7,34,0
12-12 20:09:27,23.516,2.752,72.801,0.751,0,1508172,1187644,176432,5051964,6154.308,1459.021,0,6252.377,0,369.258,1656,2704,2.290,1.510,0.780,1,0,0,0,0,10,34,7,34,0
12-12 20:09:28,22.516,3.502,73.301,0,0,1408180,1287624,176432,5051976,31754.943,1789.236,0,140.097,0,13.009,1382,1849,2.290,1.510,0.780,1,0,27.019,0,0,10,32,6,34,0
12-12 20:09:29,22.224,3.496,73.663,0.250,0.250,1477732,1218072,176432,5051976,18500.170,1618.091,0,31.962,0,3.995,928,1150,2.290,1.510,0.780,1,0,2.996,0,0,10,32,6,34,0
12-12 20:09:30,20.749,6.000,72.748,0.250,0,1389292,1306512,176436,5051972,13053.634,1619.955,0,627.982,0,45.999,1509,2189,2.290,1.510,0.780,4,0,53.998,0,0,10,32,6,34,0
12-12 20:09:31,13.008,35.523,49.032,0,0,1397028,1298724,176436,5052004,6728.367,1621.052,0,368.239,0,34.022,5065,8916,2.290,1.510,0.780,1,0,1137.738,0,0,10,32,6,34,0
12-12 20:09:32,8.756,21.765,68.797,0,0,1401712,1293928,176436,5052112,6443.407,1707.168,0,3738.557,0,102.070,3022,4482,2.100,1.480,0.770,3,0,502.344,0,0,10,32,6,34,0
12-12 20:09:33,8.488,18.723,71.146,0,0,1402388,1293228,176436,5052132,6306.824,1617.646,0,7.988,0,1.997,2707,4229,2.100,1.480,0.770,1,0,356.481,0,0,10,32,6,34,0
12-12 20:09:34,10.001,19.001,69.505,0,0,1400920,1294532,176436,5052292,8530.648,1458.111,0,40.003,0,10.001,2726,4460,2.100,1.480,0.770,1,0,385.029,0,0,10,32,6,34,0
12-12 20:09:35,27.546,15.025,57.596,0,0,1432776,1262436,176444,5052668,6388.663,1622.708,0,8.013,0,2.003,4354,9543,2.100,1.480,0.770,4,0,244.408,0,0,10,32,6,34,0
12-12 20:09:36,45.156,5.489,48.648,0,0,1551732,1143440,176444,5052820,6451.536,1784.276,0,31.933,0,1.996,1298,1383,2.100,1.480,0.770,2,0,10.977,0,0,10,33,6,34,0
12-12 20:09:37,49.909,5.240,44.918,0.250,0,1618884,1072152,176460,5056948,7383.466,1784.729,0,1281.651,0,72.866,1707,8277,2.260,1.520,0.790,2,0,4.991,0,0,10,49,6,34,0
12-12 20:09:38,32.858,10.033,56.435,0,0,1668556,1021000,176516,5058024,7743.422,1625.336,0,5795.025,0,403.324,2050,2752,2.260,1.520,0.790,1,0,125.412,0,0,10,48,6,34,0
12-12 20:09:39,12.452,9.713,76.209,0,0,1686476,1003044,176516,5058052,9143.083,2566.200,0,362.615,0,13.947,1746,2531,2.260,1.520,0.790,1,0,133.490,0,0,10,49,5,34,0
12-12 20:09:40,0.751,0.501,97.147,0.250,0,1686448,1003072,176516,5058052,50164.699,3050.603,0,669.010,0,74.112,921,1516,2.260,1.520,0.790,0,0,0,0,0,10,49,5,34,0
12-12 20:09:41,1.000,0.500,98.548,0,0,1686520,1002848,176516,5058204,115215.764,4460.159,0,152.074,0,5.002,746,1010,2.260,1.520,0.790,1,0,0,0,0,10,49,5,34,0
12-12 20:09:42,14.267,8.260,75.087,1.502,0,1705360,982504,176608,5059396,32714.014,2574.992,4.005,5013.826,1.001,325.378,2391,3662,2.150,1.520,0.790,3,0,64.074,0,0,10,48,5,35,0
12-12 20:09:43,14.758,10.256,72.790,1.251,0,1721452,913660,176624,5110060,6502.557,1831.002,0,5254.874,0,131.072,1931,2798,2.150,1.520,0.790,3,0,37.020,0,0,10,48,5,35,0
12-12 20:09:44,15.000,11.500,73.252,0,0,1706404,928548,176624,5110060,7246.225,1830.057,0,4.000,0,1.000,1790,2005,2.150,1.520,0.790,1,0,76.002,0,0,10,48,5,35,0
12-12 20:09:45,23.242,3.499,73.723,0,0,1744484,890408,176624,5110064,6309.703,1619.411,0,0,0,0,1102,1223,2.150,1.520,0.790,1,0,17.993,0,0,10,48,5,35,0
12-12 20:09:46,21.511,3.752,73.787,0,0,1747040,887888,176624,5110064,6130.108,1714.869,0,4.002,0,1.001,1288,1426,2.150,1.520,0.790,1,0,25.013,0,0,10,48,5,35,0
12-12 20:09:47,18.217,7.486,73.615,0,0,1678948,1007404,176780,5059516,6339.405,1497.262,159.708,23.956,9.982,3.993,1672,2441,2.060,1.510,0.790,2,0,131.759,0,0,10,48,5,35,0
12-12 20:09:48,17.007,14.756,67.028,0,0,1678932,1007436,176780,5059576,10045.199,1620.677,0,420.176,0,4.002,4308,9303,2.060,1.510,0.790,2,0,256.107,0,0,10,48,5,35,0
12-12 20:09:49,1.000,0.250,97.954,0,0,1678880,1007360,176780,5059704,10300.200,1619.245,0,0,0,0,645,918,2.060,1.510,0.790,1,0,2.999,0,0,10,48,5,35,0
12-12 20:09:50,0.750,1.000,98.007,0.500,0,1678764,1007476,176780,5059704,7084.503,1620.115,0,356.025,0,28.002,788,1350,2.060,1.510,0.790,0,0,1.000,0,0,10,48,5,35,0
12-12 20:09:51,0.500,0.500,97.984,0,0,1678764,1007476,176780,5059704,6744.880,1787.703,0,403.933,0,5.999,631,973,2.060,1.510,0.790,3,0,3.000,0,0,10,48,5,35,0
12-12 20:09:52,0.750,0.500,98.488,0,0,1678764,1007476,176780,5059704,6722.193,1693.797,0,4.000,0,1.000,620,915,1.900,1.480,0.790,0,0,1.000,0,0,10,48,5,35,0
12-12 20:09:53,14.033,13.783,69.917,0,0,1673304,1012868,176780,5059940,10121.149,1515.616,0,1728.123,0,8.019,4613,7946,1.900,1.480,0.790,1,0,221.529,0,0,10,48,5,35,0
12-12 20:09:54,9.743,15.489,73.198,0,0,1672224,1013988,176780,5059744,8885.727,1806.724,0,3.997,0,0.999,3219,5054,1.900,1.480,0.790,1,0,310.781,0,0,11,48,5,35,0
12-12 20:09:55,16.982,13.985,66.680,0,0,1677116,1008924,176780,5059788,6867.741,1674.230,0,3.996,0,0.999,4441,10390,1.900,1.480,0.790,1,0,248.737,0,0,11,48,5,35,0
12-12 20:09:56,4.003,5.754,88.568,0,0,1679064,1006952,176780,5059844,6606.100,1621.252,0,336.260,0,11.008,1446,2210,1.900,1.480,0.790,4,0,129.100,0,0,11,48,5,35,0
12-12 20:09:57,17.250,13.500,68.501,0,0,1681780,1004196,176780,5059876,8063.113,1620.023,0,4.000,0,1.000,4400,9518,1.900,1.490,0.790,1,0,211.003,0,0,13,48,5,36,0
12-12 20:09:58,7.755,21.264,70.295,0,0,1681600,1004300,176780,5059888,12385.927,1621.037,0,340.218,0,13.008,2841,4621,1.900,1.490,0.790,1,0,381.244,0,0,13,50,5,30,0
12-12 20:09:59,15.471,17.218,65.129,0,0,1680964,1004756,176780,5060424,37027.056,1616.989,0,39.926,0,9.981,4036,8318,1.900,1.490,0.790,1,0,278.481,0,0,13,50,5,30,0
12-12 20:10:00,32.974,20.733,46.213,0.250,0,1751180,934480,176792,5060288,12759.818,1618.708,0,4008.801,0,417.667,5996,10150,1.900,1.490,0.790,2,0,416.667,0,0,13,50,5,30,0
12-12 20:10:01,26.775,6.256,66.313,0,0,1790240,893928,176872,5061404,6414.074,1775.682,32.030,252.239,2.002,8.008,2127,3765,1.900,1.490,0.790,1,0,28.027,0,0,13,54,5,30,0
12-12 20:10:02,23.752,6.000,69.756,0,0,1864172,819920,176880,5061456,5852.474,1566.127,0,36.003,0,1.000,1174,1560,1.830,1.480,0.800,2,0,12.001,0,0,13,58,5,33,0
12-12 20:10:03,14.928,2.737,81.358,0,0,1903636,779884,176884,5062020,8133.803,1612.231,0,79.616,0,2.986,1197,2623,1.830,1.480,0.800,1,0,5.971,0,0,13,58,5,31,0
12-12 20:10:04,1.004,0.251,98.438,0,0,1903636,779884,176884,5062020,5561.772,1627.248,0,8.036,0,2.009,631,960,1.830,1.480,0.800,1,0,2.009,0,0,13,58,5,31,0
12-12 20:10:05,8.253,9.504,80.530,0,0,1857836,825660,176884,5062352,6332.349,1858.690,0,1024.380,0,7.003,2274,4385,1.830,1.480,0.800,1,0,167.062,0,0,13,56,5,27,0
12-12 20:10:06,16.534,16.033,67.640,0,0,1893292,789688,176888,5062692,6296.020,1751.622,0,424.879,0,4.008,4511,8408,1.830,1.480,0.800,6,0,274.568,0,0,13,56,5,27,0
12-12 20:10:07,20.457,15.717,62.370,0,0,1900208,782792,176888,5062532,8675.919,1784.282,0,35.925,0,7.983,5776,13739,1.770,1.470,0.800,1,0,189.605,0,0,12,56,5,26,0
12-12 20:10:08,18.541,16.787,62.388,0,0,1908716,774180,176888,5062836,6676.722,1515.341,0,8.018,0,2.004,5435,9439,1.770,1.470,0.800,2,0,341.754,0,0,13,50,5,26,0
12-12 20:10:09,22.997,9.499,66.241,0,0,1695096,987768,176888,5062524,6808.074,1619.780,0,0,0,0,2419,5440,1.770,1.470,0.800,2,0,181.975,0,0,13,50,5,27,0
12-12 20:10:10,30.249,22.999,46.498,0,0,1770080,912768,176888,5062540,7489.730,1649.941,0,287.990,0,9.000,3583,5940,1.770,1.470,0.800,2,0,627.977,0,0,13,50,5,27,0
12-12 20:10:11,44.478,18.241,37.231,0,0,1877376,804712,176888,5063272,8513.743,1713.143,0,235.882,0,6.997,5551,13737,1.770,1.470,0.800,3,0,299.850,0,0,13,58,5,27,0
12-12 20:10:12,43.463,8.493,47.209,0,0,1990132,691920,176900,5063256,10026.377,1618.608,0,0,0,0,1429,1638,1.780,1.480,0.800,3,0,49.957,0,0,13,58,5,27,0
12-12 20:10:13,27.227,3.247,69.691,0.250,0,2037484,641576,177228,5065684,6725.277,1618.623,139.881,51336.313,34.970,261.777,1181,3395,1.780,1.480,0.800,2,0,4.996,0,0,13,58,5,25,0
12-12 20:10:14,23.805,4.761,58.885,11.777,0,2048060,617932,177240,5078280,6299.470,1515.481,0,26629.167,0,1914.397,9162,19165,1.780,1.480,0.800,2,1,5.012,0,0,13,60,5,25,0
12-12 20:10:15,31.508,10.753,47.262,9.252,0,2173508,482428,177376,5087796,6540.661,1710.434,0,16916.297,0,1787.454,10764,30386,1.780,1.480,0.800,6,0,12.003,0,0,14,76,5,28,0
12-12 20:10:16,19.494,19.245,60.983,0,0,2226944,428332,177380,5088144,7828.769,1619.538,0,9089.410,0,554.842,4616,8654,1.780,1.480,0.800,2,0,365.896,0,0,14,85,5,33,0
12-12 20:10:17,9.997,18.745,68.731,0,0,2224868,430180,177384,5088312,7487.918,1955.456,0,3263.093,0,53.985,3037,5128,1.720,1.470,0.810,2,0,400.889,0,0,14,85,5,32,0
12-12 20:10:18,29.011,15.006,54.770,0,0,2275952,378968,177392,5088800,7261.665,1734.637,0,5273.936,0,211.077,5123,9428,1.720,1.470,0.810,4,0,215.079,0,0,14,86,5,32,0
12-12 20:10:19,44.011,5.501,49.512,0.250,0,2385200,268908,177408,5089612,7152.767,1620.400,0,924.228,0,59.015,1700,3357,1.720,1.470,0.810,2,0,33.008,0,0,14,89,5,26,0
12-12 20:10:20,9.487,17.976,71.154,0.250,0,2383788,270176,177408,5089752,6125.706,1785.582,0,723.021,0,44.939,2849,4506,1.720,1.470,0.810,2,0,349.527,0,0,14,89,5,26,0
12-12 20:10:21,9.739,18.230,71.672,0,0,2391272,262660,177408,5089784,6229.241,1510.361,0,167.818,0,20.977,2782,4247,1.720,1.470,0.810,2,0,340.630,0,0,14,89,5,26,0
12-12 20:10:22,13.245,13.245,71.720,0,0,2410036,243848,177408,5089832,8866.329,1619.330,0,43.982,0,4.998,2332,3447,1.660,1.470,0.810,1,0,272.887,0,0,14,89,5,26,0
12-12 20:10:23,23.797,3.006,72.394,0.501,0,2456596,197268,177408,5089832,6943.797,1665.309,0,2977.917,0,161.321,2079,3503,1.660,1.470,0.810,1,0,3.006,0,0,14,93,5,27,0
12-12 20:10:24,21.709,5.240,72.365,0,0,2449648,204188,177408,5089856,6347.125,1784.661,0,87.836,0,6.987,1714,2427,1.660,1.470,0.810,2,0,64.879,0,0,14,91,5,28,0
12-12 20:10:25,29.033,5.506,62.571,1.251,0,2480428,172960,177424,5090156,6941.865,1711.940,0,2050.323,0,250.284,4383,17626,1.660,1.470,0.810,2,0,36.041,0,0,14,96,5,28,0
12-12 20:10:26,29.474,7.743,62.194,0.250,0,2484564,168592,177428,5090452,8005.803,1564.593,0,1414.728,0,125.887,2772,5239,1.660,1.470,0.810,1,0,117.894,0,0,14,104,5,30,0
12-12 20:10:27,23.995,3.499,72.235,0.500,0,2529780,131604,177432,5082220,7589.467,1619.673,0,1715.653,0,129.974,2016,3992,1.610,1.460,0.810,2,0,1.000,0,0,14,109,5,30,0
12-12 20:10:28,34.800,8.763,54.328,0.501,0,2571288,133996,175568,5041064,10443.069,1514.185,324.468,7326.572,24.035,655.947,3266,5172,1.610,1.460,0.810,2,1,99.143,0,0,14,107,5,32,0
12-12 20:10:29,42.231,9.746,47.979,0.750,0,2558816,174160,174172,5014992,38635.962,1661.267,2618.845,515.773,49.978,38.983,2141,2709,1.610,1.460,0.810,2,0,61.973,0,0,14,111,5,34,0
12-12 20:10:30,23.957,2.246,72.619,0,0,2613212,128140,174028,5006760,12049.263,1617.083,99.820,327.409,13.975,16.969,1269,1771,1.610,1.460,0.810,2,0,1.996,0,0,14,111,5,35,0
12-12 20:10:31,21.817,4.012,73.476,0.251,0,2614664,126752,174028,5006720,6671.515,1624.997,0,264.814,0,14.043,1270,1667,1.610,1.460,0.810,1,0,53.163,0,0,14,111,5,35,0
12-12 20:10:32,21.750,5.750,71.748,0.250,0,2599176,150932,173888,4998192,8264.818,1787.961,0,743.984,0,81.998,2277,3830,1.560,1.450,0.810,1,0,83.998,0,0,14,111,5,36,0
12-12 20:10:33,21.688,5.235,71.795,0.249,0,2573052,177024,173888,4998224,7401.816,1615.377,0,303.132,0,14.957,1520,2136,1.560,1.450,0.810,2,0,55.840,0,0,14,111,5,37,0
12-12 20:10:34,23.247,3.250,72.490,0.250,0,2622988,127028,173888,4998284,6585.118,1457.805,0,643.914,0,86.988,1758,2951,1.560,1.450,0.810,2,0,2.000,0,0,14,113,5,37,0
12-12 20:10:35,25.781,4.255,67.582,1.502,0,2607972,141824,173896,4998496,7227.789,1712.082,0,2022.459,0,223.271,3340,6885,1.560,1.450,0.810,3,0,55.067,0,0,14,111,5,38,0
12-12 20:10:36,24.477,3.497,69.184,0.500,0,2626572,130920,173884,4990836,8106.307,1618.464,0,2293.823,0,201.808,2745,5234,1.560,1.450,0.810,1,0,3.996,0,0,14,121,5,38,0
12-12 20:10:37,34.269,5.253,59.783,0.750,0,2622968,134372,173884,4990988,7307.048,1620.898,4.002,1252.694,1.001,106.059,3169,5974,1.520,1.440,0.810,3,0,72.040,0,0,14,121,5,39,0
12-12 20:10:38,23.548,4.259,70.143,1.253,0,2599548,172328,173740,4976816,8070.448,1623.308,749.528,4857.900,130.265,367.749,2929,5552,1.520,1.440,0.810,1,0,18.037,0,0,14,121,5,40,0
12-12 20:10:39,18.959,7.484,72.343,0,0,2642664,127400,173744,4978624,6999.838,1710.295,1768.170,694.496,29.935,26.942,1650,2420,1.520,1.440,0.810,3,0,130.717,0,0,14,121,5,40,0
12-12 20:10:40,27.268,2.251,68.794,1.001,0,2650904,134232,173584,4963712,7184.620,1715.103,4.003,7360.733,1.001,588.378,3158,6605,1.520,1.440,0.810,1,0,0,0,0,14,123,5,40,0
12-12 20:10:41,35.817,11.271,52.598,0.501,0,2612568,169856,173592,4966456,6285.710,1719.203,3105.786,881.642,80.149,70.131,4002,8213,1.520,1.440,0.810,2,0,290.541,0,0,14,123,5,41,0
12-12 20:10:42,33.677,4.241,62.116,0.249,0,2668028,129660,173572,4951676,9408.677,2400.814,131.715,790.293,3.991,62.864,2477,4379,1.470,1.430,0.810,2,0,1.996,0,0,14,123,6,41,0
12-12 20:10:43,16.750,15.250,65.999,0.250,0,2620152,177520,173580,4951684,7660.839,1947.959,43.999,343.993,3.000,26.999,2994,5127,1.470,1.430,0.810,1,0,291.994,0,0,14,123,6,42,0
12-12 20:10:44,12.776,17.285,68.140,0,0,2629876,167184,173580,4952640,6290.890,1841.774,312.641,252.517,15.031,17.035,3484,5470,1.470,1.430,0.810,7,0,373.766,0,0,14,123,6,41,0
12-12 20:10:45,25.499,18.500,55.749,0,0,2657412,139428,173584,4952548,10137.787,1787.962,147.997,383.992,6.000,27.999,4324,7761,1.470,1.430,0.810,2,0,360.992,0,0,14,123,6,41,0
12-12 20:10:46,34.891,19.688,44.361,0.249,0,2702512,130948,172980,4917256,10743.352,1818.305,163.488,3098.296,6.978,371.835,3438,6992,1.470,1.430,0.810,2,0,449.592,0,0,14,123,6,41,0
12-12 20:10:47,50.908,23.322,24.326,0.752,0,2844276,121216,170340,4789848,8961.853,1588.938,934.906,7507.333,65.203,696.164,6175,15139,1.600,1.460,0.830,3,0,435.353,0,0,16,135,6,41,0
12-12 20:10:48,56.498,21.249,20.749,0.250,0,2956508,130448,167416,4673948,6488.799,1857.942,3947.878,1215.962,179.994,190.994,4254,7264,1.600,1.460,0.830,4,0,461.986,0,0,16,135,6,41,0
12-12 20:10:49,53.437,20.725,24.471,0.499,0,3051636,130496,165688,4582332,7466.138,1691.992,2009.615,6152.697,162.807,393.533,5574,18049,1.600,1.460,0.830,6,0,486.423,0,0,16,151,6,41,0
12-12 20:10:50,34.265,20.009,45.020,0,0,3100056,130384,165520,4535332,6007.667,1714.761,656.291,1188.528,68.030,179.080,4068,7432,1.600,1.460,0.830,1,0,576.256,0,0,17,151,6,41,0
12-12 20:10:51,24.012,15.758,58.528,0.250,0,3123652,129640,165520,4513132,6158.969,1620.781,1300.627,1848.891,47.023,333.161,5482,10643,1.600,1.460,0.830,2,0,291.140,0,0,17,151,6,41,0
12-12 20:10:52,36.896,18.448,43.377,0,0,3199180,129372,165512,4440116,8640.590,1615.436,11.966,534.490,2.992,39.887,4893,9088,1.710,1.490,0.840,3,0,487.622,0,0,17,151,6,41,0
12-12 20:10:53,43.631,22.066,31.845,0.502,0,3310188,136068,165536,4324468,9089.250,1624.871,164.493,6776.315,9.027,658.976,7449,16770,1.710,1.490,0.840,2,0,501.504,0,0,17,163,6,41,0
12-12 20:10:54,33.479,21.487,45.222,0.500,0,3370376,131772,165560,4269584,9301.252,1754.915,79.951,211.869,7.995,15.990,4402,7308,1.710,1.490,0.840,3,0,744.540,0,0,17,165,6,41,0
12-12 20:10:55,22.001,20.501,56.003,0,0,3429004,129676,165564,4214196,6572.329,1458.073,8.000,3112.156,2.000,376.019,7715,14020,1.710,1.490,0.840,1,0,369.018,0,0,17,169,6,41,0
12-12 20:10:56,35.009,11.253,52.263,0.250,0,3509896,139336,165564,4125516,7613.964,1730.446,96.025,3600.929,8.002,301.078,3545,6418,1.710,1.490,0.840,2,0,153.039,0,0,17,169,6,41,0
12-12 20:10:57,45.863,7.228,45.614,0.249,0,3624320,137872,165564,4014732,6678.019,1684.959,27.916,969.100,3.988,152.544,1803,2456,1.730,1.500,0.840,5,0,2.991,0,0,17,175,6,41,0
12-12 20:10:58,35.863,11.285,51.913,0.251,0,3586076,217752,165572,3974044,10711.678,1793.639,1488.680,385.211,43.136,27.085,2867,4901,1.730,1.500,0.840,6,0,249.785,0,0,17,178,5,40,0
12-12 20:10:59,39.494,21.747,38.744,0,0,3655284,147172,165580,3975348,39132.443,1619.770,19.997,487.931,2.000,38.994,4857,11768,1.730,1.500,0.840,4,0,593.916,0,0,17,190,5,40,0
12-12 20:11:00,55.691,17.981,25.473,0.250,0,3710504,135684,165612,3932960,11846.348,1618.272,1482.417,7160.353,40.956,437.533,6276,13213,1.730,1.500,0.840,7,0,238.745,0,0,17,191,5,40,0
12-12 20:11:01,79.042,16.207,4.239,0,0,3781804,133256,165624,3865996,7963.010,1709.494,1396.319,813.855,20.945,54.855,2848,6235,1.730,1.500,0.840,6,0,118.687,0,0,17,202,5,42,0
12-12 20:11:02,73.533,15.309,10.039,0.251,0,3819020,186184,165720,3778016,7984.765,1463.639,108.418,2027.813,7.027,125.483,5196,10770,1.910,1.540,0.860,4,0,66.255,0,0,17,210,5,45,0
12-12 20:11:03,52.638,23.201,22.452,0.249,0,3898072,118424,165732,3766784,8920.998,1616.557,0,802.291,0,48.896,5306,11177,1.910,1.540,0.860,4,0,508.916,0,0,17,216,5,45,0
12-12 20:11:04,50.338,24.292,24.543,0,0,3886716,143344,165736,3753564,6050.528,1622.824,28.049,452.788,1.002,23.040,6722,27318,1.910,1.540,0.860,8,0,281.490,0,0,17,216,5,45,0
12-12 20:11:05,55.279,24.013,19.260,0,0,3938312,137332,165740,3708476,6525.439,1620.854,0,696.367,0,51.027,6616,23765,1.910,1.540,0.860,5,0,585.308,0,0,17,219,5,48,0
12-12 20:11:06,62.999,19.000,16.250,0.250,0,3979780,126824,165816,3677408,8191.902,1897.977,771.991,1039.988,31.000,56.999,7968,20305,1.910,1.540,0.860,5,0,306.996,0,0,17,223,5,53,0
12-12 20:11:07,57.500,21.250,20.750,0.250,0,4023816,179396,165816,3581988,5773.977,1787.993,295.999,31767.873,11.000,939.996,5284,8923,2,1.560,0.870,4,0,433.998,0,0,17,225,5,53,0
12-12 20:11:08,63.244,17.498,18.498,0.500,0,4149244,129992,165820,3507104,6206.448,1457.870,63.994,1003.911,3.000,75.993,6090,14144,2,1.560,0.870,5,0,215.981,0,0,17,235,5,55,0
12-12 20:11:09,68.502,7.250,23.251,0,0,4238388,134744,165828,3415476,6445.200,1788.055,32.001,856.027,2.000,66.002,2683,4325,2,1.560,0.870,4,0,10.000,0,0,17,242,5,55,0
12-12 20:11:10,60.716,18.989,19.739,0,0,4229152,173780,165840,3386344,6967.071,1713.034,595.664,1415.202,24.986,123.930,5579,12174,2,1.560,0.870,5,0,344.806,0,0,17,249,5,60,0
12-12 20:11:11,50.027,22.512,24.513,1.001,0,4248772,153168,165852,3387668,5937.194,1620.872,1784.960,2087.123,52.028,185.100,5895,11991,2,1.560,0.870,6,0,512.276,0,0,17,249,5,60,0
12-12 20:11:12,62.745,18.498,17.498,0.250,0,4336680,118260,165932,3335476,7231.378,1619.861,3587.691,2000.828,51.996,94.992,4322,11456,2.400,1.650,0.910,5,0,225.981,0,0,18,253,5,58,0
12-12 20:11:13,82.542,13.007,3.752,0,0,4439572,122484,165936,3231032,6554.356,1788.916,772.395,9945.092,7.004,793.406,2674,3484,2.400,1.650,0.910,3,0,20.010,0,0,18,253,5,58,0
12-12 20:11:14,56.716,18.239,25.235,0,0,4439872,148280,165968,3205172,8647.846,1786.935,571.659,1223.271,9.994,85.949,4970,9959,2.400,1.650,0.910,2,0,228.864,0,0,18,254,5,60,0
12-12 20:11:15,18.462,6.736,73.599,0.499,0,4434832,153164,165976,3205292,10434.619,2992.868,838.282,502.969,12.973,36.924,1912,2938,2.400,1.650,0.910,3,0,39.918,0,0,18,255,5,60,0
12-12 20:11:16,20.034,6.010,73.125,0,0,4447596,140228,165976,3205464,20555.067,5386.189,801.367,424.725,8.014,29.050,2134,3033,2.400,1.650,0.910,1,0,11.019,0,0,18,260,5,49,0
12-12 20:11:17,19.512,5.253,73.543,0,0,4442240,145580,165976,3205468,7506.436,1620.958,768.454,468.277,6.004,35.021,2281,3751,2.290,1.640,0.910,2,0,9.005,0,0,18,263,5,49,0
12-12 20:11:18,23.995,10.748,62.988,0.500,0,4457500,123024,165980,3212824,16538027.623,137399.345,2835.450,535.896,30.994,30.994,8008,6074,2.290,1.640,0.910,3,0,173.966,0,0,18,263,5,49,0
12-12 20:11:19,27.996,7.499,63.991,0.250,0,4497900,129672,165984,3166116,6889.070,1619.781,539.927,431.942,13.998,36.995,2148,3415,2.290,1.640,0.910,1,0,97.987,0,0,18,264,5,49,0
12-12 20:11:20,26.160,5.232,68.017,0.498,0,4500792,144156,165984,3149044,11378.042,1656.329,530.185,873.011,27.904,87.700,4347,9150,2.290,1.640,0.910,3,0,3.986,0,0,18,278,5,51,0
12-12 20:11:21,19.810,11.033,68.456,0.502,0,4449688,179108,165988,3165192,7348.081,1793.389,292.880,986.966,14.042,89.268,3582,7137,2.290,1.640,0.910,2,0,214.645,0,0,18,277,5,53,0
12-12 20:11:22,18.492,9.246,71.720,0,0,4488108,140408,165988,3165472,6407.309,1793.247,15.993,351.852,1.999,20.991,2498,4255,2.190,1.630,0.910,1,0,254.893,0,0,18,277,5,53,0
12-12 20:11:23,12.987,13.486,71.177,0.499,0,4458820,169696,165992,3165468,7861.942,1786.169,3.996,1730.227,0.999,101.896,2818,4765,2.190,1.630,0.910,3,0,242.751,0,0,18,277,5,53,0
12-12 20:11:24,8.248,19.746,69.985,0,0,4457724,170748,165992,3165512,6477.646,1619.661,31.993,16456.561,2.999,35.992,3517,5862,2.190,1.630,0.910,3,0,418.912,0,0,18,277,5,53,0
12-12 20:11:25,6.751,2.000,88.264,0,0,4463572,164660,165992,3165580,6188.947,1788.274,272.042,168.026,30.005,18.003,2021,4170,2.190,1.630,0.910,1,0,37.006,0,0,18,283,5,52,0
12-12 20:11:26,22.783,3.755,72.355,0,0,4512428,130396,165992,3151280,7926.517,1622.357,0,0,0,0,1560,2221,2.190,1.630,0.910,1,0,11.016,0,0,18,283,5,52,0
12-12 20:11:27,17.268,11.262,70.824,0.250,0,4461344,181324,165996,3151432,6101.339,1621.685,168.175,204.212,13.014,21.022,2573,4112,2.010,1.600,0.900,1,0,175.182,0,0,18,287,5,49,0
12-12 20:11:28,10.990,16.985,70.438,0,0,4467220,175208,165996,3151656,39751.218,1618.584,0,0,0,0,3021,4738,2.010,1.600,0.900,1,0,241.788,0,0,18,287,5,49,0
12-12 20:11:29,19.443,8.974,70.792,0.249,0,4506660,135464,165996,3151960,6398.215,1453.732,291.145,725.869,5.982,16.950,2127,3395,2.010,1.600,0.900,3,0,128.622,0,0,18,291,5,47,0
12-12 20:11:30,23.758,4.501,70.023,0.250,0,4567400,123872,165996,3103156,11136.597,1788.578,272.088,10423.367,10.003,649.210,1741,2776,2.010,1.600,0.900,2,0,1.000,0,0,18,293,5,47,0
12-12 20:11:31,24.741,2.499,70.974,0.500,0,4488012,224476,165996,3082076,6205.710,1619.402,235.913,471.826,10.996,53.980,2090,3456,2.010,1.600,0.900,2,0,7.997,0,0,18,295,5,44,0
12-12 20:11:32,25.280,2.503,72.337,0.501,0,4551300,160728,165996,3082536,7714.265,1621.948,488.587,0,42.051,0,1399,1953,1.930,1.590,0.900,1,0,2.002,0,0,18,295,5,44,0
12-12 20:11:33,24.976,1.998,70.683,0,0,4581388,130488,165996,3082688,6498.865,1660.433,3.996,471.555,0.999,23.977,1686,2822,1.930,1.590,0.900,2,0,2.997,0,0,18,297,5,43,0
12-12 20:11:34,24.282,4.005,71.343,0.250,0,4528684,183160,165996,3082720,6802.844,1622.109,28.036,124.161,1.001,12.016,1459,2199,1.930,1.590,0.900,2,0,17.022,0,0,18,295,5,43,0
12-12 20:11:35,16.263,11.760,71.308,0,0,4479636,231608,166000,3083316,6670.470,1621.329,852.699,12614.344,20.016,28.023,2497,3912,1.930,1.590,0.900,1,0,225.185,0,0,18,295,5,42,0
12-12 20:11:36,13.210,15.453,70.536,0.249,0,4485320,225652,166004,3083584,6627.924,1453.597,19.940,7.976,4.985,1.994,2967,4801,1.930,1.590,0.900,3,0,356.919,0,0,18,295,5,42,0
12-12 20:11:37,23.535,3.004,72.108,0,0,4514460,196132,166036,3083932,7185.750,1622.427,520.779,0,28.042,0,1364,1969,1.860,1.580,0.900,3,0,4.006,0,0,18,295,5,41,0
12-12 20:11:38,21.252,5.000,73.257,0.250,0,4508848,201300,166040,3084372,11768.118,3978.378,156.015,276.026,7.001,5.000,9461,18714,1.860,1.580,0.900,1,0,12.001,0,0,18,296,5,41,0
12-12 20:11:39,22.807,4.261,71.178,0,0,4526140,181952,166212,3086000,8490.251,3461.665,28.070,661.656,4.010,24.060,2072,3233,1.860,1.580,0.900,2,0,5.013,0,0,18,296,5,39,0
12-12 20:11:40,23.888,5.474,68.429,0.498,0.249,4503328,204864,166216,3085864,6590.092,1879.187,3.981,2126.029,0.995,127.402,8926,18380,1.860,1.580,0.900,3,0,7.963,0,0,18,295,5,39,0
12-12 20:11:41,15.750,12.500,70.499,0.250,0,4491612,216640,166216,3085804,7023.888,1619.974,31.999,459.993,2.000,29.000,2849,4815,1.860,1.580,0.900,1,0,265.996,0,0,18,295,5,39,0
12-12 20:11:42,22.016,5.254,72.052,0,0,4467032,241020,166216,3086004,5890.229,1553.115,24.017,304.218,2.001,14.010,1868,3094,1.790,1.570,0.910,3,0,43.031,0,0,18,295,5,41,0
12-12 20:11:43,22.784,5.508,71.358,0,0,4519408,188520,166216,3086128,6126.257,1706.579,80.121,220.333,5.008,11.017,1794,2751,1.790,1.570,0.910,2,0,72.109,0,0,18,295,5,39,0
12-12 20:11:44,22.508,5.252,71.774,0,0,4506756,201168,166216,3086132,5879.999,1620.551,0,764.260,0,42.014,1863,2955,1.790,1.570,0.910,2,0,72.024,0,0,18,295,5,39,0
12-12 20:11:45,23.292,4.508,71.380,0.250,0,4495824,212076,166216,3086156,5348.745,1622.957,0,332.606,0,34.062,1950,3172,1.790,1.570,0.910,1,0,58.106,0,0,18,295,5,40,0
12-12 20:11:46,22.498,4.750,71.995,0,0,4472060,235836,166216,3086160,5725.599,1713.880,0,87.994,0,6.000,1798,2714,1.790,1.570,0.910,1,0,31.998,0,0,18,295,5,42,0
12-12 20:11:47,24.268,3.002,71.554,0.500,0,4514844,193024,166216,3086188,7440.618,1957.478,0,284.215,0,38.029,1960,3049,1.720,1.560,0.910,2,0,2.002,0,0,18,295,5,42,0
12-12 20:11:48,22.653,5.228,70.696,0,0,4511748,196096,166216,3086212,5319.122,1780.343,0,219.058,0,11.949,1770,2595,1.720,1.560,0.910,5,0,48.790,0,0,18,295,5,42,0
12-12 20:11:49,23.498,4.500,70.995,0,0,4503228,204484,166216,3086344,6971.463,1457.888,0,199.985,0,13.999,1960,2892,1.720,1.560,0.910,1,0,33.997,0,0,18,295,5,44,0
12-12 20:11:50,22.579,6.272,70.999,0.251,0,4483244,224432,166216,3086380,5990.025,1794.298,0,533.874,0,57.201,2420,4057,1.720,1.560,0.910,1,0,88.310,0,0,18,295,5,45,0
12-12 20:11:51,25.002,2.250,71.754,0,0,4467624,240024,166220,3086404,5440.332,1620.099,16.001,248.015,1.000,20.001,1819,2866,1.720,1.560,0.910,3,0,12.001,0,0,18,295,5,47,0
12-12 20:11:52,23.953,4.741,71.611,0,0,4521432,186196,166220,3086424,7142.130,1702.693,0,195.620,0,10.979,1662,2414,1.660,1.550,0.910,3,0,38.924,0,0,18,295,5,47,0
12-12 20:11:53,23.495,3.749,71.735,0.500,0,4518656,188756,166220,3086640,5430.838,1689.638,207.955,367.921,15.997,24.995,1806,2788,1.660,1.550,0.910,2,0,16.996,0,0,18,295,5,49,0
12-12 20:11:54,26.512,3.502,67.030,1.251,0,4480088,226844,166220,3087120,8886.964,2050.915,376.168,1776.792,23.010,208.093,3782,7016,1.660,1.550,0.910,6,0,5.002,0,0,18,295,5,51,0
12-12 20:11:55,25.513,2.501,71.038,0,0,4520240,186524,166220,3087288,8870.693,1620.857,4.002,796.421,1.001,75.040,2353,3894,1.660,1.550,0.910,3,0,2.001,0,0,18,297,5,51,0
12-12 20:11:56,17.253,13.502,67.760,0.250,0,4475668,230904,166228,3087472,5504.837,1512.230,8.001,992.151,2.000,101.015,3919,7150,1.660,1.550,0.910,2,0,416.063,0,0,18,295,5,52,0
12-12 20:11:57,10.024,21.051,67.914,0,0,4477856,228688,166232,3087496,5294.798,1569.794,0,541.308,0,41.099,4014,6988,1.610,1.540,0.910,1,0,646.563,0,0,18,295,5,52,0
12-12 20:11:58,10.988,20.727,66.675,0.250,0,4475356,231152,166236,3087528,8100.927,1618.188,0,2641.042,0,172.806,4472,7939,1.610,1.540,0.910,1,0,667.253,0,0,18,295,5,52,0
12-12 20:11:59,10.757,21.514,66.293,0,0,4474244,232216,166244,3087568,39993.676,1621.041,4.003,376.242,1.001,33.021,5084,9047,1.610,1.540,0.910,3,0,653.419,0,0,18,295,5,52,0
12-12 20:12:00,11.238,21.977,67.179,0.250,0,4470936,235368,166248,3087720,12403.963,1618.299,0,391.588,0,35.962,4356,7522,1.610,1.540,0.910,2,0,615.353,0,0,18,295,5,52,0
12-12 20:12:01,10.247,20.993,67.728,0.500,0,4476952,229252,166248,3087788,6173.031,1713.453,0,4182.666,0,478.847,4065,6768,1.610,1.540,0.910,2,0,593.811,0,0,18,295,5,50,0
12-12 20:12:02,17.279,11.019,69.617,0,0,4496868,290284,166252,3015836,6085.235,1791.012,52.088,1674.817,5.008,6.010,10273,20736,1.640,1.550,0.910,4,0,142.239,0,0,18,295,5,50,0
12-12 20:12:03,21.893,3.732,73.889,0,0,4513644,265012,166252,3023180,7810.836,2665.974,7.961,7.961,0.995,1.990,4272,7960,1.640,1.550,0.910,2,0,4.976,0,0,18,296,5,43,0
12-12 20:12:04,8.249,1.750,87.744,0.250,0,4513608,265012,166252,3023216,9237.335,2628.811,31.998,1983.857,1.000,42.997,1502,2565,1.640,1.550,0.910,2,0,0,0,0,18,296,5,43,0
12-12 20:12:05,17.227,0.999,79.642,0.749,0,4525968,252188,166252,3023648,24589.656,13316.942,255.653,1298.240,27.962,53.927,1613,2522,1.640,1.550,0.910,2,0,0,0,0,18,297,5,40,0
12-12 20:12:06,18.771,1.001,78.087,1.001,0,4544648,232308,166252,3024816,24645.356,14680.295,896.996,2374.636,51.057,90.100,1757,2736,1.640,1.550,0.910,1,0,0,0,0,18,297,5,40,0
12-12 20:12:07,15.257,1.000,82.537,0.750,0,4547376,229032,166252,3025296,21396.714,11418.184,332.151,1060.481,28.013,40.018,1444,2167,1.590,1.540,0.910,1,0,0,0,0,18,297,5,40,0
12-12 20:12:08,18.040,2.255,77.172,1.002,0,4548044,214652,166252,3038972,22567.416,12470.860,4838.810,1082.418,90.202,39.087,1614,2426,1.590,1.540,0.910,3,0,0,0,0,18,297,5,35,0
12-12 20:12:09,22.938,2.743,72.054,1.496,0.249,4571380,167140,166340,3061252,5689.536,1789.137,2928.042,2285.787,43.881,91.751,1623,2655,1.590,1.540,0.910,3,1,0,0,0,18,296,5,35,1
12-12 20:12:10,22.974,3.496,70.419,1.748,0,4567484,140240,166780,3089632,5997.085,1618.134,0,4382.946,0,208.759,2183,3879,1.590,1.540,0.910,1,0,0,0,0,18,296,5,32,1
12-12 20:12:11,23.287,2.754,71.863,0.501,0,4569368,129952,167436,3095800,5431.549,1957.080,0,3685.801,0,79.125,1623,2555,1.590,1.540,0.910,2,0,0,0,0,18,295,5,32,0
12-12 20:12:12,24.850,5.271,70.032,0.502,0,4521780,175740,167500,3097548,5805.390,1859.492,465.877,1405.663,6.024,16.065,6472,12641,1.540,1.530,0.920,2,0,10.040,0,0,18,295,6,24,0
12-12 20:12:13,23.943,5.487,68.586,0,0,4526156,171212,167500,3097692,8473.765,1783.740,0,1264.979,0,4.988,9597,19700,1.540,1.530,0.920,4,0,13.967,0,0,18,295,6,24,0
12-12 20:12:14,22.754,5.251,71.263,0,0,4477824,219424,167500,3097812,5493.022,1714.319,32.006,692.129,1.000,43.008,3803,6977,1.540,1.530,0.920,3,0,18.003,0,0,18,295,6,21,0
12-12 20:12:15,24.495,4.999,68.737,0.250,0,4497896,199400,167500,3097728,6403.815,1693.687,0,315.942,0,23.996,9874,19794,1.540,1.530,0.920,5,0,47.991,0,0,18,295,6,21,0
12-12 20:12:16,25.058,4.510,69.161,0,0,4528760,168476,167500,3097732,7286.949,1717.996,0,473.100,0,11.026,9183,18530,1.540,1.530,0.920,4,0,16.037,0,0,18,295,6,20,0
12-12 20:12:17,22.681,5.982,69.539,0,0,4521984,175088,167500,3097860,6259.010,1615.100,0,239.274,0,11.964,9082,18395,1.500,1.520,0.920,4,0,12.961,0,0,18,295,6,20,0
12-12 20:12:18,25.244,2.499,71.984,0,0,4515352,181848,167500,3097732,5783.710,1619.639,0,11.997,0,2.999,1410,1860,1.500,1.520,0.920,3,0,8.998,0,0,18,295,6,20,0
12-12 20:12:19,21.572,7.024,70.235,0,0,4492980,196308,167656,3104668,4624.501,1802.040,0,4.013,0,1.003,7832,15161,1.500,1.520,0.920,2,0,101.340,0,0,18,295,6,20,0
12-12 20:12:20,22.406,3.734,72.198,0.498,0,4512948,165488,168044,3113576,6097.512,2707.682,3.983,4923.420,0.996,175.267,7384,14377,1.500,1.520,0.920,2,0,3.983,0,0,18,296,6,19,0
12-12 20:12:21,7.028,0.502,90.613,0.251,0,4512948,165488,168044,3113576,9810.251,2742.975,0,68.273,0,7.028,1158,1826,1.500,1.520,0.920,1,0,0,0,0,18,296,6,19,0
12-12 20:12:22,17.701,0.748,79.779,0.499,0,4522432,155672,168108,3113788,23316.553,11734.566,0,1499.854,0,151.581,1471,1985,1.460,1.510,0.920,1,0,0,0,0,18,297,6,16,0
12-12 20:12:23,21.993,4.748,72.226,0.250,0,4547236,131740,168184,3112800,52707.554,13842.418,511.831,1299.570,3.999,44.985,1801,2513,1.460,1.510,0.920,2,0,6.998,0,0,18,298,6,16,0
12-12 20:12:24,18.003,4.501,76.014,0.500,0,4553332,128700,168256,3109644,108983.726,7443.347,544.098,1276.231,5.001,69.012,1926,2834,1.460,1.510,0.920,1,0,6.001,0,0,18,298,6,16,0
12-12 20:12:25,21.761,4.752,71.536,0.250,0,4537932,145264,168336,3108236,26987.467,10859.419,20.010,1132.565,3.001,52.026,2246,4631,1.460,1.510,0.920,1,0,34.017,0,0,18,298,6,17,0
12-12 20:12:26,19.001,1.000,79.255,0.750,0,4547784,135172,168408,3108444,24803.463,13885.819,0,1328.078,0,48.003,1544,2302,1.460,1.510,0.920,3,0,0,0,0,18,297,6,16,1
12-12 20:12:27,6.753,0.750,91.041,0.250,0,4553148,129432,168472,3108756,221791.919,8778.915,0,692.309,0,24.011,1351,2032,1.340,1.490,0.910,1,0,0,0,0,18,297,6,16,1
12-12 20:12:28,2.497,1.498,93.655,0.250,0,4553660,128704,168560,3108772,33407.225,6912.012,0,703.289,0,35.964,1285,2084,1.340,1.490,0.910,1,0,0,0,0,18,297,5,16,1
12-12 20:12:29,6.495,0.749,90.425,0.749,0.250,4554612,127528,168752,3108800,130390.167,12601.578,23.980,1526.737,3.997,75.937,1536,2463,1.340,1.490,0.910,1,0,0,0,0,18,297,5,16,1
12-12 20:12:30,5.267,1.003,91.046,0.502,0,4554128,127528,168852,3109052,56896.801,6694.745,0,1207.923,0,77.251,1576,2713,1.340,1.490,0.910,1,0,0,0,0,18,297,5,16,1
12-12 20:12:31,14.946,2.242,80.209,0.498,0,4568688,124004,168936,3098160,4703174.072,42808.519,95.653,5591.691,5.978,51.812,2925,3127,1.340,1.490,0.910,1,0,1.993,0,0,18,297,5,16,1
12-12 20:12:32,15.300,4.013,77.505,1.254,0,4553760,130712,169120,3106116,13179461.068,91444.670,172.567,22393.630,6.020,515.696,5243,3816,1.310,1.480,0.910,4,0,4.013,0,0,18,297,5,16,1
12-12 20:12:33,22.725,3.246,72.170,1.249,0,4556848,128152,171980,3098768,6399.947,1704.122,0,5601.827,0,131.855,1770,2868,1.310,1.480,0.910,2,0,0.999,0,0,18,297,5,16,1
12-12 20:12:34,24.493,2.749,71.479,0.500,0,4571176,123860,172516,3087120,6710.027,1619.524,3.999,2323.317,1.000,103.969,1683,2920,1.310,1.480,0.910,1,0,0,0,0,18,297,5,16,1
12-12 20:12:35,22.053,3.258,71.923,1.253,0,4571680,129336,173536,3077264,4736.382,1611.873,0,2626.311,0,100.241,1514,2597,1.310,1.480,0.910,2,0,0,0,0,18,297,5,16,1
12-12 20:12:36,22.750,3.500,72.501,0.250,0,4572508,130408,175176,3071980,5004.085,1620.028,0,1208.021,0,51.001,1469,2362,1.310,1.480,0.910,2,0,0,0,0,18,297,5,16,1
12-12 20:12:37,21.741,4.498,72.222,1.000,0,4571260,131692,176384,3069012,8399.716,2674.954,0,20511.980,0,159.937,1786,2810,1.290,1.470,0.910,1,0,0,0,0,18,298,5,16,1
12-12 20:12:38,21.720,2.746,74.645,0.250,0,4501724,232680,176388,3037468,10946.653,3232.468,23.966,463.350,3.994,7.989,1395,1925,1.290,1.470,0.910,2,0,3.994,0,0,18,295,5,16,0
12-12 20:12:39,24.515,4.753,68.541,0,0,4528964,203956,176476,3038796,7856.730,1606.967,0,0,0,0,8847,17923,1.290,1.470,0.910,2,0,14.008,0,0,18,295,5,16,0
12-12 20:12:40,23.727,6.494,68.683,0.250,0,4525516,207244,176476,3038944,5709.399,1712.320,0,3064.993,0,34.966,8881,18137,1.290,1.470,0.910,3,0,9.990,0,0,18,295,5,16,0
12-12 20:12:41,21.498,5.249,71.742,0,0,4499480,233180,176476,3039020,4568.520,1619.830,0,299.969,0,7.999,1419,2124,1.290,1.470,0.910,2,0,7.999,0,0,18,295,5,16,0
12-12 20:12:42,23.546,5.260,69.636,0.501,0,4511732,216912,176820,3041948,7083.799,1717.345,813.585,66481.506,21.041,240.468,2688,5137,1.350,1.480,0.920,1,0,3.006,0,0,18,296,5,14,0
12-12 20:12:43,25.505,5.001,66.763,2.000,0,4466088,261544,176828,3042944,5112.002,1650.323,788.154,4624.906,42.008,590.116,5787,11869,1.350,1.480,0.920,4,0,49.010,0,0,18,297,5,20,0
12-12 20:12:44,10.738,17.481,69.922,0.749,0,4471932,254600,176828,3044076,6236.059,1786.012,934.959,479.466,12.986,28.968,3350,5431,1.350,1.480,0.920,2,0,390.565,0,0,18,297,5,22,0
12-12 20:12:45,8.976,5.735,70.561,12.716,0,4454800,234280,176828,3081528,5043.458,1615.662,37387.614,3019.892,2144.243,146.606,3865,7101,1.350,1.480,0.920,2,0,9.973,0,0,18,297,5,22,0
12-12 20:12:46,6.750,3.500,80.746,7.750,0,4452744,229776,176840,3088068,7100.688,2624.885,6523.713,451.980,1307.942,3.000,2671,4647,1.350,1.480,0.920,1,0,6.000,0,0,18,298,5,19,0
12-12 20:12:47,5.508,0.501,93.391,0,0,4453852,228572,176840,3088164,43396.355,5068.633,0,2043.077,0,18.027,1360,2273,1.240,1.460,0.910,2,0,0,0,0,18,298,5,19,0
12-12 20:12:48,2.999,3.499,90.729,0.250,0,4448512,230896,177028,3090984,51637.865,129261.624,3231.241,819.807,55.987,9.998,1439,2284,1.240,1.460,0.910,1,0,26.994,0,0,18,297,5,19,0
12-12 20:12:49,2.250,0.250,96.259,0.250,0,4448236,230896,177028,3091220,7029.668,1620.154,0,72.007,0,6.001,1014,1734,1.240,1.460,0.910,1,0,0,0,0,18,297,5,19,0
12-12 20:12:50,2.250,1.000,94.751,0,0,4448236,230896,177028,3091220,5280.058,1566.017,0,308.003,0,32.000,1280,2291,1.240,1.460,0.910,1,0,0,0,0,18,297,5,19,0
12-12 20:12:51,2.000,0.250,96.237,0,0,4448236,230896,177028,3091220,5183.311,1619.785,0,31.996,0,3.999,1053,1797,1.240,1.460,0.910,1,0,0,0,0,18,297,5,16,0
12-12 20:12:52,3.248,1.999,94.454,0.250,0,4449132,230000,177028,3091220,4843.656,1511.269,0,16587.971,0,71.965,1365,2284,1.300,1.470,0.920,1,0,0,0,0,18,297,5,16,0
12-12 20:12:53,4.248,1.499,93.451,0.250,0,4449048,230000,177028,3091256,5173.284,1954.974,19.990,1227.356,1.999,212.888,1756,3185,1.300,1.470,0.920,1,0,0.999,0,0,18,297,5,13,0
12-12 20:12:54,2.251,0.500,96.303,0,0,4449048,230000,177028,3091256,6096.329,1883.028,0,108.059,0,8.004,1106,1986,1.300,1.470,0.920,1,0,0,0,0,18,297,5,13,0
12-12 20:12:55,2.998,0.999,94.931,0.749,0,4449044,230000,177028,3091260,9925.784,1618.823,0,367.733,0,37.972,1231,2079,1.300,1.470,0.920,1,0,0,0,0,18,297,5,10,0
12-12 20:12:56,2.500,0.500,96.017,0,0,4449044,230000,177028,3091260,6268.091,1788.311,0,32.006,0,4.001,1023,1743,1.300,1.470,0.920,1,0,0,0,0,18,297,5,10,0
12-12 20:12:57,2.001,0.250,96.065,0,0,4449044,230000,177028,3091260,7347.997,1621.102,0,8.005,0,1.001,997,1687,1.190,1.440,0.910,1,0,0,0,0,18,297,5,9,0
12-12 20:12:58,3.502,1.251,95.048,0.250,0,4449044,230000,177028,3091260,9436.766,1566.791,0,264.133,0,23.012,1340,2373,1.190,1.440,0.910,2,0,0,0,0,18,297,5,9,0
12-12 20:12:59,1.999,0.500,95.975,0,0,4449044,230000,177028,3091260,38209.104,1511.608,0,31.992,0,3.999,1125,1895,1.190,1.440,0.910,1,0,0,0,0,18,297,5,9,0
12-12 20:13:00,3.251,1.250,93.030,0.500,0,4449296,229748,177028,3091260,10182.248,1788.571,0,3485.112,0,200.064,1604,2919,1.190,1.440,0.910,1,0,0,0,0,18,297,5,9,0
12-12 20:13:01,4.250,1.000,93.745,0,0,4449228,229748,177028,3091320,5516.680,1619.906,0,0,0,0,1289,2010,1.190,1.440,0.910,1,0,0,0,0,18,297,5,9,0
12-12 20:13:02,5.753,2.251,89.796,0,0,4449624,229244,177028,3091428,7879.042,1620.831,0,12874.605,0,239.123,2186,3760,1.180,1.430,0.910,3,0,0,0,0,18,297,5,9,0
12-12 20:13:03,4.246,0.999,92.415,0.250,0,4450108,228996,177028,3091432,5577.840,1618.503,0,211.804,0,19.982,1540,2698,1.180,1.430,0.910,1,0,0.999,0,0,18,297,5,11,0
12-12 20:13:04,1.998,0.749,96.172,0,0,4450096,228996,177028,3091444,5503.559,1618.694,0,0,0,0,1041,1874,1.180,1.430,0.910,1,0,0,0,0,18,297,5,11,0
12-12 20:13:05,2.250,0.250,96.251,0,0,4450096,228996,177028,3091444,5372.081,1528.023,0,228.003,0,20.000,1046,1810,1.180,1.430,0.910,1,0,0,0,0,18,297,5,11,0
12-12 20:13:06,2.000,0.750,95.745,0,0,4450096,228996,177028,3091444,4899.721,1619.908,0,159.991,0,6.000,1030,1760,1.180,1.430,0.910,2,0,0,0,0,18,297,5,11,0
12-12 20:13:07,2.002,2.503,94.362,0,0,4454632,224460,177028,3091444,5610.688,1621.933,0,64504.890,0,267.319,1715,2643,1.160,1.430,0.910,2,0,0,0,0,18,297,5,11,0
12-12 20:13:08,2.249,2.499,93.712,0.250,0,4457268,221688,177032,3091456,5519.737,1787.267,0,72314.351,0,328.865,2007,3317,1.160,1.430,0.910,1,0,0,0,0,18,297,5,11,0
12-12 20:13:09,1.001,0.751,96.380,0,0,4457268,221688,177032,3091456,5647.607,1622.185,0,624.842,0,121.163,988,1772,1.160,1.430,0.910,1,0,0,0,0,18,297,5,11,0
12-12 20:13:10,2.747,1.249,95.409,0,0,4457268,221688,177032,3091456,6032.275,1712.375,0,255.757,0,22.978,1272,2169,1.160,1.430,0.910,1,0,0,0,0,18,297,5,11,0
12-12 20:13:11,2.251,0.750,96.047,0,0,4457268,221688,177032,3091456,5161.524,1620.793,0,32.016,0,4.002,1058,1781,1.160,1.430,0.910,1,0,0,0,0,18,297,5,11,0
12-12 20:13:12,2.246,0.250,96.059,0,0,4457264,221688,177032,3091460,5301.482,1455.113,0,3.992,0,0.998,960,1679,1.070,1.400,0.910,2,0,0,0,0,18,297,5,11,0
12-12 20:13:13,2.253,0.751,94.375,0.751,0,4457260,221688,177032,3091464,7111.430,1708.265,0,4301.704,0,51.068,1369,2623,1.070,1.400,0.910,2,0,1.001,0,0,18,297,5,11,0
12-12 20:13:14,2.001,0.500,95.534,0,0,4457248,221688,177032,3091472,6835.399,1620.569,0,0,0,0,1025,1881,1.070,1.400,0.910,2,0,0,0,0,18,297,5,11,0
12-12 20:13:15,2.497,1.498,95.616,0,0,4457248,221688,177032,3091472,5304.589,1617.740,0,247.654,0,22.968,1191,2134,1.070,1.400,0.910,1,0,0,0,0,18,297,5,11,0
12-12 20:13:16,2.252,0.501,95.354,0,0,4457120,221688,177032,3091600,6000.571,1621.776,0,0,0,0,1161,1940,1.070,1.400,0.910,1,0,0,0,0,18,297,5,11,0
12-12 20:13:17,2.748,0.749,94.683,0.250,0,4457116,221688,177032,3091604,6266.595,1954.626,0,267.812,0,22.984,1375,2306,0.990,1.380,0.900,2,0,0,0,0,18,297,5,11,0
12-12 20:13:18,2.749,0.500,94.718,0,0,4457116,221688,177032,3091604,11937.965,1301.560,0,131.955,0,19.993,1236,2082,0.990,1.380,0.900,1,0,0,0,0,18,297,5,11,0
12-12 20:13:19,5.750,1.500,91.256,0.250,0,4458260,220272,177056,3091852,109381.672,2644.161,268.016,392.024,6.000,32.002,1506,2650,0.990,1.380,0.900,1,0,4.000,0,0,18,297,5,11,0
12-12 20:13:20,11.249,5.499,81.492,0.250,0,4457456,220872,177080,3092028,352097.494,12330.792,219.978,227.978,10.999,22.998,2068,2770,0.990,1.380,0.900,3,0,33.997,0,0,18,297,5,11,0
