"pcp-dstat 5.3.6 CSV Output"
"Author:","PCP team <pcp@groups.io> and Dag Wieers <dag@wieers.com>",,,,"URL:","https://pcp.io/ and http://dag.wieers.com/home-made/dstat/"
"Host:","jammy-provider-cloud-0000007803",,,,"User:","ubuntu"
"Cmdline:","dstat -tcmndrylpg --tcp --output /tmp/devstack_logs/dstat-csv.log",,,,"Date:","11 Dec 2024 09:03:05 UTC"
"system","total usage",,,,,"memory usage",,,,"net/total",,"dsk/total",,"io/total",,"system",,"load avg",,,"procs",,,"paging",,"tcp sockets",,,,
"time","total usage:usr","total usage:sys","total usage:idl","total usage:wai","total usage:stl","used","free","buf","cach","net/total:recv","net/total:send","dsk/total:read","dsk/total:writ","read","writ","int","csw","1m","5m","15m","run","blk","new","in","out","lis","act","syn","tim","clo"
11-12 09:03:05,,990648,1991884,162076,4672864,,,,,,,1.090,0.740,0.410,1,0,,,,9,6,3,16,0
11-12 09:03:06,22.474,19.477,56.185,0.250,0,1011076,1968424,162132,4675772,1257807.685,33074.600,0,1977.704,0,81.905,4762,7534,1.170,0.760,0.420,2,0,620.280,0,0,9,5,3,16,1
11-12 09:03:07,27.253,20.253,51.257,1.000,0,1013748,1942804,162348,4697056,4034773.416,50064.358,0,7500.953,0,106.013,6041,10857,1.170,0.760,0.420,3,0,389.049,0,0,9,4,3,16,2
11-12 09:03:08,31.249,9.000,57.249,1.500,0,1144356,1782860,162936,4847852,5678.903,1619.972,0,5547.906,0,233.996,3418,6587,1.170,0.760,0.420,4,0,47.999,0,0,10,4,3,16,2
11-12 09:03:09,35.001,9.750,53.252,1.250,0,1155596,1736808,164204,4877796,7086.227,1566.050,0,4176.134,0,144.005,2089,3111,1.170,0.760,0.420,3,0,116.004,0,0,10,6,3,16,2
11-12 09:03:10,35.750,10.250,53.750,0.500,0,1112684,1790368,164552,4866296,11644.023,4359.009,80.000,5764.012,1.000,74.000,2224,3291,1.170,0.760,0.420,3,0,174.000,0,0,10,4,3,18,0
11-12 09:03:11,46.001,6.000,46.501,0,0,1199064,1701452,164596,4868428,4706.104,1512.033,0,2344.052,0,13.000,9025,17811,1.230,0.780,0.430,3,0,16.000,0,0,10,4,3,18,0
11-12 09:03:12,31.763,9.754,44.268,12.255,0,1225764,1665376,165672,4876448,7050.891,1706.700,0,46891.225,0,3935.614,21306,46147,1.230,0.780,0.430,3,1,68.028,0,0,10,6,3,18,0
11-12 09:03:13,40.227,8.745,46.223,3.998,0,1125728,1764208,165912,4877384,5310.941,1661.043,0,24497.889,0,1856.930,5935,12014,1.230,0.780,0.430,2,0,99.942,0,0,10,4,3,18,0
11-12 09:03:14,39.626,5.234,54.828,0,0,1165316,1724620,165920,4877372,8275.115,1614.948,0,725.730,0,21.931,1355,1629,1.230,0.780,0.430,2,0,54.828,0,0,10,4,3,18,0
11-12 09:03:15,24.250,2.250,73.500,0.500,0,1120516,1769404,165948,4877360,5611.011,1620.003,0,7548.015,0,523.001,1552,2463,1.230,0.780,0.430,3,1,12.000,0,0,10,4,3,18,0
11-12 09:03:16,23.266,2.502,73.551,0,0,1167500,1722384,165952,4877388,6161.282,1831.273,0,6104.242,0,391.272,1156,1185,1.210,0.780,0.430,4,0,0,0,0,10,4,3,18,0
11-12 09:03:17,10.526,17.794,70.924,0,0,1077588,1812420,165952,4877424,6775.621,1629.998,0,20.049,0,4.010,2525,3862,1.210,0.780,0.430,2,0,320.787,0,0,10,4,3,18,0
11-12 09:03:18,14.188,19.664,64.965,0,0,1068452,1821236,165952,4878072,5736.810,1612.918,0,39.825,0,9.956,3656,8103,1.210,0.780,0.430,3,0,433.098,0,0,10,4,3,18,0
11-12 09:03:19,33.904,13.813,51.484,0,0,1150568,1738824,165956,4878340,5349.291,1796.156,0,0,0,0,3412,9236,1.210,0.780,0.430,3,0,194.885,0,0,10,5,3,18,0
11-12 09:03:20,46.499,3.750,49.499,0,0,1240128,1648664,165980,4878804,12097.758,1619.968,0,135.997,0,25.999,1279,1210,1.210,0.780,0.430,3,0,4.000,0,0,10,5,3,18,0
11-12 09:03:21,38.921,6.986,53.891,0,0.249,1271664,1614492,166104,4880900,4541.794,1616.723,0,1664.626,0,78.840,3021,6681,1.280,0.800,0.440,2,0,117.761,0,0,10,4,3,18,0
11-12 09:03:22,0.250,0.500,98.720,0,0,1271664,1614492,166108,4880896,10223.882,1619.506,0,359.890,0,2.999,627,873,1.280,0.800,0.440,1,0,0,0,0,10,4,3,18,0
11-12 09:03:23,5.500,3.000,90.254,0.250,0,1286764,1599372,166140,4880900,6518.261,1976.079,0,3584.143,0,107.004,1350,1853,1.280,0.800,0.440,3,0,22.001,0,0,10,4,3,18,0
11-12 09:03:24,23.000,3.000,74.001,0,0,1354800,1531336,166140,4880900,6269.044,1458.010,0,0,0,0,991,1186,1.280,0.800,0.440,3,0,2.000,0,0,10,4,3,18,0
11-12 09:03:25,23.214,2.496,72.388,0.998,0,1375352,1510420,166248,4881148,5205.978,1617.507,0,2584.018,0,254.608,2718,4969,1.280,0.800,0.440,2,0,0.998,0,0,10,10,3,18,0
11-12 09:03:26,20.794,6.514,72.404,0,0,1319068,1566464,166248,4881328,4462.510,1623.460,0,20748.214,0,40.085,1308,1684,1.330,0.820,0.450,2,0,44.094,0,0,10,4,3,20,0
11-12 09:03:27,22.277,4.505,72.587,0.751,0,1295808,1589132,166264,4881740,6512.841,1621.953,232.280,2643.182,58.070,25.030,2081,3285,1.330,0.820,0.450,2,0,47.057,0,0,10,28,3,21,0
11-12 09:03:28,21.999,3.250,73.247,0,0,1344544,1540248,166264,4881884,6249.744,1619.934,0,0,0,0,1282,1834,1.330,0.820,0.450,2,0,2.000,0,0,10,28,3,22,0
11-12 09:03:29,36.449,9.986,53.176,0,0,1374048,1510716,166268,4881904,7207.902,1617.734,0,19.972,0,4.993,1865,2454,1.330,0.820,0.450,3,0,159.776,0,0,10,28,3,18,0
11-12 09:03:30,45.583,13.525,40.073,0,0,1345368,1539020,166276,4882232,6148.208,1460.663,0,220.402,0,26.047,4736,9862,1.330,0.820,0.450,5,0,349.637,0,0,10,28,3,22,0
11-12 09:03:31,82.334,15.219,2.495,0,0,1557672,1326664,166276,4882280,5691.554,1616.749,0,32494.653,0,88.821,3321,6300,1.630,0.890,0.470,7,0,236.524,0,0,10,30,3,20,0
11-12 09:03:32,75.655,12.275,11.774,0,0,1417756,1466336,166284,4882512,6930.158,1791.660,0,1210.473,0,30.061,5666,11966,1.630,0.890,0.470,4,0,204.418,0,0,10,29,3,21,0
11-12 09:03:33,29.188,8.731,61.868,0,0,1342552,1541516,166284,4882536,9395.940,1616.549,0,295.369,0,25.945,2770,5720,1.630,0.890,0.470,2,0,111.761,0,0,10,28,3,21,0
11-12 09:03:34,22.032,3.505,73.107,0.250,0,1313524,1570400,166284,4882676,5868.615,1622.382,0,332.488,0,27.040,2022,3862,1.630,0.890,0.470,2,0,29.043,0,0,10,28,3,21,0
11-12 09:03:35,22.215,4.493,73.134,0.250,0,1372968,1510948,166284,4882684,5678.982,1617.432,0,231.632,0,17.971,1411,2052,1.630,0.890,0.470,3,0,40.935,0,0,10,29,3,21,0
11-12 09:03:36,15.522,13.018,70.348,0,0,1319240,1564648,166288,4882708,6126.571,1514.118,0,729.020,0,41.057,3148,5239,1.500,0.880,0.470,1,0,311.436,0,0,10,28,3,21,0
11-12 09:03:37,41.785,23.019,34.529,0,0,1436320,1447472,166292,4882744,9900.197,1567.298,0,2594.148,0,39.032,3201,5621,1.500,0.880,0.470,5,0,734.608,0,0,10,28,3,21,0
11-12 09:03:38,81.472,10.746,7.997,0,0,1604796,1278940,166300,4882792,5245.217,1619.449,0,1627.447,0,105.964,4237,8786,1.500,0.880,0.470,5,0,3.999,0,0,10,31,3,21,0
11-12 09:03:39,81.530,13.005,5.752,0,0,1430036,1453448,166316,4883020,5282.955,1620.600,0,548.203,0,68.025,3441,11160,1.500,0.880,0.470,7,0,183.068,0,0,10,28,3,22,0
11-12 09:03:40,83.998,12.750,3.000,0,0,1612348,1270848,166328,4883292,5792.890,1619.969,0,195.996,0,13.000,4579,9144,1.500,0.880,0.470,7,0,138.997,0,0,10,29,3,23,0
11-12 09:03:41,70.287,14.207,14.456,0,0,1436584,1445940,166328,4883856,4986.885,1782.597,0,66023.882,0,173.474,5967,14802,1.860,0.960,0.500,4,0,199.396,0,0,10,30,3,22,0
11-12 09:03:42,44.247,6.999,48.246,0.500,0,1421696,1460788,166344,4883872,5652.553,1619.872,0,2919.769,0,175.986,2811,4929,1.860,0.960,0.500,3,0,101.992,0,0,10,28,3,23,0
11-12 09:03:43,45.271,14.757,39.268,0,0,1377980,1504420,166352,4883944,5552.549,1458.670,0,1028.472,0,36.017,4515,9581,1.860,0.960,0.500,4,0,380.175,0,0,10,28,3,24,0
11-12 09:03:44,63.242,8.499,28.746,0,0,1499892,1382508,166356,4883936,6725.139,1845.764,0,4507.423,0,183.976,2608,6269,1.860,0.960,0.500,4,0,3.999,0,0,10,31,4,26,0
11-12 09:03:45,76.462,13.538,8.774,0,0,1504084,1378128,166372,4884104,7432.655,1792.983,0,645.795,0,56.156,3257,7064,1.860,0.960,0.500,5,0,266.741,0,0,10,28,4,26,0
11-12 09:03:46,68.496,11.749,19.749,0.250,0,1444332,1437544,166376,4884436,5067.671,1713.889,0,799.948,0,41.997,5051,13264,2.110,1.030,0.530,6,0,156.990,0,0,10,28,4,29,0
11-12 09:03:47,65.354,12.722,21.951,0,0,1497856,1383964,166376,4884488,4257.468,1690.216,0,283.366,0,16.962,2161,4041,2.110,1.030,0.530,4,0,173.611,0,0,10,29,4,29,0
11-12 09:03:48,58.377,13.530,25.806,0,0,1421252,1460276,166396,4884756,7015.300,1886.114,0,489.067,0,40.087,4685,11091,2.110,1.030,0.530,4,0,305.667,0,0,10,28,4,33,0
11-12 09:03:49,64.003,9.000,26.501,0,0,1445200,1436136,166400,4884944,8991.396,1704.075,0,392.017,0,39.002,3707,10191,2.110,1.030,0.530,4,0,124.005,0,0,10,29,4,34,0
11-12 09:03:50,66.941,12.239,21.231,0,0,1501484,1379812,166400,4884984,6636.147,1542.639,0,267.764,0,13.988,2464,3907,2.110,1.030,0.530,3,0,168.851,0,0,10,29,4,35,0
11-12 09:03:51,63.306,10.509,25.773,0,0,1425436,1455288,166400,4885556,6509.735,1621.428,0,5741.058,0,428.377,5466,9952,2.100,1.050,0.530,3,0,118.104,0,0,10,28,4,36,0
11-12 09:03:52,61.749,11.500,24.249,0.250,0,1406120,1474396,166404,4885856,5331.872,1787.957,0,495.988,0,47.999,4482,10055,2.100,1.050,0.530,5,0,220.995,0,0,10,28,4,39,0
11-12 09:03:53,84.752,13.000,2.000,0,0,1564344,1316104,166408,4885916,5276.111,1694.036,0,864.018,0,37.001,2943,5228,2.100,1.050,0.530,6,0,265.006,0,0,10,28,5,38,0
11-12 09:03:54,83.503,14.250,2.500,0,0,1489176,1390980,166428,4886180,5341.182,1694.058,0,552.019,0,44.001,4414,8681,2.100,1.050,0.530,7,0,333.011,0,0,10,28,5,38,0
11-12 09:03:55,81.997,13.750,3.500,0,0,1590384,1289592,166436,4886348,6625.788,1619.948,0,1123.964,0,27.999,4766,9068,2.100,1.050,0.530,6,0,199.994,0,0,10,29,5,35,0
11-12 09:03:56,70.002,20.501,9.500,0,0,1420248,1459536,166436,4886600,8911.276,1694.053,0,756.023,0,28.001,6047,13641,2.330,1.110,0.560,3,0,553.017,0,0,10,29,5,35,0
11-12 09:03:57,40.501,22.751,35.751,0.250,0,1323060,1556512,166440,4886804,5110.143,1458.041,0,240.007,0,12.000,6796,13239,2.330,1.110,0.560,3,0,858.024,0,0,10,28,4,35,0
11-12 09:03:58,38.499,26.999,33.249,0,0,1417552,1461956,166440,4886868,6766.804,1619.953,0,251.993,0,22.999,3553,7159,2.330,1.110,0.560,7,0,977.972,0,0,10,28,4,35,0
11-12 09:03:59,81.307,13.219,6.485,0,0,1504284,1375164,166444,4886924,7138.026,1616.157,0,474.871,0,56.865,3258,9324,2.330,1.110,0.560,5,0,149.644,0,0,10,28,4,35,0
11-12 09:04:00,77.432,13.782,8.520,0,0,1499668,1379580,166452,4887112,5779.570,1866.382,0,296.697,0,25.059,3253,6319,2.330,1.110,0.560,4,0,209.492,0,0,10,29,4,35,0
11-12 09:04:01,63.500,8.750,27.750,0,0,1554044,1324952,166456,4887352,5389.022,1662.007,0,208.001,0,14.000,7875,17799,2.550,1.180,0.580,2,0,0,0,0,10,32,4,38,0
11-12 09:04:02,63.100,6.485,30.178,0,0,1533876,1344724,166460,4887740,5420.116,1616.158,0,442.947,0,44.893,9599,20876,2.550,1.180,0.580,5,0,31.924,0,0,10,29,4,43,0
11-12 09:04:03,83.226,10.529,6.518,0,0,1534072,1344348,166464,4887912,7275.717,1624.402,0,934.533,0,28.076,3876,8743,2.550,1.180,0.580,7,0,96.261,0,0,10,30,4,43,0
11-12 09:04:04,70.755,10.675,19.116,0,0,1531576,1346528,166464,4888200,5065.592,1608.755,0,194.639,0,7.944,6964,18624,2.550,1.180,0.580,7,0,72.493,0,0,10,31,4,47,0
11-12 09:04:05,77.764,11.828,9.815,0,0,1482796,1395032,166464,4888468,4638.676,1522.065,0,4.027,0,1.007,5095,11721,2.550,1.180,0.580,5,0,211.398,0,0,10,29,4,47,0
11-12 09:04:06,80.527,10.503,9.003,0,0,1477656,1399796,166464,4888832,4538.511,1566.522,0,288.096,0,20.007,5862,12509,2.580,1.210,0.600,7,0,64.021,0,0,10,29,4,49,0
11-12 09:04:07,83.966,9.746,5.498,0,0,1547476,1329968,166464,4888840,9935.986,1619.346,0,395.840,0,23.990,2973,5276,2.580,1.210,0.600,5,0,76.969,0,0,10,29,4,50,0
11-12 09:04:08,77.010,13.002,9.001,0,0,1442140,1435088,166472,4889040,10944.434,1694.222,0,444.058,0,39.005,4741,10668,2.580,1.210,0.600,5,0,245.032,0,0,10,28,4,50,0
11-12 09:04:09,78.247,9.750,10.750,0,0,1508288,1368724,166476,4889248,5837.784,1619.940,0,203.992,0,11.000,5720,12359,2.580,1.210,0.600,5,0,39.999,0,0,10,30,4,50,0
11-12 09:04:10,82.251,13.500,4.000,0,0,1525924,1351036,166476,4889296,7806.133,1620.028,0,152.003,0,9.000,3226,7193,2.580,1.210,0.600,5,0,133.002,0,0,10,29,4,50,0
11-12 09:04:11,71.008,12.707,14.700,0,0,1383560,1493148,166492,4889524,4931.224,1614.507,0,693.640,0,73.749,4961,11814,2.860,1.290,0.630,4,0,267.091,0,0,10,28,4,51,0
11-12 09:04:12,64.954,8.025,26.583,0,0,1443384,1433108,166496,4889716,4751.902,1516.757,0,288.906,0,20.063,4155,8089,2.860,1.290,0.630,3,0,25.079,0,0,10,30,4,50,0
11-12 09:04:13,62.014,12.503,25.256,0,0,1466616,1409472,166496,4890108,6951.620,1662.387,0,292.068,0,20.005,3443,6674,2.860,1.290,0.630,3,0,228.053,0,0,10,28,4,51,0
11-12 09:04:14,52.884,10.228,35.672,0.499,0,1345016,1530812,166512,4890332,7118.382,1616.454,0,878.074,0,60.866,4804,11678,2.860,1.290,0.630,5,0,157.654,0,0,10,28,4,54,0
11-12 09:04:15,45.821,5.258,48.575,0,0,1439464,1436340,166512,4890352,5989.253,1568.423,0,6698.349,0,159.246,2061,4312,2.860,1.290,0.630,3,0,4.006,0,0,10,30,4,54,0
11-12 09:04:16,45.390,6.484,48.633,0.249,0,1429360,1446396,166524,4890388,5245.343,1783.696,0,307.259,0,28.930,2036,4076,2.870,1.320,0.640,3,0,42.896,0,0,10,28,4,54,0
11-12 09:04:17,43.983,6.248,48.231,0.500,0,1383916,1491728,166544,4890480,5906.708,1661.355,0,667.741,0,53.979,2981,7172,2.870,1.320,0.640,4,0,69.973,0,0,10,28,4,54,0
11-12 09:04:18,46.408,6.773,47.913,0.251,0,1451364,1423968,166548,4891300,7137.245,1625.522,0,240.818,0,23.078,3762,7786,2.870,1.320,0.640,4,0,16.055,0,0,10,28,4,59,0
11-12 09:04:19,40.751,14.250,44.251,0,0,1429580,1445740,166548,4890796,5344.139,1620.042,0,244.006,0,17.000,2744,6110,2.870,1.320,0.640,3,0,349.009,0,0,10,29,4,60,0
11-12 09:04:20,36.626,12.956,49.333,0,0,1340448,1534760,166552,4890904,8774.316,1506.902,0,291.015,0,25.912,4113,8408,2.870,1.320,0.640,2,0,321.911,0,0,10,28,4,59,0
11-12 09:04:21,23.327,3.261,73.494,0,0.251,1389848,1485208,166560,4891044,5750.096,1625.398,0,232.773,0,8.027,1580,2472,2.720,1.310,0.640,2,0,2.007,0,0,10,28,4,59,0
11-12 09:04:22,18.494,9.247,70.227,0.250,0,1331744,1543280,166576,4891060,5459.204,1733.430,0,1019.665,0,73.976,4116,7510,2.720,1.310,0.640,1,0,197.935,0,0,10,28,4,59,0
11-12 09:04:23,29.199,13.976,56.152,0.250,0,1413340,1461396,166644,4891272,5485.384,1711.001,0,447.216,0,25.955,2993,4758,2.720,1.310,0.640,3,0,429.248,0,0,10,28,4,61,0
11-12 09:04:24,40.878,6.270,47.147,4.263,0,1516100,1354644,167104,4894424,5500.188,1699.310,0,9248.903,0,911.850,4659,9243,2.720,1.310,0.640,1,1,52.163,0,0,10,32,4,61,0
11-12 09:04:25,36.225,6.246,42.721,13.241,0,1461444,1403568,167800,4899132,5509.254,1618.899,0,39629.052,0,3712.476,12723,28158,2.720,1.310,0.640,1,1,92.937,0,0,10,32,4,61,0
11-12 09:04:26,43.737,5.248,43.487,6.998,0,1478556,1386004,168128,4899180,6525.010,1619.506,0,21813.347,0,1925.413,6728,14699,2.660,1.320,0.650,4,0,12.996,0,0,10,28,4,59,0
11-12 09:04:27,43.907,5.239,47.649,2.245,0,1484320,1380028,168228,4899292,5138.143,1594.631,0,5500.378,0,776.360,3961,7458,2.660,1.320,0.650,2,0,6.985,0,0,10,30,4,59,0
11-12 09:04:28,38.642,6.981,44.376,9.224,0,1424308,1438992,168812,4899732,5677.195,1615.502,0,16896.959,0,2450.179,12609,26349,2.660,1.320,0.650,3,0,2.992,0,0,10,30,4,58,0
11-12 09:04:29,28.025,7.757,63.055,0.250,0,1430936,1432304,168820,4899780,5672.964,1621.419,0,2253.972,0,78.068,1756,2440,2.660,1.320,0.650,1,0,102.089,0,0,10,28,4,58,0
11-12 09:04:30,22.687,2.992,73.546,0,0,1379268,1483960,168832,4899780,6335.413,1615.515,0,857.619,0,49.862,1104,1444,2.660,1.320,0.650,1,0,2.992,0,0,10,28,4,54,0
11-12 09:04:31,23.802,3.007,72.659,0.501,0,1445780,1417432,168840,4899784,5862.840,1569.437,0,6530.301,0,328.720,1468,2554,2.530,1.320,0.650,1,0,2.004,0,0,10,28,4,54,0
11-12 09:04:32,24.059,2.256,73.180,0,0,1399100,1464076,168844,4899816,5086.482,1623.985,0,244.600,0,20.049,1034,1389,2.530,1.320,0.650,2,0,3.007,0,0,10,32,4,52,0
11-12 09:04:33,22.755,2.501,73.765,0,0,1444196,1418968,168844,4899828,8776.834,1512.316,0,0,0,0,938,1090,2.530,1.320,0.650,2,0,2.000,0,0,10,32,4,52,0
11-12 09:04:34,22.759,3.501,73.779,0,0,1418240,1444916,168852,4899828,8874.505,1620.640,0,2048.809,0,185.073,1131,1303,2.530,1.320,0.650,2,0,6.002,0,0,10,32,4,52,0
11-12 09:04:35,22.958,2.995,73.866,0,0,1365972,1497128,168856,4899876,4516.779,1617.057,0,19.964,0,3.993,911,1119,2.530,1.320,0.650,2,0,1.996,0,0,10,32,4,52,0
11-12 09:04:36,22.529,3.505,73.345,0,0,1444088,1419012,168856,4899876,5806.543,1622.107,0,0,0,0,981,1184,2.410,1.310,0.650,2,0,4.005,0,0,10,32,4,52,0
11-12 09:04:37,22.738,2.998,73.460,0,0,1385740,1477236,168864,4899992,9188.955,1619.111,0,235.871,0,13.992,1051,1355,2.410,1.310,0.650,2,0,1.999,0,0,10,32,4,52,0
11-12 09:04:38,22.275,3.504,73.582,0.250,0,1401728,1461228,168872,4899996,4813.386,1637.833,0,336.376,0,25.028,1121,1547,2.410,1.310,0.650,2,0,5.006,0,0,10,32,4,52,0
11-12 09:04:39,22.968,2.247,73.898,0,0.250,1452120,1410828,168872,4900004,5335.637,1617.767,0,0,0,0,875,1072,2.410,1.310,0.650,1,0,1.997,0,0,10,32,4,52,0
11-12 09:04:40,23.012,2.001,73.788,0,0,1348376,1514508,168880,4900060,4799.481,1512.782,0,0,0,0,936,1169,2.410,1.310,0.650,1,0,4.002,0,0,10,32,4,50,0
11-12 09:04:41,22.221,3.246,73.904,0,0,1427244,1435636,168884,4900060,4775.815,1617.905,0,7.990,0,1.997,939,1222,2.290,1.310,0.650,1,0,3.995,0,0,10,32,4,50,0
11-12 09:04:42,18.564,8.278,72.750,0,0,1350140,1512612,168892,4900164,4988.159,1625.592,0,120.414,0,3.010,1563,2261,2.290,1.310,0.650,1,0,135.466,0,0,10,32,4,48,0
11-12 09:04:43,9.483,20.463,69.126,0.499,0,1351164,1511520,168900,4900216,5116.790,1617.089,0,6336.594,0,271.511,3821,6762,2.290,1.310,0.650,1,0,572.969,0,0,10,32,4,48,0
11-12 09:04:44,10.255,18.509,69.784,0,0,1352256,1510248,168900,4900356,6768.276,1620.784,0,268.130,0,4.002,3217,5236,2.290,1.310,0.650,1,0,502.243,0,0,10,32,4,47,0
11-12 09:04:45,17.001,10.001,72.504,0,0,1399736,1462764,168900,4900360,5277.327,1620.100,0,0,0,0,1806,2559,2.290,1.310,0.650,2,0,166.010,0,0,10,32,4,47,0
11-12 09:04:46,23.464,1.997,73.637,0.250,0,1451632,1410852,168900,4900376,5032.286,1785.263,0,515.210,0,95.853,918,1241,2.190,1.300,0.660,1,0,1.997,0,0,10,32,4,42,0
11-12 09:04:47,23.018,3.253,73.809,0,0,1417376,1445120,168900,4900364,6019.786,1627.294,0,172.137,0,12.010,1004,1475,2.190,1.300,0.660,2,0,4.003,0,0,10,32,4,42,0
11-12 09:04:48,22.290,3.506,73.632,0,0,1361920,1500552,168900,4900388,7929.225,1791.213,0,328.589,0,23.041,1116,1515,2.190,1.300,0.660,4,0,3.005,0,0,10,32,4,38,0
11-12 09:04:49,22.210,3.494,73.617,0.250,0,1441060,1421428,168900,4900372,5494.056,1826.694,0,31.942,0,3.993,996,1215,2.190,1.300,0.660,2,0,3.993,0,0,10,32,4,38,0
11-12 09:04:50,22.751,3.000,74.003,0,0,1389368,1473116,168900,4900376,4859.185,1620.062,0,16.001,0,1.000,978,1172,2.190,1.300,0.660,2,0,3.000,0,0,10,32,4,37,0
11-12 09:04:51,23.507,3.001,73.523,0,0,1446820,1415660,168900,4900376,5046.605,1662.529,0,12.004,0,1.000,941,1154,2.090,1.300,0.660,2,0,2.001,0,0,10,32,4,37,0
11-12 09:04:52,22.741,2.499,73.721,0,0,1417600,1444888,168900,4900368,5609.784,1619.360,0,0,0,0,983,1232,2.090,1.300,0.660,2,0,2.999,0,0,10,32,4,37,0
11-12 09:04:53,23.251,2.000,74.002,0,0,1360604,1501864,168900,4900388,5467.169,1586.049,0,28.001,0,3.000,920,1106,2.090,1.300,0.660,2,0,4.000,0,0,10,32,4,32,0
11-12 09:04:54,22.502,3.500,73.506,0,0,1438984,1423496,168900,4900376,6991.601,1808.156,0,0,0,0,1007,1214,2.090,1.300,0.660,2,0,3.000,0,0,10,32,4,32,0
11-12 09:04:55,22.483,2.748,73.694,0,0,1392508,1469856,168900,4900492,5361.925,1618.770,0,51.961,0,2.998,944,1153,2.090,1.300,0.660,2,0,2.998,0,0,10,32,4,32,0
11-12 09:04:56,23.516,2.001,73.550,0,0,1447948,1414416,168900,4900492,7106.790,1695.143,0,24.016,0,1.001,909,1113,2.010,1.290,0.660,2,0,2.001,0,0,10,32,4,32,0
11-12 09:04:57,22.503,3.500,73.508,0,0,1417472,1444956,168904,4900424,5433.619,1620.185,0,76.009,0,12.001,1126,1518,2.010,1.290,0.660,3,0,4.000,0,0,10,32,4,32,0
11-12 09:04:58,22.499,3.500,73.245,0.250,0,1360684,1501752,168908,4900516,4515.702,1619.893,0,2735.819,0,100.993,1074,1444,2.010,1.290,0.660,2,0,3.000,0,0,10,32,4,32,0
11-12 09:04:59,22.996,3.249,73.988,0,0,1373892,1488544,168908,4900516,5831.032,1619.731,0,15.997,0,2.000,1004,1226,2.010,1.290,0.660,3,0,4.999,0,0,10,32,4,32,0
11-12 09:05:00,23.515,2.251,73.547,0,0,1447748,1414708,168908,4900496,8409.348,1532.975,0,12.008,0,1.001,975,1206,2.010,1.290,0.660,2,0,2.001,0,0,10,32,4,32,0
11-12 09:05:01,22.494,3.499,73.730,0,0,1405900,1456556,168908,4900496,5460.542,1619.568,0,19.995,0,1.000,918,1127,1.930,1.290,0.660,2,0,2.999,0,0,10,32,4,32,0
11-12 09:05:02,22.495,2.250,73.735,0,0,1400976,1461472,168908,4900504,5567.881,1787.641,0,19.996,0,1.000,943,1144,1.930,1.290,0.660,3,0,2.999,0,0,10,32,4,32,0
11-12 09:05:03,21.293,5.261,73.149,0,0,1340992,1521444,168908,4900516,5440.081,1623.307,0,164.335,0,5.010,1140,1578,1.930,1.290,0.660,1,0,64.131,0,0,10,32,4,21,0
11-12 09:05:04,15.982,12.986,71.171,0,0,1386416,1475928,168916,4900600,5119.333,1618.209,0,83.907,0,6.992,2317,3621,1.930,1.290,0.660,1,0,329.635,0,0,10,32,4,21,0
11-12 09:05:05,23.240,2.249,73.717,0,0,1346972,1515168,168916,4900804,5292.618,1619.271,0,3.998,0,1.000,887,1235,1.930,1.290,0.660,2,0,6.997,0,0,10,32,4,17,0
11-12 09:05:06,23.184,3.241,73.542,0,0,1423544,1438560,168916,4900840,4745.565,1615.427,0,195.447,0,38.890,947,1234,1.850,1.280,0.660,2,0,5.983,0,0,10,32,4,17,0
11-12 09:05:07,14.816,15.821,70.064,0,0,1348776,1513244,168916,4900924,10027.915,1550.947,0,281.260,0,16.072,2582,4322,1.850,1.280,0.660,1,0,369.656,0,0,10,32,4,15,0
11-12 09:05:08,9.748,19.245,68.733,0,0,1350904,1511068,168932,4900952,5156.695,1693.572,0,683.827,0,30.992,3320,5449,1.850,1.280,0.660,1,0,511.870,0,0,10,32,4,15,0
11-12 09:05:09,11.241,20.234,69.195,0,0,1348128,1513784,168932,4901000,6874.528,1618.712,0,579.539,0,10.991,3125,4950,1.850,1.280,0.660,1,0,495.605,0,0,10,32,4,14,0
11-12 09:05:10,9.761,20.023,69.081,0,0,1352260,1509628,168932,4901024,5758.726,1621.894,0,1233.441,0,14.016,3140,4992,1.850,1.280,0.660,2,0,519.607,0,0,10,32,4,14,0
11-12 09:05:11,9.508,20.767,69.056,0,0,1349620,1512240,168932,4901052,5491.426,1621.307,0,1241.000,0,16.013,3209,5241,1.860,1.290,0.670,1,0,537.433,0,0,10,32,4,13,0
11-12 09:05:12,10.490,17.233,70.680,0,0,1346228,1515604,168932,4901080,5046.015,1618.401,0,295.708,0,6.993,2903,4533,1.860,1.290,0.670,1,0,416.588,0,0,10,32,4,13,0
11-12 09:05:13,8.989,20.225,69.662,0,0,1351252,1510548,168932,4901112,6606.676,1498.112,0,563.290,0,10.986,2895,4499,1.860,1.290,0.670,1,0,418.473,0,0,10,32,4,11,0
11-12 09:05:14,29.043,26.038,43.814,0.250,0,1416768,1444980,168984,4901112,6159.066,1848.721,0,1317.940,0,75.111,4459,8246,1.860,1.290,0.670,4,0,847.247,0,0,10,32,5,17,0
11-12 09:05:15,65.997,10.000,23.749,0,0,1617764,1242556,169112,4902280,6202.715,1787.918,0,587.973,0,10.999,1593,1876,1.860,1.290,0.670,3,0,22.999,0,0,10,34,5,14,0
11-12 09:05:16,41.534,9.257,35.779,12.760,0,1580396,1266632,169960,4913544,6106.941,1715.388,400.324,62130.263,4.003,4721.820,16429,37135,1.950,1.320,0.680,2,2,172.139,0,0,10,36,5,15,0
11-12 09:05:17,40.493,8.749,34.244,15.747,0,1637376,1196484,170888,4925260,5405.124,1735.719,0,78607.266,0,5921.041,18303,42472,1.950,1.320,0.680,3,2,107.983,0,0,10,36,5,15,0
11-12 09:05:18,43.204,10.489,33.714,12.487,0,1615536,1210204,171384,4932644,4638.014,1879.979,0,79334.715,0,5945.608,17179,40798,1.950,1.320,0.680,2,1,104.887,0,0,10,36,5,15,0
11-12 09:05:19,47.517,18.006,25.259,8.253,0,1560540,1258848,171684,4938584,5193.823,1662.584,364.128,45672.031,7.002,3677.291,14593,36305,1.950,1.320,0.680,2,1,337.118,0,0,10,35,5,12,0
11-12 09:05:20,41.008,14.503,33.256,10.002,0,1506440,1305508,172120,4945064,4946.925,1554.291,1084.203,31906.967,15.003,2797.523,15922,37177,1.950,1.320,0.680,2,1,186.035,0,0,10,34,5,17,0
11-12 09:05:21,37.518,9.505,38.769,12.256,0,1557628,1249432,172452,4949400,6941.408,1566.769,528.259,66036.424,8.004,4878.395,14981,34743,1.960,1.330,0.690,2,1,99.049,0,0,10,35,5,17,0
11-12 09:05:22,35.754,8.751,44.755,10.001,0,1499464,1307564,172708,4949128,4863.588,1788.216,0,41176.982,0,3855.467,14961,34002,1.960,1.330,0.690,2,0,64.008,0,0,10,34,5,22,0
11-12 09:05:23,36.219,8.243,40.715,12.739,0,1559292,1245824,172968,4950724,5024.639,1712.514,0,40273.043,0,3662.821,12782,29255,1.960,1.330,0.690,2,1,62.945,0,0,10,34,5,20,0
11-12 09:05:24,37.741,6.998,42.989,10.247,0,1558856,1243556,173108,4953232,5351.683,1619.602,0,34191.589,0,3213.210,15095,35498,1.960,1.330,0.690,5,1,23.994,0,0,10,34,5,25,0
11-12 09:05:25,38.969,7.744,40.717,13.239,0,1553760,1245700,173248,4955964,5608.468,1692.632,0,40043.645,0,3639.060,13580,29429,1.960,1.330,0.690,2,1,79.935,0,0,10,34,5,25,0
11-12 09:05:26,34.019,6.754,46.026,11.256,0,1554808,1240436,173416,4959920,4710.614,1620.900,0,36560.291,0,3347.858,14156,33293,2.040,1.360,0.700,2,1,42.023,0,0,10,37,5,27,0
11-12 09:05:27,32.956,8.738,42.443,13.981,0,1550192,1241060,173740,4963512,4850.491,1509.974,0,65068.678,0,5263.936,15846,36892,2.040,1.360,0.700,3,0,138.814,0,0,10,36,4,27,0
11-12 09:05:28,36.522,9.756,42.776,11.757,0,1530132,1258132,173904,4966244,5197.191,1566.962,0,41989.782,0,3752.304,14172,31731,2.040,1.360,0.700,3,0,81.050,0,0,10,36,4,27,0
11-12 09:05:29,34.306,8.764,42.068,13.522,0,1505192,1287760,174016,4961408,5538.990,1622.634,0,56704.031,0,4720.662,15835,38004,2.040,1.360,0.700,2,0,69.112,0,0,10,36,4,27,0
11-12 09:05:30,34.961,11.238,50.194,2.497,0,1442012,1350816,174052,4961496,6238.070,1786.016,0,6476.804,0,661.265,4308,8465,2.040,1.360,0.700,1,0,222.753,0,0,10,32,4,28,0
11-12 09:05:31,21.971,5.493,71.156,1.248,0,1416088,1376712,174060,4961516,5922.177,1617.863,0,6024.042,0,352.534,2837,5196,1.960,1.360,0.710,2,0,44.941,0,0,10,32,4,28,0
11-12 09:05:32,20.800,7.267,71.672,0.251,0,1378832,1413948,174064,4961532,6632.906,1623.894,0,2542.096,0,219.526,2850,4739,1.960,1.360,0.710,1,0,78.187,0,0,10,32,4,28,0
11-12 09:05:33,11.752,23.254,64.261,1.000,0,1386392,1406220,174080,4961684,5816.954,1620.266,0,8301.361,0,465.076,4354,7555,1.960,1.360,0.710,3,0,618.101,0,0,10,32,4,30,0
11-12 09:05:34,63.967,10.245,24.737,0.250,0.250,1578492,1213284,174108,4962512,6272.719,1511.210,0,2006.950,0,90.952,2126,2882,1.960,1.360,0.710,3,0,109.943,0,0,10,32,4,34,0
11-12 09:05:35,67.605,8.232,24.198,0.249,0,1764604,1024128,174272,4965156,5560.040,1616.523,0,5356.478,0,243.476,1872,2163,1.960,1.360,0.710,4,0,0,0,0,10,32,4,34,0
11-12 09:05:36,39.084,7.516,40.587,12.276,0,1770772,1006316,174480,4976012,5249.286,1569.374,0,57884.452,0,4450.569,16032,34139,2.040,1.380,0.720,3,1,180.388,0,0,10,38,4,34,0
11-12 09:05:37,30.957,6.741,44.688,16.727,0,1776004,987460,174680,4988952,11071.710,1617.766,0,87459.219,0,6600.884,20938,46575,2.040,1.380,0.720,2,1,237.672,0,0,10,38,4,34,0
11-12 09:05:38,35.054,8.012,38.810,15.774,0,1670556,1081652,174816,4999760,5321.184,1622.495,0,85455.430,0,6075.344,18849,43006,2.040,1.380,0.720,2,0,225.347,0,0,10,36,4,34,0
11-12 09:05:39,40.749,9.000,38.499,12.250,0,1730832,1012604,174944,5008060,5279.831,1619.948,0,83613.324,0,6217.801,17850,40693,2.040,1.380,0.720,3,0,134.996,0,0,10,36,4,34,0
11-12 09:05:40,42.975,7.246,40.476,9.494,0,1773820,957708,175040,5019416,4896.116,1619.046,0,79804.995,0,5697.644,16669,37472,2.040,1.380,0.720,3,1,0,0,0,10,38,4,34,0
11-12 09:05:41,26.767,10.507,46.529,16.010,0,1656764,1067328,175084,5026520,4882.032,1621.007,0,69519.171,0,5293.287,17875,39425,2.280,1.440,0.740,0,1,111.069,0,0,10,36,4,34,0
11-12 09:05:42,29.247,11.999,55.495,3.250,0,1393428,1328528,175120,5028532,4376.575,1511.853,0,22017.864,0,1493.855,6156,12264,2.280,1.440,0.740,2,0,266.974,0,0,10,32,4,34,0
11-12 09:05:43,21.455,3.493,73.345,0.249,0,1463984,1257968,175120,5028536,4958.523,1616.584,0,1361.124,0,86.817,1155,1637,2.280,1.440,0.740,1,0,2.994,0,0,10,32,4,34,0
11-12 09:05:44,23.233,2.998,72.946,0.500,0,1509276,1212664,175120,5028544,5299.110,1618.812,0,1986.542,0,116.914,1413,2275,2.280,1.440,0.740,3,0,0,0,0,10,38,4,34,0
11-12 09:05:45,22.499,4.000,72.997,0.250,0,1428148,1293792,175120,5028544,4757.776,1565.926,0,4323.797,0,249.988,1499,2453,2.280,1.440,0.740,1,0,29.999,0,0,10,32,4,34,0
11-12 09:05:46,23.241,2.249,73.471,0,0,1502488,1219452,175120,5028544,6065.622,1787.299,0,35.986,0,3.998,909,1143,2.180,1.430,0.740,2,0,0,0,0,10,32,4,34,0
11-12 09:05:47,17.561,17.811,63.218,0,0,1394180,1327732,175128,5028560,6101.024,1625.602,0,144.498,0,27.093,3372,5664,2.180,1.430,0.740,3,0,603.078,0,0,10,32,4,34,0
11-12 09:05:48,12.494,26.988,60.222,0.250,0,1396284,1325564,175128,5028624,4816.775,1619.252,0,735.660,0,47.978,4332,7062,2.180,1.430,0.740,2,0,891.588,0,0,10,32,4,34,0
11-12 09:05:49,9.487,18.724,69.653,0,0,1398124,1323632,175128,5028700,6432.066,1509.903,0,3618.973,0,24.965,3070,4737,2.180,1.430,0.740,1,0,452.372,0,0,10,32,4,34,0
11-12 09:05:50,9.514,19.278,69.351,0,0,1395720,1325836,175128,5028860,5096.441,1622.369,0,32.047,0,8.012,2784,4375,2.180,1.430,0.740,2,0,378.553,0,0,10,32,4,34,0
11-12 09:05:51,16.505,15.755,66.522,0,0,1401540,1319864,175128,5028892,6731.201,1748.572,0,20.007,0,5.002,4937,10050,2.160,1.440,0.750,1,0,236.077,0,0,10,32,4,34,0
11-12 09:05:52,46.158,7.735,45.160,0,0,1525712,1195580,175136,5029440,5487.010,1784.426,0,55.888,0,3.992,1850,2523,2.160,1.440,0.750,4,0,129.740,0,0,10,33,4,34,0
11-12 09:05:53,49.730,5.248,45.482,0,0,1603640,1113456,175136,5033504,4964.984,1639.334,0,187.924,0,1.999,1580,7722,2.160,1.440,0.750,3,0,4.998,0,0,10,49,4,34,0
11-12 09:05:54,41.299,6.508,51.812,0,0,1663400,1052284,175208,5034560,5424.444,1864.215,0,1569.865,0,170.202,1976,2657,2.160,1.440,0.750,3,0,51.061,0,0,10,48,4,34,0
11-12 09:05:55,15.263,12.511,71.813,0,0,1683920,1031668,175208,5034608,4468.937,1681.481,0,344.303,0,13.011,2002,2964,2.160,1.440,0.750,1,0,206.182,0,0,10,48,4,34,0
11-12 09:05:56,0.996,0.249,97.313,0.249,0,1686924,1028644,175208,5034628,20212.167,2640.135,0,143.356,0,9.955,697,1085,1.990,1.420,0.750,2,0,1.991,0,0,10,49,4,34,0
11-12 09:05:57,0.752,0.752,97.459,0,0,1686864,1028644,175208,5034688,106858.785,4876.440,0,188.403,0,11.024,943,1478,1.990,1.420,0.750,1,0,1.002,0,0,10,49,4,34,0
11-12 09:05:58,0.500,0.250,98.054,0,0,1686784,1028644,175208,5034768,50238.832,2809.556,0,1088.603,0,32.018,664,1076,1.990,1.420,0.750,1,0,0,0,0,10,49,4,34,0
11-12 09:05:59,14.765,9.760,74.073,1.501,0,1700984,1013108,175308,5035772,24331.063,2216.192,4.004,5893.829,1.001,475.470,2299,3500,1.990,1.420,0.750,1,0,68.067,0,0,10,48,4,35,0
11-12 09:06:00,14.744,10.496,73.222,1.000,0,1722276,938644,175324,5086672,7995.986,1681.366,0,4466.316,0,129.951,1923,2764,1.990,1.420,0.750,2,0,40.985,0,0,10,48,4,35,0
11-12 09:06:01,16.018,10.262,73.834,0,0,1728416,932452,175324,5086680,7828.862,1790.026,0,0,0,0,1674,1876,1.910,1.410,0.750,4,0,77.087,0,0,10,48,4,35,0
11-12 09:06:02,22.489,2.749,73.714,0,0,1745520,915332,175324,5086680,5323.386,1511.258,0,0,0,0,1013,1219,1.910,1.410,0.750,1,0,11.994,0,0,10,48,4,35,0
11-12 09:06:03,21.978,3.497,73.427,0.250,0,1746080,914720,175324,5086680,5555.489,1618.395,0,4487.548,0,229.772,1288,1476,1.910,1.410,0.750,2,0,26.973,0,0,10,48,4,35,0
11-12 09:06:04,14.016,12.014,72.084,0.250,0,1677412,1034828,175476,5036504,5417.317,1621.891,160.187,680.794,10.012,7.008,3113,6636,1.910,1.410,0.750,17,0,313.365,0,0,10,48,4,35,0
11-12 09:06:05,11.207,8.966,79.198,0,0,1678848,1033204,175476,5036168,4777.801,1613.853,0,322.771,0,2.989,3141,6182,1.910,1.410,0.750,1,0,64.753,0,0,10,48,4,35,0
11-12 09:06:06,0,0.250,97.927,0,0,1678848,1033204,175476,5036168,5238.450,1622.928,0,0,0,0,624,985,1.760,1.390,0.740,1,0,3.005,0,0,10,48,4,35,0
11-12 09:06:07,1.000,1.250,97.733,0,0,1679084,1032980,175480,5036188,10181.228,1619.718,0,207.964,0,33.994,1000,1689,1.760,1.390,0.740,3,0,3.999,0,0,10,48,4,35,0
11-12 09:06:08,0.500,0.750,96.767,0.500,0,1679084,1032980,175480,5036188,6832.196,1532.268,0,6637.162,0,332.058,986,2149,1.760,1.390,0.740,2,0,1.000,0,0,10,48,4,35,0
11-12 09:06:09,2.998,3.248,92.953,0.750,0,1618528,1093420,175480,5036300,9707.117,1787.101,0,2174.906,0,123.938,1346,2245,1.760,1.390,0.740,3,0,47.976,0,0,10,48,4,35,0
11-12 09:06:10,17.782,14.776,67.120,0,0,1617316,1094656,175480,5036316,6095.924,1664.984,0,901.616,0,4.007,4863,10833,1.760,1.390,0.740,2,0,267.479,0,0,10,48,4,35,0
11-12 09:06:11,13.486,18.730,66.929,0,0,1676136,1035780,175480,5036720,4760.939,1728.163,0,7.992,0,1.998,3307,5541,1.700,1.380,0.740,2,0,362.615,0,0,11,48,4,35,0
11-12 09:06:12,12.499,10.749,75.493,0,0,1670256,1041620,175480,5036432,5013.524,1619.846,0,327.969,0,10.999,4279,7156,1.700,1.380,0.740,1,0,183.983,0,0,11,48,4,35,0
11-12 09:06:13,8.752,9.502,80.771,0,0,1674836,1036984,175480,5036808,5322.373,1662.429,0,0,0,0,2631,4399,1.700,1.380,0.740,2,0,178.046,0,0,13,50,4,35,0
11-12 09:06:14,14.755,14.505,69.272,0,0,1676564,1035216,175480,5036476,6184.979,1620.519,0,56.018,0,7.002,3997,5964,1.700,1.380,0.740,2,0,272.087,0,0,13,50,4,32,0
11-12 09:06:15,10.265,18.777,70.352,0,0,1676872,1034908,175480,5036508,6509.465,1460.123,0,176.256,0,16.023,2707,4330,1.700,1.380,0.740,2,0,356.518,0,0,13,50,4,32,0
11-12 09:06:16,24.764,14.508,59.033,0,0,1694980,1016660,175488,5036640,6818.757,1620.893,0,20.011,0,3.002,5601,9717,1.640,1.380,0.750,2,0,310.171,0,0,13,50,4,29,0
11-12 09:06:17,35.665,14.465,48.634,0,0,1775376,936028,175500,5036884,5031.948,1616.129,0,355.149,0,14.964,5312,9224,1.640,1.380,0.750,3,0,245.412,0,0,13,50,4,29,0
11-12 09:06:18,25.757,4.751,69.269,0.250,0,1850624,859488,175584,5038000,10187.781,1620.442,32.009,864.236,2.001,26.007,1539,3155,1.640,1.380,0.750,2,0,10.003,0,0,13,58,4,33,0
11-12 09:06:19,26.749,5.500,66.999,0,0,1893496,816376,175588,5038236,10754.774,1787.962,0,0,0,0,1609,3375,1.640,1.380,0.750,2,0,41.999,0,0,13,58,4,34,0
11-12 09:06:20,4.747,1.499,92.938,0,0,1904184,805288,175588,5038628,5425.403,1618.927,0,307.796,0,4.997,1425,2801,1.640,1.380,0.750,1,0,1.999,0,0,13,58,4,34,0
11-12 09:06:21,1.251,2.002,95.853,0,0,1838128,871344,175588,5038628,5528.927,1859.994,0,1009.082,0,4.004,936,1464,1.510,1.350,0.740,0,0,26.028,0,0,13,58,4,26,0
11-12 09:06:22,16.493,13.494,67.722,0,0,1841964,867348,175588,5038772,7582.853,1457.395,0,95.960,0,8.996,4812,11039,1.510,1.350,0.740,2,0,253.895,0,0,13,56,4,26,0
11-12 09:06:23,16.036,14.783,69.153,0,0,1899288,809964,175588,5038800,8614.080,1717.805,0,192.426,0,5.011,3543,10043,1.510,1.350,0.740,3,0,232.515,0,0,13,56,4,21,0
11-12 09:06:24,18.748,17.248,62.993,0,0,1902388,806724,175588,5038828,5604.333,1693.798,0,1903.773,0,168.980,5275,10212,1.510,1.350,0.740,1,0,374.955,0,0,13,48,4,21,0
11-12 09:06:25,14.961,8.727,73.308,0,0,1909908,799188,175588,5038864,6633.587,1783.319,0,11.969,0,2.992,4930,8489,1.510,1.350,0.740,1,0,91.759,0,0,13,58,4,16,0
11-12 09:06:26,31.051,16.527,52.085,0,0,1724316,984592,175588,5039024,4869.928,1664.710,0,300.489,0,6.010,2997,5283,1.630,1.380,0.750,2,0,486.792,0,0,13,50,4,20,0
11-12 09:06:27,36.788,19.270,43.545,0,0,1782504,925812,175588,5039608,5287.515,1621.691,0,316.330,0,10.010,3861,7207,1.630,1.380,0.750,2,0,445.465,0,0,13,54,4,20,0
11-12 09:06:28,45.414,15.720,38.927,0,0,1907696,800444,175600,5039756,5685.295,1616.955,0,351.338,0,3.992,3324,5962,1.630,1.380,0.750,3,0,219.587,0,0,13,58,4,22,0
11-12 09:06:29,37.753,6.250,55.254,0,0,2010052,697152,175632,5040660,6962.529,1458.111,0,12.001,0,3.000,2302,4004,1.630,1.380,0.750,2,0,6.000,0,0,13,58,4,22,0
11-12 09:06:30,23.293,4.508,69.880,2.254,0,2046448,657684,175940,5042996,5565.357,1623.020,136.254,55559.396,34.063,615.145,2917,5215,1.630,1.380,0.750,1,0,5.009,0,0,13,60,4,22,0
11-12 09:06:31,22.721,5.243,55.180,14.731,0,2047464,638292,175988,5060900,7351.671,1707.833,0,34132.686,0,2701.572,13336,27885,1.580,1.370,0.750,1,0,3.995,0,0,13,60,4,21,0
11-12 09:06:32,37.784,14.763,45.291,1.001,0,2222708,458680,176104,5064732,4621.178,1621.466,0,3647.297,0,261.236,7081,22317,1.580,1.370,0.750,1,0,246.223,0,0,14,85,4,32,0
11-12 09:06:33,11.492,19.486,68.450,0.500,0,2228840,452464,176104,5064812,4487.697,1618.809,0,4908.387,0,148.890,3266,5880,1.580,1.370,0.750,1,0,425.687,0,0,14,85,4,32,0
11-12 09:06:34,18.750,14.250,65.501,0.250,0,2235404,445608,176104,5065316,6572.099,1620.024,0,8000.120,0,417.006,3846,9092,1.580,1.370,0.750,4,0,208.003,0,0,14,85,4,32,0
11-12 09:06:35,46.655,8.732,44.410,0,0,2360364,320424,176108,5065624,4456.930,1616.710,0,4614.609,0,228.535,2087,3121,1.580,1.370,0.750,2,0,117.760,0,0,14,86,4,26,0
11-12 09:06:36,16.764,16.263,66.053,0.250,0,2394648,285404,176128,5066240,7499.052,1459.178,0,672.543,0,51.041,2923,5625,1.530,1.370,0.760,2,0,279.225,0,0,14,89,4,26,0
11-12 09:06:37,8.770,18.042,71.666,0.251,0,2397424,282592,176128,5066276,9471.880,1623.751,0,1639.788,0,59.137,2868,4407,1.530,1.370,0.760,1,0,335.776,0,0,14,89,4,26,0
11-12 09:06:38,8.483,18.464,71.110,0,0,2397232,282756,176128,5066304,4873.438,1616.828,0,107.789,0,10.978,2764,4107,1.530,1.370,0.760,2,0,343.326,0,0,14,89,4,26,0
11-12 09:06:39,21.529,4.756,73.599,0,0,2455388,224588,176128,5066316,5064.817,1622.183,0,0,0,0,1403,2058,1.530,1.370,0.760,1,0,37.050,0,0,14,89,4,26,0
11-12 09:06:40,21.458,5.489,72.360,0,0,2441888,238060,176128,5066344,5039.254,1616.873,0,331.359,0,13.973,1938,3023,1.530,1.370,0.760,2,0,64.875,0,0,14,91,4,27,0
11-12 09:06:41,24.753,3.250,69.509,1.000,0,2482796,196760,176140,5066684,4637.584,1620.204,0,1160.146,0,154.019,3409,6523,1.490,1.360,0.760,2,0,1.000,0,0,14,94,4,28,0
11-12 09:06:42,29.499,6.750,60.497,1.000,0,2478048,201248,176140,5066940,4836.768,1547.926,0,1379.934,0,172.992,3914,7178,1.490,1.360,0.760,4,0,116.994,0,0,14,104,4,30,0
11-12 09:06:43,23.492,2.999,71.976,0.500,0,2520880,158408,176144,5066944,5738.061,1619.453,0,1287.565,0,110.962,1885,3455,1.490,1.360,0.760,1,0,1.999,0,0,14,106,4,30,0
11-12 09:06:44,37.100,9.275,53.144,1.003,0,2552488,139384,176152,5054528,5496.858,1851.003,0,8262.333,0,835.258,3230,5733,1.490,1.360,0.760,2,0,99.268,0,0,14,104,5,31,0
11-12 09:06:45,43.185,5.991,49.925,0.250,0,2551232,183252,174780,5014072,5193.241,1785.333,459.314,1150.281,17.973,155.767,1676,2383,1.490,1.360,0.760,2,0,18.972,0,0,14,106,5,32,0
11-12 09:06:46,22.233,3.747,72.694,0,0,2610892,123056,174780,5014608,4749.310,1712.669,271.789,491.618,5.995,34.973,1403,2049,1.450,1.350,0.760,4,0,44.965,0,0,14,110,5,32,0
11-12 09:06:47,22.289,5.009,73.128,0,0,2610892,123036,174780,5014628,4578.002,1696.966,0,332.581,0,19.033,1409,1984,1.450,1.350,0.760,1,0,54.095,0,0,14,110,5,33,0
11-12 09:06:48,20.704,5.987,70.841,0.748,0,2594060,172448,173612,4983288,4592.721,1710.173,1005.749,1847.864,20.953,287.357,2257,3944,1.450,1.350,0.760,3,0,81.817,0,0,14,110,5,35,0
11-12 09:06:49,23.228,2.498,73.432,0,0,2631476,134928,173616,4983388,5046.312,1498.608,59.944,331.692,3.996,15.985,1212,1749,1.450,1.350,0.760,2,0,1.998,0,0,14,110,5,36,0
11-12 09:06:50,21.273,5.005,73.328,0,0,2636064,130136,173616,4983592,4982.331,1749.872,192.206,0,2.002,0,1299,1733,1.450,1.350,0.760,1,0,57.061,0,0,14,110,5,36,0
11-12 09:06:51,26.032,4.005,67.083,1.502,0,2590460,190728,173428,4968908,6770.348,1622.000,744.918,1477.822,129.159,235.290,3810,8356,1.330,1.330,0.750,1,0,7.009,0,0,14,111,5,38,0
11-12 09:06:52,22.214,4.493,71.384,0.499,0,2648424,131892,173448,4969760,7269.166,1874.948,874.576,7016.577,16.972,417.321,2406,4219,1.330,1.330,0.750,5,1,49.919,0,0,14,115,5,38,0
11-12 09:06:53,26.579,2.758,69.205,0.752,0,2658524,121588,173448,4969964,8512.213,1699.033,0,798.365,0,91.270,3096,6098,1.330,1.330,0.750,2,0,2.006,0,0,14,119,5,38,0
11-12 09:06:54,28.498,3.750,66.246,0.250,0,2656564,123492,173452,4970016,6067.630,1693.897,0,683.958,0,79.995,2628,4734,1.330,1.330,0.750,3,0,72.996,0,0,14,121,5,39,0
11-12 09:06:55,19.209,9.480,70.101,0.499,0,2613600,182344,173288,4954476,5391.511,1454.900,0,810.273,0,101.783,2883,5388,1.330,1.330,0.750,2,0,146.687,0,0,14,121,5,40,0
11-12 09:06:56,24.257,2.751,72.520,0.500,0,2666468,129452,173292,4954496,4791.327,1694.469,16.004,444.123,4.001,26.007,1251,1940,1.310,1.330,0.760,2,0,2.001,0,0,14,123,5,41,0
11-12 09:06:57,27.042,2.253,70.109,0.250,0,2674476,121396,173292,4954544,5503.519,1622.512,0,921.426,0,111.172,3433,6460,1.310,1.330,0.760,1,0,2.003,0,0,14,125,4,41,0
11-12 09:06:58,42.661,11.975,43.908,0.499,0,2651928,149568,173136,4949124,4909.709,1792.243,3688.269,1225.431,89.812,111.766,4366,9633,1.310,1.330,0.760,3,0,289.393,0,0,14,125,4,42,0
11-12 09:06:59,25.710,3.245,69.393,0.250,0,2683760,129536,172880,4937772,6504.943,2034.854,39.938,3802.122,1.997,366.433,1719,2807,1.310,1.330,0.760,2,0,1.997,0,0,14,125,4,42,0
11-12 09:07:00,11.043,18.321,70.271,0.251,0,2649208,164052,172884,4937804,5207.099,1959.564,16.062,538.077,3.012,29.112,2729,4355,1.310,1.330,0.760,1,0,346.337,0,0,14,125,4,42,0
11-12 09:07:01,14.744,15.993,67.471,0,0,2647920,164792,172884,4938356,7599.778,1619.313,311.868,491.791,11.995,34.985,4066,6913,1.280,1.320,0.760,1,0,324.862,0,0,14,125,4,42,0
11-12 09:07:02,29.233,19.989,49.971,0,0,2671116,142940,172884,4937016,5122.070,1567.104,0,555.682,0,39.977,4365,7865,1.280,1.320,0.760,2,0,446.744,0,0,14,125,4,42,0
11-12 09:07:03,36.540,21.523,41.545,0.501,0,2731652,126896,172600,4893524,5109.544,1621.760,428.465,2502.715,27.029,149.162,5809,12285,1.280,1.320,0.760,3,0,394.428,0,0,14,127,4,42,0
11-12 09:07:04,54.748,22.999,20.749,0.500,0,2866232,123312,172268,4765316,4815.783,1689.924,963.957,5927.733,66.997,468.979,5691,15620,1.280,1.320,0.760,3,0,540.976,0,0,16,137,4,42,0
11-12 09:07:05,57.752,20.751,19.751,0.500,0,2972072,129760,172252,4655844,4884.142,1620.047,3012.087,2664.077,131.004,134.004,3606,10513,1.280,1.320,0.760,3,0,349.010,0,0,16,137,4,42,0
11-12 09:07:06,55.748,19.749,23.999,0,0,3066320,134060,172208,4558864,4802.856,1619.951,2523.924,8675.740,164.995,715.979,4960,18844,1.500,1.370,0.780,3,0,601.982,0,0,16,153,4,42,0
11-12 09:07:07,26.250,19.750,51.751,0.750,0,3107704,126184,172216,4526704,10085.182,1620.029,2052.037,3964.071,195.004,407.007,4513,7587,1.500,1.370,0.780,3,0,502.009,0,0,17,153,4,42,0
11-12 09:07:08,27.998,17.499,53.496,0,0,3148144,123596,172220,4489484,4915.617,1531.881,11.999,1015.921,2.000,176.986,4925,8145,1.500,1.370,0.780,2,0,418.967,0,0,17,153,4,42,0
11-12 09:07:09,39.752,17.751,41.752,0,0,3209108,130688,172224,4423164,5468.290,1662.088,16.001,456.024,4.000,38.002,4610,10349,1.500,1.370,0.780,2,0,327.017,0,0,17,153,4,42,0
11-12 09:07:10,37.499,25.749,35.249,0,0,3322412,131544,172228,4311120,6756.777,1619.947,147.995,675.978,8.000,50.998,7401,13415,1.500,1.370,0.780,2,0,709.977,0,0,17,165,4,42,0
11-12 09:07:11,33.238,23.991,41.735,0,0.250,3423452,128836,172236,4214532,6840.462,1619.399,3.999,511.810,1.000,34.987,5634,12541,1.540,1.380,0.780,2,0,656.756,0,0,17,173,4,42,0
11-12 09:07:12,16.173,16.173,65.440,0,0,3440352,123512,172236,4203356,5570.584,1791.505,31.849,437.923,0.995,36.825,5776,10701,1.540,1.380,0.780,5,0,242.848,0,0,17,173,4,42,0
11-12 09:07:13,42.677,9.540,47.196,0.251,0,3545328,127472,172236,4096648,5300.989,1668.923,20.083,325.350,5.021,10.042,2469,3539,1.540,1.380,0.780,3,0,121.504,0,0,17,173,4,42,0
11-12 09:07:14,46.279,6.754,45.529,0.750,0,3652412,126880,172368,3992132,6229.912,1621.018,1500.943,7612.781,40.025,553.348,2124,2700,1.540,1.380,0.780,3,0,6.004,0,0,17,181,4,42,0
11-12 09:07:15,32.761,17.256,49.267,0.250,0,3618576,187628,172384,3965836,4895.660,1458.494,164.056,576.195,9.003,40.014,3589,6485,1.540,1.380,0.780,2,0,421.143,0,0,17,183,4,42,0
11-12 09:07:16,43.748,23.749,31.999,0.250,0,3664500,153092,172408,3955116,5052.798,1787.928,1555.938,687.972,35.999,49.998,6453,14697,1.740,1.420,0.800,2,0,529.979,0,0,17,195,4,41,0
11-12 09:07:17,63.972,17.742,18.492,0,0,3731856,124544,172428,3917324,4420.033,1619.279,287.872,211.906,9.996,12.994,5309,9362,1.740,1.420,0.800,4,0,207.907,0,0,17,196,4,41,0
11-12 09:07:18,76.781,15.756,6.002,0,0,3827476,118756,172460,3829496,6758.771,1620.664,456.187,10808.431,5.002,483.198,3260,6274,1.740,1.420,0.800,4,0,71.029,0,0,17,210,4,41,0
11-12 09:07:19,73.889,15.477,9.236,0,0,3865552,171680,172532,3740336,5518.700,1617.567,111.832,2408.378,6.989,149.775,6103,14503,1.740,1.420,0.800,6,0,115.826,0,0,17,213,4,49,0
11-12 09:07:20,47.579,25.543,25.793,0.250,0,3841612,199936,172544,3735880,5268.778,1622.703,0,977.629,0,62.103,5718,11402,1.740,1.420,0.800,4,0,618.030,0,0,17,219,4,45,0
11-12 09:07:21,55.479,22.492,19.493,0,0,3918400,128704,172544,3730340,5033.113,1511.433,0,683.744,0,35.987,12719,37003,2.240,1.530,0.840,4,0,321.879,0,0,17,224,4,45,0
11-12 09:07:22,57.260,20.253,21.254,0,0,3967492,122508,172548,3687660,4638.793,1566.268,0,24116.124,0,687.117,4325,8718,2.240,1.530,0.840,5,0,420.072,0,0,17,223,4,45,0
11-12 09:07:23,61.713,20.488,15.740,0.250,0,4007420,133608,172636,3637064,7254.611,1822.897,775.531,1870.868,28.982,204.876,6908,16418,2.240,1.530,0.840,8,0,375.773,0,0,17,227,4,49,0
11-12 09:07:24,57.975,20.741,20.491,0,0,4061328,157508,172640,3560692,4939.876,1861.200,279.880,5957.438,9.996,570.755,5912,12489,2.240,1.530,0.840,5,0,342.853,0,0,17,229,4,51,0
11-12 09:07:25,63.824,14.959,19.446,0.499,0,4124628,178036,172640,3478272,5456.972,1783.089,630.264,741.957,10.970,65.819,5128,14036,2.240,1.530,0.840,7,0,212.415,0,0,17,239,4,52,0
11-12 09:07:26,69.762,8.281,22.334,0.251,0,4264068,132236,172644,3386728,4603.290,1626.108,140.528,6596.777,11.041,564.119,3049,4966,2.300,1.550,0.850,4,0,5.019,0,0,17,250,4,49,0
11-12 09:07:27,60.998,16.749,22.249,0.250,0,4278176,140848,172660,3364544,4991.805,1787.930,827.968,1099.957,35.999,112.996,5206,10794,2.300,1.550,0.850,5,0,352.986,0,0,17,253,4,55,0
11-12 09:07:28,49.427,22.966,25.962,0,0,4271636,146104,172668,3366148,6597.309,1525.759,1749.430,2028.021,48.928,177.739,5845,13280,2.300,1.550,0.850,6,0,507.255,0,0,17,254,4,51,0
11-12 09:07:29,65.589,16.522,16.022,0.751,0,4306404,163164,172744,3315152,7182.776,1708.325,3568.857,1013.379,49.067,68.093,4175,10521,2.300,1.550,0.850,4,0,229.312,0,0,18,257,4,51,0
11-12 09:07:30,80.749,12.750,6.000,0,0,4452320,123172,172752,3211892,6609.907,1619.977,527.993,771.989,8.000,38.999,2301,3141,2.300,1.550,0.850,4,0,14.000,0,0,18,258,4,51,0
11-12 09:07:31,54.500,15.750,29.500,0.500,0,4446604,156116,172768,3185104,6611.987,1787.996,855.998,1095.998,12.000,81.000,4496,10131,2.360,1.580,0.860,5,0,247.000,0,0,18,258,4,52,0
11-12 09:07:32,18.147,6.712,72.341,0.249,0,4440088,162536,172768,3185200,14186.858,4288.773,791.529,684.135,8.949,44.747,1979,3072,2.360,1.580,0.860,5,0,21.876,0,0,18,260,4,41,0
11-12 09:07:33,19.798,6.015,72.426,0.251,0,4448400,154044,172772,3185376,14971.365,4110.986,805.958,533.295,9.022,42.102,2060,3179,2.360,1.580,0.860,2,0,11.027,0,0,18,264,4,41,0
11-12 09:07:34,20.251,5.000,72.003,0,0,4447048,159176,172772,3181644,11175192.884,107710.847,768.035,316.014,6.000,18.001,6074,4350,2.360,1.580,0.860,2,0,8.000,0,0,18,263,4,41,0
11-12 09:07:35,33.807,14.775,50.586,0.250,0,4491172,129200,172772,3167596,5414041.456,55648.547,3209.453,452.769,48.082,30.051,5501,7427,2.360,1.580,0.860,1,0,270.460,0,0,18,267,4,41,0
11-12 09:07:36,33.193,5.241,60.645,0.250,0,4496032,160384,172772,3131932,5248.919,1659.130,367.364,726.743,7.986,81.858,3316,6399,2.330,1.590,0.870,3,0,4.991,0,0,18,277,4,42,0
11-12 09:07:37,25.997,5.749,66.991,1.000,0,4510332,139080,172776,3139028,10388.629,1661.781,547.928,3871.489,32.996,259.966,4944,10476,2.330,1.590,0.870,3,0,4.999,0,0,18,281,4,46,0
11-12 09:07:38,13.491,15.740,68.704,0.250,0,4481156,168012,172780,3139252,5163.571,1618.925,155.896,1546.973,5.996,104.930,3586,6353,2.330,1.590,0.870,2,0,464.691,0,0,18,281,4,46,0
11-12 09:07:39,21.529,7.260,71.345,0.250,0,4469988,179012,172780,3139420,5596.438,1790.379,164.218,16453.867,3.004,40.053,1968,2889,2.330,1.590,0.870,2,0,85.113,0,0,18,283,4,46,0
11-12 09:07:40,10.753,17.004,71.267,0,0,4475592,173376,172780,3139452,4871.164,1620.387,0,4.001,0,1.000,3196,4981,2.330,1.590,0.870,1,0,336.080,0,0,18,283,4,45,0
11-12 09:07:41,5.236,10.473,83.033,0,0,4471944,176968,172780,3139508,5549.527,1615.786,19.948,11.969,2.992,0.997,2363,3935,2.380,1.610,0.880,1,0,242.368,0,0,18,283,4,45,0
11-12 09:07:42,14.006,2.751,82.784,0.250,0,4496996,151876,172780,3139548,5661.327,1512.622,28.012,1048.431,4.002,8.003,1512,2224,2.380,1.610,0.880,2,0,11.005,0,0,18,283,4,42,0
11-12 09:07:43,20.838,7.030,71.050,0,0,4467232,181620,172780,3139568,5270.251,1572.640,0,96.407,0,12.051,2149,3369,2.380,1.610,0.880,2,0,88.373,0,0,18,285,4,42,0
11-12 09:07:44,11.251,15.751,70.507,0,0,4471428,177124,172784,3139848,6066.570,1620.152,60.006,4.000,6.001,1.000,2931,4636,2.380,1.610,0.880,2,0,234.022,0,0,18,285,4,42,0
11-12 09:07:45,15.758,13.007,70.786,0,0,4491108,157324,172784,3139952,5367.748,1620.830,4.002,76.039,1.001,6.003,2793,4430,2.380,1.610,0.880,2,0,218.112,0,0,18,285,4,41,0
11-12 09:07:46,24.435,3.740,70.063,0.499,0,4542096,130476,172784,3115960,4841.055,1615.680,654.251,9039.828,11.968,937.493,1919,2920,2.270,1.600,0.880,2,0,6.981,0,0,18,293,4,41,0
11-12 09:07:47,24.918,3.488,69.770,0.748,0,4586488,128016,172772,3074264,6124.807,1614.676,326.922,598.028,17.941,67.777,2073,3424,2.270,1.600,0.880,6,0,4.984,0,0,18,301,4,40,0
11-12 09:07:48,24.557,2.756,71.666,0.251,0,4526204,188180,172784,3074372,6640.399,1623.766,160.372,164.381,39.091,8.019,1596,2275,2.270,1.600,0.880,3,0,7.016,0,0,18,297,4,40,0
11-12 09:07:49,23.230,3.747,72.686,0,0,4580076,134252,172784,3074428,5779.948,1678.533,3.997,175.846,0.999,9.991,1553,2390,2.270,1.600,0.880,2,0,0.999,0,0,18,300,4,37,0
11-12 09:07:50,24.501,3.500,71.004,0,0,4513244,201036,172784,3074476,6921.395,1566.089,28.002,0,1.000,0,1786,2530,2.270,1.600,0.880,3,0,18.001,0,0,18,297,4,38,0
11-12 09:07:51,23.852,3.766,71.556,0,0,4485308,228972,172784,3074476,5935.368,1626.954,0,16498.515,0,30.129,1669,2346,2.170,1.590,0.880,1,0,58.249,0,0,18,297,4,37,0
11-12 09:07:52,11.243,16.990,70.708,0,0,4486492,226400,172788,3075860,6188.361,1619.048,1491.123,215.873,18.989,3.998,3324,5252,2.170,1.590,0.880,3,0,401.764,0,0,18,297,4,37,0
11-12 09:07:53,19.230,7.742,71.177,0.499,0,4508380,204060,172800,3076300,9256.512,1692.265,527.459,567.418,29.969,30.968,2216,3315,2.170,1.590,0.880,1,0,125.871,0,0,18,297,4,35,0
11-12 09:07:54,25.217,4.494,68.909,0,0,4527892,184180,172804,3076632,6504.395,1691.762,163.783,175.767,8.988,9.987,8924,18162,2.170,1.590,0.880,3,0,9.987,0,0,18,297,4,35,0
11-12 09:07:55,20.529,2.253,76.107,0.250,0,4512636,199076,172852,3076944,14732.655,5388.555,28.039,360.505,7.010,11.015,1693,2614,2.170,1.590,0.880,2,0,3.004,0,0,18,298,4,34,0
11-12 09:07:56,25.227,4.746,68.687,0.250,0,4535960,173916,173008,3078368,6134.418,1752.405,0,739.327,0,35.967,8996,18638,2.070,1.580,0.880,2,0,5.995,0,0,18,298,4,34,0
11-12 09:07:57,18.289,10.272,71.401,0.251,0,4483816,226332,173008,3078096,5658.935,1797.792,0,565.192,0,32.068,2359,3776,2.070,1.580,0.880,2,0,136.287,0,0,18,297,4,32,0
11-12 09:07:58,19.190,7.975,70.779,0,0,4533544,176388,173008,3078296,4725.234,1561.121,0,207.352,0,14.953,2124,3534,2.070,1.580,0.880,4,0,137.570,0,0,18,297,4,32,0
11-12 09:07:59,20.572,7.777,71.248,0,0,4488116,221752,173008,3078360,5881.444,1695.895,24.084,124.433,2.007,8.028,2175,3511,2.070,1.580,0.880,2,0,112.391,0,0,18,297,4,33,0
11-12 09:08:00,22.459,4.492,71.370,0,0,4468124,241732,173008,3078372,6081.937,1690.924,0,147.731,0,7.985,1874,2951,2.070,1.580,0.880,2,0,66.878,0,0,18,297,4,34,0
11-12 09:08:01,23.896,2.987,71.937,0,0,4526324,183520,173008,3078384,9606.165,1612.975,0,47.792,0,3.983,1404,2251,1.990,1.570,0.880,2,0,6.970,0,0,18,299,4,33,0
11-12 09:08:02,21.760,5.753,71.284,0,0,4511876,197920,173008,3078432,5909.778,1620.762,32.015,168.079,2.001,22.010,1994,3138,1.990,1.570,0.880,2,0,58.027,0,0,18,297,4,33,0
11-12 09:08:03,23.044,6.512,71.136,0,0,4502496,207280,173008,3078452,5380.309,1514.903,0,104.200,0,8.015,1931,3036,1.990,1.570,0.880,1,0,34.065,0,0,18,297,4,35,0
11-12 09:08:04,23.553,3.758,70.910,0.251,0,4475512,234188,173008,3078528,7533.025,1665.765,80.181,404.915,5.011,46.104,2129,3367,1.990,1.570,0.880,3,0,37.084,0,0,18,297,4,35,0
11-12 09:08:05,23.440,4.239,70.818,0.249,0,4529280,180364,173008,3078584,5220.594,1783.420,0,139.641,0,7.980,1547,2375,1.990,1.570,0.880,2,0,11.969,0,0,18,297,4,35,0
11-12 09:08:06,23.776,4.505,70.828,0,0,4515740,193760,173008,3078728,6629.286,1735.908,0,240.264,0,22.024,1799,2787,1.910,1.560,0.890,4,0,34.037,0,0,18,297,4,38,0
11-12 09:08:07,21.554,6.266,70.428,0.251,0,4500764,208696,173008,3078768,10173.719,1624.106,16.041,405.024,1.003,40.101,2453,4085,1.910,1.560,0.890,4,0,91.231,0,0,18,297,4,38,0
11-12 09:08:08,23.167,4.235,71.493,0,0,4469708,239736,173008,3078784,5171.383,1855.321,0,183.340,0,13.950,1918,3149,1.910,1.560,0.890,2,0,46.831,0,0,18,297,4,40,0
11-12 09:08:09,24.285,3.505,71.854,0.250,0,4524356,185052,173012,3078816,7536.876,1556.246,116.168,288.416,8.012,15.022,1601,2536,1.910,1.560,0.890,1,0,2.003,0,0,18,299,4,40,0
11-12 09:08:10,24.248,3.750,71.495,0,0,4517564,191640,173012,3079020,8960.319,1705.870,91.993,155.988,7.999,8.999,1658,2476,1.910,1.560,0.890,1,0,15.999,0,0,18,297,4,41,0
11-12 09:08:11,27.440,3.742,66.605,1.497,0,4475972,232208,173016,3080040,4868.401,1616.481,766.332,1181.428,51.887,161.648,3586,7105,1.840,1.550,0.890,2,0,6.985,0,0,18,297,4,42,0
11-12 09:08:12,25.368,4.019,69.824,0.753,0,4512380,195752,173016,3080084,7073.851,1796.342,16.075,6562.476,2.009,615.860,2964,5038,1.840,1.550,0.890,1,0,0,0,0,18,299,4,42,0
11-12 09:08:13,18.250,13.000,67.249,0.500,0,4476368,231588,173020,3080256,5539.878,1565.966,0,727.984,0,84.998,4015,7125,1.840,1.550,0.890,2,0,429.991,0,0,18,297,4,43,0
11-12 09:08:14,10.498,21.997,67.489,0.500,0,4485196,222708,173024,3080288,8429.677,1771.722,0,2427.619,0,137.978,4368,7635,1.840,1.550,0.890,1,0,629.901,0,0,18,297,4,43,0
11-12 09:08:15,10.492,19.984,67.445,0,0,4488464,219404,173024,3080324,7522.906,1786.553,0,447.637,0,34.972,4316,7606,1.840,1.550,0.890,4,0,684.446,0,0,18,297,5,43,0
11-12 09:08:16,13.018,20.529,66.094,0,0,4484856,222864,173024,3080472,6783.619,1682.386,0,2119.005,0,124.176,5101,9778,1.770,1.540,0.890,1,0,659.936,0,0,18,297,5,43,0
11-12 09:08:17,9.985,20.718,66.896,0,0,4485648,222032,173024,3080512,4934.357,1617.495,0,934.552,0,127.802,4278,7316,1.770,1.540,0.890,4,0,632.021,0,0,18,297,5,43,0
11-12 09:08:18,8.501,22.252,68.506,0,0,4485368,222272,173024,3080552,8397.722,1788.154,0,308.026,0,24.002,3907,6512,1.770,1.540,0.890,1,0,571.049,0,0,18,297,5,43,0
11-12 09:08:19,20.727,12.486,65.678,0.250,0,4528148,255704,173392,3015132,5489.945,1660.169,255.718,2369.387,29.967,12.986,8520,17429,1.770,1.540,0.890,3,0,160.823,0,0,18,297,5,36,0
11-12 09:08:20,20.187,1.994,75.765,0,0,4523148,255972,173436,3016084,7860.609,2880.063,7.975,7.975,0.997,1.994,1442,2200,1.770,1.540,0.890,2,0,3.988,0,0,18,298,5,36,0
11-12 09:08:21,8.783,1.255,89.083,0.251,0,4523100,255972,173440,3016128,15465.842,2693.072,32.120,1320.940,1.004,34.128,1532,2750,1.630,1.510,0.880,1,0,0,0,0,18,298,5,35,0
11-12 09:08:22,15.219,0.998,81.084,0.748,0,4535540,243120,173444,3016504,25459.884,10198.124,203.583,1991.923,21.955,68.859,1746,2695,1.630,1.510,0.880,2,0,0,0,0,18,299,5,35,0
11-12 09:08:23,14.716,2.245,81.809,0.998,0,4536132,241608,173476,3017356,30119.821,15484.920,562.689,1540.411,51.879,71.833,1906,2887,1.630,1.510,0.880,1,0,0,0,0,18,299,5,31,0
11-12 09:08:24,16.789,1.002,80.936,0.501,0,4554396,222708,173476,3017988,15419.403,7457.122,569.307,597.372,23.053,21.048,1402,2093,1.630,1.510,0.880,1,0,0,0,0,18,299,5,31,0
11-12 09:08:25,16.300,1.254,79.994,0.502,0,4555776,220692,173516,3018548,21232.653,12292.430,469.429,1171.567,35.107,42.128,1692,2628,1.630,1.510,0.880,1,0,0,0,0,18,299,5,31,0
11-12 09:08:26,18.999,1.750,76.997,1.250,0,4561840,193224,173544,3039892,15518.457,8519.702,7827.726,1007.965,126.996,47.998,1760,2981,1.580,1.510,0.880,1,0,0,0,0,18,298,5,28,1
11-12 09:08:27,22.184,3.988,71.287,0.997,0,4578280,150980,173648,3063788,4227.373,1615.175,0,4654.098,0,129.613,1806,3136,1.580,1.510,0.880,2,0,0.997,0,0,18,298,5,28,1
11-12 09:08:28,22.463,2.995,72.379,1.498,0.250,4580336,120736,174016,3089636,5346.099,1617.307,0,4712.154,0,175.707,1969,3251,1.580,1.510,0.880,3,0,0,0,0,18,298,5,21,1
11-12 09:08:29,23.269,3.002,72.058,0.751,0,4497820,215496,174352,3075808,7287.889,1699.373,424.343,1845.491,7.006,50.040,1465,2263,1.580,1.510,0.880,2,0,2.002,0,0,18,297,5,21,0
11-12 09:08:30,25.004,4.251,69.260,0,0,4527908,184024,174416,3077128,7197.065,1956.290,0,0,0,0,8829,17833,1.580,1.510,0.880,2,0,16.002,0,0,18,297,5,21,0
11-12 09:08:31,22.283,6.760,69.103,0,0,4538272,173440,174416,3077316,4955.388,1622.419,32.048,1730.580,1.001,19.028,9427,19260,1.530,1.500,0.880,2,0,13.019,0,0,18,297,5,21,0
11-12 09:08:32,24.311,3.759,71.679,0,0,4483636,228064,174416,3077296,4586.462,1624.059,0,2293.732,0,274.686,2191,3398,1.530,1.500,0.880,1,0,49.123,0,0,18,297,5,20,0
11-12 09:08:33,24.150,4.481,69.711,0.249,0,4517384,194296,174416,3077312,5211.409,1613.316,0,187.224,0,8.963,8554,17617,1.530,1.500,0.880,2,0,12.946,0,0,18,297,5,20,0
11-12 09:08:34,23.261,6.753,69.533,0,0,4527352,184220,174416,3077416,6919.294,1620.771,0,404.192,0,14.007,10518,21193,1.530,1.500,0.880,2,0,17.008,0,0,18,297,5,20,0
11-12 09:08:35,22.550,6.264,69.905,0,0,4507592,204084,174416,3077312,4713.426,1515.352,0,188.417,0,12.027,7832,15977,1.530,1.500,0.880,2,0,14.031,0,0,18,297,5,20,0
11-12 09:08:36,24.703,2.745,72.113,0,0,4514212,197464,174416,3077312,4254.890,1563.021,0,283.460,0,20.960,1601,2595,1.490,1.490,0.890,2,0,3.992,0,0,18,297,5,20,0
11-12 09:08:37,21.748,7.999,68.744,0.500,0,4503956,192128,175040,3090504,9103.254,1787.853,0,1303.893,0,18.998,15748,31314,1.490,1.490,0.890,2,0,101.992,0,0,18,297,5,20,0
11-12 09:08:38,15.986,1.748,81.179,0,0,4521616,171040,175228,3093144,5506.182,2676.658,0,0,0,0,1273,1954,1.490,1.490,0.890,1,0,2.997,0,0,18,298,5,15,0
11-12 09:08:39,10.003,1.250,87.780,0,0,4523420,169024,175252,3093308,16589.723,4752.640,0,908.313,0,6.002,1209,1814,1.490,1.490,0.890,2,0,0,0,0,18,299,5,15,0
11-12 09:08:40,19.245,2.249,77.728,0.250,0,4526988,165244,175328,3093392,24988.003,15497.661,0,1527.572,0,51.985,1611,2458,1.490,1.490,0.890,2,0,0,0,0,18,299,5,15,0
11-12 09:08:41,6.988,0.749,90.340,0.499,0,4528364,163480,175384,3093672,45865.955,9400.390,31.944,886.434,0.998,42.924,1461,2595,1.370,1.460,0.880,2,0,0,0,0,18,300,5,15,0
11-12 09:08:42,17.788,2.255,78.167,0.752,0,4541832,149676,175504,3093852,122355.351,13798.474,0,1980.230,0,91.195,1721,2559,1.370,1.460,0.880,1,0,0,0,0,18,300,5,15,0
11-12 09:08:43,19.499,0.750,77.496,0.750,0,4542624,148672,175556,3093980,24924.554,14579.154,0,1391.919,0,47.997,1537,2298,1.370,1.460,0.880,1,0,0,0,0,18,300,5,15,0
11-12 09:08:44,14.274,2.254,82.137,1.002,0,4551496,138900,175792,3094488,302890.312,20843.705,24.040,2864.770,4.007,115.192,1873,2787,1.370,1.460,0.880,3,0,0,0,0,18,299,5,15,1
11-12 09:08:45,17.246,1.500,79.483,1.000,0,4550976,130080,175952,3103512,105356.770,17253.360,95.980,2195.537,5.999,94.980,1814,2886,1.370,1.460,0.880,2,0,1.000,0,0,18,299,5,15,1
11-12 09:08:46,8.510,4.005,83.601,1.001,0,4562488,133344,176044,3088508,17247247.417,121314.912,136.165,18258.111,2.002,93.113,7232,5603,1.340,1.460,0.880,2,0,5.006,0,0,18,299,5,15,1
11-12 09:08:47,17.973,2.247,77.884,0.999,0,4561188,139416,176436,3082400,614183.166,8376.578,27.959,3003.546,1.997,104.845,1790,2816,1.340,1.460,0.880,2,0,0.999,0,0,18,299,5,15,1
11-12 09:08:48,21.485,4.497,73.697,0.749,0,4562592,127220,179108,3087132,5017.408,1618.841,0,13798.121,0,629.549,1806,2834,1.340,1.460,0.880,2,0,0,0,0,18,299,5,15,1
11-12 09:08:49,22.243,4.499,71.728,0.500,0,4589760,120400,179852,3064376,4796.508,1511.530,0,2887.102,0,89.972,1570,2674,1.340,1.460,0.880,2,0,0,0,0,18,299,5,15,1
11-12 09:08:50,21.841,4.770,71.799,1.004,0,4584960,125184,180800,3061036,7119.653,1572.550,0,10961.655,0,205.857,1682,2724,1.340,1.460,0.880,2,0,0,0,0,18,299,5,14,1
11-12 09:08:51,23.135,4.726,71.394,0.498,0,4575708,127020,182444,3064988,4951.313,1697.536,0,3303.529,0,72.638,1721,2849,1.310,1.450,0.880,2,0,0,0,0,18,299,5,14,1
11-12 09:08:52,18.499,3.000,76.495,0.750,0,4591636,145600,183244,3028400,12890.201,4292.734,19.999,3363.791,3.000,90.994,1607,2550,1.310,1.450,0.880,2,0,0,0,0,18,297,5,14,0
11-12 09:08:53,24.028,3.254,72.333,0,0,4530632,205644,183252,3029364,5291.064,1715.966,0,276.317,0,8.009,1407,1997,1.310,1.450,0.880,2,0,6.007,0,0,18,297,4,14,0
11-12 09:08:54,24.049,5.010,68.890,0,0,4522836,212952,183252,3029792,5294.722,1885.819,0,84.170,0,1.002,9926,19932,1.310,1.450,0.880,1,0,12.024,0,0,18,297,4,14,0
11-12 09:08:55,24.955,9.483,65.381,0.499,0,4550788,184552,183252,3029948,5037.841,1784.755,0,151137.233,0,673.775,11572,22336,1.310,1.450,0.880,3,0,12.976,0,0,18,297,4,14,0
11-12 09:08:56,22.534,4.757,71.858,0.250,0,4511836,223320,183256,3030080,8130.212,1662.497,168.253,4426.649,4.006,23.035,1630,2585,1.290,1.440,0.880,2,0,6.009,0,0,18,297,4,14,0
11-12 09:08:57,22.563,4.262,70.697,0.501,0,4534564,196468,183636,3033172,6533.182,1738.839,778.166,2314.441,27.075,97.271,3715,6825,1.290,1.440,0.880,4,0,3.008,0,0,18,300,4,20,0
11-12 09:08:58,23.232,8.993,65.948,1.499,0,4481832,248128,183636,3034240,6696.703,1564.762,703.444,1750.615,33.973,279.779,5645,10733,1.290,1.440,0.880,1,0,194.846,0,0,18,299,4,23,0
11-12 09:08:59,14.165,10.935,69.336,4.225,0,4472176,243620,183636,3048408,5389.839,1610.391,14203.249,4083.633,568.607,241.559,3718,6330,1.290,1.440,0.880,2,0,252.493,0,0,18,299,4,25,0
11-12 09:09:00,4.757,3.255,81.624,8.263,0,4465804,242216,183636,3056184,7134.802,2737.144,7603.512,989.498,1378.086,18.027,2706,4858,1.290,1.440,0.880,1,0,6.009,0,0,18,300,4,22,0
11-12 09:09:01,2.501,1.251,94.293,0.500,0,4466756,241264,183636,3056184,43844.818,3801.718,0,3385.530,0,316.143,1289,2262,1.180,1.420,0.880,2,0,0,0,0,18,300,4,22,0
11-12 09:09:02,5.496,2.998,91.678,0,0.250,4459924,246836,183816,3057236,21859.840,130458.590,1219.043,599.529,26.979,20.984,1662,2660,1.180,1.420,0.880,2,0,26.979,0,0,18,299,4,22,0
11-12 09:09:03,3.000,1.000,94.750,0.250,0,4460168,246584,183824,3057236,6867.007,1620.002,0,596.001,0,20.000,1143,2020,1.180,1.420,0.880,1,0,0,0,0,18,299,4,22,0
11-12 09:09:04,3.003,0.250,95.836,0,0,4460112,246584,183824,3057284,4656.195,1513.364,0,0,0,0,987,1752,1.180,1.420,0.880,1,0,0,0,0,18,299,4,20,0
11-12 09:09:05,9.248,4.499,83.983,0,0,4471940,234744,183824,3057292,5057.958,1649.660,255.947,0,2.000,0,1300,2091,1.180,1.420,0.880,3,0,4.999,0,0,18,299,4,20,0
11-12 09:09:06,17.274,5.007,76.355,0.250,0,4453428,253240,183824,3057300,6646.099,1622.221,769.053,176.241,6.008,25.034,1671,2490,1.170,1.410,0.880,4,0,7.010,0,0,18,301,4,17,0
11-12 09:09:07,2.248,0.749,96.173,0,0,4453424,253240,183824,3057304,9733.204,1618.703,0,191.846,0,14.988,1170,2050,1.170,1.410,0.880,2,0,0.999,0,0,18,301,4,17,0
11-12 09:09:08,2.999,1.250,93.724,0.500,0,4453408,253240,183824,3057320,6675.138,1713.522,0,399.888,0,60.983,1592,3110,1.170,1.410,0.880,1,0,0,0,0,18,301,4,17,0
11-12 09:09:09,2.501,0.750,95.034,0.250,0,4453408,253240,183824,3057320,5481.957,1620.579,0,444.159,0,37.013,1189,2202,1.170,1.410,0.880,1,0,0,0,0,18,301,4,15,0
11-12 09:09:10,1.749,1.250,96.212,0,0,4453408,253240,183824,3057320,7091.178,1679.332,0,0,0,0,1095,1867,1.170,1.410,0.880,4,0,0,0,0,18,301,4,15,0
11-12 09:09:11,2.000,0.250,96.229,0,0,4453408,253240,183824,3057320,5459.788,1787.603,0,771.829,0,156.965,1107,1970,1.070,1.390,0.870,1,0,0,0,0,18,301,4,14,0
11-12 09:09:12,1.999,1.499,95.209,0.250,0,4453404,253240,183824,3057324,5388.704,1565.333,0,343.854,0,35.985,1182,2025,1.070,1.390,0.870,1,0,0,0,0,18,301,4,14,0
11-12 09:09:13,1.498,0.250,95.844,0,0,4453404,253240,183824,3057324,6043.156,1617.365,0,0,0,0,1029,1839,1.070,1.390,0.870,1,0,0,0,0,18,301,4,13,0
11-12 09:09:14,2.257,0.752,96.793,0,0,4453404,253240,183824,3057324,6178.703,1624.919,0,4.012,0,1.003,995,1740,1.070,1.390,0.870,1,0,0,0,0,18,301,4,13,0
11-12 09:09:15,3.746,0.499,95.392,0,0,4453404,253240,183824,3057324,7870.083,1618.167,0,71.919,0,12.985,1236,2109,1.070,1.390,0.870,1,0,0,0,0,18,301,4,12,0
11-12 09:09:16,2.503,1.752,95.615,0,0,4453400,253240,183824,3057328,5591.727,1621.951,0,256.308,0,25.030,1152,2092,0.990,1.360,0.870,2,0,0,0,0,18,301,4,12,0
11-12 09:09:17,2.751,1.000,95.047,0,0,4453896,252744,183824,3057328,4990.465,1512.747,0,112.055,0,10.005,1310,2212,0.990,1.360,0.870,1,0,1.000,0,0,18,301,4,12,0
11-12 09:09:18,4.997,1.499,91.199,0.250,0,4453808,252744,183824,3057416,4963.216,1619.092,0,103.942,0,13.992,2103,4201,0.990,1.360,0.870,1,0,0,0,0,18,301,4,12,0
11-12 09:09:19,5.248,0.750,92.711,0.250,0,4453768,252744,183824,3057456,5709.625,1787.257,0,163.932,0,15.993,1449,2376,0.990,1.360,0.870,4,0,0,0,0,18,301,4,14,0
11-12 09:09:20,6.998,2.249,88.976,0,0,4444052,262328,183824,3057588,7007.129,1565.582,0,119.968,0,8.998,1789,3882,0.990,1.360,0.870,3,0,33.991,0,0,18,301,4,15,0
11-12 09:09:21,2.246,2.495,94.315,0.250,0,4444072,262524,183824,3057588,5099.999,1616.829,0,48644.608,0,341.331,1854,2987,0.910,1.340,0.860,1,0,0,0,0,18,301,4,14,0
11-12 09:09:22,1.501,0.751,96.582,0,0,4444072,262524,183824,3057588,5276.501,1621.383,0,0,0,0,982,1669,0.910,1.340,0.860,1,0,0,0,0,18,301,4,14,0
11-12 09:09:23,2.253,0.751,95.885,0.250,0.250,4444068,262524,183828,3057588,5066.118,1622.279,0,1097.542,0,16.023,1087,1980,0.910,1.340,0.860,1,1,0,0,0,18,301,4,14,0
11-12 09:09:24,1.501,0.751,96.338,0,0,4444068,262524,183828,3057588,8045.337,1607.466,0,44.040,0,3.003,1027,1786,0.910,1.340,0.860,1,0,0,0,0,18,301,4,14,0
11-12 09:09:25,2.998,0.749,95.678,0,0,4444060,262524,183828,3057596,5128.144,1618.783,0,95.928,0,12.990,1202,2009,0.910,1.340,0.860,1,0,0,0,0,18,301,4,14,0
11-12 09:09:26,2.248,1.249,94.682,0,0,4444644,262020,183828,3057596,5054.356,1786.712,0,30617.924,0,70.949,1219,2205,0.840,1.320,0.860,1,0,0,0,0,18,301,4,14,0
11-12 09:09:27,3.247,0.999,95.657,0,0,4444644,262020,183828,3057596,5570.580,1564.478,0,879.145,0,144.859,1175,1954,0.840,1.320,0.860,1,0,0.999,0,0,18,301,4,14,0
11-12 09:09:28,1.999,0.750,95.438,0.250,0,4444644,262020,183828,3057596,5172.648,1618.951,0,95.938,0,13.991,1191,2183,0.840,1.320,0.860,1,0,0,0,0,18,301,4,14,0
11-12 09:09:29,2.755,0.751,95.179,0,0,4444640,262020,183828,3057600,7747.596,1623.058,0,376.710,0,34.064,1120,1909,0.840,1.320,0.860,1,0,0,0,0,18,301,4,14,0
11-12 09:09:30,2.248,0.749,96.394,0.250,0,4444636,262020,183828,3057604,6291.074,1510.337,0,83.908,0,9.989,1110,1795,0.840,1.320,0.860,2,0,0,0,0,18,301,4,14,0
11-12 09:09:31,1.754,0.752,96.205,0,0,4445324,261320,183828,3057604,5784.350,1623.466,0,8333.793,0,249.533,1109,1819,0.770,1.290,0.850,1,0,0,0,0,18,301,4,14,0
11-12 09:09:32,3.249,1.000,94.725,0.250,0,4445452,261320,183828,3057612,4956.696,1133.702,0,295.922,0,12.997,1310,2261,0.770,1.290,0.850,1,0,0,0,0,18,301,4,14,0
11-12 09:09:33,5.492,1.997,90.875,0.250,0,4452664,254072,183836,3057636,222238.089,2097.104,19.972,251.652,0.999,22.968,1476,2558,0.770,1.290,0.850,2,0,6.990,0,0,18,301,4,14,0
11-12 09:09:34,12.500,5.250,81.501,0,0,4463108,243364,183868,3057856,233436.502,10928.164,220.003,152.002,11.000,8.000,1770,2366,0.770,1.290,0.850,1,0,36.001,0,0,18,301,4,14,0
