"pcp-dstat 6.2.0 CSV Output"
"Author:","PCP team <pcp@groups.io> and Dag Wieers <dag@wieers.com>",,,,"URL:","https://pcp.io/ and http://dag.wieers.com/home-made/dstat/"
"Host:","ubuntu",,,,"User:","ubuntu"
"Cmdline:","dstat -tcmndrylpg --tcp --output /tmp/devstack_logs/dstat-csv.log",,,,"Date:","26 Mar 2026 04:27:41 UTC"
"system","total usage",,,,,"memory usage",,,,"net/total",,"dsk/total",,"io/total",,"system",,"load avg",,,"procs",,,"paging",,"tcp sockets",,,,
"time","total usage:usr","total usage:sys","total usage:idl","total usage:wai","total usage:stl","used","free","buf","cach","net/total:recv","net/total:send","dsk/total:read","dsk/total:writ","read","writ","int","csw","1m","5m","15m","run","blk","new","in","out","lis","act","syn","tim","clo"
26-03 04:27:41,,986116,1435044,166372,5222332,,,,,,,1.340,0.930,0.510,3,0,,,,10,6,1,17,0
26-03 04:27:42,17.248,20.248,59.995,0.750,0,999524,1420984,166400,5222836,22697.959,12972.833,0,2715.756,0,101.991,6775,6059,1.340,0.930,0.510,2,0,563.949,0,0,10,6,1,17,0
26-03 04:27:43,27.440,18.210,53.383,0.499,0,1010852,1409000,166460,5223260,40533.309,12748.106,0,1792.079,0,65.856,6225,6690,1.340,0.930,0.510,2,0,387.153,0,0,10,5,1,17,1
26-03 04:27:44,30.243,15.496,53.487,0.250,0,1143096,1268616,166500,5355732,24929.931,15365.260,0,1767.570,0,53.987,6418,8312,1.340,0.930,0.510,1,0,189.954,0,0,11,5,1,17,1
26-03 04:27:45,27.259,7.252,64.021,0.500,0,1157248,1230756,167408,5376008,171691.682,5829.925,0,3381.116,0,81.027,3161,2505,1.390,0.950,0.510,3,0,87.029,0,0,11,6,1,17,2
26-03 04:27:46,38.726,12.242,48.220,0.750,0,1171484,1198004,167884,5392040,4737.086,1692.959,0,2566.421,0,149.908,4749,3401,1.390,0.950,0.510,2,0,199.877,0,0,11,6,1,19,2
26-03 04:27:47,42.989,6.248,48.487,1.000,0,1251324,1090872,168860,5415396,4755.734,1693.549,31.991,4898.696,1.999,136.964,3259,2197,1.390,0.950,0.510,2,0,0,0,0,11,6,1,19,2
26-03 04:27:48,42.120,6.268,47.887,2.758,0,1293796,1014724,170336,5444564,4452.718,1624.640,0,11312.310,0,611.747,5080,6292,1.390,0.950,0.510,2,0,10.029,0,0,11,8,1,19,2
26-03 04:27:49,32.632,6.477,47.329,12.206,0,1294348,994212,172132,5460628,9975.918,3592.008,0,67121.231,0,5014.862,16319,32473,1.390,0.950,0.510,4,1,71.741,0,0,11,9,1,19,2
26-03 04:27:50,41.638,9.281,46.906,1.003,0,1267228,1038680,172192,5443636,5080.893,2185.265,0,14937.664,0,671.232,4623,5255,1.440,0.960,0.520,2,0,94.314,0,0,11,4,1,19,0
26-03 04:27:51,41.095,5.230,52.552,0.498,0,1276488,1023296,172192,5449228,9753.279,3470.932,0,2191.748,0,92.651,2743,1731,1.440,0.960,0.520,3,0,16.936,0,0,11,4,1,19,0
26-03 04:27:52,40.401,5.736,52.123,0.748,0,1256156,1042232,172248,5450412,11101.904,4496.027,0,6727.580,0,413.990,3446,3258,1.440,0.960,0.520,2,0,27.932,0,0,11,5,1,19,0
26-03 04:27:53,43.878,9.528,44.881,0.251,0,1273192,1019352,172272,5454928,4842.161,1819.321,0,1155.379,0,50.147,8292,15302,1.440,0.960,0.520,4,0,15.044,0,0,11,4,1,19,0
26-03 04:27:54,37.521,23.013,38.522,0,0,1242028,1050244,172276,5455120,4484.530,1512.853,0,92.052,0,3.002,11937,23321,1.440,0.960,0.520,4,0,409.231,0,0,11,4,1,20,0
26-03 04:27:55,30.092,23.823,44.386,0.502,0,1129072,1176028,172288,5444300,5067.484,1570.800,0,2170.632,0,94.288,6490,5885,1.490,0.980,0.530,1,0,410.254,0,0,11,4,1,20,0
26-03 04:27:56,39.408,18.956,41.154,0,0,1153336,1151732,172296,5444416,4561.326,1562.344,0,1448.610,0,74.825,5811,6747,1.490,0.980,0.530,2,0,285.332,0,0,11,5,1,20,0
26-03 04:27:57,44.980,5.747,48.728,0,0,1228920,1076132,172308,5444424,5006.765,1565.301,0,0,0,0,2582,1210,1.490,0.980,0.530,3,0,0,0,0,11,5,1,20,0
26-03 04:27:58,43.017,7.253,48.269,0,0,1255960,1048512,172332,5444972,4953.955,1512.597,0,188.074,0,2.001,2721,1372,1.490,0.980,0.530,4,0,0,0,0,11,5,1,19,0
26-03 04:27:59,27.732,12.742,57.962,0.500,0,1268252,1033728,172468,5447292,5322.501,1564.971,0,1762.841,0,86.943,5187,6053,1.490,0.980,0.530,1,0,117.922,0,0,11,4,1,19,0
26-03 04:28:00,9.028,4.012,86.267,0,0,1300756,1001220,172480,5447288,4750.676,1612.983,0,417.289,0,32.099,1652,1610,1.450,0.980,0.530,2,0,22.068,0,0,11,4,1,19,0
26-03 04:28:01,22.946,3.991,72.827,0,0,1331488,970476,172480,5447296,4848.515,1616.172,0,14326.066,0,85.797,1940,1523,1.450,0.980,0.530,2,0,0,0,0,11,4,1,19,0
26-03 04:28:02,23.489,1.999,72.716,0.500,0,1357464,944296,172480,5447508,4860.744,1639.239,0,979.545,0,93.956,2170,2047,1.450,0.980,0.530,2,0,1.000,0,0,11,10,1,19,0
26-03 04:28:03,20.485,6.245,71.697,0.999,0,1310720,990916,172564,5447548,4962.316,1564.838,0,3785.190,0,347.742,4096,5014,1.450,0.980,0.530,3,0,42.968,0,0,11,4,1,21,0
26-03 04:28:04,20.259,2.251,76.284,0.500,0,1326188,975040,172712,5447744,6757.971,3533.553,144.063,1412.621,7.003,51.022,1885,1361,1.450,0.980,0.530,1,0,0,0,0,11,5,1,21,0
26-03 04:28:05,20.508,2.751,75.279,0.500,0,1331528,969244,172752,5448108,8326.208,4276.648,268.103,880.339,66.025,38.015,2701,2736,1.410,0.980,0.540,2,0,3.001,0,0,11,29,1,21,0
26-03 04:28:06,19.992,6.997,72.721,0,0,1349500,951220,172752,5448128,9190.374,5315.903,0,29588.328,0,445.824,2846,2168,1.410,0.980,0.540,2,0,48.981,0,0,11,28,1,16,0
26-03 04:28:07,18.255,3.251,78.273,0,0,1381704,918992,172756,5448132,9122.643,5431.574,0,3248.941,0,18.005,1812,1380,1.410,0.980,0.540,2,0,0,0,0,11,29,1,16,0
26-03 04:28:08,23.719,11.485,62.917,0,0,1438968,861708,172756,5448152,7361.238,3793.969,0,11.984,0,2.996,3681,2772,1.410,0.980,0.540,3,0,155.793,0,0,11,28,1,17,0
26-03 04:28:09,36.299,5.007,58.078,0,0,1480272,820392,172756,5448168,12162.389,8899.993,0,0,0,0,3196,2366,1.410,0.980,0.540,2,0,0,0,0,11,30,1,17,0
26-03 04:28:10,35.853,6.769,56.913,0,0,1425764,874800,172772,5448368,15485.366,12107.689,0,2579.390,0,43.124,6258,7778,1.460,1,0.550,2,0,65.187,0,0,11,28,1,18,0
26-03 04:28:11,68.719,25.489,5.248,0,0,1525304,775196,172772,5448400,4350.043,1511.320,0,19071.420,0,118.946,5793,4711,1.460,1,0.550,6,0,512.769,0,0,11,28,1,18,0
26-03 04:28:12,86.762,11.752,1.250,0,0,1723520,576912,172772,5448460,20575.939,19673.810,0,44.006,0,1.000,6599,5244,1.460,1,0.550,4,0,0,0,0,11,32,1,18,0
26-03 04:28:13,75.007,12.501,12.251,0,0,1728920,571224,172784,5448728,33966.076,28072.543,0,1100.100,0,63.006,8389,13352,1.460,1,0.550,2,1,151.014,0,0,11,29,1,23,0
26-03 04:28:14,23.199,9.978,65.107,0.249,0,1543236,756896,172788,5448736,4921.187,2023.554,0,271.404,0,20.954,3609,2897,1.460,1,0.550,2,0,159.649,0,0,11,28,1,23,0
26-03 04:28:15,18.246,2.500,78.484,0,0,1527276,772848,172788,5448744,9948.032,6735.668,0,143.972,0,7.998,2279,2225,1.420,1,0.550,1,0,0,0,0,11,29,1,23,0
26-03 04:28:16,15.726,8.737,74.387,0.749,0,1430796,869300,172800,5448760,7176.146,3383.882,0,25205.876,0,219.668,3440,3366,1.420,1,0.550,2,0,67.897,0,0,11,28,1,24,0
26-03 04:28:17,19.228,2.997,77.162,0.250,0,1475276,824808,172808,5448764,9309.329,5565.620,0,2912.661,0,145.833,2202,2197,1.420,1,0.550,2,0,0,0,0,11,29,1,24,0
26-03 04:28:18,13.529,8.769,75.160,0.251,0,1446396,853636,172844,5448780,8042.124,4650.903,0,3086.572,0,163.348,4070,4111,1.420,1,0.550,1,0,124.265,0,0,11,28,1,24,0
26-03 04:28:19,8.240,23.721,67.418,0,0,1442564,857456,172844,5448788,5253.620,1078.690,0,183.777,0,7.990,5479,3623,1.420,1,0.550,2,0,370.550,0,0,11,28,1,24,0
26-03 04:28:20,56.868,28.058,14.029,0,0,1514656,785344,172844,5448808,5623.699,1515.152,0,236.492,0,21.044,5705,4377,1.710,1.070,0.570,5,0,544.132,0,0,11,28,1,24,0
26-03 04:28:21,78.171,11.275,10.523,0,0,1659100,640860,172844,5448848,23011.340,18726.967,0,62612.972,0,297.651,6124,4544,1.710,1.070,0.570,4,0,0,0,0,11,33,1,24,0
26-03 04:28:22,72.361,7.735,18.714,0,0,1638724,660988,172864,5449060,38422.943,32782.814,0,3772.728,0,199.615,11041,16689,1.710,1.070,0.570,5,0,60.883,0,0,11,28,1,25,0
26-03 04:28:23,78.309,21.516,0,0,0,1598188,701408,172864,5449176,4887.679,1459.098,0,236.178,0,14.011,5264,3825,1.710,1.070,0.570,6,0,250.188,0,0,11,28,1,25,0
26-03 04:28:24,81.592,11.012,7.509,0,0,1757372,542208,172864,5449192,28913.762,26354.863,0,144.163,0,9.010,5802,5338,1.710,1.070,0.570,4,0,0,0,0,11,34,1,25,0
26-03 04:28:25,75.662,9.239,14.233,0,0,1677264,621804,172868,5449696,45443.033,39224.282,0,375.562,0,35.958,10045,17127,1.890,1.120,0.590,5,0,75.912,0,0,11,28,1,30,0
26-03 04:28:26,42.549,13.766,42.549,0,0,1548284,750748,172868,5449728,4541.249,1339.548,0,300.347,0,13.015,3699,2517,1.890,1.120,0.590,3,0,222.257,0,0,11,28,1,30,0
26-03 04:28:27,31.917,3.740,63.835,0.249,0,1548904,750092,172876,5449756,17784.891,14497.414,0,171.555,0,5.984,4209,4274,1.890,1.120,0.590,1,0,0,0,0,11,30,1,30,0
26-03 04:28:28,41.359,21.056,36.346,0,0,1464684,834276,172888,5449780,11302.807,6619.456,0,316.836,0,28.074,6110,6110,1.890,1.120,0.590,3,0,380.002,0,0,11,28,1,32,0
26-03 04:28:29,53.250,7.250,38.500,0,0,1544872,754052,172888,5449816,16309.073,12744.057,0,200.001,0,11.000,4078,2880,1.890,1.120,0.590,3,0,0,0,0,11,31,1,32,0
26-03 04:28:30,49.718,11.992,37.226,0.250,0,1471544,827176,172908,5450000,22051.624,18088.208,0,839.453,0,69.954,7457,10320,1.980,1.150,0.600,5,0,228.851,0,0,11,28,1,32,0
26-03 04:28:31,82.322,15.966,1.996,0,0,1584108,714588,172908,5450024,6674.608,3578.284,0,219.527,0,8.981,4761,1940,1.980,1.150,0.600,4,0,28.938,0,0,11,29,1,32,0
26-03 04:28:32,53.163,6.489,39.186,0.250,0,1597972,700500,172920,5450236,38330.273,33694.859,0,315.484,0,27.954,8803,12194,1.980,1.150,0.600,8,0,0,0,0,11,31,1,33,0
26-03 04:28:33,62.992,18.571,17.567,0,0,1493052,805396,172920,5450260,11527.224,7193.598,0,345.325,0,24.092,5115,5025,1.980,1.150,0.600,3,0,326.252,0,0,11,28,1,35,0
26-03 04:28:34,52.902,5.739,40.176,0,0,1561460,736960,172920,5450288,20068.970,15310.749,0,183.661,0,9.982,4312,3549,1.980,1.150,0.600,3,0,0,0,0,11,31,1,31,0
26-03 04:28:35,49.369,18.043,31.075,0.251,0,1527172,771052,172936,5450468,22133.165,16467.556,0,2089.018,0,93.224,7742,9917,2.060,1.180,0.620,3,0,299.720,0,0,11,28,1,33,0
26-03 04:28:36,53.470,6.746,38.728,0,0,1568340,729840,172936,5450504,17596.116,11112.758,0,0,0,0,3860,2654,2.060,1.180,0.620,4,0,0,0,0,11,31,1,33,0
26-03 04:28:37,52.640,11.975,35.176,0.249,0,1471792,826052,172940,5450832,26000.655,19389.473,0,550.849,0,17.962,7653,9408,2.060,1.180,0.620,5,0,236.506,0,0,11,28,1,36,0
26-03 04:28:38,64.224,11.745,23.740,0.250,0,1585188,712624,172940,5450864,6651.270,4196.278,0,199.918,0,8.996,3806,1717,2.060,1.180,0.620,0,0,49.979,0,0,11,31,1,36,0
26-03 04:28:39,44.005,4.500,50.005,0,0,1577516,720088,172948,5451064,29925.078,24481.518,0,360.037,0,38.004,6885,9118,2.060,1.180,0.620,3,0,0,0,0,11,28,1,34,1
26-03 04:28:40,60.888,14.533,24.054,0,0,1546540,751056,172948,5451072,4387.924,1635.699,0,188.426,0,7.016,4357,2316,2.140,1.210,0.630,3,0,112.254,0,0,11,28,1,35,0
26-03 04:28:41,45.910,5.739,47.906,0,0,1572272,725284,172948,5451104,23535.998,20482.966,0,143.719,0,6.986,5356,5471,2.140,1.210,0.630,3,0,0,0,0,11,31,1,35,0
26-03 04:28:42,58.403,25.316,15.039,0.251,0,1478524,819104,172956,5451144,12068.628,8243.604,0,4150.878,0,295.775,6817,7641,2.140,1.210,0.630,6,0,487.277,0,0,11,28,1,37,0
26-03 04:28:43,78.726,21.244,0,0,0,1675020,622548,172956,5451204,6113.154,3903.821,0,211.936,0,12.996,5531,4255,2.140,1.210,0.630,8,0,319.903,0,0,11,29,1,37,0
26-03 04:28:44,76.607,19.649,3.980,0,0,1761408,535944,172964,5451412,40730.841,38066.523,0,955.095,0,58.699,7944,9435,2.140,1.210,0.630,7,0,374.079,0,0,11,33,1,38,0
26-03 04:28:45,71.111,26.133,2.010,0,0,1606820,690312,172972,5451620,31748.294,26288.557,0,856.351,0,63.322,8182,10201,2.450,1.290,0.660,6,0,564.870,0,0,11,28,1,38,0
26-03 04:28:46,84.537,15.257,0.250,0,0.250,1664312,632744,172972,5451688,4997.214,2448.085,0,140.062,0,6.003,5107,2843,2.450,1.290,0.660,4,0,111.049,0,0,11,29,1,38,0
26-03 04:28:47,68.705,8.713,21.906,0,0,1688852,608008,172972,5451884,37970.757,34207.934,0,246.938,0,3.983,8363,10057,2.450,1.290,0.660,4,0,0,0,0,11,33,1,36,0
26-03 04:28:48,55.195,19.318,24.587,0,0,1384452,912328,172972,5451956,29728.068,24600.947,0,16.057,0,4.014,9137,12449,2.450,1.290,0.660,2,0,448.585,0,0,11,28,1,41,0
26-03 04:28:49,13.980,30.206,54.671,0.250,0,1387928,908824,172972,5451984,4731.153,1583.708,0,3339.168,0,127.815,6479,5322,2.450,1.290,0.660,4,0,673.026,0,0,11,28,1,41,0
26-03 04:28:50,72.155,24.553,2.255,0,0,1547596,749116,172972,5452024,5520.852,3323.134,0,24.052,0,6.013,5168,3692,2.570,1.330,0.680,4,0,484.039,0,0,11,29,1,41,0
26-03 04:28:51,59.240,7.499,33.495,0,0,1598760,697748,172984,5452216,29555.239,26510.730,0,499.919,0,42.993,5963,8067,2.570,1.330,0.680,4,0,0,0,0,11,30,1,43,0
26-03 04:28:52,71.519,19.005,9.002,0.500,0,1518380,778072,173004,5452252,10374.685,6518.687,0,536.139,0,53.014,6195,6301,2.570,1.330,0.680,5,0,268.069,0,0,11,28,1,45,0
26-03 04:28:53,67.715,8.464,23.650,0,0,1624884,671500,173008,5452308,25054.494,21638.877,0,1055.555,0,135.430,5195,5508,2.570,1.330,0.680,5,0,0.996,0,0,11,32,1,45,0
26-03 04:28:54,53.472,8.033,36.903,0,0,1647544,648568,173008,5452572,41351.701,36571.854,0,144.600,0,8.033,13072,26044,2.570,1.330,0.680,4,0,36.150,0,0,11,32,1,46,0
26-03 04:28:55,67.750,13.000,18.000,0,0,1536144,759748,173040,5452760,23906.835,18642.872,0,559.996,0,63.000,9180,12197,2.690,1.380,0.700,5,0,119.999,0,0,11,28,1,45,0
26-03 04:28:56,73.755,10.501,16.001,0,0,1603400,692460,173040,5452784,16831.178,13855.970,0,176.012,0,11.001,4497,2675,2.690,1.380,0.700,3,0,0,0,0,11,32,1,45,0
26-03 04:28:57,54.203,6.465,38.042,0,0,1603136,692460,173044,5453036,42553.772,37811.762,0,143.215,0,8.951,11440,18278,2.690,1.380,0.700,3,0,0,0,0,11,32,1,45,0
26-03 04:28:58,59.569,11.813,28.653,0,0,1539804,755592,173048,5453232,35792.710,29490.957,0,156.840,0,10.054,10126,14154,2.690,1.380,0.700,4,0,142.765,0,0,11,28,1,49,0
26-03 04:28:59,74.999,15.000,9.000,0,0,1616984,678352,173056,5453280,10159.910,6321.944,0,155.999,0,10.000,4813,2549,2.690,1.380,0.700,6,0,117.999,0,0,11,30,1,49,0
26-03 04:29:00,61.735,6.498,30.493,0,0,1624888,670212,173060,5453504,37833.952,33810.914,0,111.973,0,7.998,9343,13474,2.710,1.410,0.710,4,0,0,0,0,11,31,1,50,0
26-03 04:29:01,71.020,14.754,13.754,0.250,0,1539520,755504,173084,5453556,21855.137,16753.705,0,324.091,0,34.010,8090,10105,2.710,1.410,0.710,4,0,128.036,0,0,11,28,1,51,0
26-03 04:29:02,71.741,9.999,17.748,0,0,1612176,682676,173092,5453716,16941.927,13731.320,0,331.959,0,25.997,5075,3794,2.710,1.410,0.710,5,0,0,0,0,11,30,1,52,0
26-03 04:29:03,66.445,12.739,20.733,0,0,1611600,683208,173108,5453736,24870.454,21531.212,0,259.785,0,23.980,6535,8805,2.710,1.410,0.710,2,0,120.900,0,0,11,30,1,51,0
26-03 04:29:04,65.238,9.248,24.996,0,0.250,1557516,737044,173108,5453984,34190.899,29695.701,0,151.973,0,8.998,6411,10759,2.710,1.410,0.710,3,0,99.982,0,0,11,30,1,53,0
26-03 04:29:05,74.925,14.236,10.490,0,0,1572436,722068,173116,5454024,16659.382,11760.269,0,239.761,0,22.977,6323,6841,2.820,1.450,0.730,4,0,127.872,0,0,11,30,1,55,0
26-03 04:29:06,69.270,8.502,21.506,0,0,1657056,637232,173124,5454204,25062.221,21400.166,0,1540.444,0,16.005,6400,6617,2.820,1.450,0.730,3,0,7.002,0,0,11,35,1,56,0
26-03 04:29:07,67.071,13.014,19.771,0,0,1640488,653608,173128,5454392,20763.843,17147.039,0,288.303,0,24.025,6881,7863,2.820,1.450,0.730,4,0,68.072,0,0,11,33,1,57,0
26-03 04:29:08,55.536,14.009,29.519,0,0,1573184,720860,173140,5454396,16508.680,13919.005,0,440.285,0,37.024,5390,4784,2.820,1.450,0.730,1,0,140.091,0,0,11,34,1,58,0
26-03 04:29:09,54.157,11.979,33.193,0.250,0,1541980,751972,173176,5454452,13611.529,9223.096,0,2216.178,0,156.730,5236,5481,2.820,1.450,0.730,6,0,119.793,0,0,11,33,1,60,0
26-03 04:29:10,51.086,12.020,36.060,0,0,1559288,734640,173180,5454472,16247.247,13735.034,0,36.060,0,4.007,4887,3893,2.830,1.470,0.740,3,0,96.161,0,0,11,34,1,61,0
26-03 04:29:11,50.598,11.216,37.388,0,0,1512128,781580,173180,5454684,22229.383,17612.220,0,3.988,0,0.997,5739,7360,2.830,1.470,0.740,3,0,85.743,0,0,11,33,1,61,0
26-03 04:29:12,53.644,8.272,37.350,0,0,1569296,724200,173184,5454888,12953.832,10304.709,0,413.111,0,57.154,4404,4188,2.830,1.470,0.740,2,0,50.135,0,0,11,34,1,62,0
26-03 04:29:13,32.481,6.246,60.465,0,0,1551092,742364,173184,5454932,23935.989,19145.793,0,271.841,0,20.988,6416,8052,2.830,1.470,0.740,3,0,36.978,0,0,11,33,1,63,0
26-03 04:29:14,38.834,12.198,48.045,0.249,0.249,1513272,780164,173200,5454936,5602.076,2485.386,0,223.047,0,22.902,4054,3049,2.830,1.470,0.740,3,0,134.426,0,0,11,32,1,64,0
26-03 04:29:15,32.648,4.520,62.031,0,0,1527544,765872,173204,5454948,16450.409,12603.006,0,112.509,0,6.027,3251,2762,2.680,1.470,0.740,4,0,0,0,0,11,34,1,58,0
26-03 04:29:16,37.390,10.220,52.096,0.249,0,1477548,815656,173208,5455152,11612.686,7554.677,0,570.315,0,43.870,5249,5905,2.680,1.470,0.740,3,0,137.593,0,0,11,32,1,60,0
26-03 04:29:17,36.803,5.007,57.583,0,0,1532644,760540,173208,5455172,14900.392,11085.915,0,224.322,0,16.023,3147,2392,2.680,1.470,0.740,4,0,0,0,0,11,34,1,60,0
26-03 04:29:18,34.524,6.755,57.289,0.250,0,1473204,819928,173228,5455200,12333.457,8540.857,0,740.508,0,54.037,5042,5643,2.680,1.470,0.740,4,0,65.045,0,0,11,32,1,62,0
26-03 04:29:19,37.007,6.001,56.261,0,0,1503352,789776,173228,5455204,12277.396,8354.630,0,0,0,0,2738,1671,2.680,1.470,0.740,2,0,0,0,0,11,34,1,62,0
26-03 04:29:20,33.214,5.494,60.684,0.250,0,1485444,807620,173236,5455256,22060.930,16616.870,0,147.839,0,16.981,5823,7578,2.710,1.490,0.750,3,0,42.953,0,0,11,32,1,62,0
26-03 04:29:21,41.683,6.989,49.670,0,0,1505176,787868,173244,5455268,5907.502,2609.804,0,111.820,0,7.987,2853,1502,2.710,1.490,0.750,2,0,4.992,0,0,11,33,1,62,0
26-03 04:29:22,30.764,4.252,64.280,0,0,1501768,791100,173248,5455436,22947.752,19306.046,0,108.051,0,6.003,4469,6062,2.710,1.490,0.750,0,0,0,0,0,11,34,1,62,0
26-03 04:29:23,29.233,12.993,56.968,0,0,1446172,846616,173256,5455508,7869.527,3771.856,0,435.752,0,33.981,5061,4834,2.710,1.490,0.750,2,0,282.839,0,0,11,32,1,64,0
26-03 04:29:24,19.260,2.751,77.538,0,0,1465512,827264,173264,5455512,9799.857,6493.218,0,4402.182,0,202.100,2114,1651,2.710,1.490,0.750,2,0,0,0,0,11,33,1,63,0
26-03 04:29:25,15.546,5.265,77.979,0.251,0,1423020,869728,173268,5455536,11191.861,7252.294,0,565.661,0,39.115,4006,4475,2.570,1.480,0.750,1,0,81.239,0,0,11,32,1,64,0
26-03 04:29:26,16.231,11.487,71.416,0,0,1416788,875952,173268,5455544,4854.314,1660.055,0,19.977,0,4.994,3453,2485,2.570,1.480,0.750,2,0,202.762,0,0,11,32,1,64,0
26-03 04:29:27,17.268,3.253,78.580,0,0,1440444,852288,173268,5455552,10860.011,7288.390,0,0,0,0,2160,2024,2.570,1.480,0.750,1,0,0,0,0,11,33,1,64,0
26-03 04:29:28,18.447,4.986,75.533,0.249,0,1397140,895560,173276,5455572,9725.066,6544.202,0,311.106,0,20.940,3060,3395,2.570,1.480,0.750,2,0,45.868,0,0,11,32,1,59,0
26-03 04:29:29,18.731,2.747,78.172,0,0.250,1436788,855908,173276,5455576,9747.293,6711.316,0,3.996,0,0.999,1939,1577,2.570,1.480,0.750,3,0,0,0,0,11,33,1,59,0
26-03 04:29:30,17.528,2.504,77.873,0,0,1429924,862608,173284,5455732,13183.892,10181.134,0,204.324,0,15.024,4197,5636,2.450,1.480,0.760,1,0,0,0,0,11,33,1,59,0
26-03 04:29:31,12.030,18.547,68.924,0,0,1399344,893028,173288,5455880,5412.642,1981.995,0,228.576,0,22.056,5325,4225,2.450,1.480,0.760,1,0,384.970,0,0,11,32,1,59,0
26-03 04:29:32,33.525,14.761,51.037,0.250,0,1461668,830660,173348,5455860,4436.250,1080.792,0,480.352,0,27.020,4440,3416,2.450,1.480,0.760,3,0,242.177,0,0,11,32,1,59,0
26-03 04:29:33,40.662,7.484,47.148,3.991,0,1488028,800100,173784,5459288,5106.974,1454.859,0,9607.258,0,787.300,6114,8194,2.450,1.480,0.760,5,2,44.903,0,0,11,36,1,59,0
26-03 04:29:34,35.323,8.768,41.586,11.524,0,1431816,850368,174884,5463772,5892.180,1623.356,0,48295.831,0,3947.159,16413,30457,2.450,1.480,0.760,4,0,103.213,0,0,11,36,1,59,0
26-03 04:29:35,39.926,8.235,44.168,6.488,0,1424680,856800,175360,5463948,6426.057,1455.295,0,26167.366,0,2378.579,11887,20147,2.410,1.480,0.760,5,0,30.942,0,0,11,32,1,59,0
26-03 04:29:36,43.545,6.757,48.300,1.001,0,1486604,794808,175388,5463984,6727.020,1621.692,0,2846.971,0,261.273,3976,3953,2.410,1.480,0.760,3,0,2.002,0,0,11,34,1,54,0
26-03 04:29:37,37.757,9.002,43.508,8.752,0,1507468,772996,175824,5464476,6820.204,1552.274,0,25360.478,0,2958.522,15049,27778,2.410,1.480,0.760,2,0,2.000,0,0,11,32,1,54,0
26-03 04:29:38,23.906,6.973,66.986,0.498,0,1467416,813004,175840,5464488,4044.083,1075.766,0,3761.196,0,208.181,3171,2884,2.410,1.480,0.760,3,0,98.612,0,0,11,32,1,54,0
26-03 04:29:39,23.000,3.750,73.250,0.500,0,1474900,805512,175848,5464488,4119.999,1080.000,0,656.000,0,37.000,1979,1536,2.410,1.480,0.760,2,0,2.000,0,0,11,32,1,54,0
26-03 04:29:40,22.260,3.752,72.034,0.500,0,1511160,769224,175856,5464508,3493.626,972.453,0,5914.754,0,295.137,2464,2569,2.300,1.480,0.760,1,0,1.000,0,0,11,32,1,49,0
26-03 04:29:41,22.998,3.000,72.745,0,0,1555048,725336,175856,5464508,4499.674,1619.883,0,47.997,0,6.999,1860,1244,2.300,1.480,0.760,2,0,3.000,0,0,11,32,1,49,0
26-03 04:29:42,22.031,3.755,73.856,0,0,1516956,763412,175856,5464524,4823.895,1696.425,0,36.052,0,1.001,1826,1271,2.300,1.480,0.760,3,0,1.001,0,0,11,32,1,49,0
26-03 04:29:43,22.234,3.997,73.446,0,0,1505152,775116,175860,5464600,4976.350,1692.758,0,0,0,0,1831,1133,2.300,1.480,0.760,2,0,3.997,0,0,11,32,1,49,0
26-03 04:29:44,22.518,3.503,73.058,0,0,1516988,763248,175860,5464600,4341.427,1533.210,0,0,0,0,1833,1252,2.300,1.480,0.760,2,0,0,0,0,11,32,1,47,0
26-03 04:29:45,22.210,3.244,73.369,0,0,1500908,779236,175864,5464684,4731.535,1690.975,0,0,0,0,1873,1199,2.190,1.470,0.770,3,0,2.995,0,0,11,32,1,47,0
26-03 04:29:46,21.779,4.506,73.597,0,0,1477160,802912,175872,5464712,4584.057,1534.027,0,236.312,0,4.005,1873,1400,2.190,1.470,0.770,3,0,1.001,0,0,11,32,1,47,0
26-03 04:29:47,21.999,4.250,73.246,0.250,0,1496032,784028,175884,5464712,4576.756,1693.910,0,435.977,0,31.998,2110,1751,2.190,1.470,0.770,2,0,2.000,0,0,11,32,1,47,0
26-03 04:29:48,22.761,2.751,73.286,0,0,1466380,813652,175888,5464732,4580.248,1458.716,0,0,0,0,1780,1217,2.190,1.470,0.770,2,0,1.000,0,0,11,32,1,42,0
26-03 04:29:49,22.728,3.497,73.430,0,0,1472032,807964,175888,5464768,4675.538,1692.385,0,0,0,0,1798,1288,2.190,1.470,0.770,3,0,0.999,0,0,11,32,1,42,0
26-03 04:29:50,22.261,3.752,73.037,0,0,1492024,787972,175888,5464768,4094.082,972.494,0,0,0,0,1803,1186,2.100,1.460,0.770,2,0,2.001,0,0,11,32,1,42,0
26-03 04:29:51,15.003,11.753,71.766,0,0,1450604,829244,175888,5464916,3520.767,1080.235,0,0,0,0,3347,2263,2.100,1.460,0.770,3,0,142.031,0,0,11,32,1,42,0
26-03 04:29:52,8.759,22.273,67.819,0,0,1441460,838340,175888,5464936,3100.132,540.546,0,620.627,0,8.008,5372,3816,2.100,1.460,0.770,2,0,343.347,0,0,11,32,1,37,0
26-03 04:29:53,8.263,21.033,68.857,0,0,1423048,856600,175888,5465100,4404.876,1534.395,0,588.919,0,10.016,5159,3457,2.100,1.460,0.770,2,0,283.442,0,0,11,32,1,37,0
26-03 04:29:54,12.238,23.727,61.940,0,0,1429216,850408,175888,5468508,4615.493,1660.378,0,183.820,0,1.998,6331,10544,2.100,1.460,0.770,3,0,391.618,0,0,12,33,1,37,0
26-03 04:29:55,10.733,17.972,69.889,0,0,1387532,892064,175888,5465144,4912.225,1617.440,0,1234.047,0,159.747,4642,4226,2.010,1.450,0.770,1,0,245.611,0,0,11,32,1,38,0
26-03 04:29:56,20.774,4.756,73.586,0,0,1445640,833968,175888,5465128,5406.302,1621.891,0,0,0,0,1797,1248,2.010,1.450,0.770,3,0,2.002,0,0,11,32,1,37,0
26-03 04:29:57,22.487,3.998,72.458,0.250,0,1439020,840552,175900,5465152,5385.870,1511.122,0,631.633,0,43.974,2054,1695,2.010,1.450,0.770,2,0,0.999,0,0,11,32,1,37,0
26-03 04:29:58,21.720,3.994,73.398,0,0,1499708,779884,175900,5465132,4899.215,1563.834,0,3.994,0,0.999,1873,1221,2.010,1.450,0.770,2,0,1.997,0,0,11,32,1,37,0
26-03 04:29:59,22.985,3.498,73.451,0,0,1457968,821604,175900,5465152,4473.039,1295.143,0,19.987,0,0.999,1824,1155,2.010,1.450,0.770,2,0,0.999,0,0,11,32,1,37,0
26-03 04:30:00,22.741,4.998,71.472,0,0,1461244,818336,175900,5465140,3272.736,635.755,0,3.998,0,1.000,2027,1324,1.930,1.440,0.770,2,0,3.998,0,0,11,32,1,32,0
26-03 04:30:01,22.477,3.247,73.673,0,0,1442808,836760,175900,5465152,3824.027,721.251,0,11.988,0,0.999,1747,1146,1.930,1.440,0.770,2,0,0.999,0,0,11,32,1,32,0
26-03 04:30:02,22.022,3.754,73.073,0,0,1488492,791096,175900,5465132,5048.048,1567.567,0,64.064,0,3.003,1786,1169,1.930,1.440,0.770,2,0,2.002,0,0,11,32,1,32,0
26-03 04:30:03,22.996,3.249,73.486,0,0,1457200,822364,175900,5465156,4601.108,1511.707,0,7.998,0,1.000,1814,1272,1.930,1.440,0.770,2,0,2.000,0,0,11,32,1,32,0
26-03 04:30:04,22.542,3.006,73.136,0,0,1462556,817020,175900,5465144,4869.078,1623.026,0,3334.216,0,191.357,1774,1203,1.930,1.440,0.770,2,0,2.004,0,0,11,32,1,32,0
26-03 04:30:05,22.253,3.750,73.509,0,0,1445876,833716,175900,5465128,4698.604,1458.187,0,0,0,0,1776,1193,1.850,1.440,0.770,2,0,1.000,0,0,11,32,1,27,0
26-03 04:30:06,23.504,3.751,72.262,0,0,1423328,856220,175900,5465156,4860.819,1620.273,0,28.005,0,1.000,1875,1112,1.850,1.440,0.770,2,0,9.002,0,0,11,32,1,27,0
26-03 04:30:07,22.749,3.750,72.997,0.500,0,1467516,812120,175904,5465068,4714.781,1457.932,0,475.978,0,32.998,2044,1734,1.850,1.440,0.770,2,0,0,0,0,11,32,1,27,0
26-03 04:30:08,22.500,3.000,73.501,0,0,1461812,817736,175904,5465160,5040.075,1620.024,0,100.001,0,2.000,1826,1211,1.850,1.440,0.770,2,0,3.000,0,0,11,32,1,27,0
26-03 04:30:09,22.253,4.001,73.510,0,0,1447680,831868,175904,5465160,4800.662,1620.223,0,176.024,0,3.000,1800,1335,1.850,1.440,0.770,2,0,1.000,0,0,11,32,1,19,0
26-03 04:30:10,22.544,3.256,73.392,0,0,1446216,833352,175904,5465140,4614.941,1569.040,0,8.016,0,2.004,1844,1296,1.790,1.430,0.770,1,0,2.004,0,0,11,32,1,19,0
26-03 04:30:11,23.703,2.994,73.106,0,0,1430040,849476,175904,5465192,4582.975,1509.028,0,19.961,0,0.998,1790,1197,1.790,1.430,0.770,2,0,0.998,0,0,11,32,1,19,0
26-03 04:30:12,23.498,3.250,72.742,0,0,1418972,860568,175904,5465168,3452.633,755.920,0,159.983,0,4.000,1798,1251,1.790,1.430,0.770,3,0,1.000,0,0,11,32,1,19,0
26-03 04:30:13,21.751,4.250,73.253,0,0,1439548,839980,175904,5465180,3950.171,1350.058,0,0,0,0,1834,1204,1.790,1.430,0.770,3,0,3.000,0,0,11,32,1,15,0
26-03 04:30:14,19.046,9.523,71.922,0,0,1418136,861368,175904,5465204,4242.135,1515.621,0,108.259,0,5.012,2945,1971,1.790,1.430,0.770,1,0,124.297,0,0,11,32,1,15,0
26-03 04:30:15,12.730,15.975,69.640,0,0,1408168,871300,175904,5465240,4958.196,1563.539,0,191.698,0,7.987,4824,3693,1.720,1.420,0.770,2,0,335.472,0,0,11,32,1,15,0
26-03 04:30:16,22.998,3.500,73.745,0,0,1432096,847360,175904,5465252,4651.683,1511.897,0,4.000,0,1.000,1780,1136,1.720,1.420,0.770,2,0,0,0,0,11,32,1,15,0
26-03 04:30:17,22.553,3.508,73.173,0.251,0,1451024,828136,175912,5465504,4864.508,1299.073,0,525.243,0,33.078,2110,1763,1.720,1.420,0.770,1,0,9.021,0,0,11,32,1,11,0
26-03 04:30:18,21.992,3.999,73.224,0,0,1392888,886268,175912,5465508,4020.586,775.727,0,0,0,0,2026,1286,1.720,1.420,0.770,1,0,38.986,0,0,11,32,1,11,0
26-03 04:30:19,8.736,22.463,67.388,0,0,1392904,886108,175912,5465648,4832.003,1078.216,39.934,187.689,1.997,6.988,6212,4823,1.720,1.420,0.770,1,0,499.174,0,0,11,32,1,11,0
26-03 04:30:20,8.012,22.282,68.599,0,0,1387024,891944,175912,5465692,5333.692,1297.872,0,240.347,0,4.006,6408,5076,1.580,1.400,0.770,2,0,535.773,0,0,11,32,1,11,0
26-03 04:30:21,8.753,21.756,68.270,0,0,1389624,889304,175912,5465720,5183.515,1242.363,0,556.163,0,7.002,6164,4725,1.580,1.400,0.770,1,0,468.137,0,0,11,32,1,7,0
26-03 04:30:22,8.746,21.991,68.221,0,0,1383592,895304,175912,5465748,4695.031,1661.303,0,1583.336,0,18.992,6577,5407,1.580,1.400,0.770,2,0,593.751,0,0,11,32,1,7,0
26-03 04:30:23,8.004,21.009,69.530,0,0,1388164,890696,175912,5465780,4802.104,1662.729,0,1040.456,0,12.005,6353,5070,1.580,1.400,0.770,2,0,546.239,0,0,11,32,1,7,0
26-03 04:30:24,8.491,21.227,69.423,0,0,1364132,914688,175912,5465820,4311.241,1564.273,0,263.709,0,10.988,6510,5377,1.580,1.400,0.770,1,0,555.387,0,0,11,32,1,7,0
26-03 04:30:25,9.006,22.514,68.042,0,0,1344988,933804,175912,5465848,4682.899,1621.004,0,248.154,0,12.007,6174,4819,1.620,1.410,0.780,1,0,501.310,0,0,11,32,1,5,0
26-03 04:30:26,8.747,19.992,69.723,0,0,1319652,959096,175920,5465528,4576.200,1499.410,0,443.825,0,88.965,5950,4492,1.620,1.410,0.780,2,0,394.845,0,0,11,32,1,5,0
26-03 04:30:27,23.702,29.690,45.159,0.249,0,1356280,922416,175928,5465912,4651.597,1131.712,0,1473.022,0,89.818,7450,7232,1.620,1.410,0.780,5,0,818.346,0,0,11,32,1,9,0
26-03 04:30:28,62.661,14.537,22.307,0.251,0,1546320,731520,176040,5466656,4317.098,1570.036,0,409.052,0,24.062,4274,2564,1.620,1.410,0.780,3,0,83.214,0,0,11,32,1,11,0
26-03 04:30:29,50.268,9.753,28.510,9.003,0,1624916,642676,176732,5475044,4233.481,1512.529,372.130,28658.025,3.001,2047.716,12052,20165,1.620,1.410,0.780,5,2,77.027,0,0,11,38,1,10,0
26-03 04:30:30,36.212,12.487,33.715,15.734,0,1660792,596428,177592,5484192,4481.333,1564.371,0,83756.777,0,5749.013,20594,41770,1.890,1.470,0.800,6,2,149.844,0,0,11,36,1,10,0
26-03 04:30:31,36.779,9.007,34.777,17.013,0,1684932,561996,178072,5493624,9066.049,6278.882,0,76535.509,0,5898.586,20445,41392,1.890,1.470,0.800,5,1,69.054,0,0,11,37,1,10,0
26-03 04:30:32,40.251,14.750,31.001,11.250,0.250,1582748,656532,178388,5500692,9527.268,5584.157,0,70389.979,0,4960.139,18628,35232,1.890,1.470,0.800,5,1,190.005,0,0,11,34,1,11,0
26-03 04:30:33,40.959,24.476,24.975,7.493,0,1636408,596440,178816,5506764,6420.591,3420.586,295.705,47888.198,3.996,3396.609,16762,30616,1.890,1.470,0.800,3,0,295.705,0,0,11,35,1,9,0
26-03 04:30:34,37.122,17.689,32.389,10.215,0,1631396,595712,179116,5511576,15957.139,10460.038,1594.518,51380.354,26.907,3771.035,18264,34004,1.890,1.470,0.800,6,0,217.253,0,0,11,35,1,9,0
26-03 04:30:35,29.632,6.780,47.963,12.305,0,1623560,599632,179280,5515204,15923.739,10160.135,0,46273.565,0,3682.358,17356,32862,2.140,1.530,0.820,1,1,51.228,0,0,11,34,1,9,0
26-03 04:30:36,34.975,9.243,39.472,13.740,0,1568068,654388,179400,5515764,7300.818,1648.830,0,53761.842,0,4670.685,17318,32479,2.140,1.530,0.820,3,0,65.953,0,0,11,34,1,9,0
26-03 04:30:37,30.741,6.748,48.486,10.997,0,1572424,648972,179636,5516568,16488.402,11151.890,0,44559.575,0,3675.975,15938,29795,2.140,1.530,0.820,1,1,26.992,0,0,11,35,1,9,0
26-03 04:30:38,27.445,7.235,48.901,13.473,0,1566464,654412,179840,5516872,16672.407,12343.130,0,49432.398,0,4070.798,18326,34385,2.140,1.530,0.820,4,0,29.940,0,0,11,34,1,10,0
26-03 04:30:39,35.100,10.781,39.362,10.781,0,1592880,625820,179968,5518872,4731.436,1582.494,0,48890.840,0,3950.218,15446,29679,2.140,1.530,0.820,4,0,110.313,0,0,11,36,1,10,0
26-03 04:30:40,32.762,6.502,46.267,11.754,0,1596292,619544,180048,5521592,12050.424,8456.105,0,51931.067,0,4400.616,18228,35429,2.210,1.550,0.830,3,1,60.022,0,0,11,37,1,10,0
26-03 04:30:41,26.994,7.998,50.489,11.997,0,1586164,624940,180140,5526116,17771.107,13634.013,0,55791.778,0,4540.005,19526,38105,2.210,1.550,0.830,2,0,56.988,0,0,11,37,1,10,0
26-03 04:30:42,33.763,10.254,41.516,11.754,0,1597336,609908,180300,5529688,5089.948,1977.757,0,55153.103,0,5022.922,17912,36556,2.210,1.550,0.830,2,0,129.049,0,0,11,36,0,10,0
26-03 04:30:43,31.160,6.731,46.367,12.713,0,1611356,593400,180380,5532032,10358.247,7268.123,0,56202.565,0,4673.576,17432,35069,2.210,1.550,0.830,2,1,63.817,0,0,11,37,0,10,0
26-03 04:30:44,27.567,7.769,50.121,12.530,0,1602716,607188,180428,5526820,17065.230,13217.935,0,47402.524,0,4268.312,20169,38038,2.210,1.550,0.830,3,0,12.029,0,0,11,37,0,10,0
26-03 04:30:45,33.179,11.476,42.410,10.228,0,1527976,681120,180444,5527608,7717.588,4338.773,0,49989.694,0,3776.968,15841,29463,2.190,1.560,0.840,2,0,93.801,0,0,11,34,0,13,0
26-03 04:30:46,32.257,14.003,52.511,1.000,0,1474112,734944,180444,5527648,10051.109,7351.543,0,7781.633,0,447.094,5259,5056,2.190,1.560,0.840,4,0,212.044,0,0,11,33,0,13,0
26-03 04:30:47,19.230,5.245,73.924,0.250,0,1436656,772256,180444,5527792,8068.650,4621.218,0,2621.287,0,225.766,3263,3275,2.190,1.560,0.840,2,0,34.964,0,0,11,32,0,14,0
26-03 04:30:48,18.256,3.501,77.527,0.250,0,1439128,769776,180448,5527796,8994.127,6168.144,0,1068.371,0,54.019,2135,1999,2.190,1.560,0.840,2,0,0,0,0,11,33,0,14,0
26-03 04:30:49,17.505,6.252,74.771,0.500,0,1417408,791300,180452,5527988,5707.595,2704.756,0,3889.087,0,210.059,3210,3223,2.190,1.560,0.840,2,0,60.017,0,0,11,32,0,15,0
26-03 04:30:50,19.935,3.738,75.504,0,0,1470576,738128,180452,5527988,5674.477,3359.035,0,346.868,0,7.974,1791,1243,2.090,1.550,0.840,1,0,0,0,0,11,33,0,15,0
26-03 04:30:51,18.582,2.009,78.598,0,0,1464232,744368,180452,5528092,12559.607,9162.567,0,0,0,0,3195,3737,2.090,1.550,0.840,2,0,0,0,0,11,33,0,15,0
26-03 04:30:52,19.019,7.508,72.824,0,0,1473400,735188,180452,5528104,5275.391,2231.280,0,4.004,0,1.001,2476,1726,2.090,1.550,0.840,1,0,43.044,0,0,11,32,0,16,0
26-03 04:30:53,18.012,2.251,78.302,0,0,1488848,719736,180452,5528108,10344.878,7391.915,0,0,0,0,1978,1598,2.090,1.550,0.840,3,0,1.001,0,0,11,33,0,16,0
26-03 04:30:54,14.992,6.497,76.959,0.500,0,1438524,769900,180456,5528264,10055.670,6727.434,0,415.780,0,39.979,4179,4798,2.090,1.550,0.840,1,0,69.963,0,0,11,32,0,17,0
26-03 04:30:55,13.481,24.216,60.165,0,0.250,1417980,790284,180460,5528420,4751.286,1455.943,0,283.599,0,16.976,6021,12072,2.010,1.540,0.840,3,0,413.416,0,0,11,32,0,18,0
26-03 04:30:56,36.761,22.507,40.012,0.250,0,1469392,738664,180476,5528612,4441.366,1620.498,0,964.297,0,68.021,5609,4294,2.010,1.540,0.840,5,0,349.107,0,0,11,32,0,24,0
26-03 04:30:57,64.473,11.700,23.150,0,0,1613132,593540,180528,5529944,4336.349,1451.756,0,250.921,0,12.944,3960,1724,2.010,1.540,0.840,4,0,2.987,0,0,11,32,0,24,0
26-03 04:30:58,65.857,9.515,23.288,0,0,1769424,432832,180680,5533824,4687.635,1664.711,0,6162.036,0,195.318,4269,2039,2.010,1.540,0.840,5,0,7.011,0,0,11,32,0,23,0
26-03 04:30:59,36.627,8.529,39.637,12.543,0,1778956,412448,180796,5544004,4232.628,1505.202,0,67144.047,0,4857.788,19383,37025,2.010,1.540,0.840,6,1,180.624,0,0,11,38,0,23,0
26-03 04:31:00,23.255,9.252,46.509,16.753,0,1776552,403376,180912,5554916,3140.624,540.107,0,79803.861,0,5660.125,22816,43954,2.330,1.620,0.870,0,3,231.046,0,0,11,38,0,23,0
26-03 04:31:01,27.484,7.995,45.223,15.491,0,1775604,396068,180980,5562820,4783.177,1565.076,0,91258.131,0,6881.938,23177,46307,2.330,1.620,0.870,2,3,152.910,0,0,11,38,0,23,0
26-03 04:31:02,39.529,12.509,32.524,13.260,0,1672172,487708,181116,5574152,3825.796,1026.750,0,79854.351,0,6042.415,21218,42298,2.330,1.620,0.870,3,1,252.184,0,0,11,36,0,23,0
26-03 04:31:03,42.707,11.738,29.470,13.237,0,1740344,408576,181152,5584596,4661.306,1564.424,0,92027.318,0,5920.038,20937,39668,2.330,1.620,0.870,3,0,4.995,0,0,11,36,0,23,0
26-03 04:31:04,39.214,10.990,34.468,13.238,0,1774592,367780,181172,5590872,4633.700,1456.648,0,82187.726,0,5759.655,22125,40522,2.330,1.620,0.870,2,3,55.948,0,0,11,38,0,23,0
26-03 04:31:05,32.535,10.011,44.297,10.511,0,1711460,426756,181216,5594872,4925.244,1621.727,0,68605.046,0,5106.437,18260,35210,2.300,1.620,0.880,4,0,153.163,0,0,11,36,0,23,0
26-03 04:31:06,24.163,15.444,59.036,0.249,0,1458960,679204,181216,5594892,4543.553,1614.157,0,1789.522,0,102.628,4492,3241,2.300,1.620,0.880,2,0,254.080,0,0,11,32,0,23,0
26-03 04:31:07,22.497,3.749,73.240,0.250,0,1511368,626796,181216,5594892,4696.365,1619.781,0,1139.846,0,60.992,1968,1559,2.300,1.620,0.880,2,0,1.000,0,0,11,32,0,23,0
26-03 04:31:08,22.739,3.998,72.216,0.500,0,1548100,590060,181216,5594892,4557.841,1619.233,0,6448.945,0,366.826,2285,2487,2.300,1.620,0.880,2,0,1.999,0,0,11,32,0,23,0
26-03 04:31:09,25.011,1.751,73.032,0,0,1554204,583948,181216,5594900,4650.057,1458.645,0,76.034,0,6.003,2127,1617,2.300,1.620,0.880,2,0,0,0,0,11,34,0,23,0
26-03 04:31:10,21.278,5.007,72.845,0,0.501,1469888,668264,181216,5594900,4686.097,1622.110,0,408.531,0,47.061,2170,1424,2.200,1.610,0.880,2,0,28.036,0,0,11,32,0,23,0
26-03 04:31:11,22.252,4.250,73.257,0,0,1514012,624108,181216,5594932,4038.397,1458.143,0,0,0,0,1784,1149,2.200,1.610,0.880,2,0,0,0,0,11,32,0,23,0
26-03 04:31:12,23.032,3.004,72.851,0,0,1460304,677812,181220,5594932,4463.189,1622.250,0,120.167,0,15.021,2171,1659,2.200,1.610,0.880,2,0,18.025,0,0,11,32,0,23,0
26-03 04:31:13,13.532,38.591,46.610,0.501,0,1445120,692928,181220,5595000,5009.827,1461.450,0,1018.404,0,123.291,7686,7077,2.200,1.610,0.880,2,0,971.293,0,0,11,32,0,23,0
26-03 04:31:14,8.945,26.338,62.367,0,0,1449100,688936,181220,5595012,4150.526,1288.094,0,278.292,0,21.866,5862,4219,2.200,1.610,0.880,4,0,488.999,0,0,11,32,0,23,0
26-03 04:31:15,8.525,21.813,67.946,0,0,1442828,695144,181220,5595076,3584.331,324.937,0,20.058,0,5.014,5151,3388,2.020,1.580,0.870,2,0,314.908,0,0,11,32,0,23,0
26-03 04:31:16,8.777,19.811,70.216,0,0,1435268,702676,181220,5595104,4832.894,1462.507,0,4.012,0,1.003,5133,3507,2.020,1.580,0.870,1,0,288.890,0,0,11,32,0,23,0
26-03 04:31:17,9.233,21.460,67.625,0,0,1397344,740456,181220,5595260,5287.258,1617.021,0,31.941,0,7.985,5351,3702,2.020,1.580,0.870,2,0,307.434,0,0,11,32,0,23,0
26-03 04:31:18,13.476,19.964,63.637,0,0,1410628,727120,181220,5595620,4539.919,1455.409,0,1118.010,0,175.687,6515,7316,2.020,1.580,0.870,5,0,262.533,0,0,11,32,0,23,0
26-03 04:31:19,38.025,14.009,47.781,0,0,1465452,672088,181224,5595796,5403.557,1621.067,0,156.103,0,2.001,3949,2749,2.020,1.580,0.870,3,0,131.086,0,0,11,33,0,23,0
26-03 04:31:20,43.802,7.259,48.808,0,0,1557012,580584,181224,5595856,5226.198,1621.924,0,220.261,0,4.005,2700,1396,2.020,1.590,0.880,4,0,0,0,0,11,33,0,23,0
26-03 04:31:21,43.788,7.256,47.792,0,0,1627908,508596,181284,5596836,5284.599,1663.448,0,684.596,0,74.064,3835,3029,2.020,1.590,0.880,3,0,19.017,0,0,11,49,0,23,0
26-03 04:31:22,24.724,15.234,58.938,0,0,1632008,500984,181296,5599948,5069.659,1456.466,0,986.960,0,54.942,5521,8542,2.020,1.590,0.880,1,0,177.813,0,0,11,48,0,23,0
26-03 04:31:23,15.523,19.278,63.844,0.250,0,1643888,488992,181296,5600304,4746.955,1622.377,0,268.393,0,15.022,6371,7099,2.020,1.590,0.880,1,0,286.420,0,0,11,48,0,23,0
26-03 04:31:24,7.228,3.739,87.738,0,0,1650768,482096,181296,5599972,5024.984,1615.174,0,0,0,0,1662,1706,2.020,1.590,0.880,1,0,27.917,0,0,11,48,0,23,0
26-03 04:31:25,0.750,1.001,97.301,0,0,1650768,482096,181296,5599972,4460.350,1458.769,0,236.124,0,18.009,876,1157,1.860,1.560,0.870,3,0,3.002,0,0,11,48,0,23,0
26-03 04:31:26,0.750,0.750,97.738,0,0,1650768,482096,181296,5599972,4859.403,1661.796,0,923.886,0,12.998,785,985,1.860,1.560,0.870,1,0,3.000,0,0,11,48,0,23,0
26-03 04:31:27,0.500,0.750,98.540,0,0,1650768,482096,181296,5599972,4416.785,1458.589,0,0,0,0,653,900,1.860,1.560,0.870,1,0,1.000,0,0,11,48,0,23,0
26-03 04:31:28,5.515,6.768,86.729,0,0,1629312,503560,181296,5600308,4752.534,1624.284,0,4.011,0,1.003,2774,2602,1.860,1.560,0.870,4,0,142.376,0,0,11,48,0,23,0
26-03 04:31:29,18.170,13.689,66.954,0,0,1659076,473664,181296,5600096,4318.908,1451.583,0,3.982,0,0.996,5176,8017,1.860,1.560,0.870,1,0,212.063,0,0,11,48,0,23,0
26-03 04:31:30,12.558,22.102,64.800,0,0,1715832,416840,181296,5600500,5059.438,1866.647,0,4.019,0,1.005,6711,7379,1.790,1.560,0.880,1,0,445.062,0,0,12,48,0,23,0
26-03 04:31:31,18.433,13.451,66.012,0.249,0,1705056,427608,181296,5600168,4422.044,1452.758,0,3104.797,0,56.795,5502,6824,1.790,1.560,0.880,1,0,254.083,0,0,12,64,0,16,0
26-03 04:31:32,4.013,7.525,88.046,0.251,0,1702372,430096,181296,5600332,5134.258,1625.464,0,104.351,0,10.034,2716,2849,1.790,1.560,0.880,1,0,143.482,0,0,14,66,0,16,0
26-03 04:31:33,18.946,12.963,66.061,0,0,1698892,433560,181296,5600344,5324.790,1615.386,0,422.792,0,29.915,5970,8061,1.790,1.560,0.880,4,0,191.453,0,0,14,66,0,17,0
26-03 04:31:34,8.776,20.812,69.707,0,0,1671036,461340,181296,5600384,6258.607,1624.831,0,5175.387,0,363.079,6913,5692,1.790,1.560,0.880,1,0,566.685,0,0,14,66,0,17,0
26-03 04:31:35,17.977,14.980,65.165,0,0,1674608,457736,181296,5600408,7172.656,1635.869,0,27.964,0,6.991,6266,7802,1.720,1.550,0.880,2,0,231.698,0,0,14,66,0,16,0
26-03 04:31:36,27.788,26.536,45.312,0,0,1758164,374140,181304,5600440,6835.386,1568.153,0,596.819,0,9.012,6869,5736,1.720,1.550,0.880,2,0,607.835,0,0,14,66,0,16,0
26-03 04:31:37,29.736,25.738,43.980,0,0,1819240,311812,181368,5601540,6018.232,1713.212,0,91.958,0,7.996,7583,8841,1.720,1.550,0.880,2,0,633.709,0,0,14,66,0,16,0
26-03 04:31:38,32.956,23.469,41.944,0,0,1947944,182636,181376,5602404,4388.126,970.701,0,563.246,0,9.987,5958,6880,1.720,1.550,0.880,7,0,378.493,0,0,14,70,0,18,0
26-03 04:31:39,58.771,24.405,16.685,0,0,2003208,207156,176836,5528872,4448.665,1022.018,23.907,23.907,3.984,5.977,5765,6151,1.720,1.550,0.880,6,0,431.319,0,0,14,70,0,17,0
26-03 04:31:40,65.264,22.255,11.752,0,0,2116536,149792,173828,5477404,5041.069,1710.363,192.041,28.006,4.001,7.001,6064,9081,1.830,1.570,0.890,4,0,340.072,0,0,14,70,0,17,0
26-03 04:31:41,68.840,26.785,4.005,0.501,0,2226932,155444,172904,5364428,4612.029,1568.050,204.267,2262.958,20.026,147.192,5579,5355,1.830,1.570,0.890,6,0,495.648,0,0,14,70,0,17,0
26-03 04:31:42,75.943,21.484,2.248,0.500,0,2406264,166288,172600,5178504,4665.498,1510.866,523.607,1850.611,70.947,32.975,6679,7978,1.830,1.570,0.890,5,0,224.831,0,0,14,74,0,17,0
26-03 04:31:43,63.423,28.578,4.763,1.755,0,2496592,119560,171884,5136612,4618.613,1570.288,172.471,29829.464,9.025,2132.825,14439,26297,1.830,1.570,0.890,8,0,407.112,0,0,14,76,0,17,0
26-03 04:31:44,69.094,25.600,3.977,0.497,0,2593848,163520,171996,4998744,4445.897,1503.175,469.245,10534.152,26.842,932.525,11676,21489,1.830,1.570,0.890,15,0,311.173,0,0,14,76,0,20,0
26-03 04:31:45,68.233,23.919,7.553,0.252,0,2692796,137460,172004,4927012,4773.784,1631.546,451.193,1397.893,10.071,86.613,7222,12290,1.920,1.590,0.900,5,0,416.951,0,0,14,93,0,27,0
26-03 04:31:46,49.781,27.517,21.763,0,0,2820208,148544,172004,4791480,5001.078,1458.898,0,1168.719,0,65.040,8201,10467,1.920,1.590,0.900,3,0,498.307,0,0,14,93,0,27,0
26-03 04:31:47,40.477,18.739,40.227,0.250,0,2878268,160876,172004,4722572,5294.017,1619.088,0,3909.797,0,65.963,5564,7758,1.920,1.590,0.900,1,0,212.880,0,0,14,95,0,23,0
26-03 04:31:48,58.060,15.948,24.918,0,0,3029212,144644,172016,4591532,4240.090,1130.292,2962.282,1164.181,31.895,50.833,7266,8609,1.920,1.590,0.900,3,0,128.578,0,0,14,98,0,26,0
26-03 04:31:49,26.327,14.542,57.417,0.752,0,3070708,168496,172040,4527560,3464.091,324.947,12.035,5692.583,3.009,309.903,4925,5031,1.920,1.590,0.900,3,0,143.418,0,0,14,101,0,26,0
26-03 04:31:50,8.480,19.454,69.337,0.249,0,3086100,153008,172040,4527656,4609.154,1616.197,3.991,12654.223,0.998,595.598,5401,3912,1.930,1.600,0.910,2,0,257.394,0,0,14,101,0,26,0
26-03 04:31:51,7.770,20.051,70.930,0,0,3089088,149980,172040,4527696,4691.904,1714.350,0,124.315,0,10.025,5069,3490,1.930,1.600,0.910,3,0,261.664,0,0,14,101,0,25,0
26-03 04:31:52,7.247,20.742,69.723,0,0,3086392,152656,172040,4527700,4653.207,1457.438,0,7.997,0,1.999,4985,3315,1.930,1.600,0.910,1,0,258.900,0,0,14,101,0,25,0
26-03 04:31:53,17.944,9.470,71.526,0,0,3139320,166096,172040,4462536,4844.855,1614.952,11.963,0,1.994,0,2564,1759,1.930,1.600,0.910,2,0,70.779,0,0,14,101,0,25,0
26-03 04:31:54,19.025,3.004,76.853,0.501,0,3152084,153532,172040,4462504,11218.967,7843.464,44.059,312.417,5.007,33.044,2646,2793,1.930,1.600,0.910,3,0,1.001,0,0,14,106,0,25,0
26-03 04:31:55,24.229,8.992,65.692,0.500,0,3150964,154604,172044,4462548,21716.918,17832.331,23.979,7101.760,1.998,242.787,3757,11740,1.850,1.590,0.910,2,0,99.912,0,0,14,107,0,24,0
26-03 04:31:56,19.816,2.759,76.757,0.251,0,3177024,128536,172044,4462556,10690.831,7200.131,0,465.560,0,29.098,2313,2288,1.850,1.590,0.910,1,0,3.010,0,0,14,114,0,24,0
26-03 04:31:57,19.742,3.498,73.968,0.750,0,3168156,137032,172056,4462884,4641.002,1307.437,47.979,983.577,2.999,109.953,3137,3893,1.850,1.590,0.910,5,1,0,0,0,14,116,0,24,0
26-03 04:31:58,31.745,6.749,59.240,1.250,0,3217012,153456,172060,4399492,5540.069,2276.617,1543.740,1891.682,50.991,199.966,5954,8187,1.850,1.590,0.910,3,0,5.999,0,0,14,120,0,26,0
26-03 04:31:59,26.709,7.988,64.401,0.250,0,3219872,150792,172060,4399436,4812.593,1539.631,7.988,1154.224,1.997,81.874,3450,3219,1.850,1.590,0.910,2,0,113.825,0,0,14,124,0,20,0
26-03 04:32:00,18.049,3.259,77.711,0.251,0,3237236,133416,172060,4399448,11242.508,8102.988,32.087,886.405,2.005,61.166,2566,2746,1.700,1.560,0.900,3,0,1.003,0,0,14,125,0,20,0
26-03 04:32:01,19.674,3.487,74.463,0.498,0,3240624,129916,172060,4399560,6160.234,3518.426,19.923,1223.281,1.992,99.616,3118,3888,1.700,1.560,0.900,2,0,0,0,0,14,125,0,20,0
26-03 04:32:02,36.092,11.529,51.883,0.251,0,3299116,137156,172064,4335600,5509.075,2821.208,8.020,1267.238,2.005,115.295,4730,5012,1.700,1.560,0.900,3,0,99.254,0,0,14,128,0,21,0
26-03 04:32:03,39.725,6.746,51.968,0,0,3385580,179096,172064,4210200,10569.421,7328.438,0,1243.226,0,30.981,3063,1809,1.700,1.560,0.900,2,0,2.998,0,0,14,129,0,21,0
26-03 04:32:04,19.989,5.997,73.459,0.250,0,3364888,199960,172064,4210188,21489.931,18433.648,0,359.798,0,20.988,2647,1936,1.700,1.560,0.900,2,0,54.969,0,0,14,128,0,22,0
26-03 04:32:05,18.729,2.997,77.663,0,0,3387900,176816,172064,4210320,10032.712,7162.941,0,343.613,0,18.979,1797,1312,1.650,1.550,0.900,1,0,0,0,0,14,129,0,22,0
26-03 04:32:06,19.746,6.999,72.237,0,0,3361048,203648,172064,4210340,21859.943,18506.566,0,547.898,0,15.997,2570,1847,1.650,1.550,0.900,2,0,56.989,0,0,14,128,0,23,0
26-03 04:32:07,17.742,1.749,79.214,0.250,0,3387684,177008,172064,4210344,10847.077,7665.521,0,291.868,0,13.994,1699,1304,1.650,1.550,0.900,1,0,0,0,0,14,129,0,23,0
26-03 04:32:08,25.085,10.034,63.214,0.753,0,3396792,167744,172064,4210500,7134.185,3039.303,48.163,1581.361,6.020,150.510,8608,14023,1.650,1.550,0.900,1,0,113.384,0,0,14,136,0,27,0
26-03 04:32:09,22.757,4.001,72.523,0.250,0,3387552,229864,172064,4158260,6657.094,3587.128,0,308.097,0,21.007,2034,1599,1.650,1.550,0.900,0,0,0,0,0,14,137,0,27,0
26-03 04:32:10,17.463,4.490,76.337,0,0,3321628,295768,172064,4158280,26222.976,22179.614,0,259.446,0,14.968,2489,1971,1.600,1.540,0.900,2,0,54.883,0,0,14,136,0,28,0
26-03 04:32:11,22.188,4.986,72.297,0,0,3375476,241868,172064,4158332,4966.080,1615.472,11.966,973.272,2.992,59.832,2149,1766,1.600,1.540,0.900,4,0,0,0,0,14,136,0,28,0
26-03 04:32:12,15.557,3.764,78.036,0.753,0,3379316,237876,172068,4158496,11359.657,8139.850,8.029,919.371,2.007,129.475,3319,4495,1.600,1.540,0.900,2,0,0,0,0,14,137,0,28,0
26-03 04:32:13,25.037,7.761,64.095,1.252,0,3364372,252684,172068,4158632,4678.919,1890.796,12.018,4710.966,2.003,369.546,7158,10895,1.600,1.540,0.900,1,0,48.071,0,0,14,137,0,30,0
26-03 04:32:14,21.161,4.730,72.445,0.498,0,3431772,185240,172076,4158668,4480.150,2028.465,0,5034.816,0,277.831,2478,2711,1.600,1.540,0.900,2,0,7.966,0,0,14,138,0,30,0
26-03 04:32:15,17.008,2.001,79.788,0,0,3428168,188836,172076,4158676,14099.653,10571.989,36.017,548.259,3.001,39.018,2078,1963,1.470,1.520,0.900,1,0,1.000,0,0,14,138,0,30,0
26-03 04:32:16,24.338,4.767,68.749,1.004,0,3428156,188636,172076,4158888,6107.150,1724.254,112.408,1128.091,7.025,130.473,5270,7154,1.470,1.520,0.900,2,0,0,0,0,14,138,0,30,0
26-03 04:32:17,30.946,8.984,57.400,0.749,0,3414668,201920,172076,4159108,6687.369,2373.871,0,3294.270,0,379.340,9550,14196,1.470,1.520,0.900,3,0,68.880,0,0,14,141,0,31,0
26-03 04:32:18,22.218,4.494,72.646,0,0,3452252,164336,172076,4159108,6069.317,2315.687,0,459.343,0,25.963,1941,1579,1.470,1.520,0.900,3,0,0,0,0,14,144,0,31,0
26-03 04:32:19,16.538,2.255,79.431,0.752,0.251,3447104,169492,172076,4159140,15582.582,10621.253,0,1046.389,0,132.302,3076,4089,1.470,1.520,0.900,2,0,0,0,0,14,143,0,32,0
26-03 04:32:20,20.693,8.227,69.559,0,0,3429232,187344,172076,4159160,6222.952,1657.459,0,682.131,0,31.913,3353,2733,1.430,1.510,0.900,2,0,146.598,0,0,14,143,0,32,0
26-03 04:32:21,17.277,2.754,79.125,0,0,3442336,174232,172076,4159168,15249.159,11309.918,0,3537.605,0,355.563,2357,1950,1.430,1.510,0.900,2,0,0,0,0,14,144,0,32,0
26-03 04:32:22,23.987,4.498,69.213,0.750,0,3439036,177472,172080,4159224,7458.990,3272.241,0,1295.304,0,136.926,6369,9343,1.430,1.510,0.900,4,0,0,0,0,14,144,0,32,0
26-03 04:32:23,33.597,8.525,55.159,0.501,0,3367244,248700,172096,4159756,6432.580,3219.299,421.217,1648.762,69.200,141.408,10584,16879,1.430,1.510,0.900,3,0,18.052,0,0,14,143,0,33,0
26-03 04:32:24,27.909,12.210,58.062,0.249,0,3419092,196656,172096,4159936,4646.928,1911.799,0,2141.056,0,157.489,6741,8689,1.430,1.510,0.900,2,0,271.121,0,0,14,143,0,33,0
26-03 04:32:25,18.776,3.004,77.359,0.751,0,3443760,171948,172096,4159944,10868.287,7764.922,0,5371.555,0,323.455,2655,3095,1.390,1.500,0.900,2,0,0,0,0,14,144,0,33,0
26-03 04:32:26,11.752,16.253,70.513,0,0,3433548,182120,172096,4159968,3842.691,1668.300,0,424.076,0,16.003,5012,3918,1.390,1.500,0.900,2,0,299.054,0,0,14,143,0,34,0
26-03 04:32:27,10.257,21.515,66.298,0,0,3361372,254256,172100,4160348,3969.856,1242.894,0,60.043,0,13.009,6705,6510,1.390,1.500,0.900,10,0,396.285,0,0,14,143,0,34,0
26-03 04:32:28,23.767,15.011,61.294,0,0,3388152,227460,172100,4160024,5163.748,1621.177,0,20.015,0,5.004,5366,5402,1.390,1.500,0.900,3,0,211.153,0,0,14,143,0,34,0
26-03 04:32:29,29.746,24.247,44.494,0.250,0,3436620,178952,172100,4160064,4527.382,1457.801,0,931.873,0,50.993,6303,5117,1.390,1.500,0.900,3,0,386.947,0,0,14,143,0,34,0
26-03 04:32:30,23.431,20.440,53.592,0.499,0,3468568,146468,172112,4160936,4670.234,1469.668,95.718,634.131,5.982,46.862,7810,10488,1.360,1.490,0.900,5,0,341.992,0,0,14,149,0,34,0
26-03 04:32:31,45.651,23.076,31.103,0,0,3579440,169776,172112,4029000,3473.509,595.975,68.226,541.795,6.020,32.106,7242,12670,1.360,1.490,0.900,4,0,358.187,0,0,16,155,0,34,0
26-03 04:32:32,48.506,29.503,21.002,0,0,3694464,147268,172112,3937284,5237.596,1620.184,0,352.040,0,23.003,6000,4833,1.360,1.490,0.900,4,0,440.050,0,0,16,155,0,34,0
26-03 04:32:33,44.174,19.467,35.439,0.250,0,3744616,150692,172112,3884616,5101.237,1617.222,15.973,439.245,2.995,25.955,7132,12734,1.360,1.490,0.900,3,0,259.554,0,0,16,171,0,34,0
26-03 04:32:34,33.923,24.195,40.657,0,0,3811824,128208,172112,3840476,5567.312,1706.112,7.982,961.808,1.995,34.920,6624,5014,1.360,1.490,0.900,2,0,421.040,0,0,16,171,0,34,0
26-03 04:32:35,20.800,23.557,54.381,0.251,0,3841924,150616,172124,3788504,6754.307,1461.529,8.019,236.571,2.005,18.044,5812,4460,1.330,1.480,0.900,3,0,378.915,0,0,17,171,0,34,0
26-03 04:32:36,12.986,20.478,64.430,0,0,3846288,146228,172124,3789000,6173.331,1618.252,3.996,191.793,0.999,18.979,6175,6081,1.330,1.480,0.900,2,0,282.695,0,0,17,171,0,33,0
26-03 04:32:37,24.026,19.271,55.310,0,0,3867444,180384,172124,3734552,6480.055,1649.796,0,2158.350,0,16.017,5370,5589,1.330,1.480,0.900,4,0,224.244,0,0,17,171,0,33,0
26-03 04:32:38,29.466,24.472,44.949,0,0,3923820,123960,172124,3734596,5022.266,1634.134,3.995,147.831,0.999,8.990,6005,4611,1.330,1.480,0.900,4,0,370.577,0,0,17,171,0,33,0
26-03 04:32:39,36.048,20.777,42.056,0,0,4006720,150452,172128,3627848,5134.794,1622.146,144.191,472.625,5.007,36.048,8126,11668,1.330,1.480,0.900,6,0,271.359,0,0,17,183,0,33,0
26-03 04:32:40,28.727,25.480,44.215,0.500,0,4073792,163440,172128,3549656,4814.223,1456.857,43.966,615.517,4.996,51.959,6610,5669,1.390,1.490,0.910,3,0,467.633,0,0,17,189,0,31,0
26-03 04:32:41,31.817,28.811,38.081,0,0,4161488,147040,172128,3479660,4870.323,1623.441,36.076,11676.749,6.013,917.946,8912,10244,1.390,1.490,0.910,2,0,513.087,0,0,17,195,0,31,2
26-03 04:32:42,9.739,20.226,67.920,0.250,0,4163028,145348,172128,3479960,4529.697,1456.295,0,854.999,0,42.950,5491,4288,1.390,1.490,0.910,2,0,300.648,0,0,17,195,0,31,2
26-03 04:32:43,11.761,23.272,62.559,0,0,4174356,133820,172136,3480592,4624.338,1621.521,12.011,424.398,3.003,43.040,6832,6657,1.390,1.490,0.910,1,0,345.324,0,0,17,211,0,31,2
26-03 04:32:44,26.248,15.999,56.746,0.500,0,4191640,160088,172136,3437100,4577.674,1547.890,7.999,347.975,2.000,26.998,5739,6326,1.390,1.490,0.910,2,0,190.986,0,0,17,211,0,31,2
26-03 04:32:45,43.239,10.747,44.988,0.250,0,4319832,157764,172136,3314100,5098.681,1619.581,815.789,391.899,14.996,30.992,3697,2660,1.440,1.500,0.920,3,0,1.999,0,0,17,211,0,31,2
26-03 04:32:46,44.812,8.962,44.066,0.249,0,4428056,124668,172136,3241372,4660.493,1613.248,254.933,410.283,13.942,37.842,3556,2353,1.440,1.500,0.920,7,0,5.975,0,0,17,215,0,31,2
26-03 04:32:47,34.910,7.283,57.012,0,0,4318184,233952,172148,3241956,5090.358,1627.468,16.074,904.149,1.005,111.512,3738,3241,1.440,1.500,0.920,4,0,84.387,0,0,17,219,0,31,2
26-03 04:32:48,32.163,26.678,40.141,0.249,0,4391096,158988,172148,3243992,4128.799,1615.617,913.522,215.416,8.976,16.954,8547,9154,1.440,1.500,0.920,2,0,514.604,0,0,17,219,0,18,2
26-03 04:32:49,34.321,28.559,35.072,0,0,4439964,130408,172156,3224252,11055.796,8489.505,1026.116,961.984,20.041,23.048,7243,8226,1.440,1.500,0.920,2,0,452.934,0,0,17,230,0,18,2
26-03 04:32:50,56.410,22.267,21.030,0,0,4479224,133120,172172,3182848,4296.033,1719.007,59.378,174.177,7.917,7.917,6316,7833,1.640,1.540,0.930,4,0,231.576,0,0,17,230,0,19,2
26-03 04:32:51,67.681,15.152,16.163,0.505,0,4611800,164032,172176,3024332,11647.114,9351.026,1612.211,715.191,41.416,27.274,5382,4751,1.640,1.540,0.930,2,1,22.223,0,0,17,239,0,19,2
26-03 04:32:52,62.557,11.419,20.604,4.717,0,4614196,195872,172276,2991388,8393.592,4688.814,6156.426,3769.322,451.802,173.770,7031,9598,1.640,1.540,0.930,8,0,32.768,0,0,17,240,0,25,2
26-03 04:32:53,34.736,24.919,39.015,0,0,4655240,152380,172276,2993824,6352.206,3965.975,8.055,604.109,2.014,22.151,7108,7485,1.640,1.540,0.930,3,0,437.979,0,0,17,240,0,25,2
26-03 04:32:54,35.039,24.277,39.044,0.250,0,4569748,256952,172276,2975636,13976.653,10087.297,92.103,9598.750,7.008,89.100,8215,11108,1.640,1.540,0.930,2,0,339.380,0,0,17,243,0,26,2
26-03 04:32:55,56.065,25.666,16.944,0,0,4685828,138896,172276,2976916,4664.649,1774.161,179.410,462.478,10.964,24.918,6044,15296,1.990,1.620,0.960,5,0,432.576,0,0,17,243,0,27,2
26-03 04:32:56,48.784,27.019,23.767,0.250,0,4753568,191208,172292,2861044,15831.099,12229.574,1024.718,760.533,44.031,50.035,8203,10002,1.990,1.620,0.960,6,0,356.250,0,0,17,244,0,27,2
26-03 04:32:57,60.154,24.062,13.284,0.251,0,4774632,167304,172296,2863540,4841.418,1756.505,156.401,1150.952,14.036,63.162,7839,10413,1.990,1.620,0.960,3,0,327.841,0,0,17,249,0,29,0
26-03 04:32:58,52.577,28.406,18.439,0.249,0,4886196,121816,172312,2798284,10861.179,7594.951,255.158,578.093,14.951,42.859,7943,10194,1.990,1.620,0.960,6,0,391.708,0,0,17,254,0,31,0
26-03 04:32:59,40.055,20.528,37.301,0.250,0,4870676,135244,172316,2800344,9670.239,6511.915,344.472,733.004,20.027,51.070,8417,11449,1.990,1.620,0.960,5,0,236.324,0,0,17,257,0,32,0
26-03 04:33:00,62.662,19.972,16.477,0,0,4981920,159204,172316,2668392,10397.361,7322.690,11.983,667.061,1.997,26.962,5375,5012,2.070,1.640,0.970,4,0,131.814,0,0,17,258,0,32,0
26-03 04:33:01,57.906,12.283,28.577,0.752,0,4993960,171108,172320,2645348,15658.289,13224.717,1796.853,669.809,83.225,49.133,10809,16567,2.070,1.640,0.970,2,0,13.035,0,0,17,258,0,33,0
26-03 04:33:02,59.524,13.145,26.538,0.248,0,5081048,136324,172324,2594260,8544.610,5302.559,1281.741,20805.475,34.722,1277.773,6557,8640,2.070,1.640,0.970,7,0,12.897,0,0,17,267,0,35,0
26-03 04:33:03,50.631,22.167,25.945,0.756,0,5043808,169904,172444,2597772,14954.630,11210.431,4663.120,1675.620,70.531,82.622,7285,7897,2.070,1.640,0.970,3,0,311.345,0,0,17,269,0,37,0
26-03 04:33:04,47.542,27.524,23.521,0,0,5067788,145484,172444,2598160,6654.821,3589.139,592.518,332.291,6.005,24.021,7350,8346,2.070,1.640,0.970,4,0,437.383,0,0,17,270,0,37,0
26-03 04:33:05,49.390,19.956,29.684,0.249,0.249,5090968,122200,172452,2598596,14116.681,10361.013,830.158,1117.521,11.973,56.874,7556,9468,2.710,1.780,1.020,5,0,235.478,0,0,18,269,0,36,0
26-03 04:33:06,78.610,20.529,0.501,0.501,0,5147952,130476,172452,2535752,4746.625,1622.264,925.291,488.682,45.063,27.038,5729,4112,2.710,1.780,1.020,5,0,162.226,0,0,18,272,0,36,0
26-03 04:33:07,77.656,12.984,7.241,0.749,0,5253940,131936,172468,2432572,14069.040,11462.183,3859.348,1002.791,180.782,83.899,6672,6618,2.710,1.780,1.020,5,0,11.986,0,0,18,280,0,37,0
26-03 04:33:08,61.603,17.028,21.035,0.501,0,5293228,120760,172488,2405284,6984.661,3057.104,1193.993,2412.027,26.043,226.378,7576,10928,2.710,1.780,1.020,2,0,226.378,0,0,18,284,0,40,0
26-03 04:33:09,34.385,9.219,54.568,0.249,0,5313532,123440,172508,2383124,17825.398,11776.623,578.067,550.160,11.960,33.887,4074,3969,2.710,1.780,1.020,5,0,8.970,0,0,18,291,0,36,0
26-03 04:33:10,38.656,11.296,48.948,0.251,0,5302912,146408,172508,2371344,10161328.135,181818.320,771.114,666.693,6.024,60.243,11556,6937,2.650,1.780,1.020,3,0,12.049,0,0,18,289,0,37,0
26-03 04:33:11,40.062,14.432,43.795,0.498,0,5351328,121300,172508,2349096,6567958.452,121973.098,2532.127,533.499,27.869,36.827,10076,7029,2.650,1.780,1.020,4,0,258.787,0,0,18,289,0,37,0
26-03 04:33:12,33.224,6.245,58.205,0,0,5316272,187436,172508,2318972,15150.347,12356.496,0,639.508,0,54.958,3703,3540,2.650,1.780,1.020,6,0,6.995,0,0,18,295,0,38,0
26-03 04:33:13,32.779,5.505,59.802,0.250,0,5369284,133792,172508,2319608,98697.386,3758524.701,448.392,720.631,27.024,77.067,5017,6395,2.650,1.780,1.020,2,0,2.002,0,0,18,297,0,41,0
26-03 04:33:14,16.072,4.771,76.089,0.753,0,5351112,151928,172508,2319644,329629.556,12712639.109,16.072,679.029,1.004,63.282,4125,3408,2.650,1.780,1.020,0,0,38.170,0,0,18,296,0,42,0
26-03 04:33:15,2.242,1.246,95.165,0,0,5347732,155296,172508,2319656,5261.466,1614.313,0,9123.861,0,59.789,1580,2349,2.440,1.750,1.020,1,0,0.996,0,0,18,296,0,42,0
26-03 04:33:16,5.264,1.504,92.238,0.501,0,5342296,160600,172508,2319788,4334532.290,29357.894,0,397.026,0,30.078,2918,2791,2.440,1.750,1.020,3,0,0,0,0,18,301,0,42,0
26-03 04:33:17,25.384,4.977,66.945,0.249,0,5319300,167468,172520,2335872,12383266.578,174095.394,47.782,792.392,2.986,70.678,16075,13131,2.440,1.750,1.020,2,0,1.991,0,0,18,300,0,43,0
26-03 04:33:18,9.283,21.074,66.986,0,0,5257268,229344,172520,2336028,4244.949,812.863,96.339,2793.839,6.021,198.700,6023,5003,2.440,1.750,1.020,2,0,397.400,0,0,18,300,0,43,0
26-03 04:33:19,21.906,7.219,69.701,0.249,0,5321772,164860,172520,2336032,4592.283,430.153,0,446.085,0,28.876,2937,2500,2.440,1.750,1.020,2,0,69.701,0,0,18,302,0,43,0
26-03 04:33:20,14.525,12.521,70.870,0,0,5320640,165968,172520,2336056,3814.449,192.325,0,1678.838,0,17.029,3932,3007,2.400,1.760,1.020,4,0,156.264,0,0,18,302,0,43,0
26-03 04:33:21,10.006,19.511,68.038,0.500,0,5316112,170452,172520,2336100,4916.761,1134.637,4.002,18150.194,1.001,131.074,5647,4720,2.400,1.760,1.020,3,0,285.160,0,0,18,302,0,41,0
26-03 04:33:22,6.726,14.946,76.723,0,0,5304444,182080,172520,2336140,4891.324,1506.556,11.957,155.438,0.996,11.957,4364,3595,2.400,1.760,1.020,1,0,227.179,0,0,18,302,0,41,0
26-03 04:33:23,7.267,3.759,87.950,0,0,5312528,173992,172520,2336144,4616.502,1569.571,0,6350.447,0,807.838,2051,2089,2.400,1.760,1.020,2,0,10.023,0,0,18,302,0,41,0
26-03 04:33:24,20.306,3.259,75.457,0.251,0,5348948,137564,172520,2336152,6784.621,3907.725,0,236.650,0,30.083,2316,2205,2.400,1.760,1.020,3,0,0,0,0,18,303,0,41,0
26-03 04:33:25,18.283,7.263,73.381,0,0,5262080,224344,172520,2336240,11884.232,8129.524,64.115,72.129,4.007,6.011,3713,3178,2.290,1.750,1.020,1,0,108.193,0,0,18,306,0,41,0
26-03 04:33:26,11.990,16.986,69.194,0.250,0,5241024,245128,172524,2336500,4528.333,1510.777,11.990,471.618,2.998,12.989,5167,4168,2.290,1.750,1.020,1,0,173.859,0,0,18,306,0,41,0
26-03 04:33:27,12.757,15.759,69.040,0.250,0,5234156,251752,172524,2336744,5420.116,1690.972,32.018,328.189,2.001,32.018,5658,4885,2.290,1.750,1.020,1,0,214.123,0,0,18,310,0,41,0
26-03 04:33:28,19.185,9.219,71.258,0,0,5285992,199884,172524,2336776,3866.873,1076.346,3.986,191.350,0.997,12.956,3590,2997,2.290,1.750,1.020,3,0,107.635,0,0,18,310,0,41,0
26-03 04:33:29,24.262,3.502,70.786,0.250,0,5353936,131928,172532,2336780,4640.374,1458.746,104.053,260.133,1.001,22.011,2508,2321,2.290,1.750,1.020,2,0,1.001,0,0,18,310,0,40,0
26-03 04:33:30,24.499,4.000,69.747,0.750,0,5301340,216036,172532,2306212,4439.825,1619.936,283.989,615.976,11.000,64.997,3197,3375,2.190,1.730,1.020,2,0,10.000,0,0,18,310,0,40,0
26-03 04:33:31,24.715,3.495,71.399,0,0,5304892,212316,172532,2306380,4893.094,1617.717,23.966,2073.074,3.994,120.829,2526,2446,2.190,1.730,1.020,3,0,0,0,0,18,310,0,40,0
26-03 04:33:32,18.260,3.502,76.791,0.250,0,5339412,177796,172532,2306380,12502.688,9211.928,0,224.120,0,13.007,2601,2428,2.190,1.730,1.020,1,0,3.002,0,0,18,313,0,41,0
26-03 04:33:33,16.783,2.254,78.906,0,0,5294040,223156,172532,2306392,16287.146,12530.732,0,1038.049,0,44.087,2646,2634,2.190,1.730,1.020,2,0,14.028,0,0,18,310,0,42,0
26-03 04:33:34,24.449,4.491,70.852,0,0,5303340,213844,172532,2306404,5490.554,1077.753,0,171.642,0,12.973,2363,1976,2.190,1.730,1.020,2,0,2.994,0,0,18,310,0,42,0
26-03 04:33:35,19.342,9.043,71.338,0,0,5237864,279176,172540,2306540,5799.502,976.631,397.887,217.029,6.029,11.052,3544,2957,2.250,1.750,1.030,1,0,137.653,0,0,18,310,0,42,0
26-03 04:33:36,10.997,18.745,68.733,0,0,5242424,274440,172540,2306716,6088.481,809.798,35.991,371.907,3.999,21.995,6311,5486,2.250,1.750,1.030,3,0,430.892,0,0,18,312,0,42,0
26-03 04:33:37,22.178,4.735,72.015,0,0,5299876,216944,172540,2306760,6902.442,1500.097,31.896,247.192,0.997,19.935,2935,2694,2.250,1.750,1.030,2,0,47.844,0,0,18,313,0,42,0
26-03 04:33:38,21.069,3.261,73.991,0.502,0.502,5288096,222940,172540,2312448,10357.767,3422.157,96.314,959.127,6.020,21.069,2478,2363,2.250,1.750,1.030,2,0,4.013,0,0,18,312,0,42,0
26-03 04:33:39,19.423,3.237,76.445,0.249,0,5314176,195648,172540,2313628,11047.925,4369.568,0,1011.963,0,21.913,2387,2206,2.250,1.750,1.030,3,0,16.932,0,0,18,313,0,42,0
26-03 04:33:40,22.466,5.492,69.146,0.250,0,5309132,196236,172544,2317968,4137.754,1413.866,3.994,1154.258,0.998,32.950,10219,18896,2.150,1.740,1.030,4,0,13.979,0,0,18,312,0,42,0
26-03 04:33:41,19.614,4.275,75.440,0,0,5306308,198700,172544,2318328,10395.617,4382.555,16.094,366.135,3.018,7.041,9959,18716,2.150,1.740,1.030,1,0,9.053,0,0,18,313,0,42,0
26-03 04:33:42,20.934,5.732,72.272,0.249,0,5283624,229684,172692,2309864,4576.561,1680.698,3.987,964.956,0.997,27.912,2500,2107,2.150,1.740,1.030,4,0,11.962,0,0,18,312,0,42,0
26-03 04:33:43,14.753,13.253,70.014,0.250,0,5288656,226148,172692,2308520,4200.843,1662.334,0,524.105,0,12.002,4705,4105,2.150,1.740,1.030,1,0,269.054,0,0,18,312,0,42,0
26-03 04:33:44,22.202,2.245,75.088,0,0,5327056,187564,172692,2308704,6109.837,3930.532,0,18783.534,0,446.039,2811,2201,2.150,1.740,1.030,1,0,0.998,0,0,18,313,0,42,0
26-03 04:33:45,18.251,8.000,72.502,0.250,0,5258712,255844,172692,2308768,12895.378,9580.281,32.001,332.010,3.000,24.001,3833,3601,2.140,1.750,1.040,2,0,117.003,0,0,18,312,0,45,0
26-03 04:33:46,23.750,4.000,70.751,0,0,5332920,181632,172692,2308772,5589.084,2992.045,0,312.005,0,33.000,2695,2434,2.140,1.750,1.040,3,0,1.000,0,0,18,317,0,45,0
26-03 04:33:47,21.025,7.259,70.583,0,0,5258036,256400,172692,2308888,11867.024,8299.809,0,204.241,0,17.020,4658,6165,2.140,1.750,1.040,2,0,71.084,0,0,18,316,0,46,0
26-03 04:33:48,25.711,4.244,68.897,0,0,5317856,196556,172692,2308912,4879.691,2121.822,0,207.689,0,14.978,2772,2232,2.140,1.750,1.040,1,0,0,0,0,18,317,0,46,0
26-03 04:33:49,21.028,2.503,75.601,0.501,0,5311556,202836,172692,2308932,17767.762,13877.559,0,1241.661,0,117.157,2957,2732,2.140,1.750,1.040,2,0,1.001,0,0,18,316,0,47,0
26-03 04:33:50,20.282,7.011,71.363,0,0,5374816,139560,172692,2308948,3966.294,1189.888,0,1574.499,0,276.439,2897,2344,2.130,1.750,1.040,2,0,57.091,0,0,18,316,0,46,0
26-03 04:33:51,17.765,4.254,77.315,0,0,5350936,163300,172692,2309088,15062.697,11742.899,0,232.196,0,12.010,2818,2616,2.130,1.750,1.040,2,0,27.023,0,0,18,316,0,49,0
26-03 04:33:52,22.918,4.733,71.245,0,0,5365952,148276,172692,2309096,4801.783,1614.212,0,147.471,0,12.954,2433,2071,2.130,1.750,1.040,3,0,4.982,0,0,18,316,0,49,0
26-03 04:33:53,14.267,2.002,82.098,0,0,5362332,151892,172692,2309100,13859.494,11575.776,0,104.124,0,12.014,2420,2565,2.130,1.750,1.040,1,0,1.001,0,0,18,317,0,49,0
26-03 04:33:54,19.743,7.247,70.725,0.250,0,5364520,149688,172696,2309112,4895.242,1896.319,0,519.813,0,40.985,3069,2852,2.130,1.750,1.040,2,0,46.983,0,0,18,316,0,44,0
26-03 04:33:55,24.492,5.748,69.228,0,0,5375104,170876,172696,2278396,9838.844,7178.697,0,51.983,0,5.998,3195,9176,2.040,1.740,1.040,1,0,35.988,0,0,18,317,0,45,0
26-03 04:33:56,21.001,5.750,71.753,0.500,0,5331268,214736,172696,2278412,9072.423,5752.268,0,104.005,0,13.001,3046,2676,2.040,1.740,1.040,5,0,33.002,0,0,18,318,0,48,0
26-03 04:33:57,19.506,3.251,75.522,0,0,5353668,192308,172696,2278440,10586.128,7644.258,16.005,248.073,1.000,23.007,2563,2736,2.040,1.740,1.040,2,0,0,0,0,18,319,0,48,0
26-03 04:33:58,13.561,8.036,77.351,0,0,5334700,211196,172696,2278520,10387.068,6526.575,48.218,425.930,2.009,44.200,3979,4027,2.040,1.740,1.040,1,0,124.564,0,0,18,318,0,43,0
26-03 04:33:59,4.724,3.729,88.260,1.740,0,5330280,214356,173288,2279188,11590.660,5023.117,1117.795,401.770,249.614,32.818,2681,3289,2.040,1.740,1.040,1,0,56.685,0,0,18,320,0,43,0
26-03 04:34:00,7.246,9.495,81.208,0.250,0,5297292,247260,173320,2279240,18184.619,4457.700,0,495.744,0,38.980,3625,3494,1.870,1.710,1.040,1,0,125.935,0,0,18,320,0,44,0
26-03 04:34:01,6.537,10.810,80.701,0,0,5284516,259976,173320,2279300,6774.882,2633.727,0,136.765,0,9.051,3735,3181,1.870,1.710,1.040,1,0,162.911,0,0,18,318,0,45,0
26-03 04:34:02,17.875,7.448,70.258,2.731,0,5298124,233052,173856,2291984,4576.941,1501.483,5839.100,385.301,435.946,14.896,3422,3372,1.870,1.710,1.040,4,0,51.638,0,0,18,318,0,37,0
26-03 04:34:03,24.081,3.763,71.241,0.251,0,5310392,216432,174096,2296000,5480.524,2065.983,0,1757.942,0,38.129,2664,2377,1.870,1.710,1.040,2,0,17.058,0,0,18,319,0,37,0
26-03 04:34:04,17.020,2.503,79.844,0.250,0.250,5331060,192496,174132,2299200,15669.467,5522.508,0,664.783,0,20.024,2041,1926,1.870,1.710,1.040,2,0,2.002,0,0,18,318,0,37,0
26-03 04:34:05,12.786,15.042,69.444,0.752,0,5263168,257092,174276,2302304,4438.390,1612.502,1423.975,4769.314,24.067,394.100,5868,5542,1.800,1.700,1.040,1,0,302.845,0,0,18,318,0,37,0
26-03 04:34:06,21.394,4.478,72.390,0.249,0,5325860,194384,174276,2302320,6192.228,3568.267,0,206.971,0,26.866,2598,2396,1.800,1.700,1.040,1,0,5.970,0,0,18,319,0,34,0
26-03 04:34:07,18.558,6.019,73.980,0.251,0,5309024,211192,174276,2302348,25726.133,22164.038,0,200.625,0,14.044,3201,2839,1.800,1.700,1.040,2,0,47.147,0,0,18,318,0,36,0
26-03 04:34:08,21.732,4.496,72.689,0,0,5363096,157088,174276,2302380,6483.522,3582.973,31.973,259.781,0.999,31.973,2623,2633,1.800,1.700,1.040,2,0,0,0,0,18,319,0,36,0
26-03 04:34:09,19.023,3.755,75.591,0,0,5349772,169900,174276,2302892,10028.054,7382.874,496.597,356.428,29.035,12.014,2743,2625,1.800,1.700,1.040,2,0,14.017,0,0,18,318,0,38,0
26-03 04:34:10,19.945,3.241,76.039,0.499,0,5380776,138768,174276,2303020,6130.016,3746.619,0,203.436,0,13.961,2027,1797,1.660,1.670,1.030,1,0,0,0,0,18,319,0,32,0
26-03 04:34:11,22.754,4.251,70.764,1.000,0,5372176,145156,174280,2305228,10155.942,6626.267,2076.397,1124.215,84.016,151.029,5706,8516,1.660,1.670,1.030,2,0,2.000,0,0,18,320,0,33,0
26-03 04:34:12,23.439,4.738,71.066,0.249,0,5359884,157444,174280,2305232,4736.764,1627.795,0,498.712,0,33.912,2551,2285,1.660,1.670,1.030,2,0,4.987,0,0,18,320,0,33,0
26-03 04:34:13,15.508,2.001,80.794,0,0,5358816,158500,174280,2305244,13855.524,11117.037,0,512.278,0,41.022,2657,2925,1.660,1.670,1.030,3,0,1.001,0,0,18,321,0,33,0
26-03 04:34:14,19.624,11.573,66.923,1.510,0,5325912,191232,174280,2305416,5913.360,2864.095,128.814,5571.198,6.038,287.818,6907,9031,1.660,1.670,1.030,1,0,259.640,0,0,18,320,0,28,0
26-03 04:34:15,8.250,22.751,66.003,0.250,0,5323976,193132,174280,2305452,5100.263,1620.084,0,3004.155,0,175.009,7187,6962,1.610,1.660,1.030,1,0,560.029,0,0,18,320,0,28,0
26-03 04:34:16,9.497,22.993,66.479,0,0,5308440,208632,174280,2305488,4816.487,1457.542,0,471.852,0,41.987,7327,6789,1.610,1.660,1.030,1,0,656.794,0,0,18,320,0,28,0
26-03 04:34:17,9.499,22.247,66.991,0,0,5298104,218932,174280,2305524,5416.312,1619.794,0,395.950,0,29.996,7580,7318,1.610,1.660,1.030,1,0,708.910,0,0,18,320,0,28,0
26-03 04:34:18,8.995,22.487,66.710,0.250,0,5293180,223816,174280,2305564,4875.078,1457.127,0,275.835,0,22.986,7456,6996,1.610,1.660,1.030,4,0,724.566,0,0,18,320,0,28,0
26-03 04:34:19,9.755,22.012,67.536,0.250,0,5294152,222808,174280,2305600,6243.372,1620.875,0,1088.588,0,65.035,7188,6751,1.610,1.660,1.030,2,0,628.339,0,0,18,320,0,25,0
26-03 04:34:20,10.454,19.414,67.701,0.249,0,5304384,212528,174280,2305660,6079.154,1642.745,15.930,1612.877,0.996,123.455,5610,4661,1.560,1.650,1.030,3,0,295.694,0,0,18,320,0,25,0
26-03 04:34:21,19.501,8.500,70.252,0.250,0,5303944,311468,174552,2217508,5852.177,1512.046,4.000,4368.132,1.000,318.010,3062,2783,1.560,1.650,1.030,1,0,43.001,0,0,18,320,0,25,0
26-03 04:34:22,21.767,2.502,75.308,0,0,5307480,304628,174556,2220800,9533.362,2894.235,8.006,12.009,2.002,2.002,2314,1985,1.560,1.650,1.030,1,0,16.012,0,0,18,321,0,25,0
26-03 04:34:23,12.523,1.753,84.657,0.501,0,5319464,291804,174556,2221636,17858.112,10506.481,709.315,1739.225,46.085,39.072,1979,2069,1.560,1.650,1.030,1,0,1.002,0,0,18,321,0,25,0
26-03 04:34:24,13.757,1.501,81.292,1.251,0,5309544,300824,174556,2222540,25623.122,13765.049,460.236,1752.898,47.024,63.032,2263,2520,1.560,1.650,1.030,1,0,0,0,0,18,321,0,25,0
26-03 04:34:25,16.243,1.749,79.967,0.750,0,5338016,270980,174556,2223904,20489.436,11407.232,1139.524,1711.285,54.977,72.969,2088,2116,1.510,1.630,1.030,2,0,0,0,0,18,321,0,25,0
26-03 04:34:26,28.520,5.754,64.295,1.001,0,5373780,234024,174556,2225092,21814.219,12461.694,1124.785,1593.111,45.031,65.045,3051,2653,1.510,1.630,1.030,4,0,6.004,0,0,18,321,0,25,0
26-03 04:34:27,33.877,7.971,55.548,1.245,0,5404116,171048,174648,2257636,11039.763,5495.969,12506.417,1817.376,133.513,76.720,3849,3071,1.510,1.630,1.030,2,0,6.975,0,0,18,321,0,24,0
26-03 04:34:28,24.394,2.738,71.438,0.249,0,5414728,139572,174688,2278008,4599.917,1654.775,0,1648.801,0,46.796,2493,2255,1.510,1.630,1.030,3,0,0,0,0,18,321,0,24,0
26-03 04:34:29,25.095,3.011,70.015,0.502,0,5403180,151336,174860,2278656,4354.507,1463.548,64.244,1630.180,1.004,66.251,2791,2758,1.510,1.630,1.030,3,0,1.004,0,0,18,321,0,24,0
26-03 04:34:30,23.000,3.750,71.000,1.000,0,5401472,135268,174860,2296188,4450.016,1620.006,0,3576.013,0,152.001,3078,3323,1.470,1.620,1.030,3,0,1.000,0,0,18,321,0,24,0
26-03 04:34:31,23.792,3.005,71.377,0.751,0,5401796,128472,175128,2302068,5209.260,1634.906,0,2656.723,0,96.171,2672,2568,1.470,1.620,1.030,3,0,0,0,0,18,320,0,24,0
26-03 04:34:32,24.771,3.753,70.561,0,0,5320056,210168,175128,2302028,5001.310,1621.397,0,628.542,0,14.012,2648,2143,1.470,1.620,1.030,2,0,19.016,0,0,18,320,0,24,0
26-03 04:34:33,20.242,3.249,74.969,0,0,5330552,194056,175128,2307624,10523.634,3740.448,3.998,919.618,1.000,8.996,2359,2101,1.470,1.620,1.030,2,0,18.992,0,0,18,320,0,24,0
26-03 04:34:34,19.292,3.257,75.413,0.501,0,5335336,183420,175128,2313332,12663.356,4570.874,16.035,1130.442,1.002,23.050,2506,2428,1.470,1.620,1.030,3,0,18.039,0,0,18,321,0,24,0
26-03 04:34:35,23.390,6.967,68.179,0,0,5342888,175840,175132,2313316,6628.795,1694.025,3.981,16402.784,0.995,101.522,10783,19530,1.430,1.610,1.030,5,0,13.934,0,0,18,320,0,22,0
26-03 04:34:36,23.554,6.766,66.653,0,0,5341904,176640,175132,2313492,7938.254,1623.734,0,1607.697,0,237.546,10947,19663,1.430,1.610,1.030,3,0,19.044,0,0,18,320,0,22,0
26-03 04:34:37,22.573,4.765,71.984,0.251,0,5297164,232852,175136,2302160,6708.820,1504.895,0,902.937,0,31.101,3255,3122,1.430,1.610,1.030,1,0,51.166,0,0,18,320,0,22,0
26-03 04:34:38,24.161,5.978,67.999,0,0,5320852,209136,175140,2302184,5410.027,1707.695,0,354.691,0,3.985,10030,18091,1.430,1.610,1.030,2,0,25.904,0,0,18,320,0,22,0
26-03 04:34:39,20.081,3.263,75.052,0,0,5322188,202376,175140,2307608,10668.969,3889.666,0,1088.383,0,17.069,2447,2051,1.430,1.610,1.030,4,0,17.069,0,0,18,320,0,22,0
26-03 04:34:40,18.612,3.722,75.690,0.248,0,5337716,186500,175140,2307924,11575.331,4461.977,0,540.003,0,18.860,2336,2017,1.560,1.640,1.040,4,0,17.868,0,0,18,321,0,22,0
26-03 04:34:41,23.920,6.043,68.234,0.252,0,5328420,190132,175140,2313456,4886.632,1806.805,0,878.224,0,13.093,10552,19093,1.560,1.640,1.040,2,0,14.100,0,0,18,320,0,22,0
26-03 04:34:42,22.416,7.721,68.743,0,0,5325224,193172,175140,2313612,4440.377,1613.958,0,577.837,0,5.978,10120,18391,1.560,1.640,1.040,2,0,19.925,0,0,18,320,0,22,0
26-03 04:34:43,22.433,4.237,71.538,0,0,5310504,219420,175160,2302192,4606.344,1615.211,0,235.302,0,10.967,2516,2105,1.560,1.640,1.040,2,0,22.932,0,0,18,320,0,22,0
26-03 04:34:44,23.815,6.267,68.688,0.251,0,5308952,220932,175176,2302216,4736.955,1461.999,16.044,950.600,1.003,35.096,3981,4089,1.560,1.640,1.040,2,0,96.263,0,0,18,320,0,22,0
26-03 04:34:45,25.791,4.006,68.861,0.250,0,5320052,198796,175824,2312600,4593.372,1622.604,0,1742.797,0,50.080,2883,2705,1.590,1.640,1.050,4,0,5.008,0,0,18,322,0,22,0
26-03 04:34:46,18.755,2.501,76.771,0.500,0,5334540,183676,175852,2313108,15824.281,7302.976,4.001,1304.353,1.000,58.016,2425,2347,1.590,1.640,1.050,2,1,16.004,0,0,18,323,0,22,0
26-03 04:34:47,14.945,1.744,82.195,0.498,0,5336056,181660,175852,2313608,24808.875,14959.450,95.645,1809.281,11.956,61.771,2216,2412,1.590,1.640,1.050,1,0,0,0,0,18,323,0,18,0
26-03 04:34:48,8.257,1.501,87.828,0.751,0,5337976,179392,175952,2313832,157870.411,12622.226,4.004,1381.228,1.001,56.050,1985,2198,1.590,1.640,1.050,2,0,0,0,0,18,324,0,18,0
26-03 04:34:49,20.045,1.754,77.173,0.501,0,5366860,149576,175952,2314764,16682.428,8747.626,737.655,1210.716,30.067,44.099,2231,2131,1.590,1.640,1.050,3,0,0,0,0,18,324,0,18,0
26-03 04:34:50,19.449,5.984,72.561,0.499,0,5377640,151216,175952,2303028,21666.541,12866.473,0,8765.160,0,301.215,3867,5014,1.550,1.630,1.040,1,0,0.997,0,0,18,324,0,18,0
26-03 04:34:51,11.315,3.017,84.234,0.503,0,5354164,174368,176072,2303388,318014.191,17148.475,0,1536.825,0,55.318,2864,2730,1.550,1.630,1.040,1,0,0,0,0,18,324,0,16,0
26-03 04:34:52,10.461,1.993,84.439,1.494,0,5352108,175912,176276,2303680,101343.615,17904.035,27.897,3642.579,3.985,306.869,2801,3112,1.550,1.630,1.040,2,0,0,0,0,18,324,0,16,0
26-03 04:34:53,15.233,1.998,80.909,0.250,0,5361716,157340,176276,2312592,94023.457,11649.923,103.883,990.888,5.993,33.962,2063,2026,1.550,1.630,1.040,1,0,1.998,0,0,18,324,0,16,0
26-03 04:34:54,6.009,3.005,88.136,0.501,0,5353428,156500,176300,2321680,4891505.611,69010.173,0,2155.316,0,47.072,4238,4143,1.550,1.630,1.040,1,0,1.002,0,0,18,324,0,16,0
26-03 04:34:55,8.259,4.755,82.594,0.501,0,5385088,128864,176352,2319832,7195672.840,78693.117,0,15942.054,0,147.167,5658,4912,1.500,1.620,1.040,2,0,37.042,0,0,18,326,0,15,0
26-03 04:34:56,12.720,4.739,79.315,0.748,0,5370032,124564,176492,2336960,5746554.230,60307.491,163.619,13404.769,3.991,83.805,5240,11715,1.500,1.620,1.040,2,0,2.993,0,0,18,326,0,16,0
26-03 04:34:57,23.199,3.492,70.595,1.497,0,5356124,140408,179736,2331516,4920.197,1454.806,0,7024.577,0,216.525,3112,3344,1.500,1.620,1.040,2,0,0.998,0,0,18,326,0,16,0
26-03 04:34:58,23.329,4.014,71.241,0,0,5365220,136012,180232,2326224,5143.423,1625.506,0,1541.221,0,39.133,2520,2261,1.500,1.620,1.040,2,0,0,0,0,18,326,0,16,0
26-03 04:34:59,24.439,3.741,70.074,0.748,0,5375872,124936,180712,2326084,4772.017,1538.138,0,1751.601,0,75.810,2848,2790,1.500,1.620,1.040,2,0,0.997,0,0,18,326,0,11,0
26-03 04:35:00,22.457,5.739,70.116,0.998,0,5368924,133496,181584,2324116,4850.700,1616.900,0,2459.285,0,85.835,2896,2948,1.460,1.610,1.040,3,0,0.998,0,0,18,326,0,11,0
26-03 04:35:01,23.618,4.523,69.850,0.754,0,5369224,117972,182312,2338456,4522.648,1628.153,0,76354.367,0,390.958,3258,3146,1.460,1.610,1.040,2,0,0,0,0,18,326,0,11,0
26-03 04:35:02,23.931,4.487,70.547,0,0,5372528,147680,183596,2304296,4641.676,1453.827,3.989,2313.359,0.997,170.511,2633,2210,1.460,1.610,1.040,2,0,2.991,0,0,18,326,0,11,0
26-03 04:35:03,22.516,4.003,71.050,1.251,0,5373292,142540,184796,2307108,3086.167,324.228,0,2982.094,0,112.079,2702,2706,1.460,1.610,1.040,2,0,1.001,0,0,18,326,0,11,0
26-03 04:35:04,19.575,2.761,76.043,0.251,0,5265496,282100,184996,2274912,10730.371,3906.060,32.124,867.344,1.004,39.151,2396,2342,1.460,1.610,1.040,1,0,2.008,0,0,18,324,0,9,0
26-03 04:35:05,18.228,3.746,75.909,0.250,0,5322644,224932,184996,2274932,10299.656,3563.729,0,938.875,0,31.962,2394,2166,1.340,1.580,1.040,4,0,32.960,0,0,18,325,0,9,0
26-03 04:35:06,25.014,5.753,68.288,0,0,5341260,200296,185000,2280672,4788.653,1714.950,4.002,13171.298,1.001,132.073,3008,2680,1.340,1.580,1.040,2,0,9.005,0,0,18,324,0,9,0
26-03 04:35:07,18.934,2.990,76.983,0.498,0.249,5347572,188104,185000,2285716,11396.536,4288.151,0,1219.776,0,35.876,2419,2271,1.340,1.580,1.040,2,0,17.938,0,0,18,324,0,9,0
26-03 04:35:08,23.051,7.266,68.150,0,0,5341900,193172,185000,2286220,5133.289,1569.451,0,2148.725,0,7.015,9733,17574,1.340,1.580,1.040,3,0,12.026,0,0,18,324,0,7,0
26-03 04:35:09,22.770,7.256,68.059,0,0,5346584,188396,185000,2286312,4589.980,1621.406,0,340.295,0,7.006,9825,18110,1.340,1.580,1.040,1,0,17.015,0,0,18,324,0,7,0
26-03 04:35:10,23.189,5.236,71.064,0,0,5342060,204964,185012,2275120,4394.481,1615.765,0,1037.281,0,30.919,2646,2416,1.320,1.570,1.040,2,0,6.982,0,0,18,324,0,7,0
26-03 04:35:11,23.785,4.757,69.854,0.501,0,5357952,185680,185436,2278172,4658.940,1514.256,636.949,925.379,13.019,15.022,2686,2450,1.320,1.570,1.040,2,0,2.003,0,0,18,325,0,7,0
26-03 04:35:12,25.294,4.508,66.867,1.002,0,5355100,187872,185436,2278832,4330.600,1568.753,480.844,2556.486,30.053,192.338,6758,9750,1.320,1.570,1.040,2,1,0,0,0,18,327,0,8,0
26-03 04:35:13,19.755,12.503,65.516,0.750,0,5296572,245720,185440,2279508,4497.122,1566.391,432.108,2972.741,20.005,441.110,6893,8024,1.320,1.570,1.040,2,0,208.052,0,0,18,326,0,8,0
26-03 04:35:14,11.978,17.967,67.876,0.499,0,5275536,265876,185440,2280388,3928.837,1293.642,866.420,1692.914,10.980,103.811,5407,4670,1.320,1.570,1.040,2,0,233.574,0,0,18,326,0,10,0
26-03 04:35:15,10.020,5.010,69.887,13.025,0,5244960,260676,185440,2316164,4544.881,1298.537,35817.992,1066.083,2114.131,40.078,4885,7177,1.370,1.580,1.040,1,0,11.022,0,0,18,326,0,10,0
26-03 04:35:16,7.975,3.489,82.240,5.233,0,5245656,253380,185440,2322752,5532.502,2465.203,6571.217,12436.665,1364.684,85.729,3326,4848,1.370,1.580,1.040,2,0,5.981,0,0,18,327,0,9,0
26-03 04:35:17,2.242,0.997,94.922,0,0,5245660,253380,185440,2322748,25144.174,3451.083,0,267.078,0,14.948,1516,2036,1.370,1.580,1.040,2,0,0,0,0,18,327,0,9,0
26-03 04:35:18,4.762,2.256,91.731,0,0,5239008,259812,185596,2322808,74534.493,128541.349,128.323,725.826,5.013,17.043,1823,1961,1.370,1.580,1.040,1,0,12.030,0,0,18,326,0,9,0
26-03 04:35:19,3.001,0.750,94.540,0.500,0,5236536,262320,185596,2322764,5762.438,1620.686,0,3017.277,0,171.072,1624,2480,1.370,1.580,1.040,2,0,0,0,0,18,326,0,9,0
26-03 04:35:20,2.496,0.999,95.359,0,0,5236552,262304,185596,2322764,6382.589,1509.774,0,135.800,0,15.976,1279,1809,1.260,1.560,1.040,2,0,0,0,0,18,326,0,9,0
26-03 04:35:21,2.750,1.000,94.758,0,0,5235280,263572,185596,2322768,5250.428,894.073,0,14205.158,0,321.026,1372,1746,1.260,1.560,1.040,2,0,0,0,0,18,328,0,9,0
26-03 04:35:22,2.503,1.001,95.853,0,0,5233684,265520,185596,2322772,3700.983,540.582,0,92.099,0,11.012,1226,1683,1.260,1.560,1.040,5,0,0,0,0,18,328,0,9,0
26-03 04:35:23,2.505,1.002,95.185,0.250,0,5233016,266176,185596,2322784,3506.806,541.050,0,196.381,0,27.053,1528,2270,1.260,1.560,1.040,2,0,1.002,0,0,18,328,0,9,0
26-03 04:35:24,1.998,0.749,95.908,0,0,5232468,266724,185596,2322784,4637.558,1240.812,0,315.698,0,22.978,1169,1667,1.260,1.560,1.040,1,0,0,0,0,18,328,0,9,0
26-03 04:35:25,2.749,0.500,95.725,0.250,0,5232468,266724,185596,2322784,5098.647,1619.570,0,123.967,0,17.995,1280,1781,1.160,1.530,1.030,2,0,0,0,0,18,328,0,9,0
26-03 04:35:26,14.793,5.015,79.731,0.251,0,5252840,246344,185596,2322792,4916.269,1516.401,256.745,136.396,2.006,18.052,2231,2224,1.160,1.530,1.030,3,0,5.015,0,0,18,328,0,9,0
26-03 04:35:27,16.919,5.971,75.887,0,0,5241128,258052,185596,2322796,5148.399,1558.553,764.348,0,5.971,0,2587,2244,1.160,1.530,1.030,1,0,6.967,0,0,18,328,0,9,0
26-03 04:35:28,1.755,0.752,96.529,0,0,5241128,258052,185596,2322796,4835.958,1245.595,0,4.012,0,1.003,1172,1607,1.160,1.530,1.030,1,0,0,0,0,18,328,0,9,0
26-03 04:35:29,2.752,2.752,93.056,0.250,0,5233308,265868,185596,2322800,5333.207,1350.812,0,264.159,0,24.014,1551,2029,1.160,1.530,1.030,1,0,1.001,0,0,18,328,0,9,0
26-03 04:35:30,2.497,0.999,94.386,0.250,0,5233308,265868,185596,2322800,5019.925,1564.107,0,275.666,0,26.967,1583,2350,1.070,1.500,1.030,2,0,0.999,0,0,18,328,0,9,0
26-03 04:35:31,1.996,3.993,92.586,0,0,5228472,270620,185620,2322856,4813.466,1509.324,23.958,101831.458,5.989,769.635,2670,3136,1.070,1.500,1.030,1,0,0,0,0,18,328,0,9,0
26-03 04:35:32,2.255,0.752,95.459,0,0,5227404,271688,185620,2322856,5064.099,1569.440,0,0,0,0,1245,1698,1.070,1.500,1.030,1,0,0,0,0,18,328,0,9,0
26-03 04:35:33,2.248,0.749,94.924,0,0,5225208,273876,185620,2322864,4838.110,1510.785,0,3125.487,0,247.801,1571,2273,1.070,1.500,1.030,1,0,0.999,0,0,18,328,0,9,0
26-03 04:35:34,1.998,1.749,95.171,0.500,0,5223676,275408,185620,2322864,5789.195,1510.746,0,3776.865,0,183.847,1600,2356,1.070,1.500,1.030,1,0,0,0,0,18,328,0,9,0
26-03 04:35:35,2.501,0.500,96.031,0,0,5222336,276748,185620,2322864,6334.023,1512.483,0,180.058,0,5.002,1219,1679,0.980,1.480,1.020,1,0,0,0,0,18,328,0,9,0
26-03 04:35:36,3.250,0.750,94.991,0,0.250,5220908,278172,185620,2322868,6511.361,1511.852,0,79.992,0,8.999,1398,1887,0.980,1.480,1.020,1,0,0,0,0,18,328,0,9,0
26-03 04:35:37,1.750,2.500,94.736,0,0,5221712,277304,185632,2322908,6242.106,1565.776,11.998,55188.096,3.000,413.941,2158,2798,0.980,1.480,1.020,1,0,0,0,0,18,328,0,9,0
26-03 04:35:38,2.005,1.002,96.224,0,0,5214120,284896,185632,2322908,5111.886,1623.776,0,890.070,0,4.009,1290,1725,0.980,1.480,1.020,1,0,2.005,0,0,18,328,0,9,0
26-03 04:35:39,2.000,0.750,96.510,0.250,0,5214124,284896,185632,2322908,5460.545,1662.166,0,48.005,0,6.001,1257,1763,0.980,1.480,1.020,2,0,0,0,0,18,328,0,9,0
26-03 04:35:40,2.248,0.500,96.182,0,0,5214120,284896,185632,2322912,5008.452,1510.930,0,51.963,0,6.995,1210,1672,0.900,1.450,1.010,1,0,0,0,0,18,328,0,9,0
26-03 04:35:41,1.498,0.499,96.613,0,0,5214120,284896,185632,2322912,4958.950,1605.717,0,0,0,0,1148,1626,0.900,1.450,1.010,1,0,0,0,0,18,328,0,9,0
26-03 04:35:42,1.500,1.000,96.264,0,0,5214344,284672,185632,2322912,5183.755,1566.228,0,2644.385,0,17.002,1184,1680,0.900,1.450,1.010,1,0,0,0,0,18,328,0,9,0
26-03 04:35:43,1.999,0.750,95.964,0,0,5214300,284672,185632,2322952,3818.560,1079.593,31.988,279.894,1.000,11.995,1503,2189,0.900,1.450,1.010,1,0,1.000,0,0,18,328,0,9,0
26-03 04:35:44,3.009,1.254,95.270,0.251,0,5214300,284672,185632,2322952,3876.999,1028.919,0,401.138,0,32.091,1464,2008,0.900,1.450,1.010,1,0,1.003,0,0,18,328,0,9,0
26-03 04:35:45,2.493,0.748,95.478,0.249,0,5214296,284672,185632,2322956,3795.170,1023.081,0,107.693,0,14.957,1599,2303,0.830,1.430,1.010,1,0,0.997,0,0,18,328,0,9,0
26-03 04:35:46,3.248,0.999,94.681,0,0,5214292,284672,185632,2322960,4694.559,1456.932,0,183.865,0,20.985,1468,2030,0.830,1.430,1.010,1,0,0,0,0,18,328,0,9,0
26-03 04:35:47,2.502,1.001,95.587,0.250,0.250,5214288,284672,185632,2322964,4372.981,1513.378,0,144.131,0,15.014,1526,2104,0.830,1.430,1.010,1,0,0,0,0,18,328,0,9,0
26-03 04:35:48,2.006,1.003,96.558,0.251,0,5214288,284672,185632,2322964,4508.371,1137.626,0,128.409,0,8.026,1283,1764,0.830,1.430,1.010,1,0,0,0,0,18,328,0,9,0
26-03 04:35:49,5.756,2.002,90.837,0.250,0,5216456,282504,185632,2322964,273295.196,3173.056,0,280.270,0,17.016,1701,1948,0.830,1.430,1.010,1,0,7.007,0,0,18,328,0,9,0
26-03 04:35:50,10.707,4.233,83.166,0,0,5231904,267044,185636,2322972,280918.972,9499.887,111.552,0,4.980,0,2642,2323,0.760,1.410,1,2,0,31.872,0,0,18,328,0,9,0
26-03 04:35:51,15.532,6.764,76.656,0,0,5235932,259776,185636,2326212,145305.276,3617.351,80.163,4.008,2.004,1.002,2733,2287,0.760,1.410,1,2,0,28.057,0,0,18,328,0,9,0
